{"target": 0.8689396451360031, "params": {"eta": 0.4661150283654948, "max_depth": 5.575319130142466, "n_estimators": 11.75048923334403}, "datetime": {"datetime": "2021-09-17 17:56:56", "elapsed": 1064.995317, "delta": 6.761916}}
{"target": 0.8526345731594134, "params": {"eta": 0.46014422547324374, "max_depth": 10.175059766871652, "n_estimators": 10.398362284850869}, "datetime": {"datetime": "2021-09-17 17:57:02", "elapsed": 1070.850182, "delta": 5.854865}}
{"target": 0.8457472820499977, "params": {"eta": 0.4279754018311105, "max_depth": 11.099572932030286, "n_estimators": 8.788869928560308}, "datetime": {"datetime": "2021-09-17 17:57:08", "elapsed": 1077.383295, "delta": 6.533113}}
{"target": 0.8204468383782024, "params": {"eta": 0.48487493320280906, "max_depth": 5.594920451741731, "n_estimators": 11.738592939806345}, "datetime": {"datetime": "2021-09-17 17:57:15", "elapsed": 1083.665122, "delta": 6.281827}}
{"target": 0.8044361648177468, "params": {"eta": 0.48372113564255576, "max_depth": 5.030943609227865, "n_estimators": 7.699483688333841}, "datetime": {"datetime": "2021-09-17 17:57:17", "elapsed": 1086.220038, "delta": 2.554916}}
{"target": 0.8174388719155523, "params": {"eta": 0.3436779562888199, "max_depth": 5.9629023504745495, "n_estimators": 9.981804005566158}, "datetime": {"datetime": "2021-09-17 17:57:20", "elapsed": 1088.885381, "delta": 2.665343}}
{"target": 0.8507601678236232, "params": {"eta": 0.4599701278519976, "max_depth": 10.233226128706322, "n_estimators": 10.805070643776682}, "datetime": {"datetime": "2021-09-17 17:57:27", "elapsed": 1095.950546, "delta": 7.065165}}
{"target": 0.8644310052222889, "params": {"eta": 0.4380425774885968, "max_depth": 7.798896989669291, "n_estimators": 10.484874570518734}, "datetime": {"datetime": "2021-09-17 17:57:35", "elapsed": 1104.539419, "delta": 8.588873}}
{"target": 0.8616232827612027, "params": {"eta": 0.4395346476732197, "max_depth": 10.1970042529498, "n_estimators": 10.376563556533146}, "datetime": {"datetime": "2021-09-17 17:57:44", "elapsed": 1113.505832, "delta": 8.966413}}
{"target": 0.8486273862400929, "params": {"eta": 0.4323643662762852, "max_depth": 7.2689245226482715, "n_estimators": 11.88720728666856}, "datetime": {"datetime": "2021-09-17 17:57:50", "elapsed": 1119.606712, "delta": 6.10088}}
{"target": 0.8068502742084438, "params": {"eta": 0.4839825799593688, "max_depth": 5.248918963852968, "n_estimators": 8.751634655842587}, "datetime": {"datetime": "2021-09-17 17:57:59", "elapsed": 1128.60822, "delta": 9.001508}}
{"target": 0.8451590389181478, "params": {"eta": 0.4278430519775248, "max_depth": 8.628981601945027, "n_estimators": 7.416507292896289}, "datetime": {"datetime": "2021-09-17 17:58:02", "elapsed": 1131.396428, "delta": 2.788208}}
{"target": 0.8454819895970651, "params": {"eta": 0.37927733611979475, "max_depth": 6.69890893681531, "n_estimators": 8.333419685114304}, "datetime": {"datetime": "2021-09-17 17:58:05", "elapsed": 1134.219468, "delta": 2.82304}}
{"target": 0.8493649547081836, "params": {"eta": 0.4524002127533174, "max_depth": 6.39268027174279, "n_estimators": 8.133416170474687}, "datetime": {"datetime": "2021-09-17 17:58:12", "elapsed": 1140.9467, "delta": 6.727232}}
{"target": 0.8435086887925977, "params": {"eta": 0.35195898673191534, "max_depth": 8.460816864757955, "n_estimators": 8.838700973609598}, "datetime": {"datetime": "2021-09-17 17:58:15", "elapsed": 1143.873598, "delta": 2.926898}}
{"target": 0.8333016220666694, "params": {"eta": 0.48159300295109464, "max_depth": 4.6877250680802245, "n_estimators": 7.813541290230384}, "datetime": {"datetime": "2021-09-17 17:58:17", "elapsed": 1146.610121, "delta": 2.736523}}
{"target": 0.8446428143498907, "params": {"eta": 0.3734150090516215, "max_depth": 11.055924787012026, "n_estimators": 9.30581835001268}, "datetime": {"datetime": "2021-09-17 17:58:24", "elapsed": 1153.177842, "delta": 6.567721}}
{"target": 0.8396030825832417, "params": {"eta": 0.3329067768159625, "max_depth": 4.759868824834306, "n_estimators": 9.213877010958646}, "datetime": {"datetime": "2021-09-17 17:58:27", "elapsed": 1156.038926, "delta": 2.861084}}
{"target": 0.7971705953760979, "params": {"eta": 0.4870141058627486, "max_depth": 10.450963516665272, "n_estimators": 8.854632788153637}, "datetime": {"datetime": "2021-09-17 17:58:30", "elapsed": 1158.777192, "delta": 2.738266}}
{"target": 0.8334206066890688, "params": {"eta": 0.4320102772520445, "max_depth": 4.8724291747270545, "n_estimators": 11.379499482226766}, "datetime": {"datetime": "2021-09-17 17:58:37", "elapsed": 1166.223917, "delta": 7.446725}}
{"target": 0.8315452677536523, "params": {"eta": 0.4073758222458715, "max_depth": 11.197028818849397, "n_estimators": 9.066678812509004}, "datetime": {"datetime": "2021-09-17 17:58:44", "elapsed": 1172.975738, "delta": 6.751821}}
{"target": 0.8691062262855532, "params": {"eta": 0.4408517096346546, "max_depth": 7.817979354402421, "n_estimators": 10.511133932317385}, "datetime": {"datetime": "2021-09-17 17:58:53", "elapsed": 1182.161822, "delta": 9.186084}}
{"target": 0.8680657672345328, "params": {"eta": 0.43161942218243365, "max_depth": 10.248841449768515, "n_estimators": 10.811870857112723}, "datetime": {"datetime": "2021-09-17 17:59:02", "elapsed": 1191.458063, "delta": 9.296241}}
{"target": 0.855671347292905, "params": {"eta": 0.4589440670636565, "max_depth": 11.047347299443125, "n_estimators": 11.908221697123206}, "datetime": {"datetime": "2021-09-17 17:59:10", "elapsed": 1198.758612, "delta": 7.300549}}
{"target": 0.7922959969597229, "params": {"eta": 0.32473068714917874, "max_depth": 6.926540810424561, "n_estimators": 7.743745498692384}, "datetime": {"datetime": "2021-09-17 17:59:13", "elapsed": 1201.813684, "delta": 3.055072}}
{"target": 0.8175978006332798, "params": {"eta": 0.3475601784463637, "max_depth": 6.433967600217916, "n_estimators": 7.108450909363041}, "datetime": {"datetime": "2021-09-17 17:59:16", "elapsed": 1204.630608, "delta": 2.816924}}
{"target": 0.8360041153793693, "params": {"eta": 0.4758023312115346, "max_depth": 6.690696133539774, "n_estimators": 7.309844251654568}, "datetime": {"datetime": "2021-09-17 17:59:19", "elapsed": 1207.678086, "delta": 3.047478}}
{"target": 0.8266296278888836, "params": {"eta": 0.30111567753346774, "max_depth": 11.952002675975304, "n_estimators": 11.480332771673567}, "datetime": {"datetime": "2021-09-17 17:59:22", "elapsed": 1210.822541, "delta": 3.144455}}
{"target": 0.8337464586641832, "params": {"eta": 0.4468760315291648, "max_depth": 6.420593081935371, "n_estimators": 11.463139127951388}, "datetime": {"datetime": "2021-09-17 17:59:29", "elapsed": 1217.712911, "delta": 6.89037}}
{"target": 0.836808727818892, "params": {"eta": 0.39413212842330514, "max_depth": 11.042485685309064, "n_estimators": 9.272701532304083}, "datetime": {"datetime": "2021-09-17 17:59:35", "elapsed": 1224.489205, "delta": 6.776294}}
{"target": 0.8604128421530812, "params": {"eta": 0.4332594506181241, "max_depth": 11.746472510207296, "n_estimators": 8.912235047835665}, "datetime": {"datetime": "2021-09-17 17:59:38", "elapsed": 1227.462462, "delta": 2.973257}}
{"target": 0.8268012347254072, "params": {"eta": 0.4131395421830113, "max_depth": 10.263468802147791, "n_estimators": 10.812880976206888}, "datetime": {"datetime": "2021-09-17 17:59:48", "elapsed": 1237.144978, "delta": 9.682516}}
{"target": 0.8465943230792349, "params": {"eta": 0.4512395666301487, "max_depth": 10.94667932429483, "n_estimators": 11.857997887374701}, "datetime": {"datetime": "2021-09-17 17:59:56", "elapsed": 1244.918635, "delta": 7.773657}}
{"target": 0.8380416730973712, "params": {"eta": 0.427441531519145, "max_depth": 5.211841800353735, "n_estimators": 8.013248677601206}, "datetime": {"datetime": "2021-09-17 17:59:59", "elapsed": 1247.796441, "delta": 2.877806}}
{"target": 0.8078353372917761, "params": {"eta": 0.3551368548209735, "max_depth": 11.483561126033996, "n_estimators": 7.7896830820363}, "datetime": {"datetime": "2021-09-17 18:00:02", "elapsed": 1250.744273, "delta": 2.947832}}
{"target": 0.8370631258416668, "params": {"eta": 0.3820782197329947, "max_depth": 10.962526724858916, "n_estimators": 7.722770022114733}, "datetime": {"datetime": "2021-09-17 18:00:05", "elapsed": 1253.757678, "delta": 3.013405}}
{"target": 0.8395716411739812, "params": {"eta": 0.3399922465727293, "max_depth": 7.726320905658909, "n_estimators": 11.152663308122289}, "datetime": {"datetime": "2021-09-17 18:00:13", "elapsed": 1261.891498, "delta": 8.13382}}
{"target": 0.8388104348997553, "params": {"eta": 0.4080553870614311, "max_depth": 7.043771262907325, "n_estimators": 8.615153052042041}, "datetime": {"datetime": "2021-09-17 18:00:16", "elapsed": 1265.005655, "delta": 3.114157}}
{"target": 0.8349045134312375, "params": {"eta": 0.3403679649837283, "max_depth": 7.712167119833384, "n_estimators": 11.180392153676983}, "datetime": {"datetime": "2021-09-17 18:00:27", "elapsed": 1275.888769, "delta": 10.883114}}
{"target": 0.8410390195118503, "params": {"eta": 0.35325552153065826, "max_depth": 5.673675910000557, "n_estimators": 9.060604177002475}, "datetime": {"datetime": "2021-09-17 18:00:30", "elapsed": 1278.936673, "delta": 3.047904}}
{"target": 0.8193053207357988, "params": {"eta": 0.48416945274912737, "max_depth": 15.443029861958712, "n_estimators": 14.83592388893137}, "datetime": {"datetime": "2021-09-17 18:28:28", "elapsed": 0.0, "delta": 0.0}}
{"target": 0.8111923199315323, "params": {"eta": 0.48141822809782786, "max_depth": 10.778476789422475, "n_estimators": 15.39662346986653}, "datetime": {"datetime": "2021-09-17 18:28:28", "elapsed": 0.116994, "delta": 0.116994}}
{"target": 0.8403731330995841, "params": {"eta": 0.40631104788388483, "max_depth": 18.268368012513278, "n_estimators": 19.52761588651338}, "datetime": {"datetime": "2021-09-17 18:28:28", "elapsed": 0.302317, "delta": 0.185323}}
{"target": 0.8516147070178883, "params": {"eta": 0.36840906317804445, "max_depth": 16.667600609322633, "n_estimators": 13.875633956787759}, "datetime": {"datetime": "2021-09-17 18:28:28", "elapsed": 0.414321, "delta": 0.112004}}
{"target": 0.8143076996585765, "params": {"eta": 0.49763119276575263, "max_depth": 18.809546212682577, "n_estimators": 7.923468756572531}, "datetime": {"datetime": "2021-09-17 18:28:28", "elapsed": 0.481322, "delta": 0.067001}}
{"target": 0.8211543767115069, "params": {"eta": 0.1609905097910785, "max_depth": 4.3234943590452115, "n_estimators": 17.824057992123194}, "datetime": {"datetime": "2021-09-17 18:28:28", "elapsed": 0.543319, "delta": 0.061997}}
{"target": 0.7914690647476454, "params": {"eta": 0.6447097256648954, "max_depth": 17.92019437194911, "n_estimators": 19.72203844902593}, "datetime": {"datetime": "2021-09-17 18:28:29", "elapsed": 0.750322, "delta": 0.207003}}
{"target": 0.7717730686866149, "params": {"eta": 0.6594109949517065, "max_depth": 11.38366979604691, "n_estimators": 17.14687929172392}, "datetime": {"datetime": "2021-09-17 18:28:29", "elapsed": 0.989045, "delta": 0.238723}}
{"target": 0.8119551748744018, "params": {"eta": 0.5684181403266269, "max_depth": 15.365712672803081, "n_estimators": 18.002936850234292}, "datetime": {"datetime": "2021-09-17 18:28:29", "elapsed": 1.27404, "delta": 0.284995}}
{"target": 0.8083028249775838, "params": {"eta": 0.26120219434791325, "max_depth": 19.320279097563656, "n_estimators": 11.982235375644104}, "datetime": {"datetime": "2021-09-17 18:28:29", "elapsed": 1.448042, "delta": 0.174002}}
{"target": 0.8047657987469494, "params": {"eta": 0.4787724857165573, "max_depth": 12.849708241811756, "n_estimators": 16.52333887372238}, "datetime": {"datetime": "2021-09-17 18:28:29", "elapsed": 1.679047, "delta": 0.231005}}
{"target": 0.7125414541433446, "params": {"eta": 0.23673683960017358, "max_depth": 8.406504013932446, "n_estimators": 8.122417090006941}, "datetime": {"datetime": "2021-09-17 18:28:30", "elapsed": 1.826049, "delta": 0.147002}}
{"target": 0.8415526938060482, "params": {"eta": 0.22773820432748218, "max_depth": 4.290513272037655, "n_estimators": 17.850839232015318}, "datetime": {"datetime": "2021-09-17 18:28:30", "elapsed": 1.992045, "delta": 0.165996}}
{"target": 0.8377313799181545, "params": {"eta": 0.4523404071763909, "max_depth": 16.82160997065325, "n_estimators": 13.759667113791128}, "datetime": {"datetime": "2021-09-17 18:28:30", "elapsed": 2.215042, "delta": 0.222997}}
{"target": 0.8425019216001572, "params": {"eta": 0.470682587576259, "max_depth": 16.529858856229474, "n_estimators": 13.71771452607814}, "datetime": {"datetime": "2021-09-17 18:28:30", "elapsed": 2.461247, "delta": 0.246205}}
{"target": 0.6615209403831293, "params": {"eta": 0.24422822995232704, "max_depth": 6.897005569165726, "n_estimators": 7.004850261067622}, "datetime": {"datetime": "2021-09-17 18:28:30", "elapsed": 2.609247, "delta": 0.148}}
{"target": 0.7789741719547201, "params": {"eta": 0.6754356347868188, "max_depth": 5.931757657737689, "n_estimators": 12.203073329608245}, "datetime": {"datetime": "2021-09-17 18:28:31", "elapsed": 2.776245, "delta": 0.166998}}
{"target": 0.821311736495656, "params": {"eta": 0.6049900345803694, "max_depth": 4.1041079161694825, "n_estimators": 18.0022050927299}, "datetime": {"datetime": "2021-09-17 18:28:31", "elapsed": 3.119246, "delta": 0.343001}}
{"target": 0.8470471308303875, "params": {"eta": 0.3062359186412126, "max_depth": 6.726586851674105, "n_estimators": 13.887395100386517}, "datetime": {"datetime": "2021-09-17 18:28:31", "elapsed": 3.294243, "delta": 0.174997}}
{"target": 0.8517335665060157, "params": {"eta": 0.3352990143881694, "max_depth": 16.627503346927668, "n_estimators": 13.892380206331456}, "datetime": {"datetime": "2021-09-17 18:28:31", "elapsed": 3.510247, "delta": 0.216004}}
{"target": 0.8228974666547046, "params": {"eta": 0.51586091461708, "max_depth": 16.40687907890824, "n_estimators": 14.341682892508661}, "datetime": {"datetime": "2021-09-17 18:28:32", "elapsed": 4.140294, "delta": 0.630047}}
{"target": 0.7995927480079401, "params": {"eta": 0.14633443771187693, "max_depth": 18.601381028268776, "n_estimators": 19.212835137058704}, "datetime": {"datetime": "2021-09-17 18:28:32", "elapsed": 4.411292, "delta": 0.270998}}
{"target": 0.837242850081199, "params": {"eta": 0.2161505204837254, "max_depth": 10.00416735809595, "n_estimators": 18.20285869627445}, "datetime": {"datetime": "2021-09-17 18:28:32", "elapsed": 4.655292, "delta": 0.244}}
{"target": 0.7525155840598203, "params": {"eta": 0.7119443342397658, "max_depth": 6.905602980849068, "n_estimators": 7.561480420923141}, "datetime": {"datetime": "2021-09-17 18:28:33", "elapsed": 4.857298, "delta": 0.202006}}
{"target": 0.8378850984430783, "params": {"eta": 0.4612450715489187, "max_depth": 18.523045909556124, "n_estimators": 12.4635348217188}, "datetime": {"datetime": "2021-09-17 18:28:33", "elapsed": 5.274495, "delta": 0.417197}}
{"target": 0.8515643062212173, "params": {"eta": 0.21025435649169624, "max_depth": 6.7183657384169475, "n_estimators": 14.430794258977592}, "datetime": {"datetime": "2021-09-17 18:28:34", "elapsed": 6.038496, "delta": 0.764001}}
{"target": 0.4395689097149619, "params": {"eta": 0.1, "max_depth": 6.249578059440554, "n_estimators": 14.161729040030616}, "datetime": {"datetime": "2021-09-17 18:28:34", "elapsed": 6.481734, "delta": 0.443238}}
{"target": 0.8332011263629511, "params": {"eta": 0.41197659843163115, "max_depth": 7.07114688220827, "n_estimators": 14.124837505676268}, "datetime": {"datetime": "2021-09-17 18:28:35", "elapsed": 6.805736, "delta": 0.324002}}
{"target": 0.8510147468162588, "params": {"eta": 0.31396674450986806, "max_depth": 6.928259598483246, "n_estimators": 14.62061142150607}, "datetime": {"datetime": "2021-09-17 18:28:35", "elapsed": 7.373736, "delta": 0.568}}
{"target": 0.8024662716542594, "params": {"eta": 0.5679232884115116, "max_depth": 4.095259300910781, "n_estimators": 18.018180136063023}, "datetime": {"datetime": "2021-09-17 18:28:35", "elapsed": 7.59174, "delta": 0.218004}}
{"target": 0.8399669366384501, "params": {"eta": 0.3974530104532171, "max_depth": 19.622678070991608, "n_estimators": 14.866268837507167}, "datetime": {"datetime": "2021-09-17 18:28:36", "elapsed": 7.898736, "delta": 0.306996}}
{"target": 0.8445971725949487, "params": {"eta": 0.3282693971796914, "max_depth": 7.234495311712212, "n_estimators": 13.457932894812794}, "datetime": {"datetime": "2021-09-17 18:28:36", "elapsed": 8.155736, "delta": 0.257}}
{"target": 0.7580695697138126, "params": {"eta": 0.782788946461444, "max_depth": 4.182659534867874, "n_estimators": 17.71365565921254}, "datetime": {"datetime": "2021-09-17 18:28:36", "elapsed": 8.580986, "delta": 0.42525}}
{"target": 0.8308468739604621, "params": {"eta": 0.3075666980087185, "max_depth": 19.916781606635627, "n_estimators": 13.438220942457153}, "datetime": {"datetime": "2021-09-17 18:28:37", "elapsed": 8.842983, "delta": 0.261997}}
{"target": 0.8243985254207087, "params": {"eta": 0.502191082696056, "max_depth": 6.725975269988314, "n_estimators": 13.57456870486767}, "datetime": {"datetime": "2021-09-17 18:28:37", "elapsed": 9.126984, "delta": 0.284001}}
{"target": 0.8284903158054919, "params": {"eta": 0.4650512354089944, "max_depth": 7.078834772958267, "n_estimators": 13.72785255660352}, "datetime": {"datetime": "2021-09-17 18:28:37", "elapsed": 9.456983, "delta": 0.329999}}
{"target": 0.842462663220662, "params": {"eta": 0.29931181213129177, "max_depth": 4.267853905184415, "n_estimators": 19.001226179758923}, "datetime": {"datetime": "2021-09-17 18:28:37", "elapsed": 9.702986, "delta": 0.246003}}
{"target": 0.8476695233404947, "params": {"eta": 0.4665044184897956, "max_depth": 18.32256767049946, "n_estimators": 16.315483225757305}, "datetime": {"datetime": "2021-09-17 18:28:38", "elapsed": 10.063982, "delta": 0.360996}}
{"target": 0.746943176888325, "params": {"eta": 0.14895914926323536, "max_depth": 7.065960271343984, "n_estimators": 14.340112848346871}, "datetime": {"datetime": "2021-09-17 18:28:38", "elapsed": 10.509189, "delta": 0.445207}}
{"target": 0.796483337755509, "params": {"eta": 0.5282860134933457, "max_depth": 6.6764396758308635, "n_estimators": 14.647252967702546}, "datetime": {"datetime": "2021-09-17 18:28:39", "elapsed": 10.826872, "delta": 0.317683}}
{"target": 0.8349119302587569, "params": {"eta": 0.2151365734409591, "max_depth": 4.271767884262127, "n_estimators": 17.888087525504048}, "datetime": {"datetime": "2021-09-17 18:28:39", "elapsed": 11.054872, "delta": 0.228}}
{"target": 0.7780431353183052, "params": {"eta": 0.171355236188862, "max_depth": 6.892091870241181, "n_estimators": 13.44330685251011}, "datetime": {"datetime": "2021-09-17 18:28:39", "elapsed": 11.295873, "delta": 0.241001}}
{"target": 0.7897438106290402, "params": {"eta": 0.6352511456564561, "max_depth": 6.864146487346055, "n_estimators": 14.063535397821145}, "datetime": {"datetime": "2021-09-17 18:28:39", "elapsed": 11.617877, "delta": 0.322004}}
{"target": 0.4395689097149619, "params": {"eta": 0.1, "max_depth": 6.74133323317415, "n_estimators": 14.750170013816314}, "datetime": {"datetime": "2021-09-17 18:28:40", "elapsed": 12.050874, "delta": 0.432997}}
{"target": 0.8132833951175773, "params": {"eta": 0.500381723884058, "max_depth": 6.651650612770359, "n_estimators": 14.614677687312483}, "datetime": {"datetime": "2021-09-17 18:28:40", "elapsed": 12.259871, "delta": 0.208997}}
{"target": 0.8621196381736355, "params": {"eta": 0.40034066123646783, "max_depth": 7.133123861461476, "n_estimators": 14.69765399257214}, "datetime": {"datetime": "2021-09-17 18:28:40", "elapsed": 12.552676, "delta": 0.292805}}
{"target": 0.8234978381550263, "params": {"eta": 0.2748482838697295, "max_depth": 16.55161676722218, "n_estimators": 13.21082701964499}, "datetime": {"datetime": "2021-09-17 18:28:41", "elapsed": 12.891672, "delta": 0.338996}}
{"target": 0.7856963480572654, "params": {"eta": 0.17994675867785803, "max_depth": 12.438129318101414, "n_estimators": 14.585172119530931}, "datetime": {"datetime": "2021-09-17 18:28:41", "elapsed": 13.201673, "delta": 0.310001}}
{"target": 0.8676530045194593, "params": {"eta": 0.4446613418596532, "max_depth": 6.7198574437081255, "n_estimators": 14.216749173063747}, "datetime": {"datetime": "2021-09-17 18:28:41", "elapsed": 13.452676, "delta": 0.251003}}
{"target": 0.8297266775313833, "params": {"eta": 0.5065699519925324, "max_depth": 7.048454592962569, "n_estimators": 14.49586337795072}, "datetime": {"datetime": "2021-09-17 18:28:42", "elapsed": 13.736134, "delta": 0.283458}}
{"target": 0.8571662327303361, "params": {"eta": 0.46602476434999895, "max_depth": 6.8144696360231976, "n_estimators": 14.362507965088735}, "datetime": {"datetime": "2021-09-17 18:28:42", "elapsed": 14.093129, "delta": 0.356995}}
{"target": 0.7923950080464102, "params": {"eta": 0.5872384792297363, "max_depth": 18.488473641383102, "n_estimators": 8.608545911521826}, "datetime": {"datetime": "2021-09-17 18:28:42", "elapsed": 14.410441, "delta": 0.317312}}
{"target": 0.8479377767101307, "params": {"eta": 0.37378786419094756, "max_depth": 19.63064837282739, "n_estimators": 14.83435485621796}, "datetime": {"datetime": "2021-09-17 18:28:43", "elapsed": 14.710438, "delta": 0.299997}}
{"target": 0.8319444294969451, "params": {"eta": 0.25661428372481204, "max_depth": 19.90901049242062, "n_estimators": 14.825658469860455}, "datetime": {"datetime": "2021-09-17 18:28:43", "elapsed": 15.106438, "delta": 0.396}}
{"target": 0.8678339084874234, "params": {"eta": 0.3909124613752898, "max_depth": 19.56861047323426, "n_estimators": 14.498355526495502}, "datetime": {"datetime": "2021-09-17 18:28:43", "elapsed": 15.577435, "delta": 0.470997}}
{"target": 0.7966234397760192, "params": {"eta": 0.6479727332613401, "max_depth": 19.438711487286046, "n_estimators": 14.420984894754866}, "datetime": {"datetime": "2021-09-17 18:28:44", "elapsed": 15.998072, "delta": 0.420637}}
