{"target": -4.051405847700018, "params": {"eta": 0.1104886232515438, "max_depth": 11.455607270430477, "n_estimators": 17.587069896922678}, "datetime": {"datetime": "2021-09-17 13:22:58", "elapsed": 0.14499, "delta": 0.072001}}
{"target": -2.696277410105655, "params": {"eta": 0.14926984074036925, "max_depth": 12.191945144032948, "n_estimators": 18.74087800158704}, "datetime": {"datetime": "2021-09-17 13:22:59", "elapsed": 0.24523, "delta": 0.10024}}
{"target": -4.232728437373512, "params": {"eta": 0.11248974747046692, "max_depth": 16.781174363909454, "n_estimators": 16.109550372791706}, "datetime": {"datetime": "2021-09-17 13:22:59", "elapsed": 0.324226, "delta": 0.078996}}
{"target": -2.6209132577243603, "params": {"eta": 0.16375142611962423, "max_depth": 12.17304802367127, "n_estimators": 18.234759313783005}, "datetime": {"datetime": "2021-09-17 13:22:59", "elapsed": 0.426581, "delta": 0.102355}}
{"target": -3.741515520371889, "params": {"eta": 0.10544256324547571, "max_depth": 9.981014890848789, "n_estimators": 19.202978274702147}, "datetime": {"datetime": "2021-09-17 13:22:59", "elapsed": 0.512579, "delta": 0.085998}}
{"target": -2.329822261709916, "params": {"eta": 0.19650877332913375, "max_depth": 11.13424178159243, "n_estimators": 18.769290462677255}, "datetime": {"datetime": "2021-09-17 13:22:59", "elapsed": 0.634577, "delta": 0.121998}}
{"target": -4.917608579208976, "params": {"eta": 0.09139647326358995, "max_depth": 11.592308608189452, "n_estimators": 18.73997008029629}, "datetime": {"datetime": "2021-09-17 13:22:59", "elapsed": 1.067582, "delta": 0.433005}}
{"target": -3.0529467607799328, "params": {"eta": 0.1485527712349159, "max_depth": 15.87384008802918, "n_estimators": 16.69959909912299}, "datetime": {"datetime": "2021-09-17 13:23:00", "elapsed": 1.25158, "delta": 0.183998}}
{"target": -2.546722594060396, "params": {"eta": 0.15554288895689172, "max_depth": 10.610249083006684, "n_estimators": 18.986915824068348}, "datetime": {"datetime": "2021-09-17 13:23:00", "elapsed": 1.468578, "delta": 0.216998}}
{"target": -3.2983336793748954, "params": {"eta": 0.11502663548051364, "max_depth": 9.555899973882175, "n_estimators": 19.78921380430867}, "datetime": {"datetime": "2021-09-17 13:23:00", "elapsed": 1.679581, "delta": 0.211003}}
{"target": -2.736656566042649, "params": {"eta": 0.1698881657069342, "max_depth": 15.28612013850692, "n_estimators": 16.778752126329103}, "datetime": {"datetime": "2021-09-17 13:23:00", "elapsed": 1.879578, "delta": 0.199997}}
{"target": -2.99848582368148, "params": {"eta": 0.1417271359743682, "max_depth": 12.234927113651333, "n_estimators": 17.887650681227733}, "datetime": {"datetime": "2021-09-17 13:23:00", "elapsed": 2.069584, "delta": 0.190006}}
{"target": -2.400687959319667, "params": {"eta": 0.1950990133095315, "max_depth": 14.640714158420476, "n_estimators": 17.88288255971673}, "datetime": {"datetime": "2021-09-17 13:23:01", "elapsed": 2.283583, "delta": 0.213999}}
{"target": -2.6958412346087, "params": {"eta": 0.14376059951623388, "max_depth": 16.41178673732274, "n_estimators": 19.91627375345831}, "datetime": {"datetime": "2021-09-17 13:23:01", "elapsed": 2.515134, "delta": 0.231551}}
{"target": -2.3797997198606793, "params": {"eta": 0.185292048456695, "max_depth": 11.143807529069242, "n_estimators": 18.863633765427515}, "datetime": {"datetime": "2021-09-17 13:23:01", "elapsed": 2.837129, "delta": 0.321995}}
{"target": -2.4498146276724966, "params": {"eta": 0.15826577517529083, "max_depth": 10.919287248358991, "n_estimators": 18.853144227475447}, "datetime": {"datetime": "2021-09-17 13:23:02", "elapsed": 3.582133, "delta": 0.745004}}
{"target": -2.627757524189196, "params": {"eta": 0.16448226788944245, "max_depth": 13.479110427037392, "n_estimators": 17.53283666855482}, "datetime": {"datetime": "2021-09-17 13:23:02", "elapsed": 3.831158, "delta": 0.249025}}
{"target": -4.306346590267985, "params": {"eta": 0.10548317111033939, "max_depth": 9.393795568982776, "n_estimators": 17.267329247404856}, "datetime": {"datetime": "2021-09-17 13:23:02", "elapsed": 4.064132, "delta": 0.232974}}
{"target": -3.911136630961769, "params": {"eta": 0.12014005144525516, "max_depth": 15.643484038257043, "n_estimators": 16.26748218264126}, "datetime": {"datetime": "2021-09-17 13:23:03", "elapsed": 4.300136, "delta": 0.236004}}
{"target": -2.4665377861575077, "params": {"eta": 0.187138428103947, "max_depth": 14.344986676926219, "n_estimators": 17.788516187283356}, "datetime": {"datetime": "2021-09-17 13:23:03", "elapsed": 4.982822, "delta": 0.682686}}
{"target": -2.8000172338987652, "params": {"eta": 0.15580222202342342, "max_depth": 9.127020573095004, "n_estimators": 16.46711003873771}, "datetime": {"datetime": "2021-09-17 13:23:04", "elapsed": 5.181823, "delta": 0.199001}}
{"target": -2.4408795783394264, "params": {"eta": 0.1574987126789672, "max_depth": 13.573918956411596, "n_estimators": 18.61442768120712}, "datetime": {"datetime": "2021-09-17 13:23:04", "elapsed": 5.426617, "delta": 0.244794}}
{"target": -2.5007907810964083, "params": {"eta": 0.18281080456483, "max_depth": 13.483040386876805, "n_estimators": 17.52277351511664}, "datetime": {"datetime": "2021-09-17 13:23:04", "elapsed": 5.696598, "delta": 0.269981}}
{"target": -2.502147541548076, "params": {"eta": 0.2, "max_depth": 13.585937451961884, "n_estimators": 17.280766043675023}, "datetime": {"datetime": "2021-09-17 13:23:05", "elapsed": 6.308598, "delta": 0.612}}
{"target": -3.749383576292741, "params": {"eta": 0.11084952670605738, "max_depth": 14.430450694280495, "n_estimators": 18.079845444154092}, "datetime": {"datetime": "2021-09-17 13:23:05", "elapsed": 7.004802, "delta": 0.696204}}
{"target": -2.4490133981955675, "params": {"eta": 0.18529408348631649, "max_depth": 14.67679967198682, "n_estimators": 17.663447978613707}, "datetime": {"datetime": "2021-09-17 13:23:06", "elapsed": 7.988871, "delta": 0.984069}}
{"target": -2.502147541548076, "params": {"eta": 0.2, "max_depth": 13.773835356095256, "n_estimators": 17.506838776322077}, "datetime": {"datetime": "2021-09-17 13:23:07", "elapsed": 8.748298, "delta": 0.759427}}
{"target": -3.493827231306778, "params": {"eta": 0.115304603336452, "max_depth": 8.647868175340328, "n_estimators": 18.815382589671554}, "datetime": {"datetime": "2021-09-17 13:23:07", "elapsed": 9.013301, "delta": 0.265003}}
{"target": -2.51652561363421, "params": {"eta": 0.18855189240004805, "max_depth": 14.296804962254804, "n_estimators": 17.514283076834815}, "datetime": {"datetime": "2021-09-17 13:23:08", "elapsed": 9.686301, "delta": 0.673}}
{"target": -4.275797117383857, "params": {"eta": 0.10591822399675424, "max_depth": 14.93259866622517, "n_estimators": 17.875226880570445}, "datetime": {"datetime": "2021-09-17 13:23:09", "elapsed": 10.2503, "delta": 0.563999}}
{"target": -2.442235331158889, "params": {"eta": 0.18231243741860673, "max_depth": 12.185104787051905, "n_estimators": 17.184357669495924}, "datetime": {"datetime": "2021-09-17 13:23:09", "elapsed": 10.52907, "delta": 0.27877}}
{"target": -3.531590530119444, "params": {"eta": 0.12224704352203428, "max_depth": 14.480960655199759, "n_estimators": 17.635481949539688}, "datetime": {"datetime": "2021-09-17 13:23:10", "elapsed": 11.16968, "delta": 0.64061}}
{"target": -2.491922262467836, "params": {"eta": 0.2, "max_depth": 14.174162546076742, "n_estimators": 17.679348625517818}, "datetime": {"datetime": "2021-09-17 13:23:10", "elapsed": 11.586681, "delta": 0.417001}}
{"target": -2.9023655069501775, "params": {"eta": 0.1411682170310191, "max_depth": 13.568880313415914, "n_estimators": 18.618040207409894}, "datetime": {"datetime": "2021-09-17 13:23:10", "elapsed": 11.834677, "delta": 0.247996}}
{"target": -2.5119322946197107, "params": {"eta": 0.18199372238263012, "max_depth": 13.629543468880545, "n_estimators": 18.58035830015037}, "datetime": {"datetime": "2021-09-17 13:23:11", "elapsed": 12.202678, "delta": 0.368001}}
{"target": -2.468693501070926, "params": {"eta": 0.18339235723576705, "max_depth": 13.547757481558047, "n_estimators": 18.576026164537826}, "datetime": {"datetime": "2021-09-17 13:23:11", "elapsed": 12.672868, "delta": 0.47019}}
{"target": -3.2145462512969964, "params": {"eta": 0.1253051194198116, "max_depth": 11.146395148296403, "n_estimators": 18.801737079337215}, "datetime": {"datetime": "2021-09-17 13:23:11", "elapsed": 13.052871, "delta": 0.380003}}
{"target": -4.513373280826368, "params": {"eta": 0.10135213948119184, "max_depth": 8.57148867905127, "n_estimators": 17.478584312844127}, "datetime": {"datetime": "2021-09-17 13:23:12", "elapsed": 13.314865, "delta": 0.261994}}
{"target": -3.2291495411019575, "params": {"eta": 0.13806071676892046, "max_depth": 9.934725050090433, "n_estimators": 16.30306366072798}, "datetime": {"datetime": "2021-09-17 13:23:12", "elapsed": 13.551864, "delta": 0.236999}}
{"target": -2.3566334266411633, "params": {"eta": 0.19406306899117248, "max_depth": 13.601706895942813, "n_estimators": 18.658533412580503}, "datetime": {"datetime": "2021-09-17 13:23:12", "elapsed": 13.859867, "delta": 0.308003}}
{"target": -2.442092357183758, "params": {"eta": 0.19995808382021896, "max_depth": 11.056573649262646, "n_estimators": 18.75772736990129}, "datetime": {"datetime": "2021-09-17 13:23:13", "elapsed": 14.24287, "delta": 0.383003}}
{"target": -2.435042120908436, "params": {"eta": 0.15736070587498, "max_depth": 11.032615104065572, "n_estimators": 18.840464460118113}, "datetime": {"datetime": "2021-09-17 13:23:13", "elapsed": 14.797045, "delta": 0.554175}}
{"target": -2.4348400247724435, "params": {"eta": 0.2, "max_depth": 11.063602205508126, "n_estimators": 18.922832750611974}, "datetime": {"datetime": "2021-09-17 13:23:14", "elapsed": 15.298682, "delta": 0.501637}}
{"target": -2.894630165476548, "params": {"eta": 0.14857508685167434, "max_depth": 14.676150497067395, "n_estimators": 17.76980581856206}, "datetime": {"datetime": "2021-09-17 13:23:14", "elapsed": 15.765683, "delta": 0.467001}}
{"target": -2.486836477957274, "params": {"eta": 0.17506317311351272, "max_depth": 14.294562065163785, "n_estimators": 17.697542445650114}, "datetime": {"datetime": "2021-09-17 13:23:14", "elapsed": 16.132682, "delta": 0.366999}}
{"target": -3.9914288796876614, "params": {"eta": 0.11801997117644097, "max_depth": 16.454901036701003, "n_estimators": 16.522627247559495}, "datetime": {"datetime": "2021-09-17 13:23:15", "elapsed": 16.387683, "delta": 0.255001}}
{"target": -2.4574637933781274, "params": {"eta": 0.17301731209965038, "max_depth": 10.36376529236395, "n_estimators": 19.500762023123997}, "datetime": {"datetime": "2021-09-17 13:23:15", "elapsed": 16.643076, "delta": 0.255393}}
{"target": -2.6887490805826686, "params": {"eta": 0.16475431498783666, "max_depth": 14.228070097782627, "n_estimators": 17.7778829556887}, "datetime": {"datetime": "2021-09-17 13:23:15", "elapsed": 16.946075, "delta": 0.302999}}
{"target": -2.469869141829641, "params": {"eta": 0.17919566924726932, "max_depth": 15.472460658872254, "n_estimators": 19.558115989385232}, "datetime": {"datetime": "2021-09-17 13:23:16", "elapsed": 17.231071, "delta": 0.284996}}
{"target": -2.825362564388074, "params": {"eta": 0.14487252214712487, "max_depth": 12.196445621892638, "n_estimators": 18.749869922449047}, "datetime": {"datetime": "2021-09-17 13:23:16", "elapsed": 17.528073, "delta": 0.297002}}
{"target": -3.064888555125186, "params": {"eta": 0.1393898966518542, "max_depth": 14.225730643954222, "n_estimators": 17.595796435424898}, "datetime": {"datetime": "2021-09-17 13:23:16", "elapsed": 18.082074, "delta": 0.554001}}
{"target": -2.4828749537467956, "params": {"eta": 0.19984518859488593, "max_depth": 13.546804528547014, "n_estimators": 17.41368096418027}, "datetime": {"datetime": "2021-09-17 13:23:17", "elapsed": 18.694256, "delta": 0.612182}}
{"target": -2.502147541548076, "params": {"eta": 0.2, "max_depth": 13.672048673880429, "n_estimators": 17.415547690191787}, "datetime": {"datetime": "2021-09-17 13:23:17", "elapsed": 19.091256, "delta": 0.397}}
{"target": -2.6243223522838792, "params": {"eta": 0.16451004396412805, "max_depth": 13.597740373270653, "n_estimators": 17.52804917551019}, "datetime": {"datetime": "2021-09-17 13:23:18", "elapsed": 19.927261, "delta": 0.836005}}
{"target": -4.082291146955992, "params": {"eta": 0.10969618104177116, "max_depth": 13.628648499506516, "n_estimators": 17.37004877645685}, "datetime": {"datetime": "2021-09-17 13:23:19", "elapsed": 20.270909, "delta": 0.343648}}
{"target": -2.562364992342497, "params": {"eta": 0.17093291241294364, "max_depth": 10.9525804823363, "n_estimators": 18.777798278865504}, "datetime": {"datetime": "2021-09-17 13:23:19", "elapsed": 20.736422, "delta": 0.465513}}
{"target": -3.3478680184012966, "params": {"eta": 0.12149410870979058, "max_depth": 10.979735060503803, "n_estimators": 18.94054418985718}, "datetime": {"datetime": "2021-09-17 13:23:19", "elapsed": 21.139418, "delta": 0.402996}}
{"target": -4.348187383852507, "params": {"eta": 0.09464243077315039, "max_depth": 14.576404295776074, "n_estimators": 19.964680178628637}, "datetime": {"datetime": "2021-09-17 13:23:20", "elapsed": 21.413421, "delta": 0.274003}}
{"target": -3.219629147805666, "params": {"eta": 0.1252942812072575, "max_depth": 12.165746589098678, "n_estimators": 18.632444931721974}, "datetime": {"datetime": "2021-09-17 13:23:20", "elapsed": 21.729422, "delta": 0.316001}}
{"target": -3.9159790233561864, "params": {"eta": 0.1019503494235764, "max_depth": 16.1541265301712, "n_estimators": 19.89851837471505}, "datetime": {"datetime": "2021-09-17 13:23:20", "elapsed": 22.005422, "delta": 0.276}}
{"target": -2.5159187730989956, "params": {"eta": 0.1858921702010766, "max_depth": 9.785951719529905, "n_estimators": 17.67514480758109}, "datetime": {"datetime": "2021-09-17 13:23:21", "elapsed": 22.290419, "delta": 0.284997}}
{"target": -4.402015871123264, "params": {"eta": 0.09791033699434662, "max_depth": 9.561072441181725, "n_estimators": 18.709931287593765}, "datetime": {"datetime": "2021-09-17 13:23:21", "elapsed": 22.570982, "delta": 0.280563}}
{"target": -2.4348400247724435, "params": {"eta": 0.2, "max_depth": 11.13003863197836, "n_estimators": 18.665446869297433}, "datetime": {"datetime": "2021-09-17 13:23:21", "elapsed": 22.939977, "delta": 0.368995}}
{"target": -2.3578251957893372, "params": {"eta": 0.19758147748555646, "max_depth": 11.179205878646703, "n_estimators": 18.986131439854297}, "datetime": {"datetime": "2021-09-17 13:23:22", "elapsed": 23.29898, "delta": 0.359003}}
{"target": -5.3538471253294695, "params": {"eta": 0.09071500417208463, "max_depth": 12.178638341151931, "n_estimators": 17.252990131302273}, "datetime": {"datetime": "2021-09-17 13:23:22", "elapsed": 23.63698, "delta": 0.338}}
{"target": -3.366331254808526, "params": {"eta": 0.11830319557005542, "max_depth": 15.415071855993105, "n_estimators": 18.644086031434345}, "datetime": {"datetime": "2021-09-17 13:23:22", "elapsed": 23.951976, "delta": 0.314996}}
{"target": -2.502147541548076, "params": {"eta": 0.2, "max_depth": 13.479218590807116, "n_estimators": 17.318087059104375}, "datetime": {"datetime": "2021-09-17 13:23:23", "elapsed": 24.70398, "delta": 0.752004}}
{"target": -5.061020171642304, "params": {"eta": 0.09948729540600855, "max_depth": 13.472058839843918, "n_estimators": 16.58012599946099}, "datetime": {"datetime": "2021-09-17 13:23:23", "elapsed": 25.012979, "delta": 0.308999}}
{"target": -2.4233930067012186, "params": {"eta": 0.18660732501365107, "max_depth": 12.100579462487797, "n_estimators": 17.13265526245384}, "datetime": {"datetime": "2021-09-17 13:23:24", "elapsed": 25.765607, "delta": 0.752628}}
{"target": -2.5773088097572323, "params": {"eta": 0.1728760823812814, "max_depth": 12.194864298305129, "n_estimators": 17.066398051687333}, "datetime": {"datetime": "2021-09-17 13:23:25", "elapsed": 26.446608, "delta": 0.681001}}
{"target": -2.4059984464394417, "params": {"eta": 0.19658350949824446, "max_depth": 12.264278143378478, "n_estimators": 17.152056290840914}, "datetime": {"datetime": "2021-09-17 13:23:25", "elapsed": 26.969349, "delta": 0.522741}}
{"target": -2.5167149035554184, "params": {"eta": 0.17799281110990378, "max_depth": 13.400217184142855, "n_estimators": 17.45018463522479}, "datetime": {"datetime": "2021-09-17 13:23:26", "elapsed": 27.420351, "delta": 0.451002}}
{"target": -2.509076851920078, "params": {"eta": 0.1787860713307291, "max_depth": 14.521914368236846, "n_estimators": 17.855657413517516}, "datetime": {"datetime": "2021-09-17 13:23:26", "elapsed": 27.779352, "delta": 0.359001}}
{"target": -2.4131200859421176, "params": {"eta": 0.2, "max_depth": 10.806932733791065, "n_estimators": 18.823348354485013}, "datetime": {"datetime": "2021-09-17 13:23:27", "elapsed": 28.675626, "delta": 0.896274}}
{"target": -2.592625345681843, "params": {"eta": 0.1594780404059632, "max_depth": 12.18482412674804, "n_estimators": 18.246429097810694}, "datetime": {"datetime": "2021-09-17 13:23:27", "elapsed": 29.026625, "delta": 0.350999}}
{"target": -2.4008438003690618, "params": {"eta": 0.18802189211205123, "max_depth": 10.71708006388008, "n_estimators": 18.937586491725643}, "datetime": {"datetime": "2021-09-17 13:23:28", "elapsed": 29.497622, "delta": 0.470997}}
{"target": -2.8313031780092337, "params": {"eta": 0.1404171634582158, "max_depth": 17.69281588308919, "n_estimators": 18.276176262598398}, "datetime": {"datetime": "2021-09-17 13:23:28", "elapsed": 29.834626, "delta": 0.337004}}
{"target": -4.36220133994755, "params": {"eta": 0.09846719863700971, "max_depth": 10.772119365554088, "n_estimators": 18.80819713802984}, "datetime": {"datetime": "2021-09-17 13:23:29", "elapsed": 30.652871, "delta": 0.818245}}
{"target": -4.646371201465004, "params": {"eta": 0.10479143768334781, "max_depth": 17.386375925696985, "n_estimators": 16.037884928774037}, "datetime": {"datetime": "2021-09-17 13:23:29", "elapsed": 30.97387, "delta": 0.320999}}
{"target": -2.54961659845553, "params": {"eta": 0.16621063438014866, "max_depth": 10.775258820419838, "n_estimators": 19.03419782536975}, "datetime": {"datetime": "2021-09-17 13:23:30", "elapsed": 31.380869, "delta": 0.406999}}
{"target": -3.8197191225854974, "params": {"eta": 0.1094451127836048, "max_depth": 10.092133662316176, "n_estimators": 18.122401710976316}, "datetime": {"datetime": "2021-09-17 13:23:30", "elapsed": 31.718876, "delta": 0.338007}}
{"target": -2.5112492661727104, "params": {"eta": 0.18079542615349561, "max_depth": 9.198918859977628, "n_estimators": 18.23323542534825}, "datetime": {"datetime": "2021-09-17 13:23:30", "elapsed": 32.072897, "delta": 0.354021}}
{"target": -3.42371466034337, "params": {"eta": 0.11240210289588305, "max_depth": 10.668495682210889, "n_estimators": 19.084216106270617}, "datetime": {"datetime": "2021-09-17 13:23:31", "elapsed": 32.879259, "delta": 0.806362}}
{"target": -2.3001244720659755, "params": {"eta": 0.1956036708593848, "max_depth": 11.14239171954451, "n_estimators": 18.768126531450665}, "datetime": {"datetime": "2021-09-17 13:23:32", "elapsed": 33.267787, "delta": 0.388528}}
{"target": -2.383326886829577, "params": {"eta": 0.17465261487878508, "max_depth": 11.266931990816238, "n_estimators": 18.88270981100824}, "datetime": {"datetime": "2021-09-17 13:23:32", "elapsed": 33.834786, "delta": 0.566999}}
{"target": -2.38309746541475, "params": {"eta": 0.19772766648949253, "max_depth": 13.486646874493907, "n_estimators": 17.321190173602723}, "datetime": {"datetime": "2021-09-17 13:23:33", "elapsed": 34.209793, "delta": 0.375007}}
{"target": -2.3754507246770356, "params": {"eta": 0.18658211936833902, "max_depth": 10.823028264905298, "n_estimators": 18.938881906727946}, "datetime": {"datetime": "2021-09-17 13:23:33", "elapsed": 34.76708, "delta": 0.557287}}
{"target": -2.4085082612539597, "params": {"eta": 0.17718842536250312, "max_depth": 9.409031270131312, "n_estimators": 19.169046402957562}, "datetime": {"datetime": "2021-09-17 13:23:33", "elapsed": 35.152083, "delta": 0.385003}}
{"target": -2.4106838295334265, "params": {"eta": 0.19221832592381805, "max_depth": 11.336745588574264, "n_estimators": 19.01095716754412}, "datetime": {"datetime": "2021-09-17 13:23:34", "elapsed": 35.728893, "delta": 0.57681}}
{"target": -3.4616769891036183, "params": {"eta": 0.1329011805457634, "max_depth": 8.352903324698087, "n_estimators": 16.61940130539182}, "datetime": {"datetime": "2021-09-17 13:23:34", "elapsed": 36.107895, "delta": 0.379002}}
{"target": -2.3881944587356165, "params": {"eta": 0.18569459302032668, "max_depth": 11.336993061887103, "n_estimators": 19.01938574539236}, "datetime": {"datetime": "2021-09-17 13:23:35", "elapsed": 36.540761, "delta": 0.432866}}
{"target": -2.365603494644165, "params": {"eta": 0.19924069333619562, "max_depth": 11.282052422609713, "n_estimators": 18.705567750602007}, "datetime": {"datetime": "2021-09-17 13:23:36", "elapsed": 37.525761, "delta": 0.985}}
{"target": -3.1611968034192133, "params": {"eta": 0.1185034204990181, "max_depth": 11.220353751407483, "n_estimators": 19.088957470344717}, "datetime": {"datetime": "2021-09-17 13:23:36", "elapsed": 38.056362, "delta": 0.530601}}
{"target": -3.815621686609168, "params": {"eta": 0.10397107983739048, "max_depth": 9.304265728418766, "n_estimators": 19.165449482554923}, "datetime": {"datetime": "2021-09-17 13:23:37", "elapsed": 38.639714, "delta": 0.583352}}
{"target": -2.404280622381913, "params": {"eta": 0.18336153611057532, "max_depth": 9.506068589028668, "n_estimators": 19.229827623884972}, "datetime": {"datetime": "2021-09-17 13:23:38", "elapsed": 39.526714, "delta": 0.887}}
{"target": -2.6198311680241635, "params": {"eta": 0.14928391743715946, "max_depth": 9.508037532537106, "n_estimators": 19.076059898342578}, "datetime": {"datetime": "2021-09-17 13:23:38", "elapsed": 40.090714, "delta": 0.564}}
