{"target": -3.178078566726885, "params": {"eta": 1.0, "max_depth": 15.0, "n_estimators": 11.264795717758586}, "datetime": {"datetime": "2021-09-17 11:32:09", "elapsed": 2927.167912, "delta": 12.904726}}
{"target": -3.292704466142153, "params": {"eta": 0.9836634769846949, "max_depth": 3.076791145629259, "n_estimators": 15.869367911076722}, "datetime": {"datetime": "2021-09-17 11:32:19", "elapsed": 2937.148283, "delta": 9.980371}}
{"target": -2.870122235385995, "params": {"eta": 0.5439206990722337, "max_depth": 6.686522641383408, "n_estimators": 16.256787486052335}, "datetime": {"datetime": "2021-09-17 11:32:33", "elapsed": 2950.491642, "delta": 13.343359}}
{"target": -2.8776328714270334, "params": {"eta": 0.6683392379669747, "max_depth": 11.481386299534655, "n_estimators": 16.18060848250643}, "datetime": {"datetime": "2021-09-17 11:32:45", "elapsed": 2963.208439, "delta": 12.716797}}
{"target": -3.1561742889253717, "params": {"eta": 0.6061154422624968, "max_depth": 14.629893581392537, "n_estimators": 12.963275658714638}, "datetime": {"datetime": "2021-09-17 11:32:57", "elapsed": 2974.655859, "delta": 11.44742}}
{"target": -2.9141427548308116, "params": {"eta": 0.5757579450981039, "max_depth": 8.939773470509017, "n_estimators": 14.434982361872942}, "datetime": {"datetime": "2021-09-17 11:33:08", "elapsed": 2985.846889, "delta": 11.19103}}
{"target": -3.2324286467150634, "params": {"eta": 0.7566737338265981, "max_depth": 4.849056569380284, "n_estimators": 10.812757850292128}, "datetime": {"datetime": "2021-09-17 11:33:17", "elapsed": 2995.417787, "delta": 9.570898}}
{"target": -2.6626954254351163, "params": {"eta": 0.48825427640976904, "max_depth": 8.300379691232608, "n_estimators": 16.47107985990405}, "datetime": {"datetime": "2021-09-17 11:33:25", "elapsed": 3003.002398, "delta": 7.584611}}
{"target": -3.225400092099842, "params": {"eta": 0.7186789463232821, "max_depth": 2.2651673695650296, "n_estimators": 12.041676191195348}, "datetime": {"datetime": "2021-09-17 11:33:36", "elapsed": 3013.595067, "delta": 10.592669}}
{"target": -3.3298286362698204, "params": {"eta": 0.8266459408929743, "max_depth": 1.3388929387607926, "n_estimators": 15.949767757064025}, "datetime": {"datetime": "2021-09-17 11:33:47", "elapsed": 3025.046991, "delta": 11.451924}}
{"target": -2.6731862337965717, "params": {"eta": 0.20834470427055624, "max_depth": 13.054998220095982, "n_estimators": 14.030333706828502}, "datetime": {"datetime": "2021-09-17 11:33:55", "elapsed": 3033.339859, "delta": 8.292868}}
{"target": -5.1774818527071105, "params": {"eta": 0.10514028835249768, "max_depth": 13.21333712089094, "n_estimators": 15.718541840571188}, "datetime": {"datetime": "2021-09-17 11:34:04", "elapsed": 3042.214658, "delta": 8.874799}}
{"target": -3.076005016502581, "params": {"eta": 0.5907899477559277, "max_depth": 13.699384152353522, "n_estimators": 16.33922131681971}, "datetime": {"datetime": "2021-09-17 11:34:12", "elapsed": 3050.443632, "delta": 8.228974}}
{"target": -2.9823938909329866, "params": {"eta": 0.62113742957857, "max_depth": 13.396878599466678, "n_estimators": 15.583368608662354}, "datetime": {"datetime": "2021-09-17 11:34:25", "elapsed": 3063.022443, "delta": 12.578811}}
{"target": -2.502163272782376, "params": {"eta": 0.4127210343121571, "max_depth": 13.427548737793751, "n_estimators": 15.003196053177048}, "datetime": {"datetime": "2021-09-17 11:34:36", "elapsed": 3073.841639, "delta": 10.819196}}
{"target": -2.8577053622195594, "params": {"eta": 0.5292389845672901, "max_depth": 15.0, "n_estimators": 17.518908281858458}, "datetime": {"datetime": "2021-09-17 11:34:48", "elapsed": 3086.451102, "delta": 12.609463}}
{"target": -3.1776089411032826, "params": {"eta": 1.0, "max_depth": 11.404869304808198, "n_estimators": 7.612675848065786}, "datetime": {"datetime": "2021-09-17 11:35:01", "elapsed": 3099.278805, "delta": 12.827703}}
{"target": -3.165042790927385, "params": {"eta": 1.0, "max_depth": 5.519222093658825, "n_estimators": 10.023904176750465}, "datetime": {"datetime": "2021-09-17 11:35:12", "elapsed": 3109.625055, "delta": 10.34625}}
{"target": -2.982002135326988, "params": {"eta": 0.6442384440265245, "max_depth": 11.875192089236366, "n_estimators": 15.415224047523232}, "datetime": {"datetime": "2021-09-17 11:35:20", "elapsed": 3118.485722, "delta": 8.860667}}
{"target": -2.8043060346653585, "params": {"eta": 0.5231235268353371, "max_depth": 9.882143343989373, "n_estimators": 12.710523689893932}, "datetime": {"datetime": "2021-09-17 11:35:32", "elapsed": 3130.02534, "delta": 11.539618}}
{"target": -3.3793006733844155, "params": {"eta": 0.78357428796186, "max_depth": 10.07650818242877, "n_estimators": 13.603284624373488}, "datetime": {"datetime": "2021-09-17 11:35:45", "elapsed": 3142.684886, "delta": 12.659546}}
{"target": -3.199809855850119, "params": {"eta": 0.9946654847965742, "max_depth": 7.33622097540188, "n_estimators": 9.570578694840998}, "datetime": {"datetime": "2021-09-17 11:36:03", "elapsed": 3160.877672, "delta": 18.192786}}
{"target": -3.2968931747110264, "params": {"eta": 1.0, "max_depth": 4.121570996837212, "n_estimators": 11.122149550214344}, "datetime": {"datetime": "2021-09-17 11:36:13", "elapsed": 3170.666203, "delta": 9.788531}}
{"target": -3.8670231656024328, "params": {"eta": 0.11662224173177349, "max_depth": 6.744137024209062, "n_estimators": 17.579669776096846}, "datetime": {"datetime": "2021-09-17 11:36:22", "elapsed": 3180.15981, "delta": 9.493607}}
{"target": -2.842695287654274, "params": {"eta": 0.636077003860158, "max_depth": 5.803003101586419, "n_estimators": 15.903134856739022}, "datetime": {"datetime": "2021-09-17 11:36:31", "elapsed": 3189.232617, "delta": 9.072807}}
{"target": -2.8232374837524015, "params": {"eta": 0.7126468096792995, "max_depth": 10.935632965017088, "n_estimators": 13.163438750259644}, "datetime": {"datetime": "2021-09-17 11:36:40", "elapsed": 3197.674588, "delta": 8.441971}}
{"target": -2.646741171259629, "params": {"eta": 0.42065811066231706, "max_depth": 4.420941276805655, "n_estimators": 11.245137264988266}, "datetime": {"datetime": "2021-09-17 11:36:48", "elapsed": 3205.876107, "delta": 8.201519}}
{"target": -2.815993054289567, "params": {"eta": 0.7114722351665621, "max_depth": 11.681894866232549, "n_estimators": 14.578024332755016}, "datetime": {"datetime": "2021-09-17 11:36:57", "elapsed": 3214.868639, "delta": 8.992532}}
{"target": -11.419456275513298, "params": {"eta": 0.1, "max_depth": 15.0, "n_estimators": 7.716268494427414}, "datetime": {"datetime": "2021-09-17 11:37:09", "elapsed": 3227.142702, "delta": 12.274063}}
{"target": -2.911054889779342, "params": {"eta": 0.7020449811579218, "max_depth": 14.953086785397838, "n_estimators": 7.871982724896925}, "datetime": {"datetime": "2021-09-17 11:37:24", "elapsed": 3242.37185, "delta": 15.229148}}
{"target": -3.212712636119441, "params": {"eta": 0.9284782467747843, "max_depth": 14.869129690192048, "n_estimators": 7.553475171316979}, "datetime": {"datetime": "2021-09-17 11:37:41", "elapsed": 3259.366673, "delta": 16.994823}}
{"target": -2.9807484281690493, "params": {"eta": 0.6593367217723638, "max_depth": 14.879646873710872, "n_estimators": 7.091057737837734}, "datetime": {"datetime": "2021-09-17 11:37:53", "elapsed": 3270.749347, "delta": 11.382674}}
{"target": -2.7301105436525845, "params": {"eta": 0.47323756612100765, "max_depth": 14.282944451331925, "n_estimators": 8.314217378987069}, "datetime": {"datetime": "2021-09-17 11:38:12", "elapsed": 3290.026711, "delta": 19.277364}}
{"target": -2.518645140999242, "params": {"eta": 0.3583471119214616, "max_depth": 8.838008636843973, "n_estimators": 10.161642555504821}, "datetime": {"datetime": "2021-09-17 11:38:22", "elapsed": 3299.607618, "delta": 9.580907}}
{"target": -2.9823100115123546, "params": {"eta": 0.32346170207542424, "max_depth": 14.747787709263743, "n_estimators": 8.42855952143351}, "datetime": {"datetime": "2021-09-17 11:38:31", "elapsed": 3308.717734, "delta": 9.110116}}
{"target": -3.2105516603118494, "params": {"eta": 1.0, "max_depth": 14.67454324213997, "n_estimators": 9.435530414975359}, "datetime": {"datetime": "2021-09-17 11:38:40", "elapsed": 3318.246653, "delta": 9.528919}}
{"target": -3.348492479324341, "params": {"eta": 1.0, "max_depth": 13.811117018246756, "n_estimators": 7.411640630742546}, "datetime": {"datetime": "2021-09-17 11:38:54", "elapsed": 3331.594444, "delta": 13.347791}}
{"target": -3.3479414281092197, "params": {"eta": 1.0, "max_depth": 13.359968441822732, "n_estimators": 12.079581742732774}, "datetime": {"datetime": "2021-09-17 11:39:04", "elapsed": 3341.611749, "delta": 10.017305}}
{"target": -3.0302759634821035, "params": {"eta": 0.6679833683122848, "max_depth": 6.298928705508141, "n_estimators": 17.965884987908666}, "datetime": {"datetime": "2021-09-17 11:39:21", "elapsed": 3359.22674, "delta": 17.614991}}
{"target": -2.982972214723888, "params": {"eta": 0.5845337880065209, "max_depth": 12.476214532497611, "n_estimators": 14.452742775748808}, "datetime": {"datetime": "2021-09-17 11:39:33", "elapsed": 3371.313785, "delta": 12.087045}}
{"target": -3.419351296048415, "params": {"eta": 1.0, "max_depth": 2.342155228875512, "n_estimators": 8.751673865397132}, "datetime": {"datetime": "2021-09-17 11:39:53", "elapsed": 3390.804517, "delta": 19.490732}}
{"target": -2.960415538361198, "params": {"eta": 0.6761565003208524, "max_depth": 5.633170676129579, "n_estimators": 14.481020823951045}, "datetime": {"datetime": "2021-09-17 11:40:02", "elapsed": 3400.221295, "delta": 9.416778}}
{"target": -3.4398787611409234, "params": {"eta": 1.0, "max_depth": 10.05791168680531, "n_estimators": 9.144441438769315}, "datetime": {"datetime": "2021-09-17 11:40:12", "elapsed": 3409.728019, "delta": 9.506724}}
{"target": -3.194502429585708, "params": {"eta": 0.9102411219845984, "max_depth": 14.103800269571822, "n_estimators": 7.889145778385042}, "datetime": {"datetime": "2021-09-17 11:40:21", "elapsed": 3418.875817, "delta": 9.147798}}
{"target": -3.453430555996142, "params": {"eta": 0.9972136289673021, "max_depth": 10.358631387486504, "n_estimators": 2.4678860339290303}, "datetime": {"datetime": "2021-09-17 11:40:35", "elapsed": 3433.093494, "delta": 14.217677}}
{"target": -12.13107712770763, "params": {"eta": 0.28599806822789875, "max_depth": 15.0, "n_estimators": 2.6312650247210825}, "datetime": {"datetime": "2021-09-17 11:40:45", "elapsed": 3443.273334, "delta": 10.17984}}
{"target": -2.8394464298298483, "params": {"eta": 0.5705435239457448, "max_depth": 5.5342671871774325, "n_estimators": 12.391827448846866}, "datetime": {"datetime": "2021-09-17 11:40:56", "elapsed": 3453.681215, "delta": 10.407881}}
{"target": -3.1739358952170926, "params": {"eta": 1.0, "max_depth": 11.38790612015468, "n_estimators": 11.676312072634147}, "datetime": {"datetime": "2021-09-17 11:41:06", "elapsed": 3463.706631, "delta": 10.025416}}
{"target": -2.6447812155673383, "params": {"eta": 0.3983717374578455, "max_depth": 14.277349301509785, "n_estimators": 10.48744833204152}, "datetime": {"datetime": "2021-09-17 11:41:23", "elapsed": 3480.576418, "delta": 16.869787}}
{"target": -3.290174893329018, "params": {"eta": 0.7673823877007584, "max_depth": 5.9288685979265825, "n_estimators": 12.714349142385107}, "datetime": {"datetime": "2021-09-17 11:41:33", "elapsed": 3490.58098, "delta": 10.004562}}
{"target": -3.153273099974582, "params": {"eta": 1.0, "max_depth": 15.0, "n_estimators": 3.5621143954076113}, "datetime": {"datetime": "2021-09-17 11:41:49", "elapsed": 3506.507566, "delta": 15.926586}}
{"target": -3.3197985699302266, "params": {"eta": 0.9967262591391489, "max_depth": 14.573270409068884, "n_estimators": 3.9276805668323616}, "datetime": {"datetime": "2021-09-17 11:41:58", "elapsed": 3516.342477, "delta": 9.834911}}
{"target": -3.2717836624697636, "params": {"eta": 0.7483070195209802, "max_depth": 14.972898989095972, "n_estimators": 7.4396569374822406}, "datetime": {"datetime": "2021-09-17 11:42:10", "elapsed": 3528.008196, "delta": 11.665719}}
{"target": -3.496577485611564, "params": {"eta": 0.7934453360778757, "max_depth": 12.950976812574606, "n_estimators": 15.026115288137381}, "datetime": {"datetime": "2021-09-17 11:42:29", "elapsed": 3546.540839, "delta": 18.532643}}
{"target": -3.428836316183993, "params": {"eta": 1.0, "max_depth": 9.90998785975648, "n_estimators": 6.664899171150446}, "datetime": {"datetime": "2021-09-17 11:42:47", "elapsed": 3565.054639, "delta": 18.5138}}
{"target": -2.813795587263609, "params": {"eta": 0.5188111762791198, "max_depth": 12.488422281271287, "n_estimators": 17.233132741116293}, "datetime": {"datetime": "2021-09-17 11:43:03", "elapsed": 3580.968254, "delta": 15.913615}}
{"target": -2.582802093656439, "params": {"eta": 0.4637705026634248, "max_depth": 15.0, "n_estimators": 15.216531779621135}, "datetime": {"datetime": "2021-09-17 11:43:21", "elapsed": 3598.918726, "delta": 17.950472}}
{"target": -3.4554284111449594, "params": {"eta": 1.0, "max_depth": 10.684892671366006, "n_estimators": 2.0341956883471703}, "datetime": {"datetime": "2021-09-17 11:43:41", "elapsed": 3619.135478, "delta": 20.216752}}
{"target": -3.2413841429509618, "params": {"eta": 0.9930665142853761, "max_depth": 3.9453239884053666, "n_estimators": 8.703148202430842}, "datetime": {"datetime": "2021-09-17 11:43:57", "elapsed": 3635.232504, "delta": 16.097026}}
{"target": -6.890841142754805, "params": {"eta": 0.12521305257926565, "max_depth": 2.088736508885817, "n_estimators": 10.674520448027163}, "datetime": {"datetime": "2021-09-17 11:44:17", "elapsed": 3654.514907, "delta": 19.282403}}
{"target": -3.0960645487433984, "params": {"eta": 0.4576781053188501, "max_depth": 2.445689174275995, "n_estimators": 9.922781264688762}, "datetime": {"datetime": "2021-09-17 11:44:33", "elapsed": 3670.682497, "delta": 16.16759}}
{"target": -3.495276119207081, "params": {"eta": 1.0, "max_depth": 7.362205715199139, "n_estimators": 4.1489853315391745}, "datetime": {"datetime": "2021-09-17 11:44:50", "elapsed": 3687.901686, "delta": 17.219189}}
{"target": -4.295440799311588, "params": {"eta": 1.0, "max_depth": 4.9260015675335875, "n_estimators": 1.7959238882595494}, "datetime": {"datetime": "2021-09-17 11:45:10", "elapsed": 3707.836963, "delta": 19.935277}}
{"target": -8.643854819473466, "params": {"eta": 0.1, "max_depth": 14.024537690889149, "n_estimators": 10.296182160198324}, "datetime": {"datetime": "2021-09-17 11:45:31", "elapsed": 3728.963891, "delta": 21.126928}}
{"target": -3.0599605378351713, "params": {"eta": 0.6941630379586565, "max_depth": 14.603240525898073, "n_estimators": 10.36062075900383}, "datetime": {"datetime": "2021-09-17 11:45:42", "elapsed": 3740.221738, "delta": 11.257847}}
{"target": -3.000731126885665, "params": {"eta": 0.720517806136162, "max_depth": 14.335803892571162, "n_estimators": 10.825078822029894}, "datetime": {"datetime": "2021-09-17 11:46:03", "elapsed": 3760.909892, "delta": 20.688154}}
{"target": -2.7305073531050432, "params": {"eta": 0.1598206571098062, "max_depth": 8.743406980642336, "n_estimators": 17.856132530044142}, "datetime": {"datetime": "2021-09-17 11:46:08", "elapsed": 3766.414146, "delta": 5.504254}}
{"target": -2.965814215885965, "params": {"eta": 0.6967686409038527, "max_depth": 14.18442861730783, "n_estimators": 10.565376782616974}, "datetime": {"datetime": "2021-09-17 11:46:21", "elapsed": 3779.180754, "delta": 12.766608}}
{"target": -2.67179148448141, "params": {"eta": 0.3568685745819996, "max_depth": 4.620444453141027, "n_estimators": 10.372454091201218}, "datetime": {"datetime": "2021-09-17 11:46:29", "elapsed": 3787.235132, "delta": 8.054378}}
{"target": -2.6719433288825187, "params": {"eta": 0.35614930406029854, "max_depth": 4.3233605614010795, "n_estimators": 10.188720771343103}, "datetime": {"datetime": "2021-09-17 11:46:41", "elapsed": 3799.379127, "delta": 12.143995}}
{"target": -3.428938792253795, "params": {"eta": 0.1290313465460479, "max_depth": 8.4458550721947, "n_estimators": 17.965863450741697}, "datetime": {"datetime": "2021-09-17 11:46:53", "elapsed": 3810.714923, "delta": 11.335796}}
{"target": -3.552504136060414, "params": {"eta": 0.12357953142686191, "max_depth": 9.077558824381669, "n_estimators": 17.959004748908708}, "datetime": {"datetime": "2021-09-17 11:47:02", "elapsed": 3819.569217, "delta": 8.854294}}
{"target": -2.9292362162941377, "params": {"eta": 0.7028583025274883, "max_depth": 8.79290970236202, "n_estimators": 17.669015009689687}, "datetime": {"datetime": "2021-09-17 11:47:11", "elapsed": 3829.3752, "delta": 9.805983}}
{"target": -3.0553126473175847, "params": {"eta": 0.6346108971513187, "max_depth": 6.631518769701194, "n_estimators": 12.064583196122433}, "datetime": {"datetime": "2021-09-17 11:47:26", "elapsed": 3844.032905, "delta": 14.657705}}
{"target": -3.4662687176152285, "params": {"eta": 0.9997278774421946, "max_depth": 8.606511006218806, "n_estimators": 13.898568294882315}, "datetime": {"datetime": "2021-09-17 11:47:31", "elapsed": 3849.312815, "delta": 5.27991}}
{"target": -3.1917162412091304, "params": {"eta": 0.9730203734755869, "max_depth": 3.9985400621000746, "n_estimators": 10.36505397356323}, "datetime": {"datetime": "2021-09-17 11:47:41", "elapsed": 3859.292148, "delta": 9.979333}}
{"target": -3.0894878337257787, "params": {"eta": 0.6515224768328189, "max_depth": 2.8225711991900733, "n_estimators": 10.749205726704316}, "datetime": {"datetime": "2021-09-17 11:47:52", "elapsed": 3870.21978, "delta": 10.927632}}
{"target": -3.177802326804713, "params": {"eta": 1.0, "max_depth": 11.01742072173486, "n_estimators": 8.400972686168062}, "datetime": {"datetime": "2021-09-17 11:48:02", "elapsed": 3880.297096, "delta": 10.077316}}
{"target": -3.242079779976293, "params": {"eta": 0.23349129705796157, "max_depth": 2.9476778246058783, "n_estimators": 13.85002325760802}, "datetime": {"datetime": "2021-09-17 11:48:08", "elapsed": 3886.386558, "delta": 6.089462}}
{"target": -8.77581191815828, "params": {"eta": 0.11516385299606641, "max_depth": 1.2527443211813147, "n_estimators": 9.47437761883867}, "datetime": {"datetime": "2021-09-17 11:48:20", "elapsed": 3898.190883, "delta": 11.804325}}
{"target": -3.8041041305190637, "params": {"eta": 0.12410696495752924, "max_depth": 4.479557884293243, "n_estimators": 16.966694972315146}, "datetime": {"datetime": "2021-09-17 11:48:34", "elapsed": 3911.991193, "delta": 13.80031}}
{"target": -2.943089210987091, "params": {"eta": 0.5705994902158129, "max_depth": 2.466668373009729, "n_estimators": 18.0}, "datetime": {"datetime": "2021-09-17 11:48:53", "elapsed": 3931.273278, "delta": 19.282085}}
{"target": -3.3433552811020295, "params": {"eta": 0.9181924076203183, "max_depth": 13.638780640811913, "n_estimators": 14.60803864553577}, "datetime": {"datetime": "2021-09-17 11:48:59", "elapsed": 3937.113158, "delta": 5.83988}}
{"target": -3.3158351590758874, "params": {"eta": 0.9928144430358191, "max_depth": 10.861364307206784, "n_estimators": 6.7688401488803285}, "datetime": {"datetime": "2021-09-17 11:49:04", "elapsed": 3942.46269, "delta": 5.349532}}
{"target": -5.584837712739644, "params": {"eta": 0.12243704582484503, "max_depth": 10.631640481269475, "n_estimators": 12.453960954485689}, "datetime": {"datetime": "2021-09-17 11:49:18", "elapsed": 3956.183088, "delta": 13.720398}}
{"target": -2.7902969630141006, "params": {"eta": 0.5495789910112838, "max_depth": 12.379352997417435, "n_estimators": 12.77391313781537}, "datetime": {"datetime": "2021-09-17 11:49:26", "elapsed": 3963.540505, "delta": 7.357417}}
{"target": -3.3502064259428725, "params": {"eta": 0.7741366894985389, "max_depth": 11.256606936868664, "n_estimators": 6.714858728061298}, "datetime": {"datetime": "2021-09-17 11:49:39", "elapsed": 3977.195452, "delta": 13.654947}}
{"target": -4.65037298829932, "params": {"eta": 0.12188170465492927, "max_depth": 10.199354760276993, "n_estimators": 14.546724483570294}, "datetime": {"datetime": "2021-09-17 11:49:51", "elapsed": 3989.163146, "delta": 11.967694}}
{"target": -3.348273574051104, "params": {"eta": 0.9989383451002628, "max_depth": 14.524057651449876, "n_estimators": 2.143289279521248}, "datetime": {"datetime": "2021-09-17 11:50:13", "elapsed": 4011.119854, "delta": 21.956708}}
{"target": -3.19817532802883, "params": {"eta": 1.0, "max_depth": 11.010528585182158, "n_estimators": 3.9357853439591493}, "datetime": {"datetime": "2021-09-17 11:50:24", "elapsed": 4022.340233, "delta": 11.220379}}
{"target": -3.3701688038675406, "params": {"eta": 0.9939941120204043, "max_depth": 11.094674416682523, "n_estimators": 6.34858828083078}, "datetime": {"datetime": "2021-09-17 11:50:35", "elapsed": 4033.076531, "delta": 10.736298}}
{"target": -3.138593874479595, "params": {"eta": 1.0, "max_depth": 3.0824948450142786, "n_estimators": 14.763718159979055}, "datetime": {"datetime": "2021-09-17 11:50:47", "elapsed": 4045.053826, "delta": 11.977295}}
{"target": -4.5904818836011385, "params": {"eta": 1.0, "max_depth": 1.0, "n_estimators": 2.28550734375345}, "datetime": {"datetime": "2021-09-17 11:51:10", "elapsed": 4067.888758, "delta": 22.834932}}
{"target": -6.570699543701974, "params": {"eta": 0.1, "max_depth": 11.919781263653663, "n_estimators": 13.830188760770453}, "datetime": {"datetime": "2021-09-17 11:51:26", "elapsed": 4083.818415, "delta": 15.929657}}
{"target": -3.2732647613475203, "params": {"eta": 0.9176478885552776, "max_depth": 11.708705298528331, "n_estimators": 14.081356122062243}, "datetime": {"datetime": "2021-09-17 11:51:36", "elapsed": 4093.527929, "delta": 9.709514}}
{"target": -3.3137421247206236, "params": {"eta": 0.969718802529262, "max_depth": 12.511231851966247, "n_estimators": 3.2239710016051077}, "datetime": {"datetime": "2021-09-17 11:51:42", "elapsed": 4099.617917, "delta": 6.089988}}
{"target": -3.060047755743328, "params": {"eta": 0.6100666863474765, "max_depth": 1.0333493917780932, "n_estimators": 17.543903441601024}, "datetime": {"datetime": "2021-09-17 11:51:52", "elapsed": 4110.246326, "delta": 10.628409}}
