{"target": 0.8399868449211082, "params": {"eta": 0.3257535474228854, "max_depth": 7.887793746584737, "n_estimators": 15.053322256949853}, "datetime": {"datetime": "2021-09-17 18:33:00", "elapsed": 272.093898, "delta": 1.99292}}
{"target": 0.7628582904004353, "params": {"eta": 0.7885353848361676, "max_depth": 13.94754524900375, "n_estimators": 11.861813357373489}, "datetime": {"datetime": "2021-09-17 18:33:01", "elapsed": 273.363896, "delta": 1.269998}}
{"target": 0.8403750974557821, "params": {"eta": 0.37246696454749106, "max_depth": 19.416528867813476, "n_estimators": 13.900133322824235}, "datetime": {"datetime": "2021-09-17 18:33:03", "elapsed": 275.295072, "delta": 1.931176}}
{"target": 0.7884321020938346, "params": {"eta": 0.582981675045857, "max_depth": 11.134299598632069, "n_estimators": 7.453058755814033}, "datetime": {"datetime": "2021-09-17 18:33:04", "elapsed": 276.693846, "delta": 1.398774}}
{"target": 0.846757381498687, "params": {"eta": 0.34812136016095885, "max_depth": 11.636374021260275, "n_estimators": 18.553998844057293}, "datetime": {"datetime": "2021-09-17 18:33:06", "elapsed": 278.191246, "delta": 1.4974}}
{"target": 0.8539045597272998, "params": {"eta": 0.3498112063952551, "max_depth": 5.212781648058559, "n_estimators": 16.51507644724026}, "datetime": {"datetime": "2021-09-17 18:33:08", "elapsed": 279.805909, "delta": 1.614663}}
{"target": 0.8285246845168656, "params": {"eta": 0.36624439608084725, "max_depth": 7.886946788623057, "n_estimators": 7.260938820594078}, "datetime": {"datetime": "2021-09-17 18:33:09", "elapsed": 281.008909, "delta": 1.203}}
{"target": 0.8421794729922256, "params": {"eta": 0.46811095832788463, "max_depth": 19.079579285546767, "n_estimators": 13.958942436040942}, "datetime": {"datetime": "2021-09-17 18:33:11", "elapsed": 283.673493, "delta": 2.664584}}
{"target": 0.845085600304535, "params": {"eta": 0.37347235400981516, "max_depth": 4.779394714912117, "n_estimators": 16.236530455543615}, "datetime": {"datetime": "2021-09-17 18:33:13", "elapsed": 285.305491, "delta": 1.631998}}
{"target": 0.8229794423873538, "params": {"eta": 0.5151803903688976, "max_depth": 7.495700190324545, "n_estimators": 14.108079784743897}, "datetime": {"datetime": "2021-09-17 18:33:15", "elapsed": 287.029294, "delta": 1.723803}}
{"target": 0.806740031597506, "params": {"eta": 0.5303209250350865, "max_depth": 4.685078366587209, "n_estimators": 16.596497018814205}, "datetime": {"datetime": "2021-09-17 18:33:16", "elapsed": 288.379543, "delta": 1.350249}}
{"target": 0.8707288531500426, "params": {"eta": 0.43923402335576794, "max_depth": 11.798575221711642, "n_estimators": 18.527283756939774}, "datetime": {"datetime": "2021-09-17 18:33:18", "elapsed": 290.278893, "delta": 1.89935}}
{"target": 0.8291521270320935, "params": {"eta": 0.1511226079787188, "max_depth": 5.045668784410559, "n_estimators": 19.013819513361987}, "datetime": {"datetime": "2021-09-17 18:33:20", "elapsed": 292.705661, "delta": 2.426768}}
{"target": 0.7949370946771094, "params": {"eta": 0.577308382866103, "max_depth": 11.765579763877417, "n_estimators": 18.467376169639007}, "datetime": {"datetime": "2021-09-17 18:33:22", "elapsed": 294.393944, "delta": 1.688283}}
{"target": 0.845416579430655, "params": {"eta": 0.35465686203044566, "max_depth": 18.049799182853675, "n_estimators": 17.511604578622617}, "datetime": {"datetime": "2021-09-17 18:33:24", "elapsed": 295.869273, "delta": 1.475329}}
{"target": 0.8595325070972045, "params": {"eta": 0.342761532581283, "max_depth": 19.86092517286155, "n_estimators": 14.152072684153609}, "datetime": {"datetime": "2021-09-17 18:33:26", "elapsed": 298.272889, "delta": 2.403616}}
{"target": 0.84563040352887, "params": {"eta": 0.23404643603863362, "max_depth": 19.028843961011745, "n_estimators": 13.961191338474514}, "datetime": {"datetime": "2021-09-17 18:33:28", "elapsed": 300.54628, "delta": 2.273391}}
{"target": 0.8327509450962919, "params": {"eta": 0.3039647685272503, "max_depth": 12.049514975435363, "n_estimators": 19.494619157384843}, "datetime": {"datetime": "2021-09-17 18:33:30", "elapsed": 302.26813, "delta": 1.72185}}
{"target": 0.8613135336658388, "params": {"eta": 0.4495679557160287, "max_depth": 5.53781543279492, "n_estimators": 18.22044519006075}, "datetime": {"datetime": "2021-09-17 18:33:32", "elapsed": 304.059392, "delta": 1.791262}}
{"target": 0.8114620611958956, "params": {"eta": 0.5755516258836583, "max_depth": 5.529376833773878, "n_estimators": 18.078247196070084}, "datetime": {"datetime": "2021-09-17 18:33:34", "elapsed": 306.01556, "delta": 1.956168}}
{"target": 0.8272602958193485, "params": {"eta": 0.5068423022521565, "max_depth": 7.206689813646342, "n_estimators": 14.641521115428581}, "datetime": {"datetime": "2021-09-17 18:33:36", "elapsed": 308.593377, "delta": 2.577817}}
{"target": 0.8093435837173596, "params": {"eta": 0.5656529435553345, "max_depth": 8.34878894705092, "n_estimators": 8.928364312286053}, "datetime": {"datetime": "2021-09-17 18:33:38", "elapsed": 310.032238, "delta": 1.438861}}
{"target": 0.8405503292271227, "params": {"eta": 0.4024670420216271, "max_depth": 5.383554996786824, "n_estimators": 18.204641237962043}, "datetime": {"datetime": "2021-09-17 18:33:40", "elapsed": 311.838919, "delta": 1.806681}}
{"target": 0.8405288420640996, "params": {"eta": 0.40307270462237865, "max_depth": 5.657381580490677, "n_estimators": 18.3899073308396}, "datetime": {"datetime": "2021-09-17 18:33:41", "elapsed": 313.644431, "delta": 1.805512}}
{"target": 0.8255949132755757, "params": {"eta": 0.19702288219691638, "max_depth": 19.032175540100724, "n_estimators": 14.145768637062485}, "datetime": {"datetime": "2021-09-17 18:33:43", "elapsed": 315.703784, "delta": 2.059353}}
{"target": 0.8163208009459035, "params": {"eta": 0.564831626666695, "max_depth": 13.525365059071028, "n_estimators": 17.93556671002274}, "datetime": {"datetime": "2021-09-17 18:33:45", "elapsed": 317.144407, "delta": 1.440623}}
{"target": 0.7674232768309864, "params": {"eta": 0.7744848828874464, "max_depth": 16.966596314266084, "n_estimators": 7.346753241938889}, "datetime": {"datetime": "2021-09-17 18:33:46", "elapsed": 318.559677, "delta": 1.41527}}
{"target": 0.8570647650849078, "params": {"eta": 0.3677172448065289, "max_depth": 11.82828526882178, "n_estimators": 18.634779088076723}, "datetime": {"datetime": "2021-09-17 18:33:48", "elapsed": 320.649595, "delta": 2.089918}}
{"target": 0.8535276911222869, "params": {"eta": 0.31574793406904256, "max_depth": 5.687521220154647, "n_estimators": 18.156816778061888}, "datetime": {"datetime": "2021-09-17 18:33:50", "elapsed": 322.488538, "delta": 1.838943}}
{"target": 0.8454394153224316, "params": {"eta": 0.2757434850137811, "max_depth": 5.5377585223355466, "n_estimators": 18.234889390765247}, "datetime": {"datetime": "2021-09-17 18:33:52", "elapsed": 324.591961, "delta": 2.103423}}
{"target": 0.7859340969575579, "params": {"eta": 0.5823217295503023, "max_depth": 14.038794771934628, "n_estimators": 8.741110897892566}, "datetime": {"datetime": "2021-09-17 18:33:54", "elapsed": 326.132879, "delta": 1.540918}}
{"target": 0.8332371372845252, "params": {"eta": 0.49691366608182297, "max_depth": 5.783279779295913, "n_estimators": 13.870935096966797}, "datetime": {"datetime": "2021-09-17 18:33:55", "elapsed": 327.470881, "delta": 1.338002}}
{"target": 0.6986679245547542, "params": {"eta": 0.10831775125014835, "max_depth": 16.10670092062231, "n_estimators": 18.349549125695813}, "datetime": {"datetime": "2021-09-17 18:33:57", "elapsed": 328.963167, "delta": 1.492286}}
{"target": 0.7866651679566017, "params": {"eta": 0.17700421909163774, "max_depth": 14.38764644644996, "n_estimators": 14.362066185632179}, "datetime": {"datetime": "2021-09-17 18:33:58", "elapsed": 330.477468, "delta": 1.514301}}
{"target": 0.819090361803263, "params": {"eta": 0.51062065827532, "max_depth": 18.04564484979742, "n_estimators": 12.956869518277575}, "datetime": {"datetime": "2021-09-17 18:34:00", "elapsed": 332.041615, "delta": 1.564147}}
{"target": 0.7538091086267085, "params": {"eta": 0.7982766070542964, "max_depth": 12.93671549054716, "n_estimators": 10.557993490066544}, "datetime": {"datetime": "2021-09-17 18:34:01", "elapsed": 333.462624, "delta": 1.421009}}
{"target": 0.846440863494711, "params": {"eta": 0.35299207528957466, "max_depth": 11.801199401131854, "n_estimators": 18.439861592376857}, "datetime": {"datetime": "2021-09-17 18:34:03", "elapsed": 335.62034, "delta": 2.157716}}
{"target": 0.8427147627567346, "params": {"eta": 0.25120346333364035, "max_depth": 5.79729453753419, "n_estimators": 18.29350652858791}, "datetime": {"datetime": "2021-09-17 18:34:06", "elapsed": 338.201171, "delta": 2.580831}}
{"target": 0.8076364467584811, "params": {"eta": 0.2456680464300507, "max_depth": 13.786088434044716, "n_estimators": 11.031241339318555}, "datetime": {"datetime": "2021-09-17 18:34:07", "elapsed": 339.682431, "delta": 1.48126}}
{"target": 0.844701079214169, "params": {"eta": 0.45154986206087333, "max_depth": 15.0297454779608, "n_estimators": 10.470689874569564}, "datetime": {"datetime": "2021-09-17 18:34:09", "elapsed": 341.296351, "delta": 1.61392}}
{"target": 0.8715550633160374, "params": {"eta": 0.44751612665075624, "max_depth": 4.089543957636838, "n_estimators": 19.18749942301335}, "datetime": {"datetime": "2021-09-17 18:34:11", "elapsed": 343.185575, "delta": 1.889224}}
{"target": 0.8569889310737269, "params": {"eta": 0.37859057023146825, "max_depth": 4.1066611127769885, "n_estimators": 19.370064842057168}, "datetime": {"datetime": "2021-09-17 18:34:13", "elapsed": 345.442505, "delta": 2.25693}}
{"target": 0.8643914026757131, "params": {"eta": 0.33774155455179056, "max_depth": 4.241013566717944, "n_estimators": 19.2320681808524}, "datetime": {"datetime": "2021-09-17 18:34:15", "elapsed": 347.607958, "delta": 2.165453}}
{"target": 0.8531428936556877, "params": {"eta": 0.46786645095618373, "max_depth": 4.216084846875404, "n_estimators": 19.29455296438025}, "datetime": {"datetime": "2021-09-17 18:34:17", "elapsed": 349.338286, "delta": 1.730328}}
{"target": 0.8467917989439987, "params": {"eta": 0.34007766559150665, "max_depth": 4.0700836696510105, "n_estimators": 19.071005842692088}, "datetime": {"datetime": "2021-09-17 18:34:19", "elapsed": 351.211708, "delta": 1.873422}}
{"target": 0.8483451904985324, "params": {"eta": 0.46653401152555074, "max_depth": 9.083933560043047, "n_estimators": 10.065735075767824}, "datetime": {"datetime": "2021-09-17 18:34:20", "elapsed": 352.549405, "delta": 1.337697}}
{"target": 0.8476422913970498, "params": {"eta": 0.30008652038349976, "max_depth": 4.006861917198794, "n_estimators": 19.28930416506854}, "datetime": {"datetime": "2021-09-17 18:34:23", "elapsed": 355.239799, "delta": 2.690394}}
{"target": 0.8177056483235041, "params": {"eta": 0.5900078106942156, "max_depth": 4.05822269804303, "n_estimators": 19.170253297816494}, "datetime": {"datetime": "2021-09-17 18:34:26", "elapsed": 357.921038, "delta": 2.681239}}
{"target": 0.8652934264113032, "params": {"eta": 0.4426134128568874, "max_depth": 19.926971023333955, "n_estimators": 13.928586158054705}, "datetime": {"datetime": "2021-09-17 18:34:29", "elapsed": 360.972876, "delta": 3.051838}}
{"target": 0.8573808779879944, "params": {"eta": 0.3834772975055608, "max_depth": 4.421795848365047, "n_estimators": 19.3513234544003}, "datetime": {"datetime": "2021-09-17 18:34:31", "elapsed": 362.921553, "delta": 1.948677}}
{"target": 0.8557577567510263, "params": {"eta": 0.34290162479165204, "max_depth": 4.288491653471825, "n_estimators": 19.42499670641885}, "datetime": {"datetime": "2021-09-17 18:34:34", "elapsed": 365.72518, "delta": 2.803627}}
{"target": 0.7718475743500013, "params": {"eta": 0.7953541188212656, "max_depth": 14.760443690109103, "n_estimators": 9.52270058680692}, "datetime": {"datetime": "2021-09-17 18:34:35", "elapsed": 367.228714, "delta": 1.503534}}
{"target": 0.8485100368304532, "params": {"eta": 0.3916687507308847, "max_depth": 4.406830212367884, "n_estimators": 19.20527524139657}, "datetime": {"datetime": "2021-09-17 18:34:39", "elapsed": 370.898616, "delta": 3.669902}}
{"target": 0.7969005844866581, "params": {"eta": 0.6279253542656298, "max_depth": 7.995318901154917, "n_estimators": 13.379434210228688}, "datetime": {"datetime": "2021-09-17 18:34:40", "elapsed": 372.468492, "delta": 1.569876}}
{"target": 0.7899511350576188, "params": {"eta": 0.5847033252992663, "max_depth": 19.179660231525652, "n_estimators": 14.135052062027164}, "datetime": {"datetime": "2021-09-17 18:34:43", "elapsed": 375.327388, "delta": 2.858896}}
{"target": 0.8290811826968172, "params": {"eta": 0.16193141572583122, "max_depth": 4.218132314597515, "n_estimators": 19.186452032578742}, "datetime": {"datetime": "2021-09-17 18:34:47", "elapsed": 379.092525, "delta": 3.765137}}
{"target": 0.7603226266355804, "params": {"eta": 0.7518602987603498, "max_depth": 11.19718824170371, "n_estimators": 14.91735020389958}, "datetime": {"datetime": "2021-09-17 18:34:49", "elapsed": 380.724832, "delta": 1.632307}}
{"target": 0.7997962250913193, "params": {"eta": 0.5805690935329189, "max_depth": 4.447198393265383, "n_estimators": 19.36314996547631}, "datetime": {"datetime": "2021-09-17 18:34:51", "elapsed": 382.746007, "delta": 2.021175}}
{"target": 0.8496294252005341, "params": {"eta": 0.23220043808980986, "max_depth": 4.17114475492842, "n_estimators": 19.469463752666}, "datetime": {"datetime": "2021-09-17 18:34:53", "elapsed": 384.811283, "delta": 2.065276}}
{"target": 0.8462890670413421, "params": {"eta": 0.33180387390579236, "max_depth": 19.131691881747187, "n_estimators": 13.83782045297545}, "datetime": {"datetime": "2021-09-17 18:34:55", "elapsed": 386.730223, "delta": 1.91894}}
{"target": 0.8521430538684356, "params": {"eta": 0.39875408868737094, "max_depth": 5.072845457397472, "n_estimators": 19.019842507849795}, "datetime": {"datetime": "2021-09-17 18:34:57", "elapsed": 389.240345, "delta": 2.510122}}
{"target": 0.6393812295120007, "params": {"eta": 0.20560899533653, "max_depth": 16.69365451587879, "n_estimators": 8.435068851124417}, "datetime": {"datetime": "2021-09-17 18:34:59", "elapsed": 390.746546, "delta": 1.506201}}
{"target": 0.8493420839297454, "params": {"eta": 0.1925669667488042, "max_depth": 4.381912841503064, "n_estimators": 19.404319875800915}, "datetime": {"datetime": "2021-09-17 18:35:01", "elapsed": 393.024315, "delta": 2.277769}}
{"target": 0.8099543886538453, "params": {"eta": 0.5689574887440623, "max_depth": 19.917692158225485, "n_estimators": 13.79915999952484}, "datetime": {"datetime": "2021-09-17 18:35:04", "elapsed": 396.019287, "delta": 2.994972}}
{"target": 0.7088756008073274, "params": {"eta": 0.1369432183700664, "max_depth": 7.194404074591329, "n_estimators": 14.90194213671829}, "datetime": {"datetime": "2021-09-17 18:35:05", "elapsed": 397.643283, "delta": 1.623996}}
{"target": 0.8509602840190509, "params": {"eta": 0.41413147189427235, "max_depth": 4.85784374855092, "n_estimators": 19.265777739802882}, "datetime": {"datetime": "2021-09-17 18:35:08", "elapsed": 400.53458, "delta": 2.891297}}
{"target": 0.8478981046416257, "params": {"eta": 0.35526980523089974, "max_depth": 4.869233996519126, "n_estimators": 19.520182672049}, "datetime": {"datetime": "2021-09-17 18:35:12", "elapsed": 403.883746, "delta": 3.349166}}
{"target": 0.8510564222393621, "params": {"eta": 0.2870940432943936, "max_depth": 4.709116287766635, "n_estimators": 19.271887266941295}, "datetime": {"datetime": "2021-09-17 18:35:14", "elapsed": 406.073539, "delta": 2.189793}}
{"target": 0.8549905264651131, "params": {"eta": 0.3884527902384426, "max_depth": 4.7055646996534595, "n_estimators": 19.560913933141748}, "datetime": {"datetime": "2021-09-17 18:35:17", "elapsed": 408.853478, "delta": 2.779939}}
{"target": 0.8516305269586912, "params": {"eta": 0.2664652955459094, "max_depth": 4.546590261344102, "n_estimators": 19.452677760636824}, "datetime": {"datetime": "2021-09-17 18:35:20", "elapsed": 411.845474, "delta": 2.991996}}
{"target": 0.8520673280548208, "params": {"eta": 0.28740094018423307, "max_depth": 4.421248668974856, "n_estimators": 19.60241350691367}, "datetime": {"datetime": "2021-09-17 18:35:21", "elapsed": 413.545993, "delta": 1.700519}}
{"target": 0.7579530423302193, "params": {"eta": 0.7402173517471143, "max_depth": 9.380956056578027, "n_estimators": 9.103213369816897}, "datetime": {"datetime": "2021-09-17 18:35:23", "elapsed": 415.16333, "delta": 1.617337}}
{"target": 0.827662212682263, "params": {"eta": 0.5082738649531439, "max_depth": 5.4752536706251735, "n_estimators": 10.78079707755961}, "datetime": {"datetime": "2021-09-17 18:35:25", "elapsed": 416.741829, "delta": 1.578499}}
{"target": 0.861709705688134, "params": {"eta": 0.22026548138504176, "max_depth": 4.744907684944531, "n_estimators": 19.644102812843066}, "datetime": {"datetime": "2021-09-17 18:35:27", "elapsed": 419.197408, "delta": 2.455579}}
{"target": 0.85132086340602, "params": {"eta": 0.4231580578085341, "max_depth": 4.766378949536971, "n_estimators": 19.71669235093899}, "datetime": {"datetime": "2021-09-17 18:35:29", "elapsed": 421.648957, "delta": 2.451549}}
{"target": 0.8447035618737591, "params": {"eta": 0.23716565565629869, "max_depth": 4.535329038631033, "n_estimators": 19.270013289210027}, "datetime": {"datetime": "2021-09-17 18:35:32", "elapsed": 423.828695, "delta": 2.179738}}
{"target": 0.8436588729267506, "params": {"eta": 0.3072992592098195, "max_depth": 19.950415865185022, "n_estimators": 13.842162471432093}, "datetime": {"datetime": "2021-09-17 18:35:34", "elapsed": 425.724479, "delta": 1.895784}}
{"target": 0.8476986634280606, "params": {"eta": 0.30282247957418407, "max_depth": 4.598229482835224, "n_estimators": 19.69817030362204}, "datetime": {"datetime": "2021-09-17 18:35:36", "elapsed": 428.079354, "delta": 2.354875}}
{"target": 0.8238987857111612, "params": {"eta": 0.5487468490258646, "max_depth": 6.478657310912222, "n_estimators": 14.995466490643281}, "datetime": {"datetime": "2021-09-17 18:35:38", "elapsed": 429.820362, "delta": 1.741008}}
{"target": 0.8386459191879028, "params": {"eta": 0.5181856860686106, "max_depth": 5.009643374034438, "n_estimators": 19.155485281840953}, "datetime": {"datetime": "2021-09-17 18:35:40", "elapsed": 432.188597, "delta": 2.368235}}
{"target": 0.8467409625442767, "params": {"eta": 0.27948397307861617, "max_depth": 4.955115105783467, "n_estimators": 19.332855975854656}, "datetime": {"datetime": "2021-09-17 18:35:42", "elapsed": 434.49457, "delta": 2.305973}}
{"target": 0.8260425965515987, "params": {"eta": 0.15091803079777905, "max_depth": 4.6960235084420425, "n_estimators": 19.365908755410082}, "datetime": {"datetime": "2021-09-17 18:35:45", "elapsed": 436.926649, "delta": 2.432079}}
{"target": 0.5857545052575114, "params": {"eta": 0.19381180623558342, "max_depth": 9.463987877669881, "n_estimators": 8.61087937974206}, "datetime": {"datetime": "2021-09-17 18:35:46", "elapsed": 438.499454, "delta": 1.572805}}
{"target": 0.8190198112636892, "params": {"eta": 0.17026025457963812, "max_depth": 5.303847405831352, "n_estimators": 16.478439801270092}, "datetime": {"datetime": "2021-09-17 18:35:48", "elapsed": 440.538252, "delta": 2.038798}}
{"target": 0.7880182283754299, "params": {"eta": 0.2704549690447927, "max_depth": 7.728430235656017, "n_estimators": 8.639391851684943}, "datetime": {"datetime": "2021-09-17 18:35:51", "elapsed": 443.164941, "delta": 2.626689}}
{"target": 0.8508081537036479, "params": {"eta": 0.26545179290427684, "max_depth": 5.1458737462388875, "n_estimators": 19.174821206047703}, "datetime": {"datetime": "2021-09-17 18:35:55", "elapsed": 447.242736, "delta": 4.077795}}
{"target": 0.7161397316997693, "params": {"eta": 0.1048046929966127, "max_depth": 4.732536757093023, "n_estimators": 19.80783163931632}, "datetime": {"datetime": "2021-09-17 18:35:57", "elapsed": 449.439982, "delta": 2.197246}}
{"target": 0.7884950737492877, "params": {"eta": 0.6727882460306862, "max_depth": 15.412178059410804, "n_estimators": 11.985732685454229}, "datetime": {"datetime": "2021-09-17 18:35:59", "elapsed": 451.176417, "delta": 1.736435}}
{"target": 0.8659836891561707, "params": {"eta": 0.36399018543422446, "max_depth": 12.072208753039996, "n_estimators": 19.18923728837614}, "datetime": {"datetime": "2021-09-17 18:36:01", "elapsed": 453.081018, "delta": 1.904601}}
{"target": 0.8274821348528787, "params": {"eta": 0.2785899660940475, "max_depth": 6.756215480046059, "n_estimators": 13.287161475786366}, "datetime": {"datetime": "2021-09-17 18:36:03", "elapsed": 454.888233, "delta": 1.807215}}
{"target": 0.7885451347805494, "params": {"eta": 0.7268556151870951, "max_depth": 15.376423196631032, "n_estimators": 10.17876906818212}, "datetime": {"datetime": "2021-09-17 18:36:04", "elapsed": 456.630569, "delta": 1.742336}}
{"target": 0.8475088045474055, "params": {"eta": 0.34132325973848865, "max_depth": 4.16930033800581, "n_estimators": 19.61741415873351}, "datetime": {"datetime": "2021-09-17 18:36:07", "elapsed": 458.932031, "delta": 2.301462}}
{"target": 0.8369859583296398, "params": {"eta": 0.41449074051957113, "max_depth": 5.069288006779976, "n_estimators": 19.360585418719047}, "datetime": {"datetime": "2021-09-17 18:36:09", "elapsed": 460.885477, "delta": 1.953446}}
{"target": 0.8304915316518398, "params": {"eta": 0.3398079789188718, "max_depth": 7.8706450316117955, "n_estimators": 9.887052131731464}, "datetime": {"datetime": "2021-09-17 18:36:10", "elapsed": 462.571067, "delta": 1.68559}}
{"target": 0.8538627502459438, "params": {"eta": 0.39283503016697807, "max_depth": 4.758835872933853, "n_estimators": 19.153314307609197}, "datetime": {"datetime": "2021-09-17 18:36:12", "elapsed": 464.654466, "delta": 2.083399}}
{"target": 0.8571358507944118, "params": {"eta": 0.3437676856992884, "max_depth": 12.249742520341705, "n_estimators": 19.209603298848325}, "datetime": {"datetime": "2021-09-17 18:36:15", "elapsed": 467.266471, "delta": 2.612005}}
