{"target": 0.8366464647783398, "params": {"eta": 0.3608130224423942, "max_depth": 6.884214847957827, "n_estimators": 14.050031211203258}, "datetime": {"datetime": "2021-09-17 18:30:50", "elapsed": 142.278762, "delta": 1.223}}
{"target": 0.8541094247661896, "params": {"eta": 0.34166035986816967, "max_depth": 6.852785952373075, "n_estimators": 14.472276679741029}, "datetime": {"datetime": "2021-09-17 18:30:52", "elapsed": 144.383634, "delta": 2.104872}}
{"target": 0.8288591760070104, "params": {"eta": 0.18442753282070473, "max_depth": 7.608108727200081, "n_estimators": 14.269032098197625}, "datetime": {"datetime": "2021-09-17 18:30:53", "elapsed": 145.599962, "delta": 1.216328}}
{"target": 0.8365158087568504, "params": {"eta": 0.4145770806209613, "max_depth": 7.693887831636308, "n_estimators": 14.204003611729258}, "datetime": {"datetime": "2021-09-17 18:30:55", "elapsed": 146.767504, "delta": 1.167542}}
{"target": 0.8504938786733687, "params": {"eta": 0.36242853298121314, "max_depth": 4.847940215978026, "n_estimators": 16.577291381771985}, "datetime": {"datetime": "2021-09-17 18:30:56", "elapsed": 147.837875, "delta": 1.070371}}
{"target": 0.8073369511055412, "params": {"eta": 0.13848930525982828, "max_depth": 4.36850540820096, "n_estimators": 18.22804141581409}, "datetime": {"datetime": "2021-09-17 18:30:56", "elapsed": 148.678931, "delta": 0.841056}}
{"target": 0.8504869793607037, "params": {"eta": 0.3804515998922088, "max_depth": 4.339515585372709, "n_estimators": 18.043504066577626}, "datetime": {"datetime": "2021-09-17 18:30:58", "elapsed": 149.834617, "delta": 1.155686}}
{"target": 0.7283611689717437, "params": {"eta": 0.11104515011332933, "max_depth": 12.023313909512517, "n_estimators": 18.952247791734134}, "datetime": {"datetime": "2021-09-17 18:30:58", "elapsed": 150.671617, "delta": 0.837}}
{"target": 0.7630137075352231, "params": {"eta": 0.7917019981136578, "max_depth": 18.672567305276665, "n_estimators": 19.58565975209771}, "datetime": {"datetime": "2021-09-17 18:31:00", "elapsed": 151.737153, "delta": 1.065536}}
{"target": 0.8344410356426281, "params": {"eta": 0.5296550135925733, "max_depth": 5.575836248552978, "n_estimators": 18.516171659512473}, "datetime": {"datetime": "2021-09-17 18:31:00", "elapsed": 152.66415, "delta": 0.926997}}
{"target": 0.811770929938773, "params": {"eta": 0.5212189123173506, "max_depth": 4.31746251495362, "n_estimators": 18.21973354299277}, "datetime": {"datetime": "2021-09-17 18:31:01", "elapsed": 153.59656, "delta": 0.93241}}
{"target": 0.7727136797403769, "params": {"eta": 0.6253293846451652, "max_depth": 19.42193541197515, "n_estimators": 10.707981667594984}, "datetime": {"datetime": "2021-09-17 18:31:02", "elapsed": 154.662562, "delta": 1.066002}}
{"target": 0.8673887613473388, "params": {"eta": 0.35910935853513604, "max_depth": 7.823956711679184, "n_estimators": 14.484943913061525}, "datetime": {"datetime": "2021-09-17 18:31:03", "elapsed": 155.457759, "delta": 0.795197}}
{"target": 0.8344347669369088, "params": {"eta": 0.2827720775158432, "max_depth": 7.816510956202796, "n_estimators": 14.374499005522578}, "datetime": {"datetime": "2021-09-17 18:31:04", "elapsed": 156.349507, "delta": 0.891748}}
{"target": 0.8452792487666172, "params": {"eta": 0.32015603060330045, "max_depth": 4.098935698825768, "n_estimators": 18.396014487555924}, "datetime": {"datetime": "2021-09-17 18:31:05", "elapsed": 157.454682, "delta": 1.105175}}
{"target": 0.7089588060309051, "params": {"eta": 0.20484861877633642, "max_depth": 19.81457571973815, "n_estimators": 9.215523501862602}, "datetime": {"datetime": "2021-09-17 18:31:06", "elapsed": 158.43068, "delta": 0.975998}}
{"target": 0.8415418939005388, "params": {"eta": 0.2905072704092455, "max_depth": 11.89959415337897, "n_estimators": 18.551482317262}, "datetime": {"datetime": "2021-09-17 18:31:08", "elapsed": 159.878572, "delta": 1.447892}}
{"target": 0.8443111654408535, "params": {"eta": 0.32233022032934233, "max_depth": 7.957088111666353, "n_estimators": 14.591355721775857}, "datetime": {"datetime": "2021-09-17 18:31:09", "elapsed": 160.977598, "delta": 1.099026}}
{"target": 0.8061894161361062, "params": {"eta": 0.6127918120150176, "max_depth": 16.586355832501063, "n_estimators": 19.39001859329819}, "datetime": {"datetime": "2021-09-17 18:31:10", "elapsed": 161.983844, "delta": 1.006246}}
{"target": 0.8280509553589024, "params": {"eta": 0.3708397673312742, "max_depth": 6.981486496054105, "n_estimators": 7.697158337176739}, "datetime": {"datetime": "2021-09-17 18:31:11", "elapsed": 163.01, "delta": 1.026156}}
{"target": 0.8545787450379339, "params": {"eta": 0.44769508966933436, "max_depth": 7.579805300641764, "n_estimators": 14.316924094485461}, "datetime": {"datetime": "2021-09-17 18:31:13", "elapsed": 164.905529, "delta": 1.895529}}
{"target": 0.8529546541710709, "params": {"eta": 0.34213055609559095, "max_depth": 4.199449460882059, "n_estimators": 18.245094656429345}, "datetime": {"datetime": "2021-09-17 18:31:14", "elapsed": 165.747759, "delta": 0.84223}}
{"target": 0.8561524091520066, "params": {"eta": 0.4735048119010954, "max_depth": 7.964490725293203, "n_estimators": 14.450242181335712}, "datetime": {"datetime": "2021-09-17 18:31:14", "elapsed": 166.631598, "delta": 0.883839}}
{"target": 0.8335975608724625, "params": {"eta": 0.5132902553426156, "max_depth": 7.97742556540733, "n_estimators": 14.65554361634265}, "datetime": {"datetime": "2021-09-17 18:31:16", "elapsed": 167.785841, "delta": 1.154243}}
{"target": 0.8681645819984856, "params": {"eta": 0.3768420466987157, "max_depth": 11.913850152319943, "n_estimators": 19.277808492680816}, "datetime": {"datetime": "2021-09-17 18:31:17", "elapsed": 168.867839, "delta": 1.081998}}
{"target": 0.8351633532422139, "params": {"eta": 0.5302219061696729, "max_depth": 5.4782019624370815, "n_estimators": 15.387355704944577}, "datetime": {"datetime": "2021-09-17 18:31:18", "elapsed": 169.846781, "delta": 0.978942}}
{"target": 0.8548928360109382, "params": {"eta": 0.36839870026315846, "max_depth": 12.06965981163888, "n_estimators": 19.182486586974406}, "datetime": {"datetime": "2021-09-17 18:31:19", "elapsed": 171.006984, "delta": 1.160203}}
{"target": 0.7517455329031495, "params": {"eta": 0.7722383631424086, "max_depth": 15.213186279160784, "n_estimators": 18.83928401108902}, "datetime": {"datetime": "2021-09-17 18:31:20", "elapsed": 172.172183, "delta": 1.165199}}
{"target": 0.8524746118087647, "params": {"eta": 0.2394330295240224, "max_depth": 11.99691719791699, "n_estimators": 19.300871354454312}, "datetime": {"datetime": "2021-09-17 18:31:22", "elapsed": 173.943726, "delta": 1.771543}}
{"target": 0.8432568902620369, "params": {"eta": 0.27003263816341216, "max_depth": 5.019929156504123, "n_estimators": 18.866051621903296}, "datetime": {"datetime": "2021-09-17 18:31:23", "elapsed": 175.235479, "delta": 1.291753}}
{"target": 0.8353296315511491, "params": {"eta": 0.27767167424782885, "max_depth": 11.820077670350235, "n_estimators": 19.37996535595303}, "datetime": {"datetime": "2021-09-17 18:31:24", "elapsed": 176.631136, "delta": 1.395657}}
{"target": 0.850525925897457, "params": {"eta": 0.4536767429547984, "max_depth": 7.798429871667115, "n_estimators": 14.615800395106248}, "datetime": {"datetime": "2021-09-17 18:31:25", "elapsed": 177.688344, "delta": 1.057208}}
{"target": 0.7605538278050084, "params": {"eta": 0.7642101153113433, "max_depth": 10.4702008641086, "n_estimators": 17.775802710943488}, "datetime": {"datetime": "2021-09-17 18:31:26", "elapsed": 178.691343, "delta": 1.002999}}
{"target": 0.83188392774235, "params": {"eta": 0.21558422761906965, "max_depth": 9.909936200713993, "n_estimators": 18.103053631863602}, "datetime": {"datetime": "2021-09-17 18:31:28", "elapsed": 179.777006, "delta": 1.085663}}
{"target": 0.8606661068522213, "params": {"eta": 0.4317135029502153, "max_depth": 19.728554867560064, "n_estimators": 14.173983109687283}, "datetime": {"datetime": "2021-09-17 18:31:29", "elapsed": 180.878642, "delta": 1.101636}}
{"target": 0.8399704013548968, "params": {"eta": 0.47284419425819224, "max_depth": 11.93622038437644, "n_estimators": 19.492413944055357}, "datetime": {"datetime": "2021-09-17 18:31:31", "elapsed": 182.892946, "delta": 2.014304}}
{"target": 0.8284622693465611, "params": {"eta": 0.2843047892806916, "max_depth": 19.70243471478279, "n_estimators": 13.9878801797858}, "datetime": {"datetime": "2021-09-17 18:31:32", "elapsed": 184.237968, "delta": 1.345022}}
{"target": 0.8065204052808107, "params": {"eta": 0.568965052839141, "max_depth": 5.962114219307544, "n_estimators": 18.447021390120273}, "datetime": {"datetime": "2021-09-17 18:31:33", "elapsed": 185.264744, "delta": 1.026776}}
{"target": 0.8452044114035079, "params": {"eta": 0.3549104376136897, "max_depth": 7.604502692419125, "n_estimators": 8.486105627894716}, "datetime": {"datetime": "2021-09-17 18:31:34", "elapsed": 186.280357, "delta": 1.015613}}
{"target": 0.845398941692598, "params": {"eta": 0.2703311148832962, "max_depth": 19.67869019308862, "n_estimators": 14.166832963667161}, "datetime": {"datetime": "2021-09-17 18:31:35", "elapsed": 187.413031, "delta": 1.132674}}
{"target": 0.7747053344487366, "params": {"eta": 0.16003752525810652, "max_depth": 7.76696714614752, "n_estimators": 14.52412843216247}, "datetime": {"datetime": "2021-09-17 18:31:37", "elapsed": 188.948031, "delta": 1.535}}
{"target": 0.8290170281531206, "params": {"eta": 0.4137727353259798, "max_depth": 19.484636791295912, "n_estimators": 14.086013762158828}, "datetime": {"datetime": "2021-09-17 18:31:38", "elapsed": 190.003161, "delta": 1.05513}}
{"target": 0.8283800028849028, "params": {"eta": 0.24595824386540951, "max_depth": 18.823803246497825, "n_estimators": 16.53968421261124}, "datetime": {"datetime": "2021-09-17 18:31:39", "elapsed": 191.115366, "delta": 1.112205}}
{"target": 0.8315916861451743, "params": {"eta": 0.360014425278679, "max_depth": 12.507898850881036, "n_estimators": 8.471401202966025}, "datetime": {"datetime": "2021-09-17 18:31:40", "elapsed": 192.186373, "delta": 1.071007}}
{"target": 0.8516573108938972, "params": {"eta": 0.3253525869033179, "max_depth": 7.9543774962111, "n_estimators": 14.600846526693637}, "datetime": {"datetime": "2021-09-17 18:31:41", "elapsed": 193.27012, "delta": 1.083747}}
{"target": 0.8642329688522943, "params": {"eta": 0.3951211507104402, "max_depth": 7.70597651428996, "n_estimators": 14.447546737359854}, "datetime": {"datetime": "2021-09-17 18:31:42", "elapsed": 194.336117, "delta": 1.065997}}
{"target": 0.8631071382177347, "params": {"eta": 0.433765645999986, "max_depth": 13.327165685675366, "n_estimators": 9.50503687227434}, "datetime": {"datetime": "2021-09-17 18:31:43", "elapsed": 195.350495, "delta": 1.014378}}
{"target": 0.8170813422864901, "params": {"eta": 0.5522371200334559, "max_depth": 12.061740776143168, "n_estimators": 19.249073504993177}, "datetime": {"datetime": "2021-09-17 18:31:45", "elapsed": 196.763109, "delta": 1.412614}}
{"target": 0.7839991618767772, "params": {"eta": 0.5858304870682655, "max_depth": 18.62651258696129, "n_estimators": 18.317608156844923}, "datetime": {"datetime": "2021-09-17 18:31:46", "elapsed": 198.064393, "delta": 1.301284}}
{"target": 0.871157633107374, "params": {"eta": 0.34615610513018447, "max_depth": 7.8870332395197345, "n_estimators": 14.818526864795913}, "datetime": {"datetime": "2021-09-17 18:31:47", "elapsed": 199.475174, "delta": 1.410781}}
{"target": 0.8457302331564185, "params": {"eta": 0.22317051992652714, "max_depth": 7.9432145713331135, "n_estimators": 14.711169968425876}, "datetime": {"datetime": "2021-09-17 18:31:49", "elapsed": 200.821307, "delta": 1.346133}}
{"target": 0.8165212525248755, "params": {"eta": 0.48544941140564235, "max_depth": 7.864622097096641, "n_estimators": 14.783839931490274}, "datetime": {"datetime": "2021-09-17 18:31:50", "elapsed": 202.148311, "delta": 1.327004}}
{"target": 0.83941079850878, "params": {"eta": 0.3976176016373728, "max_depth": 13.501458272508959, "n_estimators": 9.53170224715921}, "datetime": {"datetime": "2021-09-17 18:31:51", "elapsed": 203.255093, "delta": 1.106782}}
{"target": 0.8433812549225579, "params": {"eta": 0.2335631468314221, "max_depth": 7.9979447710487985, "n_estimators": 14.896258175767656}, "datetime": {"datetime": "2021-09-17 18:31:53", "elapsed": 205.040144, "delta": 1.785051}}
{"target": 0.79298651606094, "params": {"eta": 0.7189216970870295, "max_depth": 15.37328439460755, "n_estimators": 8.250483429169975}, "datetime": {"datetime": "2021-09-17 18:31:54", "elapsed": 206.241821, "delta": 1.201677}}
{"target": 0.8592597695260678, "params": {"eta": 0.43320884985661523, "max_depth": 19.292671722107073, "n_estimators": 14.032729053320338}, "datetime": {"datetime": "2021-09-17 18:31:55", "elapsed": 207.646427, "delta": 1.404606}}
{"target": 0.7501894286484986, "params": {"eta": 0.7606420396137027, "max_depth": 17.261798829037893, "n_estimators": 8.74785364153061}, "datetime": {"datetime": "2021-09-17 18:31:57", "elapsed": 208.773428, "delta": 1.127001}}
{"target": 0.8392659629940232, "params": {"eta": 0.40972317477499653, "max_depth": 11.833891360880507, "n_estimators": 19.11962255388069}, "datetime": {"datetime": "2021-09-17 18:31:58", "elapsed": 210.136635, "delta": 1.363207}}
{"target": 0.768317723626697, "params": {"eta": 0.628659654121424, "max_depth": 11.824312090589968, "n_estimators": 10.354213227447914}, "datetime": {"datetime": "2021-09-17 18:31:59", "elapsed": 211.225896, "delta": 1.089261}}
{"target": 0.7670828257154179, "params": {"eta": 0.7457755258587346, "max_depth": 4.756821975554823, "n_estimators": 17.62442656947038}, "datetime": {"datetime": "2021-09-17 18:32:00", "elapsed": 212.347891, "delta": 1.121995}}
{"target": 0.7475590637479903, "params": {"eta": 0.7550863326460299, "max_depth": 18.192132014346164, "n_estimators": 9.57138667741116}, "datetime": {"datetime": "2021-09-17 18:32:01", "elapsed": 213.467095, "delta": 1.119204}}
{"target": 0.8210650119347752, "params": {"eta": 0.3177133047931983, "max_depth": 13.277438519028996, "n_estimators": 9.635697155787238}, "datetime": {"datetime": "2021-09-17 18:32:03", "elapsed": 215.012092, "delta": 1.544997}}
{"target": 0.8572682110249554, "params": {"eta": 0.3851149078665499, "max_depth": 4.835510522662046, "n_estimators": 18.987831630543553}, "datetime": {"datetime": "2021-09-17 18:32:04", "elapsed": 216.127197, "delta": 1.115105}}
{"target": 0.8198106443941399, "params": {"eta": 0.18076649070531825, "max_depth": 5.587568479588102, "n_estimators": 16.80813780728886}, "datetime": {"datetime": "2021-09-17 18:32:05", "elapsed": 217.32542, "delta": 1.198223}}
{"target": 0.8370928550316408, "params": {"eta": 0.37415936985520915, "max_depth": 8.083678387646348, "n_estimators": 14.753237259321837}, "datetime": {"datetime": "2021-09-17 18:32:07", "elapsed": 219.089422, "delta": 1.764002}}
{"target": 0.8509520856546453, "params": {"eta": 0.2598505760144209, "max_depth": 7.781433827819656, "n_estimators": 14.917238072111811}, "datetime": {"datetime": "2021-09-17 18:32:09", "elapsed": 220.737298, "delta": 1.647876}}
{"target": 0.8482850871671176, "params": {"eta": 0.3774631321586106, "max_depth": 4.9698157820004205, "n_estimators": 16.414194857654216}, "datetime": {"datetime": "2021-09-17 18:32:10", "elapsed": 222.289486, "delta": 1.552188}}
{"target": 0.8244282066568647, "params": {"eta": 0.5879564759964699, "max_depth": 5.6966091660085745, "n_estimators": 18.427381197065245}, "datetime": {"datetime": "2021-09-17 18:32:11", "elapsed": 223.473694, "delta": 1.184208}}
{"target": 0.8233616310897869, "params": {"eta": 0.510276977501196, "max_depth": 13.251972879346877, "n_estimators": 9.374812169480538}, "datetime": {"datetime": "2021-09-17 18:32:13", "elapsed": 225.026687, "delta": 1.552993}}
{"target": 0.8505355544841284, "params": {"eta": 0.2723238248089266, "max_depth": 19.233579328345158, "n_estimators": 14.099852538482237}, "datetime": {"datetime": "2021-09-17 18:32:14", "elapsed": 226.461426, "delta": 1.434739}}
{"target": 0.8518000630308893, "params": {"eta": 0.32068654287950155, "max_depth": 4.884094506342496, "n_estimators": 19.734164320049132}, "datetime": {"datetime": "2021-09-17 18:32:16", "elapsed": 227.71858, "delta": 1.257154}}
{"target": 0.8343924045756904, "params": {"eta": 0.24803513402397792, "max_depth": 19.30868428585481, "n_estimators": 13.865260596183358}, "datetime": {"datetime": "2021-09-17 18:32:17", "elapsed": 229.4503, "delta": 1.73172}}
{"target": 0.8497194849681342, "params": {"eta": 0.33168965833752356, "max_depth": 4.6718308569169835, "n_estimators": 19.007506787651927}, "datetime": {"datetime": "2021-09-17 18:32:19", "elapsed": 231.114962, "delta": 1.664662}}
{"target": 0.8011929626656273, "params": {"eta": 0.5445243766207134, "max_depth": 4.846878086192467, "n_estimators": 18.896025782954034}, "datetime": {"datetime": "2021-09-17 18:32:21", "elapsed": 232.820642, "delta": 1.70568}}
{"target": 0.841568917015909, "params": {"eta": 0.19989312197644754, "max_depth": 4.846962428815132, "n_estimators": 18.95148487478116}, "datetime": {"datetime": "2021-09-17 18:32:23", "elapsed": 234.733532, "delta": 1.91289}}
{"target": 0.7939239899894114, "params": {"eta": 0.7271387026746623, "max_depth": 18.70310859166635, "n_estimators": 17.303593095774012}, "datetime": {"datetime": "2021-09-17 18:32:24", "elapsed": 236.077823, "delta": 1.344291}}
{"target": 0.805111847268731, "params": {"eta": 0.5687448781532882, "max_depth": 13.382071722216676, "n_estimators": 9.593435828952787}, "datetime": {"datetime": "2021-09-17 18:32:27", "elapsed": 238.712955, "delta": 2.635132}}
{"target": 0.8213129542169143, "params": {"eta": 0.5062249492866718, "max_depth": 4.624534706518741, "n_estimators": 19.033659287857482}, "datetime": {"datetime": "2021-09-17 18:32:28", "elapsed": 240.142433, "delta": 1.429478}}
{"target": 0.8471178751213125, "params": {"eta": 0.2404174840488634, "max_depth": 4.677765141202187, "n_estimators": 16.519718531288408}, "datetime": {"datetime": "2021-09-17 18:32:30", "elapsed": 242.497994, "delta": 2.355561}}
{"target": 0.85695595407973, "params": {"eta": 0.43546892676945814, "max_depth": 4.759823416792118, "n_estimators": 16.43351157462184}, "datetime": {"datetime": "2021-09-17 18:32:32", "elapsed": 244.373137, "delta": 1.875143}}
{"target": 0.8009198752070021, "params": {"eta": 0.56678034341894, "max_depth": 7.8318954249440615, "n_estimators": 14.484807949456375}, "datetime": {"datetime": "2021-09-17 18:32:34", "elapsed": 246.249733, "delta": 1.876596}}
{"target": 0.8073660021620982, "params": {"eta": 0.5773306244577663, "max_depth": 5.3692650166064535, "n_estimators": 18.52673347600989}, "datetime": {"datetime": "2021-09-17 18:32:36", "elapsed": 247.709221, "delta": 1.459488}}
{"target": 0.8491954152212282, "params": {"eta": 0.4044981663031284, "max_depth": 19.61691330886676, "n_estimators": 14.351913217525754}, "datetime": {"datetime": "2021-09-17 18:32:37", "elapsed": 249.44655, "delta": 1.737329}}
{"target": 0.8597699464041759, "params": {"eta": 0.32894668213289924, "max_depth": 19.908912795289048, "n_estimators": 14.044563743037854}, "datetime": {"datetime": "2021-09-17 18:32:39", "elapsed": 250.995161, "delta": 1.548611}}
{"target": 0.8357405112295009, "params": {"eta": 0.3059972166358282, "max_depth": 4.623176109658333, "n_estimators": 16.37938982895799}, "datetime": {"datetime": "2021-09-17 18:32:40", "elapsed": 252.523981, "delta": 1.52882}}
{"target": 0.8490352412833919, "params": {"eta": 0.40030320848789214, "max_depth": 19.115747169597313, "n_estimators": 14.124988565736086}, "datetime": {"datetime": "2021-09-17 18:32:42", "elapsed": 254.148757, "delta": 1.624776}}
{"target": 0.7744112620990409, "params": {"eta": 0.7330286636349337, "max_depth": 14.02120644066531, "n_estimators": 13.732272440132629}, "datetime": {"datetime": "2021-09-17 18:32:43", "elapsed": 255.511405, "delta": 1.362648}}
{"target": 0.8276853915774585, "params": {"eta": 0.41537008378802065, "max_depth": 19.39954443271757, "n_estimators": 14.312637246664114}, "datetime": {"datetime": "2021-09-17 18:32:45", "elapsed": 256.861407, "delta": 1.350002}}
{"target": 0.8424633540208023, "params": {"eta": 0.40586929952177864, "max_depth": 4.8420936485122965, "n_estimators": 18.35315325281774}, "datetime": {"datetime": "2021-09-17 18:32:46", "elapsed": 258.063388, "delta": 1.201981}}
{"target": 0.8477126595826705, "params": {"eta": 0.47095262471357435, "max_depth": 19.92061154043191, "n_estimators": 14.148284864353961}, "datetime": {"datetime": "2021-09-17 18:32:47", "elapsed": 259.639879, "delta": 1.576491}}
{"target": 0.8517722940830006, "params": {"eta": 0.26777016412817833, "max_depth": 4.9222237653390835, "n_estimators": 19.109336535371703}, "datetime": {"datetime": "2021-09-17 18:32:49", "elapsed": 261.259755, "delta": 1.619876}}
{"target": 0.8317672717398698, "params": {"eta": 0.3121202592968779, "max_depth": 7.784799013732274, "n_estimators": 14.74414459357603}, "datetime": {"datetime": "2021-09-17 18:32:51", "elapsed": 263.247037, "delta": 1.987282}}
{"target": 0.83085022573598, "params": {"eta": 0.5065969299984233, "max_depth": 7.611074164424398, "n_estimators": 15.480768561675951}, "datetime": {"datetime": "2021-09-17 18:32:52", "elapsed": 264.606948, "delta": 1.359911}}
{"target": 0.6533652572354965, "params": {"eta": 0.1, "max_depth": 11.939490281478216, "n_estimators": 18.541964624228704}, "datetime": {"datetime": "2021-09-17 18:32:54", "elapsed": 266.494859, "delta": 1.887911}}
{"target": 0.848779542203873, "params": {"eta": 0.3049069938654442, "max_depth": 6.68475325449571, "n_estimators": 14.059261264952998}, "datetime": {"datetime": "2021-09-17 18:32:56", "elapsed": 268.099738, "delta": 1.604879}}
{"target": 0.8050137219224686, "params": {"eta": 0.3045960262656223, "max_depth": 13.367276982923022, "n_estimators": 9.403153534518168}, "datetime": {"datetime": "2021-09-17 18:32:58", "elapsed": 270.100978, "delta": 2.00124}}
