{"target": -21.955573903416333, "params": {"eta": 0.047531980423231666, "max_depth": 7.482920440979423, "n_estimators": 1.001029373356104}, "datetime": {"datetime": "2021-09-17 09:04:43", "elapsed": 0.0, "delta": 0.0}}
{"target": -22.185710410067912, "params": {"eta": 0.03720993153686558, "max_depth": 2.3208030173540175, "n_estimators": 1.8310473529191802}, "datetime": {"datetime": "2021-09-17 09:04:43", "elapsed": 0.030999, "delta": 0.030999}}
{"target": -20.737478690241513, "params": {"eta": 0.026763419023990383, "max_depth": 4.11004654338743, "n_estimators": 4.570907268076029}, "datetime": {"datetime": "2021-09-17 09:04:43", "elapsed": 0.062, "delta": 0.031001}}
{"target": -15.353327444038895, "params": {"eta": 0.05849350606030213, "max_depth": 4.772750629629654, "n_estimators": 7.166975503570836}, "datetime": {"datetime": "2021-09-17 09:04:43", "elapsed": 0.100005, "delta": 0.038005}}
{"target": -22.37144629727853, "params": {"eta": 0.02840070247583657, "max_depth": 8.90305692751851, "n_estimators": 1.2464883387813355}, "datetime": {"datetime": "2021-09-17 09:04:43", "elapsed": 0.128, "delta": 0.027995}}
{"target": -15.11951051448521, "params": {"eta": 0.07034207591605621, "max_depth": 4.755743221304143, "n_estimators": 6.028208456011765}, "datetime": {"datetime": "2021-09-17 09:04:43", "elapsed": 0.161998, "delta": 0.033998}}
{"target": -12.601509547861, "params": {"eta": 0.1, "max_depth": 6.556183683615037, "n_estimators": 6.476336534806931}, "datetime": {"datetime": "2021-09-17 09:04:44", "elapsed": 0.497697, "delta": 0.335699}}
{"target": -11.419456275513298, "params": {"eta": 0.1, "max_depth": 8.752646870700353, "n_estimators": 7.92052807517131}, "datetime": {"datetime": "2021-09-17 09:04:44", "elapsed": 0.827693, "delta": 0.329996}}
{"target": -8.643854819473466, "params": {"eta": 0.1, "max_depth": 10.0, "n_estimators": 10.0}, "datetime": {"datetime": "2021-09-17 09:04:44", "elapsed": 1.071969, "delta": 0.244276}}
{"target": -20.89658982494944, "params": {"eta": 0.01, "max_depth": 7.7963439116666455, "n_estimators": 10.0}, "datetime": {"datetime": "2021-09-17 09:04:44", "elapsed": 1.300965, "delta": 0.228996}}
{"target": -11.441001437839708, "params": {"eta": 0.0878790407505107, "max_depth": 9.99557267254172, "n_estimators": 8.42823725132784}, "datetime": {"datetime": "2021-09-17 09:04:45", "elapsed": 1.577965, "delta": 0.277}}
{"target": -13.934357431687808, "params": {"eta": 0.1, "max_depth": 9.158835441271592, "n_estimators": 5.882799758159528}, "datetime": {"datetime": "2021-09-17 09:04:45", "elapsed": 1.844966, "delta": 0.267001}}
{"target": -9.140022542602136, "params": {"eta": 0.1, "max_depth": 1.0, "n_estimators": 10.0}, "datetime": {"datetime": "2021-09-17 09:04:45", "elapsed": 2.094969, "delta": 0.250003}}
{"target": -10.792969007241098, "params": {"eta": 0.1, "max_depth": 1.0, "n_estimators": 8.072484630210656}, "datetime": {"datetime": "2021-09-17 09:04:45", "elapsed": 2.366968, "delta": 0.271999}}
{"target": -20.91735335431601, "params": {"eta": 0.01, "max_depth": 2.745203313896929, "n_estimators": 10.0}, "datetime": {"datetime": "2021-09-17 09:04:46", "elapsed": 2.639967, "delta": 0.272999}}
{"target": -15.23285987314425, "params": {"eta": 0.07097675131437928, "max_depth": 1.0780620677327069, "n_estimators": 6.054760089260284}, "datetime": {"datetime": "2021-09-17 09:04:46", "elapsed": 2.879371, "delta": 0.239404}}
{"target": -10.042420763718454, "params": {"eta": 0.09903150039798386, "max_depth": 1.0049119925047303, "n_estimators": 9.209789984735474}, "datetime": {"datetime": "2021-09-17 09:04:46", "elapsed": 3.132563, "delta": 0.253192}}
{"target": -22.134401308784362, "params": {"eta": 0.01, "max_depth": 7.292009706372529, "n_estimators": 4.688806290413096}, "datetime": {"datetime": "2021-09-17 09:04:46", "elapsed": 3.375094, "delta": 0.242531}}
{"target": -16.79014294665111, "params": {"eta": 0.04597585401170376, "max_depth": 9.974430696454741, "n_estimators": 7.045055458977654}, "datetime": {"datetime": "2021-09-17 09:04:47", "elapsed": 3.683091, "delta": 0.307997}}
{"target": -21.505509454090344, "params": {"eta": 0.01, "max_depth": 7.3544700415308055, "n_estimators": 7.561907716765296}, "datetime": {"datetime": "2021-09-17 09:04:47", "elapsed": 3.953091, "delta": 0.27}}
{"target": -14.629098028258275, "params": {"eta": 0.0512732386284831, "max_depth": 9.52744286217632, "n_estimators": 9.266682336710211}, "datetime": {"datetime": "2021-09-17 09:04:47", "elapsed": 4.242094, "delta": 0.289003}}
{"target": -21.324666501189533, "params": {"eta": 0.01, "max_depth": 1.7108893928104956, "n_estimators": 8.546940253137318}, "datetime": {"datetime": "2021-09-17 09:04:48", "elapsed": 4.548093, "delta": 0.305999}}
{"target": -14.377052450180054, "params": {"eta": 0.0808074359556796, "max_depth": 1.0813069424186978, "n_estimators": 6.062558389957251}, "datetime": {"datetime": "2021-09-17 09:04:48", "elapsed": 4.700091, "delta": 0.151998}}
{"target": -13.840423838402097, "params": {"eta": 0.05754810075534354, "max_depth": 9.998827690603566, "n_estimators": 9.91612474006909}, "datetime": {"datetime": "2021-09-17 09:04:48", "elapsed": 4.894279, "delta": 0.194188}}
{"target": -15.449689035039198, "params": {"eta": 0.04639002138366615, "max_depth": 1.0895230391676156, "n_estimators": 9.157588808192502}, "datetime": {"datetime": "2021-09-17 09:04:48", "elapsed": 5.114284, "delta": 0.220005}}
{"target": -14.571964619661632, "params": {"eta": 0.053183433658076325, "max_depth": 1.049081576015213, "n_estimators": 9.95635906363326}, "datetime": {"datetime": "2021-09-17 09:04:48", "elapsed": 5.312283, "delta": 0.197999}}
{"target": -14.454708100620067, "params": {"eta": 0.054124398602683366, "max_depth": 1.0196210027716324, "n_estimators": 9.266283961827874}, "datetime": {"datetime": "2021-09-17 09:04:49", "elapsed": 5.462281, "delta": 0.149998}}
{"target": -18.753435732816396, "params": {"eta": 0.030703766366187997, "max_depth": 1.5830813578062952, "n_estimators": 7.334610826760997}, "datetime": {"datetime": "2021-09-17 09:04:49", "elapsed": 5.623281, "delta": 0.161}}
{"target": -11.745236710498208, "params": {"eta": 0.0754697181704552, "max_depth": 9.93472541127334, "n_estimators": 9.984252460965616}, "datetime": {"datetime": "2021-09-17 09:04:49", "elapsed": 5.854279, "delta": 0.230998}}
{"target": -14.690357949859216, "params": {"eta": 0.06681769767155363, "max_depth": 1.01124556170135, "n_estimators": 7.9633906040582545}, "datetime": {"datetime": "2021-09-17 09:04:49", "elapsed": 6.049283, "delta": 0.195004}}
{"target": -17.80401507678785, "params": {"eta": 0.08552835788795095, "max_depth": 4.766594308346716, "n_estimators": 3.6648047563658306}, "datetime": {"datetime": "2021-09-17 09:04:49", "elapsed": 6.213281, "delta": 0.163998}}
{"target": -18.353625000621143, "params": {"eta": 0.03316298197490447, "max_depth": 8.699052486205751, "n_estimators": 7.86451887133301}, "datetime": {"datetime": "2021-09-17 09:04:50", "elapsed": 6.436282, "delta": 0.223001}}
{"target": -16.83238128172724, "params": {"eta": 0.040888545727221344, "max_depth": 1.087163518586096, "n_estimators": 8.11243377911732}, "datetime": {"datetime": "2021-09-17 09:04:50", "elapsed": 6.609282, "delta": 0.173}}
{"target": -15.138825938576145, "params": {"eta": 0.04876455091639197, "max_depth": 1.083638441144093, "n_estimators": 9.156611886977325}, "datetime": {"datetime": "2021-09-17 09:04:50", "elapsed": 6.782281, "delta": 0.172999}}
{"target": -10.141087080302992, "params": {"eta": 0.09775677477871252, "max_depth": 1.0008568662571236, "n_estimators": 9.108663932969147}, "datetime": {"datetime": "2021-09-17 09:04:50", "elapsed": 7.033706, "delta": 0.251425}}
{"target": -19.712349968050656, "params": {"eta": 0.02285545069321912, "max_depth": 8.818826431888894, "n_estimators": 7.990700387281384}, "datetime": {"datetime": "2021-09-17 09:04:50", "elapsed": 7.236704, "delta": 0.202998}}
{"target": -19.448573867270824, "params": {"eta": 0.021717717429179335, "max_depth": 9.97651535202045, "n_estimators": 8.365295910949792}, "datetime": {"datetime": "2021-09-17 09:04:51", "elapsed": 7.453712, "delta": 0.217008}}
{"target": -21.37534247526997, "params": {"eta": 0.01928811412097515, "max_depth": 1.5143398111461437, "n_estimators": 4.326814703899286}, "datetime": {"datetime": "2021-09-17 09:04:51", "elapsed": 7.632701, "delta": 0.178989}}
{"target": -21.924285800362888, "params": {"eta": 0.049322404629116745, "max_depth": 2.74125254508139, "n_estimators": 1.6818932366379484}, "datetime": {"datetime": "2021-09-17 09:04:51", "elapsed": 7.816702, "delta": 0.184001}}
{"target": -11.004369899473692, "params": {"eta": 0.0926518491619479, "max_depth": 9.931932221703677, "n_estimators": 8.537674498512793}, "datetime": {"datetime": "2021-09-17 09:04:51", "elapsed": 8.0607, "delta": 0.243998}}
{"target": -10.607253525445335, "params": {"eta": 0.0974960730120791, "max_depth": 9.89827348031028, "n_estimators": 8.436645976629615}, "datetime": {"datetime": "2021-09-17 09:04:51", "elapsed": 8.355724, "delta": 0.295024}}
{"target": -18.656707139705357, "params": {"eta": 0.027027610769610876, "max_depth": 9.813951942547032, "n_estimators": 8.475946647129026}, "datetime": {"datetime": "2021-09-17 09:04:52", "elapsed": 8.738724, "delta": 0.383}}
{"target": -13.318247629153102, "params": {"eta": 0.06915058253183738, "max_depth": 9.972897274206723, "n_estimators": 8.486704763112424}, "datetime": {"datetime": "2021-09-17 09:04:52", "elapsed": 8.958912, "delta": 0.220188}}
{"target": -15.07756683261771, "params": {"eta": 0.05388945864087075, "max_depth": 9.960560639370875, "n_estimators": 8.651994203925799}, "datetime": {"datetime": "2021-09-17 09:04:52", "elapsed": 9.176911, "delta": 0.217999}}
{"target": -11.5647929831555, "params": {"eta": 0.0807943308422365, "max_depth": 1.0256596625369128, "n_estimators": 9.023558255473722}, "datetime": {"datetime": "2021-09-17 09:04:52", "elapsed": 9.371319, "delta": 0.194408}}
{"target": -21.57534283587807, "params": {"eta": 0.03292543096254262, "max_depth": 8.609410933030903, "n_estimators": 2.175911307008866}, "datetime": {"datetime": "2021-09-17 09:04:53", "elapsed": 9.565314, "delta": 0.193995}}
{"target": -12.335972342365666, "params": {"eta": 0.07792325535425938, "max_depth": 3.1273887631275565, "n_estimators": 8.87671455202899}, "datetime": {"datetime": "2021-09-17 09:04:53", "elapsed": 9.770315, "delta": 0.205001}}
{"target": -10.556007978790683, "params": {"eta": 0.09800611425224559, "max_depth": 3.088768767716132, "n_estimators": 8.773479488142891}, "datetime": {"datetime": "2021-09-17 09:04:53", "elapsed": 10.024317, "delta": 0.254002}}
{"target": -10.984811647001065, "params": {"eta": 0.08297827483867491, "max_depth": 7.725214592985029, "n_estimators": 9.005760976116772}, "datetime": {"datetime": "2021-09-17 09:04:53", "elapsed": 10.246317, "delta": 0.222}}
{"target": -17.65700223759601, "params": {"eta": 0.033861780341787426, "max_depth": 3.048219515928825, "n_estimators": 8.807312446731428}, "datetime": {"datetime": "2021-09-17 09:04:54", "elapsed": 10.473937, "delta": 0.22762}}
{"target": -15.34582485211523, "params": {"eta": 0.0459107397586976, "max_depth": 7.775303145612973, "n_estimators": 9.068564276045166}, "datetime": {"datetime": "2021-09-17 09:04:54", "elapsed": 10.705938, "delta": 0.232001}}
{"target": -11.939468145684192, "params": {"eta": 0.0825325528300036, "max_depth": 7.632135841047508, "n_estimators": 8.948366950138594}, "datetime": {"datetime": "2021-09-17 09:04:54", "elapsed": 10.929127, "delta": 0.223189}}
{"target": -12.028954350948334, "params": {"eta": 0.08120251159138114, "max_depth": 3.2179901924842564, "n_estimators": 8.806937867787745}, "datetime": {"datetime": "2021-09-17 09:04:54", "elapsed": 11.144131, "delta": 0.215004}}
{"target": -18.64223352654984, "params": {"eta": 0.027126902633841966, "max_depth": 7.69617857367784, "n_estimators": 8.922641407449198}, "datetime": {"datetime": "2021-09-17 09:04:55", "elapsed": 11.445131, "delta": 0.301}}
{"target": -10.95626185191305, "params": {"eta": 0.08341155286246162, "max_depth": 7.648580620175496, "n_estimators": 9.037720355717056}, "datetime": {"datetime": "2021-09-17 09:04:55", "elapsed": 11.748132, "delta": 0.303001}}
{"target": -10.666091778403834, "params": {"eta": 0.08649261633942282, "max_depth": 7.570673123409351, "n_estimators": 9.022138792966114}, "datetime": {"datetime": "2021-09-17 09:04:55", "elapsed": 12.041132, "delta": 0.293}}
{"target": -11.227904866243662, "params": {"eta": 0.08983463295079609, "max_depth": 3.120373582409517, "n_estimators": 8.65977067975528}, "datetime": {"datetime": "2021-09-17 09:04:55", "elapsed": 12.326393, "delta": 0.285261}}
{"target": -20.414333943787376, "params": {"eta": 0.013798352450759409, "max_depth": 6.918763866198466, "n_estimators": 9.920530401914434}, "datetime": {"datetime": "2021-09-17 09:04:56", "elapsed": 12.558384, "delta": 0.231991}}
{"target": -21.13376720830014, "params": {"eta": 0.010975919016118848, "max_depth": 3.2189426892268598, "n_estimators": 8.674357181110452}, "datetime": {"datetime": "2021-09-17 09:04:56", "elapsed": 12.875387, "delta": 0.317003}}
{"target": -19.375848855156647, "params": {"eta": 0.019777558619289787, "max_depth": 8.338713877154081, "n_estimators": 9.771666343108862}, "datetime": {"datetime": "2021-09-17 09:04:56", "elapsed": 13.111937, "delta": 0.23655}}
{"target": -16.185556043449203, "params": {"eta": 0.0884572301645172, "max_depth": 2.607356547576915, "n_estimators": 4.769075817057455}, "datetime": {"datetime": "2021-09-17 09:04:56", "elapsed": 13.339938, "delta": 0.228001}}
{"target": -20.60676846410099, "params": {"eta": 0.01647209390446542, "max_depth": 2.404965197063553, "n_estimators": 7.09734539708597}, "datetime": {"datetime": "2021-09-17 09:04:57", "elapsed": 13.586939, "delta": 0.247001}}
{"target": -16.718062842676517, "params": {"eta": 0.03644015101572393, "max_depth": 7.547671876719026, "n_estimators": 9.107032968350405}, "datetime": {"datetime": "2021-09-17 09:04:57", "elapsed": 13.826938, "delta": 0.239999}}
{"target": -12.18547677868291, "params": {"eta": 0.07949743855593851, "max_depth": 3.2399438882283276, "n_estimators": 8.919663897849444}, "datetime": {"datetime": "2021-09-17 09:04:57", "elapsed": 14.085937, "delta": 0.258999}}
{"target": -13.670043268015512, "params": {"eta": 0.0659312417095149, "max_depth": 7.537056329516536, "n_estimators": 8.951776745476398}, "datetime": {"datetime": "2021-09-17 09:04:57", "elapsed": 14.358941, "delta": 0.273004}}
{"target": -10.812571965393266, "params": {"eta": 0.09471861026528892, "max_depth": 3.0492605233279146, "n_estimators": 8.663854979726942}, "datetime": {"datetime": "2021-09-17 09:04:58", "elapsed": 14.67494, "delta": 0.315999}}
{"target": -11.448556549925552, "params": {"eta": 0.08722758086472564, "max_depth": 3.0780791034579194, "n_estimators": 8.55749089070645}, "datetime": {"datetime": "2021-09-17 09:04:58", "elapsed": 14.976707, "delta": 0.301767}}
{"target": -22.2277388160166, "params": {"eta": 0.01776233260491609, "max_depth": 5.924852955859525, "n_estimators": 2.305283498787225}, "datetime": {"datetime": "2021-09-17 09:04:58", "elapsed": 15.215709, "delta": 0.239002}}
{"target": -19.50576437962683, "params": {"eta": 0.021269624940813636, "max_depth": 3.0357293690496574, "n_estimators": 8.586469005190368}, "datetime": {"datetime": "2021-09-17 09:04:59", "elapsed": 15.529324, "delta": 0.313615}}
{"target": -19.633704908898004, "params": {"eta": 0.018173134228356896, "max_depth": 3.1671329954249097, "n_estimators": 9.02738803163717}, "datetime": {"datetime": "2021-09-17 09:04:59", "elapsed": 15.860327, "delta": 0.331003}}
{"target": -10.792969007241098, "params": {"eta": 0.1, "max_depth": 1.0, "n_estimators": 8.919963265682695}, "datetime": {"datetime": "2021-09-17 09:04:59", "elapsed": 16.239324, "delta": 0.378997}}
{"target": -11.58538734285455, "params": {"eta": 0.0898819116876152, "max_depth": 1.0717359740565198, "n_estimators": 8.831768916404569}, "datetime": {"datetime": "2021-09-17 09:05:00", "elapsed": 16.589324, "delta": 0.35}}
{"target": -16.351566511078886, "params": {"eta": 0.04464702457419138, "max_depth": 1.07808828476758, "n_estimators": 8.901760334468864}, "datetime": {"datetime": "2021-09-17 09:05:00", "elapsed": 16.873327, "delta": 0.284003}}
{"target": -13.141218578188042, "params": {"eta": 0.07304948698826326, "max_depth": 1.0260818834331213, "n_estimators": 8.768234712649763}, "datetime": {"datetime": "2021-09-17 09:05:00", "elapsed": 17.151993, "delta": 0.278666}}
{"target": -16.47928988337517, "params": {"eta": 0.042485601741356474, "max_depth": 3.3435979053223694, "n_estimators": 8.88984372940549}, "datetime": {"datetime": "2021-09-17 09:05:01", "elapsed": 17.444991, "delta": 0.292998}}
{"target": -12.35935345825396, "params": {"eta": 0.08092748869686149, "max_depth": 1.1861818189180489, "n_estimators": 8.781132111579993}, "datetime": {"datetime": "2021-09-17 09:05:01", "elapsed": 17.746993, "delta": 0.302002}}
{"target": -17.004678775919114, "params": {"eta": 0.05125040646581293, "max_depth": 9.723534294780272, "n_estimators": 6.121396590846395}, "datetime": {"datetime": "2021-09-17 09:05:01", "elapsed": 18.052996, "delta": 0.306003}}
{"target": -13.669617366163356, "params": {"eta": 0.06560348531163752, "max_depth": 3.1700785903448585, "n_estimators": 8.474673311756172}, "datetime": {"datetime": "2021-09-17 09:05:01", "elapsed": 18.363993, "delta": 0.310997}}
{"target": -22.508364512261593, "params": {"eta": 0.022102085377284572, "max_depth": 9.447738333127287, "n_estimators": 1.0852410897415858}, "datetime": {"datetime": "2021-09-17 09:05:02", "elapsed": 18.625994, "delta": 0.262001}}
{"target": -13.406937541459737, "params": {"eta": 0.09272064166628828, "max_depth": 1.0926878425313231, "n_estimators": 6.195654424834167}, "datetime": {"datetime": "2021-09-17 09:05:02", "elapsed": 18.944191, "delta": 0.318197}}
{"target": -20.33126518004819, "params": {"eta": 0.025909637732040296, "max_depth": 2.882920296084558, "n_estimators": 5.775403849696712}, "datetime": {"datetime": "2021-09-17 09:05:02", "elapsed": 19.224192, "delta": 0.280001}}
{"target": -13.970096078671908, "params": {"eta": 0.08428716685286004, "max_depth": 2.079026973979865, "n_estimators": 6.024779707033564}, "datetime": {"datetime": "2021-09-17 09:05:03", "elapsed": 19.513193, "delta": 0.289001}}
{"target": -15.796065388855183, "params": {"eta": 0.04912353998205924, "max_depth": 1.1459053396946879, "n_estimators": 8.697257323060157}, "datetime": {"datetime": "2021-09-17 09:05:03", "elapsed": 19.803191, "delta": 0.289998}}
{"target": -14.013118265804493, "params": {"eta": 0.05602492027012055, "max_depth": 7.396807489755532, "n_estimators": 9.397342838754263}, "datetime": {"datetime": "2021-09-17 09:05:03", "elapsed": 20.14919, "delta": 0.345999}}
{"target": -12.848391561759145, "params": {"eta": 0.1, "max_depth": 1.1935975185670429, "n_estimators": 6.121329279992371}, "datetime": {"datetime": "2021-09-17 09:05:04", "elapsed": 20.495829, "delta": 0.346639}}
{"target": -15.0604877224094, "params": {"eta": 0.08479858629134343, "max_depth": 8.562970534056465, "n_estimators": 5.837400708042818}, "datetime": {"datetime": "2021-09-17 09:05:04", "elapsed": 20.787827, "delta": 0.291998}}
{"target": -17.66775834591765, "params": {"eta": 0.044970939498542355, "max_depth": 6.464762455303994, "n_estimators": 6.401143299316712}, "datetime": {"datetime": "2021-09-17 09:05:04", "elapsed": 21.077263, "delta": 0.289436}}
{"target": -12.104970090640219, "params": {"eta": 0.08133598438750254, "max_depth": 2.2681281431181812, "n_estimators": 8.130354406654515}, "datetime": {"datetime": "2021-09-17 09:05:04", "elapsed": 21.36726, "delta": 0.289997}}
{"target": -17.223878136120344, "params": {"eta": 0.037623106211262664, "max_depth": 2.3551031653800365, "n_estimators": 8.09840928126936}, "datetime": {"datetime": "2021-09-17 09:05:05", "elapsed": 21.742262, "delta": 0.375002}}
{"target": -21.091218004414912, "params": {"eta": 0.045100965901079135, "max_depth": 1.3176129922282787, "n_estimators": 2.393652937131593}, "datetime": {"datetime": "2021-09-17 09:05:05", "elapsed": 22.038264, "delta": 0.296002}}
{"target": -22.73005423922288, "params": {"eta": 0.012287723972483467, "max_depth": 1.3250175569406102, "n_estimators": 1.2684243868822742}, "datetime": {"datetime": "2021-09-17 09:05:05", "elapsed": 22.331259, "delta": 0.292995}}
{"target": -10.416907021873875, "params": {"eta": 0.1, "max_depth": 2.1739111351724847, "n_estimators": 8.164944061940066}, "datetime": {"datetime": "2021-09-17 09:05:06", "elapsed": 22.73326, "delta": 0.402001}}
{"target": -16.9101234175657, "params": {"eta": 0.03990870260895303, "max_depth": 2.125227956908108, "n_estimators": 8.113299164165257}, "datetime": {"datetime": "2021-09-17 09:05:06", "elapsed": 23.341136, "delta": 0.607876}}
{"target": -19.20538713775183, "params": {"eta": 0.0235600042690395, "max_depth": 2.2823100668498153, "n_estimators": 8.241657756978544}, "datetime": {"datetime": "2021-09-17 09:05:07", "elapsed": 23.715136, "delta": 0.374}}
{"target": -11.977593179752953, "params": {"eta": 0.08266472690789628, "max_depth": 2.1056905757597013, "n_estimators": 8.2321590920738}, "datetime": {"datetime": "2021-09-17 09:05:07", "elapsed": 24.238135, "delta": 0.522999}}
{"target": -18.04094278137935, "params": {"eta": 0.027880634783761897, "max_depth": 9.985310654178289, "n_estimators": 9.995917157857091}, "datetime": {"datetime": "2021-09-17 09:05:08", "elapsed": 24.666129, "delta": 0.427994}}
{"target": -10.391736167983005, "params": {"eta": 0.1, "max_depth": 3.0716911189950684, "n_estimators": 8.471623017989186}, "datetime": {"datetime": "2021-09-17 09:05:08", "elapsed": 25.186829, "delta": 0.5207}}
{"target": -13.495564754385699, "params": {"eta": 0.06717497763607791, "max_depth": 3.0116799529972456, "n_estimators": 8.36933608362757}, "datetime": {"datetime": "2021-09-17 09:05:09", "elapsed": 25.524478, "delta": 0.337649}}
