{"target": 0.8451582737646799, "params": {"eta": 0.374368190107363, "max_depth": 10.628747128633904, "n_estimators": 40.65083258426796}, "datetime": {"datetime": "2021-09-17 19:45:04", "elapsed": 47.244517, "delta": 0.800835}}
{"target": 0.8365388413199818, "params": {"eta": 0.30646729813670526, "max_depth": 4.391260658449982, "n_estimators": 13.697471206547142}, "datetime": {"datetime": "2021-09-17 19:45:05", "elapsed": 47.64053, "delta": 0.396013}}
{"target": 0.7517335706936266, "params": {"eta": 0.1, "max_depth": 20.31627227541995, "n_estimators": 22.99361690238373}, "datetime": {"datetime": "2021-09-17 19:45:05", "elapsed": 48.186517, "delta": 0.545987}}
{"target": 0.8476922882086019, "params": {"eta": 0.13940837291527264, "max_depth": 34.97394059373458, "n_estimators": 44.31985488236442}, "datetime": {"datetime": "2021-09-17 19:45:06", "elapsed": 48.999139, "delta": 0.812622}}
{"target": 0.8341555572173378, "params": {"eta": 0.1753040624776816, "max_depth": 34.41476147450953, "n_estimators": 45.1389343260463}, "datetime": {"datetime": "2021-09-17 19:45:07", "elapsed": 49.93414, "delta": 0.935001}}
{"target": 0.8233885942004875, "params": {"eta": 0.3908134912782868, "max_depth": 35.5287483844139, "n_estimators": 45.026666867527176}, "datetime": {"datetime": "2021-09-17 19:45:08", "elapsed": 50.702137, "delta": 0.767997}}
{"target": 0.8402621695353769, "params": {"eta": 0.11536949687153464, "max_depth": 11.348899704217928, "n_estimators": 41.109320571291505}, "datetime": {"datetime": "2021-09-17 19:45:09", "elapsed": 51.760401, "delta": 1.058264}}
{"target": 0.8232283005013472, "params": {"eta": 0.5303871340585647, "max_depth": 33.932993965622, "n_estimators": 43.870726390835266}, "datetime": {"datetime": "2021-09-17 19:45:10", "elapsed": 52.630872, "delta": 0.870471}}
{"target": 0.743284934720033, "params": {"eta": 0.8, "max_depth": 9.945322614350786, "n_estimators": 41.139391711511266}, "datetime": {"datetime": "2021-09-17 19:45:10", "elapsed": 53.330873, "delta": 0.700001}}
{"target": 0.7332999769511416, "params": {"eta": 0.7659554629469167, "max_depth": 35.30328788101852, "n_estimators": 43.3841518367572}, "datetime": {"datetime": "2021-09-17 19:45:11", "elapsed": 54.040874, "delta": 0.710001}}
{"target": 0.8443535365185358, "params": {"eta": 0.11087301191129321, "max_depth": 14.373239971258966, "n_estimators": 43.453908642051026}, "datetime": {"datetime": "2021-09-17 19:45:12", "elapsed": 54.88376, "delta": 0.842886}}
{"target": 0.8417760245392716, "params": {"eta": 0.11850331525263087, "max_depth": 6.938750449065031, "n_estimators": 38.77178886288995}, "datetime": {"datetime": "2021-09-17 19:45:12", "elapsed": 55.466765, "delta": 0.583005}}
{"target": 0.7740375481778548, "params": {"eta": 0.22329217378480248, "max_depth": 13.000024794971344, "n_estimators": 12.947132448448126}, "datetime": {"datetime": "2021-09-17 19:45:13", "elapsed": 56.102762, "delta": 0.635997}}
{"target": 0.7532117489281482, "params": {"eta": 0.7329429166256847, "max_depth": 6.470420488028492, "n_estimators": 12.756867505570675}, "datetime": {"datetime": "2021-09-17 19:45:14", "elapsed": 56.623842, "delta": 0.52108}}
{"target": 0.7337983273967217, "params": {"eta": 0.7274131907844723, "max_depth": 14.557721386236445, "n_estimators": 43.016608645645505}, "datetime": {"datetime": "2021-09-17 19:45:14", "elapsed": 57.24784, "delta": 0.623998}}
{"target": 0.7562520689309056, "params": {"eta": 0.7621863059216987, "max_depth": 6.15393390465, "n_estimators": 23.23094439511327}, "datetime": {"datetime": "2021-09-17 19:45:15", "elapsed": 57.844837, "delta": 0.596997}}
{"target": 0.8396810677015933, "params": {"eta": 0.11229120076435757, "max_depth": 7.799599433953263, "n_estimators": 37.66756663015594}, "datetime": {"datetime": "2021-09-17 19:45:16", "elapsed": 58.547844, "delta": 0.703007}}
{"target": 0.8552353727736897, "params": {"eta": 0.14289865384594194, "max_depth": 7.923651976006253, "n_estimators": 40.78293315517371}, "datetime": {"datetime": "2021-09-17 19:45:16", "elapsed": 59.440055, "delta": 0.892211}}
{"target": 0.789565525893333, "params": {"eta": 0.4968862564813884, "max_depth": 17.833766030995918, "n_estimators": 26.001349263895055}, "datetime": {"datetime": "2021-09-17 19:45:17", "elapsed": 60.208054, "delta": 0.767999}}
{"target": 0.7411545488376037, "params": {"eta": 0.7274594118862732, "max_depth": 49.867400187737374, "n_estimators": 24.805558619751473}, "datetime": {"datetime": "2021-09-17 19:45:18", "elapsed": 60.866255, "delta": 0.658201}}
{"target": 0.8572542920698827, "params": {"eta": 0.15079433598424416, "max_depth": 9.495047110264382, "n_estimators": 37.86440817247727}, "datetime": {"datetime": "2021-09-17 19:45:19", "elapsed": 61.645908, "delta": 0.779653}}
{"target": 0.8500972325010928, "params": {"eta": 0.18743681679635638, "max_depth": 9.889036216949922, "n_estimators": 38.23576899193594}, "datetime": {"datetime": "2021-09-17 19:45:20", "elapsed": 62.568909, "delta": 0.923001}}
{"target": 0.8507203898629699, "params": {"eta": 0.45350976416180677, "max_depth": 10.09199396066585, "n_estimators": 37.188551306212574}, "datetime": {"datetime": "2021-09-17 19:45:21", "elapsed": 63.524289, "delta": 0.95538}}
{"target": 0.7934888341029804, "params": {"eta": 0.6356669664392439, "max_depth": 7.051694552684031, "n_estimators": 38.86297228804979}, "datetime": {"datetime": "2021-09-17 19:45:21", "elapsed": 64.393292, "delta": 0.869003}}
{"target": 0.838086186365154, "params": {"eta": 0.12264050397433982, "max_depth": 6.962439567435881, "n_estimators": 39.22386826066044}, "datetime": {"datetime": "2021-09-17 19:45:22", "elapsed": 65.027528, "delta": 0.634236}}
{"target": 0.8286568606041079, "params": {"eta": 0.12833362848627985, "max_depth": 28.506136988265325, "n_estimators": 25.877726418125683}, "datetime": {"datetime": "2021-09-17 19:45:23", "elapsed": 65.798665, "delta": 0.771137}}
{"target": 0.8401553858230143, "params": {"eta": 0.43413925814251286, "max_depth": 48.88954297592386, "n_estimators": 46.10898672479648}, "datetime": {"datetime": "2021-09-17 19:45:24", "elapsed": 66.60679, "delta": 0.808125}}
{"target": 0.8414545183044044, "params": {"eta": 0.12970874749160322, "max_depth": 9.823629646014684, "n_estimators": 37.59259696148672}, "datetime": {"datetime": "2021-09-17 19:45:24", "elapsed": 67.371242, "delta": 0.764452}}
{"target": 0.8453123194252621, "params": {"eta": 0.13799441249580974, "max_depth": 10.891962984063332, "n_estimators": 41.47513739005965}, "datetime": {"datetime": "2021-09-17 19:45:25", "elapsed": 67.970244, "delta": 0.599002}}
{"target": 0.8449588936266472, "params": {"eta": 0.3580007832195785, "max_depth": 5.344122019271302, "n_estimators": 41.5818442916894}, "datetime": {"datetime": "2021-09-17 19:45:26", "elapsed": 68.621251, "delta": 0.651007}}
{"target": 0.8385715359563796, "params": {"eta": 0.2534628996191428, "max_depth": 6.352356179142782, "n_estimators": 39.84953138668793}, "datetime": {"datetime": "2021-09-17 19:45:26", "elapsed": 69.154075, "delta": 0.532824}}
{"target": 0.8559212609299898, "params": {"eta": 0.45992457381397645, "max_depth": 7.469754704934791, "n_estimators": 40.65855981666219}, "datetime": {"datetime": "2021-09-17 19:45:27", "elapsed": 69.775607, "delta": 0.621532}}
{"target": 0.8245505788096724, "params": {"eta": 0.3847811089712819, "max_depth": 37.76774344659539, "n_estimators": 11.491942624684462}, "datetime": {"datetime": "2021-09-17 19:45:27", "elapsed": 70.443604, "delta": 0.667997}}
{"target": 0.7534975243022526, "params": {"eta": 0.7441853631640901, "max_depth": 5.432100072517877, "n_estimators": 40.970846241267665}, "datetime": {"datetime": "2021-09-17 19:45:28", "elapsed": 71.040755, "delta": 0.597151}}
{"target": 0.8012063863768369, "params": {"eta": 0.6522423469024557, "max_depth": 10.350355486881938, "n_estimators": 37.807577391877686}, "datetime": {"datetime": "2021-09-17 19:45:29", "elapsed": 71.766385, "delta": 0.72563}}
{"target": 0.817579678078145, "params": {"eta": 0.5367034178737583, "max_depth": 5.668341308356968, "n_estimators": 42.06259647370505}, "datetime": {"datetime": "2021-09-17 19:45:29", "elapsed": 72.467388, "delta": 0.701003}}
{"target": 0.8252150854228637, "params": {"eta": 0.38664437576475685, "max_depth": 42.98139442582402, "n_estimators": 29.975669017571846}, "datetime": {"datetime": "2021-09-17 19:45:30", "elapsed": 73.219539, "delta": 0.752151}}
{"target": 0.8445341098749861, "params": {"eta": 0.1, "max_depth": 34.360308241127385, "n_estimators": 44.42799960606231}, "datetime": {"datetime": "2021-09-17 19:45:31", "elapsed": 74.03654, "delta": 0.817001}}
{"target": 0.8375333537585878, "params": {"eta": 0.47037508905663117, "max_depth": 10.508444013290465, "n_estimators": 46.95360071302394}, "datetime": {"datetime": "2021-09-17 19:45:32", "elapsed": 74.830093, "delta": 0.793553}}
{"target": 0.8438859535121465, "params": {"eta": 0.11165286899858795, "max_depth": 6.0040147710347895, "n_estimators": 40.84123434927373}, "datetime": {"datetime": "2021-09-17 19:45:32", "elapsed": 75.403092, "delta": 0.572999}}
{"target": 0.8240638091536239, "params": {"eta": 0.5085202492903985, "max_depth": 28.753767080989366, "n_estimators": 16.06597425548598}, "datetime": {"datetime": "2021-09-17 19:45:33", "elapsed": 76.149091, "delta": 0.745999}}
{"target": 0.7625444070953634, "params": {"eta": 0.5913210349497361, "max_depth": 8.040733318921202, "n_estimators": 41.50061282972155}, "datetime": {"datetime": "2021-09-17 19:45:34", "elapsed": 77.007646, "delta": 0.858555}}
{"target": 0.7925037896702385, "params": {"eta": 0.6813538967378984, "max_depth": 11.062712472049043, "n_estimators": 41.28832423935939}, "datetime": {"datetime": "2021-09-17 19:45:35", "elapsed": 77.750649, "delta": 0.743003}}
{"target": 0.8519435878878621, "params": {"eta": 0.3203550288471212, "max_depth": 11.244620386841188, "n_estimators": 37.539514619187784}, "datetime": {"datetime": "2021-09-17 19:45:36", "elapsed": 78.600648, "delta": 0.849999}}
{"target": 0.8365492757426536, "params": {"eta": 0.156239693888276, "max_depth": 49.0569991569744, "n_estimators": 24.137840630166497}, "datetime": {"datetime": "2021-09-17 19:45:36", "elapsed": 79.306703, "delta": 0.706055}}
{"target": 0.8475769013029001, "params": {"eta": 0.3500256114633955, "max_depth": 11.235643198641474, "n_estimators": 40.367705458786496}, "datetime": {"datetime": "2021-09-17 19:45:37", "elapsed": 80.168703, "delta": 0.862}}
{"target": 0.798956762758597, "params": {"eta": 0.6020649701747324, "max_depth": 7.1227225472433275, "n_estimators": 40.051498276027075}, "datetime": {"datetime": "2021-09-17 19:45:38", "elapsed": 80.804052, "delta": 0.635349}}
{"target": 0.8392750069347912, "params": {"eta": 0.12479269064448788, "max_depth": 15.408147488025572, "n_estimators": 42.08139646146091}, "datetime": {"datetime": "2021-09-17 19:45:39", "elapsed": 81.701663, "delta": 0.897611}}
{"target": 0.7362425836132099, "params": {"eta": 0.7574265917537246, "max_depth": 12.121344967223239, "n_estimators": 17.206631988374745}, "datetime": {"datetime": "2021-09-17 19:45:39", "elapsed": 82.404664, "delta": 0.703001}}
{"target": 0.8150293590770856, "params": {"eta": 0.4208338052859535, "max_depth": 41.767522540859154, "n_estimators": 19.84480373945261}, "datetime": {"datetime": "2021-09-17 19:45:40", "elapsed": 83.236366, "delta": 0.831702}}
{"target": 0.8250511918366349, "params": {"eta": 0.4001143137337665, "max_depth": 38.12653384959942, "n_estimators": 45.37666055651051}, "datetime": {"datetime": "2021-09-17 19:45:41", "elapsed": 84.151364, "delta": 0.914998}}
{"target": 0.734957606197489, "params": {"eta": 0.7594364196483843, "max_depth": 11.376951127682819, "n_estimators": 36.989033367291704}, "datetime": {"datetime": "2021-09-17 19:45:42", "elapsed": 85.003539, "delta": 0.852175}}
{"target": 0.8265933916392091, "params": {"eta": 0.24502237312639905, "max_depth": 11.623042385600394, "n_estimators": 38.20742192722886}, "datetime": {"datetime": "2021-09-17 19:45:43", "elapsed": 85.958541, "delta": 0.955002}}
{"target": 0.8474332322287492, "params": {"eta": 0.23677165034296396, "max_depth": 10.406735184803923, "n_estimators": 36.86359124192457}, "datetime": {"datetime": "2021-09-17 19:45:44", "elapsed": 86.726189, "delta": 0.767648}}
{"target": 0.8319414574593038, "params": {"eta": 0.299944697944846, "max_depth": 8.930972427965097, "n_estimators": 41.156679615915955}, "datetime": {"datetime": "2021-09-17 19:45:45", "elapsed": 87.544522, "delta": 0.818333}}
{"target": 0.8458492666251021, "params": {"eta": 0.40205427930934934, "max_depth": 6.101644447392795, "n_estimators": 37.78477297428243}, "datetime": {"datetime": "2021-09-17 19:45:45", "elapsed": 88.399523, "delta": 0.855001}}
{"target": 0.8024418542980223, "params": {"eta": 0.6839167899774834, "max_depth": 6.489811112200298, "n_estimators": 38.097661485882476}, "datetime": {"datetime": "2021-09-17 19:45:46", "elapsed": 88.938296, "delta": 0.538773}}
{"target": 0.8059379756390216, "params": {"eta": 0.6679481310818055, "max_depth": 34.70984872937717, "n_estimators": 44.520337873105746}, "datetime": {"datetime": "2021-09-17 19:45:47", "elapsed": 89.951298, "delta": 1.013002}}
{"target": 0.8524169066259946, "params": {"eta": 0.1421278272750799, "max_depth": 10.596000790971704, "n_estimators": 42.09572858500762}, "datetime": {"datetime": "2021-09-17 19:45:48", "elapsed": 90.837948, "delta": 0.88665}}
{"target": 0.7786653013087605, "params": {"eta": 0.6012928676930129, "max_depth": 22.43224614453298, "n_estimators": 19.940489965659175}, "datetime": {"datetime": "2021-09-17 19:45:49", "elapsed": 91.626588, "delta": 0.78864}}
{"target": 0.853629737405309, "params": {"eta": 0.10755701493906211, "max_depth": 6.31983102528182, "n_estimators": 37.45506004128406}, "datetime": {"datetime": "2021-09-17 19:45:49", "elapsed": 92.39559, "delta": 0.769002}}
{"target": 0.7443722969519775, "params": {"eta": 0.5891444411250365, "max_depth": 18.121379052490873, "n_estimators": 12.61957008100645}, "datetime": {"datetime": "2021-09-17 19:45:50", "elapsed": 93.147017, "delta": 0.751427}}
{"target": 0.8431509715158401, "params": {"eta": 0.44943462577061855, "max_depth": 14.016657301549321, "n_estimators": 17.90643599891027}, "datetime": {"datetime": "2021-09-17 19:45:51", "elapsed": 93.899017, "delta": 0.752}}
{"target": 0.867330868906856, "params": {"eta": 0.14950286568262544, "max_depth": 10.91597363920446, "n_estimators": 40.006630256061285}, "datetime": {"datetime": "2021-09-17 19:45:52", "elapsed": 94.648019, "delta": 0.749002}}
{"target": 0.8388753407530587, "params": {"eta": 0.2796444598827954, "max_depth": 35.82917590249636, "n_estimators": 38.62938632206587}, "datetime": {"datetime": "2021-09-17 19:45:53", "elapsed": 95.597019, "delta": 0.949}}
{"target": 0.7870272692743209, "params": {"eta": 0.6220716497746875, "max_depth": 11.038211940794461, "n_estimators": 39.85327004460075}, "datetime": {"datetime": "2021-09-17 19:45:54", "elapsed": 96.55773, "delta": 0.960711}}
{"target": 0.8459385007988892, "params": {"eta": 0.2732756202980795, "max_depth": 10.331373998198714, "n_estimators": 39.86149908283621}, "datetime": {"datetime": "2021-09-17 19:45:55", "elapsed": 97.516986, "delta": 0.959256}}
{"target": 0.8113514899279636, "params": {"eta": 0.5148847691932585, "max_depth": 42.03814966074696, "n_estimators": 21.3340190596901}, "datetime": {"datetime": "2021-09-17 19:45:55", "elapsed": 98.430981, "delta": 0.913995}}
{"target": 0.8345400035023718, "params": {"eta": 0.11616557369248065, "max_depth": 11.755451698807303, "n_estimators": 40.497194531639934}, "datetime": {"datetime": "2021-09-17 19:45:56", "elapsed": 99.29525, "delta": 0.864269}}
{"target": 0.8500094174093673, "params": {"eta": 0.12343510909103142, "max_depth": 5.681628715924337, "n_estimators": 37.3189683228829}, "datetime": {"datetime": "2021-09-17 19:45:57", "elapsed": 100.040249, "delta": 0.744999}}
{"target": 0.7347856359025549, "params": {"eta": 0.77913488492446, "max_depth": 5.567277631712108, "n_estimators": 37.51561821409177}, "datetime": {"datetime": "2021-09-17 19:45:58", "elapsed": 100.866606, "delta": 0.826357}}
{"target": 0.8558799072087908, "params": {"eta": 0.4406928895668748, "max_depth": 42.338551784089915, "n_estimators": 49.041088272818676}, "datetime": {"datetime": "2021-09-17 19:45:59", "elapsed": 101.775823, "delta": 0.909217}}
{"target": 0.7820984779467482, "params": {"eta": 0.6939792767129656, "max_depth": 10.791106174177997, "n_estimators": 27.42872347631973}, "datetime": {"datetime": "2021-09-17 19:46:00", "elapsed": 102.598824, "delta": 0.823001}}
{"target": 0.8414648585353326, "params": {"eta": 0.13315736123519564, "max_depth": 9.910381773663328, "n_estimators": 41.8721636887444}, "datetime": {"datetime": "2021-09-17 19:46:00", "elapsed": 103.326338, "delta": 0.727514}}
{"target": 0.8344876825449811, "params": {"eta": 0.12093595668053743, "max_depth": 10.964215553623621, "n_estimators": 40.57756406543289}, "datetime": {"datetime": "2021-09-17 19:46:01", "elapsed": 104.295339, "delta": 0.969001}}
{"target": 0.8402210803737371, "params": {"eta": 0.36857469809932264, "max_depth": 8.364945829154726, "n_estimators": 38.94286731616393}, "datetime": {"datetime": "2021-09-17 19:46:02", "elapsed": 105.258041, "delta": 0.962702}}
{"target": 0.7259944360349355, "params": {"eta": 0.7240333676285196, "max_depth": 41.84778486200199, "n_estimators": 49.11118249523844}, "datetime": {"datetime": "2021-09-17 19:46:04", "elapsed": 106.484043, "delta": 1.226002}}
{"target": 0.8414388797942189, "params": {"eta": 0.27532187737170943, "max_depth": 42.821571961405375, "n_estimators": 48.971977957852395}, "datetime": {"datetime": "2021-09-17 19:46:05", "elapsed": 107.528955, "delta": 1.044912}}
{"target": 0.7485067156010684, "params": {"eta": 0.7556396466241799, "max_depth": 42.73669516244436, "n_estimators": 48.51417750865222}, "datetime": {"datetime": "2021-09-17 19:46:05", "elapsed": 108.454953, "delta": 0.925998}}
{"target": 0.8415154348571293, "params": {"eta": 0.11700345575368809, "max_depth": 42.56483326793999, "n_estimators": 49.78674196824533}, "datetime": {"datetime": "2021-09-17 19:46:06", "elapsed": 109.441501, "delta": 0.986548}}
{"target": 0.8554688158233213, "params": {"eta": 0.1514813732774712, "max_depth": 10.495285487274057, "n_estimators": 40.252338686815285}, "datetime": {"datetime": "2021-09-17 19:46:07", "elapsed": 110.2245, "delta": 0.782999}}
{"target": 0.8558691625264002, "params": {"eta": 0.18370214140726338, "max_depth": 42.50589811141868, "n_estimators": 49.34787000732493}, "datetime": {"datetime": "2021-09-17 19:46:08", "elapsed": 111.342173, "delta": 1.117673}}
{"target": 0.7765576814604117, "params": {"eta": 0.6189411501423038, "max_depth": 43.13301345774575, "n_estimators": 49.720549918004146}, "datetime": {"datetime": "2021-09-17 19:46:09", "elapsed": 112.273567, "delta": 0.931394}}
{"target": 0.14430569928918546, "params": {"eta": 0.1097193948667452, "max_depth": 38.314051444169934, "n_estimators": 10.735042911511211}, "datetime": {"datetime": "2021-09-17 19:46:10", "elapsed": 112.896237, "delta": 0.62267}}
{"target": 0.7327580683454158, "params": {"eta": 0.730938226873365, "max_depth": 37.54685761834479, "n_estimators": 12.205775737437587}, "datetime": {"datetime": "2021-09-17 19:46:11", "elapsed": 113.994234, "delta": 1.097997}}
{"target": 0.7560700022735364, "params": {"eta": 0.1, "max_depth": 7.250799409928107, "n_estimators": 22.19590285284954}, "datetime": {"datetime": "2021-09-17 19:46:12", "elapsed": 114.82329, "delta": 0.829056}}
{"target": 0.8340323784826283, "params": {"eta": 0.3372837633458009, "max_depth": 18.524671484563903, "n_estimators": 22.614933855850907}, "datetime": {"datetime": "2021-09-17 19:46:13", "elapsed": 115.743288, "delta": 0.919998}}
{"target": 0.8298798410655742, "params": {"eta": 0.2906362113491381, "max_depth": 14.27620201417724, "n_estimators": 16.994795637808163}, "datetime": {"datetime": "2021-09-17 19:46:14", "elapsed": 116.825052, "delta": 1.081764}}
{"target": 0.8062740647639766, "params": {"eta": 0.1568564393402376, "max_depth": 14.944881778981513, "n_estimators": 17.928027576380426}, "datetime": {"datetime": "2021-09-17 19:46:15", "elapsed": 117.857432, "delta": 1.03238}}
{"target": 0.8499033629057098, "params": {"eta": 0.1503423896049557, "max_depth": 49.53865767726129, "n_estimators": 26.238731604686976}, "datetime": {"datetime": "2021-09-17 19:46:16", "elapsed": 118.814431, "delta": 0.956999}}
{"target": 0.838901034168698, "params": {"eta": 0.15353836195740034, "max_depth": 49.78026863703074, "n_estimators": 27.046477337175794}, "datetime": {"datetime": "2021-09-17 19:46:17", "elapsed": 119.794428, "delta": 0.979997}}
{"target": 0.8157587006772099, "params": {"eta": 0.32980673022016754, "max_depth": 23.230369577011864, "n_estimators": 10.059148149061985}, "datetime": {"datetime": "2021-09-17 19:46:17", "elapsed": 120.442431, "delta": 0.648003}}
{"target": 0.8330066368586546, "params": {"eta": 0.18972937073940077, "max_depth": 5.655351104335114, "n_estimators": 21.252065801127472}, "datetime": {"datetime": "2021-09-17 19:46:18", "elapsed": 121.185675, "delta": 0.743244}}
{"target": 0.8245224652218643, "params": {"eta": 0.3771274445065005, "max_depth": 35.567497576917354, "n_estimators": 45.0492334382428}, "datetime": {"datetime": "2021-09-17 19:46:19", "elapsed": 122.361675, "delta": 1.176}}
{"target": 0.796509832535434, "params": {"eta": 0.1, "max_depth": 48.77485300150875, "n_estimators": 26.817843761591106}, "datetime": {"datetime": "2021-09-17 19:46:21", "elapsed": 123.853917, "delta": 1.492242}}
{"target": 0.8355513319397063, "params": {"eta": 0.1688352161808348, "max_depth": 13.690489230792208, "n_estimators": 43.88289961127759}, "datetime": {"datetime": "2021-09-17 19:46:22", "elapsed": 124.869917, "delta": 1.016}}
