{"target": 0.4522557239459628, "params": {"eta": 1.0, "max_depth": 1.850621068225255, "n_estimators": 1.0}, "datetime": {"datetime": "2021-09-17 15:47:40", "elapsed": 48.926287, "delta": 0.472999}}
{"target": 0.7535339674676651, "params": {"eta": 0.9908209969652548, "max_depth": 7.767915820424815, "n_estimators": 2.071207052080693}, "datetime": {"datetime": "2021-09-17 15:47:41", "elapsed": 49.521288, "delta": 0.595001}}
{"target": 0.7571278127596985, "params": {"eta": 1.0, "max_depth": 7.779837334719382, "n_estimators": 8.715206270611432}, "datetime": {"datetime": "2021-09-17 15:47:41", "elapsed": 50.114518, "delta": 0.59323}}
{"target": 0.6433649151003584, "params": {"eta": 1.0, "max_depth": 3.092198922160033, "n_estimators": 1.6648300673858318}, "datetime": {"datetime": "2021-09-17 15:47:42", "elapsed": 50.784517, "delta": 0.669999}}
{"target": 0.7473245199410825, "params": {"eta": 1.0, "max_depth": 6.042552223760517, "n_estimators": 4.768197350112515}, "datetime": {"datetime": "2021-09-17 15:47:43", "elapsed": 51.506519, "delta": 0.722002}}
{"target": 0.7352161813702642, "params": {"eta": 0.9927610427966778, "max_depth": 2.830284450428458, "n_estimators": 7.177312645433098}, "datetime": {"datetime": "2021-09-17 15:47:43", "elapsed": 52.103362, "delta": 0.596843}}
{"target": 0.7382160394696183, "params": {"eta": 1.0, "max_depth": 10.0, "n_estimators": 8.300358677253618}, "datetime": {"datetime": "2021-09-17 15:47:44", "elapsed": 52.795019, "delta": 0.691657}}
{"target": 0.7754633940135828, "params": {"eta": 0.9999968628782637, "max_depth": 4.135293064888538, "n_estimators": 9.310945774116652}, "datetime": {"datetime": "2021-09-17 15:47:45", "elapsed": 53.359022, "delta": 0.564003}}
{"target": 0.743337095576976, "params": {"eta": 1.0, "max_depth": 9.333734485208646, "n_estimators": 7.799938074393115}, "datetime": {"datetime": "2021-09-17 15:47:45", "elapsed": 54.10726, "delta": 0.748238}}
{"target": 0.735856892108592, "params": {"eta": 1.0, "max_depth": 6.748498312524269, "n_estimators": 7.297267220691175}, "datetime": {"datetime": "2021-09-17 15:47:46", "elapsed": 54.717259, "delta": 0.609999}}
{"target": 0.7695119482990421, "params": {"eta": 1.0, "max_depth": 4.823460238702479, "n_estimators": 5.600073066557664}, "datetime": {"datetime": "2021-09-17 15:47:47", "elapsed": 55.415262, "delta": 0.698003}}
{"target": 0.7822765618778306, "params": {"eta": 1.0, "max_depth": 4.8054697013817504, "n_estimators": 7.203259696100971}, "datetime": {"datetime": "2021-09-17 15:47:47", "elapsed": 56.202443, "delta": 0.787181}}
{"target": 0.7455799344007846, "params": {"eta": 1.0, "max_depth": 10.0, "n_estimators": 3.5337561619228985}, "datetime": {"datetime": "2021-09-17 15:47:48", "elapsed": 57.056446, "delta": 0.854003}}
{"target": 0.2817240778559946, "params": {"eta": 0.13336324823769044, "max_depth": 4.976380951379602, "n_estimators": 9.95668401187883}, "datetime": {"datetime": "2021-09-17 15:47:49", "elapsed": 57.841101, "delta": 0.784655}}
{"target": 0.7424003086591193, "params": {"eta": 1.0, "max_depth": 8.03995854020786, "n_estimators": 2.780465163082969}, "datetime": {"datetime": "2021-09-17 15:47:50", "elapsed": 58.576293, "delta": 0.735192}}
{"target": 0.7456460521686725, "params": {"eta": 1.0, "max_depth": 6.739485744366013, "n_estimators": 5.400923019215295}, "datetime": {"datetime": "2021-09-17 15:47:50", "elapsed": 59.152291, "delta": 0.575998}}
{"target": 0.7599503111527197, "params": {"eta": 1.0, "max_depth": 7.5773307245209525, "n_estimators": 6.246994317643839}, "datetime": {"datetime": "2021-09-17 15:47:51", "elapsed": 59.723289, "delta": 0.570998}}
{"target": 0.7601646303107068, "params": {"eta": 1.0, "max_depth": 2.644449710359218, "n_estimators": 9.444448740799515}, "datetime": {"datetime": "2021-09-17 15:47:52", "elapsed": 60.288573, "delta": 0.565284}}
{"target": 0.7348252000953864, "params": {"eta": 1.0, "max_depth": 6.040868020761666, "n_estimators": 8.988594486673087}, "datetime": {"datetime": "2021-09-17 15:47:52", "elapsed": 61.000575, "delta": 0.712002}}
{"target": 0.7788413303289816, "params": {"eta": 0.9655118884755137, "max_depth": 7.16408845439844, "n_estimators": 9.959297558808098}, "datetime": {"datetime": "2021-09-17 15:47:53", "elapsed": 61.581573, "delta": 0.580998}}
{"target": 0.4208680751456262, "params": {"eta": 0.2317512410846599, "max_depth": 1.9992829907429985, "n_estimators": 7.925239436879119}, "datetime": {"datetime": "2021-09-17 15:47:53", "elapsed": 62.161359, "delta": 0.579786}}
{"target": 0.683330437699961, "params": {"eta": 1.0, "max_depth": 1.7426401163120169, "n_estimators": 6.936928083588594}, "datetime": {"datetime": "2021-09-17 15:47:54", "elapsed": 62.871033, "delta": 0.709674}}
{"target": 0.8307582700971741, "params": {"eta": 0.5270016454105136, "max_depth": 6.784328349138907, "n_estimators": 9.567496461756285}, "datetime": {"datetime": "2021-09-17 15:47:55", "elapsed": 63.593031, "delta": 0.721998}}
{"target": 0.6432717230747024, "params": {"eta": 0.9957676335383272, "max_depth": 2.4875662443423554, "n_estimators": 1.792612823953287}, "datetime": {"datetime": "2021-09-17 15:47:56", "elapsed": 64.271373, "delta": 0.678342}}
{"target": 0.6329085524532094, "params": {"eta": 1.0, "max_depth": 7.145585499329371, "n_estimators": 1.2144946962433656}, "datetime": {"datetime": "2021-09-17 15:47:56", "elapsed": 64.900377, "delta": 0.629004}}
{"target": 0.8008267290693871, "params": {"eta": 0.5958502819549457, "max_depth": 7.421155261170635, "n_estimators": 9.175936304321365}, "datetime": {"datetime": "2021-09-17 15:47:57", "elapsed": 65.626377, "delta": 0.726}}
{"target": 0.7584435891766655, "params": {"eta": 0.9857857177518926, "max_depth": 5.128252780254217, "n_estimators": 3.1003532637664017}, "datetime": {"datetime": "2021-09-17 15:47:58", "elapsed": 66.41872, "delta": 0.792343}}
{"target": 0.7606110497870101, "params": {"eta": 1.0, "max_depth": 8.248661364913673, "n_estimators": 7.0224491091610455}, "datetime": {"datetime": "2021-09-17 15:47:59", "elapsed": 67.281722, "delta": 0.863002}}
{"target": 0.7567831536963845, "params": {"eta": 1.0, "max_depth": 8.883880478199847, "n_estimators": 4.031087459587401}, "datetime": {"datetime": "2021-09-17 15:47:59", "elapsed": 68.055545, "delta": 0.773823}}
{"target": 0.7761632254559719, "params": {"eta": 1.0, "max_depth": 4.840092392903656, "n_estimators": 4.089671354983841}, "datetime": {"datetime": "2021-09-17 15:48:00", "elapsed": 68.861367, "delta": 0.805822}}
{"target": 0.6992594803952312, "params": {"eta": 1.0, "max_depth": 1.0, "n_estimators": 5.794482937521183}, "datetime": {"datetime": "2021-09-17 15:48:01", "elapsed": 69.802506, "delta": 0.941139}}
{"target": 0.6545534755708191, "params": {"eta": 1.0, "max_depth": 1.4014377926145027, "n_estimators": 4.349204952834938}, "datetime": {"datetime": "2021-09-17 15:48:02", "elapsed": 70.499391, "delta": 0.696885}}
{"target": 0.7613861859593845, "params": {"eta": 1.0, "max_depth": 7.0525479800328466, "n_estimators": 4.665274158596004}, "datetime": {"datetime": "2021-09-17 15:48:02", "elapsed": 71.148392, "delta": 0.649001}}
{"target": 0.7509500995691037, "params": {"eta": 1.0, "max_depth": 10.0, "n_estimators": 2.8558438870874454}, "datetime": {"datetime": "2021-09-17 15:48:03", "elapsed": 71.718393, "delta": 0.570001}}
{"target": 0.6891799146734541, "params": {"eta": 1.0, "max_depth": 2.1827550660456896, "n_estimators": 2.6945528258075644}, "datetime": {"datetime": "2021-09-17 15:48:04", "elapsed": 72.533517, "delta": 0.815124}}
{"target": 0.7508705366766901, "params": {"eta": 0.29930703599900105, "max_depth": 2.514431165269934, "n_estimators": 8.962834128743994}, "datetime": {"datetime": "2021-09-17 15:48:05", "elapsed": 73.379519, "delta": 0.846002}}
{"target": 0.8080002051574061, "params": {"eta": 0.5398488656060241, "max_depth": 4.393904174502175, "n_estimators": 6.691275841884151}, "datetime": {"datetime": "2021-09-17 15:48:05", "elapsed": 74.09352, "delta": 0.714001}}
{"target": 0.7193037220910798, "params": {"eta": 1.0, "max_depth": 4.5245757062743905, "n_estimators": 2.5419572157092394}, "datetime": {"datetime": "2021-09-17 15:48:06", "elapsed": 75.222535, "delta": 1.129015}}
{"target": 0.757986578660557, "params": {"eta": 1.0, "max_depth": 8.672005542105433, "n_estimators": 5.55117418569825}, "datetime": {"datetime": "2021-09-17 15:48:07", "elapsed": 76.109532, "delta": 0.886997}}
{"target": 0.742262674698396, "params": {"eta": 1.0, "max_depth": 9.353453401595129, "n_estimators": 5.036322423692947}, "datetime": {"datetime": "2021-09-17 15:48:08", "elapsed": 77.03705, "delta": 0.927518}}
{"target": 0.6928473983594505, "params": {"eta": 1.0, "max_depth": 2.5353893028947905, "n_estimators": 4.073951969388175}, "datetime": {"datetime": "2021-09-17 15:48:09", "elapsed": 77.873788, "delta": 0.836738}}
{"target": 0.6534858712017793, "params": {"eta": 1.0, "max_depth": 1.0, "n_estimators": 2.607609578715653}, "datetime": {"datetime": "2021-09-17 15:48:10", "elapsed": 78.658752, "delta": 0.784964}}
{"target": 0.6314928807000164, "params": {"eta": 0.9977605739890734, "max_depth": 4.849033013560735, "n_estimators": 1.634181042469207}, "datetime": {"datetime": "2021-09-17 15:48:11", "elapsed": 79.357755, "delta": 0.699003}}
{"target": 0.7572065768562806, "params": {"eta": 1.0, "max_depth": 3.5074602113597018, "n_estimators": 6.072382000529837}, "datetime": {"datetime": "2021-09-17 15:48:11", "elapsed": 80.105755, "delta": 0.748}}
{"target": 0.6992594803952312, "params": {"eta": 1.0, "max_depth": 1.7874545276021294, "n_estimators": 5.410624203548591}, "datetime": {"datetime": "2021-09-17 15:48:12", "elapsed": 80.995051, "delta": 0.889296}}
{"target": 0.7415273909696185, "params": {"eta": 0.9928856636626108, "max_depth": 9.048425372064964, "n_estimators": 6.404741691132276}, "datetime": {"datetime": "2021-09-17 15:48:13", "elapsed": 82.002055, "delta": 1.007004}}
{"target": 0.6329085524532094, "params": {"eta": 1.0, "max_depth": 10.0, "n_estimators": 1.5903792107044208}, "datetime": {"datetime": "2021-09-17 15:48:14", "elapsed": 83.04103, "delta": 1.038975}}
{"target": 0.4522557239459628, "params": {"eta": 1.0, "max_depth": 1.0, "n_estimators": 1.8000843383811032}, "datetime": {"datetime": "2021-09-17 15:48:15", "elapsed": 83.898026, "delta": 0.856996}}
{"target": 0.6319759537932532, "params": {"eta": 0.998515716637577, "max_depth": 5.8132646405170005, "n_estimators": 1.8170633424306273}, "datetime": {"datetime": "2021-09-17 15:48:16", "elapsed": 85.125146, "delta": 1.22712}}
{"target": 0.7947878224637659, "params": {"eta": 1.0, "max_depth": 5.797410059541507, "n_estimators": 10.0}, "datetime": {"datetime": "2021-09-17 15:48:17", "elapsed": 86.00116, "delta": 0.876014}}
{"target": 0.7401719303231153, "params": {"eta": 1.0, "max_depth": 6.054438380744195, "n_estimators": 6.264337939494582}, "datetime": {"datetime": "2021-09-17 15:48:18", "elapsed": 86.986845, "delta": 0.985685}}
{"target": 0.7613861859593845, "params": {"eta": 1.0, "max_depth": 7.9660721645793675, "n_estimators": 4.765599758859871}, "datetime": {"datetime": "2021-09-17 15:48:19", "elapsed": 87.804558, "delta": 0.817713}}
{"target": 0.7806514688399577, "params": {"eta": 1.0, "max_depth": 4.978472045329129, "n_estimators": 8.477854169470334}, "datetime": {"datetime": "2021-09-17 15:48:20", "elapsed": 88.590835, "delta": 0.786277}}
{"target": 0.8210587455872789, "params": {"eta": 0.3236764945059428, "max_depth": 6.716091384555356, "n_estimators": 10.0}, "datetime": {"datetime": "2021-09-17 15:48:21", "elapsed": 89.583836, "delta": 0.993001}}
{"target": 0.7348252000953864, "params": {"eta": 1.0, "max_depth": 6.714994668125784, "n_estimators": 8.50135307902153}, "datetime": {"datetime": "2021-09-17 15:48:22", "elapsed": 90.526032, "delta": 0.942196}}
{"target": 0.7387566848415379, "params": {"eta": 1.0, "max_depth": 10.0, "n_estimators": 6.113220070623676}, "datetime": {"datetime": "2021-09-17 15:48:23", "elapsed": 91.561031, "delta": 1.034999}}
{"target": 0.6988827444828829, "params": {"eta": 1.0, "max_depth": 2.8267972965893478, "n_estimators": 5.3479096248931945}, "datetime": {"datetime": "2021-09-17 15:48:24", "elapsed": 92.267737, "delta": 0.706706}}
{"target": 0.6329085524532094, "params": {"eta": 1.0, "max_depth": 8.090798243371438, "n_estimators": 1.0}, "datetime": {"datetime": "2021-09-17 15:48:24", "elapsed": 93.152862, "delta": 0.885125}}
{"target": 0.7238163823228044, "params": {"eta": 0.9568486412154588, "max_depth": 1.5767689353069538, "n_estimators": 7.6639905612111345}, "datetime": {"datetime": "2021-09-17 15:48:25", "elapsed": 93.949865, "delta": 0.797003}}
{"target": 0.7234779285539812, "params": {"eta": 1.0, "max_depth": 3.545259665289072, "n_estimators": 2.9438777917265075}, "datetime": {"datetime": "2021-09-17 15:48:26", "elapsed": 94.707076, "delta": 0.757211}}
{"target": 0.7754627688367631, "params": {"eta": 1.0, "max_depth": 4.719949478281594, "n_estimators": 9.454190995721092}, "datetime": {"datetime": "2021-09-17 15:48:27", "elapsed": 95.625075, "delta": 0.917999}}
{"target": 0.6904865733694427, "params": {"eta": 1.0, "max_depth": 2.7443557120895585, "n_estimators": 3.131415728625875}, "datetime": {"datetime": "2021-09-17 15:48:28", "elapsed": 96.426331, "delta": 0.801256}}
{"target": 0.7082430241759907, "params": {"eta": 1.0, "max_depth": 1.0, "n_estimators": 8.986890106958075}, "datetime": {"datetime": "2021-09-17 15:48:28", "elapsed": 97.233331, "delta": 0.807}}
{"target": 0.7398587288666492, "params": {"eta": 1.0, "max_depth": 6.237956611161533, "n_estimators": 2.4164004428395125}, "datetime": {"datetime": "2021-09-17 15:48:29", "elapsed": 98.055404, "delta": 0.822073}}
{"target": 0.7528439674469314, "params": {"eta": 1.0, "max_depth": 7.246630546732451, "n_estimators": 2.549825034397013}, "datetime": {"datetime": "2021-09-17 15:48:30", "elapsed": 98.701139, "delta": 0.645735}}
{"target": 0.6992493607063319, "params": {"eta": 1.0, "max_depth": 1.5021340264221021, "n_estimators": 9.708317918830947}, "datetime": {"datetime": "2021-09-17 15:48:31", "elapsed": 99.46014, "delta": 0.759001}}
{"target": 0.7082430241759907, "params": {"eta": 1.0, "max_depth": 1.5775847988118472, "n_estimators": 8.545591398108312}, "datetime": {"datetime": "2021-09-17 15:48:31", "elapsed": 100.197136, "delta": 0.736996}}
{"target": 0.6329085524532094, "params": {"eta": 1.0, "max_depth": 9.181369360572074, "n_estimators": 1.0}, "datetime": {"datetime": "2021-09-17 15:48:32", "elapsed": 100.902132, "delta": 0.704996}}
{"target": 0.6329085524532094, "params": {"eta": 1.0, "max_depth": 8.50612724550626, "n_estimators": 1.651260758026864}, "datetime": {"datetime": "2021-09-17 15:48:33", "elapsed": 101.617133, "delta": 0.715001}}
{"target": 0.7761632254559719, "params": {"eta": 1.0, "max_depth": 4.436496426962737, "n_estimators": 4.711770050415358}, "datetime": {"datetime": "2021-09-17 15:48:34", "elapsed": 102.536375, "delta": 0.919242}}
{"target": 0.6329085524532094, "params": {"eta": 1.0, "max_depth": 9.382655459491959, "n_estimators": 1.9688740153876438}, "datetime": {"datetime": "2021-09-17 15:48:35", "elapsed": 103.443376, "delta": 0.907001}}
{"target": 0.7726720012102029, "params": {"eta": 0.45110803660327164, "max_depth": 2.448595311830266, "n_estimators": 8.42697566972656}, "datetime": {"datetime": "2021-09-17 15:48:35", "elapsed": 104.241372, "delta": 0.797996}}
{"target": 0.7826099847366883, "params": {"eta": 0.9983752755729203, "max_depth": 5.776771236085102, "n_estimators": 8.276172815767953}, "datetime": {"datetime": "2021-09-17 15:48:36", "elapsed": 105.167578, "delta": 0.926206}}
{"target": 0.7572065768562806, "params": {"eta": 1.0, "max_depth": 3.3791752038305063, "n_estimators": 6.719309779879687}, "datetime": {"datetime": "2021-09-17 15:48:37", "elapsed": 105.896576, "delta": 0.728998}}
{"target": 0.6685074400449509, "params": {"eta": 1.0, "max_depth": 1.3770164260490163, "n_estimators": 3.225542972893282}, "datetime": {"datetime": "2021-09-17 15:48:38", "elapsed": 106.85054, "delta": 0.953964}}
{"target": 0.7439855772075359, "params": {"eta": 1.0, "max_depth": 9.669271561365822, "n_estimators": 6.834794046523197}, "datetime": {"datetime": "2021-09-17 15:48:39", "elapsed": 107.657262, "delta": 0.806722}}
{"target": 0.7136952452172722, "params": {"eta": 1.0, "max_depth": 3.4371725476727337, "n_estimators": 5.306727780242284}, "datetime": {"datetime": "2021-09-17 15:48:40", "elapsed": 108.3722, "delta": 0.714938}}
{"target": 0.7164257850260478, "params": {"eta": 1.0, "max_depth": 3.7471224365223033, "n_estimators": 3.668111231288392}, "datetime": {"datetime": "2021-09-17 15:48:40", "elapsed": 109.179202, "delta": 0.807002}}
{"target": 0.7695119482990421, "params": {"eta": 1.0, "max_depth": 4.167397949670847, "n_estimators": 5.855988337444588}, "datetime": {"datetime": "2021-09-17 15:48:41", "elapsed": 110.124204, "delta": 0.945002}}
{"target": 0.7275005056438867, "params": {"eta": 0.7277271326176276, "max_depth": 8.066520188677954, "n_estimators": 9.026127747192435}, "datetime": {"datetime": "2021-09-17 15:48:42", "elapsed": 110.985465, "delta": 0.861261}}
{"target": 0.7823713690291302, "params": {"eta": 0.9720756905076501, "max_depth": 9.372761738757486, "n_estimators": 9.289511379843095}, "datetime": {"datetime": "2021-09-17 15:48:43", "elapsed": 111.880467, "delta": 0.895002}}
{"target": 0.7600107750952798, "params": {"eta": 0.986487244437643, "max_depth": 8.788837972234269, "n_estimators": 9.737785129905932}, "datetime": {"datetime": "2021-09-17 15:48:44", "elapsed": 112.702151, "delta": 0.821684}}
{"target": 0.7531592530826856, "params": {"eta": 0.9911194438700613, "max_depth": 9.865097943733197, "n_estimators": 8.861787796766722}, "datetime": {"datetime": "2021-09-17 15:48:45", "elapsed": 113.546149, "delta": 0.843998}}
{"target": 0.7458654581566506, "params": {"eta": 1.0, "max_depth": 10.0, "n_estimators": 4.330907727278054}, "datetime": {"datetime": "2021-09-17 15:48:46", "elapsed": 114.46542, "delta": 0.919271}}
{"target": 0.768900663122143, "params": {"eta": 0.6893035981228628, "max_depth": 4.738976454345138, "n_estimators": 6.777765845014467}, "datetime": {"datetime": "2021-09-17 15:48:47", "elapsed": 115.28442, "delta": 0.819}}
{"target": 0.7857222758860478, "params": {"eta": 0.42258419223081667, "max_depth": 4.555721860176262, "n_estimators": 5.425245068646998}, "datetime": {"datetime": "2021-09-17 15:48:47", "elapsed": 116.097418, "delta": 0.812998}}
{"target": 0.7011914426537698, "params": {"eta": 0.3516077308029187, "max_depth": 4.2469957923294, "n_estimators": 5.991600621281235}, "datetime": {"datetime": "2021-09-17 15:48:48", "elapsed": 117.047723, "delta": 0.950305}}
{"target": 0.7892660769169526, "params": {"eta": 1.0, "max_depth": 5.610515727551643, "n_estimators": 4.30816625542801}, "datetime": {"datetime": "2021-09-17 15:48:49", "elapsed": 117.793884, "delta": 0.746161}}
{"target": 0.7963878531976728, "params": {"eta": 1.0, "max_depth": 5.450565876940356, "n_estimators": 7.290504046735609}, "datetime": {"datetime": "2021-09-17 15:48:50", "elapsed": 118.710153, "delta": 0.916269}}
{"target": 0.7384967052531604, "params": {"eta": 1.0, "max_depth": 10.0, "n_estimators": 9.704829765764035}, "datetime": {"datetime": "2021-09-17 15:48:51", "elapsed": 119.623154, "delta": 0.913001}}
{"target": 0.6928473983594505, "params": {"eta": 1.0, "max_depth": 2.3770900235234675, "n_estimators": 4.926375758272487}, "datetime": {"datetime": "2021-09-17 15:48:52", "elapsed": 120.46381, "delta": 0.840656}}
{"target": 0.683330437699961, "params": {"eta": 1.0, "max_depth": 1.6195307714722353, "n_estimators": 6.161006054102382}, "datetime": {"datetime": "2021-09-17 15:48:53", "elapsed": 121.45081, "delta": 0.987}}
{"target": 0.7832209252977176, "params": {"eta": 0.9993661893925213, "max_depth": 3.562083008045165, "n_estimators": 9.647819168228855}, "datetime": {"datetime": "2021-09-17 15:48:54", "elapsed": 122.327808, "delta": 0.876998}}
{"target": 0.6329085524532094, "params": {"eta": 1.0, "max_depth": 4.464887108225536, "n_estimators": 1.0}, "datetime": {"datetime": "2021-09-17 15:48:54", "elapsed": 123.250187, "delta": 0.922379}}
{"target": 0.7577490929942254, "params": {"eta": 1.0, "max_depth": 8.733170478324253, "n_estimators": 3.04470492513489}, "datetime": {"datetime": "2021-09-17 15:48:55", "elapsed": 124.178186, "delta": 0.927999}}
{"target": 0.74226294397599, "params": {"eta": 1.0, "max_depth": 9.420064741526463, "n_estimators": 10.0}, "datetime": {"datetime": "2021-09-17 15:48:56", "elapsed": 125.00947, "delta": 0.831284}}
{"target": 0.6987741064871507, "params": {"eta": 1.0, "max_depth": 3.762851623412346, "n_estimators": 4.515917484887392}, "datetime": {"datetime": "2021-09-17 15:48:57", "elapsed": 125.864472, "delta": 0.855002}}
{"target": 0.805199605725978, "params": {"eta": 0.5409725392215529, "max_depth": 2.8784790956286614, "n_estimators": 9.337206065981697}, "datetime": {"datetime": "2021-09-17 15:48:58", "elapsed": 126.567052, "delta": 0.70258}}
{"target": 0.7396846771123875, "params": {"eta": 1.0, "max_depth": 10.0, "n_estimators": 5.563172544770857}, "datetime": {"datetime": "2021-09-17 15:48:59", "elapsed": 127.521317, "delta": 0.954265}}
{"target": 0.8009749043562968, "params": {"eta": 1.0, "max_depth": 5.368031300418744, "n_estimators": 6.05650824933136}, "datetime": {"datetime": "2021-09-17 15:49:00", "elapsed": 128.435319, "delta": 0.914002}}
{"target": 0.791592825821634, "params": {"eta": 0.9874906470200477, "max_depth": 5.781119498486878, "n_estimators": 9.564933297109842}, "datetime": {"datetime": "2021-09-17 15:49:00", "elapsed": 129.262166, "delta": 0.826847}}
{"target": 0.7511540537978727, "params": {"eta": 1.0, "max_depth": 7.120401746161656, "n_estimators": 3.8745531311105106}, "datetime": {"datetime": "2021-09-17 15:49:01", "elapsed": 130.250603, "delta": 0.988437}}
