{"target": -2.3544556856155396, "params": {"eta": 0.27960398356282357, "max_depth": 4.5370882379727195, "n_estimators": 61.32201674309294}, "datetime": {"datetime": "2021-09-21 16:18:57", "elapsed": 31.70096, "delta": 1.227327}}
{"target": -2.541034089264117, "params": {"eta": 0.43684454352940266, "max_depth": 4.6053587454418405, "n_estimators": 61.047959122201945}, "datetime": {"datetime": "2021-09-21 16:18:59", "elapsed": 32.868655, "delta": 1.167695}}
{"target": -2.36386875918037, "params": {"eta": 0.1896068222324317, "max_depth": 4.806520813031514, "n_estimators": 61.51407769684586}, "datetime": {"datetime": "2021-09-21 16:18:59", "elapsed": 33.608659, "delta": 0.740004}}
{"target": -2.3892442389538413, "params": {"eta": 0.4165824123789607, "max_depth": 4.641793782030685, "n_estimators": 61.5506651985076}, "datetime": {"datetime": "2021-09-21 16:19:00", "elapsed": 34.329019, "delta": 0.72036}}
{"target": -2.5528244714987904, "params": {"eta": 0.38495737825241244, "max_depth": 5.168806527271027, "n_estimators": 77.62257251867618}, "datetime": {"datetime": "2021-09-21 16:19:01", "elapsed": 35.122226, "delta": 0.793207}}
{"target": -2.3969066061471636, "params": {"eta": 0.189225296331351, "max_depth": 4.621382783315256, "n_estimators": 52.98521683738156}, "datetime": {"datetime": "2021-09-21 16:19:02", "elapsed": 36.524241, "delta": 1.402015}}
{"target": -3.085380837791844, "params": {"eta": 0.142426721829656, "max_depth": 1.5611833261435353, "n_estimators": 66.69137728504975}, "datetime": {"datetime": "2021-09-21 16:19:03", "elapsed": 37.206239, "delta": 0.681998}}
{"target": -2.3881544859785784, "params": {"eta": 0.257032281535871, "max_depth": 4.961241987606261, "n_estimators": 52.889427728340806}, "datetime": {"datetime": "2021-09-21 16:19:04", "elapsed": 38.414255, "delta": 1.208016}}
{"target": -2.4540940767840334, "params": {"eta": 0.45331431766647096, "max_depth": 4.7579066968598696, "n_estimators": 53.044836378536345}, "datetime": {"datetime": "2021-09-21 16:19:06", "elapsed": 39.861508, "delta": 1.447253}}
{"target": -2.4895106823820816, "params": {"eta": 0.4469248089121407, "max_depth": 4.789399866878915, "n_estimators": 52.70022566924251}, "datetime": {"datetime": "2021-09-21 16:19:06", "elapsed": 40.556283, "delta": 0.694775}}
{"target": -2.3800034284591676, "params": {"eta": 0.18773903195567937, "max_depth": 5.459678284298423, "n_estimators": 70.90502143024985}, "datetime": {"datetime": "2021-09-21 16:19:07", "elapsed": 41.515287, "delta": 0.959004}}
{"target": -2.41628065799412, "params": {"eta": 0.12858957061104478, "max_depth": 4.507852462434906, "n_estimators": 61.59159755863106}, "datetime": {"datetime": "2021-09-21 16:19:09", "elapsed": 42.909039, "delta": 1.393752}}
{"target": -2.5772982239723206, "params": {"eta": 0.46506168451690766, "max_depth": 4.363091206685036, "n_estimators": 52.88304651808825}, "datetime": {"datetime": "2021-09-21 16:19:09", "elapsed": 43.58204, "delta": 0.673001}}
{"target": -2.387753433302829, "params": {"eta": 0.1673413477528166, "max_depth": 4.134500776494397, "n_estimators": 66.64784473587706}, "datetime": {"datetime": "2021-09-21 16:19:11", "elapsed": 45.290489, "delta": 1.708449}}
{"target": -2.3232013783956824, "params": {"eta": 0.41471308335988694, "max_depth": 4.397363811230727, "n_estimators": 66.58167869761652}, "datetime": {"datetime": "2021-09-21 16:19:13", "elapsed": 46.773082, "delta": 1.482593}}
{"target": -2.522770394149579, "params": {"eta": 0.44003959183114194, "max_depth": 4.295350203690873, "n_estimators": 66.89341863935837}, "datetime": {"datetime": "2021-09-21 16:19:13", "elapsed": 47.533081, "delta": 0.759999}}
{"target": -2.399007119003095, "params": {"eta": 0.4119344239485439, "max_depth": 3.9946516369348988, "n_estimators": 56.40115581233982}, "datetime": {"datetime": "2021-09-21 16:19:14", "elapsed": 48.09608, "delta": 0.562999}}
{"target": -2.438803464801688, "params": {"eta": 0.40833964505704207, "max_depth": 4.200511128174975, "n_estimators": 66.40708715546332}, "datetime": {"datetime": "2021-09-21 16:19:15", "elapsed": 49.379082, "delta": 1.283002}}
{"target": -2.453441133624629, "params": {"eta": 0.3647668590544657, "max_depth": 4.669145645769341, "n_estimators": 52.05056769956207}, "datetime": {"datetime": "2021-09-21 16:19:16", "elapsed": 50.523606, "delta": 1.144524}}
{"target": -2.61563837465487, "params": {"eta": 0.46629751420009186, "max_depth": 4.657062273760086, "n_estimators": 66.34277657979733}, "datetime": {"datetime": "2021-09-21 16:19:17", "elapsed": 51.420604, "delta": 0.896998}}
{"target": -2.418597247726039, "params": {"eta": 0.10362600588469163, "max_depth": 4.543334327311505, "n_estimators": 66.7661878833928}, "datetime": {"datetime": "2021-09-21 16:19:19", "elapsed": 52.866322, "delta": 1.445718}}
{"target": -2.5263355593932304, "params": {"eta": 0.3233777331271246, "max_depth": 5.399919684281297, "n_estimators": 71.22116042378103}, "datetime": {"datetime": "2021-09-21 16:19:21", "elapsed": 55.118047, "delta": 2.251725}}
{"target": -2.4226544022560117, "params": {"eta": 0.40317651740865457, "max_depth": 5.634951034585633, "n_estimators": 70.66226596414819}, "datetime": {"datetime": "2021-09-21 16:19:23", "elapsed": 57.340102, "delta": 2.222055}}
{"target": -2.495666747344168, "params": {"eta": 0.06958451940672708, "max_depth": 5.775179121356781, "n_estimators": 70.88045894595504}, "datetime": {"datetime": "2021-09-21 16:19:25", "elapsed": 58.915299, "delta": 1.575197}}
{"target": -2.6093552558045636, "params": {"eta": 0.4303702057287726, "max_depth": 5.141977894601349, "n_estimators": 70.7939137528459}, "datetime": {"datetime": "2021-09-21 16:19:26", "elapsed": 59.895297, "delta": 0.979998}}
{"target": -2.5001619790729723, "params": {"eta": 0.0906023480686069, "max_depth": 4.892028906178231, "n_estimators": 53.16103481950542}, "datetime": {"datetime": "2021-09-21 16:19:27", "elapsed": 61.22468, "delta": 1.329383}}
{"target": -2.624442539717022, "params": {"eta": 0.05, "max_depth": 5.468798671737572, "n_estimators": 70.56626539375254}, "datetime": {"datetime": "2021-09-21 16:19:28", "elapsed": 62.174679, "delta": 0.949999}}
{"target": -2.670280521794369, "params": {"eta": 0.5, "max_depth": 4.154555763768499, "n_estimators": 56.71418714183342}, "datetime": {"datetime": "2021-09-21 16:19:29", "elapsed": 63.371285, "delta": 1.196606}}
{"target": -3.4323179169705034, "params": {"eta": 0.08365896107979812, "max_depth": 1.2573460958739475, "n_estimators": 48.75616946630393}, "datetime": {"datetime": "2021-09-21 16:19:30", "elapsed": 64.568927, "delta": 1.197642}}
{"target": -2.5516145405016446, "params": {"eta": 0.5, "max_depth": 3.66662316231205, "n_estimators": 56.236433727428256}, "datetime": {"datetime": "2021-09-21 16:19:31", "elapsed": 65.66154, "delta": 1.092613}}
{"target": -2.3503918057993842, "params": {"eta": 0.2527115259394808, "max_depth": 5.35900937951635, "n_estimators": 52.824100924903}, "datetime": {"datetime": "2021-09-21 16:19:33", "elapsed": 66.911117, "delta": 1.249577}}
{"target": -2.4537661144607945, "params": {"eta": 0.2581141866401216, "max_depth": 5.7239176219229435, "n_estimators": 52.88573444389564}, "datetime": {"datetime": "2021-09-21 16:19:36", "elapsed": 70.144296, "delta": 3.233179}}
{"target": -2.430470574529547, "params": {"eta": 0.3026066959934073, "max_depth": 5.3629891929878895, "n_estimators": 53.114347513593465}, "datetime": {"datetime": "2021-09-21 16:19:38", "elapsed": 72.125673, "delta": 1.981377}}
{"target": -2.4652445322588874, "params": {"eta": 0.26155149094508034, "max_depth": 4.342989345027528, "n_estimators": 56.14708014449802}, "datetime": {"datetime": "2021-09-21 16:19:40", "elapsed": 73.786723, "delta": 1.66105}}
{"target": -2.8762506886532435, "params": {"eta": 0.051164756551760525, "max_depth": 4.0526942864387205, "n_estimators": 56.31575516613616}, "datetime": {"datetime": "2021-09-21 16:19:42", "elapsed": 75.760469, "delta": 1.973746}}
{"target": -2.670280521794369, "params": {"eta": 0.5, "max_depth": 4.10880562997879, "n_estimators": 56.0438764828703}, "datetime": {"datetime": "2021-09-21 16:19:43", "elapsed": 76.952076, "delta": 1.191607}}
{"target": -2.892770001135374, "params": {"eta": 0.05, "max_depth": 4.594968839259929, "n_estimators": 58.461110046094355}, "datetime": {"datetime": "2021-09-21 16:19:44", "elapsed": 78.387237, "delta": 1.435161}}
{"target": -2.4669423774669044, "params": {"eta": 0.10205799311852433, "max_depth": 4.9742161463278105, "n_estimators": 59.110362499202665}, "datetime": {"datetime": "2021-09-21 16:19:46", "elapsed": 80.243265, "delta": 1.856028}}
{"target": -2.4621736940584684, "params": {"eta": 0.3247839786308108, "max_depth": 4.936742706325479, "n_estimators": 70.15371478270454}, "datetime": {"datetime": "2021-09-21 16:19:47", "elapsed": 81.110917, "delta": 0.867652}}
{"target": -2.65156745345969, "params": {"eta": 0.05487357067655416, "max_depth": 4.398990026073675, "n_estimators": 66.3790035661626}, "datetime": {"datetime": "2021-09-21 16:19:48", "elapsed": 82.282916, "delta": 1.171999}}
{"target": -2.4066390024988276, "params": {"eta": 0.3761296043875312, "max_depth": 4.6625752085860395, "n_estimators": 59.057914050671535}, "datetime": {"datetime": "2021-09-21 16:19:50", "elapsed": 84.153902, "delta": 1.870986}}
{"target": -2.5796004659251164, "params": {"eta": 0.3423767373913905, "max_depth": 5.959820236363294, "n_estimators": 48.679470060907036}, "datetime": {"datetime": "2021-09-21 16:19:51", "elapsed": 85.053424, "delta": 0.899522}}
{"target": -2.5264726939954256, "params": {"eta": 0.467847790200108, "max_depth": 5.359456168233878, "n_estimators": 52.72575219090248}, "datetime": {"datetime": "2021-09-21 16:19:52", "elapsed": 86.259595, "delta": 1.206171}}
{"target": -2.4970346250032125, "params": {"eta": 0.07428835937197997, "max_depth": 4.614165762334198, "n_estimators": 59.15010438626699}, "datetime": {"datetime": "2021-09-21 16:19:54", "elapsed": 87.995347, "delta": 1.735752}}
{"target": -2.509285276187094, "params": {"eta": 0.39515718675655914, "max_depth": 3.830678493517339, "n_estimators": 51.809710460556445}, "datetime": {"datetime": "2021-09-21 16:19:55", "elapsed": 88.929409, "delta": 0.934062}}
{"target": -2.485300430498625, "params": {"eta": 0.3255944789646099, "max_depth": 5.0370485349485214, "n_estimators": 58.89897295600332}, "datetime": {"datetime": "2021-09-21 16:19:57", "elapsed": 91.004736, "delta": 2.075327}}
{"target": -2.3325988499741808, "params": {"eta": 0.2984379059781457, "max_depth": 5.177057037827338, "n_estimators": 61.43325461744758}, "datetime": {"datetime": "2021-09-21 16:19:59", "elapsed": 93.031286, "delta": 2.02655}}
{"target": -2.518961289054469, "params": {"eta": 0.076209016726224, "max_depth": 5.282056607255679, "n_estimators": 61.2684325434654}, "datetime": {"datetime": "2021-09-21 16:20:01", "elapsed": 95.521127, "delta": 2.489841}}
{"target": -2.609054346461045, "params": {"eta": 0.46725434769993157, "max_depth": 5.064348922766708, "n_estimators": 61.68346967292461}, "datetime": {"datetime": "2021-09-21 16:20:04", "elapsed": 98.517077, "delta": 2.99595}}
{"target": -2.6071527474804927, "params": {"eta": 0.06940964479958758, "max_depth": 5.275967191767249, "n_estimators": 52.75864025995038}, "datetime": {"datetime": "2021-09-21 16:20:05", "elapsed": 99.675326, "delta": 1.158249}}
{"target": -2.703788702111495, "params": {"eta": 0.496206941058879, "max_depth": 5.466857022286749, "n_estimators": 61.36937933234873}, "datetime": {"datetime": "2021-09-21 16:20:07", "elapsed": 101.061483, "delta": 1.386157}}
{"target": -2.547946500150781, "params": {"eta": 0.06620487778642874, "max_depth": 5.152743353418815, "n_estimators": 61.5557768665157}, "datetime": {"datetime": "2021-09-21 16:20:09", "elapsed": 103.235971, "delta": 2.174488}}
{"target": -2.4813548401782386, "params": {"eta": 0.3682069061615277, "max_depth": 5.689270494357363, "n_estimators": 70.97731096553215}, "datetime": {"datetime": "2021-09-21 16:20:10", "elapsed": 104.368992, "delta": 1.133021}}
{"target": -2.5570399892957587, "params": {"eta": 0.3607104335637937, "max_depth": 5.085533533437138, "n_estimators": 61.178361227009454}, "datetime": {"datetime": "2021-09-21 16:20:12", "elapsed": 106.505084, "delta": 2.136092}}
{"target": -2.4499884285424884, "params": {"eta": 0.4242908598034024, "max_depth": 4.679615761004583, "n_estimators": 66.78160094095372}, "datetime": {"datetime": "2021-09-21 16:20:14", "elapsed": 107.810037, "delta": 1.304953}}
{"target": -2.4087322021785535, "params": {"eta": 0.2041596766801904, "max_depth": 5.3882105546186505, "n_estimators": 52.03809950320987}, "datetime": {"datetime": "2021-09-21 16:20:15", "elapsed": 109.226549, "delta": 1.416512}}
{"target": -2.5888207749316567, "params": {"eta": 0.3452387624408551, "max_depth": 5.745893273482334, "n_estimators": 52.05445513375844}, "datetime": {"datetime": "2021-09-21 16:20:16", "elapsed": 110.707141, "delta": 1.480592}}
{"target": -2.5267319986694736, "params": {"eta": 0.47746102590821504, "max_depth": 4.92723836030916, "n_estimators": 59.298924558583884}, "datetime": {"datetime": "2021-09-21 16:20:18", "elapsed": 112.113986, "delta": 1.406845}}
{"target": -2.6390532117140917, "params": {"eta": 0.47530939940376493, "max_depth": 3.071413802697144, "n_estimators": 74.4229938896149}, "datetime": {"datetime": "2021-09-21 16:20:19", "elapsed": 112.872687, "delta": 0.758701}}
{"target": -2.530869581824855, "params": {"eta": 0.3255584154289998, "max_depth": 3.730866628105341, "n_estimators": 61.95275022557814}, "datetime": {"datetime": "2021-09-21 16:20:19", "elapsed": 113.558023, "delta": 0.685336}}
{"target": -2.6188377261161806, "params": {"eta": 0.4741806368349864, "max_depth": 5.079738780851466, "n_estimators": 53.07953759130395}, "datetime": {"datetime": "2021-09-21 16:20:21", "elapsed": 115.044101, "delta": 1.486078}}
{"target": -2.546461484306737, "params": {"eta": 0.4562176895596691, "max_depth": 4.289616178359093, "n_estimators": 61.69086686141112}, "datetime": {"datetime": "2021-09-21 16:20:22", "elapsed": 116.474711, "delta": 1.43061}}
{"target": -2.3478121644572205, "params": {"eta": 0.09422708434917476, "max_depth": 5.362810815913694, "n_estimators": 76.80921217008145}, "datetime": {"datetime": "2021-09-21 16:20:24", "elapsed": 117.796289, "delta": 1.321578}}
{"target": -2.6266215625562164, "params": {"eta": 0.07371196962780541, "max_depth": 3.3317234278748433, "n_estimators": 75.68721238929092}, "datetime": {"datetime": "2021-09-21 16:20:24", "elapsed": 118.728271, "delta": 0.931982}}
{"target": -2.4177088555536774, "params": {"eta": 0.3061076328894385, "max_depth": 5.219182777541494, "n_estimators": 76.94816158737308}, "datetime": {"datetime": "2021-09-21 16:20:26", "elapsed": 119.977875, "delta": 1.249604}}
{"target": -2.475749612481971, "params": {"eta": 0.07652395887082529, "max_depth": 5.070320414369864, "n_estimators": 76.74706551899496}, "datetime": {"datetime": "2021-09-21 16:20:27", "elapsed": 121.114489, "delta": 1.136614}}
{"target": -3.0308345694290963, "params": {"eta": 0.18104719048635393, "max_depth": 1.6243751272130498, "n_estimators": 73.19358078812675}, "datetime": {"datetime": "2021-09-21 16:20:28", "elapsed": 121.986489, "delta": 0.872}}
{"target": -2.5693546558681284, "params": {"eta": 0.05, "max_depth": 5.416273941500583, "n_estimators": 77.10721962800716}, "datetime": {"datetime": "2021-09-21 16:20:29", "elapsed": 123.342326, "delta": 1.355837}}
{"target": -2.4006747503029673, "params": {"eta": 0.3286831756034718, "max_depth": 5.397239592204745, "n_estimators": 76.63093229408207}, "datetime": {"datetime": "2021-09-21 16:20:31", "elapsed": 124.760616, "delta": 1.41829}}
{"target": -2.5738223314285276, "params": {"eta": 0.05, "max_depth": 5.584064216631686, "n_estimators": 76.57914919392492}, "datetime": {"datetime": "2021-09-21 16:20:32", "elapsed": 125.766657, "delta": 1.006041}}
{"target": -2.5187236484728364, "params": {"eta": 0.44257363671688127, "max_depth": 5.491279769059691, "n_estimators": 76.88256908394057}, "datetime": {"datetime": "2021-09-21 16:20:33", "elapsed": 126.832374, "delta": 1.065717}}
{"target": -2.459409857423682, "params": {"eta": 0.3739385169132898, "max_depth": 4.999790313334852, "n_estimators": 76.5280722225655}, "datetime": {"datetime": "2021-09-21 16:20:33", "elapsed": 127.509217, "delta": 0.676843}}
{"target": -2.382889750129298, "params": {"eta": 0.353794143767665, "max_depth": 4.689553642358149, "n_estimators": 56.012568443307124}, "datetime": {"datetime": "2021-09-21 16:20:34", "elapsed": 128.05522, "delta": 0.546003}}
{"target": -2.480715737844768, "params": {"eta": 0.44680822295155237, "max_depth": 4.754408780568998, "n_estimators": 56.365772827951496}, "datetime": {"datetime": "2021-09-21 16:20:34", "elapsed": 128.678514, "delta": 0.623294}}
{"target": -2.4925940017951165, "params": {"eta": 0.09108200273536624, "max_depth": 4.657358685646331, "n_estimators": 56.070385927711015}, "datetime": {"datetime": "2021-09-21 16:20:35", "elapsed": 129.34104, "delta": 0.662526}}
{"target": -2.479853944401992, "params": {"eta": 0.3643746683079839, "max_depth": 4.625788859144534, "n_estimators": 55.64790376191251}, "datetime": {"datetime": "2021-09-21 16:20:36", "elapsed": 130.225634, "delta": 0.884594}}
{"target": -2.666974490567257, "params": {"eta": 0.5, "max_depth": 4.992006101450712, "n_estimators": 55.9326522486384}, "datetime": {"datetime": "2021-09-21 16:20:37", "elapsed": 131.048405, "delta": 0.822771}}
{"target": -2.609528475058706, "params": {"eta": 0.06535268213909406, "max_depth": 5.609292235844663, "n_estimators": 53.23135442200549}, "datetime": {"datetime": "2021-09-21 16:20:38", "elapsed": 131.905405, "delta": 0.857}}
{"target": -2.7703313526354334, "params": {"eta": 0.48385022700304586, "max_depth": 5.271773118681226, "n_estimators": 51.82538814435112}, "datetime": {"datetime": "2021-09-21 16:20:38", "elapsed": 132.673732, "delta": 0.768327}}
{"target": -2.452259129599521, "params": {"eta": 0.09208404591115744, "max_depth": 4.807918568650198, "n_estimators": 67.03585936865936}, "datetime": {"datetime": "2021-09-21 16:20:39", "elapsed": 133.483178, "delta": 0.809446}}
{"target": -2.5296618787865888, "params": {"eta": 0.06831012453834194, "max_depth": 4.947360951292089, "n_estimators": 66.69719060836958}, "datetime": {"datetime": "2021-09-21 16:20:40", "elapsed": 134.253794, "delta": 0.770616}}
{"target": -2.717173331034811, "params": {"eta": 0.05, "max_depth": 4.411234668815351, "n_estimators": 67.10232769675846}, "datetime": {"datetime": "2021-09-21 16:20:41", "elapsed": 135.195926, "delta": 0.942132}}
{"target": -2.7464203809437002, "params": {"eta": 0.5, "max_depth": 5.985993983912626, "n_estimators": 70.59791289421666}, "datetime": {"datetime": "2021-09-21 16:20:42", "elapsed": 135.945929, "delta": 0.750003}}
{"target": -2.7469725207278604, "params": {"eta": 0.5, "max_depth": 5.299790807702949, "n_estimators": 76.31082597182463}, "datetime": {"datetime": "2021-09-21 16:20:43", "elapsed": 136.768508, "delta": 0.822579}}
{"target": -2.80815781166679, "params": {"eta": 0.485833972314148, "max_depth": 6.871966924927118, "n_estimators": 40.65790515457195}, "datetime": {"datetime": "2021-09-21 16:20:43", "elapsed": 137.39928, "delta": 0.630772}}
{"target": -2.7273562763866623, "params": {"eta": 0.053989990946881505, "max_depth": 4.430461178395554, "n_estimators": 61.26342250049214}, "datetime": {"datetime": "2021-09-21 16:20:44", "elapsed": 138.195278, "delta": 0.795998}}
{"target": -2.4211209855581584, "params": {"eta": 0.08732259762877143, "max_depth": 6.758833912687155, "n_estimators": 62.38191389153279}, "datetime": {"datetime": "2021-09-21 16:20:45", "elapsed": 138.792539, "delta": 0.597261}}
{"target": -2.8527924148659958, "params": {"eta": 0.05, "max_depth": 3.8397678608846637, "n_estimators": 66.69317035213491}, "datetime": {"datetime": "2021-09-21 16:20:46", "elapsed": 139.956555, "delta": 1.164016}}
{"target": -2.738659763963599, "params": {"eta": 0.495928306933575, "max_depth": 5.341838000554487, "n_estimators": 52.719825861693245}, "datetime": {"datetime": "2021-09-21 16:20:46", "elapsed": 140.565558, "delta": 0.609003}}
{"target": -2.4998444895995293, "params": {"eta": 0.2679442042398712, "max_depth": 6.567298807396647, "n_estimators": 44.24837995484519}, "datetime": {"datetime": "2021-09-21 16:20:47", "elapsed": 141.113679, "delta": 0.548121}}
{"target": -2.4420050307324055, "params": {"eta": 0.35103022005675366, "max_depth": 4.228812382632012, "n_estimators": 66.61857614898932}, "datetime": {"datetime": "2021-09-21 16:20:48", "elapsed": 141.827676, "delta": 0.713997}}
{"target": -2.446616564926348, "params": {"eta": 0.3229354657968313, "max_depth": 5.5171363896176295, "n_estimators": 52.64485859674963}, "datetime": {"datetime": "2021-09-21 16:20:48", "elapsed": 142.576675, "delta": 0.748999}}
{"target": -2.4061396316478127, "params": {"eta": 0.411418716114956, "max_depth": 3.6212319882705772, "n_estimators": 43.76894141482127}, "datetime": {"datetime": "2021-09-21 16:20:49", "elapsed": 143.050559, "delta": 0.473884}}
{"target": -2.4110584980563114, "params": {"eta": 0.4066850956312437, "max_depth": 5.440327624960957, "n_estimators": 52.84654375716634}, "datetime": {"datetime": "2021-09-21 16:20:49", "elapsed": 143.736259, "delta": 0.6857}}
{"target": -2.4373663243494534, "params": {"eta": 0.1197864540531399, "max_depth": 4.679841590943649, "n_estimators": 61.34815606212841}, "datetime": {"datetime": "2021-09-21 16:20:50", "elapsed": 144.308256, "delta": 0.571997}}
{"target": -2.3045084357261656, "params": {"eta": 0.16189949093106715, "max_depth": 6.266581543679397, "n_estimators": 76.53962807500386}, "datetime": {"datetime": "2021-09-21 16:20:51", "elapsed": 145.087597, "delta": 0.779341}}
{"target": -2.3743326507116618, "params": {"eta": 0.4087887128802218, "max_depth": 4.454432839360789, "n_estimators": 77.76131594959213}, "datetime": {"datetime": "2021-09-21 16:20:51", "elapsed": 145.633599, "delta": 0.546002}}
