{"target": -15.932988055630338, "params": {"eta": 1.0, "max_depth": 20.053773739163216, "n_estimators": 13.960259260251032}, "datetime": {"datetime": "2021-09-27 18:06:26", "elapsed": 74.032003, "delta": 0.977004}}
{"target": -15.670762649550243, "params": {"eta": 1.0, "max_depth": 18.077143858143266, "n_estimators": 40.10264097030871}, "datetime": {"datetime": "2021-09-27 18:06:27", "elapsed": 74.844687, "delta": 0.812684}}
{"target": -11.130843601873652, "params": {"eta": 0.1425802109152838, "max_depth": 25.162394005759722, "n_estimators": 49.84662454350802}, "datetime": {"datetime": "2021-09-27 18:06:28", "elapsed": 75.937688, "delta": 1.093001}}
{"target": -14.942434345018354, "params": {"eta": 0.7464334316948328, "max_depth": 22.741922949667625, "n_estimators": 49.755143117538395}, "datetime": {"datetime": "2021-09-27 18:06:28", "elapsed": 76.648373, "delta": 0.710685}}
{"target": -93.00067498240206, "params": {"eta": 0.001, "max_depth": 21.981629246851764, "n_estimators": 47.40869497897791}, "datetime": {"datetime": "2021-09-27 18:06:29", "elapsed": 77.644686, "delta": 0.996313}}
{"target": -17.338740975590667, "params": {"eta": 0.9321374683102173, "max_depth": 26.434584749053073, "n_estimators": 47.98624491886834}, "datetime": {"datetime": "2021-09-27 18:06:30", "elapsed": 78.534841, "delta": 0.890155}}
{"target": -94.86898681435324, "params": {"eta": 0.001, "max_depth": 14.704576332244855, "n_estimators": 27.03314437768172}, "datetime": {"datetime": "2021-09-27 18:06:31", "elapsed": 79.382842, "delta": 0.848001}}
{"target": -16.243129116440887, "params": {"eta": 0.7936469322667177, "max_depth": 16.62816507537623, "n_estimators": 30.447943887782344}, "datetime": {"datetime": "2021-09-27 18:06:32", "elapsed": 80.137838, "delta": 0.754996}}
{"target": -16.23789044744736, "params": {"eta": 0.8698266121944709, "max_depth": 8.878886404547082, "n_estimators": 18.45155205060673}, "datetime": {"datetime": "2021-09-27 18:06:33", "elapsed": 81.371637, "delta": 1.233799}}
{"target": -16.246039031656245, "params": {"eta": 0.948730214459844, "max_depth": 6.597337727615195, "n_estimators": 20.31616112420099}, "datetime": {"datetime": "2021-09-27 18:06:34", "elapsed": 82.108266, "delta": 0.736629}}
{"target": -39.32376554052337, "params": {"eta": 0.03008098547318524, "max_depth": 21.315859321233205, "n_estimators": 30.294114754637693}, "datetime": {"datetime": "2021-09-27 18:06:35", "elapsed": 82.957266, "delta": 0.849}}
{"target": -12.2445513843037, "params": {"eta": 0.4844877317949574, "max_depth": 21.63100030544759, "n_estimators": 26.56818992552824}, "datetime": {"datetime": "2021-09-27 18:06:36", "elapsed": 83.966266, "delta": 1.009}}
{"target": -13.949771461538965, "params": {"eta": 0.5687197593016003, "max_depth": 20.72887164697139, "n_estimators": 43.50680251048114}, "datetime": {"datetime": "2021-09-27 18:06:37", "elapsed": 85.446236, "delta": 1.47997}}
{"target": -15.286317774124974, "params": {"eta": 0.9003326049323414, "max_depth": 2.8965273374521274, "n_estimators": 10.755495663727874}, "datetime": {"datetime": "2021-09-27 18:06:38", "elapsed": 86.23423, "delta": 0.787994}}
{"target": -16.449427658127373, "params": {"eta": 0.9748697014666499, "max_depth": 4.561063124887275, "n_estimators": 23.60753444126835}, "datetime": {"datetime": "2021-09-27 18:06:39", "elapsed": 86.955116, "delta": 0.720886}}
{"target": -14.57949803555488, "params": {"eta": 1.0, "max_depth": 2.9549553378035576, "n_estimators": 13.064411646562178}, "datetime": {"datetime": "2021-09-27 18:06:40", "elapsed": 87.909117, "delta": 0.954001}}
{"target": -93.65152005153078, "params": {"eta": 0.001, "max_depth": 20.112964370402015, "n_estimators": 40.09421843908071}, "datetime": {"datetime": "2021-09-27 18:06:40", "elapsed": 88.701323, "delta": 0.792206}}
{"target": -16.97338478271199, "params": {"eta": 0.7814377537074574, "max_depth": 18.60536058520583, "n_estimators": 44.305234362561045}, "datetime": {"datetime": "2021-09-27 18:06:41", "elapsed": 89.572324, "delta": 0.871001}}
{"target": -14.030598814564884, "params": {"eta": 0.6586609626883692, "max_depth": 15.897374351887594, "n_estimators": 39.622921069045915}, "datetime": {"datetime": "2021-09-27 18:06:42", "elapsed": 90.532319, "delta": 0.959995}}
{"target": -12.05386817341143, "params": {"eta": 0.06964347144997304, "max_depth": 16.98590399010061, "n_estimators": 43.048637734558056}, "datetime": {"datetime": "2021-09-27 18:06:43", "elapsed": 91.525321, "delta": 0.993002}}
{"target": -15.922000006265835, "params": {"eta": 1.0, "max_depth": 15.395997106294846, "n_estimators": 44.438901308735595}, "datetime": {"datetime": "2021-09-27 18:06:44", "elapsed": 92.804206, "delta": 1.278885}}
{"target": -16.025859510759314, "params": {"eta": 1.0, "max_depth": 23.642598238373044, "n_estimators": 33.94565217147058}, "datetime": {"datetime": "2021-09-27 18:06:45", "elapsed": 93.634208, "delta": 0.830002}}
{"target": -15.952992786768899, "params": {"eta": 1.0, "max_depth": 12.923905724036151, "n_estimators": 45.42060785190837}, "datetime": {"datetime": "2021-09-27 18:06:46", "elapsed": 94.496213, "delta": 0.862005}}
{"target": -77.72465947788724, "params": {"eta": 0.018599868591172197, "max_depth": 13.875493837054398, "n_estimators": 12.409344149537281}, "datetime": {"datetime": "2021-09-27 18:06:47", "elapsed": 95.276212, "delta": 0.779999}}
{"target": -12.245925148405634, "params": {"eta": 0.3407073737936275, "max_depth": 25.97254948670515, "n_estimators": 45.630790574024864}, "datetime": {"datetime": "2021-09-27 18:06:48", "elapsed": 96.474452, "delta": 1.19824}}
{"target": -16.990118735779745, "params": {"eta": 0.8698016320208006, "max_depth": 13.869072611732692, "n_estimators": 15.68380846558586}, "datetime": {"datetime": "2021-09-27 18:06:49", "elapsed": 97.524329, "delta": 1.049877}}
{"target": -17.264651694360253, "params": {"eta": 1.0, "max_depth": 7.805868901070945, "n_estimators": 12.029020944654745}, "datetime": {"datetime": "2021-09-27 18:06:50", "elapsed": 98.396334, "delta": 0.872005}}
{"target": -17.569743070524027, "params": {"eta": 0.18283217039794897, "max_depth": 1.1503839964004308, "n_estimators": 14.447077447531623}, "datetime": {"datetime": "2021-09-27 18:06:51", "elapsed": 99.036175, "delta": 0.639841}}
{"target": -14.824499453158307, "params": {"eta": 1.0, "max_depth": 2.300007416540094, "n_estimators": 24.0207291623976}, "datetime": {"datetime": "2021-09-27 18:06:52", "elapsed": 100.049183, "delta": 1.013008}}
{"target": -17.20325155585228, "params": {"eta": 0.9678709309426512, "max_depth": 24.694969051074743, "n_estimators": 27.970910416003978}, "datetime": {"datetime": "2021-09-27 18:06:53", "elapsed": 100.994887, "delta": 0.945704}}
{"target": -13.935768007148901, "params": {"eta": 0.11068767630949813, "max_depth": 27.854115553162867, "n_estimators": 20.49193130591746}, "datetime": {"datetime": "2021-09-27 18:06:54", "elapsed": 101.848884, "delta": 0.853997}}
{"target": -95.62165198167342, "params": {"eta": 0.001, "max_depth": 30.0, "n_estimators": 19.570276382057813}, "datetime": {"datetime": "2021-09-27 18:06:55", "elapsed": 102.945103, "delta": 1.096219}}
{"target": -12.145133913682049, "params": {"eta": 0.21770078294125464, "max_depth": 25.672492098714123, "n_estimators": 20.709753868400536}, "datetime": {"datetime": "2021-09-27 18:06:56", "elapsed": 104.061108, "delta": 1.116005}}
{"target": -15.653547356954848, "params": {"eta": 1.0, "max_depth": 1.0, "n_estimators": 47.45843096554809}, "datetime": {"datetime": "2021-09-27 18:06:56", "elapsed": 104.772934, "delta": 0.711826}}
{"target": -92.93834928746702, "params": {"eta": 0.001, "max_depth": 1.0, "n_estimators": 45.04138025802663}, "datetime": {"datetime": "2021-09-27 18:06:58", "elapsed": 105.86394, "delta": 1.091006}}
{"target": -17.71742347443593, "params": {"eta": 0.8730711413480038, "max_depth": 22.558481552677137, "n_estimators": 20.289032202120946}, "datetime": {"datetime": "2021-09-27 18:06:59", "elapsed": 106.837971, "delta": 0.974031}}
{"target": -16.605010870807575, "params": {"eta": 1.0, "max_depth": 10.417120748466749, "n_estimators": 46.141132918016936}, "datetime": {"datetime": "2021-09-27 18:07:00", "elapsed": 107.993974, "delta": 1.156003}}
{"target": -10.978845307287836, "params": {"eta": 0.14846003273915656, "max_depth": 8.825552894969452, "n_estimators": 44.39148226921735}, "datetime": {"datetime": "2021-09-27 18:07:01", "elapsed": 109.186975, "delta": 1.193001}}
{"target": -16.57341074949168, "params": {"eta": 1.0, "max_depth": 6.807033675533456, "n_estimators": 43.939754623884745}, "datetime": {"datetime": "2021-09-27 18:07:02", "elapsed": 110.311977, "delta": 1.125002}}
{"target": -16.45174081599645, "params": {"eta": 0.9647705916889818, "max_depth": 8.420873018572777, "n_estimators": 42.19800059060945}, "datetime": {"datetime": "2021-09-27 18:07:03", "elapsed": 111.416483, "delta": 1.104506}}
{"target": -16.100815171253945, "params": {"eta": 0.8028719786411878, "max_depth": 7.847749641848832, "n_estimators": 46.108726305304465}, "datetime": {"datetime": "2021-09-27 18:07:04", "elapsed": 112.331693, "delta": 0.91521}}
{"target": -95.24458351592976, "params": {"eta": 0.001, "max_depth": 30.0, "n_estimators": 23.894017150095777}, "datetime": {"datetime": "2021-09-27 18:07:05", "elapsed": 113.076011, "delta": 0.744318}}
{"target": -12.977660293926373, "params": {"eta": 0.5217624822865717, "max_depth": 27.58353515034311, "n_estimators": 26.472669024337677}, "datetime": {"datetime": "2021-09-27 18:07:06", "elapsed": 114.28401, "delta": 1.207999}}
{"target": -16.54212103883085, "params": {"eta": 0.9218022215678652, "max_depth": 11.460614394039682, "n_estimators": 18.0125877439294}, "datetime": {"datetime": "2021-09-27 18:07:07", "elapsed": 115.344874, "delta": 1.060864}}
{"target": -14.305709037741456, "params": {"eta": 0.654156599778019, "max_depth": 19.676615987915152, "n_estimators": 35.64415234280719}, "datetime": {"datetime": "2021-09-27 18:07:08", "elapsed": 116.355871, "delta": 1.010997}}
{"target": -11.749020587662026, "params": {"eta": 0.10169837164144573, "max_depth": 21.960298390251864, "n_estimators": 33.6249513078328}, "datetime": {"datetime": "2021-09-27 18:07:09", "elapsed": 117.381926, "delta": 1.026055}}
{"target": -11.695131274942861, "params": {"eta": 0.08466610169896388, "max_depth": 11.897289793544228, "n_estimators": 47.90334273648047}, "datetime": {"datetime": "2021-09-27 18:07:10", "elapsed": 118.55518, "delta": 1.173254}}
{"target": -15.933343970924001, "params": {"eta": 0.7239745100213457, "max_depth": 10.770623213159505, "n_estimators": 49.68913042583668}, "datetime": {"datetime": "2021-09-27 18:07:12", "elapsed": 120.182182, "delta": 1.627002}}
{"target": -16.76867556102466, "params": {"eta": 0.08830339034088937, "max_depth": 10.946679237473617, "n_estimators": 21.827713049495017}, "datetime": {"datetime": "2021-09-27 18:07:13", "elapsed": 121.20895, "delta": 1.026768}}
{"target": -16.024299789025314, "params": {"eta": 1.0, "max_depth": 29.542758621710593, "n_estimators": 27.26641153548624}, "datetime": {"datetime": "2021-09-27 18:07:14", "elapsed": 122.302073, "delta": 1.093123}}
{"target": -15.826923984845642, "params": {"eta": 0.9016023980210975, "max_depth": 5.09386005543634, "n_estimators": 33.035221579059694}, "datetime": {"datetime": "2021-09-27 18:07:15", "elapsed": 123.499872, "delta": 1.197799}}
{"target": -11.759559348478543, "params": {"eta": 0.43012262544367186, "max_depth": 9.716705649070759, "n_estimators": 47.92681030865737}, "datetime": {"datetime": "2021-09-27 18:07:16", "elapsed": 124.609011, "delta": 1.109139}}
{"target": -16.893840131129494, "params": {"eta": 0.9727134491537637, "max_depth": 28.08850705517001, "n_estimators": 21.714057583260757}, "datetime": {"datetime": "2021-09-27 18:07:17", "elapsed": 125.658011, "delta": 1.049}}
{"target": -16.024299681460995, "params": {"eta": 1.0, "max_depth": 29.962292121762626, "n_estimators": 43.027275049923716}, "datetime": {"datetime": "2021-09-27 18:07:18", "elapsed": 126.716158, "delta": 1.058147}}
{"target": -16.027529179631255, "params": {"eta": 1.0, "max_depth": 30.0, "n_estimators": 40.431383400830995}, "datetime": {"datetime": "2021-09-27 18:07:19", "elapsed": 127.79575, "delta": 1.079592}}
{"target": -16.662998627196053, "params": {"eta": 0.7613371145736908, "max_depth": 29.851318527531046, "n_estimators": 37.89197460102707}, "datetime": {"datetime": "2021-09-27 18:07:21", "elapsed": 128.94391, "delta": 1.14816}}
{"target": -12.926754540372624, "params": {"eta": 0.5082630858544623, "max_depth": 27.500461493749583, "n_estimators": 36.495574960301546}, "datetime": {"datetime": "2021-09-27 18:07:22", "elapsed": 130.184907, "delta": 1.240997}}
{"target": -11.636049071208907, "params": {"eta": 0.11497977530950246, "max_depth": 25.128255193987965, "n_estimators": 35.95076558997388}, "datetime": {"datetime": "2021-09-27 18:07:23", "elapsed": 131.557822, "delta": 1.372915}}
{"target": -17.125932886423374, "params": {"eta": 0.933719515074355, "max_depth": 26.116074873159814, "n_estimators": 34.396625961816106}, "datetime": {"datetime": "2021-09-27 18:07:24", "elapsed": 132.565766, "delta": 1.007944}}
{"target": -12.961347066170555, "params": {"eta": 0.07146621810221815, "max_depth": 29.88131408387197, "n_estimators": 35.60542906900078}, "datetime": {"datetime": "2021-09-27 18:07:25", "elapsed": 133.761443, "delta": 1.195677}}
{"target": -44.61432522020335, "params": {"eta": 0.07488749556933579, "max_depth": 9.407604475270903, "n_estimators": 10.103517697427485}, "datetime": {"datetime": "2021-09-27 18:07:26", "elapsed": 134.478442, "delta": 0.716999}}
{"target": -35.525988349828864, "params": {"eta": 0.08866754688858632, "max_depth": 21.272954218239427, "n_estimators": 11.823145486358948}, "datetime": {"datetime": "2021-09-27 18:07:27", "elapsed": 135.738539, "delta": 1.260097}}
{"target": -16.02497770593177, "params": {"eta": 1.0, "max_depth": 30.0, "n_estimators": 8.220671585183199}, "datetime": {"datetime": "2021-09-27 18:07:29", "elapsed": 136.838774, "delta": 1.100235}}
{"target": -16.026890204856524, "params": {"eta": 1.0, "max_depth": 30.0, "n_estimators": 10.727377366661914}, "datetime": {"datetime": "2021-09-27 18:07:30", "elapsed": 137.894777, "delta": 1.056003}}
{"target": -16.08977733007339, "params": {"eta": 1.0, "max_depth": 27.82213802431835, "n_estimators": 9.457425176334269}, "datetime": {"datetime": "2021-09-27 18:07:31", "elapsed": 138.93308, "delta": 1.038303}}
{"target": -16.767564424159158, "params": {"eta": 0.8060755372427193, "max_depth": 28.05996834896674, "n_estimators": 6.557372716422166}, "datetime": {"datetime": "2021-09-27 18:07:32", "elapsed": 140.136078, "delta": 1.202998}}
{"target": -16.322444231221482, "params": {"eta": 0.8003111868858268, "max_depth": 29.747795668683445, "n_estimators": 4.5243032387108055}, "datetime": {"datetime": "2021-09-27 18:07:33", "elapsed": 141.32333, "delta": 1.187252}}
{"target": -95.4329334421337, "params": {"eta": 0.001, "max_depth": 13.65903643849993, "n_estimators": 21.40314525997312}, "datetime": {"datetime": "2021-09-27 18:07:34", "elapsed": 142.187063, "delta": 0.863733}}
{"target": -13.418079451433371, "params": {"eta": 0.2064218428717687, "max_depth": 27.99162258286951, "n_estimators": 11.590992106670466}, "datetime": {"datetime": "2021-09-27 18:07:35", "elapsed": 143.230897, "delta": 1.043834}}
{"target": -96.28507992714566, "params": {"eta": 0.001, "max_depth": 29.941127283057355, "n_estimators": 12.858945445823082}, "datetime": {"datetime": "2021-09-27 18:07:36", "elapsed": 144.4199, "delta": 1.189003}}
{"target": -56.0651894715227, "params": {"eta": 0.05325310718928171, "max_depth": 25.747573029196825, "n_estimators": 10.92771073735873}, "datetime": {"datetime": "2021-09-27 18:07:37", "elapsed": 145.322944, "delta": 0.903044}}
{"target": -22.477178545746003, "params": {"eta": 0.09740782213799083, "max_depth": 11.647044536036457, "n_estimators": 15.813805009830928}, "datetime": {"datetime": "2021-09-27 18:07:38", "elapsed": 146.41594, "delta": 1.092996}}
{"target": -68.41564911058427, "params": {"eta": 0.03828174998211383, "max_depth": 28.96219984667694, "n_estimators": 9.77054998948099}, "datetime": {"datetime": "2021-09-27 18:07:39", "elapsed": 147.372304, "delta": 0.956364}}
{"target": -11.88238536069408, "params": {"eta": 0.3149708145036906, "max_depth": 17.06760240067315, "n_estimators": 41.259487038544094}, "datetime": {"datetime": "2021-09-27 18:07:40", "elapsed": 148.748307, "delta": 1.376003}}
{"target": -16.29780781825032, "params": {"eta": 0.7977601722045207, "max_depth": 28.14772420920219, "n_estimators": 34.83568956729926}, "datetime": {"datetime": "2021-09-27 18:07:42", "elapsed": 150.038384, "delta": 1.290077}}
{"target": -93.30265937204302, "params": {"eta": 0.0019863140839168174, "max_depth": 24.77123158479206, "n_estimators": 22.513075554806942}, "datetime": {"datetime": "2021-09-27 18:07:43", "elapsed": 151.265527, "delta": 1.227143}}
{"target": -15.952992786768899, "params": {"eta": 1.0, "max_depth": 12.097574206432721, "n_estimators": 29.67970997790092}, "datetime": {"datetime": "2021-09-27 18:07:44", "elapsed": 152.415223, "delta": 1.149696}}
{"target": -16.01489619586893, "params": {"eta": 0.9998457114357607, "max_depth": 26.67258372531714, "n_estimators": 20.889666600967672}, "datetime": {"datetime": "2021-09-27 18:07:45", "elapsed": 153.673261, "delta": 1.258038}}
{"target": -16.059506545023204, "params": {"eta": 1.0, "max_depth": 28.98880410241487, "n_estimators": 36.433494672643626}, "datetime": {"datetime": "2021-09-27 18:07:47", "elapsed": 154.89526, "delta": 1.221999}}
{"target": -12.05825827654445, "params": {"eta": 0.13926091878854563, "max_depth": 15.23137861457843, "n_estimators": 43.099771014542036}, "datetime": {"datetime": "2021-09-27 18:07:48", "elapsed": 156.302436, "delta": 1.407176}}
{"target": -15.999219517161082, "params": {"eta": 1.0, "max_depth": 30.0, "n_estimators": 6.408884931320043}, "datetime": {"datetime": "2021-09-27 18:07:49", "elapsed": 157.529722, "delta": 1.227286}}
{"target": -12.71801126706398, "params": {"eta": 0.07690505594371444, "max_depth": 23.58510308841896, "n_estimators": 35.287344725685884}, "datetime": {"datetime": "2021-09-27 18:07:51", "elapsed": 158.88672, "delta": 1.356998}}
{"target": -15.914612378563648, "params": {"eta": 0.9573373072367418, "max_depth": 23.80118626505277, "n_estimators": 36.749422087726145}, "datetime": {"datetime": "2021-09-27 18:07:52", "elapsed": 160.316962, "delta": 1.430242}}
{"target": -16.760776907991648, "params": {"eta": 0.8651143521193326, "max_depth": 10.534811272372405, "n_estimators": 24.94172009683143}, "datetime": {"datetime": "2021-09-27 18:07:53", "elapsed": 161.590637, "delta": 1.273675}}
{"target": -83.66850679767718, "params": {"eta": 0.004897593571536929, "max_depth": 18.700266406329565, "n_estimators": 31.83987866782456}, "datetime": {"datetime": "2021-09-27 18:07:55", "elapsed": 162.848685, "delta": 1.258048}}
{"target": -17.465067849669794, "params": {"eta": 0.04042695055811515, "max_depth": 9.10756234922076, "n_estimators": 46.0347831914128}, "datetime": {"datetime": "2021-09-27 18:07:56", "elapsed": 164.405609, "delta": 1.556924}}
{"target": -11.812350796061919, "params": {"eta": 0.23039916496611346, "max_depth": 20.61440041876352, "n_estimators": 34.4718787667586}, "datetime": {"datetime": "2021-09-27 18:07:58", "elapsed": 165.926709, "delta": 1.5211}}
{"target": -96.3774571220093, "params": {"eta": 0.001, "max_depth": 3.6849118076610976, "n_estimators": 11.966534104749497}, "datetime": {"datetime": "2021-09-27 18:07:59", "elapsed": 167.343616, "delta": 1.416907}}
{"target": -96.00019762928443, "params": {"eta": 0.001, "max_depth": 17.2572479758489, "n_estimators": 15.796141199601028}, "datetime": {"datetime": "2021-09-27 18:08:00", "elapsed": 168.660618, "delta": 1.317002}}
{"target": -11.536663029568555, "params": {"eta": 0.35444351148206116, "max_depth": 14.636587834247996, "n_estimators": 17.166719034856058}, "datetime": {"datetime": "2021-09-27 18:08:02", "elapsed": 170.152563, "delta": 1.491945}}
{"target": -16.26151413237808, "params": {"eta": 0.9313213713823862, "max_depth": 22.99038969468121, "n_estimators": 27.23871584377475}, "datetime": {"datetime": "2021-09-27 18:08:03", "elapsed": 171.559873, "delta": 1.40731}}
{"target": -16.162568627088056, "params": {"eta": 0.9277355832250606, "max_depth": 10.87126358482899, "n_estimators": 48.01439695216167}, "datetime": {"datetime": "2021-09-27 18:08:05", "elapsed": 173.011966, "delta": 1.452093}}
{"target": -17.333432267176452, "params": {"eta": 0.9413451473195882, "max_depth": 18.601041863868915, "n_estimators": 13.724208603490474}, "datetime": {"datetime": "2021-09-27 18:08:07", "elapsed": 174.971195, "delta": 1.959229}}
{"target": -11.838467337080711, "params": {"eta": 0.1998708556030179, "max_depth": 13.986442589515258, "n_estimators": 44.24340533904336}, "datetime": {"datetime": "2021-09-27 18:08:09", "elapsed": 176.982783, "delta": 2.011588}}
{"target": -13.972873684558584, "params": {"eta": 0.7110223063195299, "max_depth": 20.17466348477816, "n_estimators": 15.715543652679933}, "datetime": {"datetime": "2021-09-27 18:08:11", "elapsed": 178.825124, "delta": 1.842341}}
{"target": -25.27825695860178, "params": {"eta": 0.031606395460641076, "max_depth": 12.37762012557267, "n_estimators": 44.130442875880114}, "datetime": {"datetime": "2021-09-27 18:08:12", "elapsed": 180.202293, "delta": 1.377169}}
{"target": -15.88560427853913, "params": {"eta": 1.0, "max_depth": 17.547447140626975, "n_estimators": 42.34976476791085}, "datetime": {"datetime": "2021-09-27 18:08:13", "elapsed": 181.611108, "delta": 1.408815}}
{"target": -18.28774549762981, "params": {"eta": 0.991198333876644, "max_depth": 1.71961034448544, "n_estimators": 9.593670575354896}, "datetime": {"datetime": "2021-09-27 18:08:15", "elapsed": 182.930777, "delta": 1.319669}}
