{"target": -2.4268075899073955, "params": {"eta": 0.2262058836296586, "max_depth": 8.115521020470242, "n_estimators": 36.185287265680664}, "datetime": {"datetime": "2021-09-21 14:13:55", "elapsed": 2897.563997, "delta": 6.488193}}
{"target": -2.365101640475424, "params": {"eta": 0.19809498869014952, "max_depth": 26.88084876850304, "n_estimators": 55.15272447012348}, "datetime": {"datetime": "2021-09-21 14:14:04", "elapsed": 2906.941077, "delta": 9.37708}}
{"target": -2.4576215442858245, "params": {"eta": 0.29257001671185606, "max_depth": 26.02291887890494, "n_estimators": 56.11199617088137}, "datetime": {"datetime": "2021-09-21 14:14:25", "elapsed": 2927.773582, "delta": 20.832505}}
{"target": -2.411820328863043, "params": {"eta": 0.3635341051292465, "max_depth": 18.668601512347145, "n_estimators": 42.109640240685366}, "datetime": {"datetime": "2021-09-21 14:14:36", "elapsed": 2938.934729, "delta": 11.161147}}
{"target": -10.62203701922768, "params": {"eta": 0.02368445191650167, "max_depth": 19.454007686606612, "n_estimators": 34.29710203927983}, "datetime": {"datetime": "2021-09-21 14:14:48", "elapsed": 2950.722201, "delta": 11.787472}}
{"target": -2.33212589590173, "params": {"eta": 0.11954644726713246, "max_depth": 18.632065696619, "n_estimators": 41.85688502526647}, "datetime": {"datetime": "2021-09-21 14:14:57", "elapsed": 2959.734858, "delta": 9.012657}}
{"target": -2.166787416684, "params": {"eta": 0.15824070470337256, "max_depth": 18.343721317113616, "n_estimators": 42.28355709439088}, "datetime": {"datetime": "2021-09-21 14:15:07", "elapsed": 2969.526592, "delta": 9.791734}}
{"target": -2.273530750525625, "params": {"eta": 0.14210649639962267, "max_depth": 10.774739207114159, "n_estimators": 43.76769061214568}, "datetime": {"datetime": "2021-09-21 14:15:20", "elapsed": 2982.48241, "delta": 12.955818}}
{"target": -3.3939887040539785, "params": {"eta": 0.06512613804396565, "max_depth": 19.97239677142474, "n_estimators": 34.70782166927707}, "datetime": {"datetime": "2021-09-21 14:15:29", "elapsed": 2991.545006, "delta": 9.062596}}
{"target": -2.475696425061477, "params": {"eta": 0.3843969962225831, "max_depth": 26.641450182525848, "n_estimators": 54.84912907348327}, "datetime": {"datetime": "2021-09-21 14:15:38", "elapsed": 3000.650521, "delta": 9.105515}}
{"target": -3.1461429432818764, "params": {"eta": 0.9088853646079184, "max_depth": 3.493003371790814, "n_estimators": 10.599787224718526}, "datetime": {"datetime": "2021-09-21 14:15:45", "elapsed": 3007.036094, "delta": 6.385573}}
{"target": -2.3913291397847622, "params": {"eta": 0.45814678731461655, "max_depth": 26.53298875620387, "n_estimators": 55.583112004411305}, "datetime": {"datetime": "2021-09-21 14:15:56", "elapsed": 3018.735741, "delta": 11.699647}}
{"target": -2.665176966315822, "params": {"eta": 0.5544575476254694, "max_depth": 13.149996412152072, "n_estimators": 31.798729973726196}, "datetime": {"datetime": "2021-09-21 14:16:05", "elapsed": 3027.260323, "delta": 8.524582}}
{"target": -3.849111604376843, "params": {"eta": 0.9357198240206058, "max_depth": 24.384742747911616, "n_estimators": 22.884666900212927}, "datetime": {"datetime": "2021-09-21 14:16:11", "elapsed": 3033.744723, "delta": 6.4844}}
{"target": -2.3847823174376237, "params": {"eta": 0.3136819680794741, "max_depth": 22.910237517709483, "n_estimators": 36.28311103491436}, "datetime": {"datetime": "2021-09-21 14:16:23", "elapsed": 3045.059615, "delta": 11.314892}}
{"target": -2.4411872813576148, "params": {"eta": 0.2256275109283352, "max_depth": 26.97165465706864, "n_estimators": 54.85440267722025}, "datetime": {"datetime": "2021-09-21 14:16:39", "elapsed": 3061.146232, "delta": 16.086617}}
{"target": -2.5292548085513866, "params": {"eta": 0.2500594103580355, "max_depth": 16.099884812704857, "n_estimators": 36.85059757849534}, "datetime": {"datetime": "2021-09-21 14:16:49", "elapsed": 3071.33942, "delta": 10.193188}}
{"target": -2.337764184725912, "params": {"eta": 0.166607297822115, "max_depth": 29.60609599381947, "n_estimators": 58.554204569146954}, "datetime": {"datetime": "2021-09-21 14:17:02", "elapsed": 3084.016095, "delta": 12.676675}}
{"target": -2.3855755297761214, "params": {"eta": 0.16713502573868635, "max_depth": 15.337697247044314, "n_estimators": 38.97429754536086}, "datetime": {"datetime": "2021-09-21 14:17:13", "elapsed": 3095.340092, "delta": 11.323997}}
{"target": -2.4722687244415282, "params": {"eta": 0.31551896875787677, "max_depth": 17.134291327311864, "n_estimators": 39.23021913931592}, "datetime": {"datetime": "2021-09-21 14:17:22", "elapsed": 3104.63865, "delta": 9.298558}}
{"target": -2.538237476348877, "params": {"eta": 0.3252217848769513, "max_depth": 26.285006589281743, "n_estimators": 55.01952421277219}, "datetime": {"datetime": "2021-09-21 14:17:34", "elapsed": 3116.698728, "delta": 12.060078}}
{"target": -2.5483359462336486, "params": {"eta": 0.4112084760760557, "max_depth": 18.17378505374234, "n_estimators": 42.18507682866124}, "datetime": {"datetime": "2021-09-21 14:17:46", "elapsed": 3128.331663, "delta": 11.632935}}
{"target": -10.506159080329693, "params": {"eta": 0.01552260379066526, "max_depth": 29.82600970041048, "n_estimators": 53.8679267057481}, "datetime": {"datetime": "2021-09-21 14:17:53", "elapsed": 3135.712619, "delta": 7.380956}}
{"target": -2.318516325323205, "params": {"eta": 0.2955968012622303, "max_depth": 15.54558192645354, "n_estimators": 38.72864281311733}, "datetime": {"datetime": "2021-09-21 14:18:05", "elapsed": 3147.90637, "delta": 12.193751}}
{"target": -2.426873104823263, "params": {"eta": 0.3112911008495284, "max_depth": 29.584375960438834, "n_estimators": 58.298871155750305}, "datetime": {"datetime": "2021-09-21 14:18:23", "elapsed": 3165.289997, "delta": 17.383627}}
{"target": -2.428668007097746, "params": {"eta": 0.2899739206072952, "max_depth": 20.145940813607215, "n_estimators": 37.988000860201026}, "datetime": {"datetime": "2021-09-21 14:18:38", "elapsed": 3180.300836, "delta": 15.010839}}
{"target": -2.81911954817019, "params": {"eta": 0.5484694925313778, "max_depth": 27.019432141390418, "n_estimators": 55.05263509087908}, "datetime": {"datetime": "2021-09-21 14:18:51", "elapsed": 3193.789142, "delta": 13.488306}}
{"target": -2.5074685680238824, "params": {"eta": 0.3610070677128256, "max_depth": 20.594489407006936, "n_estimators": 38.30081675890689}, "datetime": {"datetime": "2021-09-21 14:19:06", "elapsed": 3208.197655, "delta": 14.408513}}
{"target": -2.804242811704937, "params": {"eta": 0.6408355810197678, "max_depth": 5.39292652628229, "n_estimators": 12.956334395694226}, "datetime": {"datetime": "2021-09-21 14:19:12", "elapsed": 3214.029768, "delta": 5.832113}}
{"target": -2.5400007674568577, "params": {"eta": 0.2829274313638188, "max_depth": 28.127909081873234, "n_estimators": 10.318260368028332}, "datetime": {"datetime": "2021-09-21 14:19:17", "elapsed": 3219.589156, "delta": 5.559388}}
{"target": -2.5148522245256526, "params": {"eta": 0.4456086720123812, "max_depth": 15.545231175041991, "n_estimators": 39.052918656181625}, "datetime": {"datetime": "2021-09-21 14:19:28", "elapsed": 3230.372673, "delta": 10.783517}}
{"target": -2.4608783408215174, "params": {"eta": 0.2287665069009954, "max_depth": 28.196308580049323, "n_estimators": 52.13592316204273}, "datetime": {"datetime": "2021-09-21 14:19:38", "elapsed": 3239.970765, "delta": 9.598092}}
{"target": -2.407011498275556, "params": {"eta": 0.17847032594790233, "max_depth": 12.734646761385715, "n_estimators": 32.18262318342818}, "datetime": {"datetime": "2021-09-21 14:19:47", "elapsed": 3249.47789, "delta": 9.507125}}
{"target": -2.4613307181157564, "params": {"eta": 0.3529277073382959, "max_depth": 27.411792027483926, "n_estimators": 56.94430105885329}, "datetime": {"datetime": "2021-09-21 14:20:08", "elapsed": 3270.641728, "delta": 21.163838}}
{"target": -2.450861816657217, "params": {"eta": 0.2736148315767583, "max_depth": 7.067075173752019, "n_estimators": 25.31512928862921}, "datetime": {"datetime": "2021-09-21 14:20:15", "elapsed": 3277.916365, "delta": 7.274637}}
{"target": -2.551812061510588, "params": {"eta": 0.4274093169280652, "max_depth": 15.052053560581715, "n_estimators": 38.80594553332324}, "datetime": {"datetime": "2021-09-21 14:20:28", "elapsed": 3290.331809, "delta": 12.415444}}
{"target": -3.052978175564816, "params": {"eta": 0.600588607406084, "max_depth": 20.216790744061097, "n_estimators": 38.24954077482565}, "datetime": {"datetime": "2021-09-21 14:20:39", "elapsed": 3300.963343, "delta": 10.631534}}
{"target": -2.499428457962839, "params": {"eta": 0.3691192569813694, "max_depth": 19.099304086663942, "n_estimators": 34.52341734246974}, "datetime": {"datetime": "2021-09-21 14:20:50", "elapsed": 3312.03023, "delta": 11.066887}}
{"target": -2.302872421239552, "params": {"eta": 0.21490070089860422, "max_depth": 28.054439540143143, "n_estimators": 56.91054620787229}, "datetime": {"datetime": "2021-09-21 14:21:05", "elapsed": 3326.960977, "delta": 14.930747}}
{"target": -2.3485638110261213, "params": {"eta": 0.28163847696969074, "max_depth": 25.396203229265566, "n_estimators": 54.22672314357634}, "datetime": {"datetime": "2021-09-21 14:21:22", "elapsed": 3344.47743, "delta": 17.516453}}
{"target": -2.4192522325013814, "params": {"eta": 0.3286244997259401, "max_depth": 15.052588436313453, "n_estimators": 38.449818948281134}, "datetime": {"datetime": "2021-09-21 14:21:33", "elapsed": 3355.733612, "delta": 11.256182}}
{"target": -2.8820944164928637, "params": {"eta": 0.07710688724553787, "max_depth": 22.3923590083215, "n_estimators": 34.44836634933493}, "datetime": {"datetime": "2021-09-21 14:21:41", "elapsed": 3363.128289, "delta": 7.394677}}
{"target": -2.4585850414476895, "params": {"eta": 0.44695110651224296, "max_depth": 26.269433145477862, "n_estimators": 54.63482245321607}, "datetime": {"datetime": "2021-09-21 14:21:56", "elapsed": 3377.971652, "delta": 14.843363}}
{"target": -2.3517526413265024, "params": {"eta": 0.22805067977789084, "max_depth": 11.823655519743879, "n_estimators": 56.09493279192725}, "datetime": {"datetime": "2021-09-21 14:22:09", "elapsed": 3391.625827, "delta": 13.654175}}
{"target": -2.282032497933036, "params": {"eta": 0.22408401679093967, "max_depth": 25.90633422068206, "n_estimators": 54.895117495726424}, "datetime": {"datetime": "2021-09-21 14:22:21", "elapsed": 3403.243155, "delta": 11.617328}}
{"target": -2.3073895523422645, "params": {"eta": 0.14188136577987742, "max_depth": 19.91594714420309, "n_estimators": 37.58738898995939}, "datetime": {"datetime": "2021-09-21 14:22:36", "elapsed": 3418.709934, "delta": 15.466779}}
{"target": -2.5439106627514487, "params": {"eta": 0.47052080965180115, "max_depth": 23.35305545379333, "n_estimators": 37.133809757173736}, "datetime": {"datetime": "2021-09-21 14:22:49", "elapsed": 3431.246783, "delta": 12.536849}}
{"target": -2.366924766490334, "params": {"eta": 0.34626455304142423, "max_depth": 12.22102259521716, "n_estimators": 56.19664638614243}, "datetime": {"datetime": "2021-09-21 14:23:06", "elapsed": 3448.536408, "delta": 17.289625}}
{"target": -2.907391913941032, "params": {"eta": 0.6666280237466005, "max_depth": 29.836403197058935, "n_estimators": 55.25698175170301}, "datetime": {"datetime": "2021-09-21 14:23:13", "elapsed": 3455.695465, "delta": 7.159057}}
{"target": -2.4832671679948506, "params": {"eta": 0.3967701228025896, "max_depth": 17.45830493262195, "n_estimators": 38.99091526629191}, "datetime": {"datetime": "2021-09-21 14:23:22", "elapsed": 3464.423362, "delta": 8.727897}}
{"target": -2.4917977100924444, "params": {"eta": 0.3566869304608623, "max_depth": 3.2399997250047656, "n_estimators": 49.1096600676864}, "datetime": {"datetime": "2021-09-21 14:23:29", "elapsed": 3471.16867, "delta": 6.745308}}
{"target": -3.2164748267123575, "params": {"eta": 0.7436710643116324, "max_depth": 7.987797150594769, "n_estimators": 54.613302956845004}, "datetime": {"datetime": "2021-09-21 14:23:37", "elapsed": 3479.067506, "delta": 7.898836}}
{"target": -2.476360207482388, "params": {"eta": 0.426606909564471, "max_depth": 19.80495673122301, "n_estimators": 37.80342678088819}, "datetime": {"datetime": "2021-09-21 14:23:54", "elapsed": 3496.059401, "delta": 16.991895}}
{"target": -3.180788873998742, "params": {"eta": 0.7215067981994172, "max_depth": 8.153163188300987, "n_estimators": 23.995368142851003}, "datetime": {"datetime": "2021-09-21 14:24:01", "elapsed": 3503.160745, "delta": 7.101344}}
{"target": -2.9284014632827358, "params": {"eta": 0.07470652648648807, "max_depth": 15.78759559773675, "n_estimators": 34.48345220368657}, "datetime": {"datetime": "2021-09-21 14:24:10", "elapsed": 3512.260231, "delta": 9.099486}}
{"target": -2.478096530311986, "params": {"eta": 0.2248851612732559, "max_depth": 12.737697880849852, "n_estimators": 49.047118722247085}, "datetime": {"datetime": "2021-09-21 14:24:22", "elapsed": 3524.90681, "delta": 12.646579}}
{"target": -3.2238806291630393, "params": {"eta": 0.871124133297063, "max_depth": 2.139473267354417, "n_estimators": 15.335372771764083}, "datetime": {"datetime": "2021-09-21 14:24:28", "elapsed": 3530.707257, "delta": 5.800447}}
{"target": -3.417017691072664, "params": {"eta": 0.9811680098386578, "max_depth": 22.537701250321664, "n_estimators": 44.20311688462008}, "datetime": {"datetime": "2021-09-21 14:24:37", "elapsed": 3539.294222, "delta": 8.586965}}
{"target": -2.9716240958163613, "params": {"eta": 0.7992441928573174, "max_depth": 3.3388883971102428, "n_estimators": 25.474865561690965}, "datetime": {"datetime": "2021-09-21 14:24:44", "elapsed": 3546.03125, "delta": 6.737028}}
{"target": -2.4221466723241307, "params": {"eta": 0.4434515902307063, "max_depth": 22.89052639488258, "n_estimators": 37.043693016905785}, "datetime": {"datetime": "2021-09-21 14:24:55", "elapsed": 3557.11357, "delta": 11.08232}}
{"target": -2.5385093444272093, "params": {"eta": 0.3831736998835077, "max_depth": 19.826576705965188, "n_estimators": 34.665235473198265}, "datetime": {"datetime": "2021-09-21 14:25:09", "elapsed": 3571.723717, "delta": 14.610147}}
{"target": -2.42203832488311, "params": {"eta": 0.29423486999605686, "max_depth": 27.874928554978574, "n_estimators": 57.227608272790455}, "datetime": {"datetime": "2021-09-21 14:25:24", "elapsed": 3585.981424, "delta": 14.257707}}
{"target": -2.2930751116652233, "params": {"eta": 0.10721927392168855, "max_depth": 21.990255036334062, "n_estimators": 34.20002658710875}, "datetime": {"datetime": "2021-09-21 14:25:36", "elapsed": 3598.822493, "delta": 12.841069}}
{"target": -2.329144364909122, "params": {"eta": 0.20777336817623746, "max_depth": 23.236199636064352, "n_estimators": 36.9031364911285}, "datetime": {"datetime": "2021-09-21 14:25:47", "elapsed": 3609.584727, "delta": 10.762234}}
{"target": -2.4511003977374024, "params": {"eta": 0.3116452887126599, "max_depth": 11.161028193646045, "n_estimators": 55.692079448876434}, "datetime": {"datetime": "2021-09-21 14:26:03", "elapsed": 3625.25655, "delta": 15.671823}}
{"target": -2.400674806143108, "params": {"eta": 0.293937763387433, "max_depth": 23.65383227784694, "n_estimators": 36.846469835634636}, "datetime": {"datetime": "2021-09-21 14:26:19", "elapsed": 3641.861246, "delta": 16.604696}}
{"target": -2.7796946914572462, "params": {"eta": 0.5025491899766831, "max_depth": 6.2693051681004945, "n_estimators": 51.56921528893641}, "datetime": {"datetime": "2021-09-21 14:26:28", "elapsed": 3650.766054, "delta": 8.904808}}
{"target": -3.287051179848219, "params": {"eta": 0.7933270108856011, "max_depth": 25.84004660094463, "n_estimators": 13.772521961462953}, "datetime": {"datetime": "2021-09-21 14:26:36", "elapsed": 3658.073118, "delta": 7.307064}}
{"target": -2.324610644265225, "params": {"eta": 0.19933356638106184, "max_depth": 18.812761249557354, "n_estimators": 34.37533604642465}, "datetime": {"datetime": "2021-09-21 14:26:50", "elapsed": 3671.991664, "delta": 13.918546}}
{"target": -2.2106557720585873, "params": {"eta": 0.20139861045303628, "max_depth": 10.928632727879487, "n_estimators": 41.816845482730244}, "datetime": {"datetime": "2021-09-21 14:27:00", "elapsed": 3682.598882, "delta": 10.607218}}
{"target": -2.3674647324963622, "params": {"eta": 0.24109352314619148, "max_depth": 23.47422725428369, "n_estimators": 36.53021996022111}, "datetime": {"datetime": "2021-09-21 14:27:11", "elapsed": 3693.810332, "delta": 11.21145}}
{"target": -2.4550799539214685, "params": {"eta": 0.24459691568347303, "max_depth": 20.070486165830612, "n_estimators": 36.188524420616005}, "datetime": {"datetime": "2021-09-21 14:27:27", "elapsed": 3709.643207, "delta": 15.832875}}
{"target": -3.082739622655667, "params": {"eta": 0.620127228347969, "max_depth": 14.082099420739558, "n_estimators": 57.85000882244228}, "datetime": {"datetime": "2021-09-21 14:27:35", "elapsed": 3717.46223, "delta": 7.819023}}
{"target": -2.535011048065989, "params": {"eta": 0.25905722562483074, "max_depth": 16.401968790255108, "n_estimators": 44.19658597295214}, "datetime": {"datetime": "2021-09-21 14:27:48", "elapsed": 3730.835764, "delta": 13.373534}}
{"target": -2.5660910079353734, "params": {"eta": 0.35764262472308456, "max_depth": 13.279068249077103, "n_estimators": 32.5953394735271}, "datetime": {"datetime": "2021-09-21 14:28:01", "elapsed": 3742.951025, "delta": 12.115261}}
{"target": -4.323856685349816, "params": {"eta": 0.9616334546930316, "max_depth": 14.765410762617831, "n_estimators": 1.2335321820821536}, "datetime": {"datetime": "2021-09-21 14:28:07", "elapsed": 3749.740361, "delta": 6.789336}}
{"target": -2.5250321563921476, "params": {"eta": 0.46225316627173096, "max_depth": 18.962088345953486, "n_estimators": 34.16466518993232}, "datetime": {"datetime": "2021-09-21 14:28:19", "elapsed": 3761.708594, "delta": 11.968233}}
{"target": -2.43265776947925, "params": {"eta": 0.06710754790851185, "max_depth": 11.617246814721295, "n_estimators": 55.74273052561595}, "datetime": {"datetime": "2021-09-21 14:28:40", "elapsed": 3782.366542, "delta": 20.657948}}
{"target": -2.7004350085007514, "params": {"eta": 0.4086302727277094, "max_depth": 20.259905005105463, "n_estimators": 37.15285191097419}, "datetime": {"datetime": "2021-09-21 14:28:54", "elapsed": 3796.592205, "delta": 14.225663}}
{"target": -2.518160929805354, "params": {"eta": 0.36897657341861173, "max_depth": 27.35767267744689, "n_estimators": 56.49421041132713}, "datetime": {"datetime": "2021-09-21 14:29:10", "elapsed": 3812.060903, "delta": 15.468698}}
{"target": -3.1907438196633993, "params": {"eta": 0.6626414276901553, "max_depth": 25.29543696961238, "n_estimators": 37.99483582249124}, "datetime": {"datetime": "2021-09-21 14:29:17", "elapsed": 3819.253216, "delta": 7.192313}}
{"target": -2.6629485381276985, "params": {"eta": 0.4550002547114564, "max_depth": 11.023600962219174, "n_estimators": 42.10809090451087}, "datetime": {"datetime": "2021-09-21 14:29:31", "elapsed": 3833.574543, "delta": 14.321327}}
{"target": -3.448248744638342, "params": {"eta": 0.9499298655629486, "max_depth": 2.5336227760634578, "n_estimators": 8.785116319615792}, "datetime": {"datetime": "2021-09-21 14:29:38", "elapsed": 3840.137293, "delta": 6.56275}}
{"target": -7.613925165879098, "params": {"eta": 0.03167100632291661, "max_depth": 20.082872715901942, "n_estimators": 37.21756922821728}, "datetime": {"datetime": "2021-09-21 14:29:48", "elapsed": 3850.846071, "delta": 10.708778}}
{"target": -2.6830564329498694, "params": {"eta": 0.5537219041035379, "max_depth": 4.8403672060479845, "n_estimators": 14.54744498953789}, "datetime": {"datetime": "2021-09-21 14:29:55", "elapsed": 3857.879024, "delta": 7.032953}}
{"target": -2.6179016602666754, "params": {"eta": 0.42587080546110545, "max_depth": 20.37381413513865, "n_estimators": 36.63033648939142}, "datetime": {"datetime": "2021-09-21 14:30:16", "elapsed": 3878.529218, "delta": 20.650194}}
{"target": -2.2302696541736, "params": {"eta": 0.1512450441988784, "max_depth": 19.475181385306023, "n_estimators": 37.78455219198508}, "datetime": {"datetime": "2021-09-21 14:30:31", "elapsed": 3893.300768, "delta": 14.77155}}
{"target": -2.68701541800248, "params": {"eta": 0.5331134608763025, "max_depth": 12.866598077405452, "n_estimators": 59.078968974310435}, "datetime": {"datetime": "2021-09-21 14:30:39", "elapsed": 3901.064436, "delta": 7.763668}}
{"target": -2.601595631398653, "params": {"eta": 0.4474736015272706, "max_depth": 20.074690906443283, "n_estimators": 37.48801256473931}, "datetime": {"datetime": "2021-09-21 14:30:53", "elapsed": 3914.971633, "delta": 13.907197}}
{"target": -2.61904210228669, "params": {"eta": 0.4236206171932614, "max_depth": 19.567296313981654, "n_estimators": 37.55841660941447}, "datetime": {"datetime": "2021-09-21 14:31:11", "elapsed": 3933.603686, "delta": 18.632053}}
{"target": -3.312403569096013, "params": {"eta": 0.8096371159147568, "max_depth": 14.324349597487695, "n_estimators": 10.517590701726533}, "datetime": {"datetime": "2021-09-21 14:31:20", "elapsed": 3941.982781, "delta": 8.379095}}
{"target": -2.524720276656904, "params": {"eta": 0.4655692864854652, "max_depth": 11.672636563577687, "n_estimators": 55.67302040467393}, "datetime": {"datetime": "2021-09-21 14:31:34", "elapsed": 3956.903731, "delta": 14.92095}}
{"target": -2.8502774439359966, "params": {"eta": 0.5728669463507461, "max_depth": 28.968996757799776, "n_estimators": 22.517478009154335}, "datetime": {"datetime": "2021-09-21 14:31:42", "elapsed": 3964.264268, "delta": 7.360537}}
{"target": -2.4921229036230788, "params": {"eta": 0.35516643298674794, "max_depth": 22.19636959673905, "n_estimators": 53.38169275960329}, "datetime": {"datetime": "2021-09-21 14:31:56", "elapsed": 3978.022347, "delta": 13.758079}}
{"target": -2.5605874350196434, "params": {"eta": 0.5256211758686897, "max_depth": 23.1176117347418, "n_estimators": 36.62329221153342}, "datetime": {"datetime": "2021-09-21 14:32:12", "elapsed": 3994.702414, "delta": 16.680067}}
