{"target": -17.01372332179121, "params": {"eta": 0.9150316646467385, "max_depth": 5.338369339848391, "n_estimators": 21.82705722529532}, "datetime": {"datetime": "2021-09-27 18:16:02", "elapsed": 649.914921, "delta": 2.831998}}
{"target": -11.688064931930638, "params": {"eta": 0.29471239184404274, "max_depth": 7.49962080070374, "n_estimators": 22.412130949264505}, "datetime": {"datetime": "2021-09-27 18:16:04", "elapsed": 652.436998, "delta": 2.522077}}
{"target": -16.263953329601105, "params": {"eta": 0.9637044390140047, "max_depth": 21.753043783663934, "n_estimators": 22.53598566830326}, "datetime": {"datetime": "2021-09-27 18:16:07", "elapsed": 655.006466, "delta": 2.569468}}
{"target": -13.068430603118905, "params": {"eta": 0.6703355465877678, "max_depth": 26.567571673296115, "n_estimators": 46.936345089308496}, "datetime": {"datetime": "2021-09-27 18:16:10", "elapsed": 658.327264, "delta": 3.320798}}
{"target": -11.91886295772798, "params": {"eta": 0.43585612802440854, "max_depth": 5.901883764306784, "n_estimators": 24.924840007542716}, "datetime": {"datetime": "2021-09-27 18:16:14", "elapsed": 661.916612, "delta": 3.589348}}
{"target": -15.95911912854853, "params": {"eta": 0.8891690557662236, "max_depth": 10.858491709629496, "n_estimators": 48.05056677492097}, "datetime": {"datetime": "2021-09-27 18:16:15", "elapsed": 663.609796, "delta": 1.693184}}
{"target": -59.79945456577775, "params": {"eta": 0.010297267307480661, "max_depth": 24.71885345006073, "n_estimators": 47.883047285176865}, "datetime": {"datetime": "2021-09-27 18:16:19", "elapsed": 667.423494, "delta": 3.813698}}
{"target": -12.692512969995454, "params": {"eta": 0.05813641398427755, "max_depth": 26.835638804592303, "n_estimators": 45.86537370547581}, "datetime": {"datetime": "2021-09-27 18:16:23", "elapsed": 670.841664, "delta": 3.41817}}
{"target": -11.330252120166325, "params": {"eta": 0.29705268385497213, "max_depth": 5.276576559445824, "n_estimators": 49.21000024408066}, "datetime": {"datetime": "2021-09-27 18:16:24", "elapsed": 672.707143, "delta": 1.865479}}
{"target": -16.546191638415145, "params": {"eta": 1.0, "max_depth": 9.53669245289478, "n_estimators": 25.179503812577376}, "datetime": {"datetime": "2021-09-27 18:16:28", "elapsed": 676.766408, "delta": 4.059265}}
{"target": -16.6384620374768, "params": {"eta": 0.916894532075258, "max_depth": 26.112527391255746, "n_estimators": 34.4043261611458}, "datetime": {"datetime": "2021-09-27 18:16:30", "elapsed": 678.766341, "delta": 1.999933}}
{"target": -16.016457145626326, "params": {"eta": 0.9564815378665216, "max_depth": 12.923346764858499, "n_estimators": 30.43818047677352}, "datetime": {"datetime": "2021-09-27 18:16:33", "elapsed": 681.787705, "delta": 3.021364}}
{"target": -13.992146233274575, "params": {"eta": 0.6186025634431899, "max_depth": 1.7674335704099715, "n_estimators": 35.889194534156516}, "datetime": {"datetime": "2021-09-27 18:16:35", "elapsed": 683.588916, "delta": 1.801211}}
{"target": -12.468431573579112, "params": {"eta": 0.2691119393192948, "max_depth": 25.202376194732725, "n_estimators": 15.289943454054718}, "datetime": {"datetime": "2021-09-27 18:16:37", "elapsed": 685.78029, "delta": 2.191374}}
{"target": -93.6272993030582, "params": {"eta": 0.0011834456160512827, "max_depth": 21.699300699918833, "n_estimators": 34.75369600247469}, "datetime": {"datetime": "2021-09-27 18:16:43", "elapsed": 691.096264, "delta": 5.315974}}
{"target": -11.932579636074063, "params": {"eta": 0.17983172705171965, "max_depth": 20.67473485681781, "n_estimators": 33.59191515368069}, "datetime": {"datetime": "2021-09-27 18:16:46", "elapsed": 694.502184, "delta": 3.40592}}
{"target": -16.657793702275047, "params": {"eta": 0.9528260935360241, "max_depth": 5.881250994230699, "n_estimators": 24.431305650454767}, "datetime": {"datetime": "2021-09-27 18:16:50", "elapsed": 698.102445, "delta": 3.600261}}
{"target": -11.573690450415642, "params": {"eta": 0.14885902485193211, "max_depth": 16.144303526869678, "n_estimators": 43.20296091876685}, "datetime": {"datetime": "2021-09-27 18:16:54", "elapsed": 702.327887, "delta": 4.225442}}
{"target": -12.231144767070923, "params": {"eta": 0.24166437620614428, "max_depth": 26.378935838754604, "n_estimators": 14.28047973609171}, "datetime": {"datetime": "2021-09-27 18:16:56", "elapsed": 704.325459, "delta": 1.997572}}
{"target": -15.662292520557033, "params": {"eta": 0.7495839905400936, "max_depth": 25.416580913087053, "n_estimators": 14.684687059414873}, "datetime": {"datetime": "2021-09-27 18:17:01", "elapsed": 709.377047, "delta": 5.051588}}
{"target": -14.293794128601142, "params": {"eta": 0.7207307595463859, "max_depth": 15.559336186912445, "n_estimators": 43.50121334409785}, "datetime": {"datetime": "2021-09-27 18:17:03", "elapsed": 711.800842, "delta": 2.423795}}
{"target": -16.314460369757892, "params": {"eta": 0.8990805815146892, "max_depth": 11.197004244507879, "n_estimators": 46.593169974612294}, "datetime": {"datetime": "2021-09-27 18:17:08", "elapsed": 716.342933, "delta": 4.542091}}
{"target": -16.718192999542385, "params": {"eta": 0.987012690067826, "max_depth": 22.63933276485297, "n_estimators": 35.2973206227346}, "datetime": {"datetime": "2021-09-27 18:17:11", "elapsed": 719.657428, "delta": 3.314495}}
{"target": -16.05437033561065, "params": {"eta": 1.0, "max_depth": 25.666571856226145, "n_estimators": 46.52804455127113}, "datetime": {"datetime": "2021-09-27 18:17:15", "elapsed": 723.609133, "delta": 3.951705}}
{"target": -29.91068560616519, "params": {"eta": 0.0688069894036005, "max_depth": 14.40836005221192, "n_estimators": 17.885575168385703}, "datetime": {"datetime": "2021-09-27 18:17:19", "elapsed": 727.648544, "delta": 4.039411}}
{"target": -31.913985859333433, "params": {"eta": 0.02568284370747862, "max_depth": 11.003676686173783, "n_estimators": 44.68678625344294}, "datetime": {"datetime": "2021-09-27 18:17:23", "elapsed": 731.048745, "delta": 3.400201}}
{"target": -55.794844873728955, "params": {"eta": 0.03409655850992899, "max_depth": 7.951189431797497, "n_estimators": 16.85120595344413}, "datetime": {"datetime": "2021-09-27 18:17:26", "elapsed": 733.893359, "delta": 2.844614}}
{"target": -16.059506867716163, "params": {"eta": 1.0, "max_depth": 28.216659106215324, "n_estimators": 25.982357389157087}, "datetime": {"datetime": "2021-09-27 18:17:29", "elapsed": 737.300878, "delta": 3.407519}}
{"target": -16.45568597203047, "params": {"eta": 0.9644771599483047, "max_depth": 12.383295723191779, "n_estimators": 15.39778778469288}, "datetime": {"datetime": "2021-09-27 18:17:31", "elapsed": 739.421366, "delta": 2.120488}}
{"target": -42.631174930033225, "params": {"eta": 0.03862123193193056, "max_depth": 8.310522968905616, "n_estimators": 21.7996147083346}, "datetime": {"datetime": "2021-09-27 18:17:35", "elapsed": 743.077976, "delta": 3.65661}}
{"target": -11.903258974207267, "params": {"eta": 0.30761151622370553, "max_depth": 24.584295146432556, "n_estimators": 14.76676496816046}, "datetime": {"datetime": "2021-09-27 18:17:38", "elapsed": 746.71442, "delta": 3.636444}}
{"target": -14.397503725408336, "params": {"eta": 0.5788718874179578, "max_depth": 17.100945924971732, "n_estimators": 39.08336236663652}, "datetime": {"datetime": "2021-09-27 18:17:41", "elapsed": 748.93256, "delta": 2.21814}}
{"target": -16.03084882940341, "params": {"eta": 0.7985465705438234, "max_depth": 10.06335482658474, "n_estimators": 45.28706880484213}, "datetime": {"datetime": "2021-09-27 18:17:45", "elapsed": 753.390082, "delta": 4.457522}}
{"target": -12.200077732772403, "params": {"eta": 0.30441979211723497, "max_depth": 13.777645373543267, "n_estimators": 28.91035066494918}, "datetime": {"datetime": "2021-09-27 18:17:49", "elapsed": 756.869935, "delta": 3.479853}}
{"target": -16.10018231953811, "params": {"eta": 0.8636602420178171, "max_depth": 7.981290480253379, "n_estimators": 18.49908056586848}, "datetime": {"datetime": "2021-09-27 18:17:56", "elapsed": 763.928117, "delta": 7.058182}}
{"target": -96.09506562552951, "params": {"eta": 0.001, "max_depth": 25.365433812926387, "n_estimators": 14.398674901345725}, "datetime": {"datetime": "2021-09-27 18:18:00", "elapsed": 768.448638, "delta": 4.520521}}
{"target": -16.495084851541343, "params": {"eta": 0.9976744226987818, "max_depth": 24.588186126060332, "n_estimators": 15.148055157122238}, "datetime": {"datetime": "2021-09-27 18:18:03", "elapsed": 771.771571, "delta": 3.322933}}
{"target": -11.21644797939061, "params": {"eta": 0.14800075443624286, "max_depth": 10.121379999883256, "n_estimators": 46.44806148443735}, "datetime": {"datetime": "2021-09-27 18:18:07", "elapsed": 775.291429, "delta": 3.519858}}
{"target": -11.717915028165867, "params": {"eta": 0.1957092490486744, "max_depth": 24.31828472584094, "n_estimators": 15.448248238556644}, "datetime": {"datetime": "2021-09-27 18:18:10", "elapsed": 778.689905, "delta": 3.398476}}
{"target": -16.562907743038906, "params": {"eta": 0.881040012492629, "max_depth": 13.114654009538299, "n_estimators": 29.47603447737174}, "datetime": {"datetime": "2021-09-27 18:18:13", "elapsed": 781.640451, "delta": 2.950546}}
{"target": -11.973283177477413, "params": {"eta": 0.21419149824130393, "max_depth": 15.868515341689895, "n_estimators": 44.8554982264312}, "datetime": {"datetime": "2021-09-27 18:18:18", "elapsed": 786.325419, "delta": 4.684968}}
{"target": -16.05437033561065, "params": {"eta": 1.0, "max_depth": 25.329666205957853, "n_estimators": 26.138497971630144}, "datetime": {"datetime": "2021-09-27 18:18:21", "elapsed": 789.598487, "delta": 3.273068}}
{"target": -11.732799202429572, "params": {"eta": 0.15319513295695683, "max_depth": 27.811080313720556, "n_estimators": 45.77259704228908}, "datetime": {"datetime": "2021-09-27 18:18:25", "elapsed": 793.384922, "delta": 3.786435}}
{"target": -17.151426192481047, "params": {"eta": 0.8829063508641581, "max_depth": 26.871214837002864, "n_estimators": 14.502847532614126}, "datetime": {"datetime": "2021-09-27 18:18:28", "elapsed": 796.270976, "delta": 2.886054}}
{"target": -17.007232951056018, "params": {"eta": 0.9706562486576988, "max_depth": 25.36231749299123, "n_estimators": 27.13645853137475}, "datetime": {"datetime": "2021-09-27 18:18:33", "elapsed": 801.194402, "delta": 4.923426}}
{"target": -16.77181065751481, "params": {"eta": 0.8062715607228828, "max_depth": 20.68449107702422, "n_estimators": 34.0119438287826}, "datetime": {"datetime": "2021-09-27 18:18:38", "elapsed": 806.287778, "delta": 5.093376}}
{"target": -11.877993482080553, "params": {"eta": 0.09104318813946685, "max_depth": 25.13521787725031, "n_estimators": 35.95613141877809}, "datetime": {"datetime": "2021-09-27 18:18:40", "elapsed": 808.541553, "delta": 2.253775}}
{"target": -13.452395914798688, "params": {"eta": 0.13327050460109538, "max_depth": 8.956786493084055, "n_estimators": 17.779818349461827}, "datetime": {"datetime": "2021-09-27 18:18:47", "elapsed": 815.16301, "delta": 6.621457}}
{"target": -77.59682701685344, "params": {"eta": 0.020150186240000253, "max_depth": 3.516019413052635, "n_estimators": 11.496675427458605}, "datetime": {"datetime": "2021-09-27 18:18:49", "elapsed": 817.676887, "delta": 2.513877}}
{"target": -16.047069308448396, "params": {"eta": 1.0, "max_depth": 22.855889298262724, "n_estimators": 25.567509340976862}, "datetime": {"datetime": "2021-09-27 18:18:53", "elapsed": 821.505929, "delta": 3.829042}}
{"target": -23.73978199449893, "params": {"eta": 0.10248002108280117, "max_depth": 2.8292520052488426, "n_estimators": 14.78272687599611}, "datetime": {"datetime": "2021-09-27 18:18:55", "elapsed": 823.623689, "delta": 2.11776}}
{"target": -11.721918168001269, "params": {"eta": 0.27695756818356715, "max_depth": 12.82043797573301, "n_estimators": 42.14241356534246}, "datetime": {"datetime": "2021-09-27 18:19:01", "elapsed": 829.785484, "delta": 6.161795}}
{"target": -13.253324972588295, "params": {"eta": 0.5052632834696404, "max_depth": 4.69942759442784, "n_estimators": 48.65463029074183}, "datetime": {"datetime": "2021-09-27 18:19:07", "elapsed": 835.4118, "delta": 5.626316}}
{"target": -12.024614561640764, "params": {"eta": 0.06833991113608401, "max_depth": 7.093052410911886, "n_estimators": 43.159682990153335}, "datetime": {"datetime": "2021-09-27 18:19:13", "elapsed": 841.58103, "delta": 6.16923}}
{"target": -16.549347133828576, "params": {"eta": 0.8845949103241727, "max_depth": 8.886838200120732, "n_estimators": 22.955181402396068}, "datetime": {"datetime": "2021-09-27 18:19:18", "elapsed": 846.516309, "delta": 4.935279}}
{"target": -12.06370143732762, "params": {"eta": 0.41116256322385075, "max_depth": 28.92641364322191, "n_estimators": 31.011996893003353}, "datetime": {"datetime": "2021-09-27 18:19:21", "elapsed": 849.507941, "delta": 2.991632}}
{"target": -12.187897263527104, "params": {"eta": 0.33462196465577215, "max_depth": 17.06107756441477, "n_estimators": 15.353257378625683}, "datetime": {"datetime": "2021-09-27 18:19:23", "elapsed": 851.707744, "delta": 2.199803}}
{"target": -14.42790432824182, "params": {"eta": 0.7068880593439788, "max_depth": 16.773933299249308, "n_estimators": 15.170829793074212}, "datetime": {"datetime": "2021-09-27 18:19:28", "elapsed": 855.957505, "delta": 4.249761}}
{"target": -16.74467740097903, "params": {"eta": 0.8079973716636626, "max_depth": 29.432299685319744, "n_estimators": 31.02652314531777}, "datetime": {"datetime": "2021-09-27 18:19:32", "elapsed": 860.24154, "delta": 4.284035}}
{"target": -15.863301539184324, "params": {"eta": 0.8621018765850412, "max_depth": 7.623619314889027, "n_estimators": 26.669215038085543}, "datetime": {"datetime": "2021-09-27 18:19:38", "elapsed": 866.141171, "delta": 5.899631}}
{"target": -14.143639354166579, "params": {"eta": 0.7068321442642176, "max_depth": 16.753546386073467, "n_estimators": 43.57060649999851}, "datetime": {"datetime": "2021-09-27 18:19:43", "elapsed": 871.712113, "delta": 5.570942}}
{"target": -13.012328879005858, "params": {"eta": 0.5202049370746405, "max_depth": 28.101023315202713, "n_estimators": 31.221835575905477}, "datetime": {"datetime": "2021-09-27 18:19:46", "elapsed": 874.543038, "delta": 2.830925}}
{"target": -17.187410893339468, "params": {"eta": 0.7842248001688403, "max_depth": 27.86135341411669, "n_estimators": 31.7453488931519}, "datetime": {"datetime": "2021-09-27 18:19:51", "elapsed": 879.040114, "delta": 4.497076}}
{"target": -17.32616511400875, "params": {"eta": 0.7783910463153814, "max_depth": 27.469890341623582, "n_estimators": 45.70294650334304}, "datetime": {"datetime": "2021-09-27 18:19:55", "elapsed": 883.391805, "delta": 4.351691}}
{"target": -17.636668534745077, "params": {"eta": 0.93277432462267, "max_depth": 28.50196988810232, "n_estimators": 30.831184093303808}, "datetime": {"datetime": "2021-09-27 18:20:01", "elapsed": 889.555781, "delta": 6.163976}}
{"target": -11.748560364978813, "params": {"eta": 0.21225246856426566, "max_depth": 17.163166967044663, "n_estimators": 14.770849760699694}, "datetime": {"datetime": "2021-09-27 18:20:08", "elapsed": 896.070311, "delta": 6.51453}}
{"target": -16.10414758467063, "params": {"eta": 0.8578784269657512, "max_depth": 7.664617119799745, "n_estimators": 43.24536743946837}, "datetime": {"datetime": "2021-09-27 18:20:13", "elapsed": 901.171065, "delta": 5.100754}}
{"target": -27.56112318547814, "params": {"eta": 0.05262079340054642, "max_depth": 5.860080451428434, "n_estimators": 24.811391551433832}, "datetime": {"datetime": "2021-09-27 18:20:15", "elapsed": 903.623279, "delta": 2.452214}}
{"target": -46.790276965280036, "params": {"eta": 0.016149879538794928, "max_depth": 9.570920205128512, "n_estimators": 45.23599795320258}, "datetime": {"datetime": "2021-09-27 18:20:19", "elapsed": 907.552079, "delta": 3.9288}}
{"target": -16.083244214910806, "params": {"eta": 0.853425593393317, "max_depth": 28.571350463538145, "n_estimators": 31.587258607618324}, "datetime": {"datetime": "2021-09-27 18:20:25", "elapsed": 913.093306, "delta": 5.541227}}
{"target": -11.928298210585261, "params": {"eta": 0.1801899431151592, "max_depth": 10.940036798198483, "n_estimators": 46.42442711211008}, "datetime": {"datetime": "2021-09-27 18:20:30", "elapsed": 918.087151, "delta": 4.993845}}
{"target": -27.564141355022908, "params": {"eta": 0.038390535809817536, "max_depth": 5.504575437769102, "n_estimators": 33.081778692726076}, "datetime": {"datetime": "2021-09-27 18:20:35", "elapsed": 923.756009, "delta": 5.668858}}
{"target": -11.882530296143043, "params": {"eta": 0.2109454792733466, "max_depth": 22.712879409336054, "n_estimators": 22.214948727954358}, "datetime": {"datetime": "2021-09-27 18:20:41", "elapsed": 929.006855, "delta": 5.250846}}
{"target": -13.627982134345967, "params": {"eta": 0.5556038529101893, "max_depth": 11.438256016374162, "n_estimators": 7.51477908183408}, "datetime": {"datetime": "2021-09-27 18:20:43", "elapsed": 931.59496, "delta": 2.588105}}
{"target": -15.074232979961998, "params": {"eta": 0.7157416015542917, "max_depth": 6.555432979831015, "n_estimators": 25.36045215421131}, "datetime": {"datetime": "2021-09-27 18:20:48", "elapsed": 936.422118, "delta": 4.827158}}
{"target": -11.596184248961054, "params": {"eta": 0.12697515068684373, "max_depth": 17.512948146386766, "n_estimators": 43.795036049313175}, "datetime": {"datetime": "2021-09-27 18:20:53", "elapsed": 941.351207, "delta": 4.929089}}
{"target": -11.809703873948655, "params": {"eta": 0.10630747949386953, "max_depth": 16.171284095899328, "n_estimators": 41.36530809940931}, "datetime": {"datetime": "2021-09-27 18:20:58", "elapsed": 946.433273, "delta": 5.082066}}
{"target": -12.23779247584801, "params": {"eta": 0.0689331922463536, "max_depth": 13.529459837791709, "n_estimators": 41.70637850610103}, "datetime": {"datetime": "2021-09-27 18:21:03", "elapsed": 951.161486, "delta": 4.728213}}
{"target": -15.264816437689287, "params": {"eta": 0.8563192042573126, "max_depth": 7.670450841665321, "n_estimators": 43.267379064778325}, "datetime": {"datetime": "2021-09-27 18:21:06", "elapsed": 953.858289, "delta": 2.696803}}
{"target": -16.047069308448396, "params": {"eta": 1.0, "max_depth": 22.390201365930277, "n_estimators": 34.267262652705924}, "datetime": {"datetime": "2021-09-27 18:21:11", "elapsed": 958.888812, "delta": 5.030523}}
{"target": -11.948567394332006, "params": {"eta": 0.11605066958633387, "max_depth": 6.332820847735955, "n_estimators": 31.74119525518724}, "datetime": {"datetime": "2021-09-27 18:21:17", "elapsed": 965.251696, "delta": 6.362884}}
{"target": -11.3585939846093, "params": {"eta": 0.4238456653917075, "max_depth": 23.188228943306694, "n_estimators": 11.390069784308867}, "datetime": {"datetime": "2021-09-27 18:21:20", "elapsed": 967.822922, "delta": 2.571226}}
{"target": -11.933857744834079, "params": {"eta": 0.08117999597875801, "max_depth": 15.219302594676657, "n_estimators": 41.881408309727604}, "datetime": {"datetime": "2021-09-27 18:21:27", "elapsed": 975.241374, "delta": 7.418452}}
{"target": -14.828022993168258, "params": {"eta": 0.7396233872941367, "max_depth": 5.669912613556415, "n_estimators": 31.63124009131379}, "datetime": {"datetime": "2021-09-27 18:21:33", "elapsed": 980.826595, "delta": 5.585221}}
{"target": -94.7198838631812, "params": {"eta": 0.001, "max_depth": 1.5606647705280854, "n_estimators": 27.057918292786162}, "datetime": {"datetime": "2021-09-27 18:21:37", "elapsed": 985.704764, "delta": 4.878169}}
{"target": -16.456567850925865, "params": {"eta": 0.77069921923219, "max_depth": 17.821737712417647, "n_estimators": 8.981666281447666}, "datetime": {"datetime": "2021-09-27 18:21:40", "elapsed": 988.080726, "delta": 2.375962}}
{"target": -68.8867832265842, "params": {"eta": 0.042204654867563016, "max_depth": 15.077188752900787, "n_estimators": 8.193207273951245}, "datetime": {"datetime": "2021-09-27 18:21:42", "elapsed": 990.496146, "delta": 2.41542}}
{"target": -11.824956432964314, "params": {"eta": 0.1583298305715078, "max_depth": 5.402975485828613, "n_estimators": 43.03000109945766}, "datetime": {"datetime": "2021-09-27 18:21:44", "elapsed": 992.792363, "delta": 2.296217}}
{"target": -13.85426283222659, "params": {"eta": 0.8644532270500888, "max_depth": 2.8658915845463415, "n_estimators": 26.462585589815323}, "datetime": {"datetime": "2021-09-27 18:21:49", "elapsed": 997.315745, "delta": 4.523382}}
{"target": -16.758470403972048, "params": {"eta": 0.9064017645627805, "max_depth": 10.472091295256911, "n_estimators": 14.798487252612606}, "datetime": {"datetime": "2021-09-27 18:21:51", "elapsed": 999.794898, "delta": 2.479153}}
{"target": -12.756885831597438, "params": {"eta": 0.373605760008205, "max_depth": 6.24822676161593, "n_estimators": 43.37429389879758}, "datetime": {"datetime": "2021-09-27 18:21:57", "elapsed": 1005.038305, "delta": 5.243407}}
{"target": -11.545580456975701, "params": {"eta": 0.3208658600287488, "max_depth": 7.091709944926231, "n_estimators": 35.4024830541097}, "datetime": {"datetime": "2021-09-27 18:21:59", "elapsed": 1007.713577, "delta": 2.675272}}
{"target": -17.843730287087574, "params": {"eta": 0.9337486309753148, "max_depth": 13.983124806403692, "n_estimators": 4.509857961969052}, "datetime": {"datetime": "2021-09-27 18:22:02", "elapsed": 1010.664476, "delta": 2.950899}}
{"target": -34.61090967616741, "params": {"eta": 0.02479562734431271, "max_depth": 6.181379277355838, "n_estimators": 42.5169612289454}, "datetime": {"datetime": "2021-09-27 18:22:07", "elapsed": 1015.796679, "delta": 5.132203}}
{"target": -16.892013978958932, "params": {"eta": 1.0, "max_depth": 13.414501082388112, "n_estimators": 16.597002025658814}, "datetime": {"datetime": "2021-09-27 18:22:12", "elapsed": 1020.197673, "delta": 4.400994}}
{"target": -45.930944638855976, "params": {"eta": 0.021246121728554914, "max_depth": 24.227190634136537, "n_estimators": 35.85784536051562}, "datetime": {"datetime": "2021-09-27 18:22:19", "elapsed": 1027.237396, "delta": 7.039723}}
