{"target": -12.866085468532736, "params": {"eta": 0.5, "max_depth": 24.034153004428717, "n_estimators": 18.54170609515522}, "datetime": {"datetime": "2021-09-27 18:33:53", "elapsed": 250.682494, "delta": 1.228183}}
{"target": -13.10860232448648, "params": {"eta": 0.5, "max_depth": 14.637621235412984, "n_estimators": 31.85387844186194}, "datetime": {"datetime": "2021-09-27 18:33:54", "elapsed": 252.30077, "delta": 1.618276}}
{"target": -13.257527615015452, "params": {"eta": 0.05, "max_depth": 28.420011737334814, "n_estimators": 49.11951976635603}, "datetime": {"datetime": "2021-09-27 18:33:56", "elapsed": 253.811824, "delta": 1.511054}}
{"target": -30.91439504337961, "params": {"eta": 0.08614953305800399, "max_depth": 2.200073628634519, "n_estimators": 13.42891198459603}, "datetime": {"datetime": "2021-09-27 18:33:58", "elapsed": 255.360825, "delta": 1.549001}}
{"target": -11.886669634110412, "params": {"eta": 0.36833370266114007, "max_depth": 4.815704506488723, "n_estimators": 15.049609083703492}, "datetime": {"datetime": "2021-09-27 18:33:59", "elapsed": 256.824022, "delta": 1.463197}}
{"target": -36.38321123109042, "params": {"eta": 0.060904552715884706, "max_depth": 1.0212919382079841, "n_estimators": 16.640390583793913}, "datetime": {"datetime": "2021-09-27 18:34:00", "elapsed": 257.959237, "delta": 1.135215}}
{"target": -48.55758640456173, "params": {"eta": 0.5, "max_depth": 13.730377749528541, "n_estimators": 1.0}, "datetime": {"datetime": "2021-09-27 18:34:01", "elapsed": 258.932236, "delta": 0.972999}}
{"target": -12.326142562343538, "params": {"eta": 0.45554893563582793, "max_depth": 4.692087972300438, "n_estimators": 18.6186471419504}, "datetime": {"datetime": "2021-09-27 18:34:02", "elapsed": 260.024442, "delta": 1.092206}}
{"target": -11.941483292160097, "params": {"eta": 0.3629932193439922, "max_depth": 16.80781918410191, "n_estimators": 43.28894136886015}, "datetime": {"datetime": "2021-09-27 18:34:04", "elapsed": 261.561444, "delta": 1.537002}}
{"target": -39.07593348670416, "params": {"eta": 0.05, "max_depth": 22.054938532246425, "n_estimators": 18.974391383713332}, "datetime": {"datetime": "2021-09-27 18:34:05", "elapsed": 262.917876, "delta": 1.356432}}
{"target": -13.018823113694241, "params": {"eta": 0.4871686616876532, "max_depth": 19.138039587320524, "n_estimators": 19.815218890090758}, "datetime": {"datetime": "2021-09-27 18:34:07", "elapsed": 264.576119, "delta": 1.658243}}
{"target": -12.453245905467917, "params": {"eta": 0.45475361682418647, "max_depth": 23.28533618313294, "n_estimators": 16.364110633146126}, "datetime": {"datetime": "2021-09-27 18:34:08", "elapsed": 266.030339, "delta": 1.45422}}
{"target": -12.915483746034278, "params": {"eta": 0.06531731570212192, "max_depth": 19.96822378112354, "n_estimators": 39.759452586200936}, "datetime": {"datetime": "2021-09-27 18:34:10", "elapsed": 267.53497, "delta": 1.504631}}
{"target": -12.493005606871394, "params": {"eta": 0.47437430074830433, "max_depth": 10.926454663970325, "n_estimators": 40.000009909108655}, "datetime": {"datetime": "2021-09-27 18:34:11", "elapsed": 269.218538, "delta": 1.683568}}
{"target": -28.716235928506606, "params": {"eta": 0.07132680358831557, "max_depth": 11.23527701190699, "n_estimators": 17.3249216227138}, "datetime": {"datetime": "2021-09-27 18:34:13", "elapsed": 270.498778, "delta": 1.28024}}
{"target": -19.976119527693825, "params": {"eta": 0.08196511074031075, "max_depth": 11.758792768022877, "n_estimators": 20.25744207951524}, "datetime": {"datetime": "2021-09-27 18:34:14", "elapsed": 271.741294, "delta": 1.242516}}
{"target": -12.143074230585277, "params": {"eta": 0.3211235619227923, "max_depth": 9.566813373636254, "n_estimators": 20.358281047582466}, "datetime": {"datetime": "2021-09-27 18:34:15", "elapsed": 273.096295, "delta": 1.355001}}
{"target": -12.10985476761898, "params": {"eta": 0.3928097635731501, "max_depth": 9.23385482006423, "n_estimators": 22.658206089706635}, "datetime": {"datetime": "2021-09-27 18:34:17", "elapsed": 274.345995, "delta": 1.2497}}
{"target": -12.803089263216865, "params": {"eta": 0.5, "max_depth": 8.974888044757842, "n_estimators": 14.903475831798126}, "datetime": {"datetime": "2021-09-27 18:34:18", "elapsed": 275.588997, "delta": 1.243002}}
{"target": -12.038429282761435, "params": {"eta": 0.4337053209043263, "max_depth": 23.470858156044688, "n_estimators": 41.09113039247476}, "datetime": {"datetime": "2021-09-27 18:34:19", "elapsed": 277.114804, "delta": 1.525807}}
{"target": -14.46275678243078, "params": {"eta": 0.5, "max_depth": 1.0, "n_estimators": 38.574224807294456}, "datetime": {"datetime": "2021-09-27 18:34:21", "elapsed": 278.732759, "delta": 1.617955}}
{"target": -12.932991914912922, "params": {"eta": 0.5, "max_depth": 19.175101220252404, "n_estimators": 22.974608739906863}, "datetime": {"datetime": "2021-09-27 18:34:22", "elapsed": 280.293269, "delta": 1.56051}}
{"target": -12.869769507911737, "params": {"eta": 0.05, "max_depth": 8.925841032349036, "n_estimators": 50.0}, "datetime": {"datetime": "2021-09-27 18:34:24", "elapsed": 281.803483, "delta": 1.510214}}
{"target": -11.652219075460279, "params": {"eta": 0.3741223763289356, "max_depth": 19.251075131353904, "n_estimators": 17.610724140488156}, "datetime": {"datetime": "2021-09-27 18:34:25", "elapsed": 283.076478, "delta": 1.272995}}
{"target": -20.95855360128901, "params": {"eta": 0.05, "max_depth": 17.423795184430933, "n_estimators": 32.51483566479263}, "datetime": {"datetime": "2021-09-27 18:34:27", "elapsed": 284.574638, "delta": 1.49816}}
{"target": -14.551987263052085, "params": {"eta": 0.5, "max_depth": 1.0, "n_estimators": 29.67602714951776}, "datetime": {"datetime": "2021-09-27 18:34:29", "elapsed": 286.362907, "delta": 1.788269}}
{"target": -13.337044882868812, "params": {"eta": 0.4923422641362992, "max_depth": 23.157847086318178, "n_estimators": 29.647705806296607}, "datetime": {"datetime": "2021-09-27 18:34:30", "elapsed": 288.148102, "delta": 1.785195}}
{"target": -12.221515230838062, "params": {"eta": 0.4829089237364176, "max_depth": 8.915192663615317, "n_estimators": 33.80356155679745}, "datetime": {"datetime": "2021-09-27 18:34:32", "elapsed": 289.653099, "delta": 1.504997}}
{"target": -20.839218405737583, "params": {"eta": 0.11946080205232003, "max_depth": 19.87923751814854, "n_estimators": 13.247237142198502}, "datetime": {"datetime": "2021-09-27 18:34:34", "elapsed": 291.43675, "delta": 1.783651}}
{"target": -12.856231765472263, "params": {"eta": 0.5, "max_depth": 17.35617210484266, "n_estimators": 15.04495004788553}, "datetime": {"datetime": "2021-09-27 18:34:35", "elapsed": 293.234632, "delta": 1.797882}}
{"target": -14.496535668251, "params": {"eta": 0.10046174400448492, "max_depth": 2.2234143190404603, "n_estimators": 48.54103643491297}, "datetime": {"datetime": "2021-09-27 18:34:37", "elapsed": 294.897474, "delta": 1.662842}}
{"target": -12.506177103437595, "params": {"eta": 0.060714832941250574, "max_depth": 8.912678060021396, "n_estimators": 43.27141193084189}, "datetime": {"datetime": "2021-09-27 18:34:39", "elapsed": 296.495074, "delta": 1.5976}}
{"target": -12.373476984706503, "params": {"eta": 0.2445393787918942, "max_depth": 7.507250783532153, "n_estimators": 11.635718598693346}, "datetime": {"datetime": "2021-09-27 18:34:41", "elapsed": 298.48373, "delta": 1.988656}}
{"target": -12.800053078328519, "params": {"eta": 0.5, "max_depth": 18.211108449099175, "n_estimators": 50.0}, "datetime": {"datetime": "2021-09-27 18:34:42", "elapsed": 299.961731, "delta": 1.478001}}
{"target": -46.839195891350165, "params": {"eta": 0.09873364027448289, "max_depth": 22.559442662063127, "n_estimators": 7.862457341048533}, "datetime": {"datetime": "2021-09-27 18:34:43", "elapsed": 301.286885, "delta": 1.325154}}
{"target": -12.7506222238413, "params": {"eta": 0.5, "max_depth": 22.267371838852235, "n_estimators": 10.264782771489145}, "datetime": {"datetime": "2021-09-27 18:34:45", "elapsed": 302.473773, "delta": 1.186888}}
{"target": -12.763034788342683, "params": {"eta": 0.5, "max_depth": 25.12841875649706, "n_estimators": 7.761501122828501}, "datetime": {"datetime": "2021-09-27 18:34:46", "elapsed": 303.783772, "delta": 1.309999}}
{"target": -13.2125675140488, "params": {"eta": 0.5, "max_depth": 7.951177226738371, "n_estimators": 5.954731832233747}, "datetime": {"datetime": "2021-09-27 18:34:47", "elapsed": 304.908485, "delta": 1.124713}}
{"target": -13.589476519264156, "params": {"eta": 0.4489496660528997, "max_depth": 5.699238366686076, "n_estimators": 5.112623568925179}, "datetime": {"datetime": "2021-09-27 18:34:48", "elapsed": 306.017304, "delta": 1.108819}}
{"target": -12.402965495440178, "params": {"eta": 0.35195300737396223, "max_depth": 5.584572100976194, "n_estimators": 29.038560588164398}, "datetime": {"datetime": "2021-09-27 18:34:49", "elapsed": 307.253955, "delta": 1.236651}}
{"target": -16.856788172131772, "params": {"eta": 0.5, "max_depth": 1.0, "n_estimators": 10.293780424704691}, "datetime": {"datetime": "2021-09-27 18:34:51", "elapsed": 308.483194, "delta": 1.229239}}
{"target": -11.688285414887458, "params": {"eta": 0.13740943932862243, "max_depth": 14.79252990100825, "n_estimators": 37.64149459626338}, "datetime": {"datetime": "2021-09-27 18:34:52", "elapsed": 309.924812, "delta": 1.441618}}
{"target": -12.217423445729843, "params": {"eta": 0.49443022615616694, "max_depth": 8.995364449613165, "n_estimators": 37.540986533563746}, "datetime": {"datetime": "2021-09-27 18:34:53", "elapsed": 311.199865, "delta": 1.275053}}
{"target": -34.50274386216865, "params": {"eta": 0.1880141118105484, "max_depth": 28.89780234583835, "n_estimators": 5.224496958540996}, "datetime": {"datetime": "2021-09-27 18:34:55", "elapsed": 312.464801, "delta": 1.264936}}
{"target": -11.773014857836557, "params": {"eta": 0.07292743306308477, "max_depth": 28.705203937754415, "n_estimators": 44.509442118384}, "datetime": {"datetime": "2021-09-27 18:34:56", "elapsed": 313.955634, "delta": 1.490833}}
{"target": -12.493922162586612, "params": {"eta": 0.424240407911363, "max_depth": 5.842552993032795, "n_estimators": 42.06740095092038}, "datetime": {"datetime": "2021-09-27 18:34:58", "elapsed": 315.641632, "delta": 1.685998}}
{"target": -12.760172756413832, "params": {"eta": 0.5, "max_depth": 10.846137797249016, "n_estimators": 11.797063062989736}, "datetime": {"datetime": "2021-09-27 18:34:59", "elapsed": 316.966731, "delta": 1.325099}}
{"target": -13.023175349025626, "params": {"eta": 0.4843885799872685, "max_depth": 4.453394431844921, "n_estimators": 44.97713892316487}, "datetime": {"datetime": "2021-09-27 18:35:01", "elapsed": 318.831882, "delta": 1.865151}}
{"target": -12.47805759319215, "params": {"eta": 0.17734341821526867, "max_depth": 27.634022967979938, "n_estimators": 32.52497446718205}, "datetime": {"datetime": "2021-09-27 18:35:02", "elapsed": 320.153029, "delta": 1.321147}}
{"target": -19.464611208161987, "params": {"eta": 0.05, "max_depth": 2.8017148226744046, "n_estimators": 36.52398771154544}, "datetime": {"datetime": "2021-09-27 18:35:04", "elapsed": 321.595766, "delta": 1.442737}}
{"target": -11.727716512549069, "params": {"eta": 0.29502568858575023, "max_depth": 22.024155631464243, "n_estimators": 15.411618138868686}, "datetime": {"datetime": "2021-09-27 18:35:05", "elapsed": 322.994121, "delta": 1.398355}}
{"target": -11.853768297070033, "params": {"eta": 0.42737112278987477, "max_depth": 20.57568936136152, "n_estimators": 31.171326399992964}, "datetime": {"datetime": "2021-09-27 18:35:07", "elapsed": 324.717515, "delta": 1.723394}}
{"target": -12.249528912061969, "params": {"eta": 0.3430321712419397, "max_depth": 17.745692843140574, "n_estimators": 35.24032980870671}, "datetime": {"datetime": "2021-09-27 18:35:09", "elapsed": 326.744583, "delta": 2.027068}}
{"target": -12.147125705477128, "params": {"eta": 0.44711021531759737, "max_depth": 18.613276608543327, "n_estimators": 28.214049873508188}, "datetime": {"datetime": "2021-09-27 18:35:11", "elapsed": 328.731759, "delta": 1.987176}}
{"target": -12.09077699232692, "params": {"eta": 0.4676371763987785, "max_depth": 25.381298134417094, "n_estimators": 17.633199352978906}, "datetime": {"datetime": "2021-09-27 18:35:13", "elapsed": 330.617959, "delta": 1.8862}}
{"target": -11.280260982569477, "params": {"eta": 0.10530474070213933, "max_depth": 23.494479143653045, "n_estimators": 45.78161740668225}, "datetime": {"datetime": "2021-09-27 18:35:14", "elapsed": 332.279848, "delta": 1.661889}}
{"target": -11.783489450256408, "params": {"eta": 0.06373253673427022, "max_depth": 15.322212443253989, "n_estimators": 49.19164618347643}, "datetime": {"datetime": "2021-09-27 18:35:16", "elapsed": 334.056637, "delta": 1.776789}}
{"target": -15.176274247072996, "params": {"eta": 0.05, "max_depth": 19.45623746338581, "n_estimators": 42.76601818062398}, "datetime": {"datetime": "2021-09-27 18:35:19", "elapsed": 336.329321, "delta": 2.272684}}
{"target": -19.938179363290292, "params": {"eta": 0.05, "max_depth": 7.365704496229038, "n_estimators": 33.684052933649404}, "datetime": {"datetime": "2021-09-27 18:35:20", "elapsed": 337.64632, "delta": 1.316999}}
{"target": -12.69494104407933, "params": {"eta": 0.3153695029123523, "max_depth": 9.948906675963629, "n_estimators": 35.12985666805167}, "datetime": {"datetime": "2021-09-27 18:35:21", "elapsed": 338.943601, "delta": 1.297281}}
{"target": -14.122794868056026, "params": {"eta": 0.19766786943497927, "max_depth": 2.595712875413907, "n_estimators": 24.441235797737765}, "datetime": {"datetime": "2021-09-27 18:35:22", "elapsed": 340.180944, "delta": 1.237343}}
{"target": -14.55598725573988, "params": {"eta": 0.5, "max_depth": 1.0, "n_estimators": 34.72981979907041}, "datetime": {"datetime": "2021-09-27 18:35:24", "elapsed": 341.388972, "delta": 1.208028}}
{"target": -11.8901900776139, "params": {"eta": 0.47818222999853005, "max_depth": 12.516666501775452, "n_estimators": 27.58991609588999}, "datetime": {"datetime": "2021-09-27 18:35:25", "elapsed": 342.990531, "delta": 1.601559}}
{"target": -12.857226898542107, "params": {"eta": 0.5, "max_depth": 8.176601709313529, "n_estimators": 24.368051634040622}, "datetime": {"datetime": "2021-09-27 18:35:27", "elapsed": 344.36453, "delta": 1.373999}}
{"target": -11.893255230321602, "params": {"eta": 0.4655153633816405, "max_depth": 25.529944089588916, "n_estimators": 10.909733894456142}, "datetime": {"datetime": "2021-09-27 18:35:28", "elapsed": 345.604529, "delta": 1.239999}}
{"target": -13.076396981830927, "params": {"eta": 0.5, "max_depth": 13.659241282454147, "n_estimators": 18.4752656332998}, "datetime": {"datetime": "2021-09-27 18:35:29", "elapsed": 347.05969, "delta": 1.455161}}
{"target": -35.567621811312904, "params": {"eta": 0.05526106932460835, "max_depth": 16.180949369688115, "n_estimators": 18.71133438270058}, "datetime": {"datetime": "2021-09-27 18:35:31", "elapsed": 348.756879, "delta": 1.697189}}
{"target": -13.079460218223154, "params": {"eta": 0.5, "max_depth": 13.94268119432545, "n_estimators": 45.95601330454143}, "datetime": {"datetime": "2021-09-27 18:35:32", "elapsed": 350.129183, "delta": 1.372304}}
{"target": -13.058784583662106, "params": {"eta": 0.4467936175700344, "max_depth": 9.63142704301696, "n_estimators": 5.146811166388585}, "datetime": {"datetime": "2021-09-27 18:35:34", "elapsed": 351.619352, "delta": 1.490169}}
{"target": -19.426286382790135, "params": {"eta": 0.4434780864287041, "max_depth": 4.404902388760635, "n_estimators": 3.476479016077814}, "datetime": {"datetime": "2021-09-27 18:35:35", "elapsed": 352.708841, "delta": 1.089489}}
{"target": -11.799219068382111, "params": {"eta": 0.07014416387855621, "max_depth": 23.03081507322765, "n_estimators": 48.886513414251475}, "datetime": {"datetime": "2021-09-27 18:35:37", "elapsed": 354.352666, "delta": 1.643825}}
{"target": -11.521429630519, "params": {"eta": 0.10516150933625634, "max_depth": 28.245380092997497, "n_estimators": 29.328376749123084}, "datetime": {"datetime": "2021-09-27 18:35:38", "elapsed": 356.025237, "delta": 1.672571}}
{"target": -12.866085468532736, "params": {"eta": 0.5, "max_depth": 28.346159213148002, "n_estimators": 18.57321313785419}, "datetime": {"datetime": "2021-09-27 18:35:40", "elapsed": 357.65361, "delta": 1.628373}}
{"target": -12.233837504867747, "params": {"eta": 0.3411535322562227, "max_depth": 12.192875917320926, "n_estimators": 9.85872110467395}, "datetime": {"datetime": "2021-09-27 18:35:41", "elapsed": 359.219901, "delta": 1.566291}}
{"target": -12.353683187042268, "params": {"eta": 0.4701144080933666, "max_depth": 23.845267363026238, "n_estimators": 35.34577697990774}, "datetime": {"datetime": "2021-09-27 18:35:43", "elapsed": 360.596403, "delta": 1.376502}}
{"target": -12.305888780916352, "params": {"eta": 0.4411692987036208, "max_depth": 28.893771171504927, "n_estimators": 47.17064421480376}, "datetime": {"datetime": "2021-09-27 18:35:44", "elapsed": 361.988111, "delta": 1.391708}}
{"target": -12.892418025267824, "params": {"eta": 0.5, "max_depth": 10.996967406340898, "n_estimators": 46.27914466806992}, "datetime": {"datetime": "2021-09-27 18:35:46", "elapsed": 363.562111, "delta": 1.574}}
{"target": -12.868430146991038, "params": {"eta": 0.5, "max_depth": 24.24555140141546, "n_estimators": 20.431282896687964}, "datetime": {"datetime": "2021-09-27 18:35:47", "elapsed": 365.08711, "delta": 1.524999}}
{"target": -17.59265039590856, "params": {"eta": 0.12612902877197255, "max_depth": 10.508941762209218, "n_estimators": 14.522733124863322}, "datetime": {"datetime": "2021-09-27 18:35:49", "elapsed": 366.542253, "delta": 1.455143}}
{"target": -12.870766270857029, "params": {"eta": 0.5, "max_depth": 30.0, "n_estimators": 30.625813698428193}, "datetime": {"datetime": "2021-09-27 18:35:50", "elapsed": 367.957255, "delta": 1.415002}}
{"target": -27.155541787337555, "params": {"eta": 0.09618399840975861, "max_depth": 8.430678702128194, "n_estimators": 13.057203593745525}, "datetime": {"datetime": "2021-09-27 18:35:52", "elapsed": 369.424309, "delta": 1.467054}}
{"target": -12.669175816617848, "params": {"eta": 0.28733724844304204, "max_depth": 18.654883691299773, "n_estimators": 37.28561925639046}, "datetime": {"datetime": "2021-09-27 18:35:53", "elapsed": 371.0322, "delta": 1.607891}}
{"target": -12.871400201241112, "params": {"eta": 0.5, "max_depth": 23.13916413219713, "n_estimators": 38.64734197137249}, "datetime": {"datetime": "2021-09-27 18:35:55", "elapsed": 373.074732, "delta": 2.042532}}
{"target": -12.870800185896107, "params": {"eta": 0.5, "max_depth": 27.364896495050345, "n_estimators": 39.654088990409804}, "datetime": {"datetime": "2021-09-27 18:35:57", "elapsed": 374.650523, "delta": 1.575791}}
{"target": -13.89798591320242, "params": {"eta": 0.05, "max_depth": 15.869934421763267, "n_estimators": 46.87026629575633}, "datetime": {"datetime": "2021-09-27 18:35:59", "elapsed": 376.447868, "delta": 1.797345}}
{"target": -12.637832696910046, "params": {"eta": 0.454033143090739, "max_depth": 22.888541653454283, "n_estimators": 27.880360557974846}, "datetime": {"datetime": "2021-09-27 18:36:00", "elapsed": 377.982864, "delta": 1.534996}}
{"target": -11.954839941927593, "params": {"eta": 0.1671619775157717, "max_depth": 13.255069498824733, "n_estimators": 48.69631587174211}, "datetime": {"datetime": "2021-09-27 18:36:02", "elapsed": 379.7301, "delta": 1.747236}}
{"target": -15.549439266598744, "params": {"eta": 0.05, "max_depth": 17.470788377788853, "n_estimators": 41.915099948386455}, "datetime": {"datetime": "2021-09-27 18:36:04", "elapsed": 381.349746, "delta": 1.619646}}
{"target": -12.765093413558787, "params": {"eta": 0.10927918745934981, "max_depth": 25.257602351242234, "n_estimators": 23.242528297010455}, "datetime": {"datetime": "2021-09-27 18:36:05", "elapsed": 383.149943, "delta": 1.800197}}
{"target": -22.547656715981965, "params": {"eta": 0.05, "max_depth": 7.93345651151738, "n_estimators": 30.820539330749387}, "datetime": {"datetime": "2021-09-27 18:36:07", "elapsed": 384.457098, "delta": 1.307155}}
{"target": -12.50324584064553, "params": {"eta": 0.4843493483226975, "max_depth": 7.763734721921596, "n_estimators": 10.00473991607322}, "datetime": {"datetime": "2021-09-27 18:36:08", "elapsed": 386.261052, "delta": 1.803954}}
{"target": -12.514981991534121, "params": {"eta": 0.46093949647462285, "max_depth": 6.470987439602325, "n_estimators": 14.535674159314583}, "datetime": {"datetime": "2021-09-27 18:36:10", "elapsed": 387.637832, "delta": 1.37678}}
{"target": -13.756943926006151, "params": {"eta": 0.0586113052222892, "max_depth": 14.744355945298791, "n_estimators": 40.5095669065127}, "datetime": {"datetime": "2021-09-27 18:36:11", "elapsed": 389.225119, "delta": 1.587287}}
{"target": -12.94091736438085, "params": {"eta": 0.49038391938187026, "max_depth": 21.0809270064003, "n_estimators": 6.371336581323104}, "datetime": {"datetime": "2021-09-27 18:36:13", "elapsed": 390.740769, "delta": 1.51565}}
{"target": -12.285843727304373, "params": {"eta": 0.45652163694511544, "max_depth": 20.667001138023057, "n_estimators": 47.012629688213536}, "datetime": {"datetime": "2021-09-27 18:36:15", "elapsed": 392.6794, "delta": 1.938631}}
{"target": -13.05347421204103, "params": {"eta": 0.48878136381690734, "max_depth": 4.493150582595311, "n_estimators": 16.909468491430548}, "datetime": {"datetime": "2021-09-27 18:36:17", "elapsed": 394.574402, "delta": 1.895002}}
{"target": -71.43073301647004, "params": {"eta": 0.05, "max_depth": 9.42416266568975, "n_estimators": 6.685908330061344}, "datetime": {"datetime": "2021-09-27 18:36:18", "elapsed": 395.940485, "delta": 1.366083}}
{"target": -13.813507651144716, "params": {"eta": 0.5, "max_depth": 8.104440268646492, "n_estimators": 4.554226588989776}, "datetime": {"datetime": "2021-09-27 18:36:19", "elapsed": 397.233264, "delta": 1.292779}}
