{"target": -2.4803183549328853, "params": {"eta": 0.39832211424007047, "max_depth": 12.011298371439679, "n_estimators": 18.475609513985265}, "datetime": {"datetime": "2021-09-17 13:16:15", "elapsed": 41.134984, "delta": 0.491004}}
{"target": -2.448518707250294, "params": {"eta": 0.3133960732803967, "max_depth": 11.007340441520851, "n_estimators": 17.767567373385585}, "datetime": {"datetime": "2021-09-17 13:16:15", "elapsed": 41.612329, "delta": 0.477345}}
{"target": -2.3429800610793263, "params": {"eta": 0.2637605424077238, "max_depth": 15.995113812381016, "n_estimators": 18.749189289021224}, "datetime": {"datetime": "2021-09-17 13:16:16", "elapsed": 42.111329, "delta": 0.499}}
{"target": -2.494358592284353, "params": {"eta": 0.24852415054214783, "max_depth": 16.860475854358, "n_estimators": 17.314613357815574}, "datetime": {"datetime": "2021-09-17 13:16:16", "elapsed": 42.58733, "delta": 0.476001}}
{"target": -2.4198092724147595, "params": {"eta": 0.34183848004787687, "max_depth": 9.605328470208928, "n_estimators": 19.707585915549675}, "datetime": {"datetime": "2021-09-17 13:16:17", "elapsed": 43.063329, "delta": 0.475999}}
{"target": -2.4529951697901673, "params": {"eta": 0.36269160991962285, "max_depth": 8.892839492786699, "n_estimators": 16.820612254238952}, "datetime": {"datetime": "2021-09-17 13:16:17", "elapsed": 43.578784, "delta": 0.515455}}
{"target": -2.488936311947672, "params": {"eta": 0.2998728380220957, "max_depth": 9.606145841160359, "n_estimators": 16.54704177782366}, "datetime": {"datetime": "2021-09-17 13:16:18", "elapsed": 44.024783, "delta": 0.445999}}
{"target": -2.426007445235001, "params": {"eta": 0.3957247600147715, "max_depth": 14.169948173578028, "n_estimators": 16.361836507653813}, "datetime": {"datetime": "2021-09-17 13:16:18", "elapsed": 44.503784, "delta": 0.479001}}
{"target": -2.3785484991575543, "params": {"eta": 0.2080953224246514, "max_depth": 13.327421084405506, "n_estimators": 17.756067573779134}, "datetime": {"datetime": "2021-09-17 13:16:19", "elapsed": 44.98945, "delta": 0.485666}}
{"target": -2.3498952533069413, "params": {"eta": 0.2954683594692894, "max_depth": 17.758596299113883, "n_estimators": 19.638045276725254}, "datetime": {"datetime": "2021-09-17 13:16:19", "elapsed": 45.528633, "delta": 0.539183}}
{"target": -2.3887796452170926, "params": {"eta": 0.24354198788311776, "max_depth": 16.718716858838896, "n_estimators": 16.869280482461026}, "datetime": {"datetime": "2021-09-17 13:16:20", "elapsed": 46.012633, "delta": 0.484}}
{"target": -2.4380266471912986, "params": {"eta": 0.35575737271933006, "max_depth": 13.544977624366684, "n_estimators": 19.39284680425284}, "datetime": {"datetime": "2021-09-17 13:16:20", "elapsed": 46.506632, "delta": 0.493999}}
{"target": -2.3443735894403956, "params": {"eta": 0.2239498239527725, "max_depth": 16.598435852552612, "n_estimators": 16.818422331005472}, "datetime": {"datetime": "2021-09-17 13:16:21", "elapsed": 46.999634, "delta": 0.493002}}
{"target": -2.4060130207162156, "params": {"eta": 0.2399665584913542, "max_depth": 11.000309309363296, "n_estimators": 18.95968798226511}, "datetime": {"datetime": "2021-09-17 13:16:21", "elapsed": 47.473784, "delta": 0.47415}}
{"target": -2.2834022396489195, "params": {"eta": 0.20415011362845933, "max_depth": 13.499169129677009, "n_estimators": 19.387302785450174}, "datetime": {"datetime": "2021-09-17 13:16:22", "elapsed": 47.961785, "delta": 0.488001}}
{"target": -2.3335402865158885, "params": {"eta": 0.281366031134652, "max_depth": 15.340813792738128, "n_estimators": 16.417855127877623}, "datetime": {"datetime": "2021-09-17 13:16:22", "elapsed": 48.450781, "delta": 0.488996}}
{"target": -2.4545548370009973, "params": {"eta": 0.24798963036948085, "max_depth": 8.179599838120044, "n_estimators": 16.80474988669314}, "datetime": {"datetime": "2021-09-17 13:16:23", "elapsed": 48.979971, "delta": 0.52919}}
{"target": -2.4795272318940413, "params": {"eta": 0.25284843119984113, "max_depth": 12.930822773105286, "n_estimators": 18.43601631010098}, "datetime": {"datetime": "2021-09-17 13:16:23", "elapsed": 49.475262, "delta": 0.495291}}
{"target": -2.414229448845512, "params": {"eta": 0.33396332699677006, "max_depth": 14.699296258384479, "n_estimators": 17.956042263287642}, "datetime": {"datetime": "2021-09-17 13:16:24", "elapsed": 50.005897, "delta": 0.530635}}
{"target": -2.289707104783309, "params": {"eta": 0.2818983930756448, "max_depth": 16.474216179526962, "n_estimators": 18.137271536518313}, "datetime": {"datetime": "2021-09-17 13:16:24", "elapsed": 50.520891, "delta": 0.514994}}
{"target": -2.5721391677856444, "params": {"eta": 0.21676176952384396, "max_depth": 17.18183793382922, "n_estimators": 16.283122379013673}, "datetime": {"datetime": "2021-09-17 13:16:25", "elapsed": 51.026518, "delta": 0.505627}}
{"target": -2.577016475953554, "params": {"eta": 0.3058214540161803, "max_depth": 9.414879133324014, "n_estimators": 19.71661401981618}, "datetime": {"datetime": "2021-09-17 13:16:25", "elapsed": 51.520724, "delta": 0.494206}}
{"target": -2.388545833763323, "params": {"eta": 0.35899424099818794, "max_depth": 13.24155010863913, "n_estimators": 18.470388507411887}, "datetime": {"datetime": "2021-09-17 13:16:26", "elapsed": 52.144946, "delta": 0.624222}}
{"target": -2.5053262723119634, "params": {"eta": 0.3167200712258282, "max_depth": 13.381253713258559, "n_estimators": 16.843346442370787}, "datetime": {"datetime": "2021-09-17 13:16:26", "elapsed": 52.663942, "delta": 0.518996}}
{"target": -2.394289600849152, "params": {"eta": 0.3359704268678335, "max_depth": 12.448562164290514, "n_estimators": 17.326163905463183}, "datetime": {"datetime": "2021-09-17 13:16:27", "elapsed": 53.342127, "delta": 0.678185}}
{"target": -2.354056944345173, "params": {"eta": 0.20610346826073733, "max_depth": 15.555074561160843, "n_estimators": 16.327571833394387}, "datetime": {"datetime": "2021-09-17 13:16:28", "elapsed": 53.91313, "delta": 0.571003}}
{"target": -2.4858832516168294, "params": {"eta": 0.3993102333035085, "max_depth": 17.55472511464818, "n_estimators": 17.327584518235557}, "datetime": {"datetime": "2021-09-17 13:16:28", "elapsed": 54.502126, "delta": 0.588996}}
{"target": -2.3490868166873327, "params": {"eta": 0.2104898694142767, "max_depth": 15.877245959377202, "n_estimators": 17.35299552179003}, "datetime": {"datetime": "2021-09-17 13:16:29", "elapsed": 55.067133, "delta": 0.565007}}
{"target": -2.470691260538603, "params": {"eta": 0.24275034742257426, "max_depth": 9.451518341982592, "n_estimators": 17.724939242302785}, "datetime": {"datetime": "2021-09-17 13:16:29", "elapsed": 55.59164, "delta": 0.524507}}
{"target": -2.4507538569600955, "params": {"eta": 0.3151792704178106, "max_depth": 16.319258649662984, "n_estimators": 19.396687671746776}, "datetime": {"datetime": "2021-09-17 13:16:30", "elapsed": 56.212619, "delta": 0.620979}}
{"target": -2.489378575902236, "params": {"eta": 0.25200291223535376, "max_depth": 16.749000486293447, "n_estimators": 19.856861994964767}, "datetime": {"datetime": "2021-09-17 13:16:31", "elapsed": 56.816621, "delta": 0.604002}}
{"target": -2.562092113494873, "params": {"eta": 0.38783616907249274, "max_depth": 9.765509775483313, "n_estimators": 16.949454138453465}, "datetime": {"datetime": "2021-09-17 13:16:31", "elapsed": 57.348695, "delta": 0.532074}}
{"target": -2.3631088783866487, "params": {"eta": 0.29166680151027247, "max_depth": 16.210330987143294, "n_estimators": 17.194865464135127}, "datetime": {"datetime": "2021-09-17 13:16:32", "elapsed": 57.953574, "delta": 0.604879}}
{"target": -2.4202680932848075, "params": {"eta": 0.28574694678107615, "max_depth": 15.418811706434656, "n_estimators": 19.569921912233536}, "datetime": {"datetime": "2021-09-17 13:16:32", "elapsed": 58.539576, "delta": 0.586002}}
{"target": -2.446317000138132, "params": {"eta": 0.3700945544873496, "max_depth": 16.713580953769807, "n_estimators": 19.02460835590191}, "datetime": {"datetime": "2021-09-17 13:16:33", "elapsed": 59.140638, "delta": 0.601062}}
{"target": -2.468765320903376, "params": {"eta": 0.3046842695613731, "max_depth": 8.134124695029605, "n_estimators": 16.48666767010746}, "datetime": {"datetime": "2021-09-17 13:16:34", "elapsed": 59.81045, "delta": 0.669812}}
{"target": -2.55437778422707, "params": {"eta": 0.30663215100191216, "max_depth": 14.19553803778621, "n_estimators": 18.53170832215941}, "datetime": {"datetime": "2021-09-17 13:16:34", "elapsed": 60.495136, "delta": 0.684686}}
{"target": -2.4167248719616943, "params": {"eta": 0.23519584729738083, "max_depth": 14.04451037212806, "n_estimators": 18.128887192761237}, "datetime": {"datetime": "2021-09-17 13:16:35", "elapsed": 61.055135, "delta": 0.559999}}
{"target": -2.3902635800211054, "params": {"eta": 0.39553891711911005, "max_depth": 10.400479999412926, "n_estimators": 18.6650931975332}, "datetime": {"datetime": "2021-09-17 13:16:35", "elapsed": 61.610497, "delta": 0.555362}}
{"target": -2.428886141275105, "params": {"eta": 0.3986191185116313, "max_depth": 10.454462758724638, "n_estimators": 17.773102016504936}, "datetime": {"datetime": "2021-09-17 13:16:36", "elapsed": 62.152496, "delta": 0.541999}}
{"target": -2.409095222699015, "params": {"eta": 0.20014027901445317, "max_depth": 9.219285209306776, "n_estimators": 17.9635354064284}, "datetime": {"datetime": "2021-09-17 13:16:36", "elapsed": 62.704494, "delta": 0.551998}}
{"target": -2.4947358106312, "params": {"eta": 0.22702809712807684, "max_depth": 11.059705088241646, "n_estimators": 19.700764586859727}, "datetime": {"datetime": "2021-09-17 13:16:37", "elapsed": 63.280492, "delta": 0.575998}}
{"target": -2.3823358711443454, "params": {"eta": 0.3432265336265751, "max_depth": 12.007010031420213, "n_estimators": 17.20376650843341}, "datetime": {"datetime": "2021-09-17 13:16:38", "elapsed": 63.884491, "delta": 0.603999}}
{"target": -2.4565680773634657, "params": {"eta": 0.29786109368565383, "max_depth": 8.421592095527348, "n_estimators": 18.381771073136786}, "datetime": {"datetime": "2021-09-17 13:16:38", "elapsed": 64.557495, "delta": 0.673004}}
{"target": -2.440355475952751, "params": {"eta": 0.3397555546071533, "max_depth": 11.069865011411059, "n_estimators": 16.5227507052099}, "datetime": {"datetime": "2021-09-17 13:16:39", "elapsed": 65.16816, "delta": 0.610665}}
{"target": -2.4487411436281703, "params": {"eta": 0.299838464505891, "max_depth": 10.177534195988983, "n_estimators": 17.014552185945142}, "datetime": {"datetime": "2021-09-17 13:16:39", "elapsed": 65.727951, "delta": 0.559791}}
{"target": -2.359122207290248, "params": {"eta": 0.28125619675981495, "max_depth": 14.168469782421896, "n_estimators": 17.119470567785097}, "datetime": {"datetime": "2021-09-17 13:16:40", "elapsed": 66.452677, "delta": 0.724726}}
{"target": -2.4922267116998373, "params": {"eta": 0.25132698853794155, "max_depth": 14.919386065760078, "n_estimators": 18.942268495075893}, "datetime": {"datetime": "2021-09-17 13:16:41", "elapsed": 67.065026, "delta": 0.612349}}
{"target": -2.4769310687717634, "params": {"eta": 0.24686209053408883, "max_depth": 10.343329388277741, "n_estimators": 18.572938648315464}, "datetime": {"datetime": "2021-09-17 13:16:41", "elapsed": 67.681966, "delta": 0.61694}}
{"target": -2.4226084627603233, "params": {"eta": 0.3984768972188474, "max_depth": 9.92517460030861, "n_estimators": 18.10932322295473}, "datetime": {"datetime": "2021-09-17 13:16:42", "elapsed": 68.307266, "delta": 0.6253}}
{"target": -2.4369332125312404, "params": {"eta": 0.31853850548378815, "max_depth": 16.269162969727603, "n_estimators": 17.333397121831638}, "datetime": {"datetime": "2021-09-17 13:16:43", "elapsed": 68.948264, "delta": 0.640998}}
{"target": -2.5109737515449524, "params": {"eta": 0.3227936975009714, "max_depth": 10.334431564098399, "n_estimators": 16.546469685383336}, "datetime": {"datetime": "2021-09-17 13:16:44", "elapsed": 69.743416, "delta": 0.795152}}
{"target": -2.40186142168547, "params": {"eta": 0.27692629336025537, "max_depth": 11.089910764746232, "n_estimators": 17.021406034132724}, "datetime": {"datetime": "2021-09-17 13:16:44", "elapsed": 70.356046, "delta": 0.61263}}
{"target": -2.4110015718560467, "params": {"eta": 0.2847195132189404, "max_depth": 9.446467112846491, "n_estimators": 19.35196211597808}, "datetime": {"datetime": "2021-09-17 13:16:45", "elapsed": 70.953047, "delta": 0.597001}}
{"target": -2.381930698219098, "params": {"eta": 0.29734082559053565, "max_depth": 16.334467779149982, "n_estimators": 19.910798909099412}, "datetime": {"datetime": "2021-09-17 13:16:45", "elapsed": 71.619534, "delta": 0.666487}}
{"target": -2.411832490720247, "params": {"eta": 0.369708364775133, "max_depth": 9.47632742916913, "n_estimators": 17.900346369890208}, "datetime": {"datetime": "2021-09-17 13:16:46", "elapsed": 72.274412, "delta": 0.654878}}
{"target": -2.323289605818297, "params": {"eta": 0.2098622919417579, "max_depth": 13.58485580761301, "n_estimators": 18.362993294009005}, "datetime": {"datetime": "2021-09-17 13:16:47", "elapsed": 72.895412, "delta": 0.621}}
{"target": -2.44613502778505, "params": {"eta": 0.2711690470994285, "max_depth": 12.59609310587533, "n_estimators": 18.232680944326304}, "datetime": {"datetime": "2021-09-17 13:16:47", "elapsed": 73.508227, "delta": 0.612815}}
{"target": -2.3957215911463683, "params": {"eta": 0.27035688377578915, "max_depth": 10.324884839922216, "n_estimators": 16.523978817469345}, "datetime": {"datetime": "2021-09-17 13:16:48", "elapsed": 74.095229, "delta": 0.587002}}
{"target": -2.531625429580086, "params": {"eta": 0.31756395961413914, "max_depth": 13.322922989433831, "n_estimators": 19.18045505072559}, "datetime": {"datetime": "2021-09-17 13:16:49", "elapsed": 74.896357, "delta": 0.801128}}
{"target": -2.4807859935258563, "params": {"eta": 0.2667507415442007, "max_depth": 10.721232272647235, "n_estimators": 17.939923568834587}, "datetime": {"datetime": "2021-09-17 13:16:49", "elapsed": 75.513152, "delta": 0.616795}}
{"target": -2.431819910752145, "params": {"eta": 0.354569737242087, "max_depth": 10.272207249326915, "n_estimators": 17.153502503248152}, "datetime": {"datetime": "2021-09-17 13:16:50", "elapsed": 76.168786, "delta": 0.655634}}
{"target": -2.5555045529415734, "params": {"eta": 0.3850575808557426, "max_depth": 15.418172012843058, "n_estimators": 18.14861337612721}, "datetime": {"datetime": "2021-09-17 13:16:51", "elapsed": 76.885398, "delta": 0.716612}}
{"target": -2.433178654469942, "params": {"eta": 0.24140033159329913, "max_depth": 12.292432402944936, "n_estimators": 19.07408060748306}, "datetime": {"datetime": "2021-09-17 13:16:51", "elapsed": 77.688733, "delta": 0.803335}}
{"target": -2.4393875730665107, "params": {"eta": 0.3334231587721196, "max_depth": 16.794698420261398, "n_estimators": 18.404873346736885}, "datetime": {"datetime": "2021-09-17 13:16:52", "elapsed": 78.366737, "delta": 0.678004}}
{"target": -2.3791695921044598, "params": {"eta": 0.3908684960230606, "max_depth": 12.787155598219629, "n_estimators": 17.08531571085045}, "datetime": {"datetime": "2021-09-17 13:16:53", "elapsed": 79.047861, "delta": 0.681124}}
{"target": -2.4801741330247173, "params": {"eta": 0.2027769699619272, "max_depth": 15.459576400906506, "n_estimators": 16.3474458522336}, "datetime": {"datetime": "2021-09-17 13:16:53", "elapsed": 79.712557, "delta": 0.664696}}
{"target": -2.4405229480643023, "params": {"eta": 0.28603281274977016, "max_depth": 8.514810537240542, "n_estimators": 18.2821175326739}, "datetime": {"datetime": "2021-09-17 13:16:54", "elapsed": 80.667156, "delta": 0.954599}}
{"target": -2.5398633542813753, "params": {"eta": 0.26060099568921746, "max_depth": 15.721838565182324, "n_estimators": 18.719061865661693}, "datetime": {"datetime": "2021-09-17 13:16:55", "elapsed": 81.384038, "delta": 0.716882}}
{"target": -2.416246929294185, "params": {"eta": 0.26779536095594314, "max_depth": 11.157537279253022, "n_estimators": 17.452551986590784}, "datetime": {"datetime": "2021-09-17 13:16:56", "elapsed": 82.054726, "delta": 0.670688}}
{"target": -2.5034149370695418, "params": {"eta": 0.20998569646304155, "max_depth": 8.918746411965321, "n_estimators": 16.982455228466353}, "datetime": {"datetime": "2021-09-17 13:16:57", "elapsed": 82.824316, "delta": 0.76959}}
{"target": -2.5400826874532196, "params": {"eta": 0.3729581742827275, "max_depth": 14.72548139445744, "n_estimators": 18.31866039470682}, "datetime": {"datetime": "2021-09-17 13:16:57", "elapsed": 83.568791, "delta": 0.744475}}
{"target": -2.384452950954437, "params": {"eta": 0.20996438001636497, "max_depth": 9.518321083436758, "n_estimators": 17.683676934417594}, "datetime": {"datetime": "2021-09-17 13:16:58", "elapsed": 84.301267, "delta": 0.732476}}
{"target": -2.4968954519221658, "params": {"eta": 0.3028799903816103, "max_depth": 8.675990313388388, "n_estimators": 18.27757742745187}, "datetime": {"datetime": "2021-09-17 13:16:59", "elapsed": 84.913993, "delta": 0.612726}}
{"target": -2.390500429429506, "params": {"eta": 0.26565906577719073, "max_depth": 12.180515125437362, "n_estimators": 16.284571920842975}, "datetime": {"datetime": "2021-09-17 13:16:59", "elapsed": 85.628615, "delta": 0.714622}}
{"target": -2.5550866453271164, "params": {"eta": 0.22563696306840023, "max_depth": 8.359858935725025, "n_estimators": 17.325773562895577}, "datetime": {"datetime": "2021-09-17 13:17:00", "elapsed": 86.308616, "delta": 0.680001}}
{"target": -2.463375590976916, "params": {"eta": 0.22718536947340653, "max_depth": 8.08669544188244, "n_estimators": 16.72987957846009}, "datetime": {"datetime": "2021-09-17 13:17:01", "elapsed": 86.938619, "delta": 0.630003}}
{"target": -2.556315384413067, "params": {"eta": 0.3794122394723818, "max_depth": 16.247952672830426, "n_estimators": 16.149490891419134}, "datetime": {"datetime": "2021-09-17 13:17:02", "elapsed": 87.846168, "delta": 0.907549}}
{"target": -2.4579384308112298, "params": {"eta": 0.33768033833723443, "max_depth": 17.695187854612286, "n_estimators": 19.66478840104187}, "datetime": {"datetime": "2021-09-17 13:17:02", "elapsed": 88.59511, "delta": 0.748942}}
{"target": -2.531967286059731, "params": {"eta": 0.3932581641125729, "max_depth": 13.605465966729877, "n_estimators": 16.921784911246608}, "datetime": {"datetime": "2021-09-17 13:17:03", "elapsed": 89.322998, "delta": 0.727888}}
{"target": -2.4470135186847886, "params": {"eta": 0.36578226400816405, "max_depth": 9.159347614667794, "n_estimators": 18.05017252846852}, "datetime": {"datetime": "2021-09-17 13:17:04", "elapsed": 90.054846, "delta": 0.731848}}
{"target": -2.482556855051141, "params": {"eta": 0.2468609586612804, "max_depth": 10.148989534629866, "n_estimators": 17.908597899928733}, "datetime": {"datetime": "2021-09-17 13:17:05", "elapsed": 90.84469, "delta": 0.789844}}
{"target": -2.4645691413628428, "params": {"eta": 0.3829196949035226, "max_depth": 8.39955202183453, "n_estimators": 17.88199022432839}, "datetime": {"datetime": "2021-09-17 13:17:05", "elapsed": 91.519198, "delta": 0.674508}}
{"target": -2.451196663630636, "params": {"eta": 0.39502576063300215, "max_depth": 12.717322553592332, "n_estimators": 18.79659976854566}, "datetime": {"datetime": "2021-09-17 13:17:06", "elapsed": 92.298767, "delta": 0.779569}}
{"target": -2.507504896113747, "params": {"eta": 0.3553744161958602, "max_depth": 10.541195741164628, "n_estimators": 16.143549713015307}, "datetime": {"datetime": "2021-09-17 13:17:07", "elapsed": 92.972765, "delta": 0.673998}}
{"target": -2.4044501681076853, "params": {"eta": 0.24053127586217296, "max_depth": 13.019023256601264, "n_estimators": 18.51857217357559}, "datetime": {"datetime": "2021-09-17 13:17:08", "elapsed": 93.795908, "delta": 0.823143}}
{"target": -2.4721091565332913, "params": {"eta": 0.2624314370967562, "max_depth": 16.033640017905732, "n_estimators": 16.60861851146956}, "datetime": {"datetime": "2021-09-17 13:17:08", "elapsed": 94.54191, "delta": 0.746002}}
{"target": -2.5385599117530018, "params": {"eta": 0.3472030570702999, "max_depth": 17.775172984906806, "n_estimators": 16.13467745872076}, "datetime": {"datetime": "2021-09-17 13:17:09", "elapsed": 95.309819, "delta": 0.767909}}
{"target": -2.4821415813345657, "params": {"eta": 0.29468103729329254, "max_depth": 14.641838925729962, "n_estimators": 17.408764078708366}, "datetime": {"datetime": "2021-09-17 13:17:10", "elapsed": 96.059565, "delta": 0.749746}}
{"target": -2.5349882571320785, "params": {"eta": 0.21943530389713897, "max_depth": 9.129525813930737, "n_estimators": 18.5783477479515}, "datetime": {"datetime": "2021-09-17 13:17:11", "elapsed": 96.997956, "delta": 0.938391}}
{"target": -2.4322772847978693, "params": {"eta": 0.3663547866700185, "max_depth": 13.200161091871873, "n_estimators": 19.393554487607908}, "datetime": {"datetime": "2021-09-17 13:17:12", "elapsed": 97.761753, "delta": 0.763797}}
{"target": -2.4378741113763107, "params": {"eta": 0.21481682040583705, "max_depth": 15.204313756573839, "n_estimators": 19.429059378707787}, "datetime": {"datetime": "2021-09-17 13:17:12", "elapsed": 98.563751, "delta": 0.801998}}
{"target": -2.503165701815956, "params": {"eta": 0.23254354481971184, "max_depth": 8.986379561371095, "n_estimators": 18.007036700018276}, "datetime": {"datetime": "2021-09-17 13:17:13", "elapsed": 99.314755, "delta": 0.751004}}
{"target": -2.5511695761429634, "params": {"eta": 0.32521336532003525, "max_depth": 16.095452810990317, "n_estimators": 17.51601849837265}, "datetime": {"datetime": "2021-09-17 13:17:14", "elapsed": 100.403938, "delta": 1.089183}}
{"target": -2.470710357239372, "params": {"eta": 0.31884355862261565, "max_depth": 8.136666744990112, "n_estimators": 18.41794597542714}, "datetime": {"datetime": "2021-09-17 13:17:15", "elapsed": 101.203828, "delta": 0.79989}}
{"target": -2.4263550883845277, "params": {"eta": 0.25001846837936825, "max_depth": 10.344432427786009, "n_estimators": 19.261531852345907}, "datetime": {"datetime": "2021-09-17 13:17:16", "elapsed": 102.074297, "delta": 0.870469}}
