{"target": 0.7040375930285679, "params": {"eta": 1.0, "max_depth": 16.18395257595661, "n_estimators": 30.216575009865178}, "datetime": {"datetime": "2021-09-21 10:01:44", "elapsed": 60.688139, "delta": 0.666426}}
{"target": -4.06235640571628, "params": {"eta": 0.01, "max_depth": 3.3676982444937256, "n_estimators": 10.047623486181806}, "datetime": {"datetime": "2021-09-21 10:01:45", "elapsed": 61.351384, "delta": 0.663245}}
{"target": 0.7211854526757184, "params": {"eta": 0.9338683151230665, "max_depth": 1.0741916044787643, "n_estimators": 7.0194122531145995}, "datetime": {"datetime": "2021-09-21 10:01:45", "elapsed": 61.907283, "delta": 0.555899}}
{"target": 0.7129927027501493, "params": {"eta": 0.9362251036904908, "max_depth": 18.019890506990343, "n_estimators": 28.98576497566624}, "datetime": {"datetime": "2021-09-21 10:01:46", "elapsed": 62.766049, "delta": 0.858766}}
{"target": -1.3687187646931682, "params": {"eta": 0.027792151566769806, "max_depth": 1.3723486767395159, "n_estimators": 21.970620830627134}, "datetime": {"datetime": "2021-09-21 10:01:47", "elapsed": 63.392837, "delta": 0.626788}}
{"target": 0.7671835225274002, "params": {"eta": 0.8017075726482324, "max_depth": 5.581266265309415, "n_estimators": 20.293608210398713}, "datetime": {"datetime": "2021-09-21 10:01:47", "elapsed": 63.979663, "delta": 0.586826}}
{"target": 0.7891752362128437, "params": {"eta": 0.8821757000748603, "max_depth": 3.472487213680806, "n_estimators": 24.979052715813342}, "datetime": {"datetime": "2021-09-21 10:01:48", "elapsed": 64.630179, "delta": 0.650516}}
{"target": 0.7667131655789889, "params": {"eta": 0.1322488672269186, "max_depth": 1.018864039191754, "n_estimators": 40.5962554761241}, "datetime": {"datetime": "2021-09-21 10:01:49", "elapsed": 65.359181, "delta": 0.729002}}
{"target": 0.6854303558662885, "params": {"eta": 1.0, "max_depth": 7.6214139464994215, "n_estimators": 10.705443872260188}, "datetime": {"datetime": "2021-09-21 10:01:49", "elapsed": 65.993802, "delta": 0.634621}}
{"target": 0.7090050804690865, "params": {"eta": 1.0, "max_depth": 10.868606992626356, "n_estimators": 34.93723346877602}, "datetime": {"datetime": "2021-09-21 10:01:50", "elapsed": 66.658248, "delta": 0.664446}}
{"target": 0.7125641117500454, "params": {"eta": 0.9512265557103259, "max_depth": 11.409328909839083, "n_estimators": 9.01162146449878}, "datetime": {"datetime": "2021-09-21 10:01:51", "elapsed": 67.456749, "delta": 0.798501}}
{"target": 0.6980993767516517, "params": {"eta": 1.0, "max_depth": 18.19127332596549, "n_estimators": 16.741378552868266}, "datetime": {"datetime": "2021-09-21 10:01:52", "elapsed": 68.208057, "delta": 0.751308}}
{"target": 0.7695742753244769, "params": {"eta": 0.8787835111844504, "max_depth": 14.149605525742093, "n_estimators": 6.073014189204493}, "datetime": {"datetime": "2021-09-21 10:01:52", "elapsed": 68.902991, "delta": 0.694934}}
{"target": 0.6970541417620624, "params": {"eta": 1.0, "max_depth": 11.688331621622151, "n_estimators": 5.22413995677053}, "datetime": {"datetime": "2021-09-21 10:01:53", "elapsed": 69.548659, "delta": 0.645668}}
{"target": 0.771067174597318, "params": {"eta": 0.7450548325923233, "max_depth": 6.806993348630998, "n_estimators": 26.895004973513004}, "datetime": {"datetime": "2021-09-21 10:01:54", "elapsed": 70.227684, "delta": 0.679025}}
{"target": -2.051411744363485, "params": {"eta": 0.01, "max_depth": 11.21136523562964, "n_estimators": 38.68709763516338}, "datetime": {"datetime": "2021-09-21 10:01:54", "elapsed": 70.789931, "delta": 0.562247}}
{"target": 0.7744145689400688, "params": {"eta": 0.6609932852086289, "max_depth": 14.700195694618253, "n_estimators": 39.18192049460116}, "datetime": {"datetime": "2021-09-21 10:01:55", "elapsed": 71.722375, "delta": 0.932444}}
{"target": 0.7984591873637024, "params": {"eta": 0.8663742134742707, "max_depth": 1.0045054341094128, "n_estimators": 42.647665749531214}, "datetime": {"datetime": "2021-09-21 10:01:56", "elapsed": 72.442371, "delta": 0.719996}}
{"target": 0.7407672638387135, "params": {"eta": 0.8451036023638476, "max_depth": 19.96961058325568, "n_estimators": 23.78609383965612}, "datetime": {"datetime": "2021-09-21 10:01:57", "elapsed": 73.242491, "delta": 0.80012}}
{"target": 0.7480916331241715, "params": {"eta": 0.04663487255284311, "max_depth": 14.324259971553484, "n_estimators": 48.08938263966399}, "datetime": {"datetime": "2021-09-21 10:01:57", "elapsed": 74.173052, "delta": 0.930561}}
{"target": 0.8246079439942944, "params": {"eta": 0.5579139282929784, "max_depth": 11.983133229746956, "n_estimators": 47.8139070231093}, "datetime": {"datetime": "2021-09-21 10:01:58", "elapsed": 75.014403, "delta": 0.841351}}
{"target": -1.5106797787221304, "params": {"eta": 0.01, "max_depth": 11.019445417581602, "n_estimators": 49.67957705537947}, "datetime": {"datetime": "2021-09-21 10:01:59", "elapsed": 75.772139, "delta": 0.757736}}
{"target": 0.685786746256335, "params": {"eta": 0.9994743705269138, "max_depth": 13.091627053361465, "n_estimators": 46.54133718394156}, "datetime": {"datetime": "2021-09-21 10:02:00", "elapsed": 76.507414, "delta": 0.735275}}
{"target": 0.7517806792316564, "params": {"eta": 0.8941856481916751, "max_depth": 14.941540940730675, "n_estimators": 49.9500662584856}, "datetime": {"datetime": "2021-09-21 10:02:01", "elapsed": 77.496167, "delta": 0.988753}}
{"target": 0.8052364628233928, "params": {"eta": 0.5409134614112272, "max_depth": 18.12667604787389, "n_estimators": 37.47692473625102}, "datetime": {"datetime": "2021-09-21 10:02:02", "elapsed": 78.377201, "delta": 0.881034}}
{"target": 0.7071973310441135, "params": {"eta": 1.0, "max_depth": 19.393569691301995, "n_estimators": 39.26178095027657}, "datetime": {"datetime": "2021-09-21 10:02:02", "elapsed": 79.056214, "delta": 0.679013}}
{"target": 0.8187747073376767, "params": {"eta": 0.9463680847496692, "max_depth": 3.8270490648070528, "n_estimators": 37.911786660466355}, "datetime": {"datetime": "2021-09-21 10:02:03", "elapsed": 79.702053, "delta": 0.645839}}
{"target": 0.7985291474249014, "params": {"eta": 1.0, "max_depth": 2.357792654077877, "n_estimators": 36.175205377927334}, "datetime": {"datetime": "2021-09-21 10:02:04", "elapsed": 80.56242, "delta": 0.860367}}
{"target": 0.7731665991483168, "params": {"eta": 1.0, "max_depth": 4.409589121577096, "n_estimators": 35.1386776721679}, "datetime": {"datetime": "2021-09-21 10:02:05", "elapsed": 81.228555, "delta": 0.666135}}
{"target": 0.8393087058973704, "params": {"eta": 0.12763339417622865, "max_depth": 5.798250215390592, "n_estimators": 33.277969750247074}, "datetime": {"datetime": "2021-09-21 10:02:05", "elapsed": 81.971118, "delta": 0.742563}}
{"target": 0.8142296889255316, "params": {"eta": 0.26429229377764757, "max_depth": 2.327375291957388, "n_estimators": 33.99341683876545}, "datetime": {"datetime": "2021-09-21 10:02:06", "elapsed": 82.711424, "delta": 0.740306}}
{"target": 0.7030299767553245, "params": {"eta": 1.0, "max_depth": 20.0, "n_estimators": 14.5074328705956}, "datetime": {"datetime": "2021-09-21 10:02:07", "elapsed": 83.381419, "delta": 0.669995}}
{"target": 0.7090050804690865, "params": {"eta": 1.0, "max_depth": 10.963706811269924, "n_estimators": 46.08076267729128}, "datetime": {"datetime": "2021-09-21 10:02:07", "elapsed": 84.171872, "delta": 0.790453}}
{"target": 0.7090434516839843, "params": {"eta": 1.0, "max_depth": 10.252733940420047, "n_estimators": 11.450646889129352}, "datetime": {"datetime": "2021-09-21 10:02:08", "elapsed": 84.800926, "delta": 0.629054}}
{"target": 0.6378287971498477, "params": {"eta": 0.14160540675213762, "max_depth": 8.722162165854272, "n_estimators": 12.88667780000059}, "datetime": {"datetime": "2021-09-21 10:02:09", "elapsed": 85.618621, "delta": 0.817695}}
{"target": 0.8113160548437615, "params": {"eta": 0.5224977689140623, "max_depth": 10.947766182760823, "n_estimators": 13.856160666327877}, "datetime": {"datetime": "2021-09-21 10:02:10", "elapsed": 86.348834, "delta": 0.730213}}
{"target": 0.7040375860628432, "params": {"eta": 1.0, "max_depth": 16.15915636327933, "n_estimators": 47.57644322946822}, "datetime": {"datetime": "2021-09-21 10:02:10", "elapsed": 87.084995, "delta": 0.736161}}
{"target": 0.40065435269067584, "params": {"eta": 0.0484644878461875, "max_depth": 1.0003704239411482, "n_estimators": 35.50127109168712}, "datetime": {"datetime": "2021-09-21 10:02:11", "elapsed": 87.951538, "delta": 0.866543}}
{"target": 0.6957307142549269, "params": {"eta": 1.0, "max_depth": 9.511241533986567, "n_estimators": 15.26909000465617}, "datetime": {"datetime": "2021-09-21 10:02:12", "elapsed": 88.739777, "delta": 0.788239}}
{"target": 0.682428158237797, "params": {"eta": 0.9966591386512632, "max_depth": 12.024398438983265, "n_estimators": 15.62236526039241}, "datetime": {"datetime": "2021-09-21 10:02:13", "elapsed": 89.404159, "delta": 0.664382}}
{"target": 0.7859678277110733, "params": {"eta": 0.8483521095346765, "max_depth": 1.0969378779094994, "n_estimators": 25.76814770781223}, "datetime": {"datetime": "2021-09-21 10:02:14", "elapsed": 90.214122, "delta": 0.809963}}
{"target": 0.3059242927642688, "params": {"eta": 0.028071638127177653, "max_depth": 5.260312534973762, "n_estimators": 46.266074746828565}, "datetime": {"datetime": "2021-09-21 10:02:14", "elapsed": 90.839268, "delta": 0.625146}}
{"target": 0.7711080795420684, "params": {"eta": 0.736949529763881, "max_depth": 19.956353635234127, "n_estimators": 41.569839417964815}, "datetime": {"datetime": "2021-09-21 10:02:15", "elapsed": 91.809507, "delta": 0.970239}}
{"target": 0.7030310540135047, "params": {"eta": 1.0, "max_depth": 20.0, "n_estimators": 37.069182612493854}, "datetime": {"datetime": "2021-09-21 10:02:16", "elapsed": 92.66814, "delta": 0.858633}}
{"target": 0.6858896938452694, "params": {"eta": 1.0, "max_depth": 14.66884983405579, "n_estimators": 16.06472464996987}, "datetime": {"datetime": "2021-09-21 10:02:17", "elapsed": 93.506906, "delta": 0.838766}}
{"target": 0.6986517266815879, "params": {"eta": 1.0, "max_depth": 11.547765050236428, "n_estimators": 41.82720859735579}, "datetime": {"datetime": "2021-09-21 10:02:18", "elapsed": 94.396049, "delta": 0.889143}}
{"target": 0.2609564944846622, "params": {"eta": 0.08670643566688485, "max_depth": 18.24751590660894, "n_estimators": 14.8714995290793}, "datetime": {"datetime": "2021-09-21 10:02:18", "elapsed": 95.021413, "delta": 0.625364}}
{"target": 0.867610644708191, "params": {"eta": 0.388722414447915, "max_depth": 13.137094034562702, "n_estimators": 13.924494911840906}, "datetime": {"datetime": "2021-09-21 10:02:19", "elapsed": 95.936904, "delta": 0.915491}}
{"target": 0.7710624441773832, "params": {"eta": 0.882741646744783, "max_depth": 12.12983136879751, "n_estimators": 11.878215206626866}, "datetime": {"datetime": "2021-09-21 10:02:20", "elapsed": 96.665366, "delta": 0.728462}}
{"target": 0.7845729818317422, "params": {"eta": 1.0, "max_depth": 1.0, "n_estimators": 32.672133915870425}, "datetime": {"datetime": "2021-09-21 10:02:21", "elapsed": 97.307666, "delta": 0.6423}}
{"target": 0.7642435686567666, "params": {"eta": 0.8733816917218575, "max_depth": 1.0885032113279536, "n_estimators": 18.261780251457264}, "datetime": {"datetime": "2021-09-21 10:02:21", "elapsed": 98.034725, "delta": 0.727059}}
{"target": 0.6870050740307969, "params": {"eta": 1.0, "max_depth": 13.99480925774273, "n_estimators": 8.262479591336175}, "datetime": {"datetime": "2021-09-21 10:02:22", "elapsed": 98.815944, "delta": 0.781219}}
{"target": 0.7708978777483668, "params": {"eta": 0.9809700433390008, "max_depth": 3.756954103612365, "n_estimators": 33.239590532463325}, "datetime": {"datetime": "2021-09-21 10:02:23", "elapsed": 99.562043, "delta": 0.746099}}
{"target": -2.857083585750031, "params": {"eta": 0.01, "max_depth": 20.0, "n_estimators": 25.973666146248718}, "datetime": {"datetime": "2021-09-21 10:02:24", "elapsed": 100.459767, "delta": 0.897724}}
{"target": 0.7985220261156201, "params": {"eta": 0.7239455890508476, "max_depth": 19.991746212156443, "n_estimators": 29.71171853073497}, "datetime": {"datetime": "2021-09-21 10:02:25", "elapsed": 101.471892, "delta": 1.012125}}
{"target": 0.7995794598652423, "params": {"eta": 1.0, "max_depth": 2.6839639450213983, "n_estimators": 49.648257214429314}, "datetime": {"datetime": "2021-09-21 10:02:25", "elapsed": 102.117687, "delta": 0.645795}}
{"target": 0.7676789105244192, "params": {"eta": 0.7454991635429636, "max_depth": 15.127494097156056, "n_estimators": 33.941559776220885}, "datetime": {"datetime": "2021-09-21 10:02:26", "elapsed": 103.035964, "delta": 0.918277}}
{"target": -2.3375636128135833, "params": {"eta": 0.01, "max_depth": 9.53695113422318, "n_estimators": 33.02176347097937}, "datetime": {"datetime": "2021-09-21 10:02:27", "elapsed": 103.997932, "delta": 0.961968}}
{"target": -2.7875218852364427, "params": {"eta": 0.01, "max_depth": 15.956280240725887, "n_estimators": 26.77539149300767}, "datetime": {"datetime": "2021-09-21 10:02:28", "elapsed": 104.871709, "delta": 0.873777}}
{"target": 0.7174321848170839, "params": {"eta": 0.9334381546788747, "max_depth": 17.633270276367522, "n_estimators": 24.713285534811487}, "datetime": {"datetime": "2021-09-21 10:02:29", "elapsed": 105.931091, "delta": 1.059382}}
{"target": 0.7885989067224658, "params": {"eta": 0.6145554397884626, "max_depth": 9.489200911727778, "n_estimators": 26.7094836307142}, "datetime": {"datetime": "2021-09-21 10:02:30", "elapsed": 107.125298, "delta": 1.194207}}
{"target": 0.7649667710560446, "params": {"eta": 0.7788396611350444, "max_depth": 13.748877861543416, "n_estimators": 25.09208293249032}, "datetime": {"datetime": "2021-09-21 10:02:31", "elapsed": 108.144492, "delta": 1.019194}}
{"target": 0.6554154396741065, "params": {"eta": 0.05234188018236714, "max_depth": 3.5264969698433264, "n_estimators": 36.63285126252657}, "datetime": {"datetime": "2021-09-21 10:02:32", "elapsed": 109.033789, "delta": 0.889297}}
{"target": 0.8549986777064329, "params": {"eta": 0.16478464811874854, "max_depth": 15.079594833641082, "n_estimators": 29.39127855966646}, "datetime": {"datetime": "2021-09-21 10:02:33", "elapsed": 110.046912, "delta": 1.013123}}
{"target": 0.5388562450642108, "params": {"eta": 0.04515315569091574, "max_depth": 12.660730898034268, "n_estimators": 35.70144172548622}, "datetime": {"datetime": "2021-09-21 10:02:34", "elapsed": 111.136761, "delta": 1.089849}}
{"target": -1.02174213732311, "params": {"eta": 0.025434254814632816, "max_depth": 9.032139661237334, "n_estimators": 24.034056068279817}, "datetime": {"datetime": "2021-09-21 10:02:35", "elapsed": 111.89999, "delta": 0.763229}}
{"target": 0.6881880651218197, "params": {"eta": 0.9983511072714029, "max_depth": 11.2856632767205, "n_estimators": 25.44954070441956}, "datetime": {"datetime": "2021-09-21 10:02:36", "elapsed": 112.889251, "delta": 0.989261}}
{"target": 0.8743721431808011, "params": {"eta": 0.16298184519788056, "max_depth": 9.817722527980044, "n_estimators": 29.82657310918936}, "datetime": {"datetime": "2021-09-21 10:02:37", "elapsed": 113.915627, "delta": 1.026376}}
{"target": 0.7071533403443402, "params": {"eta": 0.9359396748035472, "max_depth": 12.925200998943412, "n_estimators": 23.382246530980954}, "datetime": {"datetime": "2021-09-21 10:02:38", "elapsed": 114.925514, "delta": 1.009887}}
{"target": 0.7619039405574639, "params": {"eta": 0.9021141205796706, "max_depth": 6.423336619984088, "n_estimators": 31.89550602248184}, "datetime": {"datetime": "2021-09-21 10:02:39", "elapsed": 115.790217, "delta": 0.864703}}
{"target": -1.945031870849066, "params": {"eta": 0.01, "max_depth": 18.515548847310384, "n_estimators": 40.464074658399504}, "datetime": {"datetime": "2021-09-21 10:02:40", "elapsed": 116.678102, "delta": 0.887885}}
{"target": 0.7030310671177842, "params": {"eta": 1.0, "max_depth": 20.0, "n_estimators": 17.720825336545303}, "datetime": {"datetime": "2021-09-21 10:02:41", "elapsed": 117.587269, "delta": 0.909167}}
{"target": -3.6228104730736623, "params": {"eta": 0.01, "max_depth": 13.423571599743173, "n_estimators": 15.47419607672655}, "datetime": {"datetime": "2021-09-21 10:02:42", "elapsed": 118.286354, "delta": 0.699085}}
{"target": 0.8677756039717588, "params": {"eta": 0.1996049120160809, "max_depth": 12.529813147337077, "n_estimators": 24.732073097782344}, "datetime": {"datetime": "2021-09-21 10:02:42", "elapsed": 119.191291, "delta": 0.904937}}
{"target": 0.8604466140229641, "params": {"eta": 0.35060055594762257, "max_depth": 12.440832808369056, "n_estimators": 13.151917787727465}, "datetime": {"datetime": "2021-09-21 10:02:44", "elapsed": 120.345968, "delta": 1.154677}}
{"target": 0.6130474145806727, "params": {"eta": 0.03955259325526167, "max_depth": 2.8643991940727838, "n_estimators": 48.67598009891134}, "datetime": {"datetime": "2021-09-21 10:02:45", "elapsed": 121.482569, "delta": 1.136601}}
{"target": 0.7040375987650457, "params": {"eta": 1.0, "max_depth": 16.06365445047798, "n_estimators": 16.50136051641209}, "datetime": {"datetime": "2021-09-21 10:02:46", "elapsed": 122.456445, "delta": 0.973876}}
{"target": 0.6858712255158186, "params": {"eta": 1.0, "max_depth": 7.686322874528267, "n_estimators": 21.5059974552549}, "datetime": {"datetime": "2021-09-21 10:02:47", "elapsed": 123.384572, "delta": 0.928127}}
{"target": -2.857083585750031, "params": {"eta": 0.01, "max_depth": 6.808508460218768, "n_estimators": 25.641576954391656}, "datetime": {"datetime": "2021-09-21 10:02:48", "elapsed": 124.263741, "delta": 0.879169}}
{"target": 0.714744712607029, "params": {"eta": 0.9918264008871504, "max_depth": 7.963437876058878, "n_estimators": 27.30175999875151}, "datetime": {"datetime": "2021-09-21 10:02:49", "elapsed": 125.375602, "delta": 1.111861}}
{"target": 0.7804527326576921, "params": {"eta": 0.9362671175574421, "max_depth": 5.6726702541920435, "n_estimators": 23.561452696560885}, "datetime": {"datetime": "2021-09-21 10:02:50", "elapsed": 126.416671, "delta": 1.041069}}
{"target": 0.7547592219134707, "params": {"eta": 0.7144063790027847, "max_depth": 6.87415801056338, "n_estimators": 33.613107507858494}, "datetime": {"datetime": "2021-09-21 10:02:51", "elapsed": 127.639597, "delta": 1.222926}}
{"target": -2.5874675691165447, "params": {"eta": 0.01, "max_depth": 16.96956729851163, "n_estimators": 29.626669940106108}, "datetime": {"datetime": "2021-09-21 10:02:52", "elapsed": 128.747448, "delta": 1.107851}}
{"target": 0.8223652272990128, "params": {"eta": 0.11897799163867136, "max_depth": 5.39518261222629, "n_estimators": 22.7165059799973}, "datetime": {"datetime": "2021-09-21 10:02:53", "elapsed": 129.840032, "delta": 1.092584}}
{"target": 0.7071973310441135, "params": {"eta": 1.0, "max_depth": 19.222341620068857, "n_estimators": 28.713828371326965}, "datetime": {"datetime": "2021-09-21 10:02:54", "elapsed": 130.879781, "delta": 1.039749}}
{"target": 0.7746606609777873, "params": {"eta": 1.0, "max_depth": 4.691910989746935, "n_estimators": 24.580277224389658}, "datetime": {"datetime": "2021-09-21 10:02:55", "elapsed": 131.808075, "delta": 0.928294}}
{"target": 0.8087471255380192, "params": {"eta": 0.7275129829715163, "max_depth": 3.114644123481656, "n_estimators": 34.90178275683003}, "datetime": {"datetime": "2021-09-21 10:02:57", "elapsed": 133.499033, "delta": 1.690958}}
{"target": 0.7021887819103694, "params": {"eta": 0.9989036166698596, "max_depth": 18.065904438254453, "n_estimators": 27.780643348110498}, "datetime": {"datetime": "2021-09-21 10:02:59", "elapsed": 135.425515, "delta": 1.926482}}
{"target": 0.8519260140563619, "params": {"eta": 0.14065694412078028, "max_depth": 4.275656279107056, "n_estimators": 34.13176501255484}, "datetime": {"datetime": "2021-09-21 10:03:01", "elapsed": 137.33272, "delta": 1.907205}}
{"target": 0.7866128406860403, "params": {"eta": 1.0, "max_depth": 1.962262554964932, "n_estimators": 48.373055570145794}, "datetime": {"datetime": "2021-09-21 10:03:02", "elapsed": 139.088924, "delta": 1.756204}}
{"target": 0.6870799092173844, "params": {"eta": 1.0, "max_depth": 13.274623204479486, "n_estimators": 48.27738881364569}, "datetime": {"datetime": "2021-09-21 10:03:04", "elapsed": 140.611227, "delta": 1.522303}}
{"target": -2.0506761429618368, "params": {"eta": 0.01, "max_depth": 4.037094462194959, "n_estimators": 38.9527413005291}, "datetime": {"datetime": "2021-09-21 10:03:05", "elapsed": 142.13063, "delta": 1.519403}}
{"target": 0.805115917204042, "params": {"eta": 0.9484739677762407, "max_depth": 1.9602757068935908, "n_estimators": 40.01181438844936}, "datetime": {"datetime": "2021-09-21 10:03:07", "elapsed": 143.76519, "delta": 1.63456}}
{"target": 0.8037313967871059, "params": {"eta": 0.6081202632749164, "max_depth": 5.6952384894350665, "n_estimators": 34.61831587243332}, "datetime": {"datetime": "2021-09-21 10:03:09", "elapsed": 145.401053, "delta": 1.635863}}
{"target": -1.2302876294642822, "params": {"eta": 0.01546540906273932, "max_depth": 15.157906548794672, "n_estimators": 36.16273758810544}, "datetime": {"datetime": "2021-09-21 10:03:11", "elapsed": 147.399766, "delta": 1.998713}}
{"target": 0.740041364683897, "params": {"eta": 0.9638121053370395, "max_depth": 15.693406404255107, "n_estimators": 28.73206407589918}, "datetime": {"datetime": "2021-09-21 10:03:13", "elapsed": 149.767421, "delta": 2.367655}}
{"target": 0.8247487400039434, "params": {"eta": 0.9810773048653514, "max_depth": 2.7156808569851205, "n_estimators": 37.44969466349009}, "datetime": {"datetime": "2021-09-21 10:03:15", "elapsed": 151.96539, "delta": 2.197969}}
{"target": 0.7302518242570417, "params": {"eta": 0.9805229816059281, "max_depth": 13.459601390144572, "n_estimators": 36.978644947122255}, "datetime": {"datetime": "2021-09-21 10:03:17", "elapsed": 153.901716, "delta": 1.936326}}
{"target": 0.8528896530940585, "params": {"eta": 0.43017570236389807, "max_depth": 15.918238324086566, "n_estimators": 38.40879433084462}, "datetime": {"datetime": "2021-09-21 10:03:20", "elapsed": 156.802181, "delta": 2.900465}}
