{"target": 0.7392256149560887, "params": {"eta": 0.5611344036331204, "max_depth": 2.599373676271874, "n_estimators": 4.789395940619797}, "datetime": {"datetime": "2021-09-17 15:53:57", "elapsed": 426.200721, "delta": 2.992485}}
{"target": 0.7623011441665454, "params": {"eta": 0.6574623730276989, "max_depth": 3.8354242552477236, "n_estimators": 4.9817446892027935}, "datetime": {"datetime": "2021-09-17 15:54:00", "elapsed": 428.458853, "delta": 2.258132}}
{"target": 0.8096019496540876, "params": {"eta": 0.554536556645896, "max_depth": 8.141925103990504, "n_estimators": 5.117938347316314}, "datetime": {"datetime": "2021-09-17 15:54:02", "elapsed": 430.909651, "delta": 2.450798}}
{"target": 0.7061547576067502, "params": {"eta": 0.5571094214909336, "max_depth": 4.014943192722702, "n_estimators": 3.88461629176458}, "datetime": {"datetime": "2021-09-17 15:54:04", "elapsed": 433.144827, "delta": 2.235176}}
{"target": -3.4561377903588077, "params": {"eta": 0.027979319275169452, "max_depth": 4.963120775661063, "n_estimators": 6.2380239873206556}, "datetime": {"datetime": "2021-09-17 15:54:06", "elapsed": 434.57855, "delta": 1.433723}}
{"target": -1.610310640891588, "params": {"eta": 0.2119613394620427, "max_depth": 5.478033855072622, "n_estimators": 2.1401956563288898}, "datetime": {"datetime": "2021-09-17 15:54:07", "elapsed": 436.058572, "delta": 1.480022}}
{"target": -0.5295237191275981, "params": {"eta": 0.33089694181505946, "max_depth": 5.732958847634512, "n_estimators": 2.743549316335066}, "datetime": {"datetime": "2021-09-17 15:54:10", "elapsed": 438.492193, "delta": 2.433621}}
{"target": 0.7031369776785164, "params": {"eta": 0.5349187052620703, "max_depth": 1.8532408831571785, "n_estimators": 5.115062914757074}, "datetime": {"datetime": "2021-09-17 15:54:12", "elapsed": 440.560966, "delta": 2.068773}}
{"target": 0.72185604668209, "params": {"eta": 0.3842705714778521, "max_depth": 6.131463750395111, "n_estimators": 5.913692284648715}, "datetime": {"datetime": "2021-09-17 15:54:14", "elapsed": 442.69741, "delta": 2.136444}}
{"target": 0.7913413866523796, "params": {"eta": 0.5938087765536258, "max_depth": 3.0714619964704784, "n_estimators": 8.39745273379586}, "datetime": {"datetime": "2021-09-17 15:54:16", "elapsed": 444.800637, "delta": 2.103227}}
{"target": 0.7571278127596985, "params": {"eta": 1.0, "max_depth": 7.259564409544287, "n_estimators": 8.663304578665853}, "datetime": {"datetime": "2021-09-17 15:54:18", "elapsed": 447.25368, "delta": 2.453043}}
{"target": 0.7546856819705812, "params": {"eta": 0.7336678261678892, "max_depth": 4.285430831555246, "n_estimators": 7.088755461371477}, "datetime": {"datetime": "2021-09-17 15:54:21", "elapsed": 449.553228, "delta": 2.299548}}
{"target": 0.7727210382037252, "params": {"eta": 1.0, "max_depth": 4.717168272172441, "n_estimators": 6.298884872884676}, "datetime": {"datetime": "2021-09-17 15:54:24", "elapsed": 452.732099, "delta": 3.178871}}
{"target": 0.7044535680743754, "params": {"eta": 0.7224051031782772, "max_depth": 7.896294663445702, "n_estimators": 2.27972615280602}, "datetime": {"datetime": "2021-09-17 15:54:26", "elapsed": 454.286977, "delta": 1.554878}}
{"target": 0.7510499636047846, "params": {"eta": 0.9162870957028796, "max_depth": 3.5370493799427565, "n_estimators": 4.059769797500314}, "datetime": {"datetime": "2021-09-17 15:54:29", "elapsed": 457.268731, "delta": 2.981754}}
{"target": 0.7511348605979546, "params": {"eta": 0.794034938231744, "max_depth": 4.7329248627325695, "n_estimators": 8.98374083588585}, "datetime": {"datetime": "2021-09-17 15:54:31", "elapsed": 459.680758, "delta": 2.412027}}
{"target": 0.7965895426030398, "params": {"eta": 0.7162684526642106, "max_depth": 3.219210938542064, "n_estimators": 5.056013079927552}, "datetime": {"datetime": "2021-09-17 15:54:33", "elapsed": 461.848565, "delta": 2.167807}}
{"target": -4.738388869486087, "params": {"eta": 0.010260249849682919, "max_depth": 8.854722378166564, "n_estimators": 3.609309121857378}, "datetime": {"datetime": "2021-09-17 15:54:36", "elapsed": 464.446108, "delta": 2.597543}}
{"target": -0.30697897155839704, "params": {"eta": 0.4060655903472832, "max_depth": 1.0600424712767618, "n_estimators": 2.2681763136348456}, "datetime": {"datetime": "2021-09-17 15:54:39", "elapsed": 467.491974, "delta": 3.045866}}
{"target": -0.9504946512771646, "params": {"eta": 0.06870665261338062, "max_depth": 9.581034975677209, "n_estimators": 9.64721576685923}, "datetime": {"datetime": "2021-09-17 15:54:40", "elapsed": 469.192976, "delta": 1.701002}}
{"target": 0.8206030329503554, "params": {"eta": 0.428653862268751, "max_depth": 9.00494035209059, "n_estimators": 9.467647561758731}, "datetime": {"datetime": "2021-09-17 15:54:43", "elapsed": 472.06549, "delta": 2.872514}}
{"target": 0.5878138196850025, "params": {"eta": 0.617987749622503, "max_depth": 9.110968369875158, "n_estimators": 2.7284534422756463}, "datetime": {"datetime": "2021-09-17 15:54:47", "elapsed": 475.346576, "delta": 3.281086}}
{"target": 0.6992493607063319, "params": {"eta": 1.0, "max_depth": 1.0, "n_estimators": 9.49326069883151}, "datetime": {"datetime": "2021-09-17 15:54:50", "elapsed": 478.31759, "delta": 2.971014}}
{"target": 0.7005893781948034, "params": {"eta": 0.20894459055441536, "max_depth": 4.805624116218875, "n_estimators": 9.371903501257952}, "datetime": {"datetime": "2021-09-17 15:54:51", "elapsed": 479.921185, "delta": 1.603595}}
{"target": 0.7669529713264599, "params": {"eta": 0.7059713049956106, "max_depth": 8.030013499538077, "n_estimators": 3.8249912621686843}, "datetime": {"datetime": "2021-09-17 15:54:54", "elapsed": 482.889106, "delta": 2.967921}}
{"target": -2.0657498110918566, "params": {"eta": 0.17415472454106404, "max_depth": 8.67322240277647, "n_estimators": 2.2263174641713093}, "datetime": {"datetime": "2021-09-17 15:54:56", "elapsed": 484.542413, "delta": 1.653307}}
{"target": 0.6871047294928176, "params": {"eta": 0.6962342766699124, "max_depth": 8.463868719447662, "n_estimators": 2.952780688060711}, "datetime": {"datetime": "2021-09-17 15:54:58", "elapsed": 486.819607, "delta": 2.277194}}
{"target": 0.8186119133519929, "params": {"eta": 0.5558270450222029, "max_depth": 9.023160733396619, "n_estimators": 10.0}, "datetime": {"datetime": "2021-09-17 15:55:01", "elapsed": 489.878739, "delta": 3.059132}}
{"target": 0.6433649151003584, "params": {"eta": 1.0, "max_depth": 3.6552968779851946, "n_estimators": 1.6615438479897986}, "datetime": {"datetime": "2021-09-17 15:55:05", "elapsed": 493.452941, "delta": 3.574202}}
{"target": -2.1292126999744365, "params": {"eta": 0.3207844668155325, "max_depth": 10.0, "n_estimators": 1.0}, "datetime": {"datetime": "2021-09-17 15:55:08", "elapsed": 496.863718, "delta": 3.410777}}
{"target": 0.7818344690028006, "params": {"eta": 0.5648385607433086, "max_depth": 5.327085891815869, "n_estimators": 8.719518325720323}, "datetime": {"datetime": "2021-09-17 15:55:10", "elapsed": 498.789608, "delta": 1.92589}}
{"target": 0.6329085524532094, "params": {"eta": 1.0, "max_depth": 8.623110282667954, "n_estimators": 1.0}, "datetime": {"datetime": "2021-09-17 15:55:13", "elapsed": 502.090713, "delta": 3.301105}}
{"target": 0.7871941856274701, "params": {"eta": 0.4842816481346416, "max_depth": 8.592623424384424, "n_estimators": 5.591822477377328}, "datetime": {"datetime": "2021-09-17 15:55:16", "elapsed": 504.768601, "delta": 2.677888}}
{"target": -4.339277197157583, "params": {"eta": 0.01, "max_depth": 10.0, "n_estimators": 7.607064982635024}, "datetime": {"datetime": "2021-09-17 15:55:20", "elapsed": 508.510912, "delta": 3.742311}}
{"target": 0.8362613813107815, "params": {"eta": 0.48033537714496893, "max_depth": 8.722458132284732, "n_estimators": 7.461390105853805}, "datetime": {"datetime": "2021-09-17 15:55:24", "elapsed": 512.937881, "delta": 4.426969}}
{"target": 0.713667011818014, "params": {"eta": 0.7116770121915751, "max_depth": 1.167945364616694, "n_estimators": 5.749976631180843}, "datetime": {"datetime": "2021-09-17 15:55:26", "elapsed": 514.586757, "delta": 1.648876}}
{"target": 0.6329085524532094, "params": {"eta": 1.0, "max_depth": 5.300787889273073, "n_estimators": 1.968276763205866}, "datetime": {"datetime": "2021-09-17 15:55:28", "elapsed": 516.929781, "delta": 2.343024}}
{"target": 0.7456460521686725, "params": {"eta": 1.0, "max_depth": 6.236543891088195, "n_estimators": 5.263144934973819}, "datetime": {"datetime": "2021-09-17 15:55:31", "elapsed": 519.70531, "delta": 2.775529}}
{"target": 0.8171086937058328, "params": {"eta": 0.5109066627053177, "max_depth": 9.982344735693955, "n_estimators": 8.101235261309714}, "datetime": {"datetime": "2021-09-17 15:55:35", "elapsed": 523.466033, "delta": 3.760723}}
{"target": 0.7808617081695699, "params": {"eta": 0.9960080387111204, "max_depth": 5.206645485144502, "n_estimators": 7.824800181716139}, "datetime": {"datetime": "2021-09-17 15:55:36", "elapsed": 525.178734, "delta": 1.712701}}
{"target": 0.6481197949025281, "params": {"eta": 0.5337100541459762, "max_depth": 2.998069553852209, "n_estimators": 3.66931473724922}, "datetime": {"datetime": "2021-09-17 15:55:40", "elapsed": 529.1379, "delta": 3.959166}}
{"target": 0.7797394943388491, "params": {"eta": 0.6594391089905917, "max_depth": 2.4499876768849673, "n_estimators": 9.186277040632607}, "datetime": {"datetime": "2021-09-17 15:55:43", "elapsed": 531.908117, "delta": 2.770217}}
{"target": -4.052753579766579, "params": {"eta": 0.01, "max_depth": 4.538201235604121, "n_estimators": 10.0}, "datetime": {"datetime": "2021-09-17 15:55:46", "elapsed": 535.067612, "delta": 3.159495}}
{"target": 0.6928563235730336, "params": {"eta": 0.6015585149744497, "max_depth": 2.4003855041772333, "n_estimators": 3.588003080241522}, "datetime": {"datetime": "2021-09-17 15:55:48", "elapsed": 536.752902, "delta": 1.68529}}
{"target": 0.776983825979591, "params": {"eta": 0.6298366709950305, "max_depth": 4.980110497032355, "n_estimators": 9.75072103890752}, "datetime": {"datetime": "2021-09-17 15:55:50", "elapsed": 539.10117, "delta": 2.348268}}
{"target": 0.7981304751495057, "params": {"eta": 0.5229776517650776, "max_depth": 3.933307882121563, "n_estimators": 9.524354468466939}, "datetime": {"datetime": "2021-09-17 15:55:53", "elapsed": 541.595021, "delta": 2.493851}}
{"target": 0.791361541802318, "params": {"eta": 0.5927734304976774, "max_depth": 3.074531739193044, "n_estimators": 8.390407666422313}, "datetime": {"datetime": "2021-09-17 15:55:55", "elapsed": 543.364355, "delta": 1.769334}}
{"target": 0.7341123056212094, "params": {"eta": 1.0, "max_depth": 6.417631927501708, "n_estimators": 9.399139257797351}, "datetime": {"datetime": "2021-09-17 15:55:57", "elapsed": 546.103609, "delta": 2.739254}}
{"target": 0.7774433562576235, "params": {"eta": 0.8502005514245667, "max_depth": 7.871633783603871, "n_estimators": 8.27774646036667}, "datetime": {"datetime": "2021-09-17 15:56:01", "elapsed": 550.179183, "delta": 4.075574}}
{"target": -2.6199505798223326, "params": {"eta": 0.03212145601769526, "max_depth": 2.206859016459148, "n_estimators": 9.987738326173762}, "datetime": {"datetime": "2021-09-17 15:56:05", "elapsed": 553.608393, "delta": 3.42921}}
{"target": 0.34416872097051887, "params": {"eta": 0.509884604186874, "max_depth": 8.014422329808621, "n_estimators": 2.936690363886485}, "datetime": {"datetime": "2021-09-17 15:56:07", "elapsed": 555.323236, "delta": 1.714843}}
{"target": 0.7431526803415007, "params": {"eta": 0.666577537902514, "max_depth": 1.9073787804925646, "n_estimators": 9.669528305141757}, "datetime": {"datetime": "2021-09-17 15:56:10", "elapsed": 558.745203, "delta": 3.421967}}
{"target": 0.7371109935519136, "params": {"eta": 0.8114708065808722, "max_depth": 7.121916853726821, "n_estimators": 9.521214040124972}, "datetime": {"datetime": "2021-09-17 15:56:13", "elapsed": 561.780963, "delta": 3.03576}}
{"target": 0.8206727148543231, "params": {"eta": 0.5032767988285355, "max_depth": 7.981288367795316, "n_estimators": 8.249321054091148}, "datetime": {"datetime": "2021-09-17 15:56:15", "elapsed": 563.569478, "delta": 1.788515}}
{"target": -3.167436009258533, "params": {"eta": 0.022762234287809446, "max_depth": 3.322359597531432, "n_estimators": 9.988916103362072}, "datetime": {"datetime": "2021-09-17 15:56:18", "elapsed": 566.271273, "delta": 2.701795}}
{"target": 0.757986578660557, "params": {"eta": 1.0, "max_depth": 8.238624158235448, "n_estimators": 5.2863267503970865}, "datetime": {"datetime": "2021-09-17 15:56:20", "elapsed": 568.808264, "delta": 2.536991}}
{"target": 0.7128677071910243, "params": {"eta": 0.7033618130179311, "max_depth": 1.0071623229351, "n_estimators": 6.877630097623809}, "datetime": {"datetime": "2021-09-17 15:56:23", "elapsed": 571.905453, "delta": 3.097189}}
{"target": 0.7079851949557512, "params": {"eta": 0.27327370196608936, "max_depth": 6.426511765289283, "n_estimators": 7.214018468123232}, "datetime": {"datetime": "2021-09-17 15:56:25", "elapsed": 573.75122, "delta": 1.845767}}
{"target": 0.7675178659198131, "params": {"eta": 0.42775815932044103, "max_depth": 10.0, "n_estimators": 5.242118292503382}, "datetime": {"datetime": "2021-09-17 15:56:28", "elapsed": 576.545998, "delta": 2.794778}}
{"target": 0.6992493607063319, "params": {"eta": 1.0, "max_depth": 1.4727524433338341, "n_estimators": 9.12456643730444}, "datetime": {"datetime": "2021-09-17 15:56:31", "elapsed": 579.412635, "delta": 2.866637}}
{"target": 0.7642656190061293, "params": {"eta": 0.7151761577464094, "max_depth": 4.792973161043962, "n_estimators": 6.851207239096982}, "datetime": {"datetime": "2021-09-17 15:56:32", "elapsed": 581.167636, "delta": 1.755001}}
{"target": 0.7697056913223714, "params": {"eta": 0.5024389855134535, "max_depth": 10.0, "n_estimators": 4.651068874930049}, "datetime": {"datetime": "2021-09-17 15:56:35", "elapsed": 583.997905, "delta": 2.830269}}
{"target": 0.7775679220515088, "params": {"eta": 0.6680480512184745, "max_depth": 4.863593560366011, "n_estimators": 8.097580319188005}, "datetime": {"datetime": "2021-09-17 15:56:39", "elapsed": 587.461842, "delta": 3.463937}}
{"target": 0.7958162086306426, "params": {"eta": 0.3006893014471063, "max_depth": 6.4827619834065295, "n_estimators": 8.253749032670388}, "datetime": {"datetime": "2021-09-17 15:56:42", "elapsed": 590.39168, "delta": 2.929838}}
{"target": 0.7016472598914703, "params": {"eta": 0.7144835244253092, "max_depth": 9.43597856001247, "n_estimators": 2.8023753449465625}, "datetime": {"datetime": "2021-09-17 15:56:43", "elapsed": 592.17888, "delta": 1.7872}}
{"target": 0.7930578182925377, "params": {"eta": 0.6187233385595008, "max_depth": 8.236044920846819, "n_estimators": 8.579175077072492}, "datetime": {"datetime": "2021-09-17 15:56:47", "elapsed": 595.718999, "delta": 3.540119}}
{"target": 0.4522557239459628, "params": {"eta": 1.0, "max_depth": 1.5205798747002235, "n_estimators": 1.4570556742305178}, "datetime": {"datetime": "2021-09-17 15:56:49", "elapsed": 598.032307, "delta": 2.313308}}
{"target": 0.7411473357425664, "params": {"eta": 0.671806967794731, "max_depth": 2.394770489372199, "n_estimators": 4.353970616639618}, "datetime": {"datetime": "2021-09-17 15:56:53", "elapsed": 601.300182, "delta": 3.267875}}
{"target": 0.8009749043562968, "params": {"eta": 1.0, "max_depth": 5.682058873498788, "n_estimators": 6.634557514108889}, "datetime": {"datetime": "2021-09-17 15:56:55", "elapsed": 603.640267, "delta": 2.340085}}
{"target": 0.7223387652033175, "params": {"eta": 0.4287698613656992, "max_depth": 4.080830206890202, "n_estimators": 4.227793682403924}, "datetime": {"datetime": "2021-09-17 15:56:57", "elapsed": 605.41827, "delta": 1.778003}}
{"target": 0.8068497300522574, "params": {"eta": 0.5438509974839063, "max_depth": 5.668680461099679, "n_estimators": 5.722691600810421}, "datetime": {"datetime": "2021-09-17 15:57:00", "elapsed": 609.140324, "delta": 3.722054}}
{"target": -4.626784522360409, "params": {"eta": 0.010370777275258323, "max_depth": 7.978205002680681, "n_estimators": 4.776747131931047}, "datetime": {"datetime": "2021-09-17 15:57:04", "elapsed": 613.013596, "delta": 3.873272}}
{"target": 0.7675419468989815, "params": {"eta": 0.6176173725770058, "max_depth": 8.368424430953015, "n_estimators": 4.308292798373301}, "datetime": {"datetime": "2021-09-17 15:57:07", "elapsed": 615.846205, "delta": 2.832609}}
{"target": 0.7638697773722167, "params": {"eta": 0.7817607345213745, "max_depth": 3.086067063326301, "n_estimators": 9.624206755255312}, "datetime": {"datetime": "2021-09-17 15:57:09", "elapsed": 618.104913, "delta": 2.258708}}
{"target": 0.7684912478606261, "params": {"eta": 0.6115615820603402, "max_depth": 5.475241843648995, "n_estimators": 9.987714136388991}, "datetime": {"datetime": "2021-09-17 15:57:11", "elapsed": 619.925305, "delta": 1.820392}}
{"target": 0.7082430241759907, "params": {"eta": 1.0, "max_depth": 1.0, "n_estimators": 8.502141781857416}, "datetime": {"datetime": "2021-09-17 15:57:14", "elapsed": 622.486188, "delta": 2.560883}}
{"target": 0.7822765618778306, "params": {"eta": 1.0, "max_depth": 4.531873578541989, "n_estimators": 7.632698813874752}, "datetime": {"datetime": "2021-09-17 15:57:18", "elapsed": 626.473655, "delta": 3.987467}}
{"target": 0.034258538237304514, "params": {"eta": 0.1439250318289297, "max_depth": 4.48954434192858, "n_estimators": 7.066782363627084}, "datetime": {"datetime": "2021-09-17 15:57:20", "elapsed": 628.318307, "delta": 1.844652}}
{"target": 0.5435852846480778, "params": {"eta": 0.614416220368597, "max_depth": 3.151558360883531, "n_estimators": 2.759861687016661}, "datetime": {"datetime": "2021-09-17 15:57:21", "elapsed": 630.151476, "delta": 1.833169}}
{"target": 0.7903236604704696, "params": {"eta": 0.6078199210290142, "max_depth": 3.305879131024175, "n_estimators": 7.404584756596921}, "datetime": {"datetime": "2021-09-17 15:57:24", "elapsed": 633.121627, "delta": 2.970151}}
{"target": 0.7839269192228003, "params": {"eta": 1.0, "max_depth": 3.4436783007171274, "n_estimators": 7.537792360284389}, "datetime": {"datetime": "2021-09-17 15:57:27", "elapsed": 635.897309, "delta": 2.775682}}
{"target": 0.6545534755708191, "params": {"eta": 1.0, "max_depth": 1.0, "n_estimators": 4.534299667662775}, "datetime": {"datetime": "2021-09-17 15:57:30", "elapsed": 639.066459, "delta": 3.16915}}
{"target": 0.7901133051448213, "params": {"eta": 0.8256602854444476, "max_depth": 7.904338075076193, "n_estimators": 8.876566487509775}, "datetime": {"datetime": "2021-09-17 15:57:32", "elapsed": 641.085991, "delta": 2.019532}}
{"target": 0.7682692457586557, "params": {"eta": 0.9870601735262288, "max_depth": 9.338148934357898, "n_estimators": 7.8010491126943}, "datetime": {"datetime": "2021-09-17 15:57:34", "elapsed": 643.074648, "delta": 1.988657}}
{"target": 0.7818908772978617, "params": {"eta": 0.6178834694842521, "max_depth": 9.11116819194329, "n_estimators": 5.8712082247792035}, "datetime": {"datetime": "2021-09-17 15:57:39", "elapsed": 647.418494, "delta": 4.343846}}
{"target": 0.7473245199410825, "params": {"eta": 1.0, "max_depth": 6.071731550258444, "n_estimators": 4.2250373510742705}, "datetime": {"datetime": "2021-09-17 15:57:41", "elapsed": 650.126799, "delta": 2.708305}}
{"target": 0.7161625881018236, "params": {"eta": 0.5805652370045689, "max_depth": 1.766690025484844, "n_estimators": 5.837315583049505}, "datetime": {"datetime": "2021-09-17 15:57:45", "elapsed": 653.605003, "delta": 3.478204}}
{"target": 0.7628444420256616, "params": {"eta": 0.3752009806148602, "max_depth": 6.371789311685572, "n_estimators": 6.366475283703705}, "datetime": {"datetime": "2021-09-17 15:57:49", "elapsed": 657.478309, "delta": 3.873306}}
{"target": 0.7205813474566042, "params": {"eta": 0.9842530159003118, "max_depth": 3.11585539473859, "n_estimators": 2.8348003779584414}, "datetime": {"datetime": "2021-09-17 15:57:52", "elapsed": 660.267018, "delta": 2.788709}}
{"target": 0.7193037220910798, "params": {"eta": 1.0, "max_depth": 4.044599263292201, "n_estimators": 2.591553878796625}, "datetime": {"datetime": "2021-09-17 15:57:54", "elapsed": 662.97801, "delta": 2.710992}}
{"target": 0.8246964198851309, "params": {"eta": 0.5134205533449121, "max_depth": 6.195010427861251, "n_estimators": 7.026647893685042}, "datetime": {"datetime": "2021-09-17 15:57:57", "elapsed": 665.881887, "delta": 2.903877}}
{"target": 0.7506438800232824, "params": {"eta": 0.9938717068483002, "max_depth": 5.729210989441147, "n_estimators": 2.3173938012198123}, "datetime": {"datetime": "2021-09-17 15:58:00", "elapsed": 668.908956, "delta": 3.027069}}
{"target": -0.16762837713722822, "params": {"eta": 0.17567550772641444, "max_depth": 4.587513572267953, "n_estimators": 5.839015826026082}, "datetime": {"datetime": "2021-09-17 15:58:02", "elapsed": 670.978619, "delta": 2.069663}}
{"target": 0.6856609497420161, "params": {"eta": 0.5589845784020941, "max_depth": 1.3721747828033535, "n_estimators": 4.937763226471732}, "datetime": {"datetime": "2021-09-17 15:58:05", "elapsed": 673.95653, "delta": 2.977911}}
{"target": 0.7604048208904854, "params": {"eta": 0.674712377496788, "max_depth": 7.49234676615926, "n_estimators": 3.83820629791581}, "datetime": {"datetime": "2021-09-17 15:58:08", "elapsed": 677.053097, "delta": 3.096567}}
{"target": 0.7293533255772806, "params": {"eta": 0.9158857005986359, "max_depth": 2.0649440467735145, "n_estimators": 3.9792467715156583}, "datetime": {"datetime": "2021-09-17 15:58:12", "elapsed": 680.698438, "delta": 3.645341}}
{"target": -0.09276359658573452, "params": {"eta": 0.18283338884089773, "max_depth": 5.046729183258811, "n_estimators": 5.192547416273477}, "datetime": {"datetime": "2021-09-17 15:58:14", "elapsed": 682.728629, "delta": 2.030191}}
{"target": 0.4194996049652011, "params": {"eta": 0.2559315428931053, "max_depth": 5.507545083512533, "n_estimators": 5.30200153810006}, "datetime": {"datetime": "2021-09-17 15:58:17", "elapsed": 685.722343, "delta": 2.993714}}
