{"target": -11.150572387500342, "params": {"eta": 0.23782510129334988, "max_depth": 28.281120403141507, "n_estimators": 58.42131589681276}, "datetime": {"datetime": "2021-09-27 19:10:47", "elapsed": 54.184697, "delta": 0.745997}}
{"target": -10.464235489428756, "params": {"eta": 0.21031185167958855, "max_depth": 6.2003862740389515, "n_estimators": 77.08912466127472}, "datetime": {"datetime": "2021-09-27 19:10:48", "elapsed": 54.843697, "delta": 0.659}}
{"target": -10.92722471481277, "params": {"eta": 0.17972371441079743, "max_depth": 6.936882308769545, "n_estimators": 92.88878505767826}, "datetime": {"datetime": "2021-09-27 19:10:48", "elapsed": 55.404698, "delta": 0.561001}}
{"target": -10.840788130272335, "params": {"eta": 0.0757816910796117, "max_depth": 23.915190451248755, "n_estimators": 82.28563067895274}, "datetime": {"datetime": "2021-09-27 19:10:49", "elapsed": 56.301832, "delta": 0.897134}}
{"target": -11.502874821814252, "params": {"eta": 0.2166476959428355, "max_depth": 14.947840371614772, "n_estimators": 99.37822355034825}, "datetime": {"datetime": "2021-09-27 19:10:50", "elapsed": 57.233015, "delta": 0.931183}}
{"target": -10.668228325820424, "params": {"eta": 0.11059534993234561, "max_depth": 31.610001567556793, "n_estimators": 74.14376618740768}, "datetime": {"datetime": "2021-09-27 19:10:51", "elapsed": 58.128022, "delta": 0.895007}}
{"target": -10.660380239064486, "params": {"eta": 0.21082386743636833, "max_depth": 25.234657918379856, "n_estimators": 80.51150645899689}, "datetime": {"datetime": "2021-09-27 19:10:52", "elapsed": 59.041576, "delta": 0.913554}}
{"target": -16.329434297971478, "params": {"eta": 0.06517549723409706, "max_depth": 1.2052613383982405, "n_estimators": 57.60314615227368}, "datetime": {"datetime": "2021-09-27 19:10:52", "elapsed": 59.468577, "delta": 0.427001}}
{"target": -10.867087717794417, "params": {"eta": 0.17612202844709884, "max_depth": 17.491339793959018, "n_estimators": 97.2884610884739}, "datetime": {"datetime": "2021-09-27 19:10:53", "elapsed": 60.436577, "delta": 0.968}}
{"target": -11.172916587347878, "params": {"eta": 0.2319939824883931, "max_depth": 16.42362652887732, "n_estimators": 97.62899637975788}, "datetime": {"datetime": "2021-09-27 19:10:54", "elapsed": 61.362785, "delta": 0.926208}}
{"target": -11.276349424236043, "params": {"eta": 0.24846687803595158, "max_depth": 26.715894122599238, "n_estimators": 89.615728626714}, "datetime": {"datetime": "2021-09-27 19:10:55", "elapsed": 62.232781, "delta": 0.869996}}
{"target": -11.425666858056575, "params": {"eta": 0.2449471694795633, "max_depth": 27.95845480970815, "n_estimators": 79.30743606813972}, "datetime": {"datetime": "2021-09-27 19:10:56", "elapsed": 63.055544, "delta": 0.822763}}
{"target": -10.664753555213995, "params": {"eta": 0.20463377314182835, "max_depth": 7.705237939013489, "n_estimators": 53.58237081932714}, "datetime": {"datetime": "2021-09-27 19:10:56", "elapsed": 63.528533, "delta": 0.472989}}
{"target": -14.02525194988998, "params": {"eta": 0.2517944162393946, "max_depth": 1.6559068033422946, "n_estimators": 64.46068988257684}, "datetime": {"datetime": "2021-09-27 19:10:57", "elapsed": 63.871535, "delta": 0.343002}}
{"target": -10.573426332782313, "params": {"eta": 0.19357384175990067, "max_depth": 34.03028225403018, "n_estimators": 96.86682171841952}, "datetime": {"datetime": "2021-09-27 19:10:58", "elapsed": 64.798533, "delta": 0.926998}}
{"target": -10.727509892007847, "params": {"eta": 0.2906811930749653, "max_depth": 26.612125112888275, "n_estimators": 63.86140831354858}, "datetime": {"datetime": "2021-09-27 19:10:59", "elapsed": 65.676028, "delta": 0.877495}}
{"target": -10.677234424798273, "params": {"eta": 0.08989345237682093, "max_depth": 23.995648005390652, "n_estimators": 80.62008646282084}, "datetime": {"datetime": "2021-09-27 19:11:00", "elapsed": 66.652025, "delta": 0.975997}}
{"target": -11.109354442778836, "params": {"eta": 0.2763153739781067, "max_depth": 20.191647056287476, "n_estimators": 65.75950459507219}, "datetime": {"datetime": "2021-09-27 19:11:00", "elapsed": 67.571152, "delta": 0.919127}}
{"target": -10.808175970236588, "params": {"eta": 0.1517449105788895, "max_depth": 34.41927462413732, "n_estimators": 75.92544586680943}, "datetime": {"datetime": "2021-09-27 19:11:01", "elapsed": 68.538153, "delta": 0.967001}}
{"target": -11.163580851179207, "params": {"eta": 0.183538690198841, "max_depth": 18.64118640411479, "n_estimators": 97.00066470291952}, "datetime": {"datetime": "2021-09-27 19:11:03", "elapsed": 69.732876, "delta": 1.194723}}
{"target": -11.189742130433807, "params": {"eta": 0.063248956489512, "max_depth": 5.546798396873504, "n_estimators": 56.79734563244552}, "datetime": {"datetime": "2021-09-27 19:11:03", "elapsed": 70.191876, "delta": 0.459}}
{"target": -10.365779566179514, "params": {"eta": 0.15719167077634694, "max_depth": 13.877394725591927, "n_estimators": 79.5268498457484}, "datetime": {"datetime": "2021-09-27 19:11:04", "elapsed": 71.005496, "delta": 0.81362}}
{"target": -10.292539658881115, "params": {"eta": 0.09213624702503874, "max_depth": 15.838027670324134, "n_estimators": 92.94461163042095}, "datetime": {"datetime": "2021-09-27 19:11:05", "elapsed": 71.994137, "delta": 0.988641}}
{"target": -10.563333712025258, "params": {"eta": 0.08826275150709943, "max_depth": 33.52054096658661, "n_estimators": 67.91478463125634}, "datetime": {"datetime": "2021-09-27 19:11:06", "elapsed": 72.855137, "delta": 0.861}}
{"target": -11.082181923401524, "params": {"eta": 0.2821652374262189, "max_depth": 6.785734454276678, "n_estimators": 82.3849986989906}, "datetime": {"datetime": "2021-09-27 19:11:06", "elapsed": 73.524517, "delta": 0.66938}}
{"target": -10.926240477792378, "params": {"eta": 0.23103822089677306, "max_depth": 9.466163848055166, "n_estimators": 95.7551911813405}, "datetime": {"datetime": "2021-09-27 19:11:07", "elapsed": 74.475517, "delta": 0.951}}
{"target": -10.262213634404919, "params": {"eta": 0.22307916387511983, "max_depth": 5.915396046475747, "n_estimators": 82.67364567835006}, "datetime": {"datetime": "2021-09-27 19:11:08", "elapsed": 75.22214, "delta": 0.746623}}
{"target": -11.412013788229181, "params": {"eta": 0.2525348623384448, "max_depth": 14.697436073914922, "n_estimators": 60.501320605306276}, "datetime": {"datetime": "2021-09-27 19:11:09", "elapsed": 75.956876, "delta": 0.734736}}
{"target": -10.665967403829665, "params": {"eta": 0.12350708346712354, "max_depth": 16.93331160134043, "n_estimators": 91.65632726509635}, "datetime": {"datetime": "2021-09-27 19:11:10", "elapsed": 77.078015, "delta": 1.121139}}
{"target": -11.128186990176141, "params": {"eta": 0.13871125071946794, "max_depth": 3.1962971863219343, "n_estimators": 86.86235522397926}, "datetime": {"datetime": "2021-09-27 19:11:10", "elapsed": 77.589015, "delta": 0.511}}
{"target": -10.578479732874516, "params": {"eta": 0.06534405398533537, "max_depth": 28.460249403556006, "n_estimators": 50.23356352816374}, "datetime": {"datetime": "2021-09-27 19:11:11", "elapsed": 78.411014, "delta": 0.821999}}
{"target": -10.283995157708036, "params": {"eta": 0.06686080642388377, "max_depth": 6.47715018988683, "n_estimators": 80.93757328200459}, "datetime": {"datetime": "2021-09-27 19:11:12", "elapsed": 79.061016, "delta": 0.650002}}
{"target": -10.685332663725006, "params": {"eta": 0.14147458031110033, "max_depth": 25.59786293768831, "n_estimators": 83.03768598842022}, "datetime": {"datetime": "2021-09-27 19:11:13", "elapsed": 80.055216, "delta": 0.9942}}
{"target": -10.843716212653913, "params": {"eta": 0.2029582170252846, "max_depth": 14.570590140464404, "n_estimators": 88.61159396864316}, "datetime": {"datetime": "2021-09-27 19:11:14", "elapsed": 80.902881, "delta": 0.847665}}
{"target": -10.329495261689443, "params": {"eta": 0.09178316836899862, "max_depth": 26.209415650198903, "n_estimators": 63.15369890611214}, "datetime": {"datetime": "2021-09-27 19:11:15", "elapsed": 81.716412, "delta": 0.813531}}
{"target": -10.724736515426248, "params": {"eta": 0.14296411692112493, "max_depth": 27.166481117961656, "n_estimators": 92.7092219736933}, "datetime": {"datetime": "2021-09-27 19:11:16", "elapsed": 83.019414, "delta": 1.303002}}
{"target": -11.174837771183025, "params": {"eta": 0.24300715314945004, "max_depth": 27.047125209656873, "n_estimators": 98.43248787851599}, "datetime": {"datetime": "2021-09-27 19:11:17", "elapsed": 83.989262, "delta": 0.969848}}
{"target": -11.880870340033022, "params": {"eta": 0.26014260816521123, "max_depth": 16.307616409402584, "n_estimators": 90.677825572731}, "datetime": {"datetime": "2021-09-27 19:11:18", "elapsed": 85.001263, "delta": 1.012001}}
{"target": -11.081904122438099, "params": {"eta": 0.2285066190834067, "max_depth": 18.944508338215503, "n_estimators": 91.5352560816221}, "datetime": {"datetime": "2021-09-27 19:11:19", "elapsed": 85.962037, "delta": 0.960774}}
{"target": -10.546462938268112, "params": {"eta": 0.07102493601413258, "max_depth": 28.70276268030633, "n_estimators": 62.28533018292817}, "datetime": {"datetime": "2021-09-27 19:11:20", "elapsed": 86.808037, "delta": 0.846}}
{"target": -10.562339599983012, "params": {"eta": 0.19935684021883238, "max_depth": 18.447040090111532, "n_estimators": 61.061196402002096}, "datetime": {"datetime": "2021-09-27 19:11:21", "elapsed": 87.928487, "delta": 1.12045}}
{"target": -11.33329183674061, "params": {"eta": 0.1781622891001659, "max_depth": 9.161312741453056, "n_estimators": 61.35512497049428}, "datetime": {"datetime": "2021-09-27 19:11:22", "elapsed": 88.651487, "delta": 0.723}}
{"target": -13.636687423180236, "params": {"eta": 0.2790821807975472, "max_depth": 1.3922758537032094, "n_estimators": 76.26843797342711}, "datetime": {"datetime": "2021-09-27 19:11:22", "elapsed": 89.178695, "delta": 0.527208}}
{"target": -10.053223281479937, "params": {"eta": 0.12992230527151516, "max_depth": 17.298522680047128, "n_estimators": 70.36848793467202}, "datetime": {"datetime": "2021-09-27 19:11:23", "elapsed": 90.080695, "delta": 0.902}}
{"target": -10.501176407514084, "params": {"eta": 0.20755227314139546, "max_depth": 24.194633819227974, "n_estimators": 65.91472071127615}, "datetime": {"datetime": "2021-09-27 19:11:24", "elapsed": 91.013278, "delta": 0.932583}}
{"target": -10.649448491015292, "params": {"eta": 0.16179032231582313, "max_depth": 11.172144913253302, "n_estimators": 94.19463071087436}, "datetime": {"datetime": "2021-09-27 19:11:25", "elapsed": 92.000986, "delta": 0.987708}}
{"target": -11.1704198169278, "params": {"eta": 0.26362228219280376, "max_depth": 9.944162808872235, "n_estimators": 81.6664192062009}, "datetime": {"datetime": "2021-09-27 19:11:26", "elapsed": 92.813982, "delta": 0.812996}}
{"target": -10.946647492057686, "params": {"eta": 0.29899561763060556, "max_depth": 3.717422752908905, "n_estimators": 76.86963169981928}, "datetime": {"datetime": "2021-09-27 19:11:26", "elapsed": 93.380273, "delta": 0.566291}}
{"target": -10.56109085311075, "params": {"eta": 0.1537279249496773, "max_depth": 34.60328310138558, "n_estimators": 82.52885080445347}, "datetime": {"datetime": "2021-09-27 19:11:27", "elapsed": 94.619257, "delta": 1.238984}}
{"target": -10.74159977549732, "params": {"eta": 0.15312239677165196, "max_depth": 17.772859291884398, "n_estimators": 95.55915898021489}, "datetime": {"datetime": "2021-09-27 19:11:29", "elapsed": 96.081324, "delta": 1.462067}}
{"target": -10.316130053567656, "params": {"eta": 0.14654586489486326, "max_depth": 8.652831301458399, "n_estimators": 55.75863164311593}, "datetime": {"datetime": "2021-09-27 19:11:30", "elapsed": 96.986325, "delta": 0.905001}}
{"target": -11.3277354790264, "params": {"eta": 0.28685722915567885, "max_depth": 25.13766337147904, "n_estimators": 99.22712508222345}, "datetime": {"datetime": "2021-09-27 19:11:31", "elapsed": 98.068174, "delta": 1.081849}}
{"target": -10.783455155266692, "params": {"eta": 0.22304641341857856, "max_depth": 15.653899618587758, "n_estimators": 88.3615772682179}, "datetime": {"datetime": "2021-09-27 19:11:32", "elapsed": 99.29795, "delta": 1.229776}}
{"target": -11.584750524378189, "params": {"eta": 0.2514967631303651, "max_depth": 12.276593871402497, "n_estimators": 96.49284300601003}, "datetime": {"datetime": "2021-09-27 19:11:33", "elapsed": 100.230473, "delta": 0.932523}}
{"target": -10.758316146014609, "params": {"eta": 0.18508580914703915, "max_depth": 15.753905512574093, "n_estimators": 61.12839217069408}, "datetime": {"datetime": "2021-09-27 19:11:34", "elapsed": 101.134619, "delta": 0.904146}}
{"target": -10.497748555340628, "params": {"eta": 0.07188359295939352, "max_depth": 16.77850396150279, "n_estimators": 78.13306550020944}, "datetime": {"datetime": "2021-09-27 19:11:35", "elapsed": 101.976783, "delta": 0.842164}}
{"target": -10.605397588572481, "params": {"eta": 0.10217035672600315, "max_depth": 18.192608804915974, "n_estimators": 90.40695798575649}, "datetime": {"datetime": "2021-09-27 19:11:36", "elapsed": 103.267597, "delta": 1.290814}}
{"target": -15.535560901017698, "params": {"eta": 0.06645379398111627, "max_depth": 1.4163995545090586, "n_estimators": 94.3193885373479}, "datetime": {"datetime": "2021-09-27 19:11:37", "elapsed": 103.836596, "delta": 0.568999}}
{"target": -11.196407667393633, "params": {"eta": 0.29027506009789605, "max_depth": 4.800242522833891, "n_estimators": 54.15692479039555}, "datetime": {"datetime": "2021-09-27 19:11:37", "elapsed": 104.452597, "delta": 0.616001}}
{"target": -11.312009820044462, "params": {"eta": 0.25531059774884846, "max_depth": 25.461036859394962, "n_estimators": 94.73481108200448}, "datetime": {"datetime": "2021-09-27 19:11:38", "elapsed": 105.445226, "delta": 0.992629}}
{"target": -10.677482809007758, "params": {"eta": 0.15239578218412253, "max_depth": 30.59545694465863, "n_estimators": 68.3609728074481}, "datetime": {"datetime": "2021-09-27 19:11:39", "elapsed": 106.597811, "delta": 1.152585}}
{"target": -9.94702405774024, "params": {"eta": 0.20549542582169578, "max_depth": 9.93336283309723, "n_estimators": 63.83147582209523}, "datetime": {"datetime": "2021-09-27 19:11:40", "elapsed": 107.295259, "delta": 0.697448}}
{"target": -10.374947286433681, "params": {"eta": 0.09576439988621695, "max_depth": 28.433145889320027, "n_estimators": 74.88418728896802}, "datetime": {"datetime": "2021-09-27 19:11:41", "elapsed": 108.221257, "delta": 0.925998}}
{"target": -11.079548453213746, "params": {"eta": 0.2291442906064851, "max_depth": 14.747836028811268, "n_estimators": 61.1443995997234}, "datetime": {"datetime": "2021-09-27 19:11:42", "elapsed": 109.118258, "delta": 0.897001}}
{"target": -14.423464363912872, "params": {"eta": 0.17755836512404494, "max_depth": 1.1558045669985773, "n_estimators": 82.78178896027909}, "datetime": {"datetime": "2021-09-27 19:11:43", "elapsed": 109.721502, "delta": 0.603244}}
{"target": -11.022605520103697, "params": {"eta": 0.223629555342632, "max_depth": 33.53426115214492, "n_estimators": 91.55172374903475}, "datetime": {"datetime": "2021-09-27 19:11:44", "elapsed": 110.81123, "delta": 1.089728}}
{"target": -11.221772142393737, "params": {"eta": 0.2573259380846008, "max_depth": 18.725435306970386, "n_estimators": 84.36559949981485}, "datetime": {"datetime": "2021-09-27 19:11:45", "elapsed": 111.909525, "delta": 1.098295}}
{"target": -11.552682188877176, "params": {"eta": 0.23045581160997786, "max_depth": 6.763205747095797, "n_estimators": 92.14128253369115}, "datetime": {"datetime": "2021-09-27 19:11:46", "elapsed": 112.879526, "delta": 0.970001}}
{"target": -10.491902764117144, "params": {"eta": 0.13280241957120864, "max_depth": 6.053413578627913, "n_estimators": 86.03556162451991}, "datetime": {"datetime": "2021-09-27 19:11:47", "elapsed": 113.842418, "delta": 0.962892}}
{"target": -11.18987598160832, "params": {"eta": 0.24174307340598805, "max_depth": 11.367601565827268, "n_estimators": 81.72840830873038}, "datetime": {"datetime": "2021-09-27 19:11:48", "elapsed": 114.845416, "delta": 1.002998}}
{"target": -10.90559753052786, "params": {"eta": 0.15516615735137362, "max_depth": 10.526932799326223, "n_estimators": 56.346314374436815}, "datetime": {"datetime": "2021-09-27 19:11:49", "elapsed": 115.775315, "delta": 0.929899}}
{"target": -10.46112633743985, "params": {"eta": 0.09626744077916095, "max_depth": 7.343985768492586, "n_estimators": 77.18192705996634}, "datetime": {"datetime": "2021-09-27 19:11:50", "elapsed": 116.65732, "delta": 0.882005}}
{"target": -10.481677387975578, "params": {"eta": 0.08749289254236171, "max_depth": 29.878787366022184, "n_estimators": 53.48958857760564}, "datetime": {"datetime": "2021-09-27 19:11:50", "elapsed": 117.492514, "delta": 0.835194}}
{"target": -10.074046454366016, "params": {"eta": 0.09262913589193149, "max_depth": 6.244644284444381, "n_estimators": 95.48812599409223}, "datetime": {"datetime": "2021-09-27 19:11:51", "elapsed": 118.316511, "delta": 0.823997}}
{"target": -11.22740918538612, "params": {"eta": 0.27898609494555826, "max_depth": 9.362701553151751, "n_estimators": 99.01122290337486}, "datetime": {"datetime": "2021-09-27 19:11:52", "elapsed": 119.218511, "delta": 0.902}}
{"target": -10.524451622296855, "params": {"eta": 0.08425828540437448, "max_depth": 14.798374018002798, "n_estimators": 63.36827792532154}, "datetime": {"datetime": "2021-09-27 19:11:53", "elapsed": 120.294328, "delta": 1.075817}}
{"target": -10.44799958727522, "params": {"eta": 0.10788520818231544, "max_depth": 10.354093413505124, "n_estimators": 59.185414812731096}, "datetime": {"datetime": "2021-09-27 19:11:54", "elapsed": 121.195963, "delta": 0.901635}}
{"target": -10.089259661021966, "params": {"eta": 0.07440791267691856, "max_depth": 27.055425523624777, "n_estimators": 71.56549905046944}, "datetime": {"datetime": "2021-09-27 19:11:55", "elapsed": 122.059271, "delta": 0.863308}}
{"target": -11.222457313207105, "params": {"eta": 0.23745819100946075, "max_depth": 28.323216597618025, "n_estimators": 59.6408401145672}, "datetime": {"datetime": "2021-09-27 19:11:56", "elapsed": 123.176881, "delta": 1.11761}}
{"target": -10.49873605681398, "params": {"eta": 0.0818404416488545, "max_depth": 24.686071348422143, "n_estimators": 52.77936382120788}, "datetime": {"datetime": "2021-09-27 19:11:57", "elapsed": 123.930883, "delta": 0.754002}}
{"target": -11.183471507168756, "params": {"eta": 0.2699542936949742, "max_depth": 26.294980577614314, "n_estimators": 71.4659646445998}, "datetime": {"datetime": "2021-09-27 19:11:58", "elapsed": 124.822379, "delta": 0.891496}}
{"target": -10.392183112448574, "params": {"eta": 0.13540509628776387, "max_depth": 23.044687675496448, "n_estimators": 58.765064524953374}, "datetime": {"datetime": "2021-09-27 19:11:59", "elapsed": 125.714892, "delta": 0.892513}}
{"target": -10.856898558777745, "params": {"eta": 0.1833343449635057, "max_depth": 26.729543385990258, "n_estimators": 54.64773158966004}, "datetime": {"datetime": "2021-09-27 19:12:00", "elapsed": 126.840893, "delta": 1.126001}}
{"target": -11.238015509980864, "params": {"eta": 0.2168228022528696, "max_depth": 13.252103889087222, "n_estimators": 72.30041954173532}, "datetime": {"datetime": "2021-09-27 19:12:01", "elapsed": 127.887235, "delta": 1.046342}}
{"target": -11.030101236181943, "params": {"eta": 0.17835312154973332, "max_depth": 31.608328250136253, "n_estimators": 75.61607331334052}, "datetime": {"datetime": "2021-09-27 19:12:02", "elapsed": 129.119235, "delta": 1.232}}
{"target": -10.69640026994782, "params": {"eta": 0.05172545878331501, "max_depth": 19.573008269113355, "n_estimators": 70.71938083323337}, "datetime": {"datetime": "2021-09-27 19:12:03", "elapsed": 130.072039, "delta": 0.952804}}
{"target": -10.329093627002727, "params": {"eta": 0.12957922958513252, "max_depth": 21.268779071630373, "n_estimators": 52.93006404343266}, "datetime": {"datetime": "2021-09-27 19:12:04", "elapsed": 130.953645, "delta": 0.881606}}
{"target": -11.071654520391549, "params": {"eta": 0.10144661124981964, "max_depth": 32.96624196528194, "n_estimators": 83.41762450497123}, "datetime": {"datetime": "2021-09-27 19:12:05", "elapsed": 132.105835, "delta": 1.15219}}
{"target": -11.272143907697963, "params": {"eta": 0.1845080102743039, "max_depth": 17.887971941970267, "n_estimators": 71.72468391921478}, "datetime": {"datetime": "2021-09-27 19:12:06", "elapsed": 133.230835, "delta": 1.125}}
{"target": -10.48714285455273, "params": {"eta": 0.12405732522717218, "max_depth": 15.980328051787502, "n_estimators": 86.8176087737863}, "datetime": {"datetime": "2021-09-27 19:12:08", "elapsed": 134.634335, "delta": 1.4035}}
{"target": -10.853028747664935, "params": {"eta": 0.1586375111522339, "max_depth": 12.856828459969696, "n_estimators": 50.95277386660156}, "datetime": {"datetime": "2021-09-27 19:12:08", "elapsed": 135.542335, "delta": 0.908}}
{"target": -10.519819051854116, "params": {"eta": 0.08805734803986374, "max_depth": 34.98460564707743, "n_estimators": 91.15514813036367}, "datetime": {"datetime": "2021-09-27 19:12:11", "elapsed": 137.849922, "delta": 2.307587}}
{"target": -11.586186147468439, "params": {"eta": 0.29207068169966327, "max_depth": 13.531837295455807, "n_estimators": 98.71292215432491}, "datetime": {"datetime": "2021-09-27 19:12:12", "elapsed": 138.998921, "delta": 1.148999}}
{"target": -10.369457211775016, "params": {"eta": 0.21138791055266776, "max_depth": 11.778591021652645, "n_estimators": 86.02502609469599}, "datetime": {"datetime": "2021-09-27 19:12:13", "elapsed": 140.473922, "delta": 1.475001}}
{"target": -11.24298483363257, "params": {"eta": 0.29363805859140846, "max_depth": 7.756415426589922, "n_estimators": 72.85897939804588}, "datetime": {"datetime": "2021-09-27 19:12:14", "elapsed": 141.557698, "delta": 1.083776}}
{"target": -11.23616005267403, "params": {"eta": 0.2413442501770537, "max_depth": 27.834920341854765, "n_estimators": 95.15208505004182}, "datetime": {"datetime": "2021-09-27 19:12:16", "elapsed": 143.516695, "delta": 1.958997}}
