{"target": -2.765782159880588, "params": {"eta": 0.05620949661904646, "max_depth": 14.78375380566982, "n_estimators": 56.94650122040992}, "datetime": {"datetime": "2021-09-21 14:58:08", "elapsed": 5553.220396, "delta": 19.79927}}
{"target": -3.1794341375953277, "params": {"eta": 0.06979932403848293, "max_depth": 23.380739157631997, "n_estimators": 36.34605560766041}, "datetime": {"datetime": "2021-09-21 14:58:33", "elapsed": 5578.147765, "delta": 24.927369}}
{"target": -2.7444475839012545, "params": {"eta": 0.39483131460043813, "max_depth": 15.973846110617957, "n_estimators": 52.87398872031581}, "datetime": {"datetime": "2021-09-21 14:58:52", "elapsed": 5597.177466, "delta": 19.029701}}
{"target": -3.3061333229667262, "params": {"eta": 0.7565062623933567, "max_depth": 13.222203396320092, "n_estimators": 54.94465175444982}, "datetime": {"datetime": "2021-09-21 14:59:01", "elapsed": 5606.632141, "delta": 9.454675}}
{"target": -3.363194539045032, "params": {"eta": 0.9804491896211195, "max_depth": 24.664295940818874, "n_estimators": 17.158079248152518}, "datetime": {"datetime": "2021-09-21 14:59:10", "elapsed": 5615.16, "delta": 8.527859}}
{"target": -3.5557747113077256, "params": {"eta": 0.9366970606513894, "max_depth": 15.165866472233157, "n_estimators": 20.364055803000845}, "datetime": {"datetime": "2021-09-21 14:59:36", "elapsed": 5641.154295, "delta": 25.994295}}
{"target": -2.4592062303894444, "params": {"eta": 0.1917720506273315, "max_depth": 19.63881004357884, "n_estimators": 46.30539050786725}, "datetime": {"datetime": "2021-09-21 15:00:13", "elapsed": 5678.8576, "delta": 37.703305}}
{"target": -3.239345002801795, "params": {"eta": 0.9541394142995767, "max_depth": 24.60917848810046, "n_estimators": 4.663170101102557}, "datetime": {"datetime": "2021-09-21 15:00:22", "elapsed": 5687.797926, "delta": 8.940326}}
{"target": -3.2101300741496837, "params": {"eta": 1.0, "max_depth": 27.739202441132157, "n_estimators": 26.29353508594607}, "datetime": {"datetime": "2021-09-21 15:00:44", "elapsed": 5709.703568, "delta": 21.905642}}
{"target": -4.962587528479727, "params": {"eta": 0.05096542075232925, "max_depth": 23.27716250855298, "n_estimators": 33.703062314202114}, "datetime": {"datetime": "2021-09-21 15:01:02", "elapsed": 5727.236856, "delta": 17.533288}}
{"target": -3.3469618031853123, "params": {"eta": 0.9875847275399084, "max_depth": 4.39208969904827, "n_estimators": 35.11701879208866}, "datetime": {"datetime": "2021-09-21 15:01:29", "elapsed": 5754.284822, "delta": 27.047966}}
{"target": -3.4269127237169363, "params": {"eta": 0.8253853075894787, "max_depth": 11.108540237202343, "n_estimators": 47.58642120214322}, "datetime": {"datetime": "2021-09-21 15:01:48", "elapsed": 5773.730988, "delta": 19.446166}}
{"target": -2.576696549591265, "params": {"eta": 0.3171314081298217, "max_depth": 22.516964352001562, "n_estimators": 26.45406437920253}, "datetime": {"datetime": "2021-09-21 15:02:08", "elapsed": 5793.340789, "delta": 19.609801}}
{"target": -16.12540028471696, "params": {"eta": 0.01, "max_depth": 22.915413259082488, "n_estimators": 37.6247229586935}, "datetime": {"datetime": "2021-09-21 15:02:31", "elapsed": 5816.776007, "delta": 23.435218}}
{"target": -2.408810499467348, "params": {"eta": 0.36060422040815193, "max_depth": 16.89444839123981, "n_estimators": 52.51898710619528}, "datetime": {"datetime": "2021-09-21 15:02:51", "elapsed": 5836.924755, "delta": 20.148748}}
{"target": -3.268787599864759, "params": {"eta": 0.04312090487954322, "max_depth": 13.789015018203285, "n_estimators": 56.29066510516523}, "datetime": {"datetime": "2021-09-21 15:03:01", "elapsed": 5846.397308, "delta": 9.472553}}
{"target": -3.532834133348967, "params": {"eta": 0.07082286844591705, "max_depth": 19.62120009684818, "n_estimators": 31.857468240670656}, "datetime": {"datetime": "2021-09-21 15:03:24", "elapsed": 5869.045391, "delta": 22.648083}}
{"target": -3.0297690855829336, "params": {"eta": 0.10893719987656494, "max_depth": 2.540784184704305, "n_estimators": 36.07221126248096}, "datetime": {"datetime": "2021-09-21 15:03:40", "elapsed": 5884.995949, "delta": 15.950558}}
{"target": -4.307520209488115, "params": {"eta": 0.214931421302888, "max_depth": 27.058741535361946, "n_estimators": 8.642551055600107}, "datetime": {"datetime": "2021-09-21 15:03:49", "elapsed": 5894.076332, "delta": 9.080383}}
{"target": -3.3800977117136903, "params": {"eta": 0.989024900223314, "max_depth": 21.049545467592164, "n_estimators": 45.24841017821148}, "datetime": {"datetime": "2021-09-21 15:04:11", "elapsed": 5916.427971, "delta": 22.351639}}
{"target": -3.339886072434877, "params": {"eta": 0.9737723155371613, "max_depth": 15.609563798032859, "n_estimators": 17.768931805921508}, "datetime": {"datetime": "2021-09-21 15:04:30", "elapsed": 5935.098922, "delta": 18.670951}}
{"target": -13.45863397058688, "params": {"eta": 0.01, "max_depth": 10.895904663192464, "n_estimators": 56.525555858382916}, "datetime": {"datetime": "2021-09-21 15:04:51", "elapsed": 5956.686377, "delta": 21.587455}}
{"target": -3.3656348441776474, "params": {"eta": 0.8374196843788162, "max_depth": 10.542707584994425, "n_estimators": 57.5786139966377}, "datetime": {"datetime": "2021-09-21 15:05:15", "elapsed": 5980.838418, "delta": 24.152041}}
{"target": -3.4726295891561008, "params": {"eta": 0.7752526920695052, "max_depth": 18.44925108325713, "n_estimators": 18.536356425792714}, "datetime": {"datetime": "2021-09-21 15:05:35", "elapsed": 6000.461409, "delta": 19.622991}}
{"target": -2.481971061229706, "params": {"eta": 0.4243392616382841, "max_depth": 16.096484098392672, "n_estimators": 23.501558638354368}, "datetime": {"datetime": "2021-09-21 15:05:54", "elapsed": 6019.959811, "delta": 19.498402}}
{"target": -2.9830835298488014, "params": {"eta": 0.6038270266186958, "max_depth": 9.688183019478378, "n_estimators": 25.62165832025051}, "datetime": {"datetime": "2021-09-21 15:06:05", "elapsed": 6030.92364, "delta": 10.963829}}
{"target": -3.140010347178108, "params": {"eta": 0.9571894732415592, "max_depth": 4.48351386383812, "n_estimators": 23.6042328111411}, "datetime": {"datetime": "2021-09-21 15:06:32", "elapsed": 6057.638211, "delta": 26.714571}}
{"target": -2.8234392881393435, "params": {"eta": 0.493057954800314, "max_depth": 14.962361612743189, "n_estimators": 57.580470962476774}, "datetime": {"datetime": "2021-09-21 15:07:04", "elapsed": 6089.005313, "delta": 31.367102}}
{"target": -3.2887560794228, "params": {"eta": 0.09416909187309432, "max_depth": 1.0086335841049654, "n_estimators": 51.54260158606788}, "datetime": {"datetime": "2021-09-21 15:07:29", "elapsed": 6114.787168, "delta": 25.781855}}
{"target": -2.7095056533813477, "params": {"eta": 0.25031911408340135, "max_depth": 27.17465662440008, "n_estimators": 25.981313494441817}, "datetime": {"datetime": "2021-09-21 15:07:53", "elapsed": 6138.480556, "delta": 23.693388}}
{"target": -3.2057618966228083, "params": {"eta": 0.9403923871468002, "max_depth": 8.003812822975231, "n_estimators": 57.32005443778835}, "datetime": {"datetime": "2021-09-21 15:08:04", "elapsed": 6149.173727, "delta": 10.693171}}
{"target": -3.039263431022041, "params": {"eta": 0.595340832082841, "max_depth": 9.89143562386309, "n_estimators": 23.020725375118506}, "datetime": {"datetime": "2021-09-21 15:08:19", "elapsed": 6164.48767, "delta": 15.313943}}
{"target": -2.554295128270199, "params": {"eta": 0.2645297104678531, "max_depth": 18.84067427766829, "n_estimators": 33.089359017479055}, "datetime": {"datetime": "2021-09-21 15:08:40", "elapsed": 6185.394472, "delta": 20.906802}}
{"target": -2.6663520605940567, "params": {"eta": 0.4625049142509737, "max_depth": 26.245132001939474, "n_estimators": 28.548602994801715}, "datetime": {"datetime": "2021-09-21 15:09:10", "elapsed": 6215.387233, "delta": 29.992761}}
{"target": -3.3935303267679715, "params": {"eta": 0.7942211272036632, "max_depth": 18.63667427699729, "n_estimators": 32.50659781700659}, "datetime": {"datetime": "2021-09-21 15:09:32", "elapsed": 6237.194258, "delta": 21.807025}}
{"target": -2.545036679192593, "params": {"eta": 0.31788506909112074, "max_depth": 17.433970678081938, "n_estimators": 53.198587891657894}, "datetime": {"datetime": "2021-09-21 15:10:04", "elapsed": 6269.934714, "delta": 32.740456}}
{"target": -3.376561214108216, "params": {"eta": 0.909981653275945, "max_depth": 9.610254226147738, "n_estimators": 23.86239208446224}, "datetime": {"datetime": "2021-09-21 15:10:25", "elapsed": 6290.78005, "delta": 20.845336}}
{"target": -2.917899503205952, "params": {"eta": 0.24619770596390173, "max_depth": 1.7518607230088485, "n_estimators": 53.74156194696773}, "datetime": {"datetime": "2021-09-21 15:38:52", "elapsed": 0.0, "delta": 0.0}}
{"target": -2.5495737866351478, "params": {"eta": 0.24589507667822458, "max_depth": 13.190666260537181, "n_estimators": 48.25837052509685}, "datetime": {"datetime": "2021-09-21 15:38:55", "elapsed": 3.322874, "delta": 3.322874}}
{"target": -2.4827320205537897, "params": {"eta": 0.14209188531702913, "max_depth": 18.958858024169245, "n_estimators": 47.491366841863076}, "datetime": {"datetime": "2021-09-21 15:39:03", "elapsed": 11.31703, "delta": 7.994156}}
{"target": -2.593390848762111, "params": {"eta": 0.17007227379628997, "max_depth": 19.012881150309553, "n_estimators": 53.228552356925974}, "datetime": {"datetime": "2021-09-21 15:39:11", "elapsed": 18.646453, "delta": 7.329423}}
{"target": -2.478502637461612, "params": {"eta": 0.11056097540522011, "max_depth": 15.893765516706646, "n_estimators": 44.61099664117288}, "datetime": {"datetime": "2021-09-21 15:39:17", "elapsed": 24.659471, "delta": 6.013018}}
{"target": -2.7148583732153244, "params": {"eta": 0.40340081651750304, "max_depth": 25.765283486545176, "n_estimators": 52.355920934548195}, "datetime": {"datetime": "2021-09-21 15:39:20", "elapsed": 28.256965, "delta": 3.597494}}
{"target": -2.4360511855075235, "params": {"eta": 0.4309526684108606, "max_depth": 3.3097188332627687, "n_estimators": 52.6311522530426}, "datetime": {"datetime": "2021-09-21 15:39:22", "elapsed": 29.580965, "delta": 1.324}}
{"target": -2.698428682277077, "params": {"eta": 0.07937892697409515, "max_depth": 13.415547500324294, "n_estimators": 42.41327289151531}, "datetime": {"datetime": "2021-09-21 15:39:23", "elapsed": 30.969717, "delta": 1.388752}}
{"target": -2.452462023182919, "params": {"eta": 0.3343586812346106, "max_depth": 8.858002598286497, "n_estimators": 52.94609557364502}, "datetime": {"datetime": "2021-09-21 15:39:24", "elapsed": 31.817931, "delta": 0.848214}}
{"target": -2.559461463752546, "params": {"eta": 0.23927442271541421, "max_depth": 14.18291324227636, "n_estimators": 54.42825630295298}, "datetime": {"datetime": "2021-09-21 15:39:27", "elapsed": 34.457767, "delta": 2.639836}}
{"target": -2.4648900784944234, "params": {"eta": 0.13790533655893997, "max_depth": 19.058719641153118, "n_estimators": 51.75916538821549}, "datetime": {"datetime": "2021-09-21 15:39:30", "elapsed": 37.462376, "delta": 3.004609}}
{"target": -2.7013659150976883, "params": {"eta": 0.4178182137065774, "max_depth": 2.5962950149333963, "n_estimators": 61.80443748548569}, "datetime": {"datetime": "2021-09-21 15:39:31", "elapsed": 39.018776, "delta": 1.5564}}
{"target": -2.6969621514019213, "params": {"eta": 0.22704614005921037, "max_depth": 24.959865486873138, "n_estimators": 53.36151339598149}, "datetime": {"datetime": "2021-09-21 15:39:38", "elapsed": 45.544466, "delta": 6.52569}}
{"target": -2.7503548258229302, "params": {"eta": 0.4924863137604447, "max_depth": 3.899793821792433, "n_estimators": 52.426596427417905}, "datetime": {"datetime": "2021-09-21 15:39:40", "elapsed": 47.638844, "delta": 2.094378}}
{"target": -2.4278086794050115, "params": {"eta": 0.10399722597259956, "max_depth": 12.772663691594849, "n_estimators": 49.356232465339616}, "datetime": {"datetime": "2021-09-21 15:39:44", "elapsed": 52.269625, "delta": 4.630781}}
{"target": -2.4751870418849746, "params": {"eta": 0.11239461272366869, "max_depth": 14.742272272536672, "n_estimators": 61.93554886042426}, "datetime": {"datetime": "2021-09-21 15:39:47", "elapsed": 54.422326, "delta": 2.152701}}
{"target": -2.665196291396492, "params": {"eta": 0.2688617091085437, "max_depth": 26.93932718111245, "n_estimators": 40.30072749960945}, "datetime": {"datetime": "2021-09-21 15:39:48", "elapsed": 56.022325, "delta": 1.599999}}
{"target": -2.446292507648468, "params": {"eta": 0.12494055353441275, "max_depth": 10.98030516053564, "n_estimators": 56.626137387529255}, "datetime": {"datetime": "2021-09-21 15:39:50", "elapsed": 57.599582, "delta": 1.577257}}
{"target": -2.4422444801581533, "params": {"eta": 0.2220497802839566, "max_depth": 4.1360119350295665, "n_estimators": 57.0937016582059}, "datetime": {"datetime": "2021-09-21 15:39:50", "elapsed": 58.016585, "delta": 0.417003}}
{"target": -2.533483781312641, "params": {"eta": 0.23201249741169128, "max_depth": 19.457108383522957, "n_estimators": 46.09799300404173}, "datetime": {"datetime": "2021-09-21 15:39:51", "elapsed": 59.271581, "delta": 1.254996}}
{"target": -2.621254331187198, "params": {"eta": 0.4189800113162622, "max_depth": 15.341000500545395, "n_estimators": 56.66195868842141}, "datetime": {"datetime": "2021-09-21 15:39:52", "elapsed": 60.078582, "delta": 0.807001}}
{"target": -2.4474580827512242, "params": {"eta": 0.10290137875448402, "max_depth": 13.587601024705787, "n_estimators": 49.788167344170375}, "datetime": {"datetime": "2021-09-21 15:39:53", "elapsed": 60.702587, "delta": 0.624005}}
{"target": -2.459374781658775, "params": {"eta": 0.13081363234141338, "max_depth": 11.101194840081073, "n_estimators": 42.37007770821071}, "datetime": {"datetime": "2021-09-21 15:39:53", "elapsed": 61.284418, "delta": 0.581831}}
{"target": -2.612779620446657, "params": {"eta": 0.21399411611250385, "max_depth": 18.252804343482513, "n_estimators": 44.62443766453745}, "datetime": {"datetime": "2021-09-21 15:39:54", "elapsed": 62.135964, "delta": 0.851546}}
{"target": -2.639184055830303, "params": {"eta": 0.10650131116843992, "max_depth": 19.552515863054776, "n_estimators": 41.66527429984003}, "datetime": {"datetime": "2021-09-21 15:39:55", "elapsed": 63.138645, "delta": 1.002681}}
{"target": -2.4563437951238534, "params": {"eta": 0.3714899080513092, "max_depth": 7.324932316957784, "n_estimators": 47.08434176568575}, "datetime": {"datetime": "2021-09-21 15:39:56", "elapsed": 63.750646, "delta": 0.612001}}
{"target": -2.8662349092332944, "params": {"eta": 0.07127375476152831, "max_depth": 26.20741151100658, "n_estimators": 41.55693080694474}, "datetime": {"datetime": "2021-09-21 15:39:56", "elapsed": 64.334167, "delta": 0.583521}}
{"target": -2.5441101971425506, "params": {"eta": 0.1919120773882403, "max_depth": 13.28506628138835, "n_estimators": 61.026704324071154}, "datetime": {"datetime": "2021-09-21 15:39:58", "elapsed": 65.397992, "delta": 1.063825}}
{"target": -2.502500611857364, "params": {"eta": 0.15900757046964598, "max_depth": 15.442754566242925, "n_estimators": 44.70791772827224}, "datetime": {"datetime": "2021-09-21 15:39:59", "elapsed": 66.507962, "delta": 1.10997}}
{"target": -2.5461247287298505, "params": {"eta": 0.3246088902604006, "max_depth": 3.1106701823865763, "n_estimators": 52.65031403604136}, "datetime": {"datetime": "2021-09-21 15:39:59", "elapsed": 66.930312, "delta": 0.42235}}
{"target": -2.450632397752059, "params": {"eta": 0.14560930778932069, "max_depth": 13.036229644884653, "n_estimators": 49.40210224397881}, "datetime": {"datetime": "2021-09-21 15:40:02", "elapsed": 69.543253, "delta": 2.612941}}
{"target": -2.5812558123939917, "params": {"eta": 0.26173903990234326, "max_depth": 12.909500232871405, "n_estimators": 49.717394883819075}, "datetime": {"datetime": "2021-09-21 15:40:04", "elapsed": 71.40578, "delta": 1.862527}}
{"target": -2.490704453618903, "params": {"eta": 0.23366775084375485, "max_depth": 4.180674448626021, "n_estimators": 57.0921248144217}, "datetime": {"datetime": "2021-09-21 15:40:04", "elapsed": 72.177781, "delta": 0.772001}}
{"target": -3.313996222144679, "params": {"eta": 0.055278428199636305, "max_depth": 27.813925408750865, "n_estimators": 43.07063035420562}, "datetime": {"datetime": "2021-09-21 15:40:06", "elapsed": 73.370815, "delta": 1.193034}}
{"target": -2.330448239728024, "params": {"eta": 0.4174938240006306, "max_depth": 3.7837484646071085, "n_estimators": 56.99154575742796}, "datetime": {"datetime": "2021-09-21 15:40:07", "elapsed": 74.377596, "delta": 1.006781}}
{"target": -2.4875383803718965, "params": {"eta": 0.16359926039694997, "max_depth": 3.565371006318227, "n_estimators": 57.0510651601719}, "datetime": {"datetime": "2021-09-21 15:40:08", "elapsed": 75.610013, "delta": 1.232417}}
{"target": -2.481110063352083, "params": {"eta": 0.23277300501027948, "max_depth": 4.028419511865325, "n_estimators": 56.60170105345945}, "datetime": {"datetime": "2021-09-21 15:40:08", "elapsed": 76.059014, "delta": 0.449001}}
{"target": -2.7779294327685706, "params": {"eta": 0.06530582911325335, "max_depth": 3.84760760358127, "n_estimators": 57.62906249298777}, "datetime": {"datetime": "2021-09-21 15:40:09", "elapsed": 76.993226, "delta": 0.934212}}
{"target": -2.577267959243373, "params": {"eta": 0.38495737825241244, "max_depth": 21.149231548476628, "n_estimators": 63.51410782417261}, "datetime": {"datetime": "2021-09-21 15:40:11", "elapsed": 78.704224, "delta": 1.710998}}
{"target": -2.4953668079878155, "params": {"eta": 0.2001738669235144, "max_depth": 13.04108793131456, "n_estimators": 48.93612163243553}, "datetime": {"datetime": "2021-09-21 15:40:12", "elapsed": 80.288729, "delta": 1.584505}}
{"target": -2.532788936715377, "params": {"eta": 0.142426721829656, "max_depth": 3.7123860763604206, "n_estimators": 56.68211080315609}, "datetime": {"datetime": "2021-09-21 15:40:13", "elapsed": 80.725727, "delta": 0.436998}}
{"target": -2.390270571959646, "params": {"eta": 0.20837029729091272, "max_depth": 13.75643915006481, "n_estimators": 49.19286350957656}, "datetime": {"datetime": "2021-09-21 15:40:14", "elapsed": 82.217249, "delta": 1.491522}}
{"target": -2.683789756423549, "params": {"eta": 0.48068678239719825, "max_depth": 13.663054683901201, "n_estimators": 48.8163717027268}, "datetime": {"datetime": "2021-09-21 15:40:15", "elapsed": 83.245418, "delta": 1.028169}}
{"target": -2.76312917470932, "params": {"eta": 0.388036196726015, "max_depth": 13.683905080378251, "n_estimators": 49.572366338442286}, "datetime": {"datetime": "2021-09-21 15:40:16", "elapsed": 84.315423, "delta": 1.070005}}
{"target": -2.4840929294887344, "params": {"eta": 0.18773903195567937, "max_depth": 22.55511170744238, "n_estimators": 59.315638393906156}, "datetime": {"datetime": "2021-09-21 15:40:19", "elapsed": 87.088964, "delta": 2.773541}}
{"target": -2.638018342695738, "params": {"eta": 0.3137317132701551, "max_depth": 3.862495029267606, "n_estimators": 57.098128129358955}, "datetime": {"datetime": "2021-09-21 15:40:20", "elapsed": 87.842704, "delta": 0.75374}}
{"target": -2.3900582326085944, "params": {"eta": 0.3673785077158169, "max_depth": 3.6749901235660554, "n_estimators": 56.781314056228894}, "datetime": {"datetime": "2021-09-21 15:40:20", "elapsed": 88.303702, "delta": 0.460998}}
{"target": -2.375521142231791, "params": {"eta": 0.3656757577042433, "max_depth": 3.7618033600012257, "n_estimators": 56.923581924499615}, "datetime": {"datetime": "2021-09-21 15:40:21", "elapsed": 88.848704, "delta": 0.545002}}
{"target": -2.4491936965992576, "params": {"eta": 0.4385848864679944, "max_depth": 3.7657492255010343, "n_estimators": 56.62425000322292}, "datetime": {"datetime": "2021-09-21 15:40:22", "elapsed": 89.470355, "delta": 0.621651}}
{"target": -2.6257230695925258, "params": {"eta": 0.3992772936193851, "max_depth": 3.570108411445977, "n_estimators": 57.15251850654752}, "datetime": {"datetime": "2021-09-21 15:40:22", "elapsed": 89.835354, "delta": 0.364999}}
{"target": -2.560913801820655, "params": {"eta": 0.4119344239485439, "max_depth": 15.474149578518677, "n_estimators": 50.25072238271239}, "datetime": {"datetime": "2021-09-21 15:40:23", "elapsed": 90.978647, "delta": 1.143293}}
{"target": -2.3864778675531086, "params": {"eta": 0.2780288542059208, "max_depth": 3.98233163721331, "n_estimators": 56.831516745527026}, "datetime": {"datetime": "2021-09-21 15:40:24", "elapsed": 91.452858, "delta": 0.474211}}
{"target": -2.7275610691622685, "params": {"eta": 0.4905597680246365, "max_depth": 7.644052205697874, "n_estimators": 64.95915188661775}, "datetime": {"datetime": "2021-09-21 15:40:25", "elapsed": 92.820619, "delta": 1.367761}}
{"target": -2.6463868774865804, "params": {"eta": 0.46335018942491096, "max_depth": 3.8558386395095474, "n_estimators": 56.82298729551988}, "datetime": {"datetime": "2021-09-21 15:40:26", "elapsed": 93.546092, "delta": 0.725473}}
{"target": -2.593453236002671, "params": {"eta": 0.34111484030909495, "max_depth": 3.3025933061177866, "n_estimators": 62.15895492439027}, "datetime": {"datetime": "2021-09-21 15:40:26", "elapsed": 94.119093, "delta": 0.573001}}
{"target": -2.5758791471782483, "params": {"eta": 0.1190848379406782, "max_depth": 3.8980249319089637, "n_estimators": 56.72443093326885}, "datetime": {"datetime": "2021-09-21 15:40:27", "elapsed": 94.526032, "delta": 0.406939}}
{"target": -2.563040882662723, "params": {"eta": 0.15714802611493223, "max_depth": 12.937500289390375, "n_estimators": 49.23111790835345}, "datetime": {"datetime": "2021-09-21 15:40:28", "elapsed": 96.222059, "delta": 1.696027}}
{"target": -2.5853308188287834, "params": {"eta": 0.2464016292666279, "max_depth": 13.743948493605687, "n_estimators": 49.05537110486732}, "datetime": {"datetime": "2021-09-21 15:40:30", "elapsed": 97.366514, "delta": 1.144455}}
{"target": -2.3790436744689942, "params": {"eta": 0.416717785032355, "max_depth": 3.66356964713928, "n_estimators": 56.89876888467753}, "datetime": {"datetime": "2021-09-21 15:40:30", "elapsed": 98.026386, "delta": 0.659872}}
