{"target": 0.742969927865999, "params": {"eta": 0.2160689971502473, "max_depth": 26.167086941354253, "n_estimators": 10.13392240843779}, "datetime": {"datetime": "2021-09-17 19:14:43", "elapsed": 552.330587, "delta": 1.815998}}
{"target": 0.8023973677070637, "params": {"eta": 0.1, "max_depth": 9.474176333423934, "n_estimators": 27.111490787590228}, "datetime": {"datetime": "2021-09-17 19:14:46", "elapsed": 555.016446, "delta": 2.685859}}
{"target": 0.8297101009041667, "params": {"eta": 0.4311404743618431, "max_depth": 25.454557950156964, "n_estimators": 29.101178519183833}, "datetime": {"datetime": "2021-09-17 19:14:49", "elapsed": 557.626183, "delta": 2.609737}}
{"target": 0.8330570401115873, "params": {"eta": 0.2635349305724719, "max_depth": 6.42705880469669, "n_estimators": 28.523915934810816}, "datetime": {"datetime": "2021-09-17 19:14:52", "elapsed": 560.745045, "delta": 3.118862}}
{"target": 0.826700981796227, "params": {"eta": 0.5258950819868031, "max_depth": 7.610146083460123, "n_estimators": 28.066571429740545}, "datetime": {"datetime": "2021-09-17 19:14:55", "elapsed": 564.061929, "delta": 3.316884}}
{"target": 0.8304143349673228, "params": {"eta": 0.37243507603944803, "max_depth": 10.363576777665584, "n_estimators": 25.87089836795038}, "datetime": {"datetime": "2021-09-17 19:14:58", "elapsed": 567.24699, "delta": 3.185061}}
{"target": 0.8130253620288028, "params": {"eta": 0.11685975252826647, "max_depth": 7.210777207934145, "n_estimators": 27.82860011214361}, "datetime": {"datetime": "2021-09-17 19:15:02", "elapsed": 570.725941, "delta": 3.478951}}
{"target": 0.8146384962581341, "params": {"eta": 0.1, "max_depth": 24.518077157629566, "n_estimators": 29.17963864933488}, "datetime": {"datetime": "2021-09-17 19:15:05", "elapsed": 573.555178, "delta": 2.829237}}
{"target": 0.8222016582425222, "params": {"eta": 0.534572334267357, "max_depth": 10.57400346617745, "n_estimators": 26.199521464852264}, "datetime": {"datetime": "2021-09-17 19:15:08", "elapsed": 576.452123, "delta": 2.896945}}
{"target": 0.8188378779633143, "params": {"eta": 0.2668494621777422, "max_depth": 9.659970191972228, "n_estimators": 25.447763883746997}, "datetime": {"datetime": "2021-09-17 19:15:11", "elapsed": 579.92566, "delta": 3.473537}}
{"target": 0.7984336799750917, "params": {"eta": 0.5961352611455581, "max_depth": 4.48517549778156, "n_estimators": 19.138829168573267}, "datetime": {"datetime": "2021-09-17 19:15:13", "elapsed": 581.650325, "delta": 1.724665}}
{"target": 0.8045178672384358, "params": {"eta": 0.7166039945261922, "max_depth": 7.727015402672732, "n_estimators": 26.69774686099331}, "datetime": {"datetime": "2021-09-17 19:15:15", "elapsed": 584.30018, "delta": 2.649855}}
{"target": 0.7964860754360499, "params": {"eta": 0.6337754704289329, "max_depth": 9.270073023293149, "n_estimators": 25.610720005870995}, "datetime": {"datetime": "2021-09-17 19:15:18", "elapsed": 586.937716, "delta": 2.637536}}
{"target": 0.8338125495077578, "params": {"eta": 0.19863578435937893, "max_depth": 18.30546198547178, "n_estimators": 22.446729854660898}, "datetime": {"datetime": "2021-09-17 19:15:22", "elapsed": 591.19861, "delta": 4.260894}}
{"target": 0.8350509069264642, "params": {"eta": 0.16834890725987814, "max_depth": 26.555674211797708, "n_estimators": 23.60036164206182}, "datetime": {"datetime": "2021-09-17 19:15:24", "elapsed": 593.047696, "delta": 1.849086}}
{"target": 0.8227478004882158, "params": {"eta": 0.4249485593553388, "max_depth": 23.945596747568548, "n_estimators": 24.524411912524755}, "datetime": {"datetime": "2021-09-17 19:15:28", "elapsed": 596.770859, "delta": 3.723163}}
{"target": 0.8411693960861437, "params": {"eta": 0.34076545202877984, "max_depth": 9.507348790905656, "n_estimators": 26.09537012485807}, "datetime": {"datetime": "2021-09-17 19:15:31", "elapsed": 599.546265, "delta": 2.775406}}
{"target": 0.8375209707007242, "params": {"eta": 0.15416226526791132, "max_depth": 25.34928736319879, "n_estimators": 25.799953013208672}, "datetime": {"datetime": "2021-09-17 19:15:33", "elapsed": 602.345579, "delta": 2.799314}}
{"target": 0.8258042907604151, "params": {"eta": 0.5182736974566816, "max_depth": 8.045558123178674, "n_estimators": 13.613785649506111}, "datetime": {"datetime": "2021-09-17 19:15:35", "elapsed": 604.222847, "delta": 1.877268}}
{"target": 0.8455360730218785, "params": {"eta": 0.4330372316059117, "max_depth": 6.057833515002763, "n_estimators": 28.267722454665588}, "datetime": {"datetime": "2021-09-17 19:15:38", "elapsed": 606.439611, "delta": 2.216764}}
{"target": 0.8293840426653993, "params": {"eta": 0.10828617685663323, "max_depth": 24.995481507524357, "n_estimators": 29.49912384874283}, "datetime": {"datetime": "2021-09-17 19:15:40", "elapsed": 609.244454, "delta": 2.804843}}
{"target": 0.797365978679277, "params": {"eta": 0.4925637143115028, "max_depth": 18.371809762787482, "n_estimators": 9.228727613624674}, "datetime": {"datetime": "2021-09-17 19:15:42", "elapsed": 611.283972, "delta": 2.039518}}
{"target": 0.8409796979283526, "params": {"eta": 0.17781286738450897, "max_depth": 5.6040641071394095, "n_estimators": 28.189045621673326}, "datetime": {"datetime": "2021-09-17 19:15:45", "elapsed": 614.091284, "delta": 2.807312}}
{"target": 0.85137914509714, "params": {"eta": 0.19342315348137756, "max_depth": 5.948836864077513, "n_estimators": 28.467096709194568}, "datetime": {"datetime": "2021-09-17 19:15:50", "elapsed": 618.680326, "delta": 4.589042}}
{"target": 0.8380855320096399, "params": {"eta": 0.42421985630583736, "max_depth": 5.738350735967774, "n_estimators": 28.543796423017696}, "datetime": {"datetime": "2021-09-17 19:15:54", "elapsed": 622.474351, "delta": 3.794025}}
{"target": 0.8434609607987447, "params": {"eta": 0.4534537605361736, "max_depth": 24.263886730558237, "n_estimators": 11.949319818821017}, "datetime": {"datetime": "2021-09-17 19:15:55", "elapsed": 624.360604, "delta": 1.886253}}
{"target": 0.8430060088587836, "params": {"eta": 0.37929061292717425, "max_depth": 6.12714641958837, "n_estimators": 28.811033755744045}, "datetime": {"datetime": "2021-09-17 19:15:59", "elapsed": 628.162118, "delta": 3.801514}}
{"target": 0.7943983742079476, "params": {"eta": 0.6470803032016513, "max_depth": 5.956565695295654, "n_estimators": 28.649141030086685}, "datetime": {"datetime": "2021-09-17 19:16:02", "elapsed": 630.957365, "delta": 2.795247}}
{"target": 0.8417581467212771, "params": {"eta": 0.4487815749292675, "max_depth": 24.168166395853135, "n_estimators": 25.526042693788487}, "datetime": {"datetime": "2021-09-17 19:16:04", "elapsed": 632.978317, "delta": 2.020952}}
{"target": 0.8082388650710108, "params": {"eta": 0.10079966999010774, "max_depth": 5.492130935635454, "n_estimators": 28.622529328333886}, "datetime": {"datetime": "2021-09-17 19:16:07", "elapsed": 635.721556, "delta": 2.743239}}
{"target": 0.8173861108937012, "params": {"eta": 0.1015935268501709, "max_depth": 6.1393807882886495, "n_estimators": 28.75648389309583}, "datetime": {"datetime": "2021-09-17 19:16:09", "elapsed": 638.041823, "delta": 2.320267}}
{"target": 0.7817293757111983, "params": {"eta": 0.7138243715593229, "max_depth": 20.57387912946315, "n_estimators": 19.758869919363747}, "datetime": {"datetime": "2021-09-17 19:16:12", "elapsed": 641.257071, "delta": 3.215248}}
{"target": 0.8269418632344153, "params": {"eta": 0.2861531226022854, "max_depth": 19.67658954416904, "n_estimators": 22.88026941853715}, "datetime": {"datetime": "2021-09-17 19:16:15", "elapsed": 643.397168, "delta": 2.140097}}
{"target": 0.8140575255922793, "params": {"eta": 0.5502196368012425, "max_depth": 24.542565135696655, "n_estimators": 25.308537987058575}, "datetime": {"datetime": "2021-09-17 19:16:17", "elapsed": 646.095395, "delta": 2.698227}}
{"target": 0.8146384962581341, "params": {"eta": 0.1, "max_depth": 25.994314242198186, "n_estimators": 29.733763050716096}, "datetime": {"datetime": "2021-09-17 19:16:21", "elapsed": 649.517696, "delta": 3.422301}}
{"target": 0.7864021949502983, "params": {"eta": 0.5986094044671582, "max_depth": 14.957478020793667, "n_estimators": 21.953085166581175}, "datetime": {"datetime": "2021-09-17 19:16:23", "elapsed": 651.745952, "delta": 2.228256}}
{"target": 0.8429019646942477, "params": {"eta": 0.4139847450714833, "max_depth": 26.25576800080213, "n_estimators": 29.32383927980456}, "datetime": {"datetime": "2021-09-17 19:16:26", "elapsed": 654.875924, "delta": 3.129972}}
{"target": 0.8568542446081264, "params": {"eta": 0.4408390812318569, "max_depth": 5.72680839396692, "n_estimators": 28.117271496816688}, "datetime": {"datetime": "2021-09-17 19:16:30", "elapsed": 658.574504, "delta": 3.69858}}
{"target": 0.8445134228818002, "params": {"eta": 0.3768358853514667, "max_depth": 5.391909762804964, "n_estimators": 28.296932774066942}, "datetime": {"datetime": "2021-09-17 19:16:33", "elapsed": 662.061963, "delta": 3.487459}}
{"target": 0.7450083595645892, "params": {"eta": 0.5981196637350671, "max_depth": 28.370604728924917, "n_estimators": 11.60607032597455}, "datetime": {"datetime": "2021-09-17 19:16:35", "elapsed": 664.31448, "delta": 2.252517}}
{"target": 0.7928950413005942, "params": {"eta": 0.1524770459302031, "max_depth": 10.821511247644729, "n_estimators": 16.65282523720972}, "datetime": {"datetime": "2021-09-17 19:16:40", "elapsed": 668.38678, "delta": 4.0723}}
{"target": 0.787186788079961, "params": {"eta": 0.4920156825062113, "max_depth": 25.526809329496622, "n_estimators": 25.91548839079104}, "datetime": {"datetime": "2021-09-17 19:16:43", "elapsed": 671.609841, "delta": 3.223061}}
{"target": 0.7872695321450612, "params": {"eta": 0.5712432301324106, "max_depth": 23.846338715965985, "n_estimators": 25.366430929002778}, "datetime": {"datetime": "2021-09-17 19:16:46", "elapsed": 674.985973, "delta": 3.376132}}
{"target": 0.7885052915270448, "params": {"eta": 0.7050495404615248, "max_depth": 20.015366454244152, "n_estimators": 22.800249594727312}, "datetime": {"datetime": "2021-09-17 19:16:48", "elapsed": 677.177385, "delta": 2.191412}}
{"target": 0.8072715404598363, "params": {"eta": 0.39609990197574696, "max_depth": 12.900176153238359, "n_estimators": 15.248806077254471}, "datetime": {"datetime": "2021-09-17 19:16:51", "elapsed": 679.375388, "delta": 2.198003}}
{"target": 0.8391685301910493, "params": {"eta": 0.45567216496609664, "max_depth": 24.425201745953537, "n_estimators": 25.84241766515515}, "datetime": {"datetime": "2021-09-17 19:16:54", "elapsed": 683.30212, "delta": 3.926732}}
{"target": 0.8365598152233676, "params": {"eta": 0.4079296977261928, "max_depth": 11.448968807919792, "n_estimators": 16.876284759213952}, "datetime": {"datetime": "2021-09-17 19:16:59", "elapsed": 687.474541, "delta": 4.172421}}
{"target": 0.772240838977417, "params": {"eta": 0.7857419350577296, "max_depth": 5.734901582095992, "n_estimators": 28.223156519373035}, "datetime": {"datetime": "2021-09-17 19:17:02", "elapsed": 690.423813, "delta": 2.949272}}
{"target": 0.833838293762003, "params": {"eta": 0.2872290715821689, "max_depth": 11.225680225147117, "n_estimators": 20.308306677745534}, "datetime": {"datetime": "2021-09-17 19:17:03", "elapsed": 692.335991, "delta": 1.912178}}
{"target": 0.8269260852637286, "params": {"eta": 0.23256977844928386, "max_depth": 12.804898576698635, "n_estimators": 16.082395740607083}, "datetime": {"datetime": "2021-09-17 19:17:06", "elapsed": 694.47684, "delta": 2.140849}}
{"target": 0.8402862168973115, "params": {"eta": 0.20316307638922237, "max_depth": 24.103356867507134, "n_estimators": 25.867671484163644}, "datetime": {"datetime": "2021-09-17 19:17:09", "elapsed": 697.761794, "delta": 3.284954}}
{"target": 0.811190430161441, "params": {"eta": 0.11889462321985546, "max_depth": 24.386256794816884, "n_estimators": 25.69917264433304}, "datetime": {"datetime": "2021-09-17 19:17:13", "elapsed": 702.333789, "delta": 4.571995}}
{"target": 0.8468049283036598, "params": {"eta": 0.1946944669497483, "max_depth": 14.080905876682564, "n_estimators": 22.503999373713658}, "datetime": {"datetime": "2021-09-17 19:17:16", "elapsed": 704.61149, "delta": 2.277701}}
{"target": 0.8176543157188447, "params": {"eta": 0.5273650043010282, "max_depth": 10.215613042552423, "n_estimators": 11.4974243112648}, "datetime": {"datetime": "2021-09-17 19:17:18", "elapsed": 706.88174, "delta": 2.27025}}
{"target": 0.7623773599885844, "params": {"eta": 0.30524287570772335, "max_depth": 12.663193665634022, "n_estimators": 7.0082694576462075}, "datetime": {"datetime": "2021-09-17 19:17:21", "elapsed": 709.848808, "delta": 2.967068}}
{"target": 0.8212433221139349, "params": {"eta": 0.1401966167721701, "max_depth": 14.43414839564645, "n_estimators": 22.662845892210054}, "datetime": {"datetime": "2021-09-17 19:17:24", "elapsed": 712.930606, "delta": 3.081798}}
{"target": 0.36590598253855555, "params": {"eta": 0.1288830426003792, "max_depth": 24.645726297396216, "n_estimators": 10.55532690584502}, "datetime": {"datetime": "2021-09-17 19:17:26", "elapsed": 715.036768, "delta": 2.106162}}
{"target": 0.7972132306211869, "params": {"eta": 0.6767294947587004, "max_depth": 23.945865550220116, "n_estimators": 27.129003245858314}, "datetime": {"datetime": "2021-09-17 19:17:28", "elapsed": 717.137338, "delta": 2.10057}}
{"target": 0.8291070801090112, "params": {"eta": 0.4803774599043269, "max_depth": 25.030557738692377, "n_estimators": 10.459763543598442}, "datetime": {"datetime": "2021-09-17 19:17:32", "elapsed": 720.888076, "delta": 3.750738}}
{"target": 0.834281755712899, "params": {"eta": 0.17530686149518027, "max_depth": 26.336656233139063, "n_estimators": 29.55449645969788}, "datetime": {"datetime": "2021-09-17 19:17:36", "elapsed": 724.434898, "delta": 3.546822}}
{"target": 0.8104188822062293, "params": {"eta": 0.4820174295252123, "max_depth": 24.21380128041145, "n_estimators": 26.12244400748162}, "datetime": {"datetime": "2021-09-17 19:17:39", "elapsed": 727.412537, "delta": 2.977639}}
{"target": 0.8389164414622454, "params": {"eta": 0.46589540675567753, "max_depth": 14.29095271427689, "n_estimators": 22.580405161981567}, "datetime": {"datetime": "2021-09-17 19:17:42", "elapsed": 731.095984, "delta": 3.683447}}
{"target": 0.7306113737400413, "params": {"eta": 0.7754930624230242, "max_depth": 24.347073812787503, "n_estimators": 25.63560943882219}, "datetime": {"datetime": "2021-09-17 19:17:46", "elapsed": 734.805197, "delta": 3.709213}}
{"target": 0.858470317316434, "params": {"eta": 0.16600082922984338, "max_depth": 5.972192050940391, "n_estimators": 28.18349106978402}, "datetime": {"datetime": "2021-09-17 19:17:49", "elapsed": 737.420383, "delta": 2.615186}}
{"target": 0.8261812154880388, "params": {"eta": 0.12231981896295682, "max_depth": 26.46231274135696, "n_estimators": 29.21309102894596}, "datetime": {"datetime": "2021-09-17 19:17:52", "elapsed": 740.77426, "delta": 3.353877}}
{"target": 0.8113081825362612, "params": {"eta": 0.4206144479474314, "max_depth": 21.334693085696195, "n_estimators": 18.93777360781921}, "datetime": {"datetime": "2021-09-17 19:17:54", "elapsed": 743.129684, "delta": 2.355424}}
{"target": 0.8145276461334223, "params": {"eta": 0.2967232828767568, "max_depth": 13.857946021821814, "n_estimators": 22.79742648930566}, "datetime": {"datetime": "2021-09-17 19:17:58", "elapsed": 747.109079, "delta": 3.979395}}
{"target": 0.8334043835990715, "params": {"eta": 0.21714429839241425, "max_depth": 14.363928097662978, "n_estimators": 19.366373777622208}, "datetime": {"datetime": "2021-09-17 19:18:00", "elapsed": 749.271497, "delta": 2.162418}}
{"target": 0.7517335706936266, "params": {"eta": 0.1, "max_depth": 22.374436524819945, "n_estimators": 22.552185215766325}, "datetime": {"datetime": "2021-09-17 19:18:04", "elapsed": 752.878207, "delta": 3.60671}}
{"target": 0.8229635811701141, "params": {"eta": 0.1363543697958769, "max_depth": 21.93351892099522, "n_estimators": 22.856294087887594}, "datetime": {"datetime": "2021-09-17 19:18:07", "elapsed": 756.298743, "delta": 3.420536}}
{"target": 0.7878585029120118, "params": {"eta": 0.1, "max_depth": 24.950961581941815, "n_estimators": 25.808778497967477}, "datetime": {"datetime": "2021-09-17 19:18:11", "elapsed": 760.301217, "delta": 4.002474}}
{"target": 0.8090113635941907, "params": {"eta": 0.22220542645316002, "max_depth": 15.690550973858786, "n_estimators": 17.714287841587776}, "datetime": {"datetime": "2021-09-17 19:18:14", "elapsed": 762.535546, "delta": 2.234329}}
{"target": 0.7517335706936266, "params": {"eta": 0.1, "max_depth": 21.830538210833055, "n_estimators": 22.49315006071318}, "datetime": {"datetime": "2021-09-17 19:18:17", "elapsed": 765.683439, "delta": 3.147893}}
{"target": 0.832070702863445, "params": {"eta": 0.3337470690410307, "max_depth": 14.384574959171065, "n_estimators": 22.25452391577787}, "datetime": {"datetime": "2021-09-17 19:18:21", "elapsed": 769.611762, "delta": 3.928323}}
{"target": 0.808922525206696, "params": {"eta": 0.10471604794148216, "max_depth": 7.795511033648675, "n_estimators": 27.46025963171562}, "datetime": {"datetime": "2021-09-17 19:18:25", "elapsed": 773.911792, "delta": 4.30003}}
{"target": 0.8068580390713097, "params": {"eta": 0.49338140714570794, "max_depth": 13.970136491107173, "n_estimators": 22.417212897123875}, "datetime": {"datetime": "2021-09-17 19:18:30", "elapsed": 778.59289, "delta": 4.681098}}
{"target": 0.7363580739275108, "params": {"eta": 0.7240905768396998, "max_depth": 17.902131727467193, "n_estimators": 16.913016335361576}, "datetime": {"datetime": "2021-09-17 19:18:32", "elapsed": 780.934158, "delta": 2.341268}}
{"target": 0.8300817192535713, "params": {"eta": 0.5239949797892004, "max_depth": 6.811924305460041, "n_estimators": 27.361897924335768}, "datetime": {"datetime": "2021-09-17 19:18:36", "elapsed": 785.184903, "delta": 4.250745}}
{"target": 0.7820029510230673, "params": {"eta": 0.16698667521652, "max_depth": 11.518344812569415, "n_estimators": 16.606714131585466}, "datetime": {"datetime": "2021-09-17 19:18:40", "elapsed": 788.51149, "delta": 3.326587}}
{"target": 0.8272074173172723, "params": {"eta": 0.48462467544681387, "max_depth": 15.312583641389164, "n_estimators": 16.293565928920785}, "datetime": {"datetime": "2021-09-17 19:18:42", "elapsed": 790.849239, "delta": 2.337749}}
{"target": 0.8555086884021132, "params": {"eta": 0.444023095984063, "max_depth": 9.616063953997205, "n_estimators": 26.465082248981954}, "datetime": {"datetime": "2021-09-17 19:18:45", "elapsed": 794.256801, "delta": 3.407562}}
{"target": 0.8367291990426097, "params": {"eta": 0.4556406165470579, "max_depth": 22.306653928288377, "n_estimators": 22.950950957303757}, "datetime": {"datetime": "2021-09-17 19:18:50", "elapsed": 798.698274, "delta": 4.441473}}
{"target": 0.8493652311574217, "params": {"eta": 0.33687252889694014, "max_depth": 6.055771928167985, "n_estimators": 27.505664212252945}, "datetime": {"datetime": "2021-09-17 19:18:53", "elapsed": 801.549343, "delta": 2.851069}}
{"target": 0.7167628329353815, "params": {"eta": 0.7245760482814044, "max_depth": 13.916259880658151, "n_estimators": 27.935248181400723}, "datetime": {"datetime": "2021-09-17 19:18:55", "elapsed": 803.66763, "delta": 2.118287}}
{"target": 0.8084762179819059, "params": {"eta": 0.4987825961236283, "max_depth": 24.62960035938486, "n_estimators": 20.422018292467264}, "datetime": {"datetime": "2021-09-17 19:18:57", "elapsed": 805.793138, "delta": 2.125508}}
{"target": 0.8319849642820174, "params": {"eta": 0.4188441089285434, "max_depth": 25.907323199188454, "n_estimators": 29.23042949575032}, "datetime": {"datetime": "2021-09-17 19:19:01", "elapsed": 809.595671, "delta": 3.802533}}
{"target": 0.7761158729191036, "params": {"eta": 0.6407857013620757, "max_depth": 29.826170726825843, "n_estimators": 7.762331954035672}, "datetime": {"datetime": "2021-09-17 19:19:03", "elapsed": 811.749478, "delta": 2.153807}}
{"target": 0.8396705335086456, "params": {"eta": 0.34271950100012794, "max_depth": 10.16270242409689, "n_estimators": 26.97233421091867}, "datetime": {"datetime": "2021-09-17 19:19:06", "elapsed": 815.322623, "delta": 3.573145}}
{"target": 0.8002989722948549, "params": {"eta": 0.49226836727502443, "max_depth": 15.501772063379674, "n_estimators": 17.494129294234217}, "datetime": {"datetime": "2021-09-17 19:19:09", "elapsed": 817.510088, "delta": 2.187465}}
{"target": 0.8222757059425587, "params": {"eta": 0.22245245908595734, "max_depth": 10.795921092818528, "n_estimators": 18.140742207921658}, "datetime": {"datetime": "2021-09-17 19:19:13", "elapsed": 822.12465, "delta": 4.614562}}
{"target": 0.819652613550665, "params": {"eta": 0.4066317608617871, "max_depth": 28.86741371079132, "n_estimators": 17.746964080867933}, "datetime": {"datetime": "2021-09-17 19:19:15", "elapsed": 824.305207, "delta": 2.180557}}
{"target": 0.8434719227826979, "params": {"eta": 0.47531485752172076, "max_depth": 9.898570587653161, "n_estimators": 27.042224883535468}, "datetime": {"datetime": "2021-09-17 19:19:18", "elapsed": 827.367085, "delta": 3.061878}}
{"target": 0.8362009376303203, "params": {"eta": 0.1697335278577553, "max_depth": 8.797444665230675, "n_estimators": 26.68002069624238}, "datetime": {"datetime": "2021-09-17 19:19:22", "elapsed": 831.046637, "delta": 3.679552}}
{"target": 0.8385305331534381, "params": {"eta": 0.46475564030046196, "max_depth": 29.248065040422375, "n_estimators": 17.43750634050882}, "datetime": {"datetime": "2021-09-17 19:19:26", "elapsed": 835.090194, "delta": 4.043557}}
{"target": 0.8258544439685801, "params": {"eta": 0.22487086699348158, "max_depth": 10.10524983414208, "n_estimators": 27.27355980866513}, "datetime": {"datetime": "2021-09-17 19:19:30", "elapsed": 838.513088, "delta": 3.422894}}
{"target": 0.8156912685196018, "params": {"eta": 0.5241902753962121, "max_depth": 13.393456237585537, "n_estimators": 15.08537940447025}, "datetime": {"datetime": "2021-09-17 19:19:34", "elapsed": 842.5305, "delta": 4.017412}}
