{"target": -11.458626998554422, "params": {"eta": 0.17514910844783316, "max_depth": 4.93180225738023, "n_estimators": 119.31792399787018}, "datetime": {"datetime": "2021-09-27 19:14:44", "elapsed": 155.713305, "delta": 0.934625}}
{"target": -11.475274180316408, "params": {"eta": 0.09084178258937184, "max_depth": 8.148437309093424, "n_estimators": 119.23326095231701}, "datetime": {"datetime": "2021-09-27 19:14:45", "elapsed": 156.977502, "delta": 1.264197}}
{"target": -11.534774822532952, "params": {"eta": 0.08525880392118929, "max_depth": 6.86340186124295, "n_estimators": 138.2323066531237}, "datetime": {"datetime": "2021-09-27 19:14:47", "elapsed": 158.560268, "delta": 1.582766}}
{"target": -11.608770011072881, "params": {"eta": 0.2743168248113655, "max_depth": 6.17024484867548, "n_estimators": 114.6383874427619}, "datetime": {"datetime": "2021-09-27 19:14:48", "elapsed": 159.568321, "delta": 1.008053}}
{"target": -11.826441742703123, "params": {"eta": 0.18445239290141907, "max_depth": 9.293436648276144, "n_estimators": 144.43112979442506}, "datetime": {"datetime": "2021-09-27 19:14:49", "elapsed": 160.733743, "delta": 1.165422}}
{"target": -11.115684805092869, "params": {"eta": 0.07352317619953824, "max_depth": 8.359687438721675, "n_estimators": 142.1315359215085}, "datetime": {"datetime": "2021-09-27 19:14:50", "elapsed": 161.955745, "delta": 1.222002}}
{"target": -12.103153844427261, "params": {"eta": 0.1989285589586406, "max_depth": 8.058167358750838, "n_estimators": 168.32908358684824}, "datetime": {"datetime": "2021-09-27 19:14:52", "elapsed": 163.487535, "delta": 1.53179}}
{"target": -11.374129011515405, "params": {"eta": 0.05346457284293745, "max_depth": 5.560134182586319, "n_estimators": 151.5686449412175}, "datetime": {"datetime": "2021-09-27 19:14:53", "elapsed": 164.91549, "delta": 1.427955}}
{"target": -12.348878911379039, "params": {"eta": 0.4754966113517243, "max_depth": 8.341099373588953, "n_estimators": 118.77375109293612}, "datetime": {"datetime": "2021-09-27 19:14:54", "elapsed": 165.836117, "delta": 0.920627}}
{"target": -11.032546795298135, "params": {"eta": 0.17711016381673883, "max_depth": 6.117541738147845, "n_estimators": 194.52917944417948}, "datetime": {"datetime": "2021-09-27 19:14:56", "elapsed": 167.044131, "delta": 1.208014}}
{"target": -12.388944731054112, "params": {"eta": 0.24064604483170354, "max_depth": 10.361015857404384, "n_estimators": 170.180223957873}, "datetime": {"datetime": "2021-09-27 19:14:57", "elapsed": 168.427505, "delta": 1.383374}}
{"target": -12.492550196467969, "params": {"eta": 0.2728487901292894, "max_depth": 4.989934015268919, "n_estimators": 163.81282111312345}, "datetime": {"datetime": "2021-09-27 19:14:58", "elapsed": 169.594833, "delta": 1.167328}}
{"target": -12.48453910138551, "params": {"eta": 0.45033108261602783, "max_depth": 6.803375680144094, "n_estimators": 103.44663943400474}, "datetime": {"datetime": "2021-09-27 19:14:59", "elapsed": 170.537038, "delta": 0.942205}}
{"target": -11.308820998520721, "params": {"eta": 0.1350238860690996, "max_depth": 4.637341147735629, "n_estimators": 175.35711680737234}, "datetime": {"datetime": "2021-09-27 19:15:00", "elapsed": 171.656037, "delta": 1.118999}}
{"target": -11.623619859979687, "params": {"eta": 0.17452901116723946, "max_depth": 5.922113010651777, "n_estimators": 110.14839538584036}, "datetime": {"datetime": "2021-09-27 19:15:02", "elapsed": 173.03923, "delta": 1.383193}}
{"target": -12.310007533702102, "params": {"eta": 0.2533676618131104, "max_depth": 10.211614357222222, "n_estimators": 111.8476888025757}, "datetime": {"datetime": "2021-09-27 19:15:03", "elapsed": 174.179229, "delta": 1.139999}}
{"target": -11.628046895412512, "params": {"eta": 0.20292365910750904, "max_depth": 9.401014240735481, "n_estimators": 195.6863975291963}, "datetime": {"datetime": "2021-09-27 19:15:04", "elapsed": 175.429544, "delta": 1.250315}}
{"target": -11.376742903764415, "params": {"eta": 0.08522117402308602, "max_depth": 9.45987015468554, "n_estimators": 165.20317647044268}, "datetime": {"datetime": "2021-09-27 19:15:06", "elapsed": 177.248631, "delta": 1.819087}}
{"target": -11.119152459581336, "params": {"eta": 0.09254608120787913, "max_depth": 5.987074696477317, "n_estimators": 107.5147686852155}, "datetime": {"datetime": "2021-09-27 19:15:07", "elapsed": 178.704925, "delta": 1.456294}}
{"target": -11.683707191519865, "params": {"eta": 0.131539819469393, "max_depth": 7.041367743671847, "n_estimators": 137.99758499075716}, "datetime": {"datetime": "2021-09-27 19:15:09", "elapsed": 180.245863, "delta": 1.540938}}
{"target": -11.742119240678262, "params": {"eta": 0.40818104491338336, "max_depth": 5.283175953506835, "n_estimators": 138.17202904857436}, "datetime": {"datetime": "2021-09-27 19:15:10", "elapsed": 181.272051, "delta": 1.026188}}
{"target": -11.666350478261792, "params": {"eta": 0.3731938737314789, "max_depth": 3.557087143969067, "n_estimators": 183.83436082651258}, "datetime": {"datetime": "2021-09-27 19:15:11", "elapsed": 182.285051, "delta": 1.013}}
{"target": -11.4581386008491, "params": {"eta": 0.15527235608223436, "max_depth": 6.036186870212621, "n_estimators": 107.44079229123805}, "datetime": {"datetime": "2021-09-27 19:15:12", "elapsed": 183.85492, "delta": 1.569869}}
{"target": -11.022245673626951, "params": {"eta": 0.14157339223891696, "max_depth": 5.525956206591161, "n_estimators": 144.06430047574804}, "datetime": {"datetime": "2021-09-27 19:15:14", "elapsed": 185.352665, "delta": 1.497745}}
{"target": -11.794879876547881, "params": {"eta": 0.22169951926264697, "max_depth": 7.6376785322033705, "n_estimators": 158.111637771107}, "datetime": {"datetime": "2021-09-27 19:15:15", "elapsed": 186.61912, "delta": 1.266455}}
{"target": -11.379365598203982, "params": {"eta": 0.05613439405114973, "max_depth": 6.393587610805937, "n_estimators": 110.1127412699968}, "datetime": {"datetime": "2021-09-27 19:15:17", "elapsed": 188.244121, "delta": 1.625001}}
{"target": -11.189903151349164, "params": {"eta": 0.09901009094934493, "max_depth": 6.087730700227504, "n_estimators": 109.82420904036117}, "datetime": {"datetime": "2021-09-27 19:15:18", "elapsed": 190.033057, "delta": 1.788936}}
{"target": -11.050850969247184, "params": {"eta": 0.05445571810998499, "max_depth": 9.375359281361742, "n_estimators": 177.3064309402816}, "datetime": {"datetime": "2021-09-27 19:15:20", "elapsed": 191.945115, "delta": 1.912058}}
{"target": -13.980022327387243, "params": {"eta": 0.46077635960111485, "max_depth": 3.958195197382604, "n_estimators": 135.23918044939938}, "datetime": {"datetime": "2021-09-27 19:15:21", "elapsed": 193.024279, "delta": 1.079164}}
{"target": -11.257349090476163, "params": {"eta": 0.06192464233428714, "max_depth": 5.3624610151173515, "n_estimators": 151.58754658018017}, "datetime": {"datetime": "2021-09-27 19:15:23", "elapsed": 194.473796, "delta": 1.449517}}
{"target": -11.420562268203657, "params": {"eta": 0.1590203046926531, "max_depth": 7.112932846590292, "n_estimators": 138.24914598562452}, "datetime": {"datetime": "2021-09-27 19:15:25", "elapsed": 196.196366, "delta": 1.72257}}
{"target": -11.742208767907677, "params": {"eta": 0.21073964851131832, "max_depth": 4.736214384823223, "n_estimators": 191.21317778763182}, "datetime": {"datetime": "2021-09-27 19:15:26", "elapsed": 197.425983, "delta": 1.229617}}
{"target": -11.21361697623002, "params": {"eta": 0.08493547581141347, "max_depth": 6.843156761855957, "n_estimators": 138.026812623103}, "datetime": {"datetime": "2021-09-27 19:15:28", "elapsed": 199.290554, "delta": 1.864571}}
{"target": -11.451522514431822, "params": {"eta": 0.11359251968614836, "max_depth": 6.315730029828535, "n_estimators": 109.85079222218522}, "datetime": {"datetime": "2021-09-27 19:15:29", "elapsed": 200.878399, "delta": 1.587845}}
{"target": -10.925252587876674, "params": {"eta": 0.12768623070304957, "max_depth": 6.051139685866839, "n_estimators": 194.4339264101391}, "datetime": {"datetime": "2021-09-27 19:15:31", "elapsed": 202.524399, "delta": 1.646}}
{"target": -11.401594374584468, "params": {"eta": 0.43600302981331346, "max_depth": 7.395630518265834, "n_estimators": 142.82050018224766}, "datetime": {"datetime": "2021-09-27 19:15:32", "elapsed": 203.554851, "delta": 1.030452}}
{"target": -11.415752808126834, "params": {"eta": 0.1352784261698431, "max_depth": 6.503510608703034, "n_estimators": 110.28262568644081}, "datetime": {"datetime": "2021-09-27 19:15:34", "elapsed": 205.132162, "delta": 1.577311}}
{"target": -11.35726776759796, "params": {"eta": 0.08470327795604311, "max_depth": 9.332596044766877, "n_estimators": 177.23035706368893}, "datetime": {"datetime": "2021-09-27 19:15:36", "elapsed": 207.166351, "delta": 2.034189}}
{"target": -11.249061168111906, "params": {"eta": 0.09377103642496698, "max_depth": 6.807813844784033, "n_estimators": 110.1526468511729}, "datetime": {"datetime": "2021-09-27 19:15:37", "elapsed": 208.643347, "delta": 1.476996}}
{"target": -12.07822931814176, "params": {"eta": 0.31764634298510214, "max_depth": 10.55762756452372, "n_estimators": 174.1761070207118}, "datetime": {"datetime": "2021-09-27 19:15:38", "elapsed": 209.907645, "delta": 1.264298}}
{"target": -11.19332765500046, "params": {"eta": 0.05, "max_depth": 6.68221574814773, "n_estimators": 138.03706678173765}, "datetime": {"datetime": "2021-09-27 19:15:40", "elapsed": 211.671203, "delta": 1.763558}}
{"target": -11.388584580063592, "params": {"eta": 0.174703571036485, "max_depth": 6.3818785594434, "n_estimators": 109.6201004896857}, "datetime": {"datetime": "2021-09-27 19:15:42", "elapsed": 213.054328, "delta": 1.383125}}
{"target": -11.806755255946303, "params": {"eta": 0.36268890155589056, "max_depth": 4.696001728104699, "n_estimators": 188.34728906327638}, "datetime": {"datetime": "2021-09-27 19:15:43", "elapsed": 214.206329, "delta": 1.152001}}
{"target": -11.067945167358854, "params": {"eta": 0.1658613706237433, "max_depth": 5.379626077776818, "n_estimators": 151.72906304392842}, "datetime": {"datetime": "2021-09-27 19:15:44", "elapsed": 215.987227, "delta": 1.780898}}
{"target": -11.294999581094881, "params": {"eta": 0.18096872062333852, "max_depth": 5.006759564707906, "n_estimators": 191.99549915782757}, "datetime": {"datetime": "2021-09-27 19:15:46", "elapsed": 217.279512, "delta": 1.292285}}
{"target": -11.18070396774348, "params": {"eta": 0.09117618240496231, "max_depth": 5.832799848502887, "n_estimators": 110.14613295475642}, "datetime": {"datetime": "2021-09-27 19:15:47", "elapsed": 218.99668, "delta": 1.717168}}
{"target": -11.672251505419073, "params": {"eta": 0.0852206566348012, "max_depth": 6.1196831294678375, "n_estimators": 177.06153088336595}, "datetime": {"datetime": "2021-09-27 19:15:49", "elapsed": 220.255312, "delta": 1.258632}}
{"target": -12.142380060613233, "params": {"eta": 0.24517084670429296, "max_depth": 2.816115812277051, "n_estimators": 126.34691324349775}, "datetime": {"datetime": "2021-09-27 19:15:50", "elapsed": 221.375087, "delta": 1.119775}}
{"target": -11.842077971733476, "params": {"eta": 0.10141793641596802, "max_depth": 8.124682106633752, "n_estimators": 123.44636708821236}, "datetime": {"datetime": "2021-09-27 19:15:52", "elapsed": 223.498697, "delta": 2.12361}}
{"target": -13.682178624247316, "params": {"eta": 0.46791902075723785, "max_depth": 3.3047540008873684, "n_estimators": 101.55460522351362}, "datetime": {"datetime": "2021-09-27 19:15:53", "elapsed": 224.631698, "delta": 1.133001}}
{"target": -11.723963650576733, "params": {"eta": 0.35109484043565825, "max_depth": 7.3271944689392905, "n_estimators": 138.2424814424371}, "datetime": {"datetime": "2021-09-27 19:15:54", "elapsed": 225.715517, "delta": 1.083819}}
{"target": -13.788159595789867, "params": {"eta": 0.4663985965347515, "max_depth": 3.8908023098012516, "n_estimators": 128.56553981168352}, "datetime": {"datetime": "2021-09-27 19:15:55", "elapsed": 226.844046, "delta": 1.128529}}
{"target": -11.243285077784035, "params": {"eta": 0.08175225980540832, "max_depth": 6.146683239792097, "n_estimators": 154.24817710950774}, "datetime": {"datetime": "2021-09-27 19:15:57", "elapsed": 228.067048, "delta": 1.223002}}
{"target": -12.27456827577902, "params": {"eta": 0.2991412736241824, "max_depth": 3.4210554331825764, "n_estimators": 140.1957731025289}, "datetime": {"datetime": "2021-09-27 19:15:58", "elapsed": 229.24125, "delta": 1.174202}}
{"target": -11.636124792599622, "params": {"eta": 0.247957627796418, "max_depth": 5.484960299948012, "n_estimators": 151.61938370532903}, "datetime": {"datetime": "2021-09-27 19:16:00", "elapsed": 231.056678, "delta": 1.815428}}
{"target": -11.419534200331109, "params": {"eta": 0.11957909019957436, "max_depth": 10.472560602449864, "n_estimators": 146.60812299254815}, "datetime": {"datetime": "2021-09-27 19:16:01", "elapsed": 232.706674, "delta": 1.649996}}
{"target": -11.887136541055062, "params": {"eta": 0.40021178116686934, "max_depth": 6.577800459118806, "n_estimators": 113.80125483263919}, "datetime": {"datetime": "2021-09-27 19:16:03", "elapsed": 234.086978, "delta": 1.380304}}
{"target": -11.330331990964016, "params": {"eta": 0.16467164401274398, "max_depth": 7.808465253106448, "n_estimators": 194.4579754451886}, "datetime": {"datetime": "2021-09-27 19:16:04", "elapsed": 235.576035, "delta": 1.489057}}
{"target": -11.596063223815738, "params": {"eta": 0.22179957920427834, "max_depth": 5.985707800732849, "n_estimators": 194.41777815110228}, "datetime": {"datetime": "2021-09-27 19:16:06", "elapsed": 237.435388, "delta": 1.859353}}
{"target": -11.568959282332969, "params": {"eta": 0.18206186113059064, "max_depth": 7.040783790899122, "n_estimators": 100.47960617502667}, "datetime": {"datetime": "2021-09-27 19:16:08", "elapsed": 239.171729, "delta": 1.736341}}
{"target": -11.535523567650364, "params": {"eta": 0.126252275155237, "max_depth": 8.255906030306374, "n_estimators": 123.24692056807754}, "datetime": {"datetime": "2021-09-27 19:16:09", "elapsed": 240.999913, "delta": 1.828184}}
{"target": -12.783911514676195, "params": {"eta": 0.16547908791188293, "max_depth": 2.312692449334906, "n_estimators": 157.69663316062247}, "datetime": {"datetime": "2021-09-27 19:16:11", "elapsed": 242.136909, "delta": 1.136996}}
{"target": -12.175202391407568, "params": {"eta": 0.44944571946941, "max_depth": 9.200083456733177, "n_estimators": 121.63267738085139}, "datetime": {"datetime": "2021-09-27 19:16:12", "elapsed": 243.301156, "delta": 1.164247}}
{"target": -11.923217321704819, "params": {"eta": 0.3060852869887336, "max_depth": 10.838565599582621, "n_estimators": 197.91083468687867}, "datetime": {"datetime": "2021-09-27 19:16:14", "elapsed": 245.046586, "delta": 1.74543}}
{"target": -11.374907604234407, "params": {"eta": 0.0979566302323282, "max_depth": 9.513201524115214, "n_estimators": 177.29913088424138}, "datetime": {"datetime": "2021-09-27 19:16:16", "elapsed": 247.171941, "delta": 2.125355}}
{"target": -11.446711979457087, "params": {"eta": 0.16917787495743195, "max_depth": 7.113919434738522, "n_estimators": 115.98355701300864}, "datetime": {"datetime": "2021-09-27 19:16:17", "elapsed": 248.766938, "delta": 1.594997}}
{"target": -11.238338437864364, "params": {"eta": 0.2281343514160361, "max_depth": 6.549436905542558, "n_estimators": 109.97108223934796}, "datetime": {"datetime": "2021-09-27 19:16:19", "elapsed": 250.678617, "delta": 1.911679}}
{"target": -11.35170815374395, "params": {"eta": 0.18953578833771934, "max_depth": 5.458398468855728, "n_estimators": 144.14159271170274}, "datetime": {"datetime": "2021-09-27 19:16:21", "elapsed": 252.823275, "delta": 2.144658}}
{"target": -12.389670332247963, "params": {"eta": 0.33167409121994657, "max_depth": 2.80221726532143, "n_estimators": 105.56726130477317}, "datetime": {"datetime": "2021-09-27 19:16:22", "elapsed": 253.941872, "delta": 1.118597}}
{"target": -10.690984454039336, "params": {"eta": 0.06428707583162516, "max_depth": 9.592894321797848, "n_estimators": 168.1154673099648}, "datetime": {"datetime": "2021-09-27 19:16:24", "elapsed": 255.577166, "delta": 1.635294}}
{"target": -12.371902004693954, "params": {"eta": 0.2142381809697948, "max_depth": 8.214711678239738, "n_estimators": 158.1236790534261}, "datetime": {"datetime": "2021-09-27 19:16:26", "elapsed": 257.115517, "delta": 1.538351}}
{"target": -11.665093405768005, "params": {"eta": 0.07855303598396822, "max_depth": 11.38793820122476, "n_estimators": 120.94215860663101}, "datetime": {"datetime": "2021-09-27 19:16:27", "elapsed": 258.565517, "delta": 1.45}}
{"target": -11.436608914167811, "params": {"eta": 0.17534790906680775, "max_depth": 6.278856095802089, "n_estimators": 110.09734537624996}, "datetime": {"datetime": "2021-09-27 19:16:29", "elapsed": 260.598819, "delta": 2.033302}}
{"target": -12.437907615008655, "params": {"eta": 0.24708903718032194, "max_depth": 9.603702877395746, "n_estimators": 168.14586901958893}, "datetime": {"datetime": "2021-09-27 19:16:31", "elapsed": 262.755626, "delta": 2.156807}}
{"target": -11.307505707616524, "params": {"eta": 0.08801438717789964, "max_depth": 8.252887497310127, "n_estimators": 142.06550580191418}, "datetime": {"datetime": "2021-09-27 19:16:33", "elapsed": 264.925902, "delta": 2.170276}}
{"target": -11.25918533718769, "params": {"eta": 0.08042502599463389, "max_depth": 7.030232746248098, "n_estimators": 118.61470809633306}, "datetime": {"datetime": "2021-09-27 19:16:35", "elapsed": 266.794212, "delta": 1.86831}}
{"target": -12.573960349428212, "params": {"eta": 0.30276466042110456, "max_depth": 8.328564337489595, "n_estimators": 156.48358236828864}, "datetime": {"datetime": "2021-09-27 19:16:37", "elapsed": 268.149215, "delta": 1.355003}}
{"target": -12.648648847857896, "params": {"eta": 0.47053617637049006, "max_depth": 5.345633113203732, "n_estimators": 105.27447565278423}, "datetime": {"datetime": "2021-09-27 19:16:38", "elapsed": 269.800464, "delta": 1.651249}}
{"target": -11.266500819662946, "params": {"eta": 0.07027496920671307, "max_depth": 4.4472556638411325, "n_estimators": 114.61312408635995}, "datetime": {"datetime": "2021-09-27 19:16:40", "elapsed": 271.434501, "delta": 1.634037}}
{"target": -11.104639364405227, "params": {"eta": 0.0642199987683454, "max_depth": 6.876287902259908, "n_estimators": 115.86799343697523}, "datetime": {"datetime": "2021-09-27 19:16:41", "elapsed": 273.00703, "delta": 1.572529}}
{"target": -12.679708952664543, "params": {"eta": 0.2514618822034739, "max_depth": 8.170761767394273, "n_estimators": 136.51670760585523}, "datetime": {"datetime": "2021-09-27 19:16:43", "elapsed": 274.720031, "delta": 1.713001}}
{"target": -11.53976960114754, "params": {"eta": 0.05879070867967178, "max_depth": 9.722940703958278, "n_estimators": 168.13288508928304}, "datetime": {"datetime": "2021-09-27 19:16:45", "elapsed": 276.981796, "delta": 2.261765}}
{"target": -11.651998914652358, "params": {"eta": 0.2736718052554397, "max_depth": 3.0571808766334536, "n_estimators": 156.91665483794384}, "datetime": {"datetime": "2021-09-27 19:16:47", "elapsed": 278.477796, "delta": 1.496}}
{"target": -11.707022314588896, "params": {"eta": 0.2581376000158933, "max_depth": 4.753475240812282, "n_estimators": 105.47441834974161}, "datetime": {"datetime": "2021-09-27 19:16:48", "elapsed": 279.612029, "delta": 1.134233}}
{"target": -11.313298374566434, "params": {"eta": 0.05, "max_depth": 5.44034401834311, "n_estimators": 151.7343035378273}, "datetime": {"datetime": "2021-09-27 19:16:50", "elapsed": 281.513023, "delta": 1.900994}}
{"target": -12.788248615344425, "params": {"eta": 0.17319451122859436, "max_depth": 2.016378422823365, "n_estimators": 121.91555566893004}, "datetime": {"datetime": "2021-09-27 19:16:51", "elapsed": 282.728027, "delta": 1.215004}}
{"target": -12.052461713949029, "params": {"eta": 0.311881961924691, "max_depth": 9.459459584965114, "n_estimators": 180.5650951568369}, "datetime": {"datetime": "2021-09-27 19:16:53", "elapsed": 284.165229, "delta": 1.437202}}
{"target": -11.68147950382111, "params": {"eta": 0.24869220915445794, "max_depth": 6.258279050344051, "n_estimators": 194.47044401808523}, "datetime": {"datetime": "2021-09-27 19:16:56", "elapsed": 287.802666, "delta": 2.249135}}
{"target": -11.091673060918659, "params": {"eta": 0.10757887951939472, "max_depth": 5.981412390315623, "n_estimators": 194.55745852896467}, "datetime": {"datetime": "2021-09-27 19:16:59", "elapsed": 290.102507, "delta": 2.299841}}
{"target": -12.496553116214, "params": {"eta": 0.3210187765192964, "max_depth": 2.2728200561829883, "n_estimators": 133.8265851856445}, "datetime": {"datetime": "2021-09-27 19:17:00", "elapsed": 291.323933, "delta": 1.221426}}
{"target": -11.117362614627725, "params": {"eta": 0.07128941244544348, "max_depth": 6.593429125905048, "n_estimators": 109.88367504548341}, "datetime": {"datetime": "2021-09-27 19:17:02", "elapsed": 293.345931, "delta": 2.021998}}
{"target": -13.054538865556205, "params": {"eta": 0.46737917670346546, "max_depth": 4.660294979639641, "n_estimators": 138.47819483559286}, "datetime": {"datetime": "2021-09-27 19:17:03", "elapsed": 295.03264, "delta": 1.686709}}
{"target": -11.481698178635131, "params": {"eta": 0.11585623271795864, "max_depth": 6.030716132776386, "n_estimators": 194.67898164329756}, "datetime": {"datetime": "2021-09-27 19:17:06", "elapsed": 297.046561, "delta": 2.013921}}
{"target": -11.258097524189585, "params": {"eta": 0.0950053892306344, "max_depth": 7.1367117419422605, "n_estimators": 102.25162555449036}, "datetime": {"datetime": "2021-09-27 19:17:07", "elapsed": 298.46756, "delta": 1.420999}}
{"target": -10.91263342880016, "params": {"eta": 0.11845630179187892, "max_depth": 5.255934001072944, "n_estimators": 151.7132888774148}, "datetime": {"datetime": "2021-09-27 19:17:10", "elapsed": 301.263066, "delta": 2.795506}}
