{"target": -2.503557140576212, "params": {"eta": 0.3256321954602185, "max_depth": 11.079182456014088, "n_estimators": 17.001341785039802}, "datetime": {"datetime": "2021-09-21 13:57:59", "elapsed": 1941.708931, "delta": 4.482356}}
{"target": -3.123292340102948, "params": {"eta": 0.6835962392117066, "max_depth": 26.79266456427148, "n_estimators": 22.102970611404963}, "datetime": {"datetime": "2021-09-21 13:58:04", "elapsed": 1946.267214, "delta": 4.558283}}
{"target": -2.608922655958878, "params": {"eta": 0.4801126476963813, "max_depth": 11.569302542424921, "n_estimators": 16.530458117891996}, "datetime": {"datetime": "2021-09-21 13:58:13", "elapsed": 1955.177869, "delta": 8.910655}}
{"target": -2.4938128458826165, "params": {"eta": 0.22500885643813331, "max_depth": 25.924341900456053, "n_estimators": 59.241766897189855}, "datetime": {"datetime": "2021-09-21 13:58:27", "elapsed": 1969.802696, "delta": 14.624827}}
{"target": -3.2636169853963346, "params": {"eta": 0.8771572401837906, "max_depth": 11.472573083033538, "n_estimators": 17.229914294332698}, "datetime": {"datetime": "2021-09-21 13:58:36", "elapsed": 1978.714455, "delta": 8.911759}}
{"target": -2.3212051862164547, "params": {"eta": 0.12669385264122568, "max_depth": 25.54684807416648, "n_estimators": 53.90655435860616}, "datetime": {"datetime": "2021-09-21 13:58:44", "elapsed": 1986.930484, "delta": 8.216029}}
{"target": -12.863581221668346, "params": {"eta": 0.06538055539604376, "max_depth": 17.799983424456155, "n_estimators": 9.171322502130785}, "datetime": {"datetime": "2021-09-21 13:58:49", "elapsed": 1991.635272, "delta": 4.704788}}
{"target": -3.4601547765104392, "params": {"eta": 0.9085190382533306, "max_depth": 12.154780800434326, "n_estimators": 55.75623205446059}, "datetime": {"datetime": "2021-09-21 13:58:55", "elapsed": 1997.903924, "delta": 6.268652}}
{"target": -3.170173368328496, "params": {"eta": 0.8684811314033063, "max_depth": 7.4817524974633, "n_estimators": 56.904497983905536}, "datetime": {"datetime": "2021-09-21 13:59:02", "elapsed": 2004.816815, "delta": 6.912891}}
{"target": -2.4284801922346415, "params": {"eta": 0.2854153733058431, "max_depth": 24.85586322145845, "n_estimators": 53.53364619799561}, "datetime": {"datetime": "2021-09-21 13:59:16", "elapsed": 2018.335625, "delta": 13.51881}}
{"target": -2.4490606816191423, "params": {"eta": 0.21802721955962595, "max_depth": 24.127797233145976, "n_estimators": 53.9507322783249}, "datetime": {"datetime": "2021-09-21 13:59:26", "elapsed": 2028.832245, "delta": 10.49662}}
{"target": -3.6917302661820455, "params": {"eta": 1.0, "max_depth": 12.983184516087697, "n_estimators": 39.43641328357715}, "datetime": {"datetime": "2021-09-21 13:59:36", "elapsed": 2038.403874, "delta": 9.571629}}
{"target": -3.4294064816675687, "params": {"eta": 0.8276853136819936, "max_depth": 24.65275482514575, "n_estimators": 53.68551466169591}, "datetime": {"datetime": "2021-09-21 13:59:46", "elapsed": 2048.804899, "delta": 10.401025}}
{"target": -3.757214821012396, "params": {"eta": 0.23935182257692905, "max_depth": 18.596641954306882, "n_estimators": 8.455680619355107}, "datetime": {"datetime": "2021-09-21 13:59:51", "elapsed": 2053.188892, "delta": 4.383993}}
{"target": -7.326291554852536, "params": {"eta": 0.04658719891787472, "max_depth": 19.32049104399463, "n_estimators": 26.789313983582282}, "datetime": {"datetime": "2021-09-21 13:59:55", "elapsed": 2057.8636, "delta": 4.674708}}
{"target": -3.1811090017619885, "params": {"eta": 0.5888992954910716, "max_depth": 2.025241990462952, "n_estimators": 12.120896203534313}, "datetime": {"datetime": "2021-09-21 13:59:59", "elapsed": 2061.828829, "delta": 3.965229}}
{"target": -2.682046710817437, "params": {"eta": 0.5086309804354545, "max_depth": 25.157709482075493, "n_estimators": 35.39698161715462}, "datetime": {"datetime": "2021-09-21 14:00:16", "elapsed": 2078.551328, "delta": 16.722499}}
{"target": -2.4486861919101917, "params": {"eta": 0.29258159997552335, "max_depth": 11.749344284648462, "n_estimators": 17.24645847843847}, "datetime": {"datetime": "2021-09-21 14:00:31", "elapsed": 2093.371941, "delta": 14.820613}}
{"target": -2.398080935603694, "params": {"eta": 0.26659631060376326, "max_depth": 17.879483409359512, "n_estimators": 38.81404835934613}, "datetime": {"datetime": "2021-09-21 14:00:48", "elapsed": 2110.179608, "delta": 16.807667}}
{"target": -3.321199336804842, "params": {"eta": 0.8213302976172738, "max_depth": 22.926493897451945, "n_estimators": 26.298490796713978}, "datetime": {"datetime": "2021-09-21 14:00:53", "elapsed": 2115.759252, "delta": 5.579644}}
{"target": -3.1153354117744847, "params": {"eta": 0.6304697291600234, "max_depth": 25.59982437262893, "n_estimators": 53.47492323037954}, "datetime": {"datetime": "2021-09-21 14:01:01", "elapsed": 2123.817871, "delta": 8.058619}}
{"target": -3.1006925670724166, "params": {"eta": 0.7262214377683032, "max_depth": 13.257728869785279, "n_estimators": 49.428267050206266}, "datetime": {"datetime": "2021-09-21 14:01:12", "elapsed": 2134.0139, "delta": 10.196029}}
{"target": -3.5253416246489473, "params": {"eta": 0.9911763036065555, "max_depth": 11.760818678866322, "n_estimators": 32.61188764048188}, "datetime": {"datetime": "2021-09-21 14:01:20", "elapsed": 2142.320925, "delta": 8.307025}}
{"target": -3.66664357122622, "params": {"eta": 1.0, "max_depth": 28.484690090800036, "n_estimators": 5.152101786651571}, "datetime": {"datetime": "2021-09-21 14:01:30", "elapsed": 2152.293232, "delta": 9.972307}}
{"target": -9.491545535075037, "params": {"eta": 0.017609983999820025, "max_depth": 22.814598923120638, "n_estimators": 53.52050916843612}, "datetime": {"datetime": "2021-09-21 14:01:42", "elapsed": 2164.107713, "delta": 11.814481}}
{"target": -2.3539748173010975, "params": {"eta": 0.12873771288712846, "max_depth": 11.651802435594696, "n_estimators": 29.236558567750446}, "datetime": {"datetime": "2021-09-21 14:01:46", "elapsed": 2168.614194, "delta": 4.506481}}
{"target": -2.718917747547752, "params": {"eta": 0.5224909125199758, "max_depth": 10.740245432506969, "n_estimators": 50.57344165499356}, "datetime": {"datetime": "2021-09-21 14:01:52", "elapsed": 2174.828482, "delta": 6.214288}}
{"target": -3.4595009355168593, "params": {"eta": 0.9657730371849147, "max_depth": 22.48995202226869, "n_estimators": 53.70284146648326}, "datetime": {"datetime": "2021-09-21 14:02:01", "elapsed": 2183.607506, "delta": 8.779024}}
{"target": -2.3785858631134036, "params": {"eta": 0.1670987520882534, "max_depth": 24.590107933500462, "n_estimators": 35.87741642554916}, "datetime": {"datetime": "2021-09-21 14:02:13", "elapsed": 2195.260267, "delta": 11.652761}}
{"target": -3.3754964295186496, "params": {"eta": 0.7712852721916992, "max_depth": 11.277329178166188, "n_estimators": 55.849803333535704}, "datetime": {"datetime": "2021-09-21 14:02:25", "elapsed": 2207.237113, "delta": 11.976846}}
{"target": -2.6701209639248096, "params": {"eta": 0.4088033895421139, "max_depth": 16.71282207507199, "n_estimators": 39.56748300967172}, "datetime": {"datetime": "2021-09-21 14:02:32", "elapsed": 2214.582347, "delta": 7.345234}}
{"target": -3.691055377533561, "params": {"eta": 0.8328025930430772, "max_depth": 10.810399554383274, "n_estimators": 55.001062356912485}, "datetime": {"datetime": "2021-09-21 14:02:43", "elapsed": 2225.515997, "delta": 10.93365}}
{"target": -10.06944511187704, "params": {"eta": 0.024031896950029344, "max_depth": 22.170438874060814, "n_estimators": 36.64698743976977}, "datetime": {"datetime": "2021-09-21 14:02:52", "elapsed": 2234.483729, "delta": 8.967732}}
{"target": -3.79653141875016, "params": {"eta": 0.1086599210149152, "max_depth": 1.039930548557309, "n_estimators": 26.363100215806146}, "datetime": {"datetime": "2021-09-21 14:02:56", "elapsed": 2238.810593, "delta": 4.326864}}
{"target": -3.8880049900004736, "params": {"eta": 0.5339282654411136, "max_depth": 11.979391812906009, "n_estimators": 3.164363704333417}, "datetime": {"datetime": "2021-09-21 14:03:01", "elapsed": 2243.357463, "delta": 4.54687}}
{"target": -2.280769351281618, "params": {"eta": 0.10971911698045116, "max_depth": 11.925774579002654, "n_estimators": 58.60477107278634}, "datetime": {"datetime": "2021-09-21 14:03:06", "elapsed": 2248.916885, "delta": 5.559422}}
{"target": -3.5585325677143897, "params": {"eta": 0.8467519302442441, "max_depth": 21.147612923625136, "n_estimators": 36.503270559321955}, "datetime": {"datetime": "2021-09-21 14:03:15", "elapsed": 2257.553901, "delta": 8.637016}}
{"target": -2.3674239008050213, "params": {"eta": 0.458035134235902, "max_depth": 22.984050048338403, "n_estimators": 35.97864141348852}, "datetime": {"datetime": "2021-09-21 14:03:25", "elapsed": 2267.940656, "delta": 10.386755}}
{"target": -2.5297981425335534, "params": {"eta": 0.27323413521222734, "max_depth": 25.213892269468577, "n_estimators": 36.17989958715811}, "datetime": {"datetime": "2021-09-21 14:03:38", "elapsed": 2280.335821, "delta": 12.395165}}
{"target": -15.292579013579772, "params": {"eta": 0.01181612445409128, "max_depth": 16.965682923526813, "n_estimators": 36.830357654794426}, "datetime": {"datetime": "2021-09-21 14:03:49", "elapsed": 2291.629253, "delta": 11.293432}}
{"target": -2.482639216121874, "params": {"eta": 0.46839109800393824, "max_depth": 16.21306128080756, "n_estimators": 49.05134155285454}, "datetime": {"datetime": "2021-09-21 14:04:03", "elapsed": 2305.683436, "delta": 14.054183}}
{"target": -2.28178929529692, "params": {"eta": 0.12453431994223173, "max_depth": 16.16587461263508, "n_estimators": 36.5500086174757}, "datetime": {"datetime": "2021-09-21 14:04:17", "elapsed": 2319.042595, "delta": 13.359159}}
{"target": -3.177777051611951, "params": {"eta": 0.8057889418508322, "max_depth": 16.19578321422181, "n_estimators": 37.00311665944176}, "datetime": {"datetime": "2021-09-21 14:04:27", "elapsed": 2329.639624, "delta": 10.597029}}
{"target": -2.7118926286697387, "params": {"eta": 0.5016876945050928, "max_depth": 29.01489215834202, "n_estimators": 58.524360196670116}, "datetime": {"datetime": "2021-09-21 14:04:42", "elapsed": 2344.233653, "delta": 14.594029}}
{"target": -2.3939482224615, "params": {"eta": 0.2398282209925806, "max_depth": 15.783422844638883, "n_estimators": 37.093818044638155}, "datetime": {"datetime": "2021-09-21 14:04:52", "elapsed": 2353.953635, "delta": 9.719982}}
{"target": -3.052694656346974, "params": {"eta": 0.6910467678812164, "max_depth": 24.533876081829746, "n_estimators": 35.72288917923586}, "datetime": {"datetime": "2021-09-21 14:05:03", "elapsed": 2365.017962, "delta": 11.064327}}
{"target": -2.743283370921486, "params": {"eta": 0.4641574009579744, "max_depth": 15.228554374176385, "n_estimators": 6.356981024614786}, "datetime": {"datetime": "2021-09-21 14:05:08", "elapsed": 2370.014065, "delta": 4.996103}}
{"target": -2.815011810628991, "params": {"eta": 0.15548007447186973, "max_depth": 12.17238648265502, "n_estimators": 16.70725435219567}, "datetime": {"datetime": "2021-09-21 14:05:19", "elapsed": 2381.380496, "delta": 11.366431}}
{"target": -2.6817071977414586, "params": {"eta": 0.5563410576460284, "max_depth": 16.10291727850921, "n_estimators": 36.51644261278045}, "datetime": {"datetime": "2021-09-21 14:05:37", "elapsed": 2399.229035, "delta": 17.848539}}
{"target": -13.70386443514573, "params": {"eta": 0.01, "max_depth": 11.151931227793705, "n_estimators": 54.92776762959969}, "datetime": {"datetime": "2021-09-21 14:05:47", "elapsed": 2409.851357, "delta": 10.622322}}
{"target": -2.40752639958733, "params": {"eta": 0.2971359030904912, "max_depth": 10.59799206852725, "n_estimators": 32.97982130163047}, "datetime": {"datetime": "2021-09-21 14:05:53", "elapsed": 2415.131223, "delta": 5.279866}}
{"target": -3.213347338375292, "params": {"eta": 0.7546881535539356, "max_depth": 19.041368535560068, "n_estimators": 41.80361343866738}, "datetime": {"datetime": "2021-09-21 14:06:07", "elapsed": 2429.086281, "delta": 13.955058}}
{"target": -3.212724944164879, "params": {"eta": 0.7571720795214849, "max_depth": 12.113057145771624, "n_estimators": 16.995259069490075}, "datetime": {"datetime": "2021-09-21 14:06:17", "elapsed": 2438.986357, "delta": 9.900076}}
{"target": -2.460250310521377, "params": {"eta": 0.4376871220096475, "max_depth": 23.502188898432003, "n_estimators": 54.06726935145947}, "datetime": {"datetime": "2021-09-21 14:06:29", "elapsed": 2451.535254, "delta": 12.548897}}
{"target": -2.7034875612509874, "params": {"eta": 0.5163161557461187, "max_depth": 26.745507900366707, "n_estimators": 20.619978194118637}, "datetime": {"datetime": "2021-09-21 14:06:37", "elapsed": 2459.379425, "delta": 7.844171}}
{"target": -2.5020903066584936, "params": {"eta": 0.2267443073413948, "max_depth": 15.505051896461454, "n_estimators": 34.27643280942142}, "datetime": {"datetime": "2021-09-21 14:06:46", "elapsed": 2468.621242, "delta": 9.241817}}
{"target": -2.5005209163615576, "params": {"eta": 0.39146992130990027, "max_depth": 18.404163728198093, "n_estimators": 41.92988980629866}, "datetime": {"datetime": "2021-09-21 14:06:57", "elapsed": 2479.444062, "delta": 10.82282}}
{"target": -2.4837006079523185, "params": {"eta": 0.26246111243641346, "max_depth": 12.866464661450292, "n_estimators": 17.203932006820736}, "datetime": {"datetime": "2021-09-21 14:07:05", "elapsed": 2487.101608, "delta": 7.657546}}
{"target": -9.522901297243017, "params": {"eta": 0.053797845392737347, "max_depth": 12.46142826549915, "n_estimators": 17.51298705144354}, "datetime": {"datetime": "2021-09-21 14:07:17", "elapsed": 2499.372442, "delta": 12.270834}}
{"target": -4.180753218500238, "params": {"eta": 0.034569168482667764, "max_depth": 10.610715807202997, "n_estimators": 55.98693918737509}, "datetime": {"datetime": "2021-09-21 14:07:28", "elapsed": 2510.297414, "delta": 10.924972}}
{"target": -3.296177966343729, "params": {"eta": 0.7692273607698348, "max_depth": 12.712402013359032, "n_estimators": 16.56618478566447}, "datetime": {"datetime": "2021-09-21 14:07:38", "elapsed": 2520.136707, "delta": 9.839293}}
{"target": -2.4701337130446186, "params": {"eta": 0.26611524494794925, "max_depth": 13.222502453235775, "n_estimators": 16.739470376584723}, "datetime": {"datetime": "2021-09-21 14:07:50", "elapsed": 2532.341878, "delta": 12.205171}}
{"target": -2.9143053795162, "params": {"eta": 0.6129060888502726, "max_depth": 13.21159991338346, "n_estimators": 17.183444839509512}, "datetime": {"datetime": "2021-09-21 14:08:00", "elapsed": 2542.663043, "delta": 10.321165}}
{"target": -17.806825681266034, "params": {"eta": 0.01666353869389104, "max_depth": 11.429868936793463, "n_estimators": 16.836378902510084}, "datetime": {"datetime": "2021-09-21 14:08:15", "elapsed": 2557.736151, "delta": 15.073108}}
{"target": -3.44762028047913, "params": {"eta": 0.9889793342827251, "max_depth": 11.381531552284683, "n_estimators": 16.5827172112079}, "datetime": {"datetime": "2021-09-21 14:08:26", "elapsed": 2567.973091, "delta": 10.23694}}
{"target": -12.742028820200971, "params": {"eta": 0.010993056059679955, "max_depth": 29.244907900854283, "n_estimators": 56.55886406791051}, "datetime": {"datetime": "2021-09-21 14:08:35", "elapsed": 2577.228798, "delta": 9.255707}}
{"target": -2.8923426910450583, "params": {"eta": 0.5718225192473442, "max_depth": 25.216120312776113, "n_estimators": 53.90686933523266}, "datetime": {"datetime": "2021-09-21 14:08:42", "elapsed": 2584.900097, "delta": 7.671299}}
{"target": -3.6718246133703936, "params": {"eta": 0.8379783456269716, "max_depth": 10.94929411984279, "n_estimators": 16.949033974438382}, "datetime": {"datetime": "2021-09-21 14:08:53", "elapsed": 2595.01516, "delta": 10.115063}}
{"target": -6.606363873732716, "params": {"eta": 0.031137455536009377, "max_depth": 10.727165799579426, "n_estimators": 43.978492381457535}, "datetime": {"datetime": "2021-09-21 14:09:00", "elapsed": 2602.194746, "delta": 7.179586}}
{"target": -4.228113402190961, "params": {"eta": 0.04349571491641425, "max_depth": 10.613876324374147, "n_estimators": 43.77361220378058}, "datetime": {"datetime": "2021-09-21 14:09:14", "elapsed": 2616.876122, "delta": 14.681376}}
{"target": -2.3793335393855446, "params": {"eta": 0.3011226026094729, "max_depth": 25.018708536602578, "n_estimators": 54.024236215931914}, "datetime": {"datetime": "2021-09-21 14:09:31", "elapsed": 2633.430307, "delta": 16.554185}}
{"target": -2.492997381561681, "params": {"eta": 0.25268772890572105, "max_depth": 28.400326953631712, "n_estimators": 15.183571342274819}, "datetime": {"datetime": "2021-09-21 14:09:35", "elapsed": 2637.734154, "delta": 4.303847}}
{"target": -2.306896558560823, "params": {"eta": 0.2003179330373709, "max_depth": 29.916019249107972, "n_estimators": 58.326869142357545}, "datetime": {"datetime": "2021-09-21 14:09:50", "elapsed": 2652.171888, "delta": 14.437734}}
{"target": -2.3186475000883404, "params": {"eta": 0.33186408043095816, "max_depth": 10.688881795030667, "n_estimators": 43.78170781713635}, "datetime": {"datetime": "2021-09-21 14:10:03", "elapsed": 2665.503496, "delta": 13.331608}}
{"target": -2.818966645943491, "params": {"eta": 0.5944482490854368, "max_depth": 12.522792970162278, "n_estimators": 20.689754919273224}, "datetime": {"datetime": "2021-09-21 14:10:09", "elapsed": 2671.401904, "delta": 5.898408}}
{"target": -2.3434586380657394, "params": {"eta": 0.11325409181015267, "max_depth": 10.894437435690234, "n_estimators": 43.93385854015236}, "datetime": {"datetime": "2021-09-21 14:10:18", "elapsed": 2680.728246, "delta": 9.326342}}
{"target": -2.4749945797418293, "params": {"eta": 0.27088400440614435, "max_depth": 13.291744853038555, "n_estimators": 31.879761938663844}, "datetime": {"datetime": "2021-09-21 14:10:32", "elapsed": 2694.028893, "delta": 13.300647}}
{"target": -2.976604649895116, "params": {"eta": 0.919044897324847, "max_depth": 2.1584621544466756, "n_estimators": 51.16577486735002}, "datetime": {"datetime": "2021-09-21 14:10:37", "elapsed": 2699.309375, "delta": 5.280482}}
{"target": -2.3846673519987807, "params": {"eta": 0.2344806170302397, "max_depth": 18.0318404881924, "n_estimators": 41.85716811781229}, "datetime": {"datetime": "2021-09-21 14:10:53", "elapsed": 2715.322558, "delta": 16.013183}}
{"target": -2.381874095138751, "params": {"eta": 0.26557868484459285, "max_depth": 20.492143522824435, "n_estimators": 44.9876696777399}, "datetime": {"datetime": "2021-09-21 14:11:05", "elapsed": 2727.569387, "delta": 12.246829}}
{"target": -2.4131135400972865, "params": {"eta": 0.3276898185141055, "max_depth": 10.7333484623901, "n_estimators": 44.01530492223885}, "datetime": {"datetime": "2021-09-21 14:11:18", "elapsed": 2740.907098, "delta": 13.337711}}
{"target": -2.429628783150723, "params": {"eta": 0.3042275292221409, "max_depth": 13.007395691342495, "n_estimators": 31.951510438250818}, "datetime": {"datetime": "2021-09-21 14:11:31", "elapsed": 2753.682903, "delta": 12.775805}}
{"target": -2.3282724863604494, "params": {"eta": 0.3269285100212883, "max_depth": 27.041601716087232, "n_estimators": 55.35138032304245}, "datetime": {"datetime": "2021-09-21 14:11:42", "elapsed": 2764.00566, "delta": 10.322757}}
{"target": -2.3000711484959253, "params": {"eta": 0.17138159677624912, "max_depth": 18.48862752823107, "n_estimators": 41.670957465197574}, "datetime": {"datetime": "2021-09-21 14:12:00", "elapsed": 2782.034503, "delta": 18.028843}}
{"target": -2.3036318728798313, "params": {"eta": 0.15951943157255616, "max_depth": 26.71674211932246, "n_estimators": 55.486448376916755}, "datetime": {"datetime": "2021-09-21 14:12:15", "elapsed": 2797.290075, "delta": 15.255572}}
{"target": -2.390367244419299, "params": {"eta": 0.275237859258942, "max_depth": 13.066856802426335, "n_estimators": 31.667300977481347}, "datetime": {"datetime": "2021-09-21 14:12:27", "elapsed": 2809.014054, "delta": 11.723979}}
{"target": -2.541245366397657, "params": {"eta": 0.3476324123007219, "max_depth": 13.08497936981833, "n_estimators": 17.007573122833428}, "datetime": {"datetime": "2021-09-21 14:12:38", "elapsed": 2820.875406, "delta": 11.861352}}
{"target": -2.278577260594619, "params": {"eta": 0.13488196637447872, "max_depth": 18.3811468973731, "n_estimators": 41.8900788950252}, "datetime": {"datetime": "2021-09-21 14:12:49", "elapsed": 2831.565792, "delta": 10.690386}}
{"target": -2.392718211600655, "params": {"eta": 0.16845320087425325, "max_depth": 26.237825453093865, "n_estimators": 32.37332154923814}, "datetime": {"datetime": "2021-09-21 14:12:56", "elapsed": 2838.791419, "delta": 7.225627}}
{"target": -15.858153401550496, "params": {"eta": 0.17724339459053257, "max_depth": 26.582296105922243, "n_estimators": 2.100232946053589}, "datetime": {"datetime": "2021-09-21 14:13:02", "elapsed": 2844.06873, "delta": 5.277311}}
{"target": -3.268677136772557, "params": {"eta": 0.7483141072563996, "max_depth": 14.245219122641245, "n_estimators": 43.678140037595675}, "datetime": {"datetime": "2021-09-21 14:13:07", "elapsed": 2849.699861, "delta": 5.631131}}
{"target": -2.5523442425225906, "params": {"eta": 0.4110998878982473, "max_depth": 26.946090689240748, "n_estimators": 55.69119191399066}, "datetime": {"datetime": "2021-09-21 14:13:19", "elapsed": 2861.745967, "delta": 12.046106}}
{"target": -2.439548272835581, "params": {"eta": 0.44378741794062, "max_depth": 18.632592710055544, "n_estimators": 41.717750850214145}, "datetime": {"datetime": "2021-09-21 14:13:32", "elapsed": 2874.868202, "delta": 13.122235}}
{"target": -2.3617955126260455, "params": {"eta": 0.17870339937629817, "max_depth": 19.58334680997148, "n_estimators": 34.60148751027447}, "datetime": {"datetime": "2021-09-21 14:13:44", "elapsed": 2886.228328, "delta": 11.360126}}
{"target": -3.2383491283968877, "params": {"eta": 0.919419621430651, "max_depth": 4.737170583451011, "n_estimators": 9.253907522339327}, "datetime": {"datetime": "2021-09-21 14:13:49", "elapsed": 2891.075804, "delta": 4.847476}}
