{"target": -11.330685495933613, "params": {"eta": 0.13103703779016423, "max_depth": 6.3704689921459785, "n_estimators": 78.65236062529787}, "datetime": {"datetime": "2021-09-27 18:48:49", "elapsed": 24.130689, "delta": 0.494289}}
{"target": -13.811701000618518, "params": {"eta": 0.5, "max_depth": 6.265998007389416, "n_estimators": 79.61269004241828}, "datetime": {"datetime": "2021-09-27 18:48:49", "elapsed": 24.940691, "delta": 0.810002}}
{"target": -11.481054316741854, "params": {"eta": 0.0550018772414786, "max_depth": 6.1718495578544665, "n_estimators": 77.83511248276396}, "datetime": {"datetime": "2021-09-27 18:48:50", "elapsed": 25.63369, "delta": 0.692999}}
{"target": -11.144146556167982, "params": {"eta": 0.46381179403347156, "max_depth": 7.055888711151551, "n_estimators": 77.37095428503659}, "datetime": {"datetime": "2021-09-27 18:48:51", "elapsed": 26.362763, "delta": 0.729073}}
{"target": -13.143563022177249, "params": {"eta": 0.4790712271285934, "max_depth": 6.811094536871783, "n_estimators": 76.59381252486571}, "datetime": {"datetime": "2021-09-27 18:48:53", "elapsed": 28.153633, "delta": 1.79087}}
{"target": -11.689352204395522, "params": {"eta": 0.35755016937991635, "max_depth": 6.903505493747678, "n_estimators": 78.01707491373038}, "datetime": {"datetime": "2021-09-27 18:48:54", "elapsed": 29.390329, "delta": 1.236696}}
{"target": -11.809973543295953, "params": {"eta": 0.13299330798435632, "max_depth": 9.441951305390209, "n_estimators": 78.83896922930957}, "datetime": {"datetime": "2021-09-27 18:48:55", "elapsed": 30.088388, "delta": 0.698059}}
{"target": -11.724079579207398, "params": {"eta": 0.27152290362363846, "max_depth": 9.568956270011995, "n_estimators": 77.31156313380808}, "datetime": {"datetime": "2021-09-27 18:48:55", "elapsed": 30.945391, "delta": 0.857003}}
{"target": -11.642794981533722, "params": {"eta": 0.38495737825241244, "max_depth": 21.149231548476628, "n_estimators": 97.02821564834522}, "datetime": {"datetime": "2021-09-27 18:48:56", "elapsed": 31.55839, "delta": 0.612999}}
{"target": -12.400631470993924, "params": {"eta": 0.4677747262773703, "max_depth": 9.41960980969715, "n_estimators": 76.45301058312864}, "datetime": {"datetime": "2021-09-27 18:48:57", "elapsed": 32.677391, "delta": 1.119001}}
{"target": -11.589584359918115, "params": {"eta": 0.142426721829656, "max_depth": 3.7123860763604206, "n_estimators": 83.36422160631219}, "datetime": {"datetime": "2021-09-27 18:48:58", "elapsed": 33.056387, "delta": 0.378996}}
{"target": -11.643702273362305, "params": {"eta": 0.37159969788316327, "max_depth": 7.427948428045198, "n_estimators": 77.62215412693078}, "datetime": {"datetime": "2021-09-27 18:48:59", "elapsed": 34.645694, "delta": 1.589307}}
{"target": -11.21943157966121, "params": {"eta": 0.1070099683852134, "max_depth": 7.064292188812549, "n_estimators": 77.44387818817897}, "datetime": {"datetime": "2021-09-27 18:49:00", "elapsed": 35.678693, "delta": 1.032999}}
{"target": -11.879641993652502, "params": {"eta": 0.2109630390039952, "max_depth": 10.272233207249196, "n_estimators": 78.65045555863512}, "datetime": {"datetime": "2021-09-27 18:49:01", "elapsed": 36.465321, "delta": 0.786628}}
{"target": -11.071215065093565, "params": {"eta": 0.23712661944340419, "max_depth": 6.603617749073999, "n_estimators": 77.51657945642602}, "datetime": {"datetime": "2021-09-27 18:49:02", "elapsed": 37.109321, "delta": 0.644}}
{"target": -11.409634743684586, "params": {"eta": 0.07855811885569199, "max_depth": 9.891021497695355, "n_estimators": 76.32645103664422}, "datetime": {"datetime": "2021-09-27 18:49:03", "elapsed": 38.41432, "delta": 1.304999}}
{"target": -12.019534503502175, "params": {"eta": 0.42000483708022274, "max_depth": 9.851467348791216, "n_estimators": 79.36249756744891}, "datetime": {"datetime": "2021-09-27 18:49:04", "elapsed": 39.690326, "delta": 1.276006}}
{"target": -12.004521158851396, "params": {"eta": 0.2671543406505022, "max_depth": 8.489192773766646, "n_estimators": 79.16676327312827}, "datetime": {"datetime": "2021-09-27 18:49:06", "elapsed": 41.538426, "delta": 1.8481}}
{"target": -11.352140329483603, "params": {"eta": 0.05, "max_depth": 9.39281564964042, "n_estimators": 75.98110390672552}, "datetime": {"datetime": "2021-09-27 18:49:07", "elapsed": 42.687781, "delta": 1.149355}}
{"target": -12.225059012746883, "params": {"eta": 0.24467253611149065, "max_depth": 8.751399182215575, "n_estimators": 77.62011214264804}, "datetime": {"datetime": "2021-09-27 18:49:08", "elapsed": 43.436782, "delta": 0.749001}}
{"target": -11.886883252225102, "params": {"eta": 0.4119344239485439, "max_depth": 15.474149578518677, "n_estimators": 70.50144476542478}, "datetime": {"datetime": "2021-09-27 18:49:09", "elapsed": 44.160725, "delta": 0.723943}}
{"target": -11.626383843478882, "params": {"eta": 0.43671250098032566, "max_depth": 9.80829628087203, "n_estimators": 78.23830940913285}, "datetime": {"datetime": "2021-09-27 18:49:10", "elapsed": 45.489722, "delta": 1.328997}}
{"target": -13.152187967139911, "params": {"eta": 0.4905597680246365, "max_depth": 7.644052205697874, "n_estimators": 99.9183037732355}, "datetime": {"datetime": "2021-09-27 18:49:11", "elapsed": 46.446723, "delta": 0.957001}}
{"target": -12.504083763329893, "params": {"eta": 0.38330585860658595, "max_depth": 9.92403434258285, "n_estimators": 78.24711471390883}, "datetime": {"datetime": "2021-09-27 18:49:12", "elapsed": 47.099722, "delta": 0.652999}}
{"target": -12.586717312012121, "params": {"eta": 0.34111484030909495, "max_depth": 3.3025933061177866, "n_estimators": 94.31790984878054}, "datetime": {"datetime": "2021-09-27 18:49:12", "elapsed": 47.503728, "delta": 0.404006}}
{"target": -12.24420270276354, "params": {"eta": 0.4167210177613867, "max_depth": 6.8165042648951175, "n_estimators": 77.62515945678732}, "datetime": {"datetime": "2021-09-27 18:49:12", "elapsed": 47.985727, "delta": 0.481999}}
{"target": -11.74298925596716, "params": {"eta": 0.38874839144587126, "max_depth": 6.908572288410077, "n_estimators": 77.92533712755748}, "datetime": {"datetime": "2021-09-27 18:49:13", "elapsed": 48.515723, "delta": 0.529996}}
{"target": -12.182294092215997, "params": {"eta": 0.3128574139892217, "max_depth": 6.395916255623643, "n_estimators": 77.50439704056677}, "datetime": {"datetime": "2021-09-27 18:49:14", "elapsed": 49.047576, "delta": 0.531853}}
{"target": -11.577872887387404, "params": {"eta": 0.14683673634774863, "max_depth": 8.933525026130205, "n_estimators": 79.50564169116306}, "datetime": {"datetime": "2021-09-27 18:49:14", "elapsed": 49.802577, "delta": 0.755001}}
{"target": -11.914308669094979, "params": {"eta": 0.42782869991826145, "max_depth": 21.461586207298463, "n_estimators": 81.62872523879527}, "datetime": {"datetime": "2021-09-27 18:49:15", "elapsed": 50.715451, "delta": 0.912874}}
{"target": -11.411407710899457, "params": {"eta": 0.06325397459085816, "max_depth": 9.403047403701953, "n_estimators": 78.80746245300746}, "datetime": {"datetime": "2021-09-27 18:49:16", "elapsed": 51.523451, "delta": 0.808}}
{"target": -12.310354292499904, "params": {"eta": 0.3227333176299143, "max_depth": 7.17078614530238, "n_estimators": 77.41227214747349}, "datetime": {"datetime": "2021-09-27 18:49:18", "elapsed": 53.893712, "delta": 2.370261}}
{"target": -14.259283741718335, "params": {"eta": 0.08365896107979812, "max_depth": 2.2438394633907466, "n_estimators": 60.94521183287991}, "datetime": {"datetime": "2021-09-27 18:49:19", "elapsed": 54.263355, "delta": 0.369643}}
{"target": -12.43600044762181, "params": {"eta": 0.24824805996956195, "max_depth": 9.697216067797843, "n_estimators": 76.26879979181822}, "datetime": {"datetime": "2021-09-27 18:49:19", "elapsed": 54.886353, "delta": 0.622998}}
{"target": -12.044383299415431, "params": {"eta": 0.2099019781469939, "max_depth": 29.96739279596445, "n_estimators": 75.76266291906362}, "datetime": {"datetime": "2021-09-27 18:49:20", "elapsed": 55.796354, "delta": 0.910001}}
{"target": -11.509490345148862, "params": {"eta": 0.1917058071103896, "max_depth": 9.529820901655976, "n_estimators": 76.3345901656969}, "datetime": {"datetime": "2021-09-27 18:49:21", "elapsed": 56.654731, "delta": 0.858377}}
{"target": -11.149544393142206, "params": {"eta": 0.4143505920547595, "max_depth": 7.03989751648034, "n_estimators": 77.35022818859946}, "datetime": {"datetime": "2021-09-27 18:49:22", "elapsed": 57.86373, "delta": 1.208999}}
{"target": -12.243431221037442, "params": {"eta": 0.1800322218343408, "max_depth": 25.701764213415615, "n_estimators": 57.725540094456896}, "datetime": {"datetime": "2021-09-27 18:49:23", "elapsed": 58.869641, "delta": 1.005911}}
{"target": -11.704167166579154, "params": {"eta": 0.10136915980366105, "max_depth": 9.83664508152395, "n_estimators": 76.53925370873031}, "datetime": {"datetime": "2021-09-27 18:49:24", "elapsed": 59.795967, "delta": 0.926326}}
{"target": -11.0866927151045, "params": {"eta": 0.10327277387992162, "max_depth": 6.818124945040264, "n_estimators": 77.50367034935266}, "datetime": {"datetime": "2021-09-27 18:49:25", "elapsed": 60.409922, "delta": 0.613955}}
{"target": -11.070402210125781, "params": {"eta": 0.10338747826824354, "max_depth": 6.599663163633129, "n_estimators": 77.70401263124921}, "datetime": {"datetime": "2021-09-27 18:49:26", "elapsed": 61.000926, "delta": 0.591004}}
{"target": -13.187136210372884, "params": {"eta": 0.48674282830540566, "max_depth": 6.984400441562181, "n_estimators": 77.23206040706518}, "datetime": {"datetime": "2021-09-27 18:49:26", "elapsed": 61.651924, "delta": 0.650998}}
{"target": -12.595443869114584, "params": {"eta": 0.3247839786308108, "max_depth": 20.027589747239816, "n_estimators": 87.69214347838067}, "datetime": {"datetime": "2021-09-27 18:49:27", "elapsed": 62.943983, "delta": 1.292059}}
{"target": -11.449443151140452, "params": {"eta": 0.052420613747330924, "max_depth": 9.999238043188347, "n_estimators": 76.41205104649772}, "datetime": {"datetime": "2021-09-27 18:49:28", "elapsed": 63.682983, "delta": 0.739}}
{"target": -11.131261927553796, "params": {"eta": 0.18377513073503854, "max_depth": 6.624436488048476, "n_estimators": 77.631529220409}, "datetime": {"datetime": "2021-09-27 18:49:29", "elapsed": 64.26414, "delta": 0.581157}}
{"target": -12.320966794765745, "params": {"eta": 0.3423767373913905, "max_depth": 24.972464475755924, "n_estimators": 60.84933757613379}, "datetime": {"datetime": "2021-09-27 18:49:30", "elapsed": 65.004132, "delta": 0.739992}}
{"target": -11.47836643456366, "params": {"eta": 0.15405520390457295, "max_depth": 6.76979922573591, "n_estimators": 77.58311707668602}, "datetime": {"datetime": "2021-09-27 18:49:30", "elapsed": 65.549135, "delta": 0.545003}}
{"target": -11.044570168483766, "params": {"eta": 0.08071478634831154, "max_depth": 10.219812818137322, "n_estimators": 78.98668217116908}, "datetime": {"datetime": "2021-09-27 18:49:31", "elapsed": 66.572827, "delta": 1.023692}}
{"target": -12.208810864676813, "params": {"eta": 0.39515718675655914, "max_depth": 14.681612718667136, "n_estimators": 64.76213807569556}, "datetime": {"datetime": "2021-09-27 18:49:32", "elapsed": 67.317823, "delta": 0.744996}}
{"target": -11.34246655562174, "params": {"eta": 0.10984979530701064, "max_depth": 9.452042503604778, "n_estimators": 76.3847221297251}, "datetime": {"datetime": "2021-09-27 18:49:33", "elapsed": 68.499866, "delta": 1.182043}}
{"target": -11.567110485745202, "params": {"eta": 0.10067316867656931, "max_depth": 11.365898380001457, "n_estimators": 72.07276697008005}, "datetime": {"datetime": "2021-09-27 18:49:34", "elapsed": 69.768865, "delta": 1.268999}}
{"target": -11.534469234278575, "params": {"eta": 0.07812529604538657, "max_depth": 9.527917429798201, "n_estimators": 76.55851261847751}, "datetime": {"datetime": "2021-09-27 18:49:35", "elapsed": 70.952926, "delta": 1.184061}}
{"target": -11.199410201399838, "params": {"eta": 0.14298306224974788, "max_depth": 6.508814918178083, "n_estimators": 77.83323960994848}, "datetime": {"datetime": "2021-09-27 18:49:37", "elapsed": 72.068939, "delta": 1.116013}}
{"target": -11.257143852814613, "params": {"eta": 0.07254962817873878, "max_depth": 6.44188556605234, "n_estimators": 77.47742277759559}, "datetime": {"datetime": "2021-09-27 18:49:37", "elapsed": 72.71442, "delta": 0.645481}}
{"target": -11.384866414152818, "params": {"eta": 0.05531559572852651, "max_depth": 7.0772214682827865, "n_estimators": 77.46366457501425}, "datetime": {"datetime": "2021-09-27 18:49:38", "elapsed": 73.262422, "delta": 0.548002}}
{"target": -11.509181006726106, "params": {"eta": 0.06360898763001904, "max_depth": 6.4254882762973855, "n_estimators": 78.03920696701275}, "datetime": {"datetime": "2021-09-27 18:49:38", "elapsed": 73.822057, "delta": 0.559635}}
{"target": -11.334245000496198, "params": {"eta": 0.07035319279987107, "max_depth": 6.853776739803095, "n_estimators": 77.26619368310878}, "datetime": {"datetime": "2021-09-27 18:49:39", "elapsed": 74.859069, "delta": 1.037012}}
{"target": -11.48618863813851, "params": {"eta": 0.050342664125016374, "max_depth": 10.013073186410306, "n_estimators": 78.10290853166694}, "datetime": {"datetime": "2021-09-27 18:49:40", "elapsed": 75.615071, "delta": 0.756002}}
{"target": -10.877827563759967, "params": {"eta": 0.18453343711044573, "max_depth": 6.582062227968862, "n_estimators": 77.28391773295368}, "datetime": {"datetime": "2021-09-27 18:49:41", "elapsed": 76.584069, "delta": 0.968998}}
{"target": -11.405768251834592, "params": {"eta": 0.05068097644734504, "max_depth": 6.784613238591241, "n_estimators": 77.83579612867223}, "datetime": {"datetime": "2021-09-27 18:49:42", "elapsed": 77.114072, "delta": 0.530003}}
{"target": -11.724792297592481, "params": {"eta": 0.0758556877902114, "max_depth": 10.09001467458324, "n_estimators": 79.14369548099188}, "datetime": {"datetime": "2021-09-27 18:49:42", "elapsed": 77.900071, "delta": 0.785999}}
{"target": -12.270676864004045, "params": {"eta": 0.3774909381085066, "max_depth": 6.492639285422465, "n_estimators": 77.19113483221938}, "datetime": {"datetime": "2021-09-27 18:49:43", "elapsed": 78.770069, "delta": 0.869998}}
{"target": -12.746113766386525, "params": {"eta": 0.47530939940376493, "max_depth": 11.011833379702864, "n_estimators": 93.02874236201862}, "datetime": {"datetime": "2021-09-27 18:49:44", "elapsed": 79.482772, "delta": 0.712703}}
{"target": -12.33982710965038, "params": {"eta": 0.3255584154289998, "max_depth": 14.199188702509147, "n_estimators": 77.44093778197268}, "datetime": {"datetime": "2021-09-27 18:49:45", "elapsed": 80.344996, "delta": 0.862224}}
{"target": -11.4619964507739, "params": {"eta": 0.1655278845531098, "max_depth": 6.734870514616813, "n_estimators": 78.00730454449103}, "datetime": {"datetime": "2021-09-27 18:49:46", "elapsed": 81.033993, "delta": 0.688997}}
{"target": -11.498952048133479, "params": {"eta": 0.17359227141050926, "max_depth": 6.670820390335552, "n_estimators": 77.31908275678092}, "datetime": {"datetime": "2021-09-27 18:49:47", "elapsed": 82.154995, "delta": 1.121002}}
{"target": -11.668557734038284, "params": {"eta": 0.09422708434917476, "max_depth": 22.08691894358285, "n_estimators": 96.01151521260181}, "datetime": {"datetime": "2021-09-27 18:49:48", "elapsed": 83.286239, "delta": 1.131244}}
{"target": -11.590188635923559, "params": {"eta": 0.07371196962780541, "max_depth": 12.269996568061742, "n_estimators": 94.60901548661364}, "datetime": {"datetime": "2021-09-27 18:49:49", "elapsed": 84.301879, "delta": 1.01564}}
{"target": -11.831821515609864, "params": {"eta": 0.21311450819999378, "max_depth": 10.17615382427606, "n_estimators": 78.87638118543113}, "datetime": {"datetime": "2021-09-27 18:49:50", "elapsed": 85.183315, "delta": 0.881436}}
{"target": -11.574169502978348, "params": {"eta": 0.30417396851248985, "max_depth": 6.642611728330161, "n_estimators": 77.85016322883588}, "datetime": {"datetime": "2021-09-27 18:49:51", "elapsed": 86.146313, "delta": 0.962998}}
{"target": -11.05422083948534, "params": {"eta": 0.18104719048635393, "max_depth": 4.017813114863074, "n_estimators": 91.49197598515843}, "datetime": {"datetime": "2021-09-27 18:49:51", "elapsed": 86.682502, "delta": 0.536189}}
{"target": -11.475285406577814, "params": {"eta": 0.2117144709095859, "max_depth": 3.8780245543785172, "n_estimators": 91.4003576713063}, "datetime": {"datetime": "2021-09-27 18:49:52", "elapsed": 87.293538, "delta": 0.611036}}
{"target": -13.258058492677655, "params": {"eta": 0.4955562641548159, "max_depth": 22.602057203871365, "n_estimators": 57.05958782814459}, "datetime": {"datetime": "2021-09-27 18:49:52", "elapsed": 87.908503, "delta": 0.614965}}
{"target": -11.635632993555205, "params": {"eta": 0.20926178782762872, "max_depth": 9.2314610627778, "n_estimators": 79.40634766098361}, "datetime": {"datetime": "2021-09-27 18:49:53", "elapsed": 88.806816, "delta": 0.898313}}
{"target": -11.217108632333462, "params": {"eta": 0.08695241263748091, "max_depth": 6.307244914944649, "n_estimators": 77.2699173628858}, "datetime": {"datetime": "2021-09-27 18:49:54", "elapsed": 89.644813, "delta": 0.837997}}
{"target": -11.236036641919563, "params": {"eta": 0.07131384343274125, "max_depth": 6.616480557433462, "n_estimators": 77.1560543675719}, "datetime": {"datetime": "2021-09-27 18:49:55", "elapsed": 90.303816, "delta": 0.659003}}
{"target": -11.990199854387642, "params": {"eta": 0.3332035842044892, "max_depth": 4.034546250162768, "n_estimators": 91.60339057815145}, "datetime": {"datetime": "2021-09-27 18:49:55", "elapsed": 90.931443, "delta": 0.627627}}
{"target": -11.528764115373894, "params": {"eta": 0.13188368648472182, "max_depth": 15.28395914757557, "n_estimators": 50.20431795787315}, "datetime": {"datetime": "2021-09-27 18:49:57", "elapsed": 92.768247, "delta": 1.836804}}
{"target": -11.158449587388281, "params": {"eta": 0.10133196828822685, "max_depth": 4.03229999142883, "n_estimators": 91.4074309697651}, "datetime": {"datetime": "2021-09-27 18:49:58", "elapsed": 93.761254, "delta": 0.993007}}
{"target": -11.529221268703301, "params": {"eta": 0.09733769787523552, "max_depth": 10.243450359134934, "n_estimators": 76.96534809743183}, "datetime": {"datetime": "2021-09-27 18:49:59", "elapsed": 94.926284, "delta": 1.16503}}
{"target": -11.748941205332997, "params": {"eta": 0.09912841780279691, "max_depth": 10.34850333770672, "n_estimators": 79.00566412581368}, "datetime": {"datetime": "2021-09-27 18:50:00", "elapsed": 95.91228, "delta": 0.985996}}
{"target": -11.608476597732905, "params": {"eta": 0.08277298856838933, "max_depth": 6.431260886112376, "n_estimators": 77.07114153718106}, "datetime": {"datetime": "2021-09-27 18:50:01", "elapsed": 96.768377, "delta": 0.856097}}
{"target": -11.452450545882183, "params": {"eta": 0.11515035977220749, "max_depth": 6.44999399042896, "n_estimators": 77.26819706415365}, "datetime": {"datetime": "2021-09-27 18:50:02", "elapsed": 97.733374, "delta": 0.964997}}
{"target": -11.489893009871102, "params": {"eta": 0.08301299420763236, "max_depth": 6.489882505321918, "n_estimators": 77.22823457136049}, "datetime": {"datetime": "2021-09-27 18:50:03", "elapsed": 98.521748, "delta": 0.788374}}
{"target": -11.271436124166446, "params": {"eta": 0.05183564910192719, "max_depth": 9.221319467916517, "n_estimators": 78.63572285362146}, "datetime": {"datetime": "2021-09-27 18:50:04", "elapsed": 99.707749, "delta": 1.186001}}
{"target": -11.20931004156528, "params": {"eta": 0.15833392510770733, "max_depth": 6.810220777303263, "n_estimators": 77.50181135608803}, "datetime": {"datetime": "2021-09-27 18:50:05", "elapsed": 100.831961, "delta": 1.124212}}
{"target": -11.580380922438179, "params": {"eta": 0.09267955027979091, "max_depth": 9.384288264283636, "n_estimators": 78.459913424612}, "datetime": {"datetime": "2021-09-27 18:50:07", "elapsed": 102.482863, "delta": 1.650902}}
{"target": -12.120044779125534, "params": {"eta": 0.38741896421624467, "max_depth": 9.56398055933546, "n_estimators": 78.12410515194017}, "datetime": {"datetime": "2021-09-27 18:50:08", "elapsed": 103.524861, "delta": 1.041998}}
{"target": -12.75496734186671, "params": {"eta": 0.485833972314148, "max_depth": 29.38117347048107, "n_estimators": 50.82238144321494}, "datetime": {"datetime": "2021-09-27 18:50:09", "elapsed": 104.351455, "delta": 0.826594}}
{"target": -11.820218541592938, "params": {"eta": 0.16615506276138856, "max_depth": 9.181585871496305, "n_estimators": 75.96876390859765}, "datetime": {"datetime": "2021-09-27 18:50:10", "elapsed": 105.217456, "delta": 0.866001}}
{"target": -11.720861332504073, "params": {"eta": 0.08732259762877143, "max_depth": 28.83436391132125, "n_estimators": 77.97739236441599}, "datetime": {"datetime": "2021-09-27 18:50:11", "elapsed": 106.597037, "delta": 1.379581}}
{"target": -11.126785054572359, "params": {"eta": 0.1376189657479838, "max_depth": 6.9192367764909815, "n_estimators": 77.48104987232952}, "datetime": {"datetime": "2021-09-27 18:50:12", "elapsed": 107.807035, "delta": 1.209998}}
{"target": -12.043514373702303, "params": {"eta": 0.15820893972575897, "max_depth": 13.29333654693415, "n_estimators": 72.69219037689871}, "datetime": {"datetime": "2021-09-27 18:50:13", "elapsed": 108.759403, "delta": 0.952368}}
{"target": -12.114685077454135, "params": {"eta": 0.2679442042398712, "max_depth": 27.90861090241713, "n_estimators": 55.310474943556486}, "datetime": {"datetime": "2021-09-27 18:50:14", "elapsed": 109.945738, "delta": 1.186335}}
{"target": -11.81745643010698, "params": {"eta": 0.05013304548320888, "max_depth": 4.270481958531624, "n_estimators": 91.45857849469107}, "datetime": {"datetime": "2021-09-27 18:50:15", "elapsed": 110.560765, "delta": 0.615027}}
{"target": -11.425749773405625, "params": {"eta": 0.1445570079567493, "max_depth": 9.871325318271841, "n_estimators": 76.89871196708843}, "datetime": {"datetime": "2021-09-27 18:50:16", "elapsed": 111.529764, "delta": 0.968999}}
