{"target": 0.8460750921256386, "params": {"eta": 0.22447350993961276, "max_depth": 19.778305262539, "n_estimators": 50.565579434404874}, "datetime": {"datetime": "2021-09-21 12:42:14", "elapsed": 76.549548, "delta": 0.929213}}
{"target": 0.8678902034866169, "params": {"eta": 0.22374687612598237, "max_depth": 10.373068427817753, "n_estimators": 57.60194584931604}, "datetime": {"datetime": "2021-09-21 12:42:15", "elapsed": 77.422085, "delta": 0.872537}}
{"target": 0.8562892163041926, "params": {"eta": 0.21585503787383595, "max_depth": 5.276582197873811, "n_estimators": 36.1096610872826}, "datetime": {"datetime": "2021-09-21 12:42:15", "elapsed": 77.974774, "delta": 0.552689}}
{"target": 0.8545367356465161, "params": {"eta": 0.3842286749868147, "max_depth": 14.488694237002992, "n_estimators": 59.582647544400665}, "datetime": {"datetime": "2021-09-21 12:42:16", "elapsed": 78.811773, "delta": 0.836999}}
{"target": 0.8580720660345973, "params": {"eta": 0.30765569610229426, "max_depth": 9.188943904504923, "n_estimators": 53.715251724837664}, "datetime": {"datetime": "2021-09-21 12:42:17", "elapsed": 79.640061, "delta": 0.828288}}
{"target": 0.8838168404340883, "params": {"eta": 0.3417961157564382, "max_depth": 7.30162598696022, "n_estimators": 58.10613522324542}, "datetime": {"datetime": "2021-09-21 12:42:18", "elapsed": 80.314271, "delta": 0.67421}}
{"target": 0.8481249316509918, "params": {"eta": 0.26210297097644697, "max_depth": 9.244829551144347, "n_estimators": 39.009331772174804}, "datetime": {"datetime": "2021-09-21 12:42:19", "elapsed": 81.117871, "delta": 0.8036}}
{"target": 0.8573139364514472, "params": {"eta": 0.12626031155127224, "max_depth": 9.8173992726045, "n_estimators": 48.1918553701131}, "datetime": {"datetime": "2021-09-21 12:42:19", "elapsed": 81.825634, "delta": 0.707763}}
{"target": 0.8569578088573943, "params": {"eta": 0.1626044280712038, "max_depth": 10.607634332158927, "n_estimators": 54.81975731230851}, "datetime": {"datetime": "2021-09-21 12:42:20", "elapsed": 82.663534, "delta": 0.8379}}
{"target": 0.7809447334711344, "params": {"eta": 0.11974455277733953, "max_depth": 1.2326938686962388, "n_estimators": 56.932469810167866}, "datetime": {"datetime": "2021-09-21 12:42:21", "elapsed": 83.158536, "delta": 0.495002}}
{"target": 0.8320582154408429, "params": {"eta": 0.3883300721174753, "max_depth": 3.1236649392307037, "n_estimators": 35.2447393868136}, "datetime": {"datetime": "2021-09-21 12:42:21", "elapsed": 83.753335, "delta": 0.594799}}
{"target": 0.8632675515670974, "params": {"eta": 0.3463727172986182, "max_depth": 14.66940295083836, "n_estimators": 57.15679798428242}, "datetime": {"datetime": "2021-09-21 12:42:22", "elapsed": 84.610335, "delta": 0.857}}
{"target": 0.8610438464762862, "params": {"eta": 0.2228749386209471, "max_depth": 17.538637704368057, "n_estimators": 42.91492531602198}, "datetime": {"datetime": "2021-09-21 12:42:23", "elapsed": 85.603551, "delta": 0.993216}}
{"target": 0.8436885111430001, "params": {"eta": 0.28659451098603494, "max_depth": 5.992173347907276, "n_estimators": 40.46899694393142}, "datetime": {"datetime": "2021-09-21 12:42:24", "elapsed": 86.163692, "delta": 0.560141}}
{"target": 0.8599837423898326, "params": {"eta": 0.15491727986346035, "max_depth": 16.33028740873766, "n_estimators": 46.43746113604273}, "datetime": {"datetime": "2021-09-21 12:42:25", "elapsed": 86.992278, "delta": 0.828586}}
{"target": 0.8580021251320976, "params": {"eta": 0.31497314872778215, "max_depth": 8.682614251394533, "n_estimators": 39.01797578385064}, "datetime": {"datetime": "2021-09-21 12:42:25", "elapsed": 87.775678, "delta": 0.7834}}
{"target": 0.7932514129144711, "params": {"eta": 0.253070038148854, "max_depth": 1.0870672580286167, "n_estimators": 50.7021660385507}, "datetime": {"datetime": "2021-09-21 12:42:26", "elapsed": 88.427275, "delta": 0.651597}}
{"target": 0.8350413160548074, "params": {"eta": 0.30835546641115846, "max_depth": 19.180910643845692, "n_estimators": 55.43793082447876}, "datetime": {"datetime": "2021-09-21 12:42:27", "elapsed": 89.379185, "delta": 0.95191}}
{"target": 0.8542548737631648, "params": {"eta": 0.34879112570152104, "max_depth": 10.905390318601098, "n_estimators": 51.557423729900016}, "datetime": {"datetime": "2021-09-21 12:42:28", "elapsed": 90.297949, "delta": 0.918764}}
{"target": 0.855310703995321, "params": {"eta": 0.3165469739319735, "max_depth": 4.22061497631824, "n_estimators": 55.756292568193224}, "datetime": {"datetime": "2021-09-21 12:42:29", "elapsed": 91.057949, "delta": 0.76}}
{"target": 0.8407116712545442, "params": {"eta": 0.19936290348545038, "max_depth": 3.823966411586186, "n_estimators": 52.45920327724075}, "datetime": {"datetime": "2021-09-21 12:42:29", "elapsed": 91.762993, "delta": 0.705044}}
{"target": 0.8442047735504035, "params": {"eta": 0.3300916880871857, "max_depth": 6.793659698550532, "n_estimators": 50.1333404867144}, "datetime": {"datetime": "2021-09-21 12:42:30", "elapsed": 92.590585, "delta": 0.827592}}
{"target": 0.8596184589282121, "params": {"eta": 0.22619938882164836, "max_depth": 6.323874211388183, "n_estimators": 36.42700976219588}, "datetime": {"datetime": "2021-09-21 12:42:31", "elapsed": 93.206213, "delta": 0.615628}}
{"target": 0.857037020238651, "params": {"eta": 0.15552092893499314, "max_depth": 4.545168517687033, "n_estimators": 47.67824061238183}, "datetime": {"datetime": "2021-09-21 12:42:31", "elapsed": 93.891943, "delta": 0.68573}}
{"target": 0.8489357685217028, "params": {"eta": 0.14499147105083407, "max_depth": 17.1381458810124, "n_estimators": 34.884377831907045}, "datetime": {"datetime": "2021-09-21 12:42:32", "elapsed": 94.625942, "delta": 0.733999}}
{"target": 0.8532745374430375, "params": {"eta": 0.15115496307031778, "max_depth": 3.930830629542448, "n_estimators": 57.563588036809804}, "datetime": {"datetime": "2021-09-21 12:42:33", "elapsed": 95.34627, "delta": 0.720328}}
{"target": 0.8616307400964474, "params": {"eta": 0.3747833139346699, "max_depth": 5.673274397349507, "n_estimators": 59.46606036782242}, "datetime": {"datetime": "2021-09-21 12:42:34", "elapsed": 96.006696, "delta": 0.660426}}
{"target": 0.8576152336821325, "params": {"eta": 0.14110994248524938, "max_depth": 8.710856068883917, "n_estimators": 40.218870079673636}, "datetime": {"datetime": "2021-09-21 12:42:34", "elapsed": 96.969982, "delta": 0.963286}}
{"target": 0.8617596993428593, "params": {"eta": 0.16946224981877855, "max_depth": 6.227287495782275, "n_estimators": 37.96012399887479}, "datetime": {"datetime": "2021-09-21 12:42:35", "elapsed": 97.63576, "delta": 0.665778}}
{"target": 0.8590227166271412, "params": {"eta": 0.12928949521230226, "max_depth": 15.560384851437375, "n_estimators": 44.645369487253504}, "datetime": {"datetime": "2021-09-21 12:42:36", "elapsed": 98.553519, "delta": 0.917759}}
{"target": 0.8484755579976124, "params": {"eta": 0.32494982921135296, "max_depth": 16.268856333963015, "n_estimators": 38.206053661866285}, "datetime": {"datetime": "2021-09-21 12:42:37", "elapsed": 99.532491, "delta": 0.978972}}
{"target": 0.8553632824425978, "params": {"eta": 0.1382085299786254, "max_depth": 14.23633398882414, "n_estimators": 34.50085646345226}, "datetime": {"datetime": "2021-09-21 12:42:38", "elapsed": 100.209282, "delta": 0.676791}}
{"target": 0.8657894558172494, "params": {"eta": 0.3639451524339691, "max_depth": 15.135430322784469, "n_estimators": 44.59162090808388}, "datetime": {"datetime": "2021-09-21 12:42:38", "elapsed": 100.971283, "delta": 0.762001}}
{"target": 0.8727169124971716, "params": {"eta": 0.20248611554531668, "max_depth": 13.319090171600957, "n_estimators": 37.73313484347482}, "datetime": {"datetime": "2021-09-21 12:42:39", "elapsed": 101.733786, "delta": 0.762503}}
{"target": 0.8330399787601334, "params": {"eta": 0.2600012139562069, "max_depth": 15.378274245112202, "n_estimators": 35.50977505841642}, "datetime": {"datetime": "2021-09-21 12:42:40", "elapsed": 102.808585, "delta": 1.074799}}
{"target": 0.8420636294509497, "params": {"eta": 0.30018736270344354, "max_depth": 7.84676393801933, "n_estimators": 45.04222655253707}, "datetime": {"datetime": "2021-09-21 12:42:41", "elapsed": 103.75654, "delta": 0.947955}}
{"target": 0.8379163776591269, "params": {"eta": 0.25402374585968, "max_depth": 18.104654022134966, "n_estimators": 46.832679589203885}, "datetime": {"datetime": "2021-09-21 12:42:42", "elapsed": 104.895237, "delta": 1.138697}}
{"target": 0.8524180678714, "params": {"eta": 0.10207055053997802, "max_depth": 11.379034032739817, "n_estimators": 44.18846564994602}, "datetime": {"datetime": "2021-09-21 12:42:43", "elapsed": 105.824317, "delta": 0.92908}}
{"target": 0.8706158051442201, "params": {"eta": 0.195495075502159, "max_depth": 12.326670657675797, "n_estimators": 34.58223458345363}, "datetime": {"datetime": "2021-09-21 12:42:44", "elapsed": 106.644194, "delta": 0.819877}}
{"target": 0.8460811776371462, "params": {"eta": 0.16173593349978357, "max_depth": 18.86348815706932, "n_estimators": 51.04551723268447}, "datetime": {"datetime": "2021-09-21 12:42:45", "elapsed": 107.800408, "delta": 1.156214}}
{"target": 0.8434077815766445, "params": {"eta": 0.2614096123291647, "max_depth": 10.43739608521868, "n_estimators": 44.731329316375984}, "datetime": {"datetime": "2021-09-21 12:42:46", "elapsed": 108.805723, "delta": 1.005315}}
{"target": 0.8681281371315257, "params": {"eta": 0.1888687902726066, "max_depth": 9.371359793645956, "n_estimators": 52.881508737844605}, "datetime": {"datetime": "2021-09-21 12:42:47", "elapsed": 109.778591, "delta": 0.972868}}
{"target": 0.8649504911889988, "params": {"eta": 0.23036501338268073, "max_depth": 7.625874727630125, "n_estimators": 33.51449788796484}, "datetime": {"datetime": "2021-09-21 12:42:48", "elapsed": 110.445595, "delta": 0.667004}}
{"target": 0.8516270375402614, "params": {"eta": 0.1456688176478365, "max_depth": 19.991397273366797, "n_estimators": 55.22377999039639}, "datetime": {"datetime": "2021-09-21 12:42:49", "elapsed": 111.822511, "delta": 1.376916}}
{"target": 0.859792579975461, "params": {"eta": 0.390484818039596, "max_depth": 8.003085547460598, "n_estimators": 59.30497796333545}, "datetime": {"datetime": "2021-09-21 12:42:50", "elapsed": 112.683907, "delta": 0.861396}}
{"target": 0.8523134491871036, "params": {"eta": 0.2936654926632013, "max_depth": 7.02333027680589, "n_estimators": 52.45351409113584}, "datetime": {"datetime": "2021-09-21 12:42:51", "elapsed": 113.463681, "delta": 0.779774}}
{"target": 0.8566496322652807, "params": {"eta": 0.39236567030969016, "max_depth": 4.775643914859074, "n_estimators": 45.34384887494477}, "datetime": {"datetime": "2021-09-21 12:42:52", "elapsed": 114.144469, "delta": 0.680788}}
{"target": 0.8689111709310501, "params": {"eta": 0.3296131002124645, "max_depth": 15.99598489691884, "n_estimators": 57.382125927022585}, "datetime": {"datetime": "2021-09-21 12:42:53", "elapsed": 115.284051, "delta": 1.139582}}
{"target": 0.8424447039940893, "params": {"eta": 0.14532614624478257, "max_depth": 3.237666635149425, "n_estimators": 59.967800973638106}, "datetime": {"datetime": "2021-09-21 12:42:54", "elapsed": 116.088836, "delta": 0.804785}}
{"target": 0.8403116111855402, "params": {"eta": 0.25658836645631355, "max_depth": 16.105874020488187, "n_estimators": 46.78029578183921}, "datetime": {"datetime": "2021-09-21 12:42:55", "elapsed": 117.074432, "delta": 0.985596}}
{"target": 0.8667865074832797, "params": {"eta": 0.1997718053032041, "max_depth": 19.857555513966762, "n_estimators": 57.264406982012545}, "datetime": {"datetime": "2021-09-21 12:42:56", "elapsed": 118.276745, "delta": 1.202313}}
{"target": 0.8097833103594181, "params": {"eta": 0.27792135146480634, "max_depth": 1.3477837053446324, "n_estimators": 58.89829403352882}, "datetime": {"datetime": "2021-09-21 12:42:56", "elapsed": 118.962741, "delta": 0.685996}}
{"target": 0.8668118442470667, "params": {"eta": 0.2008492920799212, "max_depth": 12.31499258651161, "n_estimators": 36.16988990232084}, "datetime": {"datetime": "2021-09-21 12:42:57", "elapsed": 119.738525, "delta": 0.775784}}
{"target": 0.8699485109452104, "params": {"eta": 0.3872485238200599, "max_depth": 12.606333309024016, "n_estimators": 56.67727255742133}, "datetime": {"datetime": "2021-09-21 12:42:58", "elapsed": 120.808262, "delta": 1.069737}}
{"target": 0.8536485002789719, "params": {"eta": 0.2663570943562993, "max_depth": 13.509021765629088, "n_estimators": 58.221324774390176}, "datetime": {"datetime": "2021-09-21 12:42:59", "elapsed": 121.896341, "delta": 1.088079}}
{"target": 0.8486587770345423, "params": {"eta": 0.3990492068445618, "max_depth": 18.10260401402435, "n_estimators": 46.476460418222956}, "datetime": {"datetime": "2021-09-21 12:43:01", "elapsed": 122.998084, "delta": 1.101743}}
{"target": 0.8635286839451595, "params": {"eta": 0.2730881452621478, "max_depth": 19.899640632694435, "n_estimators": 54.491415295078454}, "datetime": {"datetime": "2021-09-21 12:43:02", "elapsed": 124.081065, "delta": 1.082981}}
{"target": 0.8577816850651442, "params": {"eta": 0.35538629403994415, "max_depth": 12.756031173810866, "n_estimators": 49.21635663451144}, "datetime": {"datetime": "2021-09-21 12:43:03", "elapsed": 125.012593, "delta": 0.931528}}
{"target": 0.8611886618105928, "params": {"eta": 0.1335790586186657, "max_depth": 9.828832091143958, "n_estimators": 58.992700936500285}, "datetime": {"datetime": "2021-09-21 12:43:04", "elapsed": 126.215594, "delta": 1.203001}}
{"target": 0.8071347498817532, "params": {"eta": 0.17926681251282464, "max_depth": 2.3803804083420292, "n_estimators": 41.63431551903619}, "datetime": {"datetime": "2021-09-21 12:43:04", "elapsed": 126.91018, "delta": 0.694586}}
{"target": 0.8645889645644348, "params": {"eta": 0.33652165772669385, "max_depth": 16.269367652604473, "n_estimators": 42.81407043900293}, "datetime": {"datetime": "2021-09-21 12:43:05", "elapsed": 127.909619, "delta": 0.999439}}
{"target": 0.8601579638205302, "params": {"eta": 0.17798513581288977, "max_depth": 9.761313038807446, "n_estimators": 36.65136172820807}, "datetime": {"datetime": "2021-09-21 12:43:06", "elapsed": 128.696619, "delta": 0.787}}
{"target": 0.8310290163643812, "params": {"eta": 0.3873376902653134, "max_depth": 3.9894180839716524, "n_estimators": 47.29014363805372}, "datetime": {"datetime": "2021-09-21 12:43:07", "elapsed": 129.385217, "delta": 0.688598}}
{"target": 0.844396084241626, "params": {"eta": 0.29036797694868033, "max_depth": 16.17840063184517, "n_estimators": 33.0428991583522}, "datetime": {"datetime": "2021-09-21 12:43:08", "elapsed": 130.50849, "delta": 1.123273}}
{"target": 0.8637854220029272, "params": {"eta": 0.3498178115440458, "max_depth": 7.70944160077381, "n_estimators": 49.16987163213743}, "datetime": {"datetime": "2021-09-21 12:43:09", "elapsed": 131.580847, "delta": 1.072357}}
{"target": 0.8527393533089185, "params": {"eta": 0.3524273628037039, "max_depth": 14.981475565448507, "n_estimators": 54.53948089919185}, "datetime": {"datetime": "2021-09-21 12:43:10", "elapsed": 132.79116, "delta": 1.210313}}
{"target": 0.851627969824553, "params": {"eta": 0.17284628215158387, "max_depth": 13.331831602155411, "n_estimators": 45.79018628831976}, "datetime": {"datetime": "2021-09-21 12:43:11", "elapsed": 133.765186, "delta": 0.974026}}
{"target": 0.8624457162459062, "params": {"eta": 0.1563961456951079, "max_depth": 16.974819368842414, "n_estimators": 54.13613490124847}, "datetime": {"datetime": "2021-09-21 12:43:12", "elapsed": 134.984978, "delta": 1.219792}}
{"target": 0.8625597378566109, "params": {"eta": 0.36326598924077, "max_depth": 13.36966498281802, "n_estimators": 45.97419032950977}, "datetime": {"datetime": "2021-09-21 12:43:13", "elapsed": 135.965174, "delta": 0.980196}}
{"target": 0.8706965997893084, "params": {"eta": 0.3878606517966907, "max_depth": 13.237710509854939, "n_estimators": 51.024839429401325}, "datetime": {"datetime": "2021-09-21 12:43:15", "elapsed": 137.250128, "delta": 1.284954}}
{"target": 0.788223565788505, "params": {"eta": 0.1161935798123983, "max_depth": 2.1676859521255687, "n_estimators": 34.54821472516728}, "datetime": {"datetime": "2021-09-21 12:43:16", "elapsed": 138.183793, "delta": 0.933665}}
{"target": 0.8328213610566491, "params": {"eta": 0.32097582070997344, "max_depth": 3.7200937607046654, "n_estimators": 54.26549774789162}, "datetime": {"datetime": "2021-09-21 12:43:16", "elapsed": 138.914784, "delta": 0.730991}}
{"target": 0.8616099069516727, "params": {"eta": 0.33251264730369967, "max_depth": 5.931270621379883, "n_estimators": 47.772645332324835}, "datetime": {"datetime": "2021-09-21 12:43:17", "elapsed": 139.878184, "delta": 0.9634}}
{"target": 0.8552610205314962, "params": {"eta": 0.3138821570250018, "max_depth": 6.665174217062098, "n_estimators": 39.18677777468091}, "datetime": {"datetime": "2021-09-21 12:43:18", "elapsed": 140.747394, "delta": 0.86921}}
{"target": 0.8236053655881819, "params": {"eta": 0.22739978611108727, "max_depth": 3.4040951653147595, "n_estimators": 47.75152750371013}, "datetime": {"datetime": "2021-09-21 12:43:19", "elapsed": 141.62423, "delta": 0.876836}}
{"target": 0.8392073242981576, "params": {"eta": 0.21719817143542014, "max_depth": 19.20673170011283, "n_estimators": 36.576922611769845}, "datetime": {"datetime": "2021-09-21 12:43:21", "elapsed": 142.998674, "delta": 1.374444}}
{"target": 0.8661687876076228, "params": {"eta": 0.3358582866358597, "max_depth": 16.534447028786268, "n_estimators": 36.999151430418685}, "datetime": {"datetime": "2021-09-21 12:43:22", "elapsed": 144.309352, "delta": 1.310678}}
{"target": 0.8583742393114637, "params": {"eta": 0.16274472583586153, "max_depth": 9.35694886457347, "n_estimators": 47.7602521808508}, "datetime": {"datetime": "2021-09-21 12:43:23", "elapsed": 145.305351, "delta": 0.995999}}
{"target": 0.8409344196235102, "params": {"eta": 0.25418480134032223, "max_depth": 12.496584566005303, "n_estimators": 35.97439708259409}, "datetime": {"datetime": "2021-09-21 12:43:24", "elapsed": 146.245218, "delta": 0.939867}}
{"target": 0.8469745423095556, "params": {"eta": 0.2155582658445598, "max_depth": 17.345586737192484, "n_estimators": 39.456345006665025}, "datetime": {"datetime": "2021-09-21 12:43:25", "elapsed": 147.253848, "delta": 1.00863}}
{"target": 0.8577474121693778, "params": {"eta": 0.20705579857381717, "max_depth": 5.262859298847805, "n_estimators": 36.78774775679797}, "datetime": {"datetime": "2021-09-21 12:43:26", "elapsed": 148.064486, "delta": 0.810638}}
{"target": 0.8597008554505902, "params": {"eta": 0.34504439455007496, "max_depth": 17.434885009250934, "n_estimators": 51.32089906310718}, "datetime": {"datetime": "2021-09-21 12:43:27", "elapsed": 149.246485, "delta": 1.181999}}
{"target": 0.8687893058664504, "params": {"eta": 0.1714806424819637, "max_depth": 19.390637948295197, "n_estimators": 44.88688347058008}, "datetime": {"datetime": "2021-09-21 12:43:28", "elapsed": 150.89435, "delta": 1.647865}}
{"target": 0.8531119442417032, "params": {"eta": 0.32367070798376973, "max_depth": 6.7498967920541455, "n_estimators": 57.26366909161701}, "datetime": {"datetime": "2021-09-21 12:43:30", "elapsed": 152.614381, "delta": 1.720031}}
{"target": 0.845135135700082, "params": {"eta": 0.23192025422401202, "max_depth": 9.892618757255693, "n_estimators": 38.81635542063979}, "datetime": {"datetime": "2021-09-21 12:43:32", "elapsed": 154.055847, "delta": 1.441466}}
{"target": 0.8494403636605461, "params": {"eta": 0.3174622351636971, "max_depth": 12.41286847137473, "n_estimators": 37.705527470785796}, "datetime": {"datetime": "2021-09-21 12:43:33", "elapsed": 155.779706, "delta": 1.723859}}
{"target": 0.8557789175588625, "params": {"eta": 0.10009435858726014, "max_depth": 10.411066576250978, "n_estimators": 42.613342165755405}, "datetime": {"datetime": "2021-09-21 12:43:35", "elapsed": 157.152137, "delta": 1.372431}}
{"target": 0.8447217506878215, "params": {"eta": 0.25787287635625233, "max_depth": 13.417253763937, "n_estimators": 38.36657551605659}, "datetime": {"datetime": "2021-09-21 12:43:36", "elapsed": 158.523199, "delta": 1.371062}}
{"target": 0.8544100332852769, "params": {"eta": 0.31274972265980594, "max_depth": 9.761693199940968, "n_estimators": 44.83100098974331}, "datetime": {"datetime": "2021-09-21 12:43:38", "elapsed": 160.203557, "delta": 1.680358}}
{"target": 0.8510043103622232, "params": {"eta": 0.36172800594401355, "max_depth": 5.639048713212042, "n_estimators": 50.30278168401995}, "datetime": {"datetime": "2021-09-21 12:43:39", "elapsed": 161.772028, "delta": 1.568471}}
{"target": 0.845796018843487, "params": {"eta": 0.2916570297018666, "max_depth": 11.997521453424314, "n_estimators": 35.2386506052995}, "datetime": {"datetime": "2021-09-21 12:43:41", "elapsed": 163.766142, "delta": 1.994114}}
{"target": 0.77912143966544, "params": {"eta": 0.1611927881833331, "max_depth": 1.0919252366748196, "n_estimators": 53.59053243468472}, "datetime": {"datetime": "2021-09-21 12:43:42", "elapsed": 164.871403, "delta": 1.105261}}
{"target": 0.868720930797351, "params": {"eta": 0.26428759717320605, "max_depth": 18.400732114514927, "n_estimators": 56.73162470890695}, "datetime": {"datetime": "2021-09-21 12:43:44", "elapsed": 166.7783, "delta": 1.906897}}
{"target": 0.8746467334514426, "params": {"eta": 0.1296350636016068, "max_depth": 9.251953951617054, "n_estimators": 58.296121987285545}, "datetime": {"datetime": "2021-09-21 12:43:46", "elapsed": 168.093879, "delta": 1.315579}}
{"target": 0.849653365024578, "params": {"eta": 0.29060000386384377, "max_depth": 5.35863562394295, "n_estimators": 46.30800871163289}, "datetime": {"datetime": "2021-09-21 12:43:47", "elapsed": 169.682888, "delta": 1.589009}}
{"target": 0.8633744542262203, "params": {"eta": 0.34606886215692, "max_depth": 14.7643630833422, "n_estimators": 40.77308598369589}, "datetime": {"datetime": "2021-09-21 12:43:49", "elapsed": 171.147143, "delta": 1.464255}}
