{"target": -10.2919400661201, "params": {"eta": 0.14672848833259794, "max_depth": 7.335658804114972, "n_estimators": 52.681378219910535}, "datetime": {"datetime": "2021-09-27 19:14:39", "elapsed": 286.044994, "delta": 1.318019}}
{"target": -11.655355117931569, "params": {"eta": 0.2734413928515024, "max_depth": 20.33993326282783, "n_estimators": 90.95253061574212}, "datetime": {"datetime": "2021-09-27 19:14:40", "elapsed": 287.470001, "delta": 1.425007}}
{"target": -11.1758360070407, "params": {"eta": 0.26912284226898486, "max_depth": 6.680914627980867, "n_estimators": 75.7918348547491}, "datetime": {"datetime": "2021-09-27 19:14:42", "elapsed": 288.907633, "delta": 1.437632}}
{"target": -11.081375673499744, "params": {"eta": 0.1680847525366485, "max_depth": 5.175664574496798, "n_estimators": 54.49876343264687}, "datetime": {"datetime": "2021-09-27 19:14:44", "elapsed": 290.662873, "delta": 1.75524}}
{"target": -10.428575017809688, "params": {"eta": 0.07272089260737984, "max_depth": 27.006146036453057, "n_estimators": 80.36150258391848}, "datetime": {"datetime": "2021-09-27 19:14:45", "elapsed": 292.17807, "delta": 1.515197}}
{"target": -10.774035661810604, "params": {"eta": 0.20098388299668102, "max_depth": 31.35628927238491, "n_estimators": 76.34490205711178}, "datetime": {"datetime": "2021-09-27 19:14:47", "elapsed": 293.760071, "delta": 1.582001}}
{"target": -10.377417905757085, "params": {"eta": 0.20365068077488319, "max_depth": 4.141179170178798, "n_estimators": 82.25906040363299}, "datetime": {"datetime": "2021-09-27 19:14:48", "elapsed": 295.053886, "delta": 1.293815}}
{"target": -10.874393962075942, "params": {"eta": 0.17956539418821948, "max_depth": 10.671849069818999, "n_estimators": 93.62185395480634}, "datetime": {"datetime": "2021-09-27 19:14:50", "elapsed": 296.834309, "delta": 1.780423}}
{"target": -10.983619135603588, "params": {"eta": 0.2900851296937173, "max_depth": 24.828020843216667, "n_estimators": 95.53570773495778}, "datetime": {"datetime": "2021-09-27 19:14:51", "elapsed": 298.412107, "delta": 1.577798}}
{"target": -11.731569422981732, "params": {"eta": 0.24494959350121448, "max_depth": 15.233637327449157, "n_estimators": 91.57144535137095}, "datetime": {"datetime": "2021-09-27 19:14:53", "elapsed": 300.048056, "delta": 1.635949}}
{"target": -15.430277866056372, "params": {"eta": 0.09428231303768954, "max_depth": 1.1192714502564889, "n_estimators": 68.26043399583972}, "datetime": {"datetime": "2021-09-27 19:14:54", "elapsed": 301.153681, "delta": 1.105625}}
{"target": -11.32623918342098, "params": {"eta": 0.22468759662640608, "max_depth": 21.681853942111676, "n_estimators": 72.45196502596603}, "datetime": {"datetime": "2021-09-27 19:14:56", "elapsed": 303.191698, "delta": 2.038017}}
{"target": -10.504823648693637, "params": {"eta": 0.12598317084708688, "max_depth": 27.931788710891016, "n_estimators": 83.91739311520001}, "datetime": {"datetime": "2021-09-27 19:14:58", "elapsed": 305.1494, "delta": 1.957702}}
{"target": -11.030077092276896, "params": {"eta": 0.2872178983254797, "max_depth": 14.749176836230776, "n_estimators": 91.44539504209035}, "datetime": {"datetime": "2021-09-27 19:15:00", "elapsed": 306.643602, "delta": 1.494202}}
{"target": -10.577029778820972, "params": {"eta": 0.09128008129252486, "max_depth": 13.558614426517234, "n_estimators": 92.70405243024463}, "datetime": {"datetime": "2021-09-27 19:15:01", "elapsed": 308.3888, "delta": 1.745198}}
{"target": -10.719185075890588, "params": {"eta": 0.2820667341390571, "max_depth": 34.88622623622991, "n_estimators": 69.98661884574203}, "datetime": {"datetime": "2021-09-27 19:15:03", "elapsed": 310.051802, "delta": 1.663002}}
{"target": -10.904793595836773, "params": {"eta": 0.18843439052669536, "max_depth": 29.493971962925183, "n_estimators": 96.71450626323568}, "datetime": {"datetime": "2021-09-27 19:15:05", "elapsed": 312.219196, "delta": 2.167394}}
{"target": -11.335391906483531, "params": {"eta": 0.2678649444783201, "max_depth": 32.417861075996775, "n_estimators": 85.89583583869396}, "datetime": {"datetime": "2021-09-27 19:15:07", "elapsed": 313.656193, "delta": 1.436997}}
{"target": -10.772829837594983, "params": {"eta": 0.21748751887112178, "max_depth": 5.1694927160285316, "n_estimators": 94.02700534661643}, "datetime": {"datetime": "2021-09-27 19:15:08", "elapsed": 315.49749, "delta": 1.841297}}
{"target": -13.067566614054824, "params": {"eta": 0.10612044470210354, "max_depth": 2.196923264026838, "n_estimators": 92.53925527667269}, "datetime": {"datetime": "2021-09-27 19:15:09", "elapsed": 316.557618, "delta": 1.060128}}
{"target": -10.925591388532311, "params": {"eta": 0.28276501995365905, "max_depth": 32.73929231353705, "n_estimators": 65.78859400351077}, "datetime": {"datetime": "2021-09-27 19:15:11", "elapsed": 318.081615, "delta": 1.523997}}
{"target": -10.819728228615181, "params": {"eta": 0.12495511930102925, "max_depth": 7.617364608422102, "n_estimators": 55.11343275734124}, "datetime": {"datetime": "2021-09-27 19:15:13", "elapsed": 319.873488, "delta": 1.791873}}
{"target": -10.756962510270347, "params": {"eta": 0.13241643720045498, "max_depth": 4.660786653507215, "n_estimators": 84.44215858131523}, "datetime": {"datetime": "2021-09-27 19:15:14", "elapsed": 321.214227, "delta": 1.340739}}
{"target": -10.715757688262624, "params": {"eta": 0.10212794423764625, "max_depth": 32.50058189880788, "n_estimators": 86.69109312542784}, "datetime": {"datetime": "2021-09-27 19:15:16", "elapsed": 323.003685, "delta": 1.789458}}
{"target": -10.47229799480774, "params": {"eta": 0.14286229474238538, "max_depth": 19.079285058122203, "n_estimators": 55.65923539602317}, "datetime": {"datetime": "2021-09-27 19:15:17", "elapsed": 324.544962, "delta": 1.541277}}
{"target": -11.147818211377517, "params": {"eta": 0.23302494990668404, "max_depth": 12.551569336505414, "n_estimators": 50.35123138994273}, "datetime": {"datetime": "2021-09-27 19:15:19", "elapsed": 326.117625, "delta": 1.572663}}
{"target": -11.311976362330286, "params": {"eta": 0.2631339410436958, "max_depth": 34.43783128418716, "n_estimators": 66.91687855634177}, "datetime": {"datetime": "2021-09-27 19:15:21", "elapsed": 328.152844, "delta": 2.035219}}
{"target": -10.869926888337233, "params": {"eta": 0.16920201642856642, "max_depth": 20.820227082060153, "n_estimators": 59.63475720105515}, "datetime": {"datetime": "2021-09-27 19:15:23", "elapsed": 329.938362, "delta": 1.785518}}
{"target": -10.862373006342278, "params": {"eta": 0.28288129033475146, "max_depth": 14.829854690224177, "n_estimators": 92.33243110979903}, "datetime": {"datetime": "2021-09-27 19:15:24", "elapsed": 331.476933, "delta": 1.538571}}
{"target": -11.093815352751232, "params": {"eta": 0.22351088823866622, "max_depth": 32.081339247292746, "n_estimators": 93.52926214171124}, "datetime": {"datetime": "2021-09-27 19:15:26", "elapsed": 333.285554, "delta": 1.808621}}
{"target": -10.292167689815413, "params": {"eta": 0.20766804792206645, "max_depth": 30.302743067057737, "n_estimators": 76.88607476575427}, "datetime": {"datetime": "2021-09-27 19:15:28", "elapsed": 335.035124, "delta": 1.74957}}
{"target": -10.4667403577511, "params": {"eta": 0.15005592745584795, "max_depth": 21.306659595341724, "n_estimators": 71.8989182817553}, "datetime": {"datetime": "2021-09-27 19:15:30", "elapsed": 336.72197, "delta": 1.686846}}
{"target": -11.210278861244468, "params": {"eta": 0.2367228300600932, "max_depth": 27.499376025480235, "n_estimators": 64.56992180694634}, "datetime": {"datetime": "2021-09-27 19:15:31", "elapsed": 338.416418, "delta": 1.694448}}
{"target": -10.331697072199706, "params": {"eta": 0.2231152663833028, "max_depth": 5.308188619493988, "n_estimators": 59.52139365532387}, "datetime": {"datetime": "2021-09-27 19:15:33", "elapsed": 339.848415, "delta": 1.431997}}
{"target": -11.080587274838317, "params": {"eta": 0.19048446124324991, "max_depth": 33.57862353848179, "n_estimators": 60.56670716294731}, "datetime": {"datetime": "2021-09-27 19:15:35", "elapsed": 341.632727, "delta": 1.784312}}
{"target": -11.72790636745232, "params": {"eta": 0.27104346324536766, "max_depth": 25.168229338541042, "n_estimators": 54.80955165065375}, "datetime": {"datetime": "2021-09-27 19:15:36", "elapsed": 343.363918, "delta": 1.731191}}
{"target": -11.654843306817897, "params": {"eta": 0.280171147232806, "max_depth": 6.4776095021346505, "n_estimators": 81.1253266823154}, "datetime": {"datetime": "2021-09-27 19:15:38", "elapsed": 345.224215, "delta": 1.860297}}
{"target": -10.969027472970438, "params": {"eta": 0.2859435855763224, "max_depth": 29.18132251170552, "n_estimators": 56.72251400588696}, "datetime": {"datetime": "2021-09-27 19:15:40", "elapsed": 346.877774, "delta": 1.653559}}
{"target": -10.282557020564001, "params": {"eta": 0.07995114968346202, "max_depth": 14.276024980558088, "n_estimators": 76.5143990725276}, "datetime": {"datetime": "2021-09-27 19:15:42", "elapsed": 348.734896, "delta": 1.857122}}
{"target": -11.088723043507647, "params": {"eta": 0.23880701932908, "max_depth": 17.62666319250368, "n_estimators": 62.9008201055689}, "datetime": {"datetime": "2021-09-27 19:15:43", "elapsed": 350.565184, "delta": 1.830288}}
{"target": -12.248279672562779, "params": {"eta": 0.28063411637811947, "max_depth": 2.608246698053999, "n_estimators": 90.86317911334761}, "datetime": {"datetime": "2021-09-27 19:15:45", "elapsed": 352.020795, "delta": 1.455611}}
{"target": -11.022263435193569, "params": {"eta": 0.2839594045164392, "max_depth": 31.158280530485595, "n_estimators": 59.88994875927369}, "datetime": {"datetime": "2021-09-27 19:15:47", "elapsed": 353.760078, "delta": 1.739283}}
{"target": -10.587440232607559, "params": {"eta": 0.050041173099154165, "max_depth": 32.46850011008705, "n_estimators": 98.90354047451805}, "datetime": {"datetime": "2021-09-27 19:15:49", "elapsed": 356.534656, "delta": 2.774578}}
{"target": -14.329651540228989, "params": {"eta": 0.19691743516798743, "max_depth": 1.4892656394786468, "n_estimators": 71.93874980018686}, "datetime": {"datetime": "2021-09-27 19:15:51", "elapsed": 358.015655, "delta": 1.480999}}
{"target": -11.286823611834281, "params": {"eta": 0.07884517525189937, "max_depth": 4.373583019124716, "n_estimators": 87.72360695111098}, "datetime": {"datetime": "2021-09-27 19:15:53", "elapsed": 359.669268, "delta": 1.653613}}
{"target": -11.428491175905595, "params": {"eta": 0.2619602540633976, "max_depth": 27.97446447965881, "n_estimators": 85.72624982274385}, "datetime": {"datetime": "2021-09-27 19:15:55", "elapsed": 361.840084, "delta": 2.170816}}
{"target": -10.885681994313217, "params": {"eta": 0.29687854248146806, "max_depth": 15.069995087994993, "n_estimators": 77.00170113322041}, "datetime": {"datetime": "2021-09-27 19:15:57", "elapsed": 364.204615, "delta": 2.364531}}
{"target": -10.978896360466702, "params": {"eta": 0.21964126899960384, "max_depth": 11.739543371259344, "n_estimators": 73.64893974441296}, "datetime": {"datetime": "2021-09-27 19:15:59", "elapsed": 365.861338, "delta": 1.656723}}
{"target": -11.11960713309907, "params": {"eta": 0.22427016999873922, "max_depth": 4.60529447776822, "n_estimators": 93.95146614255864}, "datetime": {"datetime": "2021-09-27 19:16:00", "elapsed": 367.371243, "delta": 1.509905}}
{"target": -10.590548386259622, "params": {"eta": 0.06497054216710389, "max_depth": 23.842946833459727, "n_estimators": 84.21557522197736}, "datetime": {"datetime": "2021-09-27 19:16:02", "elapsed": 369.233546, "delta": 1.862303}}
{"target": -14.6425203917277, "params": {"eta": 0.11772031218050123, "max_depth": 1.7881799978053043, "n_estimators": 94.37078822545197}, "datetime": {"datetime": "2021-09-27 19:16:04", "elapsed": 371.091605, "delta": 1.858059}}
{"target": -13.044348871204873, "params": {"eta": 0.12881662245696485, "max_depth": 2.878700825977804, "n_estimators": 98.97755507711204}, "datetime": {"datetime": "2021-09-27 19:16:05", "elapsed": 372.438954, "delta": 1.347349}}
{"target": -10.901375198068889, "params": {"eta": 0.17034033666114767, "max_depth": 21.51001033154053, "n_estimators": 77.48854698235458}, "datetime": {"datetime": "2021-09-27 19:16:08", "elapsed": 374.811298, "delta": 2.372344}}
{"target": -10.322251576686138, "params": {"eta": 0.052579444253006605, "max_depth": 28.013208405252158, "n_estimators": 76.91580834194718}, "datetime": {"datetime": "2021-09-27 19:16:10", "elapsed": 377.256479, "delta": 2.445181}}
{"target": -10.825095838127059, "params": {"eta": 0.1858204134744681, "max_depth": 28.481381554736622, "n_estimators": 76.62383521187616}, "datetime": {"datetime": "2021-09-27 19:16:13", "elapsed": 379.825724, "delta": 2.569245}}
{"target": -10.796738306547581, "params": {"eta": 0.16205184235249337, "max_depth": 23.271396447852574, "n_estimators": 97.47965329033039}, "datetime": {"datetime": "2021-09-27 19:16:16", "elapsed": 382.660505, "delta": 2.834781}}
{"target": -11.253160028269797, "params": {"eta": 0.2739781080980937, "max_depth": 32.24410575729099, "n_estimators": 89.62920421451544}, "datetime": {"datetime": "2021-09-27 19:16:17", "elapsed": 384.35351, "delta": 1.693005}}
{"target": -10.553352012436328, "params": {"eta": 0.07857168257083781, "max_depth": 24.40940913808217, "n_estimators": 91.73192594100229}, "datetime": {"datetime": "2021-09-27 19:16:20", "elapsed": 387.220844, "delta": 2.867334}}
{"target": -10.98114281961559, "params": {"eta": 0.1589880121706787, "max_depth": 27.666980800777527, "n_estimators": 69.94069626197388}, "datetime": {"datetime": "2021-09-27 19:16:23", "elapsed": 389.727443, "delta": 2.506599}}
{"target": -10.656752267557938, "params": {"eta": 0.1201585344889088, "max_depth": 27.815916410157776, "n_estimators": 76.71451497530093}, "datetime": {"datetime": "2021-09-27 19:16:25", "elapsed": 392.532086, "delta": 2.804643}}
{"target": -10.569036870898733, "params": {"eta": 0.08982966979584438, "max_depth": 10.283719886417959, "n_estimators": 53.204774756189245}, "datetime": {"datetime": "2021-09-27 19:16:28", "elapsed": 394.74139, "delta": 2.209304}}
{"target": -10.3374478096292, "params": {"eta": 0.10343131022051118, "max_depth": 28.273799472476437, "n_estimators": 76.36658868901677}, "datetime": {"datetime": "2021-09-27 19:16:31", "elapsed": 398.213189, "delta": 3.471799}}
{"target": -10.54848629813188, "params": {"eta": 0.06050432425897427, "max_depth": 28.06725801790609, "n_estimators": 84.7964400970687}, "datetime": {"datetime": "2021-09-27 19:16:33", "elapsed": 400.425469, "delta": 2.21228}}
{"target": -10.09489123127265, "params": {"eta": 0.13458115037785118, "max_depth": 28.191279461474668, "n_estimators": 76.60845490448348}, "datetime": {"datetime": "2021-09-27 19:16:36", "elapsed": 403.204786, "delta": 2.779317}}
{"target": -11.049312258827333, "params": {"eta": 0.19149679338231695, "max_depth": 32.29685401231134, "n_estimators": 85.25818399135244}, "datetime": {"datetime": "2021-09-27 19:16:38", "elapsed": 405.084028, "delta": 1.879242}}
{"target": -11.199564802223987, "params": {"eta": 0.16821175437056757, "max_depth": 26.87636763067858, "n_estimators": 66.2632357336089}, "datetime": {"datetime": "2021-09-27 19:16:40", "elapsed": 407.199068, "delta": 2.11504}}
{"target": -10.471583973665197, "params": {"eta": 0.062061720749779434, "max_depth": 29.81482427599624, "n_estimators": 84.41990679141014}, "datetime": {"datetime": "2021-09-27 19:16:42", "elapsed": 408.996598, "delta": 1.79753}}
{"target": -10.927198318526825, "params": {"eta": 0.27608166558390485, "max_depth": 22.295063686413783, "n_estimators": 75.89335553897165}, "datetime": {"datetime": "2021-09-27 19:16:44", "elapsed": 410.820533, "delta": 1.823935}}
{"target": -11.308631879064428, "params": {"eta": 0.26617169166858046, "max_depth": 28.63809469356912, "n_estimators": 72.66473245653826}, "datetime": {"datetime": "2021-09-27 19:16:46", "elapsed": 413.617365, "delta": 2.796832}}
{"target": -10.591341570435917, "params": {"eta": 0.19718848523944654, "max_depth": 17.79327662634799, "n_estimators": 59.5904298554467}, "datetime": {"datetime": "2021-09-27 19:16:48", "elapsed": 415.4166, "delta": 1.799235}}
{"target": -10.618368332304247, "params": {"eta": 0.09485794547868294, "max_depth": 17.46688624605046, "n_estimators": 91.73907589496605}, "datetime": {"datetime": "2021-09-27 19:16:51", "elapsed": 418.040592, "delta": 2.623992}}
{"target": -10.721959765697543, "params": {"eta": 0.1239989703089222, "max_depth": 17.63915346601013, "n_estimators": 55.06401714524092}, "datetime": {"datetime": "2021-09-27 19:16:53", "elapsed": 419.813795, "delta": 1.773203}}
{"target": -11.016845063175891, "params": {"eta": 0.1674647801329615, "max_depth": 30.80836782266152, "n_estimators": 99.71348758527739}, "datetime": {"datetime": "2021-09-27 19:16:55", "elapsed": 422.013101, "delta": 2.199306}}
{"target": -10.763497065269508, "params": {"eta": 0.1952131892851512, "max_depth": 8.673532599401845, "n_estimators": 82.61834062183058}, "datetime": {"datetime": "2021-09-27 19:16:57", "elapsed": 423.737233, "delta": 1.724132}}
{"target": -10.919501414692508, "params": {"eta": 0.2837851764224313, "max_depth": 16.417136851982015, "n_estimators": 71.56858213047022}, "datetime": {"datetime": "2021-09-27 19:16:59", "elapsed": 426.583316, "delta": 2.846083}}
{"target": -13.784455330265583, "params": {"eta": 0.11805637997945938, "max_depth": 2.092927668721045, "n_estimators": 58.60231166458697}, "datetime": {"datetime": "2021-09-27 19:17:02", "elapsed": 428.683499, "delta": 2.100183}}
{"target": -15.119214323885208, "params": {"eta": 0.12944298436172635, "max_depth": 1.4365479547023432, "n_estimators": 67.5882711434446}, "datetime": {"datetime": "2021-09-27 19:17:03", "elapsed": 430.104497, "delta": 1.420998}}
{"target": -10.563580585141766, "params": {"eta": 0.09037401863519055, "max_depth": 13.027297083066676, "n_estimators": 51.847873110958915}, "datetime": {"datetime": "2021-09-27 19:17:06", "elapsed": 433.014127, "delta": 2.90963}}
{"target": -10.913915771944497, "params": {"eta": 0.29590549458434556, "max_depth": 22.13853365413297, "n_estimators": 68.69928214374418}, "datetime": {"datetime": "2021-09-27 19:17:08", "elapsed": 434.890443, "delta": 1.876316}}
{"target": -10.681858456028047, "params": {"eta": 0.20813859093723341, "max_depth": 9.70195146230372, "n_estimators": 53.300562489641834}, "datetime": {"datetime": "2021-09-27 19:17:11", "elapsed": 438.074634, "delta": 3.184191}}
{"target": -11.479604295651354, "params": {"eta": 0.22249345537352033, "max_depth": 16.160386647093148, "n_estimators": 51.74253367620782}, "datetime": {"datetime": "2021-09-27 19:17:13", "elapsed": 440.17784, "delta": 2.103206}}
{"target": -12.215520724172197, "params": {"eta": 0.08194933891661065, "max_depth": 3.961551746437099, "n_estimators": 74.28303931734816}, "datetime": {"datetime": "2021-09-27 19:17:15", "elapsed": 441.699211, "delta": 1.521371}}
{"target": -10.551629347696034, "params": {"eta": 0.1218469789086472, "max_depth": 19.998339869877842, "n_estimators": 53.639548605139645}, "datetime": {"datetime": "2021-09-27 19:17:16", "elapsed": 443.463671, "delta": 1.76446}}
{"target": -10.732537484166471, "params": {"eta": 0.14508728431458828, "max_depth": 9.259761925823994, "n_estimators": 51.00361084843876}, "datetime": {"datetime": "2021-09-27 19:17:18", "elapsed": 445.10167, "delta": 1.637999}}
{"target": -10.920964772874452, "params": {"eta": 0.24128345808567736, "max_depth": 15.313241645544679, "n_estimators": 80.07056674039039}, "datetime": {"datetime": "2021-09-27 19:17:20", "elapsed": 447.373641, "delta": 2.271971}}
{"target": -10.864046316581414, "params": {"eta": 0.16518007375994959, "max_depth": 9.990007304723493, "n_estimators": 52.71477852293928}, "datetime": {"datetime": "2021-09-27 19:17:23", "elapsed": 450.433842, "delta": 3.060201}}
{"target": -11.197141180473013, "params": {"eta": 0.29930143812880056, "max_depth": 9.924716071074837, "n_estimators": 64.21549018399914}, "datetime": {"datetime": "2021-09-27 19:17:26", "elapsed": 452.83359, "delta": 2.399748}}
{"target": -11.175259246606094, "params": {"eta": 0.25846198978281, "max_depth": 9.776397446623005, "n_estimators": 63.47685971929158}, "datetime": {"datetime": "2021-09-27 19:17:29", "elapsed": 455.834511, "delta": 3.000921}}
{"target": -10.995231028985696, "params": {"eta": 0.05, "max_depth": 10.242651483371754, "n_estimators": 63.77711535093461}, "datetime": {"datetime": "2021-09-27 19:17:32", "elapsed": 458.636257, "delta": 2.801746}}
{"target": -11.565589309766192, "params": {"eta": 0.2509284302291025, "max_depth": 16.10485855815508, "n_estimators": 71.98708418489574}, "datetime": {"datetime": "2021-09-27 19:17:35", "elapsed": 462.448022, "delta": 3.811765}}
{"target": -11.136675643715966, "params": {"eta": 0.294165644409227, "max_depth": 27.284323376762895, "n_estimators": 68.66001114495839}, "datetime": {"datetime": "2021-09-27 19:17:37", "elapsed": 464.362296, "delta": 1.914274}}
{"target": -11.69791584228468, "params": {"eta": 0.052092396259219534, "max_depth": 13.289984170623665, "n_estimators": 51.41868726556126}, "datetime": {"datetime": "2021-09-27 19:17:40", "elapsed": 466.674781, "delta": 2.312485}}
{"target": -11.08571690436095, "params": {"eta": 0.07572804093823869, "max_depth": 4.161202353522156, "n_estimators": 98.81032744191029}, "datetime": {"datetime": "2021-09-27 19:17:41", "elapsed": 468.364778, "delta": 1.689997}}
{"target": -11.374797909652914, "params": {"eta": 0.28705368865995984, "max_depth": 31.541539031147316, "n_estimators": 55.39748465467105}, "datetime": {"datetime": "2021-09-27 19:17:43", "elapsed": 470.340563, "delta": 1.975785}}
{"target": -11.074296037742014, "params": {"eta": 0.21542415237392998, "max_depth": 32.52024072394161, "n_estimators": 96.60152674619087}, "datetime": {"datetime": "2021-09-27 19:17:45", "elapsed": 472.460711, "delta": 2.120148}}
