{"target": -22.129159186545174, "params": {"eta": 0.03954657959973583, "max_depth": 4.762463612893626, "n_estimators": 1.6402868218966944}, "datetime": {"datetime": "2021-09-17 09:06:04", "elapsed": 81.029281, "delta": 0.601651}}
{"target": -21.616119623497912, "params": {"eta": 0.0215366333807801, "max_depth": 1.3238730421525222, "n_estimators": 3.9829905165150525}, "datetime": {"datetime": "2021-09-17 09:06:05", "elapsed": 81.634797, "delta": 0.605516}}
{"target": -10.748669919842166, "params": {"eta": 0.09535934178763623, "max_depth": 5.661063776225456, "n_estimators": 8.67750053159845}, "datetime": {"datetime": "2021-09-17 09:06:06", "elapsed": 82.874806, "delta": 1.240009}}
{"target": -10.493032396467108, "params": {"eta": 0.09861224575620173, "max_depth": 5.67206532486954, "n_estimators": 8.794883805511313}, "datetime": {"datetime": "2021-09-17 09:06:07", "elapsed": 83.808991, "delta": 0.934185}}
{"target": -11.051137220545819, "params": {"eta": 0.09188494227409155, "max_depth": 5.580031526955018, "n_estimators": 8.5653151901711}, "datetime": {"datetime": "2021-09-17 09:06:08", "elapsed": 84.495988, "delta": 0.686997}}
{"target": -17.16027727440784, "params": {"eta": 0.09696617385065781, "max_depth": 6.04491937005689, "n_estimators": 3.074016050304869}, "datetime": {"datetime": "2021-09-17 09:06:08", "elapsed": 85.090994, "delta": 0.595006}}
{"target": -19.325497644041715, "params": {"eta": 0.022532833578805297, "max_depth": 5.677187708181349, "n_estimators": 8.556557177400782}, "datetime": {"datetime": "2021-09-17 09:06:09", "elapsed": 86.146814, "delta": 1.05582}}
{"target": -11.026997101934333, "params": {"eta": 0.0969300204954877, "max_depth": 1.3494561366483986, "n_estimators": 8.864638518946299}, "datetime": {"datetime": "2021-09-17 09:06:10", "elapsed": 86.887809, "delta": 0.740995}}
{"target": -15.413038625215227, "params": {"eta": 0.05224982652923559, "max_depth": 1.4321555476201397, "n_estimators": 8.751329812433877}, "datetime": {"datetime": "2021-09-17 09:06:11", "elapsed": 87.789368, "delta": 0.901559}}
{"target": -10.911708161078002, "params": {"eta": 0.08387413283640405, "max_depth": 9.74535093662083, "n_estimators": 9.806824541897843}, "datetime": {"datetime": "2021-09-17 09:06:12", "elapsed": 88.45151, "delta": 0.662142}}
{"target": -10.727499670731394, "params": {"eta": 0.09560704726708127, "max_depth": 5.488948233702877, "n_estimators": 8.617888662511078}, "datetime": {"datetime": "2021-09-17 09:06:12", "elapsed": 89.224511, "delta": 0.773001}}
{"target": -15.893406771044983, "params": {"eta": 0.04732518989169119, "max_depth": 5.400195993132948, "n_estimators": 8.482561291874926}, "datetime": {"datetime": "2021-09-17 09:06:13", "elapsed": 90.206788, "delta": 0.982277}}
{"target": -21.35041281494655, "params": {"eta": 0.03809414669354028, "max_depth": 8.230276016115157, "n_estimators": 2.3693916508065147}, "datetime": {"datetime": "2021-09-17 09:06:14", "elapsed": 90.792391, "delta": 0.585603}}
{"target": -13.570354494923041, "params": {"eta": 0.06149671771194876, "max_depth": 1.388542171388913, "n_estimators": 9.01222959328806}, "datetime": {"datetime": "2021-09-17 09:06:15", "elapsed": 91.755628, "delta": 0.963237}}
{"target": -11.756341794917457, "params": {"eta": 0.08781976195422882, "max_depth": 1.2809770721981113, "n_estimators": 8.934162144979272}, "datetime": {"datetime": "2021-09-17 09:06:16", "elapsed": 92.674618, "delta": 0.91899}}
{"target": -9.454405043313377, "params": {"eta": 0.1, "max_depth": 6.130643506531659, "n_estimators": 9.453203813894623}, "datetime": {"datetime": "2021-09-17 09:06:17", "elapsed": 93.682493, "delta": 1.007875}}
{"target": -9.454405043313377, "params": {"eta": 0.1, "max_depth": 6.247858194537388, "n_estimators": 9.461447510664318}, "datetime": {"datetime": "2021-09-17 09:06:18", "elapsed": 94.581495, "delta": 0.899002}}
{"target": -12.464974242135098, "params": {"eta": 0.06893231641982568, "max_depth": 6.192823186550493, "n_estimators": 9.57530231687388}, "datetime": {"datetime": "2021-09-17 09:06:19", "elapsed": 95.421495, "delta": 0.84}}
{"target": -19.142284204614793, "params": {"eta": 0.021150452188807255, "max_depth": 6.330948402229236, "n_estimators": 9.433474486253544}, "datetime": {"datetime": "2021-09-17 09:06:19", "elapsed": 96.312133, "delta": 0.890638}}
{"target": -18.88135042190552, "params": {"eta": 0.02272213805116445, "max_depth": 6.113172337391905, "n_estimators": 9.412040383785289}, "datetime": {"datetime": "2021-09-17 09:06:20", "elapsed": 97.371838, "delta": 1.059705}}
{"target": -12.278308580109947, "params": {"eta": 0.07056721901209917, "max_depth": 5.493669360482183, "n_estimators": 9.205721237005609}, "datetime": {"datetime": "2021-09-17 09:06:22", "elapsed": 98.644455, "delta": 1.272617}}
{"target": -17.84430759078578, "params": {"eta": 0.03250831077071572, "max_depth": 3.1099891850074077, "n_estimators": 8.338446667778289}, "datetime": {"datetime": "2021-09-17 09:06:22", "elapsed": 99.264453, "delta": 0.619998}}
{"target": -9.502180838898608, "params": {"eta": 0.09946362193277972, "max_depth": 6.109267033291042, "n_estimators": 9.184352862157253}, "datetime": {"datetime": "2021-09-17 09:06:24", "elapsed": 100.641069, "delta": 1.376616}}
{"target": -10.794803983914225, "params": {"eta": 0.08521132023551152, "max_depth": 6.276118185829547, "n_estimators": 9.136018358022074}, "datetime": {"datetime": "2021-09-17 09:06:25", "elapsed": 101.73185, "delta": 1.090781}}
{"target": -13.043911325617842, "params": {"eta": 0.07165979908073078, "max_depth": 6.248492205063637, "n_estimators": 8.977121103860258}, "datetime": {"datetime": "2021-09-17 09:06:26", "elapsed": 102.710841, "delta": 0.978991}}
{"target": -13.950739338523464, "params": {"eta": 0.0859434947819416, "max_depth": 1.10331255532107, "n_estimators": 6.19573819516003}, "datetime": {"datetime": "2021-09-17 09:06:26", "elapsed": 103.378155, "delta": 0.667314}}
{"target": -13.83372284111224, "params": {"eta": 0.0575832863393258, "max_depth": 6.206216164860155, "n_estimators": 9.191759231188163}, "datetime": {"datetime": "2021-09-17 09:06:27", "elapsed": 104.351157, "delta": 0.973002}}
{"target": -18.171678005394185, "params": {"eta": 0.027059467226027006, "max_depth": 6.395591603160641, "n_estimators": 9.093416498892962}, "datetime": {"datetime": "2021-09-17 09:06:29", "elapsed": 105.62762, "delta": 1.276463}}
{"target": -9.755423339417106, "params": {"eta": 0.09666256409176988, "max_depth": 6.042701807305829, "n_estimators": 9.539318820270802}, "datetime": {"datetime": "2021-09-17 09:06:30", "elapsed": 106.66862, "delta": 1.041}}
{"target": -21.198777312824603, "params": {"eta": 0.021444336434230608, "max_depth": 1.585142650768797, "n_estimators": 4.935987289181209}, "datetime": {"datetime": "2021-09-17 09:06:30", "elapsed": 107.332622, "delta": 0.664002}}
{"target": -10.993467146471927, "params": {"eta": 0.08290256100980191, "max_depth": 5.9112875897436234, "n_estimators": 9.547732308744656}, "datetime": {"datetime": "2021-09-17 09:06:32", "elapsed": 108.442616, "delta": 1.109994}}
{"target": -12.448296078255302, "params": {"eta": 0.07702436241886454, "max_depth": 3.014157610101213, "n_estimators": 8.375414539946622}, "datetime": {"datetime": "2021-09-17 09:06:32", "elapsed": 109.14362, "delta": 0.701004}}
{"target": -21.603361085763105, "params": {"eta": 0.01630849387944329, "max_depth": 9.773614087728507, "n_estimators": 4.641281875057198}, "datetime": {"datetime": "2021-09-17 09:06:33", "elapsed": 109.818004, "delta": 0.674384}}
{"target": -18.982089348843225, "params": {"eta": 0.03339665051971277, "max_depth": 2.9427890582647143, "n_estimators": 6.532905913437705}, "datetime": {"datetime": "2021-09-17 09:06:34", "elapsed": 110.587004, "delta": 0.769}}
{"target": -19.974680290724102, "params": {"eta": 0.01626716630405574, "max_depth": 5.970088602907168, "n_estimators": 9.626732466462622}, "datetime": {"datetime": "2021-09-17 09:06:35", "elapsed": 111.745434, "delta": 1.15843}}
{"target": -11.06378793151755, "params": {"eta": 0.0821609967459822, "max_depth": 5.724587247550345, "n_estimators": 9.544775845758805}, "datetime": {"datetime": "2021-09-17 09:06:36", "elapsed": 112.76743, "delta": 1.021996}}
{"target": -22.67154490351677, "params": {"eta": 0.014582726755854859, "max_depth": 3.7181358986017634, "n_estimators": 1.9076049498619638}, "datetime": {"datetime": "2021-09-17 09:06:37", "elapsed": 113.465681, "delta": 0.698251}}
{"target": -15.379846935523185, "params": {"eta": 0.045675256765982344, "max_depth": 5.585718004755008, "n_estimators": 9.442813739083096}, "datetime": {"datetime": "2021-09-17 09:06:37", "elapsed": 114.310682, "delta": 0.845001}}
{"target": -9.439127588899513, "params": {"eta": 0.1, "max_depth": 5.819114567793261, "n_estimators": 9.491738528071297}, "datetime": {"datetime": "2021-09-17 09:06:39", "elapsed": 116.063669, "delta": 1.752987}}
{"target": -9.443998831824253, "params": {"eta": 0.09994154676712094, "max_depth": 5.778788632886613, "n_estimators": 9.682076905369378}, "datetime": {"datetime": "2021-09-17 09:06:40", "elapsed": 117.090382, "delta": 1.026713}}
{"target": -9.553553848517568, "params": {"eta": 0.09867106430743973, "max_depth": 5.6755460909824, "n_estimators": 9.755732941534838}, "datetime": {"datetime": "2021-09-17 09:06:41", "elapsed": 118.126432, "delta": 1.03605}}
{"target": -20.83179106084924, "params": {"eta": 0.011466747322706151, "max_depth": 5.573582723692808, "n_estimators": 9.78662112205151}, "datetime": {"datetime": "2021-09-17 09:06:42", "elapsed": 119.156014, "delta": 1.029582}}
{"target": -16.381660897794525, "params": {"eta": 0.03871687743890576, "max_depth": 5.7699393844079445, "n_estimators": 9.843404344084684}, "datetime": {"datetime": "2021-09-17 09:06:44", "elapsed": 120.567193, "delta": 1.411179}}
{"target": -9.439127588899513, "params": {"eta": 0.1, "max_depth": 5.329871200662308, "n_estimators": 9.167214499698023}, "datetime": {"datetime": "2021-09-17 09:06:45", "elapsed": 121.623329, "delta": 1.056136}}
{"target": -9.439127588899513, "params": {"eta": 0.1, "max_depth": 5.323374622918442, "n_estimators": 9.285200136478613}, "datetime": {"datetime": "2021-09-17 09:06:46", "elapsed": 122.789428, "delta": 1.166099}}
{"target": -11.368208919387113, "params": {"eta": 0.07885059032510626, "max_depth": 5.22357079439597, "n_estimators": 9.266112806445895}, "datetime": {"datetime": "2021-09-17 09:06:47", "elapsed": 123.639852, "delta": 0.850424}}
{"target": -19.64764847677005, "params": {"eta": 0.018162516489257506, "max_depth": 5.3564235242582585, "n_estimators": 9.277684850465935}, "datetime": {"datetime": "2021-09-17 09:06:48", "elapsed": 124.620371, "delta": 0.980519}}
{"target": -16.348141203899132, "params": {"eta": 0.0389471152039884, "max_depth": 5.182252127682525, "n_estimators": 9.058037973132635}, "datetime": {"datetime": "2021-09-17 09:06:49", "elapsed": 125.631153, "delta": 1.010782}}
{"target": -18.438912315117687, "params": {"eta": 0.028529027631990424, "max_depth": 6.599989943627798, "n_estimators": 8.233710226622794}, "datetime": {"datetime": "2021-09-17 09:06:49", "elapsed": 126.353083, "delta": 0.72193}}
{"target": -13.44416954674219, "params": {"eta": 0.06051597450095861, "max_depth": 5.652910177862274, "n_estimators": 9.648952620052297}, "datetime": {"datetime": "2021-09-17 09:06:51", "elapsed": 127.506405, "delta": 1.153322}}
{"target": -11.909223156540017, "params": {"eta": 0.07386855387273428, "max_depth": 5.106625829973718, "n_estimators": 9.374818801478373}, "datetime": {"datetime": "2021-09-17 09:06:52", "elapsed": 128.483952, "delta": 0.977547}}
{"target": -9.864840668126156, "params": {"eta": 0.09498816762058783, "max_depth": 5.79112292159704, "n_estimators": 9.581475215002545}, "datetime": {"datetime": "2021-09-17 09:06:52", "elapsed": 129.391221, "delta": 0.907269}}
{"target": -20.366123886798558, "params": {"eta": 0.0251542318512611, "max_depth": 4.357989056947666, "n_estimators": 5.113923294907073}, "datetime": {"datetime": "2021-09-17 09:06:53", "elapsed": 130.126219, "delta": 0.734998}}
{"target": -10.007370588653965, "params": {"eta": 0.09313981481460212, "max_depth": 5.010739014678462, "n_estimators": 9.263211977336896}, "datetime": {"datetime": "2021-09-17 09:06:54", "elapsed": 131.365279, "delta": 1.23906}}
{"target": -20.028893659303066, "params": {"eta": 0.02053660716566426, "max_depth": 7.984956462384419, "n_estimators": 7.913273803013818}, "datetime": {"datetime": "2021-09-17 09:06:55", "elapsed": 132.122247, "delta": 0.756968}}
{"target": -10.615630790434386, "params": {"eta": 0.08671676943891453, "max_depth": 4.956280924575229, "n_estimators": 9.375502550316074}, "datetime": {"datetime": "2021-09-17 09:06:57", "elapsed": 133.425201, "delta": 1.302954}}
{"target": -11.689873239868566, "params": {"eta": 0.07569875443794538, "max_depth": 4.895259014770101, "n_estimators": 9.21469509417609}, "datetime": {"datetime": "2021-09-17 09:06:58", "elapsed": 134.721276, "delta": 1.296075}}
{"target": -20.34890339162789, "params": {"eta": 0.014169056777545869, "max_depth": 5.002714862814449, "n_estimators": 9.345098225148503}, "datetime": {"datetime": "2021-09-17 09:06:59", "elapsed": 135.659907, "delta": 0.938631}}
{"target": -18.647257193452436, "params": {"eta": 0.03082883368433241, "max_depth": 3.8543843556998176, "n_estimators": 7.16231293010886}, "datetime": {"datetime": "2021-09-17 09:06:59", "elapsed": 136.401907, "delta": 0.742}}
{"target": -13.641269404950895, "params": {"eta": 0.05908824837306076, "max_depth": 5.136423309349347, "n_estimators": 9.340775466658801}, "datetime": {"datetime": "2021-09-17 09:07:00", "elapsed": 137.164907, "delta": 0.763}}
{"target": -11.740375041334254, "params": {"eta": 0.07521634409519382, "max_depth": 4.856687542010421, "n_estimators": 9.348626499621604}, "datetime": {"datetime": "2021-09-17 09:07:02", "elapsed": 138.662292, "delta": 1.497385}}
{"target": -9.440271242041337, "params": {"eta": 0.1, "max_depth": 4.916099631011562, "n_estimators": 9.483555786692813}, "datetime": {"datetime": "2021-09-17 09:07:03", "elapsed": 139.607132, "delta": 0.94484}}
{"target": -11.860236527104126, "params": {"eta": 0.07436811616639001, "max_depth": 5.007365969474398, "n_estimators": 9.571130065693946}, "datetime": {"datetime": "2021-09-17 09:07:04", "elapsed": 140.799032, "delta": 1.1919}}
{"target": -9.440271242041337, "params": {"eta": 0.1, "max_depth": 4.832626993061938, "n_estimators": 9.573496986471657}, "datetime": {"datetime": "2021-09-17 09:07:05", "elapsed": 142.295161, "delta": 1.496129}}
{"target": -19.40613041300523, "params": {"eta": 0.021998816772007414, "max_depth": 8.312098432556596, "n_estimators": 8.238003356838096}, "datetime": {"datetime": "2021-09-17 09:07:06", "elapsed": 143.080161, "delta": 0.785}}
{"target": -20.927630779304003, "params": {"eta": 0.010905115318698214, "max_depth": 4.842327788404733, "n_estimators": 9.657343935589326}, "datetime": {"datetime": "2021-09-17 09:07:07", "elapsed": 144.283359, "delta": 1.203198}}
{"target": -21.78036874328789, "params": {"eta": 0.028350945972116043, "max_depth": 9.136020823645813, "n_estimators": 2.326259523202769}, "datetime": {"datetime": "2021-09-17 09:07:08", "elapsed": 145.044355, "delta": 0.760996}}
{"target": -9.675150817005257, "params": {"eta": 0.09757115926580527, "max_depth": 5.243819519530746, "n_estimators": 9.437177670609971}, "datetime": {"datetime": "2021-09-17 09:07:10", "elapsed": 146.608012, "delta": 1.563657}}
{"target": -19.626476809696147, "params": {"eta": 0.018286257277030107, "max_depth": 5.183858176677088, "n_estimators": 9.557424712147654}, "datetime": {"datetime": "2021-09-17 09:07:11", "elapsed": 147.835583, "delta": 1.227571}}
{"target": -10.555417008148996, "params": {"eta": 0.09806890203234662, "max_depth": 5.886553352989894, "n_estimators": 8.954572259537045}, "datetime": {"datetime": "2021-09-17 09:07:12", "elapsed": 148.599644, "delta": 0.764061}}
{"target": -18.871554766360084, "params": {"eta": 0.09824598161793838, "max_depth": 5.2664160338421535, "n_estimators": 2.1019048343468345}, "datetime": {"datetime": "2021-09-17 09:07:13", "elapsed": 149.41164, "delta": 0.811996}}
{"target": -10.089853089734127, "params": {"eta": 0.09214817736886358, "max_depth": 4.781097340566268, "n_estimators": 9.518597088067667}, "datetime": {"datetime": "2021-09-17 09:07:14", "elapsed": 150.599983, "delta": 1.188343}}
{"target": -9.44588491101014, "params": {"eta": 0.09993258125896036, "max_depth": 4.971471696241357, "n_estimators": 9.064443596874062}, "datetime": {"datetime": "2021-09-17 09:07:15", "elapsed": 151.747485, "delta": 1.147502}}
{"target": -10.745930433900732, "params": {"eta": 0.09518069098698953, "max_depth": 4.953513523071797, "n_estimators": 8.940800534678178}, "datetime": {"datetime": "2021-09-17 09:07:16", "elapsed": 153.155263, "delta": 1.407778}}
{"target": -10.024965525300878, "params": {"eta": 0.09294267164617598, "max_depth": 5.053839757095152, "n_estimators": 9.153387354917276}, "datetime": {"datetime": "2021-09-17 09:07:18", "elapsed": 154.688736, "delta": 1.533473}}
{"target": -12.18107924147656, "params": {"eta": 0.0798506112744107, "max_depth": 4.825891624383876, "n_estimators": 8.99851545483619}, "datetime": {"datetime": "2021-09-17 09:07:19", "elapsed": 155.953622, "delta": 1.264886}}
{"target": -20.82187220093451, "params": {"eta": 0.011490180398670032, "max_depth": 4.9954635746585705, "n_estimators": 9.06946007827623}, "datetime": {"datetime": "2021-09-17 09:07:20", "elapsed": 157.099325, "delta": 1.145703}}
{"target": -12.319239194769608, "params": {"eta": 0.07808733032528173, "max_depth": 3.3422169590724797, "n_estimators": 8.555732743008537}, "datetime": {"datetime": "2021-09-17 09:07:21", "elapsed": 157.962788, "delta": 0.863463}}
{"target": -10.418662100089223, "params": {"eta": 0.08907903865438273, "max_depth": 5.268558070239284, "n_estimators": 9.367544848686022}, "datetime": {"datetime": "2021-09-17 09:07:22", "elapsed": 159.153169, "delta": 1.190381}}
{"target": -10.792068089936908, "params": {"eta": 0.09464377372959666, "max_depth": 4.8909223066132, "n_estimators": 8.831566326714762}, "datetime": {"datetime": "2021-09-17 09:07:24", "elapsed": 160.589611, "delta": 1.436442}}
{"target": -16.371950626687, "params": {"eta": 0.04356746250753174, "max_depth": 5.0184047212891905, "n_estimators": 8.770706406769209}, "datetime": {"datetime": "2021-09-17 09:07:25", "elapsed": 162.23114, "delta": 1.641529}}
{"target": -10.370048363585221, "params": {"eta": 0.1, "max_depth": 4.756840927724939, "n_estimators": 8.842028806085798}, "datetime": {"datetime": "2021-09-17 09:07:27", "elapsed": 163.931965, "delta": 1.700825}}
{"target": -20.83581209488605, "params": {"eta": 0.09904411155470799, "max_depth": 9.407022577715882, "n_estimators": 1.4969105430388479}, "datetime": {"datetime": "2021-09-17 09:07:28", "elapsed": 164.791961, "delta": 0.859996}}
{"target": -13.816099336586502, "params": {"eta": 0.06423720901537194, "max_depth": 4.690279913382584, "n_estimators": 8.702101417596323}, "datetime": {"datetime": "2021-09-17 09:07:29", "elapsed": 165.966749, "delta": 1.174788}}
{"target": -10.391736167983005, "params": {"eta": 0.1, "max_depth": 3.410457603600696, "n_estimators": 8.422562100914531}, "datetime": {"datetime": "2021-09-17 09:07:30", "elapsed": 167.253218, "delta": 1.286469}}
{"target": -13.92541614833631, "params": {"eta": 0.0862536138656421, "max_depth": 1.083330726824283, "n_estimators": 6.050315575825033}, "datetime": {"datetime": "2021-09-17 09:07:31", "elapsed": 168.118275, "delta": 0.865057}}
{"target": -13.24559758713371, "params": {"eta": 0.06946234182988509, "max_depth": 3.5456478012472425, "n_estimators": 8.504577009768056}, "datetime": {"datetime": "2021-09-17 09:07:33", "elapsed": 169.511556, "delta": 1.393281}}
{"target": -14.296330753439353, "params": {"eta": 0.06007576059902409, "max_depth": 4.6520357932966085, "n_estimators": 8.913443191659148}, "datetime": {"datetime": "2021-09-17 09:07:34", "elapsed": 170.826652, "delta": 1.315096}}
{"target": -18.303505792743284, "params": {"eta": 0.029369987049041445, "max_depth": 3.4456142905516165, "n_estimators": 8.29835462665164}, "datetime": {"datetime": "2021-09-17 09:07:35", "elapsed": 171.889255, "delta": 1.062603}}
{"target": -11.253695394490894, "params": {"eta": 0.08009268977201507, "max_depth": 4.645237755588951, "n_estimators": 9.392671749798813}, "datetime": {"datetime": "2021-09-17 09:07:36", "elapsed": 172.951069, "delta": 1.061814}}
{"target": -9.440271242041337, "params": {"eta": 0.1, "max_depth": 4.706874536888273, "n_estimators": 9.252208778790552}, "datetime": {"datetime": "2021-09-17 09:07:38", "elapsed": 174.587802, "delta": 1.636733}}
{"target": -20.95263377177088, "params": {"eta": 0.047190833682998076, "max_depth": 3.8459485949898333, "n_estimators": 2.3467219299876905}, "datetime": {"datetime": "2021-09-17 09:07:39", "elapsed": 175.462071, "delta": 0.874269}}
{"target": -17.259354517961803, "params": {"eta": 0.032716289805827165, "max_depth": 4.6196042841877185, "n_estimators": 9.249164183286892}, "datetime": {"datetime": "2021-09-17 09:07:40", "elapsed": 176.640797, "delta": 1.178726}}
{"target": -11.329529028817227, "params": {"eta": 0.07925303953117918, "max_depth": 4.7810690623551775, "n_estimators": 9.163132247207276}, "datetime": {"datetime": "2021-09-17 09:07:41", "elapsed": 178.164095, "delta": 1.523298}}
{"target": -10.757863125361894, "params": {"eta": 0.09525191661047902, "max_depth": 5.67658391509046, "n_estimators": 8.949487595285717}, "datetime": {"datetime": "2021-09-17 09:07:42", "elapsed": 179.114026, "delta": 0.949931}}
{"target": -15.073640306058683, "params": {"eta": 0.06123434066552633, "max_depth": 5.11536412374094, "n_estimators": 7.462550778941413}, "datetime": {"datetime": "2021-09-17 09:07:43", "elapsed": 180.051748, "delta": 0.937722}}
