{"target": -2.5605378125843252, "params": {"eta": 0.3789378058250334, "max_depth": 9.734233633985088, "n_estimators": 15.011291892376763}, "datetime": {"datetime": "2021-09-17 10:07:17", "elapsed": 29.025309, "delta": 0.782982}}
{"target": -4.183017814159393, "params": {"eta": 0.18068056918189712, "max_depth": 9.447738333127287, "n_estimators": 10.075769857548076}, "datetime": {"datetime": "2021-09-17 10:07:17", "elapsed": 29.314303, "delta": 0.288994}}
{"target": -3.0020313469987165, "params": {"eta": 0.6812034214414644, "max_depth": 9.999993733788177, "n_estimators": 14.770467238456952}, "datetime": {"datetime": "2021-09-17 10:07:18", "elapsed": 30.070916, "delta": 0.756613}}
{"target": -3.354089120814675, "params": {"eta": 0.2060642515469353, "max_depth": 2.882920296084558, "n_estimators": 14.244803421952632}, "datetime": {"datetime": "2021-09-17 10:07:18", "elapsed": 30.35492, "delta": 0.284004}}
{"target": -2.9125104301854186, "params": {"eta": 0.5952477790190669, "max_depth": 2.079026973979865, "n_estimators": 14.466470850696501}, "datetime": {"datetime": "2021-09-17 10:07:18", "elapsed": 30.642914, "delta": 0.287994}}
{"target": -2.5238916415917245, "params": {"eta": 0.33994205068712785, "max_depth": 8.474471210634817, "n_estimators": 17.585226344635842}, "datetime": {"datetime": "2021-09-17 10:07:19", "elapsed": 30.988551, "delta": 0.345637}}
{"target": -2.5467245766991065, "params": {"eta": 0.31996567500992773, "max_depth": 9.321296703220643, "n_estimators": 14.789313134635476}, "datetime": {"datetime": "2021-09-17 10:07:19", "elapsed": 31.602054, "delta": 0.613503}}
{"target": -2.857887039686504, "params": {"eta": 0.7, "max_depth": 9.451181317597873, "n_estimators": 14.776543664249681}, "datetime": {"datetime": "2021-09-17 10:07:20", "elapsed": 32.288054, "delta": 0.686}}
{"target": -2.9895972967147824, "params": {"eta": 0.5986572419422894, "max_depth": 8.562970534056465, "n_estimators": 14.299911740482504}, "datetime": {"datetime": "2021-09-17 10:07:20", "elapsed": 32.626054, "delta": 0.338}}
{"target": -5.563985013334374, "params": {"eta": 0.1, "max_depth": 9.394884510436341, "n_estimators": 15.212600519780663}, "datetime": {"datetime": "2021-09-17 10:07:21", "elapsed": 33.396056, "delta": 0.770002}}
{"target": -3.015012161982687, "params": {"eta": 0.5755732292500169, "max_depth": 2.2681281431181812, "n_estimators": 16.338092805915124}, "datetime": {"datetime": "2021-09-17 10:07:21", "elapsed": 33.696913, "delta": 0.300857}}
{"target": -2.5634033165479964, "params": {"eta": 0.34277173567748076, "max_depth": 9.267502199733329, "n_estimators": 14.404398495550895}, "datetime": {"datetime": "2021-09-17 10:07:22", "elapsed": 34.454915, "delta": 0.758002}}
{"target": -3.293884045199343, "params": {"eta": 0.33400643934052754, "max_depth": 1.3176129922282787, "n_estimators": 11.238802610783639}, "datetime": {"datetime": "2021-09-17 10:07:23", "elapsed": 34.799917, "delta": 0.345002}}
{"target": -2.8750197987807424, "params": {"eta": 0.2885109131053009, "max_depth": 3.5996734813048135, "n_estimators": 16.853080843017867}, "datetime": {"datetime": "2021-09-17 10:07:23", "elapsed": 35.422218, "delta": 0.622301}}
{"target": -2.8798382984964466, "params": {"eta": 0.7, "max_depth": 6.087809101815476, "n_estimators": 14.808304984676141}, "datetime": {"datetime": "2021-09-17 10:07:24", "elapsed": 36.192465, "delta": 0.770247}}
{"target": -2.705767626511423, "params": {"eta": 0.7, "max_depth": 3.3448197689220383, "n_estimators": 16.56429466303131}, "datetime": {"datetime": "2021-09-17 10:07:25", "elapsed": 36.943463, "delta": 0.750998}}
{"target": -2.5515538221911376, "params": {"eta": 0.4340170419590961, "max_depth": 8.978339902378911, "n_estimators": 14.639096150753328}, "datetime": {"datetime": "2021-09-17 10:07:25", "elapsed": 37.66228, "delta": 0.718817}}
{"target": -3.0622403301690753, "params": {"eta": 0.6691815716338498, "max_depth": 7.081417612757084, "n_estimators": 10.015506669803507}, "datetime": {"datetime": "2021-09-17 10:07:26", "elapsed": 38.456277, "delta": 0.793997}}
{"target": -4.6372024680438795, "params": {"eta": 0.10764293708668222, "max_depth": 8.496010240080262, "n_estimators": 16.99143493624647}, "datetime": {"datetime": "2021-09-17 10:07:27", "elapsed": 39.171338, "delta": 0.715061}}
{"target": -4.727176449173376, "params": {"eta": 0.1, "max_depth": 9.504123654311394, "n_estimators": 17.033464913230112}, "datetime": {"datetime": "2021-09-17 10:07:28", "elapsed": 40.054822, "delta": 0.883484}}
{"target": -2.8283928852332267, "params": {"eta": 0.5275318334156924, "max_depth": 9.2048240666367, "n_estimators": 17.28860904183409}, "datetime": {"datetime": "2021-09-17 10:07:29", "elapsed": 40.890434, "delta": 0.835612}}
{"target": -2.592515477381254, "params": {"eta": 0.4896949716583343, "max_depth": 9.494202182730431, "n_estimators": 17.802063992567685}, "datetime": {"datetime": "2021-09-17 10:07:29", "elapsed": 41.732754, "delta": 0.84232}}
{"target": -3.249228702720843, "params": {"eta": 0.13875679356441042, "max_depth": 9.42576250584064, "n_estimators": 17.875173162166917}, "datetime": {"datetime": "2021-09-17 10:07:30", "elapsed": 42.504749, "delta": 0.771995}}
{"target": -2.8590600057652122, "params": {"eta": 0.7, "max_depth": 9.74358719524536, "n_estimators": 17.538686402957058}, "datetime": {"datetime": "2021-09-17 10:07:31", "elapsed": 43.324749, "delta": 0.82}}
{"target": -6.010690402984619, "params": {"eta": 0.1, "max_depth": 8.894352845510767, "n_estimators": 14.397918803787102}, "datetime": {"datetime": "2021-09-17 10:07:32", "elapsed": 44.15649, "delta": 0.831741}}
{"target": -3.0371217639822707, "params": {"eta": 0.6029198108459812, "max_depth": 9.214218850448125, "n_estimators": 14.480295183856356}, "datetime": {"datetime": "2021-09-17 10:07:33", "elapsed": 44.925492, "delta": 0.769002}}
{"target": -2.8758533107606987, "params": {"eta": 0.6680338064364282, "max_depth": 8.886205985372015, "n_estimators": 14.881690327623371}, "datetime": {"datetime": "2021-09-17 10:07:33", "elapsed": 45.742088, "delta": 0.816596}}
{"target": -2.6265369390186506, "params": {"eta": 0.25463662754130933, "max_depth": 9.58583226638705, "n_estimators": 14.20089121586539}, "datetime": {"datetime": "2021-09-17 10:07:34", "elapsed": 46.671882, "delta": 0.929794}}
{"target": -3.594202155815927, "params": {"eta": 0.27697196983146166, "max_depth": 1.0765509983923875, "n_estimators": 11.246041154706445}, "datetime": {"datetime": "2021-09-17 10:07:35", "elapsed": 47.028884, "delta": 0.357002}}
{"target": -2.8669960448616423, "params": {"eta": 0.6249448395799994, "max_depth": 3.7356898088299055, "n_estimators": 16.20066869087605}, "datetime": {"datetime": "2021-09-17 10:07:36", "elapsed": 47.878443, "delta": 0.849559}}
{"target": -3.4876719110890435, "params": {"eta": 0.13377860535594796, "max_depth": 7.060118811817636, "n_estimators": 16.943228815323614}, "datetime": {"datetime": "2021-09-17 10:07:36", "elapsed": 48.268441, "delta": 0.389998}}
{"target": -2.7189327440763775, "params": {"eta": 0.18034006947180198, "max_depth": 9.058909208315697, "n_estimators": 17.471773369327344}, "datetime": {"datetime": "2021-09-17 10:07:37", "elapsed": 48.93444, "delta": 0.665999}}
{"target": -3.56735403600492, "params": {"eta": 0.13982718682593004, "max_depth": 5.404072174776345, "n_estimators": 15.589189740566617}, "datetime": {"datetime": "2021-09-17 10:07:38", "elapsed": 49.836685, "delta": 0.902245}}
{"target": -2.942608424864317, "params": {"eta": 0.7, "max_depth": 5.981846705057153, "n_estimators": 15.525466790317106}, "datetime": {"datetime": "2021-09-17 10:07:39", "elapsed": 50.835683, "delta": 0.998998}}
{"target": -2.8463248874011793, "params": {"eta": 0.20053836782054607, "max_depth": 9.991760010601341, "n_estimators": 14.731692731292943}, "datetime": {"datetime": "2021-09-17 10:07:39", "elapsed": 51.719134, "delta": 0.883451}}
{"target": -2.983556658970682, "params": {"eta": 0.6863932399063948, "max_depth": 4.91202549507601, "n_estimators": 14.002579153190116}, "datetime": {"datetime": "2021-09-17 10:07:40", "elapsed": 52.533128, "delta": 0.813994}}
{"target": -3.8069737014017604, "params": {"eta": 0.1409696249604137, "max_depth": 9.553002477637518, "n_estimators": 14.570162473541242}, "datetime": {"datetime": "2021-09-17 10:07:41", "elapsed": 53.258131, "delta": 0.725003}}
{"target": -2.8759305891237763, "params": {"eta": 0.6015883210633461, "max_depth": 9.727956534648039, "n_estimators": 14.24760024136218}, "datetime": {"datetime": "2021-09-17 10:07:42", "elapsed": 54.093944, "delta": 0.835813}}
{"target": -2.7322900734449687, "params": {"eta": 0.5402515542413401, "max_depth": 10.0, "n_estimators": 15.22384836388633}, "datetime": {"datetime": "2021-09-17 10:07:43", "elapsed": 54.943946, "delta": 0.850002}}
{"target": -3.7613358748586556, "params": {"eta": 0.20567900610125925, "max_depth": 2.760874416407437, "n_estimators": 11.106443246222907}, "datetime": {"datetime": "2021-09-17 10:07:43", "elapsed": 55.320948, "delta": 0.377002}}
{"target": -3.259019430060136, "params": {"eta": 0.6425224999648724, "max_depth": 1.4833431389620961, "n_estimators": 11.071045117315474}, "datetime": {"datetime": "2021-09-17 10:07:43", "elapsed": 55.714245, "delta": 0.393297}}
{"target": -2.6441632446489836, "params": {"eta": 0.3765622132634115, "max_depth": 3.391305235995115, "n_estimators": 17.345972069345866}, "datetime": {"datetime": "2021-09-17 10:07:44", "elapsed": 56.41983, "delta": 0.705585}}
{"target": -3.009037102523603, "params": {"eta": 0.6749287083640936, "max_depth": 7.988998928190556, "n_estimators": 17.512561101421795}, "datetime": {"datetime": "2021-09-17 10:07:45", "elapsed": 57.254829, "delta": 0.834999}}
{"target": -2.626625680923462, "params": {"eta": 0.3653364664201061, "max_depth": 3.834636063271243, "n_estimators": 17.337982753569893}, "datetime": {"datetime": "2021-09-17 10:07:46", "elapsed": 58.071731, "delta": 0.816902}}
{"target": -2.9138021073843308, "params": {"eta": 0.6567758320786639, "max_depth": 3.6584554300150147, "n_estimators": 17.5602578776196}, "datetime": {"datetime": "2021-09-17 10:07:47", "elapsed": 58.792731, "delta": 0.721}}
{"target": -2.602409906136362, "params": {"eta": 0.44018821984119005, "max_depth": 3.706606397368766, "n_estimators": 13.535134746771174}, "datetime": {"datetime": "2021-09-17 10:07:47", "elapsed": 59.206733, "delta": 0.414002}}
{"target": -2.81552381264536, "params": {"eta": 0.6414642514756491, "max_depth": 4.054988329272861, "n_estimators": 13.454508754892458}, "datetime": {"datetime": "2021-09-17 10:07:48", "elapsed": 60.266974, "delta": 1.060241}}
{"target": -2.8171450577284163, "params": {"eta": 0.5696770739727484, "max_depth": 4.062976349558298, "n_estimators": 17.02058232699051}, "datetime": {"datetime": "2021-09-17 10:07:49", "elapsed": 61.384643, "delta": 1.117669}}
{"target": -2.8092171863505713, "params": {"eta": 0.22270046935337331, "max_depth": 4.027817120448951, "n_estimators": 13.79821319466611}, "datetime": {"datetime": "2021-09-17 10:07:50", "elapsed": 62.008276, "delta": 0.623633}}
{"target": -2.8945488365072953, "params": {"eta": 0.47136161077532834, "max_depth": 3.6833320958300986, "n_estimators": 13.115306155330122}, "datetime": {"datetime": "2021-09-17 10:07:51", "elapsed": 62.925276, "delta": 0.917}}
{"target": -2.9340495987942345, "params": {"eta": 0.6635807242250509, "max_depth": 3.8122488462782966, "n_estimators": 13.893074810248855}, "datetime": {"datetime": "2021-09-17 10:07:52", "elapsed": 63.861759, "delta": 0.936483}}
{"target": -4.100621952508625, "params": {"eta": 0.11227283373805726, "max_depth": 3.6162203440724365, "n_estimators": 17.615645584375045}, "datetime": {"datetime": "2021-09-17 10:07:52", "elapsed": 64.665768, "delta": 0.804009}}
{"target": -4.977943777410608, "params": {"eta": 0.12428596727395416, "max_depth": 5.794678975964955, "n_estimators": 13.512135147558267}, "datetime": {"datetime": "2021-09-17 10:07:53", "elapsed": 65.104763, "delta": 0.438995}}
{"target": -2.7328172633522434, "params": {"eta": 0.6941381333352122, "max_depth": 3.812756262245201, "n_estimators": 16.642721463636477}, "datetime": {"datetime": "2021-09-17 10:07:53", "elapsed": 65.530763, "delta": 0.426}}
{"target": -2.6857948315771, "params": {"eta": 0.7, "max_depth": 3.3388626517991824, "n_estimators": 13.503330793445311}, "datetime": {"datetime": "2021-09-17 10:07:54", "elapsed": 66.449769, "delta": 0.919006}}
{"target": -5.630996819546348, "params": {"eta": 0.112729515437522, "max_depth": 3.405104843582304, "n_estimators": 13.434100254730142}, "datetime": {"datetime": "2021-09-17 10:07:55", "elapsed": 67.32877, "delta": 0.879001}}
{"target": -2.8638106019873364, "params": {"eta": 0.7, "max_depth": 6.299594543719006, "n_estimators": 13.14576616487667}, "datetime": {"datetime": "2021-09-17 10:07:56", "elapsed": 68.313765, "delta": 0.984995}}
{"target": -2.941201060382943, "params": {"eta": 0.6304777754468258, "max_depth": 4.183021333738978, "n_estimators": 17.469547331002115}, "datetime": {"datetime": "2021-09-17 10:07:57", "elapsed": 69.034761, "delta": 0.720996}}
{"target": -2.5354831212445306, "params": {"eta": 0.43917235638590535, "max_depth": 9.428270043195285, "n_estimators": 13.85675695471231}, "datetime": {"datetime": "2021-09-17 10:07:58", "elapsed": 69.978627, "delta": 0.943866}}
{"target": -2.6993451601580567, "params": {"eta": 0.3440980934039559, "max_depth": 7.606732413464315, "n_estimators": 10.835710255755249}, "datetime": {"datetime": "2021-09-17 10:07:58", "elapsed": 70.420628, "delta": 0.442001}}
{"target": -3.007021922186801, "params": {"eta": 0.6197445563517388, "max_depth": 7.593616234654862, "n_estimators": 10.662185620416373}, "datetime": {"datetime": "2021-09-17 10:07:59", "elapsed": 71.253267, "delta": 0.832639}}
{"target": -2.617077750281284, "params": {"eta": 0.26259626929601804, "max_depth": 9.779817007554154, "n_estimators": 13.804297845403717}, "datetime": {"datetime": "2021-09-17 10:08:00", "elapsed": 72.047783, "delta": 0.794516}}
{"target": -3.0103158197904887, "params": {"eta": 0.6340787976844403, "max_depth": 9.685267919016967, "n_estimators": 13.593131514140724}, "datetime": {"datetime": "2021-09-17 10:08:01", "elapsed": 72.972781, "delta": 0.924998}}
{"target": -2.616754848706095, "params": {"eta": 0.3456951792269344, "max_depth": 8.626794561574265, "n_estimators": 14.274543073036622}, "datetime": {"datetime": "2021-09-17 10:08:01", "elapsed": 73.473783, "delta": 0.501002}}
{"target": -2.6021094159076092, "params": {"eta": 0.4161196589802033, "max_depth": 8.58385771379516, "n_estimators": 13.95272130266233}, "datetime": {"datetime": "2021-09-17 10:08:02", "elapsed": 74.393908, "delta": 0.920125}}
{"target": -2.9383075770578886, "params": {"eta": 0.417464362048541, "max_depth": 2.2733912199916126, "n_estimators": 17.43322803963236}, "datetime": {"datetime": "2021-09-17 10:08:03", "elapsed": 74.85291, "delta": 0.459002}}
{"target": -2.6921386787765904, "params": {"eta": 0.3176771653708214, "max_depth": 8.25479557256195, "n_estimators": 14.195391480715564}, "datetime": {"datetime": "2021-09-17 10:08:04", "elapsed": 75.965277, "delta": 1.112367}}
{"target": -2.633368877988113, "params": {"eta": 0.3085305241312113, "max_depth": 8.245742881523363, "n_estimators": 14.200690630797865}, "datetime": {"datetime": "2021-09-17 10:08:04", "elapsed": 76.441281, "delta": 0.476004}}
{"target": -6.010690402984619, "params": {"eta": 0.1, "max_depth": 8.002867880640236, "n_estimators": 14.359844858855746}, "datetime": {"datetime": "2021-09-17 10:08:05", "elapsed": 77.505285, "delta": 1.064004}}
{"target": -2.5858992137406998, "params": {"eta": 0.3512334396204919, "max_depth": 7.9290597121449, "n_estimators": 10.80228222719319}, "datetime": {"datetime": "2021-09-17 10:08:06", "elapsed": 78.572125, "delta": 1.06684}}
{"target": -5.246827204603898, "params": {"eta": 0.11964755517438753, "max_depth": 9.481425301796536, "n_estimators": 13.868033673452274}, "datetime": {"datetime": "2021-09-17 10:08:07", "elapsed": 79.491125, "delta": 0.919}}
{"target": -2.7886620640754702, "params": {"eta": 0.5323545663738031, "max_depth": 9.409766337298416, "n_estimators": 14.124374018423971}, "datetime": {"datetime": "2021-09-17 10:08:08", "elapsed": 80.65337, "delta": 1.162245}}
{"target": -2.638468901734603, "params": {"eta": 0.3722528123213239, "max_depth": 9.91317225187295, "n_estimators": 14.033599848490292}, "datetime": {"datetime": "2021-09-17 10:08:09", "elapsed": 81.756048, "delta": 1.102678}}
{"target": -2.9898912724695705, "params": {"eta": 0.6777313904808517, "max_depth": 9.315846793126447, "n_estimators": 13.790165108594618}, "datetime": {"datetime": "2021-09-17 10:08:10", "elapsed": 82.584276, "delta": 0.828228}}
{"target": -2.888345929823424, "params": {"eta": 0.6006796042481718, "max_depth": 7.9275460381168905, "n_estimators": 11.474045869320118}, "datetime": {"datetime": "2021-09-17 10:08:12", "elapsed": 83.868505, "delta": 1.284229}}
{"target": -3.182439026707097, "params": {"eta": 0.6635085072174782, "max_depth": 2.5889587979349815, "n_estimators": 11.89890827690693}, "datetime": {"datetime": "2021-09-17 10:08:12", "elapsed": 84.365507, "delta": 0.497002}}
{"target": -2.595466803876977, "params": {"eta": 0.3750004045308173, "max_depth": 8.389297888428965, "n_estimators": 12.389730928270254}, "datetime": {"datetime": "2021-09-17 10:08:13", "elapsed": 84.918508, "delta": 0.553001}}
{"target": -2.8364051523961518, "params": {"eta": 0.5447488123706096, "max_depth": 9.66293736543302, "n_estimators": 13.897140757235698}, "datetime": {"datetime": "2021-09-17 10:08:14", "elapsed": 86.021374, "delta": 1.102866}}
{"target": -2.8275872657173555, "params": {"eta": 0.5031673642392424, "max_depth": 9.300309514501823, "n_estimators": 17.598853724998385}, "datetime": {"datetime": "2021-09-17 10:08:15", "elapsed": 87.03681, "delta": 1.015436}}
{"target": -2.9089114327179755, "params": {"eta": 0.6311527666769033, "max_depth": 3.4705159282986555, "n_estimators": 16.839323963007384}, "datetime": {"datetime": "2021-09-17 10:08:16", "elapsed": 88.1469, "delta": 1.11009}}
{"target": -2.400082188530972, "params": {"eta": 0.46360429365049344, "max_depth": 5.729842528396159, "n_estimators": 15.300788334659412}, "datetime": {"datetime": "2021-09-17 10:08:17", "elapsed": 89.195901, "delta": 1.049001}}
{"target": -2.5103031735671197, "params": {"eta": 0.29901699959511174, "max_depth": 5.929962179939874, "n_estimators": 15.470106760132865}, "datetime": {"datetime": "2021-09-17 10:08:18", "elapsed": 90.151229, "delta": 0.955328}}
{"target": -2.6857948315771, "params": {"eta": 0.7, "max_depth": 3.685369340393706, "n_estimators": 13.439339580280981}, "datetime": {"datetime": "2021-09-17 10:08:19", "elapsed": 91.257378, "delta": 1.106149}}
{"target": -2.516710363563738, "params": {"eta": 0.3614480876185173, "max_depth": 9.969782144304245, "n_estimators": 13.653448697367224}, "datetime": {"datetime": "2021-09-17 10:08:20", "elapsed": 92.453063, "delta": 1.195685}}
{"target": -2.7172555170561137, "params": {"eta": 0.6953746014830878, "max_depth": 3.2857532432697987, "n_estimators": 17.310115306828795}, "datetime": {"datetime": "2021-09-17 10:08:21", "elapsed": 93.446032, "delta": 0.992969}}
{"target": -2.5108920555365715, "params": {"eta": 0.44747548609172605, "max_depth": 8.30650692356751, "n_estimators": 11.7407990928988}, "datetime": {"datetime": "2021-09-17 10:08:22", "elapsed": 94.430772, "delta": 0.98474}}
{"target": -2.4186329634566053, "params": {"eta": 0.35735225727280806, "max_depth": 8.213081056270962, "n_estimators": 12.06299747219252}, "datetime": {"datetime": "2021-09-17 10:08:23", "elapsed": 95.543038, "delta": 1.112266}}
{"target": -2.905475227456344, "params": {"eta": 0.2201042751285554, "max_depth": 8.454105437790345, "n_estimators": 12.040871161987761}, "datetime": {"datetime": "2021-09-17 10:08:25", "elapsed": 96.79665, "delta": 1.253612}}
{"target": -2.8050390758012473, "params": {"eta": 0.5192666638214598, "max_depth": 3.762878510269953, "n_estimators": 11.045501410419805}, "datetime": {"datetime": "2021-09-17 10:08:25", "elapsed": 97.307649, "delta": 0.510999}}
{"target": -2.943807223596071, "params": {"eta": 0.39951539351767296, "max_depth": 2.9597807763900845, "n_estimators": 12.029104371890282}, "datetime": {"datetime": "2021-09-17 10:08:26", "elapsed": 97.853706, "delta": 0.546057}}
{"target": -3.012001291074251, "params": {"eta": 0.6113347893466919, "max_depth": 8.358345788295031, "n_estimators": 12.105239341674798}, "datetime": {"datetime": "2021-09-17 10:08:27", "elapsed": 99.245153, "delta": 1.391447}}
{"target": -2.5439887762069704, "params": {"eta": 0.2539809656138246, "max_depth": 7.22744745918407, "n_estimators": 15.88453699015179}, "datetime": {"datetime": "2021-09-17 10:08:28", "elapsed": 99.778152, "delta": 0.532999}}
{"target": -2.6812721785746123, "params": {"eta": 0.3322387803271762, "max_depth": 8.082422113570253, "n_estimators": 12.338301442657638}, "datetime": {"datetime": "2021-09-17 10:08:29", "elapsed": 100.822147, "delta": 1.043995}}
{"target": -3.7194392580735056, "params": {"eta": 0.1803235560218581, "max_depth": 8.114993803113931, "n_estimators": 11.84448967520404}, "datetime": {"datetime": "2021-09-17 10:08:30", "elapsed": 101.813216, "delta": 0.991069}}
{"target": -2.5457389116287232, "params": {"eta": 0.45561551645136433, "max_depth": 8.442246672754841, "n_estimators": 12.666794243663274}, "datetime": {"datetime": "2021-09-17 10:08:30", "elapsed": 102.367397, "delta": 0.554181}}
{"target": -6.395537843202289, "params": {"eta": 0.11036080464027793, "max_depth": 8.312652306829495, "n_estimators": 12.620929235741539}, "datetime": {"datetime": "2021-09-17 10:08:31", "elapsed": 103.501395, "delta": 1.133998}}
{"target": -2.951247444905733, "params": {"eta": 0.5970700850014425, "max_depth": 8.593504898685655, "n_estimators": 12.564216528048977}, "datetime": {"datetime": "2021-09-17 10:08:32", "elapsed": 104.600293, "delta": 1.098898}}
