{"target": 0.8022289239217572, "params": {"eta": 0.4903012303525781, "max_depth": 44.79520101715945, "n_estimators": 41.1452145185253}, "datetime": {"datetime": "2021-09-21 11:04:17", "elapsed": 168.209397, "delta": 1.320855}}
{"target": 0.8064883342409388, "params": {"eta": 0.4873130907194613, "max_depth": 19.060589043451017, "n_estimators": 48.97033772345993}, "datetime": {"datetime": "2021-09-21 11:04:20", "elapsed": 171.594587, "delta": 3.38519}}
{"target": 0.8562048335774467, "params": {"eta": 0.3582206568842684, "max_depth": 16.5338517664994, "n_estimators": 38.820020875756796}, "datetime": {"datetime": "2021-09-21 11:04:22", "elapsed": 172.927586, "delta": 1.332999}}
{"target": 0.8166730054018339, "params": {"eta": 0.4898208937462536, "max_depth": 10.73718693832077, "n_estimators": 28.2871835184367}, "datetime": {"datetime": "2021-09-21 11:04:23", "elapsed": 174.468587, "delta": 1.541001}}
{"target": 0.8614407301648965, "params": {"eta": 0.15396573578740946, "max_depth": 13.40100589605411, "n_estimators": 41.95054262858216}, "datetime": {"datetime": "2021-09-21 11:04:25", "elapsed": 176.453, "delta": 1.984413}}
{"target": 0.8361034817226849, "params": {"eta": 0.29887990271718456, "max_depth": 34.1808612455211, "n_estimators": 49.034732251663755}, "datetime": {"datetime": "2021-09-21 11:04:29", "elapsed": 180.000975, "delta": 3.547975}}
{"target": 0.8396209814009842, "params": {"eta": 0.308784488608418, "max_depth": 39.95725405283795, "n_estimators": 30.415253010132158}, "datetime": {"datetime": "2021-09-21 11:04:31", "elapsed": 182.483769, "delta": 2.482794}}
{"target": 0.854715968578075, "params": {"eta": 0.27119548182454745, "max_depth": 34.46594795737673, "n_estimators": 49.00850407063697}, "datetime": {"datetime": "2021-09-21 11:04:34", "elapsed": 185.210608, "delta": 2.726839}}
{"target": 0.8014071212515332, "params": {"eta": 0.33722846861974176, "max_depth": 1.8969158716782626, "n_estimators": 48.36784301263529}, "datetime": {"datetime": "2021-09-21 11:04:35", "elapsed": 186.79668, "delta": 1.586072}}
{"target": 0.8498904876637007, "params": {"eta": 0.23446572277322827, "max_depth": 30.180770354687834, "n_estimators": 14.69613318862347}, "datetime": {"datetime": "2021-09-21 11:04:37", "elapsed": 188.06931, "delta": 1.27263}}
{"target": 0.8206554006087535, "params": {"eta": 0.4829980317600798, "max_depth": 30.932122744325095, "n_estimators": 45.07744082580938}, "datetime": {"datetime": "2021-09-21 11:04:39", "elapsed": 190.647643, "delta": 2.578333}}
{"target": 0.8642394788989614, "params": {"eta": 0.377862657167365, "max_depth": 17.27505147271545, "n_estimators": 33.29476789111743}, "datetime": {"datetime": "2021-09-21 11:04:42", "elapsed": 193.365337, "delta": 2.717694}}
{"target": 0.8559127043192963, "params": {"eta": 0.33889921461068423, "max_depth": 35.729856385791294, "n_estimators": 48.49508678201435}, "datetime": {"datetime": "2021-09-21 11:04:45", "elapsed": 196.249977, "delta": 2.88464}}
{"target": 0.8554350041582206, "params": {"eta": 0.3307841936828637, "max_depth": 49.74117847379091, "n_estimators": 41.8391337704866}, "datetime": {"datetime": "2021-09-21 11:04:47", "elapsed": 198.316291, "delta": 2.066314}}
{"target": 0.8678365251619508, "params": {"eta": 0.44051505871992547, "max_depth": 31.31818565877539, "n_estimators": 34.02423205112806}, "datetime": {"datetime": "2021-09-21 11:04:51", "elapsed": 202.107513, "delta": 3.791222}}
{"target": 0.8596900139580981, "params": {"eta": 0.3278399762127512, "max_depth": 44.30563832053636, "n_estimators": 41.37827848334398}, "datetime": {"datetime": "2021-09-21 11:04:54", "elapsed": 205.038579, "delta": 2.931066}}
{"target": 0.8516490422949303, "params": {"eta": 0.20568908335043284, "max_depth": 4.5599284215136535, "n_estimators": 22.791578546720288}, "datetime": {"datetime": "2021-09-21 11:04:55", "elapsed": 206.343836, "delta": 1.305257}}
{"target": 0.8549606026745828, "params": {"eta": 0.2427233264729549, "max_depth": 44.681505596170624, "n_estimators": 40.9848409328426}, "datetime": {"datetime": "2021-09-21 11:04:58", "elapsed": 209.849547, "delta": 3.505711}}
{"target": 0.8338674497551412, "params": {"eta": 0.39333687103966586, "max_depth": 45.96117555028402, "n_estimators": 43.94252226075568}, "datetime": {"datetime": "2021-09-21 11:05:03", "elapsed": 214.034059, "delta": 4.184512}}
{"target": 0.8033131693706624, "params": {"eta": 0.4831169203537512, "max_depth": 8.709551900768998, "n_estimators": 31.170583167487}, "datetime": {"datetime": "2021-09-21 11:05:06", "elapsed": 217.267863, "delta": 3.233804}}
{"target": 0.8343210309755376, "params": {"eta": 0.3538239692649071, "max_depth": 40.14429636633755, "n_estimators": 10.06355430866992}, "datetime": {"datetime": "2021-09-21 11:05:08", "elapsed": 219.028461, "delta": 1.760598}}
{"target": 0.8561528615476428, "params": {"eta": 0.20288954971391898, "max_depth": 44.318416033442105, "n_estimators": 41.46090518700166}, "datetime": {"datetime": "2021-09-21 11:05:10", "elapsed": 221.269438, "delta": 2.240977}}
{"target": 0.8070014063822377, "params": {"eta": 0.47908635106156217, "max_depth": 45.78485731458163, "n_estimators": 43.824171257562114}, "datetime": {"datetime": "2021-09-21 11:05:12", "elapsed": 222.951876, "delta": 1.682438}}
{"target": 0.8504260778210646, "params": {"eta": 0.1971283762021118, "max_depth": 32.80314465819027, "n_estimators": 28.94842413084408}, "datetime": {"datetime": "2021-09-21 11:05:15", "elapsed": 226.314877, "delta": 3.363001}}
{"target": 0.8518967206606587, "params": {"eta": 0.1591067845978671, "max_depth": 34.370155358086066, "n_estimators": 48.89458432068182}, "datetime": {"datetime": "2021-09-21 11:05:18", "elapsed": 229.185541, "delta": 2.870664}}
{"target": 0.8438435935248969, "params": {"eta": 0.4510213189876934, "max_depth": 32.90071495568857, "n_estimators": 29.221022710384837}, "datetime": {"datetime": "2021-09-21 11:05:19", "elapsed": 230.868353, "delta": 1.682812}}
{"target": 0.8636196344253149, "params": {"eta": 0.37552594222979263, "max_depth": 35.57985146379953, "n_estimators": 48.52504631127329}, "datetime": {"datetime": "2021-09-21 11:05:23", "elapsed": 234.415258, "delta": 3.546905}}
{"target": 0.8530120037956478, "params": {"eta": 0.3209488301591137, "max_depth": 45.05978549681542, "n_estimators": 43.0246793875306}, "datetime": {"datetime": "2021-09-21 11:05:26", "elapsed": 237.287907, "delta": 2.872649}}
{"target": 0.8690019555658215, "params": {"eta": 0.3946344276132979, "max_depth": 8.01497864602782, "n_estimators": 41.50444110798759}, "datetime": {"datetime": "2021-09-21 11:05:27", "elapsed": 238.797934, "delta": 1.510027}}
{"target": 0.8627833018697111, "params": {"eta": 0.32292867863573615, "max_depth": 34.82307006751513, "n_estimators": 45.398510220106374}, "datetime": {"datetime": "2021-09-21 11:05:31", "elapsed": 242.313173, "delta": 3.515239}}
{"target": 0.8571944107853038, "params": {"eta": 0.32635881636972597, "max_depth": 15.388959039692292, "n_estimators": 37.144239433876294}, "datetime": {"datetime": "2021-09-21 11:05:34", "elapsed": 245.152604, "delta": 2.839431}}
{"target": 0.8631402956558917, "params": {"eta": 0.2698663814814497, "max_depth": 7.200034900022275, "n_estimators": 31.8541148203113}, "datetime": {"datetime": "2021-09-21 11:05:35", "elapsed": 246.138535, "delta": 0.985931}}
{"target": 0.8575095502937355, "params": {"eta": 0.19015974246971293, "max_depth": 17.097892111344596, "n_estimators": 33.35870618457484}, "datetime": {"datetime": "2021-09-21 11:05:38", "elapsed": 249.088301, "delta": 2.949766}}
{"target": 0.8436367400061542, "params": {"eta": 0.2898173044192667, "max_depth": 35.52504035979076, "n_estimators": 48.697957508124006}, "datetime": {"datetime": "2021-09-21 11:05:41", "elapsed": 252.473453, "delta": 3.385152}}
{"target": 0.8545733754703415, "params": {"eta": 0.18365963444781533, "max_depth": 22.552131282321053, "n_estimators": 31.86704026792711}, "datetime": {"datetime": "2021-09-21 11:05:42", "elapsed": 253.869958, "delta": 1.396505}}
{"target": 0.8272142194296725, "params": {"eta": 0.3055797351204296, "max_depth": 30.64908651232947, "n_estimators": 14.406514196435687}, "datetime": {"datetime": "2021-09-21 11:05:45", "elapsed": 255.950552, "delta": 2.080594}}
{"target": 0.8318036888594883, "params": {"eta": 0.2540776877927464, "max_depth": 43.15440790118062, "n_estimators": 19.564955565429663}, "datetime": {"datetime": "2021-09-21 11:05:45", "elapsed": 256.902693, "delta": 0.952141}}
{"target": 0.8445369597028705, "params": {"eta": 0.24274106476508953, "max_depth": 11.99368977071276, "n_estimators": 15.611478158219212}, "datetime": {"datetime": "2021-09-21 11:05:47", "elapsed": 258.631879, "delta": 1.729186}}
{"target": 0.8570590855989262, "params": {"eta": 0.4267258594000999, "max_depth": 43.3847034449103, "n_estimators": 37.14207268608471}, "datetime": {"datetime": "2021-09-21 11:05:49", "elapsed": 260.515858, "delta": 1.883979}}
{"target": 0.863430358002883, "params": {"eta": 0.19530752330928491, "max_depth": 48.42848734034024, "n_estimators": 27.610197734192713}, "datetime": {"datetime": "2021-09-21 11:05:51", "elapsed": 262.312445, "delta": 1.796587}}
{"target": 0.8297502807882975, "params": {"eta": 0.25862185623497336, "max_depth": 15.233727576338552, "n_estimators": 37.32870451037977}, "datetime": {"datetime": "2021-09-21 11:05:54", "elapsed": 265.050312, "delta": 2.737867}}
{"target": 0.8367207449995548, "params": {"eta": 0.27589367229868267, "max_depth": 23.93359574239626, "n_estimators": 18.616822845392274}, "datetime": {"datetime": "2021-09-21 11:05:55", "elapsed": 266.352467, "delta": 1.302155}}
{"target": 0.8531783579080883, "params": {"eta": 0.2703059073254802, "max_depth": 45.788407200324855, "n_estimators": 44.09728747150083}, "datetime": {"datetime": "2021-09-21 11:05:58", "elapsed": 269.200644, "delta": 2.848177}}
{"target": 0.7811347247352831, "params": {"eta": 0.10012581144968019, "max_depth": 25.270645380857783, "n_estimators": 24.241988393711715}, "datetime": {"datetime": "2021-09-21 11:05:59", "elapsed": 270.392033, "delta": 1.191389}}
{"target": 0.843900979614677, "params": {"eta": 0.3104971684750031, "max_depth": 33.02344391752174, "n_estimators": 17.95048224600977}, "datetime": {"datetime": "2021-09-21 11:06:00", "elapsed": 271.597778, "delta": 1.205745}}
{"target": 0.8527228458554564, "params": {"eta": 0.3836662968797412, "max_depth": 23.59594562090039, "n_estimators": 27.527408873693794}, "datetime": {"datetime": "2021-09-21 11:06:03", "elapsed": 274.28189, "delta": 2.684112}}
{"target": 0.8484355531354826, "params": {"eta": 0.448970674592018, "max_depth": 12.963862470915267, "n_estimators": 35.63375064299251}, "datetime": {"datetime": "2021-09-21 11:06:05", "elapsed": 276.878356, "delta": 2.596466}}
{"target": 0.8491932445058468, "params": {"eta": 0.23234816978149686, "max_depth": 44.44273368757083, "n_estimators": 41.22336262849816}, "datetime": {"datetime": "2021-09-21 11:06:09", "elapsed": 280.133862, "delta": 3.255506}}
{"target": 0.7757277155091907, "params": {"eta": 0.18159038424444415, "max_depth": 1.2370703472140083, "n_estimators": 40.50449249582921}, "datetime": {"datetime": "2021-09-21 11:06:11", "elapsed": 282.190059, "delta": 2.056197}}
{"target": 0.8443685633103698, "params": {"eta": 0.31905012956427475, "max_depth": 45.87557229532796, "n_estimators": 45.157962531714}, "datetime": {"datetime": "2021-09-21 11:06:14", "elapsed": 285.505002, "delta": 3.314943}}
{"target": 0.8468192442956904, "params": {"eta": 0.13951341813547571, "max_depth": 22.281354927854508, "n_estimators": 47.475736277460065}, "datetime": {"datetime": "2021-09-21 11:06:18", "elapsed": 289.342601, "delta": 3.837599}}
{"target": 0.8588324495193178, "params": {"eta": 0.17021748706740092, "max_depth": 15.394919054721047, "n_estimators": 37.007404547510255}, "datetime": {"datetime": "2021-09-21 11:06:22", "elapsed": 293.413418, "delta": 4.070817}}
{"target": 0.8415669807318805, "params": {"eta": 0.42809181620922665, "max_depth": 36.497567951777256, "n_estimators": 21.51568293880873}, "datetime": {"datetime": "2021-09-21 11:06:25", "elapsed": 296.126493, "delta": 2.713075}}
{"target": 0.8507208974406013, "params": {"eta": 0.24221542574546945, "max_depth": 17.269469551894606, "n_estimators": 33.20065019907688}, "datetime": {"datetime": "2021-09-21 11:06:28", "elapsed": 299.298164, "delta": 3.171671}}
{"target": 0.8557827654287211, "params": {"eta": 0.2722564414779554, "max_depth": 44.76404406330064, "n_estimators": 40.80448439857716}, "datetime": {"datetime": "2021-09-21 11:06:32", "elapsed": 302.952669, "delta": 3.654505}}
{"target": 0.8607782191353499, "params": {"eta": 0.14466168073582444, "max_depth": 17.455769626626754, "n_estimators": 33.40212301770784}, "datetime": {"datetime": "2021-09-21 11:06:34", "elapsed": 305.240311, "delta": 2.287642}}
{"target": 0.8513685472783705, "params": {"eta": 0.3999706514898731, "max_depth": 34.99123520611521, "n_estimators": 45.37609281016016}, "datetime": {"datetime": "2021-09-21 11:06:37", "elapsed": 308.332962, "delta": 3.092651}}
{"target": 0.856135085170813, "params": {"eta": 0.33746478532469715, "max_depth": 19.167844066101708, "n_estimators": 47.50766936042099}, "datetime": {"datetime": "2021-09-21 11:06:39", "elapsed": 310.796377, "delta": 2.463415}}
{"target": 0.8384595371749375, "params": {"eta": 0.3050500858788815, "max_depth": 7.997526899935903, "n_estimators": 41.38035751184439}, "datetime": {"datetime": "2021-09-21 11:06:42", "elapsed": 313.518211, "delta": 2.721834}}
{"target": 0.842757583395162, "params": {"eta": 0.3148615418090359, "max_depth": 23.246709047536445, "n_estimators": 32.710219984395536}, "datetime": {"datetime": "2021-09-21 11:06:44", "elapsed": 315.008135, "delta": 1.489924}}
{"target": 0.8390937418213383, "params": {"eta": 0.4728699972261091, "max_depth": 44.685164006706415, "n_estimators": 40.88004217984988}, "datetime": {"datetime": "2021-09-21 11:06:46", "elapsed": 316.92031, "delta": 1.912175}}
{"target": 0.8299969794328492, "params": {"eta": 0.39318756447438685, "max_depth": 40.27591429877195, "n_estimators": 46.2564217166483}, "datetime": {"datetime": "2021-09-21 11:06:47", "elapsed": 318.625095, "delta": 1.704785}}
{"target": 0.8677971802616504, "params": {"eta": 0.3887911437627225, "max_depth": 18.795214263901332, "n_estimators": 19.885851754210215}, "datetime": {"datetime": "2021-09-21 11:06:49", "elapsed": 320.246024, "delta": 1.620929}}
{"target": 0.8697880904054491, "params": {"eta": 0.1428341023704286, "max_depth": 34.811901163288056, "n_estimators": 45.17526667291095}, "datetime": {"datetime": "2021-09-21 11:06:53", "elapsed": 323.940063, "delta": 3.694039}}
{"target": 0.8302568735480831, "params": {"eta": 0.4171449773960726, "max_depth": 36.48004576587764, "n_estimators": 42.322352315396465}, "datetime": {"datetime": "2021-09-21 11:06:56", "elapsed": 327.653807, "delta": 3.713744}}
{"target": 0.8727868239014018, "params": {"eta": 0.15808883138877694, "max_depth": 39.73822276131916, "n_estimators": 24.0309218106293}, "datetime": {"datetime": "2021-09-21 11:06:58", "elapsed": 329.522346, "delta": 1.868539}}
{"target": 0.8429490362778225, "params": {"eta": 0.28893665085513787, "max_depth": 49.846862073251536, "n_estimators": 43.920978748313246}, "datetime": {"datetime": "2021-09-21 11:07:02", "elapsed": 333.510839, "delta": 3.988493}}
{"target": 0.8485114652389018, "params": {"eta": 0.24207801738076615, "max_depth": 44.97774294053065, "n_estimators": 43.27490205069468}, "datetime": {"datetime": "2021-09-21 11:07:05", "elapsed": 336.635048, "delta": 3.124209}}
{"target": 0.867419768276173, "params": {"eta": 0.26439485900482584, "max_depth": 17.631617127083807, "n_estimators": 49.67569863811697}, "datetime": {"datetime": "2021-09-21 11:07:09", "elapsed": 340.471385, "delta": 3.836337}}
{"target": 0.855057607962491, "params": {"eta": 0.33272407145212013, "max_depth": 17.388123787669986, "n_estimators": 33.47741327584115}, "datetime": {"datetime": "2021-09-21 11:07:12", "elapsed": 343.255516, "delta": 2.784131}}
{"target": 0.8558294598900535, "params": {"eta": 0.12444141371159866, "max_depth": 34.34729223051634, "n_estimators": 49.22111326866564}, "datetime": {"datetime": "2021-09-21 11:07:16", "elapsed": 347.513558, "delta": 4.258042}}
{"target": 0.8599781206466187, "params": {"eta": 0.33921458122617454, "max_depth": 21.364144981556503, "n_estimators": 33.65983610690479}, "datetime": {"datetime": "2021-09-21 11:07:19", "elapsed": 349.953336, "delta": 2.439778}}
{"target": 0.8652823655177111, "params": {"eta": 0.23378590288358822, "max_depth": 39.73291859711198, "n_estimators": 24.14864867895315}, "datetime": {"datetime": "2021-09-21 11:07:20", "elapsed": 351.473624, "delta": 1.520288}}
{"target": 0.8494748259450776, "params": {"eta": 0.22060275816798303, "max_depth": 39.57390035246975, "n_estimators": 24.030740110368626}, "datetime": {"datetime": "2021-09-21 11:07:22", "elapsed": 353.426154, "delta": 1.95253}}
{"target": 0.8690005837547309, "params": {"eta": 0.36998063224734434, "max_depth": 8.239653367572025, "n_estimators": 41.496991063030364}, "datetime": {"datetime": "2021-09-21 11:07:24", "elapsed": 355.674156, "delta": 2.248002}}
{"target": 0.8278190558853092, "params": {"eta": 0.4155245831349731, "max_depth": 20.447435310450853, "n_estimators": 41.71186802271808}, "datetime": {"datetime": "2021-09-21 11:07:26", "elapsed": 357.514754, "delta": 1.840598}}
{"target": 0.830536543431764, "params": {"eta": 0.4128297551965985, "max_depth": 34.84741874737904, "n_estimators": 45.169998284535964}, "datetime": {"datetime": "2021-09-21 11:07:29", "elapsed": 360.319282, "delta": 2.804528}}
{"target": 0.8701560783148238, "params": {"eta": 0.4567076007245642, "max_depth": 35.74914830464483, "n_estimators": 48.70587800411153}, "datetime": {"datetime": "2021-09-21 11:07:31", "elapsed": 362.655895, "delta": 2.336613}}
{"target": 0.8644807971912924, "params": {"eta": 0.46072238706527624, "max_depth": 6.620512273472797, "n_estimators": 22.564290988478497}, "datetime": {"datetime": "2021-09-21 11:07:33", "elapsed": 363.96241, "delta": 1.306515}}
{"target": 0.8452938592695144, "params": {"eta": 0.11278758879340196, "max_depth": 45.06855981798675, "n_estimators": 42.86691581931729}, "datetime": {"datetime": "2021-09-21 11:07:34", "elapsed": 365.875421, "delta": 1.913011}}
{"target": 0.8505747401131905, "params": {"eta": 0.13920283472224712, "max_depth": 44.8815108474996, "n_estimators": 43.05399169547621}, "datetime": {"datetime": "2021-09-21 11:07:37", "elapsed": 368.456041, "delta": 2.58062}}
{"target": 0.8419933323681202, "params": {"eta": 0.4689655860926073, "max_depth": 38.25235276619269, "n_estimators": 22.44975796135378}, "datetime": {"datetime": "2021-09-21 11:07:40", "elapsed": 371.528399, "delta": 3.072358}}
{"target": 0.8692572467223938, "params": {"eta": 0.4446795947009009, "max_depth": 12.142621396757342, "n_estimators": 46.805919034323566}, "datetime": {"datetime": "2021-09-21 11:07:45", "elapsed": 375.989341, "delta": 4.460942}}
{"target": 0.8519349909062156, "params": {"eta": 0.4477823280685306, "max_depth": 42.63670999109839, "n_estimators": 28.61787705418587}, "datetime": {"datetime": "2021-09-21 11:07:47", "elapsed": 378.574159, "delta": 2.584818}}
{"target": 0.8578233846623173, "params": {"eta": 0.19829658033301387, "max_depth": 18.396875261899147, "n_estimators": 33.272468509567354}, "datetime": {"datetime": "2021-09-21 11:07:51", "elapsed": 382.114241, "delta": 3.540082}}
{"target": 0.8652894779359865, "params": {"eta": 0.194307044541713, "max_depth": 34.90107891501611, "n_estimators": 45.56723817993933}, "datetime": {"datetime": "2021-09-21 11:07:55", "elapsed": 386.642121, "delta": 4.52788}}
{"target": 0.8573144092064515, "params": {"eta": 0.2372443030309866, "max_depth": 40.00206418321596, "n_estimators": 23.95639608399961}, "datetime": {"datetime": "2021-09-21 11:07:57", "elapsed": 388.282385, "delta": 1.640264}}
{"target": 0.8223459152344145, "params": {"eta": 0.48672925286773994, "max_depth": 31.74038784715504, "n_estimators": 30.66862637512262}, "datetime": {"datetime": "2021-09-21 11:07:59", "elapsed": 390.383652, "delta": 2.101267}}
{"target": 0.8472165890223783, "params": {"eta": 0.1028579374477169, "max_depth": 34.185049896825696, "n_estimators": 48.919539724503124}, "datetime": {"datetime": "2021-09-21 11:08:02", "elapsed": 393.039896, "delta": 2.656244}}
{"target": 0.8064504476486231, "params": {"eta": 0.4952582846363759, "max_depth": 45.934737372409785, "n_estimators": 48.72510692953141}, "datetime": {"datetime": "2021-09-21 11:08:03", "elapsed": 394.785435, "delta": 1.745539}}
{"target": 0.8778738518584082, "params": {"eta": 0.3540277582779533, "max_depth": 8.203781403576155, "n_estimators": 41.72633109783645}, "datetime": {"datetime": "2021-09-21 11:08:05", "elapsed": 396.887842, "delta": 2.102407}}
{"target": 0.8195039674131048, "params": {"eta": 0.49965762779121015, "max_depth": 11.079438016391567, "n_estimators": 14.341820967329806}, "datetime": {"datetime": "2021-09-21 11:08:07", "elapsed": 398.337448, "delta": 1.449606}}
{"target": 0.8524895163438525, "params": {"eta": 0.4001882197972373, "max_depth": 48.229677199173885, "n_estimators": 21.40917436183072}, "datetime": {"datetime": "2021-09-21 11:08:09", "elapsed": 400.281959, "delta": 1.944511}}
{"target": 0.8436770946931373, "params": {"eta": 0.46791940699773027, "max_depth": 46.452187575624315, "n_estimators": 36.66220950936109}, "datetime": {"datetime": "2021-09-21 11:08:13", "elapsed": 404.68214, "delta": 4.400181}}
{"target": 0.849757946012885, "params": {"eta": 0.35462672738193257, "max_depth": 11.76703033021439, "n_estimators": 39.60563340651778}, "datetime": {"datetime": "2021-09-21 11:08:17", "elapsed": 408.273736, "delta": 3.591596}}
{"target": 0.8526915429551023, "params": {"eta": 0.3475396742040905, "max_depth": 44.542059074851444, "n_estimators": 41.426577255287356}, "datetime": {"datetime": "2021-09-21 11:08:20", "elapsed": 411.864886, "delta": 3.59115}}
