{"target": -2.379807353647132, "params": {"eta": 0.17435231677964702, "max_depth": 11.686181538044055, "n_estimators": 27.99502971186743}, "datetime": {"datetime": "2021-09-17 13:46:46", "elapsed": 194.547342, "delta": 1.375123}}
{"target": -2.254945233621095, "params": {"eta": 0.1943594489943864, "max_depth": 14.961205823845843, "n_estimators": 28.293071595496695}, "datetime": {"datetime": "2021-09-17 13:46:47", "elapsed": 195.825499, "delta": 1.278157}}
{"target": -2.353252447278876, "params": {"eta": 0.19038585942144037, "max_depth": 14.898333829811174, "n_estimators": 28.203771760009555}, "datetime": {"datetime": "2021-09-17 13:46:48", "elapsed": 197.105491, "delta": 1.279992}}
{"target": -2.4758426867033303, "params": {"eta": 0.1811666172852321, "max_depth": 15.031071696582156, "n_estimators": 28.383402074006884}, "datetime": {"datetime": "2021-09-17 13:46:49", "elapsed": 198.060636, "delta": 0.955145}}
{"target": -2.3757243363480818, "params": {"eta": 0.2, "max_depth": 15.081157342052778, "n_estimators": 28.396876995506755}, "datetime": {"datetime": "2021-09-17 13:46:51", "elapsed": 199.715935, "delta": 1.655299}}
{"target": -2.7448625652413616, "params": {"eta": 0.10287807542470076, "max_depth": 15.432743915187881, "n_estimators": 27.376990735677413}, "datetime": {"datetime": "2021-09-17 13:46:52", "elapsed": 200.652485, "delta": 0.93655}}
{"target": -2.2959121283731965, "params": {"eta": 0.19072686547444576, "max_depth": 15.102972154696232, "n_estimators": 28.18468873384455}, "datetime": {"datetime": "2021-09-17 13:46:53", "elapsed": 202.122998, "delta": 1.470513}}
{"target": -2.3737746232434325, "params": {"eta": 0.19677327592226668, "max_depth": 10.826716321593622, "n_estimators": 22.862222042550492}, "datetime": {"datetime": "2021-09-17 13:46:55", "elapsed": 203.216934, "delta": 1.093936}}
{"target": -2.334032764560298, "params": {"eta": 0.16096361181566277, "max_depth": 11.441897404878672, "n_estimators": 28.30915715992395}, "datetime": {"datetime": "2021-09-17 13:46:56", "elapsed": 204.754396, "delta": 1.537462}}
{"target": -2.5316966815998674, "params": {"eta": 0.11545746339196183, "max_depth": 12.220076721099858, "n_estimators": 26.792910056751335}, "datetime": {"datetime": "2021-09-17 13:46:57", "elapsed": 205.630915, "delta": 0.876519}}
{"target": -2.297993174979561, "params": {"eta": 0.1499967480115187, "max_depth": 13.217218129493936, "n_estimators": 28.48726980740129}, "datetime": {"datetime": "2021-09-17 13:46:58", "elapsed": 206.622734, "delta": 0.991819}}
{"target": -2.23529105751138, "params": {"eta": 0.17564260038791762, "max_depth": 14.054700344893678, "n_estimators": 26.525448248111392}, "datetime": {"datetime": "2021-09-17 13:46:59", "elapsed": 207.952726, "delta": 1.329992}}
{"target": -2.2325186051820456, "params": {"eta": 0.1964779164439024, "max_depth": 11.431545367623151, "n_estimators": 28.23574805419247}, "datetime": {"datetime": "2021-09-17 13:47:01", "elapsed": 209.181049, "delta": 1.228323}}
{"target": -2.3501459724024722, "params": {"eta": 0.2, "max_depth": 12.150542696524221, "n_estimators": 26.23070117187228}, "datetime": {"datetime": "2021-09-17 13:47:02", "elapsed": 211.03892, "delta": 1.857871}}
{"target": -2.4460987009500204, "params": {"eta": 0.18160540948447979, "max_depth": 15.066889775503203, "n_estimators": 28.354644563631478}, "datetime": {"datetime": "2021-09-17 13:47:04", "elapsed": 212.906252, "delta": 1.867332}}
{"target": -2.6604312815164266, "params": {"eta": 0.10466522049912017, "max_depth": 15.68718766976624, "n_estimators": 27.629558166429632}, "datetime": {"datetime": "2021-09-17 13:47:05", "elapsed": 213.918928, "delta": 1.012676}}
{"target": -2.337598069090592, "params": {"eta": 0.18481455222512683, "max_depth": 14.970327458241073, "n_estimators": 28.23095817975449}, "datetime": {"datetime": "2021-09-17 13:47:07", "elapsed": 215.19951, "delta": 1.280582}}
{"target": -2.8244780051080802, "params": {"eta": 0.1124289339659196, "max_depth": 16.328016196168967, "n_estimators": 23.031535184713263}, "datetime": {"datetime": "2021-09-17 13:47:08", "elapsed": 216.208483, "delta": 1.008973}}
{"target": -2.2853896454760902, "params": {"eta": 0.14426456536072726, "max_depth": 15.637977559673853, "n_estimators": 28.039347290479228}, "datetime": {"datetime": "2021-09-17 13:47:09", "elapsed": 218.025202, "delta": 1.816719}}
{"target": -2.360018987404673, "params": {"eta": 0.18367542108901816, "max_depth": 15.71481726108978, "n_estimators": 28.018382738253024}, "datetime": {"datetime": "2021-09-17 13:47:11", "elapsed": 219.533185, "delta": 1.507983}}
{"target": -2.704871819521251, "params": {"eta": 0.09776157753358532, "max_depth": 15.5702077954512, "n_estimators": 28.086253074232516}, "datetime": {"datetime": "2021-09-17 13:47:13", "elapsed": 221.379655, "delta": 1.84647}}
{"target": -2.2065880593500644, "params": {"eta": 0.19785619975525803, "max_depth": 13.31832358187723, "n_estimators": 22.85703709338087}, "datetime": {"datetime": "2021-09-17 13:47:14", "elapsed": 222.335141, "delta": 0.955486}}
{"target": -2.382381754799893, "params": {"eta": 0.17396738612468976, "max_depth": 15.722311226414652, "n_estimators": 28.133573191214662}, "datetime": {"datetime": "2021-09-17 13:47:15", "elapsed": 223.686149, "delta": 1.351008}}
{"target": -2.308202062782488, "params": {"eta": 0.19722743975419965, "max_depth": 11.507191003576104, "n_estimators": 28.22246843953894}, "datetime": {"datetime": "2021-09-17 13:47:17", "elapsed": 225.328111, "delta": 1.641962}}
{"target": -2.216119178972746, "params": {"eta": 0.19593453310840184, "max_depth": 10.832167789532443, "n_estimators": 24.821470945118456}, "datetime": {"datetime": "2021-09-17 13:47:18", "elapsed": 227.064867, "delta": 1.736756}}
{"target": -2.2089760604657624, "params": {"eta": 0.19560905421706953, "max_depth": 13.273077951278989, "n_estimators": 28.940038084734773}, "datetime": {"datetime": "2021-09-17 13:47:20", "elapsed": 228.725969, "delta": 1.661102}}
{"target": -2.371691501140594, "params": {"eta": 0.19882568495183894, "max_depth": 15.974524438728185, "n_estimators": 25.799723870622977}, "datetime": {"datetime": "2021-09-17 13:47:22", "elapsed": 230.143495, "delta": 1.417526}}
{"target": -2.37479719550986, "params": {"eta": 0.19959016579798072, "max_depth": 11.062288041599123, "n_estimators": 23.433495493041285}, "datetime": {"datetime": "2021-09-17 13:47:23", "elapsed": 231.455733, "delta": 1.312238}}
{"target": -2.294090849474857, "params": {"eta": 0.16278117544374177, "max_depth": 11.739325761074669, "n_estimators": 26.503648162465552}, "datetime": {"datetime": "2021-09-17 13:47:24", "elapsed": 232.525994, "delta": 1.070261}}
{"target": -2.274550407811215, "params": {"eta": 0.19373146727432197, "max_depth": 11.708368639168286, "n_estimators": 26.552962892267217}, "datetime": {"datetime": "2021-09-17 13:47:25", "elapsed": 233.640829, "delta": 1.114835}}
{"target": -2.4484179314814116, "params": {"eta": 0.13264429843954967, "max_depth": 10.84102717093373, "n_estimators": 24.800895253541203}, "datetime": {"datetime": "2021-09-17 13:47:27", "elapsed": 235.138386, "delta": 1.497557}}
{"target": -2.2265667181265982, "params": {"eta": 0.19762397810256466, "max_depth": 13.242682084001688, "n_estimators": 28.891579329470474}, "datetime": {"datetime": "2021-09-17 13:47:28", "elapsed": 236.712736, "delta": 1.57435}}
{"target": -2.3340418570920045, "params": {"eta": 0.19994147161757136, "max_depth": 15.555091204942851, "n_estimators": 28.057203812258216}, "datetime": {"datetime": "2021-09-17 13:47:30", "elapsed": 238.698687, "delta": 1.985951}}
{"target": -2.4000043712164225, "params": {"eta": 0.19883169190019867, "max_depth": 16.538795338223462, "n_estimators": 22.386485977919104}, "datetime": {"datetime": "2021-09-17 13:47:31", "elapsed": 240.096919, "delta": 1.398232}}
{"target": -2.306553534457558, "params": {"eta": 0.160443841512426, "max_depth": 15.159955044520895, "n_estimators": 28.16145718093907}, "datetime": {"datetime": "2021-09-17 13:47:33", "elapsed": 241.717917, "delta": 1.620998}}
{"target": -2.3744368935886184, "params": {"eta": 0.19060875689460716, "max_depth": 11.719207839729009, "n_estimators": 28.128138931941468}, "datetime": {"datetime": "2021-09-17 13:47:35", "elapsed": 243.667968, "delta": 1.950051}}
{"target": -2.3229913843305483, "params": {"eta": 0.14392992563823348, "max_depth": 14.105804852437048, "n_estimators": 26.514393426071944}, "datetime": {"datetime": "2021-09-17 13:47:37", "elapsed": 245.340693, "delta": 1.672725}}
{"target": -2.346848192340449, "params": {"eta": 0.2, "max_depth": 11.720512067158072, "n_estimators": 28.211012770436138}, "datetime": {"datetime": "2021-09-17 13:47:38", "elapsed": 246.632846, "delta": 1.292153}}
{"target": -2.4251229524612428, "params": {"eta": 0.2, "max_depth": 13.255790247643057, "n_estimators": 22.87167145422133}, "datetime": {"datetime": "2021-09-17 13:47:40", "elapsed": 248.343956, "delta": 1.71111}}
{"target": -2.4349378962265815, "params": {"eta": 0.1290075102922713, "max_depth": 11.728127304664042, "n_estimators": 26.562010486659467}, "datetime": {"datetime": "2021-09-17 13:47:41", "elapsed": 249.768743, "delta": 1.424787}}
{"target": -2.346848192340449, "params": {"eta": 0.2, "max_depth": 11.608784625760206, "n_estimators": 28.188624701962603}, "datetime": {"datetime": "2021-09-17 13:47:43", "elapsed": 251.294546, "delta": 1.525803}}
{"target": -2.477076812794334, "params": {"eta": 0.13040064107125363, "max_depth": 13.328636924265517, "n_estimators": 23.395099303054643}, "datetime": {"datetime": "2021-09-17 13:47:44", "elapsed": 253.007372, "delta": 1.712826}}
{"target": -2.4213633882372, "params": {"eta": 0.135455463390331, "max_depth": 12.213515573880981, "n_estimators": 23.047450389990427}, "datetime": {"datetime": "2021-09-17 13:47:45", "elapsed": 254.077593, "delta": 1.070221}}
{"target": -2.3373311701573827, "params": {"eta": 0.1563570397271098, "max_depth": 13.368098479595027, "n_estimators": 22.894811912165498}, "datetime": {"datetime": "2021-09-17 13:47:47", "elapsed": 255.526229, "delta": 1.448636}}
{"target": -2.3841442798313337, "params": {"eta": 0.1914648800957211, "max_depth": 10.974663154839186, "n_estimators": 23.483372814778924}, "datetime": {"datetime": "2021-09-17 13:47:48", "elapsed": 256.962579, "delta": 1.43635}}
{"target": -2.233900781681663, "params": {"eta": 0.1930552454509657, "max_depth": 11.431197512283747, "n_estimators": 28.24434010105226}, "datetime": {"datetime": "2021-09-17 13:47:49", "elapsed": 258.07276, "delta": 1.110181}}
{"target": -2.274528620745006, "params": {"eta": 0.15261974970230996, "max_depth": 13.200838762909619, "n_estimators": 27.0264283836211}, "datetime": {"datetime": "2021-09-17 13:47:50", "elapsed": 259.116758, "delta": 1.043998}}
{"target": -2.6081259708655504, "params": {"eta": 0.12635332770324695, "max_depth": 10.97787533828433, "n_estimators": 23.584681661109883}, "datetime": {"datetime": "2021-09-17 13:47:52", "elapsed": 260.494423, "delta": 1.377665}}
{"target": -2.3367517841489693, "params": {"eta": 0.18739158975685555, "max_depth": 15.826990951069467, "n_estimators": 28.022015886055918}, "datetime": {"datetime": "2021-09-17 13:47:53", "elapsed": 261.891423, "delta": 1.397}}
{"target": -2.3234876607593735, "params": {"eta": 0.18564041296382516, "max_depth": 15.578197101000457, "n_estimators": 27.97722904762477}, "datetime": {"datetime": "2021-09-17 13:47:54", "elapsed": 263.048095, "delta": 1.156672}}
{"target": -2.336880735974563, "params": {"eta": 0.19730704552943595, "max_depth": 11.94518157161426, "n_estimators": 22.664720006495124}, "datetime": {"datetime": "2021-09-17 13:47:55", "elapsed": 264.088067, "delta": 1.039972}}
{"target": -2.4317735144966526, "params": {"eta": 0.1485057187983165, "max_depth": 12.347663909370354, "n_estimators": 22.034190361798824}, "datetime": {"datetime": "2021-09-17 13:47:56", "elapsed": 265.075289, "delta": 0.987222}}
{"target": -2.4090076433984855, "params": {"eta": 0.1321416227799133, "max_depth": 15.22204972109852, "n_estimators": 26.931186183380145}, "datetime": {"datetime": "2021-09-17 13:47:58", "elapsed": 266.18735, "delta": 1.112061}}
{"target": -2.2785425361834073, "params": {"eta": 0.19459714593781893, "max_depth": 11.779193102436098, "n_estimators": 28.29167076513764}, "datetime": {"datetime": "2021-09-17 13:47:59", "elapsed": 267.830037, "delta": 1.642687}}
{"target": -2.3644771011252153, "params": {"eta": 0.2, "max_depth": 14.890688395829068, "n_estimators": 28.289354362730833}, "datetime": {"datetime": "2021-09-17 13:48:01", "elapsed": 269.176604, "delta": 1.346567}}
{"target": -2.4985578235826993, "params": {"eta": 0.1416006720364158, "max_depth": 13.289251458717533, "n_estimators": 22.828006268345842}, "datetime": {"datetime": "2021-09-17 13:48:02", "elapsed": 270.659442, "delta": 1.482838}}
{"target": -2.369117027834842, "params": {"eta": 0.19862533092825577, "max_depth": 14.958431911092504, "n_estimators": 28.567566666346778}, "datetime": {"datetime": "2021-09-17 13:48:04", "elapsed": 272.339546, "delta": 1.680104}}
{"target": -2.2919249032673084, "params": {"eta": 0.1952028895027284, "max_depth": 15.189990756252403, "n_estimators": 28.09152549325798}, "datetime": {"datetime": "2021-09-17 13:48:05", "elapsed": 274.037299, "delta": 1.697753}}
{"target": -2.295415344991182, "params": {"eta": 0.19626195262642818, "max_depth": 11.08926096616799, "n_estimators": 25.29473797898856}, "datetime": {"datetime": "2021-09-17 13:48:07", "elapsed": 275.535389, "delta": 1.49809}}
{"target": -2.492529639444853, "params": {"eta": 0.12023978111466713, "max_depth": 11.526727823582187, "n_estimators": 28.25818734964217}, "datetime": {"datetime": "2021-09-17 13:48:09", "elapsed": 277.511282, "delta": 1.975893}}
{"target": -2.3757243363480818, "params": {"eta": 0.2, "max_depth": 15.117392035954577, "n_estimators": 28.064074822257574}, "datetime": {"datetime": "2021-09-17 13:48:11", "elapsed": 279.530177, "delta": 2.018895}}
{"target": -2.485035414444773, "params": {"eta": 0.16401132339944913, "max_depth": 11.76238040640444, "n_estimators": 23.76505466116122}, "datetime": {"datetime": "2021-09-17 13:48:12", "elapsed": 280.547959, "delta": 1.017782}}
{"target": -2.365931973331853, "params": {"eta": 0.15898097410539194, "max_depth": 15.503278716159551, "n_estimators": 28.00344136295163}, "datetime": {"datetime": "2021-09-17 13:48:13", "elapsed": 282.059795, "delta": 1.511836}}
{"target": -2.267544408220994, "params": {"eta": 0.19441161886231612, "max_depth": 13.321418960625785, "n_estimators": 22.933850982860182}, "datetime": {"datetime": "2021-09-17 13:48:15", "elapsed": 283.957367, "delta": 1.897572}}
{"target": -2.3642328249780755, "params": {"eta": 0.12938642127962446, "max_depth": 15.766283595391286, "n_estimators": 27.628799537690348}, "datetime": {"datetime": "2021-09-17 13:48:16", "elapsed": 285.123691, "delta": 1.166324}}
{"target": -2.29957994222641, "params": {"eta": 0.19592272832734697, "max_depth": 13.403577773789307, "n_estimators": 22.83305772253823}, "datetime": {"datetime": "2021-09-17 13:48:18", "elapsed": 286.906206, "delta": 1.782515}}
{"target": -2.2835372912256338, "params": {"eta": 0.14399760994230795, "max_depth": 14.869789402710872, "n_estimators": 28.505374546228715}, "datetime": {"datetime": "2021-09-17 13:48:20", "elapsed": 288.320626, "delta": 1.41442}}
{"target": -2.3445199684092874, "params": {"eta": 0.1968498633341047, "max_depth": 11.062192122643241, "n_estimators": 23.600320279103794}, "datetime": {"datetime": "2021-09-17 13:48:21", "elapsed": 289.899484, "delta": 1.578858}}
{"target": -2.2699467200981944, "params": {"eta": 0.18716384097659766, "max_depth": 10.922542055749016, "n_estimators": 24.881682524797498}, "datetime": {"datetime": "2021-09-17 13:48:23", "elapsed": 291.694191, "delta": 1.794707}}
{"target": -2.9715577658854033, "params": {"eta": 0.09030965823176096, "max_depth": 14.777152013073728, "n_estimators": 28.506257952453566}, "datetime": {"datetime": "2021-09-17 13:48:25", "elapsed": 293.349476, "delta": 1.655285}}
{"target": -2.4491801004660756, "params": {"eta": 0.12360696618172376, "max_depth": 12.159951210670908, "n_estimators": 26.31004161705703}, "datetime": {"datetime": "2021-09-17 13:48:26", "elapsed": 294.820918, "delta": 1.471442}}
{"target": -2.3484876049192325, "params": {"eta": 0.19257181896544986, "max_depth": 10.883827564729184, "n_estimators": 24.7607535592021}, "datetime": {"datetime": "2021-09-17 13:48:28", "elapsed": 296.595315, "delta": 1.774397}}
{"target": -2.4276454015782005, "params": {"eta": 0.17719817631538853, "max_depth": 10.661377204996322, "n_estimators": 23.113826636371357}, "datetime": {"datetime": "2021-09-17 13:48:29", "elapsed": 297.769854, "delta": 1.174539}}
{"target": -2.3590414511530025, "params": {"eta": 0.19177839733115778, "max_depth": 15.43925424803383, "n_estimators": 26.23393546766062}, "datetime": {"datetime": "2021-09-17 13:48:30", "elapsed": 298.916591, "delta": 1.146737}}
{"target": -2.795484621273844, "params": {"eta": 0.11203166363576764, "max_depth": 15.034108332763996, "n_estimators": 24.018803539662255}, "datetime": {"datetime": "2021-09-17 13:48:31", "elapsed": 300.016901, "delta": 1.10031}}
{"target": -2.3828102287493254, "params": {"eta": 0.13723281768331816, "max_depth": 15.459522132423889, "n_estimators": 28.329904370923558}, "datetime": {"datetime": "2021-09-17 13:48:33", "elapsed": 301.225364, "delta": 1.208463}}
{"target": -2.311821129447536, "params": {"eta": 0.15865074143921437, "max_depth": 11.619163197924262, "n_estimators": 28.34962015921126}, "datetime": {"datetime": "2021-09-17 13:48:34", "elapsed": 303.094062, "delta": 1.868698}}
{"target": -2.362589887568825, "params": {"eta": 0.1318765132360844, "max_depth": 12.314840765604904, "n_estimators": 27.013554438858485}, "datetime": {"datetime": "2021-09-17 13:48:36", "elapsed": 304.986458, "delta": 1.892396}}
{"target": -2.346848192340449, "params": {"eta": 0.2, "max_depth": 11.856459782050349, "n_estimators": 28.19230580040405}, "datetime": {"datetime": "2021-09-17 13:48:38", "elapsed": 306.813603, "delta": 1.827145}}
{"target": -3.179667557540693, "params": {"eta": 0.09641348235688052, "max_depth": 13.224172151890699, "n_estimators": 24.969433245693843}, "datetime": {"datetime": "2021-09-17 13:48:39", "elapsed": 308.023653, "delta": 1.21005}}
{"target": -2.2428857019073085, "params": {"eta": 0.19318133492086476, "max_depth": 11.701193618800911, "n_estimators": 26.485432860233793}, "datetime": {"datetime": "2021-09-17 13:48:41", "elapsed": 310.052232, "delta": 2.028579}}
{"target": -2.2571366278748766, "params": {"eta": 0.19437784959771187, "max_depth": 12.979476641889834, "n_estimators": 24.010491762030046}, "datetime": {"datetime": "2021-09-17 13:48:43", "elapsed": 311.632294, "delta": 1.580062}}
{"target": -2.3490952736453004, "params": {"eta": 0.19677543299435452, "max_depth": 15.885476726370616, "n_estimators": 24.12472048278218}, "datetime": {"datetime": "2021-09-17 13:48:44", "elapsed": 312.839216, "delta": 1.206922}}
{"target": -2.3754964759475308, "params": {"eta": 0.1985605339825779, "max_depth": 12.941878366745016, "n_estimators": 26.727104408828104}, "datetime": {"datetime": "2021-09-17 13:48:46", "elapsed": 314.816464, "delta": 1.977248}}
{"target": -2.3262435109991775, "params": {"eta": 0.2, "max_depth": 10.942209616379419, "n_estimators": 25.20350303009644}, "datetime": {"datetime": "2021-09-17 13:48:48", "elapsed": 316.365982, "delta": 1.549518}}
{"target": -2.2837120714940524, "params": {"eta": 0.1950056263403901, "max_depth": 14.17407515083757, "n_estimators": 26.547501298730722}, "datetime": {"datetime": "2021-09-17 13:48:49", "elapsed": 317.901509, "delta": 1.535527}}
{"target": -2.453854313022212, "params": {"eta": 0.18080416935958654, "max_depth": 13.147567131098718, "n_estimators": 27.075077414562706}, "datetime": {"datetime": "2021-09-17 13:48:51", "elapsed": 319.818484, "delta": 1.916975}}
{"target": -2.485041920762313, "params": {"eta": 0.1123224837032764, "max_depth": 11.799042362838959, "n_estimators": 28.34049258403224}, "datetime": {"datetime": "2021-09-17 13:48:53", "elapsed": 321.432046, "delta": 1.613562}}
{"target": -2.265321788034941, "params": {"eta": 0.19325772499112265, "max_depth": 12.255626769025225, "n_estimators": 26.8660355798199}, "datetime": {"datetime": "2021-09-17 13:48:54", "elapsed": 323.104081, "delta": 1.672035}}
{"target": -2.3598842144012453, "params": {"eta": 0.14382727959281597, "max_depth": 16.0756881137623, "n_estimators": 27.482678161593725}, "datetime": {"datetime": "2021-09-17 13:48:56", "elapsed": 324.403567, "delta": 1.299486}}
{"target": -2.365781694964358, "params": {"eta": 0.2, "max_depth": 11.21904605376895, "n_estimators": 23.73455166071259}, "datetime": {"datetime": "2021-09-17 13:48:58", "elapsed": 326.346985, "delta": 1.943418}}
{"target": -2.389966848022059, "params": {"eta": 0.17645832523934707, "max_depth": 16.62200803588477, "n_estimators": 23.966503912343022}, "datetime": {"datetime": "2021-09-17 13:48:59", "elapsed": 327.602841, "delta": 1.255856}}
{"target": -2.3336650584873397, "params": {"eta": 0.2, "max_depth": 10.849307351724237, "n_estimators": 24.885116996373025}, "datetime": {"datetime": "2021-09-17 13:49:01", "elapsed": 329.442843, "delta": 1.840002}}
{"target": -2.3034423828125, "params": {"eta": 0.18655476569135837, "max_depth": 11.633401117898721, "n_estimators": 26.293924107869827}, "datetime": {"datetime": "2021-09-17 13:49:02", "elapsed": 330.681456, "delta": 1.238613}}
{"target": -2.371713984012604, "params": {"eta": 0.13221890943363934, "max_depth": 11.931644392384513, "n_estimators": 28.558657581659897}, "datetime": {"datetime": "2021-09-17 13:49:03", "elapsed": 331.948386, "delta": 1.26693}}
{"target": -2.3882034935449297, "params": {"eta": 0.19848855695083478, "max_depth": 10.75955441888318, "n_estimators": 24.83098088600563}, "datetime": {"datetime": "2021-09-17 13:49:05", "elapsed": 333.559864, "delta": 1.611478}}
