{"target": 0.7943101827158516, "params": {"eta": 0.6272159336446232, "max_depth": 40.39686533822114, "n_estimators": 42.324196788546786}, "datetime": {"datetime": "2021-09-17 19:48:34", "elapsed": 257.000784, "delta": 2.328616}}
{"target": 0.8445341098749861, "params": {"eta": 0.1, "max_depth": 36.285161722763036, "n_estimators": 44.5295906154332}, "datetime": {"datetime": "2021-09-17 19:48:36", "elapsed": 258.840162, "delta": 1.839378}}
{"target": 0.844676905938364, "params": {"eta": 0.10325349879307108, "max_depth": 37.336523596251766, "n_estimators": 47.26309245718772}, "datetime": {"datetime": "2021-09-17 19:48:38", "elapsed": 260.629388, "delta": 1.789226}}
{"target": 0.7454347451728591, "params": {"eta": 0.7367696943473414, "max_depth": 36.76160277022276, "n_estimators": 47.054729356397544}, "datetime": {"datetime": "2021-09-17 19:48:39", "elapsed": 262.275311, "delta": 1.645923}}
{"target": 0.8138494398213029, "params": {"eta": 0.22422457203684998, "max_depth": 38.22323516556779, "n_estimators": 47.420039695836756}, "datetime": {"datetime": "2021-09-17 19:48:41", "elapsed": 264.17777, "delta": 1.902459}}
{"target": 0.8428667162506626, "params": {"eta": 0.23643068446652102, "max_depth": 36.97006863294503, "n_estimators": 43.82954797287995}, "datetime": {"datetime": "2021-09-17 19:48:43", "elapsed": 265.870053, "delta": 1.692283}}
{"target": 0.8381280503653785, "params": {"eta": 0.11282625269143097, "max_depth": 37.2213293542999, "n_estimators": 44.35970299364863}, "datetime": {"datetime": "2021-09-17 19:48:44", "elapsed": 267.381826, "delta": 1.511773}}
{"target": 0.8434444223581602, "params": {"eta": 0.13387240641249376, "max_depth": 37.67735810700712, "n_estimators": 43.59023087441803}, "datetime": {"datetime": "2021-09-17 19:48:46", "elapsed": 268.980323, "delta": 1.598497}}
{"target": 0.7977573194767892, "params": {"eta": 0.5709811489055854, "max_depth": 15.581356956372035, "n_estimators": 17.842478632847495}, "datetime": {"datetime": "2021-09-17 19:48:47", "elapsed": 270.248595, "delta": 1.268272}}
{"target": 0.8406425585902415, "params": {"eta": 0.1, "max_depth": 15.222614729615826, "n_estimators": 39.982458158255376}, "datetime": {"datetime": "2021-09-17 19:48:49", "elapsed": 272.398898, "delta": 2.150303}}
{"target": 0.7287474633349258, "params": {"eta": 0.7621304960069999, "max_depth": 37.16168044108318, "n_estimators": 43.1639564659953}, "datetime": {"datetime": "2021-09-17 19:48:51", "elapsed": 274.240544, "delta": 1.841646}}
{"target": 0.839669010774705, "params": {"eta": 0.35064086268851924, "max_depth": 41.892720769714174, "n_estimators": 41.576911445812144}, "datetime": {"datetime": "2021-09-17 19:48:53", "elapsed": 275.841021, "delta": 1.600477}}
{"target": 0.7814010262062396, "params": {"eta": 0.5987993010649572, "max_depth": 9.917959054801003, "n_estimators": 15.727323511173381}, "datetime": {"datetime": "2021-09-17 19:48:54", "elapsed": 277.101666, "delta": 1.260645}}
{"target": 0.8311921273863818, "params": {"eta": 0.1, "max_depth": 5.931961789231873, "n_estimators": 36.69356145671389}, "datetime": {"datetime": "2021-09-17 19:48:56", "elapsed": 278.548791, "delta": 1.447125}}
{"target": 0.7225614396472617, "params": {"eta": 0.7938674189262824, "max_depth": 36.62999718082217, "n_estimators": 44.512894285429766}, "datetime": {"datetime": "2021-09-17 19:48:57", "elapsed": 280.095121, "delta": 1.54633}}
{"target": 0.8365341933713188, "params": {"eta": 0.11796754731632991, "max_depth": 38.07116918942816, "n_estimators": 44.23766437641123}, "datetime": {"datetime": "2021-09-17 19:48:59", "elapsed": 281.927558, "delta": 1.832437}}
{"target": 0.819102172202349, "params": {"eta": 0.539899415414798, "max_depth": 38.97750554427464, "n_estimators": 41.59812794993817}, "datetime": {"datetime": "2021-09-17 19:49:01", "elapsed": 284.2874, "delta": 2.359842}}
{"target": 0.8186537479119221, "params": {"eta": 0.5548475220263309, "max_depth": 5.184804325648799, "n_estimators": 34.33109072237146}, "datetime": {"datetime": "2021-09-17 19:49:03", "elapsed": 286.381541, "delta": 2.094141}}
{"target": 0.8395810889620902, "params": {"eta": 0.1, "max_depth": 8.65729943538004, "n_estimators": 39.38010925431359}, "datetime": {"datetime": "2021-09-17 19:49:05", "elapsed": 288.136398, "delta": 1.754857}}
{"target": 0.7766153595078201, "params": {"eta": 0.6189288045556341, "max_depth": 45.82154620297211, "n_estimators": 49.71877526339635}, "datetime": {"datetime": "2021-09-17 19:49:07", "elapsed": 289.476393, "delta": 1.339995}}
{"target": 0.7332382421062347, "params": {"eta": 0.7476807102891858, "max_depth": 39.743670772793735, "n_estimators": 33.00846072991523}, "datetime": {"datetime": "2021-09-17 19:49:08", "elapsed": 290.778573, "delta": 1.30218}}
{"target": 0.8340218382870284, "params": {"eta": 0.24020149586397585, "max_depth": 37.08128332959197, "n_estimators": 19.401221743639564}, "datetime": {"datetime": "2021-09-17 19:49:09", "elapsed": 292.138836, "delta": 1.360263}}
{"target": 0.8173009469392789, "params": {"eta": 0.4005724761665702, "max_depth": 39.87685972735699, "n_estimators": 45.88369827853043}, "datetime": {"datetime": "2021-09-17 19:49:11", "elapsed": 293.583427, "delta": 1.444591}}
{"target": 0.8442360677461743, "params": {"eta": 0.17415415635432913, "max_depth": 38.46976506113155, "n_estimators": 43.63238919610515}, "datetime": {"datetime": "2021-09-17 19:49:14", "elapsed": 296.521758, "delta": 2.938331}}
{"target": 0.8338685208671397, "params": {"eta": 0.2884210287456077, "max_depth": 38.74844893413863, "n_estimators": 42.81421986547641}, "datetime": {"datetime": "2021-09-17 19:49:16", "elapsed": 299.143685, "delta": 2.621927}}
{"target": 0.8422584403345033, "params": {"eta": 0.1, "max_depth": 15.689869249117805, "n_estimators": 42.96783922197244}, "datetime": {"datetime": "2021-09-17 19:49:18", "elapsed": 301.184443, "delta": 2.040758}}
{"target": 0.8279463419905706, "params": {"eta": 0.14081306954378514, "max_depth": 25.18741699813888, "n_estimators": 25.24080422354789}, "datetime": {"datetime": "2021-09-17 19:49:20", "elapsed": 302.589107, "delta": 1.404664}}
{"target": 0.7384334599758227, "params": {"eta": 0.7263678830022189, "max_depth": 38.95066506744083, "n_estimators": 43.34591361773203}, "datetime": {"datetime": "2021-09-17 19:49:21", "elapsed": 304.196982, "delta": 1.607875}}
{"target": 0.8406590103503544, "params": {"eta": 0.12877232297992747, "max_depth": 38.30555980604272, "n_estimators": 42.361154446870025}, "datetime": {"datetime": "2021-09-17 19:49:23", "elapsed": 306.191556, "delta": 1.994574}}
{"target": 0.7242425793386555, "params": {"eta": 0.7794800281458925, "max_depth": 42.67598991614976, "n_estimators": 20.051854394233384}, "datetime": {"datetime": "2021-09-17 19:49:25", "elapsed": 307.966324, "delta": 1.774768}}
{"target": 0.8459141656518052, "params": {"eta": 0.1, "max_depth": 4.643780944140877, "n_estimators": 39.11847414218383}, "datetime": {"datetime": "2021-09-17 19:49:27", "elapsed": 309.946554, "delta": 1.98023}}
{"target": 0.8420378626916778, "params": {"eta": 0.1162005985215148, "max_depth": 5.725194493396604, "n_estimators": 39.59449693612954}, "datetime": {"datetime": "2021-09-17 19:49:29", "elapsed": 311.941933, "delta": 1.995379}}
{"target": 0.8348723619156289, "params": {"eta": 0.11472915628098412, "max_depth": 13.078559111363088, "n_estimators": 43.16940369739016}, "datetime": {"datetime": "2021-09-17 19:49:32", "elapsed": 314.510145, "delta": 2.568212}}
{"target": 0.8395715868837719, "params": {"eta": 0.1, "max_depth": 12.50787165967685, "n_estimators": 36.898431689941866}, "datetime": {"datetime": "2021-09-17 19:49:33", "elapsed": 316.438357, "delta": 1.928212}}
{"target": 0.8262322786992488, "params": {"eta": 0.32962545565584545, "max_depth": 12.324674841299888, "n_estimators": 35.94751495011178}, "datetime": {"datetime": "2021-09-17 19:49:35", "elapsed": 318.391435, "delta": 1.953078}}
{"target": 0.7136791580025452, "params": {"eta": 0.8, "max_depth": 14.374732877624739, "n_estimators": 17.484527950690435}, "datetime": {"datetime": "2021-09-17 19:49:38", "elapsed": 320.634588, "delta": 2.243153}}
{"target": 0.8568198834521367, "params": {"eta": 0.44253723377246534, "max_depth": 43.92595046186654, "n_estimators": 40.679308706932886}, "datetime": {"datetime": "2021-09-17 19:49:39", "elapsed": 322.124313, "delta": 1.489725}}
{"target": 0.8232227129793407, "params": {"eta": 0.5304265740656386, "max_depth": 43.535524178142985, "n_estimators": 41.19381310721285}, "datetime": {"datetime": "2021-09-17 19:49:42", "elapsed": 324.764591, "delta": 2.640278}}
{"target": 0.8142136657179176, "params": {"eta": 0.22140874152797127, "max_depth": 44.44645893156811, "n_estimators": 40.90132211355457}, "datetime": {"datetime": "2021-09-17 19:49:43", "elapsed": 326.312253, "delta": 1.547662}}
{"target": 0.7260503976793724, "params": {"eta": 0.7240660367452786, "max_depth": 43.50991620391123, "n_estimators": 40.26999918735536}, "datetime": {"datetime": "2021-09-17 19:49:46", "elapsed": 328.902027, "delta": 2.589774}}
{"target": 0.8450826257446885, "params": {"eta": 0.3062505371523296, "max_depth": 48.15681273515908, "n_estimators": 24.174256050312195}, "datetime": {"datetime": "2021-09-17 19:49:48", "elapsed": 331.06988, "delta": 2.167853}}
{"target": 0.7668312101194747, "params": {"eta": 0.10014399591530007, "max_depth": 47.98940392553556, "n_estimators": 23.508970506764037}, "datetime": {"datetime": "2021-09-17 19:49:50", "elapsed": 333.108321, "delta": 2.038441}}
{"target": 0.8116910502182596, "params": {"eta": 0.683717131659392, "max_depth": 5.2382805111702755, "n_estimators": 39.479347846667935}, "datetime": {"datetime": "2021-09-17 19:49:52", "elapsed": 335.393125, "delta": 2.284804}}
{"target": 0.7830708333962101, "params": {"eta": 0.6373565175639188, "max_depth": 17.09852934368961, "n_estimators": 8.337667600637117}, "datetime": {"datetime": "2021-09-17 19:49:54", "elapsed": 336.869613, "delta": 1.476488}}
{"target": 0.8376664092585833, "params": {"eta": 0.22923448085956583, "max_depth": 47.754525635452794, "n_estimators": 24.74933050849568}, "datetime": {"datetime": "2021-09-17 19:49:56", "elapsed": 338.737926, "delta": 1.868313}}
{"target": 0.7104308780015163, "params": {"eta": 0.8, "max_depth": 48.78334238674777, "n_estimators": 45.31173342761357}, "datetime": {"datetime": "2021-09-17 19:49:58", "elapsed": 341.083108, "delta": 2.345182}}
{"target": 0.8473003731935403, "params": {"eta": 0.1, "max_depth": 4.564155786613453, "n_estimators": 40.17042427875314}, "datetime": {"datetime": "2021-09-17 19:50:00", "elapsed": 342.836314, "delta": 1.753206}}
{"target": 0.8397670924253828, "params": {"eta": 0.10330735604492436, "max_depth": 48.556138254698034, "n_estimators": 46.66114651257944}, "datetime": {"datetime": "2021-09-17 19:50:02", "elapsed": 344.761069, "delta": 1.924755}}
{"target": 0.8027824944479347, "params": {"eta": 0.5706200377372777, "max_depth": 4.2717002413958465, "n_estimators": 38.65219033820779}, "datetime": {"datetime": "2021-09-17 19:50:04", "elapsed": 346.542777, "delta": 1.781708}}
{"target": 0.8436292297909105, "params": {"eta": 0.45351560206715436, "max_depth": 33.60823527202527, "n_estimators": 30.93673217307227}, "datetime": {"datetime": "2021-09-17 19:50:05", "elapsed": 348.103244, "delta": 1.560467}}
{"target": 0.8437616563978095, "params": {"eta": 0.16266377952900438, "max_depth": 14.691815552258356, "n_estimators": 28.031916798337903}, "datetime": {"datetime": "2021-09-17 19:50:06", "elapsed": 349.473458, "delta": 1.370214}}
{"target": 0.8444950674697682, "params": {"eta": 0.44915860412035014, "max_depth": 14.218914807650824, "n_estimators": 27.60287217003611}, "datetime": {"datetime": "2021-09-17 19:50:09", "elapsed": 351.520896, "delta": 2.047438}}
{"target": 0.848038820910627, "params": {"eta": 0.4511278840060329, "max_depth": 14.350890548408543, "n_estimators": 28.450374475174822}, "datetime": {"datetime": "2021-09-17 19:50:11", "elapsed": 353.536171, "delta": 2.015275}}
{"target": 0.7169591019537389, "params": {"eta": 0.7915373162487714, "max_depth": 44.53189156161383, "n_estimators": 25.402700416657506}, "datetime": {"datetime": "2021-09-17 19:50:12", "elapsed": 355.029583, "delta": 1.493412}}
{"target": 0.713677859957444, "params": {"eta": 0.8, "max_depth": 14.678625851304204, "n_estimators": 27.982535833318984}, "datetime": {"datetime": "2021-09-17 19:50:14", "elapsed": 357.437461, "delta": 2.407878}}
{"target": 0.8673439605056389, "params": {"eta": 0.43740236121608556, "max_depth": 5.672312666389154, "n_estimators": 17.040191835908995}, "datetime": {"datetime": "2021-09-17 19:50:16", "elapsed": 358.801225, "delta": 1.363764}}
{"target": 0.8464220603070624, "params": {"eta": 0.19745166299750413, "max_depth": 13.775332402711246, "n_estimators": 28.217702914945495}, "datetime": {"datetime": "2021-09-17 19:50:18", "elapsed": 361.031398, "delta": 2.230173}}
{"target": 0.7263344518588911, "params": {"eta": 0.12877240164055528, "max_depth": 6.214391726267943, "n_estimators": 16.957193171361176}, "datetime": {"datetime": "2021-09-17 19:50:21", "elapsed": 364.375062, "delta": 3.343664}}
{"target": 0.7814827914907834, "params": {"eta": 0.5749422028348488, "max_depth": 27.441855383041755, "n_estimators": 41.71535278119839}, "datetime": {"datetime": "2021-09-17 19:50:23", "elapsed": 366.023421, "delta": 1.648359}}
{"target": 0.789444087616272, "params": {"eta": 0.7041389654735447, "max_depth": 30.918274249863327, "n_estimators": 16.04853836114895}, "datetime": {"datetime": "2021-09-17 19:50:25", "elapsed": 367.632145, "delta": 1.608724}}
{"target": 0.788226716085372, "params": {"eta": 0.6606019255148577, "max_depth": 5.131916096099694, "n_estimators": 16.98668412139328}, "datetime": {"datetime": "2021-09-17 19:50:27", "elapsed": 369.631504, "delta": 1.999359}}
{"target": 0.836125564393914, "params": {"eta": 0.46031971333299293, "max_depth": 13.57072968797497, "n_estimators": 27.520160598785026}, "datetime": {"datetime": "2021-09-17 19:50:29", "elapsed": 371.600385, "delta": 1.968881}}
{"target": 0.8419703651754542, "params": {"eta": 0.3444744091671853, "max_depth": 14.088387959811527, "n_estimators": 28.897083324593314}, "datetime": {"datetime": "2021-09-17 19:50:30", "elapsed": 373.381677, "delta": 1.781292}}
{"target": 0.8682185782922258, "params": {"eta": 0.4384689681428793, "max_depth": 5.491297576888725, "n_estimators": 17.644066810375936}, "datetime": {"datetime": "2021-09-17 19:50:33", "elapsed": 375.906922, "delta": 2.525245}}
{"target": 0.5640383825812655, "params": {"eta": 0.15513524957606845, "max_depth": 21.659604815989564, "n_estimators": 10.391019571196367}, "datetime": {"datetime": "2021-09-17 19:50:34", "elapsed": 377.323709, "delta": 1.416787}}
{"target": 0.8374952053722238, "params": {"eta": 0.14535416440762455, "max_depth": 14.85741063448836, "n_estimators": 28.683242840512627}, "datetime": {"datetime": "2021-09-17 19:50:36", "elapsed": 379.091005, "delta": 1.767296}}
{"target": 0.8556830525382808, "params": {"eta": 0.12729629066343295, "max_depth": 48.55334391698853, "n_estimators": 46.65348910976721}, "datetime": {"datetime": "2021-09-17 19:50:38", "elapsed": 380.804609, "delta": 1.713604}}
{"target": 0.8174810783779087, "params": {"eta": 0.533337435098044, "max_depth": 48.6358281317446, "n_estimators": 46.51160924765208}, "datetime": {"datetime": "2021-09-17 19:50:40", "elapsed": 382.703711, "delta": 1.899102}}
{"target": 0.8199685208581748, "params": {"eta": 0.11701715830990728, "max_depth": 14.149400851578552, "n_estimators": 27.96201528117502}, "datetime": {"datetime": "2021-09-17 19:50:42", "elapsed": 384.63091, "delta": 1.927199}}
{"target": 0.832016982339217, "params": {"eta": 0.20887726674160692, "max_depth": 48.252700684192085, "n_estimators": 46.513675423213655}, "datetime": {"datetime": "2021-09-17 19:50:44", "elapsed": 386.783035, "delta": 2.152125}}
{"target": 0.8069573648218651, "params": {"eta": 0.6378479700235616, "max_depth": 5.822745264327677, "n_estimators": 17.803894012619487}, "datetime": {"datetime": "2021-09-17 19:50:46", "elapsed": 388.800769, "delta": 2.017734}}
{"target": 0.8321786897331598, "params": {"eta": 0.46240876866031566, "max_depth": 48.5934046839456, "n_estimators": 46.959258208763124}, "datetime": {"datetime": "2021-09-17 19:50:49", "elapsed": 391.70606, "delta": 2.905291}}
{"target": 0.843979364099752, "params": {"eta": 0.10337131144741508, "max_depth": 7.289497963838199, "n_estimators": 37.78617894519536}, "datetime": {"datetime": "2021-09-17 19:50:51", "elapsed": 393.634843, "delta": 1.928783}}
{"target": 0.8000128055710143, "params": {"eta": 0.4826715717846497, "max_depth": 19.424453562876806, "n_estimators": 7.1994715708384485}, "datetime": {"datetime": "2021-09-17 19:50:52", "elapsed": 395.027161, "delta": 1.392318}}
{"target": 0.826255058995276, "params": {"eta": 0.26963122945864393, "max_depth": 10.851392106604454, "n_estimators": 40.26762817094403}, "datetime": {"datetime": "2021-09-17 19:50:55", "elapsed": 397.948207, "delta": 2.921046}}
{"target": 0.8554834332868939, "params": {"eta": 0.33277293710543193, "max_depth": 5.632646174856291, "n_estimators": 41.35411594773272}, "datetime": {"datetime": "2021-09-17 19:50:57", "elapsed": 399.57473, "delta": 1.626523}}
{"target": 0.7317667290341279, "params": {"eta": 0.7513445414787302, "max_depth": 46.741365771750424, "n_estimators": 45.285148387400774}, "datetime": {"datetime": "2021-09-17 19:50:58", "elapsed": 401.186828, "delta": 1.612098}}
{"target": 0.82308887234841, "params": {"eta": 0.40872814179926487, "max_depth": 41.91497133298229, "n_estimators": 23.773814743491915}, "datetime": {"datetime": "2021-09-17 19:51:00", "elapsed": 402.997049, "delta": 1.810221}}
{"target": 0.3578368129164098, "params": {"eta": 0.17876895121198438, "max_depth": 19.553989114609784, "n_estimators": 7.2116267494831545}, "datetime": {"datetime": "2021-09-17 19:51:02", "elapsed": 404.771316, "delta": 1.774267}}
{"target": 0.8683147488370698, "params": {"eta": 0.23655558607965238, "max_depth": 5.728478313363844, "n_estimators": 41.19707505061153}, "datetime": {"datetime": "2021-09-17 19:51:04", "elapsed": 407.40414, "delta": 2.632824}}
{"target": 0.8053118816919489, "params": {"eta": 0.5517595756217739, "max_depth": 45.20979747652733, "n_estimators": 17.612983817827008}, "datetime": {"datetime": "2021-09-17 19:51:06", "elapsed": 409.137878, "delta": 1.733738}}
{"target": 0.803801418044045, "params": {"eta": 0.5660121659789895, "max_depth": 5.399781339024395, "n_estimators": 17.688226343698}, "datetime": {"datetime": "2021-09-17 19:51:09", "elapsed": 412.122655, "delta": 2.984777}}
{"target": 0.8329411106366758, "params": {"eta": 0.36403822668200525, "max_depth": 19.2074315511969, "n_estimators": 42.82832836243053}, "datetime": {"datetime": "2021-09-17 19:51:11", "elapsed": 413.807653, "delta": 1.684998}}
{"target": 0.8642906153910268, "params": {"eta": 0.4341260047024451, "max_depth": 5.554282047893531, "n_estimators": 17.241694725950197}, "datetime": {"datetime": "2021-09-17 19:51:14", "elapsed": 416.716569, "delta": 2.908916}}
{"target": 0.8493566031113622, "params": {"eta": 0.33844253492401, "max_depth": 7.088814468367303, "n_estimators": 38.759613820175495}, "datetime": {"datetime": "2021-09-17 19:51:16", "elapsed": 418.788347, "delta": 2.071778}}
{"target": 0.8194775954871519, "params": {"eta": 0.2238296122741964, "max_depth": 48.69713323925826, "n_estimators": 46.512569518820854}, "datetime": {"datetime": "2021-09-17 19:51:19", "elapsed": 421.742434, "delta": 2.954087}}
{"target": 0.8543076118994427, "params": {"eta": 0.1958196711111101, "max_depth": 7.1813763510863255, "n_estimators": 38.79893085452513}, "datetime": {"datetime": "2021-09-17 19:51:22", "elapsed": 424.805806, "delta": 3.063372}}
{"target": 0.8264033397665096, "params": {"eta": 0.21461069228461283, "max_depth": 8.679668308451742, "n_estimators": 32.73825377232218}, "datetime": {"datetime": "2021-09-17 19:51:23", "elapsed": 426.263806, "delta": 1.458}}
{"target": 0.8565565566532178, "params": {"eta": 0.1385999495368629, "max_depth": 5.886503033946302, "n_estimators": 41.32476696566663}, "datetime": {"datetime": "2021-09-17 19:51:26", "elapsed": 428.952164, "delta": 2.688358}}
{"target": 0.8418464815875074, "params": {"eta": 0.35444515283299893, "max_depth": 48.43477993286056, "n_estimators": 46.59141681841731}, "datetime": {"datetime": "2021-09-17 19:51:29", "elapsed": 431.804516, "delta": 2.852352}}
{"target": 0.8341983326224014, "params": {"eta": 0.26894805562839513, "max_depth": 5.496920977229531, "n_estimators": 17.440359868930933}, "datetime": {"datetime": "2021-09-17 19:51:31", "elapsed": 433.960121, "delta": 2.155605}}
{"target": 0.8238587590230496, "params": {"eta": 0.3009148942938948, "max_depth": 42.54693495588962, "n_estimators": 49.0854145269481}, "datetime": {"datetime": "2021-09-17 19:51:34", "elapsed": 436.877753, "delta": 2.917632}}
{"target": 0.8407605769837905, "params": {"eta": 0.15959506707384874, "max_depth": 10.67896694029275, "n_estimators": 40.04426716492372}, "datetime": {"datetime": "2021-09-17 19:51:37", "elapsed": 440.37237, "delta": 3.494617}}
{"target": 0.8306602504132431, "params": {"eta": 0.2806540857222231, "max_depth": 42.67145891164542, "n_estimators": 49.474732790657534}, "datetime": {"datetime": "2021-09-17 19:51:40", "elapsed": 443.335702, "delta": 2.963332}}
{"target": 0.8731349943942245, "params": {"eta": 0.2813144036415988, "max_depth": 5.7553534170588, "n_estimators": 40.905190599854706}, "datetime": {"datetime": "2021-09-17 19:51:43", "elapsed": 446.274558, "delta": 2.938856}}
{"target": 0.8584732675296814, "params": {"eta": 0.17335641721356865, "max_depth": 5.678936123650993, "n_estimators": 41.48141560629048}, "datetime": {"datetime": "2021-09-17 19:51:45", "elapsed": 448.363935, "delta": 2.089377}}
