{"target": -27.907025303533683, "params": {"eta": 0.3494008109803251, "max_depth": 9.967499213362334, "n_estimators": 3.819513813759308}, "datetime": {"datetime": "2021-09-27 18:36:21", "elapsed": 398.88169, "delta": 1.648426}}
{"target": -12.74424930094496, "params": {"eta": 0.4546663716036319, "max_depth": 6.719734575940859, "n_estimators": 6.338081156160923}, "datetime": {"datetime": "2021-09-27 18:36:23", "elapsed": 400.960427, "delta": 2.078737}}
{"target": -12.791647169361815, "params": {"eta": 0.2528692071879563, "max_depth": 10.801111688699763, "n_estimators": 10.381463127240181}, "datetime": {"datetime": "2021-09-27 18:36:25", "elapsed": 402.458066, "delta": 1.497639}}
{"target": -12.29873677098077, "params": {"eta": 0.469820670510757, "max_depth": 17.10429346935941, "n_estimators": 6.891568544143268}, "datetime": {"datetime": "2021-09-27 18:36:26", "elapsed": 403.873064, "delta": 1.414998}}
{"target": -79.23955305181997, "params": {"eta": 0.05, "max_depth": 17.0237692667943, "n_estimators": 4.89777275363254}, "datetime": {"datetime": "2021-09-27 18:36:28", "elapsed": 405.380278, "delta": 1.507214}}
{"target": -12.869777032797927, "params": {"eta": 0.393110023451776, "max_depth": 17.174599045218166, "n_estimators": 8.271408198278044}, "datetime": {"datetime": "2021-09-27 18:36:29", "elapsed": 406.889649, "delta": 1.509371}}
{"target": -13.108350053475467, "params": {"eta": 0.5, "max_depth": 14.986637243179182, "n_estimators": 23.144384973342564}, "datetime": {"datetime": "2021-09-27 18:36:31", "elapsed": 408.716026, "delta": 1.826377}}
{"target": -11.635875357791328, "params": {"eta": 0.38419966358020824, "max_depth": 28.199805372358668, "n_estimators": 22.690818391990433}, "datetime": {"datetime": "2021-09-27 18:36:32", "elapsed": 410.302265, "delta": 1.586239}}
{"target": -20.85209145102718, "params": {"eta": 0.05330196256505951, "max_depth": 26.439298090649554, "n_estimators": 30.832982135264228}, "datetime": {"datetime": "2021-09-27 18:36:34", "elapsed": 411.992448, "delta": 1.690183}}
{"target": -12.244760487854126, "params": {"eta": 0.06992486663890982, "max_depth": 25.537738153540598, "n_estimators": 43.36509755089606}, "datetime": {"datetime": "2021-09-27 18:36:36", "elapsed": 413.582253, "delta": 1.589805}}
{"target": -22.707404454191114, "params": {"eta": 0.05, "max_depth": 15.906513169389893, "n_estimators": 30.003355966891327}, "datetime": {"datetime": "2021-09-27 18:36:37", "elapsed": 415.214474, "delta": 1.632221}}
{"target": -12.699684212782572, "params": {"eta": 0.44978378449008816, "max_depth": 26.404399778890443, "n_estimators": 26.866376340825166}, "datetime": {"datetime": "2021-09-27 18:36:39", "elapsed": 417.237139, "delta": 2.022665}}
{"target": -27.586691816168663, "params": {"eta": 0.057347842413121485, "max_depth": 11.5012116985924, "n_estimators": 22.456376995288934}, "datetime": {"datetime": "2021-09-27 18:36:41", "elapsed": 418.870847, "delta": 1.633708}}
{"target": -15.970850367876777, "params": {"eta": 0.05, "max_depth": 24.69416327580287, "n_estimators": 40.44637596077894}, "datetime": {"datetime": "2021-09-27 18:36:43", "elapsed": 420.50464, "delta": 1.633793}}
{"target": -13.245938475388314, "params": {"eta": 0.4835600421708091, "max_depth": 26.458807101656216, "n_estimators": 42.07725592802234}, "datetime": {"datetime": "2021-09-27 18:36:44", "elapsed": 422.265855, "delta": 1.761215}}
{"target": -12.87079931448317, "params": {"eta": 0.5, "max_depth": 25.556041943911644, "n_estimators": 50.0}, "datetime": {"datetime": "2021-09-27 18:36:46", "elapsed": 424.234086, "delta": 1.968231}}
{"target": -11.800185234931067, "params": {"eta": 0.07509215104579324, "max_depth": 17.04101786680148, "n_estimators": 44.83793303254625}, "datetime": {"datetime": "2021-09-27 18:36:48", "elapsed": 426.012527, "delta": 1.778441}}
{"target": -25.143781274626175, "params": {"eta": 0.05, "max_depth": 3.4128110028396, "n_estimators": 27.172083659980174}, "datetime": {"datetime": "2021-09-27 18:36:50", "elapsed": 427.596738, "delta": 1.584211}}
{"target": -11.405291536819588, "params": {"eta": 0.10286152038848048, "max_depth": 5.979417778304805, "n_estimators": 44.63596880952592}, "datetime": {"datetime": "2021-09-27 18:36:52", "elapsed": 429.653517, "delta": 2.056779}}
{"target": -13.150989922435341, "params": {"eta": 0.4998235443206745, "max_depth": 8.33638027290225, "n_estimators": 40.80605511497098}, "datetime": {"datetime": "2021-09-27 18:36:54", "elapsed": 431.644062, "delta": 1.990545}}
{"target": -14.330644235894132, "params": {"eta": 0.39613211189797376, "max_depth": 2.9115111220527767, "n_estimators": 18.772275481188395}, "datetime": {"datetime": "2021-09-27 18:36:56", "elapsed": 433.508254, "delta": 1.864192}}
{"target": -13.114704611185193, "params": {"eta": 0.4800307879055251, "max_depth": 2.7691015375177255, "n_estimators": 33.588721511920895}, "datetime": {"datetime": "2021-09-27 18:36:58", "elapsed": 435.34894, "delta": 1.840686}}
{"target": -14.115988432463256, "params": {"eta": 0.08973796151703763, "max_depth": 6.03529357167306, "n_estimators": 24.137455005228613}, "datetime": {"datetime": "2021-09-27 18:36:59", "elapsed": 436.911989, "delta": 1.563049}}
{"target": -52.43356916717966, "params": {"eta": 0.05, "max_depth": 17.49601484618458, "n_estimators": 12.09643210297134}, "datetime": {"datetime": "2021-09-27 18:37:01", "elapsed": 438.49466, "delta": 1.582671}}
{"target": -12.765045168754813, "params": {"eta": 0.5, "max_depth": 18.29531248970641, "n_estimators": 7.446265190091168}, "datetime": {"datetime": "2021-09-27 18:37:02", "elapsed": 440.11366, "delta": 1.619}}
{"target": -30.68280889715462, "params": {"eta": 0.05465346931067998, "max_depth": 6.411790014683008, "n_estimators": 21.523359676100856}, "datetime": {"datetime": "2021-09-27 18:37:04", "elapsed": 442.051054, "delta": 1.937394}}
{"target": -15.007031811922944, "params": {"eta": 0.5, "max_depth": 1.0, "n_estimators": 20.43739568294738}, "datetime": {"datetime": "2021-09-27 18:37:06", "elapsed": 444.285503, "delta": 2.234449}}
{"target": -13.48470124351675, "params": {"eta": 0.49979675796790574, "max_depth": 7.06937357405163, "n_estimators": 19.008285462788756}, "datetime": {"datetime": "2021-09-27 18:37:08", "elapsed": 445.976502, "delta": 1.690999}}
{"target": -18.02186804941921, "params": {"eta": 0.05041884332367024, "max_depth": 20.878053597239447, "n_estimators": 36.440579033800624}, "datetime": {"datetime": "2021-09-27 18:37:10", "elapsed": 448.190465, "delta": 2.213963}}
{"target": -75.2258569228613, "params": {"eta": 0.05, "max_depth": 7.033567426608642, "n_estimators": 5.197411042303532}, "datetime": {"datetime": "2021-09-27 18:37:12", "elapsed": 450.158168, "delta": 1.967703}}
{"target": -12.294507326593214, "params": {"eta": 0.268103665608629, "max_depth": 27.169803849766268, "n_estimators": 47.745695859760865}, "datetime": {"datetime": "2021-09-27 18:37:15", "elapsed": 452.644065, "delta": 2.485897}}
{"target": -12.471053523707463, "params": {"eta": 0.4461440491238145, "max_depth": 5.500946047767705, "n_estimators": 45.22005132785817}, "datetime": {"datetime": "2021-09-27 18:37:17", "elapsed": 454.875279, "delta": 2.231214}}
{"target": -12.434206751068063, "params": {"eta": 0.495616588407438, "max_depth": 7.154760672587275, "n_estimators": 10.424657702544328}, "datetime": {"datetime": "2021-09-27 18:37:19", "elapsed": 456.378525, "delta": 1.503246}}
{"target": -12.693614473782757, "params": {"eta": 0.4612602584248309, "max_depth": 12.069330510492113, "n_estimators": 6.22319211481017}, "datetime": {"datetime": "2021-09-27 18:37:20", "elapsed": 457.639531, "delta": 1.261006}}
{"target": -11.766012934694851, "params": {"eta": 0.10119491820301402, "max_depth": 17.312377991915024, "n_estimators": 43.96242358022936}, "datetime": {"datetime": "2021-09-27 18:37:23", "elapsed": 460.479329, "delta": 2.839798}}
{"target": -11.957950328380193, "params": {"eta": 0.3275635770897989, "max_depth": 22.668183026866757, "n_estimators": 46.24959247607868}, "datetime": {"datetime": "2021-09-27 18:37:25", "elapsed": 462.997554, "delta": 2.518225}}
{"target": -11.84714374771924, "params": {"eta": 0.13197302034832253, "max_depth": 29.156331817054827, "n_estimators": 28.48763378649349}, "datetime": {"datetime": "2021-09-27 18:37:28", "elapsed": 465.948671, "delta": 2.951117}}
{"target": -12.76202114880142, "params": {"eta": 0.08873574698612927, "max_depth": 29.099413764209494, "n_estimators": 29.77687898023467}, "datetime": {"datetime": "2021-09-27 18:37:30", "elapsed": 468.076018, "delta": 2.127347}}
{"target": -11.892080750240346, "params": {"eta": 0.16074459932061932, "max_depth": 9.619533095074443, "n_estimators": 21.519603308689167}, "datetime": {"datetime": "2021-09-27 18:37:33", "elapsed": 470.545454, "delta": 2.469436}}
{"target": -12.556784704584226, "params": {"eta": 0.48112578019995256, "max_depth": 28.88000924737707, "n_estimators": 45.554458929853645}, "datetime": {"datetime": "2021-09-27 18:37:35", "elapsed": 472.546051, "delta": 2.000597}}
{"target": -11.572947222458918, "params": {"eta": 0.32955356496871024, "max_depth": 21.80478873575454, "n_estimators": 47.11682806065592}, "datetime": {"datetime": "2021-09-27 18:37:37", "elapsed": 474.96099, "delta": 2.414939}}
{"target": -12.49858336291394, "params": {"eta": 0.29700224416671633, "max_depth": 26.70871843839867, "n_estimators": 48.840816895858566}, "datetime": {"datetime": "2021-09-27 18:37:40", "elapsed": 477.442131, "delta": 2.481141}}
{"target": -12.96090035863385, "params": {"eta": 0.31868678910320347, "max_depth": 6.532559668934616, "n_estimators": 7.276402366765383}, "datetime": {"datetime": "2021-09-27 18:37:42", "elapsed": 479.864003, "delta": 2.421872}}
{"target": -12.504772694119204, "params": {"eta": 0.39158478109460265, "max_depth": 18.130431495103736, "n_estimators": 45.328527392841956}, "datetime": {"datetime": "2021-09-27 18:37:45", "elapsed": 483.230766, "delta": 3.366763}}
{"target": -11.901962709032292, "params": {"eta": 0.12940268593782195, "max_depth": 16.065644032228107, "n_estimators": 39.25469909818574}, "datetime": {"datetime": "2021-09-27 18:37:47", "elapsed": 484.809655, "delta": 1.578889}}
{"target": -11.55011990659672, "params": {"eta": 0.22182017950412947, "max_depth": 5.010253830775894, "n_estimators": 34.70661596760946}, "datetime": {"datetime": "2021-09-27 18:37:52", "elapsed": 489.445034, "delta": 4.635379}}
{"target": -12.8707996313606, "params": {"eta": 0.5, "max_depth": 24.392520979785868, "n_estimators": 46.63503455249642}, "datetime": {"datetime": "2021-09-27 18:37:54", "elapsed": 492.169923, "delta": 2.724889}}
{"target": -13.198356031905096, "params": {"eta": 0.4521385852798655, "max_depth": 5.3090274368402, "n_estimators": 6.293830785524424}, "datetime": {"datetime": "2021-09-27 18:37:56", "elapsed": 494.233141, "delta": 2.063218}}
{"target": -11.456510440176007, "params": {"eta": 0.30973834598638356, "max_depth": 19.99780162715813, "n_estimators": 28.022156060023516}, "datetime": {"datetime": "2021-09-27 18:37:59", "elapsed": 496.547737, "delta": 2.314596}}
{"target": -12.615996436186128, "params": {"eta": 0.4538530341759243, "max_depth": 28.470779217454684, "n_estimators": 38.402677898816265}, "datetime": {"datetime": "2021-09-27 18:38:01", "elapsed": 498.478741, "delta": 1.931004}}
{"target": -12.540074784439156, "params": {"eta": 0.2530286065105184, "max_depth": 17.76653614271961, "n_estimators": 47.32639618952585}, "datetime": {"datetime": "2021-09-27 18:38:03", "elapsed": 501.066942, "delta": 2.588201}}
{"target": -11.35579847312211, "params": {"eta": 0.1076923086889513, "max_depth": 11.30976059378631, "n_estimators": 48.816379274937276}, "datetime": {"datetime": "2021-09-27 18:38:05", "elapsed": 503.262832, "delta": 2.19589}}
{"target": -14.183765099636354, "params": {"eta": 0.38377169219083307, "max_depth": 4.533157720344559, "n_estimators": 5.055436651899632}, "datetime": {"datetime": "2021-09-27 18:38:07", "elapsed": 505.218322, "delta": 1.95549}}
{"target": -11.659802591655485, "params": {"eta": 0.08143408577949246, "max_depth": 26.49214346297157, "n_estimators": 45.30506528474852}, "datetime": {"datetime": "2021-09-27 18:38:10", "elapsed": 507.436381, "delta": 2.218059}}
{"target": -34.333944663416446, "params": {"eta": 0.05175844822547796, "max_depth": 18.045396872025346, "n_estimators": 20.602680185825193}, "datetime": {"datetime": "2021-09-27 18:38:12", "elapsed": 509.79175, "delta": 2.355369}}
{"target": -11.489157684953497, "params": {"eta": 0.37378138713978065, "max_depth": 20.605870903068805, "n_estimators": 22.184271378522993}, "datetime": {"datetime": "2021-09-27 18:38:14", "elapsed": 512.151216, "delta": 2.359466}}
{"target": -12.871019779111915, "params": {"eta": 0.5, "max_depth": 21.27237342545321, "n_estimators": 30.07593188798084}, "datetime": {"datetime": "2021-09-27 18:38:17", "elapsed": 514.691679, "delta": 2.540463}}
{"target": -26.280647495440196, "params": {"eta": 0.0766916133225665, "max_depth": 18.064856638190456, "n_estimators": 17.024224525655406}, "datetime": {"datetime": "2021-09-27 18:38:19", "elapsed": 516.543334, "delta": 1.851655}}
{"target": -11.602903339721387, "params": {"eta": 0.10849291762451752, "max_depth": 26.11008193936345, "n_estimators": 39.043701458609426}, "datetime": {"datetime": "2021-09-27 18:38:21", "elapsed": 518.670031, "delta": 2.126697}}
{"target": -13.174504634536882, "params": {"eta": 0.49046623172498427, "max_depth": 24.431734842208794, "n_estimators": 10.11053484982943}, "datetime": {"datetime": "2021-09-27 18:38:23", "elapsed": 520.479029, "delta": 1.808998}}
{"target": -12.909413773774112, "params": {"eta": 0.5, "max_depth": 4.821184664663766, "n_estimators": 47.21583820306516}, "datetime": {"datetime": "2021-09-27 18:38:25", "elapsed": 522.500083, "delta": 2.021054}}
{"target": -30.85443487862276, "params": {"eta": 0.07570352986628912, "max_depth": 20.385223734920192, "n_estimators": 15.134024540672474}, "datetime": {"datetime": "2021-09-27 18:38:27", "elapsed": 524.784521, "delta": 2.284438}}
{"target": -11.795318469080081, "params": {"eta": 0.3507341827593186, "max_depth": 18.841078075821052, "n_estimators": 18.634602701914993}, "datetime": {"datetime": "2021-09-27 18:38:30", "elapsed": 527.442542, "delta": 2.658021}}
{"target": -12.234114747699527, "params": {"eta": 0.12012734619142082, "max_depth": 4.174984496935634, "n_estimators": 29.711108279050062}, "datetime": {"datetime": "2021-09-27 18:38:32", "elapsed": 530.143018, "delta": 2.700476}}
{"target": -12.074640169894176, "params": {"eta": 0.22983967893425994, "max_depth": 22.35382848070135, "n_estimators": 14.137877156647555}, "datetime": {"datetime": "2021-09-27 18:38:34", "elapsed": 531.994864, "delta": 1.851846}}
{"target": -11.509705836986447, "params": {"eta": 0.12631372512243583, "max_depth": 9.038291162492651, "n_estimators": 46.91218041373885}, "datetime": {"datetime": "2021-09-27 18:38:36", "elapsed": 534.292404, "delta": 2.29754}}
{"target": -12.840083303769658, "params": {"eta": 0.09326055433003122, "max_depth": 17.547270110123428, "n_estimators": 27.1787293431682}, "datetime": {"datetime": "2021-09-27 18:38:39", "elapsed": 537.04091, "delta": 2.748506}}
{"target": -11.921308789461344, "params": {"eta": 0.3814066761066493, "max_depth": 25.246877842604732, "n_estimators": 34.57848359759775}, "datetime": {"datetime": "2021-09-27 18:38:41", "elapsed": 539.044585, "delta": 2.003675}}
{"target": -14.16632457276264, "params": {"eta": 0.05, "max_depth": 20.45527028650315, "n_estimators": 45.38875472465705}, "datetime": {"datetime": "2021-09-27 18:38:43", "elapsed": 541.131399, "delta": 2.086814}}
{"target": -19.430561975456552, "params": {"eta": 0.05, "max_depth": 13.991023873415518, "n_estimators": 34.98919985743566}, "datetime": {"datetime": "2021-09-27 18:38:46", "elapsed": 543.451067, "delta": 2.319668}}
{"target": -12.599323512387468, "params": {"eta": 0.4859319556501208, "max_depth": 15.723139343627349, "n_estimators": 32.86186093409513}, "datetime": {"datetime": "2021-09-27 18:38:48", "elapsed": 545.625759, "delta": 2.174692}}
{"target": -20.95855360128901, "params": {"eta": 0.05, "max_depth": 24.758696960593195, "n_estimators": 32.769479655497044}, "datetime": {"datetime": "2021-09-27 18:38:51", "elapsed": 548.323176, "delta": 2.697417}}
{"target": -12.074518291552142, "params": {"eta": 0.326242196650494, "max_depth": 14.05506765602772, "n_estimators": 44.193289057491086}, "datetime": {"datetime": "2021-09-27 18:38:53", "elapsed": 550.626754, "delta": 2.303578}}
{"target": -11.54790373123209, "params": {"eta": 0.0925793423360132, "max_depth": 13.454096791938044, "n_estimators": 42.71053112997294}, "datetime": {"datetime": "2021-09-27 18:38:56", "elapsed": 553.423657, "delta": 2.796903}}
{"target": -12.227968438518529, "params": {"eta": 0.47252506388438986, "max_depth": 16.437304627401232, "n_estimators": 22.44707112238478}, "datetime": {"datetime": "2021-09-27 18:38:58", "elapsed": 555.955369, "delta": 2.531712}}
{"target": -25.26134431445198, "params": {"eta": 0.05439224872802787, "max_depth": 15.532497059788465, "n_estimators": 25.401987731636726}, "datetime": {"datetime": "2021-09-27 18:39:01", "elapsed": 558.570983, "delta": 2.615614}}
{"target": -11.534974965901252, "params": {"eta": 0.4618684453845283, "max_depth": 7.554429120163168, "n_estimators": 39.09335189292787}, "datetime": {"datetime": "2021-09-27 18:39:03", "elapsed": 561.219098, "delta": 2.648115}}
{"target": -11.550476624554054, "params": {"eta": 0.2752623144348756, "max_depth": 17.810044439570678, "n_estimators": 23.201447134368706}, "datetime": {"datetime": "2021-09-27 18:39:06", "elapsed": 563.710186, "delta": 2.491088}}
{"target": -11.696666314817325, "params": {"eta": 0.4348823940120694, "max_depth": 23.973494843692638, "n_estimators": 12.882154563567768}, "datetime": {"datetime": "2021-09-27 18:39:09", "elapsed": 566.515701, "delta": 2.805515}}
{"target": -28.149443910809495, "params": {"eta": 0.05, "max_depth": 18.02276107300231, "n_estimators": 25.7325016636615}, "datetime": {"datetime": "2021-09-27 18:39:11", "elapsed": 568.943824, "delta": 2.428123}}
{"target": -12.812323011935664, "params": {"eta": 0.39420067895746863, "max_depth": 20.65639593773119, "n_estimators": 20.674121358512657}, "datetime": {"datetime": "2021-09-27 18:39:14", "elapsed": 571.696533, "delta": 2.752709}}
{"target": -12.856700130944498, "params": {"eta": 0.5, "max_depth": 16.011268329422094, "n_estimators": 20.820907185844746}, "datetime": {"datetime": "2021-09-27 18:39:16", "elapsed": 574.29465, "delta": 2.598117}}
{"target": -11.896334860211613, "params": {"eta": 0.07867444628686192, "max_depth": 22.384635358734663, "n_estimators": 41.958373942282954}, "datetime": {"datetime": "2021-09-27 18:39:20", "elapsed": 577.658667, "delta": 3.364017}}
{"target": -11.7443133377417, "params": {"eta": 0.09905462860363397, "max_depth": 29.442657363113096, "n_estimators": 42.73183760786097}, "datetime": {"datetime": "2021-09-27 18:39:23", "elapsed": 580.872785, "delta": 3.214118}}
{"target": -21.26649594293621, "params": {"eta": 0.05, "max_depth": 3.4794411610373466, "n_estimators": 31.65960658951498}, "datetime": {"datetime": "2021-09-27 18:39:26", "elapsed": 584.159745, "delta": 3.28696}}
{"target": -12.89241491931865, "params": {"eta": 0.5, "max_depth": 10.109876392759016, "n_estimators": 36.77279453154001}, "datetime": {"datetime": "2021-09-27 18:39:29", "elapsed": 586.721955, "delta": 2.56221}}
{"target": -16.967888392038144, "params": {"eta": 0.05, "max_depth": 19.231405236020247, "n_estimators": 38.56083652118751}, "datetime": {"datetime": "2021-09-27 18:39:34", "elapsed": 591.488697, "delta": 4.766742}}
{"target": -11.832727872968318, "params": {"eta": 0.3011395135333386, "max_depth": 27.022550029043952, "n_estimators": 10.506134311224814}, "datetime": {"datetime": "2021-09-27 18:39:36", "elapsed": 593.725086, "delta": 2.236389}}
{"target": -12.447877105946326, "params": {"eta": 0.49899624784219504, "max_depth": 8.331369916286768, "n_estimators": 45.00525347548676}, "datetime": {"datetime": "2021-09-27 18:39:39", "elapsed": 596.55892, "delta": 2.833834}}
{"target": -15.970850367876777, "params": {"eta": 0.05, "max_depth": 17.203937329068705, "n_estimators": 40.26493150823516}, "datetime": {"datetime": "2021-09-27 18:39:41", "elapsed": 598.661739, "delta": 2.102819}}
{"target": -25.468496905742093, "params": {"eta": 0.061355194490160775, "max_depth": 23.14038917887183, "n_estimators": 22.37576888766615}, "datetime": {"datetime": "2021-09-27 18:39:43", "elapsed": 601.009657, "delta": 2.347918}}
{"target": -13.157802911663868, "params": {"eta": 0.5, "max_depth": 5.398101141091108, "n_estimators": 32.74506286431547}, "datetime": {"datetime": "2021-09-27 18:39:46", "elapsed": 603.642546, "delta": 2.632889}}
{"target": -14.47800365531762, "params": {"eta": 0.0707802540518595, "max_depth": 5.915667305015329, "n_estimators": 30.41854292924647}, "datetime": {"datetime": "2021-09-27 18:39:49", "elapsed": 607.19976, "delta": 3.557214}}
{"target": -12.928087206522578, "params": {"eta": 0.0640756952213238, "max_depth": 4.992201903276568, "n_estimators": 40.852210696653536}, "datetime": {"datetime": "2021-09-27 18:39:52", "elapsed": 609.733039, "delta": 2.533279}}
{"target": -13.014821285747386, "params": {"eta": 0.5, "max_depth": 12.197850639589335, "n_estimators": 8.182740708301118}, "datetime": {"datetime": "2021-09-27 18:39:54", "elapsed": 612.147279, "delta": 2.41424}}
{"target": -12.903274396174796, "params": {"eta": 0.5, "max_depth": 20.46346513488092, "n_estimators": 17.56038955993962}, "datetime": {"datetime": "2021-09-27 18:39:57", "elapsed": 614.933972, "delta": 2.786693}}
{"target": -16.30385234460143, "params": {"eta": 0.2269795538698685, "max_depth": 26.881131566649785, "n_estimators": 8.115619016372273}, "datetime": {"datetime": "2021-09-27 18:40:01", "elapsed": 618.344383, "delta": 3.410411}}
