{"target": -10.73028699641398, "params": {"eta": 0.0877717885373188, "max_depth": 5.004245557635813, "n_estimators": 99.94037217340389}, "datetime": {"datetime": "2021-09-27 19:12:18", "elapsed": 144.79271, "delta": 1.276015}}
{"target": -10.846874778212623, "params": {"eta": 0.18049030538026128, "max_depth": 28.03156403666307, "n_estimators": 75.51906626266519}, "datetime": {"datetime": "2021-09-27 19:12:19", "elapsed": 146.300355, "delta": 1.507645}}
{"target": -10.634542321828814, "params": {"eta": 0.13314317108600343, "max_depth": 34.74509934078263, "n_estimators": 94.93408700372693}, "datetime": {"datetime": "2021-09-27 19:12:21", "elapsed": 148.021892, "delta": 1.721537}}
{"target": -13.970956309744299, "params": {"eta": 0.1982677928873386, "max_depth": 1.6223497885114475, "n_estimators": 97.9598037657941}, "datetime": {"datetime": "2021-09-27 19:12:22", "elapsed": 148.809893, "delta": 0.788001}}
{"target": -10.083665307425797, "params": {"eta": 0.13404107673326765, "max_depth": 21.247881470599722, "n_estimators": 55.870166485779336}, "datetime": {"datetime": "2021-09-27 19:12:23", "elapsed": 149.84646, "delta": 1.036567}}
{"target": -11.125457511481189, "params": {"eta": 0.28937376985004987, "max_depth": 21.769228026674558, "n_estimators": 93.84680103226174}, "datetime": {"datetime": "2021-09-27 19:12:24", "elapsed": 151.081085, "delta": 1.234625}}
{"target": -11.122384852128105, "params": {"eta": 0.18863091196358267, "max_depth": 23.384565264809947, "n_estimators": 96.70615698961143}, "datetime": {"datetime": "2021-09-27 19:12:26", "elapsed": 152.800288, "delta": 1.719203}}
{"target": -11.116266940553295, "params": {"eta": 0.29920767237046814, "max_depth": 31.604659814569892, "n_estimators": 74.95640818189436}, "datetime": {"datetime": "2021-09-27 19:12:27", "elapsed": 154.176288, "delta": 1.376}}
{"target": -10.31486025076176, "params": {"eta": 0.19424012105178984, "max_depth": 34.820409553242676, "n_estimators": 89.79891721310824}, "datetime": {"datetime": "2021-09-27 19:12:28", "elapsed": 155.524566, "delta": 1.348278}}
{"target": -11.11675880477843, "params": {"eta": 0.26282191169995345, "max_depth": 22.03710841629313, "n_estimators": 80.03029006391007}, "datetime": {"datetime": "2021-09-27 19:12:30", "elapsed": 156.737564, "delta": 1.212998}}
{"target": -10.614891169319334, "params": {"eta": 0.07798254884888807, "max_depth": 16.798962689415504, "n_estimators": 98.13463136388943}, "datetime": {"datetime": "2021-09-27 19:12:31", "elapsed": 158.543745, "delta": 1.806181}}
{"target": -11.670921301891447, "params": {"eta": 0.11605567709402052, "max_depth": 3.4701544149278414, "n_estimators": 65.98947318340036}, "datetime": {"datetime": "2021-09-27 19:12:32", "elapsed": 159.339747, "delta": 0.796002}}
{"target": -11.058963165978856, "params": {"eta": 0.24710138143891153, "max_depth": 28.324131588871165, "n_estimators": 68.1742045166721}, "datetime": {"datetime": "2021-09-27 19:12:34", "elapsed": 160.649019, "delta": 1.309272}}
{"target": -10.427341401682297, "params": {"eta": 0.11498761317740812, "max_depth": 16.67813912207648, "n_estimators": 56.761780978163095}, "datetime": {"datetime": "2021-09-27 19:12:35", "elapsed": 161.838573, "delta": 1.189554}}
{"target": -10.85906424370205, "params": {"eta": 0.28944807522109445, "max_depth": 6.349484992370326, "n_estimators": 76.46322895935874}, "datetime": {"datetime": "2021-09-27 19:12:36", "elapsed": 162.931571, "delta": 1.092998}}
{"target": -10.42553512708578, "params": {"eta": 0.20863998079056695, "max_depth": 28.16134849909136, "n_estimators": 50.0794428858374}, "datetime": {"datetime": "2021-09-27 19:12:37", "elapsed": 164.114895, "delta": 1.183324}}
{"target": -11.343993027991166, "params": {"eta": 0.2581815096200381, "max_depth": 13.006369180332081, "n_estimators": 79.94420672618043}, "datetime": {"datetime": "2021-09-27 19:12:38", "elapsed": 165.585243, "delta": 1.470348}}
{"target": -11.80014212917022, "params": {"eta": 0.26035613566975324, "max_depth": 26.019482590802593, "n_estimators": 89.88792759109603}, "datetime": {"datetime": "2021-09-27 19:12:40", "elapsed": 167.103855, "delta": 1.518612}}
{"target": -10.640006159479183, "params": {"eta": 0.11070523512631987, "max_depth": 23.06748813017284, "n_estimators": 73.6855301635551}, "datetime": {"datetime": "2021-09-27 19:12:41", "elapsed": 168.56714, "delta": 1.463285}}
{"target": -10.457263965497345, "params": {"eta": 0.09699678807925659, "max_depth": 29.58651887056011, "n_estimators": 89.14099055786754}, "datetime": {"datetime": "2021-09-27 19:12:43", "elapsed": 170.317466, "delta": 1.750326}}
{"target": -11.130126406874314, "params": {"eta": 0.2693883243673083, "max_depth": 23.135189969253297, "n_estimators": 74.02627838798105}, "datetime": {"datetime": "2021-09-27 19:12:45", "elapsed": 171.69479, "delta": 1.377324}}
{"target": -10.90974007203334, "params": {"eta": 0.2898838764972422, "max_depth": 22.899060912371997, "n_estimators": 83.37933227666912}, "datetime": {"datetime": "2021-09-27 19:12:46", "elapsed": 173.384407, "delta": 1.689617}}
{"target": -12.938008284270817, "params": {"eta": 0.06349464984366525, "max_depth": 3.089543282751018, "n_estimators": 52.86706430586533}, "datetime": {"datetime": "2021-09-27 19:12:47", "elapsed": 174.444404, "delta": 1.059997}}
{"target": -10.62186420111559, "params": {"eta": 0.23414651725831115, "max_depth": 5.867536203366243, "n_estimators": 89.38055138498449}, "datetime": {"datetime": "2021-09-27 19:12:48", "elapsed": 175.401404, "delta": 0.957}}
{"target": -11.188402412242828, "params": {"eta": 0.24376053941974973, "max_depth": 9.824379006679791, "n_estimators": 77.35675061541636}, "datetime": {"datetime": "2021-09-27 19:12:50", "elapsed": 176.729299, "delta": 1.327895}}
{"target": -10.640973822528776, "params": {"eta": 0.22823513085416813, "max_depth": 11.137680177900595, "n_estimators": 61.45699587903872}, "datetime": {"datetime": "2021-09-27 19:12:51", "elapsed": 177.85649, "delta": 1.127191}}
{"target": -10.822130320920776, "params": {"eta": 0.15616648842590602, "max_depth": 5.3020650326685175, "n_estimators": 77.31764352538912}, "datetime": {"datetime": "2021-09-27 19:12:52", "elapsed": 178.975492, "delta": 1.119002}}
{"target": -10.711360578209291, "params": {"eta": 0.1476651428628501, "max_depth": 33.580467252833486, "n_estimators": 56.62393076253675}, "datetime": {"datetime": "2021-09-27 19:12:54", "elapsed": 180.754542, "delta": 1.77905}}
{"target": -11.502150070349263, "params": {"eta": 0.24654857219654974, "max_depth": 28.798484156775423, "n_estimators": 57.40583598225682}, "datetime": {"datetime": "2021-09-27 19:12:55", "elapsed": 182.252376, "delta": 1.497834}}
{"target": -11.045948420408068, "params": {"eta": 0.10228727152988458, "max_depth": 15.95454007344726, "n_estimators": 77.33380033490889}, "datetime": {"datetime": "2021-09-27 19:12:57", "elapsed": 183.720355, "delta": 1.467979}}
{"target": -10.939659348765023, "params": {"eta": 0.1784873344502685, "max_depth": 21.572835539167386, "n_estimators": 55.50814274554461}, "datetime": {"datetime": "2021-09-27 19:12:58", "elapsed": 185.115075, "delta": 1.39472}}
{"target": -10.571207550161166, "params": {"eta": 0.1462985548704665, "max_depth": 30.24999731918655, "n_estimators": 61.956194456787074}, "datetime": {"datetime": "2021-09-27 19:12:59", "elapsed": 186.383063, "delta": 1.267988}}
{"target": -10.118933685297087, "params": {"eta": 0.13921316547818097, "max_depth": 8.628274534780282, "n_estimators": 57.014347697774014}, "datetime": {"datetime": "2021-09-27 19:13:00", "elapsed": 187.453064, "delta": 1.070001}}
{"target": -11.380355486271695, "params": {"eta": 0.25420366212506246, "max_depth": 30.409794227080617, "n_estimators": 83.92759085760588}, "datetime": {"datetime": "2021-09-27 19:13:02", "elapsed": 188.909732, "delta": 1.456668}}
{"target": -10.50913137215944, "params": {"eta": 0.10956720206830307, "max_depth": 33.90956264431772, "n_estimators": 72.0127471677409}, "datetime": {"datetime": "2021-09-27 19:13:03", "elapsed": 190.428983, "delta": 1.519251}}
{"target": -11.326574277426383, "params": {"eta": 0.2363922566531414, "max_depth": 11.289288996307418, "n_estimators": 94.93272054003151}, "datetime": {"datetime": "2021-09-27 19:13:05", "elapsed": 192.04329, "delta": 1.614307}}
{"target": -10.468336892745091, "params": {"eta": 0.15993354518667668, "max_depth": 16.913107249825977, "n_estimators": 60.77102855674034}, "datetime": {"datetime": "2021-09-27 19:13:06", "elapsed": 193.296288, "delta": 1.252998}}
{"target": -10.98681602555657, "params": {"eta": 0.2312185293030809, "max_depth": 21.423027790881097, "n_estimators": 58.71393976071444}, "datetime": {"datetime": "2021-09-27 19:13:08", "elapsed": 194.946288, "delta": 1.65}}
{"target": -10.751965682784018, "params": {"eta": 0.050078632156050115, "max_depth": 17.84085597855438, "n_estimators": 67.80248549213964}, "datetime": {"datetime": "2021-09-27 19:13:09", "elapsed": 196.089905, "delta": 1.143617}}
{"target": -11.341126324707943, "params": {"eta": 0.18156073029687692, "max_depth": 23.22034884072937, "n_estimators": 59.93810280751221}, "datetime": {"datetime": "2021-09-27 19:13:10", "elapsed": 197.548561, "delta": 1.458656}}
{"target": -11.172074656456143, "params": {"eta": 0.22729143554983827, "max_depth": 16.67881941042068, "n_estimators": 71.90926109211725}, "datetime": {"datetime": "2021-09-27 19:13:12", "elapsed": 198.997561, "delta": 1.449}}
{"target": -11.27824947595322, "params": {"eta": 0.2681066716200112, "max_depth": 9.301455592063654, "n_estimators": 82.04218830374064}, "datetime": {"datetime": "2021-09-27 19:13:13", "elapsed": 200.28509, "delta": 1.287529}}
{"target": -10.442582215052147, "params": {"eta": 0.20971419141822212, "max_depth": 20.67977523244351, "n_estimators": 54.14564926907314}, "datetime": {"datetime": "2021-09-27 19:13:15", "elapsed": 202.100251, "delta": 1.815161}}
{"target": -15.057962780649648, "params": {"eta": 0.10099399015277759, "max_depth": 1.164497791944414, "n_estimators": 88.13061561978651}, "datetime": {"datetime": "2021-09-27 19:13:16", "elapsed": 203.05025, "delta": 0.949999}}
{"target": -10.935145876443109, "params": {"eta": 0.18690633097767173, "max_depth": 32.13815220492145, "n_estimators": 93.9474531646425}, "datetime": {"datetime": "2021-09-27 19:13:17", "elapsed": 204.625483, "delta": 1.575233}}
{"target": -10.475976117992303, "params": {"eta": 0.07469588633467232, "max_depth": 15.766654439735781, "n_estimators": 96.84467034682508}, "datetime": {"datetime": "2021-09-27 19:13:19", "elapsed": 206.164867, "delta": 1.539384}}
{"target": -10.837674753966263, "params": {"eta": 0.20883333655320307, "max_depth": 8.799663748108438, "n_estimators": 74.64446057709795}, "datetime": {"datetime": "2021-09-27 19:13:21", "elapsed": 207.643821, "delta": 1.478954}}
{"target": -11.199844688524074, "params": {"eta": 0.25505738513076665, "max_depth": 25.63096551755973, "n_estimators": 64.39460367351091}, "datetime": {"datetime": "2021-09-27 19:13:22", "elapsed": 209.174821, "delta": 1.531}}
{"target": -10.349754696875758, "params": {"eta": 0.17581996216128626, "max_depth": 14.111607924599852, "n_estimators": 74.31001541084774}, "datetime": {"datetime": "2021-09-27 19:13:24", "elapsed": 210.976676, "delta": 1.801855}}
{"target": -10.637509302444025, "params": {"eta": 0.06645694744510842, "max_depth": 17.606068969565392, "n_estimators": 53.68220309502839}, "datetime": {"datetime": "2021-09-27 19:13:25", "elapsed": 212.479092, "delta": 1.502416}}
{"target": -10.410101007785348, "params": {"eta": 0.11527612142638581, "max_depth": 26.652652759448845, "n_estimators": 67.53624540591993}, "datetime": {"datetime": "2021-09-27 19:13:27", "elapsed": 214.045894, "delta": 1.566802}}
{"target": -10.612201162086814, "params": {"eta": 0.07092188398567274, "max_depth": 6.929390779857445, "n_estimators": 54.711440155503496}, "datetime": {"datetime": "2021-09-27 19:13:28", "elapsed": 215.404951, "delta": 1.359057}}
{"target": -10.801148519554776, "params": {"eta": 0.19841549082793575, "max_depth": 13.606259147907306, "n_estimators": 96.88458670052624}, "datetime": {"datetime": "2021-09-27 19:13:30", "elapsed": 216.981935, "delta": 1.576984}}
{"target": -10.42679261254524, "params": {"eta": 0.13665742503925543, "max_depth": 11.001841388216413, "n_estimators": 72.93835192499219}, "datetime": {"datetime": "2021-09-27 19:13:32", "elapsed": 218.864641, "delta": 1.882706}}
{"target": -10.802600825887065, "params": {"eta": 0.18428846363064744, "max_depth": 16.436491992168147, "n_estimators": 78.38777498049443}, "datetime": {"datetime": "2021-09-27 19:13:33", "elapsed": 220.389395, "delta": 1.524754}}
{"target": -10.852361842521145, "params": {"eta": 0.25840027881357347, "max_depth": 6.3062675273644855, "n_estimators": 98.97507777754944}, "datetime": {"datetime": "2021-09-27 19:13:35", "elapsed": 221.850474, "delta": 1.461079}}
{"target": -10.81906673890517, "params": {"eta": 0.23324222779649179, "max_depth": 28.252675227719312, "n_estimators": 95.32052714581036}, "datetime": {"datetime": "2021-09-27 19:13:36", "elapsed": 223.385472, "delta": 1.534998}}
{"target": -11.169053655540111, "params": {"eta": 0.23049446485170155, "max_depth": 13.347699693319292, "n_estimators": 62.35731469276277}, "datetime": {"datetime": "2021-09-27 19:13:38", "elapsed": 224.693653, "delta": 1.308181}}
{"target": -10.740078084870408, "params": {"eta": 0.20395929852936762, "max_depth": 4.855255721173518, "n_estimators": 97.20954334826574}, "datetime": {"datetime": "2021-09-27 19:13:39", "elapsed": 226.12168, "delta": 1.428027}}
{"target": -11.301380837149637, "params": {"eta": 0.24821561087254534, "max_depth": 25.61880726611918, "n_estimators": 90.40294039424558}, "datetime": {"datetime": "2021-09-27 19:13:41", "elapsed": 227.674828, "delta": 1.553148}}
{"target": -10.690952033704615, "params": {"eta": 0.08630551961798559, "max_depth": 27.87958314050717, "n_estimators": 67.53865226328662}, "datetime": {"datetime": "2021-09-27 19:13:42", "elapsed": 229.044828, "delta": 1.37}}
{"target": -9.982843105932886, "params": {"eta": 0.12997406413553658, "max_depth": 12.913981832768394, "n_estimators": 51.50249947678129}, "datetime": {"datetime": "2021-09-27 19:13:44", "elapsed": 230.779651, "delta": 1.734823}}
{"target": -11.173910053538101, "params": {"eta": 0.23750623645762092, "max_depth": 21.72027592108341, "n_estimators": 55.683886625747405}, "datetime": {"datetime": "2021-09-27 19:13:45", "elapsed": 232.318322, "delta": 1.538671}}
{"target": -10.432159492840103, "params": {"eta": 0.15274678687801613, "max_depth": 12.540305761649988, "n_estimators": 99.59462329764621}, "datetime": {"datetime": "2021-09-27 19:13:47", "elapsed": 233.932433, "delta": 1.614111}}
{"target": -10.598247920284603, "params": {"eta": 0.12424561737337599, "max_depth": 8.145904859935058, "n_estimators": 93.7877296570577}, "datetime": {"datetime": "2021-09-27 19:13:48", "elapsed": 235.625045, "delta": 1.692612}}
{"target": -10.746871565648314, "params": {"eta": 0.12401592897691847, "max_depth": 25.8081424714614, "n_estimators": 89.88691903475936}, "datetime": {"datetime": "2021-09-27 19:13:51", "elapsed": 237.718755, "delta": 2.09371}}
{"target": -10.746772731604707, "params": {"eta": 0.19950911326635906, "max_depth": 15.130223048426961, "n_estimators": 79.57479513363099}, "datetime": {"datetime": "2021-09-27 19:13:52", "elapsed": 239.234754, "delta": 1.515999}}
{"target": -10.402012747401134, "params": {"eta": 0.1343425368670122, "max_depth": 28.456604643091126, "n_estimators": 64.57274591056597}, "datetime": {"datetime": "2021-09-27 19:13:54", "elapsed": 241.047721, "delta": 1.812967}}
{"target": -10.490686285689737, "params": {"eta": 0.14696828093473724, "max_depth": 33.81362984699226, "n_estimators": 79.68167100797272}, "datetime": {"datetime": "2021-09-27 19:13:56", "elapsed": 243.084999, "delta": 2.037278}}
{"target": -11.284388442793425, "params": {"eta": 0.2475998810888725, "max_depth": 14.79188371565697, "n_estimators": 74.30398978468493}, "datetime": {"datetime": "2021-09-27 19:13:58", "elapsed": 244.783272, "delta": 1.698273}}
{"target": -11.220812083250763, "params": {"eta": 0.24720286445935813, "max_depth": 14.494138786843449, "n_estimators": 89.6398350283976}, "datetime": {"datetime": "2021-09-27 19:13:59", "elapsed": 246.362623, "delta": 1.579351}}
{"target": -11.912416140302923, "params": {"eta": 0.2577801704684767, "max_depth": 18.272777166411426, "n_estimators": 53.005891854489036}, "datetime": {"datetime": "2021-09-27 19:14:01", "elapsed": 247.920262, "delta": 1.557639}}
{"target": -11.581223145868268, "params": {"eta": 0.24616984278633902, "max_depth": 30.974781691624766, "n_estimators": 98.23137626043538}, "datetime": {"datetime": "2021-09-27 19:14:03", "elapsed": 249.763262, "delta": 1.843}}
{"target": -11.130417073579233, "params": {"eta": 0.27545149191579765, "max_depth": 4.899947291797451, "n_estimators": 65.70536373559813}, "datetime": {"datetime": "2021-09-27 19:14:04", "elapsed": 250.951092, "delta": 1.18783}}
{"target": -11.561218022287202, "params": {"eta": 0.24912207273027587, "max_depth": 16.53219841379667, "n_estimators": 88.75991736625724}, "datetime": {"datetime": "2021-09-27 19:14:06", "elapsed": 252.993253, "delta": 2.042161}}
{"target": -12.850946722437714, "params": {"eta": 0.19599220053343103, "max_depth": 2.948263100208713, "n_estimators": 75.1714775864096}, "datetime": {"datetime": "2021-09-27 19:14:07", "elapsed": 254.51051, "delta": 1.517257}}
{"target": -10.752432480468936, "params": {"eta": 0.28060349130787954, "max_depth": 26.848571307154117, "n_estimators": 65.56219745169223}, "datetime": {"datetime": "2021-09-27 19:14:09", "elapsed": 256.01941, "delta": 1.5089}}
{"target": -11.385387796507196, "params": {"eta": 0.2654247466880631, "max_depth": 8.731614846729585, "n_estimators": 96.00739879290445}, "datetime": {"datetime": "2021-09-27 19:14:10", "elapsed": 257.420406, "delta": 1.400996}}
{"target": -11.251721642375523, "params": {"eta": 0.2673639550428316, "max_depth": 29.890778361170312, "n_estimators": 73.27234631773234}, "datetime": {"datetime": "2021-09-27 19:14:12", "elapsed": 258.996178, "delta": 1.575772}}
{"target": -10.662092367335525, "params": {"eta": 0.15988556654974917, "max_depth": 7.20292772944386, "n_estimators": 81.02200552913916}, "datetime": {"datetime": "2021-09-27 19:14:13", "elapsed": 260.627985, "delta": 1.631807}}
{"target": -16.126777129141736, "params": {"eta": 0.05251555639898693, "max_depth": 1.576428644009519, "n_estimators": 81.69758224237941}, "datetime": {"datetime": "2021-09-27 19:14:15", "elapsed": 262.001984, "delta": 1.373999}}
{"target": -14.018727294656902, "params": {"eta": 0.22574794049487001, "max_depth": 1.8924154836442375, "n_estimators": 83.36305404169653}, "datetime": {"datetime": "2021-09-27 19:14:16", "elapsed": 263.53899, "delta": 1.537006}}
{"target": -11.317683014685471, "params": {"eta": 0.29170578304233746, "max_depth": 22.330065036801457, "n_estimators": 75.83578296890327}, "datetime": {"datetime": "2021-09-27 19:14:18", "elapsed": 265.08615, "delta": 1.54716}}
{"target": -11.209656597785042, "params": {"eta": 0.16645733314732053, "max_depth": 26.627881155492776, "n_estimators": 99.03944773897663}, "datetime": {"datetime": "2021-09-27 19:14:20", "elapsed": 267.098367, "delta": 2.012217}}
{"target": -11.454192570831664, "params": {"eta": 0.29703642789773493, "max_depth": 32.17920552371291, "n_estimators": 98.40638366191426}, "datetime": {"datetime": "2021-09-27 19:14:22", "elapsed": 268.655043, "delta": 1.556676}}
{"target": -10.408781656835227, "params": {"eta": 0.20719908763047212, "max_depth": 13.597434945311784, "n_estimators": 83.21363569585073}, "datetime": {"datetime": "2021-09-27 19:14:23", "elapsed": 270.514784, "delta": 1.859741}}
{"target": -11.050549594400923, "params": {"eta": 0.29978601736950633, "max_depth": 7.993895766475781, "n_estimators": 55.42727620916226}, "datetime": {"datetime": "2021-09-27 19:14:25", "elapsed": 271.746448, "delta": 1.231664}}
{"target": -11.252178104520933, "params": {"eta": 0.2376176373732733, "max_depth": 33.77161275044719, "n_estimators": 64.2614679522884}, "datetime": {"datetime": "2021-09-27 19:14:26", "elapsed": 273.32879, "delta": 1.582342}}
{"target": -11.025951750746787, "params": {"eta": 0.2857273119641653, "max_depth": 15.929180029168762, "n_estimators": 63.394739356795114}, "datetime": {"datetime": "2021-09-27 19:14:28", "elapsed": 275.097718, "delta": 1.768928}}
{"target": -10.612281074721201, "params": {"eta": 0.20914170461370785, "max_depth": 8.471000637291617, "n_estimators": 87.00704175814724}, "datetime": {"datetime": "2021-09-27 19:14:29", "elapsed": 276.525553, "delta": 1.427835}}
{"target": -10.655407691788428, "params": {"eta": 0.1257209297921008, "max_depth": 25.69701547760526, "n_estimators": 76.26631384976496}, "datetime": {"datetime": "2021-09-27 19:14:31", "elapsed": 278.431751, "delta": 1.906198}}
{"target": -10.49238526475451, "params": {"eta": 0.087445935277263, "max_depth": 34.605973404443574, "n_estimators": 58.52124423793308}, "datetime": {"datetime": "2021-09-27 19:14:33", "elapsed": 279.790746, "delta": 1.358995}}
{"target": -10.748301159265502, "params": {"eta": 0.1693998636277133, "max_depth": 24.097991910346458, "n_estimators": 84.36730999934966}, "datetime": {"datetime": "2021-09-27 19:14:35", "elapsed": 282.091666, "delta": 2.30092}}
{"target": -11.602842856924179, "params": {"eta": 0.05370009240065153, "max_depth": 8.539589270771163, "n_estimators": 52.55292560076721}, "datetime": {"datetime": "2021-09-27 19:14:36", "elapsed": 283.261667, "delta": 1.170001}}
{"target": -10.858158749547767, "params": {"eta": 0.23313993286250628, "max_depth": 27.746006144064758, "n_estimators": 97.6539176665315}, "datetime": {"datetime": "2021-09-27 19:14:38", "elapsed": 284.726975, "delta": 1.465308}}
