{"target": -10.483588327859579, "params": {"eta": 0.09887772460763637, "max_depth": 3.309712069403739, "n_estimators": 8.404492380652865}, "datetime": {"datetime": "2021-09-17 09:07:45", "elapsed": 181.414481, "delta": 1.362733}}
{"target": -9.58424615922727, "params": {"eta": 0.09809142686913529, "max_depth": 4.745516537225672, "n_estimators": 9.345283733563733}, "datetime": {"datetime": "2021-09-17 09:07:46", "elapsed": 182.947071, "delta": 1.53259}}
{"target": -21.296053053046528, "params": {"eta": 0.01, "max_depth": 4.809748177819651, "n_estimators": 8.833316249452972}, "datetime": {"datetime": "2021-09-17 09:07:47", "elapsed": 184.234141, "delta": 1.28707}}
{"target": -20.861090547473808, "params": {"eta": 0.09779667361499306, "max_depth": 3.500947734932619, "n_estimators": 1.8546400083508745}, "datetime": {"datetime": "2021-09-17 09:07:48", "elapsed": 185.146907, "delta": 0.912766}}
{"target": -21.730884444478313, "params": {"eta": 0.05786831538044079, "max_depth": 4.018425026333311, "n_estimators": 1.0439590365984865}, "datetime": {"datetime": "2021-09-17 09:07:49", "elapsed": 186.047752, "delta": 0.900845}}
{"target": -15.321155248190227, "params": {"eta": 0.08372885430270424, "max_depth": 1.3144699769240047, "n_estimators": 5.9048079532179765}, "datetime": {"datetime": "2021-09-17 09:07:51", "elapsed": 187.450651, "delta": 1.402899}}
{"target": -14.443762081547789, "params": {"eta": 0.05254717119811385, "max_depth": 4.5313551872591304, "n_estimators": 9.553447734148317}, "datetime": {"datetime": "2021-09-17 09:07:52", "elapsed": 188.732261, "delta": 1.28161}}
{"target": -13.516256338985343, "params": {"eta": 0.06010399165933979, "max_depth": 5.382549200273167, "n_estimators": 9.057420590896038}, "datetime": {"datetime": "2021-09-17 09:07:54", "elapsed": 190.470951, "delta": 1.73869}}
{"target": -12.648652786016465, "params": {"eta": 0.07542941506732014, "max_depth": 6.346858967705506, "n_estimators": 8.707869541150858}, "datetime": {"datetime": "2021-09-17 09:07:55", "elapsed": 191.736606, "delta": 1.265655}}
{"target": -15.58788148227491, "params": {"eta": 0.07814218102923272, "max_depth": 8.336351626778983, "n_estimators": 5.860804966700319}, "datetime": {"datetime": "2021-09-17 09:07:56", "elapsed": 192.981829, "delta": 1.245223}}
{"target": -9.455668574257901, "params": {"eta": 0.0998151580381744, "max_depth": 4.970840527502046, "n_estimators": 9.178187917593686}, "datetime": {"datetime": "2021-09-17 09:07:58", "elapsed": 194.773482, "delta": 1.791653}}
{"target": -18.74383320808411, "params": {"eta": 0.02643236917977288, "max_depth": 6.5205248059944365, "n_estimators": 8.70823156827411}, "datetime": {"datetime": "2021-09-17 09:07:59", "elapsed": 196.38245, "delta": 1.608968}}
{"target": -13.780960527219271, "params": {"eta": 0.08803272286197493, "max_depth": 1.0134294449332124, "n_estimators": 6.354526029143024}, "datetime": {"datetime": "2021-09-17 09:08:01", "elapsed": 198.258218, "delta": 1.875768}}
{"target": -8.643854819473466, "params": {"eta": 0.1, "max_depth": 9.59288044852407, "n_estimators": 10.0}, "datetime": {"datetime": "2021-09-17 09:08:03", "elapsed": 200.125175, "delta": 1.866957}}
{"target": -18.627415967928737, "params": {"eta": 0.07055471914500383, "max_depth": 3.2659176653771373, "n_estimators": 3.269355992921569}, "datetime": {"datetime": "2021-09-17 09:08:04", "elapsed": 201.10867, "delta": 0.983495}}
{"target": -12.04981165842006, "params": {"eta": 0.07263795588186354, "max_depth": 9.51915208579959, "n_estimators": 9.963915544666888}, "datetime": {"datetime": "2021-09-17 09:08:06", "elapsed": 202.517226, "delta": 1.408556}}
{"target": -11.7020092841826, "params": {"eta": 0.07579563361658444, "max_depth": 9.674907954859862, "n_estimators": 9.979448812212983}, "datetime": {"datetime": "2021-09-17 09:08:07", "elapsed": 203.869948, "delta": 1.352722}}
{"target": -16.545773424129738, "params": {"eta": 0.04222525377423819, "max_depth": 8.413793194074511, "n_estimators": 8.237027977030449}, "datetime": {"datetime": "2021-09-17 09:08:08", "elapsed": 204.894633, "delta": 1.024685}}
{"target": -11.796165452191705, "params": {"eta": 0.07498650232916916, "max_depth": 8.69911825059609, "n_estimators": 9.665128168266332}, "datetime": {"datetime": "2021-09-17 09:08:09", "elapsed": 206.369453, "delta": 1.47482}}
{"target": -11.6251669447673, "params": {"eta": 0.07654493595231153, "max_depth": 8.719290795006293, "n_estimators": 9.844514004613453}, "datetime": {"datetime": "2021-09-17 09:08:11", "elapsed": 207.910022, "delta": 1.540569}}
{"target": -11.368934052241475, "params": {"eta": 0.07900245207510831, "max_depth": 8.843443675412288, "n_estimators": 9.732378908224039}, "datetime": {"datetime": "2021-09-17 09:08:13", "elapsed": 209.47403, "delta": 1.564008}}
{"target": -9.57603690875204, "params": {"eta": 0.09874231146830431, "max_depth": 8.872902008909984, "n_estimators": 9.889667296068508}, "datetime": {"datetime": "2021-09-17 09:08:14", "elapsed": 210.876203, "delta": 1.402173}}
{"target": -13.162374904594925, "params": {"eta": 0.06284184618080282, "max_depth": 8.968246199191585, "n_estimators": 9.820910994292136}, "datetime": {"datetime": "2021-09-17 09:08:16", "elapsed": 212.689153, "delta": 1.81295}}
{"target": -20.34817665611443, "params": {"eta": 0.014173181154728159, "max_depth": 8.806513572305288, "n_estimators": 9.992568847712835}, "datetime": {"datetime": "2021-09-17 09:08:17", "elapsed": 214.05938, "delta": 1.370227}}
{"target": -9.475549654584182, "params": {"eta": 0.1, "max_depth": 8.825467863245485, "n_estimators": 9.54745934466035}, "datetime": {"datetime": "2021-09-17 09:08:19", "elapsed": 215.888252, "delta": 1.828872}}
{"target": -14.418851833908183, "params": {"eta": 0.05282100030066789, "max_depth": 8.706970516134026, "n_estimators": 9.466440426222956}, "datetime": {"datetime": "2021-09-17 09:08:21", "elapsed": 217.617767, "delta": 1.729515}}
{"target": -13.127090526568264, "params": {"eta": 0.09327323418003818, "max_depth": 7.993326890329209, "n_estimators": 6.443631315563653}, "datetime": {"datetime": "2021-09-17 09:08:22", "elapsed": 218.669622, "delta": 1.051855}}
{"target": -21.207981587946417, "params": {"eta": 0.02802590661108261, "max_depth": 7.472424999267994, "n_estimators": 3.5956045509943273}, "datetime": {"datetime": "2021-09-17 09:08:23", "elapsed": 219.722504, "delta": 1.052882}}
{"target": -15.010869511177667, "params": {"eta": 0.048645032649987596, "max_depth": 8.019385598830716, "n_estimators": 9.138448476901718}, "datetime": {"datetime": "2021-09-17 09:08:24", "elapsed": 220.774321, "delta": 1.051817}}
{"target": -9.475549654584182, "params": {"eta": 0.1, "max_depth": 8.946587939834098, "n_estimators": 9.56452074494024}, "datetime": {"datetime": "2021-09-17 09:08:26", "elapsed": 222.548237, "delta": 1.773916}}
{"target": -12.681986801247847, "params": {"eta": 0.06698728033552026, "max_depth": 8.920080618786356, "n_estimators": 9.446796721880299}, "datetime": {"datetime": "2021-09-17 09:08:27", "elapsed": 224.109335, "delta": 1.561098}}
{"target": -9.475549654584182, "params": {"eta": 0.1, "max_depth": 9.084965754947758, "n_estimators": 9.587996567072734}, "datetime": {"datetime": "2021-09-17 09:08:29", "elapsed": 225.884162, "delta": 1.774827}}
{"target": -21.68708534295622, "params": {"eta": 0.015247394655629519, "max_depth": 5.145364195288042, "n_estimators": 4.817842744463512}, "datetime": {"datetime": "2021-09-17 09:08:30", "elapsed": 226.936573, "delta": 1.052411}}
{"target": -20.688524603765263, "params": {"eta": 0.012266145721772136, "max_depth": 8.877829900812301, "n_estimators": 9.56920337712804}, "datetime": {"datetime": "2021-09-17 09:08:32", "elapsed": 228.773164, "delta": 1.836591}}
{"target": -11.125219668840106, "params": {"eta": 0.0816644704840035, "max_depth": 9.175480591449482, "n_estimators": 9.44762701075435}, "datetime": {"datetime": "2021-09-17 09:08:33", "elapsed": 230.160006, "delta": 1.386842}}
{"target": -17.138808371518788, "params": {"eta": 0.09736171790447189, "max_depth": 8.567041505333648, "n_estimators": 3.7317834778628014}, "datetime": {"datetime": "2021-09-17 09:08:34", "elapsed": 231.252893, "delta": 1.092887}}
{"target": -21.086550395269143, "params": {"eta": 0.010058041233384128, "max_depth": 9.188641544580046, "n_estimators": 9.564116114373183}, "datetime": {"datetime": "2021-09-17 09:08:36", "elapsed": 233.034696, "delta": 1.781803}}
{"target": -11.571212097218162, "params": {"eta": 0.07716625471027946, "max_depth": 9.091095365790546, "n_estimators": 9.406522349269228}, "datetime": {"datetime": "2021-09-17 09:08:38", "elapsed": 234.837322, "delta": 1.802626}}
{"target": -9.954398046041788, "params": {"eta": 0.09430345155045552, "max_depth": 8.993560173646593, "n_estimators": 9.522004121972778}, "datetime": {"datetime": "2021-09-17 09:08:40", "elapsed": 236.732318, "delta": 1.894996}}
{"target": -13.195063263491582, "params": {"eta": 0.06256986993634346, "max_depth": 9.214626966267863, "n_estimators": 9.319983976364519}, "datetime": {"datetime": "2021-09-17 09:08:42", "elapsed": 238.622597, "delta": 1.890279}}
{"target": -11.361551627359892, "params": {"eta": 0.08869939335005736, "max_depth": 5.5554807452838455, "n_estimators": 8.683143487098356}, "datetime": {"datetime": "2021-09-17 09:08:43", "elapsed": 240.330169, "delta": 1.707572}}
{"target": -11.819240640652808, "params": {"eta": 0.07476354950932734, "max_depth": 9.011300343730197, "n_estimators": 9.639492847940174}, "datetime": {"datetime": "2021-09-17 09:08:45", "elapsed": 241.924835, "delta": 1.594666}}
{"target": -15.061915948516445, "params": {"eta": 0.054040501485031256, "max_depth": 8.811599003408672, "n_estimators": 8.04915763633479}, "datetime": {"datetime": "2021-09-17 09:08:46", "elapsed": 243.028622, "delta": 1.103787}}
{"target": -10.464692202680988, "params": {"eta": 0.09910368819740667, "max_depth": 8.776429348731794, "n_estimators": 8.229798642084077}, "datetime": {"datetime": "2021-09-17 09:08:48", "elapsed": 244.787334, "delta": 1.758712}}
{"target": -18.057392948865893, "params": {"eta": 0.08073862974128397, "max_depth": 9.514010331851848, "n_estimators": 3.528362173012456}, "datetime": {"datetime": "2021-09-17 09:08:49", "elapsed": 245.898345, "delta": 1.111011}}
{"target": -15.050250328214545, "params": {"eta": 0.05409499471774435, "max_depth": 8.877513928960873, "n_estimators": 8.233717500070318}, "datetime": {"datetime": "2021-09-17 09:08:51", "elapsed": 247.94743, "delta": 2.049085}}
{"target": -13.443124914169312, "params": {"eta": 0.08899935374747504, "max_depth": 3.100087151584071, "n_estimators": 6.520759567261206}, "datetime": {"datetime": "2021-09-17 09:08:52", "elapsed": 249.083606, "delta": 1.136176}}
{"target": -10.39168791770935, "params": {"eta": 0.1, "max_depth": 8.682421781522962, "n_estimators": 8.140860733547768}, "datetime": {"datetime": "2021-09-17 09:08:54", "elapsed": 250.766544, "delta": 1.682938}}
{"target": -14.085377942888362, "params": {"eta": 0.06211172538182068, "max_depth": 8.722949750741538, "n_estimators": 8.393664072498472}, "datetime": {"datetime": "2021-09-17 09:08:56", "elapsed": 252.459099, "delta": 1.692555}}
{"target": -21.26811293426313, "params": {"eta": 0.07908869511536097, "max_depth": 3.5627557411566624, "n_estimators": 1.2799769396682337}, "datetime": {"datetime": "2021-09-17 09:08:57", "elapsed": 253.62418, "delta": 1.165081}}
{"target": -19.38621574122655, "params": {"eta": 0.022129427514105633, "max_depth": 8.648662169714623, "n_estimators": 8.185239375481816}, "datetime": {"datetime": "2021-09-17 09:08:58", "elapsed": 255.256355, "delta": 1.632175}}
{"target": -15.712612913156812, "params": {"eta": 0.04443591903243349, "max_depth": 1.6981821468524965, "n_estimators": 9.904077486941919}, "datetime": {"datetime": "2021-09-17 09:08:59", "elapsed": 256.395388, "delta": 1.139033}}
{"target": -19.28090533880811, "params": {"eta": 0.020276808904489824, "max_depth": 4.739257250148384, "n_estimators": 9.397530440417944}, "datetime": {"datetime": "2021-09-17 09:09:01", "elapsed": 257.955042, "delta": 1.559654}}
{"target": -14.538035645610409, "params": {"eta": 0.07691376257927923, "max_depth": 6.825351708296106, "n_estimators": 6.1325581746116615}, "datetime": {"datetime": "2021-09-17 09:09:02", "elapsed": 259.128612, "delta": 1.17357}}
{"target": -12.42256327867508, "params": {"eta": 0.06933832847242828, "max_depth": 8.825404225092825, "n_estimators": 9.831147699059464}, "datetime": {"datetime": "2021-09-17 09:09:04", "elapsed": 261.099931, "delta": 1.971319}}
{"target": -20.431882798201162, "params": {"eta": 0.01533092758878441, "max_depth": 3.3710666422368902, "n_estimators": 8.47196544847694}, "datetime": {"datetime": "2021-09-17 09:09:06", "elapsed": 262.687377, "delta": 1.587446}}
{"target": -21.078709295235182, "params": {"eta": 0.018056771653729133, "max_depth": 3.091876955876635, "n_estimators": 5.402029097326538}, "datetime": {"datetime": "2021-09-17 09:09:07", "elapsed": 263.827937, "delta": 1.14056}}
{"target": -10.106164007437856, "params": {"eta": 0.09256751558458229, "max_depth": 6.174868613712345, "n_estimators": 9.075558527101649}, "datetime": {"datetime": "2021-09-17 09:09:08", "elapsed": 265.396525, "delta": 1.568588}}
{"target": -20.012860242787163, "params": {"eta": 0.0239840057040603, "max_depth": 5.081789162032313, "n_estimators": 6.985117164163931}, "datetime": {"datetime": "2021-09-17 09:09:10", "elapsed": 266.604099, "delta": 1.207574}}
{"target": -15.433854804540937, "params": {"eta": 0.09891194066055632, "max_depth": 8.930152696837489, "n_estimators": 4.851727994184129}, "datetime": {"datetime": "2021-09-17 09:09:11", "elapsed": 267.857141, "delta": 1.253042}}
{"target": -9.475549654584182, "params": {"eta": 0.1, "max_depth": 8.968066455669806, "n_estimators": 9.947260970689374}, "datetime": {"datetime": "2021-09-17 09:09:14", "elapsed": 270.591282, "delta": 2.734141}}
{"target": -19.469468627634804, "params": {"eta": 0.019207488374104353, "max_depth": 9.057958979458554, "n_estimators": 9.986949306529304}, "datetime": {"datetime": "2021-09-17 09:09:16", "elapsed": 273.05609, "delta": 2.464808}}
{"target": -9.493587513346421, "params": {"eta": 0.09955282592009924, "max_depth": 9.622037668162351, "n_estimators": 9.923990987890296}, "datetime": {"datetime": "2021-09-17 09:09:19", "elapsed": 275.681474, "delta": 2.625384}}
{"target": -19.13703291541652, "params": {"eta": 0.021181870347078826, "max_depth": 9.58919370986654, "n_estimators": 9.98131366000389}, "datetime": {"datetime": "2021-09-17 09:09:21", "elapsed": 278.086776, "delta": 2.405302}}
{"target": -13.106313749677257, "params": {"eta": 0.07106399750733769, "max_depth": 5.5864499662473, "n_estimators": 8.266004070483383}, "datetime": {"datetime": "2021-09-17 09:09:22", "elapsed": 279.322143, "delta": 1.235367}}
{"target": -9.475549654584182, "params": {"eta": 0.1, "max_depth": 8.983253494795884, "n_estimators": 9.297115080709062}, "datetime": {"datetime": "2021-09-17 09:09:24", "elapsed": 281.275885, "delta": 1.953742}}
{"target": -9.74570124964965, "params": {"eta": 0.09612597939946169, "max_depth": 4.80010896512073, "n_estimators": 9.275711345696305}, "datetime": {"datetime": "2021-09-17 09:09:26", "elapsed": 283.007018, "delta": 1.731133}}
{"target": -10.580998098222832, "params": {"eta": 0.08740298629759637, "max_depth": 8.910946608202883, "n_estimators": 9.252916038013144}, "datetime": {"datetime": "2021-09-17 09:09:28", "elapsed": 284.558517, "delta": 1.551499}}
{"target": -10.46773523311866, "params": {"eta": 0.09906706948693057, "max_depth": 8.722922762552933, "n_estimators": 8.04474993165961}, "datetime": {"datetime": "2021-09-17 09:09:30", "elapsed": 286.77474, "delta": 2.216223}}
{"target": -19.85776591097054, "params": {"eta": 0.016941070172222822, "max_depth": 9.01445661153717, "n_estimators": 9.23489383157924}, "datetime": {"datetime": "2021-09-17 09:09:32", "elapsed": 289.12843, "delta": 2.35369}}
{"target": -22.617342059471106, "params": {"eta": 0.017088817802637372, "max_depth": 4.45514007269361, "n_estimators": 1.7097482823434254}, "datetime": {"datetime": "2021-09-17 09:09:34", "elapsed": 290.41603, "delta": 1.2876}}
{"target": -10.195863809083637, "params": {"eta": 0.09115081995821163, "max_depth": 8.747077804479638, "n_estimators": 9.332604303029349}, "datetime": {"datetime": "2021-09-17 09:09:35", "elapsed": 292.124736, "delta": 1.708706}}
{"target": -10.018928061033549, "params": {"eta": 0.0935724066280871, "max_depth": 8.874416218298418, "n_estimators": 9.343275990522212}, "datetime": {"datetime": "2021-09-17 09:09:37", "elapsed": 293.871918, "delta": 1.747182}}
{"target": -18.15089341872617, "params": {"eta": 0.04045208771467908, "max_depth": 7.884460995617902, "n_estimators": 6.819154641174992}, "datetime": {"datetime": "2021-09-17 09:09:38", "elapsed": 295.077594, "delta": 1.205676}}
{"target": -12.906287794364127, "params": {"eta": 0.06499445461043009, "max_depth": 8.811307220471473, "n_estimators": 9.175138029669682}, "datetime": {"datetime": "2021-09-17 09:09:40", "elapsed": 297.091495, "delta": 2.013901}}
{"target": -11.465332641099627, "params": {"eta": 0.07809693110042536, "max_depth": 8.620080487010306, "n_estimators": 9.250991688888313}, "datetime": {"datetime": "2021-09-17 09:09:42", "elapsed": 298.720015, "delta": 1.62852}}
{"target": -9.475549654584182, "params": {"eta": 0.1, "max_depth": 8.643537335975163, "n_estimators": 9.11314697514452}, "datetime": {"datetime": "2021-09-17 09:09:44", "elapsed": 300.712044, "delta": 1.992029}}
{"target": -11.622905643362747, "params": {"eta": 0.07656661386596963, "max_depth": 8.539790786221902, "n_estimators": 9.081305394044922}, "datetime": {"datetime": "2021-09-17 09:09:46", "elapsed": 302.544538, "delta": 1.832494}}
{"target": -17.111278209560798, "params": {"eta": 0.03377421723087152, "max_depth": 8.671462643326544, "n_estimators": 9.01164740089055}, "datetime": {"datetime": "2021-09-17 09:09:47", "elapsed": 304.371655, "delta": 1.827117}}
{"target": -13.35874040534622, "params": {"eta": 0.0612308040967787, "max_depth": 8.500405490975517, "n_estimators": 9.194913669004382}, "datetime": {"datetime": "2021-09-17 09:09:49", "elapsed": 306.305542, "delta": 1.933887}}
{"target": -19.540616179296848, "params": {"eta": 0.018789326505708914, "max_depth": 8.70449441344714, "n_estimators": 9.245542951781083}, "datetime": {"datetime": "2021-09-17 09:09:51", "elapsed": 308.348121, "delta": 2.042579}}
{"target": -20.65535432523803, "params": {"eta": 0.0124518977097844, "max_depth": 5.75264757748487, "n_estimators": 9.641328154669502}, "datetime": {"datetime": "2021-09-17 09:09:53", "elapsed": 309.967963, "delta": 1.619842}}
{"target": -10.0037193304614, "params": {"eta": 0.09374429819012245, "max_depth": 9.362441129255517, "n_estimators": 9.01317059271179}, "datetime": {"datetime": "2021-09-17 09:09:54", "elapsed": 311.22319, "delta": 1.255227}}
{"target": -19.000781530926105, "params": {"eta": 0.024688018736525055, "max_depth": 9.381599337496892, "n_estimators": 8.91397335810941}, "datetime": {"datetime": "2021-09-17 09:09:56", "elapsed": 312.853296, "delta": 1.630106}}
{"target": -11.441000865948826, "params": {"eta": 0.07833658571887611, "max_depth": 9.37592570269514, "n_estimators": 9.094598780831381}, "datetime": {"datetime": "2021-09-17 09:09:58", "elapsed": 314.467732, "delta": 1.614436}}
{"target": -19.112429150154718, "params": {"eta": 0.023936609398627913, "max_depth": 5.645282018636763, "n_estimators": 8.774224176674299}, "datetime": {"datetime": "2021-09-17 09:09:59", "elapsed": 315.98734, "delta": 1.519608}}
{"target": -18.780219523843968, "params": {"eta": 0.06808337400851379, "max_depth": 9.062786462798826, "n_estimators": 3.2213221944289083}, "datetime": {"datetime": "2021-09-17 09:10:00", "elapsed": 317.362299, "delta": 1.374959}}
{"target": -9.533327410723032, "params": {"eta": 0.09908189389944741, "max_depth": 8.812159476005913, "n_estimators": 9.454107354175024}, "datetime": {"datetime": "2021-09-17 09:10:03", "elapsed": 319.598073, "delta": 2.235774}}
{"target": -16.283905751140495, "params": {"eta": 0.043947772001972106, "max_depth": 3.9753670426254804, "n_estimators": 8.498952447950577}, "datetime": {"datetime": "2021-09-17 09:10:04", "elapsed": 320.972662, "delta": 1.374589}}
{"target": -11.313699928710335, "params": {"eta": 0.07979224842866588, "max_depth": 9.225066823201418, "n_estimators": 9.028791067414076}, "datetime": {"datetime": "2021-09-17 09:10:06", "elapsed": 323.054972, "delta": 2.08231}}
{"target": -13.816539965491547, "params": {"eta": 0.05773915083670516, "max_depth": 9.300192052093095, "n_estimators": 9.077958526861307}, "datetime": {"datetime": "2021-09-17 09:10:08", "elapsed": 324.594539, "delta": 1.539567}}
{"target": -9.756217576328078, "params": {"eta": 0.09600399291451686, "max_depth": 4.8852623178860926, "n_estimators": 9.068979187230257}, "datetime": {"datetime": "2021-09-17 09:10:10", "elapsed": 326.57561, "delta": 1.981071}}
{"target": -10.399266775344547, "params": {"eta": 0.09983240791876864, "max_depth": 8.74596155028389, "n_estimators": 8.137969498025088}, "datetime": {"datetime": "2021-09-17 09:10:12", "elapsed": 328.497748, "delta": 1.922138}}
{"target": -19.974145878616135, "params": {"eta": 0.024735660436593074, "max_depth": 1.915587277740558, "n_estimators": 6.387076370951155}, "datetime": {"datetime": "2021-09-17 09:10:13", "elapsed": 329.760754, "delta": 1.263006}}
{"target": -9.885405067393654, "params": {"eta": 0.09493811848979496, "max_depth": 8.612845060583089, "n_estimators": 9.17019173542981}, "datetime": {"datetime": "2021-09-17 09:10:16", "elapsed": 332.961099, "delta": 3.200345}}
{"target": -9.997904166422392, "params": {"eta": 0.09324602712088913, "max_depth": 5.745729055499335, "n_estimators": 9.438425783906341}, "datetime": {"datetime": "2021-09-17 09:10:18", "elapsed": 335.2538, "delta": 2.292701}}
