{"target": -2.3447630800698933, "params": {"eta": 0.11449677266881905, "max_depth": 5.175620686180849, "n_estimators": 76.85690955024151}, "datetime": {"datetime": "2021-09-21 16:26:06", "elapsed": 460.181351, "delta": 2.558591}}
{"target": -2.4652280832591806, "params": {"eta": 0.1795327668599166, "max_depth": 5.298341650875017, "n_estimators": 76.77359151341861}, "datetime": {"datetime": "2021-09-21 16:26:09", "elapsed": 463.292393, "delta": 3.111042}}
{"target": -2.4257467765557137, "params": {"eta": 0.3909087890784553, "max_depth": 5.408893444207242, "n_estimators": 52.709288269772216}, "datetime": {"datetime": "2021-09-21 16:26:12", "elapsed": 466.679133, "delta": 3.38674}}
{"target": -2.5732482289013108, "params": {"eta": 0.48041803406943445, "max_depth": 4.186571598804406, "n_estimators": 44.66689908520635}, "datetime": {"datetime": "2021-09-21 16:26:14", "elapsed": 468.175303, "delta": 1.49617}}
{"target": -2.599588604977256, "params": {"eta": 0.2976686581097251, "max_depth": 3.0931980145449383, "n_estimators": 66.0450332512257}, "datetime": {"datetime": "2021-09-21 16:26:16", "elapsed": 470.076029, "delta": 1.900726}}
{"target": -2.310130271786137, "params": {"eta": 0.14381157349546214, "max_depth": 6.035602772640912, "n_estimators": 76.70485794709374}, "datetime": {"datetime": "2021-09-21 16:26:19", "elapsed": 473.216086, "delta": 3.140057}}
{"target": -2.402999239218863, "params": {"eta": 0.2956825315559255, "max_depth": 4.912519041910163, "n_estimators": 74.83100228980089}, "datetime": {"datetime": "2021-09-21 16:26:21", "elapsed": 474.935441, "delta": 1.719355}}
{"target": -2.344814535818602, "params": {"eta": 0.4207985588864907, "max_depth": 3.268616710309969, "n_estimators": 68.30021341884667}, "datetime": {"datetime": "2021-09-21 16:26:24", "elapsed": 478.10132, "delta": 3.165879}}
{"target": -2.380894340966877, "params": {"eta": 0.14996428413350543, "max_depth": 4.755346162519299, "n_estimators": 61.46678734347681}, "datetime": {"datetime": "2021-09-21 16:26:28", "elapsed": 482.583875, "delta": 4.482555}}
{"target": -2.397557599293558, "params": {"eta": 0.17811034924296365, "max_depth": 4.853710006561016, "n_estimators": 61.42644260704911}, "datetime": {"datetime": "2021-09-21 16:26:31", "elapsed": 485.349651, "delta": 2.765776}}
{"target": -2.377101263247038, "params": {"eta": 0.16437122129888698, "max_depth": 5.515557608868184, "n_estimators": 58.22111128771434}, "datetime": {"datetime": "2021-09-21 16:26:34", "elapsed": 488.431937, "delta": 3.082286}}
{"target": -2.3480141407565065, "params": {"eta": 0.16120541849561787, "max_depth": 4.7425360334618105, "n_estimators": 61.56481639029303}, "datetime": {"datetime": "2021-09-21 16:26:38", "elapsed": 491.794958, "delta": 3.363021}}
{"target": -2.479289884943711, "params": {"eta": 0.20364612781712416, "max_depth": 5.450089335831937, "n_estimators": 58.27238108847797}, "datetime": {"datetime": "2021-09-21 16:26:41", "elapsed": 494.887243, "delta": 3.092285}}
{"target": -2.5190501351105543, "params": {"eta": 0.07362613712873044, "max_depth": 5.505501914540619, "n_estimators": 58.23271178789387}, "datetime": {"datetime": "2021-09-21 16:26:44", "elapsed": 498.085661, "delta": 3.198418}}
{"target": -2.391671639994571, "params": {"eta": 0.16845305476256023, "max_depth": 6.123381243292877, "n_estimators": 59.60626944747882}, "datetime": {"datetime": "2021-09-21 16:26:46", "elapsed": 500.257769, "delta": 2.172108}}
{"target": -2.708305263519287, "params": {"eta": 0.3395392879176599, "max_depth": 3.237139637633277, "n_estimators": 68.28343009796608}, "datetime": {"datetime": "2021-09-21 16:26:49", "elapsed": 503.644154, "delta": 3.386385}}
{"target": -2.8231263047770447, "params": {"eta": 0.17547644094762915, "max_depth": 2.293580703738489, "n_estimators": 60.99043903171483}, "datetime": {"datetime": "2021-09-21 16:26:51", "elapsed": 505.398051, "delta": 1.753897}}
{"target": -2.84380821867993, "params": {"eta": 0.31908572213230346, "max_depth": 1.2641012188770968, "n_estimators": 74.75635813936562}, "datetime": {"datetime": "2021-09-21 16:26:53", "elapsed": 507.407128, "delta": 2.009077}}
{"target": -2.316352355480194, "params": {"eta": 0.194379169935188, "max_depth": 5.135856774636241, "n_estimators": 76.48072095912799}, "datetime": {"datetime": "2021-09-21 16:26:57", "elapsed": 511.455198, "delta": 4.04807}}
{"target": -2.4765464243135953, "params": {"eta": 0.22851654335664084, "max_depth": 5.1753852633690105, "n_estimators": 76.56279544880074}, "datetime": {"datetime": "2021-09-21 16:27:02", "elapsed": 515.996731, "delta": 4.541533}}
{"target": -2.4403556378264177, "params": {"eta": 0.23255006105394432, "max_depth": 4.739491314269914, "n_estimators": 61.52460306583092}, "datetime": {"datetime": "2021-09-21 16:27:05", "elapsed": 519.660844, "delta": 3.664113}}
{"target": -3.0717019946951614, "params": {"eta": 0.1814028655307473, "max_depth": 1.5558257950798469, "n_estimators": 52.834476558690625}, "datetime": {"datetime": "2021-09-21 16:27:07", "elapsed": 521.172828, "delta": 1.511984}}
{"target": -2.3295649986518057, "params": {"eta": 0.1382170815086583, "max_depth": 5.0889578866239775, "n_estimators": 76.86749128057869}, "datetime": {"datetime": "2021-09-21 16:27:10", "elapsed": 524.24918, "delta": 3.076352}}
{"target": -2.3203572837929975, "params": {"eta": 0.18467432683110507, "max_depth": 5.166370564314214, "n_estimators": 76.96950505306184}, "datetime": {"datetime": "2021-09-21 16:27:13", "elapsed": 527.632087, "delta": 3.382907}}
{"target": -2.4190193151172834, "params": {"eta": 0.16357173722990453, "max_depth": 5.264473041721374, "n_estimators": 76.91728858320641}, "datetime": {"datetime": "2021-09-21 16:27:16", "elapsed": 530.56488, "delta": 2.932793}}
{"target": -2.366402038774992, "params": {"eta": 0.2183124509304709, "max_depth": 3.1826617930529433, "n_estimators": 77.53682843830148}, "datetime": {"datetime": "2021-09-21 16:27:18", "elapsed": 532.139466, "delta": 1.574586}}
{"target": -2.3565023610466405, "params": {"eta": 0.16963285728662353, "max_depth": 5.560024242888862, "n_estimators": 58.30032228279188}, "datetime": {"datetime": "2021-09-21 16:27:21", "elapsed": 535.677417, "delta": 3.537951}}
{"target": -2.3995882379381284, "params": {"eta": 0.10147707168332984, "max_depth": 5.106728310606788, "n_estimators": 76.55828270148804}, "datetime": {"datetime": "2021-09-21 16:27:26", "elapsed": 539.768213, "delta": 4.090796}}
{"target": -2.4581610554143003, "params": {"eta": 0.15512999369368397, "max_depth": 4.803215859393684, "n_estimators": 61.636183807520126}, "datetime": {"datetime": "2021-09-21 16:27:29", "elapsed": 543.260236, "delta": 3.492023}}
{"target": -2.697189111458628, "params": {"eta": 0.33942810403136203, "max_depth": 2.722015138260474, "n_estimators": 67.64357365637221}, "datetime": {"datetime": "2021-09-21 16:27:31", "elapsed": 544.833831, "delta": 1.573595}}
{"target": -2.7370568633079526, "params": {"eta": 0.4678831158828147, "max_depth": 2.6122049427687872, "n_estimators": 41.3932714801978}, "datetime": {"datetime": "2021-09-21 16:27:32", "elapsed": 546.36586, "delta": 1.532029}}
{"target": -2.396266914668836, "params": {"eta": 0.23938919447203333, "max_depth": 5.707962693394778, "n_estimators": 53.512465010274994}, "datetime": {"datetime": "2021-09-21 16:27:34", "elapsed": 548.200541, "delta": 1.834681}}
{"target": -2.3876180924867327, "params": {"eta": 0.19967985255348936, "max_depth": 5.220779524022076, "n_estimators": 76.4285239672825}, "datetime": {"datetime": "2021-09-21 16:27:37", "elapsed": 551.195694, "delta": 2.995153}}
{"target": -2.413048360222264, "params": {"eta": 0.1344858215138895, "max_depth": 5.484686223191381, "n_estimators": 53.072732574924856}, "datetime": {"datetime": "2021-09-21 16:27:40", "elapsed": 554.518156, "delta": 3.322462}}
{"target": -3.074991616449858, "params": {"eta": 0.05410901610151292, "max_depth": 2.383356329997066, "n_estimators": 68.8049385275747}, "datetime": {"datetime": "2021-09-21 16:27:42", "elapsed": 556.194925, "delta": 1.676769}}
{"target": -2.3720481834913554, "params": {"eta": 0.20103628827898273, "max_depth": 5.965481043443162, "n_estimators": 76.69851091906945}, "datetime": {"datetime": "2021-09-21 16:27:45", "elapsed": 559.630501, "delta": 3.435576}}
{"target": -2.2670607441350032, "params": {"eta": 0.1228017938986484, "max_depth": 5.969034714420962, "n_estimators": 76.62061515680315}, "datetime": {"datetime": "2021-09-21 16:27:49", "elapsed": 563.201033, "delta": 3.570532}}
{"target": -2.5002258708602505, "params": {"eta": 0.22619706349044827, "max_depth": 5.08439824963861, "n_estimators": 76.87323404408215}, "datetime": {"datetime": "2021-09-21 16:27:52", "elapsed": 566.143253, "delta": 2.94222}}
{"target": -2.4424693019766557, "params": {"eta": 0.43498614242418787, "max_depth": 3.5475891505115915, "n_estimators": 58.82147736274264}, "datetime": {"datetime": "2021-09-21 16:27:54", "elapsed": 567.872808, "delta": 1.729555}}
{"target": -2.4125960776680393, "params": {"eta": 0.1457807882910127, "max_depth": 3.2233377925873663, "n_estimators": 68.3308076951061}, "datetime": {"datetime": "2021-09-21 16:27:57", "elapsed": 571.752505, "delta": 3.879697}}
{"target": -2.364481868241963, "params": {"eta": 0.237292842063966, "max_depth": 5.147779937264936, "n_estimators": 61.42484935183024}, "datetime": {"datetime": "2021-09-21 16:28:02", "elapsed": 576.072745, "delta": 4.32024}}
{"target": -2.3600335183896517, "params": {"eta": 0.09959482586293306, "max_depth": 5.943829800583031, "n_estimators": 76.67811706435175}, "datetime": {"datetime": "2021-09-21 16:28:06", "elapsed": 580.127112, "delta": 4.054367}}
{"target": -2.3925521762747515, "params": {"eta": 0.08496600139203644, "max_depth": 6.04818292583503, "n_estimators": 76.54115384309398}, "datetime": {"datetime": "2021-09-21 16:28:10", "elapsed": 584.132414, "delta": 4.005302}}
{"target": -2.3587697662805254, "params": {"eta": 0.27629861960346863, "max_depth": 5.2975126376147825, "n_estimators": 76.64518732095377}, "datetime": {"datetime": "2021-09-21 16:28:14", "elapsed": 587.980962, "delta": 3.848548}}
{"target": -2.5315678696883346, "params": {"eta": 0.22885908628984653, "max_depth": 5.068951372257743, "n_estimators": 76.43817411142194}, "datetime": {"datetime": "2021-09-21 16:28:17", "elapsed": 591.061055, "delta": 3.080093}}
{"target": -2.429899938482987, "params": {"eta": 0.18132618065061373, "max_depth": 5.98402089810345, "n_estimators": 76.56740986507313}, "datetime": {"datetime": "2021-09-21 16:28:21", "elapsed": 595.00106, "delta": 3.940005}}
{"target": -2.3297345644549323, "params": {"eta": 0.36570678985854566, "max_depth": 4.3083213524417365, "n_estimators": 60.145284432493696}, "datetime": {"datetime": "2021-09-21 16:28:22", "elapsed": 596.749477, "delta": 1.748417}}
{"target": -2.413983614821183, "params": {"eta": 0.0825200029957176, "max_depth": 5.906697502615937, "n_estimators": 76.56041314373462}, "datetime": {"datetime": "2021-09-21 16:28:26", "elapsed": 600.253326, "delta": 3.503849}}
{"target": -2.342466951043982, "params": {"eta": 0.1553036689423556, "max_depth": 5.978970299909412, "n_estimators": 76.6587320878749}, "datetime": {"datetime": "2021-09-21 16:28:30", "elapsed": 604.298858, "delta": 4.045532}}
{"target": -2.335690234209362, "params": {"eta": 0.2022658524454929, "max_depth": 3.2291435614759068, "n_estimators": 68.26821351830166}, "datetime": {"datetime": "2021-09-21 16:28:34", "elapsed": 608.101865, "delta": 3.803007}}
{"target": -2.352109242113013, "params": {"eta": 0.11846197884254993, "max_depth": 5.488994615046412, "n_estimators": 52.84501037702043}, "datetime": {"datetime": "2021-09-21 16:28:37", "elapsed": 611.353888, "delta": 3.252023}}
{"target": -2.5065879012409007, "params": {"eta": 0.43347497859714457, "max_depth": 4.871709531560212, "n_estimators": 53.8525864047314}, "datetime": {"datetime": "2021-09-21 16:28:39", "elapsed": 613.129828, "delta": 1.77594}}
{"target": -2.339443268901423, "params": {"eta": 0.11501501601929241, "max_depth": 5.118410524807826, "n_estimators": 76.91535680313007}, "datetime": {"datetime": "2021-09-21 16:28:43", "elapsed": 617.089124, "delta": 3.959296}}
{"target": -2.4639695932990624, "params": {"eta": 0.20829559310403745, "max_depth": 5.2101693594750005, "n_estimators": 77.04799232748763}, "datetime": {"datetime": "2021-09-21 16:28:49", "elapsed": 623.24646, "delta": 6.157336}}
{"target": -2.3426270321795815, "params": {"eta": 0.1272468170119053, "max_depth": 6.989606650887076, "n_estimators": 54.70404865620861}, "datetime": {"datetime": "2021-09-21 16:28:51", "elapsed": 625.714617, "delta": 2.468157}}
{"target": -2.366445683178149, "params": {"eta": 0.18852918976828653, "max_depth": 5.076963741269429, "n_estimators": 76.99281805040023}, "datetime": {"datetime": "2021-09-21 16:28:56", "elapsed": 629.990541, "delta": 4.275924}}
{"target": -2.3381699235815754, "params": {"eta": 0.3953184200706038, "max_depth": 4.235533252322595, "n_estimators": 66.63657150075117}, "datetime": {"datetime": "2021-09-21 16:29:02", "elapsed": 636.444568, "delta": 6.454027}}
{"target": -2.3068005172829884, "params": {"eta": 0.14539596000601424, "max_depth": 5.871093339266031, "n_estimators": 76.65260193938414}, "datetime": {"datetime": "2021-09-21 16:29:08", "elapsed": 642.227934, "delta": 5.783366}}
{"target": -2.438684057561975, "params": {"eta": 0.06882638459763797, "max_depth": 6.041656688011836, "n_estimators": 76.6462804211678}, "datetime": {"datetime": "2021-09-21 16:29:13", "elapsed": 647.10004, "delta": 4.872106}}
{"target": -2.3389162082421153, "params": {"eta": 0.14480969269970356, "max_depth": 5.623984249552715, "n_estimators": 63.23476652065896}, "datetime": {"datetime": "2021-09-21 16:29:15", "elapsed": 649.429664, "delta": 2.329624}}
{"target": -2.5122714105405306, "params": {"eta": 0.4551445647732743, "max_depth": 3.2611403387728934, "n_estimators": 68.3595825862}, "datetime": {"datetime": "2021-09-21 16:29:19", "elapsed": 653.323544, "delta": 3.89388}}
{"target": -2.6724324025605855, "params": {"eta": 0.4878757185219102, "max_depth": 3.868069468598714, "n_estimators": 43.41207352608177}, "datetime": {"datetime": "2021-09-21 16:29:21", "elapsed": 655.414796, "delta": 2.091252}}
{"target": -2.3395708529572734, "params": {"eta": 0.4196710683720173, "max_depth": 4.324602317387095, "n_estimators": 60.08935177899268}, "datetime": {"datetime": "2021-09-21 16:29:26", "elapsed": 659.93067, "delta": 4.515874}}
{"target": -2.406526051696978, "params": {"eta": 0.11521410620893638, "max_depth": 4.812223182685672, "n_estimators": 61.541702371626144}, "datetime": {"datetime": "2021-09-21 16:29:31", "elapsed": 665.399531, "delta": 5.468861}}
{"target": -2.417238926260095, "params": {"eta": 0.20181656379350932, "max_depth": 5.993463088166963, "n_estimators": 76.79373070150032}, "datetime": {"datetime": "2021-09-21 16:29:35", "elapsed": 669.051675, "delta": 3.652144}}
{"target": -2.35334308021947, "params": {"eta": 0.20331536749862023, "max_depth": 5.826541816085873, "n_estimators": 76.61061015106964}, "datetime": {"datetime": "2021-09-21 16:29:39", "elapsed": 673.627458, "delta": 4.575783}}
{"target": -2.428360368076124, "params": {"eta": 0.3950548570821218, "max_depth": 4.305562290591908, "n_estimators": 60.02115991670215}, "datetime": {"datetime": "2021-09-21 16:29:43", "elapsed": 677.311236, "delta": 3.683778}}
{"target": -2.3593795537948608, "params": {"eta": 0.17634645151275197, "max_depth": 5.571732545520666, "n_estimators": 53.06197571011056}, "datetime": {"datetime": "2021-09-21 16:29:49", "elapsed": 682.936622, "delta": 5.625386}}
{"target": -2.5342453034300556, "params": {"eta": 0.4720432813593703, "max_depth": 4.378797661382569, "n_estimators": 60.112755071238624}, "datetime": {"datetime": "2021-09-21 16:29:54", "elapsed": 688.411449, "delta": 5.474827}}
{"target": -2.4693004194058865, "params": {"eta": 0.35296550135887245, "max_depth": 4.196308133342733, "n_estimators": 66.67447341914206}, "datetime": {"datetime": "2021-09-21 16:29:58", "elapsed": 692.669132, "delta": 4.257683}}
{"target": -2.467629448991073, "params": {"eta": 0.24580038571261503, "max_depth": 3.1446573677993133, "n_estimators": 68.29675558426183}, "datetime": {"datetime": "2021-09-21 16:30:03", "elapsed": 697.054544, "delta": 4.385412}}
{"target": -2.849692323960756, "params": {"eta": 0.3281993529023378, "max_depth": 1.1587793593951665, "n_estimators": 68.48097512992368}, "datetime": {"datetime": "2021-09-21 16:30:05", "elapsed": 699.019567, "delta": 1.965023}}
{"target": -2.4530683498633534, "params": {"eta": 0.17077114383752018, "max_depth": 6.007388178220564, "n_estimators": 51.66525996249365}, "datetime": {"datetime": "2021-09-21 16:30:07", "elapsed": 701.239371, "delta": 2.219804}}
{"target": -2.371390203425759, "params": {"eta": 0.12621171509802412, "max_depth": 5.140809662832156, "n_estimators": 77.05544690456227}, "datetime": {"datetime": "2021-09-21 16:30:13", "elapsed": 706.770043, "delta": 5.530672}}
{"target": -2.4372331587891827, "params": {"eta": 0.2543016620544434, "max_depth": 5.420646335721918, "n_estimators": 76.69878275314026}, "datetime": {"datetime": "2021-09-21 16:30:17", "elapsed": 710.892731, "delta": 4.122688}}
{"target": -2.310995249999197, "params": {"eta": 0.16785393111756464, "max_depth": 6.206503024668491, "n_estimators": 76.48665580126345}, "datetime": {"datetime": "2021-09-21 16:30:20", "elapsed": 714.335032, "delta": 3.442301}}
{"target": -2.742466545732398, "params": {"eta": 0.21600349741507457, "max_depth": 2.811190209166255, "n_estimators": 69.6167479288614}, "datetime": {"datetime": "2021-09-21 16:30:23", "elapsed": 717.091168, "delta": 2.756136}}
{"target": -2.3901818407209294, "params": {"eta": 0.15840737666943436, "max_depth": 6.25081431146647, "n_estimators": 50.84120794782997}, "datetime": {"datetime": "2021-09-21 16:30:27", "elapsed": 720.806664, "delta": 3.715496}}
{"target": -2.3573152353889064, "params": {"eta": 0.1717305557267394, "max_depth": 5.82620492686392, "n_estimators": 76.68562865105827}, "datetime": {"datetime": "2021-09-21 16:30:35", "elapsed": 729.606116, "delta": 8.799452}}
{"target": -2.3812675865072954, "params": {"eta": 0.4163894525394459, "max_depth": 4.261563396183567, "n_estimators": 60.10154800659844}, "datetime": {"datetime": "2021-09-21 16:30:43", "elapsed": 737.460009, "delta": 7.853893}}
{"target": -2.470607830976185, "params": {"eta": 0.44707425425567177, "max_depth": 4.472157703412277, "n_estimators": 66.62809768558628}, "datetime": {"datetime": "2021-09-21 16:30:49", "elapsed": 743.56875, "delta": 6.108741}}
{"target": -2.6983269804402403, "params": {"eta": 0.06086181691303258, "max_depth": 3.7397423921062107, "n_estimators": 76.42649243216835}, "datetime": {"datetime": "2021-09-21 16:30:52", "elapsed": 746.091372, "delta": 2.522622}}
{"target": -2.4964428594237877, "params": {"eta": 0.062400360172365436, "max_depth": 5.084437854038373, "n_estimators": 76.8677305811208}, "datetime": {"datetime": "2021-09-21 16:30:57", "elapsed": 750.858717, "delta": 4.767345}}
{"target": -2.414299238982953, "params": {"eta": 0.21534237562501057, "max_depth": 5.5584470727077955, "n_estimators": 53.18047248083959}, "datetime": {"datetime": "2021-09-21 16:31:04", "elapsed": 758.043149, "delta": 7.184432}}
{"target": -2.386007497185155, "params": {"eta": 0.13975205750923125, "max_depth": 5.650330158017245, "n_estimators": 53.0887742890668}, "datetime": {"datetime": "2021-09-21 16:31:10", "elapsed": 764.448923, "delta": 6.405774}}
