{"target": -10.288649165168565, "params": {"eta": 0.16945530793792485, "max_depth": 7.443684208695007, "n_estimators": 105.38890116935295}, "datetime": {"datetime": "2021-09-27 19:45:06", "elapsed": 709.707236, "delta": 2.964068}}
{"target": -10.927198957439236, "params": {"eta": 0.27608166558390485, "max_depth": 22.295063686413783, "n_estimators": 151.7867110779433}, "datetime": {"datetime": "2021-09-27 19:45:08", "elapsed": 711.785501, "delta": 2.078265}}
{"target": -10.693127727394304, "params": {"eta": 0.16263217278143594, "max_depth": 33.72403191952483, "n_estimators": 156.2510557435701}, "datetime": {"datetime": "2021-09-27 19:45:11", "elapsed": 714.379227, "delta": 2.593726}}
{"target": -10.593071322787019, "params": {"eta": 0.19718848523944654, "max_depth": 17.79327662634799, "n_estimators": 119.1808597108934}, "datetime": {"datetime": "2021-09-27 19:45:13", "elapsed": 716.778226, "delta": 2.398999}}
{"target": -10.221896456169697, "params": {"eta": 0.12876957606579081, "max_depth": 28.276747960668505, "n_estimators": 119.63724678197569}, "datetime": {"datetime": "2021-09-27 19:45:16", "elapsed": 719.994789, "delta": 3.216563}}
{"target": -11.026851744431939, "params": {"eta": 0.052097468884626644, "max_depth": 17.516723155880324, "n_estimators": 191.182853451977}, "datetime": {"datetime": "2021-09-27 19:45:21", "elapsed": 724.314412, "delta": 4.319623}}
{"target": -10.551413043238984, "params": {"eta": 0.11848215660003618, "max_depth": 31.615469294980905, "n_estimators": 148.31935173943154}, "datetime": {"datetime": "2021-09-27 19:45:23", "elapsed": 726.872712, "delta": 2.5583}}
{"target": -10.760182304349257, "params": {"eta": 0.1952131892851512, "max_depth": 8.673532599401845, "n_estimators": 165.23668124366117}, "datetime": {"datetime": "2021-09-27 19:45:26", "elapsed": 729.227117, "delta": 2.354405}}
{"target": -10.516398849263426, "params": {"eta": 0.09492597169606691, "max_depth": 24.729094412408987, "n_estimators": 159.884491355808}, "datetime": {"datetime": "2021-09-27 19:45:30", "elapsed": 733.091855, "delta": 3.864738}}
{"target": -10.590610445170485, "params": {"eta": 0.11425911112823704, "max_depth": 6.679960524026855, "n_estimators": 152.96560555840597}, "datetime": {"datetime": "2021-09-27 19:45:33", "elapsed": 736.027671, "delta": 2.935816}}
{"target": -10.545449432574463, "params": {"eta": 0.07667332234677272, "max_depth": 28.217414325709022, "n_estimators": 119.81705582843541}, "datetime": {"datetime": "2021-09-27 19:45:36", "elapsed": 739.958457, "delta": 3.930786}}
{"target": -10.54188795506893, "params": {"eta": 0.16698478098747838, "max_depth": 6.957945875115793, "n_estimators": 153.70532989911828}, "datetime": {"datetime": "2021-09-27 19:45:39", "elapsed": 742.870801, "delta": 2.912344}}
{"target": -10.913917992388237, "params": {"eta": 0.29590549458434556, "max_depth": 22.13853365413297, "n_estimators": 137.39856428748837}, "datetime": {"datetime": "2021-09-27 19:45:41", "elapsed": 744.993455, "delta": 2.122654}}
{"target": -11.097694499578733, "params": {"eta": 0.15730784094094208, "max_depth": 17.6655009900386, "n_estimators": 191.1923464858059}, "datetime": {"datetime": "2021-09-27 19:45:45", "elapsed": 748.903277, "delta": 3.909822}}
{"target": -11.483073594702265, "params": {"eta": 0.22249345537352033, "max_depth": 16.160386647093148, "n_estimators": 103.48506735241564}, "datetime": {"datetime": "2021-09-27 19:45:48", "elapsed": 751.390552, "delta": 2.487275}}
{"target": -10.344965642935396, "params": {"eta": 0.11252860519961723, "max_depth": 6.806600859898831, "n_estimators": 152.92140750599646}, "datetime": {"datetime": "2021-09-27 19:45:51", "elapsed": 754.240295, "delta": 2.849743}}
{"target": -10.69418533339921, "params": {"eta": 0.1218469789086472, "max_depth": 19.998339869877842, "n_estimators": 107.27909721027929}, "datetime": {"datetime": "2021-09-27 19:45:54", "elapsed": 757.31246, "delta": 3.072165}}
{"target": -10.713927191490171, "params": {"eta": 0.14508728431458828, "max_depth": 9.259761925823994, "n_estimators": 102.00722169687752}, "datetime": {"datetime": "2021-09-27 19:45:56", "elapsed": 759.45767, "delta": 2.14521}}
{"target": -10.581575965208483, "params": {"eta": 0.06428039563112649, "max_depth": 27.003732131229, "n_estimators": 143.09934907532164}, "datetime": {"datetime": "2021-09-27 19:46:01", "elapsed": 764.247774, "delta": 4.790104}}
{"target": -11.177195335598231, "params": {"eta": 0.23718721489890116, "max_depth": 18.88869299226189, "n_estimators": 190.75460548680218}, "datetime": {"datetime": "2021-09-27 19:46:03", "elapsed": 766.712105, "delta": 2.464331}}
{"target": -10.257148812196549, "params": {"eta": 0.14803866943604277, "max_depth": 8.76536291781308, "n_estimators": 111.44446612588975}, "datetime": {"datetime": "2021-09-27 19:46:06", "elapsed": 769.633821, "delta": 2.921716}}
{"target": -10.957066025137586, "params": {"eta": 0.21233648655779686, "max_depth": 8.853730946820328, "n_estimators": 111.4329171914148}, "datetime": {"datetime": "2021-09-27 19:46:09", "elapsed": 772.858569, "delta": 3.224748}}
{"target": -10.898814750361973, "params": {"eta": 0.28110704115425345, "max_depth": 4.098868213583773, "n_estimators": 164.5282046834197}, "datetime": {"datetime": "2021-09-27 19:46:13", "elapsed": 776.134243, "delta": 3.275674}}
{"target": -11.206135243513234, "params": {"eta": 0.2671470780964051, "max_depth": 33.60449890852001, "n_estimators": 138.3153323230556}, "datetime": {"datetime": "2021-09-27 19:46:16", "elapsed": 779.494222, "delta": 3.359979}}
{"target": -11.586300268637569, "params": {"eta": 0.27326252963380737, "max_depth": 8.439481064625351, "n_estimators": 113.95623336038521}, "datetime": {"datetime": "2021-09-27 19:46:19", "elapsed": 782.878164, "delta": 3.383942}}
{"target": -10.854074804731715, "params": {"eta": 0.14094887929658773, "max_depth": 30.855823263564062, "n_estimators": 180.8584967586355}, "datetime": {"datetime": "2021-09-27 19:46:23", "elapsed": 786.097733, "delta": 3.219569}}
{"target": -10.988586444125085, "params": {"eta": 0.2726339930781557, "max_depth": 4.215182126618936, "n_estimators": 164.3824486818175}, "datetime": {"datetime": "2021-09-27 19:46:26", "elapsed": 789.364054, "delta": 3.266321}}
{"target": -11.375053639275471, "params": {"eta": 0.28705368865995984, "max_depth": 31.541539031147316, "n_estimators": 110.7949693093421}, "datetime": {"datetime": "2021-09-27 19:46:28", "elapsed": 791.439059, "delta": 2.075005}}
{"target": -11.074297406312436, "params": {"eta": 0.21542415237392998, "max_depth": 32.52024072394161, "n_estimators": 193.20305349238174}, "datetime": {"datetime": "2021-09-27 19:46:31", "elapsed": 794.032614, "delta": 2.593555}}
{"target": -10.786419516486093, "params": {"eta": 0.10658406926119311, "max_depth": 17.558073826833894, "n_estimators": 191.0155635281277}, "datetime": {"datetime": "2021-09-27 19:46:35", "elapsed": 798.037014, "delta": 4.0044}}
{"target": -10.833683925239676, "params": {"eta": 0.28458397259283175, "max_depth": 24.291996263052663, "n_estimators": 140.77056446978304}, "datetime": {"datetime": "2021-09-27 19:46:38", "elapsed": 801.808511, "delta": 3.771497}}
{"target": -10.53004392526613, "params": {"eta": 0.12570228948855722, "max_depth": 32.18388190436555, "n_estimators": 156.40998910936827}, "datetime": {"datetime": "2021-09-27 19:46:43", "elapsed": 806.762006, "delta": 4.953495}}
{"target": -11.528450866478588, "params": {"eta": 0.21630462269833373, "max_depth": 10.241176512483205, "n_estimators": 114.83357163296964}, "datetime": {"datetime": "2021-09-27 19:46:46", "elapsed": 809.774855, "delta": 3.012849}}
{"target": -10.296676772458637, "params": {"eta": 0.19516638862308505, "max_depth": 20.554087551450486, "n_estimators": 183.47919408573057}, "datetime": {"datetime": "2021-09-27 19:46:50", "elapsed": 812.999379, "delta": 3.224524}}
{"target": -10.64847817308341, "params": {"eta": 0.06697750766984513, "max_depth": 4.244221287215144, "n_estimators": 164.4441606065314}, "datetime": {"datetime": "2021-09-27 19:46:53", "elapsed": 816.785997, "delta": 3.786618}}
{"target": -10.4185036613759, "params": {"eta": 0.06858188385838561, "max_depth": 7.427506272305542, "n_estimators": 105.41044878926317}, "datetime": {"datetime": "2021-09-27 19:46:58", "elapsed": 821.891638, "delta": 5.105641}}
{"target": -11.084303846921888, "params": {"eta": 0.2160112952381053, "max_depth": 21.241400750525933, "n_estimators": 184.11974392325186}, "datetime": {"datetime": "2021-09-27 19:47:02", "elapsed": 825.117291, "delta": 3.225653}}
{"target": -10.981120763876682, "params": {"eta": 0.290887458174088, "max_depth": 28.554017167815434, "n_estimators": 102.66733263029914}, "datetime": {"datetime": "2021-09-27 19:47:05", "elapsed": 828.500063, "delta": 3.382772}}
{"target": -10.547582891928823, "params": {"eta": 0.17737879192477873, "max_depth": 8.296744698445965, "n_estimators": 175.12174881395043}, "datetime": {"datetime": "2021-09-27 19:47:09", "elapsed": 832.062601, "delta": 3.562538}}
{"target": -10.88916322391779, "params": {"eta": 0.20584459207805877, "max_depth": 3.495256480372316, "n_estimators": 148.72737768219778}, "datetime": {"datetime": "2021-09-27 19:47:11", "elapsed": 834.224704, "delta": 2.162103}}
{"target": -10.570261568357468, "params": {"eta": 0.1245998984172222, "max_depth": 7.501077369567426, "n_estimators": 105.31946080522461}, "datetime": {"datetime": "2021-09-27 19:47:14", "elapsed": 837.551472, "delta": 3.326768}}
{"target": -11.206926171561706, "params": {"eta": 0.22225776055367935, "max_depth": 22.332438890361082, "n_estimators": 113.39316075301974}, "datetime": {"datetime": "2021-09-27 19:47:17", "elapsed": 840.288698, "delta": 2.737226}}
{"target": -10.628054505670008, "params": {"eta": 0.19175488074350822, "max_depth": 4.789469531003816, "n_estimators": 152.8533468997446}, "datetime": {"datetime": "2021-09-27 19:47:19", "elapsed": 842.75686, "delta": 2.468162}}
{"target": -10.822328822107659, "params": {"eta": 0.05297062544648155, "max_depth": 26.726739456322406, "n_estimators": 187.30422404381395}, "datetime": {"datetime": "2021-09-27 19:47:24", "elapsed": 847.226767, "delta": 4.469907}}
{"target": -10.609266814191393, "params": {"eta": 0.07750150681844205, "max_depth": 23.073748698706165, "n_estimators": 156.63127835101676}, "datetime": {"datetime": "2021-09-27 19:47:28", "elapsed": 851.478883, "delta": 4.252116}}
{"target": -10.7252008751892, "params": {"eta": 0.19665023509832857, "max_depth": 30.84699530581951, "n_estimators": 145.8220732175198}, "datetime": {"datetime": "2021-09-27 19:47:31", "elapsed": 854.442947, "delta": 2.964064}}
{"target": -11.21941632291942, "params": {"eta": 0.2993845025193916, "max_depth": 19.990520417412714, "n_estimators": 127.36918069281957}, "datetime": {"datetime": "2021-09-27 19:47:34", "elapsed": 857.335097, "delta": 2.89215}}
{"target": -11.322357553950912, "params": {"eta": 0.26269085545897647, "max_depth": 17.84599885773219, "n_estimators": 191.130619994573}, "datetime": {"datetime": "2021-09-27 19:47:38", "elapsed": 861.698264, "delta": 4.363167}}
{"target": -10.80506436058534, "params": {"eta": 0.29799465481397247, "max_depth": 4.516804910531288, "n_estimators": 193.07259897873772}, "datetime": {"datetime": "2021-09-27 19:47:41", "elapsed": 864.745215, "delta": 3.046951}}
{"target": -10.921032191046898, "params": {"eta": 0.10202430229644667, "max_depth": 21.795437922345023, "n_estimators": 131.00954876398887}, "datetime": {"datetime": "2021-09-27 19:47:46", "elapsed": 869.567311, "delta": 4.822096}}
{"target": -10.306650306389926, "params": {"eta": 0.17555352216459758, "max_depth": 24.4382091406667, "n_estimators": 126.69761441976587}, "datetime": {"datetime": "2021-09-27 19:47:50", "elapsed": 873.657297, "delta": 4.089986}}
{"target": -10.943478626814377, "params": {"eta": 0.2917577422051024, "max_depth": 4.495542874257861, "n_estimators": 193.04041288998323}, "datetime": {"datetime": "2021-09-27 19:47:53", "elapsed": 876.471306, "delta": 2.814009}}
{"target": -10.586512905061166, "params": {"eta": 0.11282263711920663, "max_depth": 29.104587349529872, "n_estimators": 152.53930665255558}, "datetime": {"datetime": "2021-09-27 19:47:56", "elapsed": 879.940506, "delta": 3.4692}}
{"target": -10.235755355626196, "params": {"eta": 0.10392908323169221, "max_depth": 33.70915651877117, "n_estimators": 138.3200038547735}, "datetime": {"datetime": "2021-09-27 19:48:02", "elapsed": 885.180247, "delta": 5.239741}}
{"target": -10.766497276487323, "params": {"eta": 0.18402501008877248, "max_depth": 11.78942300989754, "n_estimators": 171.9564140663218}, "datetime": {"datetime": "2021-09-27 19:48:07", "elapsed": 890.077438, "delta": 4.897191}}
{"target": -10.47679599231847, "params": {"eta": 0.09393697817215062, "max_depth": 26.868607604600125, "n_estimators": 142.91708144366729}, "datetime": {"datetime": "2021-09-27 19:48:10", "elapsed": 893.955688, "delta": 3.87825}}
{"target": -11.118772171693132, "params": {"eta": 0.1809050041162681, "max_depth": 11.803358815091475, "n_estimators": 123.58257750590634}, "datetime": {"datetime": "2021-09-27 19:48:14", "elapsed": 897.351615, "delta": 3.395927}}
{"target": -11.055020317015025, "params": {"eta": 0.1838515870329963, "max_depth": 26.85203740940891, "n_estimators": 142.8454784810092}, "datetime": {"datetime": "2021-09-27 19:48:18", "elapsed": 901.712374, "delta": 4.360759}}
{"target": -11.185266223851364, "params": {"eta": 0.16232106134691737, "max_depth": 26.266656733138873, "n_estimators": 188.35470268832745}, "datetime": {"datetime": "2021-09-27 19:48:22", "elapsed": 905.511487, "delta": 3.799113}}
{"target": -10.058887696732501, "params": {"eta": 0.08011451694692938, "max_depth": 9.264988615429585, "n_estimators": 120.62118254446382}, "datetime": {"datetime": "2021-09-27 19:48:25", "elapsed": 908.601007, "delta": 3.08952}}
{"target": -11.048308678016639, "params": {"eta": 0.2885325672132293, "max_depth": 27.895416321038002, "n_estimators": 114.23929788027809}, "datetime": {"datetime": "2021-09-27 19:48:29", "elapsed": 912.710479, "delta": 4.109472}}
{"target": -10.57491086885433, "params": {"eta": 0.1626582654632504, "max_depth": 9.94113090764501, "n_estimators": 127.60588428033792}, "datetime": {"datetime": "2021-09-27 19:48:34", "elapsed": 917.893324, "delta": 5.182845}}
{"target": -11.00351740230459, "params": {"eta": 0.29834075672188054, "max_depth": 23.865942841481843, "n_estimators": 119.405389129284}, "datetime": {"datetime": "2021-09-27 19:48:38", "elapsed": 921.253024, "delta": 3.3597}}
{"target": -11.258380088376219, "params": {"eta": 0.2282496793246645, "max_depth": 24.775960436476204, "n_estimators": 160.03735086360564}, "datetime": {"datetime": "2021-09-27 19:48:43", "elapsed": 926.143308, "delta": 4.890284}}
{"target": -11.30285845285273, "params": {"eta": 0.23854476938058206, "max_depth": 9.490052664954199, "n_estimators": 149.07257084791297}, "datetime": {"datetime": "2021-09-27 19:48:47", "elapsed": 930.273061, "delta": 4.129753}}
{"target": -10.65254402284907, "params": {"eta": 0.10688471663736775, "max_depth": 9.222751269029219, "n_estimators": 120.54901945296405}, "datetime": {"datetime": "2021-09-27 19:48:51", "elapsed": 934.467921, "delta": 4.19486}}
{"target": -10.540785481667198, "params": {"eta": 0.05618035277023635, "max_depth": 8.74767269847596, "n_estimators": 111.39397451575208}, "datetime": {"datetime": "2021-09-27 19:48:56", "elapsed": 939.281999, "delta": 4.814078}}
{"target": -10.66473669698171, "params": {"eta": 0.28280724955726777, "max_depth": 16.294025013620384, "n_estimators": 160.9026938761506}, "datetime": {"datetime": "2021-09-27 19:48:59", "elapsed": 942.484173, "delta": 3.202174}}
{"target": -10.438683050095008, "params": {"eta": 0.08798941335287215, "max_depth": 8.50012847892069, "n_estimators": 113.87341037158754}, "datetime": {"datetime": "2021-09-27 19:49:03", "elapsed": 946.40099, "delta": 3.916817}}
{"target": -15.423930518292892, "params": {"eta": 0.059743382811203075, "max_depth": 1.9539327548414558, "n_estimators": 114.03577498206785}, "datetime": {"datetime": "2021-09-27 19:49:05", "elapsed": 948.612988, "delta": 2.211998}}
{"target": -10.465495831716288, "params": {"eta": 0.057808719102134795, "max_depth": 6.854254427337586, "n_estimators": 153.66318663271338}, "datetime": {"datetime": "2021-09-27 19:49:09", "elapsed": 952.866296, "delta": 4.253308}}
{"target": -10.73716446558068, "params": {"eta": 0.05, "max_depth": 31.3011032438438, "n_estimators": 196.40454328722112}, "datetime": {"datetime": "2021-09-27 19:49:18", "elapsed": 961.018869, "delta": 8.152573}}
{"target": -10.629954333353234, "params": {"eta": 0.087717498334475, "max_depth": 27.974015846242427, "n_estimators": 111.03899116249552}, "datetime": {"datetime": "2021-09-27 19:49:22", "elapsed": 965.435012, "delta": 4.416143}}
{"target": -10.32848932499522, "params": {"eta": 0.1082960931561401, "max_depth": 4.129585223370928, "n_estimators": 164.60443661576267}, "datetime": {"datetime": "2021-09-27 19:49:27", "elapsed": 970.045154, "delta": 4.610142}}
{"target": -10.660096769216501, "params": {"eta": 0.07172279846729272, "max_depth": 11.108741550123204, "n_estimators": 143.12978444886255}, "datetime": {"datetime": "2021-09-27 19:49:31", "elapsed": 974.87875, "delta": 4.833596}}
{"target": -10.751834534720606, "params": {"eta": 0.063194006560738, "max_depth": 7.788108658506575, "n_estimators": 160.7841702824484}, "datetime": {"datetime": "2021-09-27 19:49:35", "elapsed": 978.340884, "delta": 3.462134}}
{"target": -11.550466067468609, "params": {"eta": 0.21703419254170003, "max_depth": 8.668031119031962, "n_estimators": 111.4327271259866}, "datetime": {"datetime": "2021-09-27 19:49:41", "elapsed": 984.123661, "delta": 5.782777}}
{"target": -11.04072418830273, "params": {"eta": 0.1155443802284342, "max_depth": 5.246597026029972, "n_estimators": 119.09287058219164}, "datetime": {"datetime": "2021-09-27 19:49:45", "elapsed": 988.554205, "delta": 4.430544}}
{"target": -10.577143281458158, "params": {"eta": 0.05236912533169745, "max_depth": 7.133185648016461, "n_estimators": 153.71618573356778}, "datetime": {"datetime": "2021-09-27 19:49:52", "elapsed": 995.209864, "delta": 6.655659}}
{"target": -11.200100938564157, "params": {"eta": 0.2950159026356425, "max_depth": 9.907437827277587, "n_estimators": 127.66988265559496}, "datetime": {"datetime": "2021-09-27 19:49:57", "elapsed": 1000.547322, "delta": 5.337458}}
{"target": -10.857602443994532, "params": {"eta": 0.1163305871131788, "max_depth": 24.502736242957432, "n_estimators": 126.78843877896315}, "datetime": {"datetime": "2021-09-27 19:50:03", "elapsed": 1006.297955, "delta": 5.750633}}
{"target": -10.66130776605238, "params": {"eta": 0.07921462506426229, "max_depth": 34.70265840842498, "n_estimators": 172.47758708212746}, "datetime": {"datetime": "2021-09-27 19:50:10", "elapsed": 1013.895612, "delta": 7.597657}}
{"target": -11.21712654920555, "params": {"eta": 0.278649054195398, "max_depth": 12.434531620228308, "n_estimators": 116.1785643832069}, "datetime": {"datetime": "2021-09-27 19:50:14", "elapsed": 1017.856114, "delta": 3.960502}}
{"target": -10.704604616228593, "params": {"eta": 0.1958120946261228, "max_depth": 4.1349140500784936, "n_estimators": 129.08305444276624}, "datetime": {"datetime": "2021-09-27 19:50:17", "elapsed": 1020.744342, "delta": 2.888228}}
{"target": -11.206650240549783, "params": {"eta": 0.16828213619781668, "max_depth": 9.397374977469699, "n_estimators": 120.6504354447656}, "datetime": {"datetime": "2021-09-27 19:50:22", "elapsed": 1025.959956, "delta": 5.215614}}
{"target": -10.15358742090621, "params": {"eta": 0.0641482417497723, "max_depth": 6.417897007307772, "n_estimators": 161.81757564888346}, "datetime": {"datetime": "2021-09-27 19:50:28", "elapsed": 1031.069041, "delta": 5.109085}}
{"target": -10.914197729512438, "params": {"eta": 0.16917508708108553, "max_depth": 25.788174584333962, "n_estimators": 172.46858319597567}, "datetime": {"datetime": "2021-09-27 19:50:31", "elapsed": 1034.435164, "delta": 3.366123}}
{"target": -10.304128612361376, "params": {"eta": 0.15556261473724126, "max_depth": 30.924797463185886, "n_estimators": 145.71886519720218}, "datetime": {"datetime": "2021-09-27 19:50:35", "elapsed": 1038.100998, "delta": 3.665834}}
{"target": -10.429326523778492, "params": {"eta": 0.09788364601538478, "max_depth": 8.676028756716358, "n_estimators": 114.01782143675644}, "datetime": {"datetime": "2021-09-27 19:50:39", "elapsed": 1042.722504, "delta": 4.621506}}
{"target": -10.419811661802845, "params": {"eta": 0.21026673179495164, "max_depth": 6.267146785688473, "n_estimators": 161.5035883895637}, "datetime": {"datetime": "2021-09-27 19:50:43", "elapsed": 1046.139392, "delta": 3.416888}}
{"target": -10.537818453049926, "params": {"eta": 0.07275999024392364, "max_depth": 17.88620052563736, "n_estimators": 191.1729266605305}, "datetime": {"datetime": "2021-09-27 19:50:49", "elapsed": 1052.79112, "delta": 6.651728}}
{"target": -10.613105343545596, "params": {"eta": 0.060708701927021644, "max_depth": 8.537399932067158, "n_estimators": 114.10613098075339}, "datetime": {"datetime": "2021-09-27 19:50:55", "elapsed": 1058.383352, "delta": 5.592232}}
{"target": -10.617554747265666, "params": {"eta": 0.07664025480641577, "max_depth": 21.07455152182189, "n_estimators": 111.74692857855936}, "datetime": {"datetime": "2021-09-27 19:51:00", "elapsed": 1063.900764, "delta": 5.517412}}
{"target": -10.605361837219581, "params": {"eta": 0.08350421651270835, "max_depth": 12.610974240048497, "n_estimators": 112.39137984416969}, "datetime": {"datetime": "2021-09-27 19:51:04", "elapsed": 1067.058754, "delta": 3.15799}}
{"target": -10.547305469608698, "params": {"eta": 0.13244804363519758, "max_depth": 4.03407999988082, "n_estimators": 164.44963899911068}, "datetime": {"datetime": "2021-09-27 19:51:08", "elapsed": 1071.06617, "delta": 4.007416}}
