{"target": -14.889770368525857, "params": {"eta": 0.2040056959981295, "max_depth": 9.951707701754032, "n_estimators": 2.3643516008186998}, "datetime": {"datetime": "2021-09-17 09:30:37", "elapsed": 199.262514, "delta": 1.870958}}
{"target": -15.392684449020186, "params": {"eta": 0.1318035306299357, "max_depth": 2.8776167827055197, "n_estimators": 3.8452832816688636}, "datetime": {"datetime": "2021-09-17 09:30:38", "elapsed": 200.817785, "delta": 1.555271}}
{"target": -7.026355749682376, "params": {"eta": 0.2295137844351933, "max_depth": 5.490078703747573, "n_estimators": 5.207828915857439}, "datetime": {"datetime": "2021-09-17 09:30:40", "elapsed": 201.917247, "delta": 1.099462}}
{"target": -6.723476109692925, "params": {"eta": 0.7708400249171489, "max_depth": 9.926101897663484, "n_estimators": 1.0340771420855444}, "datetime": {"datetime": "2021-09-17 09:30:41", "elapsed": 203.036367, "delta": 1.11912}}
{"target": -2.8684192180633548, "params": {"eta": 0.4522351813829236, "max_depth": 4.24175644175578, "n_estimators": 7.942084325592512}, "datetime": {"datetime": "2021-09-17 09:30:42", "elapsed": 204.141204, "delta": 1.104837}}
{"target": -2.4882156836359126, "params": {"eta": 0.40844080510909964, "max_depth": 5.794421870228166, "n_estimators": 8.064520647935455}, "datetime": {"datetime": "2021-09-17 09:30:43", "elapsed": 205.418205, "delta": 1.277001}}
{"target": -2.8082832173297283, "params": {"eta": 0.5248482419489466, "max_depth": 5.479874588250762, "n_estimators": 7.9757483460549325}, "datetime": {"datetime": "2021-09-17 09:30:44", "elapsed": 206.649475, "delta": 1.23127}}
{"target": -3.2697113576688266, "params": {"eta": 0.8, "max_depth": 3.7482970244337457, "n_estimators": 6.438281132214833}, "datetime": {"datetime": "2021-09-17 09:30:46", "elapsed": 207.932355, "delta": 1.28288}}
{"target": -3.4240084974389324, "params": {"eta": 0.8, "max_depth": 8.764163101927826, "n_estimators": 8.996884632106863}, "datetime": {"datetime": "2021-09-17 09:30:47", "elapsed": 209.265873, "delta": 1.333518}}
{"target": -3.8964961277811145, "params": {"eta": 0.8, "max_depth": 1.6776736101570366, "n_estimators": 5.255619639851214}, "datetime": {"datetime": "2021-09-17 09:30:48", "elapsed": 210.292216, "delta": 1.026343}}
{"target": -3.318681662333639, "params": {"eta": 0.8, "max_depth": 8.830743332694839, "n_estimators": 5.670600636968731}, "datetime": {"datetime": "2021-09-17 09:30:49", "elapsed": 211.567074, "delta": 1.274858}}
{"target": -2.8007174228367053, "params": {"eta": 0.48874428617077337, "max_depth": 5.787230987277938, "n_estimators": 8.18558252145824}, "datetime": {"datetime": "2021-09-17 09:30:51", "elapsed": 212.967604, "delta": 1.40053}}
{"target": -2.8482771779361524, "params": {"eta": 0.4901830127883313, "max_depth": 6.005649960854701, "n_estimators": 7.759183247629228}, "datetime": {"datetime": "2021-09-17 09:30:52", "elapsed": 214.249895, "delta": 1.282291}}
{"target": -3.4512974312430926, "params": {"eta": 0.8, "max_depth": 2.2711611634039115, "n_estimators": 5.723226977843806}, "datetime": {"datetime": "2021-09-17 09:30:53", "elapsed": 215.357957, "delta": 1.108062}}
{"target": -3.8201654032657015, "params": {"eta": 0.8, "max_depth": 1.3111280349984202, "n_estimators": 7.550267380467824}, "datetime": {"datetime": "2021-09-17 09:30:54", "elapsed": 216.460604, "delta": 1.102647}}
{"target": -3.320888855582789, "params": {"eta": 0.8, "max_depth": 10.0, "n_estimators": 9.52391120677879}, "datetime": {"datetime": "2021-09-17 09:30:56", "elapsed": 217.951868, "delta": 1.491264}}
{"target": -3.4826476545710308, "params": {"eta": 0.8, "max_depth": 7.830641102023459, "n_estimators": 4.949263463687717}, "datetime": {"datetime": "2021-09-17 09:30:57", "elapsed": 219.028869, "delta": 1.077001}}
{"target": -2.752460872499566, "params": {"eta": 0.5208317457829149, "max_depth": 5.621005186066908, "n_estimators": 8.925721298294999}, "datetime": {"datetime": "2021-09-17 09:30:58", "elapsed": 220.221122, "delta": 1.192253}}
{"target": -3.294303981881393, "params": {"eta": 0.8, "max_depth": 4.044590536017378, "n_estimators": 5.529198223262297}, "datetime": {"datetime": "2021-09-17 09:30:59", "elapsed": 221.687094, "delta": 1.465972}}
{"target": -3.1134783562860986, "params": {"eta": 0.8, "max_depth": 5.980632321301619, "n_estimators": 7.5750128669333945}, "datetime": {"datetime": "2021-09-17 09:31:01", "elapsed": 222.890376, "delta": 1.203282}}
{"target": -2.9630101712126478, "params": {"eta": 0.5997763389632621, "max_depth": 4.387354492120257, "n_estimators": 8.028037343634162}, "datetime": {"datetime": "2021-09-17 09:31:02", "elapsed": 224.098317, "delta": 1.207941}}
{"target": -3.299282706411261, "params": {"eta": 0.8, "max_depth": 2.0805369585681968, "n_estimators": 6.359326822307256}, "datetime": {"datetime": "2021-09-17 09:31:03", "elapsed": 225.483236, "delta": 1.384919}}
{"target": -3.402681272908261, "params": {"eta": 0.8, "max_depth": 9.56863196448237, "n_estimators": 3.0523675195359443}, "datetime": {"datetime": "2021-09-17 09:31:04", "elapsed": 226.714228, "delta": 1.230992}}
{"target": -3.030307392697585, "params": {"eta": 0.27768780807384646, "max_depth": 6.007322747965858, "n_estimators": 8.026475449768206}, "datetime": {"datetime": "2021-09-17 09:31:06", "elapsed": 227.875878, "delta": 1.16165}}
{"target": -3.3252764745762473, "params": {"eta": 0.75199545863026, "max_depth": 4.586726393438706, "n_estimators": 6.459754540296792}, "datetime": {"datetime": "2021-09-17 09:31:07", "elapsed": 229.031281, "delta": 1.155403}}
{"target": -3.2249691693406355, "params": {"eta": 0.8, "max_depth": 3.3598192763828787, "n_estimators": 7.2562660661716265}, "datetime": {"datetime": "2021-09-17 09:31:08", "elapsed": 230.693419, "delta": 1.662138}}
{"target": -3.053815336603867, "params": {"eta": 0.7987688252068762, "max_depth": 6.318222819823569, "n_estimators": 9.737420544156057}, "datetime": {"datetime": "2021-09-17 09:31:10", "elapsed": 231.883384, "delta": 1.189965}}
{"target": -3.247404112313923, "params": {"eta": 0.8, "max_depth": 9.488937318283742, "n_estimators": 7.014733089755772}, "datetime": {"datetime": "2021-09-17 09:31:12", "elapsed": 234.068108, "delta": 2.184724}}
{"target": -2.7409124211261147, "params": {"eta": 0.4938474718999821, "max_depth": 5.779888532413516, "n_estimators": 7.862525950674479}, "datetime": {"datetime": "2021-09-17 09:31:13", "elapsed": 235.416488, "delta": 1.34838}}
{"target": -3.178508800581882, "params": {"eta": 0.7980608879009237, "max_depth": 4.614795002505312, "n_estimators": 8.803922339507409}, "datetime": {"datetime": "2021-09-17 09:31:15", "elapsed": 236.905264, "delta": 1.488776}}
{"target": -3.1929073321191885, "params": {"eta": 0.7981344051369891, "max_depth": 5.470256388710174, "n_estimators": 6.194173110055111}, "datetime": {"datetime": "2021-09-17 09:31:16", "elapsed": 238.128416, "delta": 1.223152}}
{"target": -3.6884016137374083, "params": {"eta": 0.8, "max_depth": 5.934160018339313, "n_estimators": 2.8093718953823723}, "datetime": {"datetime": "2021-09-17 09:31:17", "elapsed": 239.413803, "delta": 1.285387}}
{"target": -3.318681662333639, "params": {"eta": 0.8, "max_depth": 8.08466532811099, "n_estimators": 5.62092852094451}, "datetime": {"datetime": "2021-09-17 09:31:18", "elapsed": 240.76459, "delta": 1.350787}}
{"target": -3.023139732762387, "params": {"eta": 0.8, "max_depth": 6.618936936970773, "n_estimators": 7.16504018666712}, "datetime": {"datetime": "2021-09-17 09:31:20", "elapsed": 242.012948, "delta": 1.248358}}
{"target": -3.3701016984487833, "params": {"eta": 0.8, "max_depth": 4.156835095776252, "n_estimators": 6.070344427323941}, "datetime": {"datetime": "2021-09-17 09:31:21", "elapsed": 243.493874, "delta": 1.480926}}
{"target": -3.3887350264348477, "params": {"eta": 0.8, "max_depth": 8.357454701098543, "n_estimators": 7.689783204212633}, "datetime": {"datetime": "2021-09-17 09:31:23", "elapsed": 245.381949, "delta": 1.888075}}
{"target": -3.1482523140154384, "params": {"eta": 0.799742925910678, "max_depth": 5.325391563310286, "n_estimators": 9.692250153364123}, "datetime": {"datetime": "2021-09-17 09:31:25", "elapsed": 247.210489, "delta": 1.82854}}
{"target": -3.4027135102372417, "params": {"eta": 0.8, "max_depth": 3.648514140549832, "n_estimators": 5.189625314216335}, "datetime": {"datetime": "2021-09-17 09:31:26", "elapsed": 248.462057, "delta": 1.251568}}
{"target": -3.3915088816692958, "params": {"eta": 0.8, "max_depth": 7.1632706861026625, "n_estimators": 8.231236161757725}, "datetime": {"datetime": "2021-09-17 09:31:27", "elapsed": 249.798965, "delta": 1.336908}}
{"target": -5.094033320953971, "params": {"eta": 0.2149362508138748, "max_depth": 4.427036271862185, "n_estimators": 7.685516262551656}, "datetime": {"datetime": "2021-09-17 09:31:29", "elapsed": 251.143739, "delta": 1.344774}}
{"target": -2.930015998765042, "params": {"eta": 0.5479375110178875, "max_depth": 4.65313440286298, "n_estimators": 7.606884613193508}, "datetime": {"datetime": "2021-09-17 09:31:30", "elapsed": 252.795263, "delta": 1.651524}}
{"target": -2.960310570817245, "params": {"eta": 0.4974420695007983, "max_depth": 3.8804903765194894, "n_estimators": 8.436280543331636}, "datetime": {"datetime": "2021-09-17 09:31:32", "elapsed": 254.226476, "delta": 1.431213}}
{"target": -3.00706716336702, "params": {"eta": 0.47922747883902295, "max_depth": 3.818144608280686, "n_estimators": 8.1445748954605}, "datetime": {"datetime": "2021-09-17 09:31:34", "elapsed": 255.911146, "delta": 1.68467}}
{"target": -3.109391105175018, "params": {"eta": 0.7803983169839303, "max_depth": 4.006088938705226, "n_estimators": 8.849341956633532}, "datetime": {"datetime": "2021-09-17 09:31:36", "elapsed": 257.865713, "delta": 1.954567}}
{"target": -2.829343352192326, "params": {"eta": 0.48727448315001953, "max_depth": 4.455304151578298, "n_estimators": 7.104050858223372}, "datetime": {"datetime": "2021-09-17 09:31:37", "elapsed": 259.752372, "delta": 1.886659}}
{"target": -3.4826476545710308, "params": {"eta": 0.8, "max_depth": 7.8381001689832575, "n_estimators": 4.03109154520572}, "datetime": {"datetime": "2021-09-17 09:31:39", "elapsed": 261.374055, "delta": 1.621683}}
{"target": -3.3498716611611212, "params": {"eta": 0.8, "max_depth": 9.34170103429722, "n_estimators": 4.4124266205959275}, "datetime": {"datetime": "2021-09-17 09:31:41", "elapsed": 263.357538, "delta": 1.983483}}
{"target": -2.8035789157214914, "params": {"eta": 0.46670861807270525, "max_depth": 4.1208844420384665, "n_estimators": 8.213000899921854}, "datetime": {"datetime": "2021-09-17 09:31:43", "elapsed": 265.018538, "delta": 1.661}}
{"target": -3.8964961277811145, "params": {"eta": 0.8, "max_depth": 1.0, "n_estimators": 5.910684314727155}, "datetime": {"datetime": "2021-09-17 09:31:45", "elapsed": 267.504565, "delta": 2.486027}}
{"target": -3.264932040164345, "params": {"eta": 0.7895789251215473, "max_depth": 7.957403636660221, "n_estimators": 8.540196205660337}, "datetime": {"datetime": "2021-09-17 09:31:47", "elapsed": 269.222206, "delta": 1.717641}}
{"target": -3.2349350006956796, "params": {"eta": 0.8, "max_depth": 2.2821756038601406, "n_estimators": 10.0}, "datetime": {"datetime": "2021-09-17 09:31:48", "elapsed": 270.628578, "delta": 1.406372}}
{"target": -2.829944341433676, "params": {"eta": 0.4633797248814136, "max_depth": 4.86480623003423, "n_estimators": 7.8183445378504075}, "datetime": {"datetime": "2021-09-17 09:31:50", "elapsed": 272.385736, "delta": 1.757158}}
{"target": -3.1134783562860986, "params": {"eta": 0.8, "max_depth": 5.306353091973877, "n_estimators": 7.603989428728137}, "datetime": {"datetime": "2021-09-17 09:31:52", "elapsed": 274.278328, "delta": 1.892592}}
{"target": -3.04709180028815, "params": {"eta": 0.8, "max_depth": 6.480404976305788, "n_estimators": 10.0}, "datetime": {"datetime": "2021-09-17 09:31:54", "elapsed": 275.983688, "delta": 1.70536}}
{"target": -3.0158070633285923, "params": {"eta": 0.8, "max_depth": 6.817265262846701, "n_estimators": 8.54342741475603}, "datetime": {"datetime": "2021-09-17 09:31:55", "elapsed": 277.368327, "delta": 1.384639}}
{"target": -3.2542732182301974, "params": {"eta": 0.8, "max_depth": 4.1214025196681305, "n_estimators": 7.081696230539646}, "datetime": {"datetime": "2021-09-17 09:31:56", "elapsed": 278.818213, "delta": 1.449886}}
{"target": -3.2105905551659433, "params": {"eta": 0.7982968406901422, "max_depth": 6.7958112453229855, "n_estimators": 9.243734405753786}, "datetime": {"datetime": "2021-09-17 09:31:58", "elapsed": 280.594506, "delta": 1.776293}}
{"target": -3.084384362321151, "params": {"eta": 0.8, "max_depth": 6.872314238346527, "n_estimators": 4.59284222198757}, "datetime": {"datetime": "2021-09-17 09:32:00", "elapsed": 282.452752, "delta": 1.858246}}
{"target": -3.2028543974223886, "params": {"eta": 0.8, "max_depth": 3.20794227905125, "n_estimators": 9.131333404662561}, "datetime": {"datetime": "2021-09-17 09:32:02", "elapsed": 284.199895, "delta": 1.747143}}
{"target": -3.2774149129265235, "params": {"eta": 0.8, "max_depth": 9.159350221975265, "n_estimators": 6.723727455334841}, "datetime": {"datetime": "2021-09-17 09:32:04", "elapsed": 285.96188, "delta": 1.761985}}
{"target": -3.8250703899483938, "params": {"eta": 0.8, "max_depth": 3.858398639734049, "n_estimators": 2.12962271310502}, "datetime": {"datetime": "2021-09-17 09:32:05", "elapsed": 287.430128, "delta": 1.468248}}
{"target": -6.216782655214008, "params": {"eta": 0.8, "max_depth": 3.475547012470342, "n_estimators": 1.0}, "datetime": {"datetime": "2021-09-17 09:32:07", "elapsed": 288.902597, "delta": 1.472469}}
{"target": -16.450337182848077, "params": {"eta": 0.16096368898878338, "max_depth": 4.084006145936061, "n_estimators": 2.0772790358498883}, "datetime": {"datetime": "2021-09-17 09:32:09", "elapsed": 291.265892, "delta": 2.363295}}
{"target": -3.8267369609130064, "params": {"eta": 0.7991334091018943, "max_depth": 3.4657777949246267, "n_estimators": 2.7695515528280152}, "datetime": {"datetime": "2021-09-17 09:32:11", "elapsed": 293.10692, "delta": 1.841028}}
{"target": -3.4662860004525435, "params": {"eta": 0.7950509478382263, "max_depth": 2.7327780322638677, "n_estimators": 3.2774102941372565}, "datetime": {"datetime": "2021-09-17 09:32:12", "elapsed": 294.549709, "delta": 1.442789}}
{"target": -3.4190756139002345, "params": {"eta": 0.8, "max_depth": 8.897122668263417, "n_estimators": 9.667720740577476}, "datetime": {"datetime": "2021-09-17 09:32:14", "elapsed": 296.807258, "delta": 2.257549}}
{"target": -7.877802813680549, "params": {"eta": 0.4411556229438963, "max_depth": 6.5005777203843325, "n_estimators": 2.444606783731821}, "datetime": {"datetime": "2021-09-17 09:32:16", "elapsed": 298.181285, "delta": 1.374027}}
{"target": -3.2028854853228514, "params": {"eta": 0.6145885065621247, "max_depth": 4.092368736075391, "n_estimators": 7.754293924348653}, "datetime": {"datetime": "2021-09-17 09:32:18", "elapsed": 300.61731, "delta": 2.436025}}
{"target": -3.2080897491229208, "params": {"eta": 0.7972868956991835, "max_depth": 8.857084684915614, "n_estimators": 8.254254809260393}, "datetime": {"datetime": "2021-09-17 09:32:21", "elapsed": 302.982564, "delta": 2.365254}}
{"target": -3.5546948006278583, "params": {"eta": 0.7980285910015935, "max_depth": 3.0605576325450428, "n_estimators": 3.198505591526785}, "datetime": {"datetime": "2021-09-17 09:32:22", "elapsed": 304.497055, "delta": 1.514491}}
{"target": -3.7927727799666555, "params": {"eta": 0.8, "max_depth": 1.8499854962537459, "n_estimators": 4.633829585380889}, "datetime": {"datetime": "2021-09-17 09:32:24", "elapsed": 305.953333, "delta": 1.456278}}
{"target": -3.613362795428226, "params": {"eta": 0.8, "max_depth": 7.815803874624093, "n_estimators": 2.3616200188718923}, "datetime": {"datetime": "2021-09-17 09:32:26", "elapsed": 308.007583, "delta": 2.05425}}
{"target": -3.6024823427200316, "params": {"eta": 0.7987990900287537, "max_depth": 7.3154432976884785, "n_estimators": 2.2534870535049625}, "datetime": {"datetime": "2021-09-17 09:32:28", "elapsed": 310.011829, "delta": 2.004246}}
{"target": -3.58207582549045, "params": {"eta": 0.7994069152826211, "max_depth": 8.581459408266554, "n_estimators": 2.4910800787536678}, "datetime": {"datetime": "2021-09-17 09:32:30", "elapsed": 311.921274, "delta": 1.909445}}
{"target": -14.133265230530188, "params": {"eta": 0.1, "max_depth": 1.0, "n_estimators": 5.094859090930383}, "datetime": {"datetime": "2021-09-17 09:32:31", "elapsed": 313.803558, "delta": 1.882284}}
{"target": -3.289917272015621, "params": {"eta": 0.8, "max_depth": 6.8862321358971625, "n_estimators": 3.168611986484728}, "datetime": {"datetime": "2021-09-17 09:32:33", "elapsed": 315.36334, "delta": 1.559782}}
{"target": -2.8395851235640674, "params": {"eta": 0.484857517871017, "max_depth": 6.004254523693702, "n_estimators": 7.963960817065222}, "datetime": {"datetime": "2021-09-17 09:32:35", "elapsed": 317.095952, "delta": 1.732612}}
{"target": -4.216109184214943, "params": {"eta": 0.8, "max_depth": 1.8721601820951554, "n_estimators": 3.9263933052892206}, "datetime": {"datetime": "2021-09-17 09:32:36", "elapsed": 318.435649, "delta": 1.339697}}
{"target": -2.7229197602523, "params": {"eta": 0.38494619868809965, "max_depth": 5.653167647875953, "n_estimators": 8.081446758850408}, "datetime": {"datetime": "2021-09-17 09:32:38", "elapsed": 319.992602, "delta": 1.556953}}
{"target": -3.8325865519674203, "params": {"eta": 0.7942596722443771, "max_depth": 3.451527799671295, "n_estimators": 2.2175346772503377}, "datetime": {"datetime": "2021-09-17 09:32:39", "elapsed": 321.630947, "delta": 1.638345}}
{"target": -3.5052963677205535, "params": {"eta": 0.8, "max_depth": 4.389463526450644, "n_estimators": 3.815383821828733}, "datetime": {"datetime": "2021-09-17 09:32:42", "elapsed": 323.996289, "delta": 2.365342}}
{"target": -2.942687320709228, "params": {"eta": 0.5522675093467908, "max_depth": 4.592664164315575, "n_estimators": 7.264649170531982}, "datetime": {"datetime": "2021-09-17 09:32:44", "elapsed": 326.028844, "delta": 2.032555}}
{"target": -3.3582938037420575, "params": {"eta": 0.8, "max_depth": 8.098006998878994, "n_estimators": 6.2207596416006865}, "datetime": {"datetime": "2021-09-17 09:32:46", "elapsed": 328.028636, "delta": 1.999792}}
{"target": -2.830526870175412, "params": {"eta": 0.46104631829922627, "max_depth": 5.078294175791136, "n_estimators": 6.682692549833301}, "datetime": {"datetime": "2021-09-17 09:32:47", "elapsed": 329.414383, "delta": 1.385747}}
{"target": -6.256373479805494, "params": {"eta": 0.8, "max_depth": 10.0, "n_estimators": 1.7225995904813822}, "datetime": {"datetime": "2021-09-17 09:32:49", "elapsed": 330.905349, "delta": 1.490966}}
{"target": -3.6915813383303187, "params": {"eta": 0.3130008435973647, "max_depth": 4.848632705133515, "n_estimators": 6.722523330549317}, "datetime": {"datetime": "2021-09-17 09:32:51", "elapsed": 333.139028, "delta": 2.233679}}
{"target": -3.0224648475646974, "params": {"eta": 0.6085709504431653, "max_depth": 5.407211041871035, "n_estimators": 6.633092971133658}, "datetime": {"datetime": "2021-09-17 09:32:53", "elapsed": 334.905589, "delta": 1.766561}}
{"target": -3.389949538833217, "params": {"eta": 0.8, "max_depth": 4.9078676294882975, "n_estimators": 4.366095291665064}, "datetime": {"datetime": "2021-09-17 09:32:54", "elapsed": 336.655321, "delta": 1.749732}}
{"target": -3.323057656539114, "params": {"eta": 0.8, "max_depth": 10.0, "n_estimators": 8.610116856313647}, "datetime": {"datetime": "2021-09-17 09:32:56", "elapsed": 338.086111, "delta": 1.43079}}
{"target": -3.402681272908261, "params": {"eta": 0.8, "max_depth": 9.683924290164859, "n_estimators": 3.5597021566845375}, "datetime": {"datetime": "2021-09-17 09:32:58", "elapsed": 339.961443, "delta": 1.875332}}
{"target": -3.3880922831987075, "params": {"eta": 0.8, "max_depth": 2.2424150235411555, "n_estimators": 4.190592951368491}, "datetime": {"datetime": "2021-09-17 09:32:59", "elapsed": 341.666443, "delta": 1.705}}
{"target": -2.7759319412080865, "params": {"eta": 0.3593752209725247, "max_depth": 5.9492084398719385, "n_estimators": 8.38306100463491}, "datetime": {"datetime": "2021-09-17 09:33:01", "elapsed": 343.551667, "delta": 1.885224}}
{"target": -2.8939518432868154, "params": {"eta": 0.652928537151833, "max_depth": 5.085037277659324, "n_estimators": 7.9947086347094505}, "datetime": {"datetime": "2021-09-17 09:33:03", "elapsed": 345.71627, "delta": 2.164603}}
{"target": -3.0072021747890267, "params": {"eta": 0.6239226674159372, "max_depth": 3.9545131358001258, "n_estimators": 8.248614431356263}, "datetime": {"datetime": "2021-09-17 09:33:05", "elapsed": 347.161334, "delta": 1.445064}}
{"target": -3.023139732762387, "params": {"eta": 0.8, "max_depth": 6.510106313094788, "n_estimators": 7.649943041759244}, "datetime": {"datetime": "2021-09-17 09:33:06", "elapsed": 348.674639, "delta": 1.513305}}
{"target": -3.0888987164748336, "params": {"eta": 0.5688129998374875, "max_depth": 5.336830270942404, "n_estimators": 5.775332821117849}, "datetime": {"datetime": "2021-09-17 09:33:08", "elapsed": 350.347548, "delta": 1.672909}}
{"target": -3.0551594840852836, "params": {"eta": 0.8, "max_depth": 6.468955602418479, "n_estimators": 9.127119317636478}, "datetime": {"datetime": "2021-09-17 09:33:10", "elapsed": 352.390904, "delta": 2.043356}}
{"target": -3.4190756139002345, "params": {"eta": 0.8, "max_depth": 8.282754359812989, "n_estimators": 9.027659697428074}, "datetime": {"datetime": "2021-09-17 09:33:12", "elapsed": 354.201869, "delta": 1.810965}}
{"target": -3.3116597244614048, "params": {"eta": 0.8, "max_depth": 9.683442403070945, "n_estimators": 5.354612949454181}, "datetime": {"datetime": "2021-09-17 09:33:13", "elapsed": 355.746139, "delta": 1.54427}}
{"target": -3.901348194323088, "params": {"eta": 0.8, "max_depth": 1.519577838151206, "n_estimators": 6.270751961393166}, "datetime": {"datetime": "2021-09-17 09:33:16", "elapsed": 358.014805, "delta": 2.268666}}
