{"target": 0.7685416878639475, "params": {"eta": 0.8810639343067199, "max_depth": 13.256491290790274, "n_estimators": 35.309044894297706}, "datetime": {"datetime": "2021-09-21 10:19:55", "elapsed": 1151.69719, "delta": 7.981814}}
{"target": 0.7992830243516214, "params": {"eta": 0.9889376062700064, "max_depth": 1.2938001163841033, "n_estimators": 40.60216902415987}, "datetime": {"datetime": "2021-09-21 10:20:01", "elapsed": 1158.174225, "delta": 6.477035}}
{"target": -1.6146259348060572, "params": {"eta": 0.05698412937019021, "max_depth": 11.687300323292968, "n_estimators": 8.633354277008475}, "datetime": {"datetime": "2021-09-21 10:20:07", "elapsed": 1163.681681, "delta": 5.507456}}
{"target": 0.7888023294161672, "params": {"eta": 1.0, "max_depth": 1.6620247610897525, "n_estimators": 49.308684722222026}, "datetime": {"datetime": "2021-09-21 10:20:14", "elapsed": 1170.885775, "delta": 7.204094}}
{"target": 0.21720358321216915, "params": {"eta": 0.035203826337756726, "max_depth": 6.280370194995466, "n_estimators": 34.0622691969169}, "datetime": {"datetime": "2021-09-21 10:20:21", "elapsed": 1177.195927, "delta": 6.310152}}
{"target": 0.7283235955930834, "params": {"eta": 0.8560361789479923, "max_depth": 11.364532768546004, "n_estimators": 7.299157150307583}, "datetime": {"datetime": "2021-09-21 10:20:27", "elapsed": 1183.638255, "delta": 6.442328}}
{"target": 0.8644244592570622, "params": {"eta": 0.17567550772641444, "max_depth": 8.573639763676791, "n_estimators": 27.34575283058645}, "datetime": {"datetime": "2021-09-21 10:20:31", "elapsed": 1187.216626, "delta": 3.578371}}
{"target": 0.6870050740307969, "params": {"eta": 1.0, "max_depth": 13.108967707682702, "n_estimators": 8.737816918000098}, "datetime": {"datetime": "2021-09-21 10:20:38", "elapsed": 1194.531412, "delta": 7.314786}}
{"target": 0.6756498505143561, "params": {"eta": 0.9949692606377949, "max_depth": 8.654204568585103, "n_estimators": 32.103397878415386}, "datetime": {"datetime": "2021-09-21 10:20:44", "elapsed": 1200.428565, "delta": 5.897153}}
{"target": 0.6872088405598, "params": {"eta": 1.0, "max_depth": 12.09951503435397, "n_estimators": 35.29926892799518}, "datetime": {"datetime": "2021-09-21 10:20:52", "elapsed": 1208.913653, "delta": 8.485088}}
{"target": 0.8719920064591413, "params": {"eta": 0.18283338884089773, "max_depth": 9.543094942435266, "n_estimators": 23.826091488600046}, "datetime": {"datetime": "2021-09-21 10:20:57", "elapsed": 1213.273325, "delta": 4.359672}}
{"target": 0.8538975964357892, "params": {"eta": 0.4627960317189127, "max_depth": 9.877985445702581, "n_estimators": 23.285484671898395}, "datetime": {"datetime": "2021-09-21 10:21:02", "elapsed": 1218.914162, "delta": 5.640837}}
{"target": 0.8377394007654213, "params": {"eta": 0.1681343631108543, "max_depth": 10.288933679539737, "n_estimators": 23.823778376556465}, "datetime": {"datetime": "2021-09-21 10:21:11", "elapsed": 1227.819745, "delta": 8.905583}}
{"target": 0.8019748662512324, "params": {"eta": 0.6591325632973908, "max_depth": 9.911706041111117, "n_estimators": 24.23401196289628}, "datetime": {"datetime": "2021-09-21 10:21:18", "elapsed": 1234.92825, "delta": 7.108505}}
{"target": 0.7158164702526035, "params": {"eta": 1.0, "max_depth": 8.095915989179977, "n_estimators": 34.520550567669616}, "datetime": {"datetime": "2021-09-21 10:21:28", "elapsed": 1244.960217, "delta": 10.031967}}
{"target": 0.7510193919395339, "params": {"eta": 0.8926423872447182, "max_depth": 11.159250108533717, "n_estimators": 22.11903480142249}, "datetime": {"datetime": "2021-09-21 10:21:32", "elapsed": 1248.726273, "delta": 3.766056}}
{"target": 0.7275221486619299, "params": {"eta": 0.9860279281934631, "max_depth": 8.698546448021649, "n_estimators": 23.198136157764726}, "datetime": {"datetime": "2021-09-21 10:21:39", "elapsed": 1256.166647, "delta": 7.440374}}
{"target": 0.6980993723179182, "params": {"eta": 1.0, "max_depth": 18.471757417960177, "n_estimators": 15.893492472285907}, "datetime": {"datetime": "2021-09-21 10:21:47", "elapsed": 1263.374271, "delta": 7.207624}}
{"target": 0.7887012731863348, "params": {"eta": 0.5706489523938126, "max_depth": 11.97647691380096, "n_estimators": 47.80756865418968}, "datetime": {"datetime": "2021-09-21 10:21:51", "elapsed": 1268.005004, "delta": 4.630733}}
{"target": 0.8733595338196257, "params": {"eta": 0.1827214037268609, "max_depth": 12.495447156861799, "n_estimators": 48.70462152409815}, "datetime": {"datetime": "2021-09-21 10:22:01", "elapsed": 1277.307828, "delta": 9.302824}}
{"target": 0.6090476727558953, "params": {"eta": 0.08095456866638003, "max_depth": 14.45645426409319, "n_estimators": 21.805365356069995}, "datetime": {"datetime": "2021-09-21 10:22:10", "elapsed": 1286.37456, "delta": 9.066732}}
{"target": 0.7541111813633155, "params": {"eta": 0.0491763448834642, "max_depth": 11.95749994215803, "n_estimators": 47.540874437324184}, "datetime": {"datetime": "2021-09-21 10:22:17", "elapsed": 1293.978459, "delta": 7.603899}}
{"target": 0.7707362113777916, "params": {"eta": 0.04881422256924535, "max_depth": 14.794902168334778, "n_estimators": 49.35109826141519}, "datetime": {"datetime": "2021-09-21 10:22:24", "elapsed": 1300.747557, "delta": 6.769098}}
{"target": 0.7994228099276499, "params": {"eta": 0.5739925288034171, "max_depth": 16.07547718570432, "n_estimators": 29.594734623082438}, "datetime": {"datetime": "2021-09-21 10:22:28", "elapsed": 1304.877446, "delta": 4.129889}}
{"target": 0.785680402998435, "params": {"eta": 0.05203666551974892, "max_depth": 13.323792246764832, "n_estimators": 49.3940948405026}, "datetime": {"datetime": "2021-09-21 10:22:37", "elapsed": 1313.908077, "delta": 9.030631}}
{"target": 0.7296650271234957, "params": {"eta": 0.7748254919263642, "max_depth": 19.872970915757346, "n_estimators": 2.6240985107716503}, "datetime": {"datetime": "2021-09-21 10:22:41", "elapsed": 1317.730698, "delta": 3.822621}}
{"target": 0.7994674800479618, "params": {"eta": 1.0, "max_depth": 2.9570556810316497, "n_estimators": 48.700878899829824}, "datetime": {"datetime": "2021-09-21 10:22:49", "elapsed": 1325.668966, "delta": 7.938268}}
{"target": 0.8182397050575181, "params": {"eta": 0.5647795480032488, "max_depth": 9.405141123238993, "n_estimators": 23.357058061629417}, "datetime": {"datetime": "2021-09-21 10:22:54", "elapsed": 1330.411547, "delta": 4.742581}}
{"target": 0.8563600269404656, "params": {"eta": 0.4646842976623933, "max_depth": 10.120301901457506, "n_estimators": 46.7697903807833}, "datetime": {"datetime": "2021-09-21 10:23:00", "elapsed": 1336.424958, "delta": 6.013411}}
{"target": 0.8669043756944163, "params": {"eta": 0.44366491893309884, "max_depth": 19.172340788655195, "n_estimators": 23.89570608532733}, "datetime": {"datetime": "2021-09-21 10:23:05", "elapsed": 1341.653978, "delta": 5.22902}}
{"target": 0.7259184092806026, "params": {"eta": 0.8383226060987611, "max_depth": 19.09255699934949, "n_estimators": 24.573766435519097}, "datetime": {"datetime": "2021-09-21 10:23:11", "elapsed": 1347.91218, "delta": 6.258202}}
{"target": 0.7071973310441135, "params": {"eta": 1.0, "max_depth": 19.216186941324874, "n_estimators": 23.364381424557475}, "datetime": {"datetime": "2021-09-21 10:23:19", "elapsed": 1355.272224, "delta": 7.360044}}
{"target": 0.7368553887902772, "params": {"eta": 0.9822477060651444, "max_depth": 9.416481780877962, "n_estimators": 46.67901583867577}, "datetime": {"datetime": "2021-09-21 10:23:27", "elapsed": 1363.68314, "delta": 8.410916}}
{"target": 0.6646715917783601, "params": {"eta": 0.04080568334106753, "max_depth": 11.221249804878001, "n_estimators": 46.37785874754397}, "datetime": {"datetime": "2021-09-21 10:23:34", "elapsed": 1370.687861, "delta": 7.004721}}
{"target": 0.8711806826204862, "params": {"eta": 0.4358048321680346, "max_depth": 12.678742202612307, "n_estimators": 48.03537404404807}, "datetime": {"datetime": "2021-09-21 10:23:43", "elapsed": 1379.713145, "delta": 9.025284}}
{"target": 0.8637376581154308, "params": {"eta": 0.3609699048271241, "max_depth": 9.760471313694513, "n_estimators": 45.89355519779819}, "datetime": {"datetime": "2021-09-21 10:23:52", "elapsed": 1388.494593, "delta": 8.781448}}
{"target": 0.8405334666859605, "params": {"eta": 0.10914846704462108, "max_depth": 3.149625210664181, "n_estimators": 40.85337950249489}, "datetime": {"datetime": "2021-09-21 10:24:00", "elapsed": 1396.300694, "delta": 7.806101}}
{"target": 0.7619157525552565, "params": {"eta": 0.7622170877843395, "max_depth": 8.804538334762318, "n_estimators": 45.84287618137993}, "datetime": {"datetime": "2021-09-21 10:24:06", "elapsed": 1402.825097, "delta": 6.524403}}
{"target": 0.8160664495808386, "params": {"eta": 0.5580453830743732, "max_depth": 6.303763293059053, "n_estimators": 19.31007398014459}, "datetime": {"datetime": "2021-09-21 10:24:14", "elapsed": 1410.435557, "delta": 7.61046}}
{"target": 0.32313685762617783, "params": {"eta": 0.06727583818493003, "max_depth": 6.846771770996212, "n_estimators": 19.95516354091769}, "datetime": {"datetime": "2021-09-21 10:24:21", "elapsed": 1417.765789, "delta": 7.330232}}
{"target": 0.6782924770200137, "params": {"eta": 0.5057742802291656, "max_depth": 19.536807058819523, "n_estimators": 3.6443912614673675}, "datetime": {"datetime": "2021-09-21 10:24:30", "elapsed": 1426.405416, "delta": 8.639627}}
{"target": 0.7538716556123339, "params": {"eta": 0.9873303212436884, "max_depth": 6.753645414165172, "n_estimators": 18.669387365709174}, "datetime": {"datetime": "2021-09-21 10:24:37", "elapsed": 1433.289307, "delta": 6.883891}}
{"target": 0.8432576913307279, "params": {"eta": 0.39877867427924585, "max_depth": 3.8522071219059235, "n_estimators": 35.70705917770163}, "datetime": {"datetime": "2021-09-21 10:24:41", "elapsed": 1437.486683, "delta": 4.197376}}
{"target": 0.5934470841462951, "params": {"eta": 0.082573087971228, "max_depth": 2.5005599136509704, "n_estimators": 22.69592441681416}, "datetime": {"datetime": "2021-09-21 10:24:45", "elapsed": 1441.520616, "delta": 4.033933}}
{"target": 0.7443098406646552, "params": {"eta": 0.894328629906569, "max_depth": 18.050097335074362, "n_estimators": 23.530252206861256}, "datetime": {"datetime": "2021-09-21 10:24:49", "elapsed": 1445.736475, "delta": 4.215859}}
{"target": 0.7893656866269003, "params": {"eta": 0.18693708771021103, "max_depth": 2.037818880539361, "n_estimators": 24.028768315352398}, "datetime": {"datetime": "2021-09-21 10:24:57", "elapsed": 1453.427515, "delta": 7.69104}}
{"target": 0.7754020924478952, "params": {"eta": 0.07072613953256317, "max_depth": 13.426789950860822, "n_estimators": 34.643716309889825}, "datetime": {"datetime": "2021-09-21 10:25:03", "elapsed": 1459.734926, "delta": 6.307411}}
{"target": 0.830967916001881, "params": {"eta": 0.15156049887508224, "max_depth": 8.346135967918322, "n_estimators": 19.70035286965239}, "datetime": {"datetime": "2021-09-21 10:25:12", "elapsed": 1468.989094, "delta": 9.254168}}
{"target": 0.7587410688652464, "params": {"eta": 0.8750848894655447, "max_depth": 15.38838116910265, "n_estimators": 49.68530027153377}, "datetime": {"datetime": "2021-09-21 10:25:17", "elapsed": 1473.494233, "delta": 4.505139}}
{"target": 0.756347658832896, "params": {"eta": 0.8470440430203346, "max_depth": 8.289729715963812, "n_estimators": 18.865496388236956}, "datetime": {"datetime": "2021-09-21 10:25:23", "elapsed": 1480.142223, "delta": 6.64799}}
{"target": 0.41440207665945616, "params": {"eta": 0.0635108686623923, "max_depth": 3.6814421038430805, "n_estimators": 22.967228096154773}, "datetime": {"datetime": "2021-09-21 10:25:31", "elapsed": 1487.338856, "delta": 7.196633}}
{"target": 0.7924020542730743, "params": {"eta": 0.39621956699389654, "max_depth": 1.1523779730083266, "n_estimators": 24.730152802701014}, "datetime": {"datetime": "2021-09-21 10:25:39", "elapsed": 1495.57806, "delta": 8.239204}}
{"target": 0.8040383444030057, "params": {"eta": 0.3119200037374609, "max_depth": 1.177390711777917, "n_estimators": 49.198867779514984}, "datetime": {"datetime": "2021-09-21 10:25:43", "elapsed": 1499.477407, "delta": 3.899347}}
{"target": 0.7807325050788052, "params": {"eta": 0.6814164752715711, "max_depth": 5.283259825807042, "n_estimators": 36.471407842436044}, "datetime": {"datetime": "2021-09-21 10:25:47", "elapsed": 1503.428848, "delta": 3.951441}}
{"target": 0.7087119235055892, "params": {"eta": 1.0, "max_depth": 5.898681416763652, "n_estimators": 35.56368940384746}, "datetime": {"datetime": "2021-09-21 10:25:56", "elapsed": 1512.693226, "delta": 9.264378}}
{"target": -1.6469860901261515, "params": {"eta": 0.01, "max_depth": 12.946607367806763, "n_estimators": 46.42968644115745}, "datetime": {"datetime": "2021-09-21 10:26:05", "elapsed": 1521.403084, "delta": 8.709858}}
{"target": 0.7995831438489651, "params": {"eta": 0.6540849477633618, "max_depth": 11.03590775350209, "n_estimators": 31.807143287163363}, "datetime": {"datetime": "2021-09-21 10:26:10", "elapsed": 1526.228219, "delta": 4.825135}}
{"target": 0.7557036357545422, "params": {"eta": 0.8681420717627837, "max_depth": 18.897174108486205, "n_estimators": 9.736677782960616}, "datetime": {"datetime": "2021-09-21 10:26:17", "elapsed": 1533.537107, "delta": 7.308888}}
{"target": 0.8652674921738331, "params": {"eta": 0.15079065502872524, "max_depth": 19.120978689010684, "n_estimators": 37.249178778856965}, "datetime": {"datetime": "2021-09-21 10:26:27", "elapsed": 1543.499018, "delta": 9.961911}}
{"target": 0.5084805876685037, "params": {"eta": 0.04042061026822845, "max_depth": 18.48863605727805, "n_estimators": 38.227851806192106}, "datetime": {"datetime": "2021-09-21 10:26:35", "elapsed": 1551.485193, "delta": 7.986175}}
{"target": 0.8121986746878718, "params": {"eta": 0.5445179772317861, "max_depth": 1.5219496039405196, "n_estimators": 44.27742774134665}, "datetime": {"datetime": "2021-09-21 10:26:39", "elapsed": 1555.809092, "delta": 4.323899}}
{"target": 0.8108708167852821, "params": {"eta": 0.7033965381214082, "max_depth": 2.5206612397666195, "n_estimators": 44.307023527787656}, "datetime": {"datetime": "2021-09-21 10:26:48", "elapsed": 1564.230656, "delta": 8.421564}}
{"target": 0.7953195156735139, "params": {"eta": 0.9847221485045708, "max_depth": 1.308018932835986, "n_estimators": 45.041750506809215}, "datetime": {"datetime": "2021-09-21 10:26:56", "elapsed": 1572.751556, "delta": 8.5209}}
{"target": 0.8635410740831813, "params": {"eta": 0.32878626819042384, "max_depth": 16.79155130483607, "n_estimators": 19.344914901643442}, "datetime": {"datetime": "2021-09-21 10:27:03", "elapsed": 1580.185932, "delta": 7.434376}}
{"target": 0.7791932156964064, "params": {"eta": 1.0, "max_depth": 3.2440185508239203, "n_estimators": 41.90078431804613}, "datetime": {"datetime": "2021-09-21 10:27:10", "elapsed": 1587.107607, "delta": 6.921675}}
{"target": 0.7456298292310497, "params": {"eta": 0.9739811382297664, "max_depth": 15.085996690269988, "n_estimators": 16.748011135550303}, "datetime": {"datetime": "2021-09-21 10:27:14", "elapsed": 1591.167445, "delta": 4.059838}}
{"target": -2.162719728959103, "params": {"eta": 0.01, "max_depth": 18.914561720702476, "n_estimators": 36.26614667976882}, "datetime": {"datetime": "2021-09-21 10:27:22", "elapsed": 1599.166301, "delta": 7.998856}}
{"target": 0.8313561690685214, "params": {"eta": 0.08042721116853353, "max_depth": 19.643471492708557, "n_estimators": 37.92470754585548}, "datetime": {"datetime": "2021-09-21 10:27:31", "elapsed": 1608.015579, "delta": 8.849278}}
{"target": 0.802233887412791, "params": {"eta": 0.32968280499872665, "max_depth": 2.3243589345091147, "n_estimators": 26.630059220057905}, "datetime": {"datetime": "2021-09-21 10:27:38", "elapsed": 1614.692019, "delta": 6.67644}}
{"target": 0.8435827561489448, "params": {"eta": 0.38558333563236835, "max_depth": 14.08575645529736, "n_estimators": 49.97670887142196}, "datetime": {"datetime": "2021-09-21 10:27:54", "elapsed": 1631.03227, "delta": 16.340251}}
{"target": 0.8186304164950036, "params": {"eta": 0.4170449587070564, "max_depth": 8.98854744044505, "n_estimators": 47.5803670438679}, "datetime": {"datetime": "2021-09-21 10:28:03", "elapsed": 1639.550604, "delta": 8.518334}}
{"target": 0.7293324019021918, "params": {"eta": 1.0, "max_depth": 6.017994509897138, "n_estimators": 27.373487561281664}, "datetime": {"datetime": "2021-09-21 10:28:11", "elapsed": 1648.077602, "delta": 8.526998}}
{"target": 0.7967327031183014, "params": {"eta": 0.6008249191207202, "max_depth": 10.07067584090161, "n_estimators": 47.72054109005952}, "datetime": {"datetime": "2021-09-21 10:28:19", "elapsed": 1655.608966, "delta": 7.531364}}
{"target": -1.4397900537616053, "params": {"eta": 0.021707672432464735, "max_depth": 1.1747074787250162, "n_estimators": 26.054254185401636}, "datetime": {"datetime": "2021-09-21 10:28:28", "elapsed": 1664.910118, "delta": 9.301152}}
{"target": -4.516843058279872, "params": {"eta": 0.02626483935809496, "max_depth": 8.317242509684021, "n_estimators": 2.8415591783255025}, "datetime": {"datetime": "2021-09-21 10:28:32", "elapsed": 1668.812276, "delta": 3.902158}}
{"target": 0.7953296796859974, "params": {"eta": 0.710816585608143, "max_depth": 11.734813730295155, "n_estimators": 23.123109699372637}, "datetime": {"datetime": "2021-09-21 10:28:41", "elapsed": 1677.570301, "delta": 8.758025}}
{"target": 0.7386197803187079, "params": {"eta": 0.9402247171570657, "max_depth": 10.383920957727431, "n_estimators": 47.6133440507226}, "datetime": {"datetime": "2021-09-21 10:28:45", "elapsed": 1681.562968, "delta": 3.992667}}
{"target": 0.7934255488108127, "params": {"eta": 0.6757749722841345, "max_depth": 2.1075713015500614, "n_estimators": 27.588946263327486}, "datetime": {"datetime": "2021-09-21 10:28:55", "elapsed": 1691.450861, "delta": 9.887893}}
{"target": 0.7403816868520214, "params": {"eta": 0.8275776819180459, "max_depth": 10.779665993347102, "n_estimators": 36.03893948937356}, "datetime": {"datetime": "2021-09-21 10:29:05", "elapsed": 1701.478669, "delta": 10.027808}}
{"target": -0.3332002593776815, "params": {"eta": 0.05630410388433082, "max_depth": 19.885292073803445, "n_estimators": 15.521911616465145}, "datetime": {"datetime": "2021-09-21 10:29:12", "elapsed": 1708.912565, "delta": 7.433896}}
{"target": 0.8788948981731964, "params": {"eta": 0.15039649451212728, "max_depth": 10.145047627800048, "n_estimators": 35.420771602228044}, "datetime": {"datetime": "2021-09-21 10:29:29", "elapsed": 1725.538275, "delta": 16.62571}}
{"target": 0.826070334699551, "params": {"eta": 0.07572171235300061, "max_depth": 7.096800285585382, "n_estimators": 41.44358799873922}, "datetime": {"datetime": "2021-09-21 10:29:36", "elapsed": 1732.741708, "delta": 7.203433}}
{"target": 0.7682961931299894, "params": {"eta": 0.8690641449519589, "max_depth": 9.439057256394939, "n_estimators": 25.609860847631545}, "datetime": {"datetime": "2021-09-21 10:29:42", "elapsed": 1738.804423, "delta": 6.062715}}
{"target": 0.7701751410763615, "params": {"eta": 0.176737632720112, "max_depth": 1.5546724932856442, "n_estimators": 32.40011510936583}, "datetime": {"datetime": "2021-09-21 10:29:47", "elapsed": 1743.630286, "delta": 4.825863}}
{"target": 0.7995714340321535, "params": {"eta": 0.9565536255457432, "max_depth": 1.8727108297784745, "n_estimators": 32.04329365203324}, "datetime": {"datetime": "2021-09-21 10:29:54", "elapsed": 1750.713326, "delta": 7.08304}}
{"target": 0.7781697421433398, "params": {"eta": 0.469330923770223, "max_depth": 1.4429817690397653, "n_estimators": 14.70595860133235}, "datetime": {"datetime": "2021-09-21 10:29:58", "elapsed": 1755.109816, "delta": 4.39649}}
{"target": 0.8739602069649237, "params": {"eta": 0.18881245445469816, "max_depth": 8.662312226009092, "n_estimators": 35.24140187383634}, "datetime": {"datetime": "2021-09-21 10:30:03", "elapsed": 1759.668974, "delta": 4.559158}}
{"target": 0.799214884714172, "params": {"eta": 0.2703910616400418, "max_depth": 1.0852247585895074, "n_estimators": 31.555185037661406}, "datetime": {"datetime": "2021-09-21 10:30:11", "elapsed": 1767.774736, "delta": 8.105762}}
{"target": -0.9781412497777004, "params": {"eta": 0.0228781392348699, "max_depth": 1.9927116570145305, "n_estimators": 31.579150925607152}, "datetime": {"datetime": "2021-09-21 10:30:22", "elapsed": 1778.317064, "delta": 10.542328}}
{"target": 0.8182321289827053, "params": {"eta": 0.7284836962854162, "max_depth": 2.2806609327758487, "n_estimators": 29.858649292952023}, "datetime": {"datetime": "2021-09-21 10:30:36", "elapsed": 1792.679466, "delta": 14.362402}}
{"target": 0.7318975024670752, "params": {"eta": 0.9859109931145573, "max_depth": 19.90537462288571, "n_estimators": 15.798543516043654}, "datetime": {"datetime": "2021-09-21 10:30:43", "elapsed": 1799.913059, "delta": 7.233593}}
{"target": 0.8193172606581223, "params": {"eta": 0.08956047190801629, "max_depth": 11.438617328124156, "n_estimators": 35.18882619078165}, "datetime": {"datetime": "2021-09-21 10:30:56", "elapsed": 1812.486689, "delta": 12.57363}}
{"target": 0.7961269544686125, "params": {"eta": 0.8715183088097974, "max_depth": 3.147016218699104, "n_estimators": 26.667577627513364}, "datetime": {"datetime": "2021-09-21 10:31:05", "elapsed": 1821.361234, "delta": 8.874545}}
{"target": 0.7855889589913823, "params": {"eta": 0.9894973468735029, "max_depth": 1.135033186861254, "n_estimators": 31.741617917547224}, "datetime": {"datetime": "2021-09-21 10:31:14", "elapsed": 1830.547652, "delta": 9.186418}}
{"target": -1.2298160004509606, "params": {"eta": 0.013912871543712749, "max_depth": 14.089347233286295, "n_estimators": 40.542324142170166}, "datetime": {"datetime": "2021-09-21 10:31:26", "elapsed": 1843.12162, "delta": 12.573968}}
{"target": 0.8139730368552995, "params": {"eta": 0.36817025523626723, "max_depth": 2.28996690884961, "n_estimators": 28.687881151621667}, "datetime": {"datetime": "2021-09-21 10:31:31", "elapsed": 1848.091784, "delta": 4.970164}}
