{"target": 0.7576092174757091, "params": {"eta": 0.7629934601357007, "max_depth": 19.82398818254351, "n_estimators": 45.08625330686064}, "datetime": {"datetime": "2021-09-17 19:46:40", "elapsed": 147.402678, "delta": 1.130322}}
{"target": 0.8331265254052348, "params": {"eta": 0.1, "max_depth": 14.304131305839771, "n_estimators": 34.71122897933562}, "datetime": {"datetime": "2021-09-17 19:46:41", "elapsed": 148.471682, "delta": 1.069004}}
{"target": 0.8632802969412555, "params": {"eta": 0.11029283225144251, "max_depth": 7.435945624881104, "n_estimators": 38.58434258715745}, "datetime": {"datetime": "2021-09-17 19:46:42", "elapsed": 149.653035, "delta": 1.181353}}
{"target": 0.8327322687610159, "params": {"eta": 0.27489440987879127, "max_depth": 16.751643129997017, "n_estimators": 45.02972300107689}, "datetime": {"datetime": "2021-09-17 19:46:44", "elapsed": 150.84804, "delta": 1.195005}}
{"target": 0.8364710044711181, "params": {"eta": 0.306359573214502, "max_depth": 10.865079069933559, "n_estimators": 38.42783324709015}, "datetime": {"datetime": "2021-09-17 19:46:45", "elapsed": 152.005372, "delta": 1.157332}}
{"target": 0.837652584859762, "params": {"eta": 0.1, "max_depth": 34.013996206975115, "n_estimators": 37.30154803893524}, "datetime": {"datetime": "2021-09-17 19:46:46", "elapsed": 153.055379, "delta": 1.050007}}
{"target": 0.8473009780452717, "params": {"eta": 0.21598248291790395, "max_depth": 45.81178573376422, "n_estimators": 47.555322402602634}, "datetime": {"datetime": "2021-09-17 19:46:47", "elapsed": 154.517742, "delta": 1.462363}}
{"target": 0.7699988150081554, "params": {"eta": 0.7805263685176976, "max_depth": 5.4510524697245994, "n_estimators": 46.34193127095712}, "datetime": {"datetime": "2021-09-17 19:46:48", "elapsed": 155.528053, "delta": 1.010311}}
{"target": 0.7646141095025362, "params": {"eta": 0.7787937751191146, "max_depth": 40.26332886057095, "n_estimators": 49.97323093454233}, "datetime": {"datetime": "2021-09-17 19:46:49", "elapsed": 156.610631, "delta": 1.082578}}
{"target": 0.8660931894002908, "params": {"eta": 0.21193051580803124, "max_depth": 29.13927134789339, "n_estimators": 42.41038303479409}, "datetime": {"datetime": "2021-09-17 19:46:51", "elapsed": 158.000258, "delta": 1.389627}}
{"target": 0.8434511697301385, "params": {"eta": 0.1, "max_depth": 32.20535850974372, "n_estimators": 47.952707184635386}, "datetime": {"datetime": "2021-09-17 19:46:52", "elapsed": 159.391259, "delta": 1.391001}}
{"target": 0.8661749423758569, "params": {"eta": 0.19207052401224406, "max_depth": 38.0370941988972, "n_estimators": 49.64187675727167}, "datetime": {"datetime": "2021-09-17 19:46:53", "elapsed": 160.758788, "delta": 1.367529}}
{"target": 0.8660643466131736, "params": {"eta": 0.13560866967095273, "max_depth": 40.56228411203073, "n_estimators": 39.4679400210301}, "datetime": {"datetime": "2021-09-17 19:46:54", "elapsed": 161.751804, "delta": 0.993016}}
{"target": 0.8005556134065637, "params": {"eta": 0.6524784410155624, "max_depth": 40.57863094166505, "n_estimators": 41.54233381539474}, "datetime": {"datetime": "2021-09-17 19:46:56", "elapsed": 162.857802, "delta": 1.105998}}
{"target": 0.7623274682095378, "params": {"eta": 0.7636166871594012, "max_depth": 39.49098868325621, "n_estimators": 38.58658983367196}, "datetime": {"datetime": "2021-09-17 19:46:57", "elapsed": 164.000073, "delta": 1.142271}}
{"target": 0.8411210944850066, "params": {"eta": 0.1, "max_depth": 27.547551987412945, "n_estimators": 42.299669918680884}, "datetime": {"datetime": "2021-09-17 19:46:58", "elapsed": 165.462245, "delta": 1.462172}}
{"target": 0.7926463947086242, "params": {"eta": 0.6552562772643132, "max_depth": 13.828819208275975, "n_estimators": 47.34589609617957}, "datetime": {"datetime": "2021-09-17 19:46:59", "elapsed": 166.731255, "delta": 1.26901}}
{"target": 0.8485251628382173, "params": {"eta": 0.1, "max_depth": 11.31881963877885, "n_estimators": 46.45500251743664}, "datetime": {"datetime": "2021-09-17 19:47:01", "elapsed": 167.870502, "delta": 1.139247}}
{"target": 0.8449379701004087, "params": {"eta": 0.1, "max_depth": 23.08541811165774, "n_estimators": 50.0}, "datetime": {"datetime": "2021-09-17 19:47:02", "elapsed": 169.194504, "delta": 1.324002}}
{"target": 0.85886983393558, "params": {"eta": 0.36218634396193206, "max_depth": 27.585883312938755, "n_estimators": 37.71179070342295}, "datetime": {"datetime": "2021-09-17 19:47:03", "elapsed": 170.810205, "delta": 1.615701}}
{"target": 0.8560198007572253, "params": {"eta": 0.46082152457171877, "max_depth": 4.0294118554676706, "n_estimators": 30.35337085751203}, "datetime": {"datetime": "2021-09-17 19:47:05", "elapsed": 171.905028, "delta": 1.094823}}
{"target": 0.8575569640534193, "params": {"eta": 0.21473352777093943, "max_depth": 4.081716633840509, "n_estimators": 37.11890070635663}, "datetime": {"datetime": "2021-09-17 19:47:06", "elapsed": 172.834024, "delta": 0.928996}}
{"target": 0.81146722082494, "params": {"eta": 0.5474402069152824, "max_depth": 17.708126927884358, "n_estimators": 47.78323634744534}, "datetime": {"datetime": "2021-09-17 19:47:07", "elapsed": 174.168148, "delta": 1.334124}}
{"target": 0.8402026869066971, "params": {"eta": 0.1, "max_depth": 5.904439587591985, "n_estimators": 35.04640947990108}, "datetime": {"datetime": "2021-09-17 19:47:08", "elapsed": 175.485147, "delta": 1.316999}}
{"target": 0.7578373366937391, "params": {"eta": 0.8, "max_depth": 34.81104456130424, "n_estimators": 48.97606735022546}, "datetime": {"datetime": "2021-09-17 19:47:09", "elapsed": 176.481869, "delta": 0.996722}}
{"target": 0.8506065319297129, "params": {"eta": 0.36606279405132336, "max_depth": 28.943085123901838, "n_estimators": 36.82899658070943}, "datetime": {"datetime": "2021-09-17 19:47:11", "elapsed": 177.870219, "delta": 1.38835}}
{"target": 0.8406981935355362, "params": {"eta": 0.1, "max_depth": 32.33379098813278, "n_estimators": 41.23647262085114}, "datetime": {"datetime": "2021-09-17 19:47:12", "elapsed": 179.166219, "delta": 1.296}}
{"target": 0.7597639616598373, "params": {"eta": 0.8, "max_depth": 19.84760175854995, "n_estimators": 50.0}, "datetime": {"datetime": "2021-09-17 19:47:13", "elapsed": 180.610083, "delta": 1.443864}}
{"target": 0.8509793943110422, "params": {"eta": 0.35851541077224514, "max_depth": 4.024558328149045, "n_estimators": 49.647564122546534}, "datetime": {"datetime": "2021-09-17 19:47:14", "elapsed": 181.509784, "delta": 0.899701}}
{"target": 0.8397095307890869, "params": {"eta": 0.1, "max_depth": 35.72493071239924, "n_estimators": 40.13620629978753}, "datetime": {"datetime": "2021-09-17 19:47:15", "elapsed": 182.686077, "delta": 1.176293}}
{"target": 0.7873461591638833, "params": {"eta": 0.5897400347163417, "max_depth": 43.54493921590022, "n_estimators": 49.90740914791953}, "datetime": {"datetime": "2021-09-17 19:47:17", "elapsed": 184.106962, "delta": 1.420885}}
{"target": 0.8683630879890862, "params": {"eta": 0.1998245176244896, "max_depth": 43.51866006042853, "n_estimators": 45.73508773535276}, "datetime": {"datetime": "2021-09-17 19:47:18", "elapsed": 185.625734, "delta": 1.518772}}
{"target": 0.7578371815560749, "params": {"eta": 0.8, "max_depth": 29.965402419264226, "n_estimators": 31.096613533720223}, "datetime": {"datetime": "2021-09-17 19:47:19", "elapsed": 186.615407, "delta": 0.989673}}
{"target": 0.8407564630444414, "params": {"eta": 0.1, "max_depth": 16.774067519920003, "n_estimators": 42.634710595368034}, "datetime": {"datetime": "2021-09-17 19:47:20", "elapsed": 187.715145, "delta": 1.099738}}
{"target": 0.8713159380687563, "params": {"eta": 0.14319540856836227, "max_depth": 44.49297235354972, "n_estimators": 46.99068605746928}, "datetime": {"datetime": "2021-09-17 19:47:22", "elapsed": 188.880668, "delta": 1.165523}}
{"target": 0.8492915650104862, "params": {"eta": 0.1464560191456536, "max_depth": 45.349055568177135, "n_estimators": 38.732644613546306}, "datetime": {"datetime": "2021-09-17 19:47:23", "elapsed": 189.936267, "delta": 1.055599}}
{"target": 0.8378430642847067, "params": {"eta": 0.406113128397358, "max_depth": 21.568596123414576, "n_estimators": 42.440892950605935}, "datetime": {"datetime": "2021-09-17 19:47:24", "elapsed": 191.072924, "delta": 1.136657}}
{"target": 0.8326523194020456, "params": {"eta": 0.11970564504997916, "max_depth": 26.959447918910072, "n_estimators": 32.50948124692334}, "datetime": {"datetime": "2021-09-17 19:47:25", "elapsed": 192.324224, "delta": 1.2513}}
{"target": 0.8697406797314433, "params": {"eta": 0.19967093652085013, "max_depth": 38.15563323200638, "n_estimators": 31.817117726268748}, "datetime": {"datetime": "2021-09-17 19:47:27", "elapsed": 193.991052, "delta": 1.666828}}
{"target": 0.7962384593160178, "params": {"eta": 0.6030108253647354, "max_depth": 38.6138606694557, "n_estimators": 30.12571631210942}, "datetime": {"datetime": "2021-09-17 19:47:28", "elapsed": 195.780344, "delta": 1.789292}}
{"target": 0.8543539745472961, "params": {"eta": 0.3325971586785814, "max_depth": 39.46950539320866, "n_estimators": 32.911174237071194}, "datetime": {"datetime": "2021-09-17 19:47:30", "elapsed": 197.69125, "delta": 1.910906}}
{"target": 0.7916751094184103, "params": {"eta": 0.6564855140747269, "max_depth": 37.03078157746394, "n_estimators": 32.603496982030826}, "datetime": {"datetime": "2021-09-17 19:47:32", "elapsed": 199.049254, "delta": 1.358004}}
{"target": 0.7997172306429048, "params": {"eta": 0.6424087781121453, "max_depth": 12.753443381668685, "n_estimators": 25.437555358734546}, "datetime": {"datetime": "2021-09-17 19:47:33", "elapsed": 200.663739, "delta": 1.614485}}
{"target": 0.7628884524696569, "params": {"eta": 0.6785503585966053, "max_depth": 36.98224750364543, "n_estimators": 36.76617824972558}, "datetime": {"datetime": "2021-09-17 19:47:35", "elapsed": 201.840639, "delta": 1.1769}}
{"target": 0.8386339634731413, "params": {"eta": 0.1, "max_depth": 15.15614958699213, "n_estimators": 38.346218156381326}, "datetime": {"datetime": "2021-09-17 19:47:36", "elapsed": 202.99964, "delta": 1.159001}}
{"target": 0.7578451904879386, "params": {"eta": 0.8, "max_depth": 31.568695586414567, "n_estimators": 50.0}, "datetime": {"datetime": "2021-09-17 19:47:37", "elapsed": 204.211505, "delta": 1.211865}}
{"target": 0.7582451722629571, "params": {"eta": 0.8, "max_depth": 18.50395245819512, "n_estimators": 42.917104619813095}, "datetime": {"datetime": "2021-09-17 19:47:38", "elapsed": 205.796786, "delta": 1.585281}}
{"target": 0.8406981935355362, "params": {"eta": 0.1, "max_depth": 42.804003522988005, "n_estimators": 41.8374488202901}, "datetime": {"datetime": "2021-09-17 19:47:40", "elapsed": 207.176429, "delta": 1.379643}}
{"target": 0.8412816447405296, "params": {"eta": 0.1, "max_depth": 47.438629894763096, "n_estimators": 43.761785980031654}, "datetime": {"datetime": "2021-09-17 19:47:41", "elapsed": 208.396662, "delta": 1.220233}}
{"target": 0.7686807854362742, "params": {"eta": 0.767255068793892, "max_depth": 11.705222337301496, "n_estimators": 44.88749645903028}, "datetime": {"datetime": "2021-09-17 19:47:42", "elapsed": 209.469662, "delta": 1.073}}
{"target": 0.8581303101766862, "params": {"eta": 0.11819210247840843, "max_depth": 16.724019444779202, "n_estimators": 40.39249270838252}, "datetime": {"datetime": "2021-09-17 19:47:43", "elapsed": 210.802663, "delta": 1.333001}}
{"target": 0.8467639943011204, "params": {"eta": 0.3019726294195651, "max_depth": 18.130069898313025, "n_estimators": 39.435013398506946}, "datetime": {"datetime": "2021-09-17 19:47:45", "elapsed": 211.980159, "delta": 1.177496}}
{"target": 0.8731312592651872, "params": {"eta": 0.15802048573775546, "max_depth": 23.65734009894418, "n_estimators": 25.907895131999165}, "datetime": {"datetime": "2021-09-17 19:47:46", "elapsed": 213.297159, "delta": 1.317}}
{"target": 0.8520716411690832, "params": {"eta": 0.16094077991120523, "max_depth": 23.6651042650029, "n_estimators": 27.846548881114444}, "datetime": {"datetime": "2021-09-17 19:47:47", "elapsed": 214.648601, "delta": 1.351442}}
{"target": 0.8741448095775037, "params": {"eta": 0.2058718212289879, "max_depth": 41.115706908334126, "n_estimators": 32.739421059728485}, "datetime": {"datetime": "2021-09-17 19:47:48", "elapsed": 215.690744, "delta": 1.042143}}
{"target": 0.8616290292882578, "params": {"eta": 0.2379151094765478, "max_depth": 20.737599436129763, "n_estimators": 39.09364709580004}, "datetime": {"datetime": "2021-09-17 19:47:50", "elapsed": 217.217895, "delta": 1.527151}}
{"target": 0.8424220140633217, "params": {"eta": 0.12229787456161001, "max_depth": 22.231388286475237, "n_estimators": 39.963523289961095}, "datetime": {"datetime": "2021-09-17 19:47:51", "elapsed": 218.804164, "delta": 1.586269}}
{"target": 0.8386416977849935, "params": {"eta": 0.16966542282570413, "max_depth": 25.403675328643153, "n_estimators": 24.06223308405612}, "datetime": {"datetime": "2021-09-17 19:47:53", "elapsed": 220.126162, "delta": 1.321998}}
{"target": 0.786757701878716, "params": {"eta": 0.6076265921991023, "max_depth": 21.94683547160878, "n_estimators": 28.63642124069208}, "datetime": {"datetime": "2021-09-17 19:47:54", "elapsed": 221.291448, "delta": 1.165286}}
{"target": 0.7514734670429852, "params": {"eta": 0.7528184300424288, "max_depth": 21.77789849735015, "n_estimators": 37.945503728591326}, "datetime": {"datetime": "2021-09-17 19:47:55", "elapsed": 222.701728, "delta": 1.41028}}
{"target": 0.7459442348773346, "params": {"eta": 0.7675583610051289, "max_depth": 19.68371525401711, "n_estimators": 40.12429407456599}, "datetime": {"datetime": "2021-09-17 19:47:56", "elapsed": 223.777975, "delta": 1.076247}}
{"target": 0.753371608475319, "params": {"eta": 0.7615138594744163, "max_depth": 43.58011810151333, "n_estimators": 43.44190365921726}, "datetime": {"datetime": "2021-09-17 19:47:58", "elapsed": 225.568977, "delta": 1.791002}}
{"target": 0.8367020908808328, "params": {"eta": 0.4246327835387794, "max_depth": 13.067199361131797, "n_estimators": 37.1927575234263}, "datetime": {"datetime": "2021-09-17 19:47:59", "elapsed": 226.747857, "delta": 1.17888}}
{"target": 0.8490907871626266, "params": {"eta": 0.35258244609275846, "max_depth": 16.714645667188353, "n_estimators": 38.944066893008156}, "datetime": {"datetime": "2021-09-17 19:48:01", "elapsed": 228.337191, "delta": 1.589334}}
{"target": 0.8383533893626882, "params": {"eta": 0.13159886275862606, "max_depth": 19.37109702478088, "n_estimators": 34.222124490690135}, "datetime": {"datetime": "2021-09-17 19:48:02", "elapsed": 229.790388, "delta": 1.453197}}
{"target": 0.8052191063819247, "params": {"eta": 0.7160817375060711, "max_depth": 40.573366969182054, "n_estimators": 33.846146746209996}, "datetime": {"datetime": "2021-09-17 19:48:04", "elapsed": 231.34005, "delta": 1.549662}}
{"target": 0.7874497287685331, "params": {"eta": 0.5861181074589285, "max_depth": 46.356961110856965, "n_estimators": 39.93053426105731}, "datetime": {"datetime": "2021-09-17 19:48:05", "elapsed": 232.59354, "delta": 1.25349}}
{"target": 0.7644301363178247, "params": {"eta": 0.7633642482927547, "max_depth": 9.151163517419313, "n_estimators": 27.823868710535507}, "datetime": {"datetime": "2021-09-17 19:48:07", "elapsed": 234.256539, "delta": 1.662999}}
{"target": 0.8007268152788353, "params": {"eta": 0.5036107655454839, "max_depth": 8.438820246834453, "n_estimators": 33.145322740339466}, "datetime": {"datetime": "2021-09-17 19:48:08", "elapsed": 235.731175, "delta": 1.474636}}
{"target": 0.8306353162024859, "params": {"eta": 0.548446836701621, "max_depth": 5.0904713075530434, "n_estimators": 33.44827031037518}, "datetime": {"datetime": "2021-09-17 19:48:10", "elapsed": 236.874802, "delta": 1.143627}}
{"target": 0.8477498468199685, "params": {"eta": 0.1086307280443148, "max_depth": 24.626268359376258, "n_estimators": 47.75400384361476}, "datetime": {"datetime": "2021-09-17 19:48:11", "elapsed": 238.202182, "delta": 1.32738}}
{"target": 0.856273776381203, "params": {"eta": 0.23862605872125864, "max_depth": 16.150751551822587, "n_estimators": 35.89813340808357}, "datetime": {"datetime": "2021-09-17 19:48:12", "elapsed": 239.608179, "delta": 1.405997}}
{"target": 0.7983552696276354, "params": {"eta": 0.6030946094702515, "max_depth": 45.283702383811814, "n_estimators": 37.336834623237266}, "datetime": {"datetime": "2021-09-17 19:48:14", "elapsed": 240.93209, "delta": 1.323911}}
{"target": 0.8252286224361832, "params": {"eta": 0.1, "max_depth": 41.77406449369533, "n_estimators": 31.58687411910005}, "datetime": {"datetime": "2021-09-17 19:48:15", "elapsed": 242.104115, "delta": 1.172025}}
{"target": 0.8252286224361832, "params": {"eta": 0.1, "max_depth": 18.023331318842892, "n_estimators": 31.33933765590221}, "datetime": {"datetime": "2021-09-17 19:48:16", "elapsed": 243.504117, "delta": 1.400002}}
{"target": 0.841964885944856, "params": {"eta": 0.47232387073425297, "max_depth": 24.569400347747564, "n_estimators": 22.51339477678104}, "datetime": {"datetime": "2021-09-17 19:48:18", "elapsed": 245.219349, "delta": 1.715232}}
{"target": 0.8391743620432751, "params": {"eta": 0.1, "max_depth": 37.09440473203926, "n_estimators": 39.07573118802365}, "datetime": {"datetime": "2021-09-17 19:48:19", "elapsed": 246.458179, "delta": 1.23883}}
{"target": 0.8374273929162799, "params": {"eta": 0.25422772984097947, "max_depth": 49.448864229393074, "n_estimators": 37.815855477488626}, "datetime": {"datetime": "2021-09-17 19:48:21", "elapsed": 248.086555, "delta": 1.628376}}
{"target": 0.8562406844120868, "params": {"eta": 0.380631385198958, "max_depth": 49.942204809269306, "n_estimators": 45.83522310166433}, "datetime": {"datetime": "2021-09-17 19:48:22", "elapsed": 249.722562, "delta": 1.636007}}
{"target": 0.7704209868200558, "params": {"eta": 0.6276288923785013, "max_depth": 49.92280118781649, "n_estimators": 44.37943889949173}, "datetime": {"datetime": "2021-09-17 19:48:24", "elapsed": 250.898156, "delta": 1.175594}}
{"target": 0.7870232191777385, "params": {"eta": 0.6423435977211326, "max_depth": 49.377399535330916, "n_estimators": 47.180819347654236}, "datetime": {"datetime": "2021-09-17 19:48:25", "elapsed": 252.272002, "delta": 1.373846}}
{"target": 0.8496318144976862, "params": {"eta": 0.11578135073922774, "max_depth": 10.498293003416423, "n_estimators": 48.08987641848403}, "datetime": {"datetime": "2021-09-17 19:48:26", "elapsed": 253.604, "delta": 1.331998}}
{"target": 0.8461087608065565, "params": {"eta": 0.31856867541021083, "max_depth": 25.805025816931078, "n_estimators": 36.556188324268845}, "datetime": {"datetime": "2021-09-17 19:48:28", "elapsed": 255.448845, "delta": 1.844845}}
{"target": 0.8535428749815176, "params": {"eta": 0.2698564600028867, "max_depth": 25.158170271487126, "n_estimators": 34.48682432048076}, "datetime": {"datetime": "2021-09-17 19:48:30", "elapsed": 256.927739, "delta": 1.478894}}
{"target": 0.851586129627271, "params": {"eta": 0.1261468022997297, "max_depth": 23.569011394122867, "n_estimators": 33.72038987063719}, "datetime": {"datetime": "2021-09-17 19:48:31", "elapsed": 258.385632, "delta": 1.457893}}
{"target": 0.8434421344886145, "params": {"eta": 0.2959715427116017, "max_depth": 25.053311647462085, "n_estimators": 32.82020711211781}, "datetime": {"datetime": "2021-09-17 19:48:33", "elapsed": 259.887921, "delta": 1.502289}}
{"target": 0.8298784915408658, "params": {"eta": 0.1, "max_depth": 11.53625769470577, "n_estimators": 32.74452385775774}, "datetime": {"datetime": "2021-09-17 19:48:34", "elapsed": 261.069773, "delta": 1.181852}}
{"target": 0.818557119886291, "params": {"eta": 0.48376139293790754, "max_depth": 12.613328370741021, "n_estimators": 10.409798771049298}, "datetime": {"datetime": "2021-09-17 19:48:35", "elapsed": 262.716147, "delta": 1.646374}}
{"target": 0.8284631504492097, "params": {"eta": 0.38308377746949984, "max_depth": 39.40419539746831, "n_estimators": 7.841152719264448}, "datetime": {"datetime": "2021-09-17 19:48:37", "elapsed": 264.459376, "delta": 1.743229}}
{"target": 0.8364926583791709, "params": {"eta": 0.2854482209131357, "max_depth": 47.756550148578945, "n_estimators": 20.76935551047911}, "datetime": {"datetime": "2021-09-17 19:48:38", "elapsed": 265.800376, "delta": 1.341}}
{"target": 0.8285589398979873, "params": {"eta": 0.41744454388376184, "max_depth": 45.76692020404424, "n_estimators": 21.054775904334615}, "datetime": {"datetime": "2021-09-17 19:48:40", "elapsed": 267.417295, "delta": 1.616919}}
{"target": 0.7606822307261762, "params": {"eta": 0.8, "max_depth": 22.8977019679955, "n_estimators": 25.465801813724692}, "datetime": {"datetime": "2021-09-17 19:48:42", "elapsed": 269.061813, "delta": 1.644518}}
{"target": 0.8605764773806465, "params": {"eta": 0.3694151159792638, "max_depth": 7.5946679560065675, "n_estimators": 39.72450767915386}, "datetime": {"datetime": "2021-09-17 19:48:43", "elapsed": 270.685035, "delta": 1.623222}}
{"target": 0.7957681273714928, "params": {"eta": 0.6485262025662667, "max_depth": 24.16355024896134, "n_estimators": 26.69144840720617}, "datetime": {"datetime": "2021-09-17 19:48:45", "elapsed": 272.587309, "delta": 1.902274}}
{"target": 0.757837337036393, "params": {"eta": 0.8, "max_depth": 44.31877496833267, "n_estimators": 46.2235199864389}, "datetime": {"datetime": "2021-09-17 19:48:47", "elapsed": 274.100544, "delta": 1.513235}}
{"target": 0.845931623489081, "params": {"eta": 0.16806373567420155, "max_depth": 44.8530233876059, "n_estimators": 47.79972051736943}, "datetime": {"datetime": "2021-09-17 19:48:49", "elapsed": 276.041891, "delta": 1.941347}}
{"target": 0.7497522915475143, "params": {"eta": 0.7606786874403311, "max_depth": 38.91513946015059, "n_estimators": 31.849408185496316}, "datetime": {"datetime": "2021-09-17 19:48:50", "elapsed": 277.475884, "delta": 1.433993}}
{"target": 0.8484747848248604, "params": {"eta": 0.14794672939832987, "max_depth": 43.47193419883545, "n_estimators": 44.89378419196747}, "datetime": {"datetime": "2021-09-17 19:48:52", "elapsed": 279.349532, "delta": 1.873648}}
