{"target": -2.498387969795026, "params": {"eta": 0.4365772604818753, "max_depth": 6.938243179392249, "n_estimators": 16.434218560528628}, "datetime": {"datetime": "2021-09-17 10:10:34", "elapsed": 226.072522, "delta": 1.694389}}
{"target": -2.792888043428722, "params": {"eta": 0.5530507555945342, "max_depth": 6.692947017272298, "n_estimators": 16.487844899255954}, "datetime": {"datetime": "2021-09-17 10:10:35", "elapsed": 227.552785, "delta": 1.480263}}
{"target": -3.1041552800881234, "params": {"eta": 0.6540930181924589, "max_depth": 7.065209934080602, "n_estimators": 16.606949372033156}, "datetime": {"datetime": "2021-09-17 10:10:37", "elapsed": 228.878253, "delta": 1.325468}}
{"target": -2.543916608157911, "params": {"eta": 0.20290527854842555, "max_depth": 6.898563591590502, "n_estimators": 16.539417547985156}, "datetime": {"datetime": "2021-09-17 10:10:39", "elapsed": 230.864203, "delta": 1.98595}}
{"target": -2.963875032726087, "params": {"eta": 0.5845252684768323, "max_depth": 8.846610548446048, "n_estimators": 13.994137080349185}, "datetime": {"datetime": "2021-09-17 10:10:40", "elapsed": 232.313828, "delta": 1.449625}}
{"target": -2.4916786181299306, "params": {"eta": 0.47144110673394135, "max_depth": 6.698256280109039, "n_estimators": 16.128667974990567}, "datetime": {"datetime": "2021-09-17 10:10:42", "elapsed": 233.944831, "delta": 1.631003}}
{"target": -2.6255563234028063, "params": {"eta": 0.48040588096931, "max_depth": 6.399465620109411, "n_estimators": 16.214766439701588}, "datetime": {"datetime": "2021-09-17 10:10:43", "elapsed": 235.541403, "delta": 1.596572}}
{"target": -2.8436869269923157, "params": {"eta": 0.6936274103647199, "max_depth": 9.407022577715882, "n_estimators": 10.441698260478976}, "datetime": {"datetime": "2021-09-17 10:10:44", "elapsed": 236.509409, "delta": 0.968006}}
{"target": -3.004136683438954, "params": {"eta": 0.6576573901096617, "max_depth": 6.525845241782549, "n_estimators": 15.951648174146527}, "datetime": {"datetime": "2021-09-17 10:10:46", "elapsed": 238.003595, "delta": 1.494186}}
{"target": -2.4604987564839815, "params": {"eta": 0.435713301814748, "max_depth": 7.843053254689707, "n_estimators": 16.493425973695512}, "datetime": {"datetime": "2021-09-17 10:10:48", "elapsed": 240.012984, "delta": 2.009389}}
{"target": -3.1521753449189034, "params": {"eta": 0.3395037119561896, "max_depth": 2.6385069299838624, "n_estimators": 10.254165075536502}, "datetime": {"datetime": "2021-09-17 10:10:49", "elapsed": 240.954567, "delta": 0.941583}}
{"target": -2.6007439287085283, "params": {"eta": 0.3353916115327322, "max_depth": 7.584924154133384, "n_estimators": 16.531600849960714}, "datetime": {"datetime": "2021-09-17 10:10:50", "elapsed": 242.582614, "delta": 1.628047}}
{"target": -3.4855974624031467, "params": {"eta": 0.13384865557103637, "max_depth": 7.923136158839771, "n_estimators": 16.56842929423077}, "datetime": {"datetime": "2021-09-17 10:10:52", "elapsed": 244.390877, "delta": 1.808263}}
{"target": -2.9920135416482623, "params": {"eta": 0.6397999334289579, "max_depth": 7.734314652737037, "n_estimators": 16.330993127962785}, "datetime": {"datetime": "2021-09-17 10:10:54", "elapsed": 245.952737, "delta": 1.56186}}
{"target": -2.7536779133897076, "params": {"eta": 0.5794259202196395, "max_depth": 7.725740170562297, "n_estimators": 16.71500898806383}, "datetime": {"datetime": "2021-09-17 10:10:56", "elapsed": 247.887463, "delta": 1.934726}}
{"target": -2.9046575841150784, "params": {"eta": 0.6293853388522485, "max_depth": 8.020195886051445, "n_estimators": 16.62491670506295}, "datetime": {"datetime": "2021-09-17 10:10:58", "elapsed": 249.786363, "delta": 1.8989}}
{"target": -2.7193947076797484, "params": {"eta": 0.3479388912199871, "max_depth": 3.8459485949898333, "n_estimators": 11.197086159989059}, "datetime": {"datetime": "2021-09-17 10:10:58", "elapsed": 250.677114, "delta": 0.890751}}
{"target": -3.0031268791148538, "params": {"eta": 0.6164254826429099, "max_depth": 3.8200840849006656, "n_estimators": 11.32639282214719}, "datetime": {"datetime": "2021-09-17 10:11:00", "elapsed": 252.251956, "delta": 1.574842}}
{"target": -2.447543070190831, "params": {"eta": 0.42273171615298133, "max_depth": 8.19506138664535, "n_estimators": 10.996807848593686}, "datetime": {"datetime": "2021-09-17 10:11:02", "elapsed": 254.07791, "delta": 1.825954}}
{"target": -2.620528781414032, "params": {"eta": 0.35265386175977753, "max_depth": 9.8560705289436, "n_estimators": 17.74606431124689}, "datetime": {"datetime": "2021-09-17 10:11:03", "elapsed": 255.122737, "delta": 1.044827}}
{"target": -2.497608182304784, "params": {"eta": 0.44156227110350876, "max_depth": 5.11536412374094, "n_estimators": 15.744489581281256}, "datetime": {"datetime": "2021-09-17 10:11:04", "elapsed": 256.154854, "delta": 1.032117}}
{"target": -2.4789474782190823, "params": {"eta": 0.327700185184812, "max_depth": 9.85571862486986, "n_estimators": 17.981685584527924}, "datetime": {"datetime": "2021-09-17 10:11:06", "elapsed": 257.890242, "delta": 1.735388}}
{"target": -2.7647145955186136, "params": {"eta": 0.6236354306240725, "max_depth": 5.408001218654753, "n_estimators": 15.883089396701452}, "datetime": {"datetime": "2021-09-17 10:11:08", "elapsed": 259.981845, "delta": 2.091603}}
{"target": -2.6201042708597684, "params": {"eta": 0.19473285974540183, "max_depth": 6.608862483196285, "n_estimators": 16.129415918915615}, "datetime": {"datetime": "2021-09-17 10:11:09", "elapsed": 261.640103, "delta": 1.658258}}
{"target": -2.7212164765910103, "params": {"eta": 0.685311157433287, "max_depth": 3.500947734932619, "n_estimators": 10.759680007423}, "datetime": {"datetime": "2021-09-17 10:11:10", "elapsed": 262.64892, "delta": 1.008817}}
{"target": -2.5510155125668175, "params": {"eta": 0.4191221025362718, "max_depth": 4.018425026333311, "n_estimators": 10.039074699198654}, "datetime": {"datetime": "2021-09-17 10:11:11", "elapsed": 263.583892, "delta": 0.934972}}
{"target": -2.9479955434799194, "params": {"eta": 0.5840401868021292, "max_depth": 3.782364215039311, "n_estimators": 10.122856247521373}, "datetime": {"datetime": "2021-09-17 10:11:13", "elapsed": 264.990642, "delta": 1.40675}}
{"target": -2.8193625381118372, "params": {"eta": 0.2136464291748826, "max_depth": 6.200485122606945, "n_estimators": 16.16592578124447}, "datetime": {"datetime": "2021-09-17 10:11:15", "elapsed": 267.452568, "delta": 2.461926}}
{"target": -4.491690268014605, "params": {"eta": 0.17317791281866185, "max_depth": 8.280539477320524, "n_estimators": 10.937327458055108}, "datetime": {"datetime": "2021-09-17 10:11:17", "elapsed": 269.454336, "delta": 2.001768}}
{"target": -2.830204895923012, "params": {"eta": 0.552208696696878, "max_depth": 8.306163124034466, "n_estimators": 11.1190834373467}, "datetime": {"datetime": "2021-09-17 10:11:19", "elapsed": 270.861781, "delta": 1.407445}}
{"target": -2.5529021514089485, "params": {"eta": 0.44724273707932016, "max_depth": 9.99588468690522, "n_estimators": 17.896514907298798}, "datetime": {"datetime": "2021-09-17 10:11:20", "elapsed": 272.589412, "delta": 1.727631}}
{"target": -2.7755262468990525, "params": {"eta": 0.5490363405541167, "max_depth": 8.646458932128509, "n_estimators": 10.925511176292162}, "datetime": {"datetime": "2021-09-17 10:11:22", "elapsed": 274.304084, "delta": 1.714672}}
{"target": -2.8116128934057136, "params": {"eta": 0.6512035197859004, "max_depth": 8.419188924290463, "n_estimators": 17.501071785408108}, "datetime": {"datetime": "2021-09-17 10:11:24", "elapsed": 276.158731, "delta": 1.854647}}
{"target": -2.5581204972769083, "params": {"eta": 0.27672496114673456, "max_depth": 6.7849032913620935, "n_estimators": 16.301880729178663}, "datetime": {"datetime": "2021-09-17 10:11:26", "elapsed": 277.924951, "delta": 1.76622}}
{"target": -2.6039992595973764, "params": {"eta": 0.4290235234699248, "max_depth": 6.162879190647696, "n_estimators": 15.498811430891216}, "datetime": {"datetime": "2021-09-17 10:11:27", "elapsed": 279.565584, "delta": 1.640633}}
{"target": -2.714485568749277, "params": {"eta": 0.5036981276333589, "max_depth": 3.2659176653771373, "n_estimators": 12.017205327041395}, "datetime": {"datetime": "2021-09-17 10:11:28", "elapsed": 280.571582, "delta": 1.005998}}
{"target": -4.141131551642166, "params": {"eta": 0.18444991964410423, "max_depth": 3.798037536440152, "n_estimators": 10.002529620197828}, "datetime": {"datetime": "2021-09-17 10:11:30", "elapsed": 282.279771, "delta": 1.708189}}
{"target": -2.683277406190571, "params": {"eta": 0.4593723925756569, "max_depth": 4.125439443464574, "n_estimators": 10.265950189851724}, "datetime": {"datetime": "2021-09-17 10:11:32", "elapsed": 284.309342, "delta": 2.029571}}
{"target": -2.5401656746864316, "params": {"eta": 0.3148350251615879, "max_depth": 8.413793194074511, "n_estimators": 16.4329137573604}, "datetime": {"datetime": "2021-09-17 10:11:33", "elapsed": 285.398228, "delta": 1.088886}}
{"target": -2.551090189657713, "params": {"eta": 0.4320145265034572, "max_depth": 8.13668530437676, "n_estimators": 16.298551460458064}, "datetime": {"datetime": "2021-09-17 10:11:35", "elapsed": 287.603236, "delta": 2.205008}}
{"target": -2.8816160007526994, "params": {"eta": 0.6468265337379758, "max_depth": 4.2205657053673225, "n_estimators": 10.005326956083024}, "datetime": {"datetime": "2021-09-17 10:11:37", "elapsed": 289.517355, "delta": 1.914119}}
{"target": -2.566877791756078, "params": {"eta": 0.476578604868661, "max_depth": 8.63174183186896, "n_estimators": 16.22059261245068}, "datetime": {"datetime": "2021-09-17 10:11:39", "elapsed": 291.174012, "delta": 1.656657}}
{"target": -2.9813714466596903, "params": {"eta": 0.6931420812396113, "max_depth": 8.351292232859528, "n_estimators": 16.277286307123376}, "datetime": {"datetime": "2021-09-17 10:11:41", "elapsed": 293.0976, "delta": 1.923588}}
{"target": -2.5393671600442183, "params": {"eta": 0.34251240011721007, "max_depth": 8.343731877794983, "n_estimators": 16.16146634855274}, "datetime": {"datetime": "2021-09-17 10:11:43", "elapsed": 295.173568, "delta": 2.075968}}
{"target": -2.712804134895927, "params": {"eta": 0.22429953590332055, "max_depth": 8.702689459125484, "n_estimators": 16.099181010543433}, "datetime": {"datetime": "2021-09-17 10:11:45", "elapsed": 297.420959, "delta": 2.247391}}
{"target": -2.722230773850491, "params": {"eta": 0.5067489535858578, "max_depth": 8.58874014214306, "n_estimators": 15.899916026040408}, "datetime": {"datetime": "2021-09-17 10:11:47", "elapsed": 299.673903, "delta": 2.252944}}
{"target": -2.7964733406117084, "params": {"eta": 0.5250396894966367, "max_depth": 9.421267800953036, "n_estimators": 14.119131617369622}, "datetime": {"datetime": "2021-09-17 10:11:49", "elapsed": 300.785294, "delta": 1.111391}}
{"target": -3.0534879264078643, "params": {"eta": 0.6551548945335878, "max_depth": 7.993326890329209, "n_estimators": 14.838783391612136}, "datetime": {"datetime": "2021-09-17 10:11:50", "elapsed": 301.924094, "delta": 1.1388}}
{"target": -2.9548082445797172, "params": {"eta": 0.22017271074055073, "max_depth": 7.472424999267994, "n_estimators": 12.307204045328291}, "datetime": {"datetime": "2021-09-17 10:11:51", "elapsed": 302.983525, "delta": 1.059431}}
{"target": -2.396116990792124, "params": {"eta": 0.3576335509999172, "max_depth": 8.019385598830716, "n_estimators": 17.23417642391264}, "datetime": {"datetime": "2021-09-17 10:11:52", "elapsed": 304.051737, "delta": 1.068212}}
{"target": -2.6857454469329434, "params": {"eta": 0.22675041535229065, "max_depth": 7.866342545318558, "n_estimators": 17.426390768417175}, "datetime": {"datetime": "2021-09-17 10:11:54", "elapsed": 306.488313, "delta": 2.436576}}
{"target": -4.10630241506978, "params": {"eta": 0.11143761665562076, "max_depth": 7.926368096357396, "n_estimators": 17.12716399103594}, "datetime": {"datetime": "2021-09-17 10:11:56", "elapsed": 308.637285, "delta": 2.148972}}
{"target": -2.8160222235478853, "params": {"eta": 0.5675756776731337, "max_depth": 8.141600749684274, "n_estimators": 17.181190695535506}, "datetime": {"datetime": "2021-09-17 10:11:59", "elapsed": 311.178311, "delta": 2.541026}}
{"target": -4.399998969780771, "params": {"eta": 0.1349826310375301, "max_depth": 5.145364195288042, "n_estimators": 13.393637995078677}, "datetime": {"datetime": "2021-09-17 10:12:00", "elapsed": 312.368991, "delta": 1.19068}}
{"target": -2.5984980476529977, "params": {"eta": 0.2849413815047797, "max_depth": 8.730097762702659, "n_estimators": 16.429220899028188}, "datetime": {"datetime": "2021-09-17 10:12:02", "elapsed": 314.407821, "delta": 2.03883}}
{"target": -2.5707529168379932, "params": {"eta": 0.44992553443818595, "max_depth": 8.991894751358576, "n_estimators": 16.153764079312943}, "datetime": {"datetime": "2021-09-17 10:12:05", "elapsed": 316.795844, "delta": 2.388023}}
{"target": -2.7022744505028973, "params": {"eta": 0.6824114526964792, "max_depth": 8.567041505333648, "n_estimators": 12.42825198032249}, "datetime": {"datetime": "2021-09-17 10:12:06", "elapsed": 318.047481, "delta": 1.251637}}
{"target": -2.6336028218269347, "params": {"eta": 0.4280270366974579, "max_depth": 8.087644829216869, "n_estimators": 17.423586456086856}, "datetime": {"datetime": "2021-09-17 10:12:08", "elapsed": 320.308703, "delta": 2.261222}}
{"target": -2.9941512860749895, "params": {"eta": 0.5914070610755816, "max_depth": 8.888207559159541, "n_estimators": 16.363001926996052}, "datetime": {"datetime": "2021-09-17 10:12:10", "elapsed": 322.117249, "delta": 1.808546}}
{"target": -2.7229062921122504, "params": {"eta": 0.19279940582979516, "max_depth": 9.03493176292617, "n_estimators": 16.385621100539396}, "datetime": {"datetime": "2021-09-17 10:12:12", "elapsed": 324.385526, "delta": 2.268277}}
{"target": -2.7436908351747613, "params": {"eta": 0.2014129387192396, "max_depth": 9.035467683108669, "n_estimators": 15.970086693551513}, "datetime": {"datetime": "2021-09-17 10:12:15", "elapsed": 327.083994, "delta": 2.698468}}
{"target": -2.573659581887094, "params": {"eta": 0.32206241327710267, "max_depth": 9.260205028172509, "n_estimators": 16.197656527640145}, "datetime": {"datetime": "2021-09-17 10:12:17", "elapsed": 329.523316, "delta": 2.439322}}
{"target": -2.710464476911645, "params": {"eta": 0.5703453400706753, "max_depth": 9.00285615696477, "n_estimators": 15.901765929960085}, "datetime": {"datetime": "2021-09-17 10:12:20", "elapsed": 331.775681, "delta": 2.252365}}
{"target": -2.5634256758187948, "params": {"eta": 0.3936033432335416, "max_depth": 8.811599003408672, "n_estimators": 16.265917898964258}, "datetime": {"datetime": "2021-09-17 10:12:21", "elapsed": 332.925268, "delta": 1.149587}}
{"target": -3.001774335534949, "params": {"eta": 0.6008328647533243, "max_depth": 9.366330405018749, "n_estimators": 16.104098340850875}, "datetime": {"datetime": "2021-09-17 10:12:23", "elapsed": 335.274989, "delta": 2.349721}}
{"target": -3.0723589872059067, "params": {"eta": 0.5715908649418932, "max_depth": 9.514010331851848, "n_estimators": 12.247433042677738}, "datetime": {"datetime": "2021-09-17 10:12:24", "elapsed": 336.469641, "delta": 1.194652}}
{"target": -2.8111103810762104, "params": {"eta": 0.5854650691630335, "max_depth": 6.019532545625649, "n_estimators": 16.0728558855907}, "datetime": {"datetime": "2021-09-17 10:12:26", "elapsed": 338.71657, "delta": 2.246929}}
{"target": -2.6374263650492615, "params": {"eta": 0.46159189204173035, "max_depth": 8.224071531062876, "n_estimators": 15.899176537103077}, "datetime": {"datetime": "2021-09-17 10:12:28", "elapsed": 340.660409, "delta": 1.943839}}
{"target": -2.882904533336037, "params": {"eta": 0.17938662700276187, "max_depth": 8.482848059595518, "n_estimators": 15.773516847619515}, "datetime": {"datetime": "2021-09-17 10:12:30", "elapsed": 342.581563, "delta": 1.921154}}
{"target": -2.5087847998267727, "params": {"eta": 0.3427394110703408, "max_depth": 7.88510374166392, "n_estimators": 17.75570905614}, "datetime": {"datetime": "2021-09-17 10:12:33", "elapsed": 344.996191, "delta": 2.414628}}
{"target": -2.9751782492587444, "params": {"eta": 0.5605913007690732, "max_depth": 3.5627557411566624, "n_estimators": 10.248868390816208}, "datetime": {"datetime": "2021-09-17 10:12:34", "elapsed": 346.21378, "delta": 1.217589}}
{"target": -2.8092778682708737, "params": {"eta": 0.5548015268981161, "max_depth": 8.002646915956761, "n_estimators": 17.92026414755834}, "datetime": {"datetime": "2021-09-17 10:12:36", "elapsed": 347.994332, "delta": 1.780552}}
{"target": -2.6391412672243617, "params": {"eta": 0.44774116456980473, "max_depth": 7.583533001050219, "n_estimators": 17.554417615684763}, "datetime": {"datetime": "2021-09-17 10:12:37", "elapsed": 349.586196, "delta": 1.591864}}
{"target": -2.5926239760298473, "params": {"eta": 0.35861147763112455, "max_depth": 7.610212054743376, "n_estimators": 17.912286507972528}, "datetime": {"datetime": "2021-09-17 10:12:39", "elapsed": 351.239645, "delta": 1.653449}}
{"target": -2.898635247506593, "params": {"eta": 0.5460917505285282, "max_depth": 6.825351708296106, "n_estimators": 14.562273932988145}, "datetime": {"datetime": "2021-09-17 10:12:40", "elapsed": 352.497645, "delta": 1.258}}
{"target": -3.204802508730637, "params": {"eta": 0.13889833467072457, "max_depth": 7.656474740194364, "n_estimators": 17.76480892116127}, "datetime": {"datetime": "2021-09-17 10:12:42", "elapsed": 354.382928, "delta": 1.885283}}
{"target": -2.4554683722947774, "params": {"eta": 0.4455447554710251, "max_depth": 9.99114953185033, "n_estimators": 17.90341748630724}, "datetime": {"datetime": "2021-09-17 10:12:43", "elapsed": 355.701569, "delta": 1.318641}}
{"target": -3.75565906700335, "params": {"eta": 0.1537118110248609, "max_depth": 3.091876955876635, "n_estimators": 13.912914753179145}, "datetime": {"datetime": "2021-09-17 10:12:45", "elapsed": 356.923744, "delta": 1.222175}}
{"target": -2.95744280940608, "params": {"eta": 0.6201972338866223, "max_depth": 7.531519139308861, "n_estimators": 17.979814381435464}, "datetime": {"datetime": "2021-09-17 10:12:47", "elapsed": 359.156567, "delta": 2.232823}}
{"target": -2.7772194172206675, "params": {"eta": 0.19322670469373532, "max_depth": 5.081789162032313, "n_estimators": 15.320104145923494}, "datetime": {"datetime": "2021-09-17 10:12:48", "elapsed": 360.39756, "delta": 1.240993}}
{"target": -2.9851296293108085, "params": {"eta": 0.6927462710703755, "max_depth": 8.930152696837489, "n_estimators": 13.423758217052558}, "datetime": {"datetime": "2021-09-17 10:12:49", "elapsed": 361.699953, "delta": 1.302393}}
{"target": -2.839502310125451, "params": {"eta": 0.6539182792770718, "max_depth": 6.9103972865729695, "n_estimators": 16.242094172461346}, "datetime": {"datetime": "2021-09-17 10:12:52", "elapsed": 364.168745, "delta": 2.468792}}
{"target": -3.733655848001179, "params": {"eta": 0.12305290608682018, "max_depth": 3.0085887958495796, "n_estimators": 17.43202773393805}, "datetime": {"datetime": "2021-09-17 10:12:55", "elapsed": 367.00329, "delta": 2.834545}}
{"target": -2.6851940813817476, "params": {"eta": 0.25088317918972647, "max_depth": 7.216246171563587, "n_estimators": 16.530338164318536}, "datetime": {"datetime": "2021-09-17 10:12:57", "elapsed": 369.515421, "delta": 2.512131}}
{"target": -2.5783303223158183, "params": {"eta": 0.46901428580350357, "max_depth": 6.1145173938561275, "n_estimators": 16.466350473609438}, "datetime": {"datetime": "2021-09-17 10:13:00", "elapsed": 372.278331, "delta": 2.76291}}
{"target": -2.684000555465096, "params": {"eta": 0.5070933167155846, "max_depth": 5.5864499662473, "n_estimators": 16.45867028487412}, "datetime": {"datetime": "2021-09-17 10:13:01", "elapsed": 373.565395, "delta": 1.287064}}
{"target": -3.002214433644947, "params": {"eta": 0.6178333989773239, "max_depth": 6.266618874973259, "n_estimators": 11.68344899742306}, "datetime": {"datetime": "2021-09-17 10:13:03", "elapsed": 374.819159, "delta": 1.253764}}
{"target": -2.661023712158203, "params": {"eta": 0.3422052693721232, "max_depth": 5.8554505027207995, "n_estimators": 16.33555520143997}, "datetime": {"datetime": "2021-09-17 10:13:05", "elapsed": 377.214662, "delta": 2.395503}}
{"target": -2.825526214273352, "params": {"eta": 0.6389923464622033, "max_depth": 5.8529157947987, "n_estimators": 16.480871749067454}, "datetime": {"datetime": "2021-09-17 10:13:07", "elapsed": 379.444461, "delta": 2.229799}}
{"target": -3.006479834882836, "params": {"eta": 0.6248642225777418, "max_depth": 6.68565727344156, "n_estimators": 13.532861955882574}, "datetime": {"datetime": "2021-09-17 10:13:08", "elapsed": 380.751628, "delta": 1.307167}}
{"target": -2.5193322225620873, "params": {"eta": 0.22761205658382205, "max_depth": 6.005847132108212, "n_estimators": 16.637290208751097}, "datetime": {"datetime": "2021-09-17 10:13:11", "elapsed": 382.975428, "delta": 2.2238}}
{"target": -5.501324119693355, "params": {"eta": 0.1472587853509158, "max_depth": 4.45514007269361, "n_estimators": 10.630887362083044}, "datetime": {"datetime": "2021-09-17 10:13:12", "elapsed": 384.243528, "delta": 1.2681}}
{"target": -2.5763988890145955, "params": {"eta": 0.27794024813298424, "max_depth": 5.727609277714228, "n_estimators": 16.672389207497044}, "datetime": {"datetime": "2021-09-17 10:13:14", "elapsed": 385.956808, "delta": 1.71328}}
{"target": -2.693345114431883, "params": {"eta": 0.45496793157460524, "max_depth": 5.945014327031624, "n_estimators": 16.770576105626986}, "datetime": {"datetime": "2021-09-17 10:13:16", "elapsed": 387.987149, "delta": 2.030341}}
{"target": -2.648838444759971, "params": {"eta": 0.2698469617642671, "max_depth": 6.35111990212644, "n_estimators": 16.723028644096534}, "datetime": {"datetime": "2021-09-17 10:13:18", "elapsed": 389.889502, "delta": 1.902353}}
{"target": -2.7222366295362774, "params": {"eta": 0.21566632851396286, "max_depth": 7.443512530872735, "n_estimators": 15.341748872287194}, "datetime": {"datetime": "2021-09-17 10:13:19", "elapsed": 391.110722, "delta": 1.22122}}
