{"target": 0.7986756184796306, "params": {"eta": 0.15991349644362082, "max_depth": 49.43213814169809, "n_estimators": 16.816995390346467}, "datetime": {"datetime": "2021-09-21 11:08:22", "elapsed": 413.385336, "delta": 1.52045}}
{"target": 0.8477169015330865, "params": {"eta": 0.24736960846579376, "max_depth": 8.375089183199178, "n_estimators": 41.56400360952709}, "datetime": {"datetime": "2021-09-21 11:08:24", "elapsed": 415.217925, "delta": 1.832589}}
{"target": 0.3390025081968615, "params": {"eta": 0.10592014784104245, "max_depth": 11.865878654934912, "n_estimators": 12.042340480613767}, "datetime": {"datetime": "2021-09-21 11:08:25", "elapsed": 416.38715, "delta": 1.169225}}
{"target": 0.8552884069923825, "params": {"eta": 0.39302389258001014, "max_depth": 39.54571473703451, "n_estimators": 48.1231341332252}, "datetime": {"datetime": "2021-09-21 11:08:27", "elapsed": 418.563404, "delta": 2.176254}}
{"target": 0.8215069765911389, "params": {"eta": 0.25476558133215665, "max_depth": 10.130802394165697, "n_estimators": 12.145102575928428}, "datetime": {"datetime": "2021-09-21 11:08:29", "elapsed": 420.622462, "delta": 2.059058}}
{"target": 0.8620685442460189, "params": {"eta": 0.45750622856240375, "max_depth": 28.872256761134224, "n_estimators": 42.762024492593696}, "datetime": {"datetime": "2021-09-21 11:08:33", "elapsed": 424.04257, "delta": 3.420108}}
{"target": 0.865174538473275, "params": {"eta": 0.12892017169675707, "max_depth": 7.890013169265092, "n_estimators": 41.766766059038005}, "datetime": {"datetime": "2021-09-21 11:08:35", "elapsed": 426.46394, "delta": 2.42137}}
{"target": 0.8421382561559962, "params": {"eta": 0.1, "max_depth": 35.25358875168602, "n_estimators": 45.33735797106249}, "datetime": {"datetime": "2021-09-21 11:08:37", "elapsed": 428.326243, "delta": 1.862303}}
{"target": 0.8483254919866704, "params": {"eta": 0.13635342817180773, "max_depth": 38.47944575841764, "n_estimators": 34.28920206713479}, "datetime": {"datetime": "2021-09-21 11:08:38", "elapsed": 429.814923, "delta": 1.48868}}
{"target": 0.8576673570180431, "params": {"eta": 0.3415742127946897, "max_depth": 44.748769833731195, "n_estimators": 31.075921645689423}, "datetime": {"datetime": "2021-09-21 11:08:40", "elapsed": 431.367884, "delta": 1.552961}}
{"target": 0.8584487370941782, "params": {"eta": 0.26995205393760235, "max_depth": 12.461195284959082, "n_estimators": 46.781290290733125}, "datetime": {"datetime": "2021-09-21 11:08:42", "elapsed": 433.193714, "delta": 1.82583}}
{"target": 0.871350508758763, "params": {"eta": 0.38005125131299045, "max_depth": 7.839628767304806, "n_estimators": 41.960997704740215}, "datetime": {"datetime": "2021-09-21 11:08:44", "elapsed": 435.039951, "delta": 1.846237}}
{"target": 0.8216549567598626, "params": {"eta": 0.4841362075099477, "max_depth": 35.3403829799299, "n_estimators": 46.42856618796622}, "datetime": {"datetime": "2021-09-21 11:08:45", "elapsed": 436.534946, "delta": 1.494995}}
{"target": 0.8244132308608224, "params": {"eta": 0.4119193496019432, "max_depth": 21.51318320720614, "n_estimators": 43.25715628109676}, "datetime": {"datetime": "2021-09-21 11:08:48", "elapsed": 439.044141, "delta": 2.509195}}
{"target": 0.7476400198710558, "params": {"eta": 0.17085170086030327, "max_depth": 1.171891207722587, "n_estimators": 24.608347196671776}, "datetime": {"datetime": "2021-09-21 11:08:49", "elapsed": 440.714938, "delta": 1.670797}}
{"target": 0.8555738074785741, "params": {"eta": 0.3339801253400764, "max_depth": 18.822885330489694, "n_estimators": 33.27571989545924}, "datetime": {"datetime": "2021-09-21 11:08:54", "elapsed": 445.228374, "delta": 4.513436}}
{"target": 0.8625127280012309, "params": {"eta": 0.3458077536972284, "max_depth": 18.360316077325496, "n_estimators": 33.71869882691634}, "datetime": {"datetime": "2021-09-21 11:08:58", "elapsed": 449.453216, "delta": 4.224842}}
{"target": 0.8213332655974324, "params": {"eta": 0.4795486373207676, "max_depth": 20.814990146332587, "n_estimators": 43.156316033672276}, "datetime": {"datetime": "2021-09-21 11:09:02", "elapsed": 453.220813, "delta": 3.767597}}
{"target": 0.8633543405492122, "params": {"eta": 0.2387066812563845, "max_depth": 7.56665906697805, "n_estimators": 41.828515671086535}, "datetime": {"datetime": "2021-09-21 11:09:05", "elapsed": 456.257715, "delta": 3.036902}}
{"target": 0.8565351069228117, "params": {"eta": 0.13959062952721288, "max_depth": 33.44186048423734, "n_estimators": 49.11709386817926}, "datetime": {"datetime": "2021-09-21 11:09:08", "elapsed": 459.517555, "delta": 3.25984}}
{"target": 0.8536476270109077, "params": {"eta": 0.3701908463986322, "max_depth": 18.76597804470078, "n_estimators": 33.72935236004082}, "datetime": {"datetime": "2021-09-21 11:09:11", "elapsed": 462.211355, "delta": 2.6938}}
{"target": 0.8515140081910451, "params": {"eta": 0.44858391116531215, "max_depth": 46.278682138936524, "n_estimators": 38.71666867095517}, "datetime": {"datetime": "2021-09-21 11:09:14", "elapsed": 465.486948, "delta": 3.275593}}
{"target": 0.8662521767561587, "params": {"eta": 0.3418498126405366, "max_depth": 8.164217237703578, "n_estimators": 42.01992502270228}, "datetime": {"datetime": "2021-09-21 11:09:18", "elapsed": 469.319217, "delta": 3.832269}}
{"target": 0.7965642434345763, "params": {"eta": 0.18979271152336566, "max_depth": 2.724977645215149, "n_estimators": 44.03140422133816}, "datetime": {"datetime": "2021-09-21 11:09:20", "elapsed": 471.366123, "delta": 2.046906}}
{"target": 0.8408993102435985, "params": {"eta": 0.47242403192585447, "max_depth": 46.741921275391626, "n_estimators": 22.630875202808618}, "datetime": {"datetime": "2021-09-21 11:09:22", "elapsed": 473.813752, "delta": 2.447629}}
{"target": 0.8487987442621729, "params": {"eta": 0.3527579639911106, "max_depth": 33.46961281733757, "n_estimators": 48.76454601206378}, "datetime": {"datetime": "2021-09-21 11:09:27", "elapsed": 478.411532, "delta": 4.59778}}
{"target": 0.8564003117818066, "params": {"eta": 0.23186629952072801, "max_depth": 6.275839588878046, "n_estimators": 37.553726865052184}, "datetime": {"datetime": "2021-09-21 11:09:29", "elapsed": 480.613505, "delta": 2.201973}}
{"target": 0.8536817389365232, "params": {"eta": 0.18340471078023401, "max_depth": 46.39789744239959, "n_estimators": 39.35287450034228}, "datetime": {"datetime": "2021-09-21 11:09:32", "elapsed": 483.041036, "delta": 2.427531}}
{"target": 0.8267448168668974, "params": {"eta": 0.24857967158781658, "max_depth": 27.055440230823173, "n_estimators": 14.527388316818538}, "datetime": {"datetime": "2021-09-21 11:09:33", "elapsed": 484.666635, "delta": 1.625599}}
{"target": 0.8462934212784153, "params": {"eta": 0.39283991985069444, "max_depth": 17.647849926140157, "n_estimators": 10.280985111954184}, "datetime": {"datetime": "2021-09-21 11:09:35", "elapsed": 486.134085, "delta": 1.46745}}
{"target": 0.8500040396356165, "params": {"eta": 0.3616232528781935, "max_depth": 12.00129577869216, "n_estimators": 47.115623848883814}, "datetime": {"datetime": "2021-09-21 11:09:38", "elapsed": 488.937673, "delta": 2.803588}}
{"target": 0.8358001711960759, "params": {"eta": 0.2907232262857063, "max_depth": 29.564444912380807, "n_estimators": 17.707805760844124}, "datetime": {"datetime": "2021-09-21 11:09:39", "elapsed": 490.743255, "delta": 1.805582}}
{"target": 0.839950857590845, "params": {"eta": 0.4726100645356023, "max_depth": 20.931261171205435, "n_estimators": 43.86594488783922}, "datetime": {"datetime": "2021-09-21 11:09:42", "elapsed": 493.162304, "delta": 2.419049}}
{"target": 0.8451329318770744, "params": {"eta": 0.3104625959177084, "max_depth": 18.9866913783324, "n_estimators": 19.55211122932245}, "datetime": {"datetime": "2021-09-21 11:09:44", "elapsed": 495.748552, "delta": 2.586248}}
{"target": 0.8503365055863692, "params": {"eta": 0.10411475795857142, "max_depth": 46.27756004782369, "n_estimators": 36.77674809685568}, "datetime": {"datetime": "2021-09-21 11:09:46", "elapsed": 497.618301, "delta": 1.869749}}
{"target": 0.8294103450092809, "params": {"eta": 0.2600894839293567, "max_depth": 30.265480005051305, "n_estimators": 27.519134625404234}, "datetime": {"datetime": "2021-09-21 11:09:48", "elapsed": 499.595925, "delta": 1.977624}}
{"target": 0.8441358183192499, "params": {"eta": 0.39875652809614914, "max_depth": 39.190277213192104, "n_estimators": 21.655937445557072}, "datetime": {"datetime": "2021-09-21 11:09:50", "elapsed": 501.619485, "delta": 2.02356}}
{"target": 0.8407631865605767, "params": {"eta": 0.2976578912165285, "max_depth": 11.973127622740957, "n_estimators": 46.45640348394885}, "datetime": {"datetime": "2021-09-21 11:09:53", "elapsed": 504.156181, "delta": 2.536696}}
{"target": 0.8578675236187385, "params": {"eta": 0.3247751379891999, "max_depth": 47.95154568781199, "n_estimators": 18.453365730357845}, "datetime": {"datetime": "2021-09-21 11:09:56", "elapsed": 507.190314, "delta": 3.034133}}
{"target": 0.8373981302575229, "params": {"eta": 0.4536695411925883, "max_depth": 35.83068345848562, "n_estimators": 13.847641320523003}, "datetime": {"datetime": "2021-09-21 11:09:59", "elapsed": 510.21128, "delta": 3.020966}}
{"target": 0.8269485763839882, "params": {"eta": 0.4682738355724897, "max_depth": 8.894201929546995, "n_estimators": 34.90026134585232}, "datetime": {"datetime": "2021-09-21 11:10:02", "elapsed": 513.547367, "delta": 3.336087}}
{"target": 0.845542163764351, "params": {"eta": 0.45038632732717454, "max_depth": 30.959151558795693, "n_estimators": 33.92759113557081}, "datetime": {"datetime": "2021-09-21 11:10:08", "elapsed": 519.495668, "delta": 5.948301}}
{"target": 0.8416552552823456, "params": {"eta": 0.14792183949353924, "max_depth": 20.133094824921947, "n_estimators": 31.211519258022076}, "datetime": {"datetime": "2021-09-21 11:10:12", "elapsed": 523.020355, "delta": 3.524687}}
{"target": 0.8612673706331897, "params": {"eta": 0.402091230926528, "max_depth": 24.96195577743178, "n_estimators": 20.32065608445512}, "datetime": {"datetime": "2021-09-21 11:10:14", "elapsed": 525.494497, "delta": 2.474142}}
{"target": 0.8144658312697105, "params": {"eta": 0.46901458620499115, "max_depth": 3.3177673001366457, "n_estimators": 42.69054329067809}, "datetime": {"datetime": "2021-09-21 11:10:16", "elapsed": 527.50644, "delta": 2.011943}}
{"target": 0.8472371134286885, "params": {"eta": 0.4743350472263027, "max_depth": 44.46340429393512, "n_estimators": 17.911959007418954}, "datetime": {"datetime": "2021-09-21 11:10:18", "elapsed": 529.607324, "delta": 2.100884}}
{"target": 0.8570223931669396, "params": {"eta": 0.471143729280864, "max_depth": 7.881332986335676, "n_estimators": 41.68381400308604}, "datetime": {"datetime": "2021-09-21 11:10:21", "elapsed": 532.589481, "delta": 2.982157}}
{"target": 0.8581119188141546, "params": {"eta": 0.1, "max_depth": 7.807405145467701, "n_estimators": 42.151848501353456}, "datetime": {"datetime": "2021-09-21 11:10:24", "elapsed": 535.887988, "delta": 3.298507}}
{"target": 0.8515285045297271, "params": {"eta": 0.146152280403039, "max_depth": 5.8619284687385615, "n_estimators": 40.17888556088879}, "datetime": {"datetime": "2021-09-21 11:10:29", "elapsed": 539.965912, "delta": 4.077924}}
{"target": 0.8592255723132137, "params": {"eta": 0.2686378797367471, "max_depth": 18.59739549642968, "n_estimators": 20.14706460477479}, "datetime": {"datetime": "2021-09-21 11:10:31", "elapsed": 542.499305, "delta": 2.533393}}
{"target": 0.8494121710675416, "params": {"eta": 0.17294195484620578, "max_depth": 15.256678262438985, "n_estimators": 46.188337951708505}, "datetime": {"datetime": "2021-09-21 11:10:35", "elapsed": 546.6157, "delta": 4.116395}}
{"target": 0.8477410449423181, "params": {"eta": 0.37142603039936617, "max_depth": 16.47757721152082, "n_estimators": 28.919151795530368}, "datetime": {"datetime": "2021-09-21 11:10:38", "elapsed": 549.133515, "delta": 2.517815}}
{"target": 0.8650021688920997, "params": {"eta": 0.37883227199798275, "max_depth": 6.195865570901259, "n_estimators": 45.161172914046915}, "datetime": {"datetime": "2021-09-21 11:10:40", "elapsed": 551.466696, "delta": 2.333181}}
{"target": 0.8586751519442782, "params": {"eta": 0.12395286746736622, "max_depth": 33.9207174952802, "n_estimators": 37.37246017758189}, "datetime": {"datetime": "2021-09-21 11:10:42", "elapsed": 553.308402, "delta": 1.841706}}
{"target": 0.8536244070618862, "params": {"eta": 0.31468886334631085, "max_depth": 13.807122167021406, "n_estimators": 36.15467616979505}, "datetime": {"datetime": "2021-09-21 11:10:45", "elapsed": 556.130778, "delta": 2.822376}}
{"target": 0.8331524765514368, "params": {"eta": 0.22610659593114374, "max_depth": 3.707539425673894, "n_estimators": 49.18204406168964}, "datetime": {"datetime": "2021-09-21 11:10:48", "elapsed": 559.140308, "delta": 3.00953}}
{"target": 0.8628128188037907, "params": {"eta": 0.47238758769244893, "max_depth": 7.8524404648418935, "n_estimators": 42.33874271432174}, "datetime": {"datetime": "2021-09-21 11:10:52", "elapsed": 563.034906, "delta": 3.894598}}
{"target": 0.8679194575207714, "params": {"eta": 0.34918696158207196, "max_depth": 7.4436680975517735, "n_estimators": 42.298422512485075}, "datetime": {"datetime": "2021-09-21 11:10:56", "elapsed": 567.912108, "delta": 4.877202}}
{"target": 0.8546499379816308, "params": {"eta": 0.14479549253345525, "max_depth": 45.8898455846088, "n_estimators": 43.88768310340299}, "datetime": {"datetime": "2021-09-21 11:11:02", "elapsed": 573.231654, "delta": 5.319546}}
{"target": 0.8281921045498655, "params": {"eta": 0.5, "max_depth": 7.53060712482269, "n_estimators": 42.048439255851115}, "datetime": {"datetime": "2021-09-21 11:11:06", "elapsed": 577.792268, "delta": 4.560614}}
{"target": 0.8641957566118557, "params": {"eta": 0.4583649729569499, "max_depth": 46.02827006197819, "n_estimators": 41.703363371612355}, "datetime": {"datetime": "2021-09-21 11:11:09", "elapsed": 579.975556, "delta": 2.183288}}
{"target": 0.8666199458039024, "params": {"eta": 0.11852229461433615, "max_depth": 45.73084846976076, "n_estimators": 41.68693160628301}, "datetime": {"datetime": "2021-09-21 11:11:12", "elapsed": 583.050515, "delta": 3.074959}}
{"target": 0.8674102681311009, "params": {"eta": 0.43888397291069936, "max_depth": 45.644026025624214, "n_estimators": 41.696068991558306}, "datetime": {"datetime": "2021-09-21 11:11:14", "elapsed": 585.612752, "delta": 2.562237}}
{"target": 0.8643884616840112, "params": {"eta": 0.156504495418753, "max_depth": 46.09880942988663, "n_estimators": 41.53747901910552}, "datetime": {"datetime": "2021-09-21 11:11:16", "elapsed": 587.53974, "delta": 1.926988}}
{"target": 0.8652016414350222, "params": {"eta": 0.38484139574366005, "max_depth": 7.602216097521517, "n_estimators": 42.6691993182982}, "datetime": {"datetime": "2021-09-21 11:11:18", "elapsed": 589.557771, "delta": 2.018031}}
{"target": 0.8518774301912715, "params": {"eta": 0.30734097555311013, "max_depth": 45.848001418920596, "n_estimators": 41.30250273483889}, "datetime": {"datetime": "2021-09-21 11:11:21", "elapsed": 592.290644, "delta": 2.732873}}
{"target": 0.8517141566338187, "params": {"eta": 0.11680691881435884, "max_depth": 40.008695378747014, "n_estimators": 37.83715207765496}, "datetime": {"datetime": "2021-09-21 11:11:24", "elapsed": 595.433377, "delta": 3.142733}}
{"target": 0.8298967946586956, "params": {"eta": 0.41497089489539685, "max_depth": 18.461025318725152, "n_estimators": 19.794337689119395}, "datetime": {"datetime": "2021-09-21 11:11:28", "elapsed": 599.299385, "delta": 3.866008}}
{"target": 0.8557175338103729, "params": {"eta": 0.32639486941170714, "max_depth": 46.10428960597812, "n_estimators": 38.206547193081946}, "datetime": {"datetime": "2021-09-21 11:11:31", "elapsed": 602.650379, "delta": 3.350994}}
{"target": 0.8343819823187677, "params": {"eta": 0.28913880699290806, "max_depth": 38.29241217362502, "n_estimators": 23.01058858688712}, "datetime": {"datetime": "2021-09-21 11:11:35", "elapsed": 606.518353, "delta": 3.867974}}
{"target": 0.8482460491104055, "params": {"eta": 0.1192987531996471, "max_depth": 42.52724675070046, "n_estimators": 37.535925433128114}, "datetime": {"datetime": "2021-09-21 11:11:37", "elapsed": 608.824487, "delta": 2.306134}}
{"target": 0.8397462054481837, "params": {"eta": 0.46173066493424775, "max_depth": 31.68994472453751, "n_estimators": 30.714684431177318}, "datetime": {"datetime": "2021-09-21 11:11:40", "elapsed": 611.359132, "delta": 2.534645}}
{"target": 0.8465425859426893, "params": {"eta": 0.23790679083786986, "max_depth": 7.675938795021472, "n_estimators": 42.41603392556612}, "datetime": {"datetime": "2021-09-21 11:11:43", "elapsed": 614.17559, "delta": 2.816458}}
{"target": 0.8568130165355088, "params": {"eta": 0.33550157638311445, "max_depth": 25.202075137972102, "n_estimators": 17.67234388435736}, "datetime": {"datetime": "2021-09-21 11:11:45", "elapsed": 616.68179, "delta": 2.5062}}
{"target": 0.8641146009246788, "params": {"eta": 0.17057633241596176, "max_depth": 45.64875646747737, "n_estimators": 42.00713859567454}, "datetime": {"datetime": "2021-09-21 11:11:49", "elapsed": 620.07749, "delta": 3.3957}}
{"target": 0.8241468888465009, "params": {"eta": 0.21839835249427553, "max_depth": 24.97995646572048, "n_estimators": 14.051213716192734}, "datetime": {"datetime": "2021-09-21 11:11:54", "elapsed": 625.179268, "delta": 5.101778}}
{"target": 0.8363208440261807, "params": {"eta": 0.28794364821273843, "max_depth": 43.95911833265925, "n_estimators": 49.77079006822191}, "datetime": {"datetime": "2021-09-21 11:12:00", "elapsed": 631.190235, "delta": 6.010967}}
{"target": 0.853786343067761, "params": {"eta": 0.33234110285624185, "max_depth": 12.058914628549719, "n_estimators": 36.094672497464465}, "datetime": {"datetime": "2021-09-21 11:12:04", "elapsed": 635.007036, "delta": 3.816801}}
{"target": 0.8160972043038668, "params": {"eta": 0.4853491172170977, "max_depth": 7.136086023876116, "n_estimators": 42.62908659187552}, "datetime": {"datetime": "2021-09-21 11:12:06", "elapsed": 637.322198, "delta": 2.315162}}
{"target": 0.845534884726746, "params": {"eta": 0.2906569147129575, "max_depth": 14.185098846057898, "n_estimators": 36.062198529702115}, "datetime": {"datetime": "2021-09-21 11:12:09", "elapsed": 639.949964, "delta": 2.627766}}
{"target": 0.7642374735483273, "params": {"eta": 0.2271087749787622, "max_depth": 1.6291426406004357, "n_estimators": 24.070616914755686}, "datetime": {"datetime": "2021-09-21 11:12:10", "elapsed": 641.636565, "delta": 1.686601}}
{"target": 0.8426105650296252, "params": {"eta": 0.22932418763690282, "max_depth": 17.273042705537428, "n_estimators": 49.85686583361577}, "datetime": {"datetime": "2021-09-21 11:12:13", "elapsed": 644.460834, "delta": 2.824269}}
{"target": 0.8025577768058811, "params": {"eta": 0.4934487913349529, "max_depth": 31.464357325073987, "n_estimators": 24.95942571499535}, "datetime": {"datetime": "2021-09-21 11:12:15", "elapsed": 646.563056, "delta": 2.102222}}
{"target": 0.8581119188141546, "params": {"eta": 0.1, "max_depth": 7.314038045611954, "n_estimators": 42.11670826206172}, "datetime": {"datetime": "2021-09-21 11:12:17", "elapsed": 648.718895, "delta": 2.155839}}
{"target": 0.8556908891399599, "params": {"eta": 0.37598952859763257, "max_depth": 22.84879252081071, "n_estimators": 11.394026940966256}, "datetime": {"datetime": "2021-09-21 11:12:19", "elapsed": 650.163881, "delta": 1.444986}}
{"target": 0.8501614618249764, "params": {"eta": 0.15111894226657704, "max_depth": 5.2681186933946424, "n_estimators": 29.42643145387852}, "datetime": {"datetime": "2021-09-21 11:12:21", "elapsed": 652.062442, "delta": 1.898561}}
{"target": 0.8217998517656602, "params": {"eta": 0.2149551662538355, "max_depth": 28.3799604007063, "n_estimators": 12.911638884111714}, "datetime": {"datetime": "2021-09-21 11:12:22", "elapsed": 653.811767, "delta": 1.749325}}
{"target": 0.7945208116765438, "params": {"eta": 0.2521396549033413, "max_depth": 12.90377454015811, "n_estimators": 10.80288867875101}, "datetime": {"datetime": "2021-09-21 11:12:25", "elapsed": 656.345101, "delta": 2.533334}}
{"target": 0.8075747619241478, "params": {"eta": 0.4897404405859518, "max_depth": 19.00896288853505, "n_estimators": 20.093716209480846}, "datetime": {"datetime": "2021-09-21 11:12:28", "elapsed": 659.686414, "delta": 3.341313}}
{"target": 0.8632586263563244, "params": {"eta": 0.3793387880726671, "max_depth": 17.862632463290957, "n_estimators": 49.87302440007957}, "datetime": {"datetime": "2021-09-21 11:12:31", "elapsed": 662.873441, "delta": 3.187027}}
{"target": 0.8791111050925184, "params": {"eta": 0.3918085281160233, "max_depth": 13.855246949287842, "n_estimators": 36.56220493802193}, "datetime": {"datetime": "2021-09-21 11:12:34", "elapsed": 665.777135, "delta": 2.903694}}
{"target": 0.8607203854889411, "params": {"eta": 0.23972922142673322, "max_depth": 13.662678510217413, "n_estimators": 36.539420254155814}, "datetime": {"datetime": "2021-09-21 11:12:39", "elapsed": 670.076731, "delta": 4.299596}}
{"target": 0.828336205672974, "params": {"eta": 0.40930945819513187, "max_depth": 14.065551719915046, "n_estimators": 36.74459821644663}, "datetime": {"datetime": "2021-09-21 11:12:45", "elapsed": 676.391067, "delta": 6.314336}}
{"target": 0.8665544224373061, "params": {"eta": 0.43552828842790714, "max_depth": 7.979262434561917, "n_estimators": 42.68687835362644}, "datetime": {"datetime": "2021-09-21 11:12:49", "elapsed": 680.63018, "delta": 4.239113}}
{"target": 0.806293743076286, "params": {"eta": 0.4906650310547632, "max_depth": 38.880348395922994, "n_estimators": 24.928008915966714}, "datetime": {"datetime": "2021-09-21 11:12:53", "elapsed": 684.112173, "delta": 3.481993}}
{"target": 0.8574523809874512, "params": {"eta": 0.42791750407267437, "max_depth": 8.284743570931766, "n_estimators": 42.53540409505308}, "datetime": {"datetime": "2021-09-21 11:12:57", "elapsed": 688.633025, "delta": 4.520852}}
