{"target": -2.4822009569720214, "params": {"eta": 0.3668116477489024, "max_depth": 10.08123247235982, "n_estimators": 16.97236418102213}, "datetime": {"datetime": "2021-09-17 12:16:15", "elapsed": 26.290017, "delta": 0.481005}}
{"target": -3.0072785026148745, "params": {"eta": 0.48, "max_depth": 3.0, "n_estimators": 8.0}, "datetime": {"datetime": "2021-09-17 12:16:15", "elapsed": 26.753014, "delta": 0.462997}}
{"target": -2.714439310525593, "params": {"eta": 0.2958535900799692, "max_depth": 10.662764458908953, "n_estimators": 16.168241945935428}, "datetime": {"datetime": "2021-09-17 12:16:15", "elapsed": 27.237301, "delta": 0.484287}}
{"target": -2.6274351113720944, "params": {"eta": 0.46366295258604384, "max_depth": 11.780176125039196, "n_estimators": 15.095699635407254}, "datetime": {"datetime": "2021-09-17 12:16:16", "elapsed": 27.737301, "delta": 0.5}}
{"target": -2.464072676708824, "params": {"eta": 0.2884505224370403, "max_depth": 7.790636353104002, "n_estimators": 15.697404005925653}, "datetime": {"datetime": "2021-09-17 12:16:16", "elapsed": 28.208359, "delta": 0.471058}}
{"target": -2.6921480385880723, "params": {"eta": 0.4030668161043692, "max_depth": 7.1080368924768065, "n_estimators": 10.990895089549074}, "datetime": {"datetime": "2021-09-17 12:16:17", "elapsed": 28.646364, "delta": 0.438005}}
{"target": -2.5729852525811445, "params": {"eta": 0.4685961118799768, "max_depth": 7.221602502747432, "n_estimators": 9.67076737460758}, "datetime": {"datetime": "2021-09-17 12:16:17", "elapsed": 29.107556, "delta": 0.461192}}
{"target": -2.4884371964555037, "params": {"eta": 0.4423930918282224, "max_depth": 6.662308329511468, "n_estimators": 13.617191367145743}, "datetime": {"datetime": "2021-09-17 12:16:18", "elapsed": 29.523561, "delta": 0.416005}}
{"target": -2.8555006554252222, "params": {"eta": 0.28, "max_depth": 4.994812017493071, "n_estimators": 11.407331251275199}, "datetime": {"datetime": "2021-09-17 12:16:18", "elapsed": 29.921561, "delta": 0.398}}
{"target": -2.6441520646998757, "params": {"eta": 0.32611184130316095, "max_depth": 9.572736511721164, "n_estimators": 11.251690933313283}, "datetime": {"datetime": "2021-09-17 12:16:19", "elapsed": 30.374334, "delta": 0.452773}}
{"target": -2.5939747546848495, "params": {"eta": 0.47673460636343723, "max_depth": 4.893661338446337, "n_estimators": 16.51960675388274}, "datetime": {"datetime": "2021-09-17 12:16:19", "elapsed": 31.005551, "delta": 0.631217}}
{"target": -2.568766256382591, "params": {"eta": 0.30472014426000676, "max_depth": 9.900635699206731, "n_estimators": 15.158079298508227}, "datetime": {"datetime": "2021-09-17 12:16:20", "elapsed": 31.461554, "delta": 0.456003}}
{"target": -2.528319538894453, "params": {"eta": 0.28713705179089744, "max_depth": 9.65268833429668, "n_estimators": 16.66711740643933}, "datetime": {"datetime": "2021-09-17 12:16:20", "elapsed": 31.953552, "delta": 0.491998}}
{"target": -2.6282177768255535, "params": {"eta": 0.48, "max_depth": 9.98992242529598, "n_estimators": 9.503423216941977}, "datetime": {"datetime": "2021-09-17 12:16:21", "elapsed": 32.371547, "delta": 0.417995}}
{"target": -2.621861287794615, "params": {"eta": 0.48, "max_depth": 11.916796928304276, "n_estimators": 11.442386546143258}, "datetime": {"datetime": "2021-09-17 12:16:21", "elapsed": 32.941549, "delta": 0.570002}}
{"target": -2.512241848518974, "params": {"eta": 0.28, "max_depth": 5.221087071890888, "n_estimators": 14.44228973495943}, "datetime": {"datetime": "2021-09-17 12:16:22", "elapsed": 33.378851, "delta": 0.437302}}
{"target": -2.6509190885644207, "params": {"eta": 0.4310440089826364, "max_depth": 4.532281938418461, "n_estimators": 14.35552507508207}, "datetime": {"datetime": "2021-09-17 12:16:22", "elapsed": 33.83285, "delta": 0.453999}}
{"target": -2.7980576006989732, "params": {"eta": 0.48, "max_depth": 5.733007905514197, "n_estimators": 14.14416448055812}, "datetime": {"datetime": "2021-09-17 12:16:23", "elapsed": 34.370848, "delta": 0.537998}}
{"target": -2.9928694461521346, "params": {"eta": 0.3068935230606324, "max_depth": 12.386375925696985, "n_estimators": 8.085241089741587}, "datetime": {"datetime": "2021-09-17 12:16:23", "elapsed": 34.67885, "delta": 0.308002}}
{"target": -2.4662013505634506, "params": {"eta": 0.30934745351658227, "max_depth": 5.020233259294083, "n_estimators": 15.025394561212751}, "datetime": {"datetime": "2021-09-17 12:16:23", "elapsed": 35.165046, "delta": 0.486196}}
{"target": -2.510983641524064, "params": {"eta": 0.31443940734243014, "max_depth": 6.590718468394335, "n_estimators": 14.861419832437772}, "datetime": {"datetime": "2021-09-17 12:16:24", "elapsed": 35.568708, "delta": 0.403662}}
{"target": -2.708662961031261, "params": {"eta": 0.34303695625227715, "max_depth": 5.457012023466301, "n_estimators": 14.930602608159173}, "datetime": {"datetime": "2021-09-17 12:16:24", "elapsed": 35.968704, "delta": 0.399996}}
{"target": -2.657473289966583, "params": {"eta": 0.4220351370768639, "max_depth": 7.562994368844178, "n_estimators": 16.241453605507033}, "datetime": {"datetime": "2021-09-17 12:16:25", "elapsed": 36.317706, "delta": 0.349002}}
{"target": -2.5210255120929914, "params": {"eta": 0.28, "max_depth": 6.919669047721178, "n_estimators": 15.721438921393503}, "datetime": {"datetime": "2021-09-17 12:16:25", "elapsed": 36.751703, "delta": 0.433997}}
{"target": -2.701233891436928, "params": {"eta": 0.39914857540964555, "max_depth": 12.50414396292572, "n_estimators": 13.347005559905464}, "datetime": {"datetime": "2021-09-17 12:16:25", "elapsed": 37.12995, "delta": 0.378247}}
{"target": -2.5470561667492517, "params": {"eta": 0.4462190806474298, "max_depth": 11.403300593396072, "n_estimators": 12.837400708042818}, "datetime": {"datetime": "2021-09-17 12:16:26", "elapsed": 37.459949, "delta": 0.329999}}
{"target": -2.7398410740651578, "params": {"eta": 0.3322813812939193, "max_depth": 6.83868074628289, "n_estimators": 16.382268632776636}, "datetime": {"datetime": "2021-09-17 12:16:26", "elapsed": 37.948948, "delta": 0.488999}}
{"target": -2.686098669704638, "params": {"eta": 0.4385244097500056, "max_depth": 4.409031270131313, "n_estimators": 15.130354406654515}, "datetime": {"datetime": "2021-09-17 12:16:27", "elapsed": 38.24695, "delta": 0.298002}}
{"target": -2.5506893747731256, "params": {"eta": 0.34216276120924227, "max_depth": 8.282898707884321, "n_estimators": 15.620182745872981}, "datetime": {"datetime": "2021-09-17 12:16:27", "elapsed": 38.913949, "delta": 0.666999}}
{"target": -2.8273462697079306, "params": {"eta": 0.35800214644684253, "max_depth": 3.3529033246980875, "n_estimators": 9.393652937131593}, "datetime": {"datetime": "2021-09-17 12:16:27", "elapsed": 39.2299, "delta": 0.315951}}
{"target": -2.6563048952504205, "params": {"eta": 0.48, "max_depth": 6.784142382774883, "n_estimators": 14.452438859141298}, "datetime": {"datetime": "2021-09-17 12:16:28", "elapsed": 39.724897, "delta": 0.494997}}
{"target": -2.693580783668317, "params": {"eta": 0.3581594647128593, "max_depth": 4.847222447782051, "n_estimators": 8.75289992645629}, "datetime": {"datetime": "2021-09-17 12:16:28", "elapsed": 40.025898, "delta": 0.301001}}
{"target": -2.4307465961104944, "params": {"eta": 0.3006255511719095, "max_depth": 7.257547509010382, "n_estimators": 15.79829936207367}, "datetime": {"datetime": "2021-09-17 12:16:29", "elapsed": 40.515234, "delta": 0.489336}}
{"target": -2.5148662730267173, "params": {"eta": 0.28, "max_depth": 7.103872279491521, "n_estimators": 13.617782307314146}, "datetime": {"datetime": "2021-09-17 12:16:29", "elapsed": 41.052521, "delta": 0.537287}}
{"target": -2.467886459827423, "params": {"eta": 0.28, "max_depth": 5.924485570044915, "n_estimators": 17.0}, "datetime": {"datetime": "2021-09-17 12:16:30", "elapsed": 41.636523, "delta": 0.584002}}
{"target": -2.555356732167696, "params": {"eta": 0.29591990101238785, "max_depth": 7.226069532051118, "n_estimators": 15.815317459041}, "datetime": {"datetime": "2021-09-17 12:16:30", "elapsed": 41.961524, "delta": 0.325001}}
{"target": -2.736235048896388, "params": {"eta": 0.345461091919398, "max_depth": 7.795015732521487, "n_estimators": 15.691104406899761}, "datetime": {"datetime": "2021-09-17 12:16:31", "elapsed": 42.33852, "delta": 0.376996}}
{"target": -2.4354721508528057, "params": {"eta": 0.28758043459217997, "max_depth": 7.8111851871937645, "n_estimators": 15.687369632244964}, "datetime": {"datetime": "2021-09-17 12:16:31", "elapsed": 42.791521, "delta": 0.453001}}
{"target": -2.7290130552492644, "params": {"eta": 0.40782101233063195, "max_depth": 3.991400386449419, "n_estimators": 9.29149687931156}, "datetime": {"datetime": "2021-09-17 12:16:31", "elapsed": 43.106547, "delta": 0.315026}}
{"target": -2.6156176774125353, "params": {"eta": 0.28360281789330355, "max_depth": 7.187747754371425, "n_estimators": 16.177759691821926}, "datetime": {"datetime": "2021-09-17 12:16:32", "elapsed": 43.462545, "delta": 0.355998}}
{"target": -2.4722625418713218, "params": {"eta": 0.28245735816966056, "max_depth": 7.262308555443069, "n_estimators": 15.769358960648743}, "datetime": {"datetime": "2021-09-17 12:16:32", "elapsed": 43.821551, "delta": 0.359006}}
{"target": -2.5707008349268063, "params": {"eta": 0.35971415914000227, "max_depth": 9.559895190909, "n_estimators": 10.557656963850233}, "datetime": {"datetime": "2021-09-17 12:16:32", "elapsed": 44.168548, "delta": 0.346997}}
{"target": -2.7001104781502168, "params": {"eta": 0.32501287528578887, "max_depth": 7.232675017200011, "n_estimators": 15.758554238425017}, "datetime": {"datetime": "2021-09-17 12:16:33", "elapsed": 44.462551, "delta": 0.294003}}
{"target": -2.4986839595593904, "params": {"eta": 0.37628756359439847, "max_depth": 10.085848775132721, "n_estimators": 16.92458178460059}, "datetime": {"datetime": "2021-09-17 12:16:33", "elapsed": 44.832551, "delta": 0.37}}
{"target": -2.4715231412335448, "params": {"eta": 0.28, "max_depth": 7.209702761785827, "n_estimators": 16.099445811050327}, "datetime": {"datetime": "2021-09-17 12:16:34", "elapsed": 45.431052, "delta": 0.598501}}
{"target": -3.1183302916978533, "params": {"eta": 0.3389906566104872, "max_depth": 3.0850566648804305, "n_estimators": 9.40179629904475}, "datetime": {"datetime": "2021-09-17 12:16:34", "elapsed": 45.778055, "delta": 0.347003}}
{"target": -2.63357305150283, "params": {"eta": 0.46006203631170595, "max_depth": 11.148991446066297, "n_estimators": 14.021958123291022}, "datetime": {"datetime": "2021-09-17 12:16:34", "elapsed": 46.209054, "delta": 0.430999}}
{"target": -2.583091858813637, "params": {"eta": 0.4675259864061988, "max_depth": 4.902392703817553, "n_estimators": 16.50382445713698}, "datetime": {"datetime": "2021-09-17 12:16:35", "elapsed": 46.717052, "delta": 0.507998}}
{"target": -2.6454078479817036, "params": {"eta": 0.3285381795647562, "max_depth": 7.255604766609709, "n_estimators": 16.119524149123308}, "datetime": {"datetime": "2021-09-17 12:16:35", "elapsed": 47.18737, "delta": 0.470318}}
{"target": -2.5132663651516562, "params": {"eta": 0.440514898588817, "max_depth": 5.535106517781541, "n_estimators": 16.973911174018284}, "datetime": {"datetime": "2021-09-17 12:16:36", "elapsed": 47.496373, "delta": 0.309003}}
{"target": -2.5552479047524304, "params": {"eta": 0.41769397082507204, "max_depth": 8.810979483835062, "n_estimators": 11.660422141744196}, "datetime": {"datetime": "2021-09-17 12:16:36", "elapsed": 47.906372, "delta": 0.409999}}
{"target": -2.4468448682835224, "params": {"eta": 0.43714978019290907, "max_depth": 5.5676914196053415, "n_estimators": 16.913556363213996}, "datetime": {"datetime": "2021-09-17 12:16:37", "elapsed": 48.317545, "delta": 0.411173}}
{"target": -2.4738959751631087, "params": {"eta": 0.3709783263406651, "max_depth": 5.53642331696475, "n_estimators": 16.896959271036074}, "datetime": {"datetime": "2021-09-17 12:16:37", "elapsed": 48.792544, "delta": 0.474999}}
{"target": -2.796826908462926, "params": {"eta": 0.4293007255064847, "max_depth": 5.639278204996795, "n_estimators": 16.92057794785066}, "datetime": {"datetime": "2021-09-17 12:16:38", "elapsed": 49.315685, "delta": 0.523141}}
{"target": -2.612632652332908, "params": {"eta": 0.4090673609880042, "max_depth": 5.045793968415184, "n_estimators": 13.926746282940371}, "datetime": {"datetime": "2021-09-17 12:16:38", "elapsed": 49.704691, "delta": 0.389006}}
{"target": -2.534382498264313, "params": {"eta": 0.2973934856646096, "max_depth": 7.3308628543443, "n_estimators": 15.796506987594581}, "datetime": {"datetime": "2021-09-17 12:16:38", "elapsed": 50.140688, "delta": 0.435997}}
{"target": -2.8611260552155344, "params": {"eta": 0.31522633536708644, "max_depth": 4.9565271293415964, "n_estimators": 9.244748652000771}, "datetime": {"datetime": "2021-09-17 12:16:39", "elapsed": 50.523642, "delta": 0.382954}}
{"target": -3.0435083050476877, "params": {"eta": 0.4608408333216242, "max_depth": 3.5370479321801067, "n_estimators": 9.20492575697991}, "datetime": {"datetime": "2021-09-17 12:16:39", "elapsed": 50.904636, "delta": 0.380994}}
{"target": -2.701994508191159, "params": {"eta": 0.2826184308346373, "max_depth": 4.989600237464537, "n_estimators": 14.975717112842624}, "datetime": {"datetime": "2021-09-17 12:16:40", "elapsed": 51.267218, "delta": 0.362582}}
{"target": -2.6652772025058145, "params": {"eta": 0.3413981231353512, "max_depth": 5.053663010054648, "n_estimators": 16.958379032980964}, "datetime": {"datetime": "2021-09-17 12:16:40", "elapsed": 51.743223, "delta": 0.476005}}
{"target": -2.500238267371529, "params": {"eta": 0.4110582585152832, "max_depth": 6.71344777655251, "n_estimators": 13.63597406860742}, "datetime": {"datetime": "2021-09-17 12:16:40", "elapsed": 52.224216, "delta": 0.480993}}
{"target": -2.567680786157909, "params": {"eta": 0.3525731699283883, "max_depth": 4.992199711313355, "n_estimators": 15.024686197382541}, "datetime": {"datetime": "2021-09-17 12:16:41", "elapsed": 52.656221, "delta": 0.432005}}
{"target": -2.6867360554243387, "params": {"eta": 0.39339607328039666, "max_depth": 6.007340441520851, "n_estimators": 11.97702659011757}, "datetime": {"datetime": "2021-09-17 12:16:41", "elapsed": 53.039218, "delta": 0.382997}}
{"target": -2.6119331491620916, "params": {"eta": 0.3512588409343076, "max_depth": 10.139734831224622, "n_estimators": 16.956049192563043}, "datetime": {"datetime": "2021-09-17 12:16:42", "elapsed": 53.562004, "delta": 0.522786}}
{"target": -2.52753080694299, "params": {"eta": 0.3182597412789493, "max_depth": 5.031468530098578, "n_estimators": 15.091642556902752}, "datetime": {"datetime": "2021-09-17 12:16:42", "elapsed": 54.202, "delta": 0.639996}}
{"target": -2.617683951478255, "params": {"eta": 0.39432139204373684, "max_depth": 6.637439068101161, "n_estimators": 13.613205150067758}, "datetime": {"datetime": "2021-09-17 12:16:43", "elapsed": 54.578, "delta": 0.376}}
{"target": -2.507767174118443, "params": {"eta": 0.3210241092733324, "max_depth": 7.460974909065385, "n_estimators": 16.990725528439484}, "datetime": {"datetime": "2021-09-17 12:16:43", "elapsed": 55.034998, "delta": 0.456998}}
{"target": -2.5513598222481577, "params": {"eta": 0.32318133639999524, "max_depth": 7.298399863170297, "n_estimators": 15.852253580180315}, "datetime": {"datetime": "2021-09-17 12:16:44", "elapsed": 55.519869, "delta": 0.484871}}
{"target": -2.4768310314730595, "params": {"eta": 0.37019180123333106, "max_depth": 5.521616853194862, "n_estimators": 16.94681463621193}, "datetime": {"datetime": "2021-09-17 12:16:44", "elapsed": 56.010865, "delta": 0.490996}}
{"target": -2.6032023530257375, "params": {"eta": 0.2880953224246514, "max_depth": 8.327421084405506, "n_estimators": 11.95115204100305}, "datetime": {"datetime": "2021-09-17 12:16:45", "elapsed": 56.452867, "delta": 0.442002}}
{"target": -2.569411219421186, "params": {"eta": 0.4537279451059252, "max_depth": 7.619705249786285, "n_estimators": 12.4831958384165}, "datetime": {"datetime": "2021-09-17 12:16:45", "elapsed": 56.898868, "delta": 0.446001}}
{"target": -2.498460483551025, "params": {"eta": 0.2811931594737995, "max_depth": 5.96390872072849, "n_estimators": 16.945915523970896}, "datetime": {"datetime": "2021-09-17 12:16:46", "elapsed": 57.35204, "delta": 0.453172}}
{"target": -2.464010511573992, "params": {"eta": 0.43575737271933, "max_depth": 8.544977624366684, "n_estimators": 15.633905309568894}, "datetime": {"datetime": "2021-09-17 12:16:46", "elapsed": 57.833041, "delta": 0.481001}}
{"target": -2.5641387675937857, "params": {"eta": 0.32834453390756024, "max_depth": 5.091993080392662, "n_estimators": 15.003459483523972}, "datetime": {"datetime": "2021-09-17 12:16:47", "elapsed": 58.376041, "delta": 0.543}}
{"target": -2.609811614689074, "params": {"eta": 0.2837574789076859, "max_depth": 7.415548719594344, "n_estimators": 16.90977944600535}, "datetime": {"datetime": "2021-09-17 12:16:47", "elapsed": 58.799046, "delta": 0.423005}}
{"target": -2.4076040374605276, "params": {"eta": 0.413273886762924, "max_depth": 8.48202151513944, "n_estimators": 15.630608118877634}, "datetime": {"datetime": "2021-09-17 12:16:48", "elapsed": 59.287205, "delta": 0.488159}}
{"target": -2.7934316911195456, "params": {"eta": 0.361366031134652, "max_depth": 10.340813792738128, "n_estimators": 8.940174037724654}, "datetime": {"datetime": "2021-09-17 12:16:48", "elapsed": 59.727202, "delta": 0.439997}}
{"target": -2.7017713339705214, "params": {"eta": 0.4207908037308444, "max_depth": 8.481567679283103, "n_estimators": 15.5525177976983}, "datetime": {"datetime": "2021-09-17 12:16:48", "elapsed": 60.197205, "delta": 0.470003}}
{"target": -2.470113266769208, "params": {"eta": 0.4367487258778651, "max_depth": 8.411786057341782, "n_estimators": 15.647340611515443}, "datetime": {"datetime": "2021-09-17 12:16:49", "elapsed": 60.734206, "delta": 0.537001}}
{"target": -2.6335952501547966, "params": {"eta": 0.3989694529843848, "max_depth": 8.523731598443645, "n_estimators": 15.70282365753311}, "datetime": {"datetime": "2021-09-17 12:16:49", "elapsed": 61.210719, "delta": 0.476513}}
{"target": -2.5840041612323965, "params": {"eta": 0.3618983930756448, "max_depth": 11.47421617952696, "n_estimators": 12.8088609571662}, "datetime": {"datetime": "2021-09-17 12:16:50", "elapsed": 61.917716, "delta": 0.706997}}
{"target": -2.620099861998307, "params": {"eta": 0.4596839911476979, "max_depth": 11.397024656897793, "n_estimators": 12.85435915005317}, "datetime": {"datetime": "2021-09-17 12:16:51", "elapsed": 62.426716, "delta": 0.509}}
{"target": -2.585949792987422, "params": {"eta": 0.38582145401618034, "max_depth": 4.414879133324014, "n_estimators": 16.362381544586405}, "datetime": {"datetime": "2021-09-17 12:16:51", "elapsed": 62.889716, "delta": 0.463}}
{"target": -2.4170051499416956, "params": {"eta": 0.44727996020784244, "max_depth": 5.532816920928234, "n_estimators": 16.89391612070278}, "datetime": {"datetime": "2021-09-17 12:16:52", "elapsed": 63.422069, "delta": 0.532353}}
{"target": -2.7214435909923758, "params": {"eta": 0.39672007122582814, "max_depth": 8.381253713258559, "n_estimators": 9.897529495334275}, "datetime": {"datetime": "2021-09-17 12:16:52", "elapsed": 63.888064, "delta": 0.465995}}
{"target": -2.610323397109383, "params": {"eta": 0.4114134388412929, "max_depth": 5.48363702944332, "n_estimators": 16.859400503286103}, "datetime": {"datetime": "2021-09-17 12:16:53", "elapsed": 64.470066, "delta": 0.582002}}
{"target": -2.760688146164543, "params": {"eta": 0.4059984093029907, "max_depth": 11.40144546690991, "n_estimators": 12.774568696715656}, "datetime": {"datetime": "2021-09-17 12:16:53", "elapsed": 65.167882, "delta": 0.697816}}
{"target": -2.4951955475305256, "params": {"eta": 0.46015457355323264, "max_depth": 6.7064751721764555, "n_estimators": 13.573762737863753}, "datetime": {"datetime": "2021-09-17 12:16:54", "elapsed": 65.688879, "delta": 0.520997}}
{"target": -2.628519811128315, "params": {"eta": 0.2904898694142767, "max_depth": 10.877245959377202, "n_estimators": 11.04423992402757}, "datetime": {"datetime": "2021-09-17 12:16:55", "elapsed": 66.30854, "delta": 0.619661}}
{"target": -2.5333199055571303, "params": {"eta": 0.2994878917137712, "max_depth": 7.336741642304397, "n_estimators": 16.999143084924494}, "datetime": {"datetime": "2021-09-17 12:16:55", "elapsed": 66.837537, "delta": 0.528997}}
{"target": -2.7899221915947763, "params": {"eta": 0.39517927041781054, "max_depth": 11.319258649662984, "n_estimators": 15.642547261430245}, "datetime": {"datetime": "2021-09-17 12:16:56", "elapsed": 67.380725, "delta": 0.543188}}
{"target": -2.556817325792815, "params": {"eta": 0.37701501600252363, "max_depth": 8.44000821235288, "n_estimators": 15.647588953338317}, "datetime": {"datetime": "2021-09-17 12:16:56", "elapsed": 68.048729, "delta": 0.668004}}
{"target": -2.684892559678931, "params": {"eta": 0.4678361690724927, "max_depth": 4.765509775483313, "n_estimators": 10.136271811520295}, "datetime": {"datetime": "2021-09-17 12:16:57", "elapsed": 68.536781, "delta": 0.488052}}
{"target": -2.5786409214923256, "params": {"eta": 0.3716668015102724, "max_depth": 11.210330987143294, "n_estimators": 10.688447294304034}, "datetime": {"datetime": "2021-09-17 12:16:57", "elapsed": 69.080779, "delta": 0.543998}}
{"target": -2.5334997572396927, "params": {"eta": 0.36670503431243384, "max_depth": 5.525249654629842, "n_estimators": 16.882613355714643}, "datetime": {"datetime": "2021-09-17 12:16:58", "elapsed": 69.607002, "delta": 0.526223}}
{"target": -2.541502708510349, "params": {"eta": 0.43485982391543043, "max_depth": 8.469126306191214, "n_estimators": 15.692059650674867}, "datetime": {"datetime": "2021-09-17 12:16:58", "elapsed": 70.220006, "delta": 0.613004}}
{"target": -2.788646756975274, "params": {"eta": 0.48, "max_depth": 5.58330917908563, "n_estimators": 17.0}, "datetime": {"datetime": "2021-09-17 12:16:59", "elapsed": 71.085699, "delta": 0.865693}}
