{"target": 0.8269947869184838, "params": {"eta": 0.2289886024291551, "max_depth": 28.963088497900692, "n_estimators": 16.096129905672097}, "datetime": {"datetime": "2021-09-17 19:08:32", "elapsed": 180.620898, "delta": 1.538999}}
{"target": 0.30977073334735417, "params": {"eta": 0.13564343032331558, "max_depth": 11.85239259596065, "n_estimators": 9.319434871869463}, "datetime": {"datetime": "2021-09-17 19:08:33", "elapsed": 181.545735, "delta": 0.924837}}
{"target": 0.8340682984435079, "params": {"eta": 0.3184036932978579, "max_depth": 8.930658799978488, "n_estimators": 26.62189438507142}, "datetime": {"datetime": "2021-09-17 19:08:34", "elapsed": 182.399734, "delta": 0.853999}}
{"target": 0.838136453692996, "params": {"eta": 0.1609793726153788, "max_depth": 9.256213157211098, "n_estimators": 26.86894430579492}, "datetime": {"datetime": "2021-09-17 19:08:35", "elapsed": 184.20314, "delta": 1.803406}}
{"target": 0.7885099356398492, "params": {"eta": 0.7056463750715897, "max_depth": 6.717323041164116, "n_estimators": 28.0912734293813}, "datetime": {"datetime": "2021-09-17 19:08:37", "elapsed": 185.419991, "delta": 1.216851}}
{"target": 0.8066158945180402, "params": {"eta": 0.100818369232809, "max_depth": 7.052029171896056, "n_estimators": 28.255918700056064}, "datetime": {"datetime": "2021-09-17 19:08:38", "elapsed": 186.811993, "delta": 1.392002}}
{"target": 0.8393706229630771, "params": {"eta": 0.20024545324840612, "max_depth": 7.072342808349527, "n_estimators": 28.86416652260544}, "datetime": {"datetime": "2021-09-17 19:08:39", "elapsed": 187.708668, "delta": 0.896675}}
{"target": 0.8357683087102992, "params": {"eta": 0.24709020536874188, "max_depth": 6.942738201350545, "n_estimators": 27.66868547957015}, "datetime": {"datetime": "2021-09-17 19:08:40", "elapsed": 189.012977, "delta": 1.304309}}
{"target": 0.8128100215824948, "params": {"eta": 0.11282236210597815, "max_depth": 9.103103159971452, "n_estimators": 26.733360774226156}, "datetime": {"datetime": "2021-09-17 19:08:41", "elapsed": 190.19798, "delta": 1.185003}}
{"target": 0.8516925929055752, "params": {"eta": 0.24403725152027847, "max_depth": 5.7678726432333685, "n_estimators": 27.501774677629143}, "datetime": {"datetime": "2021-09-17 19:08:43", "elapsed": 191.526208, "delta": 1.328228}}
{"target": 0.8108930050076381, "params": {"eta": 0.10847498368708798, "max_depth": 8.908269300600132, "n_estimators": 26.420065733561216}, "datetime": {"datetime": "2021-09-17 19:08:44", "elapsed": 192.710844, "delta": 1.184636}}
{"target": 0.7800930652254235, "params": {"eta": 0.6173432811189893, "max_depth": 5.602503414008384, "n_estimators": 27.72124868082663}, "datetime": {"datetime": "2021-09-17 19:08:45", "elapsed": 194.028079, "delta": 1.317235}}
{"target": 0.8349133462813133, "params": {"eta": 0.27587633901298014, "max_depth": 5.3168559199121095, "n_estimators": 27.444462774391614}, "datetime": {"datetime": "2021-09-17 19:08:47", "elapsed": 195.48537, "delta": 1.457291}}
{"target": 0.8298966704532375, "params": {"eta": 0.24411465935992552, "max_depth": 20.177748726035862, "n_estimators": 25.486148356924918}, "datetime": {"datetime": "2021-09-17 19:08:48", "elapsed": 196.589366, "delta": 1.103996}}
{"target": 0.7649527628537407, "params": {"eta": 0.6865110344617195, "max_depth": 25.273911195744247, "n_estimators": 29.43297561542528}, "datetime": {"datetime": "2021-09-17 19:08:49", "elapsed": 198.267115, "delta": 1.677749}}
{"target": 0.8246022488268783, "params": {"eta": 0.12522527261722066, "max_depth": 5.971012902453573, "n_estimators": 27.91002824316707}, "datetime": {"datetime": "2021-09-17 19:08:51", "elapsed": 199.727347, "delta": 1.460232}}
{"target": 0.8526876895488873, "params": {"eta": 0.4366300119267106, "max_depth": 9.744762095818203, "n_estimators": 26.720875669498696}, "datetime": {"datetime": "2021-09-17 19:08:52", "elapsed": 201.162707, "delta": 1.43536}}
{"target": 0.8268361143419183, "params": {"eta": 0.21786624773203078, "max_depth": 13.700857275626591, "n_estimators": 17.513359531429188}, "datetime": {"datetime": "2021-09-17 19:08:53", "elapsed": 202.044705, "delta": 0.881998}}
{"target": 0.8531648040709217, "params": {"eta": 0.15430546045315907, "max_depth": 6.47771554438774, "n_estimators": 27.746017543033968}, "datetime": {"datetime": "2021-09-17 19:08:55", "elapsed": 203.4501, "delta": 1.405395}}
{"target": 0.8525197426737292, "params": {"eta": 0.18195138906627756, "max_depth": 24.17876311355499, "n_estimators": 24.667255274368646}, "datetime": {"datetime": "2021-09-17 19:08:56", "elapsed": 204.403103, "delta": 0.953003}}
{"target": 0.8007854534449067, "params": {"eta": 0.6530709860400562, "max_depth": 10.060091279801053, "n_estimators": 26.66266150738266}, "datetime": {"datetime": "2021-09-17 19:08:57", "elapsed": 205.976308, "delta": 1.573205}}
{"target": 0.8031435152193215, "params": {"eta": 0.5762957501748253, "max_depth": 6.29276711138226, "n_estimators": 27.58259370551525}, "datetime": {"datetime": "2021-09-17 19:08:59", "elapsed": 208.233478, "delta": 2.25717}}
{"target": 0.8358579108955813, "params": {"eta": 0.17027886208003085, "max_depth": 9.790209620073977, "n_estimators": 27.034938273670882}, "datetime": {"datetime": "2021-09-17 19:09:01", "elapsed": 209.796985, "delta": 1.563507}}
{"target": 0.8273613260507757, "params": {"eta": 0.26200203976702985, "max_depth": 12.245999249799473, "n_estimators": 22.74813304361153}, "datetime": {"datetime": "2021-09-17 19:09:02", "elapsed": 210.77397, "delta": 0.976985}}
{"target": 0.8417172221759454, "params": {"eta": 0.17372472004420925, "max_depth": 6.4300340673784575, "n_estimators": 28.19043377598576}, "datetime": {"datetime": "2021-09-17 19:09:03", "elapsed": 212.142099, "delta": 1.368129}}
{"target": 0.85277894357282, "params": {"eta": 0.1894999740636632, "max_depth": 25.045053327554406, "n_estimators": 29.825180900460026}, "datetime": {"datetime": "2021-09-17 19:09:05", "elapsed": 213.770454, "delta": 1.628355}}
{"target": 0.8354839158955003, "params": {"eta": 0.2987165953459421, "max_depth": 6.682351170767678, "n_estimators": 28.731459951074964}, "datetime": {"datetime": "2021-09-17 19:09:06", "elapsed": 214.956459, "delta": 1.186005}}
{"target": 0.8352651172295749, "params": {"eta": 0.14483828975377866, "max_depth": 10.11021547754443, "n_estimators": 26.653316566835787}, "datetime": {"datetime": "2021-09-17 19:09:08", "elapsed": 216.942396, "delta": 1.985937}}
{"target": 0.8309340669564674, "params": {"eta": 0.11143000717191703, "max_depth": 6.111194277385473, "n_estimators": 27.270236607379417}, "datetime": {"datetime": "2021-09-17 19:09:10", "elapsed": 219.158714, "delta": 2.216318}}
{"target": 0.8378030485935041, "params": {"eta": 0.19332413044894656, "max_depth": 25.12383991627461, "n_estimators": 25.49711968969736}, "datetime": {"datetime": "2021-09-17 19:09:11", "elapsed": 220.200714, "delta": 1.042}}
{"target": 0.8469879741253852, "params": {"eta": 0.19810426179583568, "max_depth": 24.445408596049003, "n_estimators": 24.965302680307172}, "datetime": {"datetime": "2021-09-17 19:09:13", "elapsed": 221.570372, "delta": 1.369658}}
{"target": 0.7924588638236718, "params": {"eta": 0.2427295797831248, "max_depth": 27.504060157199014, "n_estimators": 10.389329892629299}, "datetime": {"datetime": "2021-09-17 19:09:14", "elapsed": 222.505042, "delta": 0.93467}}
{"target": 0.7870908764157832, "params": {"eta": 0.5865231253353924, "max_depth": 24.42891337042888, "n_estimators": 24.702926683317195}, "datetime": {"datetime": "2021-09-17 19:09:15", "elapsed": 224.085425, "delta": 1.580383}}
{"target": 0.7405021318209102, "params": {"eta": 0.7416948619189115, "max_depth": 6.914109976041158, "n_estimators": 28.786116797607278}, "datetime": {"datetime": "2021-09-17 19:09:17", "elapsed": 225.525954, "delta": 1.440529}}
{"target": 0.8363422196510713, "params": {"eta": 0.4815303637418231, "max_depth": 6.249564467366932, "n_estimators": 17.439377674335397}, "datetime": {"datetime": "2021-09-17 19:09:18", "elapsed": 226.480955, "delta": 0.955001}}
{"target": 0.7216913424636096, "params": {"eta": 0.7863576348061874, "max_depth": 16.325201875543996, "n_estimators": 9.815979021108577}, "datetime": {"datetime": "2021-09-17 19:09:19", "elapsed": 227.484861, "delta": 1.003906}}
{"target": 0.8030094201863713, "params": {"eta": 0.6674734965594583, "max_depth": 12.457931238724031, "n_estimators": 15.326962991485011}, "datetime": {"datetime": "2021-09-17 19:09:20", "elapsed": 229.083442, "delta": 1.598581}}
{"target": 0.8629590711514912, "params": {"eta": 0.24057618214902585, "max_depth": 5.722842217252456, "n_estimators": 27.062540670479535}, "datetime": {"datetime": "2021-09-17 19:09:22", "elapsed": 230.853442, "delta": 1.77}}
{"target": 0.8218053251834267, "params": {"eta": 0.5570747313641998, "max_depth": 5.903211035489844, "n_estimators": 27.151235469337053}, "datetime": {"datetime": "2021-09-17 19:09:23", "elapsed": 232.145636, "delta": 1.292194}}
{"target": 0.8318307065458663, "params": {"eta": 0.3695901629307812, "max_depth": 23.999086917319836, "n_estimators": 24.94491584083471}, "datetime": {"datetime": "2021-09-17 19:09:25", "elapsed": 233.825951, "delta": 1.680315}}
{"target": 0.841230549385194, "params": {"eta": 0.15912299503330643, "max_depth": 5.988908406959182, "n_estimators": 26.76742080553662}, "datetime": {"datetime": "2021-09-17 19:09:27", "elapsed": 235.88629, "delta": 2.060339}}
{"target": 0.8768230857529865, "params": {"eta": 0.40069820709977877, "max_depth": 5.3751403764076215, "n_estimators": 26.90881173242102}, "datetime": {"datetime": "2021-09-17 19:09:29", "elapsed": 237.630146, "delta": 1.743856}}
{"target": 0.7935068442991831, "params": {"eta": 0.1, "max_depth": 5.505188235714968, "n_estimators": 26.731362534352733}, "datetime": {"datetime": "2021-09-17 19:09:30", "elapsed": 239.043145, "delta": 1.412999}}
{"target": 0.8049629283561259, "params": {"eta": 0.6664507746367148, "max_depth": 5.417511198250438, "n_estimators": 27.124534572673813}, "datetime": {"datetime": "2021-09-17 19:09:32", "elapsed": 240.735564, "delta": 1.692419}}
{"target": 0.8082828463125047, "params": {"eta": 0.6533792854703931, "max_depth": 5.59271715539087, "n_estimators": 26.664376228480812}, "datetime": {"datetime": "2021-09-17 19:09:34", "elapsed": 242.709624, "delta": 1.97406}}
{"target": 0.8379954607685534, "params": {"eta": 0.1809301612338655, "max_depth": 24.68643107817809, "n_estimators": 25.524634622265832}, "datetime": {"datetime": "2021-09-17 19:09:36", "elapsed": 244.916048, "delta": 2.206424}}
{"target": 0.8402661910719409, "params": {"eta": 0.18389671958500592, "max_depth": 5.1145082439458465, "n_estimators": 26.975367478354215}, "datetime": {"datetime": "2021-09-17 19:09:38", "elapsed": 246.842354, "delta": 1.926306}}
{"target": 0.7188878245954328, "params": {"eta": 0.7925653120921733, "max_depth": 28.286954113401436, "n_estimators": 8.269882498877056}, "datetime": {"datetime": "2021-09-17 19:09:39", "elapsed": 247.954316, "delta": 1.111962}}
{"target": 0.8246458533529453, "params": {"eta": 0.5438407952749095, "max_depth": 5.056234527266876, "n_estimators": 26.72894476068345}, "datetime": {"datetime": "2021-09-17 19:09:41", "elapsed": 249.430948, "delta": 1.476632}}
{"target": 0.829042878941043, "params": {"eta": 0.35254337069669744, "max_depth": 29.89958218028593, "n_estimators": 15.880464411223494}, "datetime": {"datetime": "2021-09-17 19:09:43", "elapsed": 251.721802, "delta": 2.290854}}
{"target": 0.802454285695912, "params": {"eta": 0.37942099728222123, "max_depth": 8.733464464397825, "n_estimators": 7.730724592167443}, "datetime": {"datetime": "2021-09-17 19:09:44", "elapsed": 252.717474, "delta": 0.995672}}
{"target": 0.8088846933948451, "params": {"eta": 0.4991521992525324, "max_depth": 24.953213521175506, "n_estimators": 25.191345608686987}, "datetime": {"datetime": "2021-09-17 19:09:46", "elapsed": 254.376743, "delta": 1.659269}}
{"target": 0.8485727550852837, "params": {"eta": 0.15546768930131838, "max_depth": 24.735547554974932, "n_estimators": 29.546474207854985}, "datetime": {"datetime": "2021-09-17 19:09:47", "elapsed": 256.107368, "delta": 1.730625}}
{"target": 0.8183701986322515, "params": {"eta": 0.26635152742803625, "max_depth": 24.260788713686985, "n_estimators": 25.35608600384727}, "datetime": {"datetime": "2021-09-17 19:09:49", "elapsed": 257.762358, "delta": 1.65499}}
{"target": 0.8026401084865951, "params": {"eta": 0.4949008333372016, "max_depth": 24.92055480076531, "n_estimators": 25.798848055835652}, "datetime": {"datetime": "2021-09-17 19:09:51", "elapsed": 259.470021, "delta": 1.707663}}
{"target": 0.8342913270432071, "params": {"eta": 0.15873777819125245, "max_depth": 24.871320727380347, "n_estimators": 29.092834026781496}, "datetime": {"datetime": "2021-09-17 19:09:53", "elapsed": 261.78875, "delta": 2.318729}}
{"target": 0.8193739015116921, "params": {"eta": 0.38926203975665163, "max_depth": 12.221629274415074, "n_estimators": 10.441622709968541}, "datetime": {"datetime": "2021-09-17 19:09:54", "elapsed": 263.004422, "delta": 1.215672}}
{"target": 0.8137197136690726, "params": {"eta": 0.517997733949069, "max_depth": 24.69890768572496, "n_estimators": 29.81328422163931}, "datetime": {"datetime": "2021-09-17 19:09:56", "elapsed": 264.78923, "delta": 1.784808}}
{"target": 0.8194796343194826, "params": {"eta": 0.41696409808084134, "max_depth": 10.700075262776467, "n_estimators": 16.39440880333663}, "datetime": {"datetime": "2021-09-17 19:09:58", "elapsed": 266.703409, "delta": 1.914179}}
{"target": 0.8198620094563358, "params": {"eta": 0.5430311130850284, "max_depth": 25.723310681209952, "n_estimators": 13.62062811909066}, "datetime": {"datetime": "2021-09-17 19:09:59", "elapsed": 268.004642, "delta": 1.301233}}
{"target": 0.8076702221448505, "params": {"eta": 0.498489316287427, "max_depth": 15.88882969080716, "n_estimators": 23.51540754618361}, "datetime": {"datetime": "2021-09-17 19:10:00", "elapsed": 269.369282, "delta": 1.36464}}
{"target": 0.7885734171486192, "params": {"eta": 0.1, "max_depth": 10.747024707143318, "n_estimators": 25.713488620651567}, "datetime": {"datetime": "2021-09-17 19:10:02", "elapsed": 271.26797, "delta": 1.898688}}
{"target": 0.8335482809291417, "params": {"eta": 0.2420170881866225, "max_depth": 12.579027906046532, "n_estimators": 15.797759830741379}, "datetime": {"datetime": "2021-09-17 19:10:04", "elapsed": 272.726739, "delta": 1.458769}}
{"target": 0.7617044310227677, "params": {"eta": 0.14736180852439346, "max_depth": 12.621587194655469, "n_estimators": 15.327145106454205}, "datetime": {"datetime": "2021-09-17 19:10:05", "elapsed": 274.262866, "delta": 1.536127}}
{"target": 0.7339827662429435, "params": {"eta": 0.7828630170055015, "max_depth": 11.224960123138676, "n_estimators": 9.184080021341124}, "datetime": {"datetime": "2021-09-17 19:10:06", "elapsed": 275.272998, "delta": 1.010132}}
{"target": 0.8289732337832904, "params": {"eta": 0.4723091196256505, "max_depth": 12.719894520518455, "n_estimators": 7.112339760196132}, "datetime": {"datetime": "2021-09-17 19:10:08", "elapsed": 276.382001, "delta": 1.109003}}
{"target": 0.8332254346077608, "params": {"eta": 0.1256727013122811, "max_depth": 6.621312195592177, "n_estimators": 27.335512216559056}, "datetime": {"datetime": "2021-09-17 19:10:09", "elapsed": 278.186494, "delta": 1.804493}}
{"target": 0.8203683268632822, "params": {"eta": 0.5257544297537504, "max_depth": 11.607691147338844, "n_estimators": 16.531436945551654}, "datetime": {"datetime": "2021-09-17 19:10:11", "elapsed": 280.258722, "delta": 2.072228}}
{"target": 0.8141967087287503, "params": {"eta": 0.5543681407598089, "max_depth": 11.23202242650281, "n_estimators": 28.97567336010517}, "datetime": {"datetime": "2021-09-17 19:10:13", "elapsed": 282.180722, "delta": 1.922}}
{"target": 0.7775609236344566, "params": {"eta": 0.1, "max_depth": 24.60853232286441, "n_estimators": 24.546374242007346}, "datetime": {"datetime": "2021-09-17 19:10:15", "elapsed": 283.991615, "delta": 1.810893}}
{"target": 0.7935857965338835, "params": {"eta": 0.111941547446365, "max_depth": 23.719626062975223, "n_estimators": 24.660703037663442}, "datetime": {"datetime": "2021-09-17 19:10:16", "elapsed": 285.363834, "delta": 1.372219}}
{"target": 0.8126247252506295, "params": {"eta": 0.117441070870139, "max_depth": 10.332015716579743, "n_estimators": 25.129705369950532}, "datetime": {"datetime": "2021-09-17 19:10:18", "elapsed": 286.879835, "delta": 1.516001}}
{"target": 0.8071263876193011, "params": {"eta": 0.5228424213612217, "max_depth": 23.678582204483035, "n_estimators": 22.631529838724234}, "datetime": {"datetime": "2021-09-17 19:10:20", "elapsed": 288.557913, "delta": 1.678078}}
{"target": 0.8054245437693874, "params": {"eta": 0.11282625269143097, "max_depth": 22.77727311329994, "n_estimators": 26.983096950091127}, "datetime": {"datetime": "2021-09-17 19:10:21", "elapsed": 289.822522, "delta": 1.264609}}
{"target": 0.8457393166263146, "params": {"eta": 0.34756414845423217, "max_depth": 24.449685681991195, "n_estimators": 29.31487575342809}, "datetime": {"datetime": "2021-09-17 19:10:23", "elapsed": 291.659679, "delta": 1.837157}}
{"target": 0.810727384120333, "params": {"eta": 0.5709811489055854, "max_depth": 10.545984366645063, "n_estimators": 12.79946531524401}, "datetime": {"datetime": "2021-09-17 19:10:24", "elapsed": 292.867303, "delta": 1.207624}}
{"target": 0.7769986170309098, "params": {"eta": 0.6001875150906183, "max_depth": 24.652800436259437, "n_estimators": 29.00722577424571}, "datetime": {"datetime": "2021-09-17 19:10:26", "elapsed": 294.778822, "delta": 1.911519}}
{"target": 0.8302644825265266, "params": {"eta": 0.15788494465793262, "max_depth": 24.023416521382345, "n_estimators": 29.51882478185766}, "datetime": {"datetime": "2021-09-17 19:10:28", "elapsed": 296.50737, "delta": 1.728548}}
{"target": 0.8396301749626998, "params": {"eta": 0.35064086268851924, "max_depth": 25.417624782881923, "n_estimators": 25.494627052411147}, "datetime": {"datetime": "2021-09-17 19:10:29", "elapsed": 298.013873, "delta": 1.506503}}
{"target": 0.796287918630266, "params": {"eta": 0.5987993010649572, "max_depth": 7.344933378800566, "n_estimators": 11.668103273418321}, "datetime": {"datetime": "2021-09-17 19:10:30", "elapsed": 299.236869, "delta": 1.222996}}
{"target": 0.7995820067546355, "params": {"eta": 0.1, "max_depth": 5.038098645182639, "n_estimators": 27.849575286036526}, "datetime": {"datetime": "2021-09-17 19:10:32", "elapsed": 301.350679, "delta": 2.11381}}
{"target": 0.8054532619659496, "params": {"eta": 0.49675337304988176, "max_depth": 12.255177474962087, "n_estimators": 15.864325475233167}, "datetime": {"datetime": "2021-09-17 19:10:34", "elapsed": 303.224925, "delta": 1.874246}}
{"target": 0.821211259696544, "params": {"eta": 0.12354159417595346, "max_depth": 24.445799600184134, "n_estimators": 29.770521849450706}, "datetime": {"datetime": "2021-09-17 19:10:37", "elapsed": 305.587691, "delta": 2.362766}}
{"target": 0.7381236127241976, "params": {"eta": 0.7501100463180492, "max_depth": 13.661852281875426, "n_estimators": 15.814308457792523}, "datetime": {"datetime": "2021-09-17 19:10:39", "elapsed": 308.301173, "delta": 2.713482}}
{"target": 0.84921454580149, "params": {"eta": 0.44763869379941346, "max_depth": 13.358249682926374, "n_estimators": 15.412047962245977}, "datetime": {"datetime": "2021-09-17 19:10:42", "elapsed": 310.625805, "delta": 2.324632}}
{"target": 0.8317121722397295, "params": {"eta": 0.15752356924781072, "max_depth": 25.299370456224967, "n_estimators": 28.832706446598277}, "datetime": {"datetime": "2021-09-17 19:10:44", "elapsed": 312.743567, "delta": 2.117762}}
{"target": 0.824892028607104, "params": {"eta": 0.3568951196272596, "max_depth": 29.90423187179096, "n_estimators": 15.883394115607704}, "datetime": {"datetime": "2021-09-17 19:10:45", "elapsed": 313.951773, "delta": 1.208206}}
{"target": 0.7328058700623215, "params": {"eta": 0.7476807102891858, "max_depth": 24.20294434983994, "n_estimators": 20.91150225088489}, "datetime": {"datetime": "2021-09-17 19:10:47", "elapsed": 315.371773, "delta": 1.42}}
{"target": 0.8203620792754729, "params": {"eta": 0.24020149586397585, "max_depth": 22.698116664551982, "n_estimators": 13.633211630318836}, "datetime": {"datetime": "2021-09-17 19:10:48", "elapsed": 316.725606, "delta": 1.353833}}
{"target": 0.8170642545224189, "params": {"eta": 0.4005724761665702, "max_depth": 24.278225063288733, "n_estimators": 27.798257218748837}, "datetime": {"datetime": "2021-09-17 19:10:49", "elapsed": 318.179516, "delta": 1.45391}}
{"target": 0.7816582157090932, "params": {"eta": 0.16805506497713646, "max_depth": 29.923365635536268, "n_estimators": 15.471822397572426}, "datetime": {"datetime": "2021-09-17 19:10:52", "elapsed": 320.871739, "delta": 2.692223}}
{"target": 0.7878585029120118, "params": {"eta": 0.1, "max_depth": 25.39627890880458, "n_estimators": 25.116258925484644}, "datetime": {"datetime": "2021-09-17 19:10:54", "elapsed": 323.16707, "delta": 2.295331}}
{"target": 0.8064277139285063, "params": {"eta": 0.7098090352948395, "max_depth": 11.015867201622221, "n_estimators": 16.68016298285552}, "datetime": {"datetime": "2021-09-17 19:10:56", "elapsed": 325.218142, "delta": 2.051072}}
{"target": 0.7589197999452993, "params": {"eta": 0.14081306954378514, "max_depth": 15.975496564165454, "n_estimators": 16.756709235851197}, "datetime": {"datetime": "2021-09-17 19:10:58", "elapsed": 326.443754, "delta": 1.225612}}
{"target": 0.7807362440780141, "params": {"eta": 0.574778531527368, "max_depth": 24.23805902639194, "n_estimators": 29.58778521715863}, "datetime": {"datetime": "2021-09-17 19:11:00", "elapsed": 328.706528, "delta": 2.262774}}
{"target": 0.8454963540446547, "params": {"eta": 0.14048232195428856, "max_depth": 8.011454645349152, "n_estimators": 26.571228991068537}, "datetime": {"datetime": "2021-09-17 19:11:02", "elapsed": 330.502332, "delta": 1.795804}}
