{"target": -2.2392719620152524, "params": {"eta": 0.19756955998872663, "max_depth": 14.890548269599828, "n_estimators": 28.55764661535208}, "datetime": {"datetime": "2021-09-17 13:44:54", "elapsed": 82.330367, "delta": 0.736711}}
{"target": -2.3111096921720002, "params": {"eta": 0.15403345655730738, "max_depth": 14.800507710186066, "n_estimators": 28.585861472337477}, "datetime": {"datetime": "2021-09-17 13:44:55", "elapsed": 83.480782, "delta": 1.150415}}
{"target": -2.294941870789779, "params": {"eta": 0.15334859872979578, "max_depth": 15.823481054764088, "n_estimators": 27.944203425556857}, "datetime": {"datetime": "2021-09-17 13:44:56", "elapsed": 84.218798, "delta": 0.738016}}
{"target": -2.7084683273967944, "params": {"eta": 0.1025162572459767, "max_depth": 14.911282033537255, "n_estimators": 28.615109827515667}, "datetime": {"datetime": "2021-09-17 13:44:57", "elapsed": 85.712723, "delta": 1.493925}}
{"target": -2.2541206855522957, "params": {"eta": 0.193309892989871, "max_depth": 11.235856842838318, "n_estimators": 23.661544742293565}, "datetime": {"datetime": "2021-09-17 13:44:58", "elapsed": 86.401725, "delta": 0.689002}}
{"target": -2.4044492069043613, "params": {"eta": 0.14041674083064984, "max_depth": 15.747231691000307, "n_estimators": 24.09101456223647}, "datetime": {"datetime": "2021-09-17 13:44:59", "elapsed": 87.212377, "delta": 0.810652}}
{"target": -2.3644771011252153, "params": {"eta": 0.2, "max_depth": 14.77274013665363, "n_estimators": 28.49597135656722}, "datetime": {"datetime": "2021-09-17 13:45:00", "elapsed": 88.536685, "delta": 1.324308}}
{"target": -2.3422825662713302, "params": {"eta": 0.1953552259855566, "max_depth": 10.833100134449806, "n_estimators": 22.728120559640374}, "datetime": {"datetime": "2021-09-17 13:45:01", "elapsed": 89.750013, "delta": 1.213328}}
{"target": -2.393322245698226, "params": {"eta": 0.2, "max_depth": 13.056506585076887, "n_estimators": 26.625321708764744}, "datetime": {"datetime": "2021-09-17 13:45:02", "elapsed": 90.761556, "delta": 1.011543}}
{"target": -2.3814872289958755, "params": {"eta": 0.13548762149361657, "max_depth": 11.164572113445924, "n_estimators": 23.731284026736116}, "datetime": {"datetime": "2021-09-17 13:45:03", "elapsed": 91.81744, "delta": 1.055884}}
{"target": -2.3757243363480818, "params": {"eta": 0.2, "max_depth": 15.060935927609416, "n_estimators": 28.549734598817043}, "datetime": {"datetime": "2021-09-17 13:45:04", "elapsed": 92.842123, "delta": 1.024683}}
{"target": -3.0642283891376696, "params": {"eta": 0.10371136601868851, "max_depth": 11.270609776537919, "n_estimators": 23.665046662966553}, "datetime": {"datetime": "2021-09-17 13:45:05", "elapsed": 93.922063, "delta": 1.07994}}
{"target": -2.4010063987029224, "params": {"eta": 0.1175466116660569, "max_depth": 15.902347734775805, "n_estimators": 28.0497752600548}, "datetime": {"datetime": "2021-09-17 13:45:06", "elapsed": 95.069938, "delta": 1.147875}}
{"target": -2.3501459724024722, "params": {"eta": 0.2, "max_depth": 12.859035696960019, "n_estimators": 26.854550556203915}, "datetime": {"datetime": "2021-09-17 13:45:08", "elapsed": 96.200308, "delta": 1.13037}}
{"target": -2.2580263426429346, "params": {"eta": 0.19371949733472493, "max_depth": 12.13593969580982, "n_estimators": 26.302570274251355}, "datetime": {"datetime": "2021-09-17 13:45:09", "elapsed": 97.166311, "delta": 0.966003}}
{"target": -2.365487373502631, "params": {"eta": 0.2, "max_depth": 12.838745573690522, "n_estimators": 24.13131071900041}, "datetime": {"datetime": "2021-09-17 13:45:10", "elapsed": 98.308506, "delta": 1.142195}}
{"target": -2.2610317412175633, "params": {"eta": 0.1950092851669042, "max_depth": 11.125136120287285, "n_estimators": 23.564919627197042}, "datetime": {"datetime": "2021-09-17 13:45:11", "elapsed": 99.643001, "delta": 1.334495}}
{"target": -2.452271744452025, "params": {"eta": 0.1668655550339343, "max_depth": 12.148905507987742, "n_estimators": 22.914813734117327}, "datetime": {"datetime": "2021-09-17 13:45:12", "elapsed": 100.301999, "delta": 0.658998}}
{"target": -2.52363402216058, "params": {"eta": 0.14491115547824004, "max_depth": 11.524273937192287, "n_estimators": 23.775466325403997}, "datetime": {"datetime": "2021-09-17 13:45:12", "elapsed": 100.949999, "delta": 0.648}}
{"target": -2.42227919352682, "params": {"eta": 0.17720278657622152, "max_depth": 11.055216507446547, "n_estimators": 23.679300956468346}, "datetime": {"datetime": "2021-09-17 13:45:13", "elapsed": 101.796887, "delta": 0.846888}}
{"target": -2.461734533937354, "params": {"eta": 0.11822984369586784, "max_depth": 14.843570246032055, "n_estimators": 27.148969866382817}, "datetime": {"datetime": "2021-09-17 13:45:14", "elapsed": 102.482885, "delta": 0.685998}}
{"target": -2.5526871656116685, "params": {"eta": 0.11577414979374885, "max_depth": 11.640330571794419, "n_estimators": 26.502642634552064}, "datetime": {"datetime": "2021-09-17 13:45:15", "elapsed": 103.318884, "delta": 0.835999}}
{"target": -2.3553064823150636, "params": {"eta": 0.1969902064168566, "max_depth": 11.167760177206778, "n_estimators": 23.653245650532288}, "datetime": {"datetime": "2021-09-17 13:45:16", "elapsed": 104.319666, "delta": 1.000782}}
{"target": -2.3623357026200544, "params": {"eta": 0.15519617801608349, "max_depth": 15.788414078809321, "n_estimators": 24.333444963205366}, "datetime": {"datetime": "2021-09-17 13:45:16", "elapsed": 105.063671, "delta": 0.744005}}
{"target": -2.3757243363480818, "params": {"eta": 0.2, "max_depth": 15.142516828697152, "n_estimators": 28.345325352545842}, "datetime": {"datetime": "2021-09-17 13:45:18", "elapsed": 106.754112, "delta": 1.690441}}
{"target": -2.2646656356359784, "params": {"eta": 0.17488160347428972, "max_depth": 11.03480187824257, "n_estimators": 23.527789224062563}, "datetime": {"datetime": "2021-09-17 13:45:19", "elapsed": 108.127436, "delta": 1.373324}}
{"target": -2.2986481484613925, "params": {"eta": 0.17582231744549331, "max_depth": 11.123163927878771, "n_estimators": 23.44269764757024}, "datetime": {"datetime": "2021-09-17 13:45:21", "elapsed": 109.330946, "delta": 1.20351}}
{"target": -2.4420422723418787, "params": {"eta": 0.18182713107611026, "max_depth": 13.967005950313524, "n_estimators": 26.60520090412504}, "datetime": {"datetime": "2021-09-17 13:45:22", "elapsed": 110.229169, "delta": 0.898223}}
{"target": -2.237622727218427, "params": {"eta": 0.18333960062632315, "max_depth": 11.033429200418391, "n_estimators": 25.325606147307862}, "datetime": {"datetime": "2021-09-17 13:45:22", "elapsed": 110.934171, "delta": 0.705002}}
{"target": -2.3618741135848196, "params": {"eta": 0.17400513914208804, "max_depth": 11.038219137296045, "n_estimators": 25.222879911082053}, "datetime": {"datetime": "2021-09-17 13:45:24", "elapsed": 112.197226, "delta": 1.263055}}
{"target": -3.429903738122237, "params": {"eta": 0.09357802914988525, "max_depth": 11.11531061249028, "n_estimators": 23.50385842498231}, "datetime": {"datetime": "2021-09-17 13:45:25", "elapsed": 113.238688, "delta": 1.041462}}
{"target": -2.331056700882159, "params": {"eta": 0.1993758537861542, "max_depth": 11.092158781968026, "n_estimators": 23.341743194986186}, "datetime": {"datetime": "2021-09-17 13:45:26", "elapsed": 114.55411, "delta": 1.315422}}
{"target": -2.4150885901953045, "params": {"eta": 0.2, "max_depth": 13.294013039784447, "n_estimators": 23.4507851050284}, "datetime": {"datetime": "2021-09-17 13:45:27", "elapsed": 115.596372, "delta": 1.042262}}
{"target": -2.3371167923274796, "params": {"eta": 0.1828493003900014, "max_depth": 10.993571607517788, "n_estimators": 23.417275735573558}, "datetime": {"datetime": "2021-09-17 13:45:28", "elapsed": 116.707368, "delta": 1.110996}}
{"target": -2.2743474954052973, "params": {"eta": 0.1927552351077136, "max_depth": 11.547050370547225, "n_estimators": 28.317371550314945}, "datetime": {"datetime": "2021-09-17 13:45:30", "elapsed": 118.271473, "delta": 1.564105}}
{"target": -2.360849294536992, "params": {"eta": 0.19178166947065844, "max_depth": 15.19272040899014, "n_estimators": 25.760073408222617}, "datetime": {"datetime": "2021-09-17 13:45:30", "elapsed": 119.066486, "delta": 0.795013}}
{"target": -2.615249412310751, "params": {"eta": 0.1149557002254197, "max_depth": 11.117494038019435, "n_estimators": 25.367276505492125}, "datetime": {"datetime": "2021-09-17 13:45:31", "elapsed": 120.013694, "delta": 0.947208}}
{"target": -2.4150885901953045, "params": {"eta": 0.2, "max_depth": 13.011509730892048, "n_estimators": 23.899042977806246}, "datetime": {"datetime": "2021-09-17 13:45:33", "elapsed": 121.284692, "delta": 1.270998}}
{"target": -2.282461584869184, "params": {"eta": 0.19344143153778875, "max_depth": 10.94344858750176, "n_estimators": 25.282626567305947}, "datetime": {"datetime": "2021-09-17 13:45:34", "elapsed": 122.726703, "delta": 1.442011}}
{"target": -3.7605684487443227, "params": {"eta": 0.09152733347905996, "max_depth": 15.221703480634556, "n_estimators": 22.6080302414088}, "datetime": {"datetime": "2021-09-17 13:45:35", "elapsed": 124.019836, "delta": 1.293133}}
{"target": -2.376649776257967, "params": {"eta": 0.19978071600291306, "max_depth": 11.193397633410795, "n_estimators": 23.401795139776123}, "datetime": {"datetime": "2021-09-17 13:45:37", "elapsed": 125.344443, "delta": 1.324607}}
{"target": -2.2724234537074444, "params": {"eta": 0.1872787845275095, "max_depth": 10.942997917459891, "n_estimators": 23.55476792888972}, "datetime": {"datetime": "2021-09-17 13:45:38", "elapsed": 126.351776, "delta": 1.007333}}
{"target": -2.4940193828783537, "params": {"eta": 0.12728744852576873, "max_depth": 12.210276095477116, "n_estimators": 24.54196597653387}, "datetime": {"datetime": "2021-09-17 13:45:38", "elapsed": 127.112805, "delta": 0.761029}}
{"target": -2.359421334141179, "params": {"eta": 0.14437155611231836, "max_depth": 12.29209348385999, "n_estimators": 26.82782766285472}, "datetime": {"datetime": "2021-09-17 13:45:40", "elapsed": 128.384915, "delta": 1.27211}}
{"target": -2.3124262703092477, "params": {"eta": 0.15688117974672489, "max_depth": 12.22764980053298, "n_estimators": 26.94689510566614}, "datetime": {"datetime": "2021-09-17 13:45:41", "elapsed": 129.352922, "delta": 0.968007}}
{"target": -2.7091220573375097, "params": {"eta": 0.10718551615267065, "max_depth": 10.96885099322496, "n_estimators": 25.32734488883894}, "datetime": {"datetime": "2021-09-17 13:45:42", "elapsed": 130.435354, "delta": 1.082432}}
{"target": -2.8662692716247156, "params": {"eta": 0.10243639170370158, "max_depth": 12.162699255860392, "n_estimators": 26.846840419110833}, "datetime": {"datetime": "2021-09-17 13:45:43", "elapsed": 131.480881, "delta": 1.045527}}
{"target": -2.6221663525230006, "params": {"eta": 0.1261124861774549, "max_depth": 12.926360587806153, "n_estimators": 22.498000861475205}, "datetime": {"datetime": "2021-09-17 13:45:44", "elapsed": 132.150191, "delta": 0.66931}}
{"target": -2.988014251934855, "params": {"eta": 0.10410032968762012, "max_depth": 10.251901255007517, "n_estimators": 24.320103735067264}, "datetime": {"datetime": "2021-09-17 13:45:44", "elapsed": 132.936198, "delta": 0.786007}}
{"target": -2.318647857088792, "params": {"eta": 0.18944690553375615, "max_depth": 12.313930993117214, "n_estimators": 26.92199231502108}, "datetime": {"datetime": "2021-09-17 13:45:46", "elapsed": 134.367349, "delta": 1.431151}}
{"target": -2.384027335518285, "params": {"eta": 0.13202859711128914, "max_depth": 15.21575144852506, "n_estimators": 28.056191892422195}, "datetime": {"datetime": "2021-09-17 13:45:47", "elapsed": 135.556345, "delta": 1.188996}}
{"target": -2.2123705989436098, "params": {"eta": 0.1958445708490168, "max_depth": 11.383604044298622, "n_estimators": 28.284451258637258}, "datetime": {"datetime": "2021-09-17 13:45:48", "elapsed": 136.404211, "delta": 0.847866}}
{"target": -2.381060577066321, "params": {"eta": 0.13757435263023243, "max_depth": 15.936492026797737, "n_estimators": 25.736238582705102}, "datetime": {"datetime": "2021-09-17 13:45:49", "elapsed": 137.225925, "delta": 0.821714}}
{"target": -2.3534654253407528, "params": {"eta": 0.18867532596877046, "max_depth": 11.276242052235027, "n_estimators": 28.327873714001676}, "datetime": {"datetime": "2021-09-17 13:45:50", "elapsed": 138.270146, "delta": 1.044221}}
{"target": -2.2758431848726777, "params": {"eta": 0.197155278668123, "max_depth": 16.039110012004944, "n_estimators": 25.775807352384938}, "datetime": {"datetime": "2021-09-17 13:45:52", "elapsed": 140.267495, "delta": 1.997349}}
{"target": -2.3622686191609032, "params": {"eta": 0.2, "max_depth": 16.02752842686245, "n_estimators": 25.662411339262373}, "datetime": {"datetime": "2021-09-17 13:45:53", "elapsed": 141.5525, "delta": 1.285005}}
{"target": -2.346848192340449, "params": {"eta": 0.2, "max_depth": 11.307702206862725, "n_estimators": 28.205698991543173}, "datetime": {"datetime": "2021-09-17 13:45:54", "elapsed": 143.070062, "delta": 1.517562}}
{"target": -2.431396644366415, "params": {"eta": 0.17979839711387538, "max_depth": 10.659947043124314, "n_estimators": 23.114581046642847}, "datetime": {"datetime": "2021-09-17 13:45:55", "elapsed": 144.125067, "delta": 1.055005}}
{"target": -2.613814956263492, "params": {"eta": 0.11211935713050819, "max_depth": 15.223359237357068, "n_estimators": 27.904509631947462}, "datetime": {"datetime": "2021-09-17 13:45:57", "elapsed": 145.43731, "delta": 1.312243}}
{"target": -2.3342418350671466, "params": {"eta": 0.16893463648695384, "max_depth": 13.982317278518101, "n_estimators": 26.48553152890669}, "datetime": {"datetime": "2021-09-17 13:45:58", "elapsed": 146.189565, "delta": 0.752255}}
{"target": -2.5040609635804825, "params": {"eta": 0.13235351615958357, "max_depth": 11.196689895558832, "n_estimators": 24.83217799229363}, "datetime": {"datetime": "2021-09-17 13:45:59", "elapsed": 147.34227, "delta": 1.152705}}
{"target": -2.3321133958665947, "params": {"eta": 0.1862182266125911, "max_depth": 15.970431711723235, "n_estimators": 25.871581740695838}, "datetime": {"datetime": "2021-09-17 13:46:00", "elapsed": 148.687683, "delta": 1.345413}}
{"target": -2.3446261148703726, "params": {"eta": 0.2, "max_depth": 12.269857336364394, "n_estimators": 27.0537059299533}, "datetime": {"datetime": "2021-09-17 13:46:01", "elapsed": 149.988935, "delta": 1.301252}}
{"target": -2.201287142853988, "params": {"eta": 0.1747159937384843, "max_depth": 14.101300880625262, "n_estimators": 26.553687601110596}, "datetime": {"datetime": "2021-09-17 13:46:03", "elapsed": 151.146936, "delta": 1.158001}}
{"target": -2.591649243706151, "params": {"eta": 0.11094458925255805, "max_depth": 14.12652460201623, "n_estimators": 26.62309860357778}, "datetime": {"datetime": "2021-09-17 13:46:04", "elapsed": 152.218824, "delta": 1.071888}}
{"target": -2.4012065128276223, "params": {"eta": 0.19823285602877266, "max_depth": 14.166804976197898, "n_estimators": 26.432872224092126}, "datetime": {"datetime": "2021-09-17 13:46:05", "elapsed": 153.26283, "delta": 1.044006}}
{"target": -2.699481198034788, "params": {"eta": 0.11445590699734556, "max_depth": 16.08057459483008, "n_estimators": 25.72333933467227}, "datetime": {"datetime": "2021-09-17 13:46:06", "elapsed": 154.653566, "delta": 1.390736}}
{"target": -2.346848192340449, "params": {"eta": 0.2, "max_depth": 11.377807171046125, "n_estimators": 28.39504713444741}, "datetime": {"datetime": "2021-09-17 13:46:07", "elapsed": 156.008329, "delta": 1.354763}}
{"target": -2.444861775322964, "params": {"eta": 0.11751015760865254, "max_depth": 11.641102699450206, "n_estimators": 27.707680741605337}, "datetime": {"datetime": "2021-09-17 13:46:08", "elapsed": 156.773381, "delta": 0.765052}}
{"target": -2.417102222693594, "params": {"eta": 0.11869495621839031, "max_depth": 15.703868752193056, "n_estimators": 27.94926223380435}, "datetime": {"datetime": "2021-09-17 13:46:10", "elapsed": 158.221798, "delta": 1.448417}}
{"target": -2.2424005094327426, "params": {"eta": 0.19781049930763805, "max_depth": 15.763983471448778, "n_estimators": 28.061832580762196}, "datetime": {"datetime": "2021-09-17 13:46:11", "elapsed": 159.716995, "delta": 1.495197}}
{"target": -2.4760040741217764, "params": {"eta": 0.11555288645957507, "max_depth": 15.81289113168895, "n_estimators": 28.160198525983148}, "datetime": {"datetime": "2021-09-17 13:46:12", "elapsed": 161.029997, "delta": 1.313002}}
{"target": -2.4762886618313034, "params": {"eta": 0.11495244059682005, "max_depth": 12.473567127658603, "n_estimators": 28.164538248299824}, "datetime": {"datetime": "2021-09-17 13:46:13", "elapsed": 161.907833, "delta": 0.877836}}
{"target": -2.4893955858130203, "params": {"eta": 0.11943481161503793, "max_depth": 12.5441256967553, "n_estimators": 28.077712418444207}, "datetime": {"datetime": "2021-09-17 13:46:15", "elapsed": 163.148064, "delta": 1.240231}}
{"target": -2.2866278711118193, "params": {"eta": 0.13061683383245767, "max_depth": 15.675032749421892, "n_estimators": 28.10010486669598}, "datetime": {"datetime": "2021-09-17 13:46:16", "elapsed": 164.713491, "delta": 1.565427}}
{"target": -2.243454569264462, "params": {"eta": 0.17369286915336007, "max_depth": 15.065107910868221, "n_estimators": 28.227686409334257}, "datetime": {"datetime": "2021-09-17 13:46:18", "elapsed": 166.272736, "delta": 1.559245}}
{"target": -2.775600225047061, "params": {"eta": 0.10398752230850407, "max_depth": 10.455110950597954, "n_estimators": 25.06132344714094}, "datetime": {"datetime": "2021-09-17 13:46:19", "elapsed": 167.165733, "delta": 0.892997}}
{"target": -2.193109066862809, "params": {"eta": 0.19747031901627293, "max_depth": 15.133379398471632, "n_estimators": 28.1317643040796}, "datetime": {"datetime": "2021-09-17 13:46:20", "elapsed": 169.014407, "delta": 1.848674}}
{"target": -2.26974790096283, "params": {"eta": 0.153844615881841, "max_depth": 13.256815606643483, "n_estimators": 28.921888673195255}, "datetime": {"datetime": "2021-09-17 13:46:21", "elapsed": 170.00718, "delta": 0.992773}}
{"target": -3.1527894239676626, "params": {"eta": 0.09771038140820847, "max_depth": 16.823922068233284, "n_estimators": 24.832108125044485}, "datetime": {"datetime": "2021-09-17 13:46:22", "elapsed": 170.855182, "delta": 0.848002}}
{"target": -2.552491349295566, "params": {"eta": 0.11859590619076005, "max_depth": 11.511058156428112, "n_estimators": 26.303371266007105}, "datetime": {"datetime": "2021-09-17 13:46:23", "elapsed": 171.705193, "delta": 0.850011}}
{"target": -2.414217447607141, "params": {"eta": 0.17950912258710716, "max_depth": 13.314030364215446, "n_estimators": 28.890901152707215}, "datetime": {"datetime": "2021-09-17 13:46:24", "elapsed": 173.076813, "delta": 1.37162}}
{"target": -2.5304182673755444, "params": {"eta": 0.11357367702848263, "max_depth": 15.078568799125446, "n_estimators": 28.126891377207315}, "datetime": {"datetime": "2021-09-17 13:46:26", "elapsed": 174.23489, "delta": 1.158077}}
{"target": -3.5470621610942636, "params": {"eta": 0.09560111047937815, "max_depth": 12.114105698912482, "n_estimators": 22.70591496100375}, "datetime": {"datetime": "2021-09-17 13:46:27", "elapsed": 175.140422, "delta": 0.905532}}
{"target": -2.516343421057651, "params": {"eta": 0.1056263094522126, "max_depth": 15.78264694944846, "n_estimators": 28.045902766840996}, "datetime": {"datetime": "2021-09-17 13:46:28", "elapsed": 177.035881, "delta": 1.895459}}
{"target": -2.331304841292532, "params": {"eta": 0.19729206015340534, "max_depth": 14.080257950075914, "n_estimators": 26.46236817586751}, "datetime": {"datetime": "2021-09-17 13:46:30", "elapsed": 179.053398, "delta": 2.017517}}
{"target": -2.4060429435027273, "params": {"eta": 0.12100326120765804, "max_depth": 15.124946393721128, "n_estimators": 28.25885560126998}, "datetime": {"datetime": "2021-09-17 13:46:31", "elapsed": 180.015058, "delta": 0.96166}}
{"target": -2.4360463399636116, "params": {"eta": 0.12240307168162853, "max_depth": 11.331790808961074, "n_estimators": 28.272474818199562}, "datetime": {"datetime": "2021-09-17 13:46:33", "elapsed": 181.280257, "delta": 1.265199}}
{"target": -2.2320290289427103, "params": {"eta": 0.19409132720008343, "max_depth": 15.671773646046159, "n_estimators": 28.068016516866336}, "datetime": {"datetime": "2021-09-17 13:46:35", "elapsed": 183.713984, "delta": 2.433727}}
{"target": -2.359505717377914, "params": {"eta": 0.17639647544626977, "max_depth": 13.218323457738716, "n_estimators": 28.770874672327743}, "datetime": {"datetime": "2021-09-17 13:46:37", "elapsed": 185.200436, "delta": 1.486452}}
{"target": -2.2292644130556205, "params": {"eta": 0.15553525296758852, "max_depth": 15.57426690522929, "n_estimators": 28.02955752586013}, "datetime": {"datetime": "2021-09-17 13:46:38", "elapsed": 186.748622, "delta": 1.548186}}
{"target": -2.392718793216505, "params": {"eta": 0.1819095071882501, "max_depth": 13.306646715614281, "n_estimators": 28.999406124112834}, "datetime": {"datetime": "2021-09-17 13:46:40", "elapsed": 188.698852, "delta": 1.95023}}
{"target": -2.3065248991313734, "params": {"eta": 0.1604749100377869, "max_depth": 15.52834101671727, "n_estimators": 28.121083626918377}, "datetime": {"datetime": "2021-09-17 13:46:41", "elapsed": 189.785712, "delta": 1.08686}}
{"target": -2.397084753764303, "params": {"eta": 0.16915761951606917, "max_depth": 15.617704598261538, "n_estimators": 28.151835733178437}, "datetime": {"datetime": "2021-09-17 13:46:43", "elapsed": 191.355956, "delta": 1.570244}}
{"target": -2.2980846041127254, "params": {"eta": 0.1994372225674549, "max_depth": 12.189505734985856, "n_estimators": 26.83563750836638}, "datetime": {"datetime": "2021-09-17 13:46:44", "elapsed": 192.284217, "delta": 0.928261}}
{"target": -2.56358239713468, "params": {"eta": 0.1126465893279883, "max_depth": 14.355547733932731, "n_estimators": 27.626219065151062}, "datetime": {"datetime": "2021-09-17 13:46:45", "elapsed": 193.172219, "delta": 0.888002}}
