{"target": 0.7861500782856314, "params": {"eta": 1.0, "max_depth": 3.23625234674394, "n_estimators": 10.0}, "datetime": {"datetime": "2021-09-17 15:54:20", "elapsed": 461.554817, "delta": 1.861908}}
{"target": 0.7050158404070046, "params": {"eta": 1.0, "max_depth": 1.0, "n_estimators": 8.290157580738482}, "datetime": {"datetime": "2021-09-17 15:54:24", "elapsed": 464.72369, "delta": 3.168873}}
{"target": 0.707201245274742, "params": {"eta": 0.9927613868410632, "max_depth": 7.834729613767205, "n_estimators": 4.678978934690527}, "datetime": {"datetime": "2021-09-17 15:54:27", "elapsed": 467.590562, "delta": 2.866872}}
{"target": 0.8244484400060325, "params": {"eta": 0.4209934184991182, "max_depth": 8.977776683261432, "n_estimators": 9.340558617209533}, "datetime": {"datetime": "2021-09-17 15:54:28", "elapsed": 469.420318, "delta": 1.829756}}
{"target": 0.7077492520919487, "params": {"eta": 0.29892625763986186, "max_depth": 2.678922198538241, "n_estimators": 7.062057139575087}, "datetime": {"datetime": "2021-09-17 15:54:31", "elapsed": 472.168342, "delta": 2.748024}}
{"target": 0.7081312887548581, "params": {"eta": 1.0, "max_depth": 10.0, "n_estimators": 7.700190207789256}, "datetime": {"datetime": "2021-09-17 15:54:34", "elapsed": 475.247924, "delta": 3.079582}}
{"target": 0.82752528241858, "params": {"eta": 0.5634833807020968, "max_depth": 9.414764519329871, "n_estimators": 8.967817466284158}, "datetime": {"datetime": "2021-09-17 15:54:37", "elapsed": 477.843691, "delta": 2.595767}}
{"target": 0.7763976173761467, "params": {"eta": 0.983365111109998, "max_depth": 5.145296067485048, "n_estimators": 9.991974576559274}, "datetime": {"datetime": "2021-09-17 15:54:41", "elapsed": 481.680561, "delta": 3.83687}}
{"target": 0.801868291056154, "params": {"eta": 0.6135621335662638, "max_depth": 9.489935385759, "n_estimators": 8.533072874894254}, "datetime": {"datetime": "2021-09-17 15:54:43", "elapsed": 484.348076, "delta": 2.667515}}
{"target": 0.7279266636993836, "params": {"eta": 1.0, "max_depth": 6.085329087653477, "n_estimators": 10.0}, "datetime": {"datetime": "2021-09-17 15:54:46", "elapsed": 486.753162, "delta": 2.405086}}
{"target": 0.6501747830093738, "params": {"eta": 1.0, "max_depth": 9.517492506741146, "n_estimators": 1.9161064670422785}, "datetime": {"datetime": "2021-09-17 15:54:48", "elapsed": 488.997344, "delta": 2.244182}}
{"target": 0.7782305005440042, "params": {"eta": 0.7021537377028542, "max_depth": 5.95127590842053, "n_estimators": 5.316770902026407}, "datetime": {"datetime": "2021-09-17 15:54:50", "elapsed": 491.474174, "delta": 2.47683}}
{"target": 0.7304476078439679, "params": {"eta": 1.0, "max_depth": 5.859212319081831, "n_estimators": 5.867422066896863}, "datetime": {"datetime": "2021-09-17 15:54:54", "elapsed": 494.96569, "delta": 3.491516}}
{"target": 0.7820048456930405, "params": {"eta": 1.0, "max_depth": 3.2098204078986017, "n_estimators": 9.701995909224593}, "datetime": {"datetime": "2021-09-17 15:54:56", "elapsed": 497.039003, "delta": 2.073313}}
{"target": 0.7711910091792762, "params": {"eta": 0.7228799015146925, "max_depth": 7.384706939032206, "n_estimators": 6.5941609736126665}, "datetime": {"datetime": "2021-09-17 15:54:58", "elapsed": 499.493196, "delta": 2.454193}}
{"target": 0.7861500782856314, "params": {"eta": 1.0, "max_depth": 3.7305514286603367, "n_estimators": 10.0}, "datetime": {"datetime": "2021-09-17 15:55:02", "elapsed": 503.078517, "delta": 3.585321}}
{"target": 0.7782954484903939, "params": {"eta": 1.0, "max_depth": 4.8081594997532475, "n_estimators": 5.444209397773909}, "datetime": {"datetime": "2021-09-17 15:55:05", "elapsed": 506.193503, "delta": 3.114986}}
{"target": 0.7868506654786978, "params": {"eta": 0.6853342909870054, "max_depth": 5.098620958369925, "n_estimators": 7.588550825249701}, "datetime": {"datetime": "2021-09-17 15:55:08", "elapsed": 509.036307, "delta": 2.842804}}
{"target": 0.8615317260109737, "params": {"eta": 0.4669548923234733, "max_depth": 5.457813530507804, "n_estimators": 8.15090087685939}, "datetime": {"datetime": "2021-09-17 15:55:12", "elapsed": 513.302951, "delta": 4.266644}}
{"target": 0.7600268312086946, "params": {"eta": 1.0, "max_depth": 2.408322883906192, "n_estimators": 10.0}, "datetime": {"datetime": "2021-09-17 15:55:15", "elapsed": 516.265248, "delta": 2.962297}}
{"target": 0.770503736505014, "params": {"eta": 1.0, "max_depth": 3.799346934590607, "n_estimators": 7.393577883959245}, "datetime": {"datetime": "2021-09-17 15:55:18", "elapsed": 519.483988, "delta": 3.21874}}
{"target": 0.7782954484903939, "params": {"eta": 1.0, "max_depth": 4.4469470716816515, "n_estimators": 5.668339864069757}, "datetime": {"datetime": "2021-09-17 15:55:21", "elapsed": 522.273496, "delta": 2.789508}}
{"target": 0.7742736713767114, "params": {"eta": 0.643889281429949, "max_depth": 9.102923981820771, "n_estimators": 9.828572646529098}, "datetime": {"datetime": "2021-09-17 15:55:25", "elapsed": 525.758469, "delta": 3.484973}}
{"target": 0.7327041445377993, "params": {"eta": 1.0, "max_depth": 6.48441498829346, "n_estimators": 6.307259383691734}, "datetime": {"datetime": "2021-09-17 15:55:29", "elapsed": 529.585369, "delta": 3.8269}}
{"target": 0.6501747830093738, "params": {"eta": 1.0, "max_depth": 6.754954560246136, "n_estimators": 1.0}, "datetime": {"datetime": "2021-09-17 15:55:31", "elapsed": 532.265897, "delta": 2.680528}}
{"target": 0.7137567088309562, "params": {"eta": 0.9928387947337745, "max_depth": 4.634452335404006, "n_estimators": 3.71725314031445}, "datetime": {"datetime": "2021-09-17 15:55:34", "elapsed": 535.141617, "delta": 2.87572}}
{"target": 0.7703425833352697, "params": {"eta": 0.6982968579835549, "max_depth": 7.354581370016263, "n_estimators": 5.065299421189621}, "datetime": {"datetime": "2021-09-17 15:55:37", "elapsed": 538.061325, "delta": 2.919708}}
{"target": 0.6940236164145088, "params": {"eta": 1.0, "max_depth": 9.674852639676883, "n_estimators": 6.585610455656595}, "datetime": {"datetime": "2021-09-17 15:55:39", "elapsed": 540.355489, "delta": 2.294164}}
{"target": 0.7136003147045338, "params": {"eta": 1.0, "max_depth": 8.942425466459092, "n_estimators": 4.294548395664168}, "datetime": {"datetime": "2021-09-17 15:55:42", "elapsed": 542.657703, "delta": 2.302214}}
{"target": 0.7590748465374186, "params": {"eta": 1.0, "max_depth": 4.259462092709915, "n_estimators": 4.4790774485585185}, "datetime": {"datetime": "2021-09-17 15:55:45", "elapsed": 545.665614, "delta": 3.007911}}
{"target": 0.7761520449942765, "params": {"eta": 1.0, "max_depth": 3.4822119014679442, "n_estimators": 8.495890714415752}, "datetime": {"datetime": "2021-09-17 15:55:48", "elapsed": 548.789493, "delta": 3.123879}}
{"target": 0.7055298377468212, "params": {"eta": 1.0, "max_depth": 4.256755147390979, "n_estimators": 2.1065387195723777}, "datetime": {"datetime": "2021-09-17 15:55:52", "elapsed": 552.894608, "delta": 4.105115}}
{"target": 0.8163655650327551, "params": {"eta": 0.5430068397349839, "max_depth": 6.225318360620147, "n_estimators": 8.606466069064416}, "datetime": {"datetime": "2021-09-17 15:55:55", "elapsed": 556.045941, "delta": 3.151333}}
{"target": 0.67512274612061, "params": {"eta": 0.9996156522124306, "max_depth": 7.732065307847345, "n_estimators": 9.380995665943317}, "datetime": {"datetime": "2021-09-17 15:55:57", "elapsed": 558.135196, "delta": 2.089255}}
{"target": 0.6686330227817973, "params": {"eta": 0.9969994014088467, "max_depth": 1.3726787557750253, "n_estimators": 3.366592033415865}, "datetime": {"datetime": "2021-09-17 15:56:02", "elapsed": 563.390558, "delta": 5.255362}}
{"target": 0.7917370134163593, "params": {"eta": 0.6922941235893002, "max_depth": 7.594955227498783, "n_estimators": 5.494899802059622}, "datetime": {"datetime": "2021-09-17 15:56:04", "elapsed": 565.484981, "delta": 2.094423}}
{"target": 0.69813943067239, "params": {"eta": 1.0, "max_depth": 8.488042459784335, "n_estimators": 3.175204759259903}, "datetime": {"datetime": "2021-09-17 15:56:08", "elapsed": 569.169362, "delta": 3.684381}}
{"target": 0.716772499639672, "params": {"eta": 1.0, "max_depth": 8.435582164248212, "n_estimators": 7.949668102366503}, "datetime": {"datetime": "2021-09-17 15:56:11", "elapsed": 572.312792, "delta": 3.14343}}
{"target": 0.7078502327821943, "params": {"eta": 1.0, "max_depth": 2.015074365410731, "n_estimators": 6.462222737162854}, "datetime": {"datetime": "2021-09-17 15:56:14", "elapsed": 575.055062, "delta": 2.74227}}
{"target": 0.6961291677831043, "params": {"eta": 1.0, "max_depth": 9.599294094703854, "n_estimators": 10.0}, "datetime": {"datetime": "2021-09-17 15:56:17", "elapsed": 577.832861, "delta": 2.777799}}
{"target": 0.7137275473108358, "params": {"eta": 0.9931063804514088, "max_depth": 4.137803679417274, "n_estimators": 3.9555946295773285}, "datetime": {"datetime": "2021-09-17 15:56:19", "elapsed": 580.083143, "delta": 2.250282}}
{"target": 0.7683765077615653, "params": {"eta": 0.25754152872600405, "max_depth": 6.897380014482779, "n_estimators": 8.389728672330335}, "datetime": {"datetime": "2021-09-17 15:56:22", "elapsed": 582.978042, "delta": 2.894899}}
{"target": 0.7852126951699785, "params": {"eta": 1.0, "max_depth": 4.726843311969307, "n_estimators": 8.651503382640604}, "datetime": {"datetime": "2021-09-17 15:56:24", "elapsed": 585.228805, "delta": 2.250763}}
{"target": 0.6992594803952312, "params": {"eta": 1.0, "max_depth": 1.0, "n_estimators": 5.6583196691831175}, "datetime": {"datetime": "2021-09-17 15:56:27", "elapsed": 588.068388, "delta": 2.839583}}
{"target": 0.7693237770422194, "params": {"eta": 0.762120458206846, "max_depth": 6.958374960865442, "n_estimators": 5.201140715821592}, "datetime": {"datetime": "2021-09-17 15:56:31", "elapsed": 592.550221, "delta": 4.481833}}
{"target": 0.764709052765851, "params": {"eta": 0.7456173192214884, "max_depth": 4.706623145824792, "n_estimators": 7.010905596102783}, "datetime": {"datetime": "2021-09-17 15:56:34", "elapsed": 594.999488, "delta": 2.449267}}
{"target": 0.781593455599606, "params": {"eta": 1.0, "max_depth": 4.002653984086804, "n_estimators": 9.04850489594848}, "datetime": {"datetime": "2021-09-17 15:56:37", "elapsed": 597.928076, "delta": 2.928588}}
{"target": 0.69813943067239, "params": {"eta": 1.0, "max_depth": 8.906413989474965, "n_estimators": 3.7489291981524584}, "datetime": {"datetime": "2021-09-17 15:56:40", "elapsed": 600.863268, "delta": 2.935192}}
{"target": 0.7675340115447823, "params": {"eta": 0.9992739245531199, "max_depth": 4.494295345489906, "n_estimators": 7.823158136528774}, "datetime": {"datetime": "2021-09-17 15:56:42", "elapsed": 603.321461, "delta": 2.458193}}
{"target": 0.6992594803952312, "params": {"eta": 1.0, "max_depth": 1.4874183534016523, "n_estimators": 5.967970724115403}, "datetime": {"datetime": "2021-09-17 15:56:45", "elapsed": 606.286393, "delta": 2.964932}}
{"target": 0.7761520449942765, "params": {"eta": 1.0, "max_depth": 3.3860045678920234, "n_estimators": 8.008246944311843}, "datetime": {"datetime": "2021-09-17 15:56:49", "elapsed": 610.286899, "delta": 4.000506}}
{"target": 0.7557128943746945, "params": {"eta": 0.9946434164382713, "max_depth": 5.504520879462045, "n_estimators": 6.767041696426753}, "datetime": {"datetime": "2021-09-17 15:56:53", "elapsed": 614.37577, "delta": 4.088871}}
{"target": 0.7423370352579843, "params": {"eta": 1.0, "max_depth": 2.1108205339983015, "n_estimators": 8.981460971446806}, "datetime": {"datetime": "2021-09-17 15:56:56", "elapsed": 616.792856, "delta": 2.417086}}
{"target": 0.8094276950638712, "params": {"eta": 0.3296607130345375, "max_depth": 6.421877712223569, "n_estimators": 8.630408289590541}, "datetime": {"datetime": "2021-09-17 15:56:59", "elapsed": 620.502247, "delta": 3.709391}}
{"target": 0.8209854434434044, "params": {"eta": 0.3583991598105225, "max_depth": 5.801085232097649, "n_estimators": 9.190470630205079}, "datetime": {"datetime": "2021-09-17 15:57:03", "elapsed": 624.129149, "delta": 3.626902}}
{"target": 0.7982615017460477, "params": {"eta": 0.9877605041597369, "max_depth": 4.878463924889553, "n_estimators": 7.449136339888848}, "datetime": {"datetime": "2021-09-17 15:57:06", "elapsed": 627.35479, "delta": 3.225641}}
{"target": 0.7310490090396373, "params": {"eta": 1.0, "max_depth": 3.4772897693603024, "n_estimators": 4.569694354713123}, "datetime": {"datetime": "2021-09-17 15:57:09", "elapsed": 629.833502, "delta": 2.478712}}
{"target": 0.7653156448796633, "params": {"eta": 0.5803890184547175, "max_depth": 2.5562388036406896, "n_estimators": 7.307447480187133}, "datetime": {"datetime": "2021-09-17 15:57:11", "elapsed": 632.340891, "delta": 2.507389}}
{"target": 0.8508956011232214, "params": {"eta": 0.45145345625255184, "max_depth": 4.966246632675415, "n_estimators": 7.3894254940015065}, "datetime": {"datetime": "2021-09-17 15:57:15", "elapsed": 635.862774, "delta": 3.521883}}
{"target": 0.7738139653020318, "params": {"eta": 0.9919283391002366, "max_depth": 4.969081262596337, "n_estimators": 4.536160784903835}, "datetime": {"datetime": "2021-09-17 15:57:18", "elapsed": 639.111158, "delta": 3.248384}}
{"target": 0.6501747830093738, "params": {"eta": 1.0, "max_depth": 7.504112328453481, "n_estimators": 1.2645814298388358}, "datetime": {"datetime": "2021-09-17 15:57:20", "elapsed": 641.462065, "delta": 2.350907}}
{"target": 0.6959960001704653, "params": {"eta": 1.0, "max_depth": 9.701467340795503, "n_estimators": 8.037633324144174}, "datetime": {"datetime": "2021-09-17 15:57:25", "elapsed": 645.903214, "delta": 4.441149}}
{"target": 0.7304476078439679, "params": {"eta": 1.0, "max_depth": 5.498581489997347, "n_estimators": 5.410860108940405}, "datetime": {"datetime": "2021-09-17 15:57:28", "elapsed": 649.158599, "delta": 3.255385}}
{"target": 0.7957866080366032, "params": {"eta": 0.4780932231767814, "max_depth": 7.82031963356007, "n_estimators": 5.6802500082028455}, "datetime": {"datetime": "2021-09-17 15:57:31", "elapsed": 652.239047, "delta": 3.080448}}
{"target": 0.6913657585592221, "params": {"eta": 1.0, "max_depth": 7.71796230785975, "n_estimators": 7.195978872719515}, "datetime": {"datetime": "2021-09-17 15:57:35", "elapsed": 655.902236, "delta": 3.663189}}
{"target": 0.8486967492073202, "params": {"eta": 0.42709531559671426, "max_depth": 8.454656084821954, "n_estimators": 8.531905463896788}, "datetime": {"datetime": "2021-09-17 15:57:38", "elapsed": 658.911485, "delta": 3.009249}}
{"target": 0.8120746687836582, "params": {"eta": 0.46120983435920837, "max_depth": 8.122682875874075, "n_estimators": 8.45246739465023}, "datetime": {"datetime": "2021-09-17 15:57:42", "elapsed": 662.577387, "delta": 3.665902}}
{"target": 0.7644520575933322, "params": {"eta": 1.0, "max_depth": 3.0661621070192075, "n_estimators": 6.437017545868958}, "datetime": {"datetime": "2021-09-17 15:57:46", "elapsed": 667.501077, "delta": 4.92369}}
{"target": 0.7001802135174982, "params": {"eta": 0.9974441094552057, "max_depth": 2.7293955854933256, "n_estimators": 5.3325166902281}, "datetime": {"datetime": "2021-09-17 15:57:49", "elapsed": 669.933898, "delta": 2.432821}}
{"target": 0.7285543291669296, "params": {"eta": 1.0, "max_depth": 6.282902217822314, "n_estimators": 4.271354858367553}, "datetime": {"datetime": "2021-09-17 15:57:53", "elapsed": 674.059918, "delta": 4.12602}}
{"target": 0.7893732016542507, "params": {"eta": 0.2829738342615191, "max_depth": 8.923957881850669, "n_estimators": 8.633969441516342}, "datetime": {"datetime": "2021-09-17 15:57:56", "elapsed": 676.869594, "delta": 2.809676}}
{"target": 0.7562314044100548, "params": {"eta": 1.0, "max_depth": 2.3699078883110976, "n_estimators": 9.37724784688334}, "datetime": {"datetime": "2021-09-17 15:58:01", "elapsed": 681.627547, "delta": 4.757953}}
{"target": 0.7552361657150707, "params": {"eta": 0.9942640061128116, "max_depth": 5.474679103729486, "n_estimators": 9.373160099534875}, "datetime": {"datetime": "2021-09-17 15:58:04", "elapsed": 684.934373, "delta": 3.306826}}
{"target": 0.7820048456930405, "params": {"eta": 1.0, "max_depth": 3.4604515890463228, "n_estimators": 9.302286658842315}, "datetime": {"datetime": "2021-09-17 15:58:07", "elapsed": 687.973888, "delta": 3.039515}}
{"target": 0.7644520575933322, "params": {"eta": 1.0, "max_depth": 3.4882648801198677, "n_estimators": 6.537094421205137}, "datetime": {"datetime": "2021-09-17 15:58:10", "elapsed": 690.705886, "delta": 2.731998}}
{"target": 0.7480861779269037, "params": {"eta": 0.6727850503274827, "max_depth": 2.092954921676712, "n_estimators": 7.311247099914564}, "datetime": {"datetime": "2021-09-17 15:58:13", "elapsed": 694.365188, "delta": 3.659302}}
{"target": 0.7289234094378835, "params": {"eta": 1.0, "max_depth": 6.87341233084541, "n_estimators": 9.720282195945328}, "datetime": {"datetime": "2021-09-17 15:58:16", "elapsed": 696.955429, "delta": 2.590241}}
{"target": 0.7235812954816632, "params": {"eta": 1.0, "max_depth": 5.10168776778361, "n_estimators": 3.086018363482338}, "datetime": {"datetime": "2021-09-17 15:58:21", "elapsed": 702.360127, "delta": 5.404698}}
{"target": 0.7133262441456074, "params": {"eta": 1.0, "max_depth": 8.088937902374733, "n_estimators": 6.547022422394696}, "datetime": {"datetime": "2021-09-17 15:58:24", "elapsed": 704.879063, "delta": 2.518936}}
{"target": 0.8345970266336452, "params": {"eta": 0.542198788810211, "max_depth": 5.64555297139289, "n_estimators": 9.406445633812996}, "datetime": {"datetime": "2021-09-17 15:58:27", "elapsed": 707.578806, "delta": 2.699743}}
{"target": 0.7966917688601513, "params": {"eta": 0.6125169280490618, "max_depth": 7.244609006976695, "n_estimators": 8.431426499597485}, "datetime": {"datetime": "2021-09-17 15:58:30", "elapsed": 710.809173, "delta": 3.230367}}
{"target": 0.05745369953417023, "params": {"eta": 0.12822889554252892, "max_depth": 7.447546732328095, "n_estimators": 8.299786716072735}, "datetime": {"datetime": "2021-09-17 15:58:32", "elapsed": 713.18989, "delta": 2.380717}}
{"target": 0.7824197548229876, "params": {"eta": 0.6167851883677735, "max_depth": 7.962878393757873, "n_estimators": 8.711319119326639}, "datetime": {"datetime": "2021-09-17 15:58:37", "elapsed": 718.302091, "delta": 5.112201}}
{"target": 0.7562314044100548, "params": {"eta": 1.0, "max_depth": 2.920019790683677, "n_estimators": 9.160685252298338}, "datetime": {"datetime": "2021-09-17 15:58:41", "elapsed": 722.42767, "delta": 4.125579}}
{"target": 0.755750703138857, "params": {"eta": 0.7346226900034631, "max_depth": 4.801883213887709, "n_estimators": 5.811937172413073}, "datetime": {"datetime": "2021-09-17 15:58:44", "elapsed": 724.928682, "delta": 2.501012}}
{"target": 0.8618863667238913, "params": {"eta": 0.46624505134428196, "max_depth": 5.327785641754502, "n_estimators": 8.874075045531994}, "datetime": {"datetime": "2021-09-17 15:58:47", "elapsed": 728.4491, "delta": 3.520418}}
{"target": 0.716170250868578, "params": {"eta": 1.0, "max_depth": 8.905675415999276, "n_estimators": 9.038030086404829}, "datetime": {"datetime": "2021-09-17 15:58:50", "elapsed": 731.480031, "delta": 3.030931}}
{"target": 0.7535873772851505, "params": {"eta": 0.7723138524762682, "max_depth": 5.061225991943691, "n_estimators": 9.161039577984795}, "datetime": {"datetime": "2021-09-17 15:58:53", "elapsed": 734.028234, "delta": 2.548203}}
{"target": 0.7660711834283885, "params": {"eta": 0.7805420919844293, "max_depth": 9.56261488431554, "n_estimators": 8.736689686837252}, "datetime": {"datetime": "2021-09-17 15:58:55", "elapsed": 736.440403, "delta": 2.412169}}
{"target": 0.7050158404070046, "params": {"eta": 1.0, "max_depth": 1.345329833269706, "n_estimators": 8.568384157068092}, "datetime": {"datetime": "2021-09-17 15:59:00", "elapsed": 741.269171, "delta": 4.828768}}
{"target": 0.7079462329231616, "params": {"eta": 1.0, "max_depth": 1.9994176168288316, "n_estimators": 10.0}, "datetime": {"datetime": "2021-09-17 15:59:04", "elapsed": 744.7404, "delta": 3.471229}}
{"target": 0.7441711788127763, "params": {"eta": 0.25390189987811446, "max_depth": 9.42155674386978, "n_estimators": 8.819178668305081}, "datetime": {"datetime": "2021-09-17 15:59:07", "elapsed": 747.918543, "delta": 3.178143}}
{"target": 0.7791800395893322, "params": {"eta": 0.6711772018350809, "max_depth": 7.406096520847366, "n_estimators": 6.319338219650713}, "datetime": {"datetime": "2021-09-17 15:59:09", "elapsed": 750.427714, "delta": 2.509171}}
{"target": 0.7532115872540001, "params": {"eta": 0.9868428323070799, "max_depth": 6.876804040391335, "n_estimators": 6.491071167259143}, "datetime": {"datetime": "2021-09-17 15:59:14", "elapsed": 754.992565, "delta": 4.564851}}
{"target": 0.7006327528824059, "params": {"eta": 1.0, "max_depth": 3.9793808177584924, "n_estimators": 2.5358073983090446}, "datetime": {"datetime": "2021-09-17 15:59:19", "elapsed": 760.484955, "delta": 5.49239}}
{"target": 0.845808844145869, "params": {"eta": 0.35630017623672894, "max_depth": 6.1197704774537645, "n_estimators": 8.917992820861908}, "datetime": {"datetime": "2021-09-17 15:59:23", "elapsed": 763.84665, "delta": 3.361695}}
{"target": 0.8334787290298638, "params": {"eta": 0.4569236407690737, "max_depth": 4.909027837040217, "n_estimators": 7.694247504998363}, "datetime": {"datetime": "2021-09-17 15:59:25", "elapsed": 766.366262, "delta": 2.519612}}
{"target": 0.7852126951699785, "params": {"eta": 1.0, "max_depth": 4.733230635680098, "n_estimators": 8.162770710574758}, "datetime": {"datetime": "2021-09-17 15:59:29", "elapsed": 769.946521, "delta": 3.580259}}
{"target": 0.8047302286332944, "params": {"eta": 0.6137859958809255, "max_depth": 10.0, "n_estimators": 8.597966687249674}, "datetime": {"datetime": "2021-09-17 15:59:32", "elapsed": 772.611024, "delta": 2.664503}}
{"target": 0.7381892041692018, "params": {"eta": 0.9875469951173745, "max_depth": 7.410473970794353, "n_estimators": 5.907043476450348}, "datetime": {"datetime": "2021-09-17 15:59:36", "elapsed": 777.032253, "delta": 4.421229}}
