{"target": 0.8489097069504189, "params": {"eta": 0.19807685828976326, "max_depth": 11.074804304158318, "n_estimators": 40.243317663499816}, "datetime": {"datetime": "2021-09-17 19:51:47", "elapsed": 450.390447, "delta": 2.026512}}
{"target": 0.8399493712632304, "params": {"eta": 0.2879605547078695, "max_depth": 29.578909620444595, "n_estimators": 42.06767777182314}, "datetime": {"datetime": "2021-09-17 19:51:49", "elapsed": 452.305085, "delta": 1.914638}}
{"target": 0.827782904410355, "params": {"eta": 0.5160140713926222, "max_depth": 5.744018420066664, "n_estimators": 17.226841768612466}, "datetime": {"datetime": "2021-09-17 19:51:52", "elapsed": 454.596643, "delta": 2.291558}}
{"target": 0.8191493694497654, "params": {"eta": 0.2256643651208342, "max_depth": 42.371157979633026, "n_estimators": 23.7935349088922}, "datetime": {"datetime": "2021-09-17 19:51:53", "elapsed": 456.276641, "delta": 1.679998}}
{"target": 0.8442982000882573, "params": {"eta": 0.411861012672587, "max_depth": 5.704646086330699, "n_estimators": 17.564410326676416}, "datetime": {"datetime": "2021-09-17 19:51:55", "elapsed": 458.455777, "delta": 2.179136}}
{"target": 0.8509082749974202, "params": {"eta": 0.2188228905962365, "max_depth": 5.719036082687738, "n_estimators": 40.70912813626849}, "datetime": {"datetime": "2021-09-17 19:51:58", "elapsed": 461.207913, "delta": 2.752136}}
{"target": 0.8398264854304918, "params": {"eta": 0.24890330879057357, "max_depth": 42.26871639823354, "n_estimators": 49.29547122527027}, "datetime": {"datetime": "2021-09-17 19:52:01", "elapsed": 463.633254, "delta": 2.425341}}
{"target": 0.840899507803901, "params": {"eta": 0.17261154207022852, "max_depth": 7.653906472620455, "n_estimators": 38.32536067342644}, "datetime": {"datetime": "2021-09-17 19:52:03", "elapsed": 465.945615, "delta": 2.312361}}
{"target": 0.8436206272869361, "params": {"eta": 0.3520818713870991, "max_depth": 5.976677977647576, "n_estimators": 41.17695050438562}, "datetime": {"datetime": "2021-09-17 19:52:05", "elapsed": 467.948591, "delta": 2.002976}}
{"target": 0.8264348229647402, "params": {"eta": 0.11271264999254406, "max_depth": 24.255950631156544, "n_estimators": 32.026114606087575}, "datetime": {"datetime": "2021-09-17 19:52:07", "elapsed": 469.655277, "delta": 1.706686}}
{"target": 0.8202725190142036, "params": {"eta": 0.24280094709437364, "max_depth": 26.8877285925934, "n_estimators": 12.44760146912692}, "datetime": {"datetime": "2021-09-17 19:52:08", "elapsed": 471.362976, "delta": 1.707699}}
{"target": 0.8501734840344506, "params": {"eta": 0.24966430270418855, "max_depth": 6.878631019330797, "n_estimators": 39.05396144169257}, "datetime": {"datetime": "2021-09-17 19:52:11", "elapsed": 473.513869, "delta": 2.150893}}
{"target": 0.8244920120107293, "params": {"eta": 0.24483139201133478, "max_depth": 42.360382193437786, "n_estimators": 49.56913320068856}, "datetime": {"datetime": "2021-09-17 19:52:13", "elapsed": 475.856824, "delta": 2.342955}}
{"target": 0.8381945851033663, "params": {"eta": 0.10120288782728647, "max_depth": 6.17998137414702, "n_estimators": 39.60428800586539}, "datetime": {"datetime": "2021-09-17 19:52:15", "elapsed": 477.766633, "delta": 1.909809}}
{"target": 0.86157748357083, "params": {"eta": 0.3076340586292994, "max_depth": 5.880402693725062, "n_estimators": 41.527930730944135}, "datetime": {"datetime": "2021-09-17 19:52:17", "elapsed": 479.619627, "delta": 1.852994}}
{"target": 0.8443009318861747, "params": {"eta": 0.1115205808092651, "max_depth": 7.601063062565371, "n_estimators": 40.53452430663429}, "datetime": {"datetime": "2021-09-17 19:52:19", "elapsed": 482.300218, "delta": 2.680591}}
{"target": 0.8363825873910921, "params": {"eta": 0.4629677311144338, "max_depth": 19.312883949735795, "n_estimators": 7.462176397292967}, "datetime": {"datetime": "2021-09-17 19:52:22", "elapsed": 484.695803, "delta": 2.395585}}
{"target": 0.8386432860811441, "params": {"eta": 0.25158594068179924, "max_depth": 7.294107525158628, "n_estimators": 38.15485858880533}, "datetime": {"datetime": "2021-09-17 19:52:24", "elapsed": 486.927915, "delta": 2.232112}}
{"target": 0.7751170260849861, "params": {"eta": 0.6037207800250445, "max_depth": 39.24772827983359, "n_estimators": 13.11424717451765}, "datetime": {"datetime": "2021-09-17 19:52:26", "elapsed": 488.578918, "delta": 1.651003}}
{"target": 0.8188472466614473, "params": {"eta": 0.546043619767755, "max_depth": 19.50582274253109, "n_estimators": 7.357528878918681}, "datetime": {"datetime": "2021-09-17 19:52:28", "elapsed": 491.145224, "delta": 2.566306}}
{"target": 0.8544792651175976, "params": {"eta": 0.2586137477473962, "max_depth": 7.410906153345888, "n_estimators": 40.92149428900492}, "datetime": {"datetime": "2021-09-17 19:52:30", "elapsed": 493.472963, "delta": 2.327739}}
{"target": 0.8329704237076092, "params": {"eta": 0.24918131881883337, "max_depth": 20.889685783292382, "n_estimators": 44.15120677308101}, "datetime": {"datetime": "2021-09-17 19:52:33", "elapsed": 495.522489, "delta": 2.049526}}
{"target": 0.8386214890556809, "params": {"eta": 0.2654165841748114, "max_depth": 5.527239379327387, "n_estimators": 17.07053252581426}, "datetime": {"datetime": "2021-09-17 19:52:35", "elapsed": 498.406857, "delta": 2.884368}}
{"target": 0.7837194984924933, "params": {"eta": 0.6187483079051431, "max_depth": 5.5441558912573115, "n_estimators": 17.008711664413582}, "datetime": {"datetime": "2021-09-17 19:52:37", "elapsed": 500.462993, "delta": 2.056136}}
{"target": 0.8407313436485357, "params": {"eta": 0.14150975437309743, "max_depth": 47.85862320901684, "n_estimators": 48.314475330549655}, "datetime": {"datetime": "2021-09-17 19:52:40", "elapsed": 502.476692, "delta": 2.013699}}
{"target": 0.8352211606687507, "params": {"eta": 0.2911308695154485, "max_depth": 7.567430145580546, "n_estimators": 40.657523065498765}, "datetime": {"datetime": "2021-09-17 19:52:42", "elapsed": 505.395897, "delta": 2.919205}}
{"target": 0.8284546207595906, "params": {"eta": 0.4099094133175837, "max_depth": 7.628669764535294, "n_estimators": 40.973826970337974}, "datetime": {"datetime": "2021-09-17 19:52:45", "elapsed": 508.187627, "delta": 2.79173}}
{"target": 0.8312298911131929, "params": {"eta": 0.11720581404654362, "max_depth": 10.36949847758201, "n_estimators": 41.90909569466437}, "datetime": {"datetime": "2021-09-17 19:52:47", "elapsed": 510.231027, "delta": 2.0434}}
{"target": 0.8311135497623752, "params": {"eta": 0.24066789231120278, "max_depth": 23.450967705118696, "n_estimators": 46.999094506010216}, "datetime": {"datetime": "2021-09-17 19:52:49", "elapsed": 512.157142, "delta": 1.926115}}
{"target": 0.8507525449980472, "params": {"eta": 0.17333405574059796, "max_depth": 7.71744221860144, "n_estimators": 37.91922809414342}, "datetime": {"datetime": "2021-09-17 19:52:52", "elapsed": 515.435395, "delta": 3.278253}}
{"target": 0.7911560434142973, "params": {"eta": 0.2160689971502473, "max_depth": 43.218692280857525, "n_estimators": 12.859072328818478}, "datetime": {"datetime": "2021-09-17 19:52:54", "elapsed": 517.218089, "delta": 1.782694}}
{"target": 0.8460246297607538, "params": {"eta": 0.42289226016939907, "max_depth": 7.249076038746349, "n_estimators": 40.99426742334076}, "datetime": {"datetime": "2021-09-17 19:52:57", "elapsed": 519.487619, "delta": 2.26953}}
{"target": 0.8350197862401997, "params": {"eta": 0.21664480317458248, "max_depth": 9.716378461905979, "n_estimators": 37.96059925832513}, "datetime": {"datetime": "2021-09-17 19:52:59", "elapsed": 522.238973, "delta": 2.751354}}
{"target": 0.853492935074578, "params": {"eta": 0.3413115606558741, "max_depth": 7.362539135869871, "n_estimators": 40.384226245965905}, "datetime": {"datetime": "2021-09-17 19:53:02", "elapsed": 525.102641, "delta": 2.863668}}
{"target": 0.8342390948636312, "params": {"eta": 0.2573068469033316, "max_depth": 6.1302895618602555, "n_estimators": 37.52417452486738}, "datetime": {"datetime": "2021-09-17 19:53:06", "elapsed": 528.686863, "delta": 3.584222}}
{"target": 0.8208483930491846, "params": {"eta": 0.3355069180790289, "max_depth": 47.64265045877207, "n_estimators": 17.97974330547042}, "datetime": {"datetime": "2021-09-17 19:53:08", "elapsed": 530.622497, "delta": 1.935634}}
{"target": 0.8595640767960617, "params": {"eta": 0.18206253424255364, "max_depth": 10.698654494610446, "n_estimators": 41.82283051698015}, "datetime": {"datetime": "2021-09-17 19:53:11", "elapsed": 533.678451, "delta": 3.055954}}
{"target": 0.8501532643848421, "params": {"eta": 0.17363473797070078, "max_depth": 7.442172020955272, "n_estimators": 40.27432864257144}, "datetime": {"datetime": "2021-09-17 19:53:13", "elapsed": 535.947227, "delta": 2.268776}}
{"target": 0.8539119924270463, "params": {"eta": 0.2735144012106595, "max_depth": 7.138277653886575, "n_estimators": 40.47078339516035}, "datetime": {"datetime": "2021-09-17 19:53:16", "elapsed": 538.503722, "delta": 2.556495}}
{"target": 0.8616735011319904, "params": {"eta": 0.28213358186311144, "max_depth": 5.523690820005503, "n_estimators": 17.75844776399856}, "datetime": {"datetime": "2021-09-17 19:53:19", "elapsed": 541.772822, "delta": 3.2691}}
{"target": 0.7985835562957724, "params": {"eta": 0.5961352611455581, "max_depth": 4.858387419151992, "n_estimators": 29.694332793419584}, "datetime": {"datetime": "2021-09-17 19:53:21", "elapsed": 543.508824, "delta": 1.736002}}
{"target": 0.833286545682423, "params": {"eta": 0.11545269236021134, "max_depth": 6.496224893521152, "n_estimators": 37.76567456204816}, "datetime": {"datetime": "2021-09-17 19:53:23", "elapsed": 545.770653, "delta": 2.261829}}
{"target": 0.8571585788051073, "params": {"eta": 0.18217627361742594, "max_depth": 5.598526532904252, "n_estimators": 40.95931954663227}, "datetime": {"datetime": "2021-09-17 19:53:25", "elapsed": 547.991244, "delta": 2.220591}}
{"target": 0.8346933233287414, "params": {"eta": 0.11948614686366124, "max_depth": 7.1414673291605695, "n_estimators": 40.23025151292814}, "datetime": {"datetime": "2021-09-17 19:53:28", "elapsed": 550.773245, "delta": 2.782001}}
{"target": 0.8401932678053785, "params": {"eta": 0.16834890725987814, "max_depth": 43.90619283625748, "n_estimators": 38.03545872211558}, "datetime": {"datetime": "2021-09-17 19:53:30", "elapsed": 553.240695, "delta": 2.46745}}
{"target": 0.8425321360728864, "params": {"eta": 0.3625058955736913, "max_depth": 10.941958640071238, "n_estimators": 37.53925652740196}, "datetime": {"datetime": "2021-09-17 19:53:33", "elapsed": 556.333456, "delta": 3.092761}}
{"target": 0.829497312847915, "params": {"eta": 0.500535847388429, "max_depth": 6.839736663649188, "n_estimators": 39.502038128932085}, "datetime": {"datetime": "2021-09-17 19:53:36", "elapsed": 559.102267, "delta": 2.768811}}
{"target": 0.824848304738411, "params": {"eta": 0.38919677920105145, "max_depth": 10.481131957430447, "n_estimators": 37.257726526171375}, "datetime": {"datetime": "2021-09-17 19:53:39", "elapsed": 562.022259, "delta": 2.919992}}
{"target": 0.8126714172771139, "params": {"eta": 0.5182736974566816, "max_depth": 11.157525910239194, "n_estimators": 19.364903605598382}, "datetime": {"datetime": "2021-09-17 19:53:41", "elapsed": 563.835253, "delta": 1.812994}}
{"target": 0.8416498550897933, "params": {"eta": 0.4310516245065872, "max_depth": 10.535963468100206, "n_estimators": 41.920241078342116}, "datetime": {"datetime": "2021-09-17 19:53:44", "elapsed": 566.865887, "delta": 3.030634}}
{"target": 0.8333997782123874, "params": {"eta": 0.25435067938021766, "max_depth": 40.16706810453367, "n_estimators": 40.774323584244556}, "datetime": {"datetime": "2021-09-17 19:53:47", "elapsed": 569.791424, "delta": 2.925537}}
{"target": 0.7969158775818563, "params": {"eta": 0.4925637143115028, "max_depth": 29.42704804185478, "n_estimators": 11.16675162547222}, "datetime": {"datetime": "2021-09-17 19:53:49", "elapsed": 571.805599, "delta": 2.014175}}
{"target": 0.8214575999182843, "params": {"eta": 0.5862987453342663, "max_depth": 7.1899218158145715, "n_estimators": 40.703540369811954}, "datetime": {"datetime": "2021-09-17 19:53:52", "elapsed": 575.026837, "delta": 3.221238}}
{"target": 0.820469860946698, "params": {"eta": 0.2332280340996092, "max_depth": 39.70303545619382, "n_estimators": 39.74913504453696}, "datetime": {"datetime": "2021-09-17 19:53:57", "elapsed": 580.0044, "delta": 4.977563}}
{"target": 0.8427787982841058, "params": {"eta": 0.2784234961683478, "max_depth": 7.477197427277823, "n_estimators": 37.922181553036744}, "datetime": {"datetime": "2021-09-17 19:54:01", "elapsed": 583.832081, "delta": 3.827681}}
{"target": 0.8433952398522966, "params": {"eta": 0.4534537605361736, "max_depth": 39.85149190791073, "n_estimators": 16.253076183013206}, "datetime": {"datetime": "2021-09-17 19:54:03", "elapsed": 586.208383, "delta": 2.376302}}
{"target": 0.8395980449044661, "params": {"eta": 0.32339464742733737, "max_depth": 8.060000312182106, "n_estimators": 38.37883196319024}, "datetime": {"datetime": "2021-09-17 19:54:06", "elapsed": 588.913073, "delta": 2.70469}}
{"target": 0.849198591546904, "params": {"eta": 0.2871469353227426, "max_depth": 7.823271894459298, "n_estimators": 38.80404227204558}, "datetime": {"datetime": "2021-09-17 19:54:09", "elapsed": 591.476351, "delta": 2.563278}}
{"target": 0.8416345214002162, "params": {"eta": 0.4487815749292675, "max_depth": 39.682140546509395, "n_estimators": 41.63564503621326}, "datetime": {"datetime": "2021-09-17 19:54:11", "elapsed": 593.765796, "delta": 2.289445}}
{"target": 0.8276820132691218, "params": {"eta": 0.2214711355383866, "max_depth": 7.016619345545455, "n_estimators": 37.8423615902429}, "datetime": {"datetime": "2021-09-17 19:54:13", "elapsed": 596.294487, "delta": 2.528691}}
{"target": 0.8602236934317247, "params": {"eta": 0.19717528722709088, "max_depth": 6.651133764698287, "n_estimators": 39.55496803910678}, "datetime": {"datetime": "2021-09-17 19:54:16", "elapsed": 599.0928, "delta": 2.798313}}
{"target": 0.8452213613397157, "params": {"eta": 0.16441134496417578, "max_depth": 7.178538466582527, "n_estimators": 41.24803077355942}, "datetime": {"datetime": "2021-09-17 19:54:19", "elapsed": 602.367455, "delta": 3.274655}}
{"target": 0.8276654628666987, "params": {"eta": 0.2861531226022854, "max_depth": 31.735504578145225, "n_estimators": 36.68919934769988}, "datetime": {"datetime": "2021-09-17 19:54:22", "elapsed": 604.544219, "delta": 2.176764}}
{"target": 0.8301525633564109, "params": {"eta": 0.16638349293140653, "max_depth": 11.209807856598566, "n_estimators": 40.05032440870259}, "datetime": {"datetime": "2021-09-17 19:54:24", "elapsed": 607.017147, "delta": 2.472928}}
{"target": 0.8522955464743902, "params": {"eta": 0.15685181800027698, "max_depth": 7.900810817502523, "n_estimators": 40.456418672252624}, "datetime": {"datetime": "2021-09-17 19:54:27", "elapsed": 609.600045, "delta": 2.582898}}
{"target": 0.7933172027451858, "params": {"eta": 0.5986094044671582, "max_depth": 23.386307267558028, "n_estimators": 34.95576792013003}, "datetime": {"datetime": "2021-09-17 19:54:29", "elapsed": 611.548684, "delta": 1.948639}}
{"target": 0.8196900995416486, "params": {"eta": 0.39360231326811734, "max_depth": 7.590464460463667, "n_estimators": 40.29961130631166}, "datetime": {"datetime": "2021-09-17 19:54:31", "elapsed": 614.075947, "delta": 2.527263}}
{"target": 0.8495607499109427, "params": {"eta": 0.1783700066157239, "max_depth": 8.267041846083615, "n_estimators": 38.667089019542686}, "datetime": {"datetime": "2021-09-17 19:54:35", "elapsed": 617.497099, "delta": 3.421152}}
{"target": 0.8127532489458495, "params": {"eta": 0.4151541294811181, "max_depth": 44.48339320038263, "n_estimators": 43.91246295718836}, "datetime": {"datetime": "2021-09-17 19:54:37", "elapsed": 619.594636, "delta": 2.097537}}
{"target": 0.7447063366815359, "params": {"eta": 0.5981196637350671, "max_depth": 47.11722375117485, "n_estimators": 15.611348870300244}, "datetime": {"datetime": "2021-09-17 19:54:39", "elapsed": 621.785112, "delta": 2.190476}}
{"target": 0.82650839100273, "params": {"eta": 0.22452201735976418, "max_depth": 10.605021294063821, "n_estimators": 41.4677331706138}, "datetime": {"datetime": "2021-09-17 19:54:42", "elapsed": 624.890866, "delta": 3.105754}}
{"target": 0.8534164993360072, "params": {"eta": 0.17968480170091686, "max_depth": 7.309614047971783, "n_estimators": 40.769203649440044}, "datetime": {"datetime": "2021-09-17 19:54:45", "elapsed": 627.503506, "delta": 2.61264}}
{"target": 0.8456695578278988, "params": {"eta": 0.2782986289906215, "max_depth": 6.7438733103891115, "n_estimators": 39.99983658194974}, "datetime": {"datetime": "2021-09-17 19:54:47", "elapsed": 629.945706, "delta": 2.4422}}
{"target": 0.7882276983660963, "params": {"eta": 0.7050495404615248, "max_depth": 32.334879111355036, "n_estimators": 36.53959706840323}, "datetime": {"datetime": "2021-09-17 19:54:49", "elapsed": 632.028423, "delta": 2.082717}}
{"target": 0.8115228073702799, "params": {"eta": 0.39609990197574696, "max_depth": 19.74646550188325, "n_estimators": 22.421680927040967}, "datetime": {"datetime": "2021-09-17 19:54:51", "elapsed": 634.142261, "delta": 2.113838}}
{"target": 0.8502804970192446, "params": {"eta": 0.3741587825206031, "max_depth": 10.018391065401445, "n_estimators": 36.96313037547207}, "datetime": {"datetime": "2021-09-17 19:54:54", "elapsed": 636.846829, "delta": 2.704568}}
{"target": 0.8462226261912075, "params": {"eta": 0.1020063280174538, "max_depth": 6.840306976167848, "n_estimators": 39.81905196462028}, "datetime": {"datetime": "2021-09-17 19:54:57", "elapsed": 640.236449, "delta": 3.38962}}
{"target": 0.859598724956653, "params": {"eta": 0.16987127719566666, "max_depth": 6.1755352597214905, "n_estimators": 38.01421169448888}, "datetime": {"datetime": "2021-09-17 19:55:00", "elapsed": 642.635616, "delta": 2.399167}}
{"target": 0.8213113890703598, "params": {"eta": 0.2872290715821689, "max_depth": 16.78389578295259, "n_estimators": 31.88074726708948}, "datetime": {"datetime": "2021-09-17 19:55:02", "elapsed": 644.881305, "delta": 2.245689}}
{"target": 0.829006336386491, "params": {"eta": 0.23256977844928386, "max_depth": 19.57789748185143, "n_estimators": 23.980131167221934}, "datetime": {"datetime": "2021-09-17 19:55:04", "elapsed": 646.935978, "delta": 2.054673}}
{"target": 0.8537437816333658, "params": {"eta": 0.44048775988268873, "max_depth": 6.932435462598059, "n_estimators": 39.79201557099811}, "datetime": {"datetime": "2021-09-17 19:55:07", "elapsed": 649.51056, "delta": 2.574582}}
{"target": 0.8358060214621362, "params": {"eta": 0.15779422429787826, "max_depth": 40.61386302618995, "n_estimators": 40.76928828549043}, "datetime": {"datetime": "2021-09-17 19:55:09", "elapsed": 651.890967, "delta": 2.380407}}
{"target": 0.8493865737126415, "params": {"eta": 0.1946944669497483, "max_depth": 21.835448858746073, "n_estimators": 35.98573795955162}, "datetime": {"datetime": "2021-09-17 19:55:11", "elapsed": 654.238278, "delta": 2.347311}}
{"target": 0.8234601955170497, "params": {"eta": 0.5273650043010282, "max_depth": 14.996853844515826, "n_estimators": 15.408228060190712}, "datetime": {"datetime": "2021-09-17 19:55:13", "elapsed": 656.357718, "delta": 2.11944}}
{"target": 0.8259109271110415, "params": {"eta": 0.37092010168749034, "max_depth": 14.090262141944875, "n_estimators": 28.32811344477177}, "datetime": {"datetime": "2021-09-17 19:55:16", "elapsed": 659.461798, "delta": 3.10408}}
{"target": 0.8470389202675539, "params": {"eta": 0.12253769157490543, "max_depth": 8.561922082984479, "n_estimators": 38.83563224107396}, "datetime": {"datetime": "2021-09-17 19:55:20", "elapsed": 662.591544, "delta": 3.129746}}
{"target": 0.6123307382787464, "params": {"eta": 0.1288830426003792, "max_depth": 40.52705421847023, "n_estimators": 13.646915519623297}, "datetime": {"datetime": "2021-09-17 19:55:22", "elapsed": 664.885738, "delta": 2.294194}}
{"target": 0.7972132329639514, "params": {"eta": 0.6767294947587004, "max_depth": 39.288839050389434, "n_estimators": 44.63248432921337}, "datetime": {"datetime": "2021-09-17 19:55:24", "elapsed": 667.060066, "delta": 2.174328}}
{"target": 0.8366253977976857, "params": {"eta": 0.37269108654780314, "max_depth": 38.356079502950614, "n_estimators": 24.919512510958786}, "datetime": {"datetime": "2021-09-17 19:55:26", "elapsed": 669.405408, "delta": 2.345342}}
{"target": 0.8439271348636905, "params": {"eta": 0.10519851919352899, "max_depth": 8.13936246024728, "n_estimators": 38.93599028015312}, "datetime": {"datetime": "2021-09-17 19:55:30", "elapsed": 672.982248, "delta": 3.57684}}
{"target": 0.8340579341735707, "params": {"eta": 0.28056171732509316, "max_depth": 8.199767432950901, "n_estimators": 40.90504640019289}, "datetime": {"datetime": "2021-09-17 19:55:33", "elapsed": 675.642953, "delta": 2.660705}}
{"target": 0.8267537675113146, "params": {"eta": 0.2221935974288054, "max_depth": 8.588026108918996, "n_estimators": 38.591739841001}, "datetime": {"datetime": "2021-09-17 19:55:36", "elapsed": 679.069943, "delta": 3.42699}}
{"target": 0.8745057693990632, "params": {"eta": 0.16353368868055385, "max_depth": 6.648495828655637, "n_estimators": 39.25259826265516}, "datetime": {"datetime": "2021-09-17 19:55:39", "elapsed": 682.133711, "delta": 3.063768}}
{"target": 0.8435915757393215, "params": {"eta": 0.13634754349127493, "max_depth": 6.431177428392817, "n_estimators": 38.20639526885875}, "datetime": {"datetime": "2021-09-17 19:55:42", "elapsed": 684.839415, "delta": 2.705704}}
{"target": 0.8720377490489245, "params": {"eta": 0.15300631510208645, "max_depth": 6.7077847471029095, "n_estimators": 41.08176547653848}, "datetime": {"datetime": "2021-09-17 19:55:45", "elapsed": 687.630069, "delta": 2.790654}}
{"target": 0.8113011130732348, "params": {"eta": 0.4206144479474314, "max_depth": 34.66907238238558, "n_estimators": 29.318446310270698}, "datetime": {"datetime": "2021-09-17 19:55:47", "elapsed": 689.825202, "delta": 2.195133}}
