{"target": -2.4820183691225552, "params": {"eta": 0.15519617801608349, "max_depth": 15.788414078809321, "n_estimators": 20.333444963205366}, "datetime": {"datetime": "2021-09-17 13:34:01", "elapsed": 108.946109, "delta": 0.621996}}
{"target": -2.3592905270425897, "params": {"eta": 0.2, "max_depth": 11.8391306990654, "n_estimators": 24.397042128300697}, "datetime": {"datetime": "2021-09-17 13:34:03", "elapsed": 110.313204, "delta": 1.367095}}
{"target": -3.0236339481253376, "params": {"eta": 0.13068582534295858, "max_depth": 10.6643578679645, "n_estimators": 18.838278357844494}, "datetime": {"datetime": "2021-09-17 13:34:04", "elapsed": 111.569906, "delta": 1.256702}}
{"target": -2.257222454798849, "params": {"eta": 0.19423341989684195, "max_depth": 12.146899113865356, "n_estimators": 24.69493998503157}, "datetime": {"datetime": "2021-09-17 13:34:05", "elapsed": 112.896903, "delta": 1.326997}}
{"target": -2.3637151555011147, "params": {"eta": 0.15169986754274578, "max_depth": 15.259735744737224, "n_estimators": 24.488377134890982}, "datetime": {"datetime": "2021-09-17 13:34:06", "elapsed": 113.55274, "delta": 0.655837}}
{"target": -2.2964845305994936, "params": {"eta": 0.18333960062632315, "max_depth": 11.033429200418391, "n_estimators": 21.325606147307862}, "datetime": {"datetime": "2021-09-17 13:34:07", "elapsed": 114.2008, "delta": 0.64806}}
{"target": -2.332856683354629, "params": {"eta": 0.1968132229079877, "max_depth": 15.15040196710721, "n_estimators": 24.537192671348333}, "datetime": {"datetime": "2021-09-17 13:34:08", "elapsed": 115.073799, "delta": 0.872999}}
{"target": -2.4154486894607543, "params": {"eta": 0.2, "max_depth": 11.3027577021474, "n_estimators": 19.56247959289538}, "datetime": {"datetime": "2021-09-17 13:34:09", "elapsed": 116.344492, "delta": 1.270693}}
{"target": -2.4066823771125394, "params": {"eta": 0.19058045782470656, "max_depth": 11.020328176271068, "n_estimators": 21.06370733167053}, "datetime": {"datetime": "2021-09-17 13:34:10", "elapsed": 117.417493, "delta": 1.073001}}
{"target": -2.3960292546372663, "params": {"eta": 0.2, "max_depth": 11.077807664256595, "n_estimators": 20.67376969917252}, "datetime": {"datetime": "2021-09-17 13:34:11", "elapsed": 118.375491, "delta": 0.957998}}
{"target": -3.271601473657708, "params": {"eta": 0.09434353679219912, "max_depth": 12.03616479372103, "n_estimators": 24.75322081686685}, "datetime": {"datetime": "2021-09-17 13:34:12", "elapsed": 119.509847, "delta": 1.134356}}
{"target": -2.414843495268571, "params": {"eta": 0.17878091361375362, "max_depth": 11.793617479434698, "n_estimators": 24.866870825452768}, "datetime": {"datetime": "2021-09-17 13:34:13", "elapsed": 120.694844, "delta": 1.184997}}
{"target": -2.5834281902564196, "params": {"eta": 0.1189166630515526, "max_depth": 15.22792731478317, "n_estimators": 24.608468514383787}, "datetime": {"datetime": "2021-09-17 13:34:14", "elapsed": 121.711535, "delta": 1.016691}}
{"target": -2.3616723543719242, "params": {"eta": 0.19036020150623367, "max_depth": 12.161532812859921, "n_estimators": 23.73118860361556}, "datetime": {"datetime": "2021-09-17 13:34:15", "elapsed": 122.679544, "delta": 0.968009}}
{"target": -2.3871552435975323, "params": {"eta": 0.17737373834365433, "max_depth": 11.651320190341824, "n_estimators": 24.822971977233795}, "datetime": {"datetime": "2021-09-17 13:34:16", "elapsed": 123.610843, "delta": 0.931299}}
{"target": -2.3960541229499013, "params": {"eta": 0.169135233455934, "max_depth": 11.981323590205873, "n_estimators": 24.115588657368107}, "datetime": {"datetime": "2021-09-17 13:34:17", "elapsed": 124.728656, "delta": 1.117813}}
{"target": -4.906843390590266, "params": {"eta": 0.09152733347905996, "max_depth": 15.221703480634556, "n_estimators": 18.6080302414088}, "datetime": {"datetime": "2021-09-17 13:34:18", "elapsed": 125.339652, "delta": 0.610996}}
{"target": -2.5550986672702587, "params": {"eta": 0.1429781179645647, "max_depth": 13.666529586476925, "n_estimators": 20.769858574035315}, "datetime": {"datetime": "2021-09-17 13:34:19", "elapsed": 126.601748, "delta": 1.262096}}
{"target": -2.7002142077998115, "params": {"eta": 0.12043957126719101, "max_depth": 11.604247939601226, "n_estimators": 24.582369609679006}, "datetime": {"datetime": "2021-09-17 13:34:20", "elapsed": 127.815241, "delta": 1.213493}}
{"target": -2.8402001067211753, "params": {"eta": 0.12728744852576873, "max_depth": 12.210276095477116, "n_estimators": 20.54196597653387}, "datetime": {"datetime": "2021-09-17 13:34:21", "elapsed": 128.448241, "delta": 0.633}}
{"target": -2.3823616090573765, "params": {"eta": 0.2, "max_depth": 12.27517398446905, "n_estimators": 22.200132954352863}, "datetime": {"datetime": "2021-09-17 13:34:22", "elapsed": 129.795302, "delta": 1.347061}}
{"target": -4.707641279070001, "params": {"eta": 0.09, "max_depth": 12.914082061567209, "n_estimators": 19.959140566503287}, "datetime": {"datetime": "2021-09-17 13:34:24", "elapsed": 131.270935, "delta": 1.475633}}
{"target": -2.5249022515196544, "params": {"eta": 0.13878899108152304, "max_depth": 14.096159027603909, "n_estimators": 23.333040844975308}, "datetime": {"datetime": "2021-09-17 13:34:25", "elapsed": 132.28432, "delta": 1.013385}}
{"target": -2.5918225871889216, "params": {"eta": 0.12111147273352435, "max_depth": 12.134571213960726, "n_estimators": 24.14105599265026}, "datetime": {"datetime": "2021-09-17 13:34:26", "elapsed": 133.520936, "delta": 1.236616}}
{"target": -3.1059672456038627, "params": {"eta": 0.1261124861774549, "max_depth": 12.926360587806153, "n_estimators": 18.498000861475205}, "datetime": {"datetime": "2021-09-17 13:34:27", "elapsed": 134.167138, "delta": 0.646202}}
{"target": -3.5705552182699503, "params": {"eta": 0.10410032968762012, "max_depth": 10.251901255007517, "n_estimators": 20.320103735067264}, "datetime": {"datetime": "2021-09-17 13:34:27", "elapsed": 134.826138, "delta": 0.659}}
{"target": -2.3921712128739605, "params": {"eta": 0.17720872172743624, "max_depth": 12.279545752058834, "n_estimators": 24.73929044662613}, "datetime": {"datetime": "2021-09-17 13:34:28", "elapsed": 135.952887, "delta": 1.126749}}
{"target": -2.458023646003322, "params": {"eta": 0.2, "max_depth": 13.143195931846952, "n_estimators": 19.935428829647325}, "datetime": {"datetime": "2021-09-17 13:34:30", "elapsed": 137.469632, "delta": 1.516745}}
{"target": -2.783899056284051, "params": {"eta": 0.11099879398734827, "max_depth": 11.588846799306163, "n_estimators": 24.03166286532995}, "datetime": {"datetime": "2021-09-17 13:34:31", "elapsed": 138.589626, "delta": 1.119994}}
{"target": -2.6084140426234192, "params": {"eta": 0.13757435263023243, "max_depth": 15.936492026797737, "n_estimators": 21.736238582705102}, "datetime": {"datetime": "2021-09-17 13:34:32", "elapsed": 139.259627, "delta": 0.670001}}
{"target": -2.250696507880562, "params": {"eta": 0.19608610738762094, "max_depth": 12.329667233500247, "n_estimators": 24.24318522005278}, "datetime": {"datetime": "2021-09-17 13:34:34", "elapsed": 141.046369, "delta": 1.786742}}
{"target": -2.4256897750653716, "params": {"eta": 0.18131336891971933, "max_depth": 12.419332535570497, "n_estimators": 24.10367631919461}, "datetime": {"datetime": "2021-09-17 13:34:35", "elapsed": 142.108729, "delta": 1.06236}}
{"target": -2.378721513246235, "params": {"eta": 0.1971518294193445, "max_depth": 14.05584263643079, "n_estimators": 23.123882293804098}, "datetime": {"datetime": "2021-09-17 13:34:36", "elapsed": 143.33773, "delta": 1.229001}}
{"target": -3.2287019936661974, "params": {"eta": 0.09550352630139018, "max_depth": 15.080116414262882, "n_estimators": 24.452651802127548}, "datetime": {"datetime": "2021-09-17 13:34:37", "elapsed": 144.610164, "delta": 1.272434}}
{"target": -2.3209145288718376, "params": {"eta": 0.16537217905831358, "max_depth": 15.143568179561655, "n_estimators": 24.316803381688075}, "datetime": {"datetime": "2021-09-17 13:34:38", "elapsed": 145.688792, "delta": 1.078628}}
{"target": -2.317434201115056, "params": {"eta": 0.1881392449813678, "max_depth": 12.270807961032276, "n_estimators": 23.82015850320775}, "datetime": {"datetime": "2021-09-17 13:34:39", "elapsed": 146.898913, "delta": 1.210121}}
{"target": -2.3741209023877197, "params": {"eta": 0.19425054924193996, "max_depth": 13.138898513949599, "n_estimators": 19.932545448164802}, "datetime": {"datetime": "2021-09-17 13:34:40", "elapsed": 147.601927, "delta": 0.703014}}
{"target": -2.594563299103787, "params": {"eta": 0.16797141757606496, "max_depth": 13.103628055315237, "n_estimators": 19.832844034277095}, "datetime": {"datetime": "2021-09-17 13:34:41", "elapsed": 148.517949, "delta": 0.916022}}
{"target": -2.65014242310273, "params": {"eta": 0.11911777957140957, "max_depth": 14.271891718211329, "n_estimators": 23.9182115518678}, "datetime": {"datetime": "2021-09-17 13:34:42", "elapsed": 149.544292, "delta": 1.026343}}
{"target": -2.9693788867247726, "params": {"eta": 0.11379765276754711, "max_depth": 13.317551198141615, "n_estimators": 22.592938737973906}, "datetime": {"datetime": "2021-09-17 13:34:43", "elapsed": 150.668594, "delta": 1.124302}}
{"target": -2.3514674349835043, "params": {"eta": 0.18349337009250305, "max_depth": 14.190907259372798, "n_estimators": 23.608242009725128}, "datetime": {"datetime": "2021-09-17 13:34:44", "elapsed": 151.879435, "delta": 1.210841}}
{"target": -2.4390992390482054, "params": {"eta": 0.17944973662666303, "max_depth": 15.519968297146692, "n_estimators": 24.748193093472672}, "datetime": {"datetime": "2021-09-17 13:34:46", "elapsed": 153.068704, "delta": 1.189269}}
{"target": -2.386516677705865, "params": {"eta": 0.2, "max_depth": 11.16488100698111, "n_estimators": 21.301878919341103}, "datetime": {"datetime": "2021-09-17 13:34:47", "elapsed": 154.263009, "delta": 1.194305}}
{"target": -3.194691309175993, "params": {"eta": 0.09893445440613619, "max_depth": 12.013033568176551, "n_estimators": 23.954681660755206}, "datetime": {"datetime": "2021-09-17 13:34:48", "elapsed": 155.645689, "delta": 1.38268}}
{"target": -2.2466548543227343, "params": {"eta": 0.1932247086971943, "max_depth": 11.76960778868394, "n_estimators": 24.023289880548447}, "datetime": {"datetime": "2021-09-17 13:34:49", "elapsed": 156.832274, "delta": 1.186585}}
{"target": -2.682356075236672, "params": {"eta": 0.11751015760865254, "max_depth": 11.641102699450206, "n_estimators": 23.707680741605337}, "datetime": {"datetime": "2021-09-17 13:34:50", "elapsed": 157.569927, "delta": 0.737653}}
{"target": -3.9270487377518104, "params": {"eta": 0.09281718889921611, "max_depth": 11.093228731652754, "n_estimators": 21.276627655907383}, "datetime": {"datetime": "2021-09-17 13:34:51", "elapsed": 158.984241, "delta": 1.414314}}
{"target": -2.403815250020278, "params": {"eta": 0.18788313662744477, "max_depth": 10.987385075084353, "n_estimators": 21.423881980247423}, "datetime": {"datetime": "2021-09-17 13:34:53", "elapsed": 160.27364, "delta": 1.289399}}
{"target": -2.386516677705865, "params": {"eta": 0.2, "max_depth": 11.156202662823079, "n_estimators": 21.022762054379825}, "datetime": {"datetime": "2021-09-17 13:34:54", "elapsed": 161.35407, "delta": 1.08043}}
{"target": -2.6843176998590166, "params": {"eta": 0.13787416234533784, "max_depth": 11.164659530724714, "n_estimators": 20.73135446306689}, "datetime": {"datetime": "2021-09-17 13:34:55", "elapsed": 162.099541, "delta": 0.745471}}
{"target": -2.3009361674911095, "params": {"eta": 0.17587927286867838, "max_depth": 11.925518778571703, "n_estimators": 24.27008064941927}, "datetime": {"datetime": "2021-09-17 13:34:56", "elapsed": 163.521452, "delta": 1.421911}}
{"target": -2.425313333461159, "params": {"eta": 0.18117782647976516, "max_depth": 14.317996949952715, "n_estimators": 23.471585260516342}, "datetime": {"datetime": "2021-09-17 13:34:58", "elapsed": 165.182319, "delta": 1.660867}}
{"target": -2.4995028169531572, "params": {"eta": 0.13770857546957715, "max_depth": 12.503352711062638, "n_estimators": 22.13740073403583}, "datetime": {"datetime": "2021-09-17 13:34:59", "elapsed": 166.706879, "delta": 1.52456}}
{"target": -3.3552885268863877, "params": {"eta": 0.10398752230850407, "max_depth": 10.455110950597954, "n_estimators": 21.06132344714094}, "datetime": {"datetime": "2021-09-17 13:35:00", "elapsed": 167.471883, "delta": 0.765004}}
{"target": -2.4313398405125266, "params": {"eta": 0.1715863920805431, "max_depth": 15.495911369165906, "n_estimators": 24.94546178064586}, "datetime": {"datetime": "2021-09-17 13:35:01", "elapsed": 168.681802, "delta": 1.209919}}
{"target": -2.2717343575076057, "params": {"eta": 0.17309647880028117, "max_depth": 12.282111800613135, "n_estimators": 24.73020119151252}, "datetime": {"datetime": "2021-09-17 13:35:02", "elapsed": 169.466807, "delta": 0.785005}}
{"target": -3.8509352633827607, "params": {"eta": 0.09771038140820847, "max_depth": 16.823922068233284, "n_estimators": 20.832108125044485}, "datetime": {"datetime": "2021-09-17 13:35:03", "elapsed": 170.226097, "delta": 0.75929}}
{"target": -2.804540066342605, "params": {"eta": 0.11859590619076005, "max_depth": 11.511058156428112, "n_estimators": 22.303371266007105}, "datetime": {"datetime": "2021-09-17 13:35:04", "elapsed": 171.032097, "delta": 0.806}}
{"target": -2.3666127098234075, "params": {"eta": 0.1776499868256299, "max_depth": 12.374665945008378, "n_estimators": 24.658612524420942}, "datetime": {"datetime": "2021-09-17 13:35:05", "elapsed": 172.157038, "delta": 1.124941}}
{"target": -2.4912175542429877, "params": {"eta": 0.12841601324435392, "max_depth": 12.305359147957851, "n_estimators": 24.65451452044756}, "datetime": {"datetime": "2021-09-17 13:35:06", "elapsed": 173.285079, "delta": 1.128041}}
{"target": -4.571999340935758, "params": {"eta": 0.09560111047937815, "max_depth": 12.114105698912482, "n_estimators": 18.70591496100375}, "datetime": {"datetime": "2021-09-17 13:35:06", "elapsed": 174.012543, "delta": 0.727464}}
{"target": -2.364920549643667, "params": {"eta": 0.19870864284497836, "max_depth": 13.061457371179937, "n_estimators": 22.696277742167446}, "datetime": {"datetime": "2021-09-17 13:35:08", "elapsed": 175.103844, "delta": 1.091301}}
{"target": -2.4887892980324593, "params": {"eta": 0.13479768961164926, "max_depth": 14.18534155222851, "n_estimators": 22.424873601123377}, "datetime": {"datetime": "2021-09-17 13:35:09", "elapsed": 176.979702, "delta": 1.875858}}
{"target": -2.386516677705865, "params": {"eta": 0.2, "max_depth": 11.296673285254982, "n_estimators": 21.084960782290857}, "datetime": {"datetime": "2021-09-17 13:35:11", "elapsed": 178.147472, "delta": 1.16777}}
{"target": -2.4154486894607543, "params": {"eta": 0.2, "max_depth": 11.140417116083617, "n_estimators": 19.574809120932322}, "datetime": {"datetime": "2021-09-17 13:35:12", "elapsed": 179.096475, "delta": 0.949003}}
{"target": -2.927288484573364, "params": {"eta": 0.11237284408729294, "max_depth": 12.113092889276615, "n_estimators": 22.902581415385004}, "datetime": {"datetime": "2021-09-17 13:35:13", "elapsed": 180.377298, "delta": 1.280823}}
{"target": -2.3723727433305037, "params": {"eta": 0.2, "max_depth": 10.912047452923284, "n_estimators": 20.96116075650944}, "datetime": {"datetime": "2021-09-17 13:35:14", "elapsed": 181.736422, "delta": 1.359124}}
{"target": -3.05838198473579, "params": {"eta": 0.09892095366363093, "max_depth": 12.381492573579907, "n_estimators": 24.30877051790797}, "datetime": {"datetime": "2021-09-17 13:35:15", "elapsed": 182.707968, "delta": 0.971546}}
{"target": -2.269678026751468, "params": {"eta": 0.1932613878914477, "max_depth": 12.076436545257792, "n_estimators": 24.577837554930557}, "datetime": {"datetime": "2021-09-17 13:35:17", "elapsed": 184.391169, "delta": 1.683201}}
{"target": -2.365487373502631, "params": {"eta": 0.2, "max_depth": 12.103362987399896, "n_estimators": 24.943536084028548}, "datetime": {"datetime": "2021-09-17 13:35:18", "elapsed": 185.57001, "delta": 1.178841}}
{"target": -3.1535321656026336, "params": {"eta": 0.10071590059997933, "max_depth": 13.99753018238638, "n_estimators": 23.196044911477223}, "datetime": {"datetime": "2021-09-17 13:35:20", "elapsed": 187.07788, "delta": 1.50787}}
{"target": -2.3577773332595826, "params": {"eta": 0.182215026106467, "max_depth": 14.591490420118216, "n_estimators": 23.75728659398441}, "datetime": {"datetime": "2021-09-17 13:35:20", "elapsed": 187.977832, "delta": 0.899952}}
{"target": -2.869745407606426, "params": {"eta": 0.1126465893279883, "max_depth": 14.355547733932731, "n_estimators": 23.626219065151062}, "datetime": {"datetime": "2021-09-17 13:35:21", "elapsed": 188.86683, "delta": 0.888998}}
{"target": -2.437137727988394, "params": {"eta": 0.18905396981557188, "max_depth": 14.231123092133608, "n_estimators": 23.325913096698606}, "datetime": {"datetime": "2021-09-17 13:35:23", "elapsed": 190.256752, "delta": 1.389922}}
{"target": -3.6552519428102594, "params": {"eta": 0.09, "max_depth": 12.221476512068868, "n_estimators": 23.783458473227753}, "datetime": {"datetime": "2021-09-17 13:35:24", "elapsed": 191.624629, "delta": 1.367877}}
{"target": -2.4274872491234225, "params": {"eta": 0.1446959207664771, "max_depth": 14.616530945950485, "n_estimators": 23.63192908526266}, "datetime": {"datetime": "2021-09-17 13:35:25", "elapsed": 192.715085, "delta": 1.090456}}
{"target": -2.473135850931469, "params": {"eta": 0.1811666172852321, "max_depth": 15.031071696582156, "n_estimators": 24.383402074006884}, "datetime": {"datetime": "2021-09-17 13:35:26", "elapsed": 193.606088, "delta": 0.891003}}
{"target": -2.266223605055558, "params": {"eta": 0.1929504575754586, "max_depth": 11.652513878365731, "n_estimators": 24.376099826683003}, "datetime": {"datetime": "2021-09-17 13:35:27", "elapsed": 194.87865, "delta": 1.272562}}
{"target": -3.117159200342078, "params": {"eta": 0.10287807542470076, "max_depth": 15.432743915187881, "n_estimators": 23.376990735677413}, "datetime": {"datetime": "2021-09-17 13:35:28", "elapsed": 195.742106, "delta": 0.863456}}
{"target": -3.4654002999004563, "params": {"eta": 0.09, "max_depth": 11.678837093389653, "n_estimators": 24.7471330399814}, "datetime": {"datetime": "2021-09-17 13:35:29", "elapsed": 196.757579, "delta": 1.015473}}
{"target": -2.30748889571742, "params": {"eta": 0.18534182747889769, "max_depth": 14.341948139901124, "n_estimators": 23.795907844157384}, "datetime": {"datetime": "2021-09-17 13:35:31", "elapsed": 198.135789, "delta": 1.37821}}
{"target": -2.3710408624849824, "params": {"eta": 0.2, "max_depth": 12.37309161268166, "n_estimators": 23.77319643149907}, "datetime": {"datetime": "2021-09-17 13:35:32", "elapsed": 199.381339, "delta": 1.24555}}
{"target": -2.8703519909005415, "params": {"eta": 0.11545746339196183, "max_depth": 12.220076721099858, "n_estimators": 22.792910056751335}, "datetime": {"datetime": "2021-09-17 13:35:33", "elapsed": 200.226121, "delta": 0.844782}}
{"target": -2.3469977673731357, "params": {"eta": 0.1499967480115187, "max_depth": 13.217218129493936, "n_estimators": 24.48726980740129}, "datetime": {"datetime": "2021-09-17 13:35:34", "elapsed": 201.112118, "delta": 0.885997}}
{"target": -2.321073417287124, "params": {"eta": 0.18965688275152284, "max_depth": 11.865436401876917, "n_estimators": 24.77638415322444}, "datetime": {"datetime": "2021-09-17 13:35:35", "elapsed": 202.556166, "delta": 1.444048}}
{"target": -2.2515659639709873, "params": {"eta": 0.1979982273307216, "max_depth": 15.12393472781822, "n_estimators": 24.369486337574454}, "datetime": {"datetime": "2021-09-17 13:35:36", "elapsed": 203.974847, "delta": 1.418681}}
{"target": -2.365487373502631, "params": {"eta": 0.2, "max_depth": 12.239902352795246, "n_estimators": 24.658064726527737}, "datetime": {"datetime": "2021-09-17 13:35:38", "elapsed": 205.91989, "delta": 1.945043}}
{"target": -3.2597750833159997, "params": {"eta": 0.10251685090602018, "max_depth": 12.361744815295502, "n_estimators": 22.20203520889323}, "datetime": {"datetime": "2021-09-17 13:35:40", "elapsed": 207.217926, "delta": 1.298036}}
{"target": -3.0536687267454043, "params": {"eta": 0.10466522049912017, "max_depth": 15.68718766976624, "n_estimators": 23.629558166429632}, "datetime": {"datetime": "2021-09-17 13:35:41", "elapsed": 208.100618, "delta": 0.882692}}
{"target": -2.5453635385161952, "params": {"eta": 0.12754311439142774, "max_depth": 11.725399549225548, "n_estimators": 23.952509965403454}, "datetime": {"datetime": "2021-09-17 13:35:42", "elapsed": 209.541059, "delta": 1.440441}}
{"target": -3.4108369783351296, "params": {"eta": 0.1124289339659196, "max_depth": 16.328016196168967, "n_estimators": 19.031535184713263}, "datetime": {"datetime": "2021-09-17 13:35:43", "elapsed": 210.39769, "delta": 0.856631}}
{"target": -2.3465734927277815, "params": {"eta": 0.19972235773299268, "max_depth": 15.044216346122482, "n_estimators": 24.45513328256753}, "datetime": {"datetime": "2021-09-17 13:35:44", "elapsed": 211.929255, "delta": 1.531565}}
{"target": -2.397233405238704, "params": {"eta": 0.1877898363909264, "max_depth": 14.545819571882198, "n_estimators": 24.005879707413605}, "datetime": {"datetime": "2021-09-17 13:35:46", "elapsed": 213.454719, "delta": 1.525464}}
{"target": -2.319297096603795, "params": {"eta": 0.18410529047854024, "max_depth": 14.249501297726145, "n_estimators": 24.01128404977635}, "datetime": {"datetime": "2021-09-17 13:35:47", "elapsed": 214.3601, "delta": 0.905381}}
{"target": -2.285085333648481, "params": {"eta": 0.19785619975525803, "max_depth": 13.31832358187723, "n_estimators": 18.85703709338087}, "datetime": {"datetime": "2021-09-17 13:35:48", "elapsed": 215.243876, "delta": 0.883776}}
{"target": -2.3200590284247142, "params": {"eta": 0.18848040137800837, "max_depth": 14.256211097000673, "n_estimators": 24.14327869775306}, "datetime": {"datetime": "2021-09-17 13:35:49", "elapsed": 216.761961, "delta": 1.518085}}
