{"target": -3.709964551423725, "params": {"eta": 1.0, "max_depth": 1.0, "n_estimators": 8.289825124722961}, "datetime": {"datetime": "2021-09-17 10:52:36", "elapsed": 554.01521, "delta": 2.473549}}
{"target": -2.983443183647959, "params": {"eta": 0.7199259556971678, "max_depth": 5.846853133399758, "n_estimators": 8.014352550897726}, "datetime": {"datetime": "2021-09-17 10:52:38", "elapsed": 556.125632, "delta": 2.110422}}
{"target": -3.561465893921099, "params": {"eta": 1.0, "max_depth": 5.572235646094156, "n_estimators": 2.802053819972541}, "datetime": {"datetime": "2021-09-17 10:52:41", "elapsed": 558.566557, "delta": 2.440925}}
{"target": -3.923904629757529, "params": {"eta": 0.12834907190196815, "max_depth": 4.124788030017843, "n_estimators": 15.446481771707147}, "datetime": {"datetime": "2021-09-17 10:52:44", "elapsed": 561.598682, "delta": 3.032125}}
{"target": -2.7675098444286146, "params": {"eta": 0.5542942877651887, "max_depth": 4.489949502663355, "n_estimators": 16.55825618742071}, "datetime": {"datetime": "2021-09-17 10:52:46", "elapsed": 563.991781, "delta": 2.393099}}
{"target": -3.2230929506452464, "params": {"eta": 1.0, "max_depth": 3.3852949737947986, "n_estimators": 9.179035518737019}, "datetime": {"datetime": "2021-09-17 10:52:49", "elapsed": 566.664661, "delta": 2.67288}}
{"target": -3.0155440782245835, "params": {"eta": 0.8086790654200776, "max_depth": 4.419616111165816, "n_estimators": 15.725396302428768}, "datetime": {"datetime": "2021-09-17 10:52:52", "elapsed": 570.083631, "delta": 3.41897}}
{"target": -3.0373647827851142, "params": {"eta": 0.5068587475237877, "max_depth": 2.7618789168552444, "n_estimators": 15.821504601692993}, "datetime": {"datetime": "2021-09-17 10:52:54", "elapsed": 572.11843, "delta": 2.034799}}
{"target": -3.2710194920238695, "params": {"eta": 0.9987370022382954, "max_depth": 9.431815944478675, "n_estimators": 7.418183055533489}, "datetime": {"datetime": "2021-09-17 10:52:57", "elapsed": 574.625795, "delta": 2.507365}}
{"target": -2.7347560593956395, "params": {"eta": 0.5516363334348173, "max_depth": 3.9071668668743635, "n_estimators": 16.1611065944704}, "datetime": {"datetime": "2021-09-17 10:52:59", "elapsed": 577.199794, "delta": 2.573999}}
{"target": -3.2499032196245694, "params": {"eta": 1.0, "max_depth": 4.295650020973581, "n_estimators": 8.144783405146809}, "datetime": {"datetime": "2021-09-17 10:53:02", "elapsed": 580.032302, "delta": 2.832508}}
{"target": -2.9792506468923468, "params": {"eta": 0.5064026036293948, "max_depth": 2.61513445724059, "n_estimators": 17.364386480896755}, "datetime": {"datetime": "2021-09-17 10:53:06", "elapsed": 583.75738, "delta": 3.725078}}
{"target": -4.295440799311588, "params": {"eta": 1.0, "max_depth": 6.970005966862852, "n_estimators": 1.9699832022045598}, "datetime": {"datetime": "2021-09-17 10:53:09", "elapsed": 587.176028, "delta": 3.418648}}
{"target": -2.868733180196662, "params": {"eta": 0.7123687478451357, "max_depth": 3.1825573147070285, "n_estimators": 13.0415492191078}, "datetime": {"datetime": "2021-09-17 10:53:12", "elapsed": 590.147422, "delta": 2.971394}}
{"target": -3.3384367986729266, "params": {"eta": 0.13296162817226032, "max_depth": 8.015833088819281, "n_estimators": 17.001640244307673}, "datetime": {"datetime": "2021-09-17 10:53:15", "elapsed": 592.940463, "delta": 2.793041}}
{"target": -2.8189430111332943, "params": {"eta": 0.6184919267094784, "max_depth": 3.938700333057116, "n_estimators": 14.904271939910714}, "datetime": {"datetime": "2021-09-17 10:53:19", "elapsed": 596.493442, "delta": 3.552979}}
{"target": -3.440219074173977, "params": {"eta": 1.0, "max_depth": 4.433358908463981, "n_estimators": 5.8870864530094345}, "datetime": {"datetime": "2021-09-17 10:53:22", "elapsed": 599.77698, "delta": 3.283538}}
{"target": -2.787618967106468, "params": {"eta": 0.5337528728850299, "max_depth": 12.17133180256411, "n_estimators": 13.52744355361079}, "datetime": {"datetime": "2021-09-17 10:53:25", "elapsed": 602.736923, "delta": 2.959943}}
{"target": -7.87996454364375, "params": {"eta": 0.1, "max_depth": 13.154260405866685, "n_estimators": 11.439525615530108}, "datetime": {"datetime": "2021-09-17 10:53:27", "elapsed": 605.293697, "delta": 2.556774}}
{"target": -2.8103828919561282, "params": {"eta": 0.5494131181384694, "max_depth": 13.094641909217454, "n_estimators": 12.125681385343057}, "datetime": {"datetime": "2021-09-17 10:53:30", "elapsed": 608.460206, "delta": 3.166509}}
{"target": -9.456551504135133, "params": {"eta": 0.1, "max_depth": 3.5241429432447458, "n_estimators": 9.942967948193273}, "datetime": {"datetime": "2021-09-17 10:53:33", "elapsed": 610.629334, "delta": 2.169128}}
{"target": -2.747996241795389, "params": {"eta": 0.49826857446685413, "max_depth": 13.773037180635304, "n_estimators": 10.464549723410336}, "datetime": {"datetime": "2021-09-17 10:53:35", "elapsed": 613.105872, "delta": 2.476538}}
{"target": -2.810842549800873, "params": {"eta": 0.18132197810006762, "max_depth": 12.842985662701231, "n_estimators": 16.264930915751698}, "datetime": {"datetime": "2021-09-17 10:53:37", "elapsed": 615.404221, "delta": 2.298349}}
{"target": -4.915703048204121, "params": {"eta": 0.10916900628570737, "max_depth": 11.723442973382786, "n_estimators": 15.9155502853014}, "datetime": {"datetime": "2021-09-17 10:53:41", "elapsed": 619.47333, "delta": 4.069109}}
{"target": -12.604561415471528, "params": {"eta": 0.1, "max_depth": 15.0, "n_estimators": 6.08687591831552}, "datetime": {"datetime": "2021-09-17 10:53:45", "elapsed": 622.96747, "delta": 3.49414}}
{"target": -4.656736806191896, "params": {"eta": 0.16742344429300934, "max_depth": 11.047838022209293, "n_estimators": 10.248444774125007}, "datetime": {"datetime": "2021-09-17 10:53:48", "elapsed": 626.180945, "delta": 3.213475}}
{"target": -3.4002438250340914, "params": {"eta": 0.9951251717444257, "max_depth": 9.429465336296001, "n_estimators": 10.272812947488493}, "datetime": {"datetime": "2021-09-17 10:53:51", "elapsed": 628.557693, "delta": 2.376748}}
{"target": -3.2140288039257654, "params": {"eta": 1.0, "max_depth": 14.338749133764962, "n_estimators": 7.163222621959492}, "datetime": {"datetime": "2021-09-17 10:53:53", "elapsed": 630.799452, "delta": 2.241759}}
{"target": -3.018588082413924, "params": {"eta": 0.6620866556194854, "max_depth": 13.685541252704255, "n_estimators": 11.536126388702762}, "datetime": {"datetime": "2021-09-17 10:53:57", "elapsed": 634.697886, "delta": 3.898434}}
{"target": -2.969422941458853, "params": {"eta": 0.6304270998624147, "max_depth": 10.488195714004172, "n_estimators": 14.583541300609905}, "datetime": {"datetime": "2021-09-17 10:54:00", "elapsed": 637.568038, "delta": 2.870152}}
{"target": -2.5906265635239447, "params": {"eta": 0.2071334923118559, "max_depth": 8.085667641979084, "n_estimators": 17.97427419795142}, "datetime": {"datetime": "2021-09-17 10:54:02", "elapsed": 639.85909, "delta": 2.291052}}
{"target": -3.359624195726294, "params": {"eta": 0.9912222317460342, "max_depth": 8.26603142963506, "n_estimators": 15.976539366026039}, "datetime": {"datetime": "2021-09-17 10:54:06", "elapsed": 644.193446, "delta": 4.334356}}
{"target": -3.5144438141270684, "params": {"eta": 1.0, "max_depth": 9.453164080263818, "n_estimators": 2.6626454188889266}, "datetime": {"datetime": "2021-09-17 10:54:10", "elapsed": 647.493912, "delta": 3.300466}}
{"target": -5.4544372282530125, "params": {"eta": 0.10963998660798141, "max_depth": 1.823337385801114, "n_estimators": 16.683308356220145}, "datetime": {"datetime": "2021-09-17 10:54:12", "elapsed": 650.463132, "delta": 2.96922}}
{"target": -2.566630771285609, "params": {"eta": 0.306378439936845, "max_depth": 13.837059545335862, "n_estimators": 14.11919710068487}, "datetime": {"datetime": "2021-09-17 10:54:16", "elapsed": 653.942187, "delta": 3.479055}}
{"target": -2.8770750139888968, "params": {"eta": 0.19265472008538242, "max_depth": 13.928546287820824, "n_estimators": 14.83581664644395}, "datetime": {"datetime": "2021-09-17 10:54:19", "elapsed": 657.133547, "delta": 3.19136}}
{"target": -2.6699901994905972, "params": {"eta": 0.29409778277222487, "max_depth": 13.309493947288258, "n_estimators": 14.304725480448926}, "datetime": {"datetime": "2021-09-17 10:54:22", "elapsed": 659.925279, "delta": 2.791732}}
{"target": -2.5792675212809915, "params": {"eta": 0.33939421750857784, "max_depth": 13.570478993782142, "n_estimators": 15.381843729818867}, "datetime": {"datetime": "2021-09-17 10:54:24", "elapsed": 662.335403, "delta": 2.410124}}
{"target": -2.9726582194629465, "params": {"eta": 0.6028454876275998, "max_depth": 14.745656035854573, "n_estimators": 13.515871773300136}, "datetime": {"datetime": "2021-09-17 10:54:27", "elapsed": 665.005485, "delta": 2.670082}}
{"target": -2.957569610445123, "params": {"eta": 0.5796610558693966, "max_depth": 12.771809813441706, "n_estimators": 13.927264389119225}, "datetime": {"datetime": "2021-09-17 10:54:30", "elapsed": 668.234629, "delta": 3.229144}}
{"target": -2.5338953808734286, "params": {"eta": 0.43401759452183075, "max_depth": 13.255405937014226, "n_estimators": 15.906555110810853}, "datetime": {"datetime": "2021-09-17 10:54:33", "elapsed": 670.678083, "delta": 2.443454}}
{"target": -4.182916743504373, "params": {"eta": 0.12364011953552698, "max_depth": 10.548242640526041, "n_estimators": 15.161086791316537}, "datetime": {"datetime": "2021-09-17 10:54:36", "elapsed": 673.565127, "delta": 2.887044}}
{"target": -2.785734418818825, "params": {"eta": 0.5421941382770761, "max_depth": 13.757094261646703, "n_estimators": 14.620146726733731}, "datetime": {"datetime": "2021-09-17 10:54:38", "elapsed": 676.075644, "delta": 2.510517}}
{"target": -3.2147475882580405, "params": {"eta": 0.9995443808189867, "max_depth": 3.5279377593682426, "n_estimators": 7.359110631368342}, "datetime": {"datetime": "2021-09-17 10:54:40", "elapsed": 678.45047, "delta": 2.374826}}
{"target": -3.440398362435792, "params": {"eta": 1.0, "max_depth": 6.002070397076485, "n_estimators": 4.032965852139286}, "datetime": {"datetime": "2021-09-17 10:54:45", "elapsed": 683.142335, "delta": 4.691865}}
{"target": -3.7002635453876698, "params": {"eta": 1.0, "max_depth": 3.077411848012772, "n_estimators": 5.9078806801229655}, "datetime": {"datetime": "2021-09-17 10:54:48", "elapsed": 685.62664, "delta": 2.484305}}
{"target": -3.4919764961067004, "params": {"eta": 0.9415255431199852, "max_depth": 5.893640825918743, "n_estimators": 14.953334153840345}, "datetime": {"datetime": "2021-09-17 10:54:51", "elapsed": 688.848584, "delta": 3.221944}}
{"target": -6.856058104414689, "params": {"eta": 0.1038245007196758, "max_depth": 4.159963073664091, "n_estimators": 12.47672304744227}, "datetime": {"datetime": "2021-09-17 10:54:55", "elapsed": 693.374753, "delta": 4.526169}}
{"target": -2.760880890645479, "params": {"eta": 0.546713846057027, "max_depth": 3.57184822699187, "n_estimators": 11.935495804814186}, "datetime": {"datetime": "2021-09-17 10:54:58", "elapsed": 695.721463, "delta": 2.34671}}
{"target": -2.9224686503410338, "params": {"eta": 0.6783039887215319, "max_depth": 4.26355699186606, "n_estimators": 11.740026386570591}, "datetime": {"datetime": "2021-09-17 10:55:00", "elapsed": 697.968248, "delta": 2.246785}}
{"target": -2.6883335904071206, "params": {"eta": 0.521593390225486, "max_depth": 4.871990372396661, "n_estimators": 12.341008603803044}, "datetime": {"datetime": "2021-09-17 10:55:04", "elapsed": 701.716142, "delta": 3.747894}}
{"target": -2.9327881323663814, "params": {"eta": 0.677492618521203, "max_depth": 4.736756305130801, "n_estimators": 13.199938209013274}, "datetime": {"datetime": "2021-09-17 10:55:06", "elapsed": 704.153927, "delta": 2.437785}}
{"target": -2.9126608365460442, "params": {"eta": 0.6268752971808539, "max_depth": 4.394234943235828, "n_estimators": 12.344857428373459}, "datetime": {"datetime": "2021-09-17 10:55:09", "elapsed": 706.979827, "delta": 2.8259}}
{"target": -3.1787126867394697, "params": {"eta": 1.0, "max_depth": 1.5288195420452144, "n_estimators": 17.708975847949358}, "datetime": {"datetime": "2021-09-17 10:55:11", "elapsed": 709.226388, "delta": 2.246561}}
{"target": -3.4450184175842686, "params": {"eta": 1.0, "max_depth": 7.7628620406883, "n_estimators": 9.967889867774158}, "datetime": {"datetime": "2021-09-17 10:55:15", "elapsed": 712.63393, "delta": 3.407542}}
{"target": -2.689140772819519, "params": {"eta": 0.25978335543761677, "max_depth": 9.228052633037258, "n_estimators": 12.190490043176256}, "datetime": {"datetime": "2021-09-17 10:55:17", "elapsed": 715.162002, "delta": 2.528072}}
{"target": -7.33920724203712, "params": {"eta": 0.10639764067936042, "max_depth": 8.728256782578015, "n_estimators": 11.64801874502558}, "datetime": {"datetime": "2021-09-17 10:55:20", "elapsed": 718.130579, "delta": 2.968577}}
{"target": -2.450540164269899, "params": {"eta": 0.41423171541860226, "max_depth": 9.255297559369847, "n_estimators": 12.715168456731366}, "datetime": {"datetime": "2021-09-17 10:55:23", "elapsed": 720.790785, "delta": 2.660206}}
{"target": -2.6554895702161287, "params": {"eta": 0.3165737111525826, "max_depth": 9.693181131117377, "n_estimators": 12.55018060388186}, "datetime": {"datetime": "2021-09-17 10:55:26", "elapsed": 723.930267, "delta": 3.139482}}
{"target": -3.0104272698101244, "params": {"eta": 0.7152071830951328, "max_depth": 9.323787905859284, "n_estimators": 12.02444194656633}, "datetime": {"datetime": "2021-09-17 10:55:29", "elapsed": 726.76568, "delta": 2.835413}}
{"target": -2.5315869343908206, "params": {"eta": 0.35955520809608305, "max_depth": 9.594604115794972, "n_estimators": 18.0}, "datetime": {"datetime": "2021-09-17 10:55:32", "elapsed": 730.37745, "delta": 3.61177}}
{"target": -3.149666981320632, "params": {"eta": 0.351885391843752, "max_depth": 2.9864804411525254, "n_estimators": 17.959124430928593}, "datetime": {"datetime": "2021-09-17 10:55:35", "elapsed": 732.978513, "delta": 2.601063}}
{"target": -3.211156841014561, "params": {"eta": 0.9906506599484253, "max_depth": 14.165839885365676, "n_estimators": 13.139379908875393}, "datetime": {"datetime": "2021-09-17 10:55:39", "elapsed": 737.256764, "delta": 4.278251}}
{"target": -2.86175625386991, "params": {"eta": 0.2683589782867123, "max_depth": 13.843420614805884, "n_estimators": 10.854296680996045}, "datetime": {"datetime": "2021-09-17 10:55:43", "elapsed": 740.711123, "delta": 3.454359}}
{"target": -2.909317763855582, "params": {"eta": 0.6653197183925597, "max_depth": 12.786206277253413, "n_estimators": 11.865152670054304}, "datetime": {"datetime": "2021-09-17 10:55:47", "elapsed": 744.819501, "delta": 4.108378}}
{"target": -7.022730976029445, "params": {"eta": 0.1018758207783247, "max_depth": 9.352005518345916, "n_estimators": 12.561116234314289}, "datetime": {"datetime": "2021-09-17 10:55:50", "elapsed": 747.856848, "delta": 3.037347}}
{"target": -2.923209286363501, "params": {"eta": 0.6549428081461802, "max_depth": 10.136152409563545, "n_estimators": 12.440495538304232}, "datetime": {"datetime": "2021-09-17 10:55:54", "elapsed": 752.277628, "delta": 4.42078}}
{"target": -3.3703208088874814, "params": {"eta": 0.7797029839965317, "max_depth": 8.711195993565465, "n_estimators": 12.773694971860941}, "datetime": {"datetime": "2021-09-17 10:55:58", "elapsed": 756.421287, "delta": 4.143659}}
{"target": -3.279854802708877, "params": {"eta": 0.7650974224647731, "max_depth": 9.433165038127967, "n_estimators": 12.541194142208907}, "datetime": {"datetime": "2021-09-17 10:56:03", "elapsed": 760.721151, "delta": 4.299864}}
{"target": -2.9785863070111525, "params": {"eta": 0.593248105950884, "max_depth": 9.915196964811154, "n_estimators": 13.122403386269795}, "datetime": {"datetime": "2021-09-17 10:56:06", "elapsed": 764.153782, "delta": 3.432631}}
{"target": -2.8119516905985376, "params": {"eta": 0.5511519098708906, "max_depth": 8.95806580119237, "n_estimators": 13.247289418548378}, "datetime": {"datetime": "2021-09-17 10:56:09", "elapsed": 767.01954, "delta": 2.865758}}
{"target": -12.57975090993078, "params": {"eta": 0.1, "max_depth": 3.056552322552014, "n_estimators": 6.206170414163687}, "datetime": {"datetime": "2021-09-17 10:56:13", "elapsed": 771.045251, "delta": 4.025711}}
{"target": -3.394429341742867, "params": {"eta": 0.9983061958946762, "max_depth": 2.9772030462133294, "n_estimators": 7.13853832233796}, "datetime": {"datetime": "2021-09-17 10:56:16", "elapsed": 773.930524, "delta": 2.885273}}
{"target": -3.3479414281092197, "params": {"eta": 1.0, "max_depth": 13.30477175071233, "n_estimators": 12.694174452776473}, "datetime": {"datetime": "2021-09-17 10:56:19", "elapsed": 776.897587, "delta": 2.967063}}
{"target": -20.813153500933396, "params": {"eta": 0.1, "max_depth": 3.4953075955631148, "n_estimators": 1.0}, "datetime": {"datetime": "2021-09-17 10:56:22", "elapsed": 779.7773, "delta": 2.879713}}
{"target": -9.475549654584182, "params": {"eta": 0.1, "max_depth": 13.486818329832111, "n_estimators": 9.272422885378532}, "datetime": {"datetime": "2021-09-17 10:56:26", "elapsed": 784.14586, "delta": 4.36856}}
{"target": -2.708644263995321, "params": {"eta": 0.5188497798138868, "max_depth": 8.940338506354971, "n_estimators": 12.258834315657872}, "datetime": {"datetime": "2021-09-17 10:56:29", "elapsed": 786.835515, "delta": 2.689655}}
{"target": -6.209818959236145, "params": {"eta": 0.12530530263316234, "max_depth": 2.1402792587597954, "n_estimators": 11.715450455395958}, "datetime": {"datetime": "2021-09-17 10:56:35", "elapsed": 792.912545, "delta": 6.07703}}
{"target": -3.545182757001174, "params": {"eta": 1.0, "max_depth": 8.952599564987212, "n_estimators": 16.362366591863676}, "datetime": {"datetime": "2021-09-17 10:56:38", "elapsed": 795.865674, "delta": 2.953129}}
{"target": -3.7636216615375715, "params": {"eta": 1.0, "max_depth": 1.5675347609497008, "n_estimators": 7.799539155171602}, "datetime": {"datetime": "2021-09-17 10:56:42", "elapsed": 799.889418, "delta": 4.023744}}
{"target": -3.544606690657766, "params": {"eta": 1.0, "max_depth": 8.000543115193546, "n_estimators": 12.240304977964742}, "datetime": {"datetime": "2021-09-17 10:56:46", "elapsed": 803.786829, "delta": 3.897411}}
{"target": -6.570699543701974, "params": {"eta": 0.1, "max_depth": 14.268221416735258, "n_estimators": 13.689589106323306}, "datetime": {"datetime": "2021-09-17 10:56:49", "elapsed": 806.616927, "delta": 2.830098}}
{"target": -2.7425279742793034, "params": {"eta": 0.40404095396757855, "max_depth": 9.64257905691361, "n_estimators": 12.009381811342237}, "datetime": {"datetime": "2021-09-17 10:56:52", "elapsed": 810.152054, "delta": 3.535127}}
{"target": -3.217937460071162, "params": {"eta": 1.0, "max_depth": 14.445808004916662, "n_estimators": 6.49696415262597}, "datetime": {"datetime": "2021-09-17 10:56:55", "elapsed": 812.862029, "delta": 2.709975}}
{"target": -2.907049745007565, "params": {"eta": 0.6458572082858861, "max_depth": 9.334285113161512, "n_estimators": 13.045328738175241}, "datetime": {"datetime": "2021-09-17 10:57:00", "elapsed": 817.660347, "delta": 4.798318}}
{"target": -4.723175238308154, "params": {"eta": 0.1, "max_depth": 4.65204673471407, "n_estimators": 17.642261564225063}, "datetime": {"datetime": "2021-09-17 10:57:04", "elapsed": 821.839833, "delta": 4.179486}}
{"target": -3.6711133454975333, "params": {"eta": 1.0, "max_depth": 3.90347160336203, "n_estimators": 3.1239584510134857}, "datetime": {"datetime": "2021-09-17 10:57:07", "elapsed": 824.590829, "delta": 2.750996}}
{"target": -2.8554058219257152, "params": {"eta": 0.5239306684381856, "max_depth": 8.91889102613306, "n_estimators": 13.958644602965418}, "datetime": {"datetime": "2021-09-17 10:57:11", "elapsed": 829.204233, "delta": 4.613404}}
{"target": -4.2788093221815, "params": {"eta": 0.1777030727803478, "max_depth": 9.950434265527848, "n_estimators": 10.293408240909256}, "datetime": {"datetime": "2021-09-17 10:57:17", "elapsed": 834.751666, "delta": 5.547433}}
{"target": -4.304724332533385, "params": {"eta": 0.9944623956421311, "max_depth": 4.396743295737982, "n_estimators": 1.2147275549651941}, "datetime": {"datetime": "2021-09-17 10:57:20", "elapsed": 837.748984, "delta": 2.997318}}
{"target": -6.213391157200462, "params": {"eta": 0.12231936559371115, "max_depth": 11.605704857572873, "n_estimators": 11.300044984934713}, "datetime": {"datetime": "2021-09-17 10:57:23", "elapsed": 840.740627, "delta": 2.991643}}
{"target": -3.440398362435792, "params": {"eta": 1.0, "max_depth": 6.840462020347562, "n_estimators": 4.839565901728626}, "datetime": {"datetime": "2021-09-17 10:57:28", "elapsed": 846.289147, "delta": 5.54852}}
{"target": -3.534991323320489, "params": {"eta": 1.0, "max_depth": 8.704018859092749, "n_estimators": 6.484056576587586}, "datetime": {"datetime": "2021-09-17 10:57:31", "elapsed": 849.212926, "delta": 2.923779}}
{"target": -2.9642670518473575, "params": {"eta": 0.6329217372972714, "max_depth": 12.601919617328473, "n_estimators": 15.917916911842378}, "datetime": {"datetime": "2021-09-17 10:57:35", "elapsed": 853.465726, "delta": 4.2528}}
{"target": -2.8896249953069186, "params": {"eta": 0.6552661476052832, "max_depth": 10.043309592656037, "n_estimators": 18.0}, "datetime": {"datetime": "2021-09-17 10:57:39", "elapsed": 857.398171, "delta": 3.932445}}
{"target": -2.7733896462540875, "params": {"eta": 0.5283711941147704, "max_depth": 14.340629117113803, "n_estimators": 15.183672529583674}, "datetime": {"datetime": "2021-09-17 10:57:42", "elapsed": 860.407178, "delta": 3.009007}}
{"target": -2.6537583269571, "params": {"eta": 0.47380305369823417, "max_depth": 7.01117938815335, "n_estimators": 14.053614329770152}, "datetime": {"datetime": "2021-09-17 10:57:46", "elapsed": 863.506354, "delta": 3.099176}}
{"target": -3.3992534624902824, "params": {"eta": 0.9655833532916481, "max_depth": 9.34910309606589, "n_estimators": 14.486873402707658}, "datetime": {"datetime": "2021-09-17 10:57:49", "elapsed": 866.701243, "delta": 3.194889}}
