{"target": -2.3775013233485973, "params": {"eta": 0.12761341682593474, "max_depth": 11.196170466162489, "n_estimators": 27.670902812827286}, "datetime": {"datetime": "2021-09-17 14:00:21", "elapsed": 133.433035, "delta": 1.206676}}
{"target": -2.3199246262249194, "params": {"eta": 0.1969124479257977, "max_depth": 15.790643657919624, "n_estimators": 31.821663163499583}, "datetime": {"datetime": "2021-09-17 14:00:21", "elapsed": 134.367967, "delta": 0.934932}}
{"target": -2.6360588644680223, "params": {"eta": 0.10398752230850407, "max_depth": 10.455110950597954, "n_estimators": 27.498655368161074}, "datetime": {"datetime": "2021-09-17 14:00:22", "elapsed": 135.176241, "delta": 0.808274}}
{"target": -2.351357936859131, "params": {"eta": 0.1997509701515634, "max_depth": 11.074272433568376, "n_estimators": 27.861820663987412}, "datetime": {"datetime": "2021-09-17 14:00:23", "elapsed": 136.175564, "delta": 0.999323}}
{"target": -2.2871656562152665, "params": {"eta": 0.1298086723699249, "max_depth": 12.970534318116846, "n_estimators": 29.47210070835739}, "datetime": {"datetime": "2021-09-17 14:00:24", "elapsed": 137.044942, "delta": 0.869378}}
{"target": -2.8282521655685025, "params": {"eta": 0.09771038140820847, "max_depth": 16.823922068233284, "n_estimators": 27.236695000050844}, "datetime": {"datetime": "2021-09-17 14:00:25", "elapsed": 137.803944, "delta": 0.759002}}
{"target": -2.462376701831818, "params": {"eta": 0.11859590619076005, "max_depth": 11.511058156428112, "n_estimators": 28.918138589722403}, "datetime": {"datetime": "2021-09-17 14:00:26", "elapsed": 138.58794, "delta": 0.783996}}
{"target": -2.3386937473949634, "params": {"eta": 0.2, "max_depth": 12.258563122674696, "n_estimators": 29.63957140157782}, "datetime": {"datetime": "2021-09-17 14:00:27", "elapsed": 139.650509, "delta": 1.062569}}
{"target": -2.352378789374703, "params": {"eta": 0.2, "max_depth": 11.692855419685431, "n_estimators": 31.04861828736584}, "datetime": {"datetime": "2021-09-17 14:00:28", "elapsed": 140.691712, "delta": 1.041203}}
{"target": -3.229680027459797, "params": {"eta": 0.09560111047937815, "max_depth": 12.114105698912482, "n_estimators": 24.806759955432856}, "datetime": {"datetime": "2021-09-17 14:00:29", "elapsed": 141.476716, "delta": 0.785004}}
{"target": -2.436093539313266, "params": {"eta": 0.11459228529441087, "max_depth": 12.931314769153229, "n_estimators": 29.544713629426354}, "datetime": {"datetime": "2021-09-17 14:00:29", "elapsed": 142.351252, "delta": 0.874536}}
{"target": -2.1919794515559547, "params": {"eta": 0.1751465598053822, "max_depth": 15.901342202993009, "n_estimators": 31.796123128505165}, "datetime": {"datetime": "2021-09-17 14:00:31", "elapsed": 143.513977, "delta": 1.162725}}
{"target": -2.3355905583030303, "params": {"eta": 0.19982502574305075, "max_depth": 15.936576703010173, "n_estimators": 31.715104855653703}, "datetime": {"datetime": "2021-09-17 14:00:32", "elapsed": 144.445077, "delta": 0.9311}}
{"target": -2.5164809465408324, "params": {"eta": 0.10755766607552988, "max_depth": 16.346778974898776, "n_estimators": 28.145691867777423}, "datetime": {"datetime": "2021-09-17 14:00:32", "elapsed": 145.293077, "delta": 0.848}}
{"target": -2.3621309832522743, "params": {"eta": 0.17256205049081563, "max_depth": 14.079725006383768, "n_estimators": 30.638667971660183}, "datetime": {"datetime": "2021-09-17 14:00:33", "elapsed": 146.273617, "delta": 0.98054}}
{"target": -2.3584930765001397, "params": {"eta": 0.12384238424782984, "max_depth": 15.935306963246147, "n_estimators": 31.8658961527274}, "datetime": {"datetime": "2021-09-17 14:00:34", "elapsed": 147.403193, "delta": 1.129576}}
{"target": -2.3864980521954986, "params": {"eta": 0.13965503342206875, "max_depth": 15.889454479628235, "n_estimators": 31.76506887616165}, "datetime": {"datetime": "2021-09-17 14:00:35", "elapsed": 148.398641, "delta": 0.995448}}
{"target": -2.365849581517671, "params": {"eta": 0.1997629079530952, "max_depth": 11.04171187500177, "n_estimators": 27.671437429756576}, "datetime": {"datetime": "2021-09-17 14:00:37", "elapsed": 149.456291, "delta": 1.05765}}
{"target": -2.257364455649727, "params": {"eta": 0.1931170792504152, "max_depth": 15.94293183513842, "n_estimators": 31.862149314105576}, "datetime": {"datetime": "2021-09-17 14:00:38", "elapsed": 150.530073, "delta": 1.073782}}
{"target": -2.4743953165255097, "params": {"eta": 0.1256136379665725, "max_depth": 11.668302806436493, "n_estimators": 26.268678838265913}, "datetime": {"datetime": "2021-09-17 14:00:39", "elapsed": 151.855354, "delta": 1.325281}}
{"target": -2.3933945555435985, "params": {"eta": 0.1679559691580674, "max_depth": 10.655024999679647, "n_estimators": 25.200259971688652}, "datetime": {"datetime": "2021-09-17 14:00:40", "elapsed": 152.734726, "delta": 0.879372}}
{"target": -2.4710817732309036, "params": {"eta": 0.1126465893279883, "max_depth": 14.355547733932731, "n_estimators": 30.429964645886926}, "datetime": {"datetime": "2021-09-17 14:00:41", "elapsed": 153.610726, "delta": 0.876}}
{"target": -2.202725244195838, "params": {"eta": 0.17504822979869175, "max_depth": 11.097314554306015, "n_estimators": 27.77381776132833}, "datetime": {"datetime": "2021-09-17 14:00:42", "elapsed": 154.594779, "delta": 0.984053}}
{"target": -2.239247243655355, "params": {"eta": 0.1939567188922082, "max_depth": 15.84339357110321, "n_estimators": 31.80938649161628}, "datetime": {"datetime": "2021-09-17 14:00:43", "elapsed": 155.536346, "delta": 0.941567}}
{"target": -2.331622338294983, "params": {"eta": 0.18557923534241055, "max_depth": 15.900226895146446, "n_estimators": 31.76090349344003}, "datetime": {"datetime": "2021-09-17 14:00:44", "elapsed": 156.583788, "delta": 1.047442}}
{"target": -2.2777545069393357, "params": {"eta": 0.16071079953890832, "max_depth": 11.631339103037096, "n_estimators": 26.330227886663295}, "datetime": {"datetime": "2021-09-17 14:00:45", "elapsed": 157.438289, "delta": 0.854501}}
{"target": -2.3280206730491235, "params": {"eta": 0.19198828501003307, "max_depth": 13.813522172494931, "n_estimators": 30.752297103691298}, "datetime": {"datetime": "2021-09-17 14:00:46", "elapsed": 158.52756, "delta": 1.089271}}
{"target": -2.5445327470177097, "params": {"eta": 0.10287807542470076, "max_depth": 15.432743915187881, "n_estimators": 30.145132269345616}, "datetime": {"datetime": "2021-09-17 14:00:47", "elapsed": 159.514857, "delta": 0.987297}}
{"target": -2.300826873277363, "params": {"eta": 0.19368468896114746, "max_depth": 11.111355889139583, "n_estimators": 27.672381151980208}, "datetime": {"datetime": "2021-09-17 14:00:48", "elapsed": 160.672213, "delta": 1.157356}}
{"target": -2.3938039785937257, "params": {"eta": 0.14759229867198523, "max_depth": 15.91591619116866, "n_estimators": 31.825474119039267}, "datetime": {"datetime": "2021-09-17 14:00:49", "elapsed": 161.859966, "delta": 1.187753}}
{"target": -2.2439927584246586, "params": {"eta": 0.15578976602601374, "max_depth": 11.625807461317166, "n_estimators": 26.3675847862553}, "datetime": {"datetime": "2021-09-17 14:00:50", "elapsed": 162.979117, "delta": 1.119151}}
{"target": -2.4198177281178928, "params": {"eta": 0.11545746339196183, "max_depth": 12.220076721099858, "n_estimators": 29.477611493430096}, "datetime": {"datetime": "2021-09-17 14:00:51", "elapsed": 163.850117, "delta": 0.871}}
{"target": -2.2843887021667078, "params": {"eta": 0.1499967480115187, "max_depth": 13.217218129493936, "n_estimators": 31.414022637030044}, "datetime": {"datetime": "2021-09-17 14:00:52", "elapsed": 164.802733, "delta": 0.952616}}
{"target": -2.6823926875465793, "params": {"eta": 0.1139016234986116, "max_depth": 10.606204900373944, "n_estimators": 25.186523518154807}, "datetime": {"datetime": "2021-09-17 14:00:53", "elapsed": 165.868842, "delta": 1.066109}}
{"target": -2.2795938849449158, "params": {"eta": 0.18943652132032773, "max_depth": 15.926725507153492, "n_estimators": 31.81739057344994}, "datetime": {"datetime": "2021-09-17 14:00:54", "elapsed": 166.846423, "delta": 0.977581}}
{"target": -2.2742929872713593, "params": {"eta": 0.19436555352506402, "max_depth": 11.15309886612455, "n_estimators": 27.703359434790862}, "datetime": {"datetime": "2021-09-17 14:00:55", "elapsed": 168.267051, "delta": 1.420628}}
{"target": -2.312609956139012, "params": {"eta": 0.15108866218442302, "max_depth": 11.193438703551605, "n_estimators": 25.925189059145445}, "datetime": {"datetime": "2021-09-17 14:00:56", "elapsed": 169.350761, "delta": 1.08371}}
{"target": -2.506533912608498, "params": {"eta": 0.10466522049912017, "max_depth": 15.68718766976624, "n_estimators": 30.433780761633862}, "datetime": {"datetime": "2021-09-17 14:00:57", "elapsed": 170.362758, "delta": 1.011997}}
{"target": -2.2808974749163573, "params": {"eta": 0.19193706565941793, "max_depth": 11.239113664651862, "n_estimators": 25.84902249918819}, "datetime": {"datetime": "2021-09-17 14:00:59", "elapsed": 171.497576, "delta": 1.134818}}
{"target": -2.6410480009882074, "params": {"eta": 0.1124289339659196, "max_depth": 16.328016196168967, "n_estimators": 25.178897353958018}, "datetime": {"datetime": "2021-09-17 14:01:00", "elapsed": 172.42282, "delta": 0.925244}}
{"target": -2.2379721415670297, "params": {"eta": 0.1931489409341341, "max_depth": 11.639256966526691, "n_estimators": 26.359265548296612}, "datetime": {"datetime": "2021-09-17 14:01:01", "elapsed": 173.596277, "delta": 1.173457}}
{"target": -2.302347490034605, "params": {"eta": 0.1520037393607278, "max_depth": 13.823466459768891, "n_estimators": 30.685701812025822}, "datetime": {"datetime": "2021-09-17 14:01:02", "elapsed": 175.11935, "delta": 1.523073}}
{"target": -2.454751415629136, "params": {"eta": 0.10982176405258484, "max_depth": 10.24502307027749, "n_estimators": 31.385040356792747}, "datetime": {"datetime": "2021-09-17 14:01:03", "elapsed": 176.042351, "delta": 0.923001}}
{"target": -2.1953459814975136, "params": {"eta": 0.19785619975525803, "max_depth": 13.31832358187723, "n_estimators": 24.979470963863854}, "datetime": {"datetime": "2021-09-17 14:01:04", "elapsed": 177.045448, "delta": 1.003097}}
{"target": -2.283344794574537, "params": {"eta": 0.1935148287837225, "max_depth": 13.346458113719532, "n_estimators": 24.947751989216293}, "datetime": {"datetime": "2021-09-17 14:01:05", "elapsed": 178.103288, "delta": 1.05784}}
{"target": -2.234622937754581, "params": {"eta": 0.19778938343054098, "max_depth": 13.351326813198533, "n_estimators": 24.99804279943438}, "datetime": {"datetime": "2021-09-17 14:01:06", "elapsed": 179.170455, "delta": 1.067167}}
{"target": -2.2896903765828984, "params": {"eta": 0.18938915902216985, "max_depth": 15.898687904360205, "n_estimators": 31.848777806158697}, "datetime": {"datetime": "2021-09-17 14:01:08", "elapsed": 180.758183, "delta": 1.587728}}
{"target": -2.2883878707885743, "params": {"eta": 0.15243168195993892, "max_depth": 11.067365532357728, "n_estimators": 27.701959800645447}, "datetime": {"datetime": "2021-09-17 14:01:09", "elapsed": 182.106325, "delta": 1.348142}}
{"target": -2.495624428673794, "params": {"eta": 0.10080500543540043, "max_depth": 10.239689720792725, "n_estimators": 31.442140516941976}, "datetime": {"datetime": "2021-09-17 14:01:10", "elapsed": 183.118883, "delta": 1.012558}}
{"target": -2.3916016164578893, "params": {"eta": 0.18097588392570443, "max_depth": 13.30622364225616, "n_estimators": 25.017204620971945}, "datetime": {"datetime": "2021-09-17 14:01:11", "elapsed": 184.234094, "delta": 1.115211}}
{"target": -2.3724338481300755, "params": {"eta": 0.1983750895901713, "max_depth": 10.620447918073452, "n_estimators": 25.129893980103574}, "datetime": {"datetime": "2021-09-17 14:01:12", "elapsed": 185.238089, "delta": 1.003995}}
{"target": -2.3752371028849955, "params": {"eta": 0.17125150725078958, "max_depth": 11.657729898522591, "n_estimators": 31.011880362389608}, "datetime": {"datetime": "2021-09-17 14:01:14", "elapsed": 186.421009, "delta": 1.18292}}
{"target": -2.180057449089853, "params": {"eta": 0.1519799229233949, "max_depth": 10.551698560633465, "n_estimators": 31.92709737393026}, "datetime": {"datetime": "2021-09-17 14:01:15", "elapsed": 187.838499, "delta": 1.41749}}
{"target": -2.304884588090997, "params": {"eta": 0.173463743313995, "max_depth": 10.639057481101682, "n_estimators": 25.188297103627733}, "datetime": {"datetime": "2021-09-17 14:01:16", "elapsed": 189.11581, "delta": 1.277311}}
{"target": -2.288513363035102, "params": {"eta": 0.15121390846616867, "max_depth": 11.619667827099956, "n_estimators": 26.37837263790317}, "datetime": {"datetime": "2021-09-17 14:01:18", "elapsed": 190.454728, "delta": 1.338918}}
{"target": -2.3892432846521072, "params": {"eta": 0.19883169190019867, "max_depth": 16.538795338223462, "n_estimators": 24.441698260478976}, "datetime": {"datetime": "2021-09-17 14:01:19", "elapsed": 191.457602, "delta": 1.002874}}
{"target": -2.3471387235741865, "params": {"eta": 0.15422979346445356, "max_depth": 14.03969019283561, "n_estimators": 26.09540245516142}, "datetime": {"datetime": "2021-09-17 14:01:20", "elapsed": 192.467495, "delta": 1.009893}}
{"target": -2.2856283953315337, "params": {"eta": 0.19588555824110992, "max_depth": 13.337959934269339, "n_estimators": 25.00987950096274}, "datetime": {"datetime": "2021-09-17 14:01:21", "elapsed": 193.904859, "delta": 1.437364}}
{"target": -2.2311888500263817, "params": {"eta": 0.16320366723158602, "max_depth": 10.64510381449481, "n_estimators": 25.210024455541326}, "datetime": {"datetime": "2021-09-17 14:01:22", "elapsed": 195.329388, "delta": 1.424529}}
{"target": -2.2826854203876694, "params": {"eta": 0.18504362572007965, "max_depth": 13.02511950437101, "n_estimators": 26.241116214259783}, "datetime": {"datetime": "2021-09-17 14:01:23", "elapsed": 196.375844, "delta": 1.046456}}
{"target": -2.7601209351890965, "params": {"eta": 0.11222370496552192, "max_depth": 14.148234676985808, "n_estimators": 25.188940686011325}, "datetime": {"datetime": "2021-09-17 14:01:24", "elapsed": 197.395815, "delta": 1.019971}}
{"target": -2.2968680733128597, "params": {"eta": 0.16083482435120525, "max_depth": 15.816015154971952, "n_estimators": 30.803091694959857}, "datetime": {"datetime": "2021-09-17 14:01:26", "elapsed": 198.95137, "delta": 1.555555}}
{"target": -2.223652626338758, "params": {"eta": 0.19342801078711067, "max_depth": 11.105073464164725, "n_estimators": 27.733100916487196}, "datetime": {"datetime": "2021-09-17 14:01:27", "elapsed": 200.413613, "delta": 1.462243}}
{"target": -2.3563112880054273, "params": {"eta": 0.16661662121070353, "max_depth": 13.874841555232566, "n_estimators": 30.798606336767502}, "datetime": {"datetime": "2021-09-17 14:01:29", "elapsed": 201.991055, "delta": 1.577442}}
{"target": -2.3487270850884285, "params": {"eta": 0.135455463390331, "max_depth": 12.213515573880981, "n_estimators": 25.19708615998906}, "datetime": {"datetime": "2021-09-17 14:01:30", "elapsed": 203.080535, "delta": 1.08948}}
{"target": -2.3167583747913962, "params": {"eta": 0.1971629664285478, "max_depth": 14.94282746680031, "n_estimators": 27.115117965385622}, "datetime": {"datetime": "2021-09-17 14:01:31", "elapsed": 204.132714, "delta": 1.052179}}
{"target": -2.2302309575833767, "params": {"eta": 0.19485133522255682, "max_depth": 11.168347996733702, "n_estimators": 27.673520378863174}, "datetime": {"datetime": "2021-09-17 14:01:33", "elapsed": 205.5585, "delta": 1.425786}}
{"target": -2.3619492555919446, "params": {"eta": 0.14758703924941058, "max_depth": 10.560051076949017, "n_estimators": 31.917954565683658}, "datetime": {"datetime": "2021-09-17 14:01:34", "elapsed": 207.373782, "delta": 1.815282}}
{"target": -2.269617795944214, "params": {"eta": 0.15261974970230996, "max_depth": 13.200838762909619, "n_estimators": 29.744489581281258}, "datetime": {"datetime": "2021-09-17 14:01:36", "elapsed": 208.508423, "delta": 1.134641}}
{"target": -2.443328153459649, "params": {"eta": 0.14185059556994192, "max_depth": 11.603763335461423, "n_estimators": 26.262915571547563}, "datetime": {"datetime": "2021-09-17 14:01:37", "elapsed": 209.976675, "delta": 1.468252}}
{"target": -2.2203635347516912, "params": {"eta": 0.14268637779070667, "max_depth": 10.540905367989406, "n_estimators": 31.917258126413312}, "datetime": {"datetime": "2021-09-17 14:01:39", "elapsed": 211.478014, "delta": 1.501339}}
{"target": -2.4300723904057553, "params": {"eta": 0.14110937765028111, "max_depth": 13.447618134563253, "n_estimators": 26.552081606652102}, "datetime": {"datetime": "2021-09-17 14:01:40", "elapsed": 212.489235, "delta": 1.011221}}
{"target": -2.3321679723890205, "params": {"eta": 0.19730704552943595, "max_depth": 11.94518157161426, "n_estimators": 24.759680007423}, "datetime": {"datetime": "2021-09-17 14:01:41", "elapsed": 213.526241, "delta": 1.037006}}
{"target": -2.3772119402885434, "params": {"eta": 0.1485057187983165, "max_depth": 12.347663909370354, "n_estimators": 24.039074699198654}, "datetime": {"datetime": "2021-09-17 14:01:42", "elapsed": 214.549535, "delta": 1.023294}}
{"target": -2.3664348677584996, "params": {"eta": 0.1321416227799133, "max_depth": 15.22204972109852, "n_estimators": 29.63564135243445}, "datetime": {"datetime": "2021-09-17 14:01:43", "elapsed": 215.646538, "delta": 1.097003}}
{"target": -2.410949848827563, "params": {"eta": 0.1779215419302082, "max_depth": 10.688788693859717, "n_estimators": 25.144934676246567}, "datetime": {"datetime": "2021-09-17 14:01:45", "elapsed": 217.438535, "delta": 1.791997}}
{"target": -2.275561060403523, "params": {"eta": 0.17381798957983746, "max_depth": 13.824745052781243, "n_estimators": 30.721566751700344}, "datetime": {"datetime": "2021-09-17 14:01:46", "elapsed": 218.960748, "delta": 1.522213}}
{"target": -2.4576369705953094, "params": {"eta": 0.17010047622503255, "max_depth": 15.89048095871874, "n_estimators": 31.811381621935908}, "datetime": {"datetime": "2021-09-17 14:01:48", "elapsed": 220.528525, "delta": 1.567777}}
{"target": -2.43170387180228, "params": {"eta": 0.17979856368751412, "max_depth": 11.172589880629108, "n_estimators": 25.870925920468476}, "datetime": {"datetime": "2021-09-17 14:01:49", "elapsed": 222.126972, "delta": 1.598447}}
{"target": -2.377136692247893, "params": {"eta": 0.18902389916174883, "max_depth": 12.910555127156332, "n_estimators": 26.30006511515197}, "datetime": {"datetime": "2021-09-17 14:01:51", "elapsed": 223.809022, "delta": 1.68205}}
{"target": -2.294536640769557, "params": {"eta": 0.19626195262642818, "max_depth": 11.08926096616799, "n_estimators": 27.765414833129785}, "datetime": {"datetime": "2021-09-17 14:01:53", "elapsed": 225.671415, "delta": 1.862393}}
{"target": -2.23025295859889, "params": {"eta": 0.15036948543200573, "max_depth": 15.006325564606936, "n_estimators": 28.822107008573152}, "datetime": {"datetime": "2021-09-17 14:06:33", "elapsed": 0.0, "delta": 0.0}}
{"target": -2.237475816199654, "params": {"eta": 0.14993715012965866, "max_depth": 12.965583595372333, "n_estimators": 29.16715290453325}, "datetime": {"datetime": "2021-09-17 14:06:34", "elapsed": 0.178998, "delta": 0.178998}}
{"target": -2.3225088690456595, "params": {"eta": 0.13813459323889618, "max_depth": 16.24241100547456, "n_estimators": 31.709302084008236}, "datetime": {"datetime": "2021-09-17 14:06:34", "elapsed": 0.381614, "delta": 0.202616}}
{"target": -2.4229615023261624, "params": {"eta": 0.13217856707083556, "max_depth": 15.542075266578653, "n_estimators": 28.231159358023234}, "datetime": {"datetime": "2021-09-17 14:06:34", "elapsed": 0.543611, "delta": 0.161997}}
{"target": -2.3308991501205845, "params": {"eta": 0.15248490172033255, "max_depth": 16.479176468048628, "n_estimators": 24.568288465583095}, "datetime": {"datetime": "2021-09-17 14:06:34", "elapsed": 0.691614, "delta": 0.148003}}
{"target": -2.579987763103686, "params": {"eta": 0.09958422296716948, "max_depth": 10.14152878208228, "n_estimators": 30.660958764383505}, "datetime": {"datetime": "2021-09-17 14:06:34", "elapsed": 0.838614, "delta": 0.147}}
{"target": -2.237827171777424, "params": {"eta": 0.17559724260448356, "max_depth": 16.090085037727732, "n_estimators": 31.82894673786211}, "datetime": {"datetime": "2021-09-17 14:06:34", "elapsed": 1.070615, "delta": 0.232001}}
{"target": -2.3355199035845304, "params": {"eta": 0.1779074420638396, "max_depth": 13.230355535770522, "n_estimators": 30.244233410291642}, "datetime": {"datetime": "2021-09-17 14:06:35", "elapsed": 1.284614, "delta": 0.213999}}
{"target": -2.2992207345209623, "params": {"eta": 0.15682667181136056, "max_depth": 15.83092196019377, "n_estimators": 31.996253279778127}, "datetime": {"datetime": "2021-09-17 14:06:35", "elapsed": 1.639405, "delta": 0.354791}}
{"target": -2.491509084952505, "params": {"eta": 0.11533177339752923, "max_depth": 16.702622105184098, "n_estimators": 27.065991000396373}, "datetime": {"datetime": "2021-09-17 14:06:35", "elapsed": 1.886409, "delta": 0.247004}}
{"target": -2.297683910947097, "params": {"eta": 0.14952139061260186, "max_depth": 13.871747355792643, "n_estimators": 29.860516229983002}, "datetime": {"datetime": "2021-09-17 14:06:36", "elapsed": 2.162409, "delta": 0.276}}
{"target": -2.3729632314882783, "params": {"eta": 0.16406798981399748, "max_depth": 14.823205139460706, "n_estimators": 29.129729133808375}, "datetime": {"datetime": "2021-09-17 14:06:36", "elapsed": 2.67441, "delta": 0.512001}}
{"target": -2.250986631920463, "params": {"eta": 0.13092517270366566, "max_depth": 10.808351409491193, "n_estimators": 30.857172731454465}, "datetime": {"datetime": "2021-09-17 14:06:36", "elapsed": 2.939409, "delta": 0.264999}}
{"target": -2.2780670178563973, "params": {"eta": 0.18804214497814636, "max_depth": 14.972620870889198, "n_estimators": 28.612185919779378}, "datetime": {"datetime": "2021-09-17 14:06:37", "elapsed": 3.38916, "delta": 0.449751}}
