{"target": -3.4630503535270694, "params": {"eta": 0.9583635183741321, "max_depth": 14.288305192983982, "n_estimators": 11.66000853231832}, "datetime": {"datetime": "2021-09-17 12:12:57", "elapsed": 3615.511897, "delta": 15.224918}}
{"target": -2.686208516673038, "params": {"eta": 0.42817605455002317, "max_depth": 14.03788087898588, "n_estimators": 11.591602646978748}, "datetime": {"datetime": "2021-09-17 12:13:07", "elapsed": 3626.057185, "delta": 10.545288}}
{"target": -21.305772039764808, "params": {"eta": 0.01, "max_depth": 9.226084446093791, "n_estimators": 8.314265758125265}, "datetime": {"datetime": "2021-09-17 12:13:16", "elapsed": 3634.581352, "delta": 8.524167}}
{"target": -2.6677036592834873, "params": {"eta": 0.5644837671225592, "max_depth": 9.420488098605901, "n_estimators": 9.005605678694828}, "datetime": {"datetime": "2021-09-17 12:13:25", "elapsed": 3644.213217, "delta": 9.631865}}
{"target": -3.7233738808255445, "params": {"eta": 0.9981124718757509, "max_depth": 14.287873360795484, "n_estimators": 10.854439498956198}, "datetime": {"datetime": "2021-09-17 12:13:36", "elapsed": 3655.134917, "delta": 10.9217}}
{"target": -3.073313218668887, "params": {"eta": 0.7352206394357884, "max_depth": 13.165402105551937, "n_estimators": 6.914491589780103}, "datetime": {"datetime": "2021-09-17 12:13:46", "elapsed": 3664.862102, "delta": 9.727185}}
{"target": -3.0973956051625704, "params": {"eta": 0.6533996255147583, "max_depth": 8.844202026403547, "n_estimators": 8.569744984958383}, "datetime": {"datetime": "2021-09-17 12:14:03", "elapsed": 3681.619195, "delta": 16.757093}}
{"target": -2.9137359757172434, "params": {"eta": 0.694869696194375, "max_depth": 9.00620035603477, "n_estimators": 7.7354258462374705}, "datetime": {"datetime": "2021-09-17 12:14:11", "elapsed": 3689.631881, "delta": 8.012686}}
{"target": -6.215176421717593, "params": {"eta": 0.21399037395026407, "max_depth": 3.4378807124910593, "n_estimators": 6.081008545088242}, "datetime": {"datetime": "2021-09-17 12:14:16", "elapsed": 3694.49108, "delta": 4.859199}}
{"target": -3.502339417056033, "params": {"eta": 0.8424559172321989, "max_depth": 10.831605884698368, "n_estimators": 10.49983241950929}, "datetime": {"datetime": "2021-09-17 12:14:30", "elapsed": 3709.381825, "delta": 14.890745}}
{"target": -3.3135488899130565, "params": {"eta": 0.9528177010554757, "max_depth": 3.2321265517198268, "n_estimators": 6.250089429124007}, "datetime": {"datetime": "2021-09-17 12:14:39", "elapsed": 3717.641584, "delta": 8.259759}}
{"target": -8.73156713529637, "params": {"eta": 0.6637770309148815, "max_depth": 14.742187181369289, "n_estimators": 1.4057112889958332}, "datetime": {"datetime": "2021-09-17 12:14:44", "elapsed": 3722.877274, "delta": 5.23569}}
{"target": -2.9948038559210928, "params": {"eta": 0.7058490138144204, "max_depth": 9.981646028689381, "n_estimators": 8.134481931763936}, "datetime": {"datetime": "2021-09-17 12:15:00", "elapsed": 3738.779519, "delta": 15.902245}}
{"target": -3.5219348430633546, "params": {"eta": 0.9746192769238857, "max_depth": 1.7896752180230175, "n_estimators": 13.072558940686967}, "datetime": {"datetime": "2021-09-17 12:15:09", "elapsed": 3747.615985, "delta": 8.836466}}
{"target": -3.6986785810244713, "params": {"eta": 0.9549114027115949, "max_depth": 11.159286051995284, "n_estimators": 15.512937027543911}, "datetime": {"datetime": "2021-09-17 12:15:19", "elapsed": 3757.844997, "delta": 10.229012}}
{"target": -3.5187856140889617, "params": {"eta": 0.8452813291939425, "max_depth": 10.787385558541143, "n_estimators": 16.138576626413794}, "datetime": {"datetime": "2021-09-17 12:15:30", "elapsed": 3768.612617, "delta": 10.76762}}
{"target": -2.67377459563707, "params": {"eta": 0.5338496506050232, "max_depth": 4.349771195126987, "n_estimators": 14.700268550831666}, "datetime": {"datetime": "2021-09-17 12:15:35", "elapsed": 3774.074082, "delta": 5.461465}}
{"target": -2.778894642779701, "params": {"eta": 0.40472083823168364, "max_depth": 3.068721186711775, "n_estimators": 15.028409041167977}, "datetime": {"datetime": "2021-09-17 12:15:51", "elapsed": 3790.296863, "delta": 16.222781}}
{"target": -3.1780215451591896, "params": {"eta": 0.46491294648821085, "max_depth": 2.593490207866666, "n_estimators": 15.426994636093353}, "datetime": {"datetime": "2021-09-17 12:16:06", "elapsed": 3805.208259, "delta": 14.911396}}
{"target": -2.5442947055164136, "params": {"eta": 0.44775063002575066, "max_depth": 12.593802211603325, "n_estimators": 15.901946072929094}, "datetime": {"datetime": "2021-09-17 12:16:21", "elapsed": 3819.907569, "delta": 14.69931}}
{"target": -2.838087775205311, "params": {"eta": 0.6439414859383149, "max_depth": 4.565498138380296, "n_estimators": 11.459922498251133}, "datetime": {"datetime": "2021-09-17 12:16:27", "elapsed": 3825.995965, "delta": 6.088396}}
{"target": -2.966408383846283, "params": {"eta": 0.5878451503249698, "max_depth": 4.7106204521586434, "n_estimators": 5.524908075862545}, "datetime": {"datetime": "2021-09-17 12:16:34", "elapsed": 3832.543067, "delta": 6.547102}}
{"target": -21.305772039764808, "params": {"eta": 0.01, "max_depth": 15.0, "n_estimators": 8.785630037508778}, "datetime": {"datetime": "2021-09-17 12:16:44", "elapsed": 3842.909885, "delta": 10.366818}}
{"target": -2.6264440906675235, "params": {"eta": 0.31717318399029343, "max_depth": 6.043759934631549, "n_estimators": 15.008487125961071}, "datetime": {"datetime": "2021-09-17 12:16:50", "elapsed": 3848.876737, "delta": 5.966852}}
{"target": -2.68373178494604, "params": {"eta": 0.5949045996348898, "max_depth": 6.17088087658268, "n_estimators": 15.23143023581813}, "datetime": {"datetime": "2021-09-17 12:17:01", "elapsed": 3860.212908, "delta": 11.336171}}
{"target": -2.5655140349739476, "params": {"eta": 0.40906675549247185, "max_depth": 4.981132275178103, "n_estimators": 14.134037163613202}, "datetime": {"datetime": "2021-09-17 12:17:13", "elapsed": 3872.20716, "delta": 11.994252}}
{"target": -2.6971224433497376, "params": {"eta": 0.5121043636519172, "max_depth": 14.617195675939897, "n_estimators": 9.286165669682806}, "datetime": {"datetime": "2021-09-17 12:17:22", "elapsed": 3880.810051, "delta": 8.602891}}
{"target": -2.624446329317595, "params": {"eta": 0.23261297100506143, "max_depth": 14.172175797019698, "n_estimators": 14.313295905592872}, "datetime": {"datetime": "2021-09-17 12:17:41", "elapsed": 3899.679677, "delta": 18.869626}}
{"target": -3.7319030554671038, "params": {"eta": 1.0, "max_depth": 15.0, "n_estimators": 8.374883953090805}, "datetime": {"datetime": "2021-09-17 12:17:53", "elapsed": 3911.967392, "delta": 12.287715}}
{"target": -3.229042316737928, "params": {"eta": 0.8921224951470773, "max_depth": 10.069286864742732, "n_estimators": 7.23442395452809}, "datetime": {"datetime": "2021-09-17 12:18:08", "elapsed": 3926.495367, "delta": 14.527975}}
{"target": -3.082969926532946, "params": {"eta": 0.5387739030422324, "max_depth": 1.5185016210352116, "n_estimators": 16.918787127808912}, "datetime": {"datetime": "2021-09-17 12:18:22", "elapsed": 3941.062662, "delta": 14.567295}}
{"target": -2.758035076919355, "params": {"eta": 0.5502707151286698, "max_depth": 13.520414400532655, "n_estimators": 16.924831663592222}, "datetime": {"datetime": "2021-09-17 12:18:28", "elapsed": 3947.162356, "delta": 6.099694}}
{"target": -3.492765804968382, "params": {"eta": 0.9790461033722726, "max_depth": 8.13230106222161, "n_estimators": 8.81206718834885}, "datetime": {"datetime": "2021-09-17 12:18:40", "elapsed": 3958.728778, "delta": 11.566422}}
{"target": -2.270899096288179, "params": {"eta": 0.25444734468287533, "max_depth": 8.245115999596708, "n_estimators": 16.247943411885494}, "datetime": {"datetime": "2021-09-17 12:18:50", "elapsed": 3969.046749, "delta": 10.317971}}
{"target": -2.7977204310266597, "params": {"eta": 0.5888885650137258, "max_depth": 8.409067938613443, "n_estimators": 6.282522698030386}, "datetime": {"datetime": "2021-09-17 12:18:56", "elapsed": 3974.917441, "delta": 5.870692}}
{"target": -3.2309521097885927, "params": {"eta": 0.775382673580311, "max_depth": 14.970620519346587, "n_estimators": 9.08839237696547}, "datetime": {"datetime": "2021-09-17 12:19:06", "elapsed": 3984.836411, "delta": 9.91897}}
{"target": -2.5868672948134575, "params": {"eta": 0.41642044335416967, "max_depth": 12.252551425078442, "n_estimators": 17.32425237191478}, "datetime": {"datetime": "2021-09-17 12:19:24", "elapsed": 4003.022994, "delta": 18.186583}}
{"target": -3.819568967505506, "params": {"eta": 1.0, "max_depth": 7.957875197595207, "n_estimators": 9.95165738449522}, "datetime": {"datetime": "2021-09-17 12:19:52", "elapsed": 4031.242885, "delta": 28.219891}}
{"target": -2.6170322255084386, "params": {"eta": 0.45233000446870647, "max_depth": 14.63316899150589, "n_estimators": 11.11055097926956}, "datetime": {"datetime": "2021-09-17 12:20:02", "elapsed": 4041.045049, "delta": 9.802164}}
{"target": -10.451344838895295, "params": {"eta": 0.07301153061132479, "max_depth": 9.916872649825924, "n_estimators": 11.854323088840074}, "datetime": {"datetime": "2021-09-17 12:20:21", "elapsed": 4060.258807, "delta": 19.213758}}
{"target": -6.6718530247085965, "params": {"eta": 0.07580272282078679, "max_depth": 8.743406980642336, "n_estimators": 17.856132530044142}, "datetime": {"datetime": "2021-09-17 12:20:27", "elapsed": 4065.981356, "delta": 5.722549}}
{"target": -3.4563948261110404, "params": {"eta": 0.9842628597394801, "max_depth": 13.527900387694896, "n_estimators": 16.624656646322435}, "datetime": {"datetime": "2021-09-17 12:20:38", "elapsed": 4076.601414, "delta": 10.620058}}
{"target": -2.6404513277505575, "params": {"eta": 0.5302941292167805, "max_depth": 5.019799484403139, "n_estimators": 8.735716322773737}, "datetime": {"datetime": "2021-09-17 12:20:50", "elapsed": 4089.068388, "delta": 12.466974}}
{"target": -3.560582715586612, "params": {"eta": 1.0, "max_depth": 5.014485235653078, "n_estimators": 15.830160921844582}, "datetime": {"datetime": "2021-09-17 12:21:06", "elapsed": 4105.201806, "delta": 16.133418}}
{"target": -3.55730136005502, "params": {"eta": 1.0, "max_depth": 9.447356331214035, "n_estimators": 5.830573644518527}, "datetime": {"datetime": "2021-09-17 12:21:15", "elapsed": 4113.444871, "delta": 8.243065}}
{"target": -3.5132125612936527, "params": {"eta": 1.0, "max_depth": 10.874438533646767, "n_estimators": 4.133327101989338}, "datetime": {"datetime": "2021-09-17 12:21:23", "elapsed": 4122.18586, "delta": 8.740989}}
{"target": -2.8490576894659743, "params": {"eta": 0.6386149960872284, "max_depth": 7.860569616541946, "n_estimators": 15.9655315803106}, "datetime": {"datetime": "2021-09-17 12:21:35", "elapsed": 4134.102754, "delta": 11.916894}}
{"target": -3.6917303775486188, "params": {"eta": 1.0, "max_depth": 12.329561100998793, "n_estimators": 15.68449263486964}, "datetime": {"datetime": "2021-09-17 12:21:49", "elapsed": 4147.547536, "delta": 13.444782}}
{"target": -3.3897083050326295, "params": {"eta": 0.9997006651864141, "max_depth": 8.606511006218806, "n_estimators": 13.898568294882315}, "datetime": {"datetime": "2021-09-17 12:21:53", "elapsed": 4152.202409, "delta": 4.654873}}
{"target": -3.8678819675194593, "params": {"eta": 1.0, "max_depth": 6.940236312608189, "n_estimators": 2.867718361710772}, "datetime": {"datetime": "2021-09-17 12:22:17", "elapsed": 4175.920795, "delta": 23.718386}}
{"target": -3.407917363392679, "params": {"eta": 0.9119871972022611, "max_depth": 8.123884606366936, "n_estimators": 7.737860688480734}, "datetime": {"datetime": "2021-09-17 12:22:34", "elapsed": 4192.84114, "delta": 16.920345}}
{"target": -3.2832701156013893, "params": {"eta": 1.0, "max_depth": 1.0, "n_estimators": 15.615418018631315}, "datetime": {"datetime": "2021-09-17 12:22:53", "elapsed": 4211.840062, "delta": 18.998922}}
{"target": -3.986918470734045, "params": {"eta": 0.15684042676375773, "max_depth": 2.9476778246058783, "n_estimators": 13.85002325760802}, "datetime": {"datetime": "2021-09-17 12:22:58", "elapsed": 4216.900506, "delta": 5.060444}}
{"target": -6.222281565791683, "params": {"eta": 0.3850237974674965, "max_depth": 5.204619024917224, "n_estimators": 3.827724342985947}, "datetime": {"datetime": "2021-09-17 12:23:11", "elapsed": 4230.151097, "delta": 13.250591}}
{"target": -2.5991821979221545, "params": {"eta": 0.3852287984178854, "max_depth": 12.298631660460742, "n_estimators": 14.408996671695636}, "datetime": {"datetime": "2021-09-17 12:23:26", "elapsed": 4245.066419, "delta": 14.915322}}
{"target": -19.870251750397056, "params": {"eta": 0.012771739104199212, "max_depth": 12.173444523071625, "n_estimators": 12.169302290531794}, "datetime": {"datetime": "2021-09-17 12:23:42", "elapsed": 4261.085609, "delta": 16.01919}}
{"target": -3.013180269065656, "params": {"eta": 0.6544912967865204, "max_depth": 12.46938969418745, "n_estimators": 12.408685688966777}, "datetime": {"datetime": "2021-09-17 12:23:54", "elapsed": 4273.068448, "delta": 11.982839}}
{"target": -2.722164248165331, "params": {"eta": 0.5411910051751263, "max_depth": 3.0718564650931866, "n_estimators": 17.59756745288014}, "datetime": {"datetime": "2021-09-17 12:24:04", "elapsed": 4282.722356, "delta": 9.653908}}
{"target": -3.56646504778611, "params": {"eta": 1.0, "max_depth": 5.73675175915156, "n_estimators": 3.004196179762186}, "datetime": {"datetime": "2021-09-17 12:24:16", "elapsed": 4294.739673, "delta": 12.017317}}
{"target": -20.928288174616664, "params": {"eta": 0.01, "max_depth": 1.0, "n_estimators": 10.518767547791247}, "datetime": {"datetime": "2021-09-17 12:24:26", "elapsed": 4304.672713, "delta": 9.93304}}
{"target": -3.51640593001717, "params": {"eta": 0.7413998414850775, "max_depth": 1.3631450839238592, "n_estimators": 10.004637747727605}, "datetime": {"datetime": "2021-09-17 12:24:40", "elapsed": 4319.301531, "delta": 14.628818}}
{"target": -2.536757032494796, "params": {"eta": 0.4169493787090954, "max_depth": 13.047743033811114, "n_estimators": 11.978877905677637}, "datetime": {"datetime": "2021-09-17 12:24:50", "elapsed": 4328.798059, "delta": 9.496528}}
{"target": -2.798603518385636, "params": {"eta": 0.5528879713604669, "max_depth": 12.136065423539497, "n_estimators": 9.439990615382646}, "datetime": {"datetime": "2021-09-17 12:25:06", "elapsed": 4344.62038, "delta": 15.822321}}
{"target": -4.637791456046857, "params": {"eta": 0.37016398873792716, "max_depth": 13.739065360942634, "n_estimators": 4.629433088786639}, "datetime": {"datetime": "2021-09-17 12:25:14", "elapsed": 4352.686972, "delta": 8.066592}}
{"target": -3.552077707491423, "params": {"eta": 0.9963940236493162, "max_depth": 5.607428074333991, "n_estimators": 4.936720514268658}, "datetime": {"datetime": "2021-09-17 12:25:22", "elapsed": 4361.0593, "delta": 8.372328}}
{"target": -3.5548173854225555, "params": {"eta": 0.9649579446061041, "max_depth": 6.5945809903008445, "n_estimators": 5.580237217506675}, "datetime": {"datetime": "2021-09-17 12:25:33", "elapsed": 4372.333007, "delta": 11.273707}}
{"target": -3.200333774717231, "params": {"eta": 0.9933332916695492, "max_depth": 6.762779566313472, "n_estimators": 10.153827712623285}, "datetime": {"datetime": "2021-09-17 12:25:49", "elapsed": 4388.136182, "delta": 15.803175}}
{"target": -16.847566786094717, "params": {"eta": 0.06315008669872145, "max_depth": 10.195365671840502, "n_estimators": 5.94994137005187}, "datetime": {"datetime": "2021-09-17 12:26:01", "elapsed": 4399.799128, "delta": 11.662946}}
{"target": -3.6219737730528183, "params": {"eta": 1.0, "max_depth": 11.938134682461651, "n_estimators": 15.171804349357814}, "datetime": {"datetime": "2021-09-17 12:26:10", "elapsed": 4408.9999, "delta": 9.200772}}
{"target": -3.561336413182711, "params": {"eta": 0.9666906827821882, "max_depth": 12.511231851966247, "n_estimators": 3.2239710016051077}, "datetime": {"datetime": "2021-09-17 12:26:15", "elapsed": 4414.238757, "delta": 5.238857}}
{"target": -3.846853765688445, "params": {"eta": 0.9958106083686162, "max_depth": 2.909422812691127, "n_estimators": 4.871366104832061}, "datetime": {"datetime": "2021-09-17 12:26:34", "elapsed": 4432.970504, "delta": 18.731747}}
{"target": -3.8036871307774596, "params": {"eta": 1.0, "max_depth": 13.921171392292946, "n_estimators": 13.550794833417728}, "datetime": {"datetime": "2021-09-17 12:26:50", "elapsed": 4449.417446, "delta": 16.446942}}
{"target": -3.785754749022032, "params": {"eta": 0.9526016335443928, "max_depth": 11.293271184401597, "n_estimators": 5.13434047240624}, "datetime": {"datetime": "2021-09-17 12:27:11", "elapsed": 4469.477577, "delta": 20.060131}}
{"target": -3.7120195969154963, "params": {"eta": 0.9984583775213288, "max_depth": 12.429615328420624, "n_estimators": 3.894457994268117}, "datetime": {"datetime": "2021-09-17 12:27:25", "elapsed": 4483.460263, "delta": 13.982686}}
{"target": -2.91687763239208, "params": {"eta": 0.481178333819854, "max_depth": 3.2992270007472837, "n_estimators": 7.188093541180695}, "datetime": {"datetime": "2021-09-17 12:27:43", "elapsed": 4501.449478, "delta": 17.989215}}
{"target": -3.0316631900636772, "params": {"eta": 0.6050056107813364, "max_depth": 6.390750338366882, "n_estimators": 6.27453249629545}, "datetime": {"datetime": "2021-09-17 12:27:52", "elapsed": 4511.393085, "delta": 9.943607}}
{"target": -3.068785629774395, "params": {"eta": 1.0, "max_depth": 3.302915078522407, "n_estimators": 16.43107562302623}, "datetime": {"datetime": "2021-09-17 12:28:06", "elapsed": 4525.009638, "delta": 13.616553}}
{"target": -2.4976591750195154, "params": {"eta": 0.2718157736845175, "max_depth": 10.027647398164444, "n_estimators": 14.453853289590752}, "datetime": {"datetime": "2021-09-17 12:28:15", "elapsed": 4533.57654, "delta": 8.566902}}
{"target": -3.132683934663471, "params": {"eta": 0.5495032835047879, "max_depth": 7.242449325904554, "n_estimators": 4.940229599787839}, "datetime": {"datetime": "2021-09-17 12:28:24", "elapsed": 4543.286436, "delta": 9.709896}}
{"target": -21.89820561236457, "params": {"eta": 0.012825309722462768, "max_depth": 10.816624818999871, "n_estimators": 4.688638657079503}, "datetime": {"datetime": "2021-09-17 12:28:43", "elapsed": 4561.592839, "delta": 18.306403}}
{"target": -3.3148906914811382, "params": {"eta": 0.7540578924168475, "max_depth": 10.195355070603227, "n_estimators": 5.2006717848562545}, "datetime": {"datetime": "2021-09-17 12:28:57", "elapsed": 4576.014557, "delta": 14.421718}}
{"target": -4.173760456160495, "params": {"eta": 0.9992009879658652, "max_depth": 12.318215161950727, "n_estimators": 1.0778969232234132}, "datetime": {"datetime": "2021-09-17 12:29:18", "elapsed": 4596.764531, "delta": 20.749974}}
{"target": -3.7195203028227146, "params": {"eta": 1.0, "max_depth": 12.866164146280635, "n_estimators": 5.0028741357080335}, "datetime": {"datetime": "2021-09-17 12:29:30", "elapsed": 4609.299532, "delta": 12.535001}}
{"target": -4.172438560034099, "params": {"eta": 1.0, "max_depth": 12.294509443684058, "n_estimators": 1.8606547969134706}, "datetime": {"datetime": "2021-09-17 12:29:47", "elapsed": 4626.334359, "delta": 17.034827}}
{"target": -12.50566826117666, "params": {"eta": 0.04979581598457032, "max_depth": 1.5457781467771479, "n_estimators": 13.239034856739037}, "datetime": {"datetime": "2021-09-17 12:30:04", "elapsed": 4642.581059, "delta": 16.2467}}
{"target": -3.6484394829524187, "params": {"eta": 1.0, "max_depth": 13.159567993246675, "n_estimators": 2.902168622572095}, "datetime": {"datetime": "2021-09-17 12:30:14", "elapsed": 4652.716317, "delta": 10.135258}}
{"target": -3.1226439538754915, "params": {"eta": 0.490935543984879, "max_depth": 3.239517753852578, "n_estimators": 5.428909489026716}, "datetime": {"datetime": "2021-09-17 12:30:23", "elapsed": 4661.466441, "delta": 8.750124}}
{"target": -3.558680451229999, "params": {"eta": 1.0, "max_depth": 5.81254092039078, "n_estimators": 12.36096959121522}, "datetime": {"datetime": "2021-09-17 12:30:37", "elapsed": 4675.86962, "delta": 14.403179}}
{"target": -3.603432207358511, "params": {"eta": 0.9951903206810849, "max_depth": 14.230028944543099, "n_estimators": 7.7437269680786915}, "datetime": {"datetime": "2021-09-17 12:30:48", "elapsed": 4686.813624, "delta": 10.944004}}
{"target": -12.814682589079206, "params": {"eta": 0.04268270970097925, "max_depth": 4.269561235758886, "n_estimators": 14.855356041514}, "datetime": {"datetime": "2021-09-17 12:31:11", "elapsed": 4709.985571, "delta": 23.171947}}
{"target": -3.166064681504902, "params": {"eta": 0.7681195308711498, "max_depth": 11.040508954336978, "n_estimators": 11.936063453198523}, "datetime": {"datetime": "2021-09-17 12:31:17", "elapsed": 4715.789155, "delta": 5.803584}}
{"target": -20.707638964370677, "params": {"eta": 0.01, "max_depth": 15.0, "n_estimators": 11.026040017419481}, "datetime": {"datetime": "2021-09-17 12:31:37", "elapsed": 4735.518266, "delta": 19.729111}}
{"target": -16.373500101189865, "params": {"eta": 0.035035282441551796, "max_depth": 8.975004954309163, "n_estimators": 10.94681059230129}, "datetime": {"datetime": "2021-09-17 12:31:43", "elapsed": 4741.587312, "delta": 6.069046}}
{"target": -2.8576926112174985, "params": {"eta": 0.6696793889132978, "max_depth": 13.286056319680496, "n_estimators": 13.51400030675359}, "datetime": {"datetime": "2021-09-17 12:32:05", "elapsed": 4763.775907, "delta": 22.188595}}
{"target": -3.537036070384477, "params": {"eta": 1.0, "max_depth": 10.76872748733367, "n_estimators": 12.48767925478516}, "datetime": {"datetime": "2021-09-17 12:32:16", "elapsed": 4774.617737, "delta": 10.84183}}
{"target": -3.2696726811559578, "params": {"eta": 0.8247279295066084, "max_depth": 14.484902707006329, "n_estimators": 11.191585295444854}, "datetime": {"datetime": "2021-09-17 12:32:25", "elapsed": 4784.306814, "delta": 9.689077}}
