{"target": -11.199828871163021, "params": {"eta": 0.1016152983708313, "max_depth": 7.059856928410971, "n_estimators": 440.99516554434405}, "datetime": {"datetime": "2021-09-27 20:22:13", "elapsed": 43.507241, "delta": 1.620157}}
{"target": -11.019230703311752, "params": {"eta": 0.11230385409449492, "max_depth": 5.50149974108494, "n_estimators": 469.50728897634144}, "datetime": {"datetime": "2021-09-27 20:22:14", "elapsed": 44.907884, "delta": 1.400643}}
{"target": -11.187775057168992, "params": {"eta": 0.1482192456019424, "max_depth": 7.930995770238121, "n_estimators": 453.53779345456326}, "datetime": {"datetime": "2021-09-27 20:22:15", "elapsed": 46.080485, "delta": 1.172601}}
{"target": -12.354438441457848, "params": {"eta": 0.09644057060487574, "max_depth": 2.4571909432410166, "n_estimators": 436.9646078211032}, "datetime": {"datetime": "2021-09-27 20:22:16", "elapsed": 46.760485, "delta": 0.68}}
{"target": -12.086968546518392, "params": {"eta": 0.24661202314558367, "max_depth": 3.5477800400723467, "n_estimators": 407.57659151819945}, "datetime": {"datetime": "2021-09-27 20:22:17", "elapsed": 47.504753, "delta": 0.744268}}
{"target": -12.3260979662415, "params": {"eta": 0.06897737598749876, "max_depth": 2.93470565529156, "n_estimators": 450.1763935337608}, "datetime": {"datetime": "2021-09-27 20:22:17", "elapsed": 48.141753, "delta": 0.637}}
{"target": -12.237116953977708, "params": {"eta": 0.28421219429869715, "max_depth": 8.613041140846786, "n_estimators": 478.93799199129666}, "datetime": {"datetime": "2021-09-27 20:22:18", "elapsed": 49.119279, "delta": 0.977526}}
{"target": -11.45822971215336, "params": {"eta": 0.139144633455195, "max_depth": 4.829786162112371, "n_estimators": 488.00367257004064}, "datetime": {"datetime": "2021-09-27 20:22:19", "elapsed": 50.158705, "delta": 1.039426}}
{"target": -12.103849863548625, "params": {"eta": 0.3932815049069381, "max_depth": 5.745924360837169, "n_estimators": 419.60003775038473}, "datetime": {"datetime": "2021-09-27 20:22:20", "elapsed": 50.930701, "delta": 0.771996}}
{"target": -13.552289085879815, "params": {"eta": 0.4252467818294779, "max_depth": 2.9922184688940625, "n_estimators": 403.6198264345366}, "datetime": {"datetime": "2021-09-27 20:22:21", "elapsed": 51.642259, "delta": 0.711558}}
{"target": -11.537340971376812, "params": {"eta": 0.2726319527506242, "max_depth": 8.82601389410178, "n_estimators": 403.90900493526647}, "datetime": {"datetime": "2021-09-27 20:22:22", "elapsed": 52.552261, "delta": 0.910002}}
{"target": -11.393457386459254, "params": {"eta": 0.16462715481271312, "max_depth": 8.763920829360803, "n_estimators": 413.0656811889874}, "datetime": {"datetime": "2021-09-27 20:22:23", "elapsed": 53.486257, "delta": 0.933996}}
{"target": -12.390336436543349, "params": {"eta": 0.3896162767712969, "max_depth": 3.8910122338911615, "n_estimators": 487.5190505780999}, "datetime": {"datetime": "2021-09-27 20:22:23", "elapsed": 54.298962, "delta": 0.812705}}
{"target": -11.309411263093546, "params": {"eta": 0.05698761703321778, "max_depth": 8.204916352757806, "n_estimators": 492.1137913999047}, "datetime": {"datetime": "2021-09-27 20:22:25", "elapsed": 56.294923, "delta": 1.995961}}
{"target": -11.281831853838948, "params": {"eta": 0.4148913741933745, "max_depth": 7.977968527097804, "n_estimators": 488.9528997346308}, "datetime": {"datetime": "2021-09-27 20:22:26", "elapsed": 57.047922, "delta": 0.752999}}
{"target": -11.58955939802669, "params": {"eta": 0.3183795085383528, "max_depth": 5.727121104774864, "n_estimators": 498.8669574077634}, "datetime": {"datetime": "2021-09-27 20:22:27", "elapsed": 57.898149, "delta": 0.850227}}
{"target": -11.931346771807547, "params": {"eta": 0.17090498710791002, "max_depth": 7.3053277241081505, "n_estimators": 440.9732622842621}, "datetime": {"datetime": "2021-09-27 20:22:28", "elapsed": 58.91668, "delta": 1.018531}}
{"target": -11.327725812507534, "params": {"eta": 0.08758105001156605, "max_depth": 3.618149400800454, "n_estimators": 429.7822788392116}, "datetime": {"datetime": "2021-09-27 20:22:29", "elapsed": 59.681532, "delta": 0.764852}}
{"target": -11.057408617642606, "params": {"eta": 0.07996719074591695, "max_depth": 6.068933296206307, "n_estimators": 410.82188621176317}, "datetime": {"datetime": "2021-09-27 20:22:30", "elapsed": 61.01053, "delta": 1.328998}}
{"target": -11.872692699678023, "params": {"eta": 0.21148848142804566, "max_depth": 3.0581437801494227, "n_estimators": 444.4032256996852}, "datetime": {"datetime": "2021-09-27 20:22:31", "elapsed": 61.82153, "delta": 0.811}}
{"target": -11.686794568726889, "params": {"eta": 0.3448900016720542, "max_depth": 3.994430843341373, "n_estimators": 464.2850488483595}, "datetime": {"datetime": "2021-09-27 20:22:32", "elapsed": 62.845531, "delta": 1.024001}}
{"target": -12.698321443906574, "params": {"eta": 0.4963836279655678, "max_depth": 8.862306452557007, "n_estimators": 490.4682136791482}, "datetime": {"datetime": "2021-09-27 20:22:33", "elapsed": 63.696295, "delta": 0.850764}}
{"target": -12.13629502368111, "params": {"eta": 0.25483907401166295, "max_depth": 6.068492396826825, "n_estimators": 424.25553582447105}, "datetime": {"datetime": "2021-09-27 20:22:34", "elapsed": 64.874965, "delta": 1.17867}}
{"target": -11.118538022953587, "params": {"eta": 0.06899176225379705, "max_depth": 7.261123436620859, "n_estimators": 499.1170044657159}, "datetime": {"datetime": "2021-09-27 20:22:36", "elapsed": 67.169496, "delta": 2.294531}}
{"target": -12.308978498781169, "params": {"eta": 0.07640812585047249, "max_depth": 2.108800876963537, "n_estimators": 486.6259962345905}, "datetime": {"datetime": "2021-09-27 20:22:37", "elapsed": 68.189591, "delta": 1.020095}}
{"target": -11.372770708671984, "params": {"eta": 0.09888779309644893, "max_depth": 8.523301224136961, "n_estimators": 497.46295936787624}, "datetime": {"datetime": "2021-09-27 20:22:39", "elapsed": 70.019808, "delta": 1.830217}}
{"target": -11.889243594362375, "params": {"eta": 0.44228615082258604, "max_depth": 3.4287613756239246, "n_estimators": 441.8786201895273}, "datetime": {"datetime": "2021-09-27 20:22:40", "elapsed": 71.301811, "delta": 1.282003}}
{"target": -11.32072111530765, "params": {"eta": 0.08236046952232709, "max_depth": 3.2488579529453805, "n_estimators": 467.7482821898441}, "datetime": {"datetime": "2021-09-27 20:22:42", "elapsed": 72.416228, "delta": 1.114417}}
{"target": -12.290222725726489, "params": {"eta": 0.3323486320962066, "max_depth": 4.335521567863881, "n_estimators": 458.387798108437}, "datetime": {"datetime": "2021-09-27 20:22:43", "elapsed": 73.558233, "delta": 1.142005}}
{"target": -12.375757548421225, "params": {"eta": 0.3053984722916551, "max_depth": 4.202602993563996, "n_estimators": 451.2441120011737}, "datetime": {"datetime": "2021-09-27 20:22:44", "elapsed": 74.701243, "delta": 1.14301}}
{"target": -13.98124595605251, "params": {"eta": 0.47864049409100684, "max_depth": 3.988674241935245, "n_estimators": 405.46292060444523}, "datetime": {"datetime": "2021-09-27 20:22:45", "elapsed": 75.813242, "delta": 1.111999}}
{"target": -11.604553706316944, "params": {"eta": 0.16578580005931765, "max_depth": 7.932057484794483, "n_estimators": 466.1021507858586}, "datetime": {"datetime": "2021-09-27 20:22:46", "elapsed": 77.143258, "delta": 1.330016}}
{"target": -10.865647146248303, "params": {"eta": 0.05765474576484242, "max_depth": 4.3465784404234284, "n_estimators": 431.1599745135001}, "datetime": {"datetime": "2021-09-27 20:22:47", "elapsed": 78.200528, "delta": 1.05727}}
{"target": -10.928002240370079, "params": {"eta": 0.08881166302458046, "max_depth": 6.377647071875134, "n_estimators": 414.5031499865247}, "datetime": {"datetime": "2021-09-27 20:22:49", "elapsed": 79.511678, "delta": 1.31115}}
{"target": -11.370063943549418, "params": {"eta": 0.19824999262660375, "max_depth": 7.706756235203827, "n_estimators": 468.0931845743713}, "datetime": {"datetime": "2021-09-27 20:22:50", "elapsed": 80.549035, "delta": 1.037357}}
{"target": -13.47436775817877, "params": {"eta": 0.4900850899313632, "max_depth": 3.2097655894813517, "n_estimators": 411.9546059921789}, "datetime": {"datetime": "2021-09-27 20:22:51", "elapsed": 81.473031, "delta": 0.923996}}
{"target": -12.383354900232439, "params": {"eta": 0.23275805410826444, "max_depth": 2.797316439588058, "n_estimators": 417.5950136853387}, "datetime": {"datetime": "2021-09-27 20:22:51", "elapsed": 82.326745, "delta": 0.853714}}
{"target": -11.930775499992382, "params": {"eta": 0.1330978013119214, "max_depth": 9.170979440463787, "n_estimators": 452.18193199944915}, "datetime": {"datetime": "2021-09-27 20:22:53", "elapsed": 83.589749, "delta": 1.263004}}
{"target": -11.544770006900071, "params": {"eta": 0.14779787208064776, "max_depth": 4.253890582300338, "n_estimators": 429.0466565575222}, "datetime": {"datetime": "2021-09-27 20:22:54", "elapsed": 84.673665, "delta": 1.083916}}
{"target": -12.318963091521484, "params": {"eta": 0.11899288404248841, "max_depth": 2.121700758738675, "n_estimators": 495.9859710975768}, "datetime": {"datetime": "2021-09-27 20:22:55", "elapsed": 85.476666, "delta": 0.803001}}
{"target": -11.537912326019365, "params": {"eta": 0.27757510909043565, "max_depth": 9.919590431803073, "n_estimators": 440.2447957390144}, "datetime": {"datetime": "2021-09-27 20:22:56", "elapsed": 86.3859, "delta": 0.909234}}
{"target": -12.570790093416026, "params": {"eta": 0.4200037050252134, "max_depth": 5.812597893760791, "n_estimators": 472.6452331771041}, "datetime": {"datetime": "2021-09-27 20:22:56", "elapsed": 87.2769, "delta": 0.891}}
{"target": -11.879288334405125, "params": {"eta": 0.2562520323290646, "max_depth": 9.754252706471352, "n_estimators": 456.9044065649599}, "datetime": {"datetime": "2021-09-27 20:22:57", "elapsed": 88.222035, "delta": 0.945135}}
{"target": -12.115149800908744, "params": {"eta": 0.22694137075921111, "max_depth": 7.465687175093035, "n_estimators": 413.8194998977745}, "datetime": {"datetime": "2021-09-27 20:22:58", "elapsed": 89.177095, "delta": 0.95506}}
{"target": -11.252380436252292, "params": {"eta": 0.11051042688642285, "max_depth": 9.509100740557589, "n_estimators": 400.94712321935094}, "datetime": {"datetime": "2021-09-27 20:23:00", "elapsed": 90.466034, "delta": 1.288939}}
{"target": -11.43027485153382, "params": {"eta": 0.19311743072483017, "max_depth": 8.448718750084643, "n_estimators": 462.74967675108394}, "datetime": {"datetime": "2021-09-27 20:23:01", "elapsed": 91.629035, "delta": 1.163001}}
{"target": -11.431448684355509, "params": {"eta": 0.12954818866020146, "max_depth": 3.6737069298529406, "n_estimators": 453.0600427744079}, "datetime": {"datetime": "2021-09-27 20:23:02", "elapsed": 92.584679, "delta": 0.955644}}
{"target": -13.306458887040378, "params": {"eta": 0.4214358342643002, "max_depth": 2.9591350879821023, "n_estimators": 455.83088563370626}, "datetime": {"datetime": "2021-09-27 20:23:03", "elapsed": 93.810828, "delta": 1.226149}}
{"target": -12.101533619461682, "params": {"eta": 0.3695790584229438, "max_depth": 5.650395495075342, "n_estimators": 491.57170672785594}, "datetime": {"datetime": "2021-09-27 20:23:04", "elapsed": 95.111828, "delta": 1.301}}
{"target": -11.395026519949052, "params": {"eta": 0.28012460135060274, "max_depth": 7.686051102004917, "n_estimators": 493.30380931949185}, "datetime": {"datetime": "2021-09-27 20:23:05", "elapsed": 96.050114, "delta": 0.938286}}
{"target": -11.838581111237936, "params": {"eta": 0.3180842946717024, "max_depth": 9.603315170340576, "n_estimators": 459.41117288783846}, "datetime": {"datetime": "2021-09-27 20:23:06", "elapsed": 97.000148, "delta": 0.950034}}
{"target": -11.070988822174192, "params": {"eta": 0.4239929314567171, "max_depth": 8.722640474716858, "n_estimators": 453.7488967560313}, "datetime": {"datetime": "2021-09-27 20:23:07", "elapsed": 97.887448, "delta": 0.8873}}
{"target": -11.077316481894927, "params": {"eta": 0.06358294963807352, "max_depth": 3.9426285371710454, "n_estimators": 411.21913010997605}, "datetime": {"datetime": "2021-09-27 20:23:08", "elapsed": 98.866511, "delta": 0.979063}}
{"target": -11.98901685412596, "params": {"eta": 0.4066799219375127, "max_depth": 3.12722501610505, "n_estimators": 479.22616007393907}, "datetime": {"datetime": "2021-09-27 20:23:09", "elapsed": 100.038207, "delta": 1.171696}}
{"target": -11.643928195899862, "params": {"eta": 0.3534545809028246, "max_depth": 7.905600840990002, "n_estimators": 439.8153659466974}, "datetime": {"datetime": "2021-09-27 20:23:10", "elapsed": 101.089207, "delta": 1.051}}
{"target": -13.003835388159452, "params": {"eta": 0.2255048295053957, "max_depth": 2.28232265975847, "n_estimators": 415.48503263479546}, "datetime": {"datetime": "2021-09-27 20:23:11", "elapsed": 101.970208, "delta": 0.881001}}
{"target": -12.477393799407006, "params": {"eta": 0.06143861986241734, "max_depth": 2.28890449505832, "n_estimators": 402.9824931875808}, "datetime": {"datetime": "2021-09-27 20:23:12", "elapsed": 102.803208, "delta": 0.833}}
{"target": -11.73482985268642, "params": {"eta": 0.2258587956039334, "max_depth": 3.4777779582256407, "n_estimators": 408.36555473840326}, "datetime": {"datetime": "2021-09-27 20:23:13", "elapsed": 103.835907, "delta": 1.032699}}
{"target": -12.127782313743115, "params": {"eta": 0.2649279178240789, "max_depth": 3.687484556766943, "n_estimators": 481.5585213981217}, "datetime": {"datetime": "2021-09-27 20:23:14", "elapsed": 104.953533, "delta": 1.117626}}
{"target": -12.048595712634876, "params": {"eta": 0.4051832515003394, "max_depth": 7.7292854539449305, "n_estimators": 488.52411483401715}, "datetime": {"datetime": "2021-09-27 20:23:15", "elapsed": 106.031084, "delta": 1.077551}}
{"target": -11.075551039729044, "params": {"eta": 0.11826613033891545, "max_depth": 9.55170809990217, "n_estimators": 453.42567217871954}, "datetime": {"datetime": "2021-09-27 20:23:17", "elapsed": 107.594086, "delta": 1.563002}}
{"target": -11.496939671933882, "params": {"eta": 0.2678486634384031, "max_depth": 5.323683648759169, "n_estimators": 478.07806307484833}, "datetime": {"datetime": "2021-09-27 20:23:18", "elapsed": 108.901489, "delta": 1.307403}}
{"target": -12.21660161129136, "params": {"eta": 0.4510071265801787, "max_depth": 8.555468390345549, "n_estimators": 436.770274597724}, "datetime": {"datetime": "2021-09-27 20:23:19", "elapsed": 110.056461, "delta": 1.154972}}
{"target": -11.754608326970722, "params": {"eta": 0.1752545372775653, "max_depth": 8.249390330657198, "n_estimators": 450.8535439103022}, "datetime": {"datetime": "2021-09-27 20:23:20", "elapsed": 111.301462, "delta": 1.245001}}
{"target": -12.741766430413564, "params": {"eta": 0.33759727774392184, "max_depth": 2.7931203091595354, "n_estimators": 414.349965325684}, "datetime": {"datetime": "2021-09-27 20:23:21", "elapsed": 112.301489, "delta": 1.000027}}
{"target": -12.043029135089093, "params": {"eta": 0.34795836605116026, "max_depth": 8.897035628621929, "n_estimators": 454.50872796711263}, "datetime": {"datetime": "2021-09-27 20:23:23", "elapsed": 113.346493, "delta": 1.045004}}
{"target": -12.559621886587866, "params": {"eta": 0.4170332107538076, "max_depth": 5.434081517142049, "n_estimators": 487.8469219484036}, "datetime": {"datetime": "2021-09-27 20:23:23", "elapsed": 114.324341, "delta": 0.977848}}
{"target": -12.240611597264088, "params": {"eta": 0.22935685806500505, "max_depth": 7.247916152727199, "n_estimators": 428.418410709447}, "datetime": {"datetime": "2021-09-27 20:23:25", "elapsed": 115.613338, "delta": 1.288997}}
{"target": -11.42930022731768, "params": {"eta": 0.07824178587206963, "max_depth": 8.940930850353368, "n_estimators": 431.9624929734294}, "datetime": {"datetime": "2021-09-27 20:23:27", "elapsed": 117.899636, "delta": 2.286298}}
{"target": -11.904803226150399, "params": {"eta": 0.23282185245777254, "max_depth": 6.187211530194945, "n_estimators": 495.1639239711651}, "datetime": {"datetime": "2021-09-27 20:23:29", "elapsed": 119.608414, "delta": 1.708778}}
{"target": -12.468945108258604, "params": {"eta": 0.42696983556487533, "max_depth": 4.591371229423674, "n_estimators": 461.1243015461622}, "datetime": {"datetime": "2021-09-27 20:23:30", "elapsed": 120.709615, "delta": 1.101201}}
{"target": -12.309195819573192, "params": {"eta": 0.18272897737359622, "max_depth": 2.0680453319043446, "n_estimators": 415.57551443383056}, "datetime": {"datetime": "2021-09-27 20:23:31", "elapsed": 121.501616, "delta": 0.792001}}
{"target": -12.751181077428765, "params": {"eta": 0.45513958170133834, "max_depth": 8.519193156853039, "n_estimators": 466.91064581434466}, "datetime": {"datetime": "2021-09-27 20:23:32", "elapsed": 122.487742, "delta": 0.986126}}
{"target": -11.269164294525154, "params": {"eta": 0.07533395401696098, "max_depth": 7.386772277171232, "n_estimators": 486.7903601915452}, "datetime": {"datetime": "2021-09-27 20:23:34", "elapsed": 124.425362, "delta": 1.93762}}
{"target": -11.281981725440266, "params": {"eta": 0.0847803503556171, "max_depth": 8.75001634846835, "n_estimators": 488.1745852534324}, "datetime": {"datetime": "2021-09-27 20:23:36", "elapsed": 126.485899, "delta": 2.060537}}
{"target": -11.707071774568867, "params": {"eta": 0.4183273669478185, "max_depth": 8.936491325603516, "n_estimators": 495.11436458554726}, "datetime": {"datetime": "2021-09-27 20:23:37", "elapsed": 127.737896, "delta": 1.251997}}
{"target": -12.013917555978551, "params": {"eta": 0.3598114343564121, "max_depth": 6.648783587068049, "n_estimators": 440.67135713049106}, "datetime": {"datetime": "2021-09-27 20:23:38", "elapsed": 128.930088, "delta": 1.192192}}
{"target": -13.380710808702185, "params": {"eta": 0.4789951784639739, "max_depth": 4.714144747895186, "n_estimators": 421.58549209514103}, "datetime": {"datetime": "2021-09-27 20:23:39", "elapsed": 129.953863, "delta": 1.023775}}
{"target": -11.579985766840368, "params": {"eta": 0.22501210545662842, "max_depth": 5.827696113805389, "n_estimators": 415.9698026860405}, "datetime": {"datetime": "2021-09-27 20:23:40", "elapsed": 131.331862, "delta": 1.377999}}
{"target": -12.271323360854778, "params": {"eta": 0.4004682239541262, "max_depth": 9.560844951117456, "n_estimators": 466.9201896381617}, "datetime": {"datetime": "2021-09-27 20:23:42", "elapsed": 132.438657, "delta": 1.106795}}
{"target": -13.233004332410905, "params": {"eta": 0.34040156222300955, "max_depth": 3.636635174732147, "n_estimators": 465.85273647711523}, "datetime": {"datetime": "2021-09-27 20:23:43", "elapsed": 133.560659, "delta": 1.122002}}
{"target": -13.549620330521764, "params": {"eta": 0.46578428390074267, "max_depth": 2.175822685527673, "n_estimators": 414.56648286768825}, "datetime": {"datetime": "2021-09-27 20:23:44", "elapsed": 134.349143, "delta": 0.788484}}
{"target": -11.519963097003497, "params": {"eta": 0.12925925457594445, "max_depth": 3.565221703473277, "n_estimators": 413.83054057778634}, "datetime": {"datetime": "2021-09-27 20:23:45", "elapsed": 135.381145, "delta": 1.032002}}
{"target": -14.077461669820995, "params": {"eta": 0.4568918749736544, "max_depth": 2.4296383457440855, "n_estimators": 413.38806396644344}, "datetime": {"datetime": "2021-09-27 20:23:46", "elapsed": 136.55766, "delta": 1.176515}}
{"target": -12.489317386945526, "params": {"eta": 0.3724456779590846, "max_depth": 6.520952538574857, "n_estimators": 486.70140841507776}, "datetime": {"datetime": "2021-09-27 20:23:48", "elapsed": 138.591878, "delta": 2.034218}}
{"target": -13.032476429936416, "params": {"eta": 0.47419685908560133, "max_depth": 6.188417457131601, "n_estimators": 468.12249416281406}, "datetime": {"datetime": "2021-09-27 20:23:49", "elapsed": 140.319076, "delta": 1.727198}}
{"target": -12.377814615814687, "params": {"eta": 0.3524139900961202, "max_depth": 3.6170041552626904, "n_estimators": 474.89133909181817}, "datetime": {"datetime": "2021-09-27 20:23:51", "elapsed": 141.72457, "delta": 1.405494}}
{"target": -13.044537257156497, "params": {"eta": 0.4962247570401585, "max_depth": 5.209038697151744, "n_estimators": 461.89023784963166}, "datetime": {"datetime": "2021-09-27 20:23:52", "elapsed": 143.320766, "delta": 1.596196}}
{"target": -12.363887728076454, "params": {"eta": 0.3051411648808925, "max_depth": 4.405872353216681, "n_estimators": 444.18918433463966}, "datetime": {"datetime": "2021-09-27 20:23:54", "elapsed": 144.729531, "delta": 1.408765}}
{"target": -11.744244017561618, "params": {"eta": 0.19346122041737845, "max_depth": 8.396091049904813, "n_estimators": 468.72973222553065}, "datetime": {"datetime": "2021-09-27 20:23:56", "elapsed": 146.341533, "delta": 1.612002}}
{"target": -11.415306026685029, "params": {"eta": 0.15917933871983256, "max_depth": 9.0883806834864, "n_estimators": 432.86533394538935}, "datetime": {"datetime": "2021-09-27 20:23:57", "elapsed": 147.731079, "delta": 1.389546}}
{"target": -12.024453247929658, "params": {"eta": 0.3691365801077229, "max_depth": 3.284262776167142, "n_estimators": 492.6896478887419}, "datetime": {"datetime": "2021-09-27 20:23:58", "elapsed": 148.955159, "delta": 1.22408}}
{"target": -13.476331679351572, "params": {"eta": 0.4160561223191514, "max_depth": 2.714271594229359, "n_estimators": 420.51530635597385}, "datetime": {"datetime": "2021-09-27 20:23:59", "elapsed": 149.927828, "delta": 0.972669}}
{"target": -11.807964062965107, "params": {"eta": 0.2747138855497152, "max_depth": 3.2849166729282873, "n_estimators": 413.6760444455915}, "datetime": {"datetime": "2021-09-27 20:24:00", "elapsed": 150.963985, "delta": 1.036157}}
{"target": -13.004439694496984, "params": {"eta": 0.49038071003323586, "max_depth": 6.9359585388624225, "n_estimators": 409.04591269134534}, "datetime": {"datetime": "2021-09-27 20:24:01", "elapsed": 151.939993, "delta": 0.976008}}
{"target": -10.905015808215186, "params": {"eta": 0.06821447545546562, "max_depth": 6.261936867524405, "n_estimators": 443.9016893444783}, "datetime": {"datetime": "2021-09-27 20:24:03", "elapsed": 153.620986, "delta": 1.680993}}
