{"target": -10.94574954293644, "params": {"eta": 0.07371196962780541, "max_depth": 5.886205713124738, "n_estimators": 189.2180309732273}, "datetime": {"datetime": "2021-09-27 19:13:17", "elapsed": 68.183914, "delta": 0.70623}}
{"target": -11.702508452347164, "params": {"eta": 0.17182917833263578, "max_depth": 6.047482050609476, "n_estimators": 107.56383744678133}, "datetime": {"datetime": "2021-09-27 19:13:17", "elapsed": 68.945911, "delta": 0.761997}}
{"target": -12.032344622980542, "params": {"eta": 0.30024727642313953, "max_depth": 6.041566129468768, "n_estimators": 177.9449902629578}, "datetime": {"datetime": "2021-09-27 19:13:18", "elapsed": 69.739956, "delta": 0.794045}}
{"target": -11.907237368992622, "params": {"eta": 0.18104719048635393, "max_depth": 3.04062521202175, "n_estimators": 182.98395197031687}, "datetime": {"datetime": "2021-09-27 19:13:19", "elapsed": 70.452297, "delta": 0.712341}}
{"target": -11.209430737102151, "params": {"eta": 0.15430416142452677, "max_depth": 6.596926766729801, "n_estimators": 110.22237233380208}, "datetime": {"datetime": "2021-09-27 19:13:20", "elapsed": 71.178298, "delta": 0.726001}}
{"target": -12.873807290248426, "params": {"eta": 0.4955562641548159, "max_depth": 9.448985242714263, "n_estimators": 114.11917565628919}, "datetime": {"datetime": "2021-09-27 19:13:20", "elapsed": 71.815299, "delta": 0.637001}}
{"target": -11.112535833618779, "params": {"eta": 0.1830883986195754, "max_depth": 6.647779170249737, "n_estimators": 110.0354798834012}, "datetime": {"datetime": "2021-09-27 19:13:21", "elapsed": 72.627254, "delta": 0.811955}}
{"target": -11.382550943119577, "params": {"eta": 0.09760885105851125, "max_depth": 6.585455877896866, "n_estimators": 110.08801059419761}, "datetime": {"datetime": "2021-09-27 19:13:22", "elapsed": 73.457251, "delta": 0.829997}}
{"target": -11.457829311997596, "params": {"eta": 0.18822142129751074, "max_depth": 5.793209912868064, "n_estimators": 189.30413879064923}, "datetime": {"datetime": "2021-09-27 19:13:23", "elapsed": 74.417467, "delta": 0.960216}}
{"target": -11.11500165658371, "params": {"eta": 0.13783103598492047, "max_depth": 5.821737655226515, "n_estimators": 110.21946103087016}, "datetime": {"datetime": "2021-09-27 19:13:24", "elapsed": 75.222107, "delta": 0.80464}}
{"target": -11.106920970587217, "params": {"eta": 0.13188368648472182, "max_depth": 6.925503154336404, "n_estimators": 100.4086359157463}, "datetime": {"datetime": "2021-09-27 19:13:24", "elapsed": 75.90911, "delta": 0.687003}}
{"target": -11.07034438325246, "params": {"eta": 0.1423880723763244, "max_depth": 6.027801339555576, "n_estimators": 109.73284838881662}, "datetime": {"datetime": "2021-09-27 19:13:25", "elapsed": 76.769521, "delta": 0.860411}}
{"target": -11.933721076362106, "params": {"eta": 0.3030013555126136, "max_depth": 6.7601054912091465, "n_estimators": 110.15130092135776}, "datetime": {"datetime": "2021-09-27 19:13:26", "elapsed": 77.672523, "delta": 0.903002}}
{"target": -11.250611056421482, "params": {"eta": 0.06382123293467172, "max_depth": 6.107048302876778, "n_estimators": 107.40808691492713}, "datetime": {"datetime": "2021-09-27 19:13:27", "elapsed": 78.576328, "delta": 0.903805}}
{"target": -11.327450978197652, "params": {"eta": 0.15465931931463148, "max_depth": 6.131817695039276, "n_estimators": 109.70312255798032}, "datetime": {"datetime": "2021-09-27 19:13:28", "elapsed": 79.352385, "delta": 0.776057}}
{"target": -11.962437875234295, "params": {"eta": 0.2143163127761208, "max_depth": 6.5451139635262425, "n_estimators": 109.80368652622431}, "datetime": {"datetime": "2021-09-27 19:13:29", "elapsed": 80.225365, "delta": 0.87298}}
{"target": -11.194719272278563, "params": {"eta": 0.1824026281314745, "max_depth": 6.188502090782108, "n_estimators": 109.75538910510143}, "datetime": {"datetime": "2021-09-27 19:13:29", "elapsed": 80.941363, "delta": 0.715998}}
{"target": -11.114744772480785, "params": {"eta": 0.18372158610779593, "max_depth": 6.430898822139269, "n_estimators": 110.03875556493063}, "datetime": {"datetime": "2021-09-27 19:13:30", "elapsed": 81.781365, "delta": 0.840002}}
{"target": -11.95398164778871, "params": {"eta": 0.20717542879785517, "max_depth": 6.7131713620998115, "n_estimators": 110.0173526114473}, "datetime": {"datetime": "2021-09-27 19:13:31", "elapsed": 82.474072, "delta": 0.692707}}
{"target": -11.221599657674853, "params": {"eta": 0.06361420534405128, "max_depth": 5.98356485170342, "n_estimators": 110.23822280218721}, "datetime": {"datetime": "2021-09-27 19:13:32", "elapsed": 83.245068, "delta": 0.770996}}
{"target": -12.196874635677652, "params": {"eta": 0.23917602912000135, "max_depth": 6.04538987513339, "n_estimators": 109.93046197005765}, "datetime": {"datetime": "2021-09-27 19:13:33", "elapsed": 84.062828, "delta": 0.81776}}
{"target": -12.586845910024245, "params": {"eta": 0.485833972314148, "max_depth": 11.786611541545195, "n_estimators": 101.64476288642987}, "datetime": {"datetime": "2021-09-27 19:13:33", "elapsed": 84.79783, "delta": 0.735002}}
{"target": -11.039478491743248, "params": {"eta": 0.16105080642851247, "max_depth": 6.93951978438954, "n_estimators": 138.07843747429607}, "datetime": {"datetime": "2021-09-27 19:13:34", "elapsed": 85.622455, "delta": 0.824625}}
{"target": -11.876130728846597, "params": {"eta": 0.08732259762877143, "max_depth": 11.59805652114526, "n_estimators": 155.95478472883198}, "datetime": {"datetime": "2021-09-27 19:13:35", "elapsed": 86.914901, "delta": 1.292446}}
{"target": -11.452565882991427, "params": {"eta": 0.0602216159239658, "max_depth": 5.664783317204263, "n_estimators": 144.0952206857673}, "datetime": {"datetime": "2021-09-27 19:13:36", "elapsed": 87.899904, "delta": 0.985003}}
{"target": -12.248102072899671, "params": {"eta": 0.32451541514684734, "max_depth": 4.584623725921132, "n_estimators": 138.28939247062087}, "datetime": {"datetime": "2021-09-27 19:13:37", "elapsed": 88.565087, "delta": 0.665183}}
{"target": -12.538280234254866, "params": {"eta": 0.2679442042398712, "max_depth": 11.278831345661079, "n_estimators": 110.62094988711297}, "datetime": {"datetime": "2021-09-27 19:13:38", "elapsed": 89.531153, "delta": 0.966066}}
{"target": -11.394198742335252, "params": {"eta": 0.10960062547988465, "max_depth": 6.456713411296787, "n_estimators": 106.52647135223455}, "datetime": {"datetime": "2021-09-27 19:13:39", "elapsed": 90.249113, "delta": 0.71796}}
{"target": -11.15001291690878, "params": {"eta": 0.18148464914166712, "max_depth": 6.442139011753165, "n_estimators": 109.93540023169629}, "datetime": {"datetime": "2021-09-27 19:13:40", "elapsed": 91.113111, "delta": 0.863998}}
{"target": -12.009318426097323, "params": {"eta": 0.411418716114956, "max_depth": 6.368719980450963, "n_estimators": 109.42235353705318}, "datetime": {"datetime": "2021-09-27 19:13:40", "elapsed": 91.935112, "delta": 0.822001}}
{"target": -12.650557666569217, "params": {"eta": 0.42389564289499404, "max_depth": 5.163333615885168, "n_estimators": 142.08281102134507}, "datetime": {"datetime": "2021-09-27 19:13:41", "elapsed": 92.692263, "delta": 0.757151}}
{"target": -11.503427043430495, "params": {"eta": 0.060654249726740044, "max_depth": 9.47336041988417, "n_estimators": 122.51879760952649}, "datetime": {"datetime": "2021-09-27 19:13:42", "elapsed": 93.81126, "delta": 1.118997}}
{"target": -11.677017184859272, "params": {"eta": 0.16189949093106715, "max_depth": 10.777635906132328, "n_estimators": 191.34907018750965}, "datetime": {"datetime": "2021-09-27 19:13:43", "elapsed": 94.921504, "delta": 1.110244}}
{"target": -11.527426369965339, "params": {"eta": 0.4087887128802218, "max_depth": 7.757388065601314, "n_estimators": 194.40328987398033}, "datetime": {"datetime": "2021-09-27 19:13:44", "elapsed": 95.760082, "delta": 0.838578}}
{"target": -11.745665417412294, "params": {"eta": 0.31243478166159766, "max_depth": 6.498071801799934, "n_estimators": 110.21438939745732}, "datetime": {"datetime": "2021-09-27 19:13:45", "elapsed": 96.639756, "delta": 0.879674}}
{"target": -12.126010688701127, "params": {"eta": 0.3476162843876738, "max_depth": 9.963652926731507, "n_estimators": 126.42591204233078}, "datetime": {"datetime": "2021-09-27 19:13:46", "elapsed": 97.458754, "delta": 0.818998}}
{"target": -11.099472452833881, "params": {"eta": 0.11854860559559831, "max_depth": 8.239286850103877, "n_estimators": 123.38037491541317}, "datetime": {"datetime": "2021-09-27 19:13:47", "elapsed": 98.740866, "delta": 1.282112}}
{"target": -12.142662002138165, "params": {"eta": 0.33960854170424787, "max_depth": 8.228540055150496, "n_estimators": 169.73615543926286}, "datetime": {"datetime": "2021-09-27 19:13:48", "elapsed": 99.535867, "delta": 0.795001}}
{"target": -12.340226685949823, "params": {"eta": 0.24911719114387354, "max_depth": 11.014659056900241, "n_estimators": 109.0198694747042}, "datetime": {"datetime": "2021-09-27 19:13:49", "elapsed": 100.554889, "delta": 1.019022}}
{"target": -11.952718369633084, "params": {"eta": 0.260213176822942, "max_depth": 6.915674836814503, "n_estimators": 138.0752353438972}, "datetime": {"datetime": "2021-09-27 19:13:50", "elapsed": 101.507893, "delta": 0.953004}}
{"target": -12.690482780389937, "params": {"eta": 0.3943656301317637, "max_depth": 2.884652162834272, "n_estimators": 153.33451839001987}, "datetime": {"datetime": "2021-09-27 19:13:51", "elapsed": 102.192188, "delta": 0.684295}}
{"target": -11.176307156149926, "params": {"eta": 0.09039499613098999, "max_depth": 7.1116008784017435, "n_estimators": 138.2001708517722}, "datetime": {"datetime": "2021-09-27 19:13:52", "elapsed": 103.183187, "delta": 0.990999}}
{"target": -11.122079409380689, "params": {"eta": 0.13389131445597813, "max_depth": 6.984509976118052, "n_estimators": 138.2159205445103}, "datetime": {"datetime": "2021-09-27 19:13:53", "elapsed": 104.153956, "delta": 0.970769}}
{"target": -11.530687340027415, "params": {"eta": 0.10106334581080934, "max_depth": 10.07453053027558, "n_estimators": 158.1544574786954}, "datetime": {"datetime": "2021-09-27 19:13:54", "elapsed": 105.480152, "delta": 1.326196}}
{"target": -12.723314640118522, "params": {"eta": 0.4974237941508378, "max_depth": 10.596680963659615, "n_estimators": 190.72315654598646}, "datetime": {"datetime": "2021-09-27 19:13:55", "elapsed": 106.253431, "delta": 0.773279}}
{"target": -13.16464145872179, "params": {"eta": 0.38747523472016726, "max_depth": 4.439400756973443, "n_estimators": 138.3573670591971}, "datetime": {"datetime": "2021-09-27 19:13:56", "elapsed": 107.159433, "delta": 0.906002}}
{"target": -11.79457543383764, "params": {"eta": 0.24104031633142742, "max_depth": 4.908568282241404, "n_estimators": 134.88092004517165}, "datetime": {"datetime": "2021-09-27 19:13:56", "elapsed": 107.981434, "delta": 0.822001}}
{"target": -11.617796412601985, "params": {"eta": 0.1651056931421429, "max_depth": 3.920814708905929, "n_estimators": 142.1150891805041}, "datetime": {"datetime": "2021-09-27 19:13:57", "elapsed": 108.863703, "delta": 0.882269}}
{"target": -12.035264865464091, "params": {"eta": 0.24247709006485807, "max_depth": 2.982769334902074, "n_estimators": 142.33700691077547}, "datetime": {"datetime": "2021-09-27 19:13:58", "elapsed": 109.551231, "delta": 0.687528}}
{"target": -11.879572283598955, "params": {"eta": 0.4137851095924379, "max_depth": 4.009885634780443, "n_estimators": 199.34875979389557}, "datetime": {"datetime": "2021-09-27 19:13:59", "elapsed": 110.457049, "delta": 0.905818}}
{"target": -11.55295973673183, "params": {"eta": 0.2949044311430933, "max_depth": 5.128856916486099, "n_estimators": 159.4472046740623}, "datetime": {"datetime": "2021-09-27 19:14:00", "elapsed": 111.356052, "delta": 0.899003}}
{"target": -11.402898433200654, "params": {"eta": 0.12898479344149455, "max_depth": 5.819625221336054, "n_estimators": 110.03845759493866}, "datetime": {"datetime": "2021-09-27 19:14:01", "elapsed": 112.345694, "delta": 0.989642}}
{"target": -12.128165093191742, "params": {"eta": 0.2330192392938394, "max_depth": 8.890252329064666, "n_estimators": 142.47574295498845}, "datetime": {"datetime": "2021-09-27 19:14:02", "elapsed": 113.282693, "delta": 0.936999}}
{"target": -10.81713213124802, "params": {"eta": 0.10659322749290571, "max_depth": 4.514961875645517, "n_estimators": 114.7146209867427}, "datetime": {"datetime": "2021-09-27 19:14:03", "elapsed": 114.068691, "delta": 0.785998}}
{"target": -10.958533143398668, "params": {"eta": 0.12128528374570356, "max_depth": 4.511682579986941, "n_estimators": 114.78684439613008}, "datetime": {"datetime": "2021-09-27 19:14:03", "elapsed": 114.907693, "delta": 0.839002}}
{"target": -11.815406385363064, "params": {"eta": 0.2876682517102183, "max_depth": 9.728947164107414, "n_estimators": 190.37463175003708}, "datetime": {"datetime": "2021-09-27 19:14:04", "elapsed": 116.027525, "delta": 1.119832}}
{"target": -11.170290589989023, "params": {"eta": 0.16481580462358802, "max_depth": 5.9227225894067566, "n_estimators": 109.7388621322792}, "datetime": {"datetime": "2021-09-27 19:14:06", "elapsed": 117.079685, "delta": 1.05216}}
{"target": -11.261176196132187, "params": {"eta": 0.19852313917146358, "max_depth": 3.5234351552000436, "n_estimators": 197.6081362002529}, "datetime": {"datetime": "2021-09-27 19:14:06", "elapsed": 117.927687, "delta": 0.848002}}
{"target": -11.75476199940902, "params": {"eta": 0.2883387488963719, "max_depth": 9.959070219306405, "n_estimators": 164.14854008228866}, "datetime": {"datetime": "2021-09-27 19:14:07", "elapsed": 118.875942, "delta": 0.948255}}
{"target": -11.049370946923723, "params": {"eta": 0.12273799076088733, "max_depth": 5.886851998430419, "n_estimators": 189.10203097947743}, "datetime": {"datetime": "2021-09-27 19:14:08", "elapsed": 119.863465, "delta": 0.987523}}
{"target": -11.438290348614455, "params": {"eta": 0.21639880195504574, "max_depth": 4.5852322208019185, "n_estimators": 114.76767738517542}, "datetime": {"datetime": "2021-09-27 19:14:09", "elapsed": 120.810839, "delta": 0.947374}}
{"target": -11.591620689014643, "params": {"eta": 0.25940356242169427, "max_depth": 3.038632864253514, "n_estimators": 113.83234584975096}, "datetime": {"datetime": "2021-09-27 19:14:10", "elapsed": 121.46984, "delta": 0.659001}}
{"target": -11.651543951952794, "params": {"eta": 0.35181805207809935, "max_depth": 9.90934298440293, "n_estimators": 118.73321848871643}, "datetime": {"datetime": "2021-09-27 19:14:11", "elapsed": 122.357612, "delta": 0.887772}}
{"target": -11.219995873443779, "params": {"eta": 0.05900014293641956, "max_depth": 6.249546282552476, "n_estimators": 110.0004935164873}, "datetime": {"datetime": "2021-09-27 19:14:12", "elapsed": 123.331613, "delta": 0.974001}}
{"target": -10.719249374325738, "params": {"eta": 0.13957303257677442, "max_depth": 6.609438590059013, "n_estimators": 109.92674502688241}, "datetime": {"datetime": "2021-09-27 19:14:13", "elapsed": 124.224747, "delta": 0.893134}}
{"target": -11.03028511410296, "params": {"eta": 0.10601270734913071, "max_depth": 4.413493411625927, "n_estimators": 114.71574240273699}, "datetime": {"datetime": "2021-09-27 19:14:14", "elapsed": 125.055415, "delta": 0.830668}}
{"target": -11.229554639780988, "params": {"eta": 0.14516111012933341, "max_depth": 4.628883023164685, "n_estimators": 102.04177229489065}, "datetime": {"datetime": "2021-09-27 19:14:14", "elapsed": 125.821417, "delta": 0.766002}}
{"target": -11.440841463252378, "params": {"eta": 0.18120418970413843, "max_depth": 9.857178841608654, "n_estimators": 159.13246490824434}, "datetime": {"datetime": "2021-09-27 19:14:15", "elapsed": 126.987418, "delta": 1.166001}}
{"target": -12.167598336461142, "params": {"eta": 0.3734311726892815, "max_depth": 5.664365348960986, "n_estimators": 170.77942916315624}, "datetime": {"datetime": "2021-09-27 19:14:16", "elapsed": 127.815416, "delta": 0.827998}}
{"target": -11.53948507647035, "params": {"eta": 0.16498848782110498, "max_depth": 3.128603497797378, "n_estimators": 191.54979615859773}, "datetime": {"datetime": "2021-09-27 19:14:17", "elapsed": 128.704582, "delta": 0.889166}}
{"target": -12.141655636514939, "params": {"eta": 0.4373507076280982, "max_depth": 6.462321117489358, "n_estimators": 148.89778888884808}, "datetime": {"datetime": "2021-09-27 19:14:18", "elapsed": 129.654587, "delta": 0.950005}}
{"target": -12.018603991602102, "params": {"eta": 0.19770049367405268, "max_depth": 2.146184595868929, "n_estimators": 192.1916926875038}, "datetime": {"datetime": "2021-09-27 19:14:19", "elapsed": 130.351797, "delta": 0.69721}}
{"target": -11.51603143811228, "params": {"eta": 0.07223774796010456, "max_depth": 7.93535675601835, "n_estimators": 135.74312353508006}, "datetime": {"datetime": "2021-09-27 19:14:20", "elapsed": 131.486799, "delta": 1.135002}}
{"target": -12.007174765538252, "params": {"eta": 0.37327918012176187, "max_depth": 5.781942477251627, "n_estimators": 156.63002573808296}, "datetime": {"datetime": "2021-09-27 19:14:21", "elapsed": 132.386477, "delta": 0.899678}}
{"target": -11.68236697484148, "params": {"eta": 0.1657961481061607, "max_depth": 6.702511646789906, "n_estimators": 110.1424482878167}, "datetime": {"datetime": "2021-09-27 19:14:22", "elapsed": 133.524477, "delta": 1.138}}
{"target": -11.17618507215347, "params": {"eta": 0.17866391570764512, "max_depth": 5.826655276215895, "n_estimators": 189.10982519501687}, "datetime": {"datetime": "2021-09-27 19:14:23", "elapsed": 134.690216, "delta": 1.165739}}
{"target": -11.043235883865137, "params": {"eta": 0.08808356359172667, "max_depth": 5.822038257344323, "n_estimators": 189.1393326133844}, "datetime": {"datetime": "2021-09-27 19:14:24", "elapsed": 135.859881, "delta": 1.169665}}
{"target": -11.72349899057703, "params": {"eta": 0.382299368966606, "max_depth": 10.128085111341408, "n_estimators": 195.98255890454283}, "datetime": {"datetime": "2021-09-27 19:14:25", "elapsed": 136.823219, "delta": 0.963338}}
{"target": -13.300477745350516, "params": {"eta": 0.12570265548287057, "max_depth": 2.4767371582615345, "n_estimators": 101.13232555312435}, "datetime": {"datetime": "2021-09-27 19:14:26", "elapsed": 137.658219, "delta": 0.835}}
{"target": -11.57889283686289, "params": {"eta": 0.10705215086837924, "max_depth": 10.228817605675559, "n_estimators": 139.83993788487717}, "datetime": {"datetime": "2021-09-27 19:14:27", "elapsed": 138.939149, "delta": 1.28093}}
{"target": -10.98921047477511, "params": {"eta": 0.08161979903981158, "max_depth": 5.492501965410871, "n_estimators": 151.62380000724954}, "datetime": {"datetime": "2021-09-27 19:14:29", "elapsed": 140.127845, "delta": 1.188696}}
{"target": -11.11879959773867, "params": {"eta": 0.06564585856719911, "max_depth": 6.908912703590101, "n_estimators": 138.11818126400962}, "datetime": {"datetime": "2021-09-27 19:14:30", "elapsed": 141.413987, "delta": 1.286142}}
{"target": -11.303946162990956, "params": {"eta": 0.06483888805099462, "max_depth": 6.123050127888893, "n_estimators": 136.39655035154698}, "datetime": {"datetime": "2021-09-27 19:14:31", "elapsed": 142.356181, "delta": 0.942194}}
{"target": -11.493186620063222, "params": {"eta": 0.3618043344010335, "max_depth": 5.564069696893545, "n_estimators": 147.985500261259}, "datetime": {"datetime": "2021-09-27 19:14:32", "elapsed": 143.394183, "delta": 1.038002}}
{"target": -11.300435396903993, "params": {"eta": 0.14690178704333412, "max_depth": 5.617053642412707, "n_estimators": 144.17105171625116}, "datetime": {"datetime": "2021-09-27 19:14:33", "elapsed": 144.59335, "delta": 1.199167}}
{"target": -11.609650140802119, "params": {"eta": 0.29146637208259224, "max_depth": 5.897760368700736, "n_estimators": 104.34142293335852}, "datetime": {"datetime": "2021-09-27 19:14:34", "elapsed": 145.490931, "delta": 0.897581}}
{"target": -11.71997636255151, "params": {"eta": 0.2643159910436436, "max_depth": 3.3608779250813283, "n_estimators": 145.56326713948494}, "datetime": {"datetime": "2021-09-27 19:14:35", "elapsed": 146.465097, "delta": 0.974166}}
{"target": -11.468408331503563, "params": {"eta": 0.0569682772274261, "max_depth": 5.951270349963748, "n_estimators": 189.1727869062183}, "datetime": {"datetime": "2021-09-27 19:14:36", "elapsed": 147.731099, "delta": 1.266002}}
{"target": -12.151775781750107, "params": {"eta": 0.32899193069115856, "max_depth": 4.733379558292095, "n_estimators": 117.15753020881272}, "datetime": {"datetime": "2021-09-27 19:14:37", "elapsed": 148.531409, "delta": 0.80031}}
{"target": -12.344217593361192, "params": {"eta": 0.3264539384466796, "max_depth": 3.915253447523156, "n_estimators": 120.51523754495027}, "datetime": {"datetime": "2021-09-27 19:14:38", "elapsed": 149.424932, "delta": 0.893523}}
{"target": -11.123010233663404, "params": {"eta": 0.061103735262015374, "max_depth": 6.241923787884591, "n_estimators": 109.81984319307938}, "datetime": {"datetime": "2021-09-27 19:14:39", "elapsed": 150.386428, "delta": 0.961496}}
{"target": -12.116863753269556, "params": {"eta": 0.26318602598464075, "max_depth": 8.198169087762064, "n_estimators": 181.32392976480656}, "datetime": {"datetime": "2021-09-27 19:14:40", "elapsed": 151.460429, "delta": 1.074001}}
{"target": -12.049958721422744, "params": {"eta": 0.2453229472005145, "max_depth": 3.906556949946027, "n_estimators": 127.25204249989117}, "datetime": {"datetime": "2021-09-27 19:14:41", "elapsed": 152.350068, "delta": 0.889639}}
{"target": -11.440261774354262, "params": {"eta": 0.20063195604348238, "max_depth": 6.897761820573432, "n_estimators": 110.16847282025557}, "datetime": {"datetime": "2021-09-27 19:14:42", "elapsed": 153.738066, "delta": 1.387998}}
{"target": -11.726269691049932, "params": {"eta": 0.23356549168395402, "max_depth": 6.856677844027012, "n_estimators": 100.412402932156}, "datetime": {"datetime": "2021-09-27 19:14:43", "elapsed": 154.77868, "delta": 1.040614}}
