{"target": 0.786226243088829, "params": {"eta": 0.672064741473094, "max_depth": 5.613424126567783, "n_estimators": 5.366091221974384}, "datetime": {"datetime": "2021-09-17 15:59:39", "elapsed": 779.828062, "delta": 2.795809}}
{"target": 0.6611936713337884, "params": {"eta": 1.0, "max_depth": 3.1267831049078976, "n_estimators": 1.3929774305870561}, "datetime": {"datetime": "2021-09-17 15:59:41", "elapsed": 782.421829, "delta": 2.593767}}
{"target": 0.667600848676342, "params": {"eta": 0.24745705875880822, "max_depth": 5.164603124638997, "n_estimators": 7.9691040999158}, "datetime": {"datetime": "2021-09-17 15:59:46", "elapsed": 787.369979, "delta": 4.94815}}
{"target": 0.7062162029821194, "params": {"eta": 1.0, "max_depth": 9.564366542848663, "n_estimators": 2.6757990249430326}, "datetime": {"datetime": "2021-09-17 15:59:49", "elapsed": 789.96485, "delta": 2.594871}}
{"target": 0.8231666650603316, "params": {"eta": 0.5466315793956513, "max_depth": 9.098316509546473, "n_estimators": 9.10466009464045}, "datetime": {"datetime": "2021-09-17 15:59:56", "elapsed": 797.463026, "delta": 7.498176}}
{"target": 0.6534858712017793, "params": {"eta": 1.0, "max_depth": 1.9890943578436353, "n_estimators": 2.666602839394803}, "datetime": {"datetime": "2021-09-17 16:00:02", "elapsed": 802.799198, "delta": 5.336172}}
{"target": 0.7078502327821943, "params": {"eta": 1.0, "max_depth": 2.4912861195400566, "n_estimators": 6.086156213975738}, "datetime": {"datetime": "2021-09-17 16:00:05", "elapsed": 806.406362, "delta": 3.607164}}
{"target": 0.7960044710998226, "params": {"eta": 0.6761757446931069, "max_depth": 9.841055064285948, "n_estimators": 8.41574443128416}, "datetime": {"datetime": "2021-09-17 16:00:09", "elapsed": 809.602481, "delta": 3.196119}}
{"target": 0.6872462668547894, "params": {"eta": 1.0, "max_depth": 8.723750655930923, "n_estimators": 2.3212502980540335}, "datetime": {"datetime": "2021-09-17 16:00:12", "elapsed": 812.782865, "delta": 3.180384}}
{"target": 0.8259347377654755, "params": {"eta": 0.47185554294861487, "max_depth": 8.874216253422695, "n_estimators": 8.73307164344429}, "datetime": {"datetime": "2021-09-17 16:00:15", "elapsed": 816.226614, "delta": 3.443749}}
{"target": 0.7708347901965026, "params": {"eta": 0.6415773884644089, "max_depth": 6.24612866913497, "n_estimators": 4.987940520184541}, "datetime": {"datetime": "2021-09-17 16:00:20", "elapsed": 821.39604, "delta": 5.169426}}
{"target": 0.8354094128609462, "params": {"eta": 0.3829158544104231, "max_depth": 5.707846258559755, "n_estimators": 9.80763056118474}, "datetime": {"datetime": "2021-09-17 16:00:24", "elapsed": 824.936776, "delta": 3.540736}}
{"target": 0.778755811945294, "params": {"eta": 0.7229225884305001, "max_depth": 5.833097792838161, "n_estimators": 4.514446681140834}, "datetime": {"datetime": "2021-09-17 16:00:28", "elapsed": 829.239615, "delta": 4.302839}}
{"target": 0.7983615225182596, "params": {"eta": 0.6826528485970469, "max_depth": 8.481571523397793, "n_estimators": 5.805145573104934}, "datetime": {"datetime": "2021-09-17 16:00:32", "elapsed": 832.767765, "delta": 3.52815}}
{"target": 0.6921450550653732, "params": {"eta": 1.0, "max_depth": 2.8178984399564904, "n_estimators": 2.8227058159675575}, "datetime": {"datetime": "2021-09-17 16:00:38", "elapsed": 838.695858, "delta": 5.928093}}
{"target": 0.6938096368615483, "params": {"eta": 1.0, "max_depth": 9.698203887135547, "n_estimators": 5.57968730835477}, "datetime": {"datetime": "2021-09-17 16:00:41", "elapsed": 841.712981, "delta": 3.017123}}
{"target": 0.7170558940118665, "params": {"eta": 1.0, "max_depth": 8.63601269184541, "n_estimators": 5.9006217977119135}, "datetime": {"datetime": "2021-09-17 16:00:44", "elapsed": 845.291831, "delta": 3.57885}}
{"target": 0.787807031709205, "params": {"eta": 0.569219811290229, "max_depth": 6.592539002468857, "n_estimators": 4.531127807484772}, "datetime": {"datetime": "2021-09-17 16:00:49", "elapsed": 850.149135, "delta": 4.857304}}
{"target": 0.7092956234485557, "params": {"eta": 1.0, "max_depth": 10.0, "n_estimators": 4.845794815853963}, "datetime": {"datetime": "2021-09-17 16:00:53", "elapsed": 853.644639, "delta": 3.495504}}
{"target": 0.8212443804281578, "params": {"eta": 0.42541781585026295, "max_depth": 6.715109696467857, "n_estimators": 8.315554183685073}, "datetime": {"datetime": "2021-09-17 16:00:55", "elapsed": 856.473305, "delta": 2.828666}}
{"target": 0.6872462668547894, "params": {"eta": 1.0, "max_depth": 8.177536017409443, "n_estimators": 2.6070309132133214}, "datetime": {"datetime": "2021-09-17 16:01:03", "elapsed": 864.099698, "delta": 7.626393}}
{"target": 0.781593455599606, "params": {"eta": 1.0, "max_depth": 4.001346335048151, "n_estimators": 9.727666356117124}, "datetime": {"datetime": "2021-09-17 16:01:10", "elapsed": 870.804429, "delta": 6.704731}}
{"target": 0.7206429279776811, "params": {"eta": 1.0, "max_depth": 5.622011448724827, "n_estimators": 8.339570952552762}, "datetime": {"datetime": "2021-09-17 16:01:14", "elapsed": 874.871916, "delta": 4.067487}}
{"target": 0.7870964384883142, "params": {"eta": 0.6330337927322048, "max_depth": 8.175997315406523, "n_estimators": 8.493736094485737}, "datetime": {"datetime": "2021-09-17 16:01:17", "elapsed": 878.011939, "delta": 3.140023}}
{"target": 0.7718551859126739, "params": {"eta": 1.0, "max_depth": 4.487652652381445, "n_estimators": 7.006431083627274}, "datetime": {"datetime": "2021-09-17 16:01:22", "elapsed": 883.257421, "delta": 5.245482}}
{"target": 0.8470690751157159, "params": {"eta": 0.363440519972539, "max_depth": 9.312085274745938, "n_estimators": 9.092779555949274}, "datetime": {"datetime": "2021-09-17 16:01:27", "elapsed": 888.217238, "delta": 4.959817}}
{"target": 0.7649872894609797, "params": {"eta": 0.4917074622434338, "max_depth": 2.8536389117337704, "n_estimators": 7.031399964337015}, "datetime": {"datetime": "2021-09-17 16:01:32", "elapsed": 892.656238, "delta": 4.439}}
{"target": 0.7571667370729519, "params": {"eta": 0.5998477157575749, "max_depth": 2.7920370008067446, "n_estimators": 6.389565342519553}, "datetime": {"datetime": "2021-09-17 16:01:36", "elapsed": 896.913377, "delta": 4.257139}}
{"target": 0.7659204773720858, "params": {"eta": 0.7917728117907341, "max_depth": 6.760393846819312, "n_estimators": 8.161362452413172}, "datetime": {"datetime": "2021-09-17 16:01:42", "elapsed": 902.925761, "delta": 6.012384}}
{"target": 0.7788102999695282, "params": {"eta": 0.7308936754387023, "max_depth": 2.924524048996356, "n_estimators": 7.507799565337837}, "datetime": {"datetime": "2021-09-17 16:01:45", "elapsed": 906.093762, "delta": 3.168001}}
{"target": 0.7504391264252093, "params": {"eta": 0.4324289970051601, "max_depth": 2.597923276374852, "n_estimators": 6.700527829372915}, "datetime": {"datetime": "2021-09-17 16:01:48", "elapsed": 909.564991, "delta": 3.471229}}
{"target": 0.735816060010636, "params": {"eta": 1.0, "max_depth": 6.486565268658843, "n_estimators": 5.431426044469842}, "datetime": {"datetime": "2021-09-17 16:01:54", "elapsed": 914.880313, "delta": 5.315322}}
{"target": 0.8475545703760956, "params": {"eta": 0.4261782757618348, "max_depth": 7.733928379579333, "n_estimators": 8.545544546733877}, "datetime": {"datetime": "2021-09-17 16:01:57", "elapsed": 918.156804, "delta": 3.276491}}
{"target": 0.6951687092618875, "params": {"eta": 1.0, "max_depth": 9.54469421071105, "n_estimators": 4.386147391096043}, "datetime": {"datetime": "2021-09-17 16:02:00", "elapsed": 920.879575, "delta": 2.722771}}
{"target": 0.7823947265472263, "params": {"eta": 0.6116572360769869, "max_depth": 5.654398676771375, "n_estimators": 4.815567913619858}, "datetime": {"datetime": "2021-09-17 16:02:04", "elapsed": 925.351984, "delta": 4.472409}}
{"target": 0.724284576974129, "params": {"eta": 1.0, "max_depth": 5.1358314639218365, "n_estimators": 6.170764521050789}, "datetime": {"datetime": "2021-09-17 16:02:07", "elapsed": 928.36134, "delta": 3.009356}}
{"target": 0.7858216384204675, "params": {"eta": 0.6981471792311923, "max_depth": 5.121683976591423, "n_estimators": 8.68326239191536}, "datetime": {"datetime": "2021-09-17 16:02:12", "elapsed": 933.455652, "delta": 5.094312}}
{"target": 0.7166781035526257, "params": {"eta": 1.0, "max_depth": 8.826276459364115, "n_estimators": 10.0}, "datetime": {"datetime": "2021-09-17 16:02:22", "elapsed": 942.649938, "delta": 9.194286}}
{"target": 0.6545534755708191, "params": {"eta": 1.0, "max_depth": 1.2824937010687547, "n_estimators": 4.078820925436579}, "datetime": {"datetime": "2021-09-17 16:02:27", "elapsed": 948.422679, "delta": 5.772741}}
{"target": 0.7123890392971453, "params": {"eta": 1.0, "max_depth": 1.9297460566283922, "n_estimators": 7.862465075350323}, "datetime": {"datetime": "2021-09-17 16:02:31", "elapsed": 951.640159, "delta": 3.21748}}
{"target": 0.814142168494669, "params": {"eta": 0.5370881305995108, "max_depth": 7.529124299824554, "n_estimators": 8.433074992647414}, "datetime": {"datetime": "2021-09-17 16:02:36", "elapsed": 956.610819, "delta": 4.97066}}
{"target": 0.7197472065009518, "params": {"eta": 1.0, "max_depth": 3.4558741628640792, "n_estimators": 3.3327902536964995}, "datetime": {"datetime": "2021-09-17 16:02:39", "elapsed": 960.372564, "delta": 3.761745}}
{"target": 0.8496948367880084, "params": {"eta": 0.35816505121482656, "max_depth": 7.185690682613992, "n_estimators": 8.585814329076706}, "datetime": {"datetime": "2021-09-17 16:02:46", "elapsed": 966.587589, "delta": 6.215025}}
{"target": 0.6501747830093738, "params": {"eta": 1.0, "max_depth": 6.572797457796938, "n_estimators": 1.3525753531429723}, "datetime": {"datetime": "2021-09-17 16:02:51", "elapsed": 971.843852, "delta": 5.256263}}
{"target": 0.6501747830093738, "params": {"eta": 1.0, "max_depth": 5.8695851140788085, "n_estimators": 1.342510783413631}, "datetime": {"datetime": "2021-09-17 16:02:54", "elapsed": 974.663302, "delta": 2.81945}}
{"target": 0.6813853589905341, "params": {"eta": 1.0, "max_depth": 7.516434493599316, "n_estimators": 4.149188900937266}, "datetime": {"datetime": "2021-09-17 16:03:00", "elapsed": 980.625422, "delta": 5.96212}}
{"target": 0.6921450550653732, "params": {"eta": 1.0, "max_depth": 2.529056108046684, "n_estimators": 2.0542663903692504}, "datetime": {"datetime": "2021-09-17 16:03:05", "elapsed": 986.32825, "delta": 5.702828}}
{"target": 0.7707819228191458, "params": {"eta": 0.9883198050024334, "max_depth": 5.820010426880626, "n_estimators": 9.673879344697148}, "datetime": {"datetime": "2021-09-17 16:03:09", "elapsed": 990.085657, "delta": 3.757407}}
{"target": 0.770601754252553, "params": {"eta": 0.68240362204653, "max_depth": 7.759474713804658, "n_estimators": 5.065421821903604}, "datetime": {"datetime": "2021-09-17 16:03:14", "elapsed": 995.255632, "delta": 5.169975}}
{"target": 0.8540862584166842, "params": {"eta": 0.46164224422662703, "max_depth": 5.382826431443768, "n_estimators": 8.44393430479186}, "datetime": {"datetime": "2021-09-17 16:03:19", "elapsed": 1000.194231, "delta": 4.938599}}
{"target": 0.8468784589335626, "params": {"eta": 0.4519858852735079, "max_depth": 8.566450398845014, "n_estimators": 8.310929008553106}, "datetime": {"datetime": "2021-09-17 16:03:24", "elapsed": 1004.599303, "delta": 4.405072}}
{"target": 0.6885773775628986, "params": {"eta": 1.0, "max_depth": 2.6877977595855937, "n_estimators": 4.437873384076699}, "datetime": {"datetime": "2021-09-17 16:03:27", "elapsed": 1007.770464, "delta": 3.171161}}
{"target": 0.6940236164145088, "params": {"eta": 1.0, "max_depth": 9.220497657747922, "n_estimators": 6.2026013853471}, "datetime": {"datetime": "2021-09-17 16:03:33", "elapsed": 1014.282641, "delta": 6.512177}}
{"target": 0.8340449317659506, "params": {"eta": 0.41485536881420243, "max_depth": 7.0634433944531265, "n_estimators": 8.430948480510335}, "datetime": {"datetime": "2021-09-17 16:03:39", "elapsed": 1019.996438, "delta": 5.713797}}
{"target": 0.8460820654218759, "params": {"eta": 0.3832372672187803, "max_depth": 7.491315420609099, "n_estimators": 8.621285033980108}, "datetime": {"datetime": "2021-09-17 16:03:44", "elapsed": 1024.650585, "delta": 4.654147}}
{"target": 0.7392938166044923, "params": {"eta": 0.8374370100805031, "max_depth": 7.75000775628511, "n_estimators": 7.994693096714392}, "datetime": {"datetime": "2021-09-17 16:03:47", "elapsed": 1027.947431, "delta": 3.296846}}
{"target": 0.7280795156496128, "params": {"eta": 0.7535327184738513, "max_depth": 1.5359249826566852, "n_estimators": 7.853293709607294}, "datetime": {"datetime": "2021-09-17 16:03:50", "elapsed": 1031.271003, "delta": 3.323572}}
{"target": 0.716170250868578, "params": {"eta": 1.0, "max_depth": 8.536658777636585, "n_estimators": 9.171025713033604}, "datetime": {"datetime": "2021-09-17 16:03:54", "elapsed": 1034.594192, "delta": 3.323189}}
{"target": 0.7883167023741595, "params": {"eta": 0.6928018496863103, "max_depth": 7.186300719893395, "n_estimators": 7.819781687476464}, "datetime": {"datetime": "2021-09-17 16:03:58", "elapsed": 1039.142745, "delta": 4.548553}}
{"target": 0.7532230622920235, "params": {"eta": 0.8348716799141563, "max_depth": 4.905916949937424, "n_estimators": 9.827002192425514}, "datetime": {"datetime": "2021-09-17 16:04:05", "elapsed": 1045.721575, "delta": 6.57883}}
{"target": 0.7197472065009518, "params": {"eta": 1.0, "max_depth": 3.9321882980155056, "n_estimators": 3.3176060943536614}, "datetime": {"datetime": "2021-09-17 16:04:09", "elapsed": 1050.543838, "delta": 4.822263}}
{"target": 0.7795106455525413, "params": {"eta": 0.6225416555907698, "max_depth": 9.001662920322016, "n_estimators": 8.23382023062158}, "datetime": {"datetime": "2021-09-17 16:04:13", "elapsed": 1054.085393, "delta": 3.541555}}
{"target": 0.8049250781242665, "params": {"eta": 0.5819666989079154, "max_depth": 5.790464720307105, "n_estimators": 9.671421443994992}, "datetime": {"datetime": "2021-09-17 16:04:17", "elapsed": 1057.763889, "delta": 3.678496}}
{"target": 0.8113722911545553, "params": {"eta": 0.5049531710361422, "max_depth": 4.866489252083033, "n_estimators": 7.127890844266068}, "datetime": {"datetime": "2021-09-17 16:04:20", "elapsed": 1061.111687, "delta": 3.347798}}
{"target": 0.7954020299778691, "params": {"eta": 0.7310774861601417, "max_depth": 10.0, "n_estimators": 8.897917359461712}, "datetime": {"datetime": "2021-09-17 16:04:26", "elapsed": 1066.798945, "delta": 5.687258}}
{"target": 0.8104025906707619, "params": {"eta": 0.5725491415021414, "max_depth": 6.100327650974615, "n_estimators": 9.228609585034215}, "datetime": {"datetime": "2021-09-17 16:04:31", "elapsed": 1071.626483, "delta": 4.827538}}
{"target": 0.8263777538685629, "params": {"eta": 0.35979614292137835, "max_depth": 5.457584542806806, "n_estimators": 8.720396671766364}, "datetime": {"datetime": "2021-09-17 16:04:36", "elapsed": 1077.568364, "delta": 5.941881}}
{"target": 0.6501747830093738, "params": {"eta": 1.0, "max_depth": 8.930268287780368, "n_estimators": 1.3563554712520258}, "datetime": {"datetime": "2021-09-17 16:04:40", "elapsed": 1081.0638, "delta": 3.495436}}
{"target": 0.799292276613953, "params": {"eta": 0.5669525595066243, "max_depth": 7.647532468169452, "n_estimators": 6.0622426732398}, "datetime": {"datetime": "2021-09-17 16:04:43", "elapsed": 1084.575125, "delta": 3.511325}}
{"target": 0.7755920613810805, "params": {"eta": 0.6810720078623452, "max_depth": 6.089963257755994, "n_estimators": 4.2236083859801745}, "datetime": {"datetime": "2021-09-17 16:04:48", "elapsed": 1088.70602, "delta": 4.130895}}
{"target": 0.8267419376201013, "params": {"eta": 0.42179146857475425, "max_depth": 9.11328717957486, "n_estimators": 8.466061294984135}, "datetime": {"datetime": "2021-09-17 16:04:52", "elapsed": 1093.440324, "delta": 4.734304}}
{"target": 0.7133262441456074, "params": {"eta": 1.0, "max_depth": 8.752297623529023, "n_estimators": 6.665486021834365}, "datetime": {"datetime": "2021-09-17 16:04:56", "elapsed": 1097.268717, "delta": 3.828393}}
{"target": 0.754772805183478, "params": {"eta": 0.7693519092012401, "max_depth": 9.862267694311441, "n_estimators": 8.666028879923024}, "datetime": {"datetime": "2021-09-17 16:05:01", "elapsed": 1102.378467, "delta": 5.10975}}
{"target": 0.7590748465374186, "params": {"eta": 1.0, "max_depth": 4.309281802535064, "n_estimators": 4.95587411394692}, "datetime": {"datetime": "2021-09-17 16:05:06", "elapsed": 1107.171904, "delta": 4.793437}}
{"target": 0.6545534755708191, "params": {"eta": 1.0, "max_depth": 1.9697730121069346, "n_estimators": 4.510475189561472}, "datetime": {"datetime": "2021-09-17 16:05:11", "elapsed": 1112.334313, "delta": 5.162409}}
{"target": 0.716170250868578, "params": {"eta": 1.0, "max_depth": 8.153938271477744, "n_estimators": 9.800412607798615}, "datetime": {"datetime": "2021-09-17 16:05:18", "elapsed": 1118.820693, "delta": 6.48638}}
{"target": 0.7035739812874244, "params": {"eta": 1.0, "max_depth": 10.0, "n_estimators": 2.337252844730912}, "datetime": {"datetime": "2021-09-17 16:05:22", "elapsed": 1123.542222, "delta": 4.721529}}
{"target": 0.7134142465332438, "params": {"eta": 0.9892031187939243, "max_depth": 1.8122791284973936, "n_estimators": 7.159883076129245}, "datetime": {"datetime": "2021-09-17 16:05:29", "elapsed": 1129.653777, "delta": 6.111555}}
{"target": 0.6988802365254154, "params": {"eta": 1.0, "max_depth": 2.8692281945923632, "n_estimators": 3.491387522165615}, "datetime": {"datetime": "2021-09-17 16:05:32", "elapsed": 1133.556539, "delta": 3.902762}}
{"target": 0.7692204679715051, "params": {"eta": 0.9994606746004747, "max_depth": 4.0729896333444735, "n_estimators": 6.594762603769779}, "datetime": {"datetime": "2021-09-17 16:05:40", "elapsed": 1140.849794, "delta": 7.293255}}
{"target": 0.7405004328407558, "params": {"eta": 0.7736323639183784, "max_depth": 4.424372217174465, "n_estimators": 5.477222117433862}, "datetime": {"datetime": "2021-09-17 16:05:45", "elapsed": 1146.2558, "delta": 5.406006}}
{"target": 0.7092218027449506, "params": {"eta": 0.9931516357302634, "max_depth": 4.110282692892714, "n_estimators": 5.36870238014287}, "datetime": {"datetime": "2021-09-17 16:05:50", "elapsed": 1151.098923, "delta": 4.843123}}
{"target": 0.7894182431954407, "params": {"eta": 0.6777436164873825, "max_depth": 5.265521750848576, "n_estimators": 8.925130512359456}, "datetime": {"datetime": "2021-09-17 16:05:55", "elapsed": 1156.240603, "delta": 5.14168}}
{"target": 0.7400041098294798, "params": {"eta": 0.8297057637817383, "max_depth": 4.746989887266108, "n_estimators": 4.482858473350021}, "datetime": {"datetime": "2021-09-17 16:06:01", "elapsed": 1162.322091, "delta": 6.081488}}
{"target": 0.7658356353120231, "params": {"eta": 0.9981085938867558, "max_depth": 4.641991722090978, "n_estimators": 8.993606278783119}, "datetime": {"datetime": "2021-09-17 16:06:07", "elapsed": 1168.074514, "delta": 5.752423}}
{"target": 0.7242497802063959, "params": {"eta": 1.0, "max_depth": 6.639112387178364, "n_estimators": 8.402371831673314}, "datetime": {"datetime": "2021-09-17 16:06:12", "elapsed": 1173.014523, "delta": 4.940009}}
{"target": 0.6501747830093738, "params": {"eta": 1.0, "max_depth": 4.663322452526659, "n_estimators": 1.2414642129570803}, "datetime": {"datetime": "2021-09-17 16:06:16", "elapsed": 1177.199534, "delta": 4.185011}}
{"target": 0.8443594232329228, "params": {"eta": 0.45691981438823365, "max_depth": 5.6312289477435264, "n_estimators": 8.418295195900498}, "datetime": {"datetime": "2021-09-17 16:06:22", "elapsed": 1183.00969, "delta": 5.810156}}
{"target": 0.8480714661692774, "params": {"eta": 0.4313698259903549, "max_depth": 9.91880866796037, "n_estimators": 8.84046897559121}, "datetime": {"datetime": "2021-09-17 16:06:28", "elapsed": 1188.655743, "delta": 5.646053}}
{"target": 0.8518389635585488, "params": {"eta": 0.46805518242220334, "max_depth": 9.757042471816547, "n_estimators": 8.651451553735338}, "datetime": {"datetime": "2021-09-17 16:06:33", "elapsed": 1193.915612, "delta": 5.259869}}
{"target": 0.7699503689709881, "params": {"eta": 0.7368849466299527, "max_depth": 7.620555066742743, "n_estimators": 5.8192158234134475}, "datetime": {"datetime": "2021-09-17 16:06:37", "elapsed": 1198.420199, "delta": 4.504587}}
{"target": 0.7289234094378835, "params": {"eta": 1.0, "max_depth": 6.479839770312909, "n_estimators": 9.519812736926273}, "datetime": {"datetime": "2021-09-17 16:06:41", "elapsed": 1202.553606, "delta": 4.133407}}
{"target": 0.8032099559685627, "params": {"eta": 0.3251877847621293, "max_depth": 9.935750935041773, "n_estimators": 8.637233130394693}, "datetime": {"datetime": "2021-09-17 16:06:47", "elapsed": 1207.656265, "delta": 5.102659}}
{"target": 0.7390286163346765, "params": {"eta": 0.8377886097950239, "max_depth": 4.739905981097914, "n_estimators": 5.470877186442795}, "datetime": {"datetime": "2021-09-17 16:06:52", "elapsed": 1213.011975, "delta": 5.35571}}
{"target": 0.7055298377468212, "params": {"eta": 1.0, "max_depth": 4.823852201975081, "n_estimators": 2.679502556182774}, "datetime": {"datetime": "2021-09-17 16:06:57", "elapsed": 1218.305618, "delta": 5.293643}}
{"target": 0.797947652289845, "params": {"eta": 0.457788274907741, "max_depth": 4.62923144507022, "n_estimators": 5.015542607497703}, "datetime": {"datetime": "2021-09-17 16:07:02", "elapsed": 1223.479476, "delta": 5.173858}}
{"target": 0.7752212781476896, "params": {"eta": 1.0, "max_depth": 4.076431019713526, "n_estimators": 6.204016955686062}, "datetime": {"datetime": "2021-09-17 16:07:06", "elapsed": 1227.146302, "delta": 3.666826}}
{"target": 0.7050158404070046, "params": {"eta": 1.0, "max_depth": 1.7944406400825494, "n_estimators": 8.651228206263848}, "datetime": {"datetime": "2021-09-17 16:07:11", "elapsed": 1231.748358, "delta": 4.602056}}
{"target": 0.8070529965456135, "params": {"eta": 0.552495029556658, "max_depth": 4.9348626684373285, "n_estimators": 6.473311071742412}, "datetime": {"datetime": "2021-09-17 16:07:17", "elapsed": 1238.06567, "delta": 6.317312}}
