{"target": -2.6257263955317045, "params": {"eta": 0.42782869991826145, "max_depth": 21.461586207298463, "n_estimators": 55.814362619397635}, "datetime": {"datetime": "2021-09-21 15:40:31", "elapsed": 99.317888, "delta": 1.291502}}
{"target": -2.5580592004876386, "params": {"eta": 0.3996879665455243, "max_depth": 3.604964759807533, "n_estimators": 56.63660380151161}, "datetime": {"datetime": "2021-09-21 15:40:32", "elapsed": 99.931888, "delta": 0.614}}
{"target": -2.481690275669098, "params": {"eta": 0.29095247405274827, "max_depth": 10.917758302882694, "n_estimators": 56.63478328383206}, "datetime": {"datetime": "2021-09-21 15:40:33", "elapsed": 101.07447, "delta": 1.142582}}
{"target": -3.058190257925736, "params": {"eta": 0.08365896107979812, "max_depth": 2.2438394633907466, "n_estimators": 45.47260591643996}, "datetime": {"datetime": "2021-09-21 15:40:34", "elapsed": 102.123566, "delta": 1.049096}}
{"target": -2.4710255528751173, "params": {"eta": 0.42138190806087333, "max_depth": 4.118013639982031, "n_estimators": 56.85330049309145}, "datetime": {"datetime": "2021-09-21 15:40:35", "elapsed": 102.778971, "delta": 0.655405}}
{"target": -2.5229451392826276, "params": {"eta": 0.2099019781469939, "max_depth": 29.96739279596445, "n_estimators": 52.88133145953181}, "datetime": {"datetime": "2021-09-21 15:40:37", "elapsed": 104.499627, "delta": 1.720656}}
{"target": -2.486732331075166, "params": {"eta": 0.21159711453296226, "max_depth": 3.6571173185292065, "n_estimators": 56.890431649769255}, "datetime": {"datetime": "2021-09-21 15:40:38", "elapsed": 105.394208, "delta": 0.894581}}
{"target": -2.5037622144347744, "params": {"eta": 0.3288429568238207, "max_depth": 4.280244936614782, "n_estimators": 56.75311484976791}, "datetime": {"datetime": "2021-09-21 15:40:38", "elapsed": 106.044208, "delta": 0.65}}
{"target": -2.5696787388701186, "params": {"eta": 0.1800322218343408, "max_depth": 25.701764213415615, "n_estimators": 43.862770047228445}, "datetime": {"datetime": "2021-09-21 15:40:40", "elapsed": 107.514303, "delta": 1.470095}}
{"target": -2.413886536422529, "params": {"eta": 0.19639314233933525, "max_depth": 4.1064982455777574, "n_estimators": 56.89608193764235}, "datetime": {"datetime": "2021-09-21 15:40:41", "elapsed": 108.610165, "delta": 1.095862}}
{"target": -2.643148715245096, "params": {"eta": 0.2500314104605286, "max_depth": 12.820505440296593, "n_estimators": 49.483193302811}, "datetime": {"datetime": "2021-09-21 15:40:42", "elapsed": 109.998164, "delta": 1.387999}}
{"target": -2.516077317062177, "params": {"eta": 0.11038221342765214, "max_depth": 13.690096484092637, "n_estimators": 49.36007231421378}, "datetime": {"datetime": "2021-09-21 15:40:43", "elapsed": 110.856179, "delta": 0.858015}}
{"target": -2.4977061786149677, "params": {"eta": 0.08139571184877477, "max_depth": 4.002550949863369, "n_estimators": 57.016681673564136}, "datetime": {"datetime": "2021-09-21 15:40:44", "elapsed": 111.902479, "delta": 1.0463}}
{"target": -2.642557376309445, "params": {"eta": 0.3247839786308108, "max_depth": 20.027589747239816, "n_estimators": 58.846071739190336}, "datetime": {"datetime": "2021-09-21 15:40:46", "elapsed": 113.367181, "delta": 1.464702}}
{"target": -2.547247540323358, "params": {"eta": 0.18721910343766263, "max_depth": 13.920932850530319, "n_estimators": 49.28623050560016}, "datetime": {"datetime": "2021-09-21 15:40:47", "elapsed": 114.757192, "delta": 1.390011}}
{"target": -2.3879687830021505, "params": {"eta": 0.4451190325722269, "max_depth": 3.4993502616423116, "n_estimators": 52.68748148692884}, "datetime": {"datetime": "2021-09-21 15:40:47", "elapsed": 115.199795, "delta": 0.442603}}
{"target": -2.6379092856457356, "params": {"eta": 0.3423767373913905, "max_depth": 24.972464475755924, "n_estimators": 45.424668788066896}, "datetime": {"datetime": "2021-09-21 15:40:49", "elapsed": 117.120925, "delta": 1.92113}}
{"target": -2.543534709277906, "params": {"eta": 0.30971873450958504, "max_depth": 3.5950141365223747, "n_estimators": 52.85336009568532}, "datetime": {"datetime": "2021-09-21 15:40:50", "elapsed": 117.75935, "delta": 0.638425}}
{"target": -2.485050330036565, "params": {"eta": 0.4391707650375798, "max_depth": 3.6036712175665278, "n_estimators": 52.538883888949734}, "datetime": {"datetime": "2021-09-21 15:40:51", "elapsed": 118.460352, "delta": 0.701002}}
{"target": -2.6354312432439704, "params": {"eta": 0.39515718675655914, "max_depth": 14.681612718667136, "n_estimators": 47.38106903784778}, "datetime": {"datetime": "2021-09-21 15:40:52", "elapsed": 120.078554, "delta": 1.618202}}
{"target": -2.5618142052700645, "params": {"eta": 0.1692122074772644, "max_depth": 13.45177521372941, "n_estimators": 49.953400941611804}, "datetime": {"datetime": "2021-09-21 15:40:54", "elapsed": 121.609239, "delta": 1.530685}}
{"target": -2.5396871240515453, "params": {"eta": 0.2159234659910622, "max_depth": 13.1933697454317, "n_estimators": 48.215029705439306}, "datetime": {"datetime": "2021-09-21 15:40:55", "elapsed": 122.810363, "delta": 1.201124}}
{"target": -2.4863984873420315, "params": {"eta": 0.12335921076512278, "max_depth": 10.927966658302326, "n_estimators": 56.427648861835294}, "datetime": {"datetime": "2021-09-21 15:40:56", "elapsed": 123.947334, "delta": 1.136971}}
{"target": -2.489679835972033, "params": {"eta": 0.42874475425429986, "max_depth": 3.4019972800334735, "n_estimators": 52.42894838720745}, "datetime": {"datetime": "2021-09-21 15:40:57", "elapsed": 124.955163, "delta": 1.007829}}
{"target": -2.533541622914766, "params": {"eta": 0.3935799942831148, "max_depth": 3.3729262792746546, "n_estimators": 52.90473971955869}, "datetime": {"datetime": "2021-09-21 15:40:58", "elapsed": 125.480265, "delta": 0.525102}}
{"target": -2.6163540714665463, "params": {"eta": 0.16796141624331787, "max_depth": 18.917905070339803, "n_estimators": 47.526293905188524}, "datetime": {"datetime": "2021-09-21 15:40:59", "elapsed": 127.059896, "delta": 1.579631}}
{"target": -2.660520439398916, "params": {"eta": 0.06923970150368708, "max_depth": 12.561401538812653, "n_estimators": 49.262788595379796}, "datetime": {"datetime": "2021-09-21 15:41:00", "elapsed": 127.941984, "delta": 0.882088}}
{"target": -2.3580787821819906, "params": {"eta": 0.34319492026873605, "max_depth": 3.507860293538332, "n_estimators": 56.86004556084547}, "datetime": {"datetime": "2021-09-21 15:41:01", "elapsed": 129.106903, "delta": 1.164919}}
{"target": -2.4399314779984325, "params": {"eta": 0.3981972549602965, "max_depth": 3.3877638421236247, "n_estimators": 52.90926740118806}, "datetime": {"datetime": "2021-09-21 15:41:02", "elapsed": 129.711908, "delta": 0.605005}}
{"target": -2.509306765857496, "params": {"eta": 0.1586844131083538, "max_depth": 13.765318007836528, "n_estimators": 49.255883736864696}, "datetime": {"datetime": "2021-09-21 15:41:04", "elapsed": 131.572251, "delta": 1.860343}}
{"target": -2.491532680235411, "params": {"eta": 0.24028566145395963, "max_depth": 3.8439147054421348, "n_estimators": 56.8629892764658}, "datetime": {"datetime": "2021-09-21 15:41:05", "elapsed": 132.427874, "delta": 0.855623}}
{"target": -2.500361827172731, "params": {"eta": 0.3464630201349637, "max_depth": 13.779295435084311, "n_estimators": 49.16915535994497}, "datetime": {"datetime": "2021-09-21 15:41:06", "elapsed": 133.810209, "delta": 1.382335}}
{"target": -2.524656974014483, "params": {"eta": 0.09645448549766619, "max_depth": 22.156936773474044, "n_estimators": 43.64677028280818}, "datetime": {"datetime": "2021-09-21 15:41:07", "elapsed": 134.918833, "delta": 1.108624}}
{"target": -2.7642669332654854, "params": {"eta": 0.47530939940376493, "max_depth": 11.011833379702864, "n_estimators": 61.51437118100931}, "datetime": {"datetime": "2021-09-21 15:41:08", "elapsed": 136.127833, "delta": 1.209}}
{"target": -2.5979074998905785, "params": {"eta": 0.3255584154289998, "max_depth": 14.199188702509147, "n_estimators": 53.72046889098634}, "datetime": {"datetime": "2021-09-21 15:41:10", "elapsed": 138.104328, "delta": 1.976495}}
{"target": -2.5007821723034507, "params": {"eta": 0.1804241474569236, "max_depth": 3.4509182608768887, "n_estimators": 56.92663953439066}, "datetime": {"datetime": "2021-09-21 15:41:11", "elapsed": 138.750483, "delta": 0.646155}}
{"target": -2.374809839850978, "params": {"eta": 0.16088462244964402, "max_depth": 4.09697913188527, "n_estimators": 57.02402237677655}, "datetime": {"datetime": "2021-09-21 15:41:12", "elapsed": 139.658484, "delta": 0.908001}}
{"target": -2.4535781232934246, "params": {"eta": 0.09422708434917476, "max_depth": 22.08691894358285, "n_estimators": 63.005757606300904}, "datetime": {"datetime": "2021-09-21 15:41:14", "elapsed": 141.623122, "delta": 1.964638}}
{"target": -2.528579875042564, "params": {"eta": 0.07371196962780541, "max_depth": 12.269996568061742, "n_estimators": 62.30450774330682}, "datetime": {"datetime": "2021-09-21 15:41:15", "elapsed": 142.772636, "delta": 1.149514}}
{"target": -2.592647277681451, "params": {"eta": 0.3134519552722762, "max_depth": 3.438158451457814, "n_estimators": 56.93446090162774}, "datetime": {"datetime": "2021-09-21 15:41:16", "elapsed": 143.88638, "delta": 1.113744}}
{"target": -2.5200635477116236, "params": {"eta": 0.30024727642313953, "max_depth": 12.720541775459427, "n_estimators": 59.48624756573945}, "datetime": {"datetime": "2021-09-21 15:41:17", "elapsed": 145.032972, "delta": 1.146592}}
{"target": -2.2927154660224915, "params": {"eta": 0.18104719048635393, "max_depth": 4.017813114863074, "n_estimators": 60.74598799257922}, "datetime": {"datetime": "2021-09-21 15:41:18", "elapsed": 145.931977, "delta": 0.899005}}
{"target": -2.479279991827513, "params": {"eta": 0.2853616361868419, "max_depth": 4.084182489291938, "n_estimators": 56.81390430207038}, "datetime": {"datetime": "2021-09-21 15:41:19", "elapsed": 146.716974, "delta": 0.784997}}
{"target": -2.8530135512351986, "params": {"eta": 0.4955562641548159, "max_depth": 22.602057203871365, "n_estimators": 43.52979391407229}, "datetime": {"datetime": "2021-09-21 15:41:21", "elapsed": 148.721183, "delta": 2.004209}}
{"target": -2.4699268008533277, "params": {"eta": 0.1061081081617225, "max_depth": 4.132232044680426, "n_estimators": 56.954692751775056}, "datetime": {"datetime": "2021-09-21 15:41:22", "elapsed": 149.515627, "delta": 0.794444}}
{"target": -2.418665872122112, "params": {"eta": 0.225868334242186, "max_depth": 3.978900024444905, "n_estimators": 60.7054143845951}, "datetime": {"datetime": "2021-09-21 15:41:23", "elapsed": 150.591465, "delta": 1.075838}}
{"target": -2.546423061270463, "params": {"eta": 0.10592075297618425, "max_depth": 3.9995626309571053, "n_estimators": 60.67122725556339}, "datetime": {"datetime": "2021-09-21 15:41:24", "elapsed": 152.140765, "delta": 1.5493}}
{"target": -2.461604275201496, "params": {"eta": 0.3332035842044892, "max_depth": 4.034546250162768, "n_estimators": 60.801695289075724}, "datetime": {"datetime": "2021-09-21 15:41:25", "elapsed": 153.014614, "delta": 0.873849}}
{"target": -2.525629330308814, "params": {"eta": 0.13188368648472182, "max_depth": 15.28395914757557, "n_estimators": 40.10215897893658}, "datetime": {"datetime": "2021-09-21 15:41:26", "elapsed": 154.341664, "delta": 1.32705}}
{"target": -2.5202776576343338, "params": {"eta": 0.3966756860573116, "max_depth": 3.6866426483695083, "n_estimators": 57.00284351037611}, "datetime": {"datetime": "2021-09-21 15:41:28", "elapsed": 155.353403, "delta": 1.011739}}
{"target": -2.4887874101337637, "params": {"eta": 0.395326339674414, "max_depth": 3.4393386025485517, "n_estimators": 52.586544673202326}, "datetime": {"datetime": "2021-09-21 15:41:28", "elapsed": 156.063193, "delta": 0.70979}}
{"target": -2.349824322524823, "params": {"eta": 0.3679683323304159, "max_depth": 4.013141484545343, "n_estimators": 56.749950665923365}, "datetime": {"datetime": "2021-09-21 15:41:29", "elapsed": 156.880195, "delta": 0.817002}}
{"target": -2.636745141681872, "params": {"eta": 0.3128613797704842, "max_depth": 3.5694068397797833, "n_estimators": 56.736093888578345}, "datetime": {"datetime": "2021-09-21 15:41:30", "elapsed": 157.713771, "delta": 0.833576}}
{"target": -2.4175139998134814, "params": {"eta": 0.4177466287067815, "max_depth": 3.505469431892267, "n_estimators": 56.8450191843734}, "datetime": {"datetime": "2021-09-21 15:41:31", "elapsed": 158.493771, "delta": 0.78}}
{"target": -2.3944484083276043, "params": {"eta": 0.4236073699967856, "max_depth": 4.018462750662312, "n_estimators": 56.85206572296216}, "datetime": {"datetime": "2021-09-21 15:41:31", "elapsed": 159.330947, "delta": 0.837176}}
{"target": -2.49116178249058, "params": {"eta": 0.3607589708405133, "max_depth": 3.965276552602071, "n_estimators": 56.602226105228084}, "datetime": {"datetime": "2021-09-21 15:41:32", "elapsed": 160.070751, "delta": 0.739804}}
{"target": -2.454906653103076, "params": {"eta": 0.450197314439772, "max_depth": 3.582801718761581, "n_estimators": 52.81004476927544}, "datetime": {"datetime": "2021-09-21 15:41:33", "elapsed": 161.142421, "delta": 1.07167}}
{"target": -2.404059876893696, "params": {"eta": 0.22013421789345278, "max_depth": 3.950258944973201, "n_estimators": 60.85065872143149}, "datetime": {"datetime": "2021-09-21 15:41:34", "elapsed": 161.680768, "delta": 0.538347}}
{"target": -2.587482754180306, "params": {"eta": 0.24269802032833915, "max_depth": 13.676651844225958, "n_estimators": 49.188591371599614}, "datetime": {"datetime": "2021-09-21 15:41:35", "elapsed": 162.766818, "delta": 1.08605}}
{"target": -2.686821303242131, "params": {"eta": 0.485833972314148, "max_depth": 29.38117347048107, "n_estimators": 40.41119072160747}, "datetime": {"datetime": "2021-09-21 15:41:36", "elapsed": 164.15679, "delta": 1.389972}}
{"target": -2.742435185532821, "params": {"eta": 0.4872847055277308, "max_depth": 3.518223341201033, "n_estimators": 52.97456178332935}, "datetime": {"datetime": "2021-09-21 15:41:37", "elapsed": 165.146654, "delta": 0.989864}}
{"target": -2.5690618351886148, "params": {"eta": 0.08732259762877143, "max_depth": 28.83436391132125, "n_estimators": 53.988696182207995}, "datetime": {"datetime": "2021-09-21 15:41:39", "elapsed": 166.414067, "delta": 1.267413}}
{"target": -2.4629160090496667, "params": {"eta": 0.14432410198735418, "max_depth": 3.9310978657364153, "n_estimators": 60.80873807044226}, "datetime": {"datetime": "2021-09-21 15:41:39", "elapsed": 167.278656, "delta": 0.864589}}
{"target": -2.541385739728024, "params": {"eta": 0.15820893972575897, "max_depth": 13.29333654693415, "n_estimators": 51.346095188449354}, "datetime": {"datetime": "2021-09-21 15:41:42", "elapsed": 169.392331, "delta": 2.113675}}
{"target": -2.5782709184445833, "params": {"eta": 0.2679442042398712, "max_depth": 27.90861090241713, "n_estimators": 42.65523747177824}, "datetime": {"datetime": "2021-09-21 15:41:43", "elapsed": 170.650736, "delta": 1.258405}}
{"target": -2.4170852366246676, "params": {"eta": 0.42911992474262545, "max_depth": 3.5733032159033793, "n_estimators": 56.938942333260755}, "datetime": {"datetime": "2021-09-21 15:41:44", "elapsed": 172.174148, "delta": 1.523412}}
{"target": -2.6077038194003856, "params": {"eta": 0.3133062466737052, "max_depth": 4.113040563622063, "n_estimators": 56.99405549463462}, "datetime": {"datetime": "2021-09-21 15:41:46", "elapsed": 173.521143, "delta": 1.346995}}
{"target": -2.5709506637171695, "params": {"eta": 0.411418716114956, "max_depth": 13.669287943307792, "n_estimators": 42.3555883842633}, "datetime": {"datetime": "2021-09-21 15:41:47", "elapsed": 174.580456, "delta": 1.059313}}
{"target": -2.4035888282876265, "params": {"eta": 0.42389564289499404, "max_depth": 10.17366748606699, "n_estimators": 50.520702755336266}, "datetime": {"datetime": "2021-09-21 15:41:48", "elapsed": 175.826206, "delta": 1.24575}}
{"target": -2.7468421816825868, "params": {"eta": 0.47793085969117033, "max_depth": 3.7508087392372236, "n_estimators": 57.076100517322985}, "datetime": {"datetime": "2021-09-21 15:41:49", "elapsed": 176.891416, "delta": 1.06521}}
{"target": -2.479718879022096, "params": {"eta": 0.16189949093106715, "max_depth": 26.455144127783754, "n_estimators": 62.83726754687741}, "datetime": {"datetime": "2021-09-21 15:41:51", "elapsed": 179.040159, "delta": 2.148743}}
{"target": -2.6319111391117698, "params": {"eta": 0.4087887128802218, "max_depth": 17.69642539024381, "n_estimators": 63.60082246849508}, "datetime": {"datetime": "2021-09-21 15:41:53", "elapsed": 180.954473, "delta": 1.914314}}
{"target": -2.6427013516426086, "params": {"eta": 0.39109950306173785, "max_depth": 4.059705915083915, "n_estimators": 56.704944578090846}, "datetime": {"datetime": "2021-09-21 15:41:54", "elapsed": 182.005332, "delta": 1.050859}}
{"target": -2.662513144392716, "params": {"eta": 0.496309120644767, "max_depth": 3.4726269123035665, "n_estimators": 52.74973152448045}, "datetime": {"datetime": "2021-09-21 15:41:56", "elapsed": 183.350527, "delta": 1.345195}}
{"target": -2.400691273337916, "params": {"eta": 0.365066493742976, "max_depth": 3.8169231858061297, "n_estimators": 57.02102373517413}, "datetime": {"datetime": "2021-09-21 15:41:57", "elapsed": 184.351056, "delta": 1.000529}}
{"target": -2.5228695173012583, "params": {"eta": 0.33960854170424787, "max_depth": 19.062766159936437, "n_estimators": 57.434038859815715}, "datetime": {"datetime": "2021-09-21 15:41:58", "elapsed": 186.133832, "delta": 1.782776}}
{"target": -2.5648125811627036, "params": {"eta": 0.24911719114387354, "max_depth": 27.142511265010697, "n_estimators": 42.25496736867605}, "datetime": {"datetime": "2021-09-21 15:42:00", "elapsed": 188.329189, "delta": 2.195357}}
{"target": -2.5065695179136176, "params": {"eta": 0.27189592742576757, "max_depth": 4.044900736951298, "n_estimators": 60.86555950936193}, "datetime": {"datetime": "2021-09-21 15:42:02", "elapsed": 189.763189, "delta": 1.434}}
{"target": -2.5345184144220854, "params": {"eta": 0.3943656301317637, "max_depth": 3.565491272219388, "n_estimators": 53.33362959750497}, "datetime": {"datetime": "2021-09-21 15:42:03", "elapsed": 190.581188, "delta": 0.817999}}
{"target": -2.471370800545341, "params": {"eta": 0.10702001289513971, "max_depth": 12.78319842820068, "n_estimators": 49.27776258645187}, "datetime": {"datetime": "2021-09-21 15:42:05", "elapsed": 193.272163, "delta": 2.690975}}
{"target": -2.5007752468711453, "params": {"eta": 0.4394223696231832, "max_depth": 3.837962974420519, "n_estimators": 56.93496953949863}, "datetime": {"datetime": "2021-09-21 15:42:07", "elapsed": 194.458429, "delta": 1.186266}}
{"target": -2.5123726505982247, "params": {"eta": 0.10106334581080934, "max_depth": 24.416138537799178, "n_estimators": 54.53861436967385}, "datetime": {"datetime": "2021-09-21 15:42:09", "elapsed": 196.558392, "delta": 2.099963}}
{"target": -2.476151581186997, "params": {"eta": 0.10009344990105459, "max_depth": 12.768618075899345, "n_estimators": 49.28042492057821}, "datetime": {"datetime": "2021-09-21 15:42:11", "elapsed": 198.577302, "delta": 2.01891}}
{"target": -2.5415812235129507, "params": {"eta": 0.394337152498823, "max_depth": 3.9191551155716082, "n_estimators": 56.76450082283418}, "datetime": {"datetime": "2021-09-21 15:42:13", "elapsed": 200.860074, "delta": 2.282772}}
{"target": -2.4936666978032966, "params": {"eta": 0.13039093255860676, "max_depth": 15.302449713447979, "n_estimators": 40.07891596468836}, "datetime": {"datetime": "2021-09-21 15:42:15", "elapsed": 202.541652, "delta": 1.681578}}
{"target": -2.3562466521012153, "params": {"eta": 0.1922239852256174, "max_depth": 4.035015758950902, "n_estimators": 56.84127724475705}, "datetime": {"datetime": "2021-09-21 15:42:16", "elapsed": 203.882611, "delta": 1.340959}}
{"target": -2.4711192626702156, "params": {"eta": 0.24247709006485807, "max_depth": 3.850031071216014, "n_estimators": 50.58425172769387}, "datetime": {"datetime": "2021-09-21 15:42:17", "elapsed": 204.907614, "delta": 1.025003}}
{"target": -2.462654148904901, "params": {"eta": 0.4548250274330669, "max_depth": 3.7347525853157473, "n_estimators": 56.630791738012604}, "datetime": {"datetime": "2021-09-21 15:42:18", "elapsed": 206.211937, "delta": 1.304323}}
{"target": -2.501717249970687, "params": {"eta": 0.2949044311430933, "max_depth": 10.073685057809687, "n_estimators": 54.861801168515576}, "datetime": {"datetime": "2021-09-21 15:42:20", "elapsed": 208.0595, "delta": 1.847563}}
{"target": -2.454413692574752, "params": {"eta": 0.1043011462811675, "max_depth": 4.0658384601567645, "n_estimators": 57.110853066589605}, "datetime": {"datetime": "2021-09-21 15:42:22", "elapsed": 209.891539, "delta": 1.832039}}
{"target": -2.578846883773804, "params": {"eta": 0.2330192392938394, "max_depth": 20.981731754287534, "n_estimators": 50.61893573874711}, "datetime": {"datetime": "2021-09-21 15:42:25", "elapsed": 212.838889, "delta": 2.94735}}
{"target": -2.4039995833447105, "params": {"eta": 0.43191059141909305, "max_depth": 3.66147222552046, "n_estimators": 56.790721523794886}, "datetime": {"datetime": "2021-09-21 15:42:27", "elapsed": 214.959862, "delta": 2.120973}}
{"target": -2.4032042327680085, "params": {"eta": 0.27959910161620294, "max_depth": 3.8574112600709904, "n_estimators": 60.827593911433354}, "datetime": {"datetime": "2021-09-21 15:42:29", "elapsed": 216.784517, "delta": 1.824655}}
{"target": -2.619782182417418, "params": {"eta": 0.2876682517102183, "max_depth": 23.413946775911498, "n_estimators": 62.59365793750927}, "datetime": {"datetime": "2021-09-21 15:42:32", "elapsed": 219.903632, "delta": 3.119115}}
{"target": -2.487711841809122, "params": {"eta": 0.3795022857183997, "max_depth": 3.5520242631046166, "n_estimators": 52.753726508711225}, "datetime": {"datetime": "2021-09-21 15:42:34", "elapsed": 221.712185, "delta": 1.808553}}
