{"target": 0.8296344981218524, "params": {"eta": 0.15174881676455587, "max_depth": 6.345638397384517, "n_estimators": 18.617197594784578}, "datetime": {"datetime": "2021-09-17 18:30:14", "elapsed": 103.176913, "delta": 1.023621}}
{"target": 0.8273026237619858, "params": {"eta": 0.2700562264418741, "max_depth": 6.006453560596354, "n_estimators": 18.573266020136113}, "datetime": {"datetime": "2021-09-17 18:30:15", "elapsed": 104.383106, "delta": 1.206193}}
{"target": 0.7507897257974256, "params": {"eta": 0.5891444411250365, "max_depth": 8.911784018257695, "n_estimators": 8.698939791932183}, "datetime": {"datetime": "2021-09-17 18:30:16", "elapsed": 104.957105, "delta": 0.573999}}
{"target": 0.8431590527836645, "params": {"eta": 0.44943462577061855, "max_depth": 7.484054713582372, "n_estimators": 10.29729460432171}, "datetime": {"datetime": "2021-09-17 18:30:16", "elapsed": 105.491103, "delta": 0.533998}}
{"target": 0.7465070353911119, "params": {"eta": 0.726475423909743, "max_depth": 17.769536731076553, "n_estimators": 19.736588214253633}, "datetime": {"datetime": "2021-09-17 18:30:17", "elapsed": 106.518697, "delta": 1.027594}}
{"target": 0.8335887868107034, "params": {"eta": 0.2796444598827954, "max_depth": 15.071017705216125, "n_estimators": 16.56237260899666}, "datetime": {"datetime": "2021-09-17 18:30:18", "elapsed": 107.2597, "delta": 0.741003}}
{"target": 0.8311596051194907, "params": {"eta": 0.3443665973404112, "max_depth": 4.883951673768159, "n_estimators": 8.733635360473237}, "datetime": {"datetime": "2021-09-17 18:30:19", "elapsed": 108.253352, "delta": 0.993652}}
{"target": 0.8320068912989457, "params": {"eta": 0.5103205076381059, "max_depth": 6.707944537187569, "n_estimators": 18.2335520728494}, "datetime": {"datetime": "2021-09-17 18:30:20", "elapsed": 109.260346, "delta": 1.006994}}
{"target": 0.814288634948267, "params": {"eta": 0.5148847691932585, "max_depth": 17.23066075156416, "n_estimators": 11.33354064595282}, "datetime": {"datetime": "2021-09-17 18:30:21", "elapsed": 109.956501, "delta": 0.696155}}
{"target": 0.8478551712333765, "params": {"eta": 0.28196976012060987, "max_depth": 6.715854006905082, "n_estimators": 18.558067202875286}, "datetime": {"datetime": "2021-09-17 18:30:22", "elapsed": 111.074493, "delta": 1.117992}}
{"target": 0.7892072608856677, "params": {"eta": 0.5978243092555454, "max_depth": 5.337941598811183, "n_estimators": 17.965075464817975}, "datetime": {"datetime": "2021-09-17 18:30:23", "elapsed": 112.077753, "delta": 1.00326}}
{"target": 0.8453780458087679, "params": {"eta": 0.2942591657788931, "max_depth": 6.6155343061532825, "n_estimators": 17.85471354107186}, "datetime": {"datetime": "2021-09-17 18:30:24", "elapsed": 113.058414, "delta": 0.980661}}
{"target": 0.8564963048857223, "params": {"eta": 0.4406928895668748, "max_depth": 17.33514844663997, "n_estimators": 19.710096454573087}, "datetime": {"datetime": "2021-09-17 18:30:25", "elapsed": 113.811048, "delta": 0.752634}}
{"target": 0.7717197093055459, "params": {"eta": 0.6939792767129656, "max_depth": 6.362123886670608, "n_estimators": 13.176125702143175}, "datetime": {"datetime": "2021-09-17 18:30:25", "elapsed": 114.539048, "delta": 0.728}}
{"target": 0.7595808678297458, "params": {"eta": 0.7363231678833421, "max_depth": 4.491609613134837, "n_estimators": 15.82385480820345}, "datetime": {"datetime": "2021-09-17 18:30:26", "elapsed": 115.513049, "delta": 0.974001}}
{"target": 0.8529513284153443, "params": {"eta": 0.38662465481629915, "max_depth": 5.426751490246948, "n_estimators": 17.664370751669075}, "datetime": {"datetime": "2021-09-17 18:30:27", "elapsed": 116.58757, "delta": 1.074521}}
{"target": 0.542314508417077, "params": {"eta": 0.12777040737216647, "max_depth": 9.23022533371137, "n_estimators": 12.41457839194347}, "datetime": {"datetime": "2021-09-17 18:30:28", "elapsed": 117.544571, "delta": 0.957001}}
{"target": 0.7850637562141002, "params": {"eta": 0.28720414464704974, "max_depth": 5.018570546251597, "n_estimators": 8.379375484361198}, "datetime": {"datetime": "2021-09-17 18:30:29", "elapsed": 118.471456, "delta": 0.926885}}
{"target": 0.7864794031510615, "params": {"eta": 0.13507738645959305, "max_depth": 6.826408326694544, "n_estimators": 18.160535739150184}, "datetime": {"datetime": "2021-09-17 18:30:30", "elapsed": 119.326454, "delta": 0.854998}}
{"target": 0.7934588671559134, "params": {"eta": 0.7081225749066613, "max_depth": 8.907668219496907, "n_estimators": 12.29044931419883}, "datetime": {"datetime": "2021-09-17 18:30:31", "elapsed": 120.554707, "delta": 1.228253}}
{"target": 0.8279985982879773, "params": {"eta": 0.39000581054389416, "max_depth": 6.3657708466917775, "n_estimators": 18.333904128887944}, "datetime": {"datetime": "2021-09-17 18:30:32", "elapsed": 121.314703, "delta": 0.759996}}
{"target": 0.8409500279287838, "params": {"eta": 0.32654118639569407, "max_depth": 17.12637436815247, "n_estimators": 19.955329254012778}, "datetime": {"datetime": "2021-09-17 18:30:33", "elapsed": 122.518373, "delta": 1.20367}}
{"target": 0.8335044598860102, "params": {"eta": 0.3880090406537079, "max_depth": 6.555450653266085, "n_estimators": 17.486092751273574}, "datetime": {"datetime": "2021-09-17 18:30:34", "elapsed": 123.510082, "delta": 0.991709}}
{"target": 0.8631751308654038, "params": {"eta": 0.4629220981418888, "max_depth": 5.505652706738216, "n_estimators": 17.02727933608218}, "datetime": {"datetime": "2021-09-17 18:30:35", "elapsed": 124.47896, "delta": 0.968878}}
{"target": -0.22035416347635506, "params": {"eta": 0.1097193948667452, "max_depth": 15.935322241450411, "n_estimators": 8.129199019759204}, "datetime": {"datetime": "2021-09-17 18:30:36", "elapsed": 125.060962, "delta": 0.582002}}
{"target": 0.7959259712941564, "params": {"eta": 0.6979085937222959, "max_depth": 5.488603513297372, "n_estimators": 16.769850179287822}, "datetime": {"datetime": "2021-09-17 18:30:37", "elapsed": 126.136008, "delta": 1.075046}}
{"target": 0.8490543062415626, "params": {"eta": 0.3029974721698989, "max_depth": 5.430366219748498, "n_estimators": 16.661751761777445}, "datetime": {"datetime": "2021-09-17 18:30:38", "elapsed": 127.120009, "delta": 0.984001}}
{"target": 0.8300997334628146, "params": {"eta": 0.3372837633458009, "max_depth": 9.052059646804835, "n_estimators": 11.720793956420042}, "datetime": {"datetime": "2021-09-17 18:30:39", "elapsed": 127.837793, "delta": 0.717784}}
{"target": 0.8294690055578733, "params": {"eta": 0.461631755278357, "max_depth": 15.698446850807539, "n_estimators": 8.695830313289088}, "datetime": {"datetime": "2021-09-17 18:30:40", "elapsed": 129.140793, "delta": 1.303}}
{"target": 0.8102187138643262, "params": {"eta": 0.5618558808188306, "max_depth": 9.238459144604745, "n_estimators": 11.97541064406787}, "datetime": {"datetime": "2021-09-17 18:30:41", "elapsed": 130.246481, "delta": 1.105688}}
{"target": 0.84676797812269, "params": {"eta": 0.4711398921164277, "max_depth": 8.755254291401615, "n_estimators": 11.958100129941865}, "datetime": {"datetime": "2021-09-17 18:30:42", "elapsed": 131.453865, "delta": 1.207384}}
{"target": 0.7915201391777227, "params": {"eta": 0.6572675088907644, "max_depth": 15.62915818349647, "n_estimators": 8.352241048007091}, "datetime": {"datetime": "2021-09-17 18:30:44", "elapsed": 132.615339, "delta": 1.161474}}
{"target": 0.7856449406208345, "params": {"eta": 0.32980673022016754, "max_depth": 10.688824200699779, "n_estimators": 7.92485874273967}, "datetime": {"datetime": "2021-09-17 18:30:44", "elapsed": 133.350338, "delta": 0.734999}}
{"target": 0.7545165378928781, "params": {"eta": 0.18972937073940077, "max_depth": 4.57577429716004, "n_estimators": 11.308764079410631}, "datetime": {"datetime": "2021-09-17 18:30:45", "elapsed": 134.012185, "delta": 0.661847}}
{"target": 0.761348905252931, "params": {"eta": 0.7823549354218943, "max_depth": 8.949577801991563, "n_estimators": 11.815152847029434}, "datetime": {"datetime": "2021-09-17 18:30:46", "elapsed": 135.023182, "delta": 1.010997}}
{"target": 0.8284904438000088, "params": {"eta": 0.1657833781513857, "max_depth": 5.679828617000492, "n_estimators": 17.024033889105517}, "datetime": {"datetime": "2021-09-17 18:30:47", "elapsed": 136.052515, "delta": 1.029333}}
{"target": 0.820816172430501, "params": {"eta": 0.18451653071587876, "max_depth": 5.268067698722998, "n_estimators": 16.965495044602953}, "datetime": {"datetime": "2021-09-17 18:30:48", "elapsed": 137.07252, "delta": 1.020005}}
{"target": 0.7418854393287508, "params": {"eta": 0.7764035743940052, "max_depth": 12.968745546767805, "n_estimators": 9.995800961551478}, "datetime": {"datetime": "2021-09-17 18:30:49", "elapsed": 137.737511, "delta": 0.664991}}
{"target": 0.8483570972792147, "params": {"eta": 0.4311731218822824, "max_depth": 5.8600995571505194, "n_estimators": 16.70425487828726}, "datetime": {"datetime": "2021-09-17 18:30:50", "elapsed": 139.156518, "delta": 1.419007}}
{"target": 0.6939665985776173, "params": {"eta": 0.12048878043096117, "max_depth": 5.708283640128595, "n_estimators": 16.581592764740247}, "datetime": {"datetime": "2021-09-17 18:30:52", "elapsed": 140.840387, "delta": 1.683869}}
{"target": 0.8072894323967402, "params": {"eta": 0.539766506980702, "max_depth": 5.867732138850638, "n_estimators": 17.045045481455283}, "datetime": {"datetime": "2021-09-17 18:30:53", "elapsed": 142.121718, "delta": 1.281331}}
{"target": 0.7347342109422881, "params": {"eta": 0.7825901622155076, "max_depth": 11.547716085747732, "n_estimators": 16.088949247773403}, "datetime": {"datetime": "2021-09-17 18:30:54", "elapsed": 142.974357, "delta": 0.852639}}
{"target": 0.8284978009100634, "params": {"eta": 0.2751291921258546, "max_depth": 9.512601672864252, "n_estimators": 11.727284533608298}, "datetime": {"datetime": "2021-09-17 18:30:55", "elapsed": 144.331622, "delta": 1.357265}}
{"target": 0.8566559682570809, "params": {"eta": 0.434552863938398, "max_depth": 4.735795328483189, "n_estimators": 16.339529203572532}, "datetime": {"datetime": "2021-09-17 18:30:57", "elapsed": 145.76669, "delta": 1.435068}}
{"target": 0.7968547067289193, "params": {"eta": 0.3185100298386466, "max_depth": 16.853824028649168, "n_estimators": 8.978010162276076}, "datetime": {"datetime": "2021-09-17 18:30:57", "elapsed": 146.430371, "delta": 0.663681}}
{"target": 0.8451697673003065, "params": {"eta": 0.49288700438451105, "max_depth": 5.050255185784829, "n_estimators": 17.20307313277413}, "datetime": {"datetime": "2021-09-17 18:30:58", "elapsed": 147.607377, "delta": 1.177006}}
{"target": 0.7627292120130423, "params": {"eta": 0.1319879001668985, "max_depth": 14.779303921064177, "n_estimators": 18.27371682831796}, "datetime": {"datetime": "2021-09-17 18:30:59", "elapsed": 148.311905, "delta": 0.704528}}
{"target": 0.78130364389581, "params": {"eta": 0.14063392365470362, "max_depth": 14.561935833205425, "n_estimators": 18.527213904964185}, "datetime": {"datetime": "2021-09-17 18:31:01", "elapsed": 149.620902, "delta": 1.308997}}
{"target": 0.8367613580980707, "params": {"eta": 0.3564155405138518, "max_depth": 14.715355168427616, "n_estimators": 18.393340225904133}, "datetime": {"datetime": "2021-09-17 18:31:02", "elapsed": 150.846315, "delta": 1.225413}}
{"target": 0.8319076296535819, "params": {"eta": 0.47742258532319426, "max_depth": 9.741000108476962, "n_estimators": 11.934363501621686}, "datetime": {"datetime": "2021-09-17 18:31:03", "elapsed": 152.275515, "delta": 1.4292}}
{"target": 0.13652255884436215, "params": {"eta": 0.1, "max_depth": 9.8294174531993, "n_estimators": 11.91670509893026}, "datetime": {"datetime": "2021-09-17 18:31:05", "elapsed": 153.724258, "delta": 1.448743}}
{"target": 0.7815853416016141, "params": {"eta": 0.6478498476510199, "max_depth": 9.536576010699669, "n_estimators": 11.671960716546332}, "datetime": {"datetime": "2021-09-17 18:31:06", "elapsed": 155.08443, "delta": 1.360172}}
{"target": 0.8220058981563284, "params": {"eta": 0.3349670029489581, "max_depth": 8.58412963717051, "n_estimators": 12.310151979680194}, "datetime": {"datetime": "2021-09-17 18:31:07", "elapsed": 156.189326, "delta": 1.104896}}
{"target": 0.8490510093131101, "params": {"eta": 0.2750646393277889, "max_depth": 7.7510918844576135, "n_estimators": 17.599978520124196}, "datetime": {"datetime": "2021-09-17 18:31:08", "elapsed": 156.978327, "delta": 0.789001}}
{"target": 0.7355987147278644, "params": {"eta": 0.7909668649034657, "max_depth": 9.897714023006655, "n_estimators": 12.025486392950185}, "datetime": {"datetime": "2021-09-17 18:31:09", "elapsed": 157.931602, "delta": 0.953275}}
{"target": 0.841139767440744, "params": {"eta": 0.4943368131708501, "max_depth": 5.178150281031694, "n_estimators": 16.434423231182073}, "datetime": {"datetime": "2021-09-17 18:31:10", "elapsed": 159.348601, "delta": 1.416999}}
{"target": 0.6109578363075954, "params": {"eta": 0.1, "max_depth": 7.460370139507024, "n_estimators": 17.696767649479376}, "datetime": {"datetime": "2021-09-17 18:31:11", "elapsed": 160.344755, "delta": 0.996154}}
{"target": 0.8245655562088627, "params": {"eta": 0.5374411986561313, "max_depth": 6.05778104497988, "n_estimators": 15.704876129827815}, "datetime": {"datetime": "2021-09-17 18:31:12", "elapsed": 161.062287, "delta": 0.717532}}
{"target": 0.8562324560749812, "params": {"eta": 0.45840793399761504, "max_depth": 7.806064552375487, "n_estimators": 17.27757555744858}, "datetime": {"datetime": "2021-09-17 18:31:14", "elapsed": 162.886355, "delta": 1.824068}}
{"target": 0.8424476719400877, "params": {"eta": 0.27244701027720175, "max_depth": 8.158985699680468, "n_estimators": 17.498216952219153}, "datetime": {"datetime": "2021-09-17 18:31:15", "elapsed": 164.063594, "delta": 1.177239}}
{"target": 0.7923873035593996, "params": {"eta": 0.605226232754478, "max_depth": 4.936055714232314, "n_estimators": 17.532332839638904}, "datetime": {"datetime": "2021-09-17 18:31:16", "elapsed": 165.306594, "delta": 1.243}}
{"target": 0.838952618439456, "params": {"eta": 0.18794552640633988, "max_depth": 7.933725188930019, "n_estimators": 17.173903551051545}, "datetime": {"datetime": "2021-09-17 18:31:17", "elapsed": 166.356536, "delta": 1.049942}}
{"target": 0.8367548799233726, "params": {"eta": 0.5543731655708873, "max_depth": 9.585288592130931, "n_estimators": 12.135709410350653}, "datetime": {"datetime": "2021-09-17 18:31:18", "elapsed": 167.599533, "delta": 1.242997}}
{"target": 0.8379688609258275, "params": {"eta": 0.19449411660538324, "max_depth": 4.900412748079319, "n_estimators": 18.738092408523197}, "datetime": {"datetime": "2021-09-17 18:31:19", "elapsed": 168.360938, "delta": 0.761405}}
{"target": 0.6668872540924174, "params": {"eta": 0.14906606350678114, "max_depth": 19.59753615596179, "n_estimators": 12.259629375082618}, "datetime": {"datetime": "2021-09-17 18:31:20", "elapsed": 169.150934, "delta": 0.789996}}
{"target": 0.8246719426305477, "params": {"eta": 0.2819739484866549, "max_depth": 7.453847214692825, "n_estimators": 14.991975208298907}, "datetime": {"datetime": "2021-09-17 18:31:21", "elapsed": 169.933447, "delta": 0.782513}}
{"target": 0.8253414656946209, "params": {"eta": 0.5553993000858657, "max_depth": 8.135659991899976, "n_estimators": 17.20476342991395}, "datetime": {"datetime": "2021-09-17 18:31:22", "elapsed": 171.086483, "delta": 1.153036}}
{"target": 0.8313484137036701, "params": {"eta": 0.4015051233102649, "max_depth": 8.013698640063641, "n_estimators": 17.813022519095664}, "datetime": {"datetime": "2021-09-17 18:31:23", "elapsed": 172.38523, "delta": 1.298747}}
{"target": 0.14716240518271195, "params": {"eta": 0.13564343032331558, "max_depth": 8.832241597514246, "n_estimators": 8.310984927578392}, "datetime": {"datetime": "2021-09-17 18:31:24", "elapsed": 173.15289, "delta": 0.76766}}
{"target": 0.7734650081683863, "params": {"eta": 0.6956897532524023, "max_depth": 4.923040547774663, "n_estimators": 16.571243503099346}, "datetime": {"datetime": "2021-09-17 18:31:25", "elapsed": 174.5261, "delta": 1.37321}}
{"target": 0.7590619818261326, "params": {"eta": 0.6932865427597626, "max_depth": 19.846357115662656, "n_estimators": 12.445035787384697}, "datetime": {"datetime": "2021-09-17 18:31:27", "elapsed": 176.443763, "delta": 1.917663}}
{"target": 0.8353727720359753, "params": {"eta": 0.36493250934808397, "max_depth": 4.581070512430541, "n_estimators": 9.034195332188473}, "datetime": {"datetime": "2021-09-17 18:31:28", "elapsed": 177.27576, "delta": 0.831997}}
{"target": 0.8225086284940286, "params": {"eta": 0.3901491531891669, "max_depth": 18.20150964881755, "n_estimators": 19.337291772344354}, "datetime": {"datetime": "2021-09-17 18:31:30", "elapsed": 178.827704, "delta": 1.551944}}
{"target": 0.571976007124164, "params": {"eta": 0.1075544298005041, "max_depth": 4.8062727021204195, "n_estimators": 15.846810767423602}, "datetime": {"datetime": "2021-09-17 18:31:31", "elapsed": 180.079724, "delta": 1.25202}}
{"target": 0.8354585593039814, "params": {"eta": 0.27333828469688914, "max_depth": 15.072606234250586, "n_estimators": 16.5649819116012}, "datetime": {"datetime": "2021-09-17 18:31:32", "elapsed": 180.935727, "delta": 0.856003}}
{"target": 0.8387658724342237, "params": {"eta": 0.2033129458288841, "max_depth": 5.287032800812744, "n_estimators": 18.548725602484225}, "datetime": {"datetime": "2021-09-17 18:31:33", "elapsed": 182.431494, "delta": 1.495767}}
{"target": 0.7674584408213991, "params": {"eta": 0.6131924693898841, "max_depth": 5.0570175076926045, "n_estimators": 18.59313659878119}, "datetime": {"datetime": "2021-09-17 18:31:35", "elapsed": 183.817114, "delta": 1.38562}}
{"target": 0.8356168894419408, "params": {"eta": 0.22738665641354208, "max_depth": 5.6046489795043, "n_estimators": 18.80667191177861}, "datetime": {"datetime": "2021-09-17 18:31:36", "elapsed": 185.285784, "delta": 1.46867}}
{"target": 0.7959084364069569, "params": {"eta": 0.6616395339279092, "max_depth": 5.654497664643332, "n_estimators": 15.824336010357351}, "datetime": {"datetime": "2021-09-17 18:31:38", "elapsed": 187.201916, "delta": 1.916132}}
{"target": 0.8536793197206423, "params": {"eta": 0.4037817518189529, "max_depth": 5.324816566207117, "n_estimators": 19.01573843936569}, "datetime": {"datetime": "2021-09-17 18:31:39", "elapsed": 188.565119, "delta": 1.363203}}
{"target": 0.8271536161883876, "params": {"eta": 0.24411465935992552, "max_depth": 13.95553767756053, "n_estimators": 17.44869254956626}, "datetime": {"datetime": "2021-09-17 18:31:40", "elapsed": 189.49212, "delta": 0.927001}}
{"target": 0.8326100665186397, "params": {"eta": 0.201023975387623, "max_depth": 5.3124852427222, "n_estimators": 19.288246735923273}, "datetime": {"datetime": "2021-09-17 18:31:42", "elapsed": 191.055872, "delta": 1.563752}}
{"target": 0.751683861479879, "params": {"eta": 0.12522527261722066, "max_depth": 5.212931016894506, "n_estimators": 18.818711615703126}, "datetime": {"datetime": "2021-09-17 18:31:43", "elapsed": 192.498247, "delta": 1.442375}}
{"target": 0.8305101782877357, "params": {"eta": 0.5065914353925116, "max_depth": 5.644863226040373, "n_estimators": 19.205023906865115}, "datetime": {"datetime": "2021-09-17 18:31:44", "elapsed": 193.57886, "delta": 1.080613}}
{"target": 0.7959208293682004, "params": {"eta": 0.21786624773203078, "max_depth": 9.969758323462518, "n_estimators": 12.942333648199106}, "datetime": {"datetime": "2021-09-17 18:31:45", "elapsed": 194.388146, "delta": 0.809286}}
{"target": 0.8081680121899206, "params": {"eta": 0.5620659074709766, "max_depth": 5.2549489182722535, "n_estimators": 19.325037315245382}, "datetime": {"datetime": "2021-09-17 18:31:47", "elapsed": 195.727147, "delta": 1.339001}}
{"target": 0.8301006821047825, "params": {"eta": 0.18195138906627756, "max_depth": 16.417700377572302, "n_estimators": 16.985839937686627}, "datetime": {"datetime": "2021-09-17 18:31:48", "elapsed": 196.679927, "delta": 0.95278}}
{"target": 0.8574129140432367, "params": {"eta": 0.43894967773053095, "max_depth": 4.930380832083861, "n_estimators": 19.00871553249186}, "datetime": {"datetime": "2021-09-17 18:31:49", "elapsed": 197.941058, "delta": 1.261131}}
{"target": 0.8442359068082915, "params": {"eta": 0.31046580797799495, "max_depth": 4.576657222598778, "n_estimators": 18.955541249149775}, "datetime": {"datetime": "2021-09-17 18:31:51", "elapsed": 199.690059, "delta": 1.749001}}
{"target": 0.809142580898704, "params": {"eta": 0.14055845740256007, "max_depth": 4.8684609694534995, "n_estimators": 19.252732671014478}, "datetime": {"datetime": "2021-09-17 18:31:52", "elapsed": 201.4919, "delta": 1.801841}}
{"target": 0.8187501896141358, "params": {"eta": 0.26200203976702985, "max_depth": 9.074461076799675, "n_estimators": 15.90111867682391}, "datetime": {"datetime": "2021-09-17 18:31:53", "elapsed": 202.425896, "delta": 0.933996}}
{"target": 0.8001760071158392, "params": {"eta": 0.5838482466123397, "max_depth": 4.687222337219577, "n_estimators": 18.78382298172312}, "datetime": {"datetime": "2021-09-17 18:31:54", "elapsed": 203.603573, "delta": 1.177677}}
{"target": 0.794107643909188, "params": {"eta": 0.13072047983126844, "max_depth": 5.756677942031699, "n_estimators": 19.249856603004897}, "datetime": {"datetime": "2021-09-17 18:31:56", "elapsed": 205.334178, "delta": 1.730605}}
{"target": 0.8194392062178147, "params": {"eta": 0.49553656802904567, "max_depth": 4.645088426871435, "n_estimators": 19.336509180073197}, "datetime": {"datetime": "2021-09-17 18:31:58", "elapsed": 206.765392, "delta": 1.431214}}
{"target": 0.8320014019129174, "params": {"eta": 0.48683610488508844, "max_depth": 7.87454592773401, "n_estimators": 16.887206471530355}, "datetime": {"datetime": "2021-09-17 18:32:00", "elapsed": 208.646642, "delta": 1.88125}}
{"target": 0.8352925738857023, "params": {"eta": 0.20035649251327936, "max_depth": 8.333681764777701, "n_estimators": 17.008228772631107}, "datetime": {"datetime": "2021-09-17 18:32:02", "elapsed": 210.615851, "delta": 1.969209}}
