{"target": -2.5711916151799654, "params": {"eta": 0.3318444041643428, "max_depth": 7.459609310587533, "n_estimators": 16.558170236081576}, "datetime": {"datetime": "2021-09-17 13:01:01", "elapsed": 73.79035, "delta": 0.696061}}
{"target": -2.5874841809272766, "params": {"eta": 0.3309104163421575, "max_depth": 7.232488483992221, "n_estimators": 16.130994704367335}, "datetime": {"datetime": "2021-09-17 13:01:02", "elapsed": 74.605352, "delta": 0.815002}}
{"target": -2.5261771754214637, "params": {"eta": 0.38519855355626, "max_depth": 7.532292298943383, "n_estimators": 16.795113762681396}, "datetime": {"datetime": "2021-09-17 13:01:02", "elapsed": 75.348346, "delta": 0.742994}}
{"target": -2.609933593398646, "params": {"eta": 0.3267633527758308, "max_depth": 7.272123227264723, "n_estimators": 16.484980892208647}, "datetime": {"datetime": "2021-09-17 13:01:03", "elapsed": 75.963062, "delta": 0.614716}}
{"target": -2.566955570170754, "params": {"eta": 0.4277551978284, "max_depth": 7.227220724932692, "n_estimators": 16.288375625812037}, "datetime": {"datetime": "2021-09-17 13:01:04", "elapsed": 76.61875, "delta": 0.655688}}
{"target": -2.4206044968805815, "params": {"eta": 0.46281621798410394, "max_depth": 7.741817201284306, "n_estimators": 16.5371533440318}, "datetime": {"datetime": "2021-09-17 13:01:04", "elapsed": 77.251761, "delta": 0.633011}}
{"target": -2.508779003745631, "params": {"eta": 0.297610381332294, "max_depth": 7.429243240294493, "n_estimators": 16.768520151870764}, "datetime": {"datetime": "2021-09-17 13:01:05", "elapsed": 78.057767, "delta": 0.806006}}
{"target": -2.6978755712509153, "params": {"eta": 0.4034366325879375, "max_depth": 7.87946984202614, "n_estimators": 16.601218336684223}, "datetime": {"datetime": "2021-09-17 13:01:06", "elapsed": 78.93377, "delta": 0.876003}}
{"target": -2.5805347072450737, "params": {"eta": 0.46949877042651966, "max_depth": 7.478715559821963, "n_estimators": 16.271328927712613}, "datetime": {"datetime": "2021-09-17 13:01:07", "elapsed": 79.834458, "delta": 0.900688}}
{"target": -2.645677372028953, "params": {"eta": 0.25319351545621627, "max_depth": 7.7459576400906505, "n_estimators": 16.0868614630584}, "datetime": {"datetime": "2021-09-17 13:01:07", "elapsed": 80.481458, "delta": 0.647}}
{"target": -2.5502087881690576, "params": {"eta": 0.34893773466223565, "max_depth": 7.051481053724054, "n_estimators": 16.570529383168477}, "datetime": {"datetime": "2021-09-17 13:01:08", "elapsed": 81.128457, "delta": 0.646999}}
{"target": -2.5437958466379267, "params": {"eta": 0.3196911450426001, "max_depth": 7.772183856518232, "n_estimators": 16.679765466415425}, "datetime": {"datetime": "2021-09-17 13:01:09", "elapsed": 81.811136, "delta": 0.682679}}
{"target": -2.6755247467442564, "params": {"eta": 0.3279646650993346, "max_depth": 7.315753727925302, "n_estimators": 16.363137996647694}, "datetime": {"datetime": "2021-09-17 13:01:09", "elapsed": 82.479136, "delta": 0.668}}
{"target": -2.6801300400181822, "params": {"eta": 0.26148355093249775, "max_depth": 7.091874641196532, "n_estimators": 16.245613807116587}, "datetime": {"datetime": "2021-09-17 13:01:10", "elapsed": 83.152137, "delta": 0.673001}}
{"target": -2.61963511140723, "params": {"eta": 0.44890190042513656, "max_depth": 7.672548139445744, "n_estimators": 16.579665098676706}, "datetime": {"datetime": "2021-09-17 13:01:11", "elapsed": 83.822652, "delta": 0.670515}}
{"target": -2.680144065932224, "params": {"eta": 0.2614590370188197, "max_depth": 7.151832108343676, "n_estimators": 16.420919233604398}, "datetime": {"datetime": "2021-09-17 13:01:11", "elapsed": 84.511671, "delta": 0.689019}}
{"target": -2.4128442042752316, "params": {"eta": 0.3683119889388518, "max_depth": 7.067599031338839, "n_estimators": 16.56939435686297}, "datetime": {"datetime": "2021-09-17 13:01:12", "elapsed": 85.365674, "delta": 0.854003}}
{"target": -2.677737673960234, "params": {"eta": 0.3255079256437693, "max_depth": 7.4180515125437365, "n_estimators": 16.071142980210745}, "datetime": {"datetime": "2021-09-17 13:01:13", "elapsed": 86.002863, "delta": 0.637189}}
{"target": -2.474510510971672, "params": {"eta": 0.2794825075286603, "max_depth": 7.035985893572502, "n_estimators": 16.331443390723894}, "datetime": {"datetime": "2021-09-17 13:01:14", "elapsed": 86.659534, "delta": 0.656671}}
{"target": -2.4992784148768377, "params": {"eta": 0.2812631748944175, "max_depth": 7.008669544188244, "n_estimators": 16.18246989461502}, "datetime": {"datetime": "2021-09-17 13:01:15", "elapsed": 87.720526, "delta": 1.060992}}
{"target": -2.441579130448793, "params": {"eta": 0.45632407539323905, "max_depth": 7.824795267283043, "n_estimators": 16.037372722854784}, "datetime": {"datetime": "2021-09-17 13:01:15", "elapsed": 88.441729, "delta": 0.721203}}
{"target": -2.4958546387521845, "params": {"eta": 0.40833238908781955, "max_depth": 7.969518785461228, "n_estimators": 16.91619710026047}, "datetime": {"datetime": "2021-09-17 13:01:16", "elapsed": 89.18073, "delta": 0.739001}}
{"target": -2.5430516418657803, "params": {"eta": 0.47224688872945886, "max_depth": 7.560546596672988, "n_estimators": 16.23044622781165}, "datetime": {"datetime": "2021-09-17 13:01:17", "elapsed": 89.994967, "delta": 0.814237}}
{"target": -2.6174046328193263, "params": {"eta": 0.44064960360938865, "max_depth": 7.11593476146678, "n_estimators": 16.51254313211713}, "datetime": {"datetime": "2021-09-17 13:01:18", "elapsed": 90.819968, "delta": 0.825001}}
{"target": -2.586034806151139, "params": {"eta": 0.30389010246047243, "max_depth": 7.214898953462987, "n_estimators": 16.477149474982184}, "datetime": {"datetime": "2021-09-17 13:01:19", "elapsed": 91.72471, "delta": 0.904742}}
{"target": -2.5288655651243115, "params": {"eta": 0.460357649139051, "max_depth": 7.039955202183453, "n_estimators": 16.470497556082098}, "datetime": {"datetime": "2021-09-17 13:01:19", "elapsed": 92.409423, "delta": 0.684713}}
{"target": -2.575572830124905, "params": {"eta": 0.4742796247279525, "max_depth": 7.471732255359234, "n_estimators": 16.699149942136415}, "datetime": {"datetime": "2021-09-17 13:01:20", "elapsed": 93.070424, "delta": 0.661001}}
{"target": -2.543554663658142, "params": {"eta": 0.4286805786252391, "max_depth": 7.254119574116463, "n_estimators": 16.035887428253826}, "datetime": {"datetime": "2021-09-17 13:01:21", "elapsed": 94.023898, "delta": 0.953474}}
{"target": -2.4214574914229545, "params": {"eta": 0.2966109672414989, "max_depth": 7.501902325660127, "n_estimators": 16.629643043393898}, "datetime": {"datetime": "2021-09-17 13:01:22", "elapsed": 94.701658, "delta": 0.67776}}
{"target": -2.518441395383132, "params": {"eta": 0.3217961526612696, "max_depth": 7.803364001790573, "n_estimators": 16.15215462786739}, "datetime": {"datetime": "2021-09-17 13:01:23", "elapsed": 95.56866, "delta": 0.867002}}
{"target": -2.5606045315140173, "params": {"eta": 0.41928351563084487, "max_depth": 7.977517298490681, "n_estimators": 16.03366936468019}, "datetime": {"datetime": "2021-09-17 13:01:23", "elapsed": 96.397806, "delta": 0.829146}}
{"target": -2.5796035641118102, "params": {"eta": 0.3588831928872864, "max_depth": 7.664183892572996, "n_estimators": 16.352191019677093}, "datetime": {"datetime": "2021-09-17 13:01:24", "elapsed": 97.140217, "delta": 0.742411}}
{"target": -2.5198623763887507, "params": {"eta": 0.2723505994817098, "max_depth": 7.112952581393074, "n_estimators": 16.644586936987874}, "datetime": {"datetime": "2021-09-17 13:01:25", "elapsed": 97.816865, "delta": 0.676648}}
{"target": -2.604052844800447, "params": {"eta": 0.4413080046705212, "max_depth": 7.520016109187187, "n_estimators": 16.848388621901975}, "datetime": {"datetime": "2021-09-17 13:01:26", "elapsed": 99.105867, "delta": 1.289002}}
{"target": -2.568444668619256, "params": {"eta": 0.2670393434667126, "max_depth": 7.720431375657384, "n_estimators": 16.857264844676948}, "datetime": {"datetime": "2021-09-17 13:01:27", "elapsed": 99.812152, "delta": 0.706285}}
{"target": -2.4252773008848494, "params": {"eta": 0.28742507654266863, "max_depth": 7.098637956137109, "n_estimators": 16.50175917500457}, "datetime": {"datetime": "2021-09-17 13:01:28", "elapsed": 100.606152, "delta": 0.794}}
{"target": -2.615744788395731, "params": {"eta": 0.39399537011804053, "max_depth": 7.809545281099031, "n_estimators": 16.37900462459316}, "datetime": {"datetime": "2021-09-17 13:01:28", "elapsed": 101.338152, "delta": 0.732}}
{"target": -2.5408423279461103, "params": {"eta": 0.3866700924160079, "max_depth": 7.013666674499011, "n_estimators": 16.604486493856786}, "datetime": {"datetime": "2021-09-17 13:01:29", "elapsed": 102.259001, "delta": 0.920849}}
{"target": -2.5015660216933804, "params": {"eta": 0.3075212386362735, "max_depth": 7.2344432427786005, "n_estimators": 16.815382963086478}, "datetime": {"datetime": "2021-09-17 13:01:30", "elapsed": 102.946999, "delta": 0.687998}}
{"target": -2.624829255279742, "params": {"eta": 0.4493771005075411, "max_depth": 7.3453822422552815, "n_estimators": 16.013526483637243}, "datetime": {"datetime": "2021-09-17 13:01:31", "elapsed": 104.001177, "delta": 1.054178}}
{"target": -2.5164090501634697, "params": {"eta": 0.2925845539256803, "max_depth": 7.429988266519519, "n_estimators": 16.95994339206226}, "datetime": {"datetime": "2021-09-17 13:01:32", "elapsed": 105.046177, "delta": 1.045}}
{"target": -2.4805104312143826, "params": {"eta": 0.27675895046393484, "max_depth": 7.6588628680023945, "n_estimators": 16.54142751315542}, "datetime": {"datetime": "2021-09-17 13:01:33", "elapsed": 106.107849, "delta": 1.061672}}
{"target": -2.638714774031388, "params": {"eta": 0.3937306795584431, "max_depth": 7.128611315311242, "n_estimators": 16.669605856140603}, "datetime": {"datetime": "2021-09-17 13:01:34", "elapsed": 107.05752, "delta": 0.949671}}
{"target": -2.486278818783007, "params": {"eta": 0.31363322904712587, "max_depth": 7.370407538515216, "n_estimators": 16.064706216974603}, "datetime": {"datetime": "2021-09-17 13:01:35", "elapsed": 107.911988, "delta": 0.854468}}
{"target": -2.5440407238508524, "params": {"eta": 0.3593195366072067, "max_depth": 7.465583967052215, "n_estimators": 16.560555909737364}, "datetime": {"datetime": "2021-09-17 13:01:36", "elapsed": 109.033986, "delta": 1.121998}}
{"target": -2.462603137995067, "params": {"eta": 0.37131160790140083, "max_depth": 7.830555643874346, "n_estimators": 16.457924600379215}, "datetime": {"datetime": "2021-09-17 13:01:37", "elapsed": 110.130988, "delta": 1.097002}}
{"target": -2.4471106221801358, "params": {"eta": 0.27924663755414486, "max_depth": 7.065015850085421, "n_estimators": 16.437331921020135}, "datetime": {"datetime": "2021-09-17 13:01:38", "elapsed": 111.047988, "delta": 0.917}}
{"target": -2.4152354924302353, "params": {"eta": 0.36771449311088783, "max_depth": 7.402589235025685, "n_estimators": 16.180740672686632}, "datetime": {"datetime": "2021-09-17 13:01:39", "elapsed": 111.879999, "delta": 0.832011}}
{"target": -2.562572254632649, "params": {"eta": 0.2810480668846259, "max_depth": 7.056275796754957, "n_estimators": 16.902930185271014}, "datetime": {"datetime": "2021-09-17 13:01:40", "elapsed": 112.843998, "delta": 0.963999}}
{"target": -2.6493243549999437, "params": {"eta": 0.26612170658079953, "max_depth": 7.974846009747612, "n_estimators": 16.404586875006355}, "datetime": {"datetime": "2021-09-17 13:01:41", "elapsed": 113.788999, "delta": 0.945001}}
{"target": -2.40378542448345, "params": {"eta": 0.30979144021704375, "max_depth": 7.215865450918302, "n_estimators": 16.614767323715302}, "datetime": {"datetime": "2021-09-17 13:01:42", "elapsed": 114.612229, "delta": 0.82323}}
{"target": -2.4863096776761506, "params": {"eta": 0.43554728663849784, "max_depth": 7.365097558168962, "n_estimators": 16.187662686847784}, "datetime": {"datetime": "2021-09-17 13:01:43", "elapsed": 116.289394, "delta": 1.677165}}
{"target": -2.4972616528209888, "params": {"eta": 0.4263124566698995, "max_depth": 7.755880595703686, "n_estimators": 16.237453366099988}, "datetime": {"datetime": "2021-09-17 13:01:44", "elapsed": 117.388619, "delta": 1.099225}}
{"target": -2.568880419982107, "params": {"eta": 0.26171141282051796, "max_depth": 7.30201509984464, "n_estimators": 16.100844994429107}, "datetime": {"datetime": "2021-09-17 13:01:45", "elapsed": 118.314139, "delta": 0.92552}}
{"target": -2.6767338859407523, "params": {"eta": 0.3964966957295739, "max_depth": 7.337090873804293, "n_estimators": 16.243191539385748}, "datetime": {"datetime": "2021-09-17 13:01:47", "elapsed": 119.647188, "delta": 1.333049}}
{"target": -2.619336435669347, "params": {"eta": 0.26065602128196147, "max_depth": 7.121554905841487, "n_estimators": 16.56269180431785}, "datetime": {"datetime": "2021-09-17 13:01:48", "elapsed": 121.055985, "delta": 1.408797}}
{"target": -2.5385345979740745, "params": {"eta": 0.25505471324999757, "max_depth": 7.557074872452741, "n_estimators": 16.36476359121919}, "datetime": {"datetime": "2021-09-17 13:01:49", "elapsed": 122.259542, "delta": 1.203557}}
{"target": -2.564511218196467, "params": {"eta": 0.28671148361247156, "max_depth": 7.906682710699825, "n_estimators": 16.51821148347218}, "datetime": {"datetime": "2021-09-17 13:01:50", "elapsed": 123.322543, "delta": 1.063001}}
{"target": -2.530956150983509, "params": {"eta": 0.42262974193534175, "max_depth": 7.582817858054824, "n_estimators": 16.829833496457525}, "datetime": {"datetime": "2021-09-17 13:01:51", "elapsed": 124.390585, "delta": 1.068042}}
{"target": -2.607884377554843, "params": {"eta": 0.34738387575801033, "max_depth": 7.76896811709895, "n_estimators": 16.161567194777902}, "datetime": {"datetime": "2021-09-17 13:01:52", "elapsed": 125.407584, "delta": 1.016999}}
{"target": -2.692711683950926, "params": {"eta": 0.45190525718039776, "max_depth": 7.847512640212205, "n_estimators": 16.066145428653854}, "datetime": {"datetime": "2021-09-17 13:01:53", "elapsed": 126.535847, "delta": 1.128263}}
{"target": -2.6379838705062864, "params": {"eta": 0.4506553320288605, "max_depth": 7.148388921369157, "n_estimators": 16.018350472190114}, "datetime": {"datetime": "2021-09-17 13:01:54", "elapsed": 127.529845, "delta": 0.993998}}
{"target": -2.6197434820626913, "params": {"eta": 0.33403966899452203, "max_depth": 7.559563512700377, "n_estimators": 16.507134551967216}, "datetime": {"datetime": "2021-09-17 13:01:55", "elapsed": 128.405168, "delta": 0.875323}}
{"target": -2.5960862140906484, "params": {"eta": 0.3636552524625676, "max_depth": 7.654363102263679, "n_estimators": 16.088163084389514}, "datetime": {"datetime": "2021-09-17 13:01:56", "elapsed": 129.478168, "delta": 1.073}}
{"target": -2.651421343652826, "params": {"eta": 0.40186136245610626, "max_depth": 7.026359525262179, "n_estimators": 16.497248246942316}, "datetime": {"datetime": "2021-09-17 13:01:58", "elapsed": 130.620344, "delta": 1.142176}}
{"target": -2.518231810394086, "params": {"eta": 0.2973519595039755, "max_depth": 7.622221104847533, "n_estimators": 16.803745580735868}, "datetime": {"datetime": "2021-09-17 13:01:58", "elapsed": 131.514345, "delta": 0.894001}}
{"target": -2.458806083704296, "params": {"eta": 0.3705460307712564, "max_depth": 7.161734650873118, "n_estimators": 16.139588847703187}, "datetime": {"datetime": "2021-09-17 13:02:00", "elapsed": 132.589898, "delta": 1.075553}}
{"target": -2.5923877000808715, "params": {"eta": 0.3045290002577009, "max_depth": 7.893893876925993, "n_estimators": 16.198062749918332}, "datetime": {"datetime": "2021-09-17 13:02:01", "elapsed": 133.7089, "delta": 1.119002}}
{"target": -2.546777565855729, "params": {"eta": 0.2564159410990353, "max_depth": 7.223519546117882, "n_estimators": 16.81357202347927}, "datetime": {"datetime": "2021-09-17 13:02:02", "elapsed": 134.875662, "delta": 1.166762}}
{"target": -2.48049641722127, "params": {"eta": 0.28872748139766724, "max_depth": 7.373109895216407, "n_estimators": 16.457102588323007}, "datetime": {"datetime": "2021-09-17 13:02:03", "elapsed": 136.078495, "delta": 1.202833}}
{"target": -2.605651669125808, "params": {"eta": 0.2838531568884688, "max_depth": 7.093199154478808, "n_estimators": 16.860191711547596}, "datetime": {"datetime": "2021-09-17 13:02:04", "elapsed": 137.372095, "delta": 1.2936}}
{"target": -2.4837240426163927, "params": {"eta": 0.27692688497891976, "max_depth": 7.776106273598269, "n_estimators": 16.768141533668203}, "datetime": {"datetime": "2021-09-17 13:02:05", "elapsed": 138.485418, "delta": 1.113323}}
{"target": -2.5151631248624704, "params": {"eta": 0.293368883802014, "max_depth": 7.654022553694555, "n_estimators": 16.55350676344127}, "datetime": {"datetime": "2021-09-17 13:02:07", "elapsed": 139.696413, "delta": 1.210995}}
{"target": -2.601424232909554, "params": {"eta": 0.4464052454273114, "max_depth": 7.610714201758081, "n_estimators": 16.22085649390848}, "datetime": {"datetime": "2021-09-17 13:02:08", "elapsed": 141.225241, "delta": 1.528828}}
{"target": -2.692177687820635, "params": {"eta": 0.32746581152366716, "max_depth": 7.329027160008153, "n_estimators": 16.546215903405095}, "datetime": {"datetime": "2021-09-17 13:02:09", "elapsed": 142.344049, "delta": 1.118808}}
{"target": -2.575784765419207, "params": {"eta": 0.30322924163773834, "max_depth": 7.31715381729998, "n_estimators": 16.68470143667876}, "datetime": {"datetime": "2021-09-17 13:02:10", "elapsed": 143.338049, "delta": 0.994}}
{"target": -2.5601549499913268, "params": {"eta": 0.37544774584226637, "max_depth": 7.459602589927705, "n_estimators": 16.926752829628757}, "datetime": {"datetime": "2021-09-17 13:02:11", "elapsed": 144.416051, "delta": 1.078002}}
{"target": -2.555044208702288, "params": {"eta": 0.29034449039979254, "max_depth": 7.173495277314085, "n_estimators": 16.16876381568167}, "datetime": {"datetime": "2021-09-17 13:02:12", "elapsed": 145.417047, "delta": 1.000996}}
{"target": -2.4040549566871245, "params": {"eta": 0.3682762618928856, "max_depth": 7.691196653502151, "n_estimators": 16.327993112938252}, "datetime": {"datetime": "2021-09-17 13:02:14", "elapsed": 146.823809, "delta": 1.406762}}
{"target": -2.5218663516797513, "params": {"eta": 0.412872406713697, "max_depth": 7.684637842709697, "n_estimators": 16.103323109988487}, "datetime": {"datetime": "2021-09-17 13:02:15", "elapsed": 148.122013, "delta": 1.298204}}
{"target": -2.461529661479749, "params": {"eta": 0.4574663052134193, "max_depth": 7.541561568043976, "n_estimators": 16.301653417217203}, "datetime": {"datetime": "2021-09-17 13:02:17", "elapsed": 149.642012, "delta": 1.519999}}
{"target": -2.5628412754912127, "params": {"eta": 0.28066364286179674, "max_depth": 7.812455381395178, "n_estimators": 16.804222595204234}, "datetime": {"datetime": "2021-09-17 13:02:17", "elapsed": 150.546292, "delta": 0.90428}}
{"target": -2.5861286652715583, "params": {"eta": 0.2645050208084059, "max_depth": 7.886036827684122, "n_estimators": 16.17369403197083}, "datetime": {"datetime": "2021-09-17 13:02:19", "elapsed": 151.836934, "delta": 1.290642}}
{"target": -2.3880871032413684, "params": {"eta": 0.296896861928741, "max_depth": 7.904002313738424, "n_estimators": 16.14736216924475}, "datetime": {"datetime": "2021-09-17 13:02:20", "elapsed": 152.8026, "delta": 0.965666}}
{"target": -2.446315173726333, "params": {"eta": 0.437454503761854, "max_depth": 7.5363789307485565, "n_estimators": 16.41727431881341}, "datetime": {"datetime": "2021-09-17 13:02:21", "elapsed": 154.178433, "delta": 1.375833}}
{"target": -2.549655895484121, "params": {"eta": 0.30459936519606273, "max_depth": 7.191297834834283, "n_estimators": 16.000839710198566}, "datetime": {"datetime": "2021-09-17 13:02:23", "elapsed": 155.693907, "delta": 1.515474}}
{"target": -2.551317681136884, "params": {"eta": 0.37535997665802756, "max_depth": 7.0865217102833435, "n_estimators": 16.45388598584067}, "datetime": {"datetime": "2021-09-17 13:02:24", "elapsed": 156.772945, "delta": 1.079038}}
{"target": -2.606046586915067, "params": {"eta": 0.47551750857917585, "max_depth": 7.474046225982462, "n_estimators": 16.122433870482983}, "datetime": {"datetime": "2021-09-17 13:02:25", "elapsed": 157.799945, "delta": 1.027}}
{"target": -2.5847913177389845, "params": {"eta": 0.27090583071461927, "max_depth": 7.81117966129996, "n_estimators": 16.45623230118294}, "datetime": {"datetime": "2021-09-17 13:02:26", "elapsed": 158.779485, "delta": 0.97954}}
{"target": -2.614624955779628, "params": {"eta": 0.4747142337449774, "max_depth": 7.48261896046556, "n_estimators": 16.12629053996286}, "datetime": {"datetime": "2021-09-17 13:02:27", "elapsed": 159.811523, "delta": 1.032038}}
{"target": -2.551486475216715, "params": {"eta": 0.3856453303866477, "max_depth": 7.899710590722711, "n_estimators": 16.758497563003385}, "datetime": {"datetime": "2021-09-17 13:02:28", "elapsed": 161.079183, "delta": 1.26766}}
{"target": -2.6160687164256444, "params": {"eta": 0.4409920182557719, "max_depth": 7.1666878730503925, "n_estimators": 16.55501413391979}, "datetime": {"datetime": "2021-09-17 13:02:29", "elapsed": 162.075038, "delta": 0.995855}}
{"target": -2.5500081683460034, "params": {"eta": 0.3034985479665953, "max_depth": 7.101141024939194, "n_estimators": 16.297015185006327}, "datetime": {"datetime": "2021-09-17 13:02:30", "elapsed": 163.153197, "delta": 1.078159}}
{"target": -2.481659804519854, "params": {"eta": 0.45852059254220384, "max_depth": 7.838270883532314, "n_estimators": 16.748802096815545}, "datetime": {"datetime": "2021-09-17 13:02:31", "elapsed": 164.1822, "delta": 1.029003}}
{"target": -2.564145430765654, "params": {"eta": 0.42400095527571996, "max_depth": 7.260246328785831, "n_estimators": 16.83952586033428}, "datetime": {"datetime": "2021-09-17 13:02:32", "elapsed": 165.480198, "delta": 1.297998}}
{"target": -2.4837475111610012, "params": {"eta": 0.2769917021478524, "max_depth": 7.173808822054524, "n_estimators": 16.676853578677925}, "datetime": {"datetime": "2021-09-17 13:02:34", "elapsed": 166.66809, "delta": 1.187892}}
