{"target": -16.957682233844913, "params": {"eta": 0.8863887427438509, "max_depth": 11.553076442981311, "n_estimators": 28.02757171552026}, "datetime": {"datetime": "2021-09-27 18:22:22", "elapsed": 1030.106393, "delta": 2.868997}}
{"target": -17.08989368863166, "params": {"eta": 0.9697919922880579, "max_depth": 27.432043690640064, "n_estimators": 30.865102180763735}, "datetime": {"datetime": "2021-09-27 18:22:27", "elapsed": 1035.490651, "delta": 5.384258}}
{"target": -17.525213589930917, "params": {"eta": 0.975055627575709, "max_depth": 22.59922355938393, "n_estimators": 22.770188878536196}, "datetime": {"datetime": "2021-09-27 18:22:32", "elapsed": 1040.774755, "delta": 5.284104}}
{"target": -16.06690203865882, "params": {"eta": 0.9548301212890664, "max_depth": 23.42764092120135, "n_estimators": 34.86614983243002}, "datetime": {"datetime": "2021-09-27 18:22:38", "elapsed": 1046.557132, "delta": 5.782377}}
{"target": -14.45762474485913, "params": {"eta": 0.1875825881200477, "max_depth": 2.5011837883960224, "n_estimators": 25.691951998059913}, "datetime": {"datetime": "2021-09-27 18:22:44", "elapsed": 1052.353389, "delta": 5.796257}}
{"target": -15.829534457504469, "params": {"eta": 0.9831168596486504, "max_depth": 5.103173845577164, "n_estimators": 22.85497918036878}, "datetime": {"datetime": "2021-09-27 18:22:49", "elapsed": 1056.840168, "delta": 4.486779}}
{"target": -12.140029490738142, "params": {"eta": 0.24250693317557803, "max_depth": 6.942572172479629, "n_estimators": 34.55395609472875}, "datetime": {"datetime": "2021-09-27 18:22:53", "elapsed": 1061.270157, "delta": 4.429989}}
{"target": -16.285360072780783, "params": {"eta": 0.9722872504748039, "max_depth": 12.903493630888313, "n_estimators": 30.406930479765954}, "datetime": {"datetime": "2021-09-27 18:22:56", "elapsed": 1063.875932, "delta": 2.605775}}
{"target": -15.543559704777474, "params": {"eta": 0.8988093951409181, "max_depth": 6.595695323896442, "n_estimators": 35.044517106726765}, "datetime": {"datetime": "2021-09-27 18:23:00", "elapsed": 1068.167443, "delta": 4.291511}}
{"target": -14.665612330032912, "params": {"eta": 0.8772735189226959, "max_depth": 1.3650045814386453, "n_estimators": 26.010979914363517}, "datetime": {"datetime": "2021-09-27 18:23:06", "elapsed": 1074.485051, "delta": 6.317608}}
{"target": -14.045068304863076, "params": {"eta": 0.6336605920715137, "max_depth": 7.046185282626501, "n_estimators": 33.46861421548544}, "datetime": {"datetime": "2021-09-27 18:23:11", "elapsed": 1079.708954, "delta": 5.223903}}
{"target": -16.128307146311062, "params": {"eta": 0.838254094147872, "max_depth": 7.5300142096068345, "n_estimators": 34.78615905066642}, "datetime": {"datetime": "2021-09-27 18:23:17", "elapsed": 1084.834988, "delta": 5.126034}}
{"target": -11.676790361647086, "params": {"eta": 0.14041519694465765, "max_depth": 12.423926660418784, "n_estimators": 30.7343216767382}, "datetime": {"datetime": "2021-09-27 18:23:21", "elapsed": 1089.192263, "delta": 4.357275}}
{"target": -15.956160804061415, "params": {"eta": 0.9587778458723485, "max_depth": 21.29840304568852, "n_estimators": 21.417502456797827}, "datetime": {"datetime": "2021-09-27 18:23:26", "elapsed": 1094.055729, "delta": 4.863466}}
{"target": -15.68167704489635, "params": {"eta": 0.7520138340762214, "max_depth": 5.4683888517447965, "n_estimators": 43.69262863583853}, "datetime": {"datetime": "2021-09-27 18:23:32", "elapsed": 1100.25801, "delta": 6.202281}}
{"target": -16.535186645618776, "params": {"eta": 0.9977075169769326, "max_depth": 6.391728756919866, "n_estimators": 34.0311824717078}, "datetime": {"datetime": "2021-09-27 18:23:37", "elapsed": 1105.734089, "delta": 5.476079}}
{"target": -14.512179571200482, "params": {"eta": 0.8888238594679725, "max_depth": 1.9795678491597364, "n_estimators": 28.54273516390815}, "datetime": {"datetime": "2021-09-27 18:23:42", "elapsed": 1110.430279, "delta": 4.69619}}
{"target": -15.502535955279464, "params": {"eta": 0.9447561349253956, "max_depth": 1.0211737587484935, "n_estimators": 27.962873849433056}, "datetime": {"datetime": "2021-09-27 18:23:47", "elapsed": 1115.223247, "delta": 4.792968}}
{"target": -14.174650624056822, "params": {"eta": 0.4608651543890216, "max_depth": 2.2431614515655762, "n_estimators": 13.586582634654134}, "datetime": {"datetime": "2021-09-27 18:23:51", "elapsed": 1119.762028, "delta": 4.538781}}
{"target": -11.535853523924972, "params": {"eta": 0.4616888710443767, "max_depth": 5.53021592846537, "n_estimators": 48.39652950087636}, "datetime": {"datetime": "2021-09-27 18:23:57", "elapsed": 1125.094056, "delta": 5.332028}}
{"target": -94.11912869737134, "params": {"eta": 0.001, "max_depth": 6.283627618340972, "n_estimators": 35.14144088521723}, "datetime": {"datetime": "2021-09-27 18:24:02", "elapsed": 1129.843267, "delta": 4.749211}}
{"target": -15.952992786768899, "params": {"eta": 1.0, "max_depth": 12.904800160727687, "n_estimators": 42.39572490825462}, "datetime": {"datetime": "2021-09-27 18:24:06", "elapsed": 1134.177052, "delta": 4.333785}}
{"target": -15.521161839940541, "params": {"eta": 0.8552867832740062, "max_depth": 9.889624357342198, "n_estimators": 29.42478518913271}, "datetime": {"datetime": "2021-09-27 18:24:09", "elapsed": 1137.063095, "delta": 2.886043}}
{"target": -16.047069308448396, "params": {"eta": 1.0, "max_depth": 22.3190760777559, "n_estimators": 26.557535641200282}, "datetime": {"datetime": "2021-09-27 18:24:14", "elapsed": 1142.054874, "delta": 4.991779}}
{"target": -16.84919734212206, "params": {"eta": 0.9332747253540837, "max_depth": 12.4283317471695, "n_estimators": 31.116805032344114}, "datetime": {"datetime": "2021-09-27 18:24:17", "elapsed": 1145.071153, "delta": 3.016279}}
{"target": -11.823498289373893, "params": {"eta": 0.07994778328410235, "max_depth": 13.161675139247661, "n_estimators": 47.1608733755319}, "datetime": {"datetime": "2021-09-27 18:24:20", "elapsed": 1148.070087, "delta": 2.998934}}
{"target": -45.90093783497637, "params": {"eta": 0.01622364838765901, "max_depth": 13.467522757761154, "n_estimators": 46.91490471085371}, "datetime": {"datetime": "2021-09-27 18:24:26", "elapsed": 1154.682952, "delta": 6.612865}}
{"target": -16.448706847776943, "params": {"eta": 0.97388365601546, "max_depth": 28.085872665356685, "n_estimators": 21.73336555532195}, "datetime": {"datetime": "2021-09-27 18:24:29", "elapsed": 1157.615951, "delta": 2.932999}}
{"target": -11.795123224494128, "params": {"eta": 0.3351870744786618, "max_depth": 28.510292159078425, "n_estimators": 30.212212167050602}, "datetime": {"datetime": "2021-09-27 18:24:32", "elapsed": 1160.737482, "delta": 3.121531}}
{"target": -15.708781725015184, "params": {"eta": 0.7249483289213219, "max_depth": 16.099278877173322, "n_estimators": 44.27541355504249}, "datetime": {"datetime": "2021-09-27 18:24:37", "elapsed": 1164.904581, "delta": 4.167099}}
{"target": -13.194642853991342, "params": {"eta": 0.49849574076635406, "max_depth": 14.588322481031167, "n_estimators": 41.60562484430644}, "datetime": {"datetime": "2021-09-27 18:24:43", "elapsed": 1171.464804, "delta": 6.560223}}
{"target": -12.874175018603303, "params": {"eta": 0.38732990476865675, "max_depth": 26.116251334182152, "n_estimators": 46.40008535401837}, "datetime": {"datetime": "2021-09-27 18:24:49", "elapsed": 1176.862057, "delta": 5.397253}}
{"target": -26.87265142910481, "params": {"eta": 0.04502306200496417, "max_depth": 11.7600481966479, "n_estimators": 29.447501970927014}, "datetime": {"datetime": "2021-09-27 18:24:51", "elapsed": 1179.720889, "delta": 2.858832}}
{"target": -11.761662329516346, "params": {"eta": 0.3355732155322669, "max_depth": 13.38197010706255, "n_estimators": 29.81461400750073}, "datetime": {"datetime": "2021-09-27 18:24:59", "elapsed": 1187.316491, "delta": 7.595602}}
{"target": -13.223199788613273, "params": {"eta": 0.5162557299482506, "max_depth": 13.566352313585062, "n_estimators": 47.534656164584916}, "datetime": {"datetime": "2021-09-27 18:25:06", "elapsed": 1194.712461, "delta": 7.39597}}
{"target": -12.551852971965705, "params": {"eta": 0.08315478968177095, "max_depth": 26.923860128605828, "n_estimators": 33.42091947649797}, "datetime": {"datetime": "2021-09-27 18:25:09", "elapsed": 1197.556369, "delta": 2.843908}}
{"target": -21.020579180050873, "params": {"eta": 0.03682074323284097, "max_depth": 15.435010472705503, "n_estimators": 44.252833545449754}, "datetime": {"datetime": "2021-09-27 18:25:15", "elapsed": 1203.50662, "delta": 5.950251}}
{"target": -13.0585981028896, "params": {"eta": 0.5557714829755295, "max_depth": 2.2462980615390458, "n_estimators": 38.01160906043661}, "datetime": {"datetime": "2021-09-27 18:25:18", "elapsed": 1206.359591, "delta": 2.852971}}
{"target": -17.065834752362935, "params": {"eta": 0.9714028251136381, "max_depth": 7.216514682133733, "n_estimators": 22.524991734439414}, "datetime": {"datetime": "2021-09-27 18:25:26", "elapsed": 1214.103577, "delta": 7.743986}}
{"target": -13.202095767285057, "params": {"eta": 0.5226132564237445, "max_depth": 16.689248042376576, "n_estimators": 48.69095985165107}, "datetime": {"datetime": "2021-09-27 18:25:29", "elapsed": 1217.20036, "delta": 3.096783}}
{"target": -15.632242096598695, "params": {"eta": 0.7375628830004759, "max_depth": 9.508941568117866, "n_estimators": 30.22894786585672}, "datetime": {"datetime": "2021-09-27 18:25:32", "elapsed": 1220.208611, "delta": 3.008251}}
{"target": -13.656834744013723, "params": {"eta": 0.7425023105256318, "max_depth": 2.450393119049156, "n_estimators": 29.82667256874405}, "datetime": {"datetime": "2021-09-27 18:25:35", "elapsed": 1222.99171, "delta": 2.783099}}
{"target": -41.6021840014013, "params": {"eta": 0.026424575965579306, "max_depth": 6.333045066892325, "n_estimators": 32.569235975505705}, "datetime": {"datetime": "2021-09-27 18:25:41", "elapsed": 1228.89762, "delta": 5.90591}}
{"target": -13.683264621996837, "params": {"eta": 0.05395518413724697, "max_depth": 16.858338476044956, "n_estimators": 43.9600282077559}, "datetime": {"datetime": "2021-09-27 18:25:46", "elapsed": 1234.53559, "delta": 5.63797}}
{"target": -14.123166026805558, "params": {"eta": 0.6306641405621054, "max_depth": 29.227627552675308, "n_estimators": 30.234443030185798}, "datetime": {"datetime": "2021-09-27 18:25:52", "elapsed": 1240.315452, "delta": 5.779862}}
{"target": -15.878720684064248, "params": {"eta": 0.919872810209984, "max_depth": 8.515583429681126, "n_estimators": 17.077053886101574}, "datetime": {"datetime": "2021-09-27 18:26:00", "elapsed": 1247.954924, "delta": 7.639472}}
{"target": -13.203098617991769, "params": {"eta": 0.4901816788102473, "max_depth": 15.67106659893931, "n_estimators": 42.663395382740134}, "datetime": {"datetime": "2021-09-27 18:26:08", "elapsed": 1255.831784, "delta": 7.87686}}
{"target": -11.646413800092576, "params": {"eta": 0.2753888983665474, "max_depth": 25.091818980152414, "n_estimators": 49.07032986108905}, "datetime": {"datetime": "2021-09-27 18:26:15", "elapsed": 1262.821708, "delta": 6.989924}}
{"target": -16.811232816527166, "params": {"eta": 0.7638036158997411, "max_depth": 21.868701009567044, "n_estimators": 33.66973437368312}, "datetime": {"datetime": "2021-09-27 18:26:21", "elapsed": 1269.777876, "delta": 6.956168}}
{"target": -15.278265284352017, "params": {"eta": 0.24619770596390173, "max_depth": 1.7518607230088485, "n_estimators": 27.933461416056748}, "datetime": {"datetime": "2021-09-27 18:29:42", "elapsed": 0.0, "delta": 0.0}}
{"target": -11.806669950071262, "params": {"eta": 0.24589507667822458, "max_depth": 13.190666260537181, "n_estimators": 17.18640622918983}, "datetime": {"datetime": "2021-09-27 18:29:42", "elapsed": 0.143003, "delta": 0.143003}}
{"target": -14.279972161140153, "params": {"eta": 0.14209188531702913, "max_depth": 18.958858024169245, "n_estimators": 15.683079010051634}, "datetime": {"datetime": "2021-09-27 18:29:42", "elapsed": 0.220996, "delta": 0.077993}}
{"target": -12.142870459122394, "params": {"eta": 0.17007227379628997, "max_depth": 19.012881150309553, "n_estimators": 26.927962619574913}, "datetime": {"datetime": "2021-09-27 18:29:43", "elapsed": 0.433624, "delta": 0.212628}}
{"target": -30.977522575651868, "params": {"eta": 0.11056097540522011, "max_depth": 15.893765516706646, "n_estimators": 10.037553416698849}, "datetime": {"datetime": "2021-09-27 18:29:43", "elapsed": 0.505627, "delta": 0.072003}}
{"target": -12.49419292979584, "params": {"eta": 0.40340081651750304, "max_depth": 25.765283486545176, "n_estimators": 25.217605031714463}, "datetime": {"datetime": "2021-09-27 18:29:43", "elapsed": 0.991621, "delta": 0.485994}}
{"target": -12.055877866235395, "params": {"eta": 0.4309526684108606, "max_depth": 3.3097188332627687, "n_estimators": 25.757058415963495}, "datetime": {"datetime": "2021-09-27 18:29:43", "elapsed": 1.052624, "delta": 0.061003}}
{"target": -64.1339737344808, "params": {"eta": 0.07937892697409515, "max_depth": 13.415547500324294, "n_estimators": 5.7300148673700155}, "datetime": {"datetime": "2021-09-27 18:29:43", "elapsed": 1.085624, "delta": 0.033}}
{"target": -13.06016280441858, "params": {"eta": 0.5, "max_depth": 11.04668476060036, "n_estimators": 33.748642691358235}, "datetime": {"datetime": "2021-09-27 18:29:44", "elapsed": 2.218821, "delta": 1.133197}}
{"target": -12.871399415567872, "params": {"eta": 0.5, "max_depth": 23.58436359967094, "n_estimators": 36.98216869995027}, "datetime": {"datetime": "2021-09-27 18:29:46", "elapsed": 3.567818, "delta": 1.348997}}
{"target": -14.497978533065393, "params": {"eta": 0.05, "max_depth": 15.282907219969765, "n_estimators": 44.90839022409047}, "datetime": {"datetime": "2021-09-27 18:29:47", "elapsed": 4.317822, "delta": 0.750004}}
{"target": -11.510851914543311, "params": {"eta": 0.37037798977345954, "max_depth": 27.211223899428692, "n_estimators": 47.83414184565536}, "datetime": {"datetime": "2021-09-27 18:29:48", "elapsed": 5.527819, "delta": 1.209997}}
{"target": -29.479287921324605, "params": {"eta": 0.05, "max_depth": 11.10646276464019, "n_estimators": 24.834946009275335}, "datetime": {"datetime": "2021-09-27 18:29:48", "elapsed": 6.028821, "delta": 0.501002}}
{"target": -18.08220780119583, "params": {"eta": 0.05, "max_depth": 16.857941410739134, "n_estimators": 36.989261367478804}, "datetime": {"datetime": "2021-09-27 18:29:49", "elapsed": 6.68759, "delta": 0.658769}}
{"target": -11.701880182947715, "params": {"eta": 0.3824193740825749, "max_depth": 29.988715004005893, "n_estimators": 41.38874725835513}, "datetime": {"datetime": "2021-09-27 18:29:50", "elapsed": 7.681592, "delta": 0.994002}}
{"target": -20.95855360128901, "params": {"eta": 0.05, "max_depth": 30.0, "n_estimators": 32.553949845170315}, "datetime": {"datetime": "2021-09-27 18:29:50", "elapsed": 8.148594, "delta": 0.467002}}
{"target": -14.823086649347792, "params": {"eta": 0.05, "max_depth": 22.804354934975887, "n_estimators": 43.64732174462826}, "datetime": {"datetime": "2021-09-27 18:29:51", "elapsed": 8.793913, "delta": 0.645319}}
{"target": -15.417143156303231, "params": {"eta": 0.5, "max_depth": 1.0, "n_estimators": 18.730184420984326}, "datetime": {"datetime": "2021-09-27 18:29:51", "elapsed": 9.25091, "delta": 0.456997}}
{"target": -13.808700742813166, "params": {"eta": 0.5, "max_depth": 6.4496426127819575, "n_estimators": 40.50190809981852}, "datetime": {"datetime": "2021-09-27 18:29:52", "elapsed": 9.88991, "delta": 0.639}}
{"target": -12.864710560644301, "params": {"eta": 0.5, "max_depth": 28.833663600297836, "n_estimators": 17.355358977615793}, "datetime": {"datetime": "2021-09-27 18:29:53", "elapsed": 10.484807, "delta": 0.594897}}
{"target": -13.387050152201757, "params": {"eta": 0.5, "max_depth": 7.3211999170235025, "n_estimators": 49.99957803542477}, "datetime": {"datetime": "2021-09-27 18:29:54", "elapsed": 11.374866, "delta": 0.890059}}
{"target": -18.65615056017252, "params": {"eta": 0.05, "max_depth": 1.0, "n_estimators": 46.32829788050677}, "datetime": {"datetime": "2021-09-27 18:29:54", "elapsed": 12.083864, "delta": 0.708998}}
{"target": -61.297242348826146, "params": {"eta": 0.05, "max_depth": 30.0, "n_estimators": 9.247611956166413}, "datetime": {"datetime": "2021-09-27 18:29:55", "elapsed": 12.727784, "delta": 0.64392}}
{"target": -12.933499420224765, "params": {"eta": 0.5, "max_depth": 19.78896769438316, "n_estimators": 50.0}, "datetime": {"datetime": "2021-09-27 18:29:56", "elapsed": 13.47778, "delta": 0.749996}}
{"target": -12.868515635538023, "params": {"eta": 0.5, "max_depth": 22.677151858860444, "n_estimators": 20.63240469536165}, "datetime": {"datetime": "2021-09-27 18:29:56", "elapsed": 14.289785, "delta": 0.812005}}
{"target": -12.869393347003403, "params": {"eta": 0.5, "max_depth": 30.0, "n_estimators": 22.20137135581044}, "datetime": {"datetime": "2021-09-27 18:29:57", "elapsed": 14.930785, "delta": 0.641}}
{"target": -14.351719111887471, "params": {"eta": 0.5, "max_depth": 1.0, "n_estimators": 36.51119142506129}, "datetime": {"datetime": "2021-09-27 18:29:58", "elapsed": 15.456783, "delta": 0.525998}}
{"target": -48.98932156182812, "params": {"eta": 0.5, "max_depth": 1.0, "n_estimators": 1.0}, "datetime": {"datetime": "2021-09-27 18:29:58", "elapsed": 15.866787, "delta": 0.410004}}
{"target": -12.161473709777596, "params": {"eta": 0.2865159582372031, "max_depth": 13.975213926684873, "n_estimators": 49.99783407711017}, "datetime": {"datetime": "2021-09-27 18:29:59", "elapsed": 16.67404, "delta": 0.807253}}
{"target": -12.42068843848126, "params": {"eta": 0.4887143278739325, "max_depth": 22.126563461146272, "n_estimators": 31.215531935928816}, "datetime": {"datetime": "2021-09-27 18:30:00", "elapsed": 17.408041, "delta": 0.734001}}
{"target": -12.159935584062827, "params": {"eta": 0.3207336610045404, "max_depth": 29.79799246928039, "n_estimators": 49.98862328679868}, "datetime": {"datetime": "2021-09-27 18:30:01", "elapsed": 18.438857, "delta": 1.030816}}
{"target": -11.115247524466998, "params": {"eta": 0.28180039570031856, "max_depth": 5.885786751828575, "n_estimators": 33.92400916397876}, "datetime": {"datetime": "2021-09-27 18:30:01", "elapsed": 18.985852, "delta": 0.546995}}
{"target": -31.10126498899581, "params": {"eta": 0.07017361833069627, "max_depth": 6.944951472563898, "n_estimators": 16.86566318556563}, "datetime": {"datetime": "2021-09-27 18:30:02", "elapsed": 19.465851, "delta": 0.479999}}
{"target": -14.590970424985278, "params": {"eta": 0.45872139601406825, "max_depth": 1.0092033395519255, "n_estimators": 23.666199443740666}, "datetime": {"datetime": "2021-09-27 18:30:02", "elapsed": 19.963853, "delta": 0.498002}}
{"target": -14.071711329498857, "params": {"eta": 0.05, "max_depth": 9.700507730722318, "n_estimators": 45.467203358571574}, "datetime": {"datetime": "2021-09-27 18:30:03", "elapsed": 20.554972, "delta": 0.591119}}
{"target": -12.867032004985122, "params": {"eta": 0.5, "max_depth": 17.006445293558116, "n_estimators": 20.062052584561744}, "datetime": {"datetime": "2021-09-27 18:30:04", "elapsed": 21.393349, "delta": 0.838377}}
{"target": -11.6936718195681, "params": {"eta": 0.1746068613607656, "max_depth": 29.985735744025835, "n_estimators": 46.000076024627134}, "datetime": {"datetime": "2021-09-27 18:30:05", "elapsed": 22.659996, "delta": 1.266647}}
{"target": -12.198755936638879, "params": {"eta": 0.476380018191949, "max_depth": 10.432009738133946, "n_estimators": 38.4141188699276}, "datetime": {"datetime": "2021-09-27 18:30:06", "elapsed": 23.464994, "delta": 0.804998}}
{"target": -35.49956566891251, "params": {"eta": 0.05, "max_depth": 26.86510402317834, "n_estimators": 20.174652364892218}, "datetime": {"datetime": "2021-09-27 18:30:06", "elapsed": 24.130995, "delta": 0.666001}}
{"target": -11.853624395048259, "params": {"eta": 0.39724040172490577, "max_depth": 29.851170768838127, "n_estimators": 26.673059993263166}, "datetime": {"datetime": "2021-09-27 18:30:07", "elapsed": 24.803996, "delta": 0.673001}}
{"target": -12.90893260599773, "params": {"eta": 0.5, "max_depth": 20.789242410776613, "n_estimators": 23.630346682584296}, "datetime": {"datetime": "2021-09-27 18:30:08", "elapsed": 25.768998, "delta": 0.965002}}
{"target": -12.057641911245135, "params": {"eta": 0.46508257904505484, "max_depth": 16.3465337622916, "n_estimators": 31.26732726612547}, "datetime": {"datetime": "2021-09-27 18:30:09", "elapsed": 26.462798, "delta": 0.6938}}
{"target": -15.280759074143063, "params": {"eta": 0.47507321691183807, "max_depth": 1.1256570472292893, "n_estimators": 12.147498160931525}, "datetime": {"datetime": "2021-09-27 18:30:09", "elapsed": 26.8978, "delta": 0.435002}}
{"target": -48.55758640456173, "params": {"eta": 0.5, "max_depth": 23.709006041180725, "n_estimators": 1.0}, "datetime": {"datetime": "2021-09-27 18:30:10", "elapsed": 27.362798, "delta": 0.464998}}
{"target": -12.015345671842026, "params": {"eta": 0.3630517617684244, "max_depth": 7.003370518887225, "n_estimators": 29.78864218847535}, "datetime": {"datetime": "2021-09-27 18:30:10", "elapsed": 27.9778, "delta": 0.615002}}
{"target": -13.102062856308589, "params": {"eta": 0.05, "max_depth": 24.0364906086049, "n_estimators": 50.0}, "datetime": {"datetime": "2021-09-27 18:30:11", "elapsed": 28.798799, "delta": 0.820999}}
{"target": -11.814561141185068, "params": {"eta": 0.23176427205313543, "max_depth": 26.260344759714847, "n_estimators": 40.47872365974905}, "datetime": {"datetime": "2021-09-27 18:30:12", "elapsed": 29.765797, "delta": 0.966998}}
{"target": -19.819716634302683, "params": {"eta": 0.05, "max_depth": 1.0, "n_estimators": 41.13287978193607}, "datetime": {"datetime": "2021-09-27 18:30:13", "elapsed": 30.393796, "delta": 0.627999}}
{"target": -24.666996379481755, "params": {"eta": 0.05, "max_depth": 25.57829439818952, "n_estimators": 28.970850084588765}, "datetime": {"datetime": "2021-09-27 18:30:13", "elapsed": 31.1698, "delta": 0.776004}}
