{"target": 0.7590748465374186, "params": {"eta": 1.0, "max_depth": 4.69752830409884, "n_estimators": 4.373005271534146}, "datetime": {"datetime": "2021-09-17 16:17:58", "elapsed": 1878.577915, "delta": 7.124296}}
{"target": 0.781593455599606, "params": {"eta": 1.0, "max_depth": 4.759526686578845, "n_estimators": 9.71533193526908}, "datetime": {"datetime": "2021-09-17 16:18:05", "elapsed": 1885.775005, "delta": 7.19709}}
{"target": 0.7255390596216669, "params": {"eta": 0.9986059431167429, "max_depth": 6.936064763284998, "n_estimators": 8.61049642552479}, "datetime": {"datetime": "2021-09-17 16:18:11", "elapsed": 1891.748926, "delta": 5.973921}}
{"target": 0.6891497667232224, "params": {"eta": 1.0, "max_depth": 7.717067372267939, "n_estimators": 2.762687013974266}, "datetime": {"datetime": "2021-09-17 16:18:20", "elapsed": 1901.076077, "delta": 9.327151}}
{"target": 0.7610690371618868, "params": {"eta": 0.7772682577819102, "max_depth": 5.143747836608593, "n_estimators": 4.34360576773779}, "datetime": {"datetime": "2021-09-17 16:18:29", "elapsed": 1910.053176, "delta": 8.977099}}
{"target": 0.7999942743778803, "params": {"eta": 0.7251879019984314, "max_depth": 3.3670709388384403, "n_estimators": 10.0}, "datetime": {"datetime": "2021-09-17 16:18:34", "elapsed": 1915.25918, "delta": 5.206004}}
{"target": 0.8078645215536002, "params": {"eta": 0.6587325824166373, "max_depth": 3.8334623822151803, "n_estimators": 10.0}, "datetime": {"datetime": "2021-09-17 16:18:43", "elapsed": 1924.022753, "delta": 8.763573}}
{"target": 0.7656017333287642, "params": {"eta": 0.7380297478173309, "max_depth": 4.399855218426694, "n_estimators": 9.980131415616741}, "datetime": {"datetime": "2021-09-17 16:18:54", "elapsed": 1934.763826, "delta": 10.741073}}
{"target": 0.7841219694072291, "params": {"eta": 0.7524475774847067, "max_depth": 3.7439995437358644, "n_estimators": 9.998583420521307}, "datetime": {"datetime": "2021-09-17 16:19:03", "elapsed": 1943.889679, "delta": 9.125853}}
{"target": 0.7577796120889252, "params": {"eta": 0.2385528666920606, "max_depth": 3.7055978109313186, "n_estimators": 9.985843508475474}, "datetime": {"datetime": "2021-09-17 16:19:08", "elapsed": 1949.021091, "delta": 5.131412}}
{"target": -0.44700660826679384, "params": {"eta": 0.08758164154685712, "max_depth": 3.1451287613924697, "n_estimators": 9.964636631990892}, "datetime": {"datetime": "2021-09-17 16:19:16", "elapsed": 1956.816811, "delta": 7.79572}}
{"target": 0.8050335183109715, "params": {"eta": 0.5406308812712025, "max_depth": 3.6762268700038003, "n_estimators": 9.890979768224456}, "datetime": {"datetime": "2021-09-17 16:19:23", "elapsed": 1963.617333, "delta": 6.800522}}
{"target": 0.803363547392492, "params": {"eta": 0.5863159427111447, "max_depth": 3.5091801673294216, "n_estimators": 9.96472260852469}, "datetime": {"datetime": "2021-09-17 16:19:28", "elapsed": 1968.860499, "delta": 5.243166}}
{"target": 0.8052932499408118, "params": {"eta": 0.40524594624077226, "max_depth": 3.9687497922598816, "n_estimators": 9.963326481586558}, "datetime": {"datetime": "2021-09-17 16:19:33", "elapsed": 1974.331032, "delta": 5.470533}}
{"target": 0.7785988081343815, "params": {"eta": 0.6948248599938318, "max_depth": 4.098378660880014, "n_estimators": 9.714767975596814}, "datetime": {"datetime": "2021-09-17 16:19:40", "elapsed": 1980.999627, "delta": 6.668595}}
{"target": 0.7284447912676376, "params": {"eta": 0.8614827925920374, "max_depth": 4.514121949901321, "n_estimators": 9.502685265608893}, "datetime": {"datetime": "2021-09-17 16:19:45", "elapsed": 1986.323444, "delta": 5.323817}}
{"target": 0.8099021738885278, "params": {"eta": 0.30592472088355005, "max_depth": 8.575079288700493, "n_estimators": 8.43198787785574}, "datetime": {"datetime": "2021-09-17 16:19:54", "elapsed": 1994.896485, "delta": 8.573041}}
{"target": 0.7829057319428101, "params": {"eta": 0.7424111707522025, "max_depth": 3.381556960117339, "n_estimators": 9.723292285550974}, "datetime": {"datetime": "2021-09-17 16:20:03", "elapsed": 2004.207858, "delta": 9.311373}}
{"target": 0.8450449981449533, "params": {"eta": 0.4503140538381677, "max_depth": 5.7962877150419105, "n_estimators": 8.200833571892673}, "datetime": {"datetime": "2021-09-17 16:20:15", "elapsed": 2016.507055, "delta": 12.299197}}
{"target": 0.7822680876795924, "params": {"eta": 0.8316085247222399, "max_depth": 5.56725647347416, "n_estimators": 6.020505755683266}, "datetime": {"datetime": "2021-09-17 16:20:26", "elapsed": 2026.873955, "delta": 10.3669}}
{"target": 0.7495339968281473, "params": {"eta": 0.7952378585516457, "max_depth": 5.49211720217834, "n_estimators": 5.705354719670088}, "datetime": {"datetime": "2021-09-17 16:20:32", "elapsed": 2032.801784, "delta": 5.927829}}
{"target": 0.6833749566016132, "params": {"eta": 1.0, "max_depth": 7.699489796631782, "n_estimators": 5.537576209620623}, "datetime": {"datetime": "2021-09-17 16:20:38", "elapsed": 2038.963355, "delta": 6.161571}}
{"target": 0.8075547748097603, "params": {"eta": 0.6634313413710058, "max_depth": 4.105310174258274, "n_estimators": 9.981358796152598}, "datetime": {"datetime": "2021-09-17 16:20:47", "elapsed": 2048.152832, "delta": 9.189477}}
{"target": 0.7860963378788167, "params": {"eta": 0.555411149315451, "max_depth": 4.658030720108924, "n_estimators": 5.18862178305239}, "datetime": {"datetime": "2021-09-17 16:21:00", "elapsed": 2061.568163, "delta": 13.415331}}
{"target": 0.7820048456930405, "params": {"eta": 1.0, "max_depth": 3.2797635320070655, "n_estimators": 9.046519668426829}, "datetime": {"datetime": "2021-09-17 16:21:07", "elapsed": 2067.854247, "delta": 6.286084}}
{"target": 0.7176950954958785, "params": {"eta": 1.0, "max_depth": 5.447487906911557, "n_estimators": 2.640390055215281}, "datetime": {"datetime": "2021-09-17 16:21:12", "elapsed": 2073.071537, "delta": 5.21729}}
{"target": 0.8354648146124901, "params": {"eta": 0.3805731311396699, "max_depth": 5.913170107122007, "n_estimators": 8.863762799949981}, "datetime": {"datetime": "2021-09-17 16:21:22", "elapsed": 2082.798443, "delta": 9.726906}}
{"target": 0.7209706572033701, "params": {"eta": 1.0, "max_depth": 2.4104715837162236, "n_estimators": 7.0345926141236585}, "datetime": {"datetime": "2021-09-17 16:21:27", "elapsed": 2088.125754, "delta": 5.327311}}
{"target": 0.8331372938679903, "params": {"eta": 0.44470887516226243, "max_depth": 5.9616907008421025, "n_estimators": 9.403810269668403}, "datetime": {"datetime": "2021-09-17 16:21:34", "elapsed": 2095.518762, "delta": 7.393008}}
{"target": 0.7847928362708363, "params": {"eta": 0.6119215948786262, "max_depth": 5.24694592624166, "n_estimators": 5.091251444095975}, "datetime": {"datetime": "2021-09-17 16:21:40", "elapsed": 2100.747496, "delta": 5.228734}}
{"target": 0.7967507948030939, "params": {"eta": 0.46039595155287866, "max_depth": 3.847709698978429, "n_estimators": 9.992665661102434}, "datetime": {"datetime": "2021-09-17 16:21:45", "elapsed": 2106.421601, "delta": 5.674105}}
{"target": 0.6393033711973128, "params": {"eta": 0.32016388900612447, "max_depth": 4.881306571259127, "n_estimators": 5.068136724829897}, "datetime": {"datetime": "2021-09-17 16:21:52", "elapsed": 2112.873442, "delta": 6.451841}}
{"target": 0.7726741665513892, "params": {"eta": 0.7930345404313215, "max_depth": 3.8114199434146014, "n_estimators": 9.758917740760701}, "datetime": {"datetime": "2021-09-17 16:21:59", "elapsed": 2120.208491, "delta": 7.335049}}
{"target": 0.7462857880596475, "params": {"eta": 0.8394506701353066, "max_depth": 6.589546734639254, "n_estimators": 5.746277959659644}, "datetime": {"datetime": "2021-09-17 16:22:04", "elapsed": 2125.377391, "delta": 5.1689}}
{"target": 0.6685074400449509, "params": {"eta": 1.0, "max_depth": 1.7926783854309352, "n_estimators": 3.4761037056607234}, "datetime": {"datetime": "2021-09-17 16:22:12", "elapsed": 2133.473646, "delta": 8.096255}}
{"target": 0.7406609365464019, "params": {"eta": 0.8193722462205671, "max_depth": 2.5642981350756218, "n_estimators": 8.259049793664296}, "datetime": {"datetime": "2021-09-17 16:22:21", "elapsed": 2141.835387, "delta": 8.361741}}
{"target": 0.7670162912634937, "params": {"eta": 0.4503509233762722, "max_depth": 2.298044936135846, "n_estimators": 8.324649474482365}, "datetime": {"datetime": "2021-09-17 16:22:31", "elapsed": 2151.863788, "delta": 10.028401}}
{"target": 0.7624597011145459, "params": {"eta": 0.4888747588769505, "max_depth": 2.0800929517976248, "n_estimators": 8.166109349977035}, "datetime": {"datetime": "2021-09-17 16:22:36", "elapsed": 2157.336583, "delta": 5.472795}}
{"target": 0.7935335251377547, "params": {"eta": 0.7274563377555506, "max_depth": 2.6199235681224486, "n_estimators": 8.90495262788503}, "datetime": {"datetime": "2021-09-17 16:22:49", "elapsed": 2169.673881, "delta": 12.337298}}
{"target": 0.7643361564195571, "params": {"eta": 0.5836976730078494, "max_depth": 2.2660584318710573, "n_estimators": 8.756593491354277}, "datetime": {"datetime": "2021-09-17 16:23:00", "elapsed": 2181.232292, "delta": 11.558411}}
{"target": 0.792360202000518, "params": {"eta": 0.7158960261058503, "max_depth": 2.9034388310403787, "n_estimators": 9.396549834238465}, "datetime": {"datetime": "2021-09-17 16:23:08", "elapsed": 2189.321555, "delta": 8.089263}}
{"target": 0.7932048587017906, "params": {"eta": 0.7217318934181624, "max_depth": 3.0601527719577626, "n_estimators": 9.120049376249359}, "datetime": {"datetime": "2021-09-17 16:23:14", "elapsed": 2195.136601, "delta": 5.815046}}
{"target": 0.7500793979621341, "params": {"eta": 0.538072084730019, "max_depth": 2.572300074855202, "n_estimators": 8.655516606401873}, "datetime": {"datetime": "2021-09-17 16:23:20", "elapsed": 2201.025742, "delta": 5.889141}}
{"target": 0.7839017337676841, "params": {"eta": 0.6843782645429725, "max_depth": 2.725694167821519, "n_estimators": 9.143719500887462}, "datetime": {"datetime": "2021-09-17 16:23:26", "elapsed": 2206.680237, "delta": 5.654495}}
{"target": 0.7562943583825359, "params": {"eta": 0.5501988994796239, "max_depth": 2.1205511253094436, "n_estimators": 8.433994277028866}, "datetime": {"datetime": "2021-09-17 16:23:33", "elapsed": 2213.729044, "delta": 7.048807}}
{"target": 0.6545534755708191, "params": {"eta": 1.0, "max_depth": 1.7901976157329287, "n_estimators": 4.071286424044613}, "datetime": {"datetime": "2021-09-17 16:23:50", "elapsed": 2231.504354, "delta": 17.77531}}
{"target": 0.7727759334015986, "params": {"eta": 0.8383179466544177, "max_depth": 3.0777054228512606, "n_estimators": 9.550230854686783}, "datetime": {"datetime": "2021-09-17 16:24:02", "elapsed": 2243.277455, "delta": 11.773101}}
{"target": 0.7170558940118665, "params": {"eta": 1.0, "max_depth": 8.413713800899947, "n_estimators": 5.252449104784181}, "datetime": {"datetime": "2021-09-17 16:24:12", "elapsed": 2253.035917, "delta": 9.758462}}
{"target": 0.7366265248331045, "params": {"eta": 0.8189938689974773, "max_depth": 6.684380873737742, "n_estimators": 5.201167180328987}, "datetime": {"datetime": "2021-09-17 16:24:26", "elapsed": 2267.326941, "delta": 14.291024}}
{"target": 0.6685074400449509, "params": {"eta": 1.0, "max_depth": 1.0, "n_estimators": 3.5460735854223264}, "datetime": {"datetime": "2021-09-17 16:24:36", "elapsed": 2276.801025, "delta": 9.474084}}
{"target": 0.6463688258184356, "params": {"eta": 1.0, "max_depth": 2.224966626494688, "n_estimators": 1.3879319059141342}, "datetime": {"datetime": "2021-09-17 16:24:46", "elapsed": 2287.089425, "delta": 10.2884}}
{"target": 0.8398880194737147, "params": {"eta": 0.36700704131032263, "max_depth": 6.420199943991401, "n_estimators": 8.911547897390317}, "datetime": {"datetime": "2021-09-17 16:24:55", "elapsed": 2296.196741, "delta": 9.107316}}
{"target": 0.8341509303021891, "params": {"eta": 0.5363791518980777, "max_depth": 6.692551931629552, "n_estimators": 8.913812367489157}, "datetime": {"datetime": "2021-09-17 16:25:03", "elapsed": 2303.698556, "delta": 7.501815}}
{"target": 0.7773853223238338, "params": {"eta": 0.7406879749569403, "max_depth": 6.570173427443272, "n_estimators": 9.205592498025483}, "datetime": {"datetime": "2021-09-17 16:25:10", "elapsed": 2311.157642, "delta": 7.459086}}
{"target": 0.7726567363330992, "params": {"eta": 0.6763822331164985, "max_depth": 6.986104720924845, "n_estimators": 8.963292035588008}, "datetime": {"datetime": "2021-09-17 16:25:16", "elapsed": 2316.750737, "delta": 5.593095}}
{"target": 0.7423576009394479, "params": {"eta": 0.846147014239547, "max_depth": 6.6365963251782984, "n_estimators": 9.00128918198765}, "datetime": {"datetime": "2021-09-17 16:25:24", "elapsed": 2325.457865, "delta": 8.707128}}
{"target": 0.7696532013167321, "params": {"eta": 0.7115728393941213, "max_depth": 7.180908310650115, "n_estimators": 4.60041175995139}, "datetime": {"datetime": "2021-09-17 16:25:32", "elapsed": 2333.363561, "delta": 7.905696}}
{"target": 0.724284576974129, "params": {"eta": 1.0, "max_depth": 5.629959489980171, "n_estimators": 6.134426671445829}, "datetime": {"datetime": "2021-09-17 16:25:38", "elapsed": 2338.798206, "delta": 5.434645}}
{"target": 0.7986609981921737, "params": {"eta": 0.5203598575571502, "max_depth": 6.775406727720207, "n_estimators": 8.04177318428903}, "datetime": {"datetime": "2021-09-17 16:25:45", "elapsed": 2345.7519, "delta": 6.953694}}
{"target": 0.8529832008310274, "params": {"eta": 0.45874893219728907, "max_depth": 6.926357009187336, "n_estimators": 8.752069746733671}, "datetime": {"datetime": "2021-09-17 16:25:52", "elapsed": 2353.189905, "delta": 7.438005}}
{"target": 0.7136003147045338, "params": {"eta": 1.0, "max_depth": 8.147908128700866, "n_estimators": 4.429084982596168}, "datetime": {"datetime": "2021-09-17 16:26:00", "elapsed": 2361.256775, "delta": 8.06687}}
{"target": 0.7873427455939838, "params": {"eta": 0.6855052755896917, "max_depth": 6.159875523361946, "n_estimators": 9.448979622655358}, "datetime": {"datetime": "2021-09-17 16:26:06", "elapsed": 2367.081603, "delta": 5.824828}}
{"target": 0.7080701676820882, "params": {"eta": 1.0, "max_depth": 6.869968113761105, "n_estimators": 3.867664466738186}, "datetime": {"datetime": "2021-09-17 16:26:12", "elapsed": 2373.268804, "delta": 6.187201}}
{"target": 0.7656918757295739, "params": {"eta": 0.8085091762660759, "max_depth": 2.874712923363565, "n_estimators": 8.892016204305158}, "datetime": {"datetime": "2021-09-17 16:26:25", "elapsed": 2385.599146, "delta": 12.330342}}
{"target": 0.716772499639672, "params": {"eta": 1.0, "max_depth": 8.041964173370689, "n_estimators": 7.784487726502206}, "datetime": {"datetime": "2021-09-17 16:26:33", "elapsed": 2394.463713, "delta": 8.864567}}
{"target": 0.8267266638488887, "params": {"eta": 0.4954717298205402, "max_depth": 5.139833516422711, "n_estimators": 8.924557331995905}, "datetime": {"datetime": "2021-09-17 16:26:42", "elapsed": 2403.406439, "delta": 8.942726}}
{"target": 0.7584272207910371, "params": {"eta": 0.7490557367637961, "max_depth": 7.248467708052738, "n_estimators": 7.044563543597162}, "datetime": {"datetime": "2021-09-17 16:26:56", "elapsed": 2417.312054, "delta": 13.905615}}
{"target": 0.7657067815807916, "params": {"eta": 0.9987560771674913, "max_depth": 4.179433398753458, "n_estimators": 8.455656768672142}, "datetime": {"datetime": "2021-09-17 16:27:09", "elapsed": 2429.965169, "delta": 12.653115}}
{"target": 0.826522205246832, "params": {"eta": 0.4863440596274341, "max_depth": 6.409636062262966, "n_estimators": 9.05922627955953}, "datetime": {"datetime": "2021-09-17 16:27:22", "elapsed": 2443.15067, "delta": 13.185501}}
{"target": 0.7719041260473917, "params": {"eta": 0.8080143508187858, "max_depth": 2.951372410085114, "n_estimators": 9.247523908791788}, "datetime": {"datetime": "2021-09-17 16:27:32", "elapsed": 2453.296009, "delta": 10.145339}}
{"target": 0.837942760580592, "params": {"eta": 0.42835690478479355, "max_depth": 3.0520036191402453, "n_estimators": 9.380728397764553}, "datetime": {"datetime": "2021-09-17 16:27:41", "elapsed": 2462.402656, "delta": 9.106647}}
{"target": 0.8092479151424841, "params": {"eta": 0.5072420346696865, "max_depth": 3.2871243320470125, "n_estimators": 9.515573704949517}, "datetime": {"datetime": "2021-09-17 16:27:48", "elapsed": 2468.618546, "delta": 6.21589}}
{"target": 0.7690274379368784, "params": {"eta": 0.44276049690887376, "max_depth": 2.864295063028824, "n_estimators": 9.090755016739106}, "datetime": {"datetime": "2021-09-17 16:27:56", "elapsed": 2477.284002, "delta": 8.665456}}
{"target": 0.79092894930063, "params": {"eta": 0.6095899736754476, "max_depth": 3.173195080393856, "n_estimators": 9.321020565042911}, "datetime": {"datetime": "2021-09-17 16:28:06", "elapsed": 2486.78816, "delta": 9.504158}}
{"target": 0.7928943716817254, "params": {"eta": 0.5433966362337169, "max_depth": 3.005600920567076, "n_estimators": 9.47314593410311}, "datetime": {"datetime": "2021-09-17 16:28:12", "elapsed": 2493.211182, "delta": 6.423022}}
{"target": 0.8132867067207019, "params": {"eta": 0.36849703466501704, "max_depth": 3.700085989424914, "n_estimators": 9.668229287536345}, "datetime": {"datetime": "2021-09-17 16:28:24", "elapsed": 2504.583248, "delta": 11.372066}}
{"target": 0.7078502327821943, "params": {"eta": 1.0, "max_depth": 2.943945793948342, "n_estimators": 6.976265376439118}, "datetime": {"datetime": "2021-09-17 16:28:35", "elapsed": 2515.72242, "delta": 11.139172}}
{"target": 0.8141152045585165, "params": {"eta": 0.5009369603921621, "max_depth": 3.49323468977172, "n_estimators": 9.669831921677046}, "datetime": {"datetime": "2021-09-17 16:28:41", "elapsed": 2521.957708, "delta": 6.235288}}
{"target": 0.8054532526038767, "params": {"eta": 0.3772006365979257, "max_depth": 3.880694477898664, "n_estimators": 9.81433976508086}, "datetime": {"datetime": "2021-09-17 16:28:52", "elapsed": 2533.024299, "delta": 11.066591}}
{"target": 0.7650224426320728, "params": {"eta": 0.25060104050091375, "max_depth": 3.554537706639981, "n_estimators": 9.744650186221714}, "datetime": {"datetime": "2021-09-17 16:28:58", "elapsed": 2538.938754, "delta": 5.914455}}
{"target": 0.8188623206809442, "params": {"eta": 0.5552325756353326, "max_depth": 8.989459524004458, "n_estimators": 8.437290713566261}, "datetime": {"datetime": "2021-09-17 16:29:04", "elapsed": 2545.026832, "delta": 6.088078}}
{"target": 0.7454639844818621, "params": {"eta": 0.5513459805590714, "max_depth": 2.3668824727152153, "n_estimators": 7.952892216213314}, "datetime": {"datetime": "2021-09-17 16:29:18", "elapsed": 2559.563542, "delta": 14.53671}}
{"target": 0.7718551859126739, "params": {"eta": 1.0, "max_depth": 4.067082598055783, "n_estimators": 7.233425526096949}, "datetime": {"datetime": "2021-09-17 16:29:32", "elapsed": 2572.842507, "delta": 13.278965}}
{"target": 0.7859701918313027, "params": {"eta": 0.594154680488213, "max_depth": 4.564509015584016, "n_estimators": 4.74211477822943}, "datetime": {"datetime": "2021-09-17 16:29:48", "elapsed": 2588.652671, "delta": 15.810164}}
{"target": 0.7879688439008558, "params": {"eta": 0.6176886600965532, "max_depth": 7.176941844532643, "n_estimators": 6.67042809443867}, "datetime": {"datetime": "2021-09-17 16:29:55", "elapsed": 2595.987636, "delta": 7.334965}}
{"target": 0.7536361140942769, "params": {"eta": 0.7290269982346083, "max_depth": 9.48702048718495, "n_estimators": 8.290778902558896}, "datetime": {"datetime": "2021-09-17 16:30:01", "elapsed": 2602.104299, "delta": 6.116663}}
{"target": 0.7133262441456074, "params": {"eta": 1.0, "max_depth": 8.43096750581082, "n_estimators": 6.857917500068812}, "datetime": {"datetime": "2021-09-17 16:30:09", "elapsed": 2609.666701, "delta": 7.562402}}
{"target": 0.8091285328687041, "params": {"eta": 0.5083095646878998, "max_depth": 4.9853194385011035, "n_estimators": 7.597946396417437}, "datetime": {"datetime": "2021-09-17 16:30:19", "elapsed": 2620.263839, "delta": 10.597138}}
{"target": 0.7567332317572592, "params": {"eta": 0.3017136693390233, "max_depth": 4.828691047946153, "n_estimators": 7.474152827784807}, "datetime": {"datetime": "2021-09-17 16:30:25", "elapsed": 2625.629539, "delta": 5.3657}}
{"target": 0.7740537726747053, "params": {"eta": 0.540130572968381, "max_depth": 2.95999877341448, "n_estimators": 9.247658329487267}, "datetime": {"datetime": "2021-09-17 16:30:35", "elapsed": 2635.852529, "delta": 10.22299}}
{"target": 0.7748226138008091, "params": {"eta": 0.3823377159907742, "max_depth": 2.5472918745664046, "n_estimators": 9.10344524080425}, "datetime": {"datetime": "2021-09-17 16:30:41", "elapsed": 2642.414488, "delta": 6.561959}}
{"target": 0.21343409890102194, "params": {"eta": 0.14822755219881883, "max_depth": 2.500105269908416, "n_estimators": 8.806587488008631}, "datetime": {"datetime": "2021-09-17 16:30:48", "elapsed": 2649.559945, "delta": 7.145457}}
{"target": 0.7810291947823111, "params": {"eta": 0.701425855226112, "max_depth": 2.3589978149961226, "n_estimators": 9.127441526047564}, "datetime": {"datetime": "2021-09-17 16:30:54", "elapsed": 2654.873526, "delta": 5.313581}}
{"target": 0.7787516636311489, "params": {"eta": 0.47545892822051383, "max_depth": 2.728116029130608, "n_estimators": 9.310057596046988}, "datetime": {"datetime": "2021-09-17 16:31:04", "elapsed": 2665.161423, "delta": 10.287897}}
{"target": 0.7500913114194916, "params": {"eta": 0.5376146893792351, "max_depth": 2.4789293089033766, "n_estimators": 8.940547444290146}, "datetime": {"datetime": "2021-09-17 16:31:11", "elapsed": 2672.042623, "delta": 6.8812}}
{"target": 0.7954739474949191, "params": {"eta": 0.6348410992375302, "max_depth": 5.45086485193754, "n_estimators": 7.716116150504487}, "datetime": {"datetime": "2021-09-17 16:31:19", "elapsed": 2680.260769, "delta": 8.218146}}
{"target": 0.8083489107976557, "params": {"eta": 0.4791441425062135, "max_depth": 9.976063327933218, "n_estimators": 8.709179186105413}, "datetime": {"datetime": "2021-09-17 16:31:26", "elapsed": 2687.046599, "delta": 6.78583}}
