{"target": -11.595973899869797, "params": {"eta": 0.3049602523791375, "max_depth": 5.21644098097388, "n_estimators": 238.62585158050652}, "datetime": {"datetime": "2021-09-27 20:05:19", "elapsed": 135.117331, "delta": 1.279263}}
{"target": -11.026974826001302, "params": {"eta": 0.07533395401696098, "max_depth": 8.73346534646404, "n_estimators": 286.7903601915452}, "datetime": {"datetime": "2021-09-27 20:05:22", "elapsed": 137.870334, "delta": 2.753003}}
{"target": -11.258221105878578, "params": {"eta": 0.12355256303993167, "max_depth": 6.322826374056039, "n_estimators": 277.2040567093318}, "datetime": {"datetime": "2021-09-27 20:05:24", "elapsed": 140.047018, "delta": 2.176684}}
{"target": -11.05691557551511, "params": {"eta": 0.06419538198602238, "max_depth": 8.194456577305335, "n_estimators": 242.17617332666364}, "datetime": {"datetime": "2021-09-27 20:05:26", "elapsed": 142.10176, "delta": 2.054742}}
{"target": -12.741711358968574, "params": {"eta": 0.4979747809659146, "max_depth": 10.418208684481876, "n_estimators": 253.81767746081414}, "datetime": {"datetime": "2021-09-27 20:05:27", "elapsed": 143.10309, "delta": 1.00133}}
{"target": -12.206847725729416, "params": {"eta": 0.22704863590933755, "max_depth": 4.15403556647559, "n_estimators": 253.09436309628973}, "datetime": {"datetime": "2021-09-27 20:05:29", "elapsed": 144.445987, "delta": 1.342897}}
{"target": -11.94472339917504, "params": {"eta": 0.17699694257309628, "max_depth": 8.186299648950031, "n_estimators": 242.10355775067796}, "datetime": {"datetime": "2021-09-27 20:05:31", "elapsed": 146.251147, "delta": 1.80516}}
{"target": -11.006931659241452, "params": {"eta": 0.10549497796199458, "max_depth": 8.361585762909526, "n_estimators": 242.23061580829398}, "datetime": {"datetime": "2021-09-27 20:05:32", "elapsed": 147.959858, "delta": 1.708711}}
{"target": -12.13111351989371, "params": {"eta": 0.34040156222300955, "max_depth": 4.045793968415184, "n_estimators": 265.85273647711523}, "datetime": {"datetime": "2021-09-27 20:05:34", "elapsed": 149.230531, "delta": 1.270673}}
{"target": -11.234543815505452, "params": {"eta": 0.05, "max_depth": 4.037558912258256, "n_estimators": 253.05112624183465}, "datetime": {"datetime": "2021-09-27 20:05:35", "elapsed": 150.829528, "delta": 1.598997}}
{"target": -11.408966870075906, "params": {"eta": 0.12925925457594445, "max_depth": 3.9565271293415964, "n_estimators": 213.83054057778634}, "datetime": {"datetime": "2021-09-27 20:05:36", "elapsed": 151.902465, "delta": 1.072937}}
{"target": -13.740157431789592, "params": {"eta": 0.4568918749736544, "max_depth": 2.5370479321801067, "n_estimators": 213.38806396644344}, "datetime": {"datetime": "2021-09-27 20:05:37", "elapsed": 152.69747, "delta": 0.795005}}
{"target": -11.284161974566628, "params": {"eta": 0.09747090467011835, "max_depth": 5.325518587432818, "n_estimators": 238.63845833211792}, "datetime": {"datetime": "2021-09-27 20:05:38", "elapsed": 154.046632, "delta": 1.349162}}
{"target": -11.448361397494478, "params": {"eta": 0.19276310608902808, "max_depth": 7.198030787682556, "n_estimators": 278.42067448619065}, "datetime": {"datetime": "2021-09-27 20:05:40", "elapsed": 155.860077, "delta": 1.813445}}
{"target": -11.730366394228685, "params": {"eta": 0.2895837949841022, "max_depth": 5.32973327690245, "n_estimators": 238.72275471842408}, "datetime": {"datetime": "2021-09-27 20:05:42", "elapsed": 157.56586, "delta": 1.705783}}
{"target": -12.077440910657614, "params": {"eta": 0.40859440970538435, "max_depth": 10.33260751332976, "n_estimators": 253.68000726567757}, "datetime": {"datetime": "2021-09-27 20:05:44", "elapsed": 159.251648, "delta": 1.685788}}
{"target": -11.924923026033541, "params": {"eta": 0.3051411648808925, "max_depth": 5.007340441520851, "n_estimators": 244.18918433463966}, "datetime": {"datetime": "2021-09-27 20:05:45", "elapsed": 160.84065, "delta": 1.589002}}
{"target": -11.737783088978533, "params": {"eta": 0.15675085697229402, "max_depth": 7.17433380300041, "n_estimators": 278.5740980499728}, "datetime": {"datetime": "2021-09-27 20:05:47", "elapsed": 162.928828, "delta": 2.088178}}
{"target": -11.472473155669496, "params": {"eta": 0.14654202053047, "max_depth": 8.664554224207267, "n_estimators": 286.75657194134504}, "datetime": {"datetime": "2021-09-27 20:05:50", "elapsed": 165.644442, "delta": 2.715614}}
{"target": -11.460522565914056, "params": {"eta": 0.1388205160899343, "max_depth": 5.270399647412794, "n_estimators": 238.7400689137228}, "datetime": {"datetime": "2021-09-27 20:05:51", "elapsed": 167.165856, "delta": 1.521414}}
{"target": -11.476054152169917, "params": {"eta": 0.1270303241704696, "max_depth": 5.503200171951465, "n_estimators": 239.56675947323657}, "datetime": {"datetime": "2021-09-27 20:05:53", "elapsed": 168.712378, "delta": 1.546522}}
{"target": -11.123905961188347, "params": {"eta": 0.11825346016487581, "max_depth": 7.044008096582367, "n_estimators": 210.68412898609145}, "datetime": {"datetime": "2021-09-27 20:05:55", "elapsed": 170.271359, "delta": 1.558981}}
{"target": -11.178348747098331, "params": {"eta": 0.19041057330547662, "max_depth": 6.643232048440099, "n_estimators": 277.491907241876}, "datetime": {"datetime": "2021-09-27 20:05:57", "elapsed": 172.286166, "delta": 2.014807}}
{"target": -11.334401066709185, "params": {"eta": 0.06821447545546562, "max_depth": 7.327421084405506, "n_estimators": 243.90168934447834}, "datetime": {"datetime": "2021-09-27 20:05:59", "elapsed": 174.414035, "delta": 2.127869}}
{"target": -11.115494059781179, "params": {"eta": 0.14545391424481657, "max_depth": 4.079248214082238, "n_estimators": 253.048762839267}, "datetime": {"datetime": "2021-09-27 20:06:00", "elapsed": 175.615297, "delta": 1.201262}}
{"target": -10.94271315207899, "params": {"eta": 0.10684933941909971, "max_depth": 5.040748671405624, "n_estimators": 231.2454335834846}, "datetime": {"datetime": "2021-09-27 20:06:02", "elapsed": 177.22923, "delta": 1.613933}}
{"target": -11.994225208003764, "params": {"eta": 0.4004540886184926, "max_depth": 7.544977624366685, "n_estimators": 284.82117010632106}, "datetime": {"datetime": "2021-09-27 20:06:03", "elapsed": 178.443235, "delta": 1.214005}}
{"target": -11.94240947265012, "params": {"eta": 0.17110505796826297, "max_depth": 7.155733982016186, "n_estimators": 210.75414326948268}, "datetime": {"datetime": "2021-09-27 20:06:05", "elapsed": 180.900578, "delta": 2.457343}}
{"target": -11.71751723372871, "params": {"eta": 0.09263500104551506, "max_depth": 7.026645946467919, "n_estimators": 278.2742342728334}, "datetime": {"datetime": "2021-09-27 20:06:07", "elapsed": 182.942781, "delta": 2.042203}}
{"target": -11.529520252539278, "params": {"eta": 0.23060811450383384, "max_depth": 6.414415491302193, "n_estimators": 277.3493550008519}, "datetime": {"datetime": "2021-09-27 20:06:09", "elapsed": 184.536235, "delta": 1.593454}}
{"target": -11.754787846639095, "params": {"eta": 0.23307357005296697, "max_depth": 9.340813792738128, "n_estimators": 210.4463781969406}, "datetime": {"datetime": "2021-09-27 20:06:10", "elapsed": 185.971429, "delta": 1.435194}}
{"target": -11.58877197353075, "params": {"eta": 0.21048997088004345, "max_depth": 5.514128454131672, "n_estimators": 239.78634916465023}, "datetime": {"datetime": "2021-09-27 20:06:12", "elapsed": 187.684225, "delta": 1.712796}}
{"target": -10.941689163917175, "params": {"eta": 0.17129795191396538, "max_depth": 5.126992059098869, "n_estimators": 231.19217185562667}, "datetime": {"datetime": "2021-09-27 20:06:14", "elapsed": 189.521807, "delta": 1.837582}}
{"target": -11.734903859358479, "params": {"eta": 0.12567858020754213, "max_depth": 5.2726935588593165, "n_estimators": 238.52103415764844}, "datetime": {"datetime": "2021-09-27 20:06:16", "elapsed": 191.27084, "delta": 1.749033}}
{"target": -11.869600016432829, "params": {"eta": 0.2342713844202008, "max_depth": 10.47421617952696, "n_estimators": 253.4317884129578}, "datetime": {"datetime": "2021-09-27 20:06:17", "elapsed": 192.530834, "delta": 1.259994}}
{"target": -11.293261186163308, "params": {"eta": 0.2383352324591027, "max_depth": 5.110548006870847, "n_estimators": 231.26159815987762}, "datetime": {"datetime": "2021-09-27 20:06:19", "elapsed": 194.455399, "delta": 1.924565}}
{"target": -12.26978732254443, "params": {"eta": 0.28809827153640577, "max_depth": 3.414879133324014, "n_estimators": 292.9153504954045}, "datetime": {"datetime": "2021-09-27 20:06:20", "elapsed": 196.099941, "delta": 1.644542}}
{"target": -11.364878589823144, "params": {"eta": 0.09666210812029576, "max_depth": 6.757661777940384, "n_estimators": 277.33193653638654}, "datetime": {"datetime": "2021-09-27 20:06:22", "elapsed": 197.870119, "delta": 1.770178}}
{"target": -11.946300061060892, "params": {"eta": 0.31262016025811334, "max_depth": 7.381253713258558, "n_estimators": 221.08366105926973}, "datetime": {"datetime": "2021-09-27 20:06:23", "elapsed": 198.954641, "delta": 1.084522}}
{"target": -11.112868432425476, "params": {"eta": 0.06267695740608817, "max_depth": 6.426463469254527, "n_estimators": 277.3132625639397}, "datetime": {"datetime": "2021-09-27 20:06:25", "elapsed": 201.081847, "delta": 2.127206}}
{"target": -11.16731267373543, "params": {"eta": 0.12066598335605545, "max_depth": 7.009653493152255, "n_estimators": 210.76328428893447}, "datetime": {"datetime": "2021-09-27 20:06:27", "elapsed": 202.98114, "delta": 1.899293}}
{"target": -11.05641595036067, "params": {"eta": 0.1458017131923824, "max_depth": 5.673381330544698, "n_estimators": 279.1264022744058}, "datetime": {"datetime": "2021-09-27 20:06:29", "elapsed": 204.650232, "delta": 1.669092}}
{"target": -11.287940481462423, "params": {"eta": 0.19085850149931344, "max_depth": 6.95346750125769, "n_estimators": 210.62863666429482}, "datetime": {"datetime": "2021-09-27 20:06:30", "elapsed": 206.107234, "delta": 1.457002}}
{"target": -11.21425236579475, "params": {"eta": 0.0549782310530959, "max_depth": 6.996607381884026, "n_estimators": 278.4974515414095}, "datetime": {"datetime": "2021-09-27 20:06:32", "elapsed": 207.990038, "delta": 1.882804}}
{"target": -11.260612212055321, "params": {"eta": 0.3091533584400737, "max_depth": 10.319258649662984, "n_estimators": 284.91719179366936}, "datetime": {"datetime": "2021-09-27 20:06:34", "elapsed": 209.72709, "delta": 1.737052}}
{"target": -11.272142734647076, "params": {"eta": 0.13091681740369532, "max_depth": 5.0335572945505715, "n_estimators": 231.07638090492463}, "datetime": {"datetime": "2021-09-27 20:06:36", "elapsed": 211.758842, "delta": 2.031752}}
{"target": -13.464768023305318, "params": {"eta": 0.47263138041310865, "max_depth": 3.765509775483313, "n_estimators": 223.73635346133662}, "datetime": {"datetime": "2021-09-27 20:06:37", "elapsed": 212.802842, "delta": 1.044}}
{"target": -12.179626294998606, "params": {"eta": 0.25625030339811294, "max_depth": 10.210330987143294, "n_estimators": 229.87163660337816}, "datetime": {"datetime": "2021-09-27 20:06:39", "elapsed": 214.261209, "delta": 1.458367}}
{"target": -11.233597357323017, "params": {"eta": 0.06818142538503885, "max_depth": 3.1396504930757168, "n_estimators": 250.17751836868027}, "datetime": {"datetime": "2021-09-27 20:06:40", "elapsed": 215.582042, "delta": 1.320833}}
{"target": -11.149871753426014, "params": {"eta": 0.07761208415098503, "max_depth": 5.266667815455114, "n_estimators": 238.95365461407286}, "datetime": {"datetime": "2021-09-27 20:06:42", "elapsed": 217.660118, "delta": 2.078076}}
{"target": -11.091706248984067, "params": {"eta": 0.05511959872519878, "max_depth": 8.046396851844065, "n_estimators": 242.1899067767508}, "datetime": {"datetime": "2021-09-27 20:06:44", "elapsed": 219.663835, "delta": 2.003717}}
{"target": -11.189336583231634, "params": {"eta": 0.07572380711039617, "max_depth": 5.8568626309856775, "n_estimators": 279.1026445175256}, "datetime": {"datetime": "2021-09-27 20:06:46", "elapsed": 221.391835, "delta": 1.728}}
{"target": -11.143046907827516, "params": {"eta": 0.1366298257463585, "max_depth": 5.31562251816024, "n_estimators": 231.1891691825226}, "datetime": {"datetime": "2021-09-27 20:06:47", "elapsed": 222.936834, "delta": 1.544999}}
{"target": -11.155329096541914, "params": {"eta": 0.06193087637170663, "max_depth": 8.46585887584049, "n_estimators": 242.11764167948596}, "datetime": {"datetime": "2021-09-27 20:06:49", "elapsed": 224.960588, "delta": 2.023754}}
{"target": -11.01791022228115, "params": {"eta": 0.08100822654662172, "max_depth": 5.10150047115177, "n_estimators": 238.61971739583305}, "datetime": {"datetime": "2021-09-27 20:06:51", "elapsed": 226.663285, "delta": 1.702697}}
{"target": -10.731649571547504, "params": {"eta": 0.08571641132341776, "max_depth": 6.640679635886393, "n_estimators": 277.6667505956489}, "datetime": {"datetime": "2021-09-27 20:06:53", "elapsed": 228.625792, "delta": 1.962507}}
{"target": -11.350581121189963, "params": {"eta": 0.05, "max_depth": 8.153842182983825, "n_estimators": 242.3016422407579}, "datetime": {"datetime": "2021-09-27 20:06:55", "elapsed": 230.856465, "delta": 2.230673}}
{"target": -11.89382664500914, "params": {"eta": 0.21229943323610084, "max_depth": 6.954439749127833, "n_estimators": 210.6241360814484}, "datetime": {"datetime": "2021-09-27 20:06:57", "elapsed": 232.659936, "delta": 1.803471}}
{"target": -11.030941178985607, "params": {"eta": 0.09488322644884835, "max_depth": 6.808109366242027, "n_estimators": 277.7467422092043}, "datetime": {"datetime": "2021-09-27 20:07:00", "elapsed": 235.216595, "delta": 2.556659}}
{"target": -11.599883221491018, "params": {"eta": 0.3644499978660949, "max_depth": 5.069865011411059, "n_estimators": 213.06876763024755}, "datetime": {"datetime": "2021-09-27 20:07:01", "elapsed": 236.804932, "delta": 1.588337}}
{"target": -11.724670110373681, "params": {"eta": 0.27463654513825475, "max_depth": 4.177534195988983, "n_estimators": 225.36380464862853}, "datetime": {"datetime": "2021-09-27 20:07:03", "elapsed": 238.525, "delta": 1.720068}}
{"target": -11.199142256195264, "params": {"eta": 0.14547635840279738, "max_depth": 6.643112099278529, "n_estimators": 277.5930850005022}, "datetime": {"datetime": "2021-09-27 20:07:05", "elapsed": 241.031583, "delta": 2.506583}}
{"target": -11.625293319573034, "params": {"eta": 0.16548572421036845, "max_depth": 8.919386065760078, "n_estimators": 273.5567123768974}, "datetime": {"datetime": "2021-09-27 20:07:08", "elapsed": 243.309755, "delta": 2.278172}}
{"target": -11.426497804368159, "params": {"eta": 0.15543970370169988, "max_depth": 4.343329388277741, "n_estimators": 264.3234662078866}, "datetime": {"datetime": "2021-09-27 20:07:09", "elapsed": 245.101247, "delta": 1.791492}}
{"target": -11.97976451322887, "params": {"eta": 0.23765990211615828, "max_depth": 7.762595947537265, "n_estimators": 400.0114374817345}, "datetime": {"datetime": "2021-09-27 20:21:29", "elapsed": 0.0, "delta": 0.0}}
{"target": -11.842609269188662, "params": {"eta": 0.1860496576843279, "max_depth": 3.1740471265369044, "n_estimators": 409.2338594768798}, "datetime": {"datetime": "2021-09-27 20:21:30", "elapsed": 0.719003, "delta": 0.719003}}
{"target": -11.249354566663888, "params": {"eta": 0.1338170951199519, "max_depth": 4.764485816344382, "n_estimators": 439.676747423067}, "datetime": {"datetime": "2021-09-27 20:21:32", "elapsed": 2.357088, "delta": 1.638085}}
{"target": -11.405901356655734, "params": {"eta": 0.2924675303015106, "max_depth": 5.353556115226358, "n_estimators": 468.52195003967597}, "datetime": {"datetime": "2021-09-27 20:21:33", "elapsed": 3.580617, "delta": 1.223529}}
{"target": -11.519771729887347, "params": {"eta": 0.19120503715044215, "max_depth": 4.983160423092869, "n_estimators": 440.82507640628745}, "datetime": {"datetime": "2021-09-27 20:21:34", "elapsed": 4.998939, "delta": 1.418322}}
{"target": -11.263638852095795, "params": {"eta": 0.17293924621709705, "max_depth": 4.8608237591910255, "n_estimators": 438.44219157591505}, "datetime": {"datetime": "2021-09-27 20:21:36", "elapsed": 6.528149, "delta": 1.52921}}
{"target": -12.68904153479267, "params": {"eta": 0.17734299836152928, "max_depth": 2.8071760369470145, "n_estimators": 438.917075776258}, "datetime": {"datetime": "2021-09-27 20:21:37", "elapsed": 7.55055, "delta": 1.022401}}
{"target": -11.409421127194577, "params": {"eta": 0.17263747241355604, "max_depth": 5.732010423670254, "n_estimators": 439.1610419617108}, "datetime": {"datetime": "2021-09-27 20:21:40", "elapsed": 10.757715, "delta": 3.207165}}
{"target": -11.249650367701774, "params": {"eta": 0.21697490814073567, "max_depth": 5.679173770960719, "n_estimators": 437.24195687391926}, "datetime": {"datetime": "2021-09-27 20:21:41", "elapsed": 12.139912, "delta": 1.382197}}
{"target": -11.239807550511523, "params": {"eta": 0.05, "max_depth": 4.85209010272018, "n_estimators": 435.9734545368443}, "datetime": {"datetime": "2021-09-27 20:21:43", "elapsed": 13.516555, "delta": 1.376643}}
{"target": -11.711145151796636, "params": {"eta": 0.20557464332864928, "max_depth": 6.6329464210302085, "n_estimators": 435.73975828298984}, "datetime": {"datetime": "2021-09-27 20:21:44", "elapsed": 14.810195, "delta": 1.29364}}
{"target": -11.682779838634731, "params": {"eta": 0.4096439461163315, "max_depth": 4.442555735232105, "n_estimators": 436.97848602561237}, "datetime": {"datetime": "2021-09-27 20:21:46", "elapsed": 16.66495, "delta": 1.854755}}
{"target": -11.240100801142024, "params": {"eta": 0.05, "max_depth": 4.487663465559706, "n_estimators": 434.8142124421376}, "datetime": {"datetime": "2021-09-27 20:21:48", "elapsed": 18.554141, "delta": 1.889191}}
{"target": -11.166520462899387, "params": {"eta": 0.05, "max_depth": 3.0689631262527044, "n_estimators": 434.89770063099144}, "datetime": {"datetime": "2021-09-27 20:21:49", "elapsed": 20.214351, "delta": 1.66021}}
{"target": -12.544553542216748, "params": {"eta": 0.29024333174570943, "max_depth": 3.241991600061996, "n_estimators": 433.52629614545594}, "datetime": {"datetime": "2021-09-27 20:21:51", "elapsed": 21.413486, "delta": 1.199135}}
{"target": -11.167269866573344, "params": {"eta": 0.05, "max_depth": 3.768118363786321, "n_estimators": 435.49054040134433}, "datetime": {"datetime": "2021-09-27 20:21:52", "elapsed": 22.614484, "delta": 1.200998}}
{"target": -12.426624123455085, "params": {"eta": 0.27812365478531587, "max_depth": 2.5990238884673182, "n_estimators": 435.7670339190846}, "datetime": {"datetime": "2021-09-27 20:21:53", "elapsed": 23.615751, "delta": 1.001267}}
{"target": -12.134170733011995, "params": {"eta": 0.22755348340823944, "max_depth": 4.802489622372586, "n_estimators": 438.3849539428008}, "datetime": {"datetime": "2021-09-27 20:21:54", "elapsed": 24.908413, "delta": 1.292662}}
{"target": -12.972241296422048, "params": {"eta": 0.3191909082776412, "max_depth": 2.9016164584760036, "n_estimators": 411.67775096844275}, "datetime": {"datetime": "2021-09-27 20:21:55", "elapsed": 25.598413, "delta": 0.69}}
{"target": -11.598806759712136, "params": {"eta": 0.3261310973230476, "max_depth": 6.459135165129276, "n_estimators": 465.360692030178}, "datetime": {"datetime": "2021-09-27 20:21:56", "elapsed": 26.838413, "delta": 1.24}}
{"target": -11.122842864293506, "params": {"eta": 0.05756569926316807, "max_depth": 4.06685469598148, "n_estimators": 480.0584705694262}, "datetime": {"datetime": "2021-09-27 20:21:57", "elapsed": 27.851726, "delta": 1.013313}}
{"target": -10.96642047642615, "params": {"eta": 0.19054671720317262, "max_depth": 6.370066885856284, "n_estimators": 482.6758262967855}, "datetime": {"datetime": "2021-09-27 20:21:58", "elapsed": 29.192777, "delta": 1.341051}}
{"target": -11.63861600673207, "params": {"eta": 0.2587827331135672, "max_depth": 3.086786460889665, "n_estimators": 456.7333305026938}, "datetime": {"datetime": "2021-09-27 20:22:00", "elapsed": 30.708552, "delta": 1.515775}}
{"target": -12.115433839192114, "params": {"eta": 0.4601306515941625, "max_depth": 6.981396468444452, "n_estimators": 496.9281761631047}, "datetime": {"datetime": "2021-09-27 20:22:01", "elapsed": 31.545656, "delta": 0.837104}}
{"target": -11.620901718145138, "params": {"eta": 0.4118206120661754, "max_depth": 4.543675982253493, "n_estimators": 460.6529419087983}, "datetime": {"datetime": "2021-09-27 20:22:02", "elapsed": 32.512658, "delta": 0.967002}}
{"target": -12.29464007587836, "params": {"eta": 0.15351883183094, "max_depth": 2.5182945402722625, "n_estimators": 470.38456474178884}, "datetime": {"datetime": "2021-09-27 20:22:03", "elapsed": 34.334758, "delta": 1.8221}}
{"target": -11.348118455736273, "params": {"eta": 0.4361393237695232, "max_depth": 8.827086713896927, "n_estimators": 488.2185235476146}, "datetime": {"datetime": "2021-09-27 20:22:05", "elapsed": 35.599753, "delta": 1.264995}}
{"target": -13.595681162734428, "params": {"eta": 0.3193100905444317, "max_depth": 2.921050447175756, "n_estimators": 440.9171251442614}, "datetime": {"datetime": "2021-09-27 20:22:06", "elapsed": 36.471752, "delta": 0.871999}}
{"target": -13.07487609951537, "params": {"eta": 0.4276417894397547, "max_depth": 5.348083829641525, "n_estimators": 429.60894173739814}, "datetime": {"datetime": "2021-09-27 20:22:07", "elapsed": 37.408754, "delta": 0.937002}}
{"target": -11.581114755923442, "params": {"eta": 0.18865813537978593, "max_depth": 8.85872394382891, "n_estimators": 476.4699703943604}, "datetime": {"datetime": "2021-09-27 20:22:08", "elapsed": 39.243126, "delta": 1.834372}}
{"target": -11.530955951092519, "params": {"eta": 0.19735514477625637, "max_depth": 6.4111708421418285, "n_estimators": 422.3067931233363}, "datetime": {"datetime": "2021-09-27 20:22:10", "elapsed": 40.405924, "delta": 1.162798}}
{"target": -11.471104630606463, "params": {"eta": 0.06934639877839965, "max_depth": 5.3189036408575046, "n_estimators": 400.52915730110675}, "datetime": {"datetime": "2021-09-27 20:22:11", "elapsed": 41.887084, "delta": 1.48116}}
