{"target": 0.7760926600463307, "params": {"eta": 0.6031859380866912, "max_depth": 4.149337760185592, "n_estimators": 8.955131323135085}, "datetime": {"datetime": "2021-09-17 17:46:06", "elapsed": 406.626245, "delta": 2.492451}}
{"target": 0.7481228942561036, "params": {"eta": 0.7660607268399718, "max_depth": 3.9294426712305994, "n_estimators": 8.432283333757953}, "datetime": {"datetime": "2021-09-17 17:46:08", "elapsed": 408.405512, "delta": 1.779267}}
{"target": 0.743337095576976, "params": {"eta": 1.0, "max_depth": 9.498376967367811, "n_estimators": 7.306234587583056}, "datetime": {"datetime": "2021-09-17 17:46:10", "elapsed": 410.713099, "delta": 2.307587}}
{"target": 0.703170225623923, "params": {"eta": 0.9765275010987524, "max_depth": 2.9759842611171994, "n_estimators": 6.242882336649812}, "datetime": {"datetime": "2021-09-17 17:46:13", "elapsed": 413.294454, "delta": 2.581355}}
{"target": -0.16861064388893077, "params": {"eta": 0.17209226480252382, "max_depth": 1.915587277740558, "n_estimators": 6.387076370951155}, "datetime": {"datetime": "2021-09-17 17:46:14", "elapsed": 414.749407, "delta": 1.454953}}
{"target": -2.332851803355071, "params": {"eta": 0.059171275840775896, "max_depth": 1.5098683389245937, "n_estimators": 6.823477596941578}, "datetime": {"datetime": "2021-09-17 17:46:17", "elapsed": 417.683822, "delta": 2.934415}}
{"target": 0.6968264483024313, "params": {"eta": 0.3394702116600795, "max_depth": 1.0852512102384124, "n_estimators": 7.929661438020219}, "datetime": {"datetime": "2021-09-17 17:46:21", "elapsed": 421.64288, "delta": 3.959058}}
{"target": 0.7368807515083209, "params": {"eta": 0.6460876709038806, "max_depth": 1.3024077496628412, "n_estimators": 6.2401033728490525}, "datetime": {"datetime": "2021-09-17 17:46:25", "elapsed": 425.453908, "delta": 3.811028}}
{"target": 0.7102543383114072, "params": {"eta": 0.7903358060409004, "max_depth": 1.9924543921183768, "n_estimators": 6.540399497851665}, "datetime": {"datetime": "2021-09-17 17:46:28", "elapsed": 428.259457, "delta": 2.805549}}
{"target": 0.7773251394540568, "params": {"eta": 0.5203397096380754, "max_depth": 6.176007416857394, "n_estimators": 4.343306881949195}, "datetime": {"datetime": "2021-09-17 17:46:31", "elapsed": 431.934498, "delta": 3.675041}}
{"target": 0.05081845849248712, "params": {"eta": 0.42915152650764277, "max_depth": 8.602899496821795, "n_estimators": 2.4434711613953852}, "datetime": {"datetime": "2021-09-17 17:46:34", "elapsed": 434.399101, "delta": 2.464603}}
{"target": 0.7473245199410825, "params": {"eta": 1.0, "max_depth": 6.5242756679668155, "n_estimators": 4.571007412752268}, "datetime": {"datetime": "2021-09-17 17:46:37", "elapsed": 437.336498, "delta": 2.937397}}
{"target": -4.580776146140029, "params": {"eta": 0.011664025372736283, "max_depth": 2.0565877003082513, "n_estimators": 4.11424931023533}, "datetime": {"datetime": "2021-09-17 17:46:40", "elapsed": 440.27313, "delta": 2.936632}}
{"target": 0.7829147159267396, "params": {"eta": 0.5766353174804891, "max_depth": 6.0090099396334375, "n_estimators": 5.236486832878508}, "datetime": {"datetime": "2021-09-17 17:46:42", "elapsed": 442.646582, "delta": 2.373452}}
{"target": 0.7535321798015331, "params": {"eta": 0.2758299273725583, "max_depth": 6.004569273565247, "n_estimators": 8.339746510381588}, "datetime": {"datetime": "2021-09-17 17:46:44", "elapsed": 444.707968, "delta": 2.061386}}
{"target": -4.645152579541121, "params": {"eta": 0.01, "max_depth": 3.408087925889746, "n_estimators": 4.5021532651654095}, "datetime": {"datetime": "2021-09-17 17:46:47", "elapsed": 447.421506, "delta": 2.713538}}
{"target": -0.43480068211339873, "params": {"eta": 0.18772531638517978, "max_depth": 8.507400474276025, "n_estimators": 4.514925911163484}, "datetime": {"datetime": "2021-09-17 17:46:48", "elapsed": 448.938955, "delta": 1.517449}}
{"target": 0.7714598690342553, "params": {"eta": 0.6976376135838998, "max_depth": 3.0013083447282156, "n_estimators": 4.135305020634851}, "datetime": {"datetime": "2021-09-17 17:46:51", "elapsed": 451.38187, "delta": 2.442915}}
{"target": 0.7392256149560887, "params": {"eta": 0.5611344036331204, "max_depth": 2.599373676271874, "n_estimators": 4.789395940619797}, "datetime": {"datetime": "2021-09-17 17:46:53", "elapsed": 454.167847, "delta": 2.785977}}
{"target": 0.7623011441665454, "params": {"eta": 0.6574623730276989, "max_depth": 3.8354242552477236, "n_estimators": 4.9817446892027935}, "datetime": {"datetime": "2021-09-17 17:46:57", "elapsed": 457.222543, "delta": 3.054696}}
{"target": 0.8096019496540876, "params": {"eta": 0.554536556645896, "max_depth": 8.141925103990504, "n_estimators": 5.117938347316314}, "datetime": {"datetime": "2021-09-17 17:47:00", "elapsed": 460.377162, "delta": 3.154619}}
{"target": 0.7061547576067502, "params": {"eta": 0.5571094214909336, "max_depth": 4.014943192722702, "n_estimators": 3.88461629176458}, "datetime": {"datetime": "2021-09-17 17:47:02", "elapsed": 462.507364, "delta": 2.130202}}
{"target": -3.4561377903588077, "params": {"eta": 0.027979319275169452, "max_depth": 4.963120775661063, "n_estimators": 6.2380239873206556}, "datetime": {"datetime": "2021-09-17 17:47:03", "elapsed": 463.989688, "delta": 1.482324}}
{"target": -1.610310640891588, "params": {"eta": 0.2119613394620427, "max_depth": 5.478033855072622, "n_estimators": 2.1401956563288898}, "datetime": {"datetime": "2021-09-17 17:47:05", "elapsed": 466.158718, "delta": 2.16903}}
{"target": -0.5295237191275981, "params": {"eta": 0.33089694181505946, "max_depth": 5.732958847634512, "n_estimators": 2.743549316335066}, "datetime": {"datetime": "2021-09-17 17:47:08", "elapsed": 468.767443, "delta": 2.608725}}
{"target": 0.7031369776785164, "params": {"eta": 0.5349187052620703, "max_depth": 1.8532408831571785, "n_estimators": 5.115062914757074}, "datetime": {"datetime": "2021-09-17 17:47:10", "elapsed": 471.187314, "delta": 2.419871}}
{"target": 0.72185604668209, "params": {"eta": 0.3842705714778521, "max_depth": 6.131463750395111, "n_estimators": 5.913692284648715}, "datetime": {"datetime": "2021-09-17 17:47:13", "elapsed": 473.890263, "delta": 2.702949}}
{"target": 0.7913413866523796, "params": {"eta": 0.5938087765536258, "max_depth": 3.0714619964704784, "n_estimators": 8.39745273379586}, "datetime": {"datetime": "2021-09-17 17:47:16", "elapsed": 476.268477, "delta": 2.378214}}
{"target": 0.7571278127596985, "params": {"eta": 1.0, "max_depth": 7.259564409544287, "n_estimators": 8.663304578665853}, "datetime": {"datetime": "2021-09-17 17:47:18", "elapsed": 479.106924, "delta": 2.838447}}
{"target": 0.7546856819705812, "params": {"eta": 0.7336678261678892, "max_depth": 4.285430831555246, "n_estimators": 7.088755461371477}, "datetime": {"datetime": "2021-09-17 17:47:21", "elapsed": 481.275629, "delta": 2.168705}}
{"target": 0.7727210382037252, "params": {"eta": 1.0, "max_depth": 4.717168272172441, "n_estimators": 6.298884872884676}, "datetime": {"datetime": "2021-09-17 17:47:23", "elapsed": 484.112435, "delta": 2.836806}}
{"target": 0.7044535680743754, "params": {"eta": 0.7224051031782772, "max_depth": 7.896294663445702, "n_estimators": 2.27972615280602}, "datetime": {"datetime": "2021-09-17 17:47:25", "elapsed": 485.749049, "delta": 1.636614}}
{"target": 0.7510499636047846, "params": {"eta": 0.9162870957028796, "max_depth": 3.5370493799427565, "n_estimators": 4.059769797500314}, "datetime": {"datetime": "2021-09-17 17:47:29", "elapsed": 489.400537, "delta": 3.651488}}
{"target": 0.7511348605979546, "params": {"eta": 0.794034938231744, "max_depth": 4.7329248627325695, "n_estimators": 8.98374083588585}, "datetime": {"datetime": "2021-09-17 17:47:32", "elapsed": 492.32255, "delta": 2.922013}}
{"target": 0.7965895426030398, "params": {"eta": 0.7162684526642106, "max_depth": 3.219210938542064, "n_estimators": 5.056013079927552}, "datetime": {"datetime": "2021-09-17 17:47:34", "elapsed": 494.284468, "delta": 1.961918}}
{"target": -4.738388869486087, "params": {"eta": 0.010260249849682919, "max_depth": 8.854722378166564, "n_estimators": 3.609309121857378}, "datetime": {"datetime": "2021-09-17 17:47:37", "elapsed": 497.334639, "delta": 3.050171}}
{"target": -0.30697897155839704, "params": {"eta": 0.4060655903472832, "max_depth": 1.0600424712767618, "n_estimators": 2.2681763136348456}, "datetime": {"datetime": "2021-09-17 17:47:39", "elapsed": 500.194753, "delta": 2.860114}}
{"target": -0.9504946512771646, "params": {"eta": 0.06870665261338062, "max_depth": 9.581034975677209, "n_estimators": 9.64721576685923}, "datetime": {"datetime": "2021-09-17 17:47:42", "elapsed": 502.328751, "delta": 2.133998}}
{"target": 0.8206030329503554, "params": {"eta": 0.428653862268751, "max_depth": 9.00494035209059, "n_estimators": 9.467647561758731}, "datetime": {"datetime": "2021-09-17 17:47:45", "elapsed": 505.520956, "delta": 3.192205}}
{"target": 0.5878138196850025, "params": {"eta": 0.617987749622503, "max_depth": 9.110968369875158, "n_estimators": 2.7284534422756463}, "datetime": {"datetime": "2021-09-17 17:47:48", "elapsed": 509.195062, "delta": 3.674106}}
{"target": 0.6992493607063319, "params": {"eta": 1.0, "max_depth": 1.0, "n_estimators": 9.49326069883151}, "datetime": {"datetime": "2021-09-17 17:47:52", "elapsed": 512.506292, "delta": 3.31123}}
{"target": 0.7005893781948034, "params": {"eta": 0.20894459055441536, "max_depth": 4.805624116218875, "n_estimators": 9.371903501257952}, "datetime": {"datetime": "2021-09-17 17:47:54", "elapsed": 514.579064, "delta": 2.072772}}
{"target": 0.7669529713264599, "params": {"eta": 0.7059713049956106, "max_depth": 8.030013499538077, "n_estimators": 3.8249912621686843}, "datetime": {"datetime": "2021-09-17 17:47:57", "elapsed": 517.771045, "delta": 3.191981}}
{"target": -2.0657498110918566, "params": {"eta": 0.17415472454106404, "max_depth": 8.67322240277647, "n_estimators": 2.2263174641713093}, "datetime": {"datetime": "2021-09-17 17:47:59", "elapsed": 519.72517, "delta": 1.954125}}
{"target": 0.6871047294928176, "params": {"eta": 0.6962342766699124, "max_depth": 8.463868719447662, "n_estimators": 2.952780688060711}, "datetime": {"datetime": "2021-09-17 17:48:01", "elapsed": 521.958422, "delta": 2.233252}}
{"target": 0.8186119133519929, "params": {"eta": 0.5558270450222029, "max_depth": 9.023160733396619, "n_estimators": 10.0}, "datetime": {"datetime": "2021-09-17 17:48:04", "elapsed": 524.717394, "delta": 2.758972}}
{"target": 0.6433649151003584, "params": {"eta": 1.0, "max_depth": 3.6552968779851946, "n_estimators": 1.6615438479897986}, "datetime": {"datetime": "2021-09-17 17:48:08", "elapsed": 528.236172, "delta": 3.518778}}
{"target": -2.1292126999744365, "params": {"eta": 0.3207844668155325, "max_depth": 10.0, "n_estimators": 1.0}, "datetime": {"datetime": "2021-09-17 17:48:11", "elapsed": 531.954343, "delta": 3.718171}}
{"target": 0.7818344690028006, "params": {"eta": 0.5648385607433086, "max_depth": 5.327085891815869, "n_estimators": 8.719518325720323}, "datetime": {"datetime": "2021-09-17 17:48:13", "elapsed": 533.961286, "delta": 2.006943}}
{"target": 0.6329085524532094, "params": {"eta": 1.0, "max_depth": 8.623110282667954, "n_estimators": 1.0}, "datetime": {"datetime": "2021-09-17 17:48:17", "elapsed": 537.504852, "delta": 3.543566}}
{"target": 0.7871941856274701, "params": {"eta": 0.4842816481346416, "max_depth": 8.592623424384424, "n_estimators": 5.591822477377328}, "datetime": {"datetime": "2021-09-17 17:48:19", "elapsed": 539.970648, "delta": 2.465796}}
{"target": -4.339277197157583, "params": {"eta": 0.01, "max_depth": 10.0, "n_estimators": 7.607064982635024}, "datetime": {"datetime": "2021-09-17 17:48:23", "elapsed": 543.442345, "delta": 3.471697}}
{"target": 0.8362613813107815, "params": {"eta": 0.48033537714496893, "max_depth": 8.722458132284732, "n_estimators": 7.461390105853805}, "datetime": {"datetime": "2021-09-17 17:48:27", "elapsed": 547.850228, "delta": 4.407883}}
{"target": 0.713667011818014, "params": {"eta": 0.7116770121915751, "max_depth": 1.167945364616694, "n_estimators": 5.749976631180843}, "datetime": {"datetime": "2021-09-17 17:48:29", "elapsed": 550.00996, "delta": 2.159732}}
{"target": 0.6329085524532094, "params": {"eta": 1.0, "max_depth": 5.300787889273073, "n_estimators": 1.968276763205866}, "datetime": {"datetime": "2021-09-17 17:48:32", "elapsed": 552.278582, "delta": 2.268622}}
{"target": 0.7456460521686725, "params": {"eta": 1.0, "max_depth": 6.236543891088195, "n_estimators": 5.263144934973819}, "datetime": {"datetime": "2021-09-17 17:48:35", "elapsed": 555.742364, "delta": 3.463782}}
{"target": 0.8171086937058328, "params": {"eta": 0.5109066627053177, "max_depth": 9.982344735693955, "n_estimators": 8.101235261309714}, "datetime": {"datetime": "2021-09-17 17:48:39", "elapsed": 559.219073, "delta": 3.476709}}
{"target": 0.7808617081695699, "params": {"eta": 0.9960080387111204, "max_depth": 5.206645485144502, "n_estimators": 7.824800181716139}, "datetime": {"datetime": "2021-09-17 17:48:41", "elapsed": 561.737773, "delta": 2.5187}}
{"target": 0.6481197949025281, "params": {"eta": 0.5337100541459762, "max_depth": 2.998069553852209, "n_estimators": 3.66931473724922}, "datetime": {"datetime": "2021-09-17 17:48:45", "elapsed": 565.495762, "delta": 3.757989}}
{"target": 0.7797394943388491, "params": {"eta": 0.6594391089905917, "max_depth": 2.4499876768849673, "n_estimators": 9.186277040632607}, "datetime": {"datetime": "2021-09-17 17:48:48", "elapsed": 568.57442, "delta": 3.078658}}
{"target": -4.052753579766579, "params": {"eta": 0.01, "max_depth": 4.538201235604121, "n_estimators": 10.0}, "datetime": {"datetime": "2021-09-17 17:48:51", "elapsed": 571.605324, "delta": 3.030904}}
{"target": 0.6928563235730336, "params": {"eta": 0.6015585149744497, "max_depth": 2.4003855041772333, "n_estimators": 3.588003080241522}, "datetime": {"datetime": "2021-09-17 17:48:53", "elapsed": 573.300327, "delta": 1.695003}}
{"target": 0.776983825979591, "params": {"eta": 0.6298366709950305, "max_depth": 4.980110497032355, "n_estimators": 9.75072103890752}, "datetime": {"datetime": "2021-09-17 17:48:55", "elapsed": 575.62461, "delta": 2.324283}}
{"target": 0.7981304751495057, "params": {"eta": 0.5229776517650776, "max_depth": 3.933307882121563, "n_estimators": 9.524354468466939}, "datetime": {"datetime": "2021-09-17 17:48:57", "elapsed": 578.085825, "delta": 2.461215}}
{"target": 0.791361541802318, "params": {"eta": 0.5927734304976774, "max_depth": 3.074531739193044, "n_estimators": 8.390407666422313}, "datetime": {"datetime": "2021-09-17 17:48:59", "elapsed": 579.783387, "delta": 1.697562}}
{"target": 0.7341123056212094, "params": {"eta": 1.0, "max_depth": 6.417631927501708, "n_estimators": 9.399139257797351}, "datetime": {"datetime": "2021-09-17 17:49:02", "elapsed": 582.655691, "delta": 2.872304}}
{"target": 0.7774433562576235, "params": {"eta": 0.8502005514245667, "max_depth": 7.871633783603871, "n_estimators": 8.27774646036667}, "datetime": {"datetime": "2021-09-17 17:49:07", "elapsed": 587.356881, "delta": 4.70119}}
{"target": -2.6199505798223326, "params": {"eta": 0.03212145601769526, "max_depth": 2.206859016459148, "n_estimators": 9.987738326173762}, "datetime": {"datetime": "2021-09-17 17:49:11", "elapsed": 591.714972, "delta": 4.358091}}
{"target": 0.34416872097051887, "params": {"eta": 0.509884604186874, "max_depth": 8.014422329808621, "n_estimators": 2.936690363886485}, "datetime": {"datetime": "2021-09-17 17:49:13", "elapsed": 593.533256, "delta": 1.818284}}
{"target": 0.7431526803415007, "params": {"eta": 0.666577537902514, "max_depth": 1.9073787804925646, "n_estimators": 9.669528305141757}, "datetime": {"datetime": "2021-09-17 17:49:17", "elapsed": 597.579697, "delta": 4.046441}}
{"target": 0.7371109935519136, "params": {"eta": 0.8114708065808722, "max_depth": 7.121916853726821, "n_estimators": 9.521214040124972}, "datetime": {"datetime": "2021-09-17 17:49:20", "elapsed": 600.579369, "delta": 2.999672}}
{"target": 0.8206727148543231, "params": {"eta": 0.5032767988285355, "max_depth": 7.981288367795316, "n_estimators": 8.249321054091148}, "datetime": {"datetime": "2021-09-17 17:49:22", "elapsed": 602.318372, "delta": 1.739003}}
{"target": -3.167436009258533, "params": {"eta": 0.022762234287809446, "max_depth": 3.322359597531432, "n_estimators": 9.988916103362072}, "datetime": {"datetime": "2021-09-17 17:49:25", "elapsed": 605.946196, "delta": 3.627824}}
{"target": 0.757986578660557, "params": {"eta": 1.0, "max_depth": 8.238624158235448, "n_estimators": 5.2863267503970865}, "datetime": {"datetime": "2021-09-17 17:49:29", "elapsed": 609.337525, "delta": 3.391329}}
{"target": 0.7128677071910243, "params": {"eta": 0.7033618130179311, "max_depth": 1.0071623229351, "n_estimators": 6.877630097623809}, "datetime": {"datetime": "2021-09-17 17:49:32", "elapsed": 612.843154, "delta": 3.505629}}
{"target": 0.7079851949557512, "params": {"eta": 0.27327370196608936, "max_depth": 6.426511765289283, "n_estimators": 7.214018468123232}, "datetime": {"datetime": "2021-09-17 17:49:34", "elapsed": 614.58321, "delta": 1.740056}}
{"target": 0.7675178659198131, "params": {"eta": 0.42775815932044103, "max_depth": 10.0, "n_estimators": 5.242118292503382}, "datetime": {"datetime": "2021-09-17 17:49:37", "elapsed": 617.280566, "delta": 2.697356}}
{"target": 0.6992493607063319, "params": {"eta": 1.0, "max_depth": 1.4727524433338341, "n_estimators": 9.12456643730444}, "datetime": {"datetime": "2021-09-17 17:49:39", "elapsed": 620.166019, "delta": 2.885453}}
{"target": 0.7642656190061293, "params": {"eta": 0.7151761577464094, "max_depth": 4.792973161043962, "n_estimators": 6.851207239096982}, "datetime": {"datetime": "2021-09-17 17:49:41", "elapsed": 622.098307, "delta": 1.932288}}
{"target": 0.7697056913223714, "params": {"eta": 0.5024389855134535, "max_depth": 10.0, "n_estimators": 4.651068874930049}, "datetime": {"datetime": "2021-09-17 17:49:45", "elapsed": 625.291351, "delta": 3.193044}}
{"target": 0.7775679220515088, "params": {"eta": 0.6680480512184745, "max_depth": 4.863593560366011, "n_estimators": 8.097580319188005}, "datetime": {"datetime": "2021-09-17 17:49:49", "elapsed": 629.712563, "delta": 4.421212}}
{"target": 0.7958162086306426, "params": {"eta": 0.3006893014471063, "max_depth": 6.4827619834065295, "n_estimators": 8.253749032670388}, "datetime": {"datetime": "2021-09-17 17:49:53", "elapsed": 633.800386, "delta": 4.087823}}
{"target": 0.7016472598914703, "params": {"eta": 0.7144835244253092, "max_depth": 9.43597856001247, "n_estimators": 2.8023753449465625}, "datetime": {"datetime": "2021-09-17 17:49:56", "elapsed": 636.393693, "delta": 2.593307}}
{"target": 0.7930578182925377, "params": {"eta": 0.6187233385595008, "max_depth": 8.236044920846819, "n_estimators": 8.579175077072492}, "datetime": {"datetime": "2021-09-17 17:50:00", "elapsed": 640.504953, "delta": 4.11126}}
{"target": 0.4522557239459628, "params": {"eta": 1.0, "max_depth": 1.5205798747002235, "n_estimators": 1.4570556742305178}, "datetime": {"datetime": "2021-09-17 17:50:03", "elapsed": 643.715565, "delta": 3.210612}}
{"target": 0.7411473357425664, "params": {"eta": 0.671806967794731, "max_depth": 2.394770489372199, "n_estimators": 4.353970616639618}, "datetime": {"datetime": "2021-09-17 17:50:07", "elapsed": 647.510197, "delta": 3.794632}}
{"target": 0.8009749043562968, "params": {"eta": 1.0, "max_depth": 5.682058873498788, "n_estimators": 6.634557514108889}, "datetime": {"datetime": "2021-09-17 17:50:12", "elapsed": 652.205967, "delta": 4.69577}}
{"target": 0.7223387652033175, "params": {"eta": 0.4287698613656992, "max_depth": 4.080830206890202, "n_estimators": 4.227793682403924}, "datetime": {"datetime": "2021-09-17 17:50:14", "elapsed": 654.700729, "delta": 2.494762}}
{"target": 0.8068497300522574, "params": {"eta": 0.5438509974839063, "max_depth": 5.668680461099679, "n_estimators": 5.722691600810421}, "datetime": {"datetime": "2021-09-17 17:50:18", "elapsed": 658.991463, "delta": 4.290734}}
{"target": -4.626784522360409, "params": {"eta": 0.010370777275258323, "max_depth": 7.978205002680681, "n_estimators": 4.776747131931047}, "datetime": {"datetime": "2021-09-17 17:50:23", "elapsed": 663.877528, "delta": 4.886065}}
{"target": 0.7675419468989815, "params": {"eta": 0.6176173725770058, "max_depth": 8.368424430953015, "n_estimators": 4.308292798373301}, "datetime": {"datetime": "2021-09-17 17:50:26", "elapsed": 667.143435, "delta": 3.265907}}
{"target": 0.7638697773722167, "params": {"eta": 0.7817607345213745, "max_depth": 3.086067063326301, "n_estimators": 9.624206755255312}, "datetime": {"datetime": "2021-09-17 17:50:30", "elapsed": 670.41462, "delta": 3.271185}}
{"target": 0.7684912478606261, "params": {"eta": 0.6115615820603402, "max_depth": 5.475241843648995, "n_estimators": 9.987714136388991}, "datetime": {"datetime": "2021-09-17 17:50:32", "elapsed": 672.489791, "delta": 2.075171}}
{"target": 0.7082430241759907, "params": {"eta": 1.0, "max_depth": 1.0, "n_estimators": 8.502141781857416}, "datetime": {"datetime": "2021-09-17 17:50:36", "elapsed": 676.211553, "delta": 3.721762}}
{"target": 0.7822765618778306, "params": {"eta": 1.0, "max_depth": 4.531873578541989, "n_estimators": 7.632698813874752}, "datetime": {"datetime": "2021-09-17 17:50:41", "elapsed": 681.230058, "delta": 5.018505}}
{"target": 0.034258538237304514, "params": {"eta": 0.1439250318289297, "max_depth": 4.48954434192858, "n_estimators": 7.066782363627084}, "datetime": {"datetime": "2021-09-17 17:50:43", "elapsed": 683.268824, "delta": 2.038766}}
{"target": 0.5435852846480778, "params": {"eta": 0.614416220368597, "max_depth": 3.151558360883531, "n_estimators": 2.759861687016661}, "datetime": {"datetime": "2021-09-17 17:50:45", "elapsed": 685.726037, "delta": 2.457213}}
{"target": 0.7903236604704696, "params": {"eta": 0.6078199210290142, "max_depth": 3.305879131024175, "n_estimators": 7.404584756596921}, "datetime": {"datetime": "2021-09-17 17:50:48", "elapsed": 688.504196, "delta": 2.778159}}
