{"target": -2.446195773701919, "params": {"eta": 0.46152410054839066, "max_depth": 6.857522751247849, "n_estimators": 13.025434422743274}, "datetime": {"datetime": "2021-09-17 12:53:10", "elapsed": 23.55349, "delta": 0.276024}}
{"target": -2.401946758596521, "params": {"eta": 0.3389553108498563, "max_depth": 14.801480494972585, "n_estimators": 19.265352724606025}, "datetime": {"datetime": "2021-09-17 12:53:11", "elapsed": 24.116906, "delta": 0.563416}}
{"target": -2.553706656004253, "params": {"eta": 0.38823242139747105, "max_depth": 8.671043135727762, "n_estimators": 15.00653577301244}, "datetime": {"datetime": "2021-09-17 12:53:11", "elapsed": 24.425908, "delta": 0.309002}}
{"target": -2.4467173639096713, "params": {"eta": 0.37026564819443675, "max_depth": 8.405205987127992, "n_estimators": 14.149293440140841}, "datetime": {"datetime": "2021-09-17 12:53:11", "elapsed": 24.714907, "delta": 0.288999}}
{"target": -2.6674200415611264, "params": {"eta": 0.4857603293940046, "max_depth": 7.97734848387049, "n_estimators": 8.655550472533431}, "datetime": {"datetime": "2021-09-17 12:53:12", "elapsed": 24.973904, "delta": 0.258997}}
{"target": -2.5641343668887493, "params": {"eta": 0.41782258612098855, "max_depth": 9.510633168678527, "n_estimators": 18.083742866277078}, "datetime": {"datetime": "2021-09-17 12:53:12", "elapsed": 25.513906, "delta": 0.540002}}
{"target": -2.608660258117475, "params": {"eta": 0.5, "max_depth": 7.884559001423397, "n_estimators": 18.18482925285543}, "datetime": {"datetime": "2021-09-17 12:53:13", "elapsed": 26.069093, "delta": 0.555187}}
{"target": -3.505708882055785, "params": {"eta": 0.22587444201638698, "max_depth": 12.755294143750268, "n_estimators": 9.740377998382966}, "datetime": {"datetime": "2021-09-17 12:53:13", "elapsed": 26.336092, "delta": 0.266999}}
{"target": -2.432588173213758, "params": {"eta": 0.29883332841773586, "max_depth": 15.413512470407653, "n_estimators": 16.17118214892456}, "datetime": {"datetime": "2021-09-17 12:53:13", "elapsed": 26.690095, "delta": 0.354003}}
{"target": -2.4433287714657026, "params": {"eta": 0.2, "max_depth": 5.066831044299671, "n_estimators": 18.806574257125533}, "datetime": {"datetime": "2021-09-17 12:53:14", "elapsed": 27.23064, "delta": 0.540545}}
{"target": -2.4348400247724435, "params": {"eta": 0.2, "max_depth": 11.047758179912538, "n_estimators": 18.52173666649164}, "datetime": {"datetime": "2021-09-17 12:53:15", "elapsed": 27.795, "delta": 0.56436}}
{"target": -2.381515585748773, "params": {"eta": 0.2626727381031962, "max_depth": 14.432561204240178, "n_estimators": 19.96622921016532}, "datetime": {"datetime": "2021-09-17 12:53:15", "elapsed": 28.138001, "delta": 0.343001}}
{"target": -2.5152945593783733, "params": {"eta": 0.2607151048052903, "max_depth": 17.03130105324234, "n_estimators": 19.699873833034218}, "datetime": {"datetime": "2021-09-17 12:53:15", "elapsed": 28.503, "delta": 0.364999}}
{"target": -2.5023495774520073, "params": {"eta": 0.4681961811005094, "max_depth": 15.414835796383066, "n_estimators": 19.515384895739317}, "datetime": {"datetime": "2021-09-17 12:53:16", "elapsed": 29.142096, "delta": 0.639096}}
{"target": -2.417658343440608, "params": {"eta": 0.35171673939362375, "max_depth": 19.839180863606146, "n_estimators": 12.829375488681729}, "datetime": {"datetime": "2021-09-17 12:53:16", "elapsed": 29.486089, "delta": 0.343993}}
{"target": -2.3904226710921836, "params": {"eta": 0.4585803761000813, "max_depth": 15.942130980396046, "n_estimators": 18.653335375553993}, "datetime": {"datetime": "2021-09-17 12:53:17", "elapsed": 30.223614, "delta": 0.737525}}
{"target": -2.449745561574635, "params": {"eta": 0.33750135488604305, "max_depth": 19.508505412942704, "n_estimators": 14.828528787795193}, "datetime": {"datetime": "2021-09-17 12:53:17", "elapsed": 30.583615, "delta": 0.360001}}
{"target": -2.3678656829030893, "params": {"eta": 0.20788041780194774, "max_depth": 14.301315505520119, "n_estimators": 19.492045434371388}, "datetime": {"datetime": "2021-09-17 12:53:18", "elapsed": 31.186822, "delta": 0.603207}}
{"target": -3.5939935389317967, "params": {"eta": 0.24034028459094858, "max_depth": 19.018201481115177, "n_estimators": 8.113654786322115}, "datetime": {"datetime": "2021-09-17 12:53:18", "elapsed": 31.476822, "delta": 0.29}}
{"target": -2.4187753225627695, "params": {"eta": 0.44301999060605074, "max_depth": 19.72757699052635, "n_estimators": 12.166782206278722}, "datetime": {"datetime": "2021-09-17 12:53:19", "elapsed": 32.202775, "delta": 0.725953}}
{"target": -2.459109959476873, "params": {"eta": 0.2530321257734677, "max_depth": 7.347413859705881, "n_estimators": 14.36720513292895}, "datetime": {"datetime": "2021-09-17 12:53:19", "elapsed": 32.521779, "delta": 0.319004}}
{"target": -2.4979500325102557, "params": {"eta": 0.44762388950953347, "max_depth": 5.918270175964205, "n_estimators": 14.69970627604475}, "datetime": {"datetime": "2021-09-17 12:53:20", "elapsed": 32.838773, "delta": 0.316994}}
{"target": -2.34943554338656, "params": {"eta": 0.2123598960832988, "max_depth": 17.043304762099986, "n_estimators": 19.00099710839041}, "datetime": {"datetime": "2021-09-17 12:53:20", "elapsed": 33.209775, "delta": 0.371002}}
{"target": -2.473684896293439, "params": {"eta": 0.35341640090040183, "max_depth": 15.372102204009835, "n_estimators": 19.19645711833902}, "datetime": {"datetime": "2021-09-17 12:53:20", "elapsed": 33.626775, "delta": 0.417}}
{"target": -2.4348491543217707, "params": {"eta": 0.2772493647740417, "max_depth": 17.02021485893459, "n_estimators": 19.02029618437925}, "datetime": {"datetime": "2021-09-17 12:53:21", "elapsed": 34.080972, "delta": 0.454197}}
{"target": -2.6253929464440593, "params": {"eta": 0.44932862097114473, "max_depth": 17.445280949433716, "n_estimators": 14.449867610723757}, "datetime": {"datetime": "2021-09-17 12:53:21", "elapsed": 34.469976, "delta": 0.389004}}
{"target": -2.3431218090810275, "params": {"eta": 0.23485390969057215, "max_depth": 14.601358431350473, "n_estimators": 19.84989206264168}, "datetime": {"datetime": "2021-09-17 12:53:22", "elapsed": 34.866024, "delta": 0.396048}}
{"target": -2.5199609731373034, "params": {"eta": 0.43778661462500845, "max_depth": 6.2544500322101, "n_estimators": 17.507139208872687}, "datetime": {"datetime": "2021-09-17 12:53:22", "elapsed": 35.199784, "delta": 0.33376}}
{"target": -2.5512961262150817, "params": {"eta": 0.4273685605845504, "max_depth": 15.448155871230744, "n_estimators": 18.9967170937315}, "datetime": {"datetime": "2021-09-17 12:53:22", "elapsed": 35.552784, "delta": 0.353}}
{"target": -2.803419736811989, "params": {"eta": 0.3170032196702638, "max_depth": 4.56464531951694, "n_estimators": 9.858203916175459}, "datetime": {"datetime": "2021-09-17 12:53:23", "elapsed": 35.866993, "delta": 0.314209}}
{"target": -4.4649424396063155, "params": {"eta": 0.2076257465749449, "max_depth": 4.57780899011664, "n_estimators": 8.3578991825097}, "datetime": {"datetime": "2021-09-17 12:53:23", "elapsed": 36.178991, "delta": 0.311998}}
{"target": -2.3009928904081645, "params": {"eta": 0.3280342841009498, "max_depth": 14.590236558104024, "n_estimators": 19.899747002237508}, "datetime": {"datetime": "2021-09-17 12:53:23", "elapsed": 36.579992, "delta": 0.401001}}
{"target": -2.443531602934787, "params": {"eta": 0.3188242412873952, "max_depth": 14.700417531984561, "n_estimators": 19.923836914131993}, "datetime": {"datetime": "2021-09-17 12:53:24", "elapsed": 37.073146, "delta": 0.493154}}
{"target": -2.3346638328150697, "params": {"eta": 0.2821509217338879, "max_depth": 14.581293837275334, "n_estimators": 19.955903029451825}, "datetime": {"datetime": "2021-09-17 12:53:25", "elapsed": 38.046821, "delta": 0.973675}}
{"target": -2.4778990099304603, "params": {"eta": 0.3747622010025686, "max_depth": 15.503130667812227, "n_estimators": 18.82288133597399}, "datetime": {"datetime": "2021-09-17 12:53:26", "elapsed": 38.808065, "delta": 0.761244}}
{"target": -2.5298454378780564, "params": {"eta": 0.2524174787738646, "max_depth": 14.459451489666874, "n_estimators": 19.817381095952175}, "datetime": {"datetime": "2021-09-17 12:53:26", "elapsed": 39.314061, "delta": 0.505996}}
{"target": -2.5408969577990077, "params": {"eta": 0.361736811168246, "max_depth": 14.484439603233152, "n_estimators": 19.919011280282206}, "datetime": {"datetime": "2021-09-17 12:53:27", "elapsed": 40.069983, "delta": 0.755922}}
{"target": -2.6907610422686523, "params": {"eta": 0.4990762205505109, "max_depth": 15.656882106637115, "n_estimators": 18.89265693700485}, "datetime": {"datetime": "2021-09-17 12:53:27", "elapsed": 40.609984, "delta": 0.540001}}
{"target": -2.643723579456932, "params": {"eta": 0.3917315184959479, "max_depth": 5.586240618319071, "n_estimators": 9.721995839082082}, "datetime": {"datetime": "2021-09-17 12:53:28", "elapsed": 40.948984, "delta": 0.339}}
{"target": -2.417136983495009, "params": {"eta": 0.3152892263277772, "max_depth": 16.119220746666535, "n_estimators": 18.395340773520253}, "datetime": {"datetime": "2021-09-17 12:53:28", "elapsed": 41.413985, "delta": 0.465001}}
{"target": -2.497147936570017, "params": {"eta": 0.24536615946317003, "max_depth": 14.362669922385418, "n_estimators": 19.594330210900125}, "datetime": {"datetime": "2021-09-17 12:53:29", "elapsed": 41.827385, "delta": 0.4134}}
{"target": -2.5414337823265476, "params": {"eta": 0.31957123871000337, "max_depth": 14.495832305454398, "n_estimators": 11.410209285133643}, "datetime": {"datetime": "2021-09-17 12:53:29", "elapsed": 42.259912, "delta": 0.432527}}
{"target": -2.290617322294336, "params": {"eta": 0.20555789359343532, "max_depth": 16.225446395544097, "n_estimators": 18.412171633469203}, "datetime": {"datetime": "2021-09-17 12:53:30", "elapsed": 42.88491, "delta": 0.624998}}
{"target": -2.4933137366646214, "params": {"eta": 0.22014393858768272, "max_depth": 16.341410321371704, "n_estimators": 18.371951595269728}, "datetime": {"datetime": "2021-09-17 12:53:30", "elapsed": 43.411912, "delta": 0.527002}}
{"target": -2.4012126031674836, "params": {"eta": 0.23782585740213852, "max_depth": 16.06234867585935, "n_estimators": 18.273020906605794}, "datetime": {"datetime": "2021-09-17 12:53:31", "elapsed": 43.873163, "delta": 0.461251}}
{"target": -2.862842010196887, "params": {"eta": 0.28848598491573085, "max_depth": 4.136090663808689, "n_estimators": 9.869061732059667}, "datetime": {"datetime": "2021-09-17 12:53:31", "elapsed": 44.221165, "delta": 0.348002}}
{"target": -2.4356474744646173, "params": {"eta": 0.4700930544675589, "max_depth": 17.038386313706077, "n_estimators": 16.02927749772136}, "datetime": {"datetime": "2021-09-17 12:53:31", "elapsed": 44.682165, "delta": 0.461}}
{"target": -2.4934846997261046, "params": {"eta": 0.216889302677974, "max_depth": 14.773544554342465, "n_estimators": 18.414843222985418}, "datetime": {"datetime": "2021-09-17 12:53:32", "elapsed": 45.115168, "delta": 0.433003}}
{"target": -2.433109403283973, "params": {"eta": 0.22900063040477417, "max_depth": 16.098877203324534, "n_estimators": 18.542859231062998}, "datetime": {"datetime": "2021-09-17 12:53:32", "elapsed": 45.623165, "delta": 0.507997}}
{"target": -2.3485305748487773, "params": {"eta": 0.22318993084671396, "max_depth": 16.3068087331702, "n_estimators": 18.536156844352305}, "datetime": {"datetime": "2021-09-17 12:53:33", "elapsed": 46.071963, "delta": 0.448798}}
{"target": -2.3673104838321084, "params": {"eta": 0.33016480072217624, "max_depth": 8.461069697740314, "n_estimators": 19.94818334267675}, "datetime": {"datetime": "2021-09-17 12:53:33", "elapsed": 46.600963, "delta": 0.529}}
{"target": -2.426598476736169, "params": {"eta": 0.26002796346562185, "max_depth": 8.305726514643588, "n_estimators": 19.932418759515464}, "datetime": {"datetime": "2021-09-17 12:53:34", "elapsed": 47.035873, "delta": 0.43491}}
{"target": -2.2825966646796783, "params": {"eta": 0.20892257499586225, "max_depth": 8.588636395863215, "n_estimators": 19.999254356385663}, "datetime": {"datetime": "2021-09-17 12:53:34", "elapsed": 47.533875, "delta": 0.498002}}
{"target": -2.4949522614479065, "params": {"eta": 0.23118875872258812, "max_depth": 8.629528175978585, "n_estimators": 19.89762438344014}, "datetime": {"datetime": "2021-09-17 12:53:35", "elapsed": 48.170254, "delta": 0.636379}}
{"target": -2.510700027566207, "params": {"eta": 0.39360104148200636, "max_depth": 7.273270349464294, "n_estimators": 15.902328377253829}, "datetime": {"datetime": "2021-09-17 12:53:35", "elapsed": 48.586254, "delta": 0.416}}
{"target": -2.4924895932799895, "params": {"eta": 0.4073594052969125, "max_depth": 16.176836602956968, "n_estimators": 18.607381459012405}, "datetime": {"datetime": "2021-09-17 12:53:36", "elapsed": 49.153253, "delta": 0.566999}}
{"target": -2.9210789260111354, "params": {"eta": 0.25283950305062963, "max_depth": 7.130443406946554, "n_estimators": 9.65966486933436}, "datetime": {"datetime": "2021-09-17 12:53:36", "elapsed": 49.581255, "delta": 0.428002}}
{"target": -2.677624901972319, "params": {"eta": 0.47126124998243624, "max_depth": 4.859276691488171, "n_estimators": 9.606567675973212}, "datetime": {"datetime": "2021-09-17 12:53:37", "elapsed": 49.993549, "delta": 0.412294}}
{"target": -2.4556489674668565, "params": {"eta": 0.39759003505657936, "max_depth": 15.950030115971252, "n_estimators": 18.472063396024687}, "datetime": {"datetime": "2021-09-17 12:53:37", "elapsed": 50.527551, "delta": 0.534002}}
{"target": -2.5169474444891278, "params": {"eta": 0.22510782570059254, "max_depth": 14.406569194242056, "n_estimators": 19.38578766418563}, "datetime": {"datetime": "2021-09-17 12:53:38", "elapsed": 51.13955, "delta": 0.611999}}
{"target": -2.4888778705345955, "params": {"eta": 0.46073830681535866, "max_depth": 16.1380352835062, "n_estimators": 18.26169900068111}, "datetime": {"datetime": "2021-09-17 12:53:39", "elapsed": 51.86386, "delta": 0.72431}}
{"target": -2.463435912132263, "params": {"eta": 0.2154977900345258, "max_depth": 8.427001848346066, "n_estimators": 19.810920161060782}, "datetime": {"datetime": "2021-09-17 12:53:39", "elapsed": 52.369861, "delta": 0.506001}}
{"target": -2.4512151416979338, "params": {"eta": 0.370094109920595, "max_depth": 8.811744706433362, "n_estimators": 13.30270212015676}, "datetime": {"datetime": "2021-09-17 12:53:40", "elapsed": 52.82386, "delta": 0.453999}}
{"target": -2.505646228790283, "params": {"eta": 0.3895939096036404, "max_depth": 16.325790912904147, "n_estimators": 18.416107839268548}, "datetime": {"datetime": "2021-09-17 12:53:40", "elapsed": 53.549861, "delta": 0.726001}}
{"target": -2.358622532141836, "params": {"eta": 0.21428719829867574, "max_depth": 14.154464973220794, "n_estimators": 19.538500076997813}, "datetime": {"datetime": "2021-09-17 12:53:41", "elapsed": 54.259109, "delta": 0.709248}}
{"target": -2.4327905146699202, "params": {"eta": 0.2896195347206195, "max_depth": 14.121938780146527, "n_estimators": 19.406981060969393}, "datetime": {"datetime": "2021-09-17 12:53:42", "elapsed": 54.807624, "delta": 0.548515}}
{"target": -2.475912697064249, "params": {"eta": 0.3166424875092563, "max_depth": 14.096587296983977, "n_estimators": 19.660243543930108}, "datetime": {"datetime": "2021-09-17 12:53:42", "elapsed": 55.341623, "delta": 0.533999}}
{"target": -2.676492574967836, "params": {"eta": 0.42037663071001985, "max_depth": 16.460360528215254, "n_estimators": 19.975936596125415}, "datetime": {"datetime": "2021-09-17 12:53:43", "elapsed": 55.829621, "delta": 0.487998}}
{"target": -2.5035684949473334, "params": {"eta": 0.40001680915298665, "max_depth": 14.13638424540004, "n_estimators": 19.513734715853428}, "datetime": {"datetime": "2021-09-17 12:53:43", "elapsed": 56.453149, "delta": 0.623528}}
{"target": -2.6381762523400156, "params": {"eta": 0.2121429836369771, "max_depth": 12.52387373504881, "n_estimators": 13.2682027213374}, "datetime": {"datetime": "2021-09-17 12:53:44", "elapsed": 56.9218, "delta": 0.468651}}
{"target": -2.4633122356314407, "params": {"eta": 0.45574455582656004, "max_depth": 5.9236737606654835, "n_estimators": 14.685118619486756}, "datetime": {"datetime": "2021-09-17 12:53:44", "elapsed": 57.352828, "delta": 0.431028}}
{"target": -2.3904980954371, "params": {"eta": 0.21419881052174108, "max_depth": 13.946617421069991, "n_estimators": 19.49073375774587}, "datetime": {"datetime": "2021-09-17 12:53:45", "elapsed": 57.981826, "delta": 0.628998}}
{"target": -2.388514937852558, "params": {"eta": 0.43363605907899505, "max_depth": 12.871964198986696, "n_estimators": 18.178540412758526}, "datetime": {"datetime": "2021-09-17 12:53:45", "elapsed": 58.492824, "delta": 0.510998}}
{"target": -2.45299782690249, "params": {"eta": 0.2, "max_depth": 15.968034595598015, "n_estimators": 18.412298751405434}, "datetime": {"datetime": "2021-09-17 12:53:46", "elapsed": 59.337823, "delta": 0.844999}}
{"target": -2.398536526529413, "params": {"eta": 0.268073912757416, "max_depth": 16.332594555046896, "n_estimators": 18.69501608305052}, "datetime": {"datetime": "2021-09-17 12:53:47", "elapsed": 59.979976, "delta": 0.642153}}
{"target": -2.454081446873514, "params": {"eta": 0.3040635646289246, "max_depth": 15.951062562121608, "n_estimators": 18.688752930578843}, "datetime": {"datetime": "2021-09-17 12:53:47", "elapsed": 60.595976, "delta": 0.616}}
{"target": -2.6920110119016547, "params": {"eta": 0.322049046701978, "max_depth": 15.745302068381005, "n_estimators": 9.253565383632873}, "datetime": {"datetime": "2021-09-17 12:53:48", "elapsed": 61.035975, "delta": 0.439999}}
{"target": -2.47491578616594, "params": {"eta": 0.36679518740136896, "max_depth": 8.576336122344905, "n_estimators": 19.98409135837656}, "datetime": {"datetime": "2021-09-17 12:53:48", "elapsed": 61.458974, "delta": 0.422999}}
{"target": -2.418970729175367, "params": {"eta": 0.22782683237734666, "max_depth": 16.140364429883714, "n_estimators": 18.783704355761373}, "datetime": {"datetime": "2021-09-17 12:53:49", "elapsed": 62.061986, "delta": 0.603012}}
{"target": -2.4591025785395972, "params": {"eta": 0.32088339116760656, "max_depth": 16.29049793361601, "n_estimators": 18.877952479228085}, "datetime": {"datetime": "2021-09-17 12:53:49", "elapsed": 62.737987, "delta": 0.676001}}
{"target": -2.416903968233811, "params": {"eta": 0.3228475896134672, "max_depth": 17.558745887243138, "n_estimators": 14.411814609554934}, "datetime": {"datetime": "2021-09-17 12:53:50", "elapsed": 63.239987, "delta": 0.502}}
{"target": -2.3206089935804672, "params": {"eta": 0.20668537841524326, "max_depth": 16.01932246174534, "n_estimators": 18.962183368502817}, "datetime": {"datetime": "2021-09-17 12:53:51", "elapsed": 64.059357, "delta": 0.81937}}
{"target": -2.490085227865922, "params": {"eta": 0.3587321810242705, "max_depth": 6.2638066133184225, "n_estimators": 19.14984205944854}, "datetime": {"datetime": "2021-09-17 12:53:51", "elapsed": 64.561357, "delta": 0.502}}
{"target": -2.4573746555729916, "params": {"eta": 0.3192520729717584, "max_depth": 16.0422736963303, "n_estimators": 18.849237832291692}, "datetime": {"datetime": "2021-09-17 12:53:52", "elapsed": 65.163356, "delta": 0.601999}}
{"target": -2.5576071745470954, "params": {"eta": 0.37508010683874227, "max_depth": 12.610005941213693, "n_estimators": 10.530039327112366}, "datetime": {"datetime": "2021-09-17 12:53:52", "elapsed": 65.640356, "delta": 0.477}}
{"target": -2.3293544179514836, "params": {"eta": 0.23413002053185536, "max_depth": 16.463320985760426, "n_estimators": 18.573004033644274}, "datetime": {"datetime": "2021-09-17 12:53:53", "elapsed": 66.425637, "delta": 0.785281}}
{"target": -2.4953590047986878, "params": {"eta": 0.3980024201636301, "max_depth": 16.459897982553528, "n_estimators": 18.596212448482884}, "datetime": {"datetime": "2021-09-17 12:53:54", "elapsed": 67.022245, "delta": 0.596608}}
{"target": -2.3220146894454956, "params": {"eta": 0.23398285978061506, "max_depth": 16.129861021472415, "n_estimators": 19.05523457276732}, "datetime": {"datetime": "2021-09-17 12:53:54", "elapsed": 67.716246, "delta": 0.694001}}
{"target": -2.422429453699212, "params": {"eta": 0.3293527971393464, "max_depth": 16.052483372008226, "n_estimators": 19.018303199850426}, "datetime": {"datetime": "2021-09-17 12:53:55", "elapsed": 68.416811, "delta": 0.700565}}
{"target": -2.45299782690249, "params": {"eta": 0.2, "max_depth": 15.857389864458955, "n_estimators": 18.94237644764878}, "datetime": {"datetime": "2021-09-17 12:53:56", "elapsed": 69.136808, "delta": 0.719997}}
{"target": -2.481924291660911, "params": {"eta": 0.37276890562671583, "max_depth": 17.310813839460774, "n_estimators": 18.190063015240327}, "datetime": {"datetime": "2021-09-17 12:53:56", "elapsed": 69.719873, "delta": 0.583065}}
{"target": -2.5442864863496077, "params": {"eta": 0.24918041057091983, "max_depth": 16.573543201772882, "n_estimators": 18.71374967560437}, "datetime": {"datetime": "2021-09-17 12:53:57", "elapsed": 70.495511, "delta": 0.775638}}
{"target": -2.5848521220056635, "params": {"eta": 0.48175425360873914, "max_depth": 6.8248156407733, "n_estimators": 10.848362415360393}, "datetime": {"datetime": "2021-09-17 12:53:58", "elapsed": 70.973512, "delta": 0.478001}}
{"target": -2.493160138004704, "params": {"eta": 0.33750020226540867, "max_depth": 17.136529579429272, "n_estimators": 11.584596392405379}, "datetime": {"datetime": "2021-09-17 12:53:58", "elapsed": 71.539512, "delta": 0.566}}
{"target": -2.5138194824519906, "params": {"eta": 0.34866628227570656, "max_depth": 16.27719972386297, "n_estimators": 19.134339517692013}, "datetime": {"datetime": "2021-09-17 12:53:59", "elapsed": 72.495694, "delta": 0.956182}}
{"target": -2.427999000800283, "params": {"eta": 0.2176608231501478, "max_depth": 16.19777371803957, "n_estimators": 18.960448035214064}, "datetime": {"datetime": "2021-09-17 12:54:00", "elapsed": 73.595694, "delta": 1.1}}
