{"target": 0.8421048247414262, "params": {"eta": 0.19183034629092713, "max_depth": 10.099243535720316, "n_estimators": 25.85490985110441}, "datetime": {"datetime": "2021-09-17 19:06:57", "elapsed": 85.894862, "delta": 0.974001}}
{"target": 0.8398371844631501, "params": {"eta": 0.1576902744147278, "max_depth": 10.619870894570868, "n_estimators": 29.45824980575695}, "datetime": {"datetime": "2021-09-17 19:06:58", "elapsed": 86.675865, "delta": 0.781003}}
{"target": 0.8211547692316427, "params": {"eta": 0.3847811089712819, "max_depth": 23.086115861119133, "n_estimators": 9.40266698529634}, "datetime": {"datetime": "2021-09-17 19:06:58", "elapsed": 87.166864, "delta": 0.490999}}
{"target": 0.7951451821414937, "params": {"eta": 0.49615711311607513, "max_depth": 13.85579429870469, "n_estimators": 15.453207716109185}, "datetime": {"datetime": "2021-09-17 19:06:59", "elapsed": 88.151556, "delta": 0.984692}}
{"target": 0.804786617952037, "params": {"eta": 0.670189563300592, "max_depth": 9.611850927863062, "n_estimators": 26.1583927509435}, "datetime": {"datetime": "2021-09-17 19:07:00", "elapsed": 89.217464, "delta": 1.065908}}
{"target": 0.8366012363270879, "params": {"eta": 0.3344759926676054, "max_depth": 10.826478051621311, "n_estimators": 28.785490653920498}, "datetime": {"datetime": "2021-09-17 19:07:01", "elapsed": 90.152899, "delta": 0.935435}}
{"target": 0.8255642850484481, "params": {"eta": 0.38664437576475685, "max_depth": 26.0329620667701, "n_estimators": 19.28931133498029}, "datetime": {"datetime": "2021-09-17 19:07:02", "elapsed": 90.716856, "delta": 0.563957}}
{"target": 0.7863508425630903, "params": {"eta": 0.7121098647847325, "max_depth": 22.95724080543315, "n_estimators": 22.84261922600171}, "datetime": {"datetime": "2021-09-17 19:07:03", "elapsed": 91.513854, "delta": 0.796998}}
{"target": 0.8492829475924331, "params": {"eta": 0.47037508905663117, "max_depth": 7.6786857466424365, "n_estimators": 28.37053061394304}, "datetime": {"datetime": "2021-09-17 19:07:03", "elapsed": 92.178858, "delta": 0.665004}}
{"target": 0.8109761010731632, "params": {"eta": 0.16693779310356696, "max_depth": 14.823267573189867, "n_estimators": 19.51644107847805}, "datetime": {"datetime": "2021-09-17 19:07:04", "elapsed": 92.778717, "delta": 0.599859}}
{"target": 0.8258342294893967, "params": {"eta": 0.5085202492903985, "max_depth": 17.991259654472252, "n_estimators": 11.849242043632035}, "datetime": {"datetime": "2021-09-17 19:07:05", "elapsed": 93.435717, "delta": 0.657}}
{"target": 0.7681986671984719, "params": {"eta": 0.5907694405640956, "max_depth": 10.484927167189326, "n_estimators": 29.067185963761634}, "datetime": {"datetime": "2021-09-17 19:07:06", "elapsed": 94.596903, "delta": 1.161186}}
{"target": 0.835260846726035, "params": {"eta": 0.4078526008850887, "max_depth": 18.922034639006036, "n_estimators": 22.797887351290058}, "datetime": {"datetime": "2021-09-17 19:07:07", "elapsed": 95.559907, "delta": 0.963004}}
{"target": 0.5427308461061076, "params": {"eta": 0.11064735844960728, "max_depth": 11.154896951187224, "n_estimators": 14.110214531125456}, "datetime": {"datetime": "2021-09-17 19:07:08", "elapsed": 96.377905, "delta": 0.817998}}
{"target": 0.8195647977798267, "params": {"eta": 0.5295860352713416, "max_depth": 18.608331717911792, "n_estimators": 22.5526487442178}, "datetime": {"datetime": "2021-09-17 19:07:08", "elapsed": 97.316162, "delta": 0.938257}}
{"target": 0.8336232969696291, "params": {"eta": 0.3247335714793902, "max_depth": 10.074967864626052, "n_estimators": 25.47439602521892}, "datetime": {"datetime": "2021-09-17 19:07:09", "elapsed": 98.2033, "delta": 0.887138}}
{"target": 0.7925758865990633, "params": {"eta": 0.6432601968694159, "max_depth": 11.488366588582371, "n_estimators": 13.681543452991132}, "datetime": {"datetime": "2021-09-17 19:07:10", "elapsed": 98.926949, "delta": 0.723649}}
{"target": 0.8483875257719299, "params": {"eta": 0.30712020701836107, "max_depth": 8.931812715055681, "n_estimators": 26.62649496142871}, "datetime": {"datetime": "2021-09-17 19:07:11", "elapsed": 99.753948, "delta": 0.826999}}
{"target": 0.7343674697479674, "params": {"eta": 0.7574265917537246, "max_depth": 8.590325416256613, "n_estimators": 12.45936129610742}, "datetime": {"datetime": "2021-09-17 19:07:11", "elapsed": 100.322949, "delta": 0.569001}}
{"target": 0.8152128528123728, "params": {"eta": 0.4208338052859535, "max_depth": 25.346860566572566, "n_estimators": 13.870476418776978}, "datetime": {"datetime": "2021-09-17 19:07:12", "elapsed": 100.912175, "delta": 0.589226}}
{"target": 0.8354596971609625, "params": {"eta": 0.2945815987859265, "max_depth": 10.824858734051734, "n_estimators": 28.78203958046837}, "datetime": {"datetime": "2021-09-17 19:07:13", "elapsed": 101.614176, "delta": 0.702001}}
{"target": 0.8487765552247795, "params": {"eta": 0.17451184862254016, "max_depth": 7.6856963550032, "n_estimators": 28.079428061897037}, "datetime": {"datetime": "2021-09-17 19:07:14", "elapsed": 102.603183, "delta": 0.989007}}
{"target": 0.8582772453519089, "params": {"eta": 0.3526408747616133, "max_depth": 7.993583530032268, "n_estimators": 28.13985869800581}, "datetime": {"datetime": "2021-09-17 19:07:15", "elapsed": 103.768181, "delta": 1.164998}}
{"target": 0.8541522587132977, "params": {"eta": 0.4761474243140623, "max_depth": 7.79082347040213, "n_estimators": 27.878830549206786}, "datetime": {"datetime": "2021-09-17 19:07:16", "elapsed": 104.577182, "delta": 0.809001}}
{"target": 0.8431460438214949, "params": {"eta": 0.13906580692790105, "max_depth": 8.00345309347944, "n_estimators": 27.71735573368937}, "datetime": {"datetime": "2021-09-17 19:07:16", "elapsed": 105.306178, "delta": 0.728996}}
{"target": 0.8269765955683566, "params": {"eta": 0.5724305425401339, "max_depth": 8.167761481437642, "n_estimators": 27.526335667949336}, "datetime": {"datetime": "2021-09-17 19:07:17", "elapsed": 106.320185, "delta": 1.014007}}
{"target": 0.8339456126476232, "params": {"eta": 0.38715554840284394, "max_depth": 8.51195332292577, "n_estimators": 27.195671976003375}, "datetime": {"datetime": "2021-09-17 19:07:18", "elapsed": 107.115296, "delta": 0.795111}}
{"target": 0.8264317196481812, "params": {"eta": 0.10902659195298635, "max_depth": 8.12778786336344, "n_estimators": 27.08441834769376}, "datetime": {"datetime": "2021-09-17 19:07:19", "elapsed": 108.295912, "delta": 1.180616}}
{"target": 0.8160482686407327, "params": {"eta": 0.1, "max_depth": 10.04649066037583, "n_estimators": 29.510819286898247}, "datetime": {"datetime": "2021-09-17 19:07:20", "elapsed": 109.274281, "delta": 0.978369}}
{"target": 0.7828632795810422, "params": {"eta": 0.6012928676930129, "max_depth": 14.418226081692554, "n_estimators": 13.921657423492118}, "datetime": {"datetime": "2021-09-17 19:07:21", "elapsed": 110.001278, "delta": 0.726997}}
{"target": 0.7017795806409948, "params": {"eta": 0.7665643422172043, "max_depth": 8.081560002396438, "n_estimators": 28.372870138115378}, "datetime": {"datetime": "2021-09-17 19:07:22", "elapsed": 111.080875, "delta": 1.079597}}
{"target": 0.7437069302587525, "params": {"eta": 0.5891444411250365, "max_depth": 11.981649029668754, "n_estimators": 10.005816554956938}, "datetime": {"datetime": "2021-09-17 19:07:23", "elapsed": 111.625873, "delta": 0.544998}}
{"target": 0.8528044818989553, "params": {"eta": 0.44943462577061855, "max_depth": 9.661588909571355, "n_estimators": 12.833675069184562}, "datetime": {"datetime": "2021-09-17 19:07:23", "elapsed": 112.327877, "delta": 0.702004}}
{"target": 0.8317323014884128, "params": {"eta": 0.5003247832620543, "max_depth": 7.3246942325848385, "n_estimators": 28.083649513862948}, "datetime": {"datetime": "2021-09-17 19:07:25", "elapsed": 113.560781, "delta": 1.232904}}
{"target": 0.8388045885208032, "params": {"eta": 0.2796444598827954, "max_depth": 21.990403770976204, "n_estimators": 23.9180438466864}, "datetime": {"datetime": "2021-09-17 19:07:25", "elapsed": 114.325778, "delta": 0.764997}}
{"target": 0.7937390776155666, "params": {"eta": 0.1, "max_depth": 8.715464276643605, "n_estimators": 26.920674115502305}, "datetime": {"datetime": "2021-09-17 19:07:26", "elapsed": 115.145529, "delta": 0.819751}}
{"target": 0.8376946411579207, "params": {"eta": 0.46545741369523586, "max_depth": 10.099394273212761, "n_estimators": 12.902968317788146}, "datetime": {"datetime": "2021-09-17 19:07:27", "elapsed": 115.887527, "delta": 0.741998}}
{"target": 0.8115528747405932, "params": {"eta": 0.5148847691932585, "max_depth": 25.49982372129176, "n_estimators": 14.667033450531912}, "datetime": {"datetime": "2021-09-17 19:07:28", "elapsed": 116.555526, "delta": 0.667999}}
{"target": 0.7711732006529132, "params": {"eta": 0.6967809438456551, "max_depth": 9.890225087858354, "n_estimators": 12.522304389465788}, "datetime": {"datetime": "2021-09-17 19:07:28", "elapsed": 117.243527, "delta": 0.688001}}
{"target": 0.8199304941009364, "params": {"eta": 0.5602938203712148, "max_depth": 8.17907526829547, "n_estimators": 26.876645211849457}, "datetime": {"datetime": "2021-09-17 19:07:29", "elapsed": 118.26722, "delta": 1.023693}}
{"target": 0.8143940451979523, "params": {"eta": 0.22971953374394027, "max_depth": 9.784489033898472, "n_estimators": 13.183722348058884}, "datetime": {"datetime": "2021-09-17 19:07:30", "elapsed": 119.11145, "delta": 0.84423}}
{"target": 0.8559000230737718, "params": {"eta": 0.4406928895668748, "max_depth": 25.669616225789955, "n_estimators": 29.487093727321618}, "datetime": {"datetime": "2021-09-17 19:07:31", "elapsed": 120.01145, "delta": 0.9}}
{"target": 0.7933936307454245, "params": {"eta": 0.6939792767129656, "max_depth": 7.8384513158397375, "n_estimators": 17.92699162686869}, "datetime": {"datetime": "2021-09-17 19:07:32", "elapsed": 120.856743, "delta": 0.845293}}
{"target": 0.7941334530098019, "params": {"eta": 0.13717559580470473, "max_depth": 12.86753914425234, "n_estimators": 19.8721885824036}, "datetime": {"datetime": "2021-09-17 19:07:33", "elapsed": 121.74074, "delta": 0.883997}}
{"target": 0.25821465179726033, "params": {"eta": 0.1, "max_depth": 9.85490049828688, "n_estimators": 12.685845139945876}, "datetime": {"datetime": "2021-09-17 19:07:34", "elapsed": 122.770698, "delta": 1.029958}}
{"target": 0.7770011745061467, "params": {"eta": 0.6422903441641955, "max_depth": 13.177079732002912, "n_estimators": 15.805728894466707}, "datetime": {"datetime": "2021-09-17 19:07:35", "elapsed": 123.578696, "delta": 0.807998}}
{"target": 0.7796286480038741, "params": {"eta": 0.7176168347244024, "max_depth": 9.858705939621391, "n_estimators": 13.081590395554848}, "datetime": {"datetime": "2021-09-17 19:07:36", "elapsed": 124.584613, "delta": 1.005917}}
{"target": 0.8028666774381918, "params": {"eta": 0.6484284941971558, "max_depth": 9.588156788702301, "n_estimators": 12.814080924273856}, "datetime": {"datetime": "2021-09-17 19:07:37", "elapsed": 125.383614, "delta": 0.799001}}
{"target": 0.8018579787211704, "params": {"eta": 0.6428169444969901, "max_depth": 8.53844107127444, "n_estimators": 26.790822099419564}, "datetime": {"datetime": "2021-09-17 19:07:37", "elapsed": 126.314612, "delta": 0.930998}}
{"target": 0.8559840066162108, "params": {"eta": 0.2742919298830925, "max_depth": 7.519784619061307, "n_estimators": 27.750670580158616}, "datetime": {"datetime": "2021-09-17 19:07:38", "elapsed": 127.074416, "delta": 0.759804}}
{"target": 0.8295405054071177, "params": {"eta": 0.4213167407112762, "max_depth": 7.846619106120364, "n_estimators": 27.307107986803477}, "datetime": {"datetime": "2021-09-17 19:07:39", "elapsed": 128.00404, "delta": 0.929624}}
{"target": 0.8471382711251392, "params": {"eta": 0.28333322302491104, "max_depth": 8.234456543363486, "n_estimators": 27.951884620975488}, "datetime": {"datetime": "2021-09-17 19:07:40", "elapsed": 128.896346, "delta": 0.892306}}
{"target": 0.8131831830204633, "params": {"eta": 0.5182284862040262, "max_depth": 9.267724650389825, "n_estimators": 26.505165536339586}, "datetime": {"datetime": "2021-09-17 19:07:41", "elapsed": 130.034346, "delta": 1.138}}
{"target": -0.22035416347635506, "params": {"eta": 0.1097193948667452, "max_depth": 23.394898642356917, "n_estimators": 8.997813650343206}, "datetime": {"datetime": "2021-09-17 19:07:42", "elapsed": 130.740538, "delta": 0.706192}}
{"target": 0.7412911801302917, "params": {"eta": 0.7257017174290085, "max_depth": 23.08178277699267, "n_estimators": 9.586621016708383}, "datetime": {"datetime": "2021-09-17 19:07:43", "elapsed": 131.840537, "delta": 1.099999}}
{"target": 0.7714099512087599, "params": {"eta": 0.6400268909148426, "max_depth": 10.396082347191097, "n_estimators": 13.06709248444753}, "datetime": {"datetime": "2021-09-17 19:07:44", "elapsed": 132.786206, "delta": 0.945669}}
{"target": 0.8300041651530421, "params": {"eta": 0.3372837633458009, "max_depth": 12.209596926057857, "n_estimators": 15.352173922896997}, "datetime": {"datetime": "2021-09-17 19:07:45", "elapsed": 133.605205, "delta": 0.818999}}
{"target": 0.8457381595654578, "params": {"eta": 0.1778267966828815, "max_depth": 9.303861929597247, "n_estimators": 25.784695760092912}, "datetime": {"datetime": "2021-09-17 19:07:46", "elapsed": 134.821068, "delta": 1.215863}}
{"target": 0.8516966550213404, "params": {"eta": 0.1942411788545187, "max_depth": 25.98777201707142, "n_estimators": 29.403249668610297}, "datetime": {"datetime": "2021-09-17 19:07:47", "elapsed": 136.092072, "delta": 1.271004}}
{"target": 0.8451081746098553, "params": {"eta": 0.14852237377021743, "max_depth": 25.66841300624025, "n_estimators": 29.24703727114957}, "datetime": {"datetime": "2021-09-17 19:07:49", "elapsed": 137.4342, "delta": 1.342128}}
{"target": 0.7743789307570763, "params": {"eta": 0.6893239288673322, "max_depth": 16.3642217381839, "n_estimators": 22.0302973286556}, "datetime": {"datetime": "2021-09-17 19:07:49", "elapsed": 138.324199, "delta": 0.889999}}
{"target": 0.7924878371610425, "params": {"eta": 0.32980673022016754, "max_depth": 14.86933932613714, "n_estimators": 8.636288544847108}, "datetime": {"datetime": "2021-09-17 19:07:50", "elapsed": 139.024424, "delta": 0.700225}}
{"target": 0.8175915468036401, "params": {"eta": 0.18972937073940077, "max_depth": 4.935633232885064, "n_estimators": 14.62319798664958}, "datetime": {"datetime": "2021-09-17 19:07:51", "elapsed": 139.785425, "delta": 0.761001}}
{"target": 0.7887240676467444, "params": {"eta": 0.7177154738426182, "max_depth": 25.813760422305702, "n_estimators": 29.201877079653077}, "datetime": {"datetime": "2021-09-17 19:07:52", "elapsed": 141.176894, "delta": 1.391469}}
{"target": 0.791776725200896, "params": {"eta": 0.7132889211600553, "max_depth": 7.414229268285399, "n_estimators": 27.554595038547824}, "datetime": {"datetime": "2021-09-17 19:07:54", "elapsed": 142.742893, "delta": 1.565999}}
{"target": 0.8320090087284564, "params": {"eta": 0.4164484239360228, "max_depth": 9.416192054173145, "n_estimators": 13.136338219823985}, "datetime": {"datetime": "2021-09-17 19:07:55", "elapsed": 143.786896, "delta": 1.044003}}
{"target": 0.726903514734331, "params": {"eta": 0.7764035743940052, "max_depth": 18.57421151349768, "n_estimators": 12.300263239667999}, "datetime": {"datetime": "2021-09-17 19:07:56", "elapsed": 144.619896, "delta": 0.833}}
{"target": 0.8455811035701557, "params": {"eta": 0.15660911991169013, "max_depth": 25.62720324422569, "n_estimators": 29.663735686736878}, "datetime": {"datetime": "2021-09-17 19:07:57", "elapsed": 146.024891, "delta": 1.404995}}
{"target": 0.7995504930831355, "params": {"eta": 0.1, "max_depth": 8.452837789353861, "n_estimators": 27.565051635178268}, "datetime": {"datetime": "2021-09-17 19:07:59", "elapsed": 147.465801, "delta": 1.44091}}
{"target": 0.8175428308104515, "params": {"eta": 0.5350952207963089, "max_depth": 26.069641821643884, "n_estimators": 29.72958127000486}, "datetime": {"datetime": "2021-09-17 19:08:00", "elapsed": 148.950225, "delta": 1.484424}}
{"target": 0.7160724708898916, "params": {"eta": 0.7825901622155076, "max_depth": 16.265038639340062, "n_estimators": 23.08044866913756}, "datetime": {"datetime": "2021-09-17 19:08:01", "elapsed": 149.775222, "delta": 0.824997}}
{"target": 0.7658875873101232, "params": {"eta": 0.25344563998786684, "max_depth": 22.79540781067776, "n_estimators": 9.773771130686388}, "datetime": {"datetime": "2021-09-17 19:08:02", "elapsed": 150.71285, "delta": 0.937628}}
{"target": 0.7038481077601706, "params": {"eta": 0.12399798018373304, "max_depth": 29.465620494279182, "n_estimators": 16.400134211273794}, "datetime": {"datetime": "2021-09-17 19:08:03", "elapsed": 151.984161, "delta": 1.271311}}
{"target": 0.8262356805104174, "params": {"eta": 0.3185100298386466, "max_depth": 24.887464046554896, "n_estimators": 10.499556440949982}, "datetime": {"datetime": "2021-09-17 19:08:04", "elapsed": 152.821542, "delta": 0.837381}}
{"target": 0.7362120782121987, "params": {"eta": 0.7698274078686608, "max_depth": 29.938705817787092, "n_estimators": 16.37280487544797}, "datetime": {"datetime": "2021-09-17 19:08:05", "elapsed": 153.931538, "delta": 1.109996}}
{"target": 0.832265895404154, "params": {"eta": 0.43138363052652373, "max_depth": 21.2687812068979, "n_estimators": 15.100393452573105}, "datetime": {"datetime": "2021-09-17 19:08:06", "elapsed": 154.805069, "delta": 0.873531}}
{"target": 0.8240223039948005, "params": {"eta": 0.5428454680008915, "max_depth": 11.025091177241, "n_estimators": 29.45900663522146}, "datetime": {"datetime": "2021-09-17 19:08:07", "elapsed": 156.263743, "delta": 1.458674}}
{"target": 0.8173785543439148, "params": {"eta": 0.4006507468099698, "max_depth": 18.94574471926335, "n_estimators": 22.773586609140352}, "datetime": {"datetime": "2021-09-17 19:08:08", "elapsed": 157.299969, "delta": 1.036226}}
{"target": 0.8191880433506448, "params": {"eta": 0.5400464144714643, "max_depth": 9.135404646382696, "n_estimators": 25.932832830323846}, "datetime": {"datetime": "2021-09-17 19:08:10", "elapsed": 158.712969, "delta": 1.413}}
{"target": 0.8020781504617411, "params": {"eta": 0.5549432475676186, "max_depth": 18.64603541512169, "n_estimators": 22.940369831399785}, "datetime": {"datetime": "2021-09-17 19:08:11", "elapsed": 160.140968, "delta": 1.427999}}
{"target": 0.7823135987922221, "params": {"eta": 0.12314562710869058, "max_depth": 14.707837175868763, "n_estimators": 20.01806289013735}, "datetime": {"datetime": "2021-09-17 19:08:13", "elapsed": 162.004968, "delta": 1.864}}
{"target": 0.8377327151664371, "params": {"eta": 0.21741297258306622, "max_depth": 9.181686812301123, "n_estimators": 25.403814631347352}, "datetime": {"datetime": "2021-09-17 19:08:14", "elapsed": 162.923805, "delta": 0.918837}}
{"target": 0.7863349103830655, "params": {"eta": 0.10684096574314954, "max_depth": 18.924737693167508, "n_estimators": 23.191340601306944}, "datetime": {"datetime": "2021-09-17 19:08:15", "elapsed": 164.193801, "delta": 1.269996}}
{"target": 0.8626124791401767, "params": {"eta": 0.18996168795839674, "max_depth": 7.327842034363477, "n_estimators": 28.44889240708675}, "datetime": {"datetime": "2021-09-17 19:08:17", "elapsed": 165.458126, "delta": 1.264325}}
{"target": 0.8249619140704646, "params": {"eta": 0.49334877443259195, "max_depth": 7.473566001611583, "n_estimators": 28.719831464252366}, "datetime": {"datetime": "2021-09-17 19:08:18", "elapsed": 166.450126, "delta": 0.992}}
{"target": 0.7776670478624457, "params": {"eta": 0.30897161927035977, "max_depth": 6.988837372473788, "n_estimators": 8.566402333764254}, "datetime": {"datetime": "2021-09-17 19:08:18", "elapsed": 167.221294, "delta": 0.771168}}
{"target": 0.8317109522218884, "params": {"eta": 0.5374411986561313, "max_depth": 7.343894198092304, "n_estimators": 22.40093469123383}, "datetime": {"datetime": "2021-09-17 19:08:19", "elapsed": 168.056927, "delta": 0.835633}}
{"target": 0.814177767295223, "params": {"eta": 0.1, "max_depth": 11.349386220197026, "n_estimators": 29.466673772280046}, "datetime": {"datetime": "2021-09-17 19:08:21", "elapsed": 169.583873, "delta": 1.526946}}
{"target": 0.844868694043614, "params": {"eta": 0.2772500762100448, "max_depth": 25.21750509874806, "n_estimators": 29.381172228663747}, "datetime": {"datetime": "2021-09-17 19:08:22", "elapsed": 170.784874, "delta": 1.201001}}
{"target": 0.85198699411284, "params": {"eta": 0.4373456589193274, "max_depth": 6.977071492651621, "n_estimators": 28.506521837867037}, "datetime": {"datetime": "2021-09-17 19:08:23", "elapsed": 172.107134, "delta": 1.32226}}
{"target": 0.8332841519283143, "params": {"eta": 0.47388008311566077, "max_depth": 25.406518301812063, "n_estimators": 29.930682920591842}, "datetime": {"datetime": "2021-09-17 19:08:24", "elapsed": 173.272898, "delta": 1.165764}}
{"target": 0.8464768071271834, "params": {"eta": 0.1785635336362909, "max_depth": 6.807663113039587, "n_estimators": 28.051090035027247}, "datetime": {"datetime": "2021-09-17 19:08:26", "elapsed": 174.986395, "delta": 1.713497}}
{"target": 0.8532146756533194, "params": {"eta": 0.19449411660538324, "max_depth": 5.463170715628893, "n_estimators": 27.76739426123335}, "datetime": {"datetime": "2021-09-17 19:08:27", "elapsed": 175.739394, "delta": 0.752999}}
{"target": 0.7936440318520769, "params": {"eta": 0.14906606350678114, "max_depth": 29.34599625343791, "n_estimators": 16.305498125146173}, "datetime": {"datetime": "2021-09-17 19:08:28", "elapsed": 176.622393, "delta": 0.882999}}
{"target": 0.8309301886783731, "params": {"eta": 0.2819739484866549, "max_depth": 9.612501723875841, "n_estimators": 21.139648445451915}, "datetime": {"datetime": "2021-09-17 19:08:29", "elapsed": 177.600356, "delta": 0.977963}}
{"target": 0.8344949605289255, "params": {"eta": 0.3258506824454587, "max_depth": 29.4339301109259, "n_estimators": 15.857594939105796}, "datetime": {"datetime": "2021-09-17 19:08:30", "elapsed": 179.081899, "delta": 1.481543}}
