{"target": -2.7482634469082483, "params": {"eta": 0.5440851568335298, "max_depth": 10.49568457624532, "n_estimators": 12.911003108297123}, "datetime": {"datetime": "2021-09-17 11:52:13", "elapsed": 4130.670552, "delta": 20.424226}}
{"target": -3.4339787075394086, "params": {"eta": 1.0, "max_depth": 9.828785089730113, "n_estimators": 7.178971665660087}, "datetime": {"datetime": "2021-09-17 11:52:27", "elapsed": 4144.839787, "delta": 14.169235}}
{"target": -5.563130521146874, "params": {"eta": 0.1, "max_depth": 11.000720715654543, "n_estimators": 15.680351607279922}, "datetime": {"datetime": "2021-09-17 11:52:43", "elapsed": 4161.147203, "delta": 16.307416}}
{"target": -13.088572020907153, "params": {"eta": 0.2566572811208002, "max_depth": 5.640727956397914, "n_estimators": 2.7035825836022886}, "datetime": {"datetime": "2021-09-17 11:52:56", "elapsed": 4173.873069, "delta": 12.725866}}
{"target": -3.556831694276709, "params": {"eta": 1.0, "max_depth": 8.305299526525921, "n_estimators": 8.889224368179633}, "datetime": {"datetime": "2021-09-17 11:53:08", "elapsed": 4185.52924, "delta": 11.656171}}
{"target": -4.483156077485336, "params": {"eta": 0.9520262065275498, "max_depth": 12.775169176584248, "n_estimators": 1.902974360601549}, "datetime": {"datetime": "2021-09-17 11:53:14", "elapsed": 4191.716713, "delta": 6.187473}}
{"target": -3.65703318370016, "params": {"eta": 1.0, "max_depth": 1.0, "n_estimators": 10.50236022164487}, "datetime": {"datetime": "2021-09-17 11:53:25", "elapsed": 4202.895288, "delta": 11.178575}}
{"target": -4.803289926052094, "params": {"eta": 0.9125680131404663, "max_depth": 11.888782625126492, "n_estimators": 1.7293486184636353}, "datetime": {"datetime": "2021-09-17 11:53:36", "elapsed": 4214.001345, "delta": 11.106057}}
{"target": -2.940187329995004, "params": {"eta": 0.6437922764939146, "max_depth": 12.252047844110393, "n_estimators": 13.949850573837992}, "datetime": {"datetime": "2021-09-17 11:53:56", "elapsed": 4233.751693, "delta": 19.750348}}
{"target": -2.856240982130954, "params": {"eta": 0.5633140821673953, "max_depth": 4.199137146441577, "n_estimators": 16.90382554180554}, "datetime": {"datetime": "2021-09-17 11:54:08", "elapsed": 4246.150055, "delta": 12.398362}}
{"target": -4.465795008132331, "params": {"eta": 0.1102646300240848, "max_depth": 13.017867071808285, "n_estimators": 16.663761396708487}, "datetime": {"datetime": "2021-09-17 11:54:24", "elapsed": 4262.006053, "delta": 15.855998}}
{"target": -3.3723975683513445, "params": {"eta": 0.9856214977444436, "max_depth": 13.027068340544748, "n_estimators": 9.943726511339841}, "datetime": {"datetime": "2021-09-17 11:54:41", "elapsed": 4278.916712, "delta": 16.910659}}
{"target": -3.2630999972945767, "params": {"eta": 0.9126133024930478, "max_depth": 12.122692126518155, "n_estimators": 13.250540065378642}, "datetime": {"datetime": "2021-09-17 11:54:52", "elapsed": 4290.39247, "delta": 11.475758}}
{"target": -2.9439689118611185, "params": {"eta": 0.9953397286271016, "max_depth": 2.410416154395123, "n_estimators": 17.57015944935438}, "datetime": {"datetime": "2021-09-17 11:55:14", "elapsed": 4312.193561, "delta": 21.801091}}
{"target": -3.3806269783722724, "params": {"eta": 1.0, "max_depth": 12.414884675353084, "n_estimators": 2.277686464633329}, "datetime": {"datetime": "2021-09-17 11:55:27", "elapsed": 4325.114691, "delta": 12.92113}}
{"target": -3.151831129977577, "params": {"eta": 0.7646845650337596, "max_depth": 2.159753153434317, "n_estimators": 9.527656001212478}, "datetime": {"datetime": "2021-09-17 11:55:38", "elapsed": 4336.14074, "delta": 11.026049}}
{"target": -3.4417983538226085, "params": {"eta": 1.0, "max_depth": 7.221918342622389, "n_estimators": 6.514076567196334}, "datetime": {"datetime": "2021-09-17 11:55:55", "elapsed": 4353.18119, "delta": 17.04045}}
{"target": -3.6783089656578865, "params": {"eta": 1.0, "max_depth": 6.8902985960639445, "n_estimators": 2.6763482358782653}, "datetime": {"datetime": "2021-09-17 11:56:10", "elapsed": 4367.51025, "delta": 14.32906}}
{"target": -3.187207752152493, "params": {"eta": 1.0, "max_depth": 3.2330985924912947, "n_estimators": 11.844341471105468}, "datetime": {"datetime": "2021-09-17 11:56:20", "elapsed": 4377.840712, "delta": 10.330462}}
{"target": -3.402996630417673, "params": {"eta": 0.7891995735192271, "max_depth": 11.040508954336978, "n_estimators": 11.936063453198523}, "datetime": {"datetime": "2021-09-17 11:56:26", "elapsed": 4384.117477, "delta": 6.276765}}
{"target": -9.440271242041337, "params": {"eta": 0.1, "max_depth": 4.676479110314166, "n_estimators": 9.409346706438427}, "datetime": {"datetime": "2021-09-17 11:56:38", "elapsed": 4396.427721, "delta": 12.310244}}
{"target": -6.97019195242932, "params": {"eta": 0.122759347674138, "max_depth": 8.975004954309163, "n_estimators": 10.94681059230129}, "datetime": {"datetime": "2021-09-17 11:56:45", "elapsed": 4403.23648, "delta": 6.808759}}
{"target": -2.8690681388503627, "params": {"eta": 0.5670930312996545, "max_depth": 12.251958117827211, "n_estimators": 11.483855364320975}, "datetime": {"datetime": "2021-09-17 11:56:52", "elapsed": 4409.653888, "delta": 6.417408}}
{"target": -2.9991017122017705, "params": {"eta": 0.6854541175162073, "max_depth": 4.335200455842222, "n_estimators": 12.953553777711399}, "datetime": {"datetime": "2021-09-17 11:57:09", "elapsed": 4427.238646, "delta": 17.584758}}
{"target": -3.19073554057824, "params": {"eta": 1.0, "max_depth": 5.158812005833075, "n_estimators": 12.308707039342897}, "datetime": {"datetime": "2021-09-17 11:57:24", "elapsed": 4442.020428, "delta": 14.781782}}
{"target": -3.1477049570334583, "params": {"eta": 0.7846301018225499, "max_depth": 6.2045898067549725, "n_estimators": 15.955544302544892}, "datetime": {"datetime": "2021-09-17 11:57:39", "elapsed": 4457.265077, "delta": 15.244649}}
{"target": -4.2435611103710364, "params": {"eta": 0.11495121808951647, "max_depth": 12.368009775739239, "n_estimators": 16.39709525513575}, "datetime": {"datetime": "2021-09-17 11:57:55", "elapsed": 4473.135228, "delta": 15.870151}}
{"target": -3.092421994711223, "params": {"eta": 0.2599303736055222, "max_depth": 6.059338704610045, "n_estimators": 9.439568012556757}, "datetime": {"datetime": "2021-09-17 11:58:02", "elapsed": 4479.992792, "delta": 6.857564}}
{"target": -2.4859785098778575, "params": {"eta": 0.43497560047642125, "max_depth": 6.196145786663889, "n_estimators": 9.610845708901492}, "datetime": {"datetime": "2021-09-17 11:58:15", "elapsed": 4493.355388, "delta": 13.362596}}
{"target": -3.0087790658599456, "params": {"eta": 0.8130862505440264, "max_depth": 4.415171633174839, "n_estimators": 15.732615325613883}, "datetime": {"datetime": "2021-09-17 11:58:22", "elapsed": 4499.905114, "delta": 6.549726}}
{"target": -3.015819139229624, "params": {"eta": 0.6054352352504345, "max_depth": 5.736970971442609, "n_estimators": 9.090300308833363}, "datetime": {"datetime": "2021-09-17 11:58:32", "elapsed": 4510.039765, "delta": 10.134651}}
{"target": -2.9029252127597203, "params": {"eta": 0.66676087818807, "max_depth": 6.185216046188009, "n_estimators": 16.938421246919127}, "datetime": {"datetime": "2021-09-17 11:58:45", "elapsed": 4522.816884, "delta": 12.777119}}
{"target": -3.4442702506717886, "params": {"eta": 1.0, "max_depth": 7.1107478105261235, "n_estimators": 17.545605089872076}, "datetime": {"datetime": "2021-09-17 11:59:10", "elapsed": 4547.910261, "delta": 25.093377}}
{"target": -2.927040373651605, "params": {"eta": 0.45159193086165617, "max_depth": 2.780652062646029, "n_estimators": 13.67906026748707}, "datetime": {"datetime": "2021-09-17 11:59:17", "elapsed": 4554.634578, "delta": 6.724317}}
{"target": -3.0735779850106493, "params": {"eta": 0.573206619952969, "max_depth": 11.000223821248364, "n_estimators": 14.682754558286657}, "datetime": {"datetime": "2021-09-17 11:59:31", "elapsed": 4568.542713, "delta": 13.908135}}
{"target": -3.234041578518717, "params": {"eta": 1.0, "max_depth": 12.878710111955845, "n_estimators": 4.006303321042321}, "datetime": {"datetime": "2021-09-17 11:59:50", "elapsed": 4587.610701, "delta": 19.067988}}
{"target": -2.9684661858960206, "params": {"eta": 0.6457954579028758, "max_depth": 11.485368167891032, "n_estimators": 17.00705649653392}, "datetime": {"datetime": "2021-09-17 12:00:01", "elapsed": 4598.638599, "delta": 11.027898}}
{"target": -2.8800772798688787, "params": {"eta": 0.7074388116224047, "max_depth": 11.22396040692475, "n_estimators": 13.719167625116913}, "datetime": {"datetime": "2021-09-17 12:00:15", "elapsed": 4613.208699, "delta": 14.5701}}
{"target": -2.9417340592334145, "params": {"eta": 0.651321714738497, "max_depth": 4.336295096502045, "n_estimators": 16.198898481650236}, "datetime": {"datetime": "2021-09-17 12:00:31", "elapsed": 4628.802177, "delta": 15.593478}}
{"target": -2.9120972420039926, "params": {"eta": 0.7134600462764593, "max_depth": 5.605250796191069, "n_estimators": 15.383559295972658}, "datetime": {"datetime": "2021-09-17 12:00:51", "elapsed": 4648.669115, "delta": 19.866938}}
{"target": -2.760254895059686, "params": {"eta": 0.3634044009405148, "max_depth": 10.20324493442158, "n_estimators": 8.001029373356104}, "datetime": {"datetime": "2021-09-17 12:15:48", "elapsed": 0.0, "delta": 0.0}}
{"target": -2.874877891415044, "params": {"eta": 0.34046651452636795, "max_depth": 4.467558908171131, "n_estimators": 8.83104735291918}, "datetime": {"datetime": "2021-09-17 12:15:48", "elapsed": 0.053003, "delta": 0.053003}}
{"target": -2.6480461195895546, "params": {"eta": 0.3172520422755342, "max_depth": 6.455607270430478, "n_estimators": 11.570907268076029}, "datetime": {"datetime": "2021-09-17 12:15:48", "elapsed": 0.109001, "delta": 0.055998}}
{"target": -2.5467338750236914, "params": {"eta": 0.38776334680067137, "max_depth": 7.191945144032948, "n_estimators": 14.166975503570836}, "datetime": {"datetime": "2021-09-17 12:15:49", "elapsed": 0.267004, "delta": 0.158003}}
{"target": -2.9356919978794296, "params": {"eta": 0.3208904499463035, "max_depth": 11.781174363909454, "n_estimators": 8.246488338781335}, "datetime": {"datetime": "2021-09-17 12:15:49", "elapsed": 0.382756, "delta": 0.115752}}
{"target": -2.4894759479321933, "params": {"eta": 0.36629478663655796, "max_depth": 8.085303217878074, "n_estimators": 12.986476851923385}, "datetime": {"datetime": "2021-09-17 12:15:49", "elapsed": 0.92204, "delta": 0.539284}}
{"target": -2.5541821774683497, "params": {"eta": 0.28, "max_depth": 10.002342071384417, "n_estimators": 14.536486509148899}, "datetime": {"datetime": "2021-09-17 12:15:50", "elapsed": 1.356036, "delta": 0.433996}}
{"target": -2.5661974775163747, "params": {"eta": 0.48, "max_depth": 13.0, "n_estimators": 17.0}, "datetime": {"datetime": "2021-09-17 12:15:50", "elapsed": 1.721038, "delta": 0.365002}}
{"target": -2.7096591259303846, "params": {"eta": 0.28, "max_depth": 3.0, "n_estimators": 17.0}, "datetime": {"datetime": "2021-09-17 12:15:51", "elapsed": 2.266858, "delta": 0.54582}}
{"target": -2.6095604432256594, "params": {"eta": 0.48, "max_depth": 9.02479769140388, "n_estimators": 17.0}, "datetime": {"datetime": "2021-09-17 12:15:51", "elapsed": 2.757725, "delta": 0.490867}}
{"target": -2.566746436294756, "params": {"eta": 0.48, "max_depth": 13.0, "n_estimators": 13.977257067936652}, "datetime": {"datetime": "2021-09-17 12:15:52", "elapsed": 3.506819, "delta": 0.749094}}
{"target": -2.611657697276065, "params": {"eta": 0.48, "max_depth": 9.911742870960802, "n_estimators": 12.072131728051604}, "datetime": {"datetime": "2021-09-17 12:15:52", "elapsed": 3.914819, "delta": 0.408}}
{"target": -2.8269630519967333, "params": {"eta": 0.48, "max_depth": 3.0, "n_estimators": 13.426546433365438}, "datetime": {"datetime": "2021-09-17 12:15:52", "elapsed": 4.224824, "delta": 0.310005}}
{"target": -2.5455383790166755, "params": {"eta": 0.28, "max_depth": 11.68788933961264, "n_estimators": 15.755705443177549}, "datetime": {"datetime": "2021-09-17 12:15:53", "elapsed": 4.613819, "delta": 0.388995}}
{"target": -2.477915999136473, "params": {"eta": 0.28, "max_depth": 6.3102792753800125, "n_estimators": 17.0}, "datetime": {"datetime": "2021-09-17 12:15:53", "elapsed": 4.997067, "delta": 0.383248}}
{"target": -2.4715231412335448, "params": {"eta": 0.28, "max_depth": 7.19790805255941, "n_estimators": 16.141517067615585}, "datetime": {"datetime": "2021-09-17 12:15:54", "elapsed": 5.401821, "delta": 0.404754}}
{"target": -2.7948567534747872, "params": {"eta": 0.48, "max_depth": 5.92675039398962, "n_estimators": 15.914505602089406}, "datetime": {"datetime": "2021-09-17 12:15:54", "elapsed": 5.88182, "delta": 0.479999}}
{"target": -2.461503742243114, "params": {"eta": 0.28, "max_depth": 7.40205590974969, "n_estimators": 17.0}, "datetime": {"datetime": "2021-09-17 12:15:55", "elapsed": 6.685821, "delta": 0.804001}}
{"target": -2.522353016075335, "params": {"eta": 0.28, "max_depth": 8.39084142385202, "n_estimators": 15.121929428980973}, "datetime": {"datetime": "2021-09-17 12:15:55", "elapsed": 7.086369, "delta": 0.400548}}
{"target": -2.65205321939368, "params": {"eta": 0.28, "max_depth": 13.0, "n_estimators": 11.920554778646633}, "datetime": {"datetime": "2021-09-17 12:15:56", "elapsed": 7.461371, "delta": 0.375002}}
{"target": -2.6422993089023388, "params": {"eta": 0.48, "max_depth": 8.858089976832979, "n_estimators": 13.733791017501709}, "datetime": {"datetime": "2021-09-17 12:15:56", "elapsed": 7.832365, "delta": 0.370994}}
{"target": -2.661922268491042, "params": {"eta": 0.3388176487048662, "max_depth": 8.21705831965177, "n_estimators": 11.712226918976874}, "datetime": {"datetime": "2021-09-17 12:15:57", "elapsed": 8.289372, "delta": 0.457007}}
{"target": -2.5743219645399797, "params": {"eta": 0.28, "max_depth": 11.451757255669378, "n_estimators": 14.163247614544543}, "datetime": {"datetime": "2021-09-17 12:15:57", "elapsed": 8.734368, "delta": 0.444996}}
{"target": -2.518947800209648, "params": {"eta": 0.28, "max_depth": 8.058648859957318, "n_estimators": 16.162613082084967}, "datetime": {"datetime": "2021-09-17 12:15:57", "elapsed": 9.129516, "delta": 0.395148}}
{"target": -2.6114143377856203, "params": {"eta": 0.48, "max_depth": 11.050278996715459, "n_estimators": 17.0}, "datetime": {"datetime": "2021-09-17 12:15:58", "elapsed": 9.587512, "delta": 0.457996}}
{"target": -2.556002313839762, "params": {"eta": 0.28, "max_depth": 7.047793671624833, "n_estimators": 12.996991940889107}, "datetime": {"datetime": "2021-09-17 12:15:58", "elapsed": 10.196518, "delta": 0.609006}}
{"target": -2.499385951694689, "params": {"eta": 0.44487902952093816, "max_depth": 12.998944628392351, "n_estimators": 15.448885451031229}, "datetime": {"datetime": "2021-09-17 12:15:59", "elapsed": 10.834185, "delta": 0.637667}}
{"target": -3.082104562458239, "params": {"eta": 0.28, "max_depth": 7.625885675131884, "n_estimators": 8.0}, "datetime": {"datetime": "2021-09-17 12:15:59", "elapsed": 11.209116, "delta": 0.374931}}
{"target": -2.568169811524843, "params": {"eta": 0.4747160159656948, "max_depth": 10.077766298877789, "n_estimators": 15.745351014574602}, "datetime": {"datetime": "2021-09-17 12:16:00", "elapsed": 11.722116, "delta": 0.513}}
{"target": -2.9392079064720558, "params": {"eta": 0.28, "max_depth": 3.0, "n_estimators": 10.850121899383444}, "datetime": {"datetime": "2021-09-17 12:16:00", "elapsed": 12.128113, "delta": 0.405997}}
{"target": -2.618687039300015, "params": {"eta": 0.48, "max_depth": 11.419190970543898, "n_estimators": 12.44287989587328}, "datetime": {"datetime": "2021-09-17 12:16:01", "elapsed": 12.550113, "delta": 0.422}}
{"target": -2.5666888105241874, "params": {"eta": 0.47460094432829025, "max_depth": 6.947473777689296, "n_estimators": 16.992261786545114}, "datetime": {"datetime": "2021-09-17 12:16:01", "elapsed": 12.94712, "delta": 0.397007}}
{"target": -2.467886459827423, "params": {"eta": 0.28, "max_depth": 5.0772206033720755, "n_estimators": 17.0}, "datetime": {"datetime": "2021-09-17 12:16:02", "elapsed": 13.380117, "delta": 0.432997}}
{"target": -2.7020853927260955, "params": {"eta": 0.28, "max_depth": 10.847479738335915, "n_estimators": 10.723094276065703}, "datetime": {"datetime": "2021-09-17 12:16:02", "elapsed": 13.891119, "delta": 0.511002}}
{"target": -2.785216062319906, "params": {"eta": 0.48, "max_depth": 5.431886995717141, "n_estimators": 13.085691347356082}, "datetime": {"datetime": "2021-09-17 12:16:03", "elapsed": 14.304116, "delta": 0.412997}}
{"target": -2.5542602482594945, "params": {"eta": 0.30511148923922954, "max_depth": 7.409722470885031, "n_estimators": 15.201243514079295}, "datetime": {"datetime": "2021-09-17 12:16:03", "elapsed": 14.692119, "delta": 0.388003}}
{"target": -2.5220187406790884, "params": {"eta": 0.28, "max_depth": 12.364776544782853, "n_estimators": 14.88180490108757}, "datetime": {"datetime": "2021-09-17 12:16:03", "elapsed": 15.158003, "delta": 0.465884}}
{"target": -2.723585064160196, "params": {"eta": 0.28, "max_depth": 13.0, "n_estimators": 10.273040727424762}, "datetime": {"datetime": "2021-09-17 12:16:04", "elapsed": 15.835642, "delta": 0.677639}}
{"target": -2.610491561262231, "params": {"eta": 0.298709805069999, "max_depth": 7.818318378877207, "n_estimators": 13.696757456272028}, "datetime": {"datetime": "2021-09-17 12:16:05", "elapsed": 16.315644, "delta": 0.480002}}
{"target": -2.7011671518024647, "params": {"eta": 0.29645943162857313, "max_depth": 10.314948453073733, "n_estimators": 13.28867181071767}, "datetime": {"datetime": "2021-09-17 12:16:05", "elapsed": 16.770641, "delta": 0.454997}}
{"target": -2.608614823065306, "params": {"eta": 0.4784974813428703, "max_depth": 10.93393575483762, "n_estimators": 15.054436597698128}, "datetime": {"datetime": "2021-09-17 12:16:05", "elapsed": 17.217235, "delta": 0.446594}}
{"target": -2.734871103889064, "params": {"eta": 0.38976891778214484, "max_depth": 12.461837349259856, "n_estimators": 16.15134395807629}, "datetime": {"datetime": "2021-09-17 12:16:06", "elapsed": 17.700256, "delta": 0.483021}}
{"target": -2.507649227819945, "params": {"eta": 0.294338123273722, "max_depth": 9.250521858511771, "n_estimators": 15.421755929732424}, "datetime": {"datetime": "2021-09-17 12:16:06", "elapsed": 18.222234, "delta": 0.521978}}
{"target": -2.5503892578576743, "params": {"eta": 0.3422315210536258, "max_depth": 4.299754702873527, "n_estimators": 16.967606469357843}, "datetime": {"datetime": "2021-09-17 12:16:07", "elapsed": 18.704234, "delta": 0.482}}
{"target": -2.5460213272195116, "params": {"eta": 0.30091671161103795, "max_depth": 8.007643879412543, "n_estimators": 16.940479307616137}, "datetime": {"datetime": "2021-09-17 12:16:07", "elapsed": 19.177449, "delta": 0.473215}}
{"target": -2.736228143541436, "params": {"eta": 0.28, "max_depth": 3.8607021616140784, "n_estimators": 15.52264253386941}, "datetime": {"datetime": "2021-09-17 12:16:08", "elapsed": 19.604449, "delta": 0.427}}
{"target": -2.4663845482625457, "params": {"eta": 0.44029856535897227, "max_depth": 5.596538119298268, "n_estimators": 16.976613778382244}, "datetime": {"datetime": "2021-09-17 12:16:08", "elapsed": 20.002442, "delta": 0.397993}}
{"target": -2.58804553998144, "params": {"eta": 0.4774504305620479, "max_depth": 12.985906226799514, "n_estimators": 14.764282650992001}, "datetime": {"datetime": "2021-09-17 12:16:09", "elapsed": 20.462125, "delta": 0.459683}}
{"target": -2.6804635116928504, "params": {"eta": 0.32273439360258377, "max_depth": 12.332059300866174, "n_estimators": 13.245625153664468}, "datetime": {"datetime": "2021-09-17 12:16:09", "elapsed": 20.914121, "delta": 0.451996}}
{"target": -2.632036967653977, "params": {"eta": 0.48, "max_depth": 9.1580073496971, "n_estimators": 10.207185086657777}, "datetime": {"datetime": "2021-09-17 12:16:10", "elapsed": 21.414862, "delta": 0.500741}}
{"target": -2.6409431501438743, "params": {"eta": 0.48, "max_depth": 8.79554005768418, "n_estimators": 12.61285317480955}, "datetime": {"datetime": "2021-09-17 12:16:10", "elapsed": 21.88386, "delta": 0.468998}}
{"target": -2.581471874211964, "params": {"eta": 0.46757407223954467, "max_depth": 7.616820485544673, "n_estimators": 12.503180041440258}, "datetime": {"datetime": "2021-09-17 12:16:11", "elapsed": 22.407858, "delta": 0.523998}}
{"target": -2.504423794620916, "params": {"eta": 0.48, "max_depth": 7.114478524353771, "n_estimators": 10.304481749214188}, "datetime": {"datetime": "2021-09-17 12:16:11", "elapsed": 23.03656, "delta": 0.628702}}
{"target": -2.7198631744635726, "params": {"eta": 0.48, "max_depth": 6.187274509388616, "n_estimators": 10.165950760203117}, "datetime": {"datetime": "2021-09-17 12:16:12", "elapsed": 23.411565, "delta": 0.375005}}
{"target": -2.688904095323462, "params": {"eta": 0.28, "max_depth": 7.885187878233349, "n_estimators": 10.314977675094907}, "datetime": {"datetime": "2021-09-17 12:16:12", "elapsed": 23.832567, "delta": 0.421002}}
{"target": -2.592565097306904, "params": {"eta": 0.45379564989163, "max_depth": 9.20977197646592, "n_estimators": 14.776683218440889}, "datetime": {"datetime": "2021-09-17 12:16:13", "elapsed": 24.341565, "delta": 0.508998}}
{"target": -2.6349435084744504, "params": {"eta": 0.48, "max_depth": 8.878072366868249, "n_estimators": 15.9558896448198}, "datetime": {"datetime": "2021-09-17 12:16:13", "elapsed": 24.856564, "delta": 0.514999}}
{"target": -2.556728836737181, "params": {"eta": 0.47243628711286345, "max_depth": 7.516215545185056, "n_estimators": 16.538307194054212}, "datetime": {"datetime": "2021-09-17 12:16:14", "elapsed": 25.379011, "delta": 0.522447}}
{"target": -2.5272727633777414, "params": {"eta": 0.3185330624788258, "max_depth": 6.377125499597193, "n_estimators": 14.255742090140629}, "datetime": {"datetime": "2021-09-17 12:16:14", "elapsed": 25.809012, "delta": 0.430001}}
