{"target": -10.368513197177672, "params": {"eta": 0.09491421559819897, "max_depth": 8.662132300042694, "n_estimators": 63.65746116349719}, "datetime": {"datetime": "2021-09-27 20:08:33", "elapsed": 269.756815, "delta": 1.512218}}
{"target": -10.520670692431182, "params": {"eta": 0.050078632156050115, "max_depth": 17.84085597855438, "n_estimators": 85.60497098427928}, "datetime": {"datetime": "2021-09-27 20:08:34", "elapsed": 271.265668, "delta": 1.508853}}
{"target": -11.346124413492838, "params": {"eta": 0.18156073029687692, "max_depth": 23.22034884072937, "n_estimators": 69.87620561502442}, "datetime": {"datetime": "2021-09-27 20:08:36", "elapsed": 272.726666, "delta": 1.460998}}
{"target": -11.172376017721032, "params": {"eta": 0.22729143554983827, "max_depth": 16.67881941042068, "n_estimators": 93.8185221842345}, "datetime": {"datetime": "2021-09-27 20:08:37", "elapsed": 274.119856, "delta": 1.39319}}
{"target": -11.278702801030509, "params": {"eta": 0.2681066716200112, "max_depth": 9.301455592063654, "n_estimators": 114.08437660748129}, "datetime": {"datetime": "2021-09-27 20:08:39", "elapsed": 275.41902, "delta": 1.299164}}
{"target": -11.569017821788078, "params": {"eta": 0.2790079864574279, "max_depth": 8.835660618588474, "n_estimators": 64.05952591336964}, "datetime": {"datetime": "2021-09-27 20:08:40", "elapsed": 277.03597, "delta": 1.61695}}
{"target": -14.439346082175819, "params": {"eta": 0.10099399015277759, "max_depth": 1.164497791944414, "n_estimators": 126.26123123957302}, "datetime": {"datetime": "2021-09-27 20:08:41", "elapsed": 278.159971, "delta": 1.124001}}
{"target": -10.935205529513475, "params": {"eta": 0.18690633097767173, "max_depth": 32.13815220492145, "n_estimators": 137.894906329285}, "datetime": {"datetime": "2021-09-27 20:08:43", "elapsed": 279.884405, "delta": 1.724434}}
{"target": -10.542606867412633, "params": {"eta": 0.07469588633467232, "max_depth": 15.766654439735781, "n_estimators": 143.68934069365017}, "datetime": {"datetime": "2021-09-27 20:08:45", "elapsed": 282.267981, "delta": 2.383576}}
{"target": -10.403338074569243, "params": {"eta": 0.1758652232709575, "max_depth": 8.466149138148525, "n_estimators": 64.0085351968968}, "datetime": {"datetime": "2021-09-27 20:08:47", "elapsed": 284.113455, "delta": 1.845474}}
{"target": -11.20011526056683, "params": {"eta": 0.25505738513076665, "max_depth": 25.63096551755973, "n_estimators": 78.78920734702183}, "datetime": {"datetime": "2021-09-27 20:08:49", "elapsed": 285.438458, "delta": 1.325003}}
{"target": -10.491120916638023, "params": {"eta": 0.05904993282547942, "max_depth": 10.037123979310776, "n_estimators": 78.2750389647714}, "datetime": {"datetime": "2021-09-27 20:08:51", "elapsed": 287.449622, "delta": 2.011164}}
{"target": -10.571924796576033, "params": {"eta": 0.14664355176916316, "max_depth": 34.61514845847049, "n_estimators": 129.28198286758112}, "datetime": {"datetime": "2021-09-27 20:08:53", "elapsed": 290.096889, "delta": 2.647267}}
{"target": -10.938156811700276, "params": {"eta": 0.12444215844898916, "max_depth": 26.577644702412563, "n_estimators": 76.33577641517735}, "datetime": {"datetime": "2021-09-27 20:08:55", "elapsed": 292.032944, "delta": 1.936055}}
{"target": -10.292911352657104, "params": {"eta": 0.056288153475428856, "max_depth": 26.079408647095498, "n_estimators": 76.68325221626226}, "datetime": {"datetime": "2021-09-27 20:08:57", "elapsed": 293.931094, "delta": 1.89815}}
{"target": -10.801185611525781, "params": {"eta": 0.19841549082793575, "max_depth": 13.606259147907306, "n_estimators": 143.76917340105248}, "datetime": {"datetime": "2021-09-27 20:08:59", "elapsed": 295.8749, "delta": 1.943806}}
{"target": -10.217689474529589, "params": {"eta": 0.13780858100240695, "max_depth": 21.505803351954075, "n_estimators": 55.57623493377919}, "datetime": {"datetime": "2021-09-27 20:09:01", "elapsed": 297.878902, "delta": 2.004002}}
{"target": -10.650795428684352, "params": {"eta": 0.2956540223678657, "max_depth": 11.576700498124403, "n_estimators": 122.35988007396011}, "datetime": {"datetime": "2021-09-27 20:09:03", "elapsed": 300.359679, "delta": 2.480777}}
{"target": -11.380871834275885, "params": {"eta": 0.22544895563371709, "max_depth": 25.79496954872306, "n_estimators": 76.57190236235257}, "datetime": {"datetime": "2021-09-27 20:09:05", "elapsed": 301.936533, "delta": 1.576854}}
{"target": -10.819065134713176, "params": {"eta": 0.23324222779649179, "max_depth": 28.252675227719312, "n_estimators": 140.64105429162072}, "datetime": {"datetime": "2021-09-27 20:09:06", "elapsed": 303.30395, "delta": 1.367417}}
{"target": -11.168362609855423, "params": {"eta": 0.23049446485170155, "max_depth": 13.347699693319292, "n_estimators": 74.71462938552554}, "datetime": {"datetime": "2021-09-27 20:09:08", "elapsed": 304.528951, "delta": 1.225001}}
{"target": -10.760870098089722, "params": {"eta": 0.10069223204367787, "max_depth": 16.725644567193967, "n_estimators": 106.2546709411746}, "datetime": {"datetime": "2021-09-27 20:09:09", "elapsed": 306.077374, "delta": 1.548423}}
{"target": -11.694434049233418, "params": {"eta": 0.27109066234739043, "max_depth": 26.3467474128799, "n_estimators": 76.9543619877946}, "datetime": {"datetime": "2021-09-27 20:09:11", "elapsed": 307.722018, "delta": 1.644644}}
{"target": -10.778253681735467, "params": {"eta": 0.08630551961798559, "max_depth": 27.87958314050717, "n_estimators": 85.07730452657324}, "datetime": {"datetime": "2021-09-27 20:09:12", "elapsed": 309.233325, "delta": 1.511307}}
{"target": -10.977758074183605, "params": {"eta": 0.23874522448024083, "max_depth": 21.822378136216237, "n_estimators": 55.3495471122911}, "datetime": {"datetime": "2021-09-27 20:09:14", "elapsed": 311.098144, "delta": 1.864819}}
{"target": -10.620424426434608, "params": {"eta": 0.1337397597281203, "max_depth": 27.12472192360302, "n_estimators": 92.69126547909583}, "datetime": {"datetime": "2021-09-27 20:09:17", "elapsed": 314.070221, "delta": 2.972077}}
{"target": -11.100678259936606, "params": {"eta": 0.18032092351580414, "max_depth": 21.55983992486211, "n_estimators": 55.594936646233336}, "datetime": {"datetime": "2021-09-27 20:09:19", "elapsed": 315.456223, "delta": 1.386002}}
{"target": -10.59570363840884, "params": {"eta": 0.11575991686418456, "max_depth": 21.238983592131483, "n_estimators": 55.45138273635914}, "datetime": {"datetime": "2021-09-27 20:09:20", "elapsed": 317.269721, "delta": 1.813498}}
{"target": -11.261987440764228, "params": {"eta": 0.22805835264775814, "max_depth": 21.351991627732286, "n_estimators": 55.6370418964393}, "datetime": {"datetime": "2021-09-27 20:09:23", "elapsed": 319.396875, "delta": 2.127154}}
{"target": -10.74698717401283, "params": {"eta": 0.19950911326635906, "max_depth": 15.130223048426961, "n_estimators": 109.14959026726197}, "datetime": {"datetime": "2021-09-27 20:09:24", "elapsed": 321.169498, "delta": 1.772623}}
{"target": -10.55064273398071, "params": {"eta": 0.16103782194858962, "max_depth": 8.899210854349962, "n_estimators": 61.504670567507745}, "datetime": {"datetime": "2021-09-27 20:09:26", "elapsed": 322.94987, "delta": 1.780372}}
{"target": -11.260621990130257, "params": {"eta": 0.24734425299026902, "max_depth": 9.778293290441141, "n_estimators": 77.65051308095201}, "datetime": {"datetime": "2021-09-27 20:09:28", "elapsed": 324.716002, "delta": 1.766132}}
{"target": -10.833157972305447, "params": {"eta": 0.25699994768205275, "max_depth": 6.896242981647821, "n_estimators": 103.86694000688505}, "datetime": {"datetime": "2021-09-27 20:09:29", "elapsed": 326.241011, "delta": 1.525009}}
{"target": -11.220810657302323, "params": {"eta": 0.24720286445935813, "max_depth": 14.494138786843449, "n_estimators": 129.2796700567952}, "datetime": {"datetime": "2021-09-27 20:09:31", "elapsed": 327.893011, "delta": 1.652}}
{"target": -10.089404203649615, "params": {"eta": 0.16319237577695073, "max_depth": 17.225461088964185, "n_estimators": 90.55493709733832}, "datetime": {"datetime": "2021-09-27 20:09:33", "elapsed": 329.861829, "delta": 1.968818}}
{"target": -10.42045219288418, "params": {"eta": 0.09770498123477649, "max_depth": 21.541151019453537, "n_estimators": 55.43445880003688}, "datetime": {"datetime": "2021-09-27 20:09:35", "elapsed": 331.902167, "delta": 2.040338}}
{"target": -11.612263049990213, "params": {"eta": 0.2487854872770689, "max_depth": 34.63931329946399, "n_estimators": 129.5543661011118}, "datetime": {"datetime": "2021-09-27 20:09:37", "elapsed": 334.270965, "delta": 2.368798}}
{"target": -10.646885677467747, "params": {"eta": 0.08992747151336582, "max_depth": 28.3483028442415, "n_estimators": 69.8089031217695}, "datetime": {"datetime": "2021-09-27 20:09:40", "elapsed": 336.929323, "delta": 2.658358}}
{"target": -10.465668284471388, "params": {"eta": 0.12545600972555387, "max_depth": 6.070623316810595, "n_estimators": 115.25159789026915}, "datetime": {"datetime": "2021-09-27 20:09:42", "elapsed": 339.1104, "delta": 2.181077}}
{"target": -10.752438176076478, "params": {"eta": 0.28060349130787954, "max_depth": 26.848571307154117, "n_estimators": 81.12439490338444}, "datetime": {"datetime": "2021-09-27 20:09:44", "elapsed": 340.993381, "delta": 1.882981}}
{"target": -10.806346939036581, "params": {"eta": 0.1856383057060399, "max_depth": 28.27654276351893, "n_estimators": 140.64009524179002}, "datetime": {"datetime": "2021-09-27 20:09:46", "elapsed": 342.763044, "delta": 1.769663}}
{"target": -11.25172977809552, "params": {"eta": 0.2673639550428316, "max_depth": 29.890778361170312, "n_estimators": 96.54469263546467}, "datetime": {"datetime": "2021-09-27 20:09:47", "elapsed": 344.334266, "delta": 1.571222}}
{"target": -11.365447930835684, "params": {"eta": 0.21585643526068515, "max_depth": 27.81130143902896, "n_estimators": 104.1288972122797}, "datetime": {"datetime": "2021-09-27 20:09:50", "elapsed": 346.892752, "delta": 2.558486}}
{"target": -11.313038993105932, "params": {"eta": 0.24780746158767336, "max_depth": 24.778914627372405, "n_estimators": 110.0944313833337}, "datetime": {"datetime": "2021-09-27 20:09:52", "elapsed": 348.897594, "delta": 2.004842}}
{"target": -10.885794311572704, "params": {"eta": 0.18006150087986222, "max_depth": 33.552382117903576, "n_estimators": 88.13809588069378}, "datetime": {"datetime": "2021-09-27 20:09:54", "elapsed": 351.108521, "delta": 2.210927}}
{"target": -10.962783775243064, "params": {"eta": 0.10202161952076068, "max_depth": 34.76638471483214, "n_estimators": 130.0219603630537}, "datetime": {"datetime": "2021-09-27 20:09:56", "elapsed": 353.201943, "delta": 2.093422}}
{"target": -10.40605190534666, "params": {"eta": 0.12624152683021467, "max_depth": 9.749154300625301, "n_estimators": 78.02293071704017}, "datetime": {"datetime": "2021-09-27 20:09:59", "elapsed": 355.364409, "delta": 2.162466}}
{"target": -11.45419128747807, "params": {"eta": 0.29703642789773493, "max_depth": 32.17920552371291, "n_estimators": 146.81276732382852}, "datetime": {"datetime": "2021-09-27 20:10:00", "elapsed": 357.02567, "delta": 1.661261}}
{"target": -10.404963124905253, "params": {"eta": 0.05932834368938579, "max_depth": 27.196492509858114, "n_estimators": 93.16855813150309}, "datetime": {"datetime": "2021-09-27 20:10:02", "elapsed": 359.126862, "delta": 2.101192}}
{"target": -10.595956487864958, "params": {"eta": 0.14520195498648597, "max_depth": 7.056903664245505, "n_estimators": 103.7762400039837}, "datetime": {"datetime": "2021-09-27 20:10:04", "elapsed": 360.524033, "delta": 1.397171}}
{"target": -11.252494368968216, "params": {"eta": 0.2376176373732733, "max_depth": 33.77161275044719, "n_estimators": 78.5229359045768}, "datetime": {"datetime": "2021-09-27 20:10:05", "elapsed": 362.15929, "delta": 1.635257}}
{"target": -11.026033412144727, "params": {"eta": 0.16675180390241612, "max_depth": 17.08334159472208, "n_estimators": 90.61180251241153}, "datetime": {"datetime": "2021-09-27 20:10:07", "elapsed": 364.355285, "delta": 2.195995}}
{"target": -10.46475910593484, "params": {"eta": 0.21318738267856746, "max_depth": 10.001651817840935, "n_estimators": 77.540046252239}, "datetime": {"datetime": "2021-09-27 20:10:10", "elapsed": 366.62734, "delta": 2.272055}}
{"target": -10.2542513459372, "params": {"eta": 0.08253164708365625, "max_depth": 21.437402687247094, "n_estimators": 55.796230054255204}, "datetime": {"datetime": "2021-09-27 20:10:12", "elapsed": 368.514323, "delta": 1.886983}}
{"target": -10.535525639981724, "params": {"eta": 0.087445935277263, "max_depth": 34.605973404443574, "n_estimators": 67.04248847586616}, "datetime": {"datetime": "2021-09-27 20:10:13", "elapsed": 370.119302, "delta": 1.604979}}
{"target": -10.936114206087915, "params": {"eta": 0.05963499524817205, "max_depth": 9.929076908066321, "n_estimators": 77.66929471296713}, "datetime": {"datetime": "2021-09-27 20:10:16", "elapsed": 372.522819, "delta": 2.403517}}
{"target": -11.269491083249832, "params": {"eta": 0.05370009240065153, "max_depth": 8.539589270771163, "n_estimators": 55.10585120153442}, "datetime": {"datetime": "2021-09-27 20:10:17", "elapsed": 373.917464, "delta": 1.394645}}
{"target": -10.85815703840964, "params": {"eta": 0.23313993286250628, "max_depth": 27.746006144064758, "n_estimators": 145.307835333063}, "datetime": {"datetime": "2021-09-27 20:10:19", "elapsed": 375.475129, "delta": 1.557665}}
{"target": -10.277514902198119, "params": {"eta": 0.14672848833259794, "max_depth": 7.335658804114972, "n_estimators": 55.36275643982107}, "datetime": {"datetime": "2021-09-27 20:10:20", "elapsed": 376.567126, "delta": 1.091997}}
{"target": -11.655353656334418, "params": {"eta": 0.2734413928515024, "max_depth": 20.33993326282783, "n_estimators": 131.90506123148424}, "datetime": {"datetime": "2021-09-27 20:10:21", "elapsed": 378.06013, "delta": 1.493004}}
{"target": -10.208333624415966, "params": {"eta": 0.09855982059196401, "max_depth": 7.141504817525613, "n_estimators": 103.98894437014442}, "datetime": {"datetime": "2021-09-27 20:10:23", "elapsed": 379.800763, "delta": 1.740633}}
{"target": -11.366147215867258, "params": {"eta": 0.22692174578106117, "max_depth": 27.044048286753906, "n_estimators": 93.00476732026303}, "datetime": {"datetime": "2021-09-27 20:10:25", "elapsed": 382.014475, "delta": 2.213712}}
{"target": -10.865208944203605, "params": {"eta": 0.11930131383361729, "max_depth": 9.784966425667779, "n_estimators": 77.82545353325877}, "datetime": {"datetime": "2021-09-27 20:10:27", "elapsed": 383.441473, "delta": 1.426998}}
{"target": -10.342651867865971, "params": {"eta": 0.15817638480620738, "max_depth": 17.46321123214149, "n_estimators": 90.81789303996688}, "datetime": {"datetime": "2021-09-27 20:10:29", "elapsed": 385.690168, "delta": 2.248695}}
{"target": -10.316360909529228, "params": {"eta": 0.20365068077488319, "max_depth": 4.141179170178798, "n_estimators": 114.51812080726597}, "datetime": {"datetime": "2021-09-27 20:10:30", "elapsed": 387.030372, "delta": 1.340204}}
{"target": -10.33345622273541, "params": {"eta": 0.1363280651413019, "max_depth": 27.87996796161217, "n_estimators": 102.70020395048655}, "datetime": {"datetime": "2021-09-27 20:10:33", "elapsed": 390.092149, "delta": 3.061777}}
{"target": -10.983617994844836, "params": {"eta": 0.2900851296937173, "max_depth": 24.828020843216667, "n_estimators": 141.07141546991556}, "datetime": {"datetime": "2021-09-27 20:10:36", "elapsed": 392.374753, "delta": 2.282604}}
{"target": -10.333316075997267, "params": {"eta": 0.16770742669907346, "max_depth": 4.918158417418725, "n_estimators": 135.6850432997888}, "datetime": {"datetime": "2021-09-27 20:10:37", "elapsed": 393.801753, "delta": 1.427}}
{"target": -10.00507466396968, "params": {"eta": 0.07366891669204136, "max_depth": 7.3643107649542365, "n_estimators": 104.38773630381104}, "datetime": {"datetime": "2021-09-27 20:10:38", "elapsed": 395.218754, "delta": 1.417001}}
{"target": -10.183505687372934, "params": {"eta": 0.09654919389545887, "max_depth": 7.447595302411806, "n_estimators": 104.42957694658455}, "datetime": {"datetime": "2021-09-27 20:10:41", "elapsed": 398.172762, "delta": 2.954008}}
{"target": -10.439384176564976, "params": {"eta": 0.052927952486712074, "max_depth": 17.21482467813159, "n_estimators": 90.75059295164303}, "datetime": {"datetime": "2021-09-27 20:10:43", "elapsed": 400.234764, "delta": 2.062002}}
{"target": -11.030075630679743, "params": {"eta": 0.2872178983254797, "max_depth": 14.749176836230776, "n_estimators": 132.8907900841807}, "datetime": {"datetime": "2021-09-27 20:10:45", "elapsed": 402.087395, "delta": 1.852631}}
{"target": -10.599984418904599, "params": {"eta": 0.09128008129252486, "max_depth": 13.558614426517234, "n_estimators": 135.40810486048926}, "datetime": {"datetime": "2021-09-27 20:10:47", "elapsed": 404.048531, "delta": 1.961136}}
{"target": -10.253905734743737, "params": {"eta": 0.07913100284181222, "max_depth": 7.343788314047037, "n_estimators": 103.78436994995575}, "datetime": {"datetime": "2021-09-27 20:10:50", "elapsed": 406.384092, "delta": 2.335561}}
{"target": -11.048956260414489, "params": {"eta": 0.16414283347165737, "max_depth": 7.332115679882725, "n_estimators": 103.99506259230138}, "datetime": {"datetime": "2021-09-27 20:10:51", "elapsed": 408.343713, "delta": 1.959621}}
{"target": -10.393736929814413, "params": {"eta": 0.08806534211687049, "max_depth": 17.40188628820291, "n_estimators": 90.55911039905845}, "datetime": {"datetime": "2021-09-27 20:10:54", "elapsed": 411.21842, "delta": 2.874707}}
{"target": -10.382829311816305, "params": {"eta": 0.08029520678415071, "max_depth": 34.95197386426264, "n_estimators": 129.47818635457747}, "datetime": {"datetime": "2021-09-27 20:10:58", "elapsed": 414.512137, "delta": 3.293717}}
{"target": -12.533360669674925, "params": {"eta": 0.10612044470210354, "max_depth": 2.196923264026838, "n_estimators": 135.07851055334538}, "datetime": {"datetime": "2021-09-27 20:10:59", "elapsed": 415.803727, "delta": 1.29159}}
{"target": -10.92560138334221, "params": {"eta": 0.28276501995365905, "max_depth": 32.73929231353705, "n_estimators": 81.57718800702153}, "datetime": {"datetime": "2021-09-27 20:11:00", "elapsed": 417.279731, "delta": 1.476004}}
{"target": -10.403596498535634, "params": {"eta": 0.2071682963031734, "max_depth": 7.015293868770655, "n_estimators": 103.97980236402542}, "datetime": {"datetime": "2021-09-27 20:11:03", "elapsed": 420.318843, "delta": 3.039112}}
{"target": -10.599294068799896, "params": {"eta": 0.13241643720045498, "max_depth": 4.660786653507215, "n_estimators": 118.88431716263045}, "datetime": {"datetime": "2021-09-27 20:11:05", "elapsed": 421.581839, "delta": 1.262996}}
{"target": -10.744958533277297, "params": {"eta": 0.10212794423764625, "max_depth": 32.50058189880788, "n_estimators": 123.3821862508557}, "datetime": {"datetime": "2021-09-27 20:11:08", "elapsed": 424.744429, "delta": 3.16259}}
{"target": -10.492999090564462, "params": {"eta": 0.14286229474238538, "max_depth": 19.079285058122203, "n_estimators": 61.31847079204634}, "datetime": {"datetime": "2021-09-27 20:11:10", "elapsed": 426.414278, "delta": 1.669849}}
{"target": -11.147818211377517, "params": {"eta": 0.23302494990668404, "max_depth": 12.551569336505414, "n_estimators": 50.70246277988546}, "datetime": {"datetime": "2021-09-27 20:11:11", "elapsed": 427.644279, "delta": 1.230001}}
{"target": -10.604767461958616, "params": {"eta": 0.09599098850236569, "max_depth": 26.262548498618813, "n_estimators": 76.48414951554736}, "datetime": {"datetime": "2021-09-27 20:11:14", "elapsed": 430.824213, "delta": 3.179934}}
{"target": -10.87390826738795, "params": {"eta": 0.16920201642856642, "max_depth": 20.820227082060153, "n_estimators": 69.2695144021103}, "datetime": {"datetime": "2021-09-27 20:11:16", "elapsed": 432.899145, "delta": 2.074932}}
{"target": -10.862371509096418, "params": {"eta": 0.28288129033475146, "max_depth": 14.829854690224177, "n_estimators": 134.66486221959806}, "datetime": {"datetime": "2021-09-27 20:11:17", "elapsed": 434.302272, "delta": 1.403127}}
{"target": -11.09381713863469, "params": {"eta": 0.22351088823866622, "max_depth": 32.081339247292746, "n_estimators": 137.05852428342249}, "datetime": {"datetime": "2021-09-27 20:11:20", "elapsed": 436.415584, "delta": 2.113312}}
{"target": -10.285873222677404, "params": {"eta": 0.09399236057502329, "max_depth": 9.959925759251622, "n_estimators": 78.15243650977516}, "datetime": {"datetime": "2021-09-27 20:11:22", "elapsed": 438.810789, "delta": 2.395205}}
{"target": -10.249621578303865, "params": {"eta": 0.17529305394378863, "max_depth": 17.755425921886722, "n_estimators": 141.1179280557408}, "datetime": {"datetime": "2021-09-27 20:11:24", "elapsed": 440.539632, "delta": 1.728843}}
{"target": -11.210464921828288, "params": {"eta": 0.2367228300600932, "max_depth": 27.499376025480235, "n_estimators": 79.13984361389268}, "datetime": {"datetime": "2021-09-27 20:11:25", "elapsed": 442.140634, "delta": 1.601002}}
{"target": -10.795525457696897, "params": {"eta": 0.13859600999549604, "max_depth": 34.954845779795235, "n_estimators": 129.59976746102222}, "datetime": {"datetime": "2021-09-27 20:11:28", "elapsed": 445.069368, "delta": 2.928734}}
{"target": -11.433661501391553, "params": {"eta": 0.26135442057577685, "max_depth": 9.81695353919882, "n_estimators": 78.20059096569015}, "datetime": {"datetime": "2021-09-27 20:11:31", "elapsed": 447.764089, "delta": 2.694721}}
{"target": -11.728047456189753, "params": {"eta": 0.27104346324536766, "max_depth": 25.168229338541042, "n_estimators": 59.619103301307504}, "datetime": {"datetime": "2021-09-27 20:11:33", "elapsed": 449.50635, "delta": 1.742261}}
{"target": -10.508324263513975, "params": {"eta": 0.11712032828992229, "max_depth": 28.046180200918386, "n_estimators": 102.88128480867508}, "datetime": {"datetime": "2021-09-27 20:11:36", "elapsed": 452.689804, "delta": 3.183454}}
