{"target": -12.300283334629142, "params": {"eta": 0.2449119997382162, "max_depth": 10.597715507258224, "n_estimators": 129.70318869921664}, "datetime": {"datetime": "2021-09-27 19:20:57", "elapsed": 528.945719, "delta": 2.285621}}
{"target": -10.867913235192017, "params": {"eta": 0.1360880088936497, "max_depth": 7.994636884821452, "n_estimators": 159.81900021353516}, "datetime": {"datetime": "2021-09-27 19:21:01", "elapsed": 532.576424, "delta": 3.630705}}
{"target": -11.496923149091751, "params": {"eta": 0.05001944950985432, "max_depth": 7.092845833754448, "n_estimators": 115.87258773500835}, "datetime": {"datetime": "2021-09-27 19:21:05", "elapsed": 536.402391, "delta": 3.825967}}
{"target": -12.085238477959855, "params": {"eta": 0.2844550558519822, "max_depth": 8.095332085614285, "n_estimators": 159.95371257414484}, "datetime": {"datetime": "2021-09-27 19:21:10", "elapsed": 541.716402, "delta": 5.314011}}
{"target": -11.275517673594777, "params": {"eta": 0.12940268593782195, "max_depth": 7.195049666285554, "n_estimators": 178.07081448609335}, "datetime": {"datetime": "2021-09-27 19:21:13", "elapsed": 544.075842, "delta": 2.35944}}
{"target": -11.06519186908477, "params": {"eta": 0.07902473354963459, "max_depth": 6.141314753617426, "n_estimators": 194.3460936014042}, "datetime": {"datetime": "2021-09-27 19:21:17", "elapsed": 548.98907, "delta": 4.913228}}
{"target": -11.374789347199847, "params": {"eta": 0.05, "max_depth": 5.875628188241885, "n_estimators": 189.3506108550183}, "datetime": {"datetime": "2021-09-27 19:21:22", "elapsed": 553.042696, "delta": 4.053626}}
{"target": -11.258260023262604, "params": {"eta": 0.183357064799537, "max_depth": 3.474681572222698, "n_estimators": 198.3877556001646}, "datetime": {"datetime": "2021-09-27 19:21:24", "elapsed": 555.469419, "delta": 2.426723}}
{"target": -12.12236190056775, "params": {"eta": 0.2903006371697556, "max_depth": 3.657269208276322, "n_estimators": 101.06838024758189}, "datetime": {"datetime": "2021-09-27 19:21:26", "elapsed": 557.6799, "delta": 2.210481}}
{"target": -11.161545352106694, "params": {"eta": 0.05285397230528874, "max_depth": 6.572215129646193, "n_estimators": 164.2710118829711}, "datetime": {"datetime": "2021-09-27 19:21:29", "elapsed": 560.181903, "delta": 2.502003}}
{"target": -11.393279451625437, "params": {"eta": 0.22584382604503134, "max_depth": 3.2888637360831554, "n_estimators": 176.4625898773864}, "datetime": {"datetime": "2021-09-27 19:21:31", "elapsed": 562.169085, "delta": 1.987182}}
{"target": -12.582858949624045, "params": {"eta": 0.3281993529023378, "max_depth": 2.264632265658611, "n_estimators": 171.20243782480924}, "datetime": {"datetime": "2021-09-27 19:21:33", "elapsed": 564.324087, "delta": 2.155002}}
{"target": -12.124502072487854, "params": {"eta": 0.17077114383752018, "max_depth": 10.34564696370094, "n_estimators": 129.1631499062341}, "datetime": {"datetime": "2021-09-27 19:21:36", "elapsed": 567.234902, "delta": 2.910815}}
{"target": -11.701565613686823, "params": {"eta": 0.2197709860551001, "max_depth": 5.673139852123292, "n_estimators": 143.97175795718888}, "datetime": {"datetime": "2021-09-27 19:21:41", "elapsed": 572.330973, "delta": 5.096071}}
{"target": -11.48606216374321, "params": {"eta": 0.07731927921699744, "max_depth": 4.681572999185011, "n_estimators": 114.70372046838385}, "datetime": {"datetime": "2021-09-27 19:21:45", "elapsed": 576.326453, "delta": 3.99548}}
{"target": -11.52719173025175, "params": {"eta": 0.05, "max_depth": 7.921215409305788, "n_estimators": 159.79595972920708}, "datetime": {"datetime": "2021-09-27 19:21:49", "elapsed": 580.199554, "delta": 3.873101}}
{"target": -11.479591715039687, "params": {"eta": 0.21600349741507457, "max_depth": 5.018650348610424, "n_estimators": 174.0418698221535}, "datetime": {"datetime": "2021-09-27 19:21:51", "elapsed": 582.665129, "delta": 2.465575}}
{"target": -11.984664603091348, "params": {"eta": 0.15840737666943436, "max_depth": 10.751357185777449, "n_estimators": 127.10301986957492}, "datetime": {"datetime": "2021-09-27 19:21:54", "elapsed": 585.191698, "delta": 2.526569}}
{"target": -11.371079368045415, "params": {"eta": 0.05150133330014947, "max_depth": 6.611471991121679, "n_estimators": 109.27159101763779}, "datetime": {"datetime": "2021-09-27 19:21:58", "elapsed": 589.461253, "delta": 4.269555}}
{"target": -13.410445157562398, "params": {"eta": 0.49984831437857075, "max_depth": 6.2494120427042334, "n_estimators": 165.47325059541362}, "datetime": {"datetime": "2021-09-27 19:22:00", "elapsed": 591.865947, "delta": 2.404694}}
{"target": -12.60015894938482, "params": {"eta": 0.4746999136458228, "max_depth": 7.037259738546834, "n_estimators": 187.44728896536657}, "datetime": {"datetime": "2021-09-27 19:22:03", "elapsed": 594.3679, "delta": 2.501953}}
{"target": -12.155134437886765, "params": {"eta": 0.2410122718730655, "max_depth": 6.902626145513956, "n_estimators": 115.9402098329964}, "datetime": {"datetime": "2021-09-27 19:22:07", "elapsed": 598.494352, "delta": 4.126452}}
{"target": -12.194586754211754, "params": {"eta": 0.45322492583049084, "max_depth": 4.373496554365589, "n_estimators": 121.37897978592316}, "datetime": {"datetime": "2021-09-27 19:22:10", "elapsed": 601.194105, "delta": 2.699753}}
{"target": -11.668507352321074, "params": {"eta": 0.12246507998901658, "max_depth": 6.467654826567324, "n_estimators": 164.19324392569052}, "datetime": {"datetime": "2021-09-27 19:22:14", "elapsed": 605.70589, "delta": 4.511785}}
{"target": -11.448699926329061, "params": {"eta": 0.12234070077439127, "max_depth": 6.565458706524072, "n_estimators": 109.44496443435305}, "datetime": {"datetime": "2021-09-27 19:22:19", "elapsed": 610.367773, "delta": 4.661883}}
{"target": -11.45523454041746, "params": {"eta": 0.0527231890675134, "max_depth": 6.91471642109255, "n_estimators": 115.68020828702574}, "datetime": {"datetime": "2021-09-27 19:22:23", "elapsed": 614.296333, "delta": 3.92856}}
{"target": -11.47885826831132, "params": {"eta": 0.06140766918337206, "max_depth": 9.589163330174646, "n_estimators": 168.07159708591286}, "datetime": {"datetime": "2021-09-27 19:22:29", "elapsed": 620.439408, "delta": 6.143075}}
{"target": -13.571624607152847, "params": {"eta": 0.48399872069743455, "max_depth": 5.92527438730751, "n_estimators": 129.38324037692425}, "datetime": {"datetime": "2021-09-27 19:22:31", "elapsed": 622.892465, "delta": 2.453057}}
{"target": -11.85602000527818, "params": {"eta": 0.17384928688762746, "max_depth": 11.750489442159758, "n_estimators": 105.86121580985885}, "datetime": {"datetime": "2021-09-27 19:22:34", "elapsed": 625.508485, "delta": 2.61602}}
{"target": -11.725366074852845, "params": {"eta": 0.2124845307467665, "max_depth": 7.057741343876396, "n_estimators": 115.57660325096752}, "datetime": {"datetime": "2021-09-27 19:22:39", "elapsed": 630.131613, "delta": 4.623128}}
{"target": -11.415136362538037, "params": {"eta": 0.31030265199007107, "max_depth": 7.55205031895577, "n_estimators": 177.7211476870133}, "datetime": {"datetime": "2021-09-27 19:22:41", "elapsed": 632.74059, "delta": 2.608977}}
{"target": -11.365244390024031, "params": {"eta": 0.19361116388761201, "max_depth": 5.322806999441291, "n_estimators": 151.95547199918911}, "datetime": {"datetime": "2021-09-27 19:22:45", "elapsed": 636.781177, "delta": 4.040587}}
{"target": -11.994374228009189, "params": {"eta": 0.33093694400122303, "max_depth": 9.895698439807587, "n_estimators": 139.33427496048557}, "datetime": {"datetime": "2021-09-27 19:22:48", "elapsed": 639.037351, "delta": 2.256174}}
{"target": -11.474270433235807, "params": {"eta": 0.19683348117454869, "max_depth": 5.885453875317939, "n_estimators": 188.97418260884515}, "datetime": {"datetime": "2021-09-27 19:22:52", "elapsed": 643.140094, "delta": 4.102743}}
{"target": -11.080644765517011, "params": {"eta": 0.17337789684238902, "max_depth": 5.521350684956145, "n_estimators": 119.49187997542253}, "datetime": {"datetime": "2021-09-27 19:22:55", "elapsed": 646.066328, "delta": 2.926234}}
{"target": -12.15809298326905, "params": {"eta": 0.3333343371458978, "max_depth": 8.204221748845654, "n_estimators": 176.6917301931121}, "datetime": {"datetime": "2021-09-27 19:22:57", "elapsed": 648.559445, "delta": 2.493117}}
{"target": -11.320336342070867, "params": {"eta": 0.13041322569797187, "max_depth": 7.068338138454144, "n_estimators": 115.74249105650533}, "datetime": {"datetime": "2021-09-27 19:23:02", "elapsed": 653.161229, "delta": 4.601784}}
{"target": -12.46498736010352, "params": {"eta": 0.4857143101061369, "max_depth": 7.949971091247521, "n_estimators": 164.42612805879287}, "datetime": {"datetime": "2021-09-27 19:23:04", "elapsed": 655.559409, "delta": 2.39818}}
{"target": -12.794359054250148, "params": {"eta": 0.4545559165819743, "max_depth": 7.7255723477404805, "n_estimators": 148.54965613195668}, "datetime": {"datetime": "2021-09-27 19:23:06", "elapsed": 657.917201, "delta": 2.357792}}
{"target": -11.678964896717039, "params": {"eta": 0.29056187098573283, "max_depth": 5.493377852096317, "n_estimators": 119.5562062288607}, "datetime": {"datetime": "2021-09-27 19:23:11", "elapsed": 662.947096, "delta": 5.029895}}
{"target": -11.95037916343768, "params": {"eta": 0.2146406697142309, "max_depth": 7.844981978418284, "n_estimators": 159.72038542742223}, "datetime": {"datetime": "2021-09-27 19:23:16", "elapsed": 667.196905, "delta": 4.249809}}
{"target": -12.031105960623838, "params": {"eta": 0.23969791943844782, "max_depth": 7.233336597929245, "n_estimators": 118.5445779241853}, "datetime": {"datetime": "2021-09-27 19:23:18", "elapsed": 669.893782, "delta": 2.696877}}
{"target": -11.372820126458464, "params": {"eta": 0.05, "max_depth": 8.256819625036531, "n_estimators": 142.22945078400843}, "datetime": {"datetime": "2021-09-27 19:23:23", "elapsed": 674.421809, "delta": 4.528027}}
{"target": -11.323307947650992, "params": {"eta": 0.18833011105724767, "max_depth": 5.6546375451377795, "n_estimators": 119.4181728791866}, "datetime": {"datetime": "2021-09-27 19:23:28", "elapsed": 679.668868, "delta": 5.247059}}
{"target": -11.13807550337835, "params": {"eta": 0.130068905733989, "max_depth": 4.17619701163559, "n_estimators": 172.028041078407}, "datetime": {"datetime": "2021-09-27 19:23:33", "elapsed": 684.177056, "delta": 4.508188}}
{"target": -11.975896880490366, "params": {"eta": 0.35235892167061783, "max_depth": 9.063182649003565, "n_estimators": 192.77786771377376}, "datetime": {"datetime": "2021-09-27 19:23:35", "elapsed": 686.506576, "delta": 2.32952}}
{"target": -11.696919859604774, "params": {"eta": 0.12457552864574958, "max_depth": 8.128898540573378, "n_estimators": 159.81602894674822}, "datetime": {"datetime": "2021-09-27 19:23:41", "elapsed": 692.507045, "delta": 6.000469}}
{"target": -13.78702813832779, "params": {"eta": 0.058626210018018134, "max_depth": 2.8675929010526326, "n_estimators": 121.42178658665021}, "datetime": {"datetime": "2021-09-27 19:23:43", "elapsed": 694.532219, "delta": 2.025174}}
{"target": -11.727379911041176, "params": {"eta": 0.2001830032762566, "max_depth": 10.059835553739562, "n_estimators": 184.73214834494803}, "datetime": {"datetime": "2021-09-27 19:23:46", "elapsed": 697.348095, "delta": 2.815876}}
{"target": -13.223411305167646, "params": {"eta": 0.09571172120846899, "max_depth": 2.6307765535340835, "n_estimators": 128.12801403264513}, "datetime": {"datetime": "2021-09-27 19:23:48", "elapsed": 699.657765, "delta": 2.30967}}
{"target": -10.831992406938875, "params": {"eta": 0.1336965562136426, "max_depth": 6.298644481747656, "n_estimators": 109.46629225263075}, "datetime": {"datetime": "2021-09-27 19:23:53", "elapsed": 704.274846, "delta": 4.617081}}
{"target": -11.715710769776914, "params": {"eta": 0.18120760095821126, "max_depth": 3.0880065699502905, "n_estimators": 142.9712014557096}, "datetime": {"datetime": "2021-09-27 19:23:55", "elapsed": 706.516261, "delta": 2.241415}}
{"target": -11.343955044478852, "params": {"eta": 0.061799728345584004, "max_depth": 5.588269344512016, "n_estimators": 119.48555549235554}, "datetime": {"datetime": "2021-09-27 19:24:00", "elapsed": 711.639008, "delta": 5.122747}}
{"target": -11.735512179733771, "params": {"eta": 0.29222654337044823, "max_depth": 7.297461419600316, "n_estimators": 133.48592115940133}, "datetime": {"datetime": "2021-09-27 19:24:04", "elapsed": 715.940457, "delta": 4.301449}}
{"target": -11.92124055111355, "params": {"eta": 0.23475791136209495, "max_depth": 11.629797808007556, "n_estimators": 161.24897325102725}, "datetime": {"datetime": "2021-09-27 19:24:07", "elapsed": 718.808096, "delta": 2.867639}}
{"target": -11.991351591598432, "params": {"eta": 0.20028016425935685, "max_depth": 7.538302608418886, "n_estimators": 129.29236199719526}, "datetime": {"datetime": "2021-09-27 19:24:10", "elapsed": 721.333126, "delta": 2.52503}}
{"target": -11.477699707301765, "params": {"eta": 0.05, "max_depth": 6.826027447986705, "n_estimators": 100.37295481759936}, "datetime": {"datetime": "2021-09-27 19:24:14", "elapsed": 725.429684, "delta": 4.096558}}
{"target": -10.881145990315638, "params": {"eta": 0.12095565831069788, "max_depth": 4.352210281381913, "n_estimators": 171.90887691011238}, "datetime": {"datetime": "2021-09-27 19:24:18", "elapsed": 729.960126, "delta": 4.530442}}
{"target": -11.209199157602916, "params": {"eta": 0.14890887649116757, "max_depth": 8.418422890179222, "n_estimators": 141.99804997757897}, "datetime": {"datetime": "2021-09-27 19:24:24", "elapsed": 735.268639, "delta": 5.308513}}
{"target": -11.318292839660572, "params": {"eta": 0.21902382833938427, "max_depth": 4.377457186114331, "n_estimators": 172.05715842627205}, "datetime": {"datetime": "2021-09-27 19:24:29", "elapsed": 740.566407, "delta": 5.297768}}
{"target": -11.731342280734705, "params": {"eta": 0.28387609778136963, "max_depth": 11.345180453518177, "n_estimators": 161.67721546103158}, "datetime": {"datetime": "2021-09-27 19:24:32", "elapsed": 743.440639, "delta": 2.874232}}
{"target": -11.887970123583106, "params": {"eta": 0.38940863941164366, "max_depth": 8.160758164987826, "n_estimators": 145.81349382049177}, "datetime": {"datetime": "2021-09-27 19:24:35", "elapsed": 746.843152, "delta": 3.402513}}
{"target": -11.192134018021568, "params": {"eta": 0.11214844158024995, "max_depth": 4.209477695124175, "n_estimators": 171.88477478679607}, "datetime": {"datetime": "2021-09-27 19:24:40", "elapsed": 751.185516, "delta": 4.342364}}
{"target": -12.329363188613964, "params": {"eta": 0.22096992880582716, "max_depth": 4.743327353993164, "n_estimators": 101.91849273826756}, "datetime": {"datetime": "2021-09-27 19:24:47", "elapsed": 758.393949, "delta": 7.208433}}
{"target": -11.217543132603899, "params": {"eta": 0.059969834680055685, "max_depth": 4.158418202960686, "n_estimators": 156.36144225848307}, "datetime": {"datetime": "2021-09-27 19:24:49", "elapsed": 760.868924, "delta": 2.474975}}
{"target": -12.03741217984747, "params": {"eta": 0.27635110106352134, "max_depth": 8.209659802394265, "n_estimators": 147.43285418849706}, "datetime": {"datetime": "2021-09-27 19:24:52", "elapsed": 763.721679, "delta": 2.852755}}
{"target": -11.706806236601878, "params": {"eta": 0.07325260963988578, "max_depth": 3.6758898108373907, "n_estimators": 148.59467663557925}, "datetime": {"datetime": "2021-09-27 19:24:55", "elapsed": 766.583674, "delta": 2.861995}}
{"target": -11.22553509367271, "params": {"eta": 0.052548209505150184, "max_depth": 6.327359588592015, "n_estimators": 109.48891855556522}, "datetime": {"datetime": "2021-09-27 19:25:00", "elapsed": 771.324192, "delta": 4.740518}}
{"target": -11.056706006552016, "params": {"eta": 0.1435090118303684, "max_depth": 5.486545777151414, "n_estimators": 119.35747814542847}, "datetime": {"datetime": "2021-09-27 19:25:06", "elapsed": 777.062844, "delta": 5.738652}}
{"target": -11.447007695518844, "params": {"eta": 0.08281409236183983, "max_depth": 4.534769663317763, "n_estimators": 102.14321391263852}, "datetime": {"datetime": "2021-09-27 19:25:11", "elapsed": 782.087241, "delta": 5.024397}}
{"target": -11.38982932774783, "params": {"eta": 0.15968516463252067, "max_depth": 4.331185900656921, "n_estimators": 171.77143242386717}, "datetime": {"datetime": "2021-09-27 19:25:16", "elapsed": 787.558792, "delta": 5.471551}}
{"target": -12.308603982901186, "params": {"eta": 0.29807453748690876, "max_depth": 3.1023963215961476, "n_estimators": 132.88745670185787}, "datetime": {"datetime": "2021-09-27 19:25:18", "elapsed": 789.935971, "delta": 2.377179}}
{"target": -11.488012046842194, "params": {"eta": 0.2998215553649502, "max_depth": 5.599398626335918, "n_estimators": 113.2954675139471}, "datetime": {"datetime": "2021-09-27 19:25:21", "elapsed": 792.824437, "delta": 2.888466}}
{"target": -11.552644100799425, "params": {"eta": 0.3570405603656277, "max_depth": 7.68977749224227, "n_estimators": 113.79222552848273}, "datetime": {"datetime": "2021-09-27 19:25:24", "elapsed": 795.351594, "delta": 2.527157}}
{"target": -11.526859394415007, "params": {"eta": 0.20549432260496164, "max_depth": 4.240948712897698, "n_estimators": 156.2668298996407}, "datetime": {"datetime": "2021-09-27 19:25:29", "elapsed": 800.874243, "delta": 5.522649}}
{"target": -11.811871464746844, "params": {"eta": 0.27948543403765286, "max_depth": 5.563631157703185, "n_estimators": 119.28793636312082}, "datetime": {"datetime": "2021-09-27 19:25:34", "elapsed": 805.763529, "delta": 4.889286}}
{"target": -10.917990887338084, "params": {"eta": 0.08301290295904523, "max_depth": 5.309749406141405, "n_estimators": 153.87671818618549}, "datetime": {"datetime": "2021-09-27 19:25:37", "elapsed": 808.654286, "delta": 2.890757}}
{"target": -12.091161654480976, "params": {"eta": 0.2722919384025395, "max_depth": 6.852284361097103, "n_estimators": 169.10439471983358}, "datetime": {"datetime": "2021-09-27 19:25:40", "elapsed": 811.217311, "delta": 2.563025}}
{"target": -11.330402447121166, "params": {"eta": 0.07548295498011341, "max_depth": 9.52657833122322, "n_estimators": 168.15410138852295}, "datetime": {"datetime": "2021-09-27 19:25:45", "elapsed": 816.643931, "delta": 5.42662}}
{"target": -12.099795002550554, "params": {"eta": 0.21999732445897596, "max_depth": 5.359292305356756, "n_estimators": 153.8167284054963}, "datetime": {"datetime": "2021-09-27 19:25:50", "elapsed": 821.537231, "delta": 4.8933}}
{"target": -12.274465387929164, "params": {"eta": 0.2404710204467151, "max_depth": 9.651113428726447, "n_estimators": 121.20422404960993}, "datetime": {"datetime": "2021-09-27 19:25:53", "elapsed": 824.419962, "delta": 2.882731}}
{"target": -11.787233754584154, "params": {"eta": 0.09035348023754396, "max_depth": 11.81002141932625, "n_estimators": 144.42527083324637}, "datetime": {"datetime": "2021-09-27 19:25:56", "elapsed": 828.009436, "delta": 3.589474}}
{"target": -12.409031735367723, "params": {"eta": 0.26428150004285067, "max_depth": 2.6222870941610514, "n_estimators": 115.84063227939998}, "datetime": {"datetime": "2021-09-27 19:26:00", "elapsed": 831.351448, "delta": 3.342012}}
{"target": -11.249839215766972, "params": {"eta": 0.056337876395306276, "max_depth": 9.686464439658387, "n_estimators": 168.2450097719893}, "datetime": {"datetime": "2021-09-27 19:26:06", "elapsed": 837.28904, "delta": 5.937592}}
{"target": -11.123531780308298, "params": {"eta": 0.10498725499615316, "max_depth": 3.081652856659411, "n_estimators": 167.12025304033773}, "datetime": {"datetime": "2021-09-27 19:26:08", "elapsed": 839.885734, "delta": 2.596694}}
{"target": -11.033968668094884, "params": {"eta": 0.06856065534574911, "max_depth": 6.854203018241651, "n_estimators": 114.68001484479846}, "datetime": {"datetime": "2021-09-27 19:26:11", "elapsed": 842.545687, "delta": 2.659953}}
{"target": -11.361173823286293, "params": {"eta": 0.12086929305022874, "max_depth": 3.5182674089064188, "n_estimators": 185.77551244787276}, "datetime": {"datetime": "2021-09-27 19:26:14", "elapsed": 845.486514, "delta": 2.940827}}
{"target": -13.451052379150449, "params": {"eta": 0.37082061424260254, "max_depth": 2.9395108228676365, "n_estimators": 146.011071152162}, "datetime": {"datetime": "2021-09-27 19:26:17", "elapsed": 848.041827, "delta": 2.555313}}
{"target": -12.278676086252597, "params": {"eta": 0.45783863268593716, "max_depth": 5.266238377674798, "n_estimators": 128.16017806655634}, "datetime": {"datetime": "2021-09-27 19:26:19", "elapsed": 850.887594, "delta": 2.845767}}
{"target": -13.305069117103685, "params": {"eta": 0.4980635877649994, "max_depth": 4.4211103611277265, "n_estimators": 176.04710840595686}, "datetime": {"datetime": "2021-09-27 19:26:22", "elapsed": 853.83226, "delta": 2.944666}}
{"target": -11.377991968803292, "params": {"eta": 0.19408372073367064, "max_depth": 4.100589636181459, "n_estimators": 170.2091490900198}, "datetime": {"datetime": "2021-09-27 19:26:25", "elapsed": 856.682792, "delta": 2.850532}}
{"target": -12.369567917206279, "params": {"eta": 0.47015704097987154, "max_depth": 6.476939588415067, "n_estimators": 107.1629754325899}, "datetime": {"datetime": "2021-09-27 19:26:28", "elapsed": 859.529538, "delta": 2.846746}}
{"target": -11.284809983163228, "params": {"eta": 0.4100603828230804, "max_depth": 8.13875546313238, "n_estimators": 196.0162030079743}, "datetime": {"datetime": "2021-09-27 19:26:31", "elapsed": 862.501133, "delta": 2.971595}}
{"target": -12.410755027258018, "params": {"eta": 0.2946761508507174, "max_depth": 4.228963244904042, "n_estimators": 171.90322961578187}, "datetime": {"datetime": "2021-09-27 19:26:35", "elapsed": 867.031627, "delta": 4.530494}}
{"target": -12.303309508129752, "params": {"eta": 0.3119881152998308, "max_depth": 4.347874733034219, "n_estimators": 158.41595669456905}, "datetime": {"datetime": "2021-09-27 19:26:39", "elapsed": 870.184435, "delta": 3.152808}}
