{"target": 0.704037595896807, "params": {"eta": 1.0, "max_depth": 16.084175997960415, "n_estimators": 23.59200528198365}, "datetime": {"datetime": "2021-09-21 10:03:22", "elapsed": 158.759259, "delta": 1.957078}}
{"target": 0.7852029515340204, "params": {"eta": 0.7163794474889117, "max_depth": 13.652370059416512, "n_estimators": 12.77523313255696}, "datetime": {"datetime": "2021-09-21 10:03:24", "elapsed": 160.511806, "delta": 1.752547}}
{"target": 0.8108934985956929, "params": {"eta": 0.09627428057362328, "max_depth": 10.346905767437281, "n_estimators": 27.882016394760875}, "datetime": {"datetime": "2021-09-21 10:03:26", "elapsed": 162.321404, "delta": 1.809598}}
{"target": 0.6994163711790289, "params": {"eta": 1.0, "max_depth": 17.20388127191103, "n_estimators": 36.609282850749274}, "datetime": {"datetime": "2021-09-21 10:03:27", "elapsed": 164.084217, "delta": 1.762813}}
{"target": 0.7090079304613075, "params": {"eta": 1.0, "max_depth": 10.872669897210558, "n_estimators": 15.163137561019802}, "datetime": {"datetime": "2021-09-21 10:03:31", "elapsed": 167.551446, "delta": 3.467229}}
{"target": 0.7293498000001988, "params": {"eta": 1.0, "max_depth": 6.72102821141059, "n_estimators": 28.146306050313452}, "datetime": {"datetime": "2021-09-21 10:03:34", "elapsed": 170.95113, "delta": 3.399684}}
{"target": -2.0067429647721426, "params": {"eta": 0.01, "max_depth": 1.1645778591539298, "n_estimators": 43.9485251640137}, "datetime": {"datetime": "2021-09-21 10:03:36", "elapsed": 173.064053, "delta": 2.112923}}
{"target": 0.8049704780995872, "params": {"eta": 0.9918191825397598, "max_depth": 1.085964154627925, "n_estimators": 46.695345199918954}, "datetime": {"datetime": "2021-09-21 10:03:39", "elapsed": 175.385323, "delta": 2.32127}}
{"target": 0.7914005576009138, "params": {"eta": 0.8621528321670957, "max_depth": 2.234173655980098, "n_estimators": 46.46799920976011}, "datetime": {"datetime": "2021-09-21 10:03:42", "elapsed": 179.059296, "delta": 3.673973}}
{"target": 0.7839143456462963, "params": {"eta": 1.0, "max_depth": 2.0342922686853715, "n_estimators": 24.650396420151836}, "datetime": {"datetime": "2021-09-21 10:03:45", "elapsed": 182.072624, "delta": 3.013328}}
{"target": -3.8800816815034853, "params": {"eta": 0.01, "max_depth": 10.878362251766301, "n_estimators": 12.436887779423573}, "datetime": {"datetime": "2021-09-21 10:03:48", "elapsed": 184.19578, "delta": 2.123156}}
{"target": 0.6858896848832674, "params": {"eta": 1.0, "max_depth": 14.782711005885547, "n_estimators": 37.99927155725617}, "datetime": {"datetime": "2021-09-21 10:03:51", "elapsed": 187.712146, "delta": 3.516366}}
{"target": 0.8007397345316252, "params": {"eta": 0.9464154376129702, "max_depth": 1.5142063184232555, "n_estimators": 41.52437377396615}, "datetime": {"datetime": "2021-09-21 10:03:56", "elapsed": 192.364988, "delta": 4.652842}}
{"target": 0.7484084057171647, "params": {"eta": 0.8048256539030152, "max_depth": 11.741314184163437, "n_estimators": 14.281149405752545}, "datetime": {"datetime": "2021-09-21 10:04:00", "elapsed": 196.894454, "delta": 4.529466}}
{"target": 0.6961291677831043, "params": {"eta": 1.0, "max_depth": 9.302887802055187, "n_estimators": 10.599715501228339}, "datetime": {"datetime": "2021-09-21 10:04:04", "elapsed": 200.996288, "delta": 4.101834}}
{"target": 0.7418102299238256, "params": {"eta": 0.9682800922928516, "max_depth": 15.12302922242347, "n_estimators": 30.391028860142576}, "datetime": {"datetime": "2021-09-21 10:04:07", "elapsed": 203.777083, "delta": 2.780795}}
{"target": 0.523607021644241, "params": {"eta": 0.0651897007151116, "max_depth": 3.324892208344399, "n_estimators": 24.089254850169233}, "datetime": {"datetime": "2021-09-21 10:04:10", "elapsed": 206.760573, "delta": 2.98349}}
{"target": -3.3407452371489983, "params": {"eta": 0.026241334615502467, "max_depth": 4.254773121942717, "n_estimators": 7.159351949383084}, "datetime": {"datetime": "2021-09-21 10:04:14", "elapsed": 210.333101, "delta": 3.572528}}
{"target": 0.7713672531276211, "params": {"eta": 0.9473143650161591, "max_depth": 5.009887980842847, "n_estimators": 33.29493295423857}, "datetime": {"datetime": "2021-09-21 10:04:18", "elapsed": 214.457113, "delta": 4.124012}}
{"target": 0.7619830061633303, "params": {"eta": 0.9815239579978711, "max_depth": 2.2251636035962252, "n_estimators": 7.720218486119436}, "datetime": {"datetime": "2021-09-21 10:04:22", "elapsed": 218.950649, "delta": 4.493536}}
{"target": 0.7388208740434555, "params": {"eta": 0.9543074140193681, "max_depth": 2.29614481938226, "n_estimators": 6.316668424083673}, "datetime": {"datetime": "2021-09-21 10:04:24", "elapsed": 221.049743, "delta": 2.099094}}
{"target": 0.770217720475924, "params": {"eta": 0.9537832775423415, "max_depth": 5.587249120820572, "n_estimators": 5.5312631942491235}, "datetime": {"datetime": "2021-09-21 10:04:26", "elapsed": 222.894889, "delta": 1.845146}}
{"target": 0.7780137543678594, "params": {"eta": 1.0, "max_depth": 3.387357362941789, "n_estimators": 44.356747969615434}, "datetime": {"datetime": "2021-09-21 10:04:29", "elapsed": 225.412401, "delta": 2.517512}}
{"target": -2.4713411291048084, "params": {"eta": 0.014658647525467566, "max_depth": 5.054134744879937, "n_estimators": 21.32488939164192}, "datetime": {"datetime": "2021-09-21 10:04:31", "elapsed": 228.089828, "delta": 2.677427}}
{"target": 0.7291782184549962, "params": {"eta": 1.0, "max_depth": 6.727739354696381, "n_estimators": 20.256902457205744}, "datetime": {"datetime": "2021-09-21 10:04:34", "elapsed": 230.431349, "delta": 2.341521}}
{"target": 0.7546189566226026, "params": {"eta": 0.9519127781758651, "max_depth": 6.8958243010323255, "n_estimators": 22.84935977720311}, "datetime": {"datetime": "2021-09-21 10:04:36", "elapsed": 232.641544, "delta": 2.210195}}
{"target": 0.7082002923188153, "params": {"eta": 0.9296086507157673, "max_depth": 16.910925710309687, "n_estimators": 37.955471139891586}, "datetime": {"datetime": "2021-09-21 10:04:40", "elapsed": 236.385194, "delta": 3.74365}}
{"target": -2.857083585750031, "params": {"eta": 0.01, "max_depth": 11.934296868999818, "n_estimators": 25.958092801188766}, "datetime": {"datetime": "2021-09-21 10:04:42", "elapsed": 239.166769, "delta": 2.781575}}
{"target": 0.5058950084845865, "params": {"eta": 0.0628424683609727, "max_depth": 13.515928673011217, "n_estimators": 24.317520934994274}, "datetime": {"datetime": "2021-09-21 10:04:45", "elapsed": 241.245776, "delta": 2.079007}}
{"target": 0.7222254583838925, "params": {"eta": 0.09149020034705198, "max_depth": 17.108296574689625, "n_estimators": 23.4569583128605}, "datetime": {"datetime": "2021-09-21 10:04:47", "elapsed": 244.081409, "delta": 2.835633}}
{"target": 0.7189899569333049, "params": {"eta": 0.9140918274888292, "max_depth": 11.76735676975407, "n_estimators": 24.20972173480033}, "datetime": {"datetime": "2021-09-21 10:04:50", "elapsed": 246.711908, "delta": 2.630499}}
{"target": -4.382528585028511, "params": {"eta": 0.01, "max_depth": 1.8956409460909127, "n_estimators": 7.0938328586361905}, "datetime": {"datetime": "2021-09-21 10:04:53", "elapsed": 250.047371, "delta": 3.335463}}
{"target": 0.7758121289518373, "params": {"eta": 0.9546836196035422, "max_depth": 3.8610657669684922, "n_estimators": 34.27058502931026}, "datetime": {"datetime": "2021-09-21 10:04:57", "elapsed": 253.383185, "delta": 3.335814}}
{"target": 0.5539180753815068, "params": {"eta": 0.07939343267387618, "max_depth": 19.522074185204627, "n_estimators": 20.824756875311408}, "datetime": {"datetime": "2021-09-21 10:04:58", "elapsed": 254.435764, "delta": 1.052579}}
{"target": 0.8522531535356879, "params": {"eta": 0.2673631557168405, "max_depth": 5.101443567447729, "n_estimators": 31.123598862049732}, "datetime": {"datetime": "2021-09-21 10:04:59", "elapsed": 255.949628, "delta": 1.513864}}
{"target": 0.7762540993392699, "params": {"eta": 0.6266096075079747, "max_depth": 9.887627092482758, "n_estimators": 28.903062021517012}, "datetime": {"datetime": "2021-09-21 10:05:02", "elapsed": 258.883829, "delta": 2.934201}}
{"target": 0.8590813592257877, "params": {"eta": 0.22707905868609185, "max_depth": 5.587948974566085, "n_estimators": 32.039420141007085}, "datetime": {"datetime": "2021-09-21 10:05:05", "elapsed": 261.208594, "delta": 2.324765}}
{"target": -2.459939923097268, "params": {"eta": 0.060409994314403435, "max_depth": 6.738286897048167, "n_estimators": 5.9414047270262484}, "datetime": {"datetime": "2021-09-21 10:05:06", "elapsed": 262.511742, "delta": 1.303148}}
{"target": 0.817445781830641, "params": {"eta": 0.6405727337925137, "max_depth": 7.40472660228157, "n_estimators": 12.916385429901615}, "datetime": {"datetime": "2021-09-21 10:05:07", "elapsed": 263.837273, "delta": 1.325531}}
{"target": 0.830594394590183, "params": {"eta": 0.13905976263001038, "max_depth": 5.237776142265767, "n_estimators": 23.726427382097405}, "datetime": {"datetime": "2021-09-21 10:05:09", "elapsed": 265.863784, "delta": 2.026511}}
{"target": -1.1520332799984794, "params": {"eta": 0.03175724398911994, "max_depth": 11.584422576602083, "n_estimators": 18.87341596974027}, "datetime": {"datetime": "2021-09-21 10:05:10", "elapsed": 267.085783, "delta": 1.221999}}
{"target": 0.8323768976391209, "params": {"eta": 0.2270392692224882, "max_depth": 19.01241668635425, "n_estimators": 17.356022049212957}, "datetime": {"datetime": "2021-09-21 10:05:13", "elapsed": 270.004856, "delta": 2.919073}}
{"target": -2.395968520699679, "params": {"eta": 0.01, "max_depth": 4.5121328693883465, "n_estimators": 32.72337645949383}, "datetime": {"datetime": "2021-09-21 10:05:15", "elapsed": 272.127371, "delta": 2.122515}}
{"target": 0.8437082770725189, "params": {"eta": 0.42917407391491397, "max_depth": 15.610394224880054, "n_estimators": 8.916792544117216}, "datetime": {"datetime": "2021-09-21 10:05:17", "elapsed": 273.792671, "delta": 1.6653}}
{"target": 0.8093003826257307, "params": {"eta": 0.17169717822484007, "max_depth": 2.242145401165688, "n_estimators": 40.65944836532676}, "datetime": {"datetime": "2021-09-21 10:05:20", "elapsed": 276.36652, "delta": 2.573849}}
{"target": 0.6957574027174096, "params": {"eta": 1.0, "max_depth": 9.996650443884805, "n_estimators": 27.647444368419574}, "datetime": {"datetime": "2021-09-21 10:05:23", "elapsed": 279.271731, "delta": 2.905211}}
{"target": 0.7288946304602548, "params": {"eta": 0.9633749647704647, "max_depth": 18.185012815531852, "n_estimators": 16.73076588259857}, "datetime": {"datetime": "2021-09-21 10:05:24", "elapsed": 281.133439, "delta": 1.861708}}
{"target": -3.074281718540896, "params": {"eta": 0.01, "max_depth": 7.437619779731646, "n_estimators": 22.119568356830452}, "datetime": {"datetime": "2021-09-21 10:05:27", "elapsed": 284.090916, "delta": 2.957477}}
{"target": 0.7889785116160087, "params": {"eta": 0.7622632036243567, "max_depth": 6.014280186822472, "n_estimators": 22.639512216373447}, "datetime": {"datetime": "2021-09-21 10:05:30", "elapsed": 286.896509, "delta": 2.805593}}
{"target": 0.8626699123284352, "params": {"eta": 0.21381930395189463, "max_depth": 12.822200992103129, "n_estimators": 40.383533456057435}, "datetime": {"datetime": "2021-09-21 10:05:32", "elapsed": 288.316507, "delta": 1.419998}}
{"target": 0.8580597946754305, "params": {"eta": 0.2460129864774342, "max_depth": 6.91842757942229, "n_estimators": 32.63441501060485}, "datetime": {"datetime": "2021-09-21 10:05:34", "elapsed": 290.996527, "delta": 2.68002}}
{"target": 0.8545563329010089, "params": {"eta": 0.4277048462314241, "max_depth": 5.725011995695302, "n_estimators": 24.701404334336033}, "datetime": {"datetime": "2021-09-21 10:05:36", "elapsed": 292.441562, "delta": 1.445035}}
{"target": 0.8649412293673373, "params": {"eta": 0.191773772709005, "max_depth": 6.086445189014582, "n_estimators": 31.17892867047428}, "datetime": {"datetime": "2021-09-21 10:05:38", "elapsed": 294.572541, "delta": 2.130979}}
{"target": 0.7675786672528137, "params": {"eta": 0.8813743760306796, "max_depth": 9.445184498620495, "n_estimators": 25.61636537098877}, "datetime": {"datetime": "2021-09-21 10:05:41", "elapsed": 297.382146, "delta": 2.809605}}
{"target": -1.344642004192734, "params": {"eta": 0.022859165056025556, "max_depth": 18.718997458811728, "n_estimators": 23.802133215435088}, "datetime": {"datetime": "2021-09-21 10:05:43", "elapsed": 299.871008, "delta": 2.488862}}
{"target": 0.8540836694649272, "params": {"eta": 0.1259026788223068, "max_depth": 15.746019198367106, "n_estimators": 38.6389351497419}, "datetime": {"datetime": "2021-09-21 10:05:45", "elapsed": 301.790733, "delta": 1.919725}}
{"target": 0.7509622293935827, "params": {"eta": 0.9334525192403326, "max_depth": 6.067384428456113, "n_estimators": 32.872249481617764}, "datetime": {"datetime": "2021-09-21 10:05:47", "elapsed": 304.157839, "delta": 2.367106}}
{"target": 0.7603103145632532, "params": {"eta": 0.8766584910638904, "max_depth": 5.649842670515567, "n_estimators": 8.993312999033993}, "datetime": {"datetime": "2021-09-21 10:05:50", "elapsed": 306.39881, "delta": 2.240971}}
{"target": 0.8604333780751102, "params": {"eta": 0.12777550740592758, "max_depth": 13.012172383992722, "n_estimators": 47.44887347046062}, "datetime": {"datetime": "2021-09-21 10:05:53", "elapsed": 309.307924, "delta": 2.909114}}
{"target": 0.6858896882973637, "params": {"eta": 1.0, "max_depth": 14.360759775704587, "n_estimators": 29.179080521230173}, "datetime": {"datetime": "2021-09-21 10:05:55", "elapsed": 311.719319, "delta": 2.411395}}
{"target": 0.8641012763583599, "params": {"eta": 0.32811815842737546, "max_depth": 12.004256216242647, "n_estimators": 46.65797311682207}, "datetime": {"datetime": "2021-09-21 10:06:00", "elapsed": 316.550997, "delta": 4.831678}}
{"target": 0.7732736421264622, "params": {"eta": 0.05344753576136537, "max_depth": 3.086055056162642, "n_estimators": 47.172536426710764}, "datetime": {"datetime": "2021-09-21 10:06:02", "elapsed": 318.955214, "delta": 2.404217}}
{"target": 0.8458684091557924, "params": {"eta": 0.111423188059375, "max_depth": 13.68030666429878, "n_estimators": 38.328468426537455}, "datetime": {"datetime": "2021-09-21 10:06:05", "elapsed": 321.481984, "delta": 2.52677}}
{"target": 0.7419022229270056, "params": {"eta": 0.9715644119045136, "max_depth": 15.114850181112178, "n_estimators": 24.64414147042638}, "datetime": {"datetime": "2021-09-21 10:06:08", "elapsed": 324.633492, "delta": 3.151508}}
{"target": 0.8371439127743531, "params": {"eta": 0.1120343238170999, "max_depth": 13.669245032556661, "n_estimators": 39.601370087147146}, "datetime": {"datetime": "2021-09-21 10:06:11", "elapsed": 327.925943, "delta": 3.292451}}
{"target": 0.07039582695098068, "params": {"eta": 0.03289229086942445, "max_depth": 1.6058193357637465, "n_estimators": 39.53510002974021}, "datetime": {"datetime": "2021-09-21 10:06:14", "elapsed": 330.220797, "delta": 2.294854}}
{"target": -2.4308452324967496, "params": {"eta": 0.0108582914132591, "max_depth": 8.68205216354867, "n_estimators": 29.525469611861567}, "datetime": {"datetime": "2021-09-21 10:06:16", "elapsed": 332.283594, "delta": 2.062797}}
{"target": 0.759107885586558, "params": {"eta": 0.7790668341167936, "max_depth": 10.623966678481104, "n_estimators": 30.19781036322347}, "datetime": {"datetime": "2021-09-21 10:06:18", "elapsed": 334.504187, "delta": 2.220593}}
{"target": -0.8687606303211144, "params": {"eta": 0.02264315269984888, "max_depth": 11.065171955184606, "n_estimators": 29.27722374033445}, "datetime": {"datetime": "2021-09-21 10:06:20", "elapsed": 337.159495, "delta": 2.655308}}
{"target": 0.5368198873453506, "params": {"eta": 0.04592738696931959, "max_depth": 2.159444194473572, "n_estimators": 37.05748427950312}, "datetime": {"datetime": "2021-09-21 10:06:23", "elapsed": 339.393878, "delta": 2.234383}}
{"target": 0.7991596807898613, "params": {"eta": 0.6613999247805153, "max_depth": 9.63380333066887, "n_estimators": 30.871248128555063}, "datetime": {"datetime": "2021-09-21 10:06:25", "elapsed": 342.018657, "delta": 2.624779}}
{"target": 0.779488593734997, "params": {"eta": 1.0, "max_depth": 3.5461760724088136, "n_estimators": 36.093642334433746}, "datetime": {"datetime": "2021-09-21 10:06:28", "elapsed": 344.765599, "delta": 2.746942}}
{"target": -0.1286905506625713, "params": {"eta": 0.027395012864126704, "max_depth": 4.351901770756005, "n_estimators": 35.436483191916246}, "datetime": {"datetime": "2021-09-21 10:06:31", "elapsed": 348.154416, "delta": 3.388817}}
{"target": 0.7583922659478315, "params": {"eta": 0.5996476092716164, "max_depth": 15.404134684576139, "n_estimators": 48.73885636750954}, "datetime": {"datetime": "2021-09-21 10:06:35", "elapsed": 351.431824, "delta": 3.277408}}
{"target": 0.7158173756270063, "params": {"eta": 1.0, "max_depth": 8.18648797971214, "n_estimators": 20.3948340395769}, "datetime": {"datetime": "2021-09-21 10:06:38", "elapsed": 354.58148, "delta": 3.149656}}
{"target": 0.7958624225373315, "params": {"eta": 0.7069462027175751, "max_depth": 14.10483322832181, "n_estimators": 49.053790518872034}, "datetime": {"datetime": "2021-09-21 10:06:41", "elapsed": 357.672125, "delta": 3.090645}}
{"target": 0.7765787351768378, "params": {"eta": 0.7296883109673702, "max_depth": 6.92836157676062, "n_estimators": 9.687130162761363}, "datetime": {"datetime": "2021-09-21 10:06:44", "elapsed": 361.047915, "delta": 3.37579}}
{"target": -2.8546132255492265, "params": {"eta": 0.01, "max_depth": 4.580830899906766, "n_estimators": 25.055117135650576}, "datetime": {"datetime": "2021-09-21 10:06:47", "elapsed": 363.521486, "delta": 2.473571}}
{"target": -1.7617175850372053, "params": {"eta": 0.01, "max_depth": 2.289491000151648, "n_estimators": 45.93021246419165}, "datetime": {"datetime": "2021-09-21 10:06:49", "elapsed": 365.991565, "delta": 2.470079}}
{"target": 0.7970920608668515, "params": {"eta": 0.8653286248731674, "max_depth": 2.5052287927741723, "n_estimators": 47.75343244365209}, "datetime": {"datetime": "2021-09-21 10:06:53", "elapsed": 369.423665, "delta": 3.4321}}
{"target": 0.717196237689252, "params": {"eta": 0.9321340003462125, "max_depth": 17.125629893045097, "n_estimators": 23.799881355431683}, "datetime": {"datetime": "2021-09-21 10:06:56", "elapsed": 372.52184, "delta": 3.098175}}
{"target": 0.7865761254977522, "params": {"eta": 0.9507457002708342, "max_depth": 3.514551189599662, "n_estimators": 46.66070964953679}, "datetime": {"datetime": "2021-09-21 10:06:58", "elapsed": 375.036887, "delta": 2.515047}}
{"target": 0.7812248044820236, "params": {"eta": 1.0, "max_depth": 3.677965141090838, "n_estimators": 23.881489931146938}, "datetime": {"datetime": "2021-09-21 10:07:01", "elapsed": 377.284994, "delta": 2.248107}}
{"target": 0.7412377395411607, "params": {"eta": 0.9894852271017878, "max_depth": 18.74815877517797, "n_estimators": 3.705401845433727}, "datetime": {"datetime": "2021-09-21 10:07:02", "elapsed": 378.871352, "delta": 1.586358}}
{"target": 0.8614201302729203, "params": {"eta": 0.3784869257561718, "max_depth": 19.00035073449863, "n_estimators": 16.133594933986036}, "datetime": {"datetime": "2021-09-21 10:07:05", "elapsed": 381.784839, "delta": 2.913487}}
{"target": -2.051411744363485, "params": {"eta": 0.01, "max_depth": 14.723851426017358, "n_estimators": 38.3504324797442}, "datetime": {"datetime": "2021-09-21 10:07:08", "elapsed": 384.50199, "delta": 2.717151}}
{"target": -0.06614445126171087, "params": {"eta": 0.4051811247277129, "max_depth": 4.459070185521488, "n_estimators": 2.5567610876610742}, "datetime": {"datetime": "2021-09-21 10:07:09", "elapsed": 385.859898, "delta": 1.357908}}
{"target": 0.8330448119331763, "params": {"eta": 0.08004992024221605, "max_depth": 13.259698430113149, "n_estimators": 37.07703384916252}, "datetime": {"datetime": "2021-09-21 10:07:13", "elapsed": 389.675136, "delta": 3.815238}}
{"target": 0.7193925011685848, "params": {"eta": 0.9460012932652887, "max_depth": 13.453922945154092, "n_estimators": 38.82134243999226}, "datetime": {"datetime": "2021-09-21 10:07:16", "elapsed": 393.036683, "delta": 3.361547}}
{"target": 0.7378972681025422, "params": {"eta": 0.9056555081751922, "max_depth": 15.627787010257958, "n_estimators": 39.509659680155025}, "datetime": {"datetime": "2021-09-21 10:07:19", "elapsed": 396.042382, "delta": 3.005699}}
{"target": 0.7732032443267877, "params": {"eta": 1.0, "max_depth": 4.900768889522611, "n_estimators": 34.21766563740008}, "datetime": {"datetime": "2021-09-21 10:07:23", "elapsed": 399.297464, "delta": 3.255082}}
{"target": 0.796865593639825, "params": {"eta": 0.6493024626804196, "max_depth": 13.199794241888032, "n_estimators": 37.86771087028228}, "datetime": {"datetime": "2021-09-21 10:07:27", "elapsed": 403.725344, "delta": 4.42788}}
{"target": 0.8571915192154073, "params": {"eta": 0.09819547787571217, "max_depth": 16.373775918306954, "n_estimators": 39.28881242266413}, "datetime": {"datetime": "2021-09-21 10:07:29", "elapsed": 405.608759, "delta": 1.883415}}
{"target": 0.7919131262572263, "params": {"eta": 0.7259285818996696, "max_depth": 14.030464055335287, "n_estimators": 40.32409226343773}, "datetime": {"datetime": "2021-09-21 10:07:31", "elapsed": 407.49328, "delta": 1.884521}}
{"target": 0.7584946515485397, "params": {"eta": 0.7772264737103077, "max_depth": 18.76730656004161, "n_estimators": 35.50071479461241}, "datetime": {"datetime": "2021-09-21 10:07:32", "elapsed": 408.670597, "delta": 1.177317}}
{"target": 0.796297739819321, "params": {"eta": 0.6365725742202544, "max_depth": 16.874727036268812, "n_estimators": 15.104816427627929}, "datetime": {"datetime": "2021-09-21 10:07:33", "elapsed": 409.798274, "delta": 1.127677}}
{"target": 0.7975995012635475, "params": {"eta": 0.5735777473207896, "max_depth": 9.68799092789754, "n_estimators": 36.18499868534769}, "datetime": {"datetime": "2021-09-21 10:07:34", "elapsed": 411.051219, "delta": 1.252945}}
