{"target": -15.564174813406787, "params": {"eta": 0.756195396991651, "max_depth": 27.615092970489115, "n_estimators": 18.571599117077643}, "datetime": {"datetime": "2021-09-27 18:42:11", "elapsed": 57.297073, "delta": 0.852002}}
{"target": -36.22814015710624, "params": {"eta": 0.1330416447277684, "max_depth": 19.63110689754196, "n_estimators": 7.620725045996975}, "datetime": {"datetime": "2021-09-27 18:42:12", "elapsed": 58.043075, "delta": 0.746002}}
{"target": -15.105609188364804, "params": {"eta": 1.0, "max_depth": 3.5185164578414114, "n_estimators": 41.25585630782132}, "datetime": {"datetime": "2021-09-27 18:42:12", "elapsed": 58.701721, "delta": 0.658646}}
{"target": -17.3338869242576, "params": {"eta": 1.0, "max_depth": 30.0, "n_estimators": 8.653378336347822}, "datetime": {"datetime": "2021-09-27 18:42:13", "elapsed": 59.372719, "delta": 0.670998}}
{"target": -74.85213928856327, "params": {"eta": 0.0843707441849336, "max_depth": 18.18316248491237, "n_estimators": 3.070923558717509}, "datetime": {"datetime": "2021-09-27 18:42:14", "elapsed": 60.098718, "delta": 0.725999}}
{"target": -17.88899866893393, "params": {"eta": 0.9227161047498181, "max_depth": 14.862178250175603, "n_estimators": 45.65280165534833}, "datetime": {"datetime": "2021-09-27 18:42:14", "elapsed": 60.816974, "delta": 0.718256}}
{"target": -11.72149577310512, "params": {"eta": 0.37222249606254837, "max_depth": 11.949758019496262, "n_estimators": 45.95623401630726}, "datetime": {"datetime": "2021-09-27 18:42:16", "elapsed": 61.938976, "delta": 1.122002}}
{"target": -10.848453046894694, "params": {"eta": 0.213317475837634, "max_depth": 20.188920286799604, "n_estimators": 28.969185502113174}, "datetime": {"datetime": "2021-09-27 18:42:17", "elapsed": 62.94044, "delta": 1.001464}}
{"target": -82.3986366021771, "params": {"eta": 0.02051027946038798, "max_depth": 2.575309794624144, "n_estimators": 8.272310902583776}, "datetime": {"datetime": "2021-09-27 18:42:17", "elapsed": 63.753442, "delta": 0.813002}}
{"target": -16.57771138476878, "params": {"eta": 1.0, "max_depth": 5.471796963325896, "n_estimators": 7.250702533325945}, "datetime": {"datetime": "2021-09-27 18:42:18", "elapsed": 64.480683, "delta": 0.727241}}
{"target": -34.84629514011067, "params": {"eta": 0.021576435047219785, "max_depth": 11.878084495502678, "n_estimators": 48.12467600948141}, "datetime": {"datetime": "2021-09-27 18:42:19", "elapsed": 65.351002, "delta": 0.870319}}
{"target": -14.707437559599542, "params": {"eta": 1.0, "max_depth": 2.383212029262899, "n_estimators": 25.23527268463119}, "datetime": {"datetime": "2021-09-27 18:42:20", "elapsed": 66.089001, "delta": 0.737999}}
{"target": -14.219996916772146, "params": {"eta": 0.6232654538630767, "max_depth": 28.098840312984258, "n_estimators": 9.93300175597484}, "datetime": {"datetime": "2021-09-27 18:42:21", "elapsed": 66.888622, "delta": 0.799621}}
{"target": -16.056749941083204, "params": {"eta": 0.961126233634559, "max_depth": 3.274450817622134, "n_estimators": 4.450638250249014}, "datetime": {"datetime": "2021-09-27 18:42:21", "elapsed": 67.71762, "delta": 0.828998}}
{"target": -53.407858102443186, "params": {"eta": 0.032619754247171937, "max_depth": 23.464576763258915, "n_estimators": 18.12986879457982}, "datetime": {"datetime": "2021-09-27 18:42:22", "elapsed": 68.579832, "delta": 0.862212}}
{"target": -16.270956578327382, "params": {"eta": 0.9693933031051285, "max_depth": 25.419946599096694, "n_estimators": 15.62775139259213}, "datetime": {"datetime": "2021-09-27 18:42:23", "elapsed": 69.386831, "delta": 0.806999}}
{"target": -15.06988447707954, "params": {"eta": 0.9254664911880889, "max_depth": 1.5627203018718494, "n_estimators": 28.802137214624967}, "datetime": {"datetime": "2021-09-27 18:42:24", "elapsed": 70.070435, "delta": 0.683604}}
{"target": -17.33939080149171, "params": {"eta": 1.0, "max_depth": 23.671943708489948, "n_estimators": 50.0}, "datetime": {"datetime": "2021-09-27 18:42:25", "elapsed": 71.025168, "delta": 0.954733}}
{"target": -14.04408636309731, "params": {"eta": 0.670554568125751, "max_depth": 7.668260355971788, "n_estimators": 38.74322396776404}, "datetime": {"datetime": "2021-09-27 18:42:25", "elapsed": 71.883167, "delta": 0.857999}}
{"target": -17.33210026478382, "params": {"eta": 1.0, "max_depth": 30.0, "n_estimators": 19.040135827768427}, "datetime": {"datetime": "2021-09-27 18:42:26", "elapsed": 72.694366, "delta": 0.811199}}
{"target": -30.667329530540126, "params": {"eta": 0.03751113063111265, "max_depth": 11.734309614120352, "n_estimators": 31.948153763522523}, "datetime": {"datetime": "2021-09-27 18:42:27", "elapsed": 73.530366, "delta": 0.836}}
{"target": -96.97030430199102, "params": {"eta": 0.001, "max_depth": 5.279664746178828, "n_estimators": 5.206246264745916}, "datetime": {"datetime": "2021-09-27 18:42:28", "elapsed": 74.324677, "delta": 0.794311}}
{"target": -19.301664165391504, "params": {"eta": 0.952779793570921, "max_depth": 1.6745355379934077, "n_estimators": 5.751627107269374}, "datetime": {"datetime": "2021-09-27 18:42:29", "elapsed": 75.017398, "delta": 0.692721}}
{"target": -93.93904456667151, "params": {"eta": 0.001, "max_depth": 5.7965470922349605, "n_estimators": 37.71761678365326}, "datetime": {"datetime": "2021-09-27 18:42:30", "elapsed": 75.923401, "delta": 0.906003}}
{"target": -14.47512662083437, "params": {"eta": 0.13089472803437624, "max_depth": 2.6079851290874867, "n_estimators": 30.867014230037807}, "datetime": {"datetime": "2021-09-27 18:42:30", "elapsed": 76.62666, "delta": 0.703259}}
{"target": -15.29720300838315, "params": {"eta": 0.9629179580410973, "max_depth": 9.668306683104799, "n_estimators": 39.28356128960778}, "datetime": {"datetime": "2021-09-27 18:42:31", "elapsed": 77.335655, "delta": 0.708995}}
{"target": -16.123337422291815, "params": {"eta": 0.797041498711471, "max_depth": 22.35684593281677, "n_estimators": 28.163989137608773}, "datetime": {"datetime": "2021-09-27 18:42:32", "elapsed": 78.438656, "delta": 1.103001}}
{"target": -10.354784157753361, "params": {"eta": 0.10827870523334814, "max_depth": 26.99731382030806, "n_estimators": 46.04965800897015}, "datetime": {"datetime": "2021-09-27 18:42:33", "elapsed": 79.557656, "delta": 1.119}}
{"target": -17.68182813248925, "params": {"eta": 0.9187848009576388, "max_depth": 15.160372193899835, "n_estimators": 37.52687174544365}, "datetime": {"datetime": "2021-09-27 18:42:34", "elapsed": 80.489734, "delta": 0.932078}}
{"target": -14.130989723733855, "params": {"eta": 0.11605486798964422, "max_depth": 2.869570990211258, "n_estimators": 43.32587307343444}, "datetime": {"datetime": "2021-09-27 18:42:35", "elapsed": 81.531731, "delta": 1.041997}}
{"target": -17.227133406651156, "params": {"eta": 1.0, "max_depth": 20.750017503739173, "n_estimators": 50.0}, "datetime": {"datetime": "2021-09-27 18:42:36", "elapsed": 82.585234, "delta": 1.053503}}
{"target": -17.863587428028346, "params": {"eta": 1.0, "max_depth": 15.980885168515274, "n_estimators": 5.985718925350028}, "datetime": {"datetime": "2021-09-27 18:42:37", "elapsed": 83.47123, "delta": 0.885996}}
{"target": -15.332844975374964, "params": {"eta": 0.6861567076288375, "max_depth": 20.451148749594704, "n_estimators": 20.608881539192623}, "datetime": {"datetime": "2021-09-27 18:42:38", "elapsed": 84.448209, "delta": 0.976979}}
{"target": -16.320205105367734, "params": {"eta": 0.9818862050471425, "max_depth": 22.592358035722, "n_estimators": 21.861383256549125}, "datetime": {"datetime": "2021-09-27 18:42:39", "elapsed": 85.573823, "delta": 1.125614}}
{"target": -95.15777748716341, "params": {"eta": 0.001, "max_depth": 22.43268448780773, "n_estimators": 24.63706674221965}, "datetime": {"datetime": "2021-09-27 18:42:40", "elapsed": 86.457761, "delta": 0.883938}}
{"target": -17.373648841226156, "params": {"eta": 0.836702804248217, "max_depth": 29.729447187169683, "n_estimators": 15.307272687353198}, "datetime": {"datetime": "2021-09-27 18:42:41", "elapsed": 87.44176, "delta": 0.983999}}
{"target": -17.42502161565994, "params": {"eta": 1.0, "max_depth": 5.705672013432649, "n_estimators": 41.559819646037894}, "datetime": {"datetime": "2021-09-27 18:42:42", "elapsed": 88.432924, "delta": 0.991164}}
{"target": -17.199547353330484, "params": {"eta": 1.0, "max_depth": 19.818718022063646, "n_estimators": 18.41954436386295}, "datetime": {"datetime": "2021-09-27 18:42:43", "elapsed": 89.539926, "delta": 1.107002}}
{"target": -16.232562616797946, "params": {"eta": 0.8159083332919574, "max_depth": 11.304729533134651, "n_estimators": 43.69394086064367}, "datetime": {"datetime": "2021-09-27 18:42:44", "elapsed": 90.515665, "delta": 0.975739}}
{"target": -17.310229817679616, "params": {"eta": 1.0, "max_depth": 17.872367922194297, "n_estimators": 19.93756168873647}, "datetime": {"datetime": "2021-09-27 18:42:45", "elapsed": 91.547664, "delta": 1.031999}}
{"target": -17.193861455915705, "params": {"eta": 1.0, "max_depth": 11.951506541939116, "n_estimators": 28.29682153018045}, "datetime": {"datetime": "2021-09-27 18:42:46", "elapsed": 92.616912, "delta": 1.069248}}
{"target": -17.07468562994562, "params": {"eta": 0.9421278767780575, "max_depth": 7.754974192634576, "n_estimators": 34.020403099217404}, "datetime": {"datetime": "2021-09-27 18:42:47", "elapsed": 93.659911, "delta": 1.042999}}
{"target": -95.8179698972819, "params": {"eta": 0.001, "max_depth": 17.370596297023063, "n_estimators": 17.759948759133355}, "datetime": {"datetime": "2021-09-27 18:42:48", "elapsed": 94.526448, "delta": 0.866537}}
{"target": -17.52125803186391, "params": {"eta": 1.0, "max_depth": 18.502774200567792, "n_estimators": 21.834304101127763}, "datetime": {"datetime": "2021-09-27 18:42:49", "elapsed": 95.648022, "delta": 1.121574}}
{"target": -11.205806302729242, "params": {"eta": 0.0665938347589513, "max_depth": 25.3644970166693, "n_estimators": 44.326241444773814}, "datetime": {"datetime": "2021-09-27 18:42:50", "elapsed": 96.68975, "delta": 1.041728}}
{"target": -17.310229330915586, "params": {"eta": 1.0, "max_depth": 17.057750063159556, "n_estimators": 38.790714388694646}, "datetime": {"datetime": "2021-09-27 18:42:51", "elapsed": 97.667749, "delta": 0.977999}}
{"target": -13.165521020145507, "params": {"eta": 0.5693470466620955, "max_depth": 19.320896317882514, "n_estimators": 37.42474512378876}, "datetime": {"datetime": "2021-09-27 18:42:53", "elapsed": 99.142155, "delta": 1.474406}}
{"target": -14.835604916527267, "params": {"eta": 0.6752867618508411, "max_depth": 21.829840020316936, "n_estimators": 37.001316828710266}, "datetime": {"datetime": "2021-09-27 18:42:55", "elapsed": 100.89787, "delta": 1.755715}}
{"target": -17.34217634534169, "params": {"eta": 1.0, "max_depth": 24.20538645917233, "n_estimators": 37.742420207909724}, "datetime": {"datetime": "2021-09-27 18:42:56", "elapsed": 102.181871, "delta": 1.284001}}
{"target": -16.87753047560966, "params": {"eta": 0.9898743464520313, "max_depth": 25.394869276456827, "n_estimators": 41.87904190709914}, "datetime": {"datetime": "2021-09-27 18:42:57", "elapsed": 103.868829, "delta": 1.686958}}
{"target": -10.168429873687883, "params": {"eta": 0.14926570950548565, "max_depth": 26.23379962279154, "n_estimators": 39.213265083780946}, "datetime": {"datetime": "2021-09-27 18:42:59", "elapsed": 105.423264, "delta": 1.554435}}
{"target": -17.335727139368103, "params": {"eta": 1.0, "max_depth": 26.836015033609172, "n_estimators": 37.26849524837094}, "datetime": {"datetime": "2021-09-27 18:43:01", "elapsed": 106.94988, "delta": 1.526616}}
{"target": -10.484688305245704, "params": {"eta": 0.15653323275391343, "max_depth": 24.37239524161991, "n_estimators": 40.08153104884339}, "datetime": {"datetime": "2021-09-27 18:43:02", "elapsed": 108.649414, "delta": 1.699534}}
{"target": -77.6487066665511, "params": {"eta": 0.005815464615774312, "max_depth": 22.303851472949702, "n_estimators": 39.0524834860824}, "datetime": {"datetime": "2021-09-27 18:43:03", "elapsed": 109.841414, "delta": 1.192}}
{"target": -17.446258521809288, "params": {"eta": 0.9535721942351089, "max_depth": 20.358127308374094, "n_estimators": 35.298055565353835}, "datetime": {"datetime": "2021-09-27 18:43:05", "elapsed": 110.896464, "delta": 1.05505}}
{"target": -15.609427000641851, "params": {"eta": 0.864594641244527, "max_depth": 23.101570583705424, "n_estimators": 35.65264096581361}, "datetime": {"datetime": "2021-09-27 18:43:06", "elapsed": 112.515647, "delta": 1.619183}}
{"target": -10.415520449533092, "params": {"eta": 0.15803439161620966, "max_depth": 25.510055222148747, "n_estimators": 35.74563136979149}, "datetime": {"datetime": "2021-09-27 18:43:07", "elapsed": 113.785647, "delta": 1.27}}
{"target": -94.12636063851606, "params": {"eta": 0.001, "max_depth": 27.901575723162217, "n_estimators": 35.221937642827285}, "datetime": {"datetime": "2021-09-27 18:43:09", "elapsed": 115.231047, "delta": 1.4454}}
{"target": -47.9121430919664, "params": {"eta": 0.014292196266705196, "max_depth": 16.84741122182735, "n_estimators": 49.91617030294418}, "datetime": {"datetime": "2021-09-27 18:43:10", "elapsed": 116.653008, "delta": 1.421961}}
{"target": -16.430166225459264, "params": {"eta": 0.9838903701752201, "max_depth": 13.786756946489882, "n_estimators": 49.191464349873385}, "datetime": {"datetime": "2021-09-27 18:43:11", "elapsed": 117.863006, "delta": 1.209998}}
{"target": -54.75070076536953, "params": {"eta": 0.4339868225162155, "max_depth": 1.2026803978906577, "n_estimators": 1.450712254000174}, "datetime": {"datetime": "2021-09-27 18:43:13", "elapsed": 119.342007, "delta": 1.479001}}
{"target": -11.485626511640943, "params": {"eta": 0.0708760445714765, "max_depth": 25.255632167016866, "n_estimators": 37.27997175971228}, "datetime": {"datetime": "2021-09-27 18:43:15", "elapsed": 120.903603, "delta": 1.561596}}
{"target": -17.076316321901796, "params": {"eta": 0.8483991069593316, "max_depth": 27.605694720251307, "n_estimators": 6.051177504089583}, "datetime": {"datetime": "2021-09-27 18:43:16", "elapsed": 122.039606, "delta": 1.136003}}
{"target": -17.191875235825847, "params": {"eta": 1.0, "max_depth": 1.0, "n_estimators": 12.207197943694093}, "datetime": {"datetime": "2021-09-27 18:43:17", "elapsed": 123.085339, "delta": 1.045733}}
{"target": -15.375866500175855, "params": {"eta": 0.8738003813473781, "max_depth": 19.755541527362855, "n_estimators": 27.399753114296253}, "datetime": {"datetime": "2021-09-27 18:43:18", "elapsed": 124.7729, "delta": 1.687561}}
{"target": -16.76186412736155, "params": {"eta": 1.0, "max_depth": 9.992057643223333, "n_estimators": 17.480979418576112}, "datetime": {"datetime": "2021-09-27 18:43:20", "elapsed": 126.513871, "delta": 1.740971}}
{"target": -16.25337830450367, "params": {"eta": 0.8687947763854215, "max_depth": 11.110353707260478, "n_estimators": 19.824089981884764}, "datetime": {"datetime": "2021-09-27 18:43:22", "elapsed": 128.146308, "delta": 1.632437}}
{"target": -95.8179698972819, "params": {"eta": 0.001, "max_depth": 12.128341478689396, "n_estimators": 17.781828855030653}, "datetime": {"datetime": "2021-09-27 18:43:23", "elapsed": 129.201817, "delta": 1.055509}}
{"target": -15.94427468830343, "params": {"eta": 0.910764239021238, "max_depth": 8.981997220112074, "n_estimators": 19.383682388202505}, "datetime": {"datetime": "2021-09-27 18:43:24", "elapsed": 130.507516, "delta": 1.305699}}
{"target": -18.8278655316496, "params": {"eta": 1.0, "max_depth": 7.851311701966369, "n_estimators": 17.099876151785065}, "datetime": {"datetime": "2021-09-27 18:43:26", "elapsed": 132.114118, "delta": 1.606602}}
{"target": -17.193861580686193, "params": {"eta": 1.0, "max_depth": 11.555633208263176, "n_estimators": 21.946665452859264}, "datetime": {"datetime": "2021-09-27 18:43:27", "elapsed": 133.261468, "delta": 1.14735}}
{"target": -16.05486708835004, "params": {"eta": 0.9309519019180201, "max_depth": 8.932834955815576, "n_estimators": 14.744505733200452}, "datetime": {"datetime": "2021-09-27 18:43:28", "elapsed": 134.333474, "delta": 1.072006}}
{"target": -17.055346969961878, "params": {"eta": 0.962695387453577, "max_depth": 10.473515736330194, "n_estimators": 12.684234185979284}, "datetime": {"datetime": "2021-09-27 18:43:29", "elapsed": 135.665013, "delta": 1.331539}}
{"target": -11.803259171221903, "params": {"eta": 0.2790608002784428, "max_depth": 10.788967477429859, "n_estimators": 9.999776825727505}, "datetime": {"datetime": "2021-09-27 18:43:30", "elapsed": 136.736012, "delta": 1.070999}}
{"target": -16.791909292361783, "params": {"eta": 1.0, "max_depth": 9.510156041303793, "n_estimators": 8.297132773471416}, "datetime": {"datetime": "2021-09-27 18:43:31", "elapsed": 137.881008, "delta": 1.144996}}
{"target": -15.770884052583575, "params": {"eta": 0.8767038768302328, "max_depth": 12.08240082934671, "n_estimators": 8.607713570911631}, "datetime": {"datetime": "2021-09-27 18:43:33", "elapsed": 139.413574, "delta": 1.532566}}
{"target": -14.915358760284846, "params": {"eta": 0.8121470104426303, "max_depth": 12.29673185009709, "n_estimators": 11.340042000037796}, "datetime": {"datetime": "2021-09-27 18:43:34", "elapsed": 140.746575, "delta": 1.333001}}
{"target": -10.737855741736166, "params": {"eta": 0.18671232020063003, "max_depth": 9.990346141235595, "n_estimators": 21.19073252068028}, "datetime": {"datetime": "2021-09-27 18:43:35", "elapsed": 141.815345, "delta": 1.06877}}
{"target": -16.34082048267685, "params": {"eta": 0.9813235045213936, "max_depth": 24.9307912181115, "n_estimators": 11.874693916456877}, "datetime": {"datetime": "2021-09-27 18:43:37", "elapsed": 143.310152, "delta": 1.494807}}
{"target": -17.335727202835173, "params": {"eta": 1.0, "max_depth": 26.88634848762326, "n_estimators": 44.30485521078175}, "datetime": {"datetime": "2021-09-27 18:43:38", "elapsed": 144.550149, "delta": 1.239997}}
{"target": -17.329673077219514, "params": {"eta": 1.0, "max_depth": 25.729271505657376, "n_estimators": 27.636096396811087}, "datetime": {"datetime": "2021-09-27 18:43:40", "elapsed": 146.782161, "delta": 2.232012}}
{"target": -16.893670038501956, "params": {"eta": 0.9694720034026105, "max_depth": 16.009567828257154, "n_estimators": 21.193538769182528}, "datetime": {"datetime": "2021-09-27 18:43:42", "elapsed": 147.928143, "delta": 1.145982}}
{"target": -18.808264446316773, "params": {"eta": 1.0, "max_depth": 7.68137061179252, "n_estimators": 47.980922827525845}, "datetime": {"datetime": "2021-09-27 18:43:43", "elapsed": 149.256392, "delta": 1.328249}}
{"target": -17.813387724722904, "params": {"eta": 1.0, "max_depth": 13.835575038431363, "n_estimators": 21.90245402731159}, "datetime": {"datetime": "2021-09-27 18:43:44", "elapsed": 150.348564, "delta": 1.092172}}
{"target": -15.138010714098163, "params": {"eta": 1.0, "max_depth": 3.7329049517882336, "n_estimators": 45.28532226408666}, "datetime": {"datetime": "2021-09-27 18:43:45", "elapsed": 151.364989, "delta": 1.016425}}
{"target": -17.33939080149171, "params": {"eta": 1.0, "max_depth": 23.590358818493222, "n_estimators": 44.63686836411544}, "datetime": {"datetime": "2021-09-27 18:43:46", "elapsed": 152.72899, "delta": 1.364001}}
{"target": -16.85277756809289, "params": {"eta": 0.9836845534736998, "max_depth": 28.78756701059465, "n_estimators": 46.58025411614663}, "datetime": {"datetime": "2021-09-27 18:43:48", "elapsed": 153.896088, "delta": 1.167098}}
{"target": -18.803280341598807, "params": {"eta": 0.9438479824851185, "max_depth": 22.941843892345325, "n_estimators": 47.0153185854936}, "datetime": {"datetime": "2021-09-27 18:43:49", "elapsed": 155.093379, "delta": 1.197291}}
{"target": -17.54858582634365, "params": {"eta": 1.0, "max_depth": 12.259121757307883, "n_estimators": 24.689549805386818}, "datetime": {"datetime": "2021-09-27 18:43:50", "elapsed": 156.299012, "delta": 1.205633}}
{"target": -17.344457762824906, "params": {"eta": 0.09309603896298155, "max_depth": 6.874830631977006, "n_estimators": 19.1778507951724}, "datetime": {"datetime": "2021-09-27 18:43:51", "elapsed": 157.277514, "delta": 0.978502}}
{"target": -16.956450089751225, "params": {"eta": 0.9666234618343243, "max_depth": 5.183656085167499, "n_estimators": 17.299190610773675}, "datetime": {"datetime": "2021-09-27 18:43:52", "elapsed": 158.440514, "delta": 1.163}}
{"target": -19.085780057719994, "params": {"eta": 0.10958395317654435, "max_depth": 6.848820267932641, "n_estimators": 15.550168679985983}, "datetime": {"datetime": "2021-09-27 18:43:53", "elapsed": 159.682174, "delta": 1.24166}}
{"target": -14.871931657359049, "params": {"eta": 0.6966546649798326, "max_depth": 14.561727867628091, "n_estimators": 8.219401032424408}, "datetime": {"datetime": "2021-09-27 18:43:54", "elapsed": 160.599031, "delta": 0.916857}}
{"target": -96.87347765871017, "params": {"eta": 0.001, "max_depth": 10.648486867699772, "n_estimators": 6.914455664905736}, "datetime": {"datetime": "2021-09-27 18:43:55", "elapsed": 161.514451, "delta": 0.91542}}
{"target": -15.309030362057948, "params": {"eta": 0.8710271790402853, "max_depth": 8.580144291535305, "n_estimators": 9.892963210077035}, "datetime": {"datetime": "2021-09-27 18:43:56", "elapsed": 162.824453, "delta": 1.310002}}
{"target": -14.837620188999448, "params": {"eta": 0.7625617792999079, "max_depth": 7.379092327774824, "n_estimators": 8.417757100868368}, "datetime": {"datetime": "2021-09-27 18:43:58", "elapsed": 163.968415, "delta": 1.143962}}
{"target": -92.93834928746702, "params": {"eta": 0.001, "max_depth": 1.0, "n_estimators": 45.840824834150524}, "datetime": {"datetime": "2021-09-27 18:43:58", "elapsed": 164.77141, "delta": 0.802995}}
{"target": -12.3146226751792, "params": {"eta": 0.48614190174969074, "max_depth": 13.322024185332145, "n_estimators": 9.753010589049275}, "datetime": {"datetime": "2021-09-27 18:43:59", "elapsed": 165.75641, "delta": 0.985}}
