{"target": -11.075943645282535, "params": {"eta": 0.17889867565781886, "max_depth": 6.238810870354416, "n_estimators": 209.13553078894185}, "datetime": {"datetime": "2021-09-27 20:00:40", "elapsed": 34.181266, "delta": 0.847163}}
{"target": -11.206619078387336, "params": {"eta": 0.18773903195567937, "max_depth": 9.432797140497373, "n_estimators": 277.2625535756246}, "datetime": {"datetime": "2021-09-27 20:00:41", "elapsed": 35.119264, "delta": 0.937998}}
{"target": -11.265721741114676, "params": {"eta": 0.10035875125951242, "max_depth": 6.387461715009816, "n_estimators": 209.32924909786803}, "datetime": {"datetime": "2021-09-27 20:00:42", "elapsed": 36.134841, "delta": 1.015577}}
{"target": -11.490831417237324, "params": {"eta": 0.19108934429682545, "max_depth": 5.989068817156936, "n_estimators": 208.94451660033803}, "datetime": {"datetime": "2021-09-27 20:00:43", "elapsed": 37.024361, "delta": 0.88952}}
{"target": -12.20313773612684, "params": {"eta": 0.36155256039194894, "max_depth": 6.255344983680303, "n_estimators": 209.11840580000353}, "datetime": {"datetime": "2021-09-27 20:00:44", "elapsed": 37.702007, "delta": 0.677646}}
{"target": -11.691366390313524, "params": {"eta": 0.19977043090084384, "max_depth": 6.054178760899443, "n_estimators": 209.3109170492602}, "datetime": {"datetime": "2021-09-27 20:00:45", "elapsed": 38.688155, "delta": 0.986148}}
{"target": -11.507736162645358, "params": {"eta": 0.11411737564637059, "max_depth": 5.385434167393356, "n_estimators": 209.9327701812533}, "datetime": {"datetime": "2021-09-27 20:00:46", "elapsed": 39.59815, "delta": 0.909995}}
{"target": -11.689842985155806, "params": {"eta": 0.4119344239485439, "max_depth": 6.991086061558164, "n_estimators": 241.00288953084956}, "datetime": {"datetime": "2021-09-27 20:00:46", "elapsed": 40.324972, "delta": 0.726822}}
{"target": -11.223811697173625, "params": {"eta": 0.0535479254973065, "max_depth": 5.64279762232159, "n_estimators": 210.07049186786085}, "datetime": {"datetime": "2021-09-27 20:00:47", "elapsed": 41.177975, "delta": 0.853003}}
{"target": -12.755692844849273, "params": {"eta": 0.4905597680246365, "max_depth": 4.291052484723405, "n_estimators": 299.836607546471}, "datetime": {"datetime": "2021-09-27 20:00:48", "elapsed": 42.060213, "delta": 0.882238}}
{"target": -11.537631839158516, "params": {"eta": 0.07837199666583702, "max_depth": 9.486187798944997, "n_estimators": 277.4508912720176}, "datetime": {"datetime": "2021-09-27 20:00:50", "elapsed": 43.757213, "delta": 1.697}}
{"target": -11.673972982278109, "params": {"eta": 0.2203897186278912, "max_depth": 5.893043395332983, "n_estimators": 209.76397462592462}, "datetime": {"datetime": "2021-09-27 20:00:51", "elapsed": 44.57935, "delta": 0.822137}}
{"target": -11.142585540733057, "params": {"eta": 0.09021420400200061, "max_depth": 5.286327557440698, "n_estimators": 209.33974712540714}, "datetime": {"datetime": "2021-09-27 20:00:51", "elapsed": 45.36535, "delta": 0.786}}
{"target": -11.886533518812206, "params": {"eta": 0.3089787722155991, "max_depth": 9.48833400605755, "n_estimators": 277.03529382812377}, "datetime": {"datetime": "2021-09-27 20:00:52", "elapsed": 46.145432, "delta": 0.780082}}
{"target": -11.20899783718089, "params": {"eta": 0.1312364620782303, "max_depth": 8.234107295654693, "n_estimators": 206.438335267058}, "datetime": {"datetime": "2021-09-27 20:00:53", "elapsed": 47.418431, "delta": 1.272999}}
{"target": -11.83808383941009, "params": {"eta": 0.2520528029486778, "max_depth": 5.323877856294956, "n_estimators": 209.16857753377937}, "datetime": {"datetime": "2021-09-27 20:00:54", "elapsed": 48.472458, "delta": 1.054027}}
{"target": -11.439021184817676, "params": {"eta": 0.42782869991826145, "max_depth": 9.055719381827057, "n_estimators": 263.2574504775905}, "datetime": {"datetime": "2021-09-27 20:00:55", "elapsed": 49.323452, "delta": 0.850994}}
{"target": -11.00064265814547, "params": {"eta": 0.08230111764763406, "max_depth": 5.767023553702629, "n_estimators": 209.51482199975362}, "datetime": {"datetime": "2021-09-27 20:00:56", "elapsed": 50.105456, "delta": 0.782004}}
{"target": -11.022927173051137, "params": {"eta": 0.05, "max_depth": 6.265922863396043, "n_estimators": 209.04271821317673}, "datetime": {"datetime": "2021-09-27 20:00:57", "elapsed": 51.193984, "delta": 1.088528}}
{"target": -12.747638664943054, "params": {"eta": 0.08365896107979812, "max_depth": 2.4289101597899125, "n_estimators": 221.89042366575984}, "datetime": {"datetime": "2021-09-27 20:00:58", "elapsed": 51.737983, "delta": 0.543999}}
{"target": -12.186775993723579, "params": {"eta": 0.26482163807425346, "max_depth": 8.425619251956256, "n_estimators": 206.30616681460057}, "datetime": {"datetime": "2021-09-27 20:00:59", "elapsed": 52.650227, "delta": 0.912244}}
{"target": -11.734794245278124, "params": {"eta": 0.2099019781469939, "max_depth": 11.988756136539465, "n_estimators": 251.52532583812723}, "datetime": {"datetime": "2021-09-27 20:01:00", "elapsed": 53.797226, "delta": 1.146999}}
{"target": -11.240924483272364, "params": {"eta": 0.14276336079455224, "max_depth": 9.180244150130974, "n_estimators": 277.3475220505045}, "datetime": {"datetime": "2021-09-27 20:01:01", "elapsed": 55.33646, "delta": 1.539234}}
{"target": -11.629067274204811, "params": {"eta": 0.1576982139006543, "max_depth": 7.7031551555498305, "n_estimators": 229.89729091628743}, "datetime": {"datetime": "2021-09-27 20:01:03", "elapsed": 56.854961, "delta": 1.518501}}
{"target": -11.722589879004333, "params": {"eta": 0.1800322218343408, "max_depth": 10.517849728764006, "n_estimators": 215.45108018891378}, "datetime": {"datetime": "2021-09-27 20:01:04", "elapsed": 58.157304, "delta": 1.302343}}
{"target": -11.455421200082531, "params": {"eta": 0.05, "max_depth": 9.237061734800037, "n_estimators": 277.12435337760064}, "datetime": {"datetime": "2021-09-27 20:01:06", "elapsed": 60.192239, "delta": 2.034935}}
{"target": -11.159696098768316, "params": {"eta": 0.11021051393774742, "max_depth": 8.160319155494335, "n_estimators": 206.92158919045173}, "datetime": {"datetime": "2021-09-27 20:01:07", "elapsed": 61.462238, "delta": 1.269999}}
{"target": -11.638327932471135, "params": {"eta": 0.21613597767929865, "max_depth": 7.96808669773576, "n_estimators": 206.54057270580398}, "datetime": {"datetime": "2021-09-27 20:01:08", "elapsed": 62.505934, "delta": 1.043696}}
{"target": -12.382789673775397, "params": {"eta": 0.46239539065958407, "max_depth": 9.318080220479473, "n_estimators": 277.36700214906153}, "datetime": {"datetime": "2021-09-27 20:01:09", "elapsed": 63.149931, "delta": 0.643997}}
{"target": -12.2904872606362, "params": {"eta": 0.3247839786308108, "max_depth": 8.561237843875798, "n_estimators": 275.38428695676134}, "datetime": {"datetime": "2021-09-27 20:01:10", "elapsed": 63.89393, "delta": 0.743999}}
{"target": -11.022927173051137, "params": {"eta": 0.05, "max_depth": 6.197703258784031, "n_estimators": 209.20464676404157}, "datetime": {"datetime": "2021-09-27 20:01:11", "elapsed": 64.912945, "delta": 1.019015}}
{"target": -11.982545373843022, "params": {"eta": 0.3150729578427064, "max_depth": 8.176750271629231, "n_estimators": 207.03592763877313}, "datetime": {"datetime": "2021-09-27 20:01:12", "elapsed": 65.70495, "delta": 0.792005}}
{"target": -11.870497332744346, "params": {"eta": 0.3423767373913905, "max_depth": 10.266367060605491, "n_estimators": 221.69867515226758}, "datetime": {"datetime": "2021-09-27 20:01:12", "elapsed": 66.470312, "delta": 0.765362}}
{"target": -10.831161435462159, "params": {"eta": 0.1037251881919016, "max_depth": 5.6816854247175055, "n_estimators": 210.3240795317272}, "datetime": {"datetime": "2021-09-27 20:01:13", "elapsed": 67.277311, "delta": 0.806999}}
{"target": -12.018411845001866, "params": {"eta": 0.22012036158445797, "max_depth": 5.7405697676967575, "n_estimators": 210.45181668303627}, "datetime": {"datetime": "2021-09-27 20:01:14", "elapsed": 68.213765, "delta": 0.936454}}
{"target": -12.353177305559706, "params": {"eta": 0.39515718675655914, "max_depth": 6.717797489195564, "n_estimators": 229.52427615139112}, "datetime": {"datetime": "2021-09-27 20:01:15", "elapsed": 69.036771, "delta": 0.823006}}
{"target": -11.88983934791232, "params": {"eta": 0.21171348008327417, "max_depth": 5.602683710667441, "n_estimators": 210.15271953295627}, "datetime": {"datetime": "2021-09-27 20:01:16", "elapsed": 70.009769, "delta": 0.972998}}
{"target": -11.243945535545137, "params": {"eta": 0.09474158594313825, "max_depth": 5.640669273967471, "n_estimators": 209.82544370926996}, "datetime": {"datetime": "2021-09-27 20:01:17", "elapsed": 70.916905, "delta": 0.907136}}
{"target": -11.04287347466728, "params": {"eta": 0.08275244921958902, "max_depth": 5.771265579269921, "n_estimators": 210.04816336113345}, "datetime": {"datetime": "2021-09-27 20:01:18", "elapsed": 71.987948, "delta": 1.071043}}
{"target": -11.131817893867062, "params": {"eta": 0.09386938576815729, "max_depth": 5.759750122890715, "n_estimators": 209.0909031736365}, "datetime": {"datetime": "2021-09-27 20:01:19", "elapsed": 72.88413, "delta": 0.896182}}
{"target": -10.879197056145921, "params": {"eta": 0.06663246591750532, "max_depth": 6.239053773480764, "n_estimators": 239.03302438877813}, "datetime": {"datetime": "2021-09-27 20:01:20", "elapsed": 73.968127, "delta": 1.083997}}
{"target": -11.315066135089484, "params": {"eta": 0.09602921937571084, "max_depth": 6.535638611889614, "n_estimators": 209.11166414863925}, "datetime": {"datetime": "2021-09-27 20:01:21", "elapsed": 75.012374, "delta": 1.044247}}
{"target": -12.523830126054461, "params": {"eta": 0.40478474030724193, "max_depth": 9.208753497179742, "n_estimators": 228.36888691613916}, "datetime": {"datetime": "2021-09-27 20:01:22", "elapsed": 75.960389, "delta": 0.948015}}
{"target": -11.54998818869263, "params": {"eta": 0.11491825999620855, "max_depth": 6.011930753814774, "n_estimators": 210.20797158457995}, "datetime": {"datetime": "2021-09-27 20:01:23", "elapsed": 76.918821, "delta": 0.958432}}
{"target": -11.187137722408961, "params": {"eta": 0.14735078335260832, "max_depth": 6.279690908800564, "n_estimators": 209.1011093866838}, "datetime": {"datetime": "2021-09-27 20:01:24", "elapsed": 77.861823, "delta": 0.943002}}
{"target": -11.419448382274338, "params": {"eta": 0.0586765607912188, "max_depth": 6.753450467293559, "n_estimators": 209.22443482240377}, "datetime": {"datetime": "2021-09-27 20:01:25", "elapsed": 78.979048, "delta": 1.117225}}
{"target": -11.11104443316111, "params": {"eta": 0.055638436118255474, "max_depth": 6.140954508989974, "n_estimators": 209.01962612675123}, "datetime": {"datetime": "2021-09-27 20:01:26", "elapsed": 79.924049, "delta": 0.945001}}
{"target": -11.34813423786321, "params": {"eta": 0.06281737713754233, "max_depth": 6.08417099763302, "n_estimators": 238.90122611129084}, "datetime": {"datetime": "2021-09-27 20:01:27", "elapsed": 81.494344, "delta": 1.570295}}
{"target": -11.448596780593997, "params": {"eta": 0.15033665560249015, "max_depth": 9.381973048767264, "n_estimators": 227.957124006965}, "datetime": {"datetime": "2021-09-27 20:01:29", "elapsed": 83.163282, "delta": 1.668938}}
{"target": -11.556938621893147, "params": {"eta": 0.47530939940376493, "max_depth": 5.452356337828574, "n_estimators": 286.05748472403724}, "datetime": {"datetime": "2021-09-27 20:01:30", "elapsed": 84.098281, "delta": 0.934999}}
{"target": -12.105813626140478, "params": {"eta": 0.3255584154289998, "max_depth": 6.5514443801755675, "n_estimators": 254.88187556394536}, "datetime": {"datetime": "2021-09-27 20:01:31", "elapsed": 85.078531, "delta": 0.98025}}
{"target": -11.208320534649538, "params": {"eta": 0.10967338055469365, "max_depth": 5.775438914878469, "n_estimators": 210.24623045482832}, "datetime": {"datetime": "2021-09-27 20:01:32", "elapsed": 86.226536, "delta": 1.148005}}
{"target": -11.167504594668817, "params": {"eta": 0.0505954030393487, "max_depth": 5.772012165791195, "n_estimators": 209.64670874866283}, "datetime": {"datetime": "2021-09-27 20:01:33", "elapsed": 87.374533, "delta": 1.147997}}
{"target": -11.327524636092159, "params": {"eta": 0.09422708434917476, "max_depth": 9.271351359856157, "n_estimators": 292.0230304252036}, "datetime": {"datetime": "2021-09-27 20:01:35", "elapsed": 89.138613, "delta": 1.76408}}
{"target": -11.03683779765019, "params": {"eta": 0.07371196962780541, "max_depth": 5.886205713124738, "n_estimators": 289.2180309732273}, "datetime": {"datetime": "2021-09-27 20:01:36", "elapsed": 90.314421, "delta": 1.175808}}
{"target": -11.390863394367798, "params": {"eta": 0.11427689463982495, "max_depth": 6.0859614486921, "n_estimators": 289.0504088790959}, "datetime": {"datetime": "2021-09-27 20:01:38", "elapsed": 91.880421, "delta": 1.566}}
{"target": -11.635637902820791, "params": {"eta": 0.2345098834655298, "max_depth": 5.70572645174422, "n_estimators": 289.4384265879608}, "datetime": {"datetime": "2021-09-27 20:01:39", "elapsed": 93.508794, "delta": 1.628373}}
{"target": -11.945545301569407, "params": {"eta": 0.18104719048635393, "max_depth": 3.04062521202175, "n_estimators": 282.98395197031687}, "datetime": {"datetime": "2021-09-27 20:01:40", "elapsed": 94.447155, "delta": 0.938361}}
{"target": -11.609503187212749, "params": {"eta": 0.2838579955092658, "max_depth": 6.176527662960923, "n_estimators": 289.35942258673805}, "datetime": {"datetime": "2021-09-27 20:01:42", "elapsed": 95.542155, "delta": 1.095}}
{"target": -11.917767871915515, "params": {"eta": 0.3588169042950879, "max_depth": 9.164282084543228, "n_estimators": 291.9946791060968}, "datetime": {"datetime": "2021-09-27 20:01:43", "elapsed": 96.70346, "delta": 1.161305}}
{"target": -11.21381297823435, "params": {"eta": 0.10749294538864332, "max_depth": 8.154795137797564, "n_estimators": 206.76483447799998}, "datetime": {"datetime": "2021-09-27 20:01:44", "elapsed": 98.13579, "delta": 1.43233}}
{"target": -11.717010042399115, "params": {"eta": 0.2338775971718683, "max_depth": 5.7149398324261815, "n_estimators": 289.1534529532891}, "datetime": {"datetime": "2021-09-27 20:01:45", "elapsed": 99.265419, "delta": 1.129629}}
{"target": -11.422555262196724, "params": {"eta": 0.08819499237598405, "max_depth": 8.91649449547857, "n_estimators": 277.28776220010224}, "datetime": {"datetime": "2021-09-27 20:01:47", "elapsed": 100.761769, "delta": 1.49635}}
{"target": -11.697577856014822, "params": {"eta": 0.12787560243699908, "max_depth": 9.78234219384951, "n_estimators": 228.35890714907254}, "datetime": {"datetime": "2021-09-27 20:01:48", "elapsed": 102.512727, "delta": 1.750958}}
{"target": -11.274647627410914, "params": {"eta": 0.11941329627488738, "max_depth": 5.417351144133226, "n_estimators": 210.38513566703807}, "datetime": {"datetime": "2021-09-27 20:01:49", "elapsed": 103.469725, "delta": 0.956998}}
{"target": -11.300243982595095, "params": {"eta": 0.178177202670951, "max_depth": 5.613514255400451, "n_estimators": 208.8718486318562}, "datetime": {"datetime": "2021-09-27 20:01:51", "elapsed": 104.546725, "delta": 1.077}}
{"target": -11.111991990279693, "params": {"eta": 0.07614320063976991, "max_depth": 6.627631515807948, "n_estimators": 209.5693440594747}, "datetime": {"datetime": "2021-09-27 20:01:52", "elapsed": 105.734726, "delta": 1.188001}}
{"target": -11.231291018565667, "params": {"eta": 0.06808037216535238, "max_depth": 6.999977590991133, "n_estimators": 209.4281044403986}, "datetime": {"datetime": "2021-09-27 20:01:53", "elapsed": 106.816427, "delta": 1.081701}}
{"target": -11.783808504640033, "params": {"eta": 0.15375878285704953, "max_depth": 7.244960363747385, "n_estimators": 209.3914129886211}, "datetime": {"datetime": "2021-09-27 20:01:54", "elapsed": 108.043646, "delta": 1.227219}}
{"target": -10.959296901643263, "params": {"eta": 0.1909366419487527, "max_depth": 6.768561416864385, "n_estimators": 209.55667723080185}, "datetime": {"datetime": "2021-09-27 20:01:55", "elapsed": 109.127297, "delta": 1.083651}}
{"target": -12.02518610421694, "params": {"eta": 0.2973963983633521, "max_depth": 6.694724837111951, "n_estimators": 209.44105921317265}, "datetime": {"datetime": "2021-09-27 20:01:56", "elapsed": 110.221299, "delta": 1.094002}}
{"target": -10.945503437679028, "params": {"eta": 0.06178527901976816, "max_depth": 6.752532554578667, "n_estimators": 209.69336347742788}, "datetime": {"datetime": "2021-09-27 20:01:57", "elapsed": 111.275734, "delta": 1.054435}}
{"target": -11.320513684245855, "params": {"eta": 0.14127941747733969, "max_depth": 5.925218309506784, "n_estimators": 209.55180198088783}, "datetime": {"datetime": "2021-09-27 20:01:58", "elapsed": 112.25237, "delta": 0.976636}}
{"target": -12.102475964783162, "params": {"eta": 0.34866561269853863, "max_depth": 6.906751196551191, "n_estimators": 209.86873767151562}, "datetime": {"datetime": "2021-09-27 20:02:00", "elapsed": 113.582363, "delta": 1.329993}}
{"target": -11.21386317464291, "params": {"eta": 0.05446537164915453, "max_depth": 8.04778243665413, "n_estimators": 206.23113151341593}, "datetime": {"datetime": "2021-09-27 20:02:01", "elapsed": 115.260779, "delta": 1.678416}}
{"target": -12.586845910024245, "params": {"eta": 0.485833972314148, "max_depth": 11.786611541545195, "n_estimators": 201.64476288642987}, "datetime": {"datetime": "2021-09-27 20:02:02", "elapsed": 116.055773, "delta": 0.794994}}
{"target": -11.396642551853253, "params": {"eta": 0.18391581654236303, "max_depth": 6.630285427374824, "n_estimators": 209.73234483762647}, "datetime": {"datetime": "2021-09-27 20:02:03", "elapsed": 117.24372, "delta": 1.187947}}
{"target": -11.877651504750535, "params": {"eta": 0.08732259762877143, "max_depth": 11.59805652114526, "n_estimators": 255.95478472883198}, "datetime": {"datetime": "2021-09-27 20:02:05", "elapsed": 119.190651, "delta": 1.946931}}
{"target": -11.750005530070226, "params": {"eta": 0.35246809286048375, "max_depth": 7.879113109862882, "n_estimators": 205.90405839258094}, "datetime": {"datetime": "2021-09-27 20:02:06", "elapsed": 120.190649, "delta": 0.999998}}
{"target": -11.557424793171323, "params": {"eta": 0.15820893972575897, "max_depth": 6.239081567908327, "n_estimators": 245.38438075379742}, "datetime": {"datetime": "2021-09-27 20:02:07", "elapsed": 121.216161, "delta": 1.025512}}
{"target": -12.538271434342299, "params": {"eta": 0.2679442042398712, "max_depth": 11.278831345661079, "n_estimators": 210.62094988711297}, "datetime": {"datetime": "2021-09-27 20:02:08", "elapsed": 122.096225, "delta": 0.880064}}
{"target": -11.494263186247547, "params": {"eta": 0.11527980304472027, "max_depth": 5.589401251072063, "n_estimators": 208.62351002828484}, "datetime": {"datetime": "2021-09-27 20:02:09", "elapsed": 123.063758, "delta": 0.967533}}
{"target": -11.109761271741613, "params": {"eta": 0.11056097540522011, "max_depth": 7.135781212657465, "n_estimators": 218.44398656469153}, "datetime": {"datetime": "2021-09-27 20:02:56", "elapsed": 170.487462, "delta": 47.423704}}
{"target": -11.878399154560325, "params": {"eta": 0.40340081651750304, "max_depth": 10.539752926394888, "n_estimators": 249.42368373819278}, "datetime": {"datetime": "2021-09-27 20:02:57", "elapsed": 171.148218, "delta": 0.660756}}
{"target": -13.598252605507186, "params": {"eta": 0.4309526684108606, "max_depth": 2.7964547700906097, "n_estimators": 250.5246090121704}, "datetime": {"datetime": "2021-09-27 20:02:57", "elapsed": 171.520224, "delta": 0.372006}}
{"target": -10.98673859682366, "params": {"eta": 0.07937892697409515, "max_depth": 6.281223275973894, "n_estimators": 209.65309156606125}, "datetime": {"datetime": "2021-09-27 20:02:58", "elapsed": 172.234221, "delta": 0.713997}}
{"target": -12.009316857554039, "params": {"eta": 0.411418716114956, "max_depth": 6.368719980450963, "n_estimators": 209.4223535370532}, "datetime": {"datetime": "2021-09-27 20:02:59", "elapsed": 173.157881, "delta": 0.92366}}
{"target": -11.923254534744018, "params": {"eta": 0.26839592608273527, "max_depth": 7.384844441000238, "n_estimators": 218.47219395362598}, "datetime": {"datetime": "2021-09-27 20:03:01", "elapsed": 174.618109, "delta": 1.460228}}
{"target": -12.428906578587268, "params": {"eta": 0.23765990211615828, "max_depth": 9.20324493442158, "n_estimators": 200.01143748173448}, "datetime": {"datetime": "2021-09-27 20:03:04", "elapsed": 0.0, "delta": 0.0}}
{"target": -11.800131368250067, "params": {"eta": 0.1860496576843279, "max_depth": 3.4675589081711307, "n_estimators": 209.2338594768798}, "datetime": {"datetime": "2021-09-27 20:03:05", "elapsed": 0.318209, "delta": 0.318209}}
{"target": -10.969590471740476, "params": {"eta": 0.1338170951199519, "max_depth": 5.455607270430478, "n_estimators": 239.67674742306698}, "datetime": {"datetime": "2021-09-27 20:03:05", "elapsed": 0.890208, "delta": 0.571999}}
{"target": -11.622850539182988, "params": {"eta": 0.2924675303015106, "max_depth": 6.191945144032948, "n_estimators": 268.52195003967597}, "datetime": {"datetime": "2021-09-27 20:03:06", "elapsed": 1.512209, "delta": 0.622001}}
{"target": -11.038977435830015, "params": {"eta": 0.08128298535584282, "max_depth": 5.207036362051205, "n_estimators": 238.63203068138134}, "datetime": {"datetime": "2021-09-27 20:03:07", "elapsed": 2.23138, "delta": 0.719171}}
{"target": -13.21405631124079, "params": {"eta": 0.5, "max_depth": 12.0, "n_estimators": 249.38176954227717}, "datetime": {"datetime": "2021-09-27 20:03:07", "elapsed": 2.976381, "delta": 0.745001}}
{"target": -12.827995140095016, "params": {"eta": 0.33066358567262655, "max_depth": 2.000733362639387, "n_estimators": 243.2109534044522}, "datetime": {"datetime": "2021-09-27 20:03:08", "elapsed": 3.803379, "delta": 0.826998}}
{"target": -11.289477478462139, "params": {"eta": 0.09108553631572311, "max_depth": 8.363991636247077, "n_estimators": 238.92040497319385}, "datetime": {"datetime": "2021-09-27 20:03:10", "elapsed": 5.450203, "delta": 1.646824}}
