{"target": -3.4302574207908227, "params": {"eta": 0.9098874091039425, "max_depth": 1.076348326355566, "n_estimators": 10.448460440273672}, "datetime": {"datetime": "2021-09-17 11:32:23", "elapsed": 1181.573082, "delta": 5.027191}}
{"target": -3.6387734111986667, "params": {"eta": 0.9212524707735261, "max_depth": 1.585863359632318, "n_estimators": 11.628490265532202}, "datetime": {"datetime": "2021-09-17 11:32:27", "elapsed": 1185.655182, "delta": 4.0821}}
{"target": -3.486220598848242, "params": {"eta": 1.0, "max_depth": 8.3029818149586, "n_estimators": 9.400982752726929}, "datetime": {"datetime": "2021-09-17 11:32:33", "elapsed": 1192.220487, "delta": 6.565305}}
{"target": -2.971026812101665, "params": {"eta": 0.6576184847142816, "max_depth": 7.602334480747038, "n_estimators": 8.822872314298616}, "datetime": {"datetime": "2021-09-17 11:32:36", "elapsed": 1195.125743, "delta": 2.905256}}
{"target": -3.59711633105027, "params": {"eta": 1.0, "max_depth": 5.3384377713970155, "n_estimators": 17.891135218486163}, "datetime": {"datetime": "2021-09-17 11:32:40", "elapsed": 1199.278907, "delta": 4.153164}}
{"target": -2.435465102446707, "params": {"eta": 0.37123547203756624, "max_depth": 5.367790661547554, "n_estimators": 17.233212159317386}, "datetime": {"datetime": "2021-09-17 11:32:44", "elapsed": 1203.169358, "delta": 3.890451}}
{"target": -2.827392218614879, "params": {"eta": 0.1512644174627229, "max_depth": 5.973901847048892, "n_estimators": 17.059380781702718}, "datetime": {"datetime": "2021-09-17 11:32:48", "elapsed": 1207.36333, "delta": 4.193972}}
{"target": -3.750974828632255, "params": {"eta": 1.0, "max_depth": 14.864918196202968, "n_estimators": 14.05690889265084}, "datetime": {"datetime": "2021-09-17 11:32:54", "elapsed": 1212.688184, "delta": 5.324854}}
{"target": -3.114429364078923, "params": {"eta": 0.3683609165551954, "max_depth": 14.43457497811459, "n_estimators": 6.479545985544308}, "datetime": {"datetime": "2021-09-17 11:32:59", "elapsed": 1218.377637, "delta": 5.689453}}
{"target": -3.4107582387171296, "params": {"eta": 0.8454774995193279, "max_depth": 14.949244163459579, "n_estimators": 6.0754265119689235}, "datetime": {"datetime": "2021-09-17 11:33:06", "elapsed": 1224.650736, "delta": 6.273099}}
{"target": -2.8059424023879203, "params": {"eta": 0.4586740547499508, "max_depth": 14.826334655690204, "n_estimators": 5.312957247107771}, "datetime": {"datetime": "2021-09-17 11:33:09", "elapsed": 1227.475978, "delta": 2.825242}}
{"target": -2.3735382814156383, "params": {"eta": 0.3541564692013099, "max_depth": 8.031359208124002, "n_estimators": 14.165833748700985}, "datetime": {"datetime": "2021-09-17 11:33:11", "elapsed": 1230.415423, "delta": 2.939445}}
{"target": -2.9658578966793265, "params": {"eta": 0.6195131647118107, "max_depth": 8.471125578312968, "n_estimators": 14.063597226978995}, "datetime": {"datetime": "2021-09-17 11:33:16", "elapsed": 1234.836242, "delta": 4.420819}}
{"target": -3.265367065605364, "params": {"eta": 0.9646769350523954, "max_depth": 14.735858426788065, "n_estimators": 6.756630207547785}, "datetime": {"datetime": "2021-09-17 11:33:23", "elapsed": 1241.655843, "delta": 6.819601}}
{"target": -3.586234534414191, "params": {"eta": 1.0, "max_depth": 3.406542040104465, "n_estimators": 4.283444473838266}, "datetime": {"datetime": "2021-09-17 11:33:29", "elapsed": 1247.847283, "delta": 6.19144}}
{"target": -3.5341582568068257, "params": {"eta": 0.9805199222089123, "max_depth": 8.687745399588724, "n_estimators": 12.618963956212207}, "datetime": {"datetime": "2021-09-17 11:33:35", "elapsed": 1253.626287, "delta": 5.779004}}
{"target": -3.735709323381123, "params": {"eta": 1.0, "max_depth": 15.0, "n_estimators": 12.520149631479258}, "datetime": {"datetime": "2021-09-17 11:33:40", "elapsed": 1258.468526, "delta": 4.842239}}
{"target": -2.8671245424371015, "params": {"eta": 0.5947377068900275, "max_depth": 11.275535666585887, "n_estimators": 10.647982658040512}, "datetime": {"datetime": "2021-09-17 11:33:45", "elapsed": 1264.41188, "delta": 5.943354}}
{"target": -2.3688306877487584, "params": {"eta": 0.335581578328259, "max_depth": 15.0, "n_estimators": 13.037408347992677}, "datetime": {"datetime": "2021-09-17 11:33:54", "elapsed": 1272.535953, "delta": 8.124073}}
{"target": -16.697986445458312, "params": {"eta": 0.0276249500813618, "max_depth": 14.969306676010559, "n_estimators": 12.228237141362817}, "datetime": {"datetime": "2021-09-17 11:34:00", "elapsed": 1279.311022, "delta": 6.775069}}
{"target": -2.865388103535301, "params": {"eta": 0.19063330869983333, "max_depth": 14.80649251334922, "n_estimators": 13.677120491263086}, "datetime": {"datetime": "2021-09-17 11:34:06", "elapsed": 1285.302964, "delta": 5.991942}}
{"target": -2.4954750236712004, "params": {"eta": 0.35656576668617485, "max_depth": 14.604595932673718, "n_estimators": 14.379892898266974}, "datetime": {"datetime": "2021-09-17 11:34:13", "elapsed": 1291.524727, "delta": 6.221763}}
{"target": -9.748952267044467, "params": {"eta": 0.04936611769241812, "max_depth": 11.655350969319581, "n_estimators": 18.0}, "datetime": {"datetime": "2021-09-17 11:34:18", "elapsed": 1296.950393, "delta": 5.425666}}
{"target": -3.0898688341441907, "params": {"eta": 0.7068823014818836, "max_depth": 14.167250476193406, "n_estimators": 14.080093907842603}, "datetime": {"datetime": "2021-09-17 11:34:27", "elapsed": 1305.713909, "delta": 8.763516}}
{"target": -3.240202266291568, "params": {"eta": 0.7581156500595875, "max_depth": 14.999671061490211, "n_estimators": 13.39594986615971}, "datetime": {"datetime": "2021-09-17 11:34:33", "elapsed": 1311.603691, "delta": 5.889782}}
{"target": -7.041599322620191, "params": {"eta": 0.1478534285764737, "max_depth": 10.348296833496349, "n_estimators": 8.933347915317539}, "datetime": {"datetime": "2021-09-17 11:34:40", "elapsed": 1318.976618, "delta": 7.372927}}
{"target": -2.437884725395002, "params": {"eta": 0.2086477143504685, "max_depth": 5.422988780131815, "n_estimators": 17.86364916165329}, "datetime": {"datetime": "2021-09-17 11:34:46", "elapsed": 1324.808931, "delta": 5.832313}}
{"target": -3.63550922870636, "params": {"eta": 1.0, "max_depth": 11.28717125376104, "n_estimators": 7.975447073579155}, "datetime": {"datetime": "2021-09-17 11:34:51", "elapsed": 1329.56123, "delta": 4.752299}}
{"target": -3.845053946344476, "params": {"eta": 1.0, "max_depth": 7.332645529457082, "n_estimators": 15.573713107192317}, "datetime": {"datetime": "2021-09-17 11:34:58", "elapsed": 1336.566328, "delta": 7.005098}}
{"target": -2.700867871234291, "params": {"eta": 0.2405169824947941, "max_depth": 12.430480512486598, "n_estimators": 11.358254218619548}, "datetime": {"datetime": "2021-09-17 11:35:01", "elapsed": 1339.648897, "delta": 3.082569}}
{"target": -3.78967158104244, "params": {"eta": 0.12198619555375181, "max_depth": 11.489625877462183, "n_estimators": 16.159761071246344}, "datetime": {"datetime": "2021-09-17 11:35:04", "elapsed": 1342.892314, "delta": 3.243417}}
{"target": -4.365301753345289, "params": {"eta": 0.3842243020734928, "max_depth": 7.728098160119084, "n_estimators": 4.4772600576209225}, "datetime": {"datetime": "2021-09-17 11:35:10", "elapsed": 1349.156152, "delta": 6.263838}}
{"target": -3.735119409937608, "params": {"eta": 1.0, "max_depth": 15.0, "n_estimators": 10.561170063242582}, "datetime": {"datetime": "2021-09-17 11:35:17", "elapsed": 1355.624083, "delta": 6.467931}}
{"target": -3.6917077073925415, "params": {"eta": 1.0, "max_depth": 12.831270155027152, "n_estimators": 13.746965720371856}, "datetime": {"datetime": "2021-09-17 11:35:23", "elapsed": 1362.26601, "delta": 6.641927}}
{"target": -3.2301561343042478, "params": {"eta": 1.0, "max_depth": 1.0, "n_estimators": 17.162333093351673}, "datetime": {"datetime": "2021-09-17 11:35:30", "elapsed": 1368.992975, "delta": 6.726965}}
{"target": -14.944682589016464, "params": {"eta": 0.10687552913388067, "max_depth": 4.536984695737931, "n_estimators": 4.825923471632816}, "datetime": {"datetime": "2021-09-17 11:35:38", "elapsed": 1376.505339, "delta": 7.512364}}
{"target": -3.388277439067239, "params": {"eta": 0.9876827555402202, "max_depth": 9.57395092903769, "n_estimators": 3.751615900323816}, "datetime": {"datetime": "2021-09-17 11:35:41", "elapsed": 1379.615769, "delta": 3.11043}}
{"target": -3.5834198167449554, "params": {"eta": 0.9673907892996707, "max_depth": 10.233155876899962, "n_estimators": 4.188917764425829}, "datetime": {"datetime": "2021-09-17 11:35:47", "elapsed": 1385.592352, "delta": 5.976583}}
{"target": -3.7391273404422556, "params": {"eta": 0.8378266877017265, "max_depth": 10.284642004472305, "n_estimators": 3.2392526987003203}, "datetime": {"datetime": "2021-09-17 11:35:51", "elapsed": 1390.333886, "delta": 4.741534}}
{"target": -3.5083676767976657, "params": {"eta": 1.0, "max_depth": 5.415872450072224, "n_estimators": 5.558712035258183}, "datetime": {"datetime": "2021-09-17 11:35:56", "elapsed": 1395.221864, "delta": 4.887978}}
{"target": -2.4227994165922464, "params": {"eta": 0.3151354697063583, "max_depth": 14.782235215439016, "n_estimators": 17.535201182878936}, "datetime": {"datetime": "2021-09-17 11:36:00", "elapsed": 1398.556738, "delta": 3.334874}}
{"target": -8.046317026489659, "params": {"eta": 0.24576617708277376, "max_depth": 10.092747663730936, "n_estimators": 4.028670689277496}, "datetime": {"datetime": "2021-09-17 11:36:11", "elapsed": 1409.655594, "delta": 11.098856}}
{"target": -3.6148241140340502, "params": {"eta": 1.0, "max_depth": 9.840861903054714, "n_estimators": 2.5482357555888}, "datetime": {"datetime": "2021-09-17 11:36:19", "elapsed": 1417.858523, "delta": 8.202929}}
{"target": -3.558368667175895, "params": {"eta": 1.0, "max_depth": 9.925782721993299, "n_estimators": 4.928333045929316}, "datetime": {"datetime": "2021-09-17 11:36:27", "elapsed": 1426.344967, "delta": 8.486444}}
{"target": -3.2732606260400066, "params": {"eta": 0.7508665072890197, "max_depth": 14.179017937180351, "n_estimators": 6.933068206700284}, "datetime": {"datetime": "2021-09-17 11:36:37", "elapsed": 1436.015296, "delta": 9.670329}}
{"target": -3.670555779808446, "params": {"eta": 1.0, "max_depth": 1.0, "n_estimators": 11.174324605936846}, "datetime": {"datetime": "2021-09-17 11:36:42", "elapsed": 1440.658305, "delta": 4.643009}}
{"target": -3.6073382129794673, "params": {"eta": 0.9212687966065136, "max_depth": 10.108526316550547, "n_estimators": 5.93897746860189}, "datetime": {"datetime": "2021-09-17 11:36:49", "elapsed": 1448.298132, "delta": 7.639827}}
{"target": -10.960249411432367, "params": {"eta": 0.05343050075492266, "max_depth": 1.1868647991234296, "n_estimators": 15.988929843638072}, "datetime": {"datetime": "2021-09-17 11:36:57", "elapsed": 1456.318738, "delta": 8.020606}}
{"target": -3.4440318207991747, "params": {"eta": 1.0, "max_depth": 1.0, "n_estimators": 14.741997151647345}, "datetime": {"datetime": "2021-09-17 11:37:05", "elapsed": 1464.092414, "delta": 7.773676}}
{"target": -2.946464731818751, "params": {"eta": 0.2837066649057115, "max_depth": 8.86432687385126, "n_estimators": 8.718747553463281}, "datetime": {"datetime": "2021-09-17 11:37:10", "elapsed": 1469.006807, "delta": 4.914393}}
{"target": -4.173336406757957, "params": {"eta": 0.9994573243889597, "max_depth": 9.51268091721366, "n_estimators": 1.7436214372817767}, "datetime": {"datetime": "2021-09-17 11:37:15", "elapsed": 1473.706048, "delta": 4.699241}}
{"target": -20.905009928031973, "params": {"eta": 0.01, "max_depth": 5.250581146228228, "n_estimators": 10.107940742368275}, "datetime": {"datetime": "2021-09-17 11:37:22", "elapsed": 1481.325467, "delta": 7.619419}}
{"target": -2.6776484790601227, "params": {"eta": 0.3554362029111266, "max_depth": 5.411793354407217, "n_estimators": 8.853711899393636}, "datetime": {"datetime": "2021-09-17 11:37:28", "elapsed": 1486.587154, "delta": 5.261687}}
{"target": -3.2777944458158395, "params": {"eta": 0.9286208248630922, "max_depth": 4.967463119487157, "n_estimators": 9.941322033830714}, "datetime": {"datetime": "2021-09-17 11:37:33", "elapsed": 1491.518829, "delta": 4.931675}}
{"target": -15.67271979027673, "params": {"eta": 0.33741420227109575, "max_depth": 10.285344993448906, "n_estimators": 1.8565577171962333}, "datetime": {"datetime": "2021-09-17 11:37:36", "elapsed": 1494.59664, "delta": 3.077811}}
{"target": -3.2277064072458366, "params": {"eta": 0.7608880683794664, "max_depth": 5.745020718134713, "n_estimators": 9.81545122297844}, "datetime": {"datetime": "2021-09-17 11:37:43", "elapsed": 1501.597017, "delta": 7.000377}}
{"target": -18.55061985191546, "params": {"eta": 0.027884559763227096, "max_depth": 5.975767119026051, "n_estimators": 8.873251962095154}, "datetime": {"datetime": "2021-09-17 11:37:51", "elapsed": 1509.494271, "delta": 7.897254}}
{"target": -18.916507550289758, "params": {"eta": 0.018508448595692208, "max_depth": 12.974817515555138, "n_estimators": 11.299763178983993}, "datetime": {"datetime": "2021-09-17 11:37:58", "elapsed": 1517.113938, "delta": 7.619667}}
{"target": -4.15406542451758, "params": {"eta": 0.16267379959189313, "max_depth": 13.660364912220015, "n_estimators": 11.995167263955597}, "datetime": {"datetime": "2021-09-17 11:38:06", "elapsed": 1524.662274, "delta": 7.548336}}
{"target": -2.6794856247149013, "params": {"eta": 0.5721930164300444, "max_depth": 5.361786782055984, "n_estimators": 9.20425076880274}, "datetime": {"datetime": "2021-09-17 11:38:14", "elapsed": 1532.758195, "delta": 8.095921}}
{"target": -3.1088876216035137, "params": {"eta": 0.7351831278132767, "max_depth": 5.97166479666163, "n_estimators": 10.474150914247664}, "datetime": {"datetime": "2021-09-17 11:38:20", "elapsed": 1538.956903, "delta": 6.198708}}
{"target": -2.6814713904732153, "params": {"eta": 0.391368649266698, "max_depth": 10.104896268828657, "n_estimators": 7.719144862987104}, "datetime": {"datetime": "2021-09-17 11:38:23", "elapsed": 1542.104041, "delta": 3.147138}}
{"target": -3.301296256090465, "params": {"eta": 0.9613480104883141, "max_depth": 5.405487537924463, "n_estimators": 8.350174269092285}, "datetime": {"datetime": "2021-09-17 11:38:29", "elapsed": 1547.91783, "delta": 5.813789}}
{"target": -3.658697791475999, "params": {"eta": 0.8399485230810354, "max_depth": 14.904523157330935, "n_estimators": 14.814103764670474}, "datetime": {"datetime": "2021-09-17 11:38:35", "elapsed": 1553.499083, "delta": 5.581253}}
{"target": -3.2048655585238808, "params": {"eta": 0.9932673665295181, "max_depth": 6.821495269485822, "n_estimators": 9.547249158370173}, "datetime": {"datetime": "2021-09-17 11:38:41", "elapsed": 1560.074062, "delta": 6.574979}}
{"target": -20.12165976072613, "params": {"eta": 0.01, "max_depth": 13.265556813534051, "n_estimators": 14.618117561116527}, "datetime": {"datetime": "2021-09-17 11:38:49", "elapsed": 1568.073431, "delta": 7.999369}}
{"target": -2.494488478334327, "params": {"eta": 0.43752048166502605, "max_depth": 14.249750302617775, "n_estimators": 14.738033690248043}, "datetime": {"datetime": "2021-09-17 11:38:58", "elapsed": 1577.072043, "delta": 8.998612}}
{"target": -3.4309088895195408, "params": {"eta": 1.0, "max_depth": 3.8665930459478832, "n_estimators": 5.546030666273864}, "datetime": {"datetime": "2021-09-17 11:39:05", "elapsed": 1584.202118, "delta": 7.130075}}
{"target": -3.190184724330902, "params": {"eta": 0.9930612695512642, "max_depth": 3.287269710191262, "n_estimators": 8.798200507442736}, "datetime": {"datetime": "2021-09-17 11:39:09", "elapsed": 1587.808987, "delta": 3.606869}}
{"target": -2.657730785169099, "params": {"eta": 0.5382621998533353, "max_depth": 8.332491119939029, "n_estimators": 8.937268562756158}, "datetime": {"datetime": "2021-09-17 11:39:16", "elapsed": 1595.20077, "delta": 7.391783}}
{"target": -3.0836188077926634, "params": {"eta": 0.43961907898924196, "max_depth": 2.8754940741575337, "n_estimators": 13.740556301177916}, "datetime": {"datetime": "2021-09-17 11:39:22", "elapsed": 1600.773832, "delta": 5.573062}}
{"target": -3.2052275061607363, "params": {"eta": 1.0, "max_depth": 3.988580710573035, "n_estimators": 10.266886266945278}, "datetime": {"datetime": "2021-09-17 11:39:28", "elapsed": 1607.433352, "delta": 6.65952}}
{"target": -3.0579888927309136, "params": {"eta": 0.6584539102799609, "max_depth": 10.38654786437035, "n_estimators": 11.049372548925533}, "datetime": {"datetime": "2021-09-17 11:39:34", "elapsed": 1613.157771, "delta": 5.724419}}
{"target": -4.842862797724573, "params": {"eta": 0.899865356168292, "max_depth": 14.903726115349063, "n_estimators": 1.1091785376308883}, "datetime": {"datetime": "2021-09-17 11:39:37", "elapsed": 1616.429939, "delta": 3.272168}}
{"target": -2.567492991372159, "params": {"eta": 0.5265702163552293, "max_depth": 5.804164382235262, "n_estimators": 17.612763896751083}, "datetime": {"datetime": "2021-09-17 11:39:46", "elapsed": 1624.488061, "delta": 8.058122}}
{"target": -11.880417250959496, "params": {"eta": 0.04508798881862815, "max_depth": 9.843236946759426, "n_estimators": 15.12397777021194}, "datetime": {"datetime": "2021-09-17 11:39:51", "elapsed": 1629.80998, "delta": 5.321919}}
{"target": -3.1936223641822217, "params": {"eta": 0.8939606796079832, "max_depth": 8.27375210948708, "n_estimators": 10.984246087608744}, "datetime": {"datetime": "2021-09-17 11:39:56", "elapsed": 1635.102312, "delta": 5.292332}}
{"target": -2.99552945212314, "params": {"eta": 0.6261914074754499, "max_depth": 7.8509586789431, "n_estimators": 7.18497497536075}, "datetime": {"datetime": "2021-09-17 11:40:05", "elapsed": 1643.563911, "delta": 8.461599}}
{"target": -15.239103750492399, "params": {"eta": 0.046842328950516925, "max_depth": 15.0, "n_estimators": 9.816399225826917}, "datetime": {"datetime": "2021-09-17 11:40:17", "elapsed": 1655.572133, "delta": 12.008222}}
{"target": -3.4306585725985075, "params": {"eta": 1.0, "max_depth": 6.326568576315925, "n_estimators": 4.232268607578185}, "datetime": {"datetime": "2021-09-17 11:40:23", "elapsed": 1662.334973, "delta": 6.76284}}
{"target": -3.0908638866324174, "params": {"eta": 0.31050299506404183, "max_depth": 1.0675696317423993, "n_estimators": 17.09550747349972}, "datetime": {"datetime": "2021-09-17 11:40:32", "elapsed": 1670.796383, "delta": 8.46141}}
{"target": -2.9899581451165047, "params": {"eta": 0.6041055422110594, "max_depth": 14.90134132612362, "n_estimators": 8.676655260157084}, "datetime": {"datetime": "2021-09-17 11:40:38", "elapsed": 1677.395103, "delta": 6.59872}}
{"target": -2.9673501322143956, "params": {"eta": 0.6831276118003199, "max_depth": 9.682951516909977, "n_estimators": 7.672114679030434}, "datetime": {"datetime": "2021-09-17 11:40:47", "elapsed": 1685.735753, "delta": 8.34065}}
{"target": -2.7157405006258113, "params": {"eta": 0.15907866636779494, "max_depth": 6.583006150820931, "n_estimators": 17.13329477920728}, "datetime": {"datetime": "2021-09-17 11:40:53", "elapsed": 1692.257904, "delta": 6.522151}}
{"target": -3.5132125612936527, "params": {"eta": 1.0, "max_depth": 10.713085806195897, "n_estimators": 4.809889879607669}, "datetime": {"datetime": "2021-09-17 11:41:00", "elapsed": 1699.030451, "delta": 6.772547}}
{"target": -3.5138210064486457, "params": {"eta": 1.0, "max_depth": 9.529248133398873, "n_estimators": 15.323704777267151}, "datetime": {"datetime": "2021-09-17 11:41:07", "elapsed": 1705.860931, "delta": 6.83048}}
{"target": -3.6751184488597666, "params": {"eta": 0.5551333771614807, "max_depth": 6.8232489276828066, "n_estimators": 3.737843511306075}, "datetime": {"datetime": "2021-09-17 11:41:14", "elapsed": 1713.047403, "delta": 7.186472}}
{"target": -3.5121908620784157, "params": {"eta": 1.0, "max_depth": 9.004582396374133, "n_estimators": 9.590525090704654}, "datetime": {"datetime": "2021-09-17 11:41:23", "elapsed": 1721.549516, "delta": 8.502113}}
{"target": -3.6707615708049977, "params": {"eta": 0.9927242903560223, "max_depth": 4.060518550154568, "n_estimators": 3.9924129157787753}, "datetime": {"datetime": "2021-09-17 11:41:31", "elapsed": 1730.317078, "delta": 8.767562}}
{"target": -2.829520972151505, "params": {"eta": 0.6018934938699025, "max_depth": 8.32191514009266, "n_estimators": 5.2014416893786475}, "datetime": {"datetime": "2021-09-17 11:41:41", "elapsed": 1740.257677, "delta": 9.940599}}
{"target": -20.72914858272201, "params": {"eta": 0.01, "max_depth": 1.0, "n_estimators": 11.831212967840935}, "datetime": {"datetime": "2021-09-17 11:41:49", "elapsed": 1747.792401, "delta": 7.534724}}
{"target": -3.2782151711614502, "params": {"eta": 0.2285822535277595, "max_depth": 2.0835084308507525, "n_estimators": 12.152077557744798}, "datetime": {"datetime": "2021-09-17 11:41:54", "elapsed": 1753.207422, "delta": 5.415021}}
{"target": -3.20859894627019, "params": {"eta": 0.437284682297945, "max_depth": 1.5592853788056102, "n_estimators": 12.717915383086513}, "datetime": {"datetime": "2021-09-17 11:41:59", "elapsed": 1758.220229, "delta": 5.012807}}
{"target": -3.3791492135901198, "params": {"eta": 0.9095883268938841, "max_depth": 8.454233185121197, "n_estimators": 5.920806854978046}, "datetime": {"datetime": "2021-09-17 11:42:06", "elapsed": 1764.889251, "delta": 6.669022}}
{"target": -3.2760040785136972, "params": {"eta": 1.0, "max_depth": 1.0, "n_estimators": 16.43659896760841}, "datetime": {"datetime": "2021-09-17 11:42:11", "elapsed": 1769.630293, "delta": 4.741042}}
{"target": -3.1058215467553394, "params": {"eta": 1.0, "max_depth": 3.218251573436502, "n_estimators": 18.0}, "datetime": {"datetime": "2021-09-17 11:42:17", "elapsed": 1776.175599, "delta": 6.545306}}
{"target": -12.014250176831295, "params": {"eta": 0.3027767562626811, "max_depth": 1.2680635397867435, "n_estimators": 2.3456300511382553}, "datetime": {"datetime": "2021-09-17 11:42:21", "elapsed": 1779.678823, "delta": 3.503224}}
