{"target": -12.061784383961383, "params": {"eta": 0.411418716114956, "max_depth": 13.669287943307792, "n_estimators": 54.71117676852659}, "datetime": {"datetime": "2021-09-27 18:50:17", "elapsed": 112.556094, "delta": 1.02633}}
{"target": -11.47421537683455, "params": {"eta": 0.1073932987146217, "max_depth": 10.027931240655585, "n_estimators": 77.21394471523843}, "datetime": {"datetime": "2021-09-27 18:50:18", "elapsed": 113.739089, "delta": 1.182995}}
{"target": -11.519758927047805, "params": {"eta": 0.05004223750604476, "max_depth": 6.130407655753067, "n_estimators": 77.24739485663143}, "datetime": {"datetime": "2021-09-27 18:50:19", "elapsed": 114.773095, "delta": 1.034006}}
{"target": -12.02503531960943, "params": {"eta": 0.16189949093106715, "max_depth": 26.455144127783754, "n_estimators": 95.67453509375483}, "datetime": {"datetime": "2021-09-27 18:50:21", "elapsed": 116.242094, "delta": 1.468999}}
{"target": -11.779460792457426, "params": {"eta": 0.4087887128802218, "max_depth": 17.69642539024381, "n_estimators": 97.20164493699016}, "datetime": {"datetime": "2021-09-27 18:50:22", "elapsed": 117.305456, "delta": 1.063362}}
{"target": -11.153108997407776, "params": {"eta": 0.13566207018623327, "max_depth": 8.822139345648072, "n_estimators": 79.22260558186402}, "datetime": {"datetime": "2021-09-27 18:50:23", "elapsed": 118.130453, "delta": 0.824997}}
{"target": -11.601048657289086, "params": {"eta": 0.18777059047782496, "max_depth": 7.724343574166288, "n_estimators": 79.45262884202157}, "datetime": {"datetime": "2021-09-27 18:50:24", "elapsed": 119.682413, "delta": 1.55196}}
{"target": -11.046442200248615, "params": {"eta": 0.09229221092853827, "max_depth": 9.799559009997061, "n_estimators": 77.07076701907158}, "datetime": {"datetime": "2021-09-27 18:50:25", "elapsed": 120.547837, "delta": 0.865424}}
{"target": -11.685576707722358, "params": {"eta": 0.33960854170424787, "max_depth": 19.062766159936437, "n_estimators": 84.86807771963143}, "datetime": {"datetime": "2021-09-27 18:50:26", "elapsed": 121.662837, "delta": 1.115}}
{"target": -12.370704065272898, "params": {"eta": 0.24911719114387354, "max_depth": 27.142511265010697, "n_estimators": 54.5099347373521}, "datetime": {"datetime": "2021-09-27 18:50:27", "elapsed": 122.826372, "delta": 1.163535}}
{"target": -12.02410985556701, "params": {"eta": 0.24527279202395635, "max_depth": 9.873551449877185, "n_estimators": 77.0999370565676}, "datetime": {"datetime": "2021-09-27 18:50:28", "elapsed": 123.832371, "delta": 1.005999}}
{"target": -12.514648534698535, "params": {"eta": 0.3943656301317637, "max_depth": 3.565491272219388, "n_estimators": 76.66725919500993}, "datetime": {"datetime": "2021-09-27 18:50:29", "elapsed": 124.925527, "delta": 1.093156}}
{"target": -11.097290975792099, "params": {"eta": 0.1633643259888241, "max_depth": 6.258489396742649, "n_estimators": 78.8098622250252}, "datetime": {"datetime": "2021-09-27 18:50:30", "elapsed": 125.977521, "delta": 1.051994}}
{"target": -12.692141158420558, "params": {"eta": 0.05399628245312664, "max_depth": 3.841581400823067, "n_estimators": 91.51389926105443}, "datetime": {"datetime": "2021-09-27 18:50:32", "elapsed": 127.2278, "delta": 1.250279}}
{"target": -11.739225621420116, "params": {"eta": 0.10106334581080934, "max_depth": 24.416138537799178, "n_estimators": 79.0772287393477}, "datetime": {"datetime": "2021-09-27 18:50:33", "elapsed": 128.673434, "delta": 1.445634}}
{"target": -13.440105946041262, "params": {"eta": 0.4974237941508378, "max_depth": 25.930374794612884, "n_estimators": 95.36157827299323}, "datetime": {"datetime": "2021-09-27 18:50:34", "elapsed": 129.810432, "delta": 1.136998}}
{"target": -12.115148878905362, "params": {"eta": 0.20623956077841193, "max_depth": 9.112724527528572, "n_estimators": 78.96218302177502}, "datetime": {"datetime": "2021-09-27 18:50:36", "elapsed": 131.163693, "delta": 1.353261}}
{"target": -12.298970282393492, "params": {"eta": 0.24104031633142742, "max_depth": 9.434848018500071, "n_estimators": 67.44046002258582}, "datetime": {"datetime": "2021-09-27 18:50:37", "elapsed": 132.196693, "delta": 1.033}}
{"target": -11.283440131655341, "params": {"eta": 0.12415330640472133, "max_depth": 9.601929864532307, "n_estimators": 76.91105719248309}, "datetime": {"datetime": "2021-09-27 18:50:38", "elapsed": 133.313276, "delta": 1.116583}}
{"target": -11.328364490411095, "params": {"eta": 0.11862589025885373, "max_depth": 9.629894138477468, "n_estimators": 77.07570351533792}, "datetime": {"datetime": "2021-09-27 18:50:39", "elapsed": 134.840215, "delta": 1.526939}}
{"target": -12.269105084092207, "params": {"eta": 0.4137851095924379, "max_depth": 6.828668340863284, "n_estimators": 99.67437989694778}, "datetime": {"datetime": "2021-09-27 18:50:40", "elapsed": 135.899211, "delta": 1.058996}}
{"target": -11.745808318928168, "params": {"eta": 0.2949044311430933, "max_depth": 10.073685057809687, "n_estimators": 79.72360233703115}, "datetime": {"datetime": "2021-09-27 18:50:41", "elapsed": 136.901417, "delta": 1.002206}}
{"target": -11.305327677879676, "params": {"eta": 0.18344692788156064, "max_depth": 4.158996930638095, "n_estimators": 91.31185820382478}, "datetime": {"datetime": "2021-09-27 18:50:42", "elapsed": 137.721414, "delta": 0.819997}}
{"target": -11.985970176936107, "params": {"eta": 0.2330192392938394, "max_depth": 20.981731754287534, "n_estimators": 71.23787147749422}, "datetime": {"datetime": "2021-09-27 18:50:43", "elapsed": 138.888896, "delta": 1.167482}}
{"target": -11.726967865031268, "params": {"eta": 0.20775350545877524, "max_depth": 6.242010485877119, "n_estimators": 78.62675580876784}, "datetime": {"datetime": "2021-09-27 18:50:44", "elapsed": 139.815926, "delta": 0.92703}}
{"target": -11.416943982924431, "params": {"eta": 0.05, "max_depth": 8.9241704824107, "n_estimators": 79.13766627400713}, "datetime": {"datetime": "2021-09-27 18:50:45", "elapsed": 140.894624, "delta": 1.078698}}
{"target": -12.065318375392472, "params": {"eta": 0.29334667990751495, "max_depth": 4.010125933710044, "n_estimators": 91.24664203233685}, "datetime": {"datetime": "2021-09-27 18:50:46", "elapsed": 141.668619, "delta": 0.773995}}
{"target": -11.174035827951874, "params": {"eta": 0.08020496068870263, "max_depth": 10.278455031344546, "n_estimators": 78.0733520719205}, "datetime": {"datetime": "2021-09-27 18:50:47", "elapsed": 142.575184, "delta": 0.906565}}
{"target": -11.357362195985495, "params": {"eta": 0.19852313917146358, "max_depth": 5.417961950080127, "n_estimators": 98.80406810012644}, "datetime": {"datetime": "2021-09-27 18:50:49", "elapsed": 144.074256, "delta": 1.499072}}
{"target": -12.030491247405044, "params": {"eta": 0.10730599617248357, "max_depth": 19.062231079407056, "n_estimators": 73.5771191653766}, "datetime": {"datetime": "2021-09-27 18:50:50", "elapsed": 145.794826, "delta": 1.72057}}
{"target": -12.464397657601465, "params": {"eta": 0.2437287913106575, "max_depth": 8.957400040364234, "n_estimators": 79.2066062159785}, "datetime": {"datetime": "2021-09-27 18:50:52", "elapsed": 147.636181, "delta": 1.841355}}
{"target": -11.904021228470059, "params": {"eta": 0.1942814190417888, "max_depth": 19.121716641911732, "n_estimators": 73.32872048773734}, "datetime": {"datetime": "2021-09-27 18:50:54", "elapsed": 149.312277, "delta": 1.676096}}
{"target": -11.754811486066687, "params": {"eta": 0.19305612084495005, "max_depth": 6.516219987213451, "n_estimators": 78.69125911340238}, "datetime": {"datetime": "2021-09-27 18:50:56", "elapsed": 151.109282, "delta": 1.797005}}
{"target": -11.970776039566118, "params": {"eta": 0.35181805207809935, "max_depth": 23.937094654768497, "n_estimators": 59.366609244358216}, "datetime": {"datetime": "2021-09-27 18:50:57", "elapsed": 152.490279, "delta": 1.380997}}
{"target": -11.28905720082342, "params": {"eta": 0.08100980185065723, "max_depth": 6.594670539024564, "n_estimators": 77.59261955494132}, "datetime": {"datetime": "2021-09-27 18:50:59", "elapsed": 154.129601, "delta": 1.639322}}
{"target": -11.402292984703326, "params": {"eta": 0.05262452657572323, "max_depth": 6.081284566582586, "n_estimators": 79.02081523048057}, "datetime": {"datetime": "2021-09-27 18:51:00", "elapsed": 155.668923, "delta": 1.539322}}
{"target": -11.278510299260562, "params": {"eta": 0.2061538196952813, "max_depth": 6.903279943317677, "n_estimators": 77.34290887605327}, "datetime": {"datetime": "2021-09-27 18:51:01", "elapsed": 156.576922, "delta": 0.907999}}
{"target": -11.357877655120777, "params": {"eta": 0.07940986909504416, "max_depth": 6.353596607761974, "n_estimators": 78.96317440888986}, "datetime": {"datetime": "2021-09-27 18:51:02", "elapsed": 157.556128, "delta": 0.979206}}
{"target": -11.43457764732569, "params": {"eta": 0.05407460817579504, "max_depth": 10.009428349308122, "n_estimators": 78.96265553008783}, "datetime": {"datetime": "2021-09-27 18:51:03", "elapsed": 158.513133, "delta": 0.957005}}
{"target": -11.699037038765281, "params": {"eta": 0.3734311726892815, "max_depth": 11.62665951198686, "n_estimators": 85.38971458157812}, "datetime": {"datetime": "2021-09-27 18:51:05", "elapsed": 160.050282, "delta": 1.537149}}
{"target": -11.84405142967726, "params": {"eta": 0.26238338304240116, "max_depth": 5.656482632135385, "n_estimators": 98.87103104488459}, "datetime": {"datetime": "2021-09-27 18:51:06", "elapsed": 161.10228, "delta": 1.051998}}
{"target": -11.20548235173651, "params": {"eta": 0.19441986009696532, "max_depth": 6.820474717508568, "n_estimators": 77.53036680793983}, "datetime": {"datetime": "2021-09-27 18:51:07", "elapsed": 162.052283, "delta": 0.950003}}
{"target": -14.466113521692336, "params": {"eta": 0.19770049367405268, "max_depth": 1.423935328019894, "n_estimators": 96.0958463437519}, "datetime": {"datetime": "2021-09-27 18:51:07", "elapsed": 162.808284, "delta": 0.756001}}
{"target": -12.581033830775446, "params": {"eta": 0.23876810649293367, "max_depth": 10.316460925420472, "n_estimators": 78.14382003421082}, "datetime": {"datetime": "2021-09-27 18:51:08", "elapsed": 163.987479, "delta": 1.179195}}
{"target": -11.664760857337257, "params": {"eta": 0.37327918012176187, "max_depth": 11.967633184029717, "n_estimators": 78.31501286904148}, "datetime": {"datetime": "2021-09-27 18:51:10", "elapsed": 165.323398, "delta": 1.335919}}
{"target": -11.579413782480948, "params": {"eta": 0.13776547558277913, "max_depth": 8.580175156046698, "n_estimators": 79.41136554292594}, "datetime": {"datetime": "2021-09-27 18:51:11", "elapsed": 166.256398, "delta": 0.933}}
{"target": -11.15849561014595, "params": {"eta": 0.1078682395412428, "max_depth": 5.955943221403702, "n_estimators": 78.79217042683423}, "datetime": {"datetime": "2021-09-27 18:51:12", "elapsed": 167.283061, "delta": 1.026663}}
{"target": -11.674051675928343, "params": {"eta": 0.3907502344563163, "max_depth": 5.264314424458726, "n_estimators": 98.64217397636966}, "datetime": {"datetime": "2021-09-27 18:51:13", "elapsed": 168.382077, "delta": 1.099016}}
{"target": -11.504268289153648, "params": {"eta": 0.10344489012883445, "max_depth": 9.12095561757808, "n_estimators": 78.46496686187616}, "datetime": {"datetime": "2021-09-27 18:51:14", "elapsed": 169.377356, "delta": 0.995279}}
{"target": -14.177850426553757, "params": {"eta": 0.12570265548287057, "max_depth": 2.3825377589584495, "n_estimators": 50.56616277656217}, "datetime": {"datetime": "2021-09-27 18:51:15", "elapsed": 170.074358, "delta": 0.697002}}
{"target": -11.914030783499193, "params": {"eta": 0.10705215086837924, "max_depth": 24.863571056459122, "n_estimators": 69.91996894243859}, "datetime": {"datetime": "2021-09-27 18:51:16", "elapsed": 171.253992, "delta": 1.179634}}
{"target": -11.183790274963288, "params": {"eta": 0.07354062561340688, "max_depth": 8.707819838623069, "n_estimators": 78.94819710520312}, "datetime": {"datetime": "2021-09-27 18:51:17", "elapsed": 172.448995, "delta": 1.195003}}
{"target": -11.946107796850065, "params": {"eta": 0.17287380166612681, "max_depth": 19.43044619719307, "n_estimators": 73.55357478038232}, "datetime": {"datetime": "2021-09-27 18:51:18", "elapsed": 173.927958, "delta": 1.478963}}
{"target": -11.286031397081446, "params": {"eta": 0.06483888805099462, "max_depth": 12.95684537087779, "n_estimators": 68.19827517577349}, "datetime": {"datetime": "2021-09-27 18:51:19", "elapsed": 174.947905, "delta": 1.019947}}
{"target": -11.722630363292593, "params": {"eta": 0.35741793017360163, "max_depth": 19.087223894626163, "n_estimators": 84.8703717080266}, "datetime": {"datetime": "2021-09-27 18:51:21", "elapsed": 176.381908, "delta": 1.434003}}
{"target": -11.45226223045018, "params": {"eta": 0.061884214953313615, "max_depth": 13.023075959691644, "n_estimators": 67.97249918474516}, "datetime": {"datetime": "2021-09-27 18:51:22", "elapsed": 177.362144, "delta": 0.980236}}
{"target": -11.380508373986329, "params": {"eta": 0.11886672314555047, "max_depth": 12.270316015569097, "n_estimators": 94.61598653535037}, "datetime": {"datetime": "2021-09-27 18:51:23", "elapsed": 178.808146, "delta": 1.446002}}
{"target": -12.046067039323411, "params": {"eta": 0.2643159910436436, "max_depth": 4.946545982735852, "n_estimators": 72.78163356974247}, "datetime": {"datetime": "2021-09-27 18:51:25", "elapsed": 180.392617, "delta": 1.584471}}
{"target": -11.070197323350891, "params": {"eta": 0.08325233997576495, "max_depth": 8.694967280186042, "n_estimators": 79.08356389236674}, "datetime": {"datetime": "2021-09-27 18:51:26", "elapsed": 181.797401, "delta": 1.404784}}
{"target": -11.81157720774954, "params": {"eta": 0.32899193069115856, "max_depth": 8.926800719047076, "n_estimators": 58.57876510440636}, "datetime": {"datetime": "2021-09-27 18:51:27", "elapsed": 182.845402, "delta": 1.048001}}
{"target": -11.951107624322525, "params": {"eta": 0.37728955850449175, "max_depth": 6.163519875018421, "n_estimators": 78.89189795337649}, "datetime": {"datetime": "2021-09-27 18:51:29", "elapsed": 184.32734, "delta": 1.481938}}
{"target": -12.119777842489388, "params": {"eta": 0.2902237857476452, "max_depth": 12.229983926425582, "n_estimators": 94.49404244214239}, "datetime": {"datetime": "2021-09-27 18:51:30", "elapsed": 185.640938, "delta": 1.313598}}
{"target": -12.516665664402954, "params": {"eta": 0.26318602598464075, "max_depth": 18.97469035450999, "n_estimators": 90.66196488240328}, "datetime": {"datetime": "2021-09-27 18:51:32", "elapsed": 187.1836, "delta": 1.542662}}
{"target": -12.159735660341168, "params": {"eta": 0.2453229472005145, "max_depth": 6.529015154843477, "n_estimators": 63.62602124994559}, "datetime": {"datetime": "2021-09-27 18:51:33", "elapsed": 188.108601, "delta": 0.925001}}
{"target": -11.65870527317839, "params": {"eta": 0.09712288986251083, "max_depth": 13.230308346983206, "n_estimators": 68.17496801740572}, "datetime": {"datetime": "2021-09-27 18:51:34", "elapsed": 189.30608, "delta": 1.197479}}
{"target": -11.850958288785355, "params": {"eta": 0.2810527670004817, "max_depth": 12.452395024208965, "n_estimators": 94.71981038315555}, "datetime": {"datetime": "2021-09-27 18:51:35", "elapsed": 190.430077, "delta": 1.123997}}
{"target": -11.39981318691898, "params": {"eta": 0.09254512947371835, "max_depth": 6.62573934304416, "n_estimators": 77.20782456274176}, "datetime": {"datetime": "2021-09-27 18:51:36", "elapsed": 191.767972, "delta": 1.337895}}
{"target": -11.702650938735012, "params": {"eta": 0.09084178258937184, "max_depth": 18.83046819637093, "n_estimators": 59.616630476158505}, "datetime": {"datetime": "2021-09-27 18:51:37", "elapsed": 192.886971, "delta": 1.118999}}
{"target": -11.681541196400554, "params": {"eta": 0.05, "max_depth": 5.839082427396521, "n_estimators": 78.93475556844923}, "datetime": {"datetime": "2021-09-27 18:51:39", "elapsed": 194.222634, "delta": 1.335663}}
{"target": -11.885230059756683, "params": {"eta": 0.2743168248113655, "max_depth": 13.093710061158895, "n_estimators": 57.31919372138095}, "datetime": {"datetime": "2021-09-27 18:51:40", "elapsed": 195.393844, "delta": 1.17121}}
{"target": -12.298575269102683, "params": {"eta": 0.18445239290141907, "max_depth": 22.150966280000816, "n_estimators": 72.21556489721253}, "datetime": {"datetime": "2021-09-27 18:51:41", "elapsed": 196.775846, "delta": 1.382002}}
{"target": -11.384171234941368, "params": {"eta": 0.07352317619953824, "max_depth": 19.443093572292856, "n_estimators": 71.06576796075424}, "datetime": {"datetime": "2021-09-27 18:51:43", "elapsed": 198.393414, "delta": 1.617568}}
{"target": -11.3786673101353, "params": {"eta": 0.06520346312605284, "max_depth": 6.0891163822458685, "n_estimators": 78.6301845336622}, "datetime": {"datetime": "2021-09-27 18:51:44", "elapsed": 199.377997, "delta": 0.984583}}
{"target": -11.625219595205868, "params": {"eta": 0.056817529780416286, "max_depth": 6.381480929496397, "n_estimators": 78.82141089933289}, "datetime": {"datetime": "2021-09-27 18:51:45", "elapsed": 200.474002, "delta": 1.096005}}
{"target": -13.097871170629476, "params": {"eta": 0.4754966113517243, "max_depth": 19.389188183407967, "n_estimators": 59.38687554646806}, "datetime": {"datetime": "2021-09-27 18:51:46", "elapsed": 201.625549, "delta": 1.151547}}
{"target": -12.445419699816815, "params": {"eta": 0.17711016381673883, "max_depth": 12.940871040628751, "n_estimators": 97.26458972208974}, "datetime": {"datetime": "2021-09-27 18:51:48", "elapsed": 203.201676, "delta": 1.576127}}
{"target": -12.599032216910814, "params": {"eta": 0.322371826501824, "max_depth": 12.869783436811108, "n_estimators": 68.19064218884444}, "datetime": {"datetime": "2021-09-27 18:51:49", "elapsed": 204.681482, "delta": 1.479806}}
{"target": -11.558370644824693, "params": {"eta": 0.2728487901292894, "max_depth": 9.670808644279866, "n_estimators": 81.90641055656172}, "datetime": {"datetime": "2021-09-27 18:51:50", "elapsed": 205.972687, "delta": 1.291205}}
{"target": -12.790157374401566, "params": {"eta": 0.45033108261602783, "max_depth": 14.929789472417873, "n_estimators": 51.72331971700237}, "datetime": {"datetime": "2021-09-27 18:51:52", "elapsed": 207.090691, "delta": 1.118004}}
{"target": -12.60375801380566, "params": {"eta": 0.3453698305269546, "max_depth": 7.810692929278433, "n_estimators": 78.15351182337155}, "datetime": {"datetime": "2021-09-27 18:51:53", "elapsed": 208.163523, "delta": 1.072832}}
{"target": -11.083024845764022, "params": {"eta": 0.07810972974608221, "max_depth": 6.020582871933624, "n_estimators": 78.74494032950133}, "datetime": {"datetime": "2021-09-27 18:51:54", "elapsed": 209.535524, "delta": 1.372001}}
{"target": -12.39156236633695, "params": {"eta": 0.2533676618131104, "max_depth": 24.813681635944445, "n_estimators": 55.92384440128785}, "datetime": {"datetime": "2021-09-27 18:51:55", "elapsed": 210.938524, "delta": 1.403}}
{"target": -11.59595884606327, "params": {"eta": 0.20292365910750904, "max_depth": 22.462941298132897, "n_estimators": 97.84319876459816}, "datetime": {"datetime": "2021-09-27 18:51:57", "elapsed": 212.925755, "delta": 1.987231}}
{"target": -11.440399236207641, "params": {"eta": 0.06803803208301962, "max_depth": 8.782174610048958, "n_estimators": 79.06531188113101}, "datetime": {"datetime": "2021-09-27 18:51:59", "elapsed": 214.866006, "delta": 1.940251}}
{"target": -11.84907152141331, "params": {"eta": 0.25500867068254496, "max_depth": 6.929610406977555, "n_estimators": 77.46438629188279}, "datetime": {"datetime": "2021-09-27 18:52:01", "elapsed": 216.79266, "delta": 1.926654}}
{"target": -10.926598008205508, "params": {"eta": 0.13478686437473653, "max_depth": 6.249230211946755, "n_estimators": 78.89542256217536}, "datetime": {"datetime": "2021-09-27 18:52:03", "elapsed": 218.54317, "delta": 1.75051}}
{"target": -12.064389308816374, "params": {"eta": 0.40818104491338336, "max_depth": 10.521210265169822, "n_estimators": 69.08601452428718}, "datetime": {"datetime": "2021-09-27 18:52:05", "elapsed": 220.017371, "delta": 1.474201}}
{"target": -12.230730015914762, "params": {"eta": 0.3731938737314789, "max_depth": 5.515552717510294, "n_estimators": 91.91718041325629}, "datetime": {"datetime": "2021-09-27 18:52:06", "elapsed": 221.97808, "delta": 1.960709}}
{"target": -12.016281496519902, "params": {"eta": 0.21981689108509683, "max_depth": 8.7932431840992, "n_estimators": 78.9945770174492}, "datetime": {"datetime": "2021-09-27 18:52:08", "elapsed": 223.660076, "delta": 1.681996}}
{"target": -11.112545976536891, "params": {"eta": 0.10304529822724943, "max_depth": 6.0340104359716165, "n_estimators": 78.83727283260598}, "datetime": {"datetime": "2021-09-27 18:52:10", "elapsed": 225.263611, "delta": 1.603535}}
{"target": -12.319213055883916, "params": {"eta": 0.22169951926264697, "max_depth": 17.349267743389774, "n_estimators": 79.0558188855535}, "datetime": {"datetime": "2021-09-27 18:52:12", "elapsed": 227.615755, "delta": 2.352144}}
{"target": -12.05475700158006, "params": {"eta": 0.29440843017280843, "max_depth": 6.626670648432063, "n_estimators": 77.41233503482411}, "datetime": {"datetime": "2021-09-27 18:52:14", "elapsed": 229.440638, "delta": 1.824883}}
{"target": -11.856505983830719, "params": {"eta": 0.19147885169307483, "max_depth": 8.754930525861248, "n_estimators": 79.41729770748759}, "datetime": {"datetime": "2021-09-27 18:52:16", "elapsed": 231.659642, "delta": 2.219004}}
{"target": -10.770971969851972, "params": {"eta": 0.13288219959144543, "max_depth": 6.733232453020006, "n_estimators": 77.85227702287816}, "datetime": {"datetime": "2021-09-27 18:52:18", "elapsed": 233.266686, "delta": 1.607044}}
{"target": -12.363985820570685, "params": {"eta": 0.46077635960111485, "max_depth": 6.678766072409552, "n_estimators": 67.61959022469969}, "datetime": {"datetime": "2021-09-27 18:52:19", "elapsed": 234.42582, "delta": 1.159134}}
{"target": -11.401765632282897, "params": {"eta": 0.08109713115552378, "max_depth": 6.462947374043412, "n_estimators": 77.61654429032659}, "datetime": {"datetime": "2021-09-27 18:52:21", "elapsed": 236.188782, "delta": 1.762962}}
