{"target": 0.8517486433329797, "params": {"eta": 0.3025164152653185, "max_depth": 7.994016255469888, "n_estimators": 50.630214814020974}, "datetime": {"datetime": "2021-09-21 12:41:17", "elapsed": 19.511579, "delta": 0.672009}}
{"target": 0.8076219665761003, "params": {"eta": 0.15651692881619858, "max_depth": 2.7284520956493945, "n_estimators": 42.12050167564155}, "datetime": {"datetime": "2021-09-21 12:41:17", "elapsed": 19.741582, "delta": 0.230003}}
{"target": 0.8642037086487284, "params": {"eta": 0.22747986162280734, "max_depth": 19.551930209302533, "n_estimators": 49.3376352778995}, "datetime": {"datetime": "2021-09-21 12:41:18", "elapsed": 20.508581, "delta": 0.766999}}
{"target": 0.8719487506321535, "params": {"eta": 0.1815251045551958, "max_depth": 7.833838298956247, "n_estimators": 51.6198429728838}, "datetime": {"datetime": "2021-09-21 12:41:19", "elapsed": 21.455628, "delta": 0.947047}}
{"target": 0.8444762855533222, "params": {"eta": 0.27799648656279674, "max_depth": 9.779953601548314, "n_estimators": 54.07688614533458}, "datetime": {"datetime": "2021-09-21 12:41:20", "elapsed": 22.136625, "delta": 0.680997}}
{"target": 0.867551251298694, "params": {"eta": 0.18895715628945076, "max_depth": 19.90117815787981, "n_estimators": 46.371689649718704}, "datetime": {"datetime": "2021-09-21 12:41:21", "elapsed": 22.989987, "delta": 0.853362}}
{"target": 0.8501662997223124, "params": {"eta": 0.1043828710432747, "max_depth": 6.9041781705271275, "n_estimators": 38.415253764987185}, "datetime": {"datetime": "2021-09-21 12:41:21", "elapsed": 23.443993, "delta": 0.454006}}
{"target": 0.8488343783528474, "params": {"eta": 0.273178197684286, "max_depth": 18.62974285046661, "n_estimators": 37.57992811491252}, "datetime": {"datetime": "2021-09-21 12:41:22", "elapsed": 24.263001, "delta": 0.819008}}
{"target": 0.7870506659541229, "params": {"eta": 0.18541934805626792, "max_depth": 1.3180765124064928, "n_estimators": 57.92562360411469}, "datetime": {"datetime": "2021-09-21 12:41:22", "elapsed": 24.612026, "delta": 0.349025}}
{"target": 0.8405170790483842, "params": {"eta": 0.2570733222099124, "max_depth": 18.008049108718108, "n_estimators": 52.34754208426517}, "datetime": {"datetime": "2021-09-21 12:41:23", "elapsed": 25.469115, "delta": 0.857089}}
{"target": 0.8595041561803045, "params": {"eta": 0.11674445967709215, "max_depth": 9.482967589213859, "n_estimators": 55.1948574242104}, "datetime": {"datetime": "2021-09-21 12:41:24", "elapsed": 26.184115, "delta": 0.715}}
{"target": 0.8713898616785082, "params": {"eta": 0.33390205994921984, "max_depth": 4.731133824459842, "n_estimators": 42.72352420402491}, "datetime": {"datetime": "2021-09-21 12:41:24", "elapsed": 26.590113, "delta": 0.405998}}
{"target": 0.8580299982206921, "params": {"eta": 0.3257111005404393, "max_depth": 6.375120574631648, "n_estimators": 45.951135964374835}, "datetime": {"datetime": "2021-09-21 12:41:25", "elapsed": 27.088917, "delta": 0.498804}}
{"target": 0.8333677043812717, "params": {"eta": 0.3867892686931995, "max_depth": 19.711077338555054, "n_estimators": 57.635549457554916}, "datetime": {"datetime": "2021-09-21 12:41:25", "elapsed": 27.906255, "delta": 0.817338}}
{"target": 0.8537283099735173, "params": {"eta": 0.1216937294577644, "max_depth": 13.420363669599324, "n_estimators": 56.15244598168615}, "datetime": {"datetime": "2021-09-21 12:41:26", "elapsed": 28.57326, "delta": 0.667005}}
{"target": 0.8658675538060052, "params": {"eta": 0.13075081908617675, "max_depth": 15.332435899769047, "n_estimators": 59.643156547907495}, "datetime": {"datetime": "2021-09-21 12:41:27", "elapsed": 29.479139, "delta": 0.905879}}
{"target": 0.866720558963348, "params": {"eta": 0.3509854891982369, "max_depth": 12.603964326367471, "n_estimators": 33.509114378032855}, "datetime": {"datetime": "2021-09-21 12:41:28", "elapsed": 30.030313, "delta": 0.551174}}
{"target": 0.8415982280112465, "params": {"eta": 0.3406537044845125, "max_depth": 3.7179248455745655, "n_estimators": 39.156350614713006}, "datetime": {"datetime": "2021-09-21 12:41:28", "elapsed": 30.45831, "delta": 0.427997}}
{"target": 0.8793115031844422, "params": {"eta": 0.17493497880131265, "max_depth": 15.905044911076335, "n_estimators": 45.89940996387806}, "datetime": {"datetime": "2021-09-21 12:41:29", "elapsed": 31.10438, "delta": 0.64607}}
{"target": 0.8555156116122952, "params": {"eta": 0.13426289657622487, "max_depth": 11.020278565245428, "n_estimators": 48.75381901748732}, "datetime": {"datetime": "2021-09-21 12:41:29", "elapsed": 31.87001, "delta": 0.76563}}
{"target": 0.8646342504331962, "params": {"eta": 0.37087504210182487, "max_depth": 4.54551657368811, "n_estimators": 41.70293386713454}, "datetime": {"datetime": "2021-09-21 12:41:30", "elapsed": 32.244008, "delta": 0.373998}}
{"target": 0.8542338264198115, "params": {"eta": 0.33162086696535376, "max_depth": 19.034649402888878, "n_estimators": 53.44847992195165}, "datetime": {"datetime": "2021-09-21 12:41:31", "elapsed": 33.000618, "delta": 0.75661}}
{"target": 0.8043525638505866, "params": {"eta": 0.32955597081212723, "max_depth": 1.8146797658266345, "n_estimators": 39.73452512164516}, "datetime": {"datetime": "2021-09-21 12:41:31", "elapsed": 33.262622, "delta": 0.262004}}
{"target": 0.8392832969560032, "params": {"eta": 0.30881649109845843, "max_depth": 18.205062449142435, "n_estimators": 36.34082612392994}, "datetime": {"datetime": "2021-09-21 12:41:31", "elapsed": 33.790142, "delta": 0.52752}}
{"target": 0.8610960220303882, "params": {"eta": 0.18177088740581923, "max_depth": 6.092848686315184, "n_estimators": 36.68251483444824}, "datetime": {"datetime": "2021-09-21 12:41:32", "elapsed": 34.13715, "delta": 0.347008}}
{"target": 0.8309704456007666, "params": {"eta": 0.30685207159417655, "max_depth": 17.170337409306196, "n_estimators": 33.3766361256178}, "datetime": {"datetime": "2021-09-21 12:41:32", "elapsed": 34.653144, "delta": 0.515994}}
{"target": 0.8596921762760833, "params": {"eta": 0.36376104611303595, "max_depth": 18.441084807373468, "n_estimators": 43.579761637323664}, "datetime": {"datetime": "2021-09-21 12:41:33", "elapsed": 35.269323, "delta": 0.616179}}
{"target": 0.8567900704968054, "params": {"eta": 0.3125426928470423, "max_depth": 9.300785385661657, "n_estimators": 50.53920865903241}, "datetime": {"datetime": "2021-09-21 12:41:33", "elapsed": 35.779536, "delta": 0.510213}}
{"target": 0.8573048251768074, "params": {"eta": 0.17240149165215435, "max_depth": 18.34631328768926, "n_estimators": 42.48554055745599}, "datetime": {"datetime": "2021-09-21 12:41:34", "elapsed": 36.398409, "delta": 0.618873}}
{"target": 0.7962784754925046, "params": {"eta": 0.1623998716282322, "max_depth": 2.9234639051569635, "n_estimators": 33.409677827903295}, "datetime": {"datetime": "2021-09-21 12:41:34", "elapsed": 36.693488, "delta": 0.295079}}
{"target": 0.8485837669610012, "params": {"eta": 0.3220318258834217, "max_depth": 7.836969160818843, "n_estimators": 33.264988291536916}, "datetime": {"datetime": "2021-09-21 12:41:35", "elapsed": 37.113149, "delta": 0.419661}}
{"target": 0.8317689077663093, "params": {"eta": 0.18609725911338132, "max_depth": 3.3445148865670005, "n_estimators": 35.38185146228499}, "datetime": {"datetime": "2021-09-21 12:41:35", "elapsed": 37.442152, "delta": 0.329003}}
{"target": 0.8777615622368513, "params": {"eta": 0.3991476686243436, "max_depth": 8.729382728478136, "n_estimators": 44.937905040038096}, "datetime": {"datetime": "2021-09-21 12:41:35", "elapsed": 37.87215, "delta": 0.429998}}
{"target": 0.8558033393403087, "params": {"eta": 0.3075214324037302, "max_depth": 3.1684997915298267, "n_estimators": 52.941853440844596}, "datetime": {"datetime": "2021-09-21 12:41:36", "elapsed": 38.221151, "delta": 0.349001}}
{"target": 0.8494061391732545, "params": {"eta": 0.23201901993757554, "max_depth": 6.02537436921806, "n_estimators": 34.66185330099251}, "datetime": {"datetime": "2021-09-21 12:41:36", "elapsed": 38.595152, "delta": 0.374001}}
{"target": 0.8626016535175349, "params": {"eta": 0.3056490369380255, "max_depth": 6.857986517892086, "n_estimators": 44.61439945344192}, "datetime": {"datetime": "2021-09-21 12:41:37", "elapsed": 39.003151, "delta": 0.407999}}
{"target": 0.7995485874600348, "params": {"eta": 0.2112278074770766, "max_depth": 2.2981145535926, "n_estimators": 42.81916302797659}, "datetime": {"datetime": "2021-09-21 12:41:37", "elapsed": 39.353152, "delta": 0.350001}}
{"target": 0.8375616674057044, "params": {"eta": 0.25118863225990545, "max_depth": 19.757065201445144, "n_estimators": 58.63308217392712}, "datetime": {"datetime": "2021-09-21 12:41:38", "elapsed": 40.0912, "delta": 0.738048}}
{"target": 0.8770828565405755, "params": {"eta": 0.21895821133503907, "max_depth": 4.382052774778999, "n_estimators": 47.52787402370222}, "datetime": {"datetime": "2021-09-21 12:41:38", "elapsed": 40.453203, "delta": 0.362003}}
{"target": 0.8556296463016132, "params": {"eta": 0.320401609234225, "max_depth": 10.82687446430333, "n_estimators": 46.676780377027676}, "datetime": {"datetime": "2021-09-21 12:41:38", "elapsed": 40.986204, "delta": 0.533001}}
{"target": 0.868890482125081, "params": {"eta": 0.1855277692076694, "max_depth": 10.137947100226272, "n_estimators": 33.86218146207137}, "datetime": {"datetime": "2021-09-21 12:41:39", "elapsed": 41.454201, "delta": 0.467997}}
{"target": 0.8762373367648455, "params": {"eta": 0.15576240711038408, "max_depth": 14.232082878005912, "n_estimators": 49.19635169677183}, "datetime": {"datetime": "2021-09-21 12:41:40", "elapsed": 42.083208, "delta": 0.629007}}
{"target": 0.8635673905411856, "params": {"eta": 0.18755847584505098, "max_depth": 15.647288523033113, "n_estimators": 57.28456692317488}, "datetime": {"datetime": "2021-09-21 12:41:40", "elapsed": 42.792204, "delta": 0.708996}}
{"target": 0.8489241807828133, "params": {"eta": 0.27318030055267406, "max_depth": 16.248304638210335, "n_estimators": 38.3575409375857}, "datetime": {"datetime": "2021-09-21 12:41:41", "elapsed": 43.468247, "delta": 0.676043}}
{"target": 0.857132343587224, "params": {"eta": 0.2221904130602162, "max_depth": 13.466444316887252, "n_estimators": 47.40987284347577}, "datetime": {"datetime": "2021-09-21 12:41:42", "elapsed": 44.124246, "delta": 0.655999}}
{"target": 0.8453548848636838, "params": {"eta": 0.31953601122916686, "max_depth": 17.734312581485753, "n_estimators": 43.726824850052054}, "datetime": {"datetime": "2021-09-21 12:41:42", "elapsed": 44.741244, "delta": 0.616998}}
{"target": 0.8597311332306856, "params": {"eta": 0.2372295450993819, "max_depth": 6.395327449164169, "n_estimators": 45.11221580452403}, "datetime": {"datetime": "2021-09-21 12:41:43", "elapsed": 45.245245, "delta": 0.504001}}
{"target": 0.8150860608711525, "params": {"eta": 0.14998551029902335, "max_depth": 2.224235497256648, "n_estimators": 56.40643456857026}, "datetime": {"datetime": "2021-09-21 12:41:43", "elapsed": 45.588246, "delta": 0.343001}}
{"target": 0.8502086106724815, "params": {"eta": 0.32539012155201985, "max_depth": 16.245331989990845, "n_estimators": 37.54751058427889}, "datetime": {"datetime": "2021-09-21 12:41:44", "elapsed": 46.187246, "delta": 0.599}}
{"target": 0.8425102247104848, "params": {"eta": 0.2923742220155063, "max_depth": 3.9060982119629437, "n_estimators": 47.62812731708835}, "datetime": {"datetime": "2021-09-21 12:41:44", "elapsed": 46.594247, "delta": 0.407001}}
{"target": 0.8592810598064679, "params": {"eta": 0.25566845729295695, "max_depth": 4.3176695254888635, "n_estimators": 56.15994393114626}, "datetime": {"datetime": "2021-09-21 12:41:44", "elapsed": 46.982591, "delta": 0.388344}}
{"target": 0.8641826209197595, "params": {"eta": 0.13093802929553405, "max_depth": 13.805547605109599, "n_estimators": 50.43424056663448}, "datetime": {"datetime": "2021-09-21 12:41:45", "elapsed": 47.573661, "delta": 0.59107}}
{"target": 0.8499886399234502, "params": {"eta": 0.2999772351314026, "max_depth": 8.794381384137667, "n_estimators": 59.66424071718805}, "datetime": {"datetime": "2021-09-21 12:41:46", "elapsed": 48.274263, "delta": 0.700602}}
{"target": 0.8498091261494438, "params": {"eta": 0.17271441991881475, "max_depth": 18.105589111281738, "n_estimators": 46.037633741200146}, "datetime": {"datetime": "2021-09-21 12:41:46", "elapsed": 48.905904, "delta": 0.631641}}
{"target": 0.848558992707102, "params": {"eta": 0.292988640923642, "max_depth": 14.542897072035803, "n_estimators": 49.476213487858324}, "datetime": {"datetime": "2021-09-21 12:41:47", "elapsed": 49.533188, "delta": 0.627284}}
{"target": 0.7648780611508885, "params": {"eta": 0.11821059668091648, "max_depth": 1.1147048655754874, "n_estimators": 37.10569892222779}, "datetime": {"datetime": "2021-09-21 12:41:47", "elapsed": 49.929364, "delta": 0.396176}}
{"target": 0.8424221884560343, "params": {"eta": 0.2513464341365187, "max_depth": 10.215748708388862, "n_estimators": 58.5357689877759}, "datetime": {"datetime": "2021-09-21 12:41:48", "elapsed": 50.532362, "delta": 0.602998}}
{"target": 0.8569050318461553, "params": {"eta": 0.31839277898607177, "max_depth": 9.619085413196151, "n_estimators": 58.71965804506925}, "datetime": {"datetime": "2021-09-21 12:41:49", "elapsed": 51.209196, "delta": 0.676834}}
{"target": 0.8603639881371657, "params": {"eta": 0.33816025364314195, "max_depth": 15.370646715570162, "n_estimators": 54.392493458425555}, "datetime": {"datetime": "2021-09-21 12:41:49", "elapsed": 51.947944, "delta": 0.738748}}
{"target": 0.8565800885091153, "params": {"eta": 0.333936603375476, "max_depth": 16.06501886424867, "n_estimators": 48.82601547679545}, "datetime": {"datetime": "2021-09-21 12:41:50", "elapsed": 52.590944, "delta": 0.643}}
{"target": 0.8568662728284226, "params": {"eta": 0.28556052777019403, "max_depth": 4.747044730625185, "n_estimators": 34.934480242436656}, "datetime": {"datetime": "2021-09-21 12:41:51", "elapsed": 53.045537, "delta": 0.454593}}
{"target": 0.798730892045253, "params": {"eta": 0.3421532994872735, "max_depth": 1.3665361548089292, "n_estimators": 40.8087725365915}, "datetime": {"datetime": "2021-09-21 12:41:51", "elapsed": 53.414725, "delta": 0.369188}}
{"target": 0.856828881165304, "params": {"eta": 0.2722886101118809, "max_depth": 19.458098906663928, "n_estimators": 58.30808372794654}, "datetime": {"datetime": "2021-09-21 12:41:52", "elapsed": 54.1776, "delta": 0.762875}}
{"target": 0.8668554429102164, "params": {"eta": 0.3888174316899584, "max_depth": 15.31265815131992, "n_estimators": 40.485160489316236}, "datetime": {"datetime": "2021-09-21 12:41:52", "elapsed": 54.869602, "delta": 0.692002}}
{"target": 0.8506655661868716, "params": {"eta": 0.14787214285218514, "max_depth": 13.850509179483012, "n_estimators": 49.534846689923256}, "datetime": {"datetime": "2021-09-21 12:41:53", "elapsed": 55.518756, "delta": 0.649154}}
{"target": 0.8442355383872673, "params": {"eta": 0.37157844877372803, "max_depth": 11.724743943219472, "n_estimators": 41.51013248133898}, "datetime": {"datetime": "2021-09-21 12:41:54", "elapsed": 56.162868, "delta": 0.644112}}
{"target": 0.8572268238561478, "params": {"eta": 0.2220938926946674, "max_depth": 19.675476995841443, "n_estimators": 46.99974076807709}, "datetime": {"datetime": "2021-09-21 12:41:55", "elapsed": 57.029032, "delta": 0.866164}}
{"target": 0.8407672715833128, "params": {"eta": 0.2602464282386092, "max_depth": 10.858310049358264, "n_estimators": 58.380358939576546}, "datetime": {"datetime": "2021-09-21 12:41:55", "elapsed": 57.817535, "delta": 0.788503}}
{"target": 0.832924583927044, "params": {"eta": 0.1158987477874144, "max_depth": 3.5408579276646055, "n_estimators": 36.67056664152058}, "datetime": {"datetime": "2021-09-21 12:41:56", "elapsed": 58.243537, "delta": 0.426002}}
{"target": 0.8434839540372262, "params": {"eta": 0.22863000493161634, "max_depth": 8.196191170183724, "n_estimators": 48.944498916704134}, "datetime": {"datetime": "2021-09-21 12:41:56", "elapsed": 58.904538, "delta": 0.661001}}
{"target": 0.8807883561590475, "params": {"eta": 0.1505634964300465, "max_depth": 9.291838992239956, "n_estimators": 56.19009028042731}, "datetime": {"datetime": "2021-09-21 12:41:57", "elapsed": 59.668916, "delta": 0.764378}}
{"target": 0.8444193529574014, "params": {"eta": 0.14591530180851933, "max_depth": 19.173243481327813, "n_estimators": 42.67398370087842}, "datetime": {"datetime": "2021-09-21 12:41:58", "elapsed": 60.320913, "delta": 0.651997}}
{"target": 0.8626818334334792, "params": {"eta": 0.37859828491146275, "max_depth": 4.2332045479781435, "n_estimators": 50.48789929745492}, "datetime": {"datetime": "2021-09-21 12:41:58", "elapsed": 60.873919, "delta": 0.553006}}
{"target": 0.8472945286093877, "params": {"eta": 0.31724586507612773, "max_depth": 5.731091562148475, "n_estimators": 57.70780323792388}, "datetime": {"datetime": "2021-09-21 12:41:59", "elapsed": 61.401394, "delta": 0.527475}}
{"target": 0.8550066405722372, "params": {"eta": 0.3076949966501439, "max_depth": 3.7468389671482116, "n_estimators": 50.643768666309036}, "datetime": {"datetime": "2021-09-21 12:41:59", "elapsed": 61.820742, "delta": 0.419348}}
{"target": 0.863483381730366, "params": {"eta": 0.3430418348061338, "max_depth": 8.654449570717162, "n_estimators": 38.67071312686539}, "datetime": {"datetime": "2021-09-21 12:42:00", "elapsed": 62.379298, "delta": 0.558556}}
{"target": 0.8813384535887567, "params": {"eta": 0.18820850016054824, "max_depth": 9.903909424278476, "n_estimators": 55.49441672315203}, "datetime": {"datetime": "2021-09-21 12:42:01", "elapsed": 63.060416, "delta": 0.681118}}
{"target": 0.7990261628115718, "params": {"eta": 0.20645350086336153, "max_depth": 2.2273425452975513, "n_estimators": 52.905671820948804}, "datetime": {"datetime": "2021-09-21 12:42:01", "elapsed": 63.553741, "delta": 0.493325}}
{"target": 0.8552782025998394, "params": {"eta": 0.11841286478240245, "max_depth": 16.345433490222476, "n_estimators": 33.12612430520842}, "datetime": {"datetime": "2021-09-21 12:42:02", "elapsed": 64.155904, "delta": 0.602163}}
{"target": 0.8525447540251658, "params": {"eta": 0.12023296770866053, "max_depth": 4.060760400230876, "n_estimators": 49.70628957228248}, "datetime": {"datetime": "2021-09-21 12:42:02", "elapsed": 64.628909, "delta": 0.473005}}
{"target": 0.8794132382560869, "params": {"eta": 0.20976949637332043, "max_depth": 14.74586458282582, "n_estimators": 50.84035043374692}, "datetime": {"datetime": "2021-09-21 12:42:03", "elapsed": 65.440554, "delta": 0.811645}}
{"target": 0.8465824410795201, "params": {"eta": 0.2835498604303416, "max_depth": 8.583565078494814, "n_estimators": 53.85026074306731}, "datetime": {"datetime": "2021-09-21 12:42:04", "elapsed": 66.10741, "delta": 0.666856}}
{"target": 0.8671415214977726, "params": {"eta": 0.15013980204279836, "max_depth": 15.087614628052329, "n_estimators": 40.102997409300556}, "datetime": {"datetime": "2021-09-21 12:42:04", "elapsed": 66.840413, "delta": 0.733003}}
{"target": 0.8723658114972919, "params": {"eta": 0.2115569403053499, "max_depth": 15.62244533062563, "n_estimators": 56.06297986579439}, "datetime": {"datetime": "2021-09-21 12:42:05", "elapsed": 67.68831, "delta": 0.847897}}
{"target": 0.8522856571995312, "params": {"eta": 0.3316085837793401, "max_depth": 15.555746440690605, "n_estimators": 59.15354345439863}, "datetime": {"datetime": "2021-09-21 12:42:06", "elapsed": 68.482308, "delta": 0.793998}}
{"target": 0.8611259546464225, "params": {"eta": 0.3521711297982535, "max_depth": 9.554256228783798, "n_estimators": 54.96602580927474}, "datetime": {"datetime": "2021-09-21 12:42:07", "elapsed": 69.412074, "delta": 0.929766}}
{"target": 0.8483443886841089, "params": {"eta": 0.3142079429000881, "max_depth": 11.027813483120429, "n_estimators": 55.429038284075936}, "datetime": {"datetime": "2021-09-21 12:42:08", "elapsed": 70.101674, "delta": 0.6896}}
{"target": 0.8579857208287966, "params": {"eta": 0.1252299232169591, "max_depth": 16.4809556154653, "n_estimators": 39.63407829878121}, "datetime": {"datetime": "2021-09-21 12:42:08", "elapsed": 70.701673, "delta": 0.599999}}
{"target": 0.8430347685191845, "params": {"eta": 0.27922820826259886, "max_depth": 10.74981652094468, "n_estimators": 38.973046057081135}, "datetime": {"datetime": "2021-09-21 12:42:09", "elapsed": 71.320463, "delta": 0.61879}}
{"target": 0.8583897148992251, "params": {"eta": 0.2537947469201991, "max_depth": 5.560733590812003, "n_estimators": 39.13176748406691}, "datetime": {"datetime": "2021-09-21 12:42:09", "elapsed": 71.784235, "delta": 0.463772}}
{"target": 0.797127748757715, "params": {"eta": 0.37489861695705673, "max_depth": 1.2192129770694407, "n_estimators": 47.184956505650646}, "datetime": {"datetime": "2021-09-21 12:42:10", "elapsed": 72.333827, "delta": 0.549592}}
{"target": 0.8775833192182048, "params": {"eta": 0.19590676632581822, "max_depth": 10.10799796826163, "n_estimators": 43.998983484722885}, "datetime": {"datetime": "2021-09-21 12:42:11", "elapsed": 73.077827, "delta": 0.744}}
{"target": 0.842245444800309, "params": {"eta": 0.28906272776967457, "max_depth": 13.961707134274457, "n_estimators": 41.59394918408912}, "datetime": {"datetime": "2021-09-21 12:42:11", "elapsed": 73.872617, "delta": 0.79479}}
{"target": 0.8586709772196903, "params": {"eta": 0.23414838677898778, "max_depth": 6.684433922112139, "n_estimators": 56.86510058387216}, "datetime": {"datetime": "2021-09-21 12:42:12", "elapsed": 74.488613, "delta": 0.615996}}
{"target": 0.8461898527751066, "params": {"eta": 0.35634673863136457, "max_depth": 5.998208628487426, "n_estimators": 50.09986637134848}, "datetime": {"datetime": "2021-09-21 12:42:13", "elapsed": 75.160842, "delta": 0.672229}}
{"target": 0.819915946889709, "params": {"eta": 0.39879474115672675, "max_depth": 2.5185597736843883, "n_estimators": 47.509601117902406}, "datetime": {"datetime": "2021-09-21 12:42:13", "elapsed": 75.620335, "delta": 0.459493}}
