{"target": -2.925810360281091, "params": {"eta": 0.9276378219522845, "max_depth": 2.038631438157049, "n_estimators": 19.638716579445912}, "datetime": {"datetime": "2021-09-21 14:11:02", "elapsed": 2727.925579, "delta": 19.18357}}
{"target": -3.118832953352677, "params": {"eta": 1.0, "max_depth": 3.5361153738945954, "n_estimators": 43.44123508490649}, "datetime": {"datetime": "2021-09-21 14:11:21", "elapsed": 2746.216266, "delta": 18.290687}}
{"target": -3.316937309817264, "params": {"eta": 0.9701814448611344, "max_depth": 29.45320841110238, "n_estimators": 28.034545975871055}, "datetime": {"datetime": "2021-09-21 14:11:39", "elapsed": 2764.594702, "delta": 18.378436}}
{"target": -2.919467122303812, "params": {"eta": 0.704350587650731, "max_depth": 22.114139016768686, "n_estimators": 25.843386399637538}, "datetime": {"datetime": "2021-09-21 14:11:53", "elapsed": 2778.356421, "delta": 13.761719}}
{"target": -13.848218759737518, "params": {"eta": 0.01, "max_depth": 14.837780321629582, "n_estimators": 53.634089484555254}, "datetime": {"datetime": "2021-09-21 14:12:12", "elapsed": 2796.985501, "delta": 18.62908}}
{"target": -3.019940750222457, "params": {"eta": 0.8775493258280685, "max_depth": 3.5333289576791342, "n_estimators": 23.5054212382188}, "datetime": {"datetime": "2021-09-21 14:12:21", "elapsed": 2806.96162, "delta": 9.976119}}
{"target": -2.4400611645297, "params": {"eta": 0.12692560517392584, "max_depth": 13.781093380184089, "n_estimators": 52.299293500129764}, "datetime": {"datetime": "2021-09-21 14:12:34", "elapsed": 2819.195828, "delta": 12.234208}}
{"target": -2.481463503837585, "params": {"eta": 0.28812728882426064, "max_depth": 12.459868878034316, "n_estimators": 20.8127335971943}, "datetime": {"datetime": "2021-09-21 14:12:45", "elapsed": 2830.779363, "delta": 11.583535}}
{"target": -3.3318921321316766, "params": {"eta": 0.7915517054185793, "max_depth": 13.551138088267667, "n_estimators": 53.17244964921658}, "datetime": {"datetime": "2021-09-21 14:12:55", "elapsed": 2840.654079, "delta": 9.874716}}
{"target": -2.441127624009785, "params": {"eta": 0.10618198862635876, "max_depth": 7.959241408290165, "n_estimators": 41.17031243430764}, "datetime": {"datetime": "2021-09-21 14:13:07", "elapsed": 2852.690768, "delta": 12.036689}}
{"target": -3.570204255455419, "params": {"eta": 0.8744610849311838, "max_depth": 29.974226387046834, "n_estimators": 15.266611795685195}, "datetime": {"datetime": "2021-09-21 14:13:18", "elapsed": 2863.327261, "delta": 10.636493}}
{"target": -2.8225900838249607, "params": {"eta": 0.6680917951036772, "max_depth": 28.621611591943022, "n_estimators": 51.53441314404972}, "datetime": {"datetime": "2021-09-21 14:13:30", "elapsed": 2875.053447, "delta": 11.726186}}
{"target": -2.855663489040575, "params": {"eta": 0.5560826253992587, "max_depth": 9.072067735455223, "n_estimators": 12.862994663967656}, "datetime": {"datetime": "2021-09-21 14:13:36", "elapsed": 2880.987613, "delta": 5.934166}}
{"target": -2.465309841381876, "params": {"eta": 0.10460615461847879, "max_depth": 14.392069964101541, "n_estimators": 57.60977199439145}, "datetime": {"datetime": "2021-09-21 14:13:50", "elapsed": 2894.994119, "delta": 14.006506}}
{"target": -2.567886264073221, "params": {"eta": 0.1683245995582816, "max_depth": 15.619473157103647, "n_estimators": 57.50177262897871}, "datetime": {"datetime": "2021-09-21 14:14:05", "elapsed": 2910.907101, "delta": 15.912982}}
{"target": -3.3064939097354284, "params": {"eta": 0.9310590289633509, "max_depth": 14.220720010811473, "n_estimators": 57.472694149440834}, "datetime": {"datetime": "2021-09-21 14:14:22", "elapsed": 2927.546076, "delta": 16.638975}}
{"target": -2.9430545606111225, "params": {"eta": 0.6979156009513998, "max_depth": 16.35899477649388, "n_estimators": 56.909781811446884}, "datetime": {"datetime": "2021-09-21 14:14:43", "elapsed": 2948.52386, "delta": 20.977784}}
{"target": -2.5246806132166006, "params": {"eta": 0.30754971167072725, "max_depth": 6.179459433931823, "n_estimators": 20.019787695154555}, "datetime": {"datetime": "2021-09-21 14:14:56", "elapsed": 2961.590764, "delta": 13.066904}}
{"target": -3.005081521837335, "params": {"eta": 0.1300655022127684, "max_depth": 2.7565545453699043, "n_estimators": 36.88483936179731}, "datetime": {"datetime": "2021-09-21 14:15:02", "elapsed": 2967.825909, "delta": 6.235145}}
{"target": -18.264372428310548, "params": {"eta": 0.01, "max_depth": 16.629489745600548, "n_estimators": 24.786986766032307}, "datetime": {"datetime": "2021-09-21 14:15:13", "elapsed": 2978.40914, "delta": 10.583231}}
{"target": -16.283071838240875, "params": {"eta": 0.01, "max_depth": 25.961785950060587, "n_estimators": 36.19902668716356}, "datetime": {"datetime": "2021-09-21 14:15:25", "elapsed": 2990.490156, "delta": 12.081016}}
{"target": -2.5843780894028514, "params": {"eta": 0.06609513468063143, "max_depth": 14.963417736548166, "n_estimators": 58.31411755253823}, "datetime": {"datetime": "2021-09-21 14:15:42", "elapsed": 3007.078425, "delta": 16.588269}}
{"target": -2.5557958063326383, "params": {"eta": 0.20442582676871576, "max_depth": 19.333982291376763, "n_estimators": 43.97595010565352}, "datetime": {"datetime": "2021-09-21 14:15:57", "elapsed": 3022.266162, "delta": 15.187737}}
{"target": -3.4037170256439007, "params": {"eta": 0.9378778527784968, "max_depth": 5.220953241159288, "n_estimators": 30.47239083967412}, "datetime": {"datetime": "2021-09-21 14:16:13", "elapsed": 3038.297601, "delta": 16.031439}}
{"target": -2.503137186953896, "params": {"eta": 0.41429418009001434, "max_depth": 25.896207722462787, "n_estimators": 43.9855753815642}, "datetime": {"datetime": "2021-09-21 14:16:19", "elapsed": 3044.353257, "delta": 6.055656}}
{"target": -2.6437017290215743, "params": {"eta": 0.48784218491686693, "max_depth": 18.354985494504493, "n_estimators": 16.84832825874158}, "datetime": {"datetime": "2021-09-21 14:16:25", "elapsed": 3050.505467, "delta": 6.15221}}
{"target": -13.96631318989553, "params": {"eta": 0.025784331389630474, "max_depth": 6.515079043570758, "n_estimators": 20.980549051035773}, "datetime": {"datetime": "2021-09-21 14:16:44", "elapsed": 3069.189593, "delta": 18.684126}}
{"target": -3.3479308467162285, "params": {"eta": 1.0, "max_depth": 13.104211428980086, "n_estimators": 15.245488835071477}, "datetime": {"datetime": "2021-09-21 14:16:57", "elapsed": 3082.837283, "delta": 13.64769}}
{"target": -2.7514768035788286, "params": {"eta": 0.2242417818276025, "max_depth": 19.699954975167593, "n_estimators": 32.6797527188814}, "datetime": {"datetime": "2021-09-21 14:17:18", "elapsed": 3103.233353, "delta": 20.39607}}
{"target": -3.4816046796346964, "params": {"eta": 0.7974604792028985, "max_depth": 25.09214548411394, "n_estimators": 27.06576270413321}, "datetime": {"datetime": "2021-09-21 14:17:24", "elapsed": 3109.301159, "delta": 6.067806}}
{"target": -3.3324216943038136, "params": {"eta": 0.8377078600823477, "max_depth": 16.277230828602633, "n_estimators": 48.89301894965778}, "datetime": {"datetime": "2021-09-21 14:17:31", "elapsed": 3116.882317, "delta": 7.581158}}
{"target": -2.520780719581403, "params": {"eta": 0.251282539544444, "max_depth": 5.3775436023102055, "n_estimators": 19.463818331021304}, "datetime": {"datetime": "2021-09-21 14:17:43", "elapsed": 3128.195726, "delta": 11.313409}}
{"target": -3.009840919469532, "params": {"eta": 0.8881926567805764, "max_depth": 5.3490345220374245, "n_estimators": 18.578967355904243}, "datetime": {"datetime": "2021-09-21 14:17:56", "elapsed": 3141.070495, "delta": 12.874769}}
{"target": -2.995147651120236, "params": {"eta": 0.6130355697042412, "max_depth": 26.280676423235022, "n_estimators": 42.79474615856025}, "datetime": {"datetime": "2021-09-21 14:18:02", "elapsed": 3147.778321, "delta": 6.707826}}
{"target": -3.410756645704571, "params": {"eta": 0.9846376464557769, "max_depth": 15.320622039455843, "n_estimators": 58.05216045617629}, "datetime": {"datetime": "2021-09-21 14:18:13", "elapsed": 3158.529353, "delta": 10.751032}}
{"target": -13.981211052442854, "params": {"eta": 0.01, "max_depth": 14.616826941911514, "n_estimators": 52.14169081486818}, "datetime": {"datetime": "2021-09-21 14:18:28", "elapsed": 3173.868672, "delta": 15.339319}}
{"target": -3.055019105735578, "params": {"eta": 0.6348795887123265, "max_depth": 13.376227635939582, "n_estimators": 51.83960565194168}, "datetime": {"datetime": "2021-09-21 14:18:49", "elapsed": 3194.465479, "delta": 20.596807}}
{"target": -2.4798566272384246, "params": {"eta": 0.08051096889104281, "max_depth": 13.089726081466548, "n_estimators": 52.59788152720358}, "datetime": {"datetime": "2021-09-21 14:19:05", "elapsed": 3210.135624, "delta": 15.670145}}
{"target": -3.226558485784029, "params": {"eta": 0.7470295151681297, "max_depth": 26.69640788515197, "n_estimators": 43.66282436197818}, "datetime": {"datetime": "2021-09-21 14:19:24", "elapsed": 3229.194445, "delta": 19.058821}}
{"target": -2.8494109147473385, "params": {"eta": 0.12475277303370433, "max_depth": 7.860580884661181, "n_estimators": 22.60428130830825}, "datetime": {"datetime": "2021-09-21 14:19:35", "elapsed": 3240.310579, "delta": 11.116134}}
{"target": -2.4546003442061575, "params": {"eta": 0.09197076807750565, "max_depth": 16.137267321889446, "n_estimators": 52.29641305830054}, "datetime": {"datetime": "2021-09-21 14:19:52", "elapsed": 3257.658855, "delta": 17.348276}}
{"target": -3.3115962447304477, "params": {"eta": 0.9672267613787194, "max_depth": 6.224874135211241, "n_estimators": 19.81939748346307}, "datetime": {"datetime": "2021-09-21 14:20:06", "elapsed": 3271.568334, "delta": 13.909479}}
{"target": -2.461201212280675, "params": {"eta": 0.13419004261122244, "max_depth": 14.062554856503453, "n_estimators": 58.92001409705303}, "datetime": {"datetime": "2021-09-21 14:20:28", "elapsed": 3293.866069, "delta": 22.297735}}
{"target": -3.0438840840992176, "params": {"eta": 0.5420284294175852, "max_depth": 1.6228968559829742, "n_estimators": 22.663418964503407}, "datetime": {"datetime": "2021-09-21 14:20:34", "elapsed": 3299.501327, "delta": 5.635258}}
{"target": -2.4864869337332878, "params": {"eta": 0.28029165628727404, "max_depth": 22.122137048981873, "n_estimators": 22.86762185760625}, "datetime": {"datetime": "2021-09-21 14:20:41", "elapsed": 3306.485384, "delta": 6.984057}}
{"target": -3.0886883961526976, "params": {"eta": 0.7551200290554022, "max_depth": 1.7463843627337918, "n_estimators": 23.50882409665604}, "datetime": {"datetime": "2021-09-21 14:20:51", "elapsed": 3316.844827, "delta": 10.359443}}
{"target": -2.9128856069163276, "params": {"eta": 0.30468156671875557, "max_depth": 2.41886160085361, "n_estimators": 23.15550353812555}, "datetime": {"datetime": "2021-09-21 14:21:06", "elapsed": 3331.315098, "delta": 14.470271}}
{"target": -3.5015944248751594, "params": {"eta": 0.8012020449637312, "max_depth": 14.606785913050473, "n_estimators": 59.508276015940254}, "datetime": {"datetime": "2021-09-21 14:21:21", "elapsed": 3346.095436, "delta": 14.780338}}
{"target": -2.8942644520809773, "params": {"eta": 0.6645348555433218, "max_depth": 12.966234784802982, "n_estimators": 58.2129291068726}, "datetime": {"datetime": "2021-09-21 14:21:34", "elapsed": 3359.389517, "delta": 13.294081}}
{"target": -2.60305678593485, "params": {"eta": 0.3224620156929274, "max_depth": 9.84937108180275, "n_estimators": 42.72217579098232}, "datetime": {"datetime": "2021-09-21 14:21:41", "elapsed": 3366.595434, "delta": 7.205917}}
{"target": -2.4520603525011166, "params": {"eta": 0.13538677846407662, "max_depth": 13.724546704322355, "n_estimators": 58.29347282665274}, "datetime": {"datetime": "2021-09-21 14:21:52", "elapsed": 3377.942777, "delta": 11.347343}}
{"target": -2.750897492860493, "params": {"eta": 0.5459794642899841, "max_depth": 13.268404101121542, "n_estimators": 59.141392428927034}, "datetime": {"datetime": "2021-09-21 14:22:10", "elapsed": 3395.215385, "delta": 17.272608}}
{"target": -2.729173763802177, "params": {"eta": 0.5035733382272708, "max_depth": 13.95100761977934, "n_estimators": 15.174869796319198}, "datetime": {"datetime": "2021-09-21 14:22:17", "elapsed": 3402.269922, "delta": 7.054537}}
{"target": -4.064646649360657, "params": {"eta": 0.21855267014965876, "max_depth": 1.572137280893617, "n_estimators": 11.99638874570184}, "datetime": {"datetime": "2021-09-21 14:22:25", "elapsed": 3410.344248, "delta": 8.074326}}
{"target": -8.505956648839147, "params": {"eta": 0.018302459037637872, "max_depth": 12.183039859325875, "n_estimators": 58.277556607447266}, "datetime": {"datetime": "2021-09-21 14:22:36", "elapsed": 3421.846843, "delta": 11.502595}}
{"target": -15.518284595640083, "params": {"eta": 0.01, "max_depth": 8.856331982068129, "n_estimators": 41.23537987740096}, "datetime": {"datetime": "2021-09-21 14:22:54", "elapsed": 3439.486386, "delta": 17.639543}}
{"target": -3.3177992525853606, "params": {"eta": 0.7433441599177305, "max_depth": 10.22011022908143, "n_estimators": 41.837333716464734}, "datetime": {"datetime": "2021-09-21 14:23:09", "elapsed": 3454.135151, "delta": 14.648765}}
{"target": -2.5680357939318608, "params": {"eta": 0.26929861285212436, "max_depth": 7.245774309090767, "n_estimators": 41.3196754889369}, "datetime": {"datetime": "2021-09-21 14:23:19", "elapsed": 3464.436999, "delta": 10.301848}}
{"target": -3.085214901990012, "params": {"eta": 0.9822861831077015, "max_depth": 2.597580470645696, "n_estimators": 24.038288205360754}, "datetime": {"datetime": "2021-09-21 14:23:30", "elapsed": 3475.289579, "delta": 10.85258}}
{"target": -19.53646008623274, "params": {"eta": 0.01, "max_depth": 20.133149040512365, "n_estimators": 17.419169691827953}, "datetime": {"datetime": "2021-09-21 14:23:43", "elapsed": 3488.504352, "delta": 13.214773}}
{"target": -2.552967095375061, "params": {"eta": 0.18187125965357878, "max_depth": 21.131406734845136, "n_estimators": 46.67293303493858}, "datetime": {"datetime": "2021-09-21 14:23:50", "elapsed": 3495.22427, "delta": 6.719918}}
{"target": -3.129139725158089, "params": {"eta": 0.6417921215843447, "max_depth": 2.3084974999115073, "n_estimators": 12.796436809846771}, "datetime": {"datetime": "2021-09-21 14:23:56", "elapsed": 3501.96515, "delta": 6.74088}}
{"target": -2.689245259134393, "params": {"eta": 0.5161658459652902, "max_depth": 10.243732340847153, "n_estimators": 30.224042174355397}, "datetime": {"datetime": "2021-09-21 14:24:02", "elapsed": 3507.943526, "delta": 5.978376}}
{"target": -3.037310984573866, "params": {"eta": 1.0, "max_depth": 2.2549878616867423, "n_estimators": 22.74083436898417}, "datetime": {"datetime": "2021-09-21 14:24:12", "elapsed": 3517.839374, "delta": 9.895848}}
{"target": -3.234769883908723, "params": {"eta": 0.919738234622342, "max_depth": 19.478549916536856, "n_estimators": 18.47514492983263}, "datetime": {"datetime": "2021-09-21 14:24:33", "elapsed": 3538.801762, "delta": 20.962388}}
{"target": -2.7056245810107185, "params": {"eta": 0.34362916882602074, "max_depth": 13.571325444893409, "n_estimators": 14.154562646251934}, "datetime": {"datetime": "2021-09-21 14:24:47", "elapsed": 3552.096885, "delta": 13.295123}}
{"target": -3.417359783774928, "params": {"eta": 0.7911022064835634, "max_depth": 20.204669672850216, "n_estimators": 16.164527948004043}, "datetime": {"datetime": "2021-09-21 14:24:59", "elapsed": 3564.712946, "delta": 12.616061}}
{"target": -2.5752085303005416, "params": {"eta": 0.11887459751177178, "max_depth": 3.107037583394226, "n_estimators": 57.422486471722685}, "datetime": {"datetime": "2021-09-21 14:25:13", "elapsed": 3578.387019, "delta": 13.674073}}
{"target": -2.482691092240183, "params": {"eta": 0.15000233098643992, "max_depth": 20.04036137131991, "n_estimators": 44.58905672114175}, "datetime": {"datetime": "2021-09-21 14:25:28", "elapsed": 3593.869952, "delta": 15.482933}}
{"target": -15.200923333356256, "params": {"eta": 0.35826456945252827, "max_depth": 4.824953273726208, "n_estimators": 1.2944686591233237}, "datetime": {"datetime": "2021-09-21 14:25:34", "elapsed": 3599.611942, "delta": 5.74199}}
{"target": -3.1738709198801143, "params": {"eta": 1.0, "max_depth": 11.858028284769038, "n_estimators": 56.816857898394105}, "datetime": {"datetime": "2021-09-21 14:25:50", "elapsed": 3614.980771, "delta": 15.368829}}
{"target": -5.029566616761056, "params": {"eta": 0.02952265651136958, "max_depth": 3.948127155628911, "n_estimators": 57.67946927998453}, "datetime": {"datetime": "2021-09-21 14:26:06", "elapsed": 3631.375856, "delta": 16.395085}}
{"target": -11.204823852212805, "params": {"eta": 0.013407747251496929, "max_depth": 3.1651531599547424, "n_estimators": 56.460204435522606}, "datetime": {"datetime": "2021-09-21 14:26:29", "elapsed": 3654.205122, "delta": 22.829266}}
{"target": -2.5537659438032856, "params": {"eta": 0.2110135053389222, "max_depth": 29.37055716291468, "n_estimators": 19.502679533273955}, "datetime": {"datetime": "2021-09-21 14:26:36", "elapsed": 3661.176025, "delta": 6.970903}}
{"target": -2.4578165424497502, "params": {"eta": 0.11303896804009435, "max_depth": 20.92232891020217, "n_estimators": 44.24037051998982}, "datetime": {"datetime": "2021-09-21 14:26:48", "elapsed": 3673.799811, "delta": 12.623786}}
{"target": -2.782953515805696, "params": {"eta": 0.3052827623970166, "max_depth": 22.501786820804796, "n_estimators": 9.795126361906581}, "datetime": {"datetime": "2021-09-21 14:26:55", "elapsed": 3680.575681, "delta": 6.77587}}
{"target": -3.034294397579996, "params": {"eta": 0.6921771878037433, "max_depth": 24.559123332387234, "n_estimators": 45.87756889634018}, "datetime": {"datetime": "2021-09-21 14:27:03", "elapsed": 3688.247546, "delta": 7.671865}}
{"target": -3.203676592676263, "params": {"eta": 0.918516850162162, "max_depth": 2.719990259356742, "n_estimators": 44.09707593398184}, "datetime": {"datetime": "2021-09-21 14:27:14", "elapsed": 3699.679291, "delta": 11.431745}}
{"target": -3.0227519270620853, "params": {"eta": 0.8406201014629118, "max_depth": 5.4904607303621304, "n_estimators": 54.77894054853671}, "datetime": {"datetime": "2021-09-21 14:27:21", "elapsed": 3706.530409, "delta": 6.851118}}
{"target": -3.4587063582319963, "params": {"eta": 0.9414394011065623, "max_depth": 27.215532672798705, "n_estimators": 36.30552317863723}, "datetime": {"datetime": "2021-09-21 14:27:38", "elapsed": 3723.638358, "delta": 17.107949}}
{"target": -3.186925760068392, "params": {"eta": 0.9594619431243885, "max_depth": 18.857288272383805, "n_estimators": 17.23617242254847}, "datetime": {"datetime": "2021-09-21 14:27:53", "elapsed": 3738.136369, "delta": 14.498011}}
{"target": -2.5892036488181667, "params": {"eta": 0.28517882634833785, "max_depth": 25.33026251798801, "n_estimators": 59.83942080706254}, "datetime": {"datetime": "2021-09-21 14:28:12", "elapsed": 3757.509122, "delta": 19.372753}}
{"target": -3.249530209993061, "params": {"eta": 0.8247854257926794, "max_depth": 9.346611149176752, "n_estimators": 42.492838988272}, "datetime": {"datetime": "2021-09-21 14:28:27", "elapsed": 3771.998579, "delta": 14.489457}}
{"target": -2.5955278120542826, "params": {"eta": 0.24331484305561957, "max_depth": 15.082016185665612, "n_estimators": 17.278847300684298}, "datetime": {"datetime": "2021-09-21 14:28:39", "elapsed": 3784.008019, "delta": 12.00944}}
{"target": -2.8650222383047406, "params": {"eta": 0.1677098891217871, "max_depth": 14.023213898014172, "n_estimators": 17.583135487625913}, "datetime": {"datetime": "2021-09-21 14:28:50", "elapsed": 3795.968291, "delta": 11.960272}}
{"target": -2.910863424602308, "params": {"eta": 0.5548030657877786, "max_depth": 25.03016794354254, "n_estimators": 20.268238580843168}, "datetime": {"datetime": "2021-09-21 14:28:59", "elapsed": 3804.021441, "delta": 8.05315}}
{"target": -2.5853229478785864, "params": {"eta": 0.267974942100272, "max_depth": 18.18650242756362, "n_estimators": 59.35820003224652}, "datetime": {"datetime": "2021-09-21 14:29:09", "elapsed": 3814.581477, "delta": 10.560036}}
{"target": -2.670977298836959, "params": {"eta": 0.056841956910133246, "max_depth": 19.130606796429852, "n_estimators": 59.33035306649092}, "datetime": {"datetime": "2021-09-21 14:29:20", "elapsed": 3825.068068, "delta": 10.486591}}
{"target": -2.584744164190794, "params": {"eta": 0.4232794698070296, "max_depth": 18.795571202930052, "n_estimators": 59.85566671987305}, "datetime": {"datetime": "2021-09-21 14:29:36", "elapsed": 3841.172068, "delta": 16.104}}
{"target": -2.946021231224662, "params": {"eta": 0.8573958658426162, "max_depth": 2.0066693582740567, "n_estimators": 53.96813226943951}, "datetime": {"datetime": "2021-09-21 14:29:49", "elapsed": 3854.858974, "delta": 13.686906}}
{"target": -2.9298666652880216, "params": {"eta": 0.6764636296516684, "max_depth": 29.039947954283324, "n_estimators": 59.84779214955633}, "datetime": {"datetime": "2021-09-21 14:30:07", "elapsed": 3872.45616, "delta": 17.597186}}
{"target": -3.081379670532126, "params": {"eta": 0.9721619253970238, "max_depth": 2.833197153239296, "n_estimators": 53.21224920369849}, "datetime": {"datetime": "2021-09-21 14:30:21", "elapsed": 3886.43593, "delta": 13.97977}}
{"target": -2.8703236802628167, "params": {"eta": 0.8162197587760219, "max_depth": 2.0022531654495843, "n_estimators": 26.106369413648718}, "datetime": {"datetime": "2021-09-21 14:30:27", "elapsed": 3892.856261, "delta": 6.420331}}
{"target": -3.444133361703471, "params": {"eta": 0.9816483287190821, "max_depth": 22.60081980851791, "n_estimators": 22.869555795409973}, "datetime": {"datetime": "2021-09-21 14:30:45", "elapsed": 3910.272236, "delta": 17.415975}}
{"target": -3.446394499979521, "params": {"eta": 0.8592525294577874, "max_depth": 11.171411505713406, "n_estimators": 46.011796797330646}, "datetime": {"datetime": "2021-09-21 14:31:00", "elapsed": 3925.481921, "delta": 15.209685}}
