{"target": 0.8216025915261611, "params": {"eta": 0.46551563863091905, "max_depth": 8.7484991226262, "n_estimators": 11.217756384617687}, "datetime": {"datetime": "2021-09-17 17:49:15", "elapsed": 604.429562, "delta": 3.720426}}
{"target": 0.8232585394263021, "params": {"eta": 0.317708903895007, "max_depth": 7.341900452436652, "n_estimators": 10.484129239998666}, "datetime": {"datetime": "2021-09-17 17:49:17", "elapsed": 606.264861, "delta": 1.835299}}
{"target": 0.8515463033618969, "params": {"eta": 0.3612071942089411, "max_depth": 7.622515088922067, "n_estimators": 9.046275497972825}, "datetime": {"datetime": "2021-09-17 17:49:19", "elapsed": 608.301284, "delta": 2.036423}}
{"target": 0.8656161190555205, "params": {"eta": 0.47539984247703604, "max_depth": 5.951537924306701, "n_estimators": 10.22664550972188}, "datetime": {"datetime": "2021-09-17 17:49:23", "elapsed": 612.499303, "delta": 4.198019}}
{"target": 0.8304743824649022, "params": {"eta": 0.3876945841183101, "max_depth": 9.842753306239594, "n_estimators": 10.606801555978986}, "datetime": {"datetime": "2021-09-17 17:49:28", "elapsed": 616.972108, "delta": 4.472805}}
{"target": 0.8313801526468203, "params": {"eta": 0.3710809545185185, "max_depth": 11.106634498885931, "n_estimators": 11.824154467705245}, "datetime": {"datetime": "2021-09-17 17:49:32", "elapsed": 621.440314, "delta": 4.468206}}
{"target": 0.8664908380316405, "params": {"eta": 0.43278638651800794, "max_depth": 10.959481938432997, "n_estimators": 11.854621461700322}, "datetime": {"datetime": "2021-09-17 17:49:34", "elapsed": 623.334068, "delta": 1.893754}}
{"target": 0.8627023154092134, "params": {"eta": 0.4360800483255973, "max_depth": 11.115217810833512, "n_estimators": 8.788387339949573}, "datetime": {"datetime": "2021-09-17 17:49:36", "elapsed": 625.37173, "delta": 2.037662}}
{"target": 0.8332724383883082, "params": {"eta": 0.3220056162894865, "max_depth": 5.32846747237371, "n_estimators": 10.809156927057293}, "datetime": {"datetime": "2021-09-17 17:49:38", "elapsed": 627.323528, "delta": 1.951798}}
{"target": 0.8311795066893746, "params": {"eta": 0.4182227551593823, "max_depth": 10.893846967882197, "n_estimators": 11.917340556178448}, "datetime": {"datetime": "2021-09-17 17:49:43", "elapsed": 631.66642, "delta": 4.342892}}
{"target": 0.8524543249317043, "params": {"eta": 0.36907988325771623, "max_depth": 7.718625569247201, "n_estimators": 11.200718398078187}, "datetime": {"datetime": "2021-09-17 17:49:47", "elapsed": 635.709942, "delta": 4.043522}}
{"target": 0.8453170852230766, "params": {"eta": 0.4436712582643351, "max_depth": 9.293256914543528, "n_estimators": 7.980017789183122}, "datetime": {"datetime": "2021-09-17 17:49:51", "elapsed": 640.098284, "delta": 4.388342}}
{"target": 0.8658784683245337, "params": {"eta": 0.4361218027701089, "max_depth": 10.166755228197824, "n_estimators": 10.384706384366115}, "datetime": {"datetime": "2021-09-17 17:49:55", "elapsed": 644.393856, "delta": 4.295572}}
{"target": 0.8253424989873183, "params": {"eta": 0.40746443603421084, "max_depth": 11.592830829022638, "n_estimators": 10.208006650518762}, "datetime": {"datetime": "2021-09-17 17:49:57", "elapsed": 646.381143, "delta": 1.987287}}
{"target": 0.859238530188257, "params": {"eta": 0.4734305315966275, "max_depth": 5.788069654472634, "n_estimators": 11.73766932066996}, "datetime": {"datetime": "2021-09-17 17:49:59", "elapsed": 648.304115, "delta": 1.922972}}
{"target": 0.8669287915842196, "params": {"eta": 0.4396789256545889, "max_depth": 8.723896566684326, "n_estimators": 11.22466578415975}, "datetime": {"datetime": "2021-09-17 17:50:03", "elapsed": 652.375725, "delta": 4.07161}}
{"target": 0.8445687960230501, "params": {"eta": 0.32703329791536423, "max_depth": 7.8673513356982365, "n_estimators": 11.172530095148739}, "datetime": {"datetime": "2021-09-17 17:50:05", "elapsed": 654.444887, "delta": 2.069162}}
{"target": 0.8314689462289255, "params": {"eta": 0.4676223369183981, "max_depth": 7.572539066539341, "n_estimators": 7.160099496108247}, "datetime": {"datetime": "2021-09-17 17:50:13", "elapsed": 661.73924, "delta": 7.294353}}
{"target": 0.8201902485477569, "params": {"eta": 0.3564447459686028, "max_depth": 5.548344802068581, "n_estimators": 9.192690543966162}, "datetime": {"datetime": "2021-09-17 17:50:15", "elapsed": 663.897537, "delta": 2.158297}}
{"target": 0.8201038227146143, "params": {"eta": 0.34633370153069276, "max_depth": 8.85424605636052, "n_estimators": 7.631837340623314}, "datetime": {"datetime": "2021-09-17 17:50:17", "elapsed": 665.903626, "delta": 2.006089}}
{"target": 0.8368271054182614, "params": {"eta": 0.41219960185052307, "max_depth": 8.738318970604146, "n_estimators": 11.207542874976848}, "datetime": {"datetime": "2021-09-17 17:50:22", "elapsed": 670.844161, "delta": 4.940535}}
{"target": 0.8245115933018614, "params": {"eta": 0.41694935262445887, "max_depth": 4.282825376679435, "n_estimators": 7.942448830807993}, "datetime": {"datetime": "2021-09-17 17:50:24", "elapsed": 672.896348, "delta": 2.052187}}
{"target": 0.8645752516561277, "params": {"eta": 0.44246809524157443, "max_depth": 10.15679133427952, "n_estimators": 10.398249111227774}, "datetime": {"datetime": "2021-09-17 17:50:29", "elapsed": 677.758784, "delta": 4.862436}}
{"target": 0.860461160230467, "params": {"eta": 0.4421271942316567, "max_depth": 8.773716901822173, "n_estimators": 11.2217370440178}, "datetime": {"datetime": "2021-09-17 17:50:34", "elapsed": 683.202065, "delta": 5.443281}}
{"target": 0.846587987683971, "params": {"eta": 0.3707232958504201, "max_depth": 7.729983437059994, "n_estimators": 11.18197184898274}, "datetime": {"datetime": "2021-09-17 17:50:40", "elapsed": 689.299061, "delta": 6.096996}}
{"target": 0.8661143895744499, "params": {"eta": 0.35709140774020287, "max_depth": 7.725858581598375, "n_estimators": 11.152082101031464}, "datetime": {"datetime": "2021-09-17 17:50:45", "elapsed": 694.515199, "delta": 5.216138}}
{"target": 0.8140245175215349, "params": {"eta": 0.33672170214568903, "max_depth": 7.719248811590419, "n_estimators": 7.515134487739689}, "datetime": {"datetime": "2021-09-17 17:50:47", "elapsed": 696.604359, "delta": 2.08916}}
{"target": 0.8640089091095846, "params": {"eta": 0.4324292764260325, "max_depth": 10.146161632743606, "n_estimators": 10.392306247752963}, "datetime": {"datetime": "2021-09-17 17:50:53", "elapsed": 702.265308, "delta": 5.660949}}
{"target": 0.8491645604166222, "params": {"eta": 0.46737200684247426, "max_depth": 9.82547345541413, "n_estimators": 11.141923260980132}, "datetime": {"datetime": "2021-09-17 17:50:55", "elapsed": 704.279215, "delta": 2.013907}}
{"target": 0.855302583939745, "params": {"eta": 0.3463167616800001, "max_depth": 7.766980387265145, "n_estimators": 11.215280533092606}, "datetime": {"datetime": "2021-09-17 17:51:00", "elapsed": 709.276048, "delta": 4.996833}}
{"target": 0.8543052441366901, "params": {"eta": 0.4426084145149426, "max_depth": 4.8934208404921495, "n_estimators": 11.388886149188771}, "datetime": {"datetime": "2021-09-17 17:51:07", "elapsed": 715.864761, "delta": 6.588713}}
{"target": 0.8530703057173936, "params": {"eta": 0.3637151589857044, "max_depth": 7.745868924474367, "n_estimators": 11.129274941464084}, "datetime": {"datetime": "2021-09-17 17:51:14", "elapsed": 722.652628, "delta": 6.787867}}
{"target": 0.8720246595219251, "params": {"eta": 0.46939474805885, "max_depth": 5.944942660578721, "n_estimators": 10.260698349143638}, "datetime": {"datetime": "2021-09-17 17:51:18", "elapsed": 727.611987, "delta": 4.959359}}
{"target": 0.8651889757448834, "params": {"eta": 0.45813452410914657, "max_depth": 9.810545398907678, "n_estimators": 11.94594305581719}, "datetime": {"datetime": "2021-09-17 17:51:24", "elapsed": 732.768591, "delta": 5.156604}}
{"target": 0.8399316549264251, "params": {"eta": 0.4501043025982435, "max_depth": 7.5597116764308385, "n_estimators": 7.187073988520186}, "datetime": {"datetime": "2021-09-17 17:51:31", "elapsed": 739.642377, "delta": 6.873786}}
{"target": 0.8410375099481008, "params": {"eta": 0.4707444822399221, "max_depth": 6.929069044634478, "n_estimators": 11.3118608601159}, "datetime": {"datetime": "2021-09-17 17:51:33", "elapsed": 741.891658, "delta": 2.249281}}
{"target": 0.8402424225381016, "params": {"eta": 0.48038219375583685, "max_depth": 5.931874419005352, "n_estimators": 10.274456695313356}, "datetime": {"datetime": "2021-09-17 17:51:37", "elapsed": 746.408528, "delta": 4.51687}}
{"target": 0.8292945491684554, "params": {"eta": 0.4533726559710249, "max_depth": 10.141149165464903, "n_estimators": 10.384513624804708}, "datetime": {"datetime": "2021-09-17 17:51:43", "elapsed": 752.22153, "delta": 5.813002}}
{"target": 0.8644368014381336, "params": {"eta": 0.43684009651555084, "max_depth": 8.778235410674068, "n_estimators": 11.197363975368933}, "datetime": {"datetime": "2021-09-17 17:51:48", "elapsed": 756.825675, "delta": 4.604145}}
{"target": 0.8110928516574053, "params": {"eta": 0.31993129717473034, "max_depth": 4.011015323739947, "n_estimators": 9.149415272525944}, "datetime": {"datetime": "2021-09-17 17:51:50", "elapsed": 759.116197, "delta": 2.290522}}
{"target": 0.8625074221789478, "params": {"eta": 0.4385723508808702, "max_depth": 10.941933084971271, "n_estimators": 11.84249999531893}, "datetime": {"datetime": "2021-09-17 17:51:55", "elapsed": 764.354833, "delta": 5.238636}}
{"target": 0.832187166628123, "params": {"eta": 0.3201452761576669, "max_depth": 7.014006780414525, "n_estimators": 11.881760260405622}, "datetime": {"datetime": "2021-09-17 17:51:58", "elapsed": 766.676549, "delta": 2.321716}}
{"target": 0.8483121273610709, "params": {"eta": 0.4654819899001428, "max_depth": 9.824224687511222, "n_estimators": 11.964753745315344}, "datetime": {"datetime": "2021-09-17 17:52:03", "elapsed": 771.853992, "delta": 5.177443}}
{"target": 0.8502790337319902, "params": {"eta": 0.37130387068186516, "max_depth": 7.754175287469254, "n_estimators": 11.216331594869732}, "datetime": {"datetime": "2021-09-17 17:52:09", "elapsed": 778.326895, "delta": 6.472903}}
{"target": 0.8501517911287598, "params": {"eta": 0.4686129796282794, "max_depth": 11.07147467939281, "n_estimators": 9.837682134519198}, "datetime": {"datetime": "2021-09-17 17:52:11", "elapsed": 780.593166, "delta": 2.266271}}
{"target": 0.8382640710584363, "params": {"eta": 0.4185812980148913, "max_depth": 4.851420828301478, "n_estimators": 11.384814943672037}, "datetime": {"datetime": "2021-09-17 17:52:17", "elapsed": 785.981014, "delta": 5.387848}}
{"target": 0.8609976727859374, "params": {"eta": 0.3926042622230178, "max_depth": 8.196706560222776, "n_estimators": 11.072147589224961}, "datetime": {"datetime": "2021-09-17 17:52:19", "elapsed": 788.377467, "delta": 2.396453}}
{"target": 0.864103618417434, "params": {"eta": 0.43751454001346723, "max_depth": 7.79193549952892, "n_estimators": 10.500198671142822}, "datetime": {"datetime": "2021-09-17 17:52:22", "elapsed": 790.773729, "delta": 2.396262}}
{"target": 0.8671733809069774, "params": {"eta": 0.45396765061413247, "max_depth": 4.86443415674005, "n_estimators": 11.39811991900851}, "datetime": {"datetime": "2021-09-17 17:52:31", "elapsed": 799.648098, "delta": 8.874369}}
{"target": 0.8544319778632699, "params": {"eta": 0.426999123644219, "max_depth": 8.786671133309909, "n_estimators": 11.223069515877835}, "datetime": {"datetime": "2021-09-17 17:52:36", "elapsed": 804.789968, "delta": 5.14187}}
{"target": 0.8520027424140688, "params": {"eta": 0.373207703703729, "max_depth": 6.169557071976641, "n_estimators": 8.955110550398615}, "datetime": {"datetime": "2021-09-17 17:52:38", "elapsed": 807.092178, "delta": 2.30221}}
{"target": 0.8641816907262367, "params": {"eta": 0.4429761608939575, "max_depth": 10.352878998393322, "n_estimators": 9.943499990078795}, "datetime": {"datetime": "2021-09-17 17:52:45", "elapsed": 813.833571, "delta": 6.741393}}
{"target": 0.8353758497700775, "params": {"eta": 0.3917489698904999, "max_depth": 7.925118448048658, "n_estimators": 7.453981442763965}, "datetime": {"datetime": "2021-09-17 17:52:47", "elapsed": 816.121244, "delta": 2.287673}}
{"target": 0.8447703604841431, "params": {"eta": 0.44996051244737717, "max_depth": 10.885805510446561, "n_estimators": 11.925754548018624}, "datetime": {"datetime": "2021-09-17 17:52:52", "elapsed": 821.218779, "delta": 5.097535}}
{"target": 0.8412659214344483, "params": {"eta": 0.3591495262101759, "max_depth": 8.248627579071785, "n_estimators": 10.271532285053745}, "datetime": {"datetime": "2021-09-17 17:52:59", "elapsed": 827.671281, "delta": 6.452502}}
{"target": 0.8511593590486759, "params": {"eta": 0.4604817896046748, "max_depth": 5.31680320174197, "n_estimators": 9.112428400214123}, "datetime": {"datetime": "2021-09-17 17:53:01", "elapsed": 830.068241, "delta": 2.39696}}
{"target": 0.8521571462193406, "params": {"eta": 0.4579090982300642, "max_depth": 5.944085147679832, "n_estimators": 10.175636721186901}, "datetime": {"datetime": "2021-09-17 17:53:08", "elapsed": 837.6107, "delta": 7.542459}}
{"target": 0.8603458467545675, "params": {"eta": 0.3557191586488157, "max_depth": 7.822966416380321, "n_estimators": 10.98178525998535}, "datetime": {"datetime": "2021-09-17 17:53:11", "elapsed": 840.121208, "delta": 2.510508}}
{"target": 0.8624601470069637, "params": {"eta": 0.45862491549937723, "max_depth": 5.951499131515041, "n_estimators": 10.245756108318005}, "datetime": {"datetime": "2021-09-17 17:53:18", "elapsed": 847.614953, "delta": 7.493745}}
{"target": 0.8531957497451674, "params": {"eta": 0.385303972237719, "max_depth": 7.778976929026125, "n_estimators": 11.158076174490049}, "datetime": {"datetime": "2021-09-17 17:53:29", "elapsed": 858.022313, "delta": 10.40736}}
{"target": 0.8532534866183016, "params": {"eta": 0.40228609206992294, "max_depth": 11.10220907596323, "n_estimators": 8.662710016450731}, "datetime": {"datetime": "2021-09-17 17:53:31", "elapsed": 860.602604, "delta": 2.580291}}
{"target": 0.8547248760491469, "params": {"eta": 0.446556635008081, "max_depth": 7.429259207749236, "n_estimators": 10.80774778085214}, "datetime": {"datetime": "2021-09-17 17:53:38", "elapsed": 867.228894, "delta": 6.62629}}
{"target": 0.8749028920591225, "params": {"eta": 0.472814159794714, "max_depth": 5.5803173507618125, "n_estimators": 11.755073218916301}, "datetime": {"datetime": "2021-09-17 17:53:45", "elapsed": 873.670559, "delta": 6.441665}}
{"target": 0.8539182859279065, "params": {"eta": 0.35100224493664917, "max_depth": 7.273507492813874, "n_estimators": 8.373214576849215}, "datetime": {"datetime": "2021-09-17 17:53:47", "elapsed": 876.170834, "delta": 2.500275}}
{"target": 0.8409700690638633, "params": {"eta": 0.4275164708153779, "max_depth": 10.157573300266382, "n_estimators": 10.421044155153936}, "datetime": {"datetime": "2021-09-17 17:53:53", "elapsed": 881.923189, "delta": 5.752355}}
{"target": 0.844963083594394, "params": {"eta": 0.4570924365624204, "max_depth": 4.854310000070546, "n_estimators": 11.409216891280845}, "datetime": {"datetime": "2021-09-17 17:53:58", "elapsed": 887.069614, "delta": 5.146425}}
{"target": 0.8438231139250574, "params": {"eta": 0.4490250635843623, "max_depth": 11.303952394792102, "n_estimators": 11.359382554912848}, "datetime": {"datetime": "2021-09-17 17:54:07", "elapsed": 895.651088, "delta": 8.581474}}
{"target": 0.8628898898481714, "params": {"eta": 0.43709841868563765, "max_depth": 10.862382376531919, "n_estimators": 11.920316567934078}, "datetime": {"datetime": "2021-09-17 17:54:13", "elapsed": 901.808947, "delta": 6.157859}}
{"target": 0.847290069843114, "params": {"eta": 0.45650289640536396, "max_depth": 4.861370967531416, "n_estimators": 11.374019472091803}, "datetime": {"datetime": "2021-09-17 17:54:20", "elapsed": 908.89952, "delta": 7.090573}}
{"target": 0.8115485611312363, "params": {"eta": 0.3087319058577639, "max_depth": 7.446792504509114, "n_estimators": 10.216789488178112}, "datetime": {"datetime": "2021-09-17 17:54:22", "elapsed": 911.537675, "delta": 2.638155}}
{"target": 0.8156479810724883, "params": {"eta": 0.483448132727478, "max_depth": 5.569626434182688, "n_estimators": 11.76276930055931}, "datetime": {"datetime": "2021-09-17 17:54:30", "elapsed": 919.110639, "delta": 7.572964}}
{"target": 0.850911977772685, "params": {"eta": 0.4753909775086698, "max_depth": 7.347155057514714, "n_estimators": 7.181018306315428}, "datetime": {"datetime": "2021-09-17 17:54:33", "elapsed": 921.734084, "delta": 2.623445}}
{"target": 0.828948744723451, "params": {"eta": 0.41986759529270357, "max_depth": 8.7613061962868, "n_estimators": 11.188319250637456}, "datetime": {"datetime": "2021-09-17 17:54:40", "elapsed": 928.670888, "delta": 6.936804}}
{"target": 0.8523691724515685, "params": {"eta": 0.44163145591546377, "max_depth": 4.924721930276599, "n_estimators": 10.680660484610616}, "datetime": {"datetime": "2021-09-17 17:54:46", "elapsed": 935.416047, "delta": 6.745159}}
{"target": 0.8569391268013369, "params": {"eta": 0.4309244262628998, "max_depth": 7.273103443096787, "n_estimators": 11.863402467812524}, "datetime": {"datetime": "2021-09-17 17:54:54", "elapsed": 943.549071, "delta": 8.133024}}
{"target": 0.8739807250853271, "params": {"eta": 0.46690981835005807, "max_depth": 5.608971608419599, "n_estimators": 11.736693436902394}, "datetime": {"datetime": "2021-09-17 17:55:02", "elapsed": 950.838485, "delta": 7.289414}}
{"target": 0.8671068828310488, "params": {"eta": 0.4415118280548282, "max_depth": 6.41075628881278, "n_estimators": 11.47824411230733}, "datetime": {"datetime": "2021-09-17 17:55:08", "elapsed": 956.965924, "delta": 6.127439}}
{"target": 0.8321070900073387, "params": {"eta": 0.3490278240213578, "max_depth": 11.558710883760472, "n_estimators": 8.201997571379222}, "datetime": {"datetime": "2021-09-17 17:55:10", "elapsed": 959.246957, "delta": 2.281033}}
{"target": 0.8659304837982059, "params": {"eta": 0.44139068287740857, "max_depth": 10.249746428017893, "n_estimators": 10.802940276240808}, "datetime": {"datetime": "2021-09-17 17:55:13", "elapsed": 961.88399, "delta": 2.637033}}
{"target": 0.8151968496464883, "params": {"eta": 0.4860249185839461, "max_depth": 5.611417825485529, "n_estimators": 11.756627766837667}, "datetime": {"datetime": "2021-09-17 17:55:19", "elapsed": 967.975322, "delta": 6.091332}}
{"target": 0.8412016119818656, "params": {"eta": 0.4180703533505933, "max_depth": 7.178701509010284, "n_estimators": 8.668623298243494}, "datetime": {"datetime": "2021-09-17 17:55:21", "elapsed": 970.395831, "delta": 2.420509}}
{"target": 0.8176260526986205, "params": {"eta": 0.41766411422159233, "max_depth": 8.028252742313938, "n_estimators": 11.173529054235884}, "datetime": {"datetime": "2021-09-17 17:55:24", "elapsed": 972.957177, "delta": 2.561346}}
{"target": 0.8496189890469389, "params": {"eta": 0.3689036472455603, "max_depth": 7.828436488949104, "n_estimators": 10.967912586905129}, "datetime": {"datetime": "2021-09-17 17:55:30", "elapsed": 978.632911, "delta": 5.675734}}
{"target": 0.8400214375266417, "params": {"eta": 0.4836454338029994, "max_depth": 4.3195757667439105, "n_estimators": 11.251336853165256}, "datetime": {"datetime": "2021-09-17 17:55:32", "elapsed": 980.970672, "delta": 2.337761}}
{"target": 0.8485290779282737, "params": {"eta": 0.4526998979117465, "max_depth": 5.622345295226593, "n_estimators": 11.732418946545483}, "datetime": {"datetime": "2021-09-17 17:55:39", "elapsed": 987.720167, "delta": 6.749495}}
{"target": 0.8645744568842986, "params": {"eta": 0.44315423893392736, "max_depth": 10.183805625627997, "n_estimators": 10.3835013462126}, "datetime": {"datetime": "2021-09-17 17:55:44", "elapsed": 993.388599, "delta": 5.668432}}
{"target": 0.8604980162334313, "params": {"eta": 0.4567278330463193, "max_depth": 10.191003694160356, "n_estimators": 10.373208666886297}, "datetime": {"datetime": "2021-09-17 17:55:52", "elapsed": 1000.700245, "delta": 7.311646}}
{"target": 0.8628347552198081, "params": {"eta": 0.4431119878912628, "max_depth": 8.732480505199554, "n_estimators": 11.20804679568689}, "datetime": {"datetime": "2021-09-17 17:55:59", "elapsed": 1007.828874, "delta": 7.128629}}
{"target": 0.8301921018983662, "params": {"eta": 0.4225506613524521, "max_depth": 6.410186270403772, "n_estimators": 11.474015913036652}, "datetime": {"datetime": "2021-09-17 17:56:05", "elapsed": 1014.495923, "delta": 6.667049}}
{"target": 0.8535686889853269, "params": {"eta": 0.347801665368924, "max_depth": 7.753658230453689, "n_estimators": 11.172365979366237}, "datetime": {"datetime": "2021-09-17 17:56:14", "elapsed": 1022.744886, "delta": 8.248963}}
{"target": 0.8484797566136286, "params": {"eta": 0.4535477908080491, "max_depth": 5.585357277197428, "n_estimators": 11.739688294101231}, "datetime": {"datetime": "2021-09-17 17:56:20", "elapsed": 1029.237411, "delta": 6.492525}}
{"target": 0.8427919435020866, "params": {"eta": 0.45100875922074946, "max_depth": 10.261854941199685, "n_estimators": 10.792766174063011}, "datetime": {"datetime": "2021-09-17 17:56:26", "elapsed": 1035.147544, "delta": 5.910133}}
{"target": 0.8286885489212856, "params": {"eta": 0.405646522418317, "max_depth": 8.6206294694715, "n_estimators": 9.182368898534484}, "datetime": {"datetime": "2021-09-17 17:56:29", "elapsed": 1037.886337, "delta": 2.738793}}
{"target": 0.8465630796963957, "params": {"eta": 0.44924992371364286, "max_depth": 10.170448693612343, "n_estimators": 10.370119302531592}, "datetime": {"datetime": "2021-09-17 17:56:35", "elapsed": 1044.17799, "delta": 6.291653}}
{"target": 0.8189658660512225, "params": {"eta": 0.4077372942865376, "max_depth": 11.711741952126728, "n_estimators": 9.815959703158736}, "datetime": {"datetime": "2021-09-17 17:56:42", "elapsed": 1051.567159, "delta": 7.389169}}
{"target": 0.8489268713545827, "params": {"eta": 0.47741543585029234, "max_depth": 5.9461010382687105, "n_estimators": 10.237674749647569}, "datetime": {"datetime": "2021-09-17 17:56:49", "elapsed": 1058.233401, "delta": 6.666242}}
