{"target": 0.716170250868578, "params": {"eta": 1.0, "max_depth": 8.666811970954532, "n_estimators": 9.61352409322515}, "datetime": {"datetime": "2021-09-17 15:51:01", "elapsed": 262.372478, "delta": 1.346262}}
{"target": 0.7880880125413285, "params": {"eta": 0.7017339167066694, "max_depth": 4.776370894285872, "n_estimators": 7.458945209426324}, "datetime": {"datetime": "2021-09-17 15:51:03", "elapsed": 263.767021, "delta": 1.394543}}
{"target": 0.6545534755708191, "params": {"eta": 1.0, "max_depth": 1.366124529605936, "n_estimators": 4.965497127824549}, "datetime": {"datetime": "2021-09-17 15:51:04", "elapsed": 265.194108, "delta": 1.427087}}
{"target": 0.6058005799311864, "params": {"eta": 0.36885685496438514, "max_depth": 5.387555060959664, "n_estimators": 4.841367464939994}, "datetime": {"datetime": "2021-09-17 15:51:06", "elapsed": 267.164586, "delta": 1.970478}}
{"target": 0.7975222704457209, "params": {"eta": 0.6637142182793389, "max_depth": 5.46807976643304, "n_estimators": 8.563383800304003}, "datetime": {"datetime": "2021-09-17 15:51:08", "elapsed": 269.009786, "delta": 1.8452}}
{"target": 0.8183082029866542, "params": {"eta": 0.599746539571623, "max_depth": 5.421397346025305, "n_estimators": 9.321062915458782}, "datetime": {"datetime": "2021-09-17 15:51:09", "elapsed": 270.371695, "delta": 1.361909}}
{"target": 0.7758039711622627, "params": {"eta": 0.6755292889599144, "max_depth": 5.26381383795805, "n_estimators": 9.974978497746175}, "datetime": {"datetime": "2021-09-17 15:51:12", "elapsed": 272.861904, "delta": 2.490209}}
{"target": 0.8007848544624874, "params": {"eta": 0.5673394953584281, "max_depth": 5.8777909845325365, "n_estimators": 8.922536895779116}, "datetime": {"datetime": "2021-09-17 15:51:14", "elapsed": 274.595174, "delta": 1.73327}}
{"target": 0.80946689922127, "params": {"eta": 0.2842893945583558, "max_depth": 5.603751931323626, "n_estimators": 9.00601386502667}, "datetime": {"datetime": "2021-09-17 15:51:15", "elapsed": 275.896025, "delta": 1.300851}}
{"target": 0.8370753268178696, "params": {"eta": 0.3858715763165022, "max_depth": 5.76575933623784, "n_estimators": 9.494380014799356}, "datetime": {"datetime": "2021-09-17 15:51:16", "elapsed": 277.312289, "delta": 1.416264}}
{"target": 0.8052990526251042, "params": {"eta": 0.2344701509083801, "max_depth": 5.5277735503124, "n_estimators": 10.0}, "datetime": {"datetime": "2021-09-17 15:51:18", "elapsed": 279.005288, "delta": 1.692999}}
{"target": 0.31052338104782606, "params": {"eta": 0.1358890900932809, "max_depth": 5.517884638595797, "n_estimators": 9.382841775916262}, "datetime": {"datetime": "2021-09-17 15:51:20", "elapsed": 280.839343, "delta": 1.834055}}
{"target": 0.798822425789794, "params": {"eta": 0.6448890848337314, "max_depth": 5.886609954679831, "n_estimators": 9.890677741832832}, "datetime": {"datetime": "2021-09-17 15:51:21", "elapsed": 282.213669, "delta": 1.374326}}
{"target": 0.8036341839622676, "params": {"eta": 0.603885263141497, "max_depth": 5.510819570124445, "n_estimators": 9.731513569279006}, "datetime": {"datetime": "2021-09-17 15:51:23", "elapsed": 284.162406, "delta": 1.948737}}
{"target": 0.8032733811701765, "params": {"eta": 0.5859892433877381, "max_depth": 5.581632573085877, "n_estimators": 9.04956163132737}, "datetime": {"datetime": "2021-09-17 15:51:25", "elapsed": 285.797378, "delta": 1.634972}}
{"target": 0.5837470277352961, "params": {"eta": 0.1934310342166973, "max_depth": 5.863491356652057, "n_estimators": 8.608219831231008}, "datetime": {"datetime": "2021-09-17 15:51:27", "elapsed": 287.664461, "delta": 1.867083}}
{"target": 0.7535265596445434, "params": {"eta": 0.7668043478164431, "max_depth": 7.624053845268276, "n_estimators": 6.391766938996431}, "datetime": {"datetime": "2021-09-17 15:51:29", "elapsed": 290.196076, "delta": 2.531615}}
{"target": 0.6501747830093738, "params": {"eta": 1.0, "max_depth": 9.867200351040195, "n_estimators": 1.3988948426650414}, "datetime": {"datetime": "2021-09-17 15:51:31", "elapsed": 291.632059, "delta": 1.435983}}
{"target": -0.46524815565011335, "params": {"eta": 0.1846586159309638, "max_depth": 6.068497748925061, "n_estimators": 4.855040704371916}, "datetime": {"datetime": "2021-09-17 15:51:33", "elapsed": 293.795823, "delta": 2.163764}}
{"target": 0.7656406242207847, "params": {"eta": 0.6708625261547521, "max_depth": 6.842776223273076, "n_estimators": 4.837859986898182}, "datetime": {"datetime": "2021-09-17 15:51:35", "elapsed": 295.834705, "delta": 2.038882}}
{"target": 0.7492213740205742, "params": {"eta": 0.7391457406138258, "max_depth": 5.550286404395325, "n_estimators": 4.406345726332517}, "datetime": {"datetime": "2021-09-17 15:51:37", "elapsed": 297.73549, "delta": 1.900785}}
{"target": 0.7668010355627232, "params": {"eta": 0.6760687222357872, "max_depth": 6.394921224499148, "n_estimators": 5.207563450296977}, "datetime": {"datetime": "2021-09-17 15:51:39", "elapsed": 299.915389, "delta": 2.179899}}
{"target": 0.7792598799264803, "params": {"eta": 0.6983747982158925, "max_depth": 5.918792376444461, "n_estimators": 4.871411724289881}, "datetime": {"datetime": "2021-09-17 15:51:42", "elapsed": 302.677723, "delta": 2.762334}}
{"target": 0.7552596700982959, "params": {"eta": 0.762396307612369, "max_depth": 5.831424995685165, "n_estimators": 5.666597662594521}, "datetime": {"datetime": "2021-09-17 15:51:44", "elapsed": 304.841582, "delta": 2.163859}}
{"target": 0.7055298377468212, "params": {"eta": 1.0, "max_depth": 4.2101035220138066, "n_estimators": 2.9854402304968826}, "datetime": {"datetime": "2021-09-17 15:51:46", "elapsed": 307.168855, "delta": 2.327273}}
{"target": 0.6881437468316711, "params": {"eta": 0.9952702079174458, "max_depth": 7.235916407385526, "n_estimators": 7.294070317184321}, "datetime": {"datetime": "2021-09-17 15:51:48", "elapsed": 309.01227, "delta": 1.843415}}
{"target": 0.6921450550653732, "params": {"eta": 1.0, "max_depth": 2.227196345955118, "n_estimators": 2.4094038687121433}, "datetime": {"datetime": "2021-09-17 15:51:50", "elapsed": 310.86316, "delta": 1.85089}}
{"target": 0.6988802365254154, "params": {"eta": 1.0, "max_depth": 2.01729240383342, "n_estimators": 3.785647710325904}, "datetime": {"datetime": "2021-09-17 15:51:51", "elapsed": 312.212977, "delta": 1.349817}}
{"target": 0.8103958329586097, "params": {"eta": 0.5675878823688594, "max_depth": 9.638666868315052, "n_estimators": 8.837816495562565}, "datetime": {"datetime": "2021-09-17 15:51:53", "elapsed": 313.962733, "delta": 1.749756}}
{"target": 0.7574034509323019, "params": {"eta": 0.5939890807249258, "max_depth": 2.6606553488093425, "n_estimators": 6.896963634716232}, "datetime": {"datetime": "2021-09-17 15:51:55", "elapsed": 315.952575, "delta": 1.989842}}
{"target": 0.6944734285904038, "params": {"eta": 1.0, "max_depth": 9.448149151657042, "n_estimators": 7.145085969941228}, "datetime": {"datetime": "2021-09-17 15:51:56", "elapsed": 317.54292, "delta": 1.590345}}
{"target": 0.7328199304644525, "params": {"eta": 0.6752457868007038, "max_depth": 1.884417622943662, "n_estimators": 7.844493369320433}, "datetime": {"datetime": "2021-09-17 15:51:59", "elapsed": 319.650325, "delta": 2.107405}}
{"target": 0.7483122351913674, "params": {"eta": 0.6699196892111222, "max_depth": 2.3381452253860693, "n_estimators": 7.559349334594804}, "datetime": {"datetime": "2021-09-17 15:52:00", "elapsed": 321.188324, "delta": 1.537999}}
{"target": 0.774078233363243, "params": {"eta": 0.6210853381541531, "max_depth": 1.0073909547915663, "n_estimators": 7.892232457031252}, "datetime": {"datetime": "2021-09-17 15:52:02", "elapsed": 323.072531, "delta": 1.884207}}
{"target": 0.7575668263786469, "params": {"eta": 0.5353415245237624, "max_depth": 1.3693416805453373, "n_estimators": 7.78334742639201}, "datetime": {"datetime": "2021-09-17 15:52:03", "elapsed": 324.506302, "delta": 1.433771}}
{"target": 0.7248912157496463, "params": {"eta": 0.7510478655690037, "max_depth": 1.2034580939720485, "n_estimators": 8.13673377807641}, "datetime": {"datetime": "2021-09-17 15:52:06", "elapsed": 327.225418, "delta": 2.719116}}
{"target": 0.7055298377468212, "params": {"eta": 1.0, "max_depth": 4.779586605254997, "n_estimators": 2.157864429444566}, "datetime": {"datetime": "2021-09-17 15:52:08", "elapsed": 329.387276, "delta": 2.161858}}
{"target": 0.7295955244115417, "params": {"eta": 1.0, "max_depth": 5.90685516467557, "n_estimators": 4.25083009266674}, "datetime": {"datetime": "2021-09-17 15:52:10", "elapsed": 331.105628, "delta": 1.718352}}
{"target": 0.7831936097151418, "params": {"eta": 0.6482445565156221, "max_depth": 8.629605551999227, "n_estimators": 8.832406798813459}, "datetime": {"datetime": "2021-09-17 15:52:12", "elapsed": 333.168292, "delta": 2.062664}}
{"target": 0.7805060214890558, "params": {"eta": 0.6722560306360936, "max_depth": 5.672688714245043, "n_estimators": 8.214825463379631}, "datetime": {"datetime": "2021-09-17 15:52:14", "elapsed": 334.727436, "delta": 1.559144}}
{"target": 0.7752212781476896, "params": {"eta": 1.0, "max_depth": 4.437495467158423, "n_estimators": 6.215315240747865}, "datetime": {"datetime": "2021-09-17 15:52:16", "elapsed": 336.669276, "delta": 1.94184}}
{"target": 0.8067565279314042, "params": {"eta": 0.7141650380229958, "max_depth": 8.429745564007764, "n_estimators": 8.381630623301906}, "datetime": {"datetime": "2021-09-17 15:52:18", "elapsed": 338.625537, "delta": 1.956261}}
{"target": 0.716772499639672, "params": {"eta": 1.0, "max_depth": 8.137241086918895, "n_estimators": 7.012284921151689}, "datetime": {"datetime": "2021-09-17 15:52:19", "elapsed": 340.276634, "delta": 1.651097}}
{"target": 0.770503736505014, "params": {"eta": 1.0, "max_depth": 3.2284052419195928, "n_estimators": 7.2876643301796}, "datetime": {"datetime": "2021-09-17 15:52:21", "elapsed": 341.932854, "delta": 1.65622}}
{"target": 0.6885773775628986, "params": {"eta": 1.0, "max_depth": 2.3921712797362416, "n_estimators": 4.7257156970813385}, "datetime": {"datetime": "2021-09-17 15:52:23", "elapsed": 343.806156, "delta": 1.873302}}
{"target": 0.8130541388328725, "params": {"eta": 0.5140209835311542, "max_depth": 5.62358551589143, "n_estimators": 10.0}, "datetime": {"datetime": "2021-09-17 15:52:25", "elapsed": 345.876404, "delta": 2.070248}}
{"target": 0.7951686594600165, "params": {"eta": 0.6675106551189125, "max_depth": 5.879257653732476, "n_estimators": 9.447609360909118}, "datetime": {"datetime": "2021-09-17 15:52:28", "elapsed": 348.733641, "delta": 2.857237}}
{"target": 0.7590748465374186, "params": {"eta": 1.0, "max_depth": 4.9579492381050185, "n_estimators": 4.118886666396196}, "datetime": {"datetime": "2021-09-17 15:52:30", "elapsed": 350.711744, "delta": 1.978103}}
{"target": 0.6611936713337884, "params": {"eta": 1.0, "max_depth": 3.3681912296482226, "n_estimators": 1.7708757758302691}, "datetime": {"datetime": "2021-09-17 15:52:33", "elapsed": 353.768926, "delta": 3.057182}}
{"target": 0.6951687092618875, "params": {"eta": 1.0, "max_depth": 9.77633741343572, "n_estimators": 4.069786519189171}, "datetime": {"datetime": "2021-09-17 15:52:35", "elapsed": 356.049334, "delta": 2.280408}}
{"target": 0.6690724528984213, "params": {"eta": 1.0, "max_depth": 7.436738718805138, "n_estimators": 3.1070181361825546}, "datetime": {"datetime": "2021-09-17 15:52:37", "elapsed": 357.878557, "delta": 1.829223}}
{"target": 0.7586601742585206, "params": {"eta": 0.7486787044153911, "max_depth": 5.186817451443398, "n_estimators": 5.446497941395398}, "datetime": {"datetime": "2021-09-17 15:52:39", "elapsed": 359.662557, "delta": 1.784}}
{"target": 0.7811705681690403, "params": {"eta": 0.6609426227456404, "max_depth": 8.146710233800771, "n_estimators": 5.671617017056487}, "datetime": {"datetime": "2021-09-17 15:52:41", "elapsed": 362.382921, "delta": 2.720364}}
{"target": 0.7133262441456074, "params": {"eta": 1.0, "max_depth": 8.320887878798944, "n_estimators": 6.186936032274303}, "datetime": {"datetime": "2021-09-17 15:52:44", "elapsed": 364.966355, "delta": 2.583434}}
{"target": 0.7912873404981651, "params": {"eta": 0.5805327361185445, "max_depth": 4.994018118279357, "n_estimators": 5.014081100739863}, "datetime": {"datetime": "2021-09-17 15:52:46", "elapsed": 366.619295, "delta": 1.65294}}
{"target": 0.7062162029821194, "params": {"eta": 1.0, "max_depth": 9.100600698728561, "n_estimators": 2.8237816576162817}, "datetime": {"datetime": "2021-09-17 15:52:48", "elapsed": 368.585918, "delta": 1.966623}}
{"target": 0.7933843577027739, "params": {"eta": 0.28853427515803076, "max_depth": 5.412148682271963, "n_estimators": 8.396752667357854}, "datetime": {"datetime": "2021-09-17 15:52:49", "elapsed": 370.546671, "delta": 1.960753}}
{"target": 0.6501747830093738, "params": {"eta": 1.0, "max_depth": 7.949333428003297, "n_estimators": 1.5037511942933524}, "datetime": {"datetime": "2021-09-17 15:52:52", "elapsed": 372.795378, "delta": 2.248707}}
{"target": 0.7170558940118665, "params": {"eta": 1.0, "max_depth": 8.70842895975999, "n_estimators": 5.467317196981571}, "datetime": {"datetime": "2021-09-17 15:52:54", "elapsed": 374.946807, "delta": 2.151429}}
{"target": 0.7160387267216928, "params": {"eta": 1.0, "max_depth": 8.001566905864063, "n_estimators": 8.585943086691184}, "datetime": {"datetime": "2021-09-17 15:52:56", "elapsed": 377.257608, "delta": 2.310801}}
{"target": 0.7465673759331448, "params": {"eta": 1.0, "max_depth": 3.6757862018490624, "n_estimators": 5.9403221321441055}, "datetime": {"datetime": "2021-09-17 15:52:59", "elapsed": 379.601735, "delta": 2.344127}}
{"target": 0.7673377160106556, "params": {"eta": 0.7442376290453953, "max_depth": 6.538525990215176, "n_estimators": 4.867305646452874}, "datetime": {"datetime": "2021-09-17 15:53:01", "elapsed": 382.2957, "delta": 2.693965}}
{"target": 0.6534858712017793, "params": {"eta": 1.0, "max_depth": 1.4854780685329492, "n_estimators": 2.2610859800214063}, "datetime": {"datetime": "2021-09-17 15:53:04", "elapsed": 384.626288, "delta": 2.330588}}
{"target": 0.7643480107673336, "params": {"eta": 0.9680684172347758, "max_depth": 6.853718786666654, "n_estimators": 5.525374493749829}, "datetime": {"datetime": "2021-09-17 15:53:05", "elapsed": 386.162191, "delta": 1.535903}}
{"target": 0.6501747830093738, "params": {"eta": 1.0, "max_depth": 8.323384855254261, "n_estimators": 1.0}, "datetime": {"datetime": "2021-09-17 15:53:07", "elapsed": 388.504463, "delta": 2.342272}}
{"target": 0.7663250188278266, "params": {"eta": 0.9790321979761274, "max_depth": 9.592585786138493, "n_estimators": 8.461983613808922}, "datetime": {"datetime": "2021-09-17 15:53:10", "elapsed": 390.646692, "delta": 2.142229}}
{"target": 0.6891497667232224, "params": {"eta": 1.0, "max_depth": 7.278799490785153, "n_estimators": 2.147820873394538}, "datetime": {"datetime": "2021-09-17 15:53:11", "elapsed": 392.360941, "delta": 1.714249}}
{"target": 0.7722477414219442, "params": {"eta": 0.6518537998942392, "max_depth": 1.8175478656571278, "n_estimators": 7.469064557838564}, "datetime": {"datetime": "2021-09-17 15:53:14", "elapsed": 395.093403, "delta": 2.732462}}
{"target": 0.7752212781476896, "params": {"eta": 1.0, "max_depth": 4.111704738391504, "n_estimators": 6.911729277786989}, "datetime": {"datetime": "2021-09-17 15:53:16", "elapsed": 396.84964, "delta": 1.756237}}
{"target": 0.7228625795277803, "params": {"eta": 1.0, "max_depth": 5.955568962066164, "n_estimators": 7.979084729359899}, "datetime": {"datetime": "2021-09-17 15:53:17", "elapsed": 398.544866, "delta": 1.695226}}
{"target": 0.7761520449942765, "params": {"eta": 1.0, "max_depth": 3.976191102099128, "n_estimators": 8.609233457056293}, "datetime": {"datetime": "2021-09-17 15:53:19", "elapsed": 400.523913, "delta": 1.979047}}
{"target": 0.697015526286548, "params": {"eta": 1.0, "max_depth": 6.744237602012268, "n_estimators": 2.4462237549127552}, "datetime": {"datetime": "2021-09-17 15:53:21", "elapsed": 401.970123, "delta": 1.44621}}
{"target": 0.7289234094378835, "params": {"eta": 1.0, "max_depth": 6.304177511081201, "n_estimators": 9.128855845066653}, "datetime": {"datetime": "2021-09-17 15:53:23", "elapsed": 403.771127, "delta": 1.801004}}
{"target": 0.7235812954816632, "params": {"eta": 1.0, "max_depth": 5.556766956557191, "n_estimators": 3.488188886022006}, "datetime": {"datetime": "2021-09-17 15:53:24", "elapsed": 405.464192, "delta": 1.693065}}
{"target": 0.8385306215516347, "params": {"eta": 0.39163930897221694, "max_depth": 5.637021657393509, "n_estimators": 8.674253974181726}, "datetime": {"datetime": "2021-09-17 15:53:26", "elapsed": 407.462699, "delta": 1.998507}}
{"target": 0.7945357724932541, "params": {"eta": 0.6315367988909604, "max_depth": 7.788921833451582, "n_estimators": 8.400261569190613}, "datetime": {"datetime": "2021-09-17 15:53:29", "elapsed": 409.675589, "delta": 2.21289}}
{"target": 0.8025674954322832, "params": {"eta": 0.5663606958515817, "max_depth": 7.049981818605471, "n_estimators": 8.220644126331761}, "datetime": {"datetime": "2021-09-17 15:53:31", "elapsed": 412.158919, "delta": 2.48333}}
{"target": 0.8076249508739171, "params": {"eta": 0.5052045370167684, "max_depth": 6.8106276831318775, "n_estimators": 8.57038379430231}, "datetime": {"datetime": "2021-09-17 15:53:33", "elapsed": 414.440621, "delta": 2.281702}}
{"target": 0.787450322867494, "params": {"eta": 0.6352634496422129, "max_depth": 6.470877871726102, "n_estimators": 8.414392638046904}, "datetime": {"datetime": "2021-09-17 15:53:35", "elapsed": 416.194662, "delta": 1.754041}}
{"target": 0.7851691629102456, "params": {"eta": 0.6659761184423436, "max_depth": 7.4752982076858645, "n_estimators": 8.617856093309777}, "datetime": {"datetime": "2021-09-17 15:53:37", "elapsed": 417.99214, "delta": 1.797478}}
{"target": 0.7760798366113189, "params": {"eta": 0.7238533468853953, "max_depth": 6.987370165442477, "n_estimators": 8.505482063586802}, "datetime": {"datetime": "2021-09-17 15:53:39", "elapsed": 420.19221, "delta": 2.20007}}
{"target": 0.8458140803757743, "params": {"eta": 0.3997805501162996, "max_depth": 7.365967020832418, "n_estimators": 8.446647248707109}, "datetime": {"datetime": "2021-09-17 15:53:41", "elapsed": 422.1715, "delta": 1.97929}}
{"target": 0.7966720036607311, "params": {"eta": 0.6127029879235626, "max_depth": 7.399956814510822, "n_estimators": 8.188426777957753}, "datetime": {"datetime": "2021-09-17 15:53:43", "elapsed": 423.937524, "delta": 1.766024}}
{"target": 0.7176986852062479, "params": {"eta": 0.9999746130606385, "max_depth": 5.340606146226467, "n_estimators": 2.059570167775001}, "datetime": {"datetime": "2021-09-17 15:53:45", "elapsed": 425.629851, "delta": 1.692327}}
{"target": 0.789774886851383, "params": {"eta": 0.6060138777393114, "max_depth": 6.356914287433825, "n_estimators": 8.884934963908135}, "datetime": {"datetime": "2021-09-17 15:53:47", "elapsed": 428.02775, "delta": 2.397899}}
{"target": 0.781593455599606, "params": {"eta": 1.0, "max_depth": 4.407289979569611, "n_estimators": 9.734456006157057}, "datetime": {"datetime": "2021-09-17 15:53:49", "elapsed": 429.607747, "delta": 1.579997}}
{"target": 0.6463688258184356, "params": {"eta": 1.0, "max_depth": 2.761801549970515, "n_estimators": 1.0}, "datetime": {"datetime": "2021-09-17 15:53:51", "elapsed": 432.099767, "delta": 2.49202}}
{"target": 0.7346862610092064, "params": {"eta": 0.3681127779386107, "max_depth": 8.053445968367763, "n_estimators": 5.469946849302411}, "datetime": {"datetime": "2021-09-17 15:53:54", "elapsed": 435.113827, "delta": 3.01406}}
{"target": 0.7786499672096973, "params": {"eta": 0.6670687828395029, "max_depth": 5.323193886759145, "n_estimators": 4.72930750065653}, "datetime": {"datetime": "2021-09-17 15:53:57", "elapsed": 438.195311, "delta": 3.081484}}
{"target": 0.7259309705966397, "params": {"eta": 1.0, "max_depth": 6.632949518071396, "n_estimators": 7.19324619779893}, "datetime": {"datetime": "2021-09-17 15:53:59", "elapsed": 440.17244, "delta": 1.977129}}
{"target": 0.6999993491451454, "params": {"eta": 1.0, "max_depth": 9.566195364880407, "n_estimators": 3.5312777175480123}, "datetime": {"datetime": "2021-09-17 15:54:01", "elapsed": 441.977437, "delta": 1.804997}}
{"target": 0.7405183675220961, "params": {"eta": 0.7735406846883603, "max_depth": 4.7061032597613135, "n_estimators": 5.009970132811472}, "datetime": {"datetime": "2021-09-17 15:54:03", "elapsed": 444.197115, "delta": 2.219678}}
{"target": 0.8299270820683152, "params": {"eta": 0.48734744451006223, "max_depth": 5.166534630997986, "n_estimators": 7.769121203498087}, "datetime": {"datetime": "2021-09-17 15:54:05", "elapsed": 446.561137, "delta": 2.364022}}
{"target": 0.6913657585592221, "params": {"eta": 1.0, "max_depth": 7.268262636842083, "n_estimators": 7.9344622130975075}, "datetime": {"datetime": "2021-09-17 15:54:07", "elapsed": 448.560161, "delta": 1.999024}}
{"target": 0.6611936713337884, "params": {"eta": 1.0, "max_depth": 3.7820843751158693, "n_estimators": 1.0}, "datetime": {"datetime": "2021-09-17 15:54:10", "elapsed": 451.134783, "delta": 2.574622}}
{"target": 0.7278593825593345, "params": {"eta": 0.7585786942541505, "max_depth": 1.2979076794507436, "n_estimators": 7.630706151724768}, "datetime": {"datetime": "2021-09-17 15:54:12", "elapsed": 453.550552, "delta": 2.415769}}
{"target": 0.7310490090396373, "params": {"eta": 1.0, "max_depth": 3.4672638424209583, "n_estimators": 4.117539083668426}, "datetime": {"datetime": "2021-09-17 15:54:14", "elapsed": 455.509998, "delta": 1.959446}}
{"target": 0.831686278980115, "params": {"eta": 0.5293748153361049, "max_depth": 5.2193102818152495, "n_estimators": 8.19205419797641}, "datetime": {"datetime": "2021-09-17 15:54:16", "elapsed": 457.323223, "delta": 1.813225}}
{"target": 0.709960617854438, "params": {"eta": 1.0, "max_depth": 10.0, "n_estimators": 3.1862380394129026}, "datetime": {"datetime": "2021-09-17 15:54:19", "elapsed": 459.692909, "delta": 2.369686}}
