{"target": -2.922793908495652, "params": {"eta": 0.6635318028463224, "max_depth": 8.255963703867312, "n_estimators": 12.59284351882307}, "datetime": {"datetime": "2021-09-17 10:08:34", "elapsed": 105.84407, "delta": 1.243777}}
{"target": -2.6352036582796194, "params": {"eta": 0.39202247677160695, "max_depth": 8.501021001234985, "n_estimators": 17.821597818198825}, "datetime": {"datetime": "2021-09-17 10:08:34", "elapsed": 106.420918, "delta": 0.576848}}
{"target": -3.022116482257843, "params": {"eta": 0.609125094325399, "max_depth": 2.328694686252217, "n_estimators": 13.800692739780414}, "datetime": {"datetime": "2021-09-17 10:08:35", "elapsed": 106.955913, "delta": 0.534995}}
{"target": -2.4046078180011947, "params": {"eta": 0.3990781432725977, "max_depth": 5.813451099747521, "n_estimators": 15.026467966272989}, "datetime": {"datetime": "2021-09-17 10:08:36", "elapsed": 108.215869, "delta": 1.259956}}
{"target": -4.508968751681478, "params": {"eta": 0.11698579493602784, "max_depth": 5.8811296176866925, "n_estimators": 15.259727546035132}, "datetime": {"datetime": "2021-09-17 10:08:37", "elapsed": 109.379449, "delta": 1.16358}}
{"target": -2.749243239038869, "params": {"eta": 0.5217489082349044, "max_depth": 7.9284027015641, "n_estimators": 12.106611534176405}, "datetime": {"datetime": "2021-09-17 10:08:38", "elapsed": 110.486846, "delta": 1.107397}}
{"target": -2.6009092876785678, "params": {"eta": 0.38348740230669676, "max_depth": 5.955200855676614, "n_estimators": 15.723308460985512}, "datetime": {"datetime": "2021-09-17 10:08:39", "elapsed": 111.410531, "delta": 0.923685}}
{"target": -2.7788445008428475, "params": {"eta": 0.5406408110359685, "max_depth": 9.178031394680005, "n_estimators": 14.823786995964447}, "datetime": {"datetime": "2021-09-17 10:08:40", "elapsed": 112.712264, "delta": 1.301733}}
{"target": -2.6112020385892767, "params": {"eta": 0.4650211984044714, "max_depth": 9.629044452100485, "n_estimators": 14.785770705093922}, "datetime": {"datetime": "2021-09-17 10:08:41", "elapsed": 113.71426, "delta": 1.001996}}
{"target": -2.7940225632567155, "params": {"eta": 0.4290498285985994, "max_depth": 5.4115062975068735, "n_estimators": 15.066409536839043}, "datetime": {"datetime": "2021-09-17 10:08:43", "elapsed": 114.946487, "delta": 1.232227}}
{"target": -2.8672809123992917, "params": {"eta": 0.6835553385468536, "max_depth": 9.713616154683601, "n_estimators": 15.07904229665377}, "datetime": {"datetime": "2021-09-17 10:08:44", "elapsed": 115.974843, "delta": 1.028356}}
{"target": -2.690529379091765, "params": {"eta": 0.3993830495831281, "max_depth": 9.951618502021597, "n_estimators": 14.426374582556583}, "datetime": {"datetime": "2021-09-17 10:08:45", "elapsed": 117.320731, "delta": 1.345888}}
{"target": -5.20225689034713, "params": {"eta": 0.12073600704886664, "max_depth": 10.0, "n_estimators": 13.826736352134407}, "datetime": {"datetime": "2021-09-17 10:08:46", "elapsed": 118.720288, "delta": 1.399557}}
{"target": -7.944310461847405, "params": {"eta": 0.1083309098857816, "max_depth": 7.713618760815856, "n_estimators": 10.694891704467203}, "datetime": {"datetime": "2021-09-17 10:08:47", "elapsed": 119.279287, "delta": 0.558999}}
{"target": -2.498748326928992, "params": {"eta": 0.4612040945517485, "max_depth": 7.911591418730359, "n_estimators": 10.541444312452322}, "datetime": {"datetime": "2021-09-17 10:08:48", "elapsed": 120.700458, "delta": 1.421171}}
{"target": -2.7223572078504064, "params": {"eta": 0.3392357360985985, "max_depth": 8.03199652560391, "n_estimators": 10.627057823989752}, "datetime": {"datetime": "2021-09-17 10:08:50", "elapsed": 121.998498, "delta": 1.29804}}
{"target": -2.92204789989873, "params": {"eta": 0.30338608286782937, "max_depth": 3.84178355132772, "n_estimators": 12.905103973181564}, "datetime": {"datetime": "2021-09-17 10:08:50", "elapsed": 122.564501, "delta": 0.566003}}
{"target": -2.7262365780378643, "params": {"eta": 0.4099700759528774, "max_depth": 7.580376353579241, "n_estimators": 11.043587885100976}, "datetime": {"datetime": "2021-09-17 10:08:52", "elapsed": 124.022276, "delta": 1.457775}}
{"target": -2.504557492231068, "params": {"eta": 0.3020454520502267, "max_depth": 5.697489795482491, "n_estimators": 14.825678665414442}, "datetime": {"datetime": "2021-09-17 10:08:53", "elapsed": 125.687083, "delta": 1.664807}}
{"target": -2.9585912792306197, "params": {"eta": 0.667967751406778, "max_depth": 5.863426641558977, "n_estimators": 15.223193854273681}, "datetime": {"datetime": "2021-09-17 10:08:55", "elapsed": 126.977369, "delta": 1.290286}}
{"target": -2.613480387235943, "params": {"eta": 0.3954986916942721, "max_depth": 3.7140594922129253, "n_estimators": 17.130610322666126}, "datetime": {"datetime": "2021-09-17 10:08:56", "elapsed": 128.09025, "delta": 1.112881}}
{"target": -2.7991147122885054, "params": {"eta": 0.29697719733157213, "max_depth": 4.762463612893626, "n_estimators": 10.56914384168595}, "datetime": {"datetime": "2021-09-17 10:08:56", "elapsed": 128.68468, "delta": 0.59443}}
{"target": -4.511455234728362, "params": {"eta": 0.17691088920520065, "max_depth": 1.3238730421525222, "n_estimators": 12.651547125791158}, "datetime": {"datetime": "2021-09-17 10:08:57", "elapsed": 129.286677, "delta": 0.601997}}
{"target": -2.6865124049939606, "params": {"eta": 0.39959780761767205, "max_depth": 9.775685850054606, "n_estimators": 13.586024448204784}, "datetime": {"datetime": "2021-09-17 10:08:58", "elapsed": 130.656828, "delta": 1.370151}}
{"target": -2.453551465586612, "params": {"eta": 0.44168637405678346, "max_depth": 9.516210511605642, "n_estimators": 14.389931693570764}, "datetime": {"datetime": "2021-09-17 10:09:00", "elapsed": 132.089825, "delta": 1.432997}}
{"target": -2.7968906026137503, "params": {"eta": 0.5324440966037502, "max_depth": 9.91509392483913, "n_estimators": 13.83709264961671}, "datetime": {"datetime": "2021-09-17 10:09:01", "elapsed": 133.474826, "delta": 1.385001}}
{"target": -2.935479006014372, "params": {"eta": 0.6797744923377187, "max_depth": 6.04491937005689, "n_estimators": 11.843569822493217}, "datetime": {"datetime": "2021-09-17 10:09:02", "elapsed": 134.118606, "delta": 0.64378}}
{"target": -2.4868051114835232, "params": {"eta": 0.4445882410619819, "max_depth": 8.8233600602363, "n_estimators": 17.44775177826868}, "datetime": {"datetime": "2021-09-17 10:09:03", "elapsed": 135.328792, "delta": 1.210186}}
{"target": -2.5786686382795634, "params": {"eta": 0.4477556402225986, "max_depth": 3.412207984607389, "n_estimators": 17.08529678282856}, "datetime": {"datetime": "2021-09-17 10:09:04", "elapsed": 136.607166, "delta": 1.278374}}
{"target": -2.5481610875380665, "params": {"eta": 0.34268151778323264, "max_depth": 8.91359064439352, "n_estimators": 17.211059682172134}, "datetime": {"datetime": "2021-09-17 10:09:06", "elapsed": 137.849434, "delta": 1.242268}}
{"target": -2.7555735569251207, "params": {"eta": 0.5152357695893971, "max_depth": 9.197216542683645, "n_estimators": 17.291205827211094}, "datetime": {"datetime": "2021-09-17 10:09:06", "elapsed": 138.550216, "delta": 0.700782}}
{"target": -2.4452298986284355, "params": {"eta": 0.40953306683431456, "max_depth": 9.652400184373134, "n_estimators": 17.561010465511714}, "datetime": {"datetime": "2021-09-17 10:09:07", "elapsed": 139.769762, "delta": 1.219546}}
{"target": -2.4982317773919354, "params": {"eta": 0.36090136391219296, "max_depth": 9.853804336104375, "n_estimators": 17.752787800420123}, "datetime": {"datetime": "2021-09-17 10:09:09", "elapsed": 141.317627, "delta": 1.547865}}
{"target": -2.647518843098691, "params": {"eta": 0.28729431129026856, "max_depth": 8.230276016115157, "n_estimators": 11.217237022939123}, "datetime": {"datetime": "2021-09-17 10:09:10", "elapsed": 141.943271, "delta": 0.625644}}
{"target": -3.036056772031282, "params": {"eta": 0.5956789849732745, "max_depth": 9.76589004895095, "n_estimators": 17.874574556576444}, "datetime": {"datetime": "2021-09-17 10:09:11", "elapsed": 143.070884, "delta": 1.127613}}
{"target": -2.6977024128562523, "params": {"eta": 0.40437495791840183, "max_depth": 9.776385393237563, "n_estimators": 13.583466073896926}, "datetime": {"datetime": "2021-09-17 10:09:12", "elapsed": 143.819276, "delta": 0.748392}}
{"target": -2.7448990721451607, "params": {"eta": 0.4848487066975753, "max_depth": 8.466726134063245, "n_estimators": 11.497114351726365}, "datetime": {"datetime": "2021-09-17 10:09:14", "elapsed": 145.897137, "delta": 2.077861}}
{"target": -2.6139761353793896, "params": {"eta": 0.33179539014360093, "max_depth": 9.990829760094641, "n_estimators": 17.519218066356785}, "datetime": {"datetime": "2021-09-17 10:09:15", "elapsed": 147.219619, "delta": 1.322482}}
{"target": -4.67764629627529, "params": {"eta": 0.10070561296958624, "max_depth": 9.90005698181627, "n_estimators": 17.687871629072024}, "datetime": {"datetime": "2021-09-17 10:09:16", "elapsed": 148.195628, "delta": 0.976009}}
{"target": -2.4390715787285253, "params": {"eta": 0.4449285472491261, "max_depth": 3.5541457490242196, "n_estimators": 16.50183733387911}, "datetime": {"datetime": "2021-09-17 10:09:17", "elapsed": 149.372799, "delta": 1.177171}}
{"target": -2.664444742077275, "params": {"eta": 0.529147273040175, "max_depth": 3.3913934529828382, "n_estimators": 16.302214189404122}, "datetime": {"datetime": "2021-09-17 10:09:19", "elapsed": 150.802245, "delta": 1.429446}}
{"target": -2.8011566105641816, "params": {"eta": 0.532642094893413, "max_depth": 9.95748086415744, "n_estimators": 17.599289296803597}, "datetime": {"datetime": "2021-09-17 10:09:20", "elapsed": 152.063576, "delta": 1.261331}}
{"target": -2.801587230280826, "params": {"eta": 0.25005540513810476, "max_depth": 3.1099891850074077, "n_estimators": 16.523063704691815}, "datetime": {"datetime": "2021-09-17 10:09:20", "elapsed": 152.745299, "delta": 0.681723}}
{"target": -2.838048061571623, "params": {"eta": 0.21309968968108656, "max_depth": 3.4319911976108473, "n_estimators": 16.392420161273566}, "datetime": {"datetime": "2021-09-17 10:09:22", "elapsed": 154.623748, "delta": 1.878449}}
{"target": -2.72277403254258, "params": {"eta": 0.3694858996914602, "max_depth": 3.8219050083798116, "n_estimators": 16.457981073814082}, "datetime": {"datetime": "2021-09-17 10:09:24", "elapsed": 155.867494, "delta": 1.243746}}
{"target": -2.462613525516108, "params": {"eta": 0.4373591130976879, "max_depth": 7.371002887617652, "n_estimators": 10.876734451350838}, "datetime": {"datetime": "2021-09-17 10:09:25", "elapsed": 157.207725, "delta": 1.340231}}
{"target": -2.589709846596969, "params": {"eta": 0.41510520737580336, "max_depth": 3.2829176630832766, "n_estimators": 16.733397125312607}, "datetime": {"datetime": "2021-09-17 10:09:26", "elapsed": 158.63104, "delta": 1.423315}}
{"target": -2.8153109989668192, "params": {"eta": 0.21014187296960357, "max_depth": 3.207242192504362, "n_estimators": 17.02747101230328}, "datetime": {"datetime": "2021-09-17 10:09:28", "elapsed": 159.990298, "delta": 1.359258}}
{"target": -2.6447930292079325, "params": {"eta": 0.3497539450129139, "max_depth": 8.451011753678767, "n_estimators": 11.008187778600501}, "datetime": {"datetime": "2021-09-17 10:09:29", "elapsed": 161.481881, "delta": 1.491583}}
{"target": -3.092376180071579, "params": {"eta": 0.22580983379604166, "max_depth": 8.499271218908149, "n_estimators": 11.251794113062193}, "datetime": {"datetime": "2021-09-17 10:09:30", "elapsed": 162.761176, "delta": 1.279295}}
{"target": -2.4842691647379023, "params": {"eta": 0.4623925424917016, "max_depth": 7.374329866420987, "n_estimators": 16.048947780819134}, "datetime": {"datetime": "2021-09-17 10:09:32", "elapsed": 164.232988, "delta": 1.471812}}
{"target": -2.676120016449376, "params": {"eta": 0.23334721249174972, "max_depth": 7.517502053872841, "n_estimators": 15.953179690853869}, "datetime": {"datetime": "2021-09-17 10:09:33", "elapsed": 165.55843, "delta": 1.325442}}
{"target": -2.466805397836785, "params": {"eta": 0.4568466693419295, "max_depth": 7.912692208331378, "n_estimators": 10.556368680305685}, "datetime": {"datetime": "2021-09-17 10:09:34", "elapsed": 166.274643, "delta": 0.716213}}
{"target": -4.181976170916307, "params": {"eta": 0.14205662586295525, "max_depth": 9.773614087728507, "n_estimators": 13.236695000050842}, "datetime": {"datetime": "2021-09-17 10:09:35", "elapsed": 166.967715, "delta": 0.693072}}
{"target": -3.0534777578554655, "params": {"eta": 0.2559776701314185, "max_depth": 2.9427890582647143, "n_estimators": 14.918138589722405}, "datetime": {"datetime": "2021-09-17 10:09:35", "elapsed": 167.739658, "delta": 0.771943}}
{"target": -2.732523443824366, "params": {"eta": 0.22191418401198043, "max_depth": 7.296063845045139, "n_estimators": 16.218336260291295}, "datetime": {"datetime": "2021-09-17 10:09:37", "elapsed": 169.132781, "delta": 1.393123}}
{"target": -2.708079338701148, "params": {"eta": 0.4847313937920746, "max_depth": 7.3881473121451275, "n_estimators": 15.752391113887468}, "datetime": {"datetime": "2021-09-17 10:09:38", "elapsed": 170.232625, "delta": 1.099844}}
{"target": -6.448252785833259, "params": {"eta": 0.13055151170569906, "max_depth": 3.7181358986017634, "n_estimators": 10.806759955432856}, "datetime": {"datetime": "2021-09-17 10:09:39", "elapsed": 170.944297, "delta": 0.711672}}
{"target": -2.932438027231317, "params": {"eta": 0.5737667807081953, "max_depth": 7.093753661218332, "n_estimators": 15.963205659392138}, "datetime": {"datetime": "2021-09-17 10:09:40", "elapsed": 172.478779, "delta": 1.534482}}
{"target": -2.931330571049138, "params": {"eta": 0.6115155065780778, "max_depth": 7.615125054463845, "n_estimators": 15.97552076442813}, "datetime": {"datetime": "2021-09-17 10:09:42", "elapsed": 174.404212, "delta": 1.925433}}
{"target": -2.630680112462295, "params": {"eta": 0.2782789528808681, "max_depth": 7.207060226784623, "n_estimators": 11.09656553533649}, "datetime": {"datetime": "2021-09-17 10:09:44", "elapsed": 175.97197, "delta": 1.567758}}
{"target": -2.586467272356937, "params": {"eta": 0.414041093696844, "max_depth": 3.0637144269364183, "n_estimators": 17.324314245743416}, "datetime": {"datetime": "2021-09-17 10:09:45", "elapsed": 177.209726, "delta": 1.237756}}
{"target": -2.4809468225428932, "params": {"eta": 0.36703841589627584, "max_depth": 4.665219929530392, "n_estimators": 15.781721553815784}, "datetime": {"datetime": "2021-09-17 10:09:46", "elapsed": 178.450939, "delta": 1.241213}}
{"target": -2.8402159019520408, "params": {"eta": 0.5876218241973101, "max_depth": 4.4650653209036, "n_estimators": 15.715780507798389}, "datetime": {"datetime": "2021-09-17 10:09:48", "elapsed": 179.942935, "delta": 1.491996}}
{"target": -2.4824271515796057, "params": {"eta": 0.34313654565913887, "max_depth": 4.882813283787403, "n_estimators": 16.05180805084724}, "datetime": {"datetime": "2021-09-17 10:09:50", "elapsed": 181.817753, "delta": 1.874818}}
{"target": -2.994037759931464, "params": {"eta": 0.16680664059862077, "max_depth": 4.5850728252922694, "n_estimators": 15.981707658500238}, "datetime": {"datetime": "2021-09-17 10:09:51", "elapsed": 183.036227, "delta": 1.218474}}
{"target": -2.6486525052472163, "params": {"eta": 0.394823167229988, "max_depth": 5.01528747544666, "n_estimators": 15.829747794832382}, "datetime": {"datetime": "2021-09-17 10:09:52", "elapsed": 184.425786, "delta": 1.389559}}
{"target": -2.8714088590521563, "params": {"eta": 0.5092310385502615, "max_depth": 4.665501416586979, "n_estimators": 16.071837048308204}, "datetime": {"datetime": "2021-09-17 10:09:54", "elapsed": 186.064647, "delta": 1.638861}}
{"target": -2.892207631939336, "params": {"eta": 0.5967476520684857, "max_depth": 5.079845169996822, "n_estimators": 16.089947325569877}, "datetime": {"datetime": "2021-09-17 10:09:55", "elapsed": 187.402932, "delta": 1.338285}}
{"target": -2.7090592509821843, "params": {"eta": 0.22352685087993612, "max_depth": 6.599989943627798, "n_estimators": 16.429964645886926}, "datetime": {"datetime": "2021-09-17 10:09:56", "elapsed": 188.154929, "delta": 0.751997}}
{"target": -2.857037619540566, "params": {"eta": 0.6598978953012123, "max_depth": 7.224053664934246, "n_estimators": 11.163430533237332}, "datetime": {"datetime": "2021-09-17 10:09:58", "elapsed": 189.925283, "delta": 1.770354}}
{"target": -3.203297854724683, "params": {"eta": 0.1439104203123129, "max_depth": 5.102168818763588, "n_estimators": 16.140613577720774}, "datetime": {"datetime": "2021-09-17 10:09:59", "elapsed": 191.195166, "delta": 1.269883}}
{"target": -2.908370524331143, "params": {"eta": 0.15731946419669876, "max_depth": 4.002563871604719, "n_estimators": 17.089891859455584}, "datetime": {"datetime": "2021-09-17 10:10:01", "elapsed": 192.870399, "delta": 1.675233}}
{"target": -2.888777044572328, "params": {"eta": 0.20102821234174065, "max_depth": 4.357989056947666, "n_estimators": 13.656820706584064}, "datetime": {"datetime": "2021-09-17 10:10:01", "elapsed": 193.625402, "delta": 0.755003}}
{"target": -2.8221629111390367, "params": {"eta": 0.5590447857421271, "max_depth": 7.397475227472845, "n_estimators": 16.364887076761406}, "datetime": {"datetime": "2021-09-17 10:10:03", "elapsed": 195.022535, "delta": 1.397133}}
{"target": -2.9584387101625143, "params": {"eta": 0.17024404777109503, "max_depth": 7.984956462384419, "n_estimators": 16.145132269345616}, "datetime": {"datetime": "2021-09-17 10:10:04", "elapsed": 195.843599, "delta": 0.821064}}
{"target": -3.053379359998201, "params": {"eta": 0.6150450184527392, "max_depth": 8.500150325062329, "n_estimators": 12.938740048075072}, "datetime": {"datetime": "2021-09-17 10:10:05", "elapsed": 197.37288, "delta": 1.529281}}
{"target": -3.9471777464214126, "params": {"eta": 0.12740714906712666, "max_depth": 7.408530852027125, "n_estimators": 15.624727549440475}, "datetime": {"datetime": "2021-09-17 10:10:07", "elapsed": 199.433645, "delta": 2.060765}}
{"target": -2.8283545832884935, "params": {"eta": 0.5117534438946085, "max_depth": 9.92912046281104, "n_estimators": 17.255798873204302}, "datetime": {"datetime": "2021-09-17 10:10:09", "elapsed": 200.869179, "delta": 1.435534}}
{"target": -2.895911314612941, "params": {"eta": 0.2388588912288827, "max_depth": 3.8543843556998176, "n_estimators": 15.477611493430098}, "datetime": {"datetime": "2021-09-17 10:10:09", "elapsed": 201.672182, "delta": 0.803003}}
{"target": -2.509144975009717, "params": {"eta": 0.3115695075087685, "max_depth": 7.280821119489366, "n_estimators": 11.435512868215806}, "datetime": {"datetime": "2021-09-17 10:10:11", "elapsed": 203.112907, "delta": 1.440725}}
{"target": -5.06001227403942, "params": {"eta": 0.1423511480826883, "max_depth": 7.499606666929597, "n_estimators": 11.559265757914066}, "datetime": {"datetime": "2021-09-17 10:10:12", "elapsed": 204.508074, "delta": 1.395167}}
{"target": -2.6860467233155902, "params": {"eta": 0.48263821379136906, "max_depth": 7.112330485957599, "n_estimators": 11.44383279602162}, "datetime": {"datetime": "2021-09-17 10:10:14", "elapsed": 206.090927, "delta": 1.582853}}
{"target": -6.34774831533432, "params": {"eta": 0.1206188309213278, "max_depth": 6.931009474155484, "n_estimators": 11.384860511111263}, "datetime": {"datetime": "2021-09-17 10:10:16", "elapsed": 207.866377, "delta": 1.77545}}
{"target": -2.562242405038131, "params": {"eta": 0.31518512772672375, "max_depth": 7.629485468215551, "n_estimators": 16.258958535600915}, "datetime": {"datetime": "2021-09-17 10:10:17", "elapsed": 209.474316, "delta": 1.607939}}
{"target": -2.795562961227015, "params": {"eta": 0.17999211181338276, "max_depth": 8.312098432556596, "n_estimators": 16.433780761633862}, "datetime": {"datetime": "2021-09-17 10:10:18", "elapsed": 210.358635, "delta": 0.884319}}
{"target": -3.019293361588528, "params": {"eta": 0.6275414178458598, "max_depth": 7.27462257485297, "n_estimators": 11.503872858201863}, "datetime": {"datetime": "2021-09-17 10:10:20", "elapsed": 211.913092, "delta": 1.554457}}
{"target": -3.1367992978346977, "params": {"eta": 0.22233963981410693, "max_depth": 9.136020823645813, "n_estimators": 11.178897353958018}, "datetime": {"datetime": "2021-09-17 10:10:21", "elapsed": 212.804969, "delta": 0.891877}}
{"target": -2.748342839040254, "params": {"eta": 0.6026309884158023, "max_depth": 3.1564161098806247, "n_estimators": 17.61165180333477}, "datetime": {"datetime": "2021-09-17 10:10:22", "elapsed": 214.345817, "delta": 1.540848}}
{"target": -2.843058855282633, "params": {"eta": 0.6329840989163311, "max_depth": 5.450138653530309, "n_estimators": 15.375514394730297}, "datetime": {"datetime": "2021-09-17 10:10:24", "elapsed": 216.151419, "delta": 1.805602}}
{"target": -3.0517868380797535, "params": {"eta": 0.42702602606441975, "max_depth": 1.778695392550092, "n_estimators": 13.631087886725357}, "datetime": {"datetime": "2021-09-17 10:10:25", "elapsed": 216.954544, "delta": 0.803125}}
{"target": -2.8378870386826365, "params": {"eta": 0.6883065441195891, "max_depth": 5.2664160338421535, "n_estimators": 10.979470963863854}, "datetime": {"datetime": "2021-09-17 10:10:26", "elapsed": 217.867469, "delta": 0.912925}}
{"target": -2.6778103244932074, "params": {"eta": 0.21920152343125393, "max_depth": 6.956531866579793, "n_estimators": 16.138833350434563}, "datetime": {"datetime": "2021-09-17 10:10:27", "elapsed": 219.641434, "delta": 1.773965}}
{"target": -2.7267448701356587, "params": {"eta": 0.4522372518529948, "max_depth": 7.402066424976695, "n_estimators": 11.227382867874786}, "datetime": {"datetime": "2021-09-17 10:10:29", "elapsed": 221.184174, "delta": 1.54274}}
{"target": -3.23801158352902, "params": {"eta": 0.7, "max_depth": 2.9147602245507818, "n_estimators": 17.30495837304283}, "datetime": {"datetime": "2021-09-17 10:10:31", "elapsed": 222.956431, "delta": 1.772257}}
{"target": -2.867948323174527, "params": {"eta": 0.6059927046289585, "max_depth": 3.026308107307032, "n_estimators": 16.61268965945168}, "datetime": {"datetime": "2021-09-17 10:10:32", "elapsed": 224.378133, "delta": 1.421702}}
