{"target": -2.331224228206434, "params": {"eta": 0.10359342878402629, "max_depth": 11.407502309646251, "n_estimators": 45.783095157170166}, "datetime": {"datetime": "2021-09-21 14:56:42", "elapsed": 5464.909635, "delta": 17.285098}}
{"target": -2.443187676605425, "params": {"eta": 0.3365983412949774, "max_depth": 24.690775620307367, "n_estimators": 35.226081590608445}, "datetime": {"datetime": "2021-09-21 14:57:01", "elapsed": 5483.369797, "delta": 18.460162}}
{"target": -2.3472991278297024, "params": {"eta": 0.12258801798884547, "max_depth": 24.979919851211456, "n_estimators": 35.38585337951813}, "datetime": {"datetime": "2021-09-21 14:57:18", "elapsed": 5500.522445, "delta": 17.152648}}
{"target": -2.4566379729070165, "params": {"eta": 0.35100430920616266, "max_depth": 29.282487443490066, "n_estimators": 58.789252879330505}, "datetime": {"datetime": "2021-09-21 14:57:41", "elapsed": 5523.280774, "delta": 22.758329}}
{"target": -10.798901800105446, "params": {"eta": 0.016168845309429074, "max_depth": 12.689276635965873, "n_estimators": 49.494114010945616}, "datetime": {"datetime": "2021-09-21 14:57:57", "elapsed": 5539.407162, "delta": 16.126388}}
{"target": -2.7156834188260532, "params": {"eta": 0.5016756610863778, "max_depth": 13.047476092306276, "n_estimators": 49.12965648996622}, "datetime": {"datetime": "2021-09-21 14:58:18", "elapsed": 5560.803879, "delta": 21.396717}}
{"target": -2.4179730885907222, "params": {"eta": 0.31136865611516046, "max_depth": 24.636007968900213, "n_estimators": 54.35772152379509}, "datetime": {"datetime": "2021-09-21 14:58:47", "elapsed": 5589.572462, "delta": 28.768583}}
{"target": -2.4094287075494463, "params": {"eta": 0.43434797511234147, "max_depth": 12.176933959137845, "n_estimators": 49.37721655966216}, "datetime": {"datetime": "2021-09-21 14:59:07", "elapsed": 5609.121276, "delta": 19.548814}}
{"target": -2.4363228358720477, "params": {"eta": 0.2767102731142822, "max_depth": 19.009623254280964, "n_estimators": 36.70934689529286}, "datetime": {"datetime": "2021-09-21 14:59:42", "elapsed": 5644.352287, "delta": 35.231011}}
{"target": -2.3607991820887513, "params": {"eta": 0.3335864293361324, "max_depth": 12.275747704112982, "n_estimators": 49.088361832951655}, "datetime": {"datetime": "2021-09-21 15:00:07", "elapsed": 5669.272145, "delta": 24.919858}}
{"target": -2.3004724621772765, "params": {"eta": 0.18549749341174052, "max_depth": 14.89889817352765, "n_estimators": 40.57162511093977}, "datetime": {"datetime": "2021-09-21 15:00:20", "elapsed": 5682.341539, "delta": 13.069394}}
{"target": -2.873721678633439, "params": {"eta": 0.5721098199428875, "max_depth": 24.4133133517129, "n_estimators": 54.04851618361252}, "datetime": {"datetime": "2021-09-21 15:00:40", "elapsed": 5702.88619, "delta": 20.544651}}
{"target": -2.9596967797530325, "params": {"eta": 0.6448194939308054, "max_depth": 11.952410494171659, "n_estimators": 16.479983094511102}, "datetime": {"datetime": "2021-09-21 15:00:55", "elapsed": 5717.148647, "delta": 14.262457}}
{"target": -2.3075739371149164, "params": {"eta": 0.08254626104593836, "max_depth": 13.220516620553491, "n_estimators": 48.851737581419634}, "datetime": {"datetime": "2021-09-21 15:01:11", "elapsed": 5733.120339, "delta": 15.971692}}
{"target": -2.4921867985474435, "params": {"eta": 0.22500201285786972, "max_depth": 19.538198549836117, "n_estimators": 38.50409914486689}, "datetime": {"datetime": "2021-09-21 15:01:47", "elapsed": 5769.124365, "delta": 36.004026}}
{"target": -2.49555647247716, "params": {"eta": 0.39826892221158827, "max_depth": 18.78238645912508, "n_estimators": 37.08409620699032}, "datetime": {"datetime": "2021-09-21 15:02:04", "elapsed": 5786.480296, "delta": 17.355931}}
{"target": -2.3262227321925915, "params": {"eta": 0.10771312567303891, "max_depth": 25.207928927328446, "n_estimators": 34.871801582215205}, "datetime": {"datetime": "2021-09-21 15:02:33", "elapsed": 5815.848486, "delta": 29.36819}}
{"target": -2.4502169546328094, "params": {"eta": 0.22984979516244147, "max_depth": 13.44109056043559, "n_estimators": 49.21569433476983}, "datetime": {"datetime": "2021-09-21 15:02:52", "elapsed": 5834.37585, "delta": 18.527364}}
{"target": -2.76479445946844, "params": {"eta": 0.7898601464081308, "max_depth": 2.294157032966006, "n_estimators": 30.921329990046566}, "datetime": {"datetime": "2021-09-21 15:03:00", "elapsed": 5842.843558, "delta": 8.467708}}
{"target": -3.4398422699225573, "params": {"eta": 0.9465694088236539, "max_depth": 5.730612147379455, "n_estimators": 44.01935318889796}, "datetime": {"datetime": "2021-09-21 15:03:10", "elapsed": 5851.980095, "delta": 9.136537}}
{"target": -2.347735779536398, "params": {"eta": 0.3270465058620747, "max_depth": 25.463852671698444, "n_estimators": 55.16932598617203}, "datetime": {"datetime": "2021-09-21 15:03:47", "elapsed": 5889.266375, "delta": 37.28628}}
{"target": -2.448160331500204, "params": {"eta": 0.34385392277537286, "max_depth": 24.755265054046266, "n_estimators": 36.24993794181783}, "datetime": {"datetime": "2021-09-21 15:04:17", "elapsed": 5919.532895, "delta": 30.26652}}
{"target": -2.5077855743859945, "params": {"eta": 0.2483974425691306, "max_depth": 24.163068975616255, "n_estimators": 54.431842565698666}, "datetime": {"datetime": "2021-09-21 15:04:38", "elapsed": 5939.968552, "delta": 20.435657}}
{"target": -2.6041524372602765, "params": {"eta": 0.4740832319107486, "max_depth": 11.080153121901178, "n_estimators": 17.360123246483234}, "datetime": {"datetime": "2021-09-21 15:04:53", "elapsed": 5955.867617, "delta": 15.899065}}
{"target": -2.4142109726604666, "params": {"eta": 0.43368052852721467, "max_depth": 27.04144388282254, "n_estimators": 17.09444456050728}, "datetime": {"datetime": "2021-09-21 15:05:02", "elapsed": 5964.744081, "delta": 8.876464}}
{"target": -2.4550864652583475, "params": {"eta": 0.4033557162406094, "max_depth": 26.75137054673289, "n_estimators": 54.35034204328115}, "datetime": {"datetime": "2021-09-21 15:05:18", "elapsed": 5980.559943, "delta": 15.815862}}
{"target": -2.399934348307158, "params": {"eta": 0.27766800394962515, "max_depth": 24.240418922132704, "n_estimators": 36.294604956163106}, "datetime": {"datetime": "2021-09-21 15:05:42", "elapsed": 6003.975156, "delta": 23.415213}}
{"target": -3.133463943004608, "params": {"eta": 0.7137125737662611, "max_depth": 27.54300090019416, "n_estimators": 52.997715717959686}, "datetime": {"datetime": "2021-09-21 15:05:53", "elapsed": 6015.081396, "delta": 11.10624}}
{"target": -2.617602113046144, "params": {"eta": 0.4508223889856956, "max_depth": 15.896540177025427, "n_estimators": 39.441759348375946}, "datetime": {"datetime": "2021-09-21 15:06:12", "elapsed": 6034.403789, "delta": 19.322393}}
{"target": -2.3442090624257137, "params": {"eta": 0.20017329098708422, "max_depth": 16.443763700147397, "n_estimators": 39.135106938802224}, "datetime": {"datetime": "2021-09-21 15:06:33", "elapsed": 6055.417304, "delta": 21.013515}}
{"target": -5.312259223586635, "params": {"eta": 0.04504465713612784, "max_depth": 25.221734435248912, "n_estimators": 35.76911353181353}, "datetime": {"datetime": "2021-09-21 15:06:55", "elapsed": 6077.178456, "delta": 21.761152}}
{"target": -2.194445185912283, "params": {"eta": 0.17530236193469328, "max_depth": 16.840745630890968, "n_estimators": 38.442844082439066}, "datetime": {"datetime": "2021-09-21 15:07:06", "elapsed": 6088.445825, "delta": 11.267369}}
{"target": -13.442620412613218, "params": {"eta": 0.01, "max_depth": 27.31823109465693, "n_estimators": 56.31126139952564}, "datetime": {"datetime": "2021-09-21 15:07:34", "elapsed": 6116.617134, "delta": 28.171309}}
{"target": -2.3152013182640077, "params": {"eta": 0.09192973504027165, "max_depth": 26.546489736331026, "n_estimators": 56.33749531179271}, "datetime": {"datetime": "2021-09-21 15:07:51", "elapsed": 6133.466868, "delta": 16.849734}}
{"target": -2.4864967666174236, "params": {"eta": 0.3526303585654321, "max_depth": 27.868723006137746, "n_estimators": 56.04360375084047}, "datetime": {"datetime": "2021-09-21 15:08:12", "elapsed": 6154.417843, "delta": 20.950975}}
{"target": -3.2838142495406304, "params": {"eta": 0.8959205758666349, "max_depth": 11.900736284325747, "n_estimators": 41.96361407150118}, "datetime": {"datetime": "2021-09-21 15:08:21", "elapsed": 6163.447114, "delta": 9.029271}}
{"target": -2.412186608816448, "params": {"eta": 0.28427254280494674, "max_depth": 16.60407303238511, "n_estimators": 38.741979634026464}, "datetime": {"datetime": "2021-09-21 15:08:36", "elapsed": 6178.541186, "delta": 15.094072}}
{"target": -2.9804364819275704, "params": {"eta": 0.5877567738304252, "max_depth": 27.25519812138008, "n_estimators": 55.942853522354525}, "datetime": {"datetime": "2021-09-21 15:08:55", "elapsed": 6197.506999, "delta": 18.965813}}
{"target": -2.3990308391420463, "params": {"eta": 0.22340311892861878, "max_depth": 27.571993134390635, "n_estimators": 55.727795326171425}, "datetime": {"datetime": "2021-09-21 15:09:17", "elapsed": 6219.671826, "delta": 22.164827}}
{"target": -2.509949591285304, "params": {"eta": 0.3963794032310611, "max_depth": 26.572425786723223, "n_estimators": 56.61884464089592}, "datetime": {"datetime": "2021-09-21 15:09:44", "elapsed": 6246.431824, "delta": 26.759998}}
{"target": -3.3127620333119445, "params": {"eta": 0.8820244743725283, "max_depth": 21.311839612171035, "n_estimators": 37.08008507410073}, "datetime": {"datetime": "2021-09-21 15:09:54", "elapsed": 6256.744423, "delta": 10.312599}}
{"target": -2.351127557378066, "params": {"eta": 0.19707791164954688, "max_depth": 20.713786175409027, "n_estimators": 38.670388025435024}, "datetime": {"datetime": "2021-09-21 15:10:13", "elapsed": 6275.720452, "delta": 18.976029}}
{"target": -3.8156447485873577, "params": {"eta": 0.04207917684212931, "max_depth": 12.777054457573266, "n_estimators": 48.64327145050801}, "datetime": {"datetime": "2021-09-21 15:10:33", "elapsed": 6295.115794, "delta": 19.395342}}
{"target": -2.420204683981444, "params": {"eta": 0.4349787277578481, "max_depth": 24.216341073033036, "n_estimators": 36.75375035203877}, "datetime": {"datetime": "2021-09-21 15:10:49", "elapsed": 6311.777334, "delta": 16.66154}}
{"target": -2.9299763848907068, "params": {"eta": 0.6689851912034473, "max_depth": 19.154657877591223, "n_estimators": 38.32221884235683}, "datetime": {"datetime": "2021-09-21 15:11:07", "elapsed": 6329.40437, "delta": 17.627036}}
{"target": -2.384385233176382, "params": {"eta": 0.29696607676729614, "max_depth": 27.879734159310487, "n_estimators": 51.096718162507536}, "datetime": {"datetime": "2021-09-21 15:30:08", "elapsed": 0.0, "delta": 0.0}}
{"target": -2.353466644412593, "params": {"eta": 0.2951974323486036, "max_depth": 20.591369983472617, "n_estimators": 52.606293957332966}, "datetime": {"datetime": "2021-09-21 15:30:16", "elapsed": 8.120055, "delta": 8.120055}}
{"target": -2.468736083256571, "params": {"eta": 0.24691424506821164, "max_depth": 32.29432501955199, "n_estimators": 63.72819661753603}, "datetime": {"datetime": "2021-09-21 15:30:29", "elapsed": 20.987557, "delta": 12.867502}}
{"target": -2.462304147921111, "params": {"eta": 0.22254868347159995, "max_depth": 29.793125952066614, "n_estimators": 48.51132219135165}, "datetime": {"datetime": "2021-09-21 15:30:33", "elapsed": 25.480845, "delta": 4.493288}}
{"target": -2.518009667020095, "params": {"eta": 0.30562005249226953, "max_depth": 33.139915957316525, "n_estimators": 32.48626203692604}, "datetime": {"datetime": "2021-09-21 15:30:34", "elapsed": 26.075854, "delta": 0.595009}}
{"target": -2.2666185686462805, "params": {"eta": 0.08920818486569332, "max_depth": 10.505459936008142, "n_estimators": 59.141694594177835}, "datetime": {"datetime": "2021-09-21 15:30:36", "elapsed": 28.020532, "delta": 1.944678}}
{"target": -2.502330958215814, "params": {"eta": 0.40017053792743273, "max_depth": 31.750303706170477, "n_estimators": 64.25164197814675}, "datetime": {"datetime": "2021-09-21 15:30:37", "elapsed": 28.712483, "delta": 0.691951}}
{"target": -2.6069169025672103, "params": {"eta": 0.40962135389752563, "max_depth": 21.5369840563233, "n_estimators": 57.318521170025946}, "datetime": {"datetime": "2021-09-21 15:30:38", "elapsed": 30.439581, "delta": 1.727098}}
{"target": -2.259565169560282, "params": {"eta": 0.19363586758236603, "max_depth": 10.0, "n_estimators": 57.447227807640395}, "datetime": {"datetime": "2021-09-21 15:30:40", "elapsed": 32.597159, "delta": 2.157578}}
{"target": -2.828945256534376, "params": {"eta": 0.05, "max_depth": 12.989760252145715, "n_estimators": 56.97150043622571}, "datetime": {"datetime": "2021-09-21 15:30:43", "elapsed": 34.967072, "delta": 2.369913}}
{"target": -2.619441544382196, "params": {"eta": 0.5, "max_depth": 10.0, "n_estimators": 60.597555871986884}, "datetime": {"datetime": "2021-09-21 15:30:45", "elapsed": 36.958183, "delta": 1.991111}}
{"target": -2.429575382408343, "params": {"eta": 0.38795428799580955, "max_depth": 10.145307700185636, "n_estimators": 58.27604069015751}, "datetime": {"datetime": "2021-09-21 15:30:47", "elapsed": 38.864185, "delta": 1.906002}}
{"target": -2.586328329538044, "params": {"eta": 0.385846611091531, "max_depth": 10.109523380412849, "n_estimators": 58.208612507836506}, "datetime": {"datetime": "2021-09-21 15:30:48", "elapsed": 40.481821, "delta": 1.617636}}
{"target": -2.3862833079538848, "params": {"eta": 0.457984773507548, "max_depth": 27.690437357989797, "n_estimators": 38.37499241728821}, "datetime": {"datetime": "2021-09-21 15:30:50", "elapsed": 42.245209, "delta": 1.763388}}
{"target": -2.7042556267035636, "params": {"eta": 0.49241585186217685, "max_depth": 26.086565560937437, "n_estimators": 60.240665340593125}, "datetime": {"datetime": "2021-09-21 15:30:52", "elapsed": 44.273861, "delta": 2.028652}}
{"target": -2.2588731997891474, "params": {"eta": 0.14271814782649594, "max_depth": 14.526571201821447, "n_estimators": 30.01305839518206}, "datetime": {"datetime": "2021-09-21 15:30:53", "elapsed": 45.358321, "delta": 1.08446}}
{"target": -2.6525906004403765, "params": {"eta": 0.41992290807724064, "max_depth": 13.01837134021514, "n_estimators": 44.00827434894528}, "datetime": {"datetime": "2021-09-21 15:30:54", "elapsed": 45.999324, "delta": 0.641003}}
{"target": -2.57878150563491, "params": {"eta": 0.41787519677968427, "max_depth": 34.35439213527252, "n_estimators": 33.712127304201836}, "datetime": {"datetime": "2021-09-21 15:30:57", "elapsed": 48.814727, "delta": 2.815403}}
{"target": -2.293347818600504, "params": {"eta": 0.18258023341220808, "max_depth": 14.260291955740788, "n_estimators": 48.542986808732934}, "datetime": {"datetime": "2021-09-21 15:30:59", "elapsed": 51.472012, "delta": 2.657285}}
{"target": -2.4148552311094185, "params": {"eta": 0.28542626379989755, "max_depth": 24.528510966405985, "n_estimators": 34.77115793280572}, "datetime": {"datetime": "2021-09-21 15:31:01", "elapsed": 52.776143, "delta": 1.304131}}
{"target": -2.563869181432222, "params": {"eta": 0.4068570316603944, "max_depth": 12.292271396437323, "n_estimators": 40.97346906246348}, "datetime": {"datetime": "2021-09-21 15:31:02", "elapsed": 53.982213, "delta": 1.20607}}
{"target": -2.362469425954317, "params": {"eta": 0.16568885726302668, "max_depth": 28.055745760384276, "n_estimators": 64.12792847315444}, "datetime": {"datetime": "2021-09-21 15:31:05", "elapsed": 57.484229, "delta": 3.502016}}
{"target": -2.3374597819227922, "params": {"eta": 0.12466819173953776, "max_depth": 19.381511497024924, "n_estimators": 60.161542643815835}, "datetime": {"datetime": "2021-09-21 15:31:08", "elapsed": 59.66629, "delta": 2.182061}}
{"target": -2.4499665348153368, "params": {"eta": 0.44339278629699225, "max_depth": 14.540004657576668, "n_estimators": 31.511678056331533}, "datetime": {"datetime": "2021-09-21 15:31:09", "elapsed": 60.64629, "delta": 0.98}}
{"target": -2.3105588561610175, "params": {"eta": 0.28222897456716195, "max_depth": 32.69225923368144, "n_estimators": 44.70951682770446}, "datetime": {"datetime": "2021-09-21 15:31:11", "elapsed": 63.015944, "delta": 2.369654}}
{"target": -2.7202872564918117, "params": {"eta": 0.4869909567906971, "max_depth": 32.041133165914914, "n_estimators": 33.48905485359296}, "datetime": {"datetime": "2021-09-21 15:31:13", "elapsed": 64.97585, "delta": 1.959906}}
{"target": -2.498892737062354, "params": {"eta": 0.25781565704753007, "max_depth": 31.590793319460758, "n_estimators": 33.68923351467793}, "datetime": {"datetime": "2021-09-21 15:31:14", "elapsed": 66.51999, "delta": 1.54414}}
{"target": -2.5499776833935788, "params": {"eta": 0.38952599862699383, "max_depth": 30.297775141517477, "n_estimators": 63.84126175062002}, "datetime": {"datetime": "2021-09-21 15:31:17", "elapsed": 68.796172, "delta": 2.276182}}
{"target": -2.5813208868629056, "params": {"eta": 0.47138574355782387, "max_depth": 34.136929309705, "n_estimators": 43.01566775694809}, "datetime": {"datetime": "2021-09-21 15:31:18", "elapsed": 70.006172, "delta": 1.21}}
{"target": -2.3375445133761357, "params": {"eta": 0.13477539322429785, "max_depth": 12.274279073222887, "n_estimators": 41.8228725424983}, "datetime": {"datetime": "2021-09-21 15:31:20", "elapsed": 71.688909, "delta": 1.682737}}
{"target": -2.3958209125619185, "params": {"eta": 0.241219792434211, "max_depth": 34.410434485924384, "n_estimators": 51.17841610098083}, "datetime": {"datetime": "2021-09-21 15:31:22", "elapsed": 73.819002, "delta": 2.130093}}
{"target": -2.290603396139647, "params": {"eta": 0.1967446124726588, "max_depth": 15.053898924550332, "n_estimators": 47.38674240911137}, "datetime": {"datetime": "2021-09-21 15:31:23", "elapsed": 75.290675, "delta": 1.471673}}
{"target": -2.441335638573295, "params": {"eta": 0.30479269798699304, "max_depth": 10.46779857194423, "n_estimators": 54.189160854980244}, "datetime": {"datetime": "2021-09-21 15:31:24", "elapsed": 76.539675, "delta": 1.249}}
{"target": -2.3479424802880535, "params": {"eta": 0.18343573443417616, "max_depth": 34.86997126036817, "n_estimators": 47.33367176815388}, "datetime": {"datetime": "2021-09-21 15:31:27", "elapsed": 79.1841, "delta": 2.644425}}
{"target": -3.6261713209905118, "params": {"eta": 0.05657430656491206, "max_depth": 17.768655487535696, "n_estimators": 37.01977339905746}, "datetime": {"datetime": "2021-09-21 15:31:28", "elapsed": 80.265166, "delta": 1.081066}}
{"target": -2.4255719059392025, "params": {"eta": 0.309767296526429, "max_depth": 33.19703006640343, "n_estimators": 35.93694385266438}, "datetime": {"datetime": "2021-09-21 15:31:30", "elapsed": 82.42755, "delta": 2.162384}}
{"target": -2.3544778190161053, "params": {"eta": 0.17812902208440184, "max_depth": 10.41852172685065, "n_estimators": 62.310993560889415}, "datetime": {"datetime": "2021-09-21 15:31:33", "elapsed": 85.341689, "delta": 2.914139}}
{"target": -2.373707195959593, "params": {"eta": 0.2856099833148686, "max_depth": 32.3790119851554, "n_estimators": 55.08014714626967}, "datetime": {"datetime": "2021-09-21 15:31:37", "elapsed": 89.223161, "delta": 3.881472}}
{"target": -2.351951535124528, "params": {"eta": 0.07511668951563821, "max_depth": 21.16179945949192, "n_estimators": 58.77111147582829}, "datetime": {"datetime": "2021-09-21 15:31:39", "elapsed": 90.902087, "delta": 1.678926}}
{"target": -2.2655812878357735, "params": {"eta": 0.096326539169095, "max_depth": 10.611067549308144, "n_estimators": 59.27978850634622}, "datetime": {"datetime": "2021-09-21 15:31:41", "elapsed": 93.129359, "delta": 2.227272}}
{"target": -2.508381856115241, "params": {"eta": 0.38856665081065883, "max_depth": 17.072527071883748, "n_estimators": 46.78850958344886}, "datetime": {"datetime": "2021-09-21 15:31:44", "elapsed": 95.874354, "delta": 2.744995}}
{"target": -2.3426421121547096, "params": {"eta": 0.2472420124197302, "max_depth": 10.704590616888435, "n_estimators": 59.0779357928744}, "datetime": {"datetime": "2021-09-21 15:31:47", "elapsed": 99.001756, "delta": 3.127402}}
{"target": -2.276578634036215, "params": {"eta": 0.08254059418664658, "max_depth": 26.342583775788583, "n_estimators": 60.012429976259824}, "datetime": {"datetime": "2021-09-21 15:31:49", "elapsed": 101.333497, "delta": 2.331741}}
{"target": -2.3473761351485, "params": {"eta": 0.09612622862926509, "max_depth": 28.8584682891698, "n_estimators": 64.53742515469489}, "datetime": {"datetime": "2021-09-21 15:31:51", "elapsed": 103.141589, "delta": 1.808092}}
{"target": -2.4899025220620006, "params": {"eta": 0.4264782337973553, "max_depth": 25.268374113641407, "n_estimators": 30.659963082635183}, "datetime": {"datetime": "2021-09-21 15:31:53", "elapsed": 104.696139, "delta": 1.55455}}
{"target": -2.3326142693820757, "params": {"eta": 0.44057788403721504, "max_depth": 10.085634807848598, "n_estimators": 57.43403356850608}, "datetime": {"datetime": "2021-09-21 15:31:57", "elapsed": 108.949734, "delta": 4.253595}}
{"target": -2.4222004187734503, "params": {"eta": 0.16240246820196896, "max_depth": 29.61190119878465, "n_estimators": 46.72145736058266}, "datetime": {"datetime": "2021-09-21 15:31:58", "elapsed": 110.490702, "delta": 1.540968}}
{"target": -2.401762781645122, "params": {"eta": 0.1013943448643373, "max_depth": 23.18457705953346, "n_estimators": 50.42161724489097}, "datetime": {"datetime": "2021-09-21 15:32:00", "elapsed": 112.437466, "delta": 1.946764}}
{"target": -2.351473013350838, "params": {"eta": 0.45631256315273716, "max_depth": 14.665153386431722, "n_estimators": 41.28158093887811}, "datetime": {"datetime": "2021-09-21 15:32:02", "elapsed": 114.396915, "delta": 1.959449}}
{"target": -2.293027885336625, "params": {"eta": 0.28176801707875776, "max_depth": 10.360459236905767, "n_estimators": 58.49879576227547}, "datetime": {"datetime": "2021-09-21 15:32:03", "elapsed": 115.304974, "delta": 0.908059}}
