{"target": -2.6397001354317915, "params": {"eta": 0.3925825682609389, "max_depth": 10.02708058854349, "n_estimators": 16.93654900832764}, "datetime": {"datetime": "2021-09-17 12:17:00", "elapsed": 71.58689, "delta": 0.501191}}
{"target": -2.605622614684858, "params": {"eta": 0.3151958472973808, "max_depth": 9.04451037212806, "n_estimators": 12.78999618371278}, "datetime": {"datetime": "2021-09-17 12:17:00", "elapsed": 72.101891, "delta": 0.515001}}
{"target": -2.5706639220840053, "params": {"eta": 0.3203898482306136, "max_depth": 6.259506942680987, "n_estimators": 16.99502509749149}, "datetime": {"datetime": "2021-09-17 12:17:01", "elapsed": 72.583888, "delta": 0.481997}}
{"target": -2.564884152537898, "params": {"eta": 0.3928373511345916, "max_depth": 5.535185214216086, "n_estimators": 16.99637535865639}, "datetime": {"datetime": "2021-09-17 12:17:01", "elapsed": 73.186887, "delta": 0.602999}}
{"target": -2.6232651252495613, "params": {"eta": 0.4622002270089043, "max_depth": 8.36584886219752, "n_estimators": 15.694029614623574}, "datetime": {"datetime": "2021-09-17 12:17:02", "elapsed": 73.804126, "delta": 0.617239}}
{"target": -2.590361734440452, "params": {"eta": 0.3070280971280769, "max_depth": 6.059705088241646, "n_estimators": 16.326720320434386}, "datetime": {"datetime": "2021-09-17 12:17:03", "elapsed": 74.377128, "delta": 0.573002}}
{"target": -2.685235486532512, "params": {"eta": 0.47806423744031085, "max_depth": 6.709715107850302, "n_estimators": 13.637064471651463}, "datetime": {"datetime": "2021-09-17 12:17:03", "elapsed": 75.066129, "delta": 0.689001}}
{"target": -2.567245778911992, "params": {"eta": 0.2856178910783118, "max_depth": 5.877951590617105, "n_estimators": 16.999290194233275}, "datetime": {"datetime": "2021-09-17 12:17:04", "elapsed": 75.83601, "delta": 0.769881}}
{"target": -2.800966475511852, "params": {"eta": 0.4197555546071533, "max_depth": 6.069865011411059, "n_estimators": 9.17618908672228}, "datetime": {"datetime": "2021-09-17 12:17:05", "elapsed": 76.363016, "delta": 0.527006}}
{"target": -2.6569492992601895, "params": {"eta": 0.379838464505891, "max_depth": 5.177534195988983, "n_estimators": 10.282742418376568}, "datetime": {"datetime": "2021-09-17 12:17:05", "elapsed": 76.919012, "delta": 0.555996}}
{"target": -2.5402692700687206, "params": {"eta": 0.3221933234564495, "max_depth": 5.961643216343781, "n_estimators": 16.99567993161531}, "datetime": {"datetime": "2021-09-17 12:17:06", "elapsed": 77.556247, "delta": 0.637235}}
{"target": -2.6270090247455395, "params": {"eta": 0.33132698853794157, "max_depth": 9.919386065760078, "n_estimators": 14.620104113920764}, "datetime": {"datetime": "2021-09-17 12:17:06", "elapsed": 78.178254, "delta": 0.622007}}
{"target": -2.599167095360003, "params": {"eta": 0.3268620905340888, "max_depth": 5.343329388277741, "n_estimators": 13.789111958709796}, "datetime": {"datetime": "2021-09-17 12:17:07", "elapsed": 78.754248, "delta": 0.575994}}
{"target": -2.6086821098076665, "params": {"eta": 0.42140344938832336, "max_depth": 5.540876938062176, "n_estimators": 16.913647601754484}, "datetime": {"datetime": "2021-09-17 12:17:08", "elapsed": 79.314027, "delta": 0.559779}}
{"target": -2.660693927815086, "params": {"eta": 0.3985385054837881, "max_depth": 11.269162969727601, "n_estimators": 11.000143524121183}, "datetime": {"datetime": "2021-09-17 12:17:08", "elapsed": 79.918025, "delta": 0.603998}}
{"target": -2.590271702565645, "params": {"eta": 0.4009422009180027, "max_depth": 8.51129357973812, "n_estimators": 15.611358581436942}, "datetime": {"datetime": "2021-09-17 12:17:09", "elapsed": 80.531658, "delta": 0.613633}}
{"target": -2.606107811551345, "params": {"eta": 0.34334693996543475, "max_depth": 8.070415181530905, "n_estimators": 13.021346574179596}, "datetime": {"datetime": "2021-09-17 12:17:09", "elapsed": 81.103661, "delta": 0.572003}}
{"target": -2.6929903011572986, "params": {"eta": 0.41532017395762055, "max_depth": 5.592504266987662, "n_estimators": 16.96651497622667}, "datetime": {"datetime": "2021-09-17 12:17:10", "elapsed": 81.810266, "delta": 0.706605}}
{"target": -2.600123944408015, "params": {"eta": 0.37734082559053567, "max_depth": 11.334467779149982, "n_estimators": 16.799297545473678}, "datetime": {"datetime": "2021-09-17 12:17:11", "elapsed": 82.405263, "delta": 0.594997}}
{"target": -2.6165295663632846, "params": {"eta": 0.449708364775133, "max_depth": 4.47632742916913, "n_estimators": 12.275779332252966}, "datetime": {"datetime": "2021-09-17 12:17:11", "elapsed": 83.140514, "delta": 0.735251}}
{"target": -2.566389016101235, "params": {"eta": 0.28986229194175794, "max_depth": 8.58485580761301, "n_estimators": 13.31673491152026}, "datetime": {"datetime": "2021-09-17 12:17:12", "elapsed": 83.694145, "delta": 0.553631}}
{"target": -2.576693315882432, "params": {"eta": 0.3655543353790806, "max_depth": 9.548627587037073, "n_estimators": 10.54051092444583}, "datetime": {"datetime": "2021-09-17 12:17:13", "elapsed": 84.274146, "delta": 0.580001}}
{"target": -2.469547917340931, "params": {"eta": 0.31086633097346456, "max_depth": 7.208936659811585, "n_estimators": 16.12859042255102}, "datetime": {"datetime": "2021-09-17 12:17:13", "elapsed": 84.946146, "delta": 0.672}}
{"target": -2.6609170543520073, "params": {"eta": 0.46189538724613166, "max_depth": 6.664972584684431, "n_estimators": 13.569339534716502}, "datetime": {"datetime": "2021-09-17 12:17:14", "elapsed": 85.68955, "delta": 0.743404}}
{"target": -2.773357367515564, "params": {"eta": 0.3467507415442007, "max_depth": 5.721232272647235, "n_estimators": 12.364828029877817}, "datetime": {"datetime": "2021-09-17 12:17:15", "elapsed": 86.281546, "delta": 0.591996}}
{"target": -2.5651530428936606, "params": {"eta": 0.434569737242087, "max_depth": 5.272207249326915, "n_estimators": 10.59538063230834}, "datetime": {"datetime": "2021-09-17 12:17:15", "elapsed": 86.880549, "delta": 0.599003}}
{"target": -2.663838373987298, "params": {"eta": 0.46505758085574256, "max_depth": 10.418172012843058, "n_estimators": 12.83438009628622}, "datetime": {"datetime": "2021-09-17 12:17:16", "elapsed": 87.582802, "delta": 0.702253}}
{"target": -2.5612838581988684, "params": {"eta": 0.3664841055800087, "max_depth": 5.4846753571278075, "n_estimators": 16.933261590003593}, "datetime": {"datetime": "2021-09-17 12:17:17", "elapsed": 88.311613, "delta": 0.728811}}
{"target": -2.5642280635080836, "params": {"eta": 0.36892528331858443, "max_depth": 8.452398688644001, "n_estimators": 15.653257856135063}, "datetime": {"datetime": "2021-09-17 12:17:17", "elapsed": 88.933609, "delta": 0.621996}}
{"target": -2.460334210019363, "params": {"eta": 0.47477416374828896, "max_depth": 8.509710898115495, "n_estimators": 15.617439691522065}, "datetime": {"datetime": "2021-09-17 12:17:18", "elapsed": 89.850797, "delta": 0.917188}}
{"target": -3.135388489773399, "params": {"eta": 0.28277696996192725, "max_depth": 10.459576400906506, "n_estimators": 8.781753167525602}, "datetime": {"datetime": "2021-09-17 12:17:19", "elapsed": 90.441448, "delta": 0.590651}}
{"target": -2.504924791110189, "params": {"eta": 0.43677477529948494, "max_depth": 6.723811399720863, "n_estimators": 13.599893750000938}, "datetime": {"datetime": "2021-09-17 12:17:19", "elapsed": 91.043448, "delta": 0.602}}
{"target": -2.562669311699114, "params": {"eta": 0.47673717430798185, "max_depth": 8.543511732321331, "n_estimators": 15.6684527517622}, "datetime": {"datetime": "2021-09-17 12:17:20", "elapsed": 91.776092, "delta": 0.732644}}
{"target": -2.687739820856797, "params": {"eta": 0.3477953609559431, "max_depth": 6.157537279253022, "n_estimators": 11.26824196982926}, "datetime": {"datetime": "2021-09-17 12:17:21", "elapsed": 92.35609, "delta": 0.579998}}
{"target": -2.618686377374749, "params": {"eta": 0.4710212682551175, "max_depth": 8.48861124620958, "n_estimators": 15.635350815940885}, "datetime": {"datetime": "2021-09-17 12:17:21", "elapsed": 92.93409, "delta": 0.578}}
{"target": -2.4685846316187003, "params": {"eta": 0.47387364692341205, "max_depth": 8.52805762816465, "n_estimators": 15.573996765854657}, "datetime": {"datetime": "2021-09-17 12:17:22", "elapsed": 93.533032, "delta": 0.598942}}
{"target": -2.7930066993362024, "params": {"eta": 0.4269351235380866, "max_depth": 5.574742723804948, "n_estimators": 16.855677734703647}, "datetime": {"datetime": "2021-09-17 12:17:22", "elapsed": 94.106036, "delta": 0.573004}}
{"target": -2.539534660389549, "params": {"eta": 0.289830644550332, "max_depth": 5.131241632839314, "n_estimators": 16.97631910970463}, "datetime": {"datetime": "2021-09-17 12:17:23", "elapsed": 94.912995, "delta": 0.806959}}
{"target": -2.955244677945187, "params": {"eta": 0.34565906577719074, "max_depth": 7.180515125437362, "n_estimators": 8.640286821896694}, "datetime": {"datetime": "2021-09-17 12:17:24", "elapsed": 95.522345, "delta": 0.60935}}
{"target": -3.0494565650036463, "params": {"eta": 0.30563696306840027, "max_depth": 3.3598589357250246, "n_estimators": 10.982990516515052}, "datetime": {"datetime": "2021-09-17 12:17:24", "elapsed": 96.137346, "delta": 0.615001}}
{"target": -2.463409350420299, "params": {"eta": 0.3120556955673578, "max_depth": 7.293671926095285, "n_estimators": 15.782810259712278}, "datetime": {"datetime": "2021-09-17 12:17:25", "elapsed": 96.888342, "delta": 0.750996}}
{"target": -2.5463236219004584, "params": {"eta": 0.28574939644184605, "max_depth": 9.280530148098006, "n_estimators": 15.386780825361043}, "datetime": {"datetime": "2021-09-17 12:17:26", "elapsed": 97.672137, "delta": 0.783795}}
{"target": -2.5784581504370037, "params": {"eta": 0.4176803383372344, "max_depth": 12.695187854612287, "n_estimators": 16.24577390234421}, "datetime": {"datetime": "2021-09-17 12:17:27", "elapsed": 98.38935, "delta": 0.717213}}
{"target": -2.4750961680161327, "params": {"eta": 0.4732581641125729, "max_depth": 8.605465966729877, "n_estimators": 10.07401605030487}, "datetime": {"datetime": "2021-09-17 12:17:27", "elapsed": 99.102346, "delta": 0.712996}}
{"target": -2.5120871211353104, "params": {"eta": 0.32139070450125196, "max_depth": 7.405441924644064, "n_estimators": 16.99465053832552}, "datetime": {"datetime": "2021-09-17 12:17:28", "elapsed": 99.901538, "delta": 0.799192}}
{"target": -2.5340766536562067, "params": {"eta": 0.46365662140809494, "max_depth": 5.5349783775305195, "n_estimators": 16.928092420223788}, "datetime": {"datetime": "2021-09-17 12:17:29", "elapsed": 100.644951, "delta": 0.743413}}
{"target": -2.904365314935383, "params": {"eta": 0.4629196949035226, "max_depth": 3.3995520218345305, "n_estimators": 12.234478004738879}, "datetime": {"datetime": "2021-09-17 12:17:30", "elapsed": 101.330952, "delta": 0.686001}}
{"target": -2.63417153232976, "params": {"eta": 0.4166565644414834, "max_depth": 6.7282096143174766, "n_estimators": 13.644943243129903}, "datetime": {"datetime": "2021-09-17 12:17:30", "elapsed": 101.985949, "delta": 0.654997}}
{"target": -2.6134590619488764, "params": {"eta": 0.43537441619586015, "max_depth": 5.541195741164628, "n_estimators": 8.32298685428444}, "datetime": {"datetime": "2021-09-17 12:17:31", "elapsed": 102.58495, "delta": 0.599001}}
{"target": -2.5400836524210475, "params": {"eta": 0.41112346824516666, "max_depth": 12.972115220217496, "n_estimators": 15.438170379663987}, "datetime": {"datetime": "2021-09-17 12:17:32", "elapsed": 103.479904, "delta": 0.894954}}
{"target": -2.8046346595412803, "params": {"eta": 0.34243143709675616, "max_depth": 11.03364001790573, "n_estimators": 9.369391650806515}, "datetime": {"datetime": "2021-09-17 12:17:32", "elapsed": 104.148913, "delta": 0.669009}}
{"target": -2.6041862343486986, "params": {"eta": 0.40598893489212773, "max_depth": 8.440697202908122, "n_estimators": 15.61685819538349}, "datetime": {"datetime": "2021-09-17 12:17:33", "elapsed": 104.876905, "delta": 0.727992}}
{"target": -2.533250784873962, "params": {"eta": 0.368971945077761, "max_depth": 5.5614057721404935, "n_estimators": 16.8889053738396}, "datetime": {"datetime": "2021-09-17 12:17:34", "elapsed": 105.651112, "delta": 0.774207}}
{"target": -2.4895782062881873, "params": {"eta": 0.44600467586002995, "max_depth": 8.605005035672676, "n_estimators": 10.112049430694748}, "datetime": {"datetime": "2021-09-17 12:17:35", "elapsed": 106.421108, "delta": 0.769996}}
{"target": -2.593288639972085, "params": {"eta": 0.4161551156639724, "max_depth": 8.422246834540733, "n_estimators": 15.681410615210401}, "datetime": {"datetime": "2021-09-17 12:17:36", "elapsed": 107.440623, "delta": 1.019515}}
{"target": -2.57880818279166, "params": {"eta": 0.3832066958017284, "max_depth": 6.702763830745106, "n_estimators": 13.611003590431805}, "datetime": {"datetime": "2021-09-17 12:17:37", "elapsed": 108.247563, "delta": 0.80694}}
{"target": -2.909054066005506, "params": {"eta": 0.31254354481971186, "max_depth": 3.986379561371095, "n_estimators": 12.515832575041118}, "datetime": {"datetime": "2021-09-17 12:17:37", "elapsed": 108.92956, "delta": 0.681997}}
{"target": -2.4185373136871737, "params": {"eta": 0.47343918168530325, "max_depth": 8.54705724630237, "n_estimators": 15.616508830373515}, "datetime": {"datetime": "2021-09-17 12:17:38", "elapsed": 109.795809, "delta": 0.866249}}
{"target": -2.5919143124630577, "params": {"eta": 0.28692342203578025, "max_depth": 7.18545320968203, "n_estimators": 16.110250538596365}, "datetime": {"datetime": "2021-09-17 12:17:39", "elapsed": 110.760434, "delta": 0.964625}}
{"target": -2.559929534636046, "params": {"eta": 0.33001846837936827, "max_depth": 5.344432427786009, "n_estimators": 15.338446667778289}, "datetime": {"datetime": "2021-09-17 12:17:40", "elapsed": 111.413662, "delta": 0.653228}}
{"target": -2.4078687228654556, "params": {"eta": 0.2802834237777844, "max_depth": 7.455601542175351, "n_estimators": 16.95333164619868}, "datetime": {"datetime": "2021-09-17 12:17:41", "elapsed": 112.271662, "delta": 0.858}}
{"target": -2.5143466955737064, "params": {"eta": 0.3215221330852368, "max_depth": 7.509711202011955, "n_estimators": 16.951788171643724}, "datetime": {"datetime": "2021-09-17 12:17:42", "elapsed": 113.425012, "delta": 1.15335}}
{"target": -2.5423015343515494, "params": {"eta": 0.319335211679513, "max_depth": 5.041128794332651, "n_estimators": 15.093948125091671}, "datetime": {"datetime": "2021-09-17 12:17:42", "elapsed": 114.23701, "delta": 0.811998}}
{"target": -2.5442503991879915, "params": {"eta": 0.3612235886536539, "max_depth": 10.09205667893394, "n_estimators": 16.974076072615944}, "datetime": {"datetime": "2021-09-17 12:17:43", "elapsed": 115.04801, "delta": 0.811}}
{"target": -2.5592510524548984, "params": {"eta": 0.47263145857497, "max_depth": 5.558302120954066, "n_estimators": 16.894972256158717}, "datetime": {"datetime": "2021-09-17 12:17:44", "elapsed": 115.861865, "delta": 0.813855}}
{"target": -2.5901844206609224, "params": {"eta": 0.32268954857657034, "max_depth": 7.444785552801459, "n_estimators": 16.935930719629415}, "datetime": {"datetime": "2021-09-17 12:17:45", "elapsed": 116.667864, "delta": 0.805999}}
{"target": -2.5948861674258583, "params": {"eta": 0.42410436760127035, "max_depth": 6.672369947377005, "n_estimators": 13.66491189152072}, "datetime": {"datetime": "2021-09-17 12:17:46", "elapsed": 117.798163, "delta": 1.130299}}
{"target": -3.008611936318247, "params": {"eta": 0.3054318587427347, "max_depth": 3.650158500854219, "n_estimators": 11.93598728918121}, "datetime": {"datetime": "2021-09-17 12:17:47", "elapsed": 118.669812, "delta": 0.871649}}
{"target": -2.5472719656793696, "params": {"eta": 0.4129201783763611, "max_depth": 10.103388317524129, "n_estimators": 16.971138578949706}, "datetime": {"datetime": "2021-09-17 12:17:48", "elapsed": 119.518905, "delta": 0.849093}}
{"target": -2.85966132691032, "params": {"eta": 0.30699831903010955, "max_depth": 3.562757967549574, "n_estimators": 16.126371667439138}, "datetime": {"datetime": "2021-09-17 12:17:49", "elapsed": 120.378534, "delta": 0.859629}}
{"target": -2.7642288352313797, "params": {"eta": 0.2940188752876518, "max_depth": 12.74846009747612, "n_estimators": 11.641281875057198}, "datetime": {"datetime": "2021-09-17 12:17:49", "elapsed": 121.186537, "delta": 0.808003}}
{"target": -2.618783959589506, "params": {"eta": 0.33199255671047284, "max_depth": 5.158654509183016, "n_estimators": 13.532905913437705}, "datetime": {"datetime": "2021-09-17 12:17:50", "elapsed": 121.957821, "delta": 0.771284}}
{"target": -2.6066763708465976, "params": {"eta": 0.3223003550620988, "max_depth": 5.5113638898163035, "n_estimators": 16.90388333872604}, "datetime": {"datetime": "2021-09-17 12:17:51", "elapsed": 122.874818, "delta": 0.916997}}
{"target": -2.549884944840482, "params": {"eta": 0.2810918417325862, "max_depth": 7.38864260891059, "n_estimators": 16.972718135311908}, "datetime": {"datetime": "2021-09-17 12:17:52", "elapsed": 123.662369, "delta": 0.787551}}
{"target": -2.977583698849929, "params": {"eta": 0.29018383723523306, "max_depth": 6.020150998446404, "n_estimators": 8.907604949861964}, "datetime": {"datetime": "2021-09-17 12:17:53", "elapsed": 124.388366, "delta": 0.725997}}
{"target": -2.571315297954961, "params": {"eta": 0.4397027074944875, "max_depth": 8.572514922873214, "n_estimators": 15.580790677981524}, "datetime": {"datetime": "2021-09-17 12:17:54", "elapsed": 125.450214, "delta": 1.061848}}
{"target": -2.661404406396966, "params": {"eta": 0.4400221501647601, "max_depth": 8.598816518798651, "n_estimators": 10.062430406612535}, "datetime": {"datetime": "2021-09-17 12:17:55", "elapsed": 126.273826, "delta": 0.823612}}
{"target": -2.5834637083505325, "params": {"eta": 0.3685402141226404, "max_depth": 8.134521135770687, "n_estimators": 12.984634677859454}, "datetime": {"datetime": "2021-09-17 12:17:55", "elapsed": 127.220827, "delta": 0.947001}}
{"target": -2.571983792279896, "params": {"eta": 0.31192302922823617, "max_depth": 12.06682710699825, "n_estimators": 12.663903351249598}, "datetime": {"datetime": "2021-09-17 12:17:56", "elapsed": 128.130667, "delta": 0.90984}}
{"target": -2.628394405465377, "params": {"eta": 0.4301128190742102, "max_depth": 8.82817858054824, "n_estimators": 15.468501468117708}, "datetime": {"datetime": "2021-09-17 12:17:57", "elapsed": 128.989663, "delta": 0.858996}}
{"target": -2.636276826733037, "params": {"eta": 0.39194821205077857, "max_depth": 8.052082824327812, "n_estimators": 12.95802312516936}, "datetime": {"datetime": "2021-09-17 12:17:59", "elapsed": 130.248254, "delta": 1.258591}}
{"target": -2.4391348336872305, "params": {"eta": 0.29481079983318004, "max_depth": 5.9669932568972435, "n_estimators": 16.896315036995873}, "datetime": {"datetime": "2021-09-17 12:18:00", "elapsed": 131.245913, "delta": 0.997659}}
{"target": -2.529426543963583, "params": {"eta": 0.3082268221635332, "max_depth": 6.32448198941282, "n_estimators": 16.967563805380586}, "datetime": {"datetime": "2021-09-17 12:18:01", "elapsed": 132.484212, "delta": 1.238299}}
{"target": -2.575072044447849, "params": {"eta": 0.287257673906998, "max_depth": 5.906958254597326, "n_estimators": 16.926558617338465}, "datetime": {"datetime": "2021-09-17 12:18:02", "elapsed": 133.582089, "delta": 1.097877}}
{"target": -2.512824625717966, "params": {"eta": 0.43154126474583787, "max_depth": 5.477810814695598, "n_estimators": 16.97418263968033}, "datetime": {"datetime": "2021-09-17 12:18:03", "elapsed": 134.736086, "delta": 1.153997}}
{"target": -2.5969542628840396, "params": {"eta": 0.4120533586574837, "max_depth": 3.2635952526217866, "n_estimators": 12.475234222480854}, "datetime": {"datetime": "2021-09-17 12:18:04", "elapsed": 135.555188, "delta": 0.819102}}
{"target": -2.6001254056629377, "params": {"eta": 0.3211756169599787, "max_depth": 9.22221104847533, "n_estimators": 15.233710226622794}, "datetime": {"datetime": "2021-09-17 12:18:05", "elapsed": 136.499183, "delta": 0.943995}}
{"target": -2.40338814823251, "params": {"eta": 0.2805008184888681, "max_depth": 5.982933147392441, "n_estimators": 16.912028391380538}, "datetime": {"datetime": "2021-09-17 12:18:06", "elapsed": 137.642597, "delta": 1.143414}}
{"target": -2.5315772213433916, "params": {"eta": 0.33593260658746443, "max_depth": 7.2722391267609625, "n_estimators": 15.81306797480303}, "datetime": {"datetime": "2021-09-17 12:18:07", "elapsed": 138.64635, "delta": 1.003753}}
{"target": -2.61953648830715, "params": {"eta": 0.4316258470982385, "max_depth": 12.979341085000009, "n_estimators": 15.501636479091381}, "datetime": {"datetime": "2021-09-17 12:18:08", "elapsed": 139.671054, "delta": 1.024704}}
{"target": -2.5697409761579415, "params": {"eta": 0.31367607078058024, "max_depth": 6.731098952164073, "n_estimators": 12.113923294907073}, "datetime": {"datetime": "2021-09-17 12:18:09", "elapsed": 140.444675, "delta": 0.773621}}
{"target": -2.718241344000164, "params": {"eta": 0.30442821021037697, "max_depth": 4.9822955381018, "n_estimators": 15.05757513780804}, "datetime": {"datetime": "2021-09-17 12:18:10", "elapsed": 141.471031, "delta": 1.026356}}
{"target": -2.590936720998664, "params": {"eta": 0.303414682590365, "max_depth": 10.761062735982687, "n_estimators": 14.91327380301382}, "datetime": {"datetime": "2021-09-17 12:18:11", "elapsed": 142.366032, "delta": 0.895001}}
{"target": -2.5185604183297405, "params": {"eta": 0.4170012732753088, "max_depth": 8.487837852838515, "n_estimators": 15.6644859092041}, "datetime": {"datetime": "2021-09-17 12:18:12", "elapsed": 143.270053, "delta": 0.904021}}
{"target": -2.605571945090043, "params": {"eta": 0.35705023263504315, "max_depth": 5.05041772005292, "n_estimators": 15.06146494047815}, "datetime": {"datetime": "2021-09-17 12:18:13", "elapsed": 144.33341, "delta": 1.063357}}
{"target": -2.571562601390638, "params": {"eta": 0.29870345271518617, "max_depth": 7.487523624769403, "n_estimators": 16.89313054173583}, "datetime": {"datetime": "2021-09-17 12:18:14", "elapsed": 145.45991, "delta": 1.1265}}
