{"target": -2.478291962648693, "params": {"eta": 0.2, "max_depth": 16.925365587789567, "n_estimators": 17.669535146256464}, "datetime": {"datetime": "2021-09-17 13:30:03", "elapsed": 424.624185, "delta": 3.470194}}
{"target": -2.2937480920239497, "params": {"eta": 0.19328479672152857, "max_depth": 10.96637699778041, "n_estimators": 19.52195107455889}, "datetime": {"datetime": "2021-09-17 13:30:06", "elapsed": 427.790827, "delta": 3.166642}}
{"target": -2.897100025729129, "params": {"eta": 0.12984926860816193, "max_depth": 11.010041563233287, "n_estimators": 19.622204252333937}, "datetime": {"datetime": "2021-09-17 13:30:08", "elapsed": 430.00456, "delta": 2.213733}}
{"target": -2.3909538262768795, "params": {"eta": 0.2, "max_depth": 10.047454832903139, "n_estimators": 19.670609510620732}, "datetime": {"datetime": "2021-09-17 13:30:11", "elapsed": 432.794708, "delta": 2.790148}}
{"target": -2.845113070387589, "params": {"eta": 0.1473585023635316, "max_depth": 9.877086654740731, "n_estimators": 17.358647670545597}, "datetime": {"datetime": "2021-09-17 13:30:14", "elapsed": 435.823765, "delta": 3.029057}}
{"target": -2.315247020595952, "params": {"eta": 0.19601540247138005, "max_depth": 11.029413094049414, "n_estimators": 19.416961482773722}, "datetime": {"datetime": "2021-09-17 13:30:17", "elapsed": 438.652081, "delta": 2.828316}}
{"target": -2.4846826898424252, "params": {"eta": 0.1889292487034356, "max_depth": 11.017424969555378, "n_estimators": 19.270320431323203}, "datetime": {"datetime": "2021-09-17 13:30:20", "elapsed": 441.547909, "delta": 2.895828}}
{"target": -2.3473904559486787, "params": {"eta": 0.19369757994936393, "max_depth": 11.137564326367237, "n_estimators": 19.467671438206004}, "datetime": {"datetime": "2021-09-17 13:30:23", "elapsed": 444.489021, "delta": 2.941112}}
{"target": -2.4787687471038415, "params": {"eta": 0.18365679931365436, "max_depth": 10.270965691273366, "n_estimators": 18.37886249770221}, "datetime": {"datetime": "2021-09-17 13:30:24", "elapsed": 445.942326, "delta": 1.453305}}
{"target": -3.2619471537439444, "params": {"eta": 0.11953665859695092, "max_depth": 13.560632526183607, "n_estimators": 19.262109560169595}, "datetime": {"datetime": "2021-09-17 13:30:26", "elapsed": 447.38063, "delta": 1.438304}}
{"target": -2.7242595973767734, "params": {"eta": 0.14202929747732387, "max_depth": 11.141639267414005, "n_estimators": 19.34629585335389}, "datetime": {"datetime": "2021-09-17 13:30:28", "elapsed": 449.45118, "delta": 2.07055}}
{"target": -4.08183601216266, "params": {"eta": 0.10974725737613109, "max_depth": 16.341556082528918, "n_estimators": 17.562189293850437}, "datetime": {"datetime": "2021-09-17 13:30:29", "elapsed": 450.809136, "delta": 1.357956}}
{"target": -2.4306619336730555, "params": {"eta": 0.18159970407922513, "max_depth": 11.232678904613362, "n_estimators": 19.554314012610483}, "datetime": {"datetime": "2021-09-17 13:30:31", "elapsed": 453.059494, "delta": 2.250358}}
{"target": -4.1197644133316835, "params": {"eta": 0.09751473343503424, "max_depth": 11.111579298692865, "n_estimators": 19.512477596935263}, "datetime": {"datetime": "2021-09-17 13:30:34", "elapsed": 455.417969, "delta": 2.358475}}
{"target": -2.4722186979494594, "params": {"eta": 0.19956743307664554, "max_depth": 16.547888843521164, "n_estimators": 17.39539579270896}, "datetime": {"datetime": "2021-09-17 13:30:36", "elapsed": 457.744407, "delta": 2.326438}}
{"target": -2.5213520112790557, "params": {"eta": 0.17623274667465888, "max_depth": 11.325396997032364, "n_estimators": 19.512791207610316}, "datetime": {"datetime": "2021-09-17 13:30:38", "elapsed": 459.732759, "delta": 1.988352}}
{"target": -2.4154486894607543, "params": {"eta": 0.2, "max_depth": 11.316236348785186, "n_estimators": 19.641371002279364}, "datetime": {"datetime": "2021-09-17 13:30:41", "elapsed": 462.793327, "delta": 3.060568}}
{"target": -4.880263940284126, "params": {"eta": 0.0919977021416855, "max_depth": 12.403467528512293, "n_estimators": 18.328010661031403}, "datetime": {"datetime": "2021-09-17 13:30:42", "elapsed": 464.141, "delta": 1.347673}}
{"target": -4.235375351027439, "params": {"eta": 0.11244014882911585, "max_depth": 12.975593172302913, "n_estimators": 16.506753625035063}, "datetime": {"datetime": "2021-09-17 13:30:44", "elapsed": 465.534076, "delta": 1.393076}}
{"target": -2.4721005835031207, "params": {"eta": 0.19961231238209554, "max_depth": 16.67768598523932, "n_estimators": 17.496111005508006}, "datetime": {"datetime": "2021-09-17 13:30:46", "elapsed": 468.128778, "delta": 2.594702}}
{"target": -2.759338096568459, "params": {"eta": 0.1349698210904486, "max_depth": 8.126836738013832, "n_estimators": 19.945215154835076}, "datetime": {"datetime": "2021-09-17 13:30:48", "elapsed": 469.638619, "delta": 1.509841}}
{"target": -2.9317541028323926, "params": {"eta": 0.13587242051728315, "max_depth": 15.042271454095108, "n_estimators": 18.000800623721414}, "datetime": {"datetime": "2021-09-17 13:32:12", "elapsed": 0.0, "delta": 0.0}}
{"target": -3.2977171214003307, "params": {"eta": 0.12325658298950237, "max_depth": 11.02729123571979, "n_estimators": 18.646370163381583}, "datetime": {"datetime": "2021-09-17 13:32:13", "elapsed": 0.089998, "delta": 0.089998}}
{"target": -3.3666227648132727, "params": {"eta": 0.1104886232515438, "max_depth": 12.418925089301334, "n_estimators": 20.777372319614688}, "datetime": {"datetime": "2021-09-17 13:32:13", "elapsed": 0.185001, "delta": 0.095003}}
{"target": -2.3874425317111765, "params": {"eta": 0.14926984074036925, "max_depth": 12.934361600823063, "n_estimators": 22.796536502777315}, "datetime": {"datetime": "2021-09-17 13:32:13", "elapsed": 0.313001, "delta": 0.128}}
{"target": -3.6337340047484954, "params": {"eta": 0.11248974747046692, "max_depth": 16.146822054736617, "n_estimators": 18.191713152385482}, "datetime": {"datetime": "2021-09-17 13:32:13", "elapsed": 0.396, "delta": 0.082999}}
{"target": -2.5015942297483744, "params": {"eta": 0.16375142611962423, "max_depth": 12.92113361656989, "n_estimators": 21.91082879912026}, "datetime": {"datetime": "2021-09-17 13:32:13", "elapsed": 0.521998, "delta": 0.125998}}
{"target": -3.014409680742966, "params": {"eta": 0.10544256324547571, "max_depth": 11.386710423594153, "n_estimators": 23.605211980728757}, "datetime": {"datetime": "2021-09-17 13:32:13", "elapsed": 0.63, "delta": 0.108002}}
{"target": -2.295580734077253, "params": {"eta": 0.19650877332913375, "max_depth": 12.1939692471147, "n_estimators": 22.846258309685197}, "datetime": {"datetime": "2021-09-17 13:32:13", "elapsed": 0.771, "delta": 0.141}}
{"target": -2.3852108001708987, "params": {"eta": 0.2, "max_depth": 14.13656559134193, "n_estimators": 22.298991136752264}, "datetime": {"datetime": "2021-09-17 13:32:14", "elapsed": 1.2568, "delta": 0.4858}}
{"target": -2.380228826874181, "params": {"eta": 0.2, "max_depth": 14.558558095083288, "n_estimators": 23.518022346530177}, "datetime": {"datetime": "2021-09-17 13:32:14", "elapsed": 1.780803, "delta": 0.524003}}
{"target": -2.3865293923177218, "params": {"eta": 0.2, "max_depth": 15.65184273917524, "n_estimators": 22.622552715241746}, "datetime": {"datetime": "2021-09-17 13:32:15", "elapsed": 2.289797, "delta": 0.508994}}
{"target": -3.464577680512478, "params": {"eta": 0.09, "max_depth": 16.11667313905965, "n_estimators": 24.21121747543654}, "datetime": {"datetime": "2021-09-17 13:32:15", "elapsed": 2.739803, "delta": 0.450006}}
{"target": -4.126913719428213, "params": {"eta": 0.09, "max_depth": 15.294772054510895, "n_estimators": 21.481612682176518}, "datetime": {"datetime": "2021-09-17 13:32:16", "elapsed": 3.243445, "delta": 0.503642}}
{"target": -2.4150885901953045, "params": {"eta": 0.2, "max_depth": 13.88704892285202, "n_estimators": 23.028719848158996}, "datetime": {"datetime": "2021-09-17 13:32:16", "elapsed": 3.790448, "delta": 0.547003}}
{"target": -3.8777231887767187, "params": {"eta": 0.09, "max_depth": 14.867604623026558, "n_estimators": 22.866654258417906}, "datetime": {"datetime": "2021-09-17 13:32:17", "elapsed": 4.190969, "delta": 0.400521}}
{"target": -2.4390188292453163, "params": {"eta": 0.14376059951623388, "max_depth": 15.888250716125917, "n_estimators": 24.85347906855204}, "datetime": {"datetime": "2021-09-17 13:32:17", "elapsed": 4.436968, "delta": 0.245999}}
{"target": -2.5797133326530455, "params": {"eta": 0.12547200353805388, "max_depth": 15.344748141441173, "n_estimators": 23.998731659037702}, "datetime": {"datetime": "2021-09-17 13:32:17", "elapsed": 4.690969, "delta": 0.254001}}
{"target": -2.327278509892915, "params": {"eta": 0.184044211072035, "max_depth": 15.03546438612151, "n_estimators": 24.38379646526958}, "datetime": {"datetime": "2021-09-17 13:32:17", "elapsed": 4.974139, "delta": 0.28317}}
{"target": -2.43226319049534, "params": {"eta": 0.16448226788944245, "max_depth": 13.835377298926176, "n_estimators": 20.682464169970935}, "datetime": {"datetime": "2021-09-17 13:32:18", "elapsed": 5.210138, "delta": 0.235999}}
{"target": -3.497574046411012, "params": {"eta": 0.10548317111033939, "max_depth": 10.975656898287944, "n_estimators": 20.2178261829585}, "datetime": {"datetime": "2021-09-17 13:32:18", "elapsed": 5.431139, "delta": 0.221001}}
{"target": -3.4039384641145403, "params": {"eta": 0.12014005144525516, "max_depth": 15.35043882677993, "n_estimators": 18.468093819622204}, "datetime": {"datetime": "2021-09-17 13:32:18", "elapsed": 5.632145, "delta": 0.201006}}
{"target": -2.382305949612668, "params": {"eta": 0.1513802354798528, "max_depth": 12.233538865679336, "n_estimators": 22.861852507707553}, "datetime": {"datetime": "2021-09-17 13:32:18", "elapsed": 5.88914, "delta": 0.256995}}
{"target": -2.479856772799241, "params": {"eta": 0.15580222202342342, "max_depth": 10.788914401166503, "n_estimators": 18.817442567790994}, "datetime": {"datetime": "2021-09-17 13:32:19", "elapsed": 6.104733, "delta": 0.215593}}
{"target": -2.2251543973621573, "params": {"eta": 0.1574987126789672, "max_depth": 13.901743269488117, "n_estimators": 22.57524844211246}, "datetime": {"datetime": "2021-09-17 13:32:19", "elapsed": 6.370728, "delta": 0.265995}}
{"target": -2.4251229524612428, "params": {"eta": 0.2, "max_depth": 13.450359877469904, "n_estimators": 22.642247078244566}, "datetime": {"datetime": "2021-09-17 13:32:20", "elapsed": 7.036242, "delta": 0.665514}}
{"target": -2.375900459916968, "params": {"eta": 0.2, "max_depth": 14.672060860416828, "n_estimators": 24.015085026431855}, "datetime": {"datetime": "2021-09-17 13:32:20", "elapsed": 7.525241, "delta": 0.488999}}
{"target": -2.3823616090573765, "params": {"eta": 0.2, "max_depth": 12.275476493157564, "n_estimators": 22.34076178081653}, "datetime": {"datetime": "2021-09-17 13:32:21", "elapsed": 8.07024, "delta": 0.544999}}
{"target": -2.3909538262768795, "params": {"eta": 0.2, "max_depth": 10.312212141111626, "n_estimators": 19.018974834658728}, "datetime": {"datetime": "2021-09-17 13:32:21", "elapsed": 8.531247, "delta": 0.461007}}
{"target": -2.373399719439055, "params": {"eta": 0.2, "max_depth": 11.69001604553476, "n_estimators": 22.570600926010854}, "datetime": {"datetime": "2021-09-17 13:32:22", "elapsed": 9.053669, "delta": 0.522422}}
{"target": -2.912966790324763, "params": {"eta": 0.115304603336452, "max_depth": 10.45350772273823, "n_estimators": 22.926919531925222}, "datetime": {"datetime": "2021-09-17 13:32:22", "elapsed": 9.303672, "delta": 0.250003}}
{"target": -4.126913719428213, "params": {"eta": 0.09, "max_depth": 13.648038231969657, "n_estimators": 21.99013278051109}, "datetime": {"datetime": "2021-09-17 13:32:22", "elapsed": 9.762667, "delta": 0.458995}}
{"target": -3.6608716544352085, "params": {"eta": 0.09, "max_depth": 13.345269699284634, "n_estimators": 23.121441729236793}, "datetime": {"datetime": "2021-09-17 13:32:23", "elapsed": 10.409668, "delta": 0.647001}}
{"target": -2.302028510445042, "params": {"eta": 0.18231243741860673, "max_depth": 12.929573350936334, "n_estimators": 20.07262592161787}, "datetime": {"datetime": "2021-09-17 13:32:23", "elapsed": 10.678666, "delta": 0.268998}}
{"target": -3.4373359981336087, "params": {"eta": 0.09799673463559827, "max_depth": 12.059350132293243, "n_estimators": 22.589321309916187}, "datetime": {"datetime": "2021-09-17 13:32:24", "elapsed": 11.200753, "delta": 0.522087}}
{"target": -2.3852108001708987, "params": {"eta": 0.2, "max_depth": 14.077862758314566, "n_estimators": 22.5157453982798}, "datetime": {"datetime": "2021-09-17 13:32:24", "elapsed": 11.934751, "delta": 0.733998}}
{"target": -4.653704509609624, "params": {"eta": 0.09472911970138657, "max_depth": 12.904040685750317, "n_estimators": 18.037041011077473}, "datetime": {"datetime": "2021-09-17 13:32:25", "elapsed": 12.155752, "delta": 0.221001}}
{"target": -3.005792142215528, "params": {"eta": 0.10319458986835894, "max_depth": 14.96541163962041, "n_estimators": 24.120499358499412}, "datetime": {"datetime": "2021-09-17 13:32:25", "elapsed": 12.840754, "delta": 0.685002}}
{"target": -3.8777231887767187, "params": {"eta": 0.09, "max_depth": 13.981029204265852, "n_estimators": 22.7895086367814}, "datetime": {"datetime": "2021-09-17 13:32:26", "elapsed": 13.5264, "delta": 0.685646}}
{"target": -2.8696596296210037, "params": {"eta": 0.11541154554913802, "max_depth": 13.941400741295414, "n_estimators": 22.44433386984678}, "datetime": {"datetime": "2021-09-17 13:32:27", "elapsed": 14.233402, "delta": 0.707002}}
{"target": -3.6482519425843893, "params": {"eta": 0.10135213948119184, "max_depth": 10.40004207533589, "n_estimators": 20.58752254747722}, "datetime": {"datetime": "2021-09-17 13:32:27", "elapsed": 14.4834, "delta": 0.249998}}
{"target": -2.9208462683778063, "params": {"eta": 0.13806071676892046, "max_depth": 11.354307535063302, "n_estimators": 18.53036140627396}, "datetime": {"datetime": "2021-09-17 13:32:27", "elapsed": 14.733401, "delta": 0.250001}}
{"target": -2.3803269850580313, "params": {"eta": 0.1484836944962702, "max_depth": 15.87918220675395, "n_estimators": 24.84014554305186}, "datetime": {"datetime": "2021-09-17 13:32:27", "elapsed": 15.012695, "delta": 0.279294}}
{"target": -2.4668210437423306, "params": {"eta": 0.1806828345522925, "max_depth": 13.729055421223219, "n_estimators": 22.585952369232462}, "datetime": {"datetime": "2021-09-17 13:32:28", "elapsed": 15.740692, "delta": 0.727997}}
{"target": -2.3476866634268507, "params": {"eta": 0.1965804562922686, "max_depth": 13.019061301954372, "n_estimators": 19.932883942643844}, "datetime": {"datetime": "2021-09-17 13:32:29", "elapsed": 16.370292, "delta": 0.6296}}
{"target": -2.4617822753755667, "params": {"eta": 0.18125944941452823, "max_depth": 13.10778143815095, "n_estimators": 20.098040653885942}, "datetime": {"datetime": "2021-09-17 13:32:29", "elapsed": 16.96933, "delta": 0.599038}}
{"target": -2.3710408624849824, "params": {"eta": 0.2, "max_depth": 12.12189051167249, "n_estimators": 23.013733986546768}, "datetime": {"datetime": "2021-09-17 13:32:30", "elapsed": 17.471331, "delta": 0.502001}}
{"target": -2.348056531579871, "params": {"eta": 0.18458518372042035, "max_depth": 14.597403480187271, "n_estimators": 23.757366902284065}, "datetime": {"datetime": "2021-09-17 13:32:31", "elapsed": 18.228335, "delta": 0.757004}}
{"target": -3.4135970893659087, "params": {"eta": 0.11801997117644097, "max_depth": 15.918430725690703, "n_estimators": 18.91459768322912}, "datetime": {"datetime": "2021-09-17 13:32:31", "elapsed": 18.488332, "delta": 0.259997}}
{"target": -2.280256100077378, "params": {"eta": 0.17301731209965038, "max_depth": 11.654635704654766, "n_estimators": 24.12633354046699}, "datetime": {"datetime": "2021-09-17 13:32:31", "elapsed": 18.804331, "delta": 0.315999}}
{"target": -2.3824091265076084, "params": {"eta": 0.2, "max_depth": 15.673729018380442, "n_estimators": 24.768222856019875}, "datetime": {"datetime": "2021-09-17 13:32:32", "elapsed": 19.326332, "delta": 0.522001}}
{"target": -2.4067815680252878, "params": {"eta": 0.17919566924726932, "max_depth": 15.23072246121058, "n_estimators": 24.226702981424157}, "datetime": {"datetime": "2021-09-17 13:32:32", "elapsed": 19.684334, "delta": 0.358002}}
{"target": -2.294660190532082, "params": {"eta": 0.1503852732489589, "max_depth": 15.253776762248378, "n_estimators": 24.495230100221875}, "datetime": {"datetime": "2021-09-17 13:32:33", "elapsed": 20.92791, "delta": 1.243576}}
{"target": -2.5383806467056274, "params": {"eta": 0.12461233952553472, "max_depth": 15.054955516288139, "n_estimators": 24.612655945562143}, "datetime": {"datetime": "2021-09-17 13:32:35", "elapsed": 22.603118, "delta": 1.675208}}
{"target": -3.464577680512478, "params": {"eta": 0.09, "max_depth": 15.811628531696536, "n_estimators": 24.609039946681744}, "datetime": {"datetime": "2021-09-17 13:32:36", "elapsed": 23.28438, "delta": 0.681262}}
{"target": -2.3354205959721615, "params": {"eta": 0.18713858923275692, "max_depth": 15.637120525458961, "n_estimators": 24.995760106917103}, "datetime": {"datetime": "2021-09-17 13:32:36", "elapsed": 23.940441, "delta": 0.656061}}
{"target": -2.492267508883225, "params": {"eta": 0.17958450558367356, "max_depth": 10.548999530399579, "n_estimators": 18.929273567525218}, "datetime": {"datetime": "2021-09-17 13:32:37", "elapsed": 24.635444, "delta": 0.695003}}
{"target": -2.3824091265076084, "params": {"eta": 0.2, "max_depth": 15.417992725745071, "n_estimators": 24.83442429229964}, "datetime": {"datetime": "2021-09-17 13:32:38", "elapsed": 25.293633, "delta": 0.658189}}
{"target": -2.284339180118159, "params": {"eta": 0.17371781135399883, "max_depth": 14.397623435144965, "n_estimators": 23.877908437806134}, "datetime": {"datetime": "2021-09-17 13:32:38", "elapsed": 25.972633, "delta": 0.679}}
{"target": -2.496825339919642, "params": {"eta": 0.12992492627846725, "max_depth": 14.349494695581331, "n_estimators": 23.649526510117887}, "datetime": {"datetime": "2021-09-17 13:32:39", "elapsed": 26.755257, "delta": 0.782624}}
{"target": -3.269428108867846, "params": {"eta": 0.09464243077315039, "max_depth": 14.603483007043252, "n_estimators": 24.938190312600113}, "datetime": {"datetime": "2021-09-17 13:32:40", "elapsed": 27.068258, "delta": 0.313001}}
{"target": -2.4845975712725994, "params": {"eta": 0.1401954804350523, "max_depth": 14.449692953403698, "n_estimators": 24.135791232969687}, "datetime": {"datetime": "2021-09-17 13:32:40", "elapsed": 27.910858, "delta": 0.8426}}
{"target": -3.0578345894813537, "params": {"eta": 0.1019503494235764, "max_depth": 15.707888571119842, "n_estimators": 24.822407155751335}, "datetime": {"datetime": "2021-09-17 13:32:41", "elapsed": 28.228859, "delta": 0.318001}}
{"target": -2.3387861352217825, "params": {"eta": 0.1858921702010766, "max_depth": 11.250166203670934, "n_estimators": 20.93150341326691}, "datetime": {"datetime": "2021-09-17 13:32:41", "elapsed": 28.541478, "delta": 0.312619}}
{"target": -3.4286269520458426, "params": {"eta": 0.09791033699434662, "max_depth": 11.092750708827207, "n_estimators": 22.742379753289086}, "datetime": {"datetime": "2021-09-17 13:32:41", "elapsed": 28.84648, "delta": 0.305002}}
{"target": -2.2568222930556847, "params": {"eta": 0.1963292026518827, "max_depth": 11.750374200929217, "n_estimators": 24.311786581819398}, "datetime": {"datetime": "2021-09-17 13:32:42", "elapsed": 29.915811, "delta": 1.069331}}
{"target": -2.414624998444005, "params": {"eta": 0.16721859184809307, "max_depth": 11.538067754025493, "n_estimators": 24.33912923338983}, "datetime": {"datetime": "2021-09-17 13:32:43", "elapsed": 30.57681, "delta": 0.660999}}
{"target": -2.3448896884918216, "params": {"eta": 0.1967767408705884, "max_depth": 11.87645768864171, "n_estimators": 24.149610648468137}, "datetime": {"datetime": "2021-09-17 13:32:44", "elapsed": 31.15712, "delta": 0.58031}}
{"target": -2.3214774809385603, "params": {"eta": 0.15671254454563768, "max_depth": 13.158696516458274, "n_estimators": 22.612763831580516}, "datetime": {"datetime": "2021-09-17 13:32:44", "elapsed": 31.924119, "delta": 0.766999}}
{"target": -2.7329282879829404, "params": {"eta": 0.14867613745983121, "max_depth": 10.801486356707525, "n_estimators": 18.809110559975803}, "datetime": {"datetime": "2021-09-17 13:32:45", "elapsed": 32.24412, "delta": 0.320001}}
{"target": -4.040480443050987, "params": {"eta": 0.09948729540600855, "max_depth": 13.830441187890742, "n_estimators": 19.01522049905673}, "datetime": {"datetime": "2021-09-17 13:32:45", "elapsed": 32.549123, "delta": 0.305003}}
{"target": -2.4131200859421176, "params": {"eta": 0.2, "max_depth": 10.724069880158286, "n_estimators": 18.926389398936585}, "datetime": {"datetime": "2021-09-17 13:32:46", "elapsed": 33.255773, "delta": 0.70665}}
{"target": -2.4230482534358373, "params": {"eta": 0.18737807093060121, "max_depth": 10.663092372156637, "n_estimators": 18.73569453797268}, "datetime": {"datetime": "2021-09-17 13:32:46", "elapsed": 33.918775, "delta": 0.663002}}
{"target": -3.2278245060067428, "params": {"eta": 0.09613818066628729, "max_depth": 11.752791346661182, "n_estimators": 24.221860202816213}, "datetime": {"datetime": "2021-09-17 13:32:47", "elapsed": 34.465774, "delta": 0.546999}}
{"target": -2.27968237149088, "params": {"eta": 0.19923405572628688, "max_depth": 14.524574028732394, "n_estimators": 23.909766630575675}, "datetime": {"datetime": "2021-09-17 13:32:48", "elapsed": 35.130334, "delta": 0.66456}}
{"target": -2.2036798157190023, "params": {"eta": 0.15797588229960485, "max_depth": 15.155007078915018, "n_estimators": 24.4204301784105}, "datetime": {"datetime": "2021-09-17 13:32:48", "elapsed": 35.818334, "delta": 0.688}}
{"target": -3.443564590027458, "params": {"eta": 0.09415131111508286, "max_depth": 14.500873721750068, "n_estimators": 23.829960858645826}, "datetime": {"datetime": "2021-09-17 13:32:49", "elapsed": 36.405524, "delta": 0.58719}}
