{"target": 0.8314859411879187, "params": {"eta": 0.1, "max_depth": 38.4106201305761, "n_estimators": 33.45145803463687}, "datetime": {"datetime": "2021-09-17 19:52:09", "elapsed": 476.464583, "delta": 1.889321}}
{"target": 0.7591744911457007, "params": {"eta": 0.8, "max_depth": 4.0, "n_estimators": 27.859492536637948}, "datetime": {"datetime": "2021-09-17 19:52:11", "elapsed": 478.204851, "delta": 1.740268}}
{"target": 0.8350646963765962, "params": {"eta": 0.1, "max_depth": 29.93638076768182, "n_estimators": 35.89173398656596}, "datetime": {"datetime": "2021-09-17 19:52:13", "elapsed": 480.31081, "delta": 2.105959}}
{"target": 0.7688674524307022, "params": {"eta": 0.7465487393458925, "max_depth": 26.14666203343919, "n_estimators": 42.99699477709557}, "datetime": {"datetime": "2021-09-17 19:52:15", "elapsed": 482.808615, "delta": 2.497805}}
{"target": 0.8541079755933237, "params": {"eta": 0.14000204499145696, "max_depth": 24.93150527597075, "n_estimators": 37.435291056814904}, "datetime": {"datetime": "2021-09-17 19:52:19", "elapsed": 485.999192, "delta": 3.190577}}
{"target": 0.8397095307890869, "params": {"eta": 0.1, "max_depth": 37.04844563079772, "n_estimators": 40.99195809017485}, "datetime": {"datetime": "2021-09-17 19:52:21", "elapsed": 488.407473, "delta": 2.408281}}
{"target": 0.7809000147431443, "params": {"eta": 0.6579270105050983, "max_depth": 46.18621660662129, "n_estimators": 19.454225643931917}, "datetime": {"datetime": "2021-09-17 19:52:23", "elapsed": 490.399789, "delta": 1.992316}}
{"target": 0.8496515566459205, "params": {"eta": 0.4269859422825667, "max_depth": 36.007818021085626, "n_estimators": 45.183431128802525}, "datetime": {"datetime": "2021-09-17 19:52:26", "elapsed": 493.684208, "delta": 3.284419}}
{"target": 0.8113428819902284, "params": {"eta": 0.1, "max_depth": 11.182563431000911, "n_estimators": 28.23607857473695}, "datetime": {"datetime": "2021-09-17 19:52:29", "elapsed": 496.500093, "delta": 2.815885}}
{"target": 0.8103535088171355, "params": {"eta": 0.6157256595777684, "max_depth": 37.31765702276871, "n_estimators": 43.83649494686121}, "datetime": {"datetime": "2021-09-17 19:52:32", "elapsed": 499.490474, "delta": 2.990381}}
{"target": 0.7629999432038216, "params": {"eta": 0.7461218248569421, "max_depth": 49.97565379425387, "n_estimators": 36.85281825877186}, "datetime": {"datetime": "2021-09-17 19:52:34", "elapsed": 501.690844, "delta": 2.20037}}
{"target": 0.7623341094598476, "params": {"eta": 0.7637891545322393, "max_depth": 47.099069878946345, "n_estimators": 47.110208884696355}, "datetime": {"datetime": "2021-09-17 19:52:37", "elapsed": 504.085978, "delta": 2.395134}}
{"target": 0.773377392541938, "params": {"eta": 0.7734087831161949, "max_depth": 11.971640471040235, "n_estimators": 38.02251915271829}, "datetime": {"datetime": "2021-09-17 19:52:39", "elapsed": 506.498678, "delta": 2.4127}}
{"target": 0.8385550602483692, "params": {"eta": 0.1, "max_depth": 41.067897833455866, "n_estimators": 38.69012861034549}, "datetime": {"datetime": "2021-09-17 19:52:42", "elapsed": 509.204887, "delta": 2.706209}}
{"target": 0.7561294446757345, "params": {"eta": 0.7633928564300253, "max_depth": 33.14366331407431, "n_estimators": 36.96331109277912}, "datetime": {"datetime": "2021-09-17 19:52:44", "elapsed": 511.514613, "delta": 2.309726}}
{"target": 0.7631967829209627, "params": {"eta": 0.7848679615163892, "max_depth": 41.91843126955812, "n_estimators": 41.36242375829961}, "datetime": {"datetime": "2021-09-17 19:52:47", "elapsed": 514.383011, "delta": 2.868398}}
{"target": 0.8560088825889602, "params": {"eta": 0.1399023877940475, "max_depth": 39.91337940110267, "n_estimators": 48.65660673973556}, "datetime": {"datetime": "2021-09-17 19:52:50", "elapsed": 516.963128, "delta": 2.580117}}
{"target": 0.800047423250024, "params": {"eta": 0.10432388816838938, "max_depth": 23.26831745740077, "n_estimators": 26.584813626846024}, "datetime": {"datetime": "2021-09-17 19:52:52", "elapsed": 518.98472, "delta": 2.021592}}
{"target": 0.8539034184163674, "params": {"eta": 0.10619372088394552, "max_depth": 7.635190679578252, "n_estimators": 31.048453891122893}, "datetime": {"datetime": "2021-09-17 19:52:54", "elapsed": 521.01507, "delta": 2.03035}}
{"target": 0.7939198118359871, "params": {"eta": 0.6363931910888835, "max_depth": 46.59605586131523, "n_estimators": 43.310146845259766}, "datetime": {"datetime": "2021-09-17 19:52:56", "elapsed": 523.246602, "delta": 2.231532}}
{"target": 0.7551882408435089, "params": {"eta": 0.7635255113007782, "max_depth": 21.737020639654325, "n_estimators": 44.57702798668876}, "datetime": {"datetime": "2021-09-17 19:52:59", "elapsed": 526.139963, "delta": 2.893361}}
{"target": 0.8668156562969378, "params": {"eta": 0.13331466116012708, "max_depth": 8.173685522210352, "n_estimators": 37.63474659226179}, "datetime": {"datetime": "2021-09-17 19:53:01", "elapsed": 527.893952, "delta": 1.753989}}
{"target": 0.8564256168802633, "params": {"eta": 0.17871826484928377, "max_depth": 20.156302351222397, "n_estimators": 46.86835231160769}, "datetime": {"datetime": "2021-09-17 19:53:04", "elapsed": 530.940279, "delta": 3.046327}}
{"target": 0.8302192715479719, "params": {"eta": 0.42165487030959825, "max_depth": 22.25163755623667, "n_estimators": 43.3076170653953}, "datetime": {"datetime": "2021-09-17 19:53:07", "elapsed": 534.271494, "delta": 3.331215}}
{"target": 0.7444291747774212, "params": {"eta": 0.7597879790670136, "max_depth": 17.696601811592135, "n_estimators": 44.64104850872837}, "datetime": {"datetime": "2021-09-17 19:53:09", "elapsed": 536.466967, "delta": 2.195473}}
{"target": 0.8391743620432751, "params": {"eta": 0.1, "max_depth": 21.19641480208929, "n_estimators": 39.86917408298926}, "datetime": {"datetime": "2021-09-17 19:53:11", "elapsed": 538.768438, "delta": 2.301471}}
{"target": 0.8468911766766913, "params": {"eta": 0.31549533138983843, "max_depth": 45.38162594750498, "n_estimators": 46.86217432813205}, "datetime": {"datetime": "2021-09-17 19:53:15", "elapsed": 542.181707, "delta": 3.413269}}
{"target": 0.7658910496181359, "params": {"eta": 0.6610386303048486, "max_depth": 33.96891364144058, "n_estimators": 46.09815548861341}, "datetime": {"datetime": "2021-09-17 19:53:18", "elapsed": 545.033008, "delta": 2.851301}}
{"target": 0.8456731061448418, "params": {"eta": 0.10816559845957996, "max_depth": 35.865399922221066, "n_estimators": 46.17218297067609}, "datetime": {"datetime": "2021-09-17 19:53:20", "elapsed": 547.689808, "delta": 2.6568}}
{"target": 0.8604941345128113, "params": {"eta": 0.12861469196295602, "max_depth": 35.108710192063604, "n_estimators": 46.98246655461979}, "datetime": {"datetime": "2021-09-17 19:53:23", "elapsed": 550.452642, "delta": 2.762834}}
{"target": 0.7624740539093157, "params": {"eta": 0.7764390292620482, "max_depth": 41.63783424002314, "n_estimators": 32.56563789969698}, "datetime": {"datetime": "2021-09-17 19:53:26", "elapsed": 552.95923, "delta": 2.506588}}
{"target": 0.8390392820974235, "params": {"eta": 0.1, "max_depth": 17.187118030180297, "n_estimators": 39.61187124229691}, "datetime": {"datetime": "2021-09-17 19:53:30", "elapsed": 556.885953, "delta": 3.926723}}
{"target": 0.8459968855385428, "params": {"eta": 0.16872051873956653, "max_depth": 17.477260647130823, "n_estimators": 43.27173363739903}, "datetime": {"datetime": "2021-09-17 19:53:32", "elapsed": 559.612442, "delta": 2.726489}}
{"target": 0.7995566945920194, "params": {"eta": 0.7263603929693595, "max_depth": 22.474011148044617, "n_estimators": 49.164486645471996}, "datetime": {"datetime": "2021-09-17 19:53:35", "elapsed": 561.871008, "delta": 2.258566}}
{"target": 0.810328131652884, "params": {"eta": 0.1, "max_depth": 7.796926835948198, "n_estimators": 26.626686357253423}, "datetime": {"datetime": "2021-09-17 19:53:37", "elapsed": 564.223253, "delta": 2.352245}}
{"target": 0.7858402512298709, "params": {"eta": 0.6759467601940439, "max_depth": 5.442236315795718, "n_estimators": 42.787819189312295}, "datetime": {"datetime": "2021-09-17 19:53:40", "elapsed": 566.940239, "delta": 2.716986}}
{"target": 0.8530623366227672, "params": {"eta": 0.1, "max_depth": 7.38143280372522, "n_estimators": 37.814546726616086}, "datetime": {"datetime": "2021-09-17 19:53:42", "elapsed": 569.246239, "delta": 2.306}}
{"target": 0.8797794719276076, "params": {"eta": 0.20561375793506445, "max_depth": 7.581914807112188, "n_estimators": 29.943869061693288}, "datetime": {"datetime": "2021-09-17 19:53:45", "elapsed": 572.530011, "delta": 3.283772}}
{"target": 0.7583294605652959, "params": {"eta": 0.8, "max_depth": 25.74029251800442, "n_estimators": 37.50294412460049}, "datetime": {"datetime": "2021-09-17 19:53:48", "elapsed": 575.470888, "delta": 2.940877}}
{"target": 0.7737964573134021, "params": {"eta": 0.7198285874479815, "max_depth": 7.646124716775903, "n_estimators": 30.5191083589932}, "datetime": {"datetime": "2021-09-17 19:53:50", "elapsed": 577.739967, "delta": 2.269079}}
{"target": 0.8242489623609033, "params": {"eta": 0.5179957919826493, "max_depth": 7.999565498626051, "n_estimators": 38.95304290293369}, "datetime": {"datetime": "2021-09-17 19:53:53", "elapsed": 580.353826, "delta": 2.613859}}
{"target": 0.8508123686488012, "params": {"eta": 0.28107341329060076, "max_depth": 5.6982456970663495, "n_estimators": 37.59914181726662}, "datetime": {"datetime": "2021-09-17 19:53:56", "elapsed": 583.707386, "delta": 3.35356}}
{"target": 0.8537186720133882, "params": {"eta": 0.22001728287616734, "max_depth": 8.074326435468585, "n_estimators": 29.13599894389794}, "datetime": {"datetime": "2021-09-17 19:54:00", "elapsed": 586.942746, "delta": 3.23536}}
{"target": 0.8430745923052066, "params": {"eta": 0.1, "max_depth": 19.428575305972586, "n_estimators": 46.27257679005184}, "datetime": {"datetime": "2021-09-17 19:54:02", "elapsed": 589.639366, "delta": 2.69662}}
{"target": 0.8656028377522289, "params": {"eta": 0.1717875307350377, "max_depth": 9.803301289247184, "n_estimators": 48.98070312818093}, "datetime": {"datetime": "2021-09-17 19:54:05", "elapsed": 592.340064, "delta": 2.700698}}
{"target": 0.7597639616598373, "params": {"eta": 0.8, "max_depth": 19.41996838292796, "n_estimators": 47.4873711760507}, "datetime": {"datetime": "2021-09-17 19:54:07", "elapsed": 594.712249, "delta": 2.372185}}
{"target": 0.8430397372919161, "params": {"eta": 0.1, "max_depth": 18.508700245166946, "n_estimators": 46.82735316709793}, "datetime": {"datetime": "2021-09-17 19:54:10", "elapsed": 597.529785, "delta": 2.817536}}
{"target": 0.7518518584635334, "params": {"eta": 0.7950269284777846, "max_depth": 35.30618965657601, "n_estimators": 46.64693289329252}, "datetime": {"datetime": "2021-09-17 19:54:13", "elapsed": 599.943472, "delta": 2.413687}}
{"target": 0.8421382561559962, "params": {"eta": 0.1, "max_depth": 35.17676051862628, "n_estimators": 45.47917602897203}, "datetime": {"datetime": "2021-09-17 19:54:15", "elapsed": 602.332128, "delta": 2.388656}}
{"target": 0.8664961802958308, "params": {"eta": 0.18496273153544426, "max_depth": 29.685989388795505, "n_estimators": 46.36123461455802}, "datetime": {"datetime": "2021-09-17 19:54:18", "elapsed": 605.408816, "delta": 3.076688}}
{"target": 0.8004749645019741, "params": {"eta": 0.7067688246714952, "max_depth": 4.033609280867534, "n_estimators": 31.230616204811984}, "datetime": {"datetime": "2021-09-17 19:54:20", "elapsed": 607.77621, "delta": 2.367394}}
{"target": 0.8411210944850066, "params": {"eta": 0.1, "max_depth": 44.99727832146457, "n_estimators": 42.496618618961286}, "datetime": {"datetime": "2021-09-17 19:54:23", "elapsed": 610.692388, "delta": 2.916178}}
{"target": 0.8595177279582861, "params": {"eta": 0.11125730919357191, "max_depth": 7.232107867185291, "n_estimators": 29.2816923769055}, "datetime": {"datetime": "2021-09-17 19:54:26", "elapsed": 613.210343, "delta": 2.517955}}
{"target": 0.8454379649558745, "params": {"eta": 0.1681520272678845, "max_depth": 44.803858792624986, "n_estimators": 43.934001887942024}, "datetime": {"datetime": "2021-09-17 19:54:29", "elapsed": 616.202675, "delta": 2.992332}}
{"target": 0.8648433867358538, "params": {"eta": 0.1905378934342956, "max_depth": 15.863401466993848, "n_estimators": 44.514855392646005}, "datetime": {"datetime": "2021-09-17 19:54:32", "elapsed": 619.76893, "delta": 3.566255}}
{"target": 0.8605407198436048, "params": {"eta": 0.1, "max_depth": 6.02589292999143, "n_estimators": 41.589417350688386}, "datetime": {"datetime": "2021-09-17 19:54:35", "elapsed": 622.214084, "delta": 2.445154}}
{"target": 0.7923236827264735, "params": {"eta": 0.6415896341088515, "max_depth": 15.629914476959398, "n_estimators": 45.54166810435115}, "datetime": {"datetime": "2021-09-17 19:54:38", "elapsed": 625.065621, "delta": 2.851537}}
{"target": 0.8386292957121277, "params": {"eta": 0.1, "max_depth": 13.836906270354866, "n_estimators": 38.55570514944279}, "datetime": {"datetime": "2021-09-17 19:54:40", "elapsed": 627.568103, "delta": 2.502482}}
{"target": 0.8381062425198963, "params": {"eta": 0.25401946126389996, "max_depth": 16.976855504968206, "n_estimators": 41.45145172897087}, "datetime": {"datetime": "2021-09-17 19:54:44", "elapsed": 630.895936, "delta": 3.327833}}
{"target": 0.8434511697301385, "params": {"eta": 0.1, "max_depth": 43.771682535477396, "n_estimators": 47.526033892627105}, "datetime": {"datetime": "2021-09-17 19:54:46", "elapsed": 633.696691, "delta": 2.800755}}
{"target": 0.802559849923978, "params": {"eta": 0.5287474835511028, "max_depth": 4.469590261157791, "n_estimators": 48.694128524363876}, "datetime": {"datetime": "2021-09-17 19:54:49", "elapsed": 636.426408, "delta": 2.729717}}
{"target": 0.851632306240687, "params": {"eta": 0.23504196805155278, "max_depth": 6.379339291836993, "n_estimators": 27.177871035695308}, "datetime": {"datetime": "2021-09-17 19:54:53", "elapsed": 640.029106, "delta": 3.602698}}
{"target": 0.792769057990089, "params": {"eta": 0.5745029468410553, "max_depth": 7.013028787909397, "n_estimators": 34.77933745234173}, "datetime": {"datetime": "2021-09-17 19:54:55", "elapsed": 642.540144, "delta": 2.511038}}
{"target": 0.8715750614802402, "params": {"eta": 0.32606576234483714, "max_depth": 9.385469114064948, "n_estimators": 35.071114321056356}, "datetime": {"datetime": "2021-09-17 19:54:58", "elapsed": 645.113434, "delta": 2.57329}}
{"target": 0.8434511697301385, "params": {"eta": 0.1, "max_depth": 30.760613116812014, "n_estimators": 47.25911476348842}, "datetime": {"datetime": "2021-09-17 19:55:01", "elapsed": 648.429292, "delta": 3.315858}}
{"target": 0.8404679504779281, "params": {"eta": 0.11402147787953915, "max_depth": 21.83292887457403, "n_estimators": 46.41440986192915}, "datetime": {"datetime": "2021-09-17 19:55:04", "elapsed": 651.789313, "delta": 3.360021}}
{"target": 0.7669048823522724, "params": {"eta": 0.7747719127773959, "max_depth": 26.918381023422217, "n_estimators": 46.31536123777571}, "datetime": {"datetime": "2021-09-17 19:55:07", "elapsed": 654.387546, "delta": 2.598233}}
{"target": 0.7695494771648954, "params": {"eta": 0.7410574698376838, "max_depth": 19.10118768056421, "n_estimators": 33.337853128577436}, "datetime": {"datetime": "2021-09-17 19:55:11", "elapsed": 657.870209, "delta": 3.482663}}
{"target": 0.7593099895700312, "params": {"eta": 0.7651395279229771, "max_depth": 9.482959748520893, "n_estimators": 36.03424792747519}, "datetime": {"datetime": "2021-09-17 19:55:14", "elapsed": 661.234938, "delta": 3.364729}}
{"target": 0.7488921148538659, "params": {"eta": 0.7279397800402251, "max_depth": 9.715808967690688, "n_estimators": 34.3212896842673}, "datetime": {"datetime": "2021-09-17 19:55:16", "elapsed": 663.702497, "delta": 2.467559}}
{"target": 0.8613632373632852, "params": {"eta": 0.13803787411617727, "max_depth": 15.981030582977185, "n_estimators": 43.62206261705189}, "datetime": {"datetime": "2021-09-17 19:55:19", "elapsed": 666.100537, "delta": 2.39804}}
{"target": 0.8603268021411703, "params": {"eta": 0.1418941356656399, "max_depth": 28.727242012399525, "n_estimators": 46.25622166414786}, "datetime": {"datetime": "2021-09-17 19:55:22", "elapsed": 668.960724, "delta": 2.860187}}
{"target": 0.8722180933591772, "params": {"eta": 0.20203629272155807, "max_depth": 9.748993762313134, "n_estimators": 38.31025355079357}, "datetime": {"datetime": "2021-09-17 19:55:25", "elapsed": 672.682394, "delta": 3.72167}}
{"target": 0.8060242158233566, "params": {"eta": 0.7000326214731735, "max_depth": 9.14504946413707, "n_estimators": 38.243421818842634}, "datetime": {"datetime": "2021-09-17 19:55:28", "elapsed": 675.190208, "delta": 2.507814}}
{"target": 0.7795241880238452, "params": {"eta": 0.8, "max_depth": 6.168313783550577, "n_estimators": 26.36801558061732}, "datetime": {"datetime": "2021-09-17 19:55:31", "elapsed": 678.223734, "delta": 3.033526}}
{"target": 0.8072191417976868, "params": {"eta": 0.5067811854613352, "max_depth": 10.096117549132735, "n_estimators": 49.607616935863255}, "datetime": {"datetime": "2021-09-17 19:55:34", "elapsed": 681.579607, "delta": 3.355873}}
{"target": 0.7536967225775577, "params": {"eta": 0.7289946478303186, "max_depth": 4.584686208676497, "n_estimators": 29.686095084702043}, "datetime": {"datetime": "2021-09-17 19:55:37", "elapsed": 684.436177, "delta": 2.85657}}
{"target": 0.7566188235146154, "params": {"eta": 0.7093986672185546, "max_depth": 7.0765623655088055, "n_estimators": 46.745237017236285}, "datetime": {"datetime": "2021-09-17 19:55:40", "elapsed": 687.056694, "delta": 2.620517}}
{"target": 0.7679808044309216, "params": {"eta": 0.7748047918899608, "max_depth": 16.303262290187156, "n_estimators": 44.33203602350613}, "datetime": {"datetime": "2021-09-17 19:55:42", "elapsed": 689.794404, "delta": 2.73771}}
{"target": 0.8371949838803663, "params": {"eta": 0.1, "max_depth": 6.976917782795867, "n_estimators": 29.991533782759504}, "datetime": {"datetime": "2021-09-17 19:55:46", "elapsed": 692.851054, "delta": 3.05665}}
{"target": 0.7903853955888828, "params": {"eta": 0.5986094044671582, "max_depth": 23.386307267558028, "n_estimators": 34.95576792013003}, "datetime": {"datetime": "2021-09-17 19:55:48", "elapsed": 694.977191, "delta": 2.126137}}
{"target": 0.7853902583677691, "params": {"eta": 0.7275069294754891, "max_depth": 29.162790729604943, "n_estimators": 46.09570510857239}, "datetime": {"datetime": "2021-09-17 19:55:50", "elapsed": 697.452586, "delta": 2.475395}}
{"target": 0.8421382561559962, "params": {"eta": 0.1, "max_depth": 44.190120850579284, "n_estimators": 45.07139065834939}, "datetime": {"datetime": "2021-09-17 19:55:53", "elapsed": 700.156229, "delta": 2.703643}}
{"target": 0.8304959419106975, "params": {"eta": 0.4151541294811181, "max_depth": 44.48339320038263, "n_estimators": 43.91246295718836}, "datetime": {"datetime": "2021-09-17 19:55:55", "elapsed": 702.115221, "delta": 1.958992}}
{"target": 0.7991434512453175, "params": {"eta": 0.5981196637350671, "max_depth": 47.11722375117485, "n_estimators": 15.611348870300244}, "datetime": {"datetime": "2021-09-17 19:55:57", "elapsed": 704.388045, "delta": 2.272824}}
{"target": 0.819133133570761, "params": {"eta": 0.6112856475441991, "max_depth": 4.706708716394136, "n_estimators": 37.21069232960615}, "datetime": {"datetime": "2021-09-17 19:56:00", "elapsed": 707.051404, "delta": 2.663359}}
{"target": 0.8596077166442782, "params": {"eta": 0.12207872950850185, "max_depth": 6.832975797627046, "n_estimators": 38.85449434511145}, "datetime": {"datetime": "2021-09-17 19:56:02", "elapsed": 709.473135, "delta": 2.421731}}
{"target": 0.8198391816555616, "params": {"eta": 0.5540170576293464, "max_depth": 27.218505995644314, "n_estimators": 38.387455567915694}, "datetime": {"datetime": "2021-09-17 19:56:05", "elapsed": 712.776422, "delta": 3.303287}}
{"target": 0.84098507318832, "params": {"eta": 0.1, "max_depth": 8.84304048360814, "n_estimators": 35.336112542843544}, "datetime": {"datetime": "2021-09-17 19:56:08", "elapsed": 715.728668, "delta": 2.952246}}
{"target": 0.8436856944644842, "params": {"eta": 0.39609990197574696, "max_depth": 19.74646550188325, "n_estimators": 22.421680927040967}, "datetime": {"datetime": "2021-09-17 19:56:11", "elapsed": 717.874909, "delta": 2.146241}}
{"target": 0.8624261400350753, "params": {"eta": 0.12698159489839295, "max_depth": 9.532711593672415, "n_estimators": 42.046580649638464}, "datetime": {"datetime": "2021-09-17 19:56:13", "elapsed": 720.735468, "delta": 2.860559}}
{"target": 0.8504504074083112, "params": {"eta": 0.1, "max_depth": 8.837278069936831, "n_estimators": 42.61744130212507}, "datetime": {"datetime": "2021-09-17 19:56:16", "elapsed": 723.800405, "delta": 3.064937}}
{"target": 0.86856016447093, "params": {"eta": 0.1747955816854559, "max_depth": 7.250982099034972, "n_estimators": 45.57000819151472}, "datetime": {"datetime": "2021-09-17 19:56:19", "elapsed": 726.672587, "delta": 2.872182}}
{"target": 0.8291066229319872, "params": {"eta": 0.1, "max_depth": 18.098384863082366, "n_estimators": 32.466453107994624}, "datetime": {"datetime": "2021-09-17 19:56:22", "elapsed": 729.760461, "delta": 3.087874}}
{"target": 0.8649555696943672, "params": {"eta": 0.1, "max_depth": 6.526248022034828, "n_estimators": 48.17186321503706}, "datetime": {"datetime": "2021-09-17 19:56:25", "elapsed": 732.502877, "delta": 2.742416}}
{"target": 0.8664964292195136, "params": {"eta": 0.268238543865039, "max_depth": 10.035432500265154, "n_estimators": 39.237477889436285}, "datetime": {"datetime": "2021-09-17 19:56:29", "elapsed": 735.906299, "delta": 3.403422}}
{"target": 0.8859091309626704, "params": {"eta": 0.16309681579541538, "max_depth": 8.787513034930479, "n_estimators": 48.88627525903901}, "datetime": {"datetime": "2021-09-17 19:56:32", "elapsed": 738.859851, "delta": 2.953552}}
{"target": 0.8254119394975035, "params": {"eta": 0.5568789732908831, "max_depth": 8.933296209637941, "n_estimators": 49.3712374851404}, "datetime": {"datetime": "2021-09-17 19:56:35", "elapsed": 742.189209, "delta": 3.329358}}
