{"target": -3.4398303226420754, "params": {"eta": 1.0, "max_depth": 7.858754219043926, "n_estimators": 14.980811030152093}, "datetime": {"datetime": "2021-09-17 10:48:55", "elapsed": 332.918211, "delta": 1.852235}}
{"target": -4.440772440558986, "params": {"eta": 0.9939430953459018, "max_depth": 1.8265011275992606, "n_estimators": 3.3623953032701803}, "datetime": {"datetime": "2021-09-17 10:48:56", "elapsed": 334.371776, "delta": 1.453565}}
{"target": -3.3159701253238474, "params": {"eta": 1.0, "max_depth": 4.381085802606659, "n_estimators": 10.01700163945039}, "datetime": {"datetime": "2021-09-17 10:48:59", "elapsed": 336.616138, "delta": 2.244362}}
{"target": -3.443182051181793, "params": {"eta": 1.0, "max_depth": 10.323380738614242, "n_estimators": 15.962483134141477}, "datetime": {"datetime": "2021-09-17 10:49:01", "elapsed": 338.834683, "delta": 2.218545}}
{"target": -3.550533092649359, "params": {"eta": 1.0, "max_depth": 8.637805097058715, "n_estimators": 10.442999008660317}, "datetime": {"datetime": "2021-09-17 10:49:03", "elapsed": 340.715232, "delta": 1.880549}}
{"target": -5.563130521146874, "params": {"eta": 0.1, "max_depth": 15.0, "n_estimators": 15.95431343918117}, "datetime": {"datetime": "2021-09-17 10:49:05", "elapsed": 342.510844, "delta": 1.795612}}
{"target": -2.6710440290601634, "params": {"eta": 0.2508947978793331, "max_depth": 6.974477514310349, "n_estimators": 15.268529933044512}, "datetime": {"datetime": "2021-09-17 10:49:06", "elapsed": 344.067219, "delta": 1.556375}}
{"target": -2.962904422847848, "params": {"eta": 1.0, "max_depth": 2.1088308421166895, "n_estimators": 17.22479266382821}, "datetime": {"datetime": "2021-09-17 10:49:08", "elapsed": 345.887395, "delta": 1.820176}}
{"target": -2.8130610029948384, "params": {"eta": 0.5581307598133309, "max_depth": 6.449903065152972, "n_estimators": 15.567693723046032}, "datetime": {"datetime": "2021-09-17 10:49:10", "elapsed": 347.545808, "delta": 1.658413}}
{"target": -3.217501444565622, "params": {"eta": 0.16205337837021172, "max_depth": 10.475642729410964, "n_estimators": 14.082627791184228}, "datetime": {"datetime": "2021-09-17 10:49:12", "elapsed": 349.769028, "delta": 2.22322}}
{"target": -3.4410574414228137, "params": {"eta": 1.0, "max_depth": 10.692074440174864, "n_estimators": 11.703787375169494}, "datetime": {"datetime": "2021-09-17 10:49:14", "elapsed": 351.609555, "delta": 1.840527}}
{"target": -3.061892409701096, "params": {"eta": 0.6128197738343771, "max_depth": 13.077156646433632, "n_estimators": 11.527392341683203}, "datetime": {"datetime": "2021-09-17 10:49:15", "elapsed": 353.486333, "delta": 1.876778}}
{"target": -2.700538941433555, "params": {"eta": 0.4953034580143587, "max_depth": 6.927792975452589, "n_estimators": 13.294410607096712}, "datetime": {"datetime": "2021-09-17 10:49:18", "elapsed": 356.066946, "delta": 2.580613}}
{"target": -3.3579567564161197, "params": {"eta": 1.0, "max_depth": 6.7651413468879396, "n_estimators": 5.952619867117592}, "datetime": {"datetime": "2021-09-17 10:49:20", "elapsed": 358.260353, "delta": 2.193407}}
{"target": -3.4398787611409234, "params": {"eta": 1.0, "max_depth": 10.313819698818419, "n_estimators": 9.706227559548172}, "datetime": {"datetime": "2021-09-17 10:49:22", "elapsed": 359.733037, "delta": 1.472684}}
{"target": -3.177916492286481, "params": {"eta": 1.0, "max_depth": 15.0, "n_estimators": 9.860408541863935}, "datetime": {"datetime": "2021-09-17 10:49:23", "elapsed": 361.304579, "delta": 1.571542}}
{"target": -2.9521976376834673, "params": {"eta": 0.7528814473471934, "max_depth": 3.638655907057731, "n_estimators": 17.428861971904986}, "datetime": {"datetime": "2021-09-17 10:49:26", "elapsed": 364.222393, "delta": 2.917814}}
{"target": -3.39335772175538, "params": {"eta": 0.9841536516811459, "max_depth": 3.0687611351978363, "n_estimators": 10.039943118943192}, "datetime": {"datetime": "2021-09-17 10:49:28", "elapsed": 366.229093, "delta": 2.0067}}
{"target": -2.5912610443014845, "params": {"eta": 0.39379049440838276, "max_depth": 7.935853236206434, "n_estimators": 17.403745936035012}, "datetime": {"datetime": "2021-09-17 10:49:30", "elapsed": 368.109921, "delta": 1.880828}}
{"target": -3.5451678025095084, "params": {"eta": 1.0, "max_depth": 8.332046538722171, "n_estimators": 17.397464302994184}, "datetime": {"datetime": "2021-09-17 10:49:32", "elapsed": 369.792431, "delta": 1.68251}}
{"target": -3.4495559629641086, "params": {"eta": 1.0, "max_depth": 6.811997349152495, "n_estimators": 12.934224108652813}, "datetime": {"datetime": "2021-09-17 10:49:34", "elapsed": 371.801968, "delta": 2.009537}}
{"target": -3.1152153090426795, "params": {"eta": 1.0, "max_depth": 2.864849220410111, "n_estimators": 11.34908608814906}, "datetime": {"datetime": "2021-09-17 10:49:36", "elapsed": 373.56417, "delta": 1.762202}}
{"target": -3.3479316309878704, "params": {"eta": 1.0, "max_depth": 13.542323389972266, "n_estimators": 14.13325066481723}, "datetime": {"datetime": "2021-09-17 10:49:38", "elapsed": 375.713836, "delta": 2.149666}}
{"target": -3.3806269783722724, "params": {"eta": 1.0, "max_depth": 12.86750953711823, "n_estimators": 2.7229790066465767}, "datetime": {"datetime": "2021-09-17 10:49:39", "elapsed": 377.444141, "delta": 1.730305}}
{"target": -3.362260713075337, "params": {"eta": 0.7281210535209472, "max_depth": 14.566296741432662, "n_estimators": 16.7756617148602}, "datetime": {"datetime": "2021-09-17 10:49:41", "elapsed": 379.164615, "delta": 1.720474}}
{"target": -3.347931147876539, "params": {"eta": 1.0, "max_depth": 13.318354076203388, "n_estimators": 16.204859490066717}, "datetime": {"datetime": "2021-09-17 10:49:43", "elapsed": 381.065642, "delta": 1.901027}}
{"target": -3.177936814333263, "params": {"eta": 1.0, "max_depth": 15.0, "n_estimators": 18.0}, "datetime": {"datetime": "2021-09-17 10:49:45", "elapsed": 383.139928, "delta": 2.074286}}
{"target": -3.178737012963546, "params": {"eta": 1.0, "max_depth": 5.348834275029056, "n_estimators": 11.335984884459354}, "datetime": {"datetime": "2021-09-17 10:49:48", "elapsed": 385.866526, "delta": 2.726598}}
{"target": -2.766217300138975, "params": {"eta": 0.5356695650782934, "max_depth": 7.048863303353427, "n_estimators": 17.48151040866627}, "datetime": {"datetime": "2021-09-17 10:49:50", "elapsed": 387.742421, "delta": 1.875895}}
{"target": -3.1815245537381425, "params": {"eta": 0.7312776648413787, "max_depth": 6.118339604999197, "n_estimators": 17.458275883555018}, "datetime": {"datetime": "2021-09-17 10:49:51", "elapsed": 389.388359, "delta": 1.645938}}
{"target": -2.768156575529199, "params": {"eta": 0.5068809604485733, "max_depth": 12.336662258908916, "n_estimators": 12.07212674877303}, "datetime": {"datetime": "2021-09-17 10:49:54", "elapsed": 392.234307, "delta": 2.845948}}
{"target": -3.335299233386391, "params": {"eta": 1.0, "max_depth": 1.0, "n_estimators": 14.04034029469674}, "datetime": {"datetime": "2021-09-17 10:49:57", "elapsed": 394.847714, "delta": 2.613407}}
{"target": -3.0734741618758754, "params": {"eta": 0.7741840867572777, "max_depth": 2.7635533233013128, "n_estimators": 13.766861612799532}, "datetime": {"datetime": "2021-09-17 10:50:00", "elapsed": 397.703873, "delta": 2.856159}}
{"target": -3.5007310879857925, "params": {"eta": 0.9779808030550626, "max_depth": 10.810713054335404, "n_estimators": 17.138197696326305}, "datetime": {"datetime": "2021-09-17 10:50:01", "elapsed": 399.340391, "delta": 1.636518}}
{"target": -3.1920448761237297, "params": {"eta": 1.0, "max_depth": 5.120129992943577, "n_estimators": 15.405050284558376}, "datetime": {"datetime": "2021-09-17 10:50:03", "elapsed": 401.341065, "delta": 2.000674}}
{"target": -3.6760931843205498, "params": {"eta": 1.0, "max_depth": 8.531951117364606, "n_estimators": 2.349670343848264}, "datetime": {"datetime": "2021-09-17 10:50:05", "elapsed": 403.361576, "delta": 2.020511}}
{"target": -3.2247175229223153, "params": {"eta": 1.0, "max_depth": 14.26994402618604, "n_estimators": 5.689341161162067}, "datetime": {"datetime": "2021-09-17 10:50:07", "elapsed": 405.462449, "delta": 2.100873}}
{"target": -3.184706929482912, "params": {"eta": 1.0, "max_depth": 11.466441045837085, "n_estimators": 6.181511419711694}, "datetime": {"datetime": "2021-09-17 10:50:09", "elapsed": 407.217574, "delta": 1.755125}}
{"target": -2.822822525626735, "params": {"eta": 0.16895083716287118, "max_depth": 14.915876687461967, "n_estimators": 17.265184867260587}, "datetime": {"datetime": "2021-09-17 10:50:11", "elapsed": 409.41963, "delta": 2.202056}}
{"target": -3.173841362250479, "params": {"eta": 1.0, "max_depth": 11.336898274176637, "n_estimators": 15.670451608570389}, "datetime": {"datetime": "2021-09-17 10:50:13", "elapsed": 411.186654, "delta": 1.767024}}
{"target": -3.3075205627240636, "params": {"eta": 1.0, "max_depth": 15.0, "n_estimators": 2.417028499736122}, "datetime": {"datetime": "2021-09-17 10:50:15", "elapsed": 413.245826, "delta": 2.059172}}
{"target": -3.177802326804713, "params": {"eta": 1.0, "max_depth": 11.478969202415513, "n_estimators": 8.658047554889484}, "datetime": {"datetime": "2021-09-17 10:50:17", "elapsed": 415.233305, "delta": 1.987479}}
{"target": -3.6711397974114672, "params": {"eta": 0.9965086817356432, "max_depth": 3.055421822689989, "n_estimators": 3.726553926960108}, "datetime": {"datetime": "2021-09-17 10:50:19", "elapsed": 417.024585, "delta": 1.79128}}
{"target": -3.1625860703618907, "params": {"eta": 0.9380343471344825, "max_depth": 2.4674435002173647, "n_estimators": 14.88682293603488}, "datetime": {"datetime": "2021-09-17 10:50:22", "elapsed": 419.496211, "delta": 2.471626}}
{"target": -3.1436622130243403, "params": {"eta": 1.0, "max_depth": 5.724052152634673, "n_estimators": 9.30053188592842}, "datetime": {"datetime": "2021-09-17 10:50:23", "elapsed": 421.240577, "delta": 1.744366}}
{"target": -7.168590540634957, "params": {"eta": 0.1, "max_depth": 6.758138445953399, "n_estimators": 12.969868431499146}, "datetime": {"datetime": "2021-09-17 10:50:26", "elapsed": 423.717359, "delta": 2.476782}}
{"target": -2.9593913253984954, "params": {"eta": 0.6203376563533408, "max_depth": 7.437885084446284, "n_estimators": 13.38614953033641}, "datetime": {"datetime": "2021-09-17 10:50:29", "elapsed": 426.503933, "delta": 2.786574}}
{"target": -3.428156099821392, "params": {"eta": 1.0, "max_depth": 10.26286118857063, "n_estimators": 7.0967412611270095}, "datetime": {"datetime": "2021-09-17 10:50:30", "elapsed": 428.294872, "delta": 1.790939}}
{"target": -3.207122376090602, "params": {"eta": 1.0, "max_depth": 5.852758547492702, "n_estimators": 14.07153094432325}, "datetime": {"datetime": "2021-09-17 10:50:32", "elapsed": 430.096808, "delta": 1.801936}}
{"target": -4.102634717916186, "params": {"eta": 0.11747221265196729, "max_depth": 13.713061832157281, "n_estimators": 16.869124093815465}, "datetime": {"datetime": "2021-09-17 10:50:35", "elapsed": 432.717219, "delta": 2.620411}}
{"target": -3.2245748864976984, "params": {"eta": 0.9210683081507458, "max_depth": 13.249996932468331, "n_estimators": 17.052829336730813}, "datetime": {"datetime": "2021-09-17 10:50:37", "elapsed": 435.042119, "delta": 2.3249}}
{"target": -3.534991323320489, "params": {"eta": 1.0, "max_depth": 8.033262577891522, "n_estimators": 6.542836925858878}, "datetime": {"datetime": "2021-09-17 10:50:40", "elapsed": 437.692873, "delta": 2.650754}}
{"target": -3.3479316309878704, "params": {"eta": 1.0, "max_depth": 13.496555801121882, "n_estimators": 14.969696065254192}, "datetime": {"datetime": "2021-09-17 10:50:42", "elapsed": 439.838394, "delta": 2.145521}}
{"target": -3.7935995842281143, "params": {"eta": 1.0, "max_depth": 4.888740805673896, "n_estimators": 2.56316212471829}, "datetime": {"datetime": "2021-09-17 10:50:44", "elapsed": 441.719229, "delta": 1.880835}}
{"target": -3.65703318370016, "params": {"eta": 1.0, "max_depth": 1.9374544389439063, "n_estimators": 10.741806706677302}, "datetime": {"datetime": "2021-09-17 10:50:46", "elapsed": 444.306448, "delta": 2.587219}}
{"target": -3.532730783914264, "params": {"eta": 1.0, "max_depth": 8.001949689897886, "n_estimators": 7.518985457049988}, "datetime": {"datetime": "2021-09-17 10:50:49", "elapsed": 446.528427, "delta": 2.221979}}
{"target": -3.2514036702482323, "params": {"eta": 0.9971071501691717, "max_depth": 5.523985350277586, "n_estimators": 11.955577756969873}, "datetime": {"datetime": "2021-09-17 10:50:51", "elapsed": 448.671093, "delta": 2.142666}}
{"target": -3.007843164393776, "params": {"eta": 0.2971377533124873, "max_depth": 2.275056198853709, "n_estimators": 15.555661300390339}, "datetime": {"datetime": "2021-09-17 10:50:53", "elapsed": 450.704836, "delta": 2.033743}}
{"target": -3.5424233787938166, "params": {"eta": 1.0, "max_depth": 8.851240669569918, "n_estimators": 11.493875744282656}, "datetime": {"datetime": "2021-09-17 10:50:55", "elapsed": 452.756695, "delta": 2.051859}}
{"target": -3.0821826803056815, "params": {"eta": 0.14618893534051247, "max_depth": 12.844984601017035, "n_estimators": 17.17200437006682}, "datetime": {"datetime": "2021-09-17 10:50:57", "elapsed": 454.983601, "delta": 2.226906}}
{"target": -3.429849261359165, "params": {"eta": 1.0, "max_depth": 9.323959572731676, "n_estimators": 13.625840215097046}, "datetime": {"datetime": "2021-09-17 10:51:00", "elapsed": 458.301217, "delta": 3.317616}}
{"target": -3.1747438612737153, "params": {"eta": 1.0, "max_depth": 11.932649799064611, "n_estimators": 10.841731074255302}, "datetime": {"datetime": "2021-09-17 10:51:03", "elapsed": 461.267541, "delta": 2.966324}}
{"target": -2.883659370635685, "params": {"eta": 0.5817229031777197, "max_depth": 7.154999516270603, "n_estimators": 14.860550576905585}, "datetime": {"datetime": "2021-09-17 10:51:05", "elapsed": 463.053255, "delta": 1.785714}}
{"target": -2.7739526980801634, "params": {"eta": 0.5082435061034299, "max_depth": 11.702799712663705, "n_estimators": 13.914672803176636}, "datetime": {"datetime": "2021-09-17 10:51:07", "elapsed": 465.348002, "delta": 2.294747}}
{"target": -3.4191791678729815, "params": {"eta": 0.9932575400868799, "max_depth": 13.718748831177757, "n_estimators": 8.672742586865926}, "datetime": {"datetime": "2021-09-17 10:51:10", "elapsed": 468.009384, "delta": 2.661382}}
{"target": -2.7763049420557526, "params": {"eta": 0.5243291081276592, "max_depth": 15.0, "n_estimators": 12.745231335527883}, "datetime": {"datetime": "2021-09-17 10:51:12", "elapsed": 470.223559, "delta": 2.214175}}
{"target": -3.1738709198801143, "params": {"eta": 1.0, "max_depth": 11.324342382304762, "n_estimators": 18.0}, "datetime": {"datetime": "2021-09-17 10:51:14", "elapsed": 472.152727, "delta": 1.929168}}
{"target": -5.943074001763996, "params": {"eta": 0.11719781174055413, "max_depth": 12.191422806615636, "n_estimators": 12.138668015636023}, "datetime": {"datetime": "2021-09-17 10:51:16", "elapsed": 474.033513, "delta": 1.880786}}
{"target": -3.009628740109895, "params": {"eta": 0.5877183259294549, "max_depth": 11.659630039503778, "n_estimators": 11.590097028525893}, "datetime": {"datetime": "2021-09-17 10:51:18", "elapsed": 476.198481, "delta": 2.164968}}
{"target": -2.897159583317606, "params": {"eta": 0.6983740772442745, "max_depth": 11.893667148633188, "n_estimators": 12.276753905850416}, "datetime": {"datetime": "2021-09-17 10:51:21", "elapsed": 478.82269, "delta": 2.624209}}
{"target": -3.034819653787111, "params": {"eta": 0.6215035914433732, "max_depth": 12.135252896197706, "n_estimators": 11.615611633058071}, "datetime": {"datetime": "2021-09-17 10:51:23", "elapsed": 480.840431, "delta": 2.017741}}
{"target": -12.889782796094293, "params": {"eta": 0.11420459452241633, "max_depth": 8.511489364149632, "n_estimators": 5.114475076185549}, "datetime": {"datetime": "2021-09-17 10:51:25", "elapsed": 483.404832, "delta": 2.564401}}
{"target": -20.8150331663458, "params": {"eta": 0.1, "max_depth": 15.0, "n_estimators": 1.0}, "datetime": {"datetime": "2021-09-17 10:51:28", "elapsed": 486.060892, "delta": 2.65606}}
{"target": -2.813343316630313, "params": {"eta": 0.5662662688208607, "max_depth": 12.38169213916705, "n_estimators": 12.765608256756053}, "datetime": {"datetime": "2021-09-17 10:51:30", "elapsed": 488.345678, "delta": 2.284786}}
{"target": -8.986300764585796, "params": {"eta": 0.1348276492116673, "max_depth": 2.5374850136854574, "n_estimators": 7.904153869163461}, "datetime": {"datetime": "2021-09-17 10:51:33", "elapsed": 491.010903, "delta": 2.665225}}
{"target": -13.478828231284494, "params": {"eta": 0.1702296112791232, "max_depth": 12.791098303487162, "n_estimators": 3.2492370855775348}, "datetime": {"datetime": "2021-09-17 10:51:36", "elapsed": 493.58668, "delta": 2.575777}}
{"target": -3.006488679584704, "params": {"eta": 0.418932141550301, "max_depth": 2.620858752760145, "n_estimators": 12.330691375512341}, "datetime": {"datetime": "2021-09-17 10:51:38", "elapsed": 496.470188, "delta": 2.883508}}
{"target": -3.527646152596725, "params": {"eta": 0.9404073879060149, "max_depth": 1.8689227265837884, "n_estimators": 12.45235206534907}, "datetime": {"datetime": "2021-09-17 10:51:41", "elapsed": 498.856585, "delta": 2.386397}}
{"target": -3.6783089656578865, "params": {"eta": 1.0, "max_depth": 6.245341473796541, "n_estimators": 2.476021305496415}, "datetime": {"datetime": "2021-09-17 10:51:43", "elapsed": 500.642799, "delta": 1.786214}}
{"target": -3.3263785387340343, "params": {"eta": 1.0, "max_depth": 13.418553483823368, "n_estimators": 5.586641474274311}, "datetime": {"datetime": "2021-09-17 10:51:46", "elapsed": 503.519611, "delta": 2.876812}}
{"target": -3.1621553596697356, "params": {"eta": 1.0, "max_depth": 5.475358379624999, "n_estimators": 5.117791192891412}, "datetime": {"datetime": "2021-09-17 10:51:48", "elapsed": 505.826267, "delta": 2.306656}}
{"target": -3.4238896752658636, "params": {"eta": 1.0, "max_depth": 9.815898736219525, "n_estimators": 4.711390392937847}, "datetime": {"datetime": "2021-09-17 10:51:51", "elapsed": 508.856436, "delta": 3.030169}}
{"target": -4.447077281851517, "params": {"eta": 1.0, "max_depth": 1.0, "n_estimators": 3.0150234122444015}, "datetime": {"datetime": "2021-09-17 10:51:53", "elapsed": 510.638536, "delta": 1.7821}}
{"target": -2.408514145800942, "params": {"eta": 0.41212755290838005, "max_depth": 4.042018764118063, "n_estimators": 12.193993337114794}, "datetime": {"datetime": "2021-09-17 10:51:55", "elapsed": 513.198205, "delta": 2.559669}}
{"target": -4.363825263475117, "params": {"eta": 0.15640363567957, "max_depth": 4.5739017509593705, "n_estimators": 11.826772483560294}, "datetime": {"datetime": "2021-09-17 10:51:58", "elapsed": 516.454825, "delta": 3.25662}}
{"target": -3.0498640738035503, "params": {"eta": 0.24009188614544963, "max_depth": 3.3783128049190747, "n_estimators": 12.41536728366813}, "datetime": {"datetime": "2021-09-17 10:52:01", "elapsed": 518.706358, "delta": 2.251533}}
{"target": -12.522630342056877, "params": {"eta": 0.10089135279384569, "max_depth": 5.675665321329425, "n_estimators": 6.850712156056849}, "datetime": {"datetime": "2021-09-17 10:52:03", "elapsed": 520.534512, "delta": 1.828154}}
{"target": -4.402169626010091, "params": {"eta": 0.2131657370056232, "max_depth": 6.125363821345314, "n_estimators": 8.45182966466761}, "datetime": {"datetime": "2021-09-17 10:52:06", "elapsed": 523.650592, "delta": 3.11608}}
{"target": -3.0473252792107433, "params": {"eta": 0.9361848329599247, "max_depth": 3.98757787254997, "n_estimators": 12.264850557412739}, "datetime": {"datetime": "2021-09-17 10:52:09", "elapsed": 526.78555, "delta": 3.134958}}
{"target": -2.6894111758784245, "params": {"eta": 0.40239498160047205, "max_depth": 4.528444340354607, "n_estimators": 12.679302311333233}, "datetime": {"datetime": "2021-09-17 10:52:11", "elapsed": 529.294222, "delta": 2.508672}}
{"target": -2.7234818320525314, "params": {"eta": 0.4946887274157753, "max_depth": 4.296853829537464, "n_estimators": 17.305880512704846}, "datetime": {"datetime": "2021-09-17 10:52:13", "elapsed": 531.316098, "delta": 2.021876}}
{"target": -3.1662416056582803, "params": {"eta": 1.0, "max_depth": 11.664012706406027, "n_estimators": 5.418598737786789}, "datetime": {"datetime": "2021-09-17 10:52:16", "elapsed": 534.23913, "delta": 2.923032}}
{"target": -3.1954447219246314, "params": {"eta": 0.9991047681246619, "max_depth": 5.201842281498387, "n_estimators": 10.562261043619475}, "datetime": {"datetime": "2021-09-17 10:52:18", "elapsed": 536.349711, "delta": 2.110581}}
{"target": -2.792065845037761, "params": {"eta": 0.5669100980683647, "max_depth": 9.920357666802401, "n_estimators": 17.349423210951272}, "datetime": {"datetime": "2021-09-17 10:52:21", "elapsed": 538.523079, "delta": 2.173368}}
{"target": -3.5279494015794057, "params": {"eta": 0.9731533402642579, "max_depth": 10.003145872739172, "n_estimators": 17.441676628182346}, "datetime": {"datetime": "2021-09-17 10:52:23", "elapsed": 541.186432, "delta": 2.663353}}
{"target": -4.072929616978293, "params": {"eta": 0.1117138811347025, "max_depth": 10.859645641163933, "n_estimators": 17.30862495195601}, "datetime": {"datetime": "2021-09-17 10:52:26", "elapsed": 544.183689, "delta": 2.997257}}
{"target": -4.727176449173376, "params": {"eta": 0.1, "max_depth": 9.7717279419733, "n_estimators": 17.04275568237701}, "datetime": {"datetime": "2021-09-17 10:52:28", "elapsed": 546.294281, "delta": 2.110592}}
{"target": -3.8017569717608, "params": {"eta": 1.0, "max_depth": 1.0, "n_estimators": 9.242303393713135}, "datetime": {"datetime": "2021-09-17 10:52:31", "elapsed": 548.780778, "delta": 2.486497}}
{"target": -2.763962928244942, "params": {"eta": 0.5068423791893568, "max_depth": 6.2004301140230735, "n_estimators": 16.370404879361267}, "datetime": {"datetime": "2021-09-17 10:52:34", "elapsed": 551.541661, "delta": 2.760883}}
