{"target": -2.4472717655332468, "params": {"eta": 0.24069107455042638, "max_depth": 8.40740288762599, "n_estimators": 19.981060510214945}, "datetime": {"datetime": "2021-09-17 12:55:34", "elapsed": 167.077219, "delta": 1.37154}}
{"target": -2.4154951741820887, "params": {"eta": 0.2694294456144414, "max_depth": 9.074461076799675, "n_estimators": 16.216417240145148}, "datetime": {"datetime": "2021-09-17 12:55:35", "elapsed": 167.886388, "delta": 0.809169}}
{"target": -2.4848705931713706, "params": {"eta": 0.36362749457686916, "max_depth": 11.353641438843283, "n_estimators": 19.12103395554507}, "datetime": {"datetime": "2021-09-17 12:55:36", "elapsed": 168.801995, "delta": 0.915607}}
{"target": -2.4974621440234936, "params": {"eta": 0.25827727564950936, "max_depth": 16.22263250651946, "n_estimators": 18.422543163926235}, "datetime": {"datetime": "2021-09-17 12:55:37", "elapsed": 170.338147, "delta": 1.536152}}
{"target": -2.357045084551761, "params": {"eta": 0.24145149939215024, "max_depth": 15.991181936223192, "n_estimators": 18.985132128716273}, "datetime": {"datetime": "2021-09-17 12:55:39", "elapsed": 171.837855, "delta": 1.499708}}
{"target": -2.369151132985165, "params": {"eta": 0.26682438781810597, "max_depth": 16.41826069615481, "n_estimators": 18.554312033698054}, "datetime": {"datetime": "2021-09-17 12:55:40", "elapsed": 173.449272, "delta": 1.611417}}
{"target": -2.5094370145546763, "params": {"eta": 0.4706082241914165, "max_depth": 12.664985088703613, "n_estimators": 11.619841006606418}, "datetime": {"datetime": "2021-09-17 12:55:41", "elapsed": 174.459512, "delta": 1.01024}}
{"target": -2.412430538629231, "params": {"eta": 0.23999605590669137, "max_depth": 16.999286102322834, "n_estimators": 17.650671142450797}, "datetime": {"datetime": "2021-09-17 12:55:42", "elapsed": 175.371133, "delta": 0.911621}}
{"target": -3.277971534979971, "params": {"eta": 0.2189195923587903, "max_depth": 18.176589242945948, "n_estimators": 10.08432838364996}, "datetime": {"datetime": "2021-09-17 12:55:43", "elapsed": 176.387922, "delta": 1.016789}}
{"target": -3.0225907237906204, "params": {"eta": 0.26116981990705346, "max_depth": 18.46403701981478, "n_estimators": 9.768346030937025}, "datetime": {"datetime": "2021-09-17 12:55:44", "elapsed": 177.211534, "delta": 0.823612}}
{"target": -2.4421253549425224, "params": {"eta": 0.2869666447752125, "max_depth": 16.336665543108374, "n_estimators": 18.60162421336713}, "datetime": {"datetime": "2021-09-17 12:55:45", "elapsed": 178.59057, "delta": 1.379036}}
{"target": -2.480580484239679, "params": {"eta": 0.23227544958747592, "max_depth": 16.147764503977296, "n_estimators": 18.982208116693528}, "datetime": {"datetime": "2021-09-17 12:55:47", "elapsed": 180.03101, "delta": 1.44044}}
{"target": -2.467685932862131, "params": {"eta": 0.36351301303220984, "max_depth": 5.384347364533497, "n_estimators": 13.446631830088034}, "datetime": {"datetime": "2021-09-17 12:55:48", "elapsed": 180.823946, "delta": 0.792936}}
{"target": -2.6323368794039674, "params": {"eta": 0.4941532720597946, "max_depth": 11.584739615719384, "n_estimators": 9.469206445795779}, "datetime": {"datetime": "2021-09-17 12:55:48", "elapsed": 181.68968, "delta": 0.865734}}
{"target": -2.5145631256856418, "params": {"eta": 0.21679630012431714, "max_depth": 16.033996127265638, "n_estimators": 19.043216744475743}, "datetime": {"datetime": "2021-09-17 12:55:50", "elapsed": 183.213579, "delta": 1.523899}}
{"target": -2.4552481588564423, "params": {"eta": 0.3145581346811711, "max_depth": 14.620098179524904, "n_estimators": 19.841433170206006}, "datetime": {"datetime": "2021-09-17 12:55:51", "elapsed": 184.604781, "delta": 1.391202}}
{"target": -2.3621390035277923, "params": {"eta": 0.21204688643394998, "max_depth": 8.515056645429967, "n_estimators": 19.947978102452687}, "datetime": {"datetime": "2021-09-17 12:55:53", "elapsed": 186.274641, "delta": 1.66986}}
{"target": -2.4615156192528573, "params": {"eta": 0.22826519731639727, "max_depth": 16.246237479323923, "n_estimators": 18.52068098235365}, "datetime": {"datetime": "2021-09-17 12:55:54", "elapsed": 187.702219, "delta": 1.427578}}
{"target": -2.431869519384284, "params": {"eta": 0.24108311534418841, "max_depth": 8.58597702259834, "n_estimators": 19.969222828220442}, "datetime": {"datetime": "2021-09-17 12:55:56", "elapsed": 189.070776, "delta": 1.368557}}
{"target": -2.385677224711368, "params": {"eta": 0.21384081414401557, "max_depth": 15.989025267535458, "n_estimators": 18.86651508090231}, "datetime": {"datetime": "2021-09-17 12:55:57", "elapsed": 190.30348, "delta": 1.232704}}
{"target": -2.537389634157482, "params": {"eta": 0.4269577677509391, "max_depth": 8.163941260573297, "n_estimators": 18.074310324011385}, "datetime": {"datetime": "2021-09-17 12:55:58", "elapsed": 191.357755, "delta": 1.054275}}
{"target": -2.354515286495811, "params": {"eta": 0.2144376234733978, "max_depth": 14.566874204166249, "n_estimators": 19.947775785514928}, "datetime": {"datetime": "2021-09-17 12:56:00", "elapsed": 192.814111, "delta": 1.456356}}
{"target": -2.4156415010753434, "params": {"eta": 0.27944398636836965, "max_depth": 14.650969546704639, "n_estimators": 19.959102078138912}, "datetime": {"datetime": "2021-09-17 12:56:01", "elapsed": 194.278079, "delta": 1.463968}}
{"target": -2.2898353909191336, "params": {"eta": 0.20702166069656908, "max_depth": 16.163592447837274, "n_estimators": 18.38562582340036}, "datetime": {"datetime": "2021-09-17 12:56:02", "elapsed": 195.531278, "delta": 1.253199}}
{"target": -2.338124285873614, "params": {"eta": 0.20224056341771185, "max_depth": 16.148947226993972, "n_estimators": 18.32331994001811}, "datetime": {"datetime": "2021-09-17 12:56:04", "elapsed": 196.822476, "delta": 1.291198}}
{"target": -2.7184619326340527, "params": {"eta": 0.49681370518235995, "max_depth": 18.945817915939344, "n_estimators": 8.662547390718464}, "datetime": {"datetime": "2021-09-17 12:56:04", "elapsed": 197.741196, "delta": 0.91872}}
{"target": -2.3746825814247132, "params": {"eta": 0.27407851548445805, "max_depth": 17.19865308463878, "n_estimators": 19.594297780477575}, "datetime": {"datetime": "2021-09-17 12:56:06", "elapsed": 198.945861, "delta": 1.204665}}
{"target": -2.38583103230125, "params": {"eta": 0.2436737191417637, "max_depth": 16.441970043448563, "n_estimators": 18.495024743360197}, "datetime": {"datetime": "2021-09-17 12:56:07", "elapsed": 200.519888, "delta": 1.574027}}
{"target": -2.9464850319059273, "params": {"eta": 0.3197518559780948, "max_depth": 6.9129012088602, "n_estimators": 8.381247613304753}, "datetime": {"datetime": "2021-09-17 12:56:08", "elapsed": 201.447407, "delta": 0.927519}}
{"target": -2.38954597272371, "params": {"eta": 0.3025195772898791, "max_depth": 16.11073950959437, "n_estimators": 18.290333336926473}, "datetime": {"datetime": "2021-09-17 12:56:09", "elapsed": 202.773504, "delta": 1.326097}}
{"target": -2.3407054562317695, "params": {"eta": 0.20182086678620878, "max_depth": 16.088540752728623, "n_estimators": 18.38575603214233}, "datetime": {"datetime": "2021-09-17 12:56:11", "elapsed": 203.916563, "delta": 1.143059}}
{"target": -2.448154187829871, "params": {"eta": 0.23553296988873193, "max_depth": 16.06040710396519, "n_estimators": 18.91995952334868}, "datetime": {"datetime": "2021-09-17 12:56:12", "elapsed": 205.110827, "delta": 1.194264}}
{"target": -2.529641313929307, "params": {"eta": 0.47127333488711903, "max_depth": 4.861636650803906, "n_estimators": 15.666782535344254}, "datetime": {"datetime": "2021-09-17 12:56:13", "elapsed": 206.337805, "delta": 1.226978}}
{"target": -2.414516395644138, "params": {"eta": 0.4396778199380478, "max_depth": 14.849120707378923, "n_estimators": 19.298280578098876}, "datetime": {"datetime": "2021-09-17 12:56:14", "elapsed": 207.755914, "delta": 1.418109}}
{"target": -2.701674073620847, "params": {"eta": 0.3239694456099936, "max_depth": 9.059464168870814, "n_estimators": 9.795629239983587}, "datetime": {"datetime": "2021-09-17 12:56:15", "elapsed": 208.675773, "delta": 0.919859}}
{"target": -2.393715427423778, "params": {"eta": 0.22746188645952764, "max_depth": 17.250743316871052, "n_estimators": 19.581052253486874}, "datetime": {"datetime": "2021-09-17 12:56:17", "elapsed": 209.827253, "delta": 1.15148}}
{"target": -2.4614565077580903, "params": {"eta": 0.4324928708213054, "max_depth": 18.96194236635083, "n_estimators": 16.449154643578552}, "datetime": {"datetime": "2021-09-17 12:56:18", "elapsed": 211.106535, "delta": 1.279282}}
{"target": -2.5136855533248497, "params": {"eta": 0.38987047703644073, "max_depth": 17.368191188436896, "n_estimators": 11.454240757786431}, "datetime": {"datetime": "2021-09-17 12:56:19", "elapsed": 212.110647, "delta": 1.004112}}
{"target": -2.505304810247923, "params": {"eta": 0.3707811355517544, "max_depth": 11.31620288665056, "n_estimators": 16.616734371921883}, "datetime": {"datetime": "2021-09-17 12:56:20", "elapsed": 213.10225, "delta": 0.991603}}
{"target": -2.331361609383633, "params": {"eta": 0.26412178536501874, "max_depth": 16.103479232788686, "n_estimators": 18.337015520820405}, "datetime": {"datetime": "2021-09-17 12:56:21", "elapsed": 214.763984, "delta": 1.661734}}
{"target": -2.55548911220149, "params": {"eta": 0.2595482015732653, "max_depth": 14.408918562821421, "n_estimators": 17.313673541012754}, "datetime": {"datetime": "2021-09-17 12:56:23", "elapsed": 215.977159, "delta": 1.213175}}
{"target": -2.666645460379751, "params": {"eta": 0.40820866001209766, "max_depth": 14.884034167122513, "n_estimators": 19.217394243372524}, "datetime": {"datetime": "2021-09-17 12:56:24", "elapsed": 217.201386, "delta": 1.224227}}
{"target": -2.6796082358611257, "params": {"eta": 0.4926555787166435, "max_depth": 8.446129306546878, "n_estimators": 9.139520011134499}, "datetime": {"datetime": "2021-09-17 12:56:25", "elapsed": 218.243351, "delta": 1.041965}}
{"target": -2.693851812262284, "params": {"eta": 0.3595610512681359, "max_depth": 9.366088935703665, "n_estimators": 8.058612048797983}, "datetime": {"datetime": "2021-09-17 12:56:26", "elapsed": 219.18148, "delta": 0.938129}}
{"target": -2.5499453745390244, "params": {"eta": 0.3149316984906726, "max_depth": 15.936113648225188, "n_estimators": 16.45346202865168}, "datetime": {"datetime": "2021-09-17 12:56:27", "elapsed": 220.214207, "delta": 1.032727}}
{"target": -2.2877092982593332, "params": {"eta": 0.20653580712283298, "max_depth": 14.134888005459985, "n_estimators": 19.449919189222918}, "datetime": {"datetime": "2021-09-17 12:56:29", "elapsed": 221.998534, "delta": 1.784327}}
{"target": -2.462344765663147, "params": {"eta": 0.25551322594457315, "max_depth": 17.20586563045159, "n_estimators": 19.67474754598744}, "datetime": {"datetime": "2021-09-17 12:56:30", "elapsed": 223.436188, "delta": 1.437654}}
{"target": -2.483126263869436, "params": {"eta": 0.3836110327846879, "max_depth": 14.727222868391802, "n_estimators": 19.335351010309864}, "datetime": {"datetime": "2021-09-17 12:56:32", "elapsed": 225.057249, "delta": 1.621061}}
{"target": -2.417100017949154, "params": {"eta": 0.2209741053273985, "max_depth": 16.24652863136798, "n_estimators": 18.36039636702474}, "datetime": {"datetime": "2021-09-17 12:56:33", "elapsed": 226.408535, "delta": 1.351286}}
{"target": -2.4872478309430575, "params": {"eta": 0.26176446176613516, "max_depth": 14.061643850915242, "n_estimators": 19.453444146532497}, "datetime": {"datetime": "2021-09-17 12:56:34", "elapsed": 227.610474, "delta": 1.201939}}
{"target": -2.388284584095604, "params": {"eta": 0.31328936008973346, "max_depth": 17.317678637427626, "n_estimators": 19.646660596080658}, "datetime": {"datetime": "2021-09-17 12:56:36", "elapsed": 229.113251, "delta": 1.502777}}
{"target": -2.295651558198427, "params": {"eta": 0.20549696543918472, "max_depth": 15.555244992799963, "n_estimators": 18.425963626134504}, "datetime": {"datetime": "2021-09-17 12:56:37", "elapsed": 230.39658, "delta": 1.283329}}
{"target": -2.384957239502355, "params": {"eta": 0.28756869470103236, "max_depth": 13.901776044843391, "n_estimators": 19.304790974094114}, "datetime": {"datetime": "2021-09-17 12:56:38", "elapsed": 231.549991, "delta": 1.153411}}
{"target": -2.4526709901659114, "params": {"eta": 0.4018490638166794, "max_depth": 8.028298071781578, "n_estimators": 11.025807990562091}, "datetime": {"datetime": "2021-09-17 12:56:39", "elapsed": 232.556687, "delta": 1.006696}}
{"target": -2.322551487621508, "params": {"eta": 0.21031418632681986, "max_depth": 16.38510580277347, "n_estimators": 18.529437289540482}, "datetime": {"datetime": "2021-09-17 12:56:41", "elapsed": 234.285582, "delta": 1.728895}}
{"target": -2.5279654521691173, "params": {"eta": 0.2569861408532983, "max_depth": 10.099057273638447, "n_estimators": 13.347056103599112}, "datetime": {"datetime": "2021-09-17 12:56:42", "elapsed": 235.40234, "delta": 1.116758}}
{"target": -2.5514908018865086, "params": {"eta": 0.307417512580794, "max_depth": 17.1800767894658, "n_estimators": 17.6493706360406}, "datetime": {"datetime": "2021-09-17 12:56:43", "elapsed": 236.546323, "delta": 1.143983}}
{"target": -2.6685486862533967, "params": {"eta": 0.41377112902783875, "max_depth": 6.058420540800348, "n_estimators": 10.435532142653036}, "datetime": {"datetime": "2021-09-17 12:56:44", "elapsed": 237.650381, "delta": 1.104058}}
{"target": -2.509521104160108, "params": {"eta": 0.35747954712644353, "max_depth": 17.03514864040723, "n_estimators": 9.044579408225164}, "datetime": {"datetime": "2021-09-17 12:56:46", "elapsed": 239.063717, "delta": 1.413336}}
{"target": -2.503684004984404, "params": {"eta": 0.3681171610586989, "max_depth": 13.967181618749423, "n_estimators": 19.30643372931895}, "datetime": {"datetime": "2021-09-17 12:56:47", "elapsed": 240.382817, "delta": 1.3191}}
{"target": -2.440548349054236, "params": {"eta": 0.29219479824695105, "max_depth": 15.5618300333829, "n_estimators": 18.436099776922767}, "datetime": {"datetime": "2021-09-17 12:56:49", "elapsed": 241.818563, "delta": 1.435746}}
{"target": -2.4013983061439115, "params": {"eta": 0.27819925243422494, "max_depth": 14.275164299128349, "n_estimators": 19.553940509525912}, "datetime": {"datetime": "2021-09-17 12:56:50", "elapsed": 243.236617, "delta": 1.418054}}
{"target": -2.612417681593644, "params": {"eta": 0.4997738039374369, "max_depth": 7.904901272264102, "n_estimators": 16.2826131245829}, "datetime": {"datetime": "2021-09-17 12:56:52", "elapsed": 244.839163, "delta": 1.602546}}
{"target": -2.422693685481423, "params": {"eta": 0.33470615334911763, "max_depth": 9.280427205459908, "n_estimators": 14.70091484972703}, "datetime": {"datetime": "2021-09-17 12:56:53", "elapsed": 246.082545, "delta": 1.243382}}
{"target": -2.6320245178122272, "params": {"eta": 0.4223980590952717, "max_depth": 18.54662476625117, "n_estimators": 19.92151867815712}, "datetime": {"datetime": "2021-09-17 12:56:54", "elapsed": 247.246625, "delta": 1.16408}}
{"target": -2.702134652514207, "params": {"eta": 0.4775774472667939, "max_depth": 16.43258113836304, "n_estimators": 15.258175087418204}, "datetime": {"datetime": "2021-09-17 12:56:55", "elapsed": 248.47842, "delta": 1.231795}}
{"target": -2.7104322703261126, "params": {"eta": 0.26008635537027536, "max_depth": 15.506533332031989, "n_estimators": 11.460806067992436}, "datetime": {"datetime": "2021-09-17 12:56:56", "elapsed": 249.595995, "delta": 1.117575}}
{"target": -2.421022329832378, "params": {"eta": 0.32881677549995864, "max_depth": 16.478907731254605, "n_estimators": 18.851264635868958}, "datetime": {"datetime": "2021-09-17 12:56:58", "elapsed": 250.796087, "delta": 1.200092}}
{"target": -2.471387607172916, "params": {"eta": 0.24667244170901892, "max_depth": 13.865744040437356, "n_estimators": 19.38149657659846}, "datetime": {"datetime": "2021-09-17 12:57:00", "elapsed": 252.837644, "delta": 2.041557}}
{"target": -2.328652176731511, "params": {"eta": 0.20910538659469333, "max_depth": 16.220562539419277, "n_estimators": 19.04004094893351}, "datetime": {"datetime": "2021-09-17 12:57:01", "elapsed": 254.466902, "delta": 1.629258}}
{"target": -2.48294194309335, "params": {"eta": 0.2934689342440405, "max_depth": 14.344261529381514, "n_estimators": 19.473171785775122}, "datetime": {"datetime": "2021-09-17 12:57:03", "elapsed": 255.819355, "delta": 1.352453}}
{"target": -2.676578858024196, "params": {"eta": 0.21749131551876508, "max_depth": 11.369536347178741, "n_estimators": 13.090456992618016}, "datetime": {"datetime": "2021-09-17 12:57:04", "elapsed": 257.014027, "delta": 1.194672}}
{"target": -2.478994855755254, "params": {"eta": 0.3966631571343485, "max_depth": 14.832658517572737, "n_estimators": 19.401318844848987}, "datetime": {"datetime": "2021-09-17 12:57:05", "elapsed": 258.279279, "delta": 1.265252}}
{"target": -2.4067437171936032, "params": {"eta": 0.3382670722550674, "max_depth": 8.481254098171872, "n_estimators": 19.8791724744399}, "datetime": {"datetime": "2021-09-17 12:57:06", "elapsed": 259.655841, "delta": 1.376562}}
{"target": -2.7370252690817183, "params": {"eta": 0.4912057263482396, "max_depth": 17.452518231704264, "n_estimators": 11.642377970483736}, "datetime": {"datetime": "2021-09-17 12:57:08", "elapsed": 260.882427, "delta": 1.226586}}
{"target": -2.5508698645390964, "params": {"eta": 0.2438325472162507, "max_depth": 4.323209992195661, "n_estimators": 16.546677174332213}, "datetime": {"datetime": "2021-09-17 12:57:09", "elapsed": 262.27372, "delta": 1.391293}}
{"target": -2.5943052204031694, "params": {"eta": 0.44882493923184746, "max_depth": 9.367062738998357, "n_estimators": 19.81865634321145}, "datetime": {"datetime": "2021-09-17 12:57:11", "elapsed": 263.907662, "delta": 1.633942}}
{"target": -2.501414100119942, "params": {"eta": 0.2582841245588608, "max_depth": 16.17559534789136, "n_estimators": 19.041005522673085}, "datetime": {"datetime": "2021-09-17 12:57:12", "elapsed": 265.567117, "delta": 1.659455}}
{"target": -2.5228295633667392, "params": {"eta": 0.4613826576333838, "max_depth": 11.795613743633453, "n_estimators": 10.856712176922002}, "datetime": {"datetime": "2021-09-17 12:57:14", "elapsed": 267.121209, "delta": 1.554092}}
{"target": -2.4847418107484516, "params": {"eta": 0.46091700483267556, "max_depth": 15.43892930385507, "n_estimators": 16.78162173062704}, "datetime": {"datetime": "2021-09-17 12:57:15", "elapsed": 268.655308, "delta": 1.534099}}
{"target": -2.499674022197724, "params": {"eta": 0.24565445597369387, "max_depth": 16.179078673126895, "n_estimators": 18.329733137513628}, "datetime": {"datetime": "2021-09-17 12:57:17", "elapsed": 270.351267, "delta": 1.695959}}
{"target": -2.4781396495668515, "params": {"eta": 0.34680167161677083, "max_depth": 17.88728711717097, "n_estimators": 17.39887684844639}, "datetime": {"datetime": "2021-09-17 12:57:18", "elapsed": 271.561549, "delta": 1.210282}}
{"target": -2.482773480289861, "params": {"eta": 0.24654838304536558, "max_depth": 14.151008716567363, "n_estimators": 19.493540701843035}, "datetime": {"datetime": "2021-09-17 12:57:20", "elapsed": 273.586286, "delta": 2.024737}}
{"target": -2.4459955158986544, "params": {"eta": 0.43579543247094654, "max_depth": 19.136018367736618, "n_estimators": 11.371149564016608}, "datetime": {"datetime": "2021-09-17 12:57:22", "elapsed": 274.811385, "delta": 1.225099}}
{"target": -2.4476193384120335, "params": {"eta": 0.36815580873672826, "max_depth": 13.879419529490878, "n_estimators": 19.276742840078498}, "datetime": {"datetime": "2021-09-17 12:57:24", "elapsed": 276.955553, "delta": 2.144168}}
{"target": -2.5433444920339086, "params": {"eta": 0.4633311791582501, "max_depth": 7.733488269482793, "n_estimators": 15.361012756348273}, "datetime": {"datetime": "2021-09-17 12:57:25", "elapsed": 278.257434, "delta": 1.301881}}
{"target": -2.546472512420855, "params": {"eta": 0.31514248027356184, "max_depth": 8.41518718259317, "n_estimators": 19.24341299713125}, "datetime": {"datetime": "2021-09-17 12:57:26", "elapsed": 279.477186, "delta": 1.219752}}
{"target": -2.441619206729688, "params": {"eta": 0.21507049083440924, "max_depth": 16.115379598458716, "n_estimators": 18.357466477722255}, "datetime": {"datetime": "2021-09-17 12:57:28", "elapsed": 281.241975, "delta": 1.764789}}
{"target": -2.5856497745764884, "params": {"eta": 0.43029565038453654, "max_depth": 8.556010206500734, "n_estimators": 8.373302586224312}, "datetime": {"datetime": "2021-09-17 12:57:29", "elapsed": 282.419628, "delta": 1.177653}}
{"target": -2.4664654141978217, "params": {"eta": 0.29304973433470016, "max_depth": 8.452544871434789, "n_estimators": 19.916082260412317}, "datetime": {"datetime": "2021-09-17 12:57:31", "elapsed": 284.3439, "delta": 1.924272}}
{"target": -2.4099067901310165, "params": {"eta": 0.31478639677477827, "max_depth": 5.241212705515549, "n_estimators": 19.87210331592256}, "datetime": {"datetime": "2021-09-17 12:57:32", "elapsed": 285.544522, "delta": 1.200622}}
{"target": -2.4034346825198125, "params": {"eta": 0.28918760794848075, "max_depth": 5.0017020926141385, "n_estimators": 19.72227417983061}, "datetime": {"datetime": "2021-09-17 12:57:33", "elapsed": 286.757205, "delta": 1.212683}}
{"target": -2.656720486440156, "params": {"eta": 0.42304587526426407, "max_depth": 14.356180814748633, "n_estimators": 14.843410899482215}, "datetime": {"datetime": "2021-09-17 12:57:35", "elapsed": 288.002417, "delta": 1.245212}}
{"target": -2.6359476422008714, "params": {"eta": 0.26895772064136225, "max_depth": 6.094713799604808, "n_estimators": 10.93971923828611}, "datetime": {"datetime": "2021-09-17 12:57:36", "elapsed": 289.217278, "delta": 1.214861}}
{"target": -2.44887682701412, "params": {"eta": 0.351506686600209, "max_depth": 14.298516616356615, "n_estimators": 14.680018280857377}, "datetime": {"datetime": "2021-09-17 12:57:37", "elapsed": 290.522447, "delta": 1.305169}}
