{"target": 0.8657339544612266, "params": {"eta": 0.15124387036139403, "max_depth": 7.37652935819954, "n_estimators": 26.82303014461516}, "datetime": {"datetime": "2021-09-17 19:19:37", "elapsed": 845.736573, "delta": 3.206073}}
{"target": 0.8192241498499384, "params": {"eta": 0.40439554202535677, "max_depth": 7.305907771843164, "n_estimators": 27.03370089635235}, "datetime": {"datetime": "2021-09-17 19:19:40", "elapsed": 849.146158, "delta": 3.409585}}
{"target": 0.7845488504043807, "params": {"eta": 0.7076657701449511, "max_depth": 29.583557437241833, "n_estimators": 17.48349885499806}, "datetime": {"datetime": "2021-09-17 19:19:44", "elapsed": 852.444921, "delta": 3.298763}}
{"target": 0.8525361325765286, "params": {"eta": 0.1469347138953918, "max_depth": 7.186694492032785, "n_estimators": 26.407288679352423}, "datetime": {"datetime": "2021-09-17 19:19:47", "elapsed": 855.855554, "delta": 3.410633}}
{"target": 0.8481609772442207, "params": {"eta": 0.2856859580917497, "max_depth": 6.970938502887766, "n_estimators": 26.670596419233103}, "datetime": {"datetime": "2021-09-17 19:19:50", "elapsed": 858.719439, "delta": 2.863885}}
{"target": 0.8473300495095133, "params": {"eta": 0.34727867265849865, "max_depth": 6.841111277612662, "n_estimators": 27.044649282937993}, "datetime": {"datetime": "2021-09-17 19:19:53", "elapsed": 862.082919, "delta": 3.36348}}
{"target": 0.7138496417981479, "params": {"eta": 0.7984113637901902, "max_depth": 29.113597561176206, "n_estimators": 23.560054592114554}, "datetime": {"datetime": "2021-09-17 19:19:55", "elapsed": 864.26478, "delta": 2.181861}}
{"target": 0.8426841418982407, "params": {"eta": 0.37489401211663853, "max_depth": 7.90302027208179, "n_estimators": 23.291068593615048}, "datetime": {"datetime": "2021-09-17 19:19:58", "elapsed": 866.546617, "delta": 2.281837}}
{"target": 0.8200887418137577, "params": {"eta": 0.15131430462612083, "max_depth": 6.053397776575012, "n_estimators": 17.183801256871952}, "datetime": {"datetime": "2021-09-17 19:20:00", "elapsed": 868.651104, "delta": 2.104487}}
{"target": 0.8647898964617909, "params": {"eta": 0.16213577479451166, "max_depth": 5.955072449086633, "n_estimators": 28.182315767823013}, "datetime": {"datetime": "2021-09-17 19:20:02", "elapsed": 870.915884, "delta": 2.26478}}
{"target": 0.7914415926464131, "params": {"eta": 0.10031222120366347, "max_depth": 6.635914533158835, "n_estimators": 26.572350071351288}, "datetime": {"datetime": "2021-09-17 19:20:06", "elapsed": 874.685412, "delta": 3.769528}}
{"target": 0.8324573138907381, "params": {"eta": 0.1718029697279202, "max_depth": 6.93217161929733, "n_estimators": 27.29994376669594}, "datetime": {"datetime": "2021-09-17 19:20:09", "elapsed": 877.631341, "delta": 2.945929}}
{"target": 0.7854522467054723, "params": {"eta": 0.14667526285129362, "max_depth": 29.36256368383429, "n_estimators": 17.292294539707413}, "datetime": {"datetime": "2021-09-17 19:20:13", "elapsed": 882.232819, "delta": 4.601478}}
{"target": 0.7868885913795359, "params": {"eta": 0.7116761844705872, "max_depth": 23.689363705087835, "n_estimators": 29.852283800924013}, "datetime": {"datetime": "2021-09-17 19:20:16", "elapsed": 884.382237, "delta": 2.149418}}
{"target": 0.7870596138519566, "params": {"eta": 0.5867950415132874, "max_depth": 29.095341664090945, "n_estimators": 17.164403816934552}, "datetime": {"datetime": "2021-09-17 19:20:21", "elapsed": 889.77908, "delta": 5.396843}}
{"target": 0.836429355303113, "params": {"eta": 0.12448255995593854, "max_depth": 7.0365954767709535, "n_estimators": 26.05522399420203}, "datetime": {"datetime": "2021-09-17 19:20:25", "elapsed": 893.568865, "delta": 3.789785}}
{"target": 0.7685117041127615, "params": {"eta": 0.21556232957150653, "max_depth": 24.539680068135706, "n_estimators": 11.93890835037158}, "datetime": {"datetime": "2021-09-17 19:20:28", "elapsed": 896.524285, "delta": 2.95542}}
{"target": 0.8483631487940753, "params": {"eta": 0.313478790521437, "max_depth": 4.242745184538202, "n_estimators": 29.623958345486628}, "datetime": {"datetime": "2021-09-17 19:20:30", "elapsed": 898.689774, "delta": 2.165489}}
{"target": 0.8591503717019255, "params": {"eta": 0.2216550277483812, "max_depth": 4.035223436602048, "n_estimators": 29.397245270498868}, "datetime": {"datetime": "2021-09-17 19:20:34", "elapsed": 902.860314, "delta": 4.17054}}
{"target": 0.8301826796459583, "params": {"eta": 0.48027515313485725, "max_depth": 4.361198573615079, "n_estimators": 29.29677969444952}, "datetime": {"datetime": "2021-09-17 19:20:37", "elapsed": 906.212215, "delta": 3.351901}}
{"target": 0.8541879794448923, "params": {"eta": 0.21943214890960555, "max_depth": 4.04015635118811, "n_estimators": 29.09361345548044}, "datetime": {"datetime": "2021-09-17 19:20:42", "elapsed": 910.823286, "delta": 4.611071}}
{"target": 0.7938148921469331, "params": {"eta": 0.5554135994286397, "max_depth": 17.733347452160757, "n_estimators": 21.460495828668517}, "datetime": {"datetime": "2021-09-17 19:20:44", "elapsed": 912.991055, "delta": 2.167769}}
{"target": 0.8510000493052349, "params": {"eta": 0.12986558730892023, "max_depth": 4.393807553037347, "n_estimators": 29.204900626805472}, "datetime": {"datetime": "2021-09-17 19:20:47", "elapsed": 916.020424, "delta": 3.029369}}
{"target": 0.8134594823508841, "params": {"eta": 0.5283814405245633, "max_depth": 4.109456956394551, "n_estimators": 29.507674909983315}, "datetime": {"datetime": "2021-09-17 19:20:51", "elapsed": 920.22674, "delta": 4.206316}}
{"target": 0.8601889908108734, "params": {"eta": 0.4501898491667732, "max_depth": 7.011154305072305, "n_estimators": 26.280372017499033}, "datetime": {"datetime": "2021-09-17 19:20:55", "elapsed": 923.568953, "delta": 3.342213}}
{"target": 0.8128312761417081, "params": {"eta": 0.47794200410328314, "max_depth": 4.7142468264449215, "n_estimators": 27.313894654101485}, "datetime": {"datetime": "2021-09-17 19:20:57", "elapsed": 925.773554, "delta": 2.204601}}
{"target": 0.8274347208236122, "params": {"eta": 0.5439746197913924, "max_depth": 7.050339424392474, "n_estimators": 25.948439681009923}, "datetime": {"datetime": "2021-09-17 19:21:01", "elapsed": 929.757158, "delta": 3.983604}}
{"target": 0.8663215423470711, "params": {"eta": 0.39978982427298826, "max_depth": 4.286597662452077, "n_estimators": 28.85942503423986}, "datetime": {"datetime": "2021-09-17 19:21:05", "elapsed": 933.598255, "delta": 3.841097}}
{"target": 0.8497341088176644, "params": {"eta": 0.13012321272526417, "max_depth": 4.547104075632859, "n_estimators": 28.873200293975643}, "datetime": {"datetime": "2021-09-17 19:21:08", "elapsed": 937.092294, "delta": 3.494039}}
{"target": 0.7925745351219894, "params": {"eta": 0.6159201231511116, "max_depth": 29.377755276579503, "n_estimators": 29.520857827727934}, "datetime": {"datetime": "2021-09-17 19:21:11", "elapsed": 939.508749, "delta": 2.416455}}
{"target": 0.7185021528912392, "params": {"eta": 0.7816028250109459, "max_depth": 23.275574418264195, "n_estimators": 14.391923594237898}, "datetime": {"datetime": "2021-09-17 19:21:13", "elapsed": 941.757537, "delta": 2.248788}}
{"target": 0.7970072669428958, "params": {"eta": 0.5859673434577758, "max_depth": 4.015608428229419, "n_estimators": 28.83188813347782}, "datetime": {"datetime": "2021-09-17 19:21:17", "elapsed": 945.955131, "delta": 4.197594}}
{"target": 0.7850629589847502, "params": {"eta": 0.7097327700504561, "max_depth": 4.518571120302613, "n_estimators": 28.979903698581875}, "datetime": {"datetime": "2021-09-17 19:21:20", "elapsed": 949.28554, "delta": 3.330409}}
{"target": 0.8441120845114429, "params": {"eta": 0.14956506961830837, "max_depth": 4.175138971813431, "n_estimators": 28.816627818168268}, "datetime": {"datetime": "2021-09-17 19:21:24", "elapsed": 952.789489, "delta": 3.503949}}
{"target": 0.8486311987162116, "params": {"eta": 0.3399998570948958, "max_depth": 4.728793692826515, "n_estimators": 29.026945581842657}, "datetime": {"datetime": "2021-09-17 19:21:30", "elapsed": 958.662152, "delta": 5.872663}}
{"target": 0.8564031735272541, "params": {"eta": 0.3262507074482224, "max_depth": 4.287551331523573, "n_estimators": 28.519702128370753}, "datetime": {"datetime": "2021-09-17 19:21:34", "elapsed": 962.52775, "delta": 3.865598}}
{"target": 0.8176877255511308, "params": {"eta": 0.42360336978021185, "max_depth": 28.640595739399018, "n_estimators": 13.044631255535307}, "datetime": {"datetime": "2021-09-17 19:21:36", "elapsed": 964.924475, "delta": 2.396725}}
{"target": 0.8503260474100446, "params": {"eta": 0.2841394342091112, "max_depth": 4.621813145681749, "n_estimators": 29.609406627744477}, "datetime": {"datetime": "2021-09-17 19:21:40", "elapsed": 968.558965, "delta": 3.63449}}
{"target": 0.8521326091713166, "params": {"eta": 0.2934645101272994, "max_depth": 4.590902158842784, "n_estimators": 28.410810830722806}, "datetime": {"datetime": "2021-09-17 19:21:44", "elapsed": 973.163891, "delta": 4.604926}}
{"target": -0.43695911779895935, "params": {"eta": 0.11150039146531968, "max_depth": 14.013068697462344, "n_estimators": 7.864405328601767}, "datetime": {"datetime": "2021-09-17 19:21:46", "elapsed": 975.325426, "delta": 2.161535}}
{"target": 0.8360637754652497, "params": {"eta": 0.16630108251489306, "max_depth": 7.659918317340805, "n_estimators": 22.868642642663687}, "datetime": {"datetime": "2021-09-17 19:21:51", "elapsed": 979.50583, "delta": 4.180404}}
{"target": 0.737730681105795, "params": {"eta": 0.757734648494895, "max_depth": 16.841154994784905, "n_estimators": 28.879732921767754}, "datetime": {"datetime": "2021-09-17 19:21:53", "elapsed": 981.93856, "delta": 2.43273}}
{"target": 0.7344283831481311, "params": {"eta": 0.765465470588731, "max_depth": 7.935180899019073, "n_estimators": 22.807262462210296}, "datetime": {"datetime": "2021-09-17 19:22:00", "elapsed": 988.481807, "delta": 6.543247}}
{"target": 0.8444326718442683, "params": {"eta": 0.46956920816191583, "max_depth": 4.991069178674567, "n_estimators": 28.61019471368992}, "datetime": {"datetime": "2021-09-17 19:22:05", "elapsed": 994.241117, "delta": 5.75931}}
{"target": 0.7920207330282578, "params": {"eta": 0.5830289241704495, "max_depth": 20.539207973742805, "n_estimators": 10.846928953855201}, "datetime": {"datetime": "2021-09-17 19:22:08", "elapsed": 996.771682, "delta": 2.530565}}
{"target": 0.7290551539304951, "params": {"eta": 0.7614770184926104, "max_depth": 23.909425979614795, "n_estimators": 11.994626616385348}, "datetime": {"datetime": "2021-09-17 19:22:16", "elapsed": 1004.996135, "delta": 8.224453}}
{"target": 0.8329240684560771, "params": {"eta": 0.1464698976233338, "max_depth": 12.34298986448526, "n_estimators": 25.98372497900004}, "datetime": {"datetime": "2021-09-17 19:22:19", "elapsed": 1007.504358, "delta": 2.508223}}
{"target": 0.7637497428313118, "params": {"eta": 0.27119254286070726, "max_depth": 14.350211708217314, "n_estimators": 8.078474847664317}, "datetime": {"datetime": "2021-09-17 19:22:21", "elapsed": 1009.80902, "delta": 2.304662}}
{"target": 0.8611058385567412, "params": {"eta": 0.21789529586270545, "max_depth": 4.759025517127723, "n_estimators": 21.738829541130897}, "datetime": {"datetime": "2021-09-17 19:22:23", "elapsed": 1012.12291, "delta": 2.31389}}
{"target": 0.8253567849706065, "params": {"eta": 0.22095587073237916, "max_depth": 7.694969750488399, "n_estimators": 27.33641673725491}, "datetime": {"datetime": "2021-09-17 19:22:26", "elapsed": 1014.539463, "delta": 2.416553}}
{"target": 0.8474233951766246, "params": {"eta": 0.4247794410496527, "max_depth": 4.606185578685994, "n_estimators": 13.433409139400899}, "datetime": {"datetime": "2021-09-17 19:22:28", "elapsed": 1016.910998, "delta": 2.371535}}
{"target": 0.8125599660194128, "params": {"eta": 0.22643304860433203, "max_depth": 14.485269361907179, "n_estimators": 23.072494757106853}, "datetime": {"datetime": "2021-09-17 19:22:30", "elapsed": 1019.328254, "delta": 2.417256}}
{"target": 0.8177085226126883, "params": {"eta": 0.37454640665077843, "max_depth": 14.794764457266941, "n_estimators": 8.02622860709212}, "datetime": {"datetime": "2021-09-17 19:22:37", "elapsed": 1025.627783, "delta": 6.299529}}
{"target": 0.8390591663358089, "params": {"eta": 0.16902080630183453, "max_depth": 4.637709543222277, "n_estimators": 22.113316150317686}, "datetime": {"datetime": "2021-09-17 19:22:41", "elapsed": 1029.905871, "delta": 4.278088}}
{"target": 0.8222759902396802, "params": {"eta": 0.13142701177969146, "max_depth": 5.194450237682426, "n_estimators": 21.851112500349956}, "datetime": {"datetime": "2021-09-17 19:22:45", "elapsed": 1033.404612, "delta": 3.498741}}
{"target": 0.8236896296946847, "params": {"eta": 0.508736023590083, "max_depth": 14.51791318330092, "n_estimators": 8.135842729682105}, "datetime": {"datetime": "2021-09-17 19:22:49", "elapsed": 1037.580223, "delta": 4.175611}}
{"target": 0.827947361662444, "params": {"eta": 0.5476412719499083, "max_depth": 4.5421724221215225, "n_estimators": 21.691435472373065}, "datetime": {"datetime": "2021-09-17 19:22:53", "elapsed": 1041.718511, "delta": 4.138288}}
{"target": 0.7968433354517248, "params": {"eta": 0.6874893999930729, "max_depth": 4.5114399511486, "n_estimators": 28.42929697444839}, "datetime": {"datetime": "2021-09-17 19:22:57", "elapsed": 1045.391046, "delta": 3.672535}}
{"target": 0.8428447115133881, "params": {"eta": 0.3593576702293132, "max_depth": 5.15783088177541, "n_estimators": 29.172278414703868}, "datetime": {"datetime": "2021-09-17 19:23:01", "elapsed": 1050.254418, "delta": 4.863372}}
{"target": 0.8457446432957628, "params": {"eta": 0.308587805632374, "max_depth": 4.9855114656622455, "n_estimators": 21.44623198393127}, "datetime": {"datetime": "2021-09-17 19:23:08", "elapsed": 1057.178305, "delta": 6.923887}}
{"target": 0.8535138688225354, "params": {"eta": 0.3532516956216031, "max_depth": 5.765217875267887, "n_estimators": 19.996352377291803}, "datetime": {"datetime": "2021-09-17 19:23:11", "elapsed": 1059.667361, "delta": 2.489056}}
{"target": 0.7708799266362629, "params": {"eta": 0.1, "max_depth": 7.562604654553487, "n_estimators": 23.324984121637172}, "datetime": {"datetime": "2021-09-17 19:23:15", "elapsed": 1063.861011, "delta": 4.19365}}
{"target": 0.8511694521161324, "params": {"eta": 0.16899783772319085, "max_depth": 4.948432624225759, "n_estimators": 28.825625421689786}, "datetime": {"datetime": "2021-09-17 19:23:21", "elapsed": 1069.696718, "delta": 5.835707}}
{"target": 0.7974221200325777, "params": {"eta": 0.5579120598989871, "max_depth": 16.261478321387354, "n_estimators": 17.58388607228636}, "datetime": {"datetime": "2021-09-17 19:23:23", "elapsed": 1072.322505, "delta": 2.625787}}
{"target": 0.8191578722202876, "params": {"eta": 0.12910413505458992, "max_depth": 4.568615222999374, "n_estimators": 21.34504534417099}, "datetime": {"datetime": "2021-09-17 19:23:28", "elapsed": 1076.735771, "delta": 4.413266}}
{"target": 0.8374461074398084, "params": {"eta": 0.10935023574711825, "max_depth": 4.795616626705878, "n_estimators": 29.363733594728735}, "datetime": {"datetime": "2021-09-17 19:23:32", "elapsed": 1081.143936, "delta": 4.408165}}
{"target": 0.8465034177818714, "params": {"eta": 0.49280904068387965, "max_depth": 5.036660727666222, "n_estimators": 21.99167530078857}, "datetime": {"datetime": "2021-09-17 19:23:36", "elapsed": 1085.294136, "delta": 4.1502}}
{"target": 0.8396338831081982, "params": {"eta": 0.1981520131190643, "max_depth": 5.886950147950567, "n_estimators": 20.36793866170364}, "datetime": {"datetime": "2021-09-17 19:23:41", "elapsed": 1089.842717, "delta": 4.548581}}
{"target": 0.7889373444670391, "params": {"eta": 0.5981140156798695, "max_depth": 5.679268107064642, "n_estimators": 20.306282347336765}, "datetime": {"datetime": "2021-09-17 19:23:46", "elapsed": 1095.109475, "delta": 5.266758}}
{"target": 0.780635516488701, "params": {"eta": 0.5691215145624736, "max_depth": 4.932939676095895, "n_estimators": 29.50525329678052}, "datetime": {"datetime": "2021-09-17 19:23:51", "elapsed": 1100.345078, "delta": 5.235603}}
{"target": 0.8140903125118035, "params": {"eta": 0.41724428113632894, "max_depth": 29.67747864628181, "n_estimators": 12.835177451969336}, "datetime": {"datetime": "2021-09-17 19:23:54", "elapsed": 1102.946018, "delta": 2.60094}}
{"target": 0.8316295809927048, "params": {"eta": 0.34334295802112824, "max_depth": 17.05823852937315, "n_estimators": 24.812598601183687}, "datetime": {"datetime": "2021-09-17 19:23:57", "elapsed": 1105.584164, "delta": 2.638146}}
{"target": 0.8015524065267329, "params": {"eta": 0.7026819048961993, "max_depth": 5.016036899526155, "n_estimators": 21.598072249067677}, "datetime": {"datetime": "2021-09-17 19:24:01", "elapsed": 1110.269776, "delta": 4.685612}}
{"target": 0.8264126112740589, "params": {"eta": 0.16460472918956856, "max_depth": 5.884998385071908, "n_estimators": 19.66048363269691}, "datetime": {"datetime": "2021-09-17 19:24:07", "elapsed": 1115.537865, "delta": 5.268089}}
{"target": 0.8361138177326523, "params": {"eta": 0.2344404097461655, "max_depth": 4.225058035188773, "n_estimators": 28.071464425353515}, "datetime": {"datetime": "2021-09-17 19:24:12", "elapsed": 1120.511719, "delta": 4.973854}}
{"target": 0.820172319789231, "params": {"eta": 0.1, "max_depth": 4.453822695377151, "n_estimators": 29.953169401552636}, "datetime": {"datetime": "2021-09-17 19:24:16", "elapsed": 1125.205691, "delta": 4.693972}}
{"target": 0.8503309956541927, "params": {"eta": 0.44147745654761106, "max_depth": 6.233119434163668, "n_estimators": 20.24046223824333}, "datetime": {"datetime": "2021-09-17 19:24:21", "elapsed": 1130.072159, "delta": 4.866468}}
{"target": 0.8218296577300059, "params": {"eta": 0.4863999605630953, "max_depth": 6.181724662844927, "n_estimators": 19.81806033151142}, "datetime": {"datetime": "2021-09-17 19:24:27", "elapsed": 1136.320628, "delta": 6.248469}}
{"target": 0.8212203611986821, "params": {"eta": 0.5450306757045138, "max_depth": 12.50378288952746, "n_estimators": 25.763994884546083}, "datetime": {"datetime": "2021-09-17 19:24:35", "elapsed": 1144.048432, "delta": 7.727804}}
{"target": 0.7529480936953608, "params": {"eta": 0.12087842827365149, "max_depth": 6.396863581453344, "n_estimators": 19.97205360541863}, "datetime": {"datetime": "2021-09-17 19:24:42", "elapsed": 1150.568143, "delta": 6.519711}}
{"target": 0.7865596425449224, "params": {"eta": 0.49283357159513974, "max_depth": 11.539769439950831, "n_estimators": 18.9541072942586}, "datetime": {"datetime": "2021-09-17 19:24:44", "elapsed": 1153.276088, "delta": 2.707945}}
{"target": 0.8142947980348461, "params": {"eta": 0.1, "max_depth": 4.970566717908054, "n_estimators": 28.402495466749986}, "datetime": {"datetime": "2021-09-17 19:24:50", "elapsed": 1158.625358, "delta": 5.34927}}
{"target": 0.7971367744686964, "params": {"eta": 0.25077667576865104, "max_depth": 23.771776430435164, "n_estimators": 11.447530897831506}, "datetime": {"datetime": "2021-09-17 19:24:52", "elapsed": 1161.236513, "delta": 2.611155}}
{"target": 0.8330282808103824, "params": {"eta": 0.507034414835541, "max_depth": 6.1278241110052365, "n_estimators": 20.64899628711796}, "datetime": {"datetime": "2021-09-17 19:25:00", "elapsed": 1168.720215, "delta": 7.483702}}
{"target": 0.8385880315148384, "params": {"eta": 0.18551567976985722, "max_depth": 4.317170956075763, "n_estimators": 21.83732803465476}, "datetime": {"datetime": "2021-09-17 19:25:04", "elapsed": 1172.637231, "delta": 3.917016}}
{"target": 0.6792248228355371, "params": {"eta": 0.1, "max_depth": 5.454611374850262, "n_estimators": 19.96794156385003}, "datetime": {"datetime": "2021-09-17 19:25:09", "elapsed": 1177.519821, "delta": 4.88259}}
{"target": 0.831455285967066, "params": {"eta": 0.2398469374428601, "max_depth": 12.986397886476148, "n_estimators": 16.116293945226253}, "datetime": {"datetime": "2021-09-17 19:25:12", "elapsed": 1180.479653, "delta": 2.959832}}
{"target": 0.7975622985268305, "params": {"eta": 0.39191540329180186, "max_depth": 37.13492669833927, "n_estimators": 7.00491811714583}, "datetime": {"datetime": "2021-09-17 19:44:17", "elapsed": 0.0, "delta": 0.0}}
{"target": 0.8373752889613203, "params": {"eta": 0.31163280084228784, "max_depth": 10.7507709775872, "n_estimators": 10.970559575058306}, "datetime": {"datetime": "2021-09-17 19:44:17", "elapsed": 0.063997, "delta": 0.063997}}
{"target": 0.8319111242949707, "params": {"eta": 0.23038214796436965, "max_depth": 19.895793443980196, "n_estimators": 24.061001391918808}, "datetime": {"datetime": "2021-09-17 19:44:17", "elapsed": 0.269, "delta": 0.205003}}
{"target": 0.8217679275388983, "params": {"eta": 0.4771717138023499, "max_depth": 23.28294766255156, "n_estimators": 36.46443851706066}, "datetime": {"datetime": "2021-09-17 19:44:18", "elapsed": 0.57318, "delta": 0.30418}}
{"target": 0.7188678332054486, "params": {"eta": 0.24311657481206222, "max_depth": 44.39340207398349, "n_estimators": 8.177666507510825}, "datetime": {"datetime": "2021-09-17 19:44:18", "elapsed": 0.64018, "delta": 0.067}}
{"target": 0.7998295535506237, "params": {"eta": 0.5693272571248816, "max_depth": 23.196020908887842, "n_estimators": 31.023662623167322}, "datetime": {"datetime": "2021-09-17 19:44:18", "elapsed": 0.925184, "delta": 0.285004}}
{"target": 0.8462322178551652, "params": {"eta": 0.19827085701666364, "max_depth": 13.112668497904425, "n_estimators": 41.43201645304808}, "datetime": {"datetime": "2021-09-17 19:44:18", "elapsed": 1.363309, "delta": 0.438125}}
{"target": 0.7275021250281177, "params": {"eta": 0.7777831030035783, "max_depth": 18.41751219532517, "n_estimators": 36.76987247378051}, "datetime": {"datetime": "2021-09-17 19:44:19", "elapsed": 1.590316, "delta": 0.227007}}
{"target": 0.825431062658617, "params": {"eta": 0.3048979626366307, "max_depth": 13.308897937801461, "n_estimators": 41.41212145903334}, "datetime": {"datetime": "2021-09-17 19:44:19", "elapsed": 2.092313, "delta": 0.501997}}
