{"target": -20.180593992848145, "params": {"eta": 0.06751945554878437, "max_depth": 1.8922603478044773, "n_estimators": 2.291496879311561}, "datetime": {"datetime": "2021-09-17 09:05:09", "elapsed": 25.845473, "delta": 0.320995}}
{"target": -11.681327645402204, "params": {"eta": 0.08472508663994958, "max_depth": 3.1227984860868103, "n_estimators": 8.397446659025231}, "datetime": {"datetime": "2021-09-17 09:05:09", "elapsed": 26.331471, "delta": 0.485998}}
{"target": -17.59828055877435, "params": {"eta": 0.034282985164997726, "max_depth": 3.0534526884030138, "n_estimators": 8.446756375122622}, "datetime": {"datetime": "2021-09-17 09:05:10", "elapsed": 26.657472, "delta": 0.326001}}
{"target": -20.100033729013646, "params": {"eta": 0.04587137161300101, "max_depth": 6.903905671818099, "n_estimators": 3.5576569638502327}, "datetime": {"datetime": "2021-09-17 09:05:10", "elapsed": 26.984739, "delta": 0.327267}}
{"target": -11.420935531038987, "params": {"eta": 0.08753057839970389, "max_depth": 3.107973543266243, "n_estimators": 8.273247955593147}, "datetime": {"datetime": "2021-09-17 09:05:11", "elapsed": 27.448735, "delta": 0.463996}}
{"target": -14.628648030444197, "params": {"eta": 0.05728962564575651, "max_depth": 3.172539325040682, "n_estimators": 8.265580482584557}, "datetime": {"datetime": "2021-09-17 09:05:11", "elapsed": 27.795738, "delta": 0.347003}}
{"target": -10.579153980706867, "params": {"eta": 0.09772898611870336, "max_depth": 3.007249103839065, "n_estimators": 8.235312899696268}, "datetime": {"datetime": "2021-09-17 09:05:11", "elapsed": 28.08374, "delta": 0.288002}}
{"target": -21.444433872950707, "params": {"eta": 0.03654579547471925, "max_depth": 1.0765509983923875, "n_estimators": 2.401796299044751}, "datetime": {"datetime": "2021-09-17 09:05:12", "elapsed": 28.42274, "delta": 0.339}}
{"target": -12.160956704616547, "params": {"eta": 0.09102791634026766, "max_depth": 8.334092301459668, "n_estimators": 7.021958123291021}, "datetime": {"datetime": "2021-09-17 09:05:12", "elapsed": 28.771742, "delta": 0.349002}}
{"target": -13.429795088266072, "params": {"eta": 0.07019039916361663, "max_depth": 1.0292549856802704, "n_estimators": 8.780134541919622}, "datetime": {"datetime": "2021-09-17 09:05:12", "elapsed": 29.131556, "delta": 0.359814}}
{"target": -13.73188649855162, "params": {"eta": 0.06504602171805635, "max_depth": 3.031665314706783, "n_estimators": 8.118674646245502}, "datetime": {"datetime": "2021-09-17 09:05:13", "elapsed": 29.584554, "delta": 0.452998}}
{"target": -16.469561139533397, "params": {"eta": 0.04328251452234989, "max_depth": 2.966648152141105, "n_estimators": 8.242367968039668}, "datetime": {"datetime": "2021-09-17 09:05:13", "elapsed": 29.996555, "delta": 0.412001}}
{"target": -17.28428682951551, "params": {"eta": 0.07196228687128242, "max_depth": 6.229881535451556, "n_estimators": 4.6604221417441964}, "datetime": {"datetime": "2021-09-17 09:05:13", "elapsed": 30.341555, "delta": 0.345}}
{"target": -13.247791668615845, "params": {"eta": 0.06944209911632988, "max_depth": 3.07677178503726, "n_estimators": 8.2096411280103}, "datetime": {"datetime": "2021-09-17 09:05:14", "elapsed": 30.694183, "delta": 0.352628}}
{"target": -17.45699070346983, "params": {"eta": 0.04038268866777146, "max_depth": 8.338120616581563, "n_estimators": 7.1161306097122425}, "datetime": {"datetime": "2021-09-17 09:05:14", "elapsed": 31.067564, "delta": 0.373381}}
{"target": -10.622082808143213, "params": {"eta": 0.08696256336037, "max_depth": 9.877646945159654, "n_estimators": 9.903874665128379}, "datetime": {"datetime": "2021-09-17 09:05:15", "elapsed": 31.575565, "delta": 0.508001}}
{"target": -15.38485259005898, "params": {"eta": 0.06808031244460191, "max_depth": 2.8412145715736656, "n_estimators": 6.926746282940371}, "datetime": {"datetime": "2021-09-17 09:05:15", "elapsed": 31.932564, "delta": 0.356999}}
{"target": -16.635366716980936, "params": {"eta": 0.03701081567260607, "max_depth": 9.808258932335999, "n_estimators": 9.930864328018183}, "datetime": {"datetime": "2021-09-17 09:05:15", "elapsed": 32.298564, "delta": 0.366}}
{"target": -21.884651099694405, "params": {"eta": 0.025851850915188886, "max_depth": 2.760874416407437, "n_estimators": 2.244748652000771}, "datetime": {"datetime": "2021-09-17 09:05:16", "elapsed": 32.653566, "delta": 0.355002}}
{"target": -19.23525594598369, "params": {"eta": 0.09137837499473088, "max_depth": 1.4833431389620961, "n_estimators": 2.204925756979909}, "datetime": {"datetime": "2021-09-17 09:05:16", "elapsed": 33.008785, "delta": 0.355219}}
{"target": -15.74161162846967, "params": {"eta": 0.06381011846117647, "max_depth": 8.258116368100772, "n_estimators": 6.934451375537486}, "datetime": {"datetime": "2021-09-17 09:05:17", "elapsed": 33.419784, "delta": 0.410999}}
{"target": -9.475549654584182, "params": {"eta": 0.1, "max_depth": 9.928782946393833, "n_estimators": 9.845224265167381}, "datetime": {"datetime": "2021-09-17 09:05:17", "elapsed": 33.975787, "delta": 0.556003}}
{"target": -10.228276454147538, "params": {"eta": 0.09079690217238956, "max_depth": 9.886380333832934, "n_estimators": 9.798967988879578}, "datetime": {"datetime": "2021-09-17 09:05:18", "elapsed": 34.516782, "delta": 0.540995}}
{"target": -12.189612247755653, "params": {"eta": 0.07135839824309546, "max_depth": 9.990285581845631, "n_estimators": 9.771333842232316}, "datetime": {"datetime": "2021-09-17 09:05:19", "elapsed": 35.630132, "delta": 1.11335}}
{"target": -18.04023280771155, "params": {"eta": 0.06102823297617851, "max_depth": 3.706606397368766, "n_estimators": 4.977026590117569}, "datetime": {"datetime": "2021-09-17 09:05:19", "elapsed": 36.011132, "delta": 0.381}}
{"target": -20.47553163406096, "params": {"eta": 0.013463260792559145, "max_depth": 9.893115488134308, "n_estimators": 9.851664834591416}, "datetime": {"datetime": "2021-09-17 09:05:20", "elapsed": 36.632128, "delta": 0.620996}}
{"target": -13.062790216897664, "params": {"eta": 0.06367419885913035, "max_depth": 9.894572149908264, "n_estimators": 9.643496002440152}, "datetime": {"datetime": "2021-09-17 09:05:20", "elapsed": 36.982126, "delta": 0.349998}}
{"target": -10.438905467485128, "params": {"eta": 0.09942249486014001, "max_depth": 3.0265366483075384, "n_estimators": 8.281465139601549}, "datetime": {"datetime": "2021-09-17 09:05:21", "elapsed": 37.486483, "delta": 0.504357}}
{"target": -10.153112324288017, "params": {"eta": 0.09198486032212164, "max_depth": 9.825020663131376, "n_estimators": 9.751228311376225}, "datetime": {"datetime": "2021-09-17 09:05:21", "elapsed": 37.981484, "delta": 0.495001}}
{"target": -19.14852305572284, "params": {"eta": 0.021113141115040177, "max_depth": 9.791749721098753, "n_estimators": 9.676552533263038}, "datetime": {"datetime": "2021-09-17 09:05:21", "elapsed": 38.389282, "delta": 0.407798}}
{"target": -10.215345740945715, "params": {"eta": 0.09093611803532435, "max_depth": 9.996447185271732, "n_estimators": 9.644602135784464}, "datetime": {"datetime": "2021-09-17 09:05:22", "elapsed": 38.887288, "delta": 0.498006}}
{"target": -21.82671188555266, "params": {"eta": 0.013642895091093125, "max_depth": 5.794678975964955, "n_estimators": 4.95115204100305}, "datetime": {"datetime": "2021-09-17 09:05:22", "elapsed": 39.310507, "delta": 0.423219}}
{"target": -10.447167252866844, "params": {"eta": 0.08882652308642121, "max_depth": 9.982724362768431, "n_estimators": 9.58222673336393}, "datetime": {"datetime": "2021-09-17 09:05:23", "elapsed": 40.056507, "delta": 0.746}}
{"target": -9.950845800575456, "params": {"eta": 0.09434382270379692, "max_depth": 9.749633843334404, "n_estimators": 9.814969124238527}, "datetime": {"datetime": "2021-09-17 09:05:24", "elapsed": 40.692148, "delta": 0.635641}}
{"target": -12.183851429035789, "params": {"eta": 0.08009081772369851, "max_depth": 5.990479861930016, "n_estimators": 8.633905309568894}, "datetime": {"datetime": "2021-09-17 09:05:24", "elapsed": 41.110496, "delta": 0.418348}}
{"target": -13.558404543211587, "params": {"eta": 0.059823261039703306, "max_depth": 9.61538359150136, "n_estimators": 9.816419121084252}, "datetime": {"datetime": "2021-09-17 09:05:25", "elapsed": 41.687497, "delta": 0.577001}}
{"target": -11.160358075091713, "params": {"eta": 0.08130619242795335, "max_depth": 9.966721265453584, "n_estimators": 9.46452218997651}, "datetime": {"datetime": "2021-09-17 09:05:25", "elapsed": 42.162495, "delta": 0.474998}}
{"target": -10.739422933678878, "params": {"eta": 0.08571367044726738, "max_depth": 9.859675781460282, "n_estimators": 9.373945776752958}, "datetime": {"datetime": "2021-09-17 09:05:26", "elapsed": 42.745498, "delta": 0.583003}}
{"target": -21.975513229558345, "params": {"eta": 0.046614714010593396, "max_depth": 7.606732413464315, "n_estimators": 1.9401740377246548}, "datetime": {"datetime": "2021-09-17 09:05:26", "elapsed": 43.144225, "delta": 0.398727}}
{"target": -15.631774097994755, "params": {"eta": 0.04385243061579681, "max_depth": 9.788306056521042, "n_estimators": 9.284849556797019}, "datetime": {"datetime": "2021-09-17 09:05:27", "elapsed": 43.671278, "delta": 0.527053}}
{"target": -9.791768736588327, "params": {"eta": 0.09613094903820324, "max_depth": 9.94046853220152, "n_estimators": 9.38801268806388}, "datetime": {"datetime": "2021-09-17 09:05:27", "elapsed": 44.201276, "delta": 0.529998}}
{"target": -20.656529856669277, "params": {"eta": 0.01244530922560803, "max_depth": 9.948376575985138, "n_estimators": 9.307497393087584}, "datetime": {"datetime": "2021-09-17 09:05:28", "elapsed": 44.767276, "delta": 0.566}}
{"target": -18.294762189764725, "params": {"eta": 0.04685427688404016, "max_depth": 8.626794561574265, "n_estimators": 5.808860957166201}, "datetime": {"datetime": "2021-09-17 09:05:28", "elapsed": 45.194613, "delta": 0.427337}}
{"target": -14.023783770360446, "params": {"eta": 0.055923724111017196, "max_depth": 9.897673260640358, "n_estimators": 9.493065458706269}, "datetime": {"datetime": "2021-09-17 09:05:29", "elapsed": 45.694248, "delta": 0.499635}}
{"target": -13.878966957644414, "params": {"eta": 0.05761965430728116, "max_depth": 2.2733912199916126, "n_estimators": 9.362381544586405}, "datetime": {"datetime": "2021-09-17 09:05:29", "elapsed": 46.124253, "delta": 0.430005}}
{"target": -17.723203253118616, "params": {"eta": 0.033481393718950016, "max_depth": 6.065363885333483, "n_estimators": 8.53993489130506}, "datetime": {"datetime": "2021-09-17 09:05:30", "elapsed": 46.697252, "delta": 0.572999}}
{"target": -20.331932843045184, "params": {"eta": 0.06252403205162267, "max_depth": 5.843128341932703, "n_estimators": 2.897529495334275}, "datetime": {"datetime": "2021-09-17 09:05:30", "elapsed": 47.11151, "delta": 0.414258}}
{"target": -12.692844954289887, "params": {"eta": 0.0748486933938072, "max_depth": 5.880043234032744, "n_estimators": 8.73759971838103}, "datetime": {"datetime": "2021-09-17 09:05:31", "elapsed": 47.70851, "delta": 0.597}}
{"target": -12.601509547861, "params": {"eta": 0.1, "max_depth": 6.653979749428973, "n_estimators": 6.5567731076674285}, "datetime": {"datetime": "2021-09-17 09:05:31", "elapsed": 48.370509, "delta": 0.661999}}
{"target": -16.439158934041075, "params": {"eta": 0.05681535708400588, "max_depth": 6.6917880717872205, "n_estimators": 6.4278737677895785}, "datetime": {"datetime": "2021-09-17 09:05:32", "elapsed": 49.10451, "delta": 0.734001}}
{"target": -12.601509547861, "params": {"eta": 0.1, "max_depth": 6.5358353164142, "n_estimators": 6.60518712402044}, "datetime": {"datetime": "2021-09-17 09:05:33", "elapsed": 49.720509, "delta": 0.615999}}
{"target": -13.93837056222715, "params": {"eta": 0.0839533574105774, "max_depth": 6.692819106508892, "n_estimators": 6.6744111453737105}, "datetime": {"datetime": "2021-09-17 09:05:33", "elapsed": 50.225506, "delta": 0.504997}}
{"target": -14.11751209936644, "params": {"eta": 0.061830671688014746, "max_depth": 8.487332784696687, "n_estimators": 8.642547261430245}, "datetime": {"datetime": "2021-09-17 09:05:34", "elapsed": 50.690124, "delta": 0.464618}}
{"target": -15.872500733639066, "params": {"eta": 0.04749055850242674, "max_depth": 5.887927721271494, "n_estimators": 8.613925654094297}, "datetime": {"datetime": "2021-09-17 09:05:35", "elapsed": 51.45869, "delta": 0.768566}}
{"target": -17.336202160621944, "params": {"eta": 0.09452627608262174, "max_depth": 2.5889587979349815, "n_estimators": 3.136271811520295}, "datetime": {"datetime": "2021-09-17 09:05:35", "elapsed": 51.923688, "delta": 0.464998}}
{"target": -19.778300403293812, "params": {"eta": 0.051250060679622594, "max_depth": 8.389297888428965, "n_estimators": 3.6884472943040345}, "datetime": {"datetime": "2021-09-17 09:05:36", "elapsed": 52.411689, "delta": 0.488001}}
{"target": -11.721160498104597, "params": {"eta": 0.08498933954740882, "max_depth": 6.024623481580214, "n_estimators": 8.785410763522087}, "datetime": {"datetime": "2021-09-17 09:05:36", "elapsed": 53.118935, "delta": 0.707246}}
{"target": -11.338747395339764, "params": {"eta": 0.08895596430109705, "max_depth": 5.9030440813628005, "n_estimators": 8.853740585942122}, "datetime": {"datetime": "2021-09-17 09:05:37", "elapsed": 53.788933, "delta": 0.669998}}
{"target": -11.797367718031532, "params": {"eta": 0.08401804850638393, "max_depth": 6.00920603404127, "n_estimators": 8.957091588171899}, "datetime": {"datetime": "2021-09-17 09:05:38", "elapsed": 54.553937, "delta": 0.765004}}
{"target": -21.301044108365712, "params": {"eta": 0.01, "max_depth": 5.977139827437259, "n_estimators": 8.8639811545541}, "datetime": {"datetime": "2021-09-17 09:05:38", "elapsed": 55.25017, "delta": 0.696233}}
{"target": -10.373089875672992, "params": {"eta": 0.1, "max_depth": 5.893742833203153, "n_estimators": 8.969046196606559}, "datetime": {"datetime": "2021-09-17 09:05:39", "elapsed": 55.993786, "delta": 0.743616}}
{"target": -13.406273519051704, "params": {"eta": 0.06824248623629395, "max_depth": 5.794242767132275, "n_estimators": 8.82243370839765}, "datetime": {"datetime": "2021-09-17 09:05:40", "elapsed": 56.715405, "delta": 0.721619}}
{"target": -9.439127588899513, "params": {"eta": 0.1, "max_depth": 5.957874383297346, "n_estimators": 9.049492528279334}, "datetime": {"datetime": "2021-09-17 09:05:40", "elapsed": 57.265515, "delta": 0.55011}}
{"target": -16.347815226881128, "params": {"eta": 0.038940524323413064, "max_depth": 6.0246206468446575, "n_estimators": 9.04455970550718}, "datetime": {"datetime": "2021-09-17 09:05:41", "elapsed": 57.951511, "delta": 0.685996}}
{"target": -10.632644732374894, "params": {"eta": 0.08680308373153799, "max_depth": 5.86866975205112, "n_estimators": 9.079443790456867}, "datetime": {"datetime": "2021-09-17 09:05:42", "elapsed": 58.555513, "delta": 0.604002}}
{"target": -14.794404022317185, "params": {"eta": 0.05007488894366118, "max_depth": 5.89633533850065, "n_estimators": 9.027659534952306}, "datetime": {"datetime": "2021-09-17 09:05:42", "elapsed": 59.33319, "delta": 0.777677}}
{"target": -11.039823372740495, "params": {"eta": 0.08240680486955393, "max_depth": 5.8436411701019235, "n_estimators": 9.165362842385651}, "datetime": {"datetime": "2021-09-17 09:05:43", "elapsed": 60.05419, "delta": 0.721}}
{"target": -19.883923259534335, "params": {"eta": 0.07288999957321898, "max_depth": 3.762878510269953, "n_estimators": 2.17618908672228}, "datetime": {"datetime": "2021-09-17 09:05:44", "elapsed": 60.553847, "delta": 0.499657}}
{"target": -19.616512239293048, "params": {"eta": 0.05492730902765096, "max_depth": 2.9597807763900845, "n_estimators": 3.282742418376568}, "datetime": {"datetime": "2021-09-17 09:05:44", "elapsed": 61.047848, "delta": 0.494001}}
{"target": -11.748232577349011, "params": {"eta": 0.08454123870233, "max_depth": 6.1217079269301236, "n_estimators": 8.73689591345801}, "datetime": {"datetime": "2021-09-17 09:05:45", "elapsed": 61.801451, "delta": 0.753603}}
{"target": -18.361952452596867, "params": {"eta": 0.03309714484207369, "max_depth": 7.22744745918407, "n_estimators": 7.620104113920764}, "datetime": {"datetime": "2021-09-17 09:05:45", "elapsed": 62.307449, "delta": 0.505998}}
{"target": -19.183482118656762, "params": {"eta": 0.031087940740339978, "max_depth": 3.1089964494499673, "n_estimators": 6.789111958709795}, "datetime": {"datetime": "2021-09-17 09:05:46", "elapsed": 62.82745, "delta": 0.520001}}
{"target": -9.474139458882181, "params": {"eta": 0.09961019135412466, "max_depth": 5.738811992896243, "n_estimators": 9.082194759986752}, "datetime": {"datetime": "2021-09-17 09:05:47", "elapsed": 63.444672, "delta": 0.617222}}
{"target": -17.903780975937845, "params": {"eta": 0.06334232746770466, "max_depth": 8.442246672754841, "n_estimators": 4.000143524121183}, "datetime": {"datetime": "2021-09-17 09:05:47", "elapsed": 63.96567, "delta": 0.520998}}
{"target": -18.879385619100773, "params": {"eta": 0.02273404095136413, "max_depth": 5.748186941616146, "n_estimators": 9.110587166033707}, "datetime": {"datetime": "2021-09-17 09:05:48", "elapsed": 64.722674, "delta": 0.757004}}
{"target": -20.05853420448931, "params": {"eta": 0.015775994012038493, "max_depth": 9.998005485735295, "n_estimators": 9.677806859998459}, "datetime": {"datetime": "2021-09-17 09:05:48", "elapsed": 65.370671, "delta": 0.647997}}
{"target": -13.619953607571754, "params": {"eta": 0.06622230150967902, "max_depth": 5.802559099146293, "n_estimators": 8.977329216062657}, "datetime": {"datetime": "2021-09-17 09:05:49", "elapsed": 66.283276, "delta": 0.912605}}
{"target": -14.316304673019209, "params": {"eta": 0.05380337151574105, "max_depth": 8.501021001234985, "n_estimators": 9.799297545473676}, "datetime": {"datetime": "2021-09-17 09:05:50", "elapsed": 66.807276, "delta": 0.524}}
{"target": -15.017805917012065, "params": {"eta": 0.08636876414880985, "max_depth": 2.328694686252217, "n_estimators": 5.2757793322529665}, "datetime": {"datetime": "2021-09-17 09:05:50", "elapsed": 67.32203, "delta": 0.514754}}
{"target": -12.261610607097023, "params": {"eta": 0.07071580421083909, "max_depth": 5.923860537264276, "n_estimators": 9.186103580961147}, "datetime": {"datetime": "2021-09-17 09:05:51", "elapsed": 67.850031, "delta": 0.528001}}
{"target": -11.77447628912173, "params": {"eta": 0.08426154637816814, "max_depth": 6.07909046818464, "n_estimators": 8.665239026803038}, "datetime": {"datetime": "2021-09-17 09:05:52", "elapsed": 68.569031, "delta": 0.719}}
{"target": -9.439127588899513, "params": {"eta": 0.1, "max_depth": 5.843301790585767, "n_estimators": 9.271876089065445}, "datetime": {"datetime": "2021-09-17 09:05:52", "elapsed": 69.392305, "delta": 0.823274}}
{"target": -14.229635632665534, "params": {"eta": 0.054456791970290186, "max_depth": 5.814802653906323, "n_estimators": 9.264957724064786}, "datetime": {"datetime": "2021-09-17 09:05:53", "elapsed": 70.110299, "delta": 0.717994}}
{"target": -9.439127588899513, "params": {"eta": 0.1, "max_depth": 5.913926560991731, "n_estimators": 9.307520556130934}, "datetime": {"datetime": "2021-09-17 09:05:54", "elapsed": 70.715914, "delta": 0.605615}}
{"target": -13.608332295480528, "params": {"eta": 0.05935504763128388, "max_depth": 5.947905216439454, "n_estimators": 9.414763909232109}, "datetime": {"datetime": "2021-09-17 09:05:54", "elapsed": 71.402433, "delta": 0.686519}}
{"target": -10.781849032013039, "params": {"eta": 0.09497203328271517, "max_depth": 5.674367608402657, "n_estimators": 8.949464936729242}, "datetime": {"datetime": "2021-09-17 09:05:55", "elapsed": 72.085434, "delta": 0.683001}}
{"target": -11.58627813834893, "params": {"eta": 0.07705901856219374, "max_depth": 5.859472159628183, "n_estimators": 9.370110578554419}, "datetime": {"datetime": "2021-09-17 09:05:56", "elapsed": 72.825602, "delta": 0.740168}}
{"target": -10.745619529799411, "params": {"eta": 0.08560229923750752, "max_depth": 5.645028079030806, "n_estimators": 9.078222301313687}, "datetime": {"datetime": "2021-09-17 09:05:57", "elapsed": 73.620327, "delta": 0.794725}}
{"target": -13.078386093754519, "params": {"eta": 0.06343899526752028, "max_depth": 5.555643805770689, "n_estimators": 9.005857176455201}, "datetime": {"datetime": "2021-09-17 09:05:58", "elapsed": 74.440327, "delta": 0.82}}
{"target": -22.744273167613308, "params": {"eta": 0.01124963648286724, "max_depth": 7.713618760815856, "n_estimators": 1.7817531675256024}, "datetime": {"datetime": "2021-09-17 09:05:58", "elapsed": 74.976327, "delta": 0.536}}
{"target": -12.604561415471528, "params": {"eta": 0.1, "max_depth": 8.440558440381983, "n_estimators": 6.95543445667119}, "datetime": {"datetime": "2021-09-17 09:05:59", "elapsed": 75.968219, "delta": 0.991892}}
{"target": -9.895938102195137, "params": {"eta": 0.09463368537825499, "max_depth": 5.702114401702318, "n_estimators": 9.035866894675863}, "datetime": {"datetime": "2021-09-17 09:06:00", "elapsed": 76.613237, "delta": 0.645018}}
{"target": -19.63153842907203, "params": {"eta": 0.04050791243017441, "max_depth": 3.84178355132772, "n_estimators": 4.26824196982926}, "datetime": {"datetime": "2021-09-17 09:06:00", "elapsed": 77.165219, "delta": 0.551982}}
{"target": -11.634300601482392, "params": {"eta": 0.08569799745285926, "max_depth": 5.572933118730638, "n_estimators": 8.793269478688618}, "datetime": {"datetime": "2021-09-17 09:06:01", "elapsed": 77.917413, "delta": 0.752194}}
{"target": -18.146428197936007, "params": {"eta": 0.030570355519229438, "max_depth": 5.461577677583471, "n_estimators": 8.785631751720192}, "datetime": {"datetime": "2021-09-17 09:06:02", "elapsed": 78.894423, "delta": 0.97701}}
{"target": -9.454405043313377, "params": {"eta": 0.1, "max_depth": 6.03714154314127, "n_estimators": 9.284779229090594}, "datetime": {"datetime": "2021-09-17 09:06:03", "elapsed": 79.632633, "delta": 0.73821}}
{"target": -11.551938045965997, "params": {"eta": 0.07726556850787498, "max_depth": 6.1245924287535844, "n_estimators": 9.306191742107565}, "datetime": {"datetime": "2021-09-17 09:06:04", "elapsed": 80.42763, "delta": 0.794997}}
