{"target": -4.206235214283592, "params": {"eta": 0.10150133622239596, "max_depth": 11.402035918996143, "n_estimators": 18.94674378518372}, "datetime": {"datetime": "2021-09-17 13:23:39", "elapsed": 40.884722, "delta": 0.794008}}
{"target": -2.37583984701257, "params": {"eta": 0.2, "max_depth": 9.416465052680904, "n_estimators": 19.300657908808333}, "datetime": {"datetime": "2021-09-17 13:23:40", "elapsed": 41.392721, "delta": 0.507999}}
{"target": -2.7782386089626114, "params": {"eta": 0.16030155678184754, "max_depth": 8.991400386449419, "n_estimators": 16.57399861302736}, "datetime": {"datetime": "2021-09-17 13:23:40", "elapsed": 41.782728, "delta": 0.390007}}
{"target": -3.117705373387588, "params": {"eta": 0.1241758676395299, "max_depth": 9.472035377485561, "n_estimators": 19.346527470538636}, "datetime": {"datetime": "2021-09-17 13:23:41", "elapsed": 42.516725, "delta": 0.733997}}
{"target": -2.902647826546117, "params": {"eta": 0.13767849516907618, "max_depth": 11.202604372904272, "n_estimators": 18.57800817452041}, "datetime": {"datetime": "2021-09-17 13:23:41", "elapsed": 43.076204, "delta": 0.559479}}
{"target": -3.119565147475192, "params": {"eta": 0.13384278752700124, "max_depth": 14.559895190909, "n_estimators": 17.13673642837788}, "datetime": {"datetime": "2021-09-17 13:23:42", "elapsed": 43.480209, "delta": 0.404005}}
{"target": -2.3890998332124007, "params": {"eta": 0.19283749970233577, "max_depth": 14.788700359141654, "n_estimators": 17.619248364681162}, "datetime": {"datetime": "2021-09-17 13:23:42", "elapsed": 44.058203, "delta": 0.577994}}
{"target": -2.485748473594063, "params": {"eta": 0.1752114368922295, "max_depth": 14.678764354911703, "n_estimators": 17.538799834064093}, "datetime": {"datetime": "2021-09-17 13:23:43", "elapsed": 45.026394, "delta": 0.968191}}
{"target": -3.3441127406923394, "params": {"eta": 0.12809090310894838, "max_depth": 14.797772825695521, "n_estimators": 17.516095142457633}, "datetime": {"datetime": "2021-09-17 13:23:44", "elapsed": 45.613021, "delta": 0.586627}}
{"target": -3.8156342838939863, "params": {"eta": 0.12244486113576797, "max_depth": 8.085056664880431, "n_estimators": 16.623020577353223}, "datetime": {"datetime": "2021-09-17 13:23:44", "elapsed": 46.042016, "delta": 0.428995}}
{"target": -2.531189267886312, "params": {"eta": 0.18903411997143826, "max_depth": 16.148991446066297, "n_estimators": 18.676425832573788}, "datetime": {"datetime": "2021-09-17 13:23:45", "elapsed": 46.482016, "delta": 0.44}}
{"target": -2.372423970071893, "params": {"eta": 0.1955329072833913, "max_depth": 10.400279489355256, "n_estimators": 19.617996317630368}, "datetime": {"datetime": "2021-09-17 13:23:46", "elapsed": 47.229252, "delta": 0.747236}}
{"target": -2.4291159347483986, "params": {"eta": 0.19985446833470014, "max_depth": 10.480842842718474, "n_estimators": 19.529188654965417}, "datetime": {"datetime": "2021-09-17 13:23:46", "elapsed": 47.98325, "delta": 0.753998}}
{"target": -4.404679372436122, "params": {"eta": 0.09435074546043537, "max_depth": 10.479543252658733, "n_estimators": 19.519114483149345}, "datetime": {"datetime": "2021-09-17 13:23:47", "elapsed": 48.553246, "delta": 0.569996}}
{"target": -2.49935213515633, "params": {"eta": 0.17691436150477147, "max_depth": 10.275422503156118, "n_estimators": 19.59410121128456}, "datetime": {"datetime": "2021-09-17 13:23:48", "elapsed": 49.674486, "delta": 1.12124}}
{"target": -2.3000833605465134, "params": {"eta": 0.1956174345671514, "max_depth": 11.255084033904403, "n_estimators": 18.795564928687416}, "datetime": {"datetime": "2021-09-17 13:23:49", "elapsed": 50.59717, "delta": 0.922684}}
{"target": -2.3909538262768795, "params": {"eta": 0.2, "max_depth": 10.322846966640261, "n_estimators": 19.720814884494157}, "datetime": {"datetime": "2021-09-17 13:23:50", "elapsed": 51.44885, "delta": 0.85168}}
{"target": -4.436390209197998, "params": {"eta": 0.09323878661740431, "max_depth": 10.23995502456222, "n_estimators": 19.71315851485693}, "datetime": {"datetime": "2021-09-17 13:23:50", "elapsed": 52.120848, "delta": 0.671998}}
{"target": -2.624060986543957, "params": {"eta": 0.16098704854340234, "max_depth": 10.045793968415184, "n_estimators": 18.63410945908461}, "datetime": {"datetime": "2021-09-17 13:23:51", "elapsed": 52.591849, "delta": 0.471001}}
{"target": -2.5062858430962813, "params": {"eta": 0.17856671705823793, "max_depth": 10.261652566909762, "n_estimators": 19.403042546444247}, "datetime": {"datetime": "2021-09-17 13:23:52", "elapsed": 53.523184, "delta": 0.931335}}
{"target": -4.439749495606674, "params": {"eta": 0.10937448445189753, "max_depth": 9.956527129341596, "n_estimators": 16.553221623111455}, "datetime": {"datetime": "2021-09-17 13:23:52", "elapsed": 53.952188, "delta": 0.429004}}
{"target": -2.4561100068845247, "params": {"eta": 0.1894624583268933, "max_depth": 8.537047932180107, "n_estimators": 16.53552255865774}, "datetime": {"datetime": "2021-09-17 13:23:53", "elapsed": 54.398181, "delta": 0.445993}}
{"target": -2.3922120627604033, "params": {"eta": 0.19826019728320307, "max_depth": 10.449671817293087, "n_estimators": 19.765035298813572}, "datetime": {"datetime": "2021-09-17 13:23:53", "elapsed": 54.998381, "delta": 0.6002}}
{"target": -2.4936219723601085, "params": {"eta": 0.1754827736500766, "max_depth": 10.208217524484773, "n_estimators": 19.493902882057757}, "datetime": {"datetime": "2021-09-17 13:23:55", "elapsed": 56.273554, "delta": 1.275173}}
{"target": -2.403319816212905, "params": {"eta": 0.19475797449207774, "max_depth": 8.602978468084661, "n_estimators": 16.43120591237771}, "datetime": {"datetime": "2021-09-17 13:23:55", "elapsed": 57.039098, "delta": 0.765544}}
{"target": -3.7655457427627166, "params": {"eta": 0.12295259278386705, "max_depth": 8.6828986049189, "n_estimators": 16.5316443473587}, "datetime": {"datetime": "2021-09-17 13:23:56", "elapsed": 57.7031, "delta": 0.664002}}
{"target": -2.7701202630996704, "params": {"eta": 0.15236784030421818, "max_depth": 11.007340441520851, "n_estimators": 17.767567373385585}, "datetime": {"datetime": "2021-09-17 13:23:56", "elapsed": 58.151105, "delta": 0.448005}}
{"target": -2.478115148920762, "params": {"eta": 0.2, "max_depth": 8.490872779023498, "n_estimators": 16.419944311280588}, "datetime": {"datetime": "2021-09-17 13:23:57", "elapsed": 58.903708, "delta": 0.752603}}
{"target": -5.24242528614245, "params": {"eta": 0.09681292041668339, "max_depth": 8.562182013989265, "n_estimators": 16.376673275349383}, "datetime": {"datetime": "2021-09-17 13:23:58", "elapsed": 59.381704, "delta": 0.477996}}
{"target": -2.3909538262768795, "params": {"eta": 0.2, "max_depth": 10.515246973975051, "n_estimators": 19.664821660892347}, "datetime": {"datetime": "2021-09-17 13:23:59", "elapsed": 60.27849, "delta": 0.896786}}
{"target": -4.532500392512271, "params": {"eta": 0.09179163340390395, "max_depth": 10.532367079960745, "n_estimators": 19.775613926219357}, "datetime": {"datetime": "2021-09-17 13:23:59", "elapsed": 60.925722, "delta": 0.647232}}
{"target": -2.377430120267366, "params": {"eta": 0.17345914939069632, "max_depth": 15.530847415672369, "n_estimators": 19.447319975086074}, "datetime": {"datetime": "2021-09-17 13:24:00", "elapsed": 61.589725, "delta": 0.664003}}
{"target": -4.402863131071392, "params": {"eta": 0.09436541759863426, "max_depth": 15.460809256396942, "n_estimators": 19.414709690291456}, "datetime": {"datetime": "2021-09-17 13:24:01", "elapsed": 62.169719, "delta": 0.579994}}
{"target": -5.069277667999267, "params": {"eta": 0.09445242733355826, "max_depth": 13.327421084405506, "n_estimators": 17.756067573779134}, "datetime": {"datetime": "2021-09-17 13:24:01", "elapsed": 62.64472, "delta": 0.475001}}
{"target": -2.410754656791687, "params": {"eta": 0.1831165942110815, "max_depth": 15.626679982454633, "n_estimators": 19.460674396972028}, "datetime": {"datetime": "2021-09-17 13:24:02", "elapsed": 63.424378, "delta": 0.779658}}
{"target": -2.4936787780962493, "params": {"eta": 0.15963613352272174, "max_depth": 15.568866007973215, "n_estimators": 19.56074515229094}, "datetime": {"datetime": "2021-09-17 13:24:02", "elapsed": 64.125379, "delta": 0.701001}}
{"target": -2.475685316010525, "params": {"eta": 0.19066141998685865, "max_depth": 12.108410533857143, "n_estimators": 17.132523165710495}, "datetime": {"datetime": "2021-09-17 13:24:03", "elapsed": 64.642378, "delta": 0.516999}}
{"target": -3.6497036130804767, "params": {"eta": 0.11764334961592318, "max_depth": 12.052497067868764, "n_estimators": 17.047186078148595}, "datetime": {"datetime": "2021-09-17 13:24:04", "elapsed": 65.542583, "delta": 0.900205}}
{"target": -2.4140121359574165, "params": {"eta": 0.19184483790275764, "max_depth": 10.565362916621687, "n_estimators": 18.883380386226616}, "datetime": {"datetime": "2021-09-17 13:24:04", "elapsed": 66.139584, "delta": 0.597001}}
{"target": -3.436090789970599, "params": {"eta": 0.11681092256406725, "max_depth": 10.478865733619852, "n_estimators": 18.885475161261148}, "datetime": {"datetime": "2021-09-17 13:24:05", "elapsed": 66.735583, "delta": 0.595999}}
{"target": -3.3467513266362645, "params": {"eta": 0.13475131712405858, "max_depth": 15.340813792738128, "n_estimators": 16.417855127877623}, "datetime": {"datetime": "2021-09-17 13:24:06", "elapsed": 67.255584, "delta": 0.520001}}
{"target": -2.4154486894607543, "params": {"eta": 0.2, "max_depth": 11.372834809892318, "n_estimators": 19.134799882157598}, "datetime": {"datetime": "2021-09-17 13:24:06", "elapsed": 68.086111, "delta": 0.830527}}
{"target": -2.4784312034908096, "params": {"eta": 0.2, "max_depth": 12.001504884204763, "n_estimators": 17.189753417946736}, "datetime": {"datetime": "2021-09-17 13:24:07", "elapsed": 68.855519, "delta": 0.769408}}
{"target": -2.502147541548076, "params": {"eta": 0.2, "max_depth": 13.808478880585072, "n_estimators": 17.387665198952615}, "datetime": {"datetime": "2021-09-17 13:24:08", "elapsed": 69.607518, "delta": 0.751999}}
{"target": -2.9447504790205707, "params": {"eta": 0.13504411619160464, "max_depth": 16.474216179526962, "n_estimators": 18.137271536518313}, "datetime": {"datetime": "2021-09-17 13:24:08", "elapsed": 70.107514, "delta": 0.499996}}
{"target": -2.353891440441734, "params": {"eta": 0.1966244887108049, "max_depth": 15.496168025898868, "n_estimators": 19.675178732197168}, "datetime": {"datetime": "2021-09-17 13:24:10", "elapsed": 71.673825, "delta": 1.566311}}
{"target": -2.312577583915309, "params": {"eta": 0.1942868727153894, "max_depth": 10.565210895291608, "n_estimators": 18.87261557935885}, "datetime": {"datetime": "2021-09-17 13:24:11", "elapsed": 72.201824, "delta": 0.527999}}
{"target": -2.7111385201152998, "params": {"eta": 0.14039585377233282, "max_depth": 15.41116567938952, "n_estimators": 19.736056602736127}, "datetime": {"datetime": "2021-09-17 13:24:11", "elapsed": 72.871822, "delta": 0.669998}}
{"target": -2.3633741849347167, "params": {"eta": 0.19457194996884997, "max_depth": 11.12782397358701, "n_estimators": 18.669378214440524}, "datetime": {"datetime": "2021-09-17 13:24:12", "elapsed": 73.432824, "delta": 0.561002}}
{"target": -2.3407512514214766, "params": {"eta": 0.19609487740711157, "max_depth": 10.544089617267016, "n_estimators": 18.773278746056043}, "datetime": {"datetime": "2021-09-17 13:24:13", "elapsed": 74.385821, "delta": 0.952997}}
{"target": -3.2043078485288117, "params": {"eta": 0.1208323115106722, "max_depth": 15.566537436091686, "n_estimators": 19.72448900199346}, "datetime": {"datetime": "2021-09-17 13:24:13", "elapsed": 75.104045, "delta": 0.718224}}
{"target": -2.860733440675234, "params": {"eta": 0.14044302121547222, "max_depth": 10.99338241262668, "n_estimators": 18.63538101276849}, "datetime": {"datetime": "2021-09-17 13:24:14", "elapsed": 75.821044, "delta": 0.716999}}
{"target": -2.502147541548076, "params": {"eta": 0.2, "max_depth": 13.91092704860783, "n_estimators": 17.477310174305515}, "datetime": {"datetime": "2021-09-17 13:24:15", "elapsed": 76.458046, "delta": 0.637002}}
{"target": -2.4321423480385227, "params": {"eta": 0.2, "max_depth": 15.37703178098725, "n_estimators": 19.632767045566247}, "datetime": {"datetime": "2021-09-17 13:24:16", "elapsed": 77.435314, "delta": 0.977268}}
{"target": -2.540314939147548, "params": {"eta": 0.15334859872979578, "max_depth": 16.319258649662984, "n_estimators": 19.396687671746776}, "datetime": {"datetime": "2021-09-17 13:24:16", "elapsed": 78.02631, "delta": 0.590996}}
{"target": -2.4422747260645816, "params": {"eta": 0.19422825077792075, "max_depth": 13.96818337495673, "n_estimators": 17.348589477250954}, "datetime": {"datetime": "2021-09-17 13:24:17", "elapsed": 78.901507, "delta": 0.875197}}
{"target": -2.40807529562398, "params": {"eta": 0.193309892989871, "max_depth": 9.765509775483313, "n_estimators": 16.949454138453465}, "datetime": {"datetime": "2021-09-17 13:24:18", "elapsed": 79.437506, "delta": 0.535999}}
{"target": -2.965987975973832, "params": {"eta": 0.14041674083064984, "max_depth": 16.210330987143294, "n_estimators": 17.194865464135127}, "datetime": {"datetime": "2021-09-17 13:24:18", "elapsed": 79.977507, "delta": 0.540001}}
{"target": -4.5257266985742675, "params": {"eta": 0.10177826375487899, "max_depth": 13.969518271540416, "n_estimators": 17.396692335965124}, "datetime": {"datetime": "2021-09-17 13:24:19", "elapsed": 80.978458, "delta": 1.000951}}
{"target": -2.804832646721288, "params": {"eta": 0.1652829417316069, "max_depth": 9.879470609228417, "n_estimators": 16.94554507991151}, "datetime": {"datetime": "2021-09-17 13:24:20", "elapsed": 81.944457, "delta": 0.965999}}
{"target": -2.3909538262768795, "params": {"eta": 0.2, "max_depth": 10.362422489064565, "n_estimators": 19.82932301291497}, "datetime": {"datetime": "2021-09-17 13:24:22", "elapsed": 83.411969, "delta": 1.467512}}
{"target": -4.803259507605904, "params": {"eta": 0.10293880016558778, "max_depth": 9.704852028084158, "n_estimators": 16.90490341957862}, "datetime": {"datetime": "2021-09-17 13:24:22", "elapsed": 83.991972, "delta": 0.580003}}
{"target": -2.5227909527326884, "params": {"eta": 0.19006172065545396, "max_depth": 9.799120741007027, "n_estimators": 17.07432321449638}, "datetime": {"datetime": "2021-09-17 13:24:23", "elapsed": 84.74597, "delta": 0.753998}}
{"target": -2.402773648814151, "params": {"eta": 0.19466117074383735, "max_depth": 13.888167063236635, "n_estimators": 17.25226047430687}, "datetime": {"datetime": "2021-09-17 13:24:24", "elapsed": 85.558018, "delta": 0.812048}}
{"target": -2.491922262467836, "params": {"eta": 0.2, "max_depth": 14.001579740325989, "n_estimators": 17.241942183184975}, "datetime": {"datetime": "2021-09-17 13:24:25", "elapsed": 86.468017, "delta": 0.909999}}
{"target": -5.360941756399055, "params": {"eta": 0.09060681847064578, "max_depth": 14.600332051154302, "n_estimators": 17.88217479378868}, "datetime": {"datetime": "2021-09-17 13:24:26", "elapsed": 87.273231, "delta": 0.805214}}
{"target": -2.4131200859421176, "params": {"eta": 0.2, "max_depth": 10.63810153758927, "n_estimators": 18.820141488687383}, "datetime": {"datetime": "2021-09-17 13:24:27", "elapsed": 88.206232, "delta": 0.933001}}
{"target": -2.4321423480385227, "params": {"eta": 0.2, "max_depth": 15.599469053661343, "n_estimators": 19.358498507547584}, "datetime": {"datetime": "2021-09-17 13:24:28", "elapsed": 89.161414, "delta": 0.955182}}
{"target": -2.491922262467836, "params": {"eta": 0.2, "max_depth": 14.423489542472375, "n_estimators": 17.87256313901663}, "datetime": {"datetime": "2021-09-17 13:24:29", "elapsed": 90.251418, "delta": 1.090004}}
{"target": -2.8229228697325053, "params": {"eta": 0.1668655550339343, "max_depth": 11.069865011411059, "n_estimators": 16.5227507052099}, "datetime": {"datetime": "2021-09-17 13:24:29", "elapsed": 90.801421, "delta": 0.550003}}
{"target": -2.989638924598694, "params": {"eta": 0.14491115547824004, "max_depth": 10.177534195988983, "n_estimators": 17.014552185945142}, "datetime": {"datetime": "2021-09-17 13:24:30", "elapsed": 91.394415, "delta": 0.592994}}
{"target": -2.502147541548076, "params": {"eta": 0.2, "max_depth": 13.921020932029784, "n_estimators": 17.13552708519465}, "datetime": {"datetime": "2021-09-17 13:24:31", "elapsed": 92.281416, "delta": 0.887001}}
{"target": -3.369461181289271, "params": {"eta": 0.11822984369586784, "max_depth": 14.919386065760078, "n_estimators": 18.942268495075893}, "datetime": {"datetime": "2021-09-17 13:24:31", "elapsed": 92.836414, "delta": 0.554998}}
{"target": -3.470609908982327, "params": {"eta": 0.11577414979374885, "max_depth": 10.343329388277741, "n_estimators": 18.572938648315464}, "datetime": {"datetime": "2021-09-17 13:24:32", "elapsed": 93.426735, "delta": 0.590321}}
{"target": -2.3624716482664407, "params": {"eta": 0.19738314841438198, "max_depth": 13.852669578010735, "n_estimators": 17.613947641805566}, "datetime": {"datetime": "2021-09-17 13:24:33", "elapsed": 94.225741, "delta": 0.799006}}
{"target": -2.755455984567341, "params": {"eta": 0.15519617801608349, "max_depth": 16.269162969727603, "n_estimators": 17.333397121831638}, "datetime": {"datetime": "2021-09-17 13:24:33", "elapsed": 94.819737, "delta": 0.593996}}
{"target": -4.065186538821772, "params": {"eta": 0.11026475920522769, "max_depth": 13.779208429949124, "n_estimators": 17.6582011225438}, "datetime": {"datetime": "2021-09-17 13:24:34", "elapsed": 95.639608, "delta": 0.819871}}
{"target": -2.3911253734638813, "params": {"eta": 0.1975817541355655, "max_depth": 13.78701065074782, "n_estimators": 17.14209858430084}, "datetime": {"datetime": "2021-09-17 13:24:35", "elapsed": 96.732632, "delta": 1.093024}}
{"target": -3.46278195506648, "params": {"eta": 0.1244192771561099, "max_depth": 13.830986030320119, "n_estimators": 17.099896443692025}, "datetime": {"datetime": "2021-09-17 13:24:36", "elapsed": 97.667627, "delta": 0.934995}}
{"target": -2.60584873964912, "params": {"eta": 0.1624502958820947, "max_depth": 15.564604602258182, "n_estimators": 19.57242856124212}, "datetime": {"datetime": "2021-09-17 13:24:37", "elapsed": 98.307625, "delta": 0.639998}}
{"target": -2.5181574670892015, "params": {"eta": 0.18333960062632315, "max_depth": 9.47632742916913, "n_estimators": 17.900346369890208}, "datetime": {"datetime": "2021-09-17 13:24:37", "elapsed": 98.900624, "delta": 0.592999}}
{"target": -2.4742086454441674, "params": {"eta": 0.19100557427669268, "max_depth": 13.982621699761594, "n_estimators": 17.595867325800587}, "datetime": {"datetime": "2021-09-17 13:24:38", "elapsed": 100.051408, "delta": 1.150784}}
{"target": -2.5395807429363852, "params": {"eta": 0.17775656406782547, "max_depth": 13.757480109465615, "n_estimators": 17.236788069549334}, "datetime": {"datetime": "2021-09-17 13:24:39", "elapsed": 100.9538, "delta": 0.902392}}
{"target": -2.4128778087465386, "params": {"eta": 0.1959721687548826, "max_depth": 13.653901338149618, "n_estimators": 17.175259366931574}, "datetime": {"datetime": "2021-09-17 13:24:41", "elapsed": 102.176566, "delta": 1.222766}}
{"target": -2.7024653070851374, "params": {"eta": 0.168371589788751, "max_depth": 14.043243100680607, "n_estimators": 17.72686949419395}, "datetime": {"datetime": "2021-09-17 13:24:41", "elapsed": 103.076266, "delta": 0.8997}}
{"target": -2.441615797971424, "params": {"eta": 0.1970294911291404, "max_depth": 13.526767485108046, "n_estimators": 17.129464463052347}, "datetime": {"datetime": "2021-09-17 13:24:42", "elapsed": 103.879263, "delta": 0.802997}}
{"target": -2.6080141431406925, "params": {"eta": 0.17903234026890905, "max_depth": 13.631800878618149, "n_estimators": 17.05269637090431}, "datetime": {"datetime": "2021-09-17 13:24:43", "elapsed": 104.620262, "delta": 0.740999}}
{"target": -2.4593087052044114, "params": {"eta": 0.19178166947065844, "max_depth": 15.418172012843058, "n_estimators": 18.14861337612721}, "datetime": {"datetime": "2021-09-17 13:24:44", "elapsed": 105.335237, "delta": 0.714975}}
{"target": -5.00757428407669, "params": {"eta": 0.09493633780832846, "max_depth": 13.526646097146145, "n_estimators": 17.139755568415666}, "datetime": {"datetime": "2021-09-17 13:24:45", "elapsed": 106.54524, "delta": 1.210003}}
{"target": -2.4784312034908096, "params": {"eta": 0.2, "max_depth": 12.317648674344682, "n_estimators": 17.0426039026609}, "datetime": {"datetime": "2021-09-17 13:24:46", "elapsed": 107.496331, "delta": 0.951091}}
{"target": -3.7862238695746973, "params": {"eta": 0.10429652855165265, "max_depth": 10.278852188795756, "n_estimators": 19.48974189673406}, "datetime": {"datetime": "2021-09-17 13:24:47", "elapsed": 108.442333, "delta": 0.946002}}
{"target": -5.722825575502296, "params": {"eta": 0.09152733347905996, "max_depth": 15.459576400906506, "n_estimators": 16.3474458522336}, "datetime": {"datetime": "2021-09-17 13:24:47", "elapsed": 109.067528, "delta": 0.625195}}
{"target": -2.2884763598442075, "params": {"eta": 0.19559498481151022, "max_depth": 10.171978747891536, "n_estimators": 19.396375769800127}, "datetime": {"datetime": "2021-09-17 13:24:49", "elapsed": 110.484138, "delta": 1.41661}}
{"target": -2.3724675191076177, "params": {"eta": 0.19550894069937214, "max_depth": 10.049795280195747, "n_estimators": 19.518319069213728}, "datetime": {"datetime": "2021-09-17 13:24:50", "elapsed": 111.68555, "delta": 1.201412}}
{"target": -3.3561896882559124, "params": {"eta": 0.12728744852576873, "max_depth": 11.157537279253022, "n_estimators": 17.452551986590784}, "datetime": {"datetime": "2021-09-17 13:24:51", "elapsed": 112.332549, "delta": 0.646999}}
{"target": -2.7944504003775745, "params": {"eta": 0.13943156179474506, "max_depth": 10.091672058468674, "n_estimators": 19.44088969988226}, "datetime": {"datetime": "2021-09-17 13:24:52", "elapsed": 113.545803, "delta": 1.213254}}
{"target": -2.5067096998817044, "params": {"eta": 0.17713410452306913, "max_depth": 10.214584319062395, "n_estimators": 19.266329196791563}, "datetime": {"datetime": "2021-09-17 13:24:53", "elapsed": 114.856803, "delta": 1.311}}
