{"target": -2.5746381207516316, "params": {"eta": 0.16027943292507535, "max_depth": 15.535443759442018, "n_estimators": 18.121728264968393}, "datetime": {"datetime": "2021-09-17 13:24:54", "elapsed": 115.823469, "delta": 0.966666}}
{"target": -2.45299782690249, "params": {"eta": 0.2, "max_depth": 15.443705031066013, "n_estimators": 18.02836522563384}, "datetime": {"datetime": "2021-09-17 13:24:55", "elapsed": 116.98179, "delta": 1.158321}}
{"target": -3.5809615517917437, "params": {"eta": 0.1261124861774549, "max_depth": 12.180515125437362, "n_estimators": 16.284571920842975}, "datetime": {"datetime": "2021-09-17 13:24:56", "elapsed": 117.635789, "delta": 0.653999}}
{"target": -4.352111139422969, "params": {"eta": 0.10410032968762012, "max_depth": 8.359858935725025, "n_estimators": 17.325773562895577}, "datetime": {"datetime": "2021-09-17 13:24:57", "elapsed": 118.292808, "delta": 0.657019}}
{"target": -3.7881046201053423, "params": {"eta": 0.11029898643106664, "max_depth": 15.408612917922053, "n_estimators": 18.069850376521178}, "datetime": {"datetime": "2021-09-17 13:24:58", "elapsed": 119.707995, "delta": 1.415187}}
{"target": -2.5482377585611844, "params": {"eta": 0.17834538626806018, "max_depth": 15.49709967554484, "n_estimators": 18.2373479825955}, "datetime": {"datetime": "2021-09-17 13:24:59", "elapsed": 120.717644, "delta": 1.009649}}
{"target": -2.334255623817444, "params": {"eta": 0.1958445708490168, "max_depth": 9.976577206140888, "n_estimators": 19.591115004935578}, "datetime": {"datetime": "2021-09-17 13:25:00", "elapsed": 121.735527, "delta": 1.017883}}
{"target": -2.9278104932684648, "params": {"eta": 0.13757435263023243, "max_depth": 16.48070289542534, "n_estimators": 18.134993475831486}, "datetime": {"datetime": "2021-09-17 13:25:01", "elapsed": 122.407531, "delta": 0.672004}}
{"target": -2.445220699435786, "params": {"eta": 0.15639454165800182, "max_depth": 9.900016926688021, "n_estimators": 19.49051919300479}, "datetime": {"datetime": "2021-09-17 13:25:02", "elapsed": 123.484973, "delta": 1.077442}}
{"target": -4.704215508385708, "params": {"eta": 0.09, "max_depth": 9.978625747191666, "n_estimators": 19.55716709154456}, "datetime": {"datetime": "2021-09-17 13:25:03", "elapsed": 124.554972, "delta": 1.069999}}
{"target": -2.5404870880277532, "params": {"eta": 0.16489767219944387, "max_depth": 9.799608447326795, "n_estimators": 19.508440962744025}, "datetime": {"datetime": "2021-09-17 13:25:04", "elapsed": 125.984969, "delta": 1.429997}}
{"target": -2.3384569500621994, "params": {"eta": 0.19445613045689913, "max_depth": 15.384525754513966, "n_estimators": 18.25939863976455}, "datetime": {"datetime": "2021-09-17 13:25:05", "elapsed": 127.045253, "delta": 1.060284}}
{"target": -2.328264254645297, "params": {"eta": 0.1959538202304231, "max_depth": 9.91825842131803, "n_estimators": 19.40354705768723}, "datetime": {"datetime": "2021-09-17 13:25:06", "elapsed": 127.949248, "delta": 0.903995}}
{"target": -2.6305176138877866, "params": {"eta": 0.1472313644522839, "max_depth": 9.819220458302212, "n_estimators": 19.350310296391406}, "datetime": {"datetime": "2021-09-17 13:25:07", "elapsed": 128.961252, "delta": 1.012004}}
{"target": -3.7337390510659474, "params": {"eta": 0.1243372904032159, "max_depth": 16.033640017905732, "n_estimators": 16.60861851146956}, "datetime": {"datetime": "2021-09-17 13:25:08", "elapsed": 129.672896, "delta": 0.711644}}
{"target": -2.3909538262768795, "params": {"eta": 0.2, "max_depth": 10.340086642435292, "n_estimators": 19.300843933090103}, "datetime": {"datetime": "2021-09-17 13:25:09", "elapsed": 130.703492, "delta": 1.030596}}
{"target": -2.3697330851303904, "params": {"eta": 0.18611005696711314, "max_depth": 10.294359847829593, "n_estimators": 19.1652209478114}, "datetime": {"datetime": "2021-09-17 13:25:10", "elapsed": 131.765699, "delta": 1.062207}}
{"target": -3.8272631356590674, "params": {"eta": 0.10293218930101522, "max_depth": 10.310231679228167, "n_estimators": 19.213267324206637}, "datetime": {"datetime": "2021-09-17 13:25:11", "elapsed": 132.802699, "delta": 1.037}}
{"target": -2.2706657961795202, "params": {"eta": 0.1973866238243595, "max_depth": 15.403266451361983, "n_estimators": 18.36968882630209}, "datetime": {"datetime": "2021-09-17 13:25:12", "elapsed": 133.890178, "delta": 1.087479}}
{"target": -3.368061717560417, "params": {"eta": 0.11826773920021233, "max_depth": 15.436973827821525, "n_estimators": 18.30078414962638}, "datetime": {"datetime": "2021-09-17 13:25:13", "elapsed": 134.95218, "delta": 1.062002}}
{"target": -2.490309006289432, "params": {"eta": 0.2, "max_depth": 15.553307043640181, "n_estimators": 17.991650587999004}, "datetime": {"datetime": "2021-09-17 13:25:15", "elapsed": 136.331177, "delta": 1.378997}}
{"target": -2.420530266510813, "params": {"eta": 0.19197745178813486, "max_depth": 15.29262032636487, "n_estimators": 18.359558027015755}, "datetime": {"datetime": "2021-09-17 13:25:16", "elapsed": 137.37941, "delta": 1.048233}}
{"target": -2.37583984701257, "params": {"eta": 0.2, "max_depth": 9.86570055956796, "n_estimators": 19.603987637330196}, "datetime": {"datetime": "2021-09-17 13:25:17", "elapsed": 138.324411, "delta": 0.945001}}
{"target": -3.2270565585086217, "params": {"eta": 0.11751015760865254, "max_depth": 10.344432427786009, "n_estimators": 19.261531852345907}, "datetime": {"datetime": "2021-09-17 13:25:17", "elapsed": 139.042408, "delta": 0.717997}}
{"target": -2.37583984701257, "params": {"eta": 0.2, "max_depth": 9.938343543465622, "n_estimators": 19.703406410061266}, "datetime": {"datetime": "2021-09-17 13:25:19", "elapsed": 140.242664, "delta": 1.200256}}
{"target": -2.432273478884446, "params": {"eta": 0.19883753725819753, "max_depth": 15.291580849562669, "n_estimators": 18.185502820234454}, "datetime": {"datetime": "2021-09-17 13:25:20", "elapsed": 141.505909, "delta": 1.263245}}
{"target": -2.3734354690501562, "params": {"eta": 0.18536149509598487, "max_depth": 10.218289243743053, "n_estimators": 19.076945511130575}, "datetime": {"datetime": "2021-09-17 13:25:22", "elapsed": 143.421489, "delta": 1.91558}}
{"target": -2.490309006289432, "params": {"eta": 0.2, "max_depth": 15.462551020891063, "n_estimators": 17.90077502842479}, "datetime": {"datetime": "2021-09-17 13:25:23", "elapsed": 144.746489, "delta": 1.325}}
{"target": -2.3909538262768795, "params": {"eta": 0.2, "max_depth": 10.327886111302838, "n_estimators": 19.061416191425778}, "datetime": {"datetime": "2021-09-17 13:25:25", "elapsed": 146.175857, "delta": 1.429368}}
{"target": -2.55214189604709, "params": {"eta": 0.16922474311043312, "max_depth": 15.325922206695395, "n_estimators": 18.48962183962316}, "datetime": {"datetime": "2021-09-17 13:25:26", "elapsed": 147.675115, "delta": 1.499258}}
{"target": -3.150191832216162, "params": {"eta": 0.12693031909730274, "max_depth": 15.223349935535479, "n_estimators": 18.27603572694085}, "datetime": {"datetime": "2021-09-17 13:25:27", "elapsed": 149.043117, "delta": 1.368002}}
{"target": -4.4028943444553175, "params": {"eta": 0.10398752230850407, "max_depth": 8.650158500854218, "n_estimators": 17.749327684080537}, "datetime": {"datetime": "2021-09-17 13:25:28", "elapsed": 149.830929, "delta": 0.787812}}
{"target": -2.492728469873729, "params": {"eta": 0.18639342052248029, "max_depth": 9.698324691986054, "n_estimators": 17.762734630602854}, "datetime": {"datetime": "2021-09-17 13:25:30", "elapsed": 151.195181, "delta": 1.364252}}
{"target": -2.6010015117494683, "params": {"eta": 0.15175955566815455, "max_depth": 9.5063471093243, "n_estimators": 19.072178439542018}, "datetime": {"datetime": "2021-09-17 13:25:30", "elapsed": 152.001175, "delta": 0.805994}}
{"target": -4.769639051587958, "params": {"eta": 0.09771038140820847, "max_depth": 17.74846009747612, "n_estimators": 17.618347500025422}, "datetime": {"datetime": "2021-09-17 13:25:31", "elapsed": 152.870177, "delta": 0.869002}}
{"target": -3.3712919542663977, "params": {"eta": 0.11859590619076005, "max_depth": 10.158654509183016, "n_estimators": 18.4590692948612}, "datetime": {"datetime": "2021-09-17 13:25:32", "elapsed": 153.644606, "delta": 0.774429}}
{"target": -2.372449369806992, "params": {"eta": 0.19897797889441343, "max_depth": 10.40506502507729, "n_estimators": 19.40981651467827}, "datetime": {"datetime": "2021-09-17 13:25:33", "elapsed": 154.891602, "delta": 1.246996}}
{"target": -2.5775643674950848, "params": {"eta": 0.17023128830155945, "max_depth": 9.564980114687831, "n_estimators": 17.784840248080457}, "datetime": {"datetime": "2021-09-17 13:25:35", "elapsed": 156.49608, "delta": 1.604478}}
{"target": -5.36067851781845, "params": {"eta": 0.09560111047937815, "max_depth": 11.020150998446404, "n_estimators": 16.40337997771643}, "datetime": {"datetime": "2021-09-17 13:25:36", "elapsed": 157.291338, "delta": 0.795258}}
{"target": -2.853233848120037, "params": {"eta": 0.1492002362111432, "max_depth": 9.405796223701909, "n_estimators": 17.77972090424553}, "datetime": {"datetime": "2021-09-17 13:25:37", "elapsed": 158.924286, "delta": 1.632948}}
{"target": -3.7651306384488152, "params": {"eta": 0.11532123313099461, "max_depth": 9.630821827393877, "n_estimators": 17.681327535447362}, "datetime": {"datetime": "2021-09-17 13:25:39", "elapsed": 160.795922, "delta": 1.871636}}
{"target": -2.7602047970420434, "params": {"eta": 0.1543128120315675, "max_depth": 9.61313040954145, "n_estimators": 17.917814878186846}, "datetime": {"datetime": "2021-09-17 13:25:40", "elapsed": 161.88416, "delta": 1.088238}}
{"target": -2.3638384511596278, "params": {"eta": 0.19303809804912986, "max_depth": 9.8284179478449, "n_estimators": 17.823615304785374}, "datetime": {"datetime": "2021-09-17 13:25:41", "elapsed": 162.998156, "delta": 1.113996}}
{"target": -2.677059711280622, "params": {"eta": 0.16274484778704434, "max_depth": 9.919627324868127, "n_estimators": 17.721873835231662}, "datetime": {"datetime": "2021-09-17 13:25:43", "elapsed": 164.255582, "delta": 1.257426}}
{"target": -2.5210087255427713, "params": {"eta": 0.1761434490075646, "max_depth": 9.791581303052054, "n_estimators": 17.938045969545026}, "datetime": {"datetime": "2021-09-17 13:25:44", "elapsed": 165.901089, "delta": 1.645507}}
{"target": -2.445598811224887, "params": {"eta": 0.19674481642284852, "max_depth": 14.332916845559563, "n_estimators": 17.389093027631148}, "datetime": {"datetime": "2021-09-17 13:25:46", "elapsed": 167.21608, "delta": 1.314991}}
{"target": -4.427697201151597, "params": {"eta": 0.10383996367795305, "max_depth": 9.807012747698666, "n_estimators": 17.84359300718266}, "datetime": {"datetime": "2021-09-17 13:25:47", "elapsed": 168.261122, "delta": 1.045042}}
{"target": -2.3965732775236432, "params": {"eta": 0.19606283106148695, "max_depth": 14.199274238329004, "n_estimators": 17.430861459593096}, "datetime": {"datetime": "2021-09-17 13:25:48", "elapsed": 169.468296, "delta": 1.207174}}
{"target": -3.61261202347906, "params": {"eta": 0.12156628225093595, "max_depth": 14.248016351100443, "n_estimators": 17.344515782856746}, "datetime": {"datetime": "2021-09-17 13:25:49", "elapsed": 170.780944, "delta": 1.312648}}
{"target": -2.377912330000024, "params": {"eta": 0.1994372225674549, "max_depth": 11.127865335694079, "n_estimators": 18.763221433352218}, "datetime": {"datetime": "2021-09-17 13:25:50", "elapsed": 171.60846, "delta": 0.827516}}
{"target": -3.3954151642949957, "params": {"eta": 0.1126465893279883, "max_depth": 14.22221104847533, "n_estimators": 19.214982322943463}, "datetime": {"datetime": "2021-09-17 13:25:51", "elapsed": 172.399462, "delta": 0.791002}}
{"target": -2.3157632545421, "params": {"eta": 0.19761982201774295, "max_depth": 9.906043991429968, "n_estimators": 17.893197652924442}, "datetime": {"datetime": "2021-09-17 13:25:52", "elapsed": 174.03162, "delta": 1.632158}}
{"target": -2.373388027517419, "params": {"eta": 0.19466280568771305, "max_depth": 10.054352852614215, "n_estimators": 17.836284510721473}, "datetime": {"datetime": "2021-09-17 13:25:54", "elapsed": 175.227902, "delta": 1.196282}}
{"target": -2.3341487551990308, "params": {"eta": 0.19354628041865485, "max_depth": 9.849944229842036, "n_estimators": 18.065037632135905}, "datetime": {"datetime": "2021-09-17 13:25:55", "elapsed": 176.779904, "delta": 1.552002}}
{"target": -2.74528356225867, "params": {"eta": 0.15284862208266112, "max_depth": 11.012126461508492, "n_estimators": 17.774102621755336}, "datetime": {"datetime": "2021-09-17 13:25:56", "elapsed": 177.679124, "delta": 0.89922}}
{"target": -2.4738177186564396, "params": {"eta": 0.16283342119028402, "max_depth": 9.776937826911192, "n_estimators": 18.178620498497956}, "datetime": {"datetime": "2021-09-17 13:25:57", "elapsed": 178.995124, "delta": 1.316}}
{"target": -3.8341052281229118, "params": {"eta": 0.10287807542470076, "max_depth": 15.761062735982687, "n_estimators": 19.072566134672808}, "datetime": {"datetime": "2021-09-17 13:25:58", "elapsed": 179.862349, "delta": 0.867225}}
{"target": -2.658042982377504, "params": {"eta": 0.1512664628996381, "max_depth": 9.66230774422895, "n_estimators": 18.06948389675777}, "datetime": {"datetime": "2021-09-17 13:26:00", "elapsed": 181.64615, "delta": 1.783801}}
{"target": -4.3252219702068135, "params": {"eta": 0.10000347455121131, "max_depth": 9.822446461983244, "n_estimators": 18.056369662983847}, "datetime": {"datetime": "2021-09-17 13:26:02", "elapsed": 183.363681, "delta": 1.717531}}
{"target": -2.4081013277957313, "params": {"eta": 0.2, "max_depth": 9.66427615855392, "n_estimators": 18.208856435365846}, "datetime": {"datetime": "2021-09-17 13:26:03", "elapsed": 184.468683, "delta": 1.105002}}
{"target": -3.5159790729221543, "params": {"eta": 0.11545746339196183, "max_depth": 11.171538172999798, "n_estimators": 18.738805746715048}, "datetime": {"datetime": "2021-09-17 13:26:04", "elapsed": 185.297826, "delta": 0.829143}}
{"target": -2.5926104752640975, "params": {"eta": 0.1499967480115187, "max_depth": 12.596025899277052, "n_estimators": 19.707011318515022}, "datetime": {"datetime": "2021-09-17 13:26:05", "elapsed": 186.152829, "delta": 0.855003}}
{"target": -2.462886897513741, "params": {"eta": 0.2, "max_depth": 10.073965812182076, "n_estimators": 17.717455304931786}, "datetime": {"datetime": "2021-09-17 13:26:06", "elapsed": 187.498415, "delta": 1.345586}}
{"target": -4.205764606124476, "params": {"eta": 0.10693460127463587, "max_depth": 10.106952873873325, "n_estimators": 17.771761070275723}, "datetime": {"datetime": "2021-09-17 13:26:07", "elapsed": 188.82241, "delta": 1.323995}}
{"target": -2.3351014733314512, "params": {"eta": 0.19381686289463085, "max_depth": 9.926309609574282, "n_estimators": 17.986556853132903}, "datetime": {"datetime": "2021-09-17 13:26:09", "elapsed": 190.671778, "delta": 1.849368}}
{"target": -2.477609120544634, "params": {"eta": 0.1808230402609951, "max_depth": 9.709624157791039, "n_estimators": 18.299433887565698}, "datetime": {"datetime": "2021-09-17 13:26:10", "elapsed": 192.127013, "delta": 1.455235}}
{"target": -3.793302131326575, "params": {"eta": 0.10466522049912017, "max_depth": 16.12455381395177, "n_estimators": 19.21689038081693}, "datetime": {"datetime": "2021-09-17 13:26:11", "elapsed": 192.983012, "delta": 0.855999}}
{"target": -3.7993173254163644, "params": {"eta": 0.1094088402836226, "max_depth": 9.603221179153458, "n_estimators": 18.23069841008607}, "datetime": {"datetime": "2021-09-17 13:26:13", "elapsed": 194.192796, "delta": 1.209784}}
{"target": -4.2359745220134135, "params": {"eta": 0.1124289339659196, "max_depth": 17.04002313738424, "n_estimators": 16.589448676979007}, "datetime": {"datetime": "2021-09-17 13:26:13", "elapsed": 195.0698, "delta": 0.877004}}
{"target": -2.4081013277957313, "params": {"eta": 0.2, "max_depth": 9.888551587093414, "n_estimators": 18.181221162185114}, "datetime": {"datetime": "2021-09-17 13:26:15", "elapsed": 196.61694, "delta": 1.54714}}
{"target": -2.324712792195772, "params": {"eta": 0.19259126643473712, "max_depth": 9.783183333014994, "n_estimators": 19.703353373285278}, "datetime": {"datetime": "2021-09-17 13:26:16", "elapsed": 198.090113, "delta": 1.473173}}
{"target": -2.3668024364270663, "params": {"eta": 0.18947255426636803, "max_depth": 11.326308863481444, "n_estimators": 19.01323758492411}, "datetime": {"datetime": "2021-09-17 13:26:17", "elapsed": 199.092112, "delta": 1.001999}}
{"target": -2.3599092703116566, "params": {"eta": 0.19785619975525803, "max_depth": 12.740462259824614, "n_estimators": 16.489735481931927}, "datetime": {"datetime": "2021-09-17 13:26:18", "elapsed": 200.028863, "delta": 0.936751}}
{"target": -2.8305356270388553, "params": {"eta": 0.13257327661951446, "max_depth": 9.856624350153355, "n_estimators": 19.81473499181249}, "datetime": {"datetime": "2021-09-17 13:26:20", "elapsed": 201.994409, "delta": 1.965546}}
{"target": -2.4658502986556603, "params": {"eta": 0.1817789695259742, "max_depth": 9.840756410613329, "n_estimators": 18.273836144640264}, "datetime": {"datetime": "2021-09-17 13:26:22", "elapsed": 203.54914, "delta": 1.554731}}
{"target": -4.953170428150578, "params": {"eta": 0.1009470495752117, "max_depth": 12.793388891904648, "n_estimators": 16.530668243248996}, "datetime": {"datetime": "2021-09-17 13:26:23", "elapsed": 205.070174, "delta": 1.521034}}
{"target": -2.4847772980991167, "params": {"eta": 0.1987745077055862, "max_depth": 12.70251531882079, "n_estimators": 16.365051739775474}, "datetime": {"datetime": "2021-09-17 13:26:25", "elapsed": 206.300138, "delta": 1.229964}}
{"target": -2.5442968889286646, "params": {"eta": 0.2, "max_depth": 12.637776103515808, "n_estimators": 16.469232889743243}, "datetime": {"datetime": "2021-09-17 13:26:26", "elapsed": 208.018801, "delta": 1.718663}}
{"target": -2.3909538262768795, "params": {"eta": 0.2, "max_depth": 10.135514475012373, "n_estimators": 19.581677146030273}, "datetime": {"datetime": "2021-09-17 13:26:28", "elapsed": 209.753895, "delta": 1.735094}}
{"target": -2.362906959809755, "params": {"eta": 0.1946378238259776, "max_depth": 11.14618296551683, "n_estimators": 18.77597657839168}, "datetime": {"datetime": "2021-09-17 13:26:29", "elapsed": 210.755491, "delta": 1.001596}}
{"target": -2.45299782690249, "params": {"eta": 0.2, "max_depth": 15.629235816690647, "n_estimators": 18.20470027193997}, "datetime": {"datetime": "2021-09-17 13:26:31", "elapsed": 212.503376, "delta": 1.747885}}
{"target": -2.45299782690249, "params": {"eta": 0.2, "max_depth": 15.662412712364587, "n_estimators": 18.083100099473587}, "datetime": {"datetime": "2021-09-17 13:26:33", "elapsed": 214.614384, "delta": 2.111008}}
{"target": -2.5033843975318106, "params": {"eta": 0.19101583316187942, "max_depth": 9.97746862482782, "n_estimators": 17.805107574816084}, "datetime": {"datetime": "2021-09-17 13:26:34", "elapsed": 216.012473, "delta": 1.398089}}
{"target": -2.4316819391752547, "params": {"eta": 0.19554147151307055, "max_depth": 10.01998062045199, "n_estimators": 17.932146435912248}, "datetime": {"datetime": "2021-09-17 13:26:36", "elapsed": 218.109743, "delta": 2.09727}}
{"target": -2.510225259630304, "params": {"eta": 0.19883169190019867, "max_depth": 17.34113619746209, "n_estimators": 16.220849130239486}, "datetime": {"datetime": "2021-09-17 13:26:37", "elapsed": 219.094291, "delta": 0.984548}}
{"target": -4.1770122772768925, "params": {"eta": 0.10333566989103155, "max_depth": 15.690734356784919, "n_estimators": 18.15316192575745}, "datetime": {"datetime": "2021-09-17 13:26:39", "elapsed": 220.668949, "delta": 1.574658}}
{"target": -3.083412832962839, "params": {"eta": 0.12466863487035781, "max_depth": 9.732748325597242, "n_estimators": 19.646733195881808}, "datetime": {"datetime": "2021-09-17 13:26:41", "elapsed": 222.377147, "delta": 1.708198}}
{"target": -2.489390881438004, "params": {"eta": 0.18749635310959573, "max_depth": 8.53666366536101, "n_estimators": 16.531979040133148}, "datetime": {"datetime": "2021-09-17 13:26:42", "elapsed": 223.404341, "delta": 1.027194}}
{"target": -2.4987538651416172, "params": {"eta": 0.18679242535592502, "max_depth": 10.2076371692099, "n_estimators": 18.9614429262739}, "datetime": {"datetime": "2021-09-17 13:26:43", "elapsed": 225.033342, "delta": 1.629001}}
{"target": -2.5119081001532706, "params": {"eta": 0.18107829501132502, "max_depth": 10.02105249682302, "n_estimators": 17.576839108172816}, "datetime": {"datetime": "2021-09-17 13:26:45", "elapsed": 226.858903, "delta": 1.825561}}
{"target": -3.1228307215790996, "params": {"eta": 0.13347414595320445, "max_depth": 9.867475035084206, "n_estimators": 17.581789722851894}, "datetime": {"datetime": "2021-09-17 13:26:48", "elapsed": 229.406871, "delta": 2.547968}}
{"target": -2.517741263540168, "params": {"eta": 0.199712746468152, "max_depth": 17.37931887140509, "n_estimators": 16.355904842363344}, "datetime": {"datetime": "2021-09-17 13:26:50", "elapsed": 231.253606, "delta": 1.846735}}
{"target": -2.823073244722266, "params": {"eta": 0.1561547325956232, "max_depth": 17.258231118122996, "n_estimators": 16.296526532199024}, "datetime": {"datetime": "2021-09-17 13:26:52", "elapsed": 233.431045, "delta": 2.177439}}
{"target": -3.313897083934985, "params": {"eta": 0.135455463390331, "max_depth": 11.16216510554426, "n_estimators": 16.598543079994528}, "datetime": {"datetime": "2021-09-17 13:26:53", "elapsed": 234.429045, "delta": 0.998}}
{"target": -2.490309006289432, "params": {"eta": 0.2, "max_depth": 15.682946738112713, "n_estimators": 17.95969108662523}, "datetime": {"datetime": "2021-09-17 13:26:54", "elapsed": 236.109843, "delta": 1.680798}}
{"target": -2.5760400985416614, "params": {"eta": 0.17141642092121262, "max_depth": 15.587503900827338, "n_estimators": 17.838110318482034}, "datetime": {"datetime": "2021-09-17 13:26:56", "elapsed": 237.547217, "delta": 1.437374}}
