{"target": -2.4508355008928397, "params": {"eta": 0.24282309875458724, "max_depth": 4.552924285982856, "n_estimators": 61.44438650974058}, "datetime": {"datetime": "2021-09-21 16:20:52", "elapsed": 146.257597, "delta": 0.623998}}
{"target": -2.4769588024992695, "params": {"eta": 0.3363088459859672, "max_depth": 4.985019204276698, "n_estimators": 61.44677608592905}, "datetime": {"datetime": "2021-09-21 16:20:53", "elapsed": 147.018352, "delta": 0.760755}}
{"target": -2.5714538674605514, "params": {"eta": 0.47290366707192866, "max_depth": 4.601170614335621, "n_estimators": 61.35157042501611}, "datetime": {"datetime": "2021-09-21 16:20:53", "elapsed": 147.746694, "delta": 0.728342}}
{"target": -2.469628953306299, "params": {"eta": 0.33960854170424787, "max_depth": 4.737124033090297, "n_estimators": 67.89446217570514}, "datetime": {"datetime": "2021-09-21 16:20:54", "elapsed": 148.37269, "delta": 0.625996}}
{"target": -2.48229093488894, "params": {"eta": 0.24911719114387354, "max_depth": 6.408795434140144, "n_estimators": 43.60794778988168}, "datetime": {"datetime": "2021-09-21 16:20:55", "elapsed": 148.970853, "delta": 0.598163}}
{"target": -2.4360898544913843, "params": {"eta": 0.24557295261387932, "max_depth": 4.741892899877276, "n_estimators": 52.84649371470175}, "datetime": {"datetime": "2021-09-21 16:20:55", "elapsed": 149.649243, "delta": 0.67839}}
{"target": -2.380232803445113, "params": {"eta": 0.29319633336882706, "max_depth": 5.193406583171047, "n_estimators": 61.42028947402373}, "datetime": {"datetime": "2021-09-21 16:20:56", "elapsed": 150.280873, "delta": 0.63163}}
{"target": -2.4605799524407637, "params": {"eta": 0.2475146189808849, "max_depth": 5.3602189391596715, "n_estimators": 76.78659400243343}, "datetime": {"datetime": "2021-09-21 16:20:57", "elapsed": 151.077854, "delta": 0.796981}}
{"target": -2.5486472167466814, "params": {"eta": 0.31415221657043574, "max_depth": 4.770275398989741, "n_estimators": 61.41752393450346}, "datetime": {"datetime": "2021-09-21 16:20:58", "elapsed": 151.821855, "delta": 0.744001}}
{"target": -2.373884181599868, "params": {"eta": 0.10106334581080934, "max_depth": 5.844718318165347, "n_estimators": 63.26178299147816}, "datetime": {"datetime": "2021-09-21 16:20:58", "elapsed": 152.446858, "delta": 0.625003}}
{"target": -2.856109675608183, "params": {"eta": 0.4974237941508378, "max_depth": 6.158008578195769, "n_estimators": 76.28926261839459}, "datetime": {"datetime": "2021-09-21 16:20:59", "elapsed": 153.154664, "delta": 0.707806}}
{"target": -2.468639388837312, "params": {"eta": 0.344304083324877, "max_depth": 4.496008451643114, "n_estimators": 66.68776583285317}, "datetime": {"datetime": "2021-09-21 16:21:00", "elapsed": 154.165321, "delta": 1.010657}}
{"target": -2.6842816001490544, "params": {"eta": 0.24104031633142742, "max_depth": 2.7451409693448423, "n_estimators": 53.952368018068654}, "datetime": {"datetime": "2021-09-21 16:21:00", "elapsed": 154.75232, "delta": 0.586999}}
{"target": -2.344343115781483, "params": {"eta": 0.21140257621379438, "max_depth": 6.248910692293311, "n_estimators": 76.63918859108759}, "datetime": {"datetime": "2021-09-21 16:21:01", "elapsed": 155.501498, "delta": 0.749178}}
{"target": -2.497317646051708, "params": {"eta": 0.29928788346470564, "max_depth": 6.302074504760035, "n_estimators": 76.55401227947252}, "datetime": {"datetime": "2021-09-21 16:21:02", "elapsed": 156.238499, "delta": 0.737001}}
{"target": -2.673327542606153, "params": {"eta": 0.4137851095924379, "max_depth": 2.2059313808682655, "n_estimators": 79.73950391755822}, "datetime": {"datetime": "2021-09-21 16:21:03", "elapsed": 156.863804, "delta": 0.625305}}
{"target": -2.714374265545293, "params": {"eta": 0.2949044311430933, "max_depth": 2.8773141498916592, "n_estimators": 63.778881869624925}, "datetime": {"datetime": "2021-09-21 16:21:03", "elapsed": 157.400217, "delta": 0.536413}}
{"target": -2.440540435439662, "params": {"eta": 0.06701831788703078, "max_depth": 6.339883692941218, "n_estimators": 76.65943001664584}, "datetime": {"datetime": "2021-09-21 16:21:04", "elapsed": 158.124217, "delta": 0.724}}
{"target": -2.4233103946635595, "params": {"eta": 0.2330192392938394, "max_depth": 5.1341513974388, "n_estimators": 56.99029718199538}, "datetime": {"datetime": "2021-09-21 16:21:05", "elapsed": 158.776492, "delta": 0.652275}}
{"target": -2.453012606972142, "params": {"eta": 0.3034564791159658, "max_depth": 5.31687650899334, "n_estimators": 52.64872079343157}, "datetime": {"datetime": "2021-09-21 16:21:05", "elapsed": 159.704832, "delta": 0.92834}}
{"target": -2.455849330048812, "params": {"eta": 0.22816645406617553, "max_depth": 4.65958490182484, "n_estimators": 61.64678878779755}, "datetime": {"datetime": "2021-09-21 16:21:06", "elapsed": 160.414581, "delta": 0.709749}}
{"target": -2.4163108066508645, "params": {"eta": 0.1415566095242793, "max_depth": 6.089513978761947, "n_estimators": 76.65060461058088}, "datetime": {"datetime": "2021-09-21 16:21:07", "elapsed": 161.375152, "delta": 0.960571}}
{"target": -2.4056085799869735, "params": {"eta": 0.09595665013004337, "max_depth": 5.2188363832934, "n_estimators": 76.91362220157049}, "datetime": {"datetime": "2021-09-21 16:21:08", "elapsed": 162.18015, "delta": 0.804998}}
{"target": -2.966325378417969, "params": {"eta": 0.19852313917146358, "max_depth": 1.9140610931200261, "n_estimators": 79.04325448010115}, "datetime": {"datetime": "2021-09-21 16:21:08", "elapsed": 162.739127, "delta": 0.558977}}
{"target": -2.613305449485779, "params": {"eta": 0.07253738011027834, "max_depth": 4.592265963520228, "n_estimators": 52.83052161461244}, "datetime": {"datetime": "2021-09-21 16:21:09", "elapsed": 163.562424, "delta": 0.823297}}
{"target": -2.4829332539909763, "params": {"eta": 0.23543008787837283, "max_depth": 4.778876107812172, "n_estimators": 59.05195357421318}, "datetime": {"datetime": "2021-09-21 16:21:10", "elapsed": 164.111013, "delta": 0.548589}}
{"target": -2.594441955340536, "params": {"eta": 0.4673503106030665, "max_depth": 4.020675256402903, "n_estimators": 66.50716444984319}, "datetime": {"datetime": "2021-09-21 16:21:11", "elapsed": 164.879458, "delta": 0.768445}}
{"target": -2.3846308802303517, "params": {"eta": 0.21808886328220456, "max_depth": 4.626361143970909, "n_estimators": 51.896113190666284}, "datetime": {"datetime": "2021-09-21 16:21:11", "elapsed": 165.438304, "delta": 0.558846}}
{"target": -2.4952066816781695, "params": {"eta": 0.22001952544617287, "max_depth": 5.094700017764307, "n_estimators": 56.98342048691383}, "datetime": {"datetime": "2021-09-21 16:21:12", "elapsed": 166.085305, "delta": 0.647001}}
{"target": -2.461450845944254, "params": {"eta": 0.3347814934079824, "max_depth": 4.580971260822041, "n_estimators": 56.15758260787024}, "datetime": {"datetime": "2021-09-21 16:21:13", "elapsed": 167.064411, "delta": 0.979106}}
{"target": -2.2982332047663236, "params": {"eta": 0.10547255591581205, "max_depth": 5.280767574179515, "n_estimators": 76.66026447467284}, "datetime": {"datetime": "2021-09-21 16:21:14", "elapsed": 167.993157, "delta": 0.928746}}
{"target": -2.4427817307020487, "params": {"eta": 0.3000191302963756, "max_depth": 5.20336147239649, "n_estimators": 76.60299051495622}, "datetime": {"datetime": "2021-09-21 16:21:15", "elapsed": 168.832817, "delta": 0.83966}}
{"target": -2.3817478499914473, "params": {"eta": 0.12916888203922933, "max_depth": 5.2517660250707525, "n_estimators": 76.48189027954888}, "datetime": {"datetime": "2021-09-21 16:21:15", "elapsed": 169.673654, "delta": 0.840837}}
{"target": -2.4679010943362587, "params": {"eta": 0.32473541715358806, "max_depth": 4.361932560078845, "n_estimators": 66.45041880588158}, "datetime": {"datetime": "2021-09-21 16:21:16", "elapsed": 170.461762, "delta": 0.788108}}
{"target": -2.2731685073752153, "params": {"eta": 0.3734311726892815, "max_depth": 3.1986192093765915, "n_estimators": 68.31177166526248}, "datetime": {"datetime": "2021-09-21 16:21:17", "elapsed": 171.167622, "delta": 0.70586}}
{"target": -2.6660902198992282, "params": {"eta": 0.3397563855010741, "max_depth": 3.246392947294895, "n_estimators": 68.1704749593371}, "datetime": {"datetime": "2021-09-21 16:21:18", "elapsed": 171.984444, "delta": 0.816822}}
{"target": -2.5391118758603146, "params": {"eta": 0.4018076808211122, "max_depth": 3.158362063772774, "n_estimators": 68.4308374896503}, "datetime": {"datetime": "2021-09-21 16:21:18", "elapsed": 172.644443, "delta": 0.659999}}
{"target": -2.9737166643142703, "params": {"eta": 0.19770049367405268, "max_depth": 1.0877107575213574, "n_estimators": 76.87667707500154}, "datetime": {"datetime": "2021-09-21 16:21:19", "elapsed": 173.217356, "delta": 0.572913}}
{"target": -2.515476187906767, "params": {"eta": 0.3119614413464885, "max_depth": 4.062334762204744, "n_estimators": 66.75471578028893}, "datetime": {"datetime": "2021-09-21 16:21:20", "elapsed": 174.162963, "delta": 0.945607}}
{"target": -2.3288773028474106, "params": {"eta": 0.37327918012176187, "max_depth": 3.2691654863509756, "n_estimators": 62.65201029523319}, "datetime": {"datetime": "2021-09-21 16:21:21", "elapsed": 174.786964, "delta": 0.624001}}
{"target": -2.658246742424212, "params": {"eta": 0.4840065710560684, "max_depth": 3.2184096725881566, "n_estimators": 62.5807450385618}, "datetime": {"datetime": "2021-09-21 16:21:21", "elapsed": 175.458463, "delta": 0.671499}}
{"target": -2.5417294891257036, "params": {"eta": 0.30360689966131976, "max_depth": 3.284071335637589, "n_estimators": 62.79720862972572}, "datetime": {"datetime": "2021-09-21 16:21:22", "elapsed": 176.144463, "delta": 0.686}}
{"target": -2.659581745298285, "params": {"eta": 0.5, "max_depth": 4.3220257631564944, "n_estimators": 66.51249172677994}, "datetime": {"datetime": "2021-09-21 16:21:23", "elapsed": 177.140621, "delta": 0.996158}}
{"target": -2.532952647460134, "params": {"eta": 0.382299368966606, "max_depth": 5.876851066804845, "n_estimators": 78.39302356181713}, "datetime": {"datetime": "2021-09-21 16:21:24", "elapsed": 177.890221, "delta": 0.7496}}
{"target": -2.3525174416993795, "params": {"eta": 0.1750520090014191, "max_depth": 6.279625297347462, "n_estimators": 76.5557424840027}, "datetime": {"datetime": "2021-09-21 16:21:24", "elapsed": 178.624219, "delta": 0.733998}}
{"target": -2.464377488588032, "params": {"eta": 0.10705215086837924, "max_depth": 5.937290563405336, "n_estimators": 55.93597515395087}, "datetime": {"datetime": "2021-09-21 16:21:25", "elapsed": 179.375043, "delta": 0.750824}}
{"target": -2.4440783563413118, "params": {"eta": 0.1997594924199772, "max_depth": 4.791504079130999, "n_estimators": 53.00657944205348}, "datetime": {"datetime": "2021-09-21 16:21:26", "elapsed": 180.060005, "delta": 0.684962}}
{"target": -2.3386282776531417, "params": {"eta": 0.1696309743305397, "max_depth": 5.2081296806653485, "n_estimators": 76.75303331733747}, "datetime": {"datetime": "2021-09-21 16:21:27", "elapsed": 180.911762, "delta": 0.851757}}
{"target": -2.835541722649022, "params": {"eta": 0.06483888805099462, "max_depth": 3.4738300767333357, "n_estimators": 54.55862014061879}, "datetime": {"datetime": "2021-09-21 16:21:27", "elapsed": 181.626155, "delta": 0.714393}}
{"target": -2.370854626203838, "params": {"eta": 0.19449685394740818, "max_depth": 5.507673845452841, "n_estimators": 52.93663017659037}, "datetime": {"datetime": "2021-09-21 16:21:28", "elapsed": 182.463154, "delta": 0.836999}}
{"target": -2.3500100744398016, "params": {"eta": 0.14853746507568577, "max_depth": 6.326977059487753, "n_estimators": 76.39748759302701}, "datetime": {"datetime": "2021-09-21 16:21:29", "elapsed": 183.186105, "delta": 0.722951}}
{"target": -2.5128146177843997, "params": {"eta": 0.05288576449232516, "max_depth": 6.278636452281325, "n_estimators": 76.3999539986041}, "datetime": {"datetime": "2021-09-21 16:21:30", "elapsed": 184.048776, "delta": 0.862671}}
{"target": -2.457734928633037, "params": {"eta": 0.31701767172025147, "max_depth": 5.22759952592436, "n_estimators": 76.95897402262918}, "datetime": {"datetime": "2021-09-21 16:21:31", "elapsed": 184.815775, "delta": 0.766999}}
{"target": -2.462030967285759, "params": {"eta": 0.2990781521327727, "max_depth": 4.655096565765245, "n_estimators": 61.225805229160116}, "datetime": {"datetime": "2021-09-21 16:21:32", "elapsed": 185.78718, "delta": 0.971405}}
{"target": -2.70789151066228, "params": {"eta": 0.32899193069115856, "max_depth": 2.640027734975257, "n_estimators": 46.86301208352509}, "datetime": {"datetime": "2021-09-21 16:21:32", "elapsed": 186.471175, "delta": 0.683995}}
{"target": -2.755295147393879, "params": {"eta": 0.4868531168865436, "max_depth": 3.1415312516097287, "n_estimators": 68.27699141313312}, "datetime": {"datetime": "2021-09-21 16:21:33", "elapsed": 187.446598, "delta": 0.975423}}
{"target": -2.28729508676027, "params": {"eta": 0.18863649912622404, "max_depth": 6.151753707790197, "n_estimators": 76.49210099962045}, "datetime": {"datetime": "2021-09-21 16:21:34", "elapsed": 188.335597, "delta": 0.888999}}
{"target": -2.5359810126455207, "params": {"eta": 0.26318602598464075, "max_depth": 4.7189014526572395, "n_estimators": 72.52957190592262}, "datetime": {"datetime": "2021-09-21 16:21:35", "elapsed": 189.184771, "delta": 0.849174}}
{"target": -2.6596347746096156, "params": {"eta": 0.2453229472005145, "max_depth": 2.1439341699676158, "n_estimators": 50.90081699995647}, "datetime": {"datetime": "2021-09-21 16:21:36", "elapsed": 189.916652, "delta": 0.731881}}
{"target": -2.5228903964946148, "params": {"eta": 0.3773938385986989, "max_depth": 5.2239755331005036, "n_estimators": 61.54470469250981}, "datetime": {"datetime": "2021-09-21 16:21:37", "elapsed": 190.793275, "delta": 0.876623}}
{"target": -2.323345595284512, "params": {"eta": 0.2704601627548647, "max_depth": 3.2034152595718326, "n_estimators": 68.30842755867157}, "datetime": {"datetime": "2021-09-21 16:21:37", "elapsed": 191.491966, "delta": 0.698691}}
{"target": -2.5962773254043174, "params": {"eta": 0.31235617749298616, "max_depth": 3.3239113386118664, "n_estimators": 68.3718580775777}, "datetime": {"datetime": "2021-09-21 16:21:38", "elapsed": 192.474968, "delta": 0.983002}}
{"target": -2.561377231698287, "params": {"eta": 0.09084178258937184, "max_depth": 4.6890623854560545, "n_estimators": 47.693304380926804}, "datetime": {"datetime": "2021-09-21 16:21:39", "elapsed": 193.212873, "delta": 0.737905}}
{"target": -2.3209008706243415, "params": {"eta": 0.2817887730453114, "max_depth": 6.1422078443095325, "n_estimators": 76.61767490498546}, "datetime": {"datetime": "2021-09-21 16:21:40", "elapsed": 194.451085, "delta": 1.238212}}
{"target": -2.5192243814468385, "params": {"eta": 0.2743168248113655, "max_depth": 3.5021469092052886, "n_estimators": 45.85535497710476}, "datetime": {"datetime": "2021-09-21 16:21:41", "elapsed": 195.212608, "delta": 0.761523}}
{"target": -2.33322361331237, "params": {"eta": 0.258790224507351, "max_depth": 3.5229480310414, "n_estimators": 53.241031705800935}, "datetime": {"datetime": "2021-09-21 16:21:42", "elapsed": 195.929214, "delta": 0.716606}}
{"target": -2.3080055393670733, "params": {"eta": 0.35887858345425266, "max_depth": 4.21893335863547, "n_estimators": 66.61798148646734}, "datetime": {"datetime": "2021-09-21 16:21:42", "elapsed": 196.670213, "delta": 0.740999}}
{"target": -2.2820314746153976, "params": {"eta": 0.1888853916168755, "max_depth": 6.234301668180149, "n_estimators": 76.46316760745519}, "datetime": {"datetime": "2021-09-21 16:21:44", "elapsed": 198.544012, "delta": 1.873799}}
{"target": -2.4224881416872925, "params": {"eta": 0.16608851228598992, "max_depth": 6.230996791696775, "n_estimators": 76.59412214846927}, "datetime": {"datetime": "2021-09-21 16:21:45", "elapsed": 199.752919, "delta": 1.208907}}
{"target": -2.5691061044994155, "params": {"eta": 0.4754966113517243, "max_depth": 4.8046596241533726, "n_estimators": 47.509500437174445}, "datetime": {"datetime": "2021-09-21 16:21:47", "elapsed": 200.856207, "delta": 1.103288}}
{"target": -2.405291744909788, "params": {"eta": 0.17711016381673883, "max_depth": 3.470525042888707, "n_estimators": 77.81167177767179}, "datetime": {"datetime": "2021-09-21 16:21:48", "elapsed": 202.354267, "delta": 1.49806}}
{"target": -2.513766456905164, "params": {"eta": 0.29253136518446776, "max_depth": 3.5248873355334607, "n_estimators": 53.31335205124225}, "datetime": {"datetime": "2021-09-21 16:21:50", "elapsed": 204.369653, "delta": 2.015386}}
{"target": -2.607712876796722, "params": {"eta": 0.2728487901292894, "max_depth": 2.7939604091613512, "n_estimators": 65.52512844524938}, "datetime": {"datetime": "2021-09-21 16:21:51", "elapsed": 205.633938, "delta": 1.264285}}
{"target": -2.399481632834987, "params": {"eta": 0.45033108261602783, "max_depth": 3.8820254080864567, "n_estimators": 41.37865577360189}, "datetime": {"datetime": "2021-09-21 16:21:53", "elapsed": 206.919937, "delta": 1.285999}}
{"target": -2.4126643770619443, "params": {"eta": 0.3945272930293635, "max_depth": 4.095572558419023, "n_estimators": 66.62736114617779}, "datetime": {"datetime": "2021-09-21 16:21:55", "elapsed": 208.969721, "delta": 2.049784}}
{"target": -2.37317427459516, "params": {"eta": 0.12401302715181527, "max_depth": 5.176062380204234, "n_estimators": 76.62863461897861}, "datetime": {"datetime": "2021-09-21 16:21:57", "elapsed": 210.765111, "delta": 1.79539}}
{"target": -2.4319908361685902, "params": {"eta": 0.2533676618131104, "max_depth": 5.926968614333333, "n_estimators": 44.73907552103028}, "datetime": {"datetime": "2021-09-21 16:21:58", "elapsed": 212.373347, "delta": 1.608236}}
{"target": -2.379983299656918, "params": {"eta": 0.20292365910750904, "max_depth": 5.4406085444412895, "n_estimators": 78.27455901167852}, "datetime": {"datetime": "2021-09-21 16:22:00", "elapsed": 214.745095, "delta": 2.371748}}
{"target": -2.5239955764067803, "params": {"eta": 0.254608406466691, "max_depth": 6.242758599952246, "n_estimators": 76.4858773858787}, "datetime": {"datetime": "2021-09-21 16:22:03", "elapsed": 217.235779, "delta": 2.490684}}
{"target": -2.3591156564260785, "params": {"eta": 0.11581350454171492, "max_depth": 5.284532188252305, "n_estimators": 76.74752637714039}, "datetime": {"datetime": "2021-09-21 16:22:05", "elapsed": 219.604908, "delta": 2.369129}}
{"target": -2.39265892442904, "params": {"eta": 0.37794839187340556, "max_depth": 4.207096984899413, "n_estimators": 66.72674324750298}, "datetime": {"datetime": "2021-09-21 16:22:07", "elapsed": 220.91963, "delta": 1.314722}}
{"target": -2.5636932159724983, "params": {"eta": 0.40818104491338336, "max_depth": 2.9699055721041008, "n_estimators": 55.26881161942974}, "datetime": {"datetime": "2021-09-21 16:22:08", "elapsed": 221.865206, "delta": 0.945576}}
{"target": -2.4103942262498954, "params": {"eta": 0.3761438318365491, "max_depth": 4.198852644405768, "n_estimators": 66.54910547757176}, "datetime": {"datetime": "2021-09-21 16:22:09", "elapsed": 223.424774, "delta": 1.559568}}
{"target": -2.545538896635959, "params": {"eta": 0.21442850286473175, "max_depth": 6.153545266937271, "n_estimators": 76.55960336257424}, "datetime": {"datetime": "2021-09-21 16:22:11", "elapsed": 225.584494, "delta": 2.15972}}
{"target": -2.523650329991391, "params": {"eta": 0.47685877128486426, "max_depth": 4.190168485151269, "n_estimators": 66.62405053929311}, "datetime": {"datetime": "2021-09-21 16:22:13", "elapsed": 227.395757, "delta": 1.811263}}
{"target": -2.3822920297321524, "params": {"eta": 0.23271571036991306, "max_depth": 5.200437311026208, "n_estimators": 76.67077544437647}, "datetime": {"datetime": "2021-09-21 16:22:15", "elapsed": 229.616579, "delta": 2.220822}}
{"target": -2.3182894995338037, "params": {"eta": 0.4149289155125981, "max_depth": 4.1688772804024365, "n_estimators": 66.62510027418227}, "datetime": {"datetime": "2021-09-21 16:22:17", "elapsed": 231.39148, "delta": 1.774901}}
{"target": -2.3921908962099176, "params": {"eta": 0.20986226305163214, "max_depth": 5.250664534858669, "n_estimators": 76.83169744918783}, "datetime": {"datetime": "2021-09-21 16:22:19", "elapsed": 233.210683, "delta": 1.819203}}
{"target": -2.38211547073565, "params": {"eta": 0.14271797050022023, "max_depth": 5.232520444854581, "n_estimators": 76.67764867670394}, "datetime": {"datetime": "2021-09-21 16:22:21", "elapsed": 235.234103, "delta": 2.02342}}
{"target": -2.416076689644864, "params": {"eta": 0.3628421637998926, "max_depth": 5.140378049538265, "n_estimators": 61.378581978588265}, "datetime": {"datetime": "2021-09-21 16:22:23", "elapsed": 237.242418, "delta": 2.008315}}
{"target": -2.4867205224539104, "params": {"eta": 0.2252868249120093, "max_depth": 4.688945299902564, "n_estimators": 51.97419463026568}, "datetime": {"datetime": "2021-09-21 16:22:25", "elapsed": 239.430832, "delta": 2.188414}}
{"target": -2.393485729317916, "params": {"eta": 0.3066200727611168, "max_depth": 5.399610065636873, "n_estimators": 52.921819415084386}, "datetime": {"datetime": "2021-09-21 16:22:27", "elapsed": 241.706291, "delta": 2.275459}}
{"target": -2.393949972328387, "params": {"eta": 0.2117604299525776, "max_depth": 6.248384664756715, "n_estimators": 76.3530468466307}, "datetime": {"datetime": "2021-09-21 16:22:29", "elapsed": 243.544709, "delta": 1.838418}}
{"target": -2.37793065435008, "params": {"eta": 0.23555983788556184, "max_depth": 5.357771240300391, "n_estimators": 76.56059590555608}, "datetime": {"datetime": "2021-09-21 16:22:31", "elapsed": 245.670915, "delta": 2.126206}}
{"target": -2.472823593491002, "params": {"eta": 0.2615371812915433, "max_depth": 5.18580651372126, "n_estimators": 76.81844319649167}, "datetime": {"datetime": "2021-09-21 16:22:33", "elapsed": 247.693746, "delta": 2.022831}}
{"target": -2.718698303323043, "params": {"eta": 0.27128998226287665, "max_depth": 2.939681142356834, "n_estimators": 73.82763326718201}, "datetime": {"datetime": "2021-09-21 16:22:34", "elapsed": 248.720375, "delta": 1.026629}}
