{"target": -10.976780416797508, "params": {"eta": 0.19161714272967373, "max_depth": 26.365783229747095, "n_estimators": 76.36130749359873}, "datetime": {"datetime": "2021-09-27 20:21:07", "elapsed": 1023.750346, "delta": 4.194177}}
{"target": -10.699778475042924, "params": {"eta": 0.12418776249995626, "max_depth": 14.38234014988735, "n_estimators": 103.00787166885283}, "datetime": {"datetime": "2021-09-27 20:21:13", "elapsed": 1029.498146, "delta": 5.7478}}
{"target": -10.433025589909498, "params": {"eta": 0.12239192438292433, "max_depth": 6.196667825574783, "n_estimators": 115.74732384122514}, "datetime": {"datetime": "2021-09-27 20:21:15", "elapsed": 1032.336648, "delta": 2.838502}}
{"target": -11.23585981667686, "params": {"eta": 0.25488138828719037, "max_depth": 26.706923879771242, "n_estimators": 92.87879796053217}, "datetime": {"datetime": "2021-09-27 20:21:18", "elapsed": 1035.096347, "delta": 2.759699}}
{"target": -10.586252285645841, "params": {"eta": 0.09521684512003188, "max_depth": 20.796402177371306, "n_estimators": 63.89653686467028}, "datetime": {"datetime": "2021-09-27 20:21:22", "elapsed": 1039.211309, "delta": 4.114962}}
{"target": -10.26980054460539, "params": {"eta": 0.07708690021158966, "max_depth": 7.200514731687397, "n_estimators": 103.7761714381065}, "datetime": {"datetime": "2021-09-27 20:21:28", "elapsed": 1045.04948, "delta": 5.838171}}
{"target": -12.02887755446761, "params": {"eta": 0.2592150085530928, "max_depth": 25.758262185510052, "n_estimators": 132.83846521960265}, "datetime": {"datetime": "2021-09-27 20:21:32", "elapsed": 1048.900543, "delta": 3.851063}}
{"target": -10.505535637519873, "params": {"eta": 0.19281663338701782, "max_depth": 21.58176658346808, "n_estimators": 62.572331923278014}, "datetime": {"datetime": "2021-09-27 20:21:39", "elapsed": 1056.272149, "delta": 7.371606}}
{"target": -10.939611052294723, "params": {"eta": 0.18694362360934497, "max_depth": 18.913929559517005, "n_estimators": 108.3473384394392}, "datetime": {"datetime": "2021-09-27 20:21:46", "elapsed": 1062.856381, "delta": 6.584232}}
{"target": -11.080218565472137, "params": {"eta": 0.24099838762738984, "max_depth": 28.249752061148104, "n_estimators": 140.64201916777316}, "datetime": {"datetime": "2021-09-27 20:21:50", "elapsed": 1066.907778, "delta": 4.051397}}
{"target": -11.375994365196126, "params": {"eta": 0.179416897101004, "max_depth": 12.419598093284034, "n_estimators": 134.02278246609077}, "datetime": {"datetime": "2021-09-27 20:21:54", "elapsed": 1070.948843, "delta": 4.041065}}
{"target": -11.467810960654234, "params": {"eta": 0.1887353436364006, "max_depth": 16.760927364161454, "n_estimators": 82.91834518095865}, "datetime": {"datetime": "2021-09-27 20:21:58", "elapsed": 1074.973207, "delta": 4.024364}}
{"target": -11.066951501527393, "params": {"eta": 0.10225822744195474, "max_depth": 17.27657495094171, "n_estimators": 90.65183380077588}, "datetime": {"datetime": "2021-09-27 20:22:05", "elapsed": 1081.406182, "delta": 6.432975}}
{"target": -11.40842267541201, "params": {"eta": 0.2634306027999026, "max_depth": 13.448543439696529, "n_estimators": 136.237217202318}, "datetime": {"datetime": "2021-09-27 20:22:09", "elapsed": 1085.586357, "delta": 4.180175}}
{"target": -10.929718637356704, "params": {"eta": 0.18720337598183118, "max_depth": 25.31643845666226, "n_estimators": 180.1381688035822}, "datetime": {"datetime": "2021-09-27 20:27:35", "elapsed": 0.0, "delta": 0.0}}
{"target": -10.837663091802451, "params": {"eta": 0.18622079574922423, "max_depth": 15.40426317752276, "n_estimators": 182.2947056533328}, "datetime": {"datetime": "2021-09-27 20:27:36", "elapsed": 1.304932, "delta": 1.304932}}
{"target": -10.457159253333115, "params": {"eta": 0.15939680281567314, "max_depth": 31.32028202659071, "n_estimators": 198.18313802505145}, "datetime": {"datetime": "2021-09-27 20:27:37", "elapsed": 2.695505, "delta": 1.390573}}
{"target": -10.248265730816266, "params": {"eta": 0.14586037970644444, "max_depth": 27.918651294810594, "n_estimators": 176.44474598764523}, "datetime": {"datetime": "2021-09-27 20:27:39", "elapsed": 4.109109, "delta": 1.413604}}
{"target": -11.30321661362372, "params": {"eta": 0.21729219297379532, "max_depth": 25.152139429706548, "n_estimators": 192.31898788551652}, "datetime": {"datetime": "2021-09-27 20:27:40", "elapsed": 5.305108, "delta": 1.195999}}
{"target": -10.196155027579284, "params": {"eta": 0.10757221226711187, "max_depth": 33.555593082322765, "n_estimators": 169.16244375247732}, "datetime": {"datetime": "2021-09-27 20:27:43", "elapsed": 8.275859, "delta": 2.970751}}
{"target": -10.716355293734692, "params": {"eta": 0.1852758877559133, "max_depth": 19.80563001384998, "n_estimators": 186.62822643739378}, "datetime": {"datetime": "2021-09-27 20:27:44", "elapsed": 9.524956, "delta": 1.249097}}
{"target": -10.441989987685204, "params": {"eta": 0.09883458557149057, "max_depth": 10.363821029606449, "n_estimators": 154.316988807719}, "datetime": {"datetime": "2021-09-27 20:27:46", "elapsed": 11.259952, "delta": 1.734996}}
{"target": -10.452793927333808, "params": {"eta": 0.1430117561446947, "max_depth": 4.92627827467151, "n_estimators": 192.8573295715904}, "datetime": {"datetime": "2021-09-27 20:27:47", "elapsed": 11.894972, "delta": 0.63502}}
{"target": -10.279713842983762, "params": {"eta": 0.10189278277013884, "max_depth": 4.929198941110969, "n_estimators": 192.7942152283112}, "datetime": {"datetime": "2021-09-27 20:27:47", "elapsed": 12.589973, "delta": 0.695001}}
{"target": -10.879439945744075, "params": {"eta": 0.22428113968225782, "max_depth": 33.67944174648097, "n_estimators": 169.20357298353957}, "datetime": {"datetime": "2021-09-27 20:27:48", "elapsed": 13.673668, "delta": 1.083695}}
{"target": -10.030081252137157, "params": {"eta": 0.10151008212583108, "max_depth": 7.156136834477168, "n_estimators": 150.01865485026008}, "datetime": {"datetime": "2021-09-27 20:27:49", "elapsed": 14.592723, "delta": 0.919055}}
{"target": -11.051461325333527, "params": {"eta": 0.25551272670957814, "max_depth": 5.10498502269259, "n_estimators": 170.01182049849325}, "datetime": {"datetime": "2021-09-27 20:27:50", "elapsed": 15.518725, "delta": 0.926002}}
{"target": -10.560336194730805, "params": {"eta": 0.08297395934894004, "max_depth": 28.03678145127222, "n_estimators": 176.24576298832633}, "datetime": {"datetime": "2021-09-27 20:27:52", "elapsed": 17.60701, "delta": 2.088285}}
{"target": -10.470786800202728, "params": {"eta": 0.12365568522900448, "max_depth": 6.793997059807473, "n_estimators": 176.48998115533277}, "datetime": {"datetime": "2021-09-27 20:27:53", "elapsed": 18.547022, "delta": 0.940012}}
{"target": -9.934481217684263, "params": {"eta": 0.07409495547700913, "max_depth": 7.22098053177863, "n_estimators": 150.09158084490215}, "datetime": {"datetime": "2021-09-27 20:27:54", "elapsed": 19.670175, "delta": 1.123153}}
{"target": -11.635258064726237, "params": {"eta": 0.26332081893287657, "max_depth": 7.211664464200634, "n_estimators": 150.01411795475772}, "datetime": {"datetime": "2021-09-27 20:27:56", "elapsed": 21.020173, "delta": 1.349998}}
{"target": -11.476744551712779, "params": {"eta": 0.22677328746866882, "max_depth": 6.808770115590032, "n_estimators": 176.58650811807973}, "datetime": {"datetime": "2021-09-27 20:27:57", "elapsed": 22.085764, "delta": 1.065591}}
{"target": -10.50343825875277, "params": {"eta": 0.09148232874418764, "max_depth": 13.758855635953894, "n_estimators": 193.08791806259404}, "datetime": {"datetime": "2021-09-27 20:27:59", "elapsed": 23.927672, "delta": 1.841908}}
{"target": -11.077245351340714, "params": {"eta": 0.26855154794277347, "max_depth": 7.174406334304269, "n_estimators": 152.15954008047362}, "datetime": {"datetime": "2021-09-27 20:28:00", "elapsed": 24.81667, "delta": 0.888998}}
{"target": -11.56181779602151, "params": {"eta": 0.17901609698175663, "max_depth": 31.861472557806763, "n_estimators": 171.01359546814922}, "datetime": {"datetime": "2021-09-27 20:28:01", "elapsed": 25.919911, "delta": 1.103241}}
{"target": -10.73085859995356, "params": {"eta": 0.09657152230230139, "max_depth": 4.98226563198848, "n_estimators": 192.7155837754329}, "datetime": {"datetime": "2021-09-27 20:28:01", "elapsed": 26.628906, "delta": 0.708995}}
{"target": -10.311161099436042, "params": {"eta": 0.05964220967225599, "max_depth": 7.251488540009048, "n_estimators": 150.25161601599703}, "datetime": {"datetime": "2021-09-27 20:28:02", "elapsed": 27.647202, "delta": 1.018296}}
{"target": -10.580686386341073, "params": {"eta": 0.2128020053399124, "max_depth": 27.973193961362607, "n_estimators": 176.52293222362982}, "datetime": {"datetime": "2021-09-27 20:28:03", "elapsed": 28.710204, "delta": 1.063002}}
{"target": -11.344407437262046, "params": {"eta": 0.28787249773092954, "max_depth": 33.47381576956065, "n_estimators": 169.03918553294966}, "datetime": {"datetime": "2021-09-27 20:28:04", "elapsed": 29.426205, "delta": 0.716001}}
{"target": -10.24630049342485, "params": {"eta": 0.07365836678228636, "max_depth": 10.346883483000777, "n_estimators": 154.25675080064855}, "datetime": {"datetime": "2021-09-27 20:28:06", "elapsed": 31.090297, "delta": 1.664092}}
{"target": -10.846272551652905, "params": {"eta": 0.15623321801900608, "max_depth": 34.19819090085716, "n_estimators": 180.25488014425832}, "datetime": {"datetime": "2021-09-27 20:28:07", "elapsed": 32.247851, "delta": 1.157554}}
{"target": -10.998097084005058, "params": {"eta": 0.13152478470703266, "max_depth": 7.873302537388451, "n_estimators": 174.83820344158767}, "datetime": {"datetime": "2021-09-27 20:28:08", "elapsed": 33.548365, "delta": 1.300514}}
{"target": -10.739232501397618, "params": {"eta": 0.057017285174378, "max_depth": 13.897753828347291, "n_estimators": 193.20291362301376}, "datetime": {"datetime": "2021-09-27 20:28:10", "elapsed": 35.382946, "delta": 1.834581}}
{"target": -10.748511751148408, "params": {"eta": 0.1241309635745423, "max_depth": 34.82316091410071, "n_estimators": 174.76238824021982}, "datetime": {"datetime": "2021-09-27 20:28:12", "elapsed": 37.336075, "delta": 1.953129}}
{"target": -10.636385219904144, "params": {"eta": 0.05365239253606226, "max_depth": 11.565371463048544, "n_estimators": 160.02824771293925}, "datetime": {"datetime": "2021-09-27 20:28:14", "elapsed": 38.831417, "delta": 1.495342}}
{"target": -10.746839485799727, "params": {"eta": 0.18713452901407512, "max_depth": 7.115308292610655, "n_estimators": 150.1737863419594}, "datetime": {"datetime": "2021-09-27 20:28:15", "elapsed": 40.157415, "delta": 1.325998}}
{"target": -14.045257251024221, "params": {"eta": 0.12118279004688991, "max_depth": 1.569189548516882, "n_estimators": 196.158562229842}, "datetime": {"datetime": "2021-09-27 20:28:15", "elapsed": 40.713419, "delta": 0.556004}}
{"target": -11.335169356927082, "params": {"eta": 0.18089443517492698, "max_depth": 31.43545629981135, "n_estimators": 185.8287816375281}, "datetime": {"datetime": "2021-09-27 20:28:17", "elapsed": 41.90994, "delta": 1.196521}}
{"target": -10.472555018654232, "params": {"eta": 0.0889239091444654, "max_depth": 10.378774341478398, "n_estimators": 153.93854331031562}, "datetime": {"datetime": "2021-09-27 20:28:18", "elapsed": 43.50803, "delta": 1.59809}}
{"target": -10.291624340617748, "params": {"eta": 0.08045908832845884, "max_depth": 6.679159585345756, "n_estimators": 176.37060215347458}, "datetime": {"datetime": "2021-09-27 20:28:19", "elapsed": 44.379014, "delta": 0.870984}}
{"target": -11.086785436240335, "params": {"eta": 0.18363003558092644, "max_depth": 27.87207382764456, "n_estimators": 176.45193246619775}, "datetime": {"datetime": "2021-09-27 20:28:20", "elapsed": 45.446014, "delta": 1.067}}
{"target": -10.79779707349383, "params": {"eta": 0.11643856051962771, "max_depth": 28.127775624590637, "n_estimators": 176.42606541974314}, "datetime": {"datetime": "2021-09-27 20:28:22", "elapsed": 47.11324, "delta": 1.667226}}
{"target": -10.559437060507445, "params": {"eta": 0.09996962244113862, "max_depth": 4.71688842264349, "n_estimators": 192.78852856287398}, "datetime": {"datetime": "2021-09-27 20:28:23", "elapsed": 47.82602, "delta": 0.71278}}
{"target": -10.753332279018597, "params": {"eta": 0.07562568257181394, "max_depth": 26.647516873270927, "n_estimators": 199.33917879242128}, "datetime": {"datetime": "2021-09-27 20:28:25", "elapsed": 50.093067, "delta": 2.267047}}
{"target": -11.817836085283888, "params": {"eta": 0.25915457433186406, "max_depth": 21.764988794552316, "n_estimators": 150.94280440376454}, "datetime": {"datetime": "2021-09-27 20:28:26", "elapsed": 51.135067, "delta": 1.042}}
{"target": -10.49527753878572, "params": {"eta": 0.1172457419902241, "max_depth": 27.94884362735666, "n_estimators": 176.34753329833165}, "datetime": {"datetime": "2021-09-27 20:28:27", "elapsed": 52.6028, "delta": 1.467733}}
{"target": -10.699272404515266, "params": {"eta": 0.11244581566776053, "max_depth": 27.672185630347126, "n_estimators": 173.88779622940382}, "datetime": {"datetime": "2021-09-27 20:28:29", "elapsed": 54.621407, "delta": 2.018607}}
{"target": -10.200696268977845, "params": {"eta": 0.07855241381352072, "max_depth": 18.931024800965503, "n_estimators": 179.17373892127281}, "datetime": {"datetime": "2021-09-27 20:28:32", "elapsed": 57.051427, "delta": 2.43002}}
{"target": -10.061018729093519, "params": {"eta": 0.211699614789635, "max_depth": 18.890351220887627, "n_estimators": 179.10464148919914}, "datetime": {"datetime": "2021-09-27 20:28:33", "elapsed": 58.544496, "delta": 1.493069}}
{"target": -11.131634362187858, "params": {"eta": 0.21568319028651678, "max_depth": 18.808004779647387, "n_estimators": 179.03745452089416}, "datetime": {"datetime": "2021-09-27 20:28:35", "elapsed": 60.507135, "delta": 1.962639}}
{"target": -12.06883123145824, "params": {"eta": 0.24129664234343934, "max_depth": 2.457848002005557, "n_estimators": 162.47134281786143}, "datetime": {"datetime": "2021-09-27 20:28:36", "elapsed": 61.21009, "delta": 0.702955}}
{"target": -11.184880021700234, "params": {"eta": 0.22401374258204865, "max_depth": 31.788006487939093, "n_estimators": 156.18671504431472}, "datetime": {"datetime": "2021-09-27 20:28:38", "elapsed": 62.755275, "delta": 1.545185}}
{"target": -10.770758602881351, "params": {"eta": 0.11814240617151602, "max_depth": 10.113518701827171, "n_estimators": 156.8194719156449}, "datetime": {"datetime": "2021-09-27 20:28:39", "elapsed": 63.996318, "delta": 1.241043}}
{"target": -10.613743078052632, "params": {"eta": 0.06507152949537716, "max_depth": 28.002261069079506, "n_estimators": 176.5874096694288}, "datetime": {"datetime": "2021-09-27 20:28:41", "elapsed": 66.219594, "delta": 2.223276}}
{"target": -10.72294428545196, "params": {"eta": 0.13921960461137817, "max_depth": 10.383068969372491, "n_estimators": 154.14413172672738}, "datetime": {"datetime": "2021-09-27 20:28:42", "elapsed": 67.497598, "delta": 1.278004}}
{"target": -11.229416285348238, "params": {"eta": 0.22711891070586854, "max_depth": 15.85403700592086, "n_estimators": 182.4800160352452}, "datetime": {"datetime": "2021-09-27 20:28:44", "elapsed": 68.855305, "delta": 1.357707}}
{"target": -10.528491141102894, "params": {"eta": 0.07012043364923497, "max_depth": 7.447404742143267, "n_estimators": 150.09361650768778}, "datetime": {"datetime": "2021-09-27 20:28:44", "elapsed": 69.654592, "delta": 0.799287}}
{"target": -10.447518172210362, "params": {"eta": 0.10199989302352681, "max_depth": 4.441988040807198, "n_estimators": 150.75866264426534}, "datetime": {"datetime": "2021-09-27 20:28:45", "elapsed": 70.373593, "delta": 0.719001}}
{"target": -10.583731867394274, "params": {"eta": 0.12504891463918788, "max_depth": 6.934134913648462, "n_estimators": 176.38355369224203}, "datetime": {"datetime": "2021-09-27 20:28:46", "elapsed": 71.337591, "delta": 0.963998}}
{"target": -10.963732047992199, "params": {"eta": 0.12174771592781776, "max_depth": 5.195447691751475, "n_estimators": 154.4108360412685}, "datetime": {"datetime": "2021-09-27 20:28:47", "elapsed": 72.090511, "delta": 0.75292}}
{"target": -11.187838533754098, "params": {"eta": 0.29928972385361957, "max_depth": 14.831526987802977, "n_estimators": 172.1072315556261}, "datetime": {"datetime": "2021-09-27 20:28:48", "elapsed": 73.107509, "delta": 1.016998}}
{"target": -10.521895854443072, "params": {"eta": 0.22293452700310845, "max_depth": 4.880473311158637, "n_estimators": 186.9293582237863}, "datetime": {"datetime": "2021-09-27 20:28:49", "elapsed": 73.738997, "delta": 0.631488}}
{"target": -10.625407976904834, "params": {"eta": 0.1387026127889368, "max_depth": 10.220108690115618, "n_estimators": 154.24729785900294}, "datetime": {"datetime": "2021-09-27 20:28:50", "elapsed": 75.269975, "delta": 1.530978}}
{"target": -10.622858207156565, "params": {"eta": 0.12078513311546692, "max_depth": 4.804948881257086, "n_estimators": 192.648524901415}, "datetime": {"datetime": "2021-09-27 20:28:51", "elapsed": 76.354974, "delta": 1.084999}}
{"target": -10.480919420160284, "params": {"eta": 0.11232112877672994, "max_depth": 6.562208671635179, "n_estimators": 176.46258571760103}, "datetime": {"datetime": "2021-09-27 20:28:52", "elapsed": 77.518976, "delta": 1.164002}}
{"target": -10.642351726269975, "params": {"eta": 0.1759905268832545, "max_depth": 34.5652745710071, "n_estimators": 197.46867069245764}, "datetime": {"datetime": "2021-09-27 20:28:54", "elapsed": 78.935286, "delta": 1.41631}}
{"target": -10.358620022203068, "params": {"eta": 0.14913184277919922, "max_depth": 7.052094439078209, "n_estimators": 176.90347041426338}, "datetime": {"datetime": "2021-09-27 20:28:55", "elapsed": 80.104288, "delta": 1.169002}}
{"target": -10.609086121568009, "params": {"eta": 0.23366800769518747, "max_depth": 18.58493325191122, "n_estimators": 175.32737106856976}, "datetime": {"datetime": "2021-09-27 20:28:56", "elapsed": 81.298286, "delta": 1.193998}}
{"target": -10.544190052470922, "params": {"eta": 0.12127314100639115, "max_depth": 17.3521158635628, "n_estimators": 151.5966323371692}, "datetime": {"datetime": "2021-09-27 20:28:59", "elapsed": 84.189024, "delta": 2.890738}}
{"target": -10.656425348554412, "params": {"eta": 0.12258704876176339, "max_depth": 19.023884825817994, "n_estimators": 179.35192937025937}, "datetime": {"datetime": "2021-09-27 20:29:01", "elapsed": 86.19723, "delta": 2.008206}}
{"target": -11.241376137557362, "params": {"eta": 0.12296539653754247, "max_depth": 27.210937357006625, "n_estimators": 194.97142022810164}, "datetime": {"datetime": "2021-09-27 20:29:03", "elapsed": 88.078407, "delta": 1.881177}}
{"target": -10.154464570635083, "params": {"eta": 0.19431691712722837, "max_depth": 28.286439878902705, "n_estimators": 159.9213721066402}, "datetime": {"datetime": "2021-09-27 20:29:04", "elapsed": 89.442404, "delta": 1.363997}}
{"target": -11.551481269855058, "params": {"eta": 0.22208502604280372, "max_depth": 28.192300374827504, "n_estimators": 159.88781245852516}, "datetime": {"datetime": "2021-09-27 20:29:05", "elapsed": 90.597898, "delta": 1.155494}}
{"target": -11.12460661160791, "params": {"eta": 0.2329466760243057, "max_depth": 30.945611987921872, "n_estimators": 169.86449046305935}, "datetime": {"datetime": "2021-09-27 20:29:06", "elapsed": 91.696899, "delta": 1.099001}}
{"target": -10.417778527319427, "params": {"eta": 0.134223232638513, "max_depth": 18.82567204265368, "n_estimators": 179.32471949291943}, "datetime": {"datetime": "2021-09-27 20:29:08", "elapsed": 93.643387, "delta": 1.946488}}
{"target": -11.116927935826041, "params": {"eta": 0.09165459191585278, "max_depth": 3.1907372056171592, "n_estimators": 193.34524920105605}, "datetime": {"datetime": "2021-09-27 20:29:09", "elapsed": 94.473307, "delta": 0.82992}}
{"target": -11.15096640230689, "params": {"eta": 0.23782510129334988, "max_depth": 28.281120403141507, "n_estimators": 158.42131589681276}, "datetime": {"datetime": "2021-09-27 20:29:10", "elapsed": 95.701304, "delta": 1.227997}}
{"target": -10.389854452827826, "params": {"eta": 0.20647733557474846, "max_depth": 18.936505462687162, "n_estimators": 179.08148970843928}, "datetime": {"datetime": "2021-09-27 20:29:12", "elapsed": 97.056238, "delta": 1.354934}}
{"target": -10.890689555505691, "params": {"eta": 0.17972371441079743, "max_depth": 6.936882308769545, "n_estimators": 192.88878505767826}, "datetime": {"datetime": "2021-09-27 20:29:13", "elapsed": 98.106757, "delta": 1.050519}}
{"target": -10.924310419857235, "params": {"eta": 0.0757816910796117, "max_depth": 23.915190451248755, "n_estimators": 182.28563067895274}, "datetime": {"datetime": "2021-09-27 20:29:15", "elapsed": 100.224591, "delta": 2.117834}}
{"target": -10.245159751864911, "params": {"eta": 0.09733682891830282, "max_depth": 6.695048698855997, "n_estimators": 176.25442195582076}, "datetime": {"datetime": "2021-09-27 20:29:16", "elapsed": 101.196591, "delta": 0.972}}
{"target": -10.724307738155256, "params": {"eta": 0.11059534993234561, "max_depth": 31.610001567556793, "n_estimators": 174.14376618740766}, "datetime": {"datetime": "2021-09-27 20:29:18", "elapsed": 103.00359, "delta": 1.806999}}
{"target": -10.573446927956406, "params": {"eta": 0.06861076461997394, "max_depth": 33.50849505800733, "n_estimators": 169.115171635479}, "datetime": {"datetime": "2021-09-27 20:29:20", "elapsed": 105.439686, "delta": 2.436096}}
{"target": -11.373747940194582, "params": {"eta": 0.24735154190209213, "max_depth": 18.793889109695296, "n_estimators": 179.20084008606688}, "datetime": {"datetime": "2021-09-27 20:29:21", "elapsed": 106.580894, "delta": 1.141208}}
{"target": -10.867123416027601, "params": {"eta": 0.17612202844709884, "max_depth": 17.491339793959018, "n_estimators": 197.2884610884739}, "datetime": {"datetime": "2021-09-27 20:29:23", "elapsed": 108.128272, "delta": 1.547378}}
