{"target": -2.1968273585312517, "params": {"eta": 0.06904787355758725, "max_depth": 3.743777039491757, "n_estimators": 5.699941549591735}, "datetime": {"datetime": "2021-09-17 15:50:58", "elapsed": 246.955912, "delta": 1.481229}}
{"target": 0.4442850565354307, "params": {"eta": 0.9921577933909941, "max_depth": 1.006049917002012, "n_estimators": 1.010227108713392}, "datetime": {"datetime": "2021-09-17 15:50:59", "elapsed": 247.994628, "delta": 1.038716}}
{"target": 0.7784063077924548, "params": {"eta": 0.9911178941113735, "max_depth": 3.576209365771745, "n_estimators": 9.655755762435751}, "datetime": {"datetime": "2021-09-17 15:51:00", "elapsed": 249.064888, "delta": 1.07026}}
{"target": 0.7464445686448394, "params": {"eta": 0.5317950779429172, "max_depth": 3.3648570769107735, "n_estimators": 4.749905702877895}, "datetime": {"datetime": "2021-09-17 15:51:02", "elapsed": 250.468892, "delta": 1.404004}}
{"target": 0.7481157660679725, "params": {"eta": 0.6761019105950421, "max_depth": 3.2659176653771373, "n_estimators": 3.269355992921569}, "datetime": {"datetime": "2021-09-17 15:51:03", "elapsed": 251.432432, "delta": 0.96354}}
{"target": 0.4206245796135406, "params": {"eta": 0.42030594559158935, "max_depth": 2.4719973133715696, "n_estimators": 3.5333324228649667}, "datetime": {"datetime": "2021-09-17 15:51:04", "elapsed": 253.081, "delta": 1.648568}}
{"target": 0.7805817808949663, "params": {"eta": 0.677005075980493, "max_depth": 5.2620177637438115, "n_estimators": 9.500305814631158}, "datetime": {"datetime": "2021-09-17 15:51:06", "elapsed": 254.408, "delta": 1.327}}
{"target": 0.8215255585330866, "params": {"eta": 0.36447779151662, "max_depth": 8.413793194074511, "n_estimators": 8.237027977030449}, "datetime": {"datetime": "2021-09-17 15:51:07", "elapsed": 255.523202, "delta": 1.115202}}
{"target": 0.7728308579488494, "params": {"eta": 0.9949915617307038, "max_depth": 8.24831241510027, "n_estimators": 9.576577013833523}, "datetime": {"datetime": "2021-09-17 15:51:08", "elapsed": 256.5762, "delta": 1.052998}}
{"target": -0.6725453760226983, "params": {"eta": 0.08771463963830327, "max_depth": 8.339960559961282, "n_estimators": 8.806044823480324}, "datetime": {"datetime": "2021-09-17 15:51:10", "elapsed": 258.30111, "delta": 1.72491}}
{"target": -4.438288178974261, "params": {"eta": 0.01, "max_depth": 8.546548652604564, "n_estimators": 6.406934303556615}, "datetime": {"datetime": "2021-09-17 15:51:11", "elapsed": 259.676283, "delta": 1.375173}}
{"target": 0.8092648020460713, "params": {"eta": 0.5539848958850275, "max_depth": 8.09690476737389, "n_estimators": 5.786036094767997}, "datetime": {"datetime": "2021-09-17 15:51:13", "elapsed": 261.350588, "delta": 1.674305}}
{"target": 0.7951821574621851, "params": {"eta": 0.6228208652821925, "max_depth": 8.084646545671895, "n_estimators": 6.642220614038012}, "datetime": {"datetime": "2021-09-17 15:51:15", "elapsed": 263.425439, "delta": 2.074851}}
{"target": 0.799796060472656, "params": {"eta": 0.7193772081801654, "max_depth": 8.773475160357467, "n_estimators": 6.865861055938167}, "datetime": {"datetime": "2021-09-17 15:51:17", "elapsed": 265.3207, "delta": 1.895261}}
{"target": 0.7957138717780146, "params": {"eta": 0.6882246897562243, "max_depth": 8.661420095677283, "n_estimators": 6.257217810748863}, "datetime": {"datetime": "2021-09-17 15:51:19", "elapsed": 267.382757, "delta": 2.062057}}
{"target": 0.7862150024597961, "params": {"eta": 0.6032532207948498, "max_depth": 5.467123789483381, "n_estimators": 9.994412533807346}, "datetime": {"datetime": "2021-09-17 15:51:20", "elapsed": 268.407754, "delta": 1.024997}}
{"target": 0.7567723018870487, "params": {"eta": 0.9260055759804199, "max_depth": 7.993326890329209, "n_estimators": 6.443631315563653}, "datetime": {"datetime": "2021-09-17 15:51:21", "elapsed": 269.517084, "delta": 1.10933}}
{"target": -0.7778340947960372, "params": {"eta": 0.20828497272190868, "max_depth": 7.472424999267994, "n_estimators": 3.5956045509943273}, "datetime": {"datetime": "2021-09-17 15:51:22", "elapsed": 270.626085, "delta": 1.109001}}
{"target": 0.8392599830500983, "params": {"eta": 0.43509535914986347, "max_depth": 8.019385598830716, "n_estimators": 9.138448476901718}, "datetime": {"datetime": "2021-09-17 15:51:23", "elapsed": 271.755823, "delta": 1.129738}}
{"target": 0.29005273422455835, "params": {"eta": 0.35915418625808154, "max_depth": 6.7838272845662955, "n_estimators": 3.8821138954286494}, "datetime": {"datetime": "2021-09-17 15:51:25", "elapsed": 273.954802, "delta": 2.198979}}
{"target": 0.765763891889544, "params": {"eta": 0.4774209952673739, "max_depth": 7.869189423423262, "n_estimators": 4.312354039637058}, "datetime": {"datetime": "2021-09-17 15:51:27", "elapsed": 275.640872, "delta": 1.68607}}
{"target": 0.33638684652198136, "params": {"eta": 0.5073568619475619, "max_depth": 6.585841689276963, "n_estimators": 2.7703456601919125}, "datetime": {"datetime": "2021-09-17 15:51:29", "elapsed": 277.274361, "delta": 1.633489}}
{"target": -2.6559155585831027, "params": {"eta": 0.06772134121192469, "max_depth": 5.145364195288042, "n_estimators": 4.817842744463512}, "datetime": {"datetime": "2021-09-17 15:51:30", "elapsed": 278.450489, "delta": 1.176128}}
{"target": -1.4360667653617276, "params": {"eta": 0.41965145392201236, "max_depth": 7.061618087331214, "n_estimators": 1.9617337277971494}, "datetime": {"datetime": "2021-09-17 15:51:31", "elapsed": 280.087474, "delta": 1.636985}}
{"target": 0.5950988389675176, "params": {"eta": 0.4507623678544244, "max_depth": 1.0180973787162335, "n_estimators": 4.6803119587186774}, "datetime": {"datetime": "2021-09-17 15:51:33", "elapsed": 281.707236, "delta": 1.619762}}
{"target": 0.7906081435727672, "params": {"eta": 0.9709788969491906, "max_depth": 8.567041505333648, "n_estimators": 3.7317834778628014}, "datetime": {"datetime": "2021-09-17 15:51:34", "elapsed": 282.851925, "delta": 1.144689}}
{"target": -2.4751908213084692, "params": {"eta": 0.050006831617574174, "max_depth": 4.4263348855853994, "n_estimators": 6.598225300524779}, "datetime": {"datetime": "2021-09-17 15:51:36", "elapsed": 284.898119, "delta": 2.046194}}
{"target": 0.6764605036568967, "params": {"eta": 0.5413800398398777, "max_depth": 1.9577916208961132, "n_estimators": 4.009914326533212}, "datetime": {"datetime": "2021-09-17 15:51:38", "elapsed": 286.908905, "delta": 2.010786}}
{"target": 0.741532628993439, "params": {"eta": 0.7406156477218002, "max_depth": 4.03267701209563, "n_estimators": 6.244927143208558}, "datetime": {"datetime": "2021-09-17 15:51:40", "elapsed": 289.004801, "delta": 2.095896}}
{"target": 0.7882886344275581, "params": {"eta": 0.5360955909462469, "max_depth": 7.3399559992023455, "n_estimators": 4.2195940861814885}, "datetime": {"datetime": "2021-09-17 15:51:42", "elapsed": 290.977135, "delta": 1.972334}}
{"target": 0.8323490690035839, "params": {"eta": 0.40255126108791334, "max_depth": 5.287444031707172, "n_estimators": 8.06599767231674}, "datetime": {"datetime": "2021-09-17 15:51:44", "elapsed": 293.228267, "delta": 2.251132}}
{"target": 0.7398587288666492, "params": {"eta": 1.0, "max_depth": 6.702971312916325, "n_estimators": 2.7300890843557077}, "datetime": {"datetime": "2021-09-17 15:51:46", "elapsed": 295.189681, "delta": 1.961414}}
{"target": 0.8101974744966405, "params": {"eta": 0.4944455163353437, "max_depth": 8.811599003408672, "n_estimators": 8.04915763633479}, "datetime": {"datetime": "2021-09-17 15:51:48", "elapsed": 296.299679, "delta": 1.109998}}
{"target": 0.4486641290162612, "params": {"eta": 0.4013982862470576, "max_depth": 8.998444908783549, "n_estimators": 3.121633930644438}, "datetime": {"datetime": "2021-09-17 15:51:49", "elapsed": 298.253575, "delta": 1.953896}}
{"target": 0.8308744198047995, "params": {"eta": 0.555425492835883, "max_depth": 9.997546302489148, "n_estimators": 9.105473617104977}, "datetime": {"datetime": "2021-09-17 15:51:51", "elapsed": 300.023391, "delta": 1.769816}}
{"target": 0.7857694513186217, "params": {"eta": 0.5435385127774475, "max_depth": 3.528153193980029, "n_estimators": 6.8900787389047835}, "datetime": {"datetime": "2021-09-17 15:51:53", "elapsed": 301.928144, "delta": 1.904753}}
{"target": 0.7424003086591193, "params": {"eta": 1.0, "max_depth": 8.27527532152059, "n_estimators": 2.223992851547437}, "datetime": {"datetime": "2021-09-17 15:51:55", "elapsed": 303.547989, "delta": 1.619845}}
{"target": 0.7218309849581872, "params": {"eta": 0.4765665316853282, "max_depth": 3.4971971996965996, "n_estimators": 4.047141171081398}, "datetime": {"datetime": "2021-09-17 15:51:57", "elapsed": 305.601335, "delta": 2.053346}}
{"target": -4.438288178974261, "params": {"eta": 0.01, "max_depth": 6.842100505023231, "n_estimators": 6.988253560894201}, "datetime": {"datetime": "2021-09-17 15:51:59", "elapsed": 307.825736, "delta": 2.224401}}
{"target": 0.228487965231563, "params": {"eta": 0.7699756462689707, "max_depth": 3.5627557411566624, "n_estimators": 1.2799769396682337}, "datetime": {"datetime": "2021-09-17 15:52:00", "elapsed": 309.118732, "delta": 1.292996}}
{"target": 0.789349835575873, "params": {"eta": 0.7004405470186054, "max_depth": 6.443556693815046, "n_estimators": 6.670336393218022}, "datetime": {"datetime": "2021-09-17 15:52:02", "elapsed": 310.873945, "delta": 1.755213}}
{"target": 0.7474832720594582, "params": {"eta": 0.7808817093694956, "max_depth": 7.187742792993275, "n_estimators": 6.78036551009869}, "datetime": {"datetime": "2021-09-17 15:52:04", "elapsed": 312.598309, "delta": 1.724364}}
{"target": 0.7882585648769782, "params": {"eta": 0.6668004302958878, "max_depth": 6.406300503364472, "n_estimators": 7.4362823702335}, "datetime": {"datetime": "2021-09-17 15:52:05", "elapsed": 314.225831, "delta": 1.627522}}
{"target": 0.8197383971642456, "params": {"eta": 0.547070898613615, "max_depth": 6.892274332119125, "n_estimators": 6.248726951615108}, "datetime": {"datetime": "2021-09-17 15:52:07", "elapsed": 315.667691, "delta": 1.44186}}
{"target": 0.7747959152602456, "params": {"eta": 0.8397889200078457, "max_depth": 7.154260349487347, "n_estimators": 7.546493351527888}, "datetime": {"datetime": "2021-09-17 15:52:09", "elapsed": 317.269355, "delta": 1.601664}}
{"target": 0.7777466310139654, "params": {"eta": 0.8474541176086049, "max_depth": 7.143112145477968, "n_estimators": 7.5527369380970875}, "datetime": {"datetime": "2021-09-17 15:52:10", "elapsed": 318.51904, "delta": 1.249685}}
{"target": -1.4065284328355006, "params": {"eta": 0.09862448819102046, "max_depth": 3.091876955876635, "n_estimators": 5.402029097326538}, "datetime": {"datetime": "2021-09-17 15:52:11", "elapsed": 319.784704, "delta": 1.265664}}
{"target": 0.8177056575591679, "params": {"eta": 0.5174537461118878, "max_depth": 7.630314996597813, "n_estimators": 6.095039943427189}, "datetime": {"datetime": "2021-09-17 15:52:13", "elapsed": 321.581144, "delta": 1.79644}}
{"target": 0.3554238212961638, "params": {"eta": 0.37416395711048767, "max_depth": 4.58128627713192, "n_estimators": 3.653497970732615}, "datetime": {"datetime": "2021-09-17 15:52:15", "elapsed": 323.365691, "delta": 1.784547}}
{"target": 0.7722786516889041, "params": {"eta": 0.9880313472661195, "max_depth": 8.930152696837489, "n_estimators": 4.851727994184129}, "datetime": {"datetime": "2021-09-17 15:52:16", "elapsed": 324.735691, "delta": 1.37}}
{"target": 0.6687131944358848, "params": {"eta": 0.994979831113155, "max_depth": 1.652160794295761, "n_estimators": 3.8196293940458568}, "datetime": {"datetime": "2021-09-17 15:52:18", "elapsed": 326.73495, "delta": 1.999259}}
{"target": -3.111089990522422, "params": {"eta": 0.026486129209559534, "max_depth": 4.983629332602765, "n_estimators": 8.764142514433779}, "datetime": {"datetime": "2021-09-17 15:52:20", "elapsed": 328.775047, "delta": 2.040097}}
{"target": 0.5803783828134476, "params": {"eta": 0.32375753188076156, "max_depth": 1.0, "n_estimators": 6.524150163990859}, "datetime": {"datetime": "2021-09-17 15:52:22", "elapsed": 331.068805, "delta": 2.293758}}
{"target": 0.7793231870180254, "params": {"eta": 0.6388419357231142, "max_depth": 1.449869051843513, "n_estimators": 10.0}, "datetime": {"datetime": "2021-09-17 15:52:26", "elapsed": 334.516818, "delta": 3.448013}}
{"target": 0.8101957153408972, "params": {"eta": 0.6817039725807146, "max_depth": 5.5864499662473, "n_estimators": 8.266004070483383}, "datetime": {"datetime": "2021-09-17 15:52:27", "elapsed": 335.827051, "delta": 1.310233}}
{"target": 0.7547351561429569, "params": {"eta": 0.8644251083125846, "max_depth": 6.266618874973259, "n_estimators": 2.8938801221009434}, "datetime": {"datetime": "2021-09-17 15:52:28", "elapsed": 337.106053, "delta": 1.279002}}
{"target": 0.24576803110840983, "params": {"eta": 0.48315206806129907, "max_depth": 4.81276979868666, "n_estimators": 2.912201129088766}, "datetime": {"datetime": "2021-09-17 15:52:30", "elapsed": 338.980154, "delta": 1.874101}}
{"target": 0.7073355040109789, "params": {"eta": 0.549360226537517, "max_depth": 1.47482727496181, "n_estimators": 6.7640904529861405}, "datetime": {"datetime": "2021-09-17 15:52:32", "elapsed": 340.657174, "delta": 1.67702}}
{"target": 0.7971479703477187, "params": {"eta": 0.8247034687054864, "max_depth": 6.590491205269664, "n_estimators": 3.428699513564286}, "datetime": {"datetime": "2021-09-17 15:52:34", "elapsed": 342.511964, "delta": 1.85479}}
{"target": -4.0541145165847405, "params": {"eta": 0.01, "max_depth": 5.534893883347735, "n_estimators": 10.0}, "datetime": {"datetime": "2021-09-17 15:52:36", "elapsed": 344.437748, "delta": 1.925784}}
{"target": -4.153140258833365, "params": {"eta": 0.08797699582901108, "max_depth": 4.45514007269361, "n_estimators": 1.7097482823434254}, "datetime": {"datetime": "2021-09-17 15:52:37", "elapsed": 345.678969, "delta": 1.241221}}
{"target": 0.7828247947957778, "params": {"eta": 0.6161105317599458, "max_depth": 6.021339836670963, "n_estimators": 9.937032402883503}, "datetime": {"datetime": "2021-09-17 15:52:39", "elapsed": 347.360968, "delta": 1.681999}}
{"target": 0.6545534755708191, "params": {"eta": 1.0, "max_depth": 1.5861595505114263, "n_estimators": 4.901622532194069}, "datetime": {"datetime": "2021-09-17 15:52:41", "elapsed": 349.356262, "delta": 1.995294}}
{"target": 0.816662085645649, "params": {"eta": 0.48991528656875566, "max_depth": 9.283973554190478, "n_estimators": 7.44406838666486}, "datetime": {"datetime": "2021-09-17 15:52:42", "elapsed": 351.172329, "delta": 1.816067}}
{"target": 0.8590920732083059, "params": {"eta": 0.4132979928403655, "max_depth": 4.586818580646233, "n_estimators": 9.56634960316197}, "datetime": {"datetime": "2021-09-17 15:52:44", "elapsed": 352.798773, "delta": 1.626444}}
{"target": -4.339277197157583, "params": {"eta": 0.01, "max_depth": 5.923675288834409, "n_estimators": 7.639484147852506}, "datetime": {"datetime": "2021-09-17 15:52:46", "elapsed": 354.625711, "delta": 1.826938}}
{"target": 0.7951361679975204, "params": {"eta": 0.6644721236374553, "max_depth": 6.212342076023645, "n_estimators": 8.428124982683608}, "datetime": {"datetime": "2021-09-17 15:52:48", "elapsed": 356.617332, "delta": 1.991621}}
{"target": 0.7969448684062764, "params": {"eta": 0.6472209971165576, "max_depth": 5.641574819725916, "n_estimators": 7.170382273067322}, "datetime": {"datetime": "2021-09-17 15:52:50", "elapsed": 358.858083, "delta": 2.240751}}
{"target": -0.11553025432033603, "params": {"eta": 0.40490485565918294, "max_depth": 2.1203213610890694, "n_estimators": 2.9379900723863166}, "datetime": {"datetime": "2021-09-17 15:52:52", "elapsed": 360.880791, "delta": 2.022708}}
{"target": 0.7421433076012008, "params": {"eta": 0.40938528091670257, "max_depth": 1.7475207528211114, "n_estimators": 7.487163266814891}, "datetime": {"datetime": "2021-09-17 15:52:53", "elapsed": 362.203528, "delta": 1.322737}}
{"target": 0.7869878116194691, "params": {"eta": 0.7159691097769635, "max_depth": 5.730437430411576, "n_estimators": 9.04072077275492}, "datetime": {"datetime": "2021-09-17 15:52:56", "elapsed": 365.197547, "delta": 2.994019}}
{"target": -3.0399104752543984, "params": {"eta": 0.2081301076017657, "max_depth": 6.3906002767441885, "n_estimators": 1.0248735332251115}, "datetime": {"datetime": "2021-09-17 15:52:58", "elapsed": 366.991148, "delta": 1.793601}}
{"target": 0.7802865002330818, "params": {"eta": 0.670295673381342, "max_depth": 6.72130363117442, "n_estimators": 7.0175889575092905}, "datetime": {"datetime": "2021-09-17 15:53:00", "elapsed": 369.084425, "delta": 2.093277}}
{"target": 0.7217591449318848, "params": {"eta": 0.9735129472599249, "max_depth": 3.547371653735834, "n_estimators": 2.9038018254482196}, "datetime": {"datetime": "2021-09-17 15:53:02", "elapsed": 370.481113, "delta": 1.396688}}
{"target": 0.7532477652865055, "params": {"eta": 1.0, "max_depth": 7.3964223718949045, "n_estimators": 5.068568950400713}, "datetime": {"datetime": "2021-09-17 15:53:04", "elapsed": 372.316701, "delta": 1.835588}}
{"target": 0.6433649151003584, "params": {"eta": 1.0, "max_depth": 3.2398797027576545, "n_estimators": 1.0}, "datetime": {"datetime": "2021-09-17 15:53:06", "elapsed": 374.652606, "delta": 2.335905}}
{"target": 0.7601179319409429, "params": {"eta": 0.6489171140936517, "max_depth": 9.062786462798826, "n_estimators": 3.2213221944289083}, "datetime": {"datetime": "2021-09-17 15:53:07", "elapsed": 376.009876, "delta": 1.35727}}
{"target": 0.7676815874680277, "params": {"eta": 0.6141239259971116, "max_depth": 5.578151128846774, "n_estimators": 7.778801470101424}, "datetime": {"datetime": "2021-09-17 15:53:10", "elapsed": 378.527105, "delta": 2.517229}}
{"target": 0.7942224174456549, "params": {"eta": 0.3834254920216931, "max_depth": 3.9753670426254804, "n_estimators": 8.498952447950577}, "datetime": {"datetime": "2021-09-17 15:53:11", "elapsed": 379.815361, "delta": 1.288256}}
{"target": 0.7760926600463307, "params": {"eta": 0.6031859380866912, "max_depth": 4.149337760185592, "n_estimators": 8.955131323135085}, "datetime": {"datetime": "2021-09-17 15:53:14", "elapsed": 382.364815, "delta": 2.549454}}
{"target": 0.7481228942561036, "params": {"eta": 0.7660607268399718, "max_depth": 3.9294426712305994, "n_estimators": 8.432283333757953}, "datetime": {"datetime": "2021-09-17 15:53:15", "elapsed": 384.109052, "delta": 1.744237}}
{"target": 0.743337095576976, "params": {"eta": 1.0, "max_depth": 9.498376967367811, "n_estimators": 7.306234587583056}, "datetime": {"datetime": "2021-09-17 15:53:18", "elapsed": 386.385278, "delta": 2.276226}}
{"target": 0.703170225623923, "params": {"eta": 0.9765275010987524, "max_depth": 2.9759842611171994, "n_estimators": 6.242882336649812}, "datetime": {"datetime": "2021-09-17 15:53:20", "elapsed": 388.946327, "delta": 2.561049}}
{"target": -0.16861064388893077, "params": {"eta": 0.17209226480252382, "max_depth": 1.915587277740558, "n_estimators": 6.387076370951155}, "datetime": {"datetime": "2021-09-17 15:53:22", "elapsed": 390.331537, "delta": 1.38521}}
{"target": -2.332851803355071, "params": {"eta": 0.059171275840775896, "max_depth": 1.5098683389245937, "n_estimators": 6.823477596941578}, "datetime": {"datetime": "2021-09-17 15:53:24", "elapsed": 392.590604, "delta": 2.259067}}
{"target": 0.6968264483024313, "params": {"eta": 0.3394702116600795, "max_depth": 1.0852512102384124, "n_estimators": 7.929661438020219}, "datetime": {"datetime": "2021-09-17 15:53:27", "elapsed": 395.668331, "delta": 3.077727}}
{"target": 0.7368807515083209, "params": {"eta": 0.6460876709038806, "max_depth": 1.3024077496628412, "n_estimators": 6.2401033728490525}, "datetime": {"datetime": "2021-09-17 15:53:30", "elapsed": 398.634883, "delta": 2.966552}}
{"target": 0.7102543383114072, "params": {"eta": 0.7903358060409004, "max_depth": 1.9924543921183768, "n_estimators": 6.540399497851665}, "datetime": {"datetime": "2021-09-17 15:53:32", "elapsed": 400.927329, "delta": 2.292446}}
{"target": 0.7773251394540568, "params": {"eta": 0.5203397096380754, "max_depth": 6.176007416857394, "n_estimators": 4.343306881949195}, "datetime": {"datetime": "2021-09-17 15:53:35", "elapsed": 404.156076, "delta": 3.228747}}
{"target": 0.05081845849248712, "params": {"eta": 0.42915152650764277, "max_depth": 8.602899496821795, "n_estimators": 2.4434711613953852}, "datetime": {"datetime": "2021-09-17 15:53:38", "elapsed": 406.614552, "delta": 2.458476}}
{"target": 0.7473245199410825, "params": {"eta": 1.0, "max_depth": 6.5242756679668155, "n_estimators": 4.571007412752268}, "datetime": {"datetime": "2021-09-17 15:53:41", "elapsed": 409.504625, "delta": 2.890073}}
{"target": -4.580776146140029, "params": {"eta": 0.011664025372736283, "max_depth": 2.0565877003082513, "n_estimators": 4.11424931023533}, "datetime": {"datetime": "2021-09-17 15:53:43", "elapsed": 411.766534, "delta": 2.261909}}
{"target": 0.7829147159267396, "params": {"eta": 0.5766353174804891, "max_depth": 6.0090099396334375, "n_estimators": 5.236486832878508}, "datetime": {"datetime": "2021-09-17 15:53:45", "elapsed": 413.87287, "delta": 2.106336}}
{"target": 0.7535321798015331, "params": {"eta": 0.2758299273725583, "max_depth": 6.004569273565247, "n_estimators": 8.339746510381588}, "datetime": {"datetime": "2021-09-17 15:53:47", "elapsed": 415.366871, "delta": 1.494001}}
{"target": -4.645152579541121, "params": {"eta": 0.01, "max_depth": 3.408087925889746, "n_estimators": 4.5021532651654095}, "datetime": {"datetime": "2021-09-17 15:53:50", "elapsed": 418.431853, "delta": 3.064982}}
{"target": -0.43480068211339873, "params": {"eta": 0.18772531638517978, "max_depth": 8.507400474276025, "n_estimators": 4.514925911163484}, "datetime": {"datetime": "2021-09-17 15:53:51", "elapsed": 420.247178, "delta": 1.815325}}
{"target": 0.7714598690342553, "params": {"eta": 0.6976376135838998, "max_depth": 3.0013083447282156, "n_estimators": 4.135305020634851}, "datetime": {"datetime": "2021-09-17 15:53:54", "elapsed": 423.208236, "delta": 2.961058}}
