{"target": -2.488830913368025, "params": {"eta": 0.4188387803485495, "max_depth": 7.98598232593888, "n_estimators": 16.58003055580151}, "datetime": {"datetime": "2021-09-17 13:02:35", "elapsed": 167.924093, "delta": 1.256003}}
{"target": -2.4509116009662026, "params": {"eta": 0.4329344868317381, "max_depth": 7.523704442640747, "n_estimators": 16.62210002854878}, "datetime": {"datetime": "2021-09-17 13:02:36", "elapsed": 168.853283, "delta": 0.92919}}
{"target": -2.5847222547782094, "params": {"eta": 0.31280796947575373, "max_depth": 7.741824265433575, "n_estimators": 16.66483025954528}, "datetime": {"datetime": "2021-09-17 13:02:37", "elapsed": 170.017876, "delta": 1.164593}}
{"target": -2.4184603026038722, "params": {"eta": 0.47755717397314257, "max_depth": 7.934113619746209, "n_estimators": 16.05521228255987}, "datetime": {"datetime": "2021-09-17 13:02:38", "elapsed": 171.013646, "delta": 0.99577}}
{"target": -2.4996285350699177, "params": {"eta": 0.38429865906203925, "max_depth": 7.577098598976516, "n_estimators": 16.26192530689518}, "datetime": {"datetime": "2021-09-17 13:02:39", "elapsed": 172.158798, "delta": 1.145152}}
{"target": -2.5960838236306842, "params": {"eta": 0.36364995699068015, "max_depth": 7.9884826496115995, "n_estimators": 16.399440099505572}, "datetime": {"datetime": "2021-09-17 13:02:40", "elapsed": 173.330113, "delta": 1.171315}}
{"target": -2.5907508969306945, "params": {"eta": 0.3418097562498727, "max_depth": 7.182056325553763, "n_estimators": 16.03177063444206}, "datetime": {"datetime": "2021-09-17 13:02:42", "elapsed": 174.780994, "delta": 1.450881}}
{"target": -2.6194382874589217, "params": {"eta": 0.4487275810510756, "max_depth": 7.432159929195858, "n_estimators": 16.280139526782474}, "datetime": {"datetime": "2021-09-17 13:02:43", "elapsed": 175.781992, "delta": 1.000998}}
{"target": -2.4330347205463205, "params": {"eta": 0.2964677467460913, "max_depth": 7.5926049538551155, "n_estimators": 16.148617585751417}, "datetime": {"datetime": "2021-09-17 13:02:44", "elapsed": 176.894422, "delta": 1.11243}}
{"target": -2.4723251336499263, "params": {"eta": 0.36931488505415966, "max_depth": 7.233760098682997, "n_estimators": 16.58931058538496}, "datetime": {"datetime": "2021-09-17 13:02:45", "elapsed": 178.228683, "delta": 1.334261}}
{"target": -2.523986859698045, "params": {"eta": 0.4579762234134579, "max_depth": 7.053852290675244, "n_estimators": 16.638898544612022}, "datetime": {"datetime": "2021-09-17 13:02:46", "elapsed": 179.412687, "delta": 1.184004}}
{"target": -2.5941016448171514, "params": {"eta": 0.37769877117311895, "max_depth": 7.544182235143195, "n_estimators": 16.42754743755653}, "datetime": {"datetime": "2021-09-17 13:02:47", "elapsed": 180.451223, "delta": 1.038536}}
{"target": -2.726340709234539, "params": {"eta": 0.3450432416343284, "max_depth": 7.316216510554426, "n_estimators": 16.149635769998632}, "datetime": {"datetime": "2021-09-17 13:02:48", "elapsed": 181.441222, "delta": 0.989999}}
{"target": -2.686718896188234, "params": {"eta": 0.47406802071423626, "max_depth": 7.706118209542901, "n_estimators": 16.389389745673203}, "datetime": {"datetime": "2021-09-17 13:02:49", "elapsed": 182.5191, "delta": 1.077878}}
{"target": -2.5436074294542013, "params": {"eta": 0.42824453429633413, "max_depth": 7.935121397896927, "n_estimators": 16.70409622029821}, "datetime": {"datetime": "2021-09-17 13:02:51", "elapsed": 184.134102, "delta": 1.615002}}
{"target": -2.6431805403609028, "params": {"eta": 0.3955673657279379, "max_depth": 7.835511949277306, "n_estimators": 16.287853396482202}, "datetime": {"datetime": "2021-09-17 13:02:53", "elapsed": 186.015754, "delta": 1.881652}}
{"target": -2.5266422284276864, "params": {"eta": 0.3809322039230117, "max_depth": 7.45726268041566, "n_estimators": 16.718061197660155}, "datetime": {"datetime": "2021-09-17 13:02:54", "elapsed": 187.519538, "delta": 1.503784}}
{"target": -2.5900119154076826, "params": {"eta": 0.29316793559495097, "max_depth": 7.202179894275328, "n_estimators": 16.06741838843394}, "datetime": {"datetime": "2021-09-17 13:02:56", "elapsed": 188.674167, "delta": 1.154629}}
{"target": -2.556985106593684, "params": {"eta": 0.29565362120617006, "max_depth": 7.650557410176339, "n_estimators": 16.77613946175106}, "datetime": {"datetime": "2021-09-17 13:02:57", "elapsed": 189.940215, "delta": 1.266048}}
{"target": -2.467772909842039, "params": {"eta": 0.3568650623596787, "max_depth": 7.492516876366179, "n_estimators": 16.319010200831514}, "datetime": {"datetime": "2021-09-17 13:02:58", "elapsed": 191.02916, "delta": 1.088945}}
{"target": -2.5769027791525185, "params": {"eta": 0.4743692770160933, "max_depth": 7.27788308165918, "n_estimators": 16.094960000927873}, "datetime": {"datetime": "2021-09-17 13:02:59", "elapsed": 192.420216, "delta": 1.391056}}
{"target": -2.487942241367541, "params": {"eta": 0.37233013930557085, "max_depth": 7.335380558481479, "n_estimators": 16.004884337399833}, "datetime": {"datetime": "2021-09-17 13:03:01", "elapsed": 193.568216, "delta": 1.148}}
{"target": -2.6119209477775973, "params": {"eta": 0.3381143021761823, "max_depth": 7.746007103014074, "n_estimators": 16.704455169054306}, "datetime": {"datetime": "2021-09-17 13:03:02", "elapsed": 194.70045, "delta": 1.132234}}
{"target": -2.7263592274565447, "params": {"eta": 0.3450713921489139, "max_depth": 7.319260525627451, "n_estimators": 16.96842677159314}, "datetime": {"datetime": "2021-09-17 13:03:03", "elapsed": 195.83345, "delta": 1.133}}
{"target": -2.6087003632595667, "params": {"eta": 0.3836238735043035, "max_depth": 7.605610100322665, "n_estimators": 16.302755882046036}, "datetime": {"datetime": "2021-09-17 13:03:04", "elapsed": 196.843351, "delta": 1.009901}}
{"target": -2.6983438127919244, "params": {"eta": 0.4039029909035576, "max_depth": 7.855316928277761, "n_estimators": 16.532222106817525}, "datetime": {"datetime": "2021-09-17 13:03:05", "elapsed": 198.028349, "delta": 1.184998}}
{"target": -2.4879405724374872, "params": {"eta": 0.3723268955839682, "max_depth": 7.132300080966522, "n_estimators": 16.072599985275094}, "datetime": {"datetime": "2021-09-17 13:03:06", "elapsed": 199.161818, "delta": 1.133469}}
{"target": -2.4625600657965006, "params": {"eta": 0.37113641657955, "max_depth": 7.6529943213187, "n_estimators": 16.438242393244696}, "datetime": {"datetime": "2021-09-17 13:03:07", "elapsed": 200.504977, "delta": 1.343159}}
{"target": -2.5457924591867545, "params": {"eta": 0.33583298706083076, "max_depth": 7.777968946526174, "n_estimators": 16.181728370019652}, "datetime": {"datetime": "2021-09-17 13:03:09", "elapsed": 201.845648, "delta": 1.340671}}
{"target": -2.526149932961715, "params": {"eta": 0.2542143401700416, "max_depth": 7.722202812049998, "n_estimators": 16.868830302177876}, "datetime": {"datetime": "2021-09-17 13:03:11", "elapsed": 203.681882, "delta": 1.836234}}
{"target": -2.4589071505948117, "params": {"eta": 0.45716329094806385, "max_depth": 7.233053340138983, "n_estimators": 16.27345602952714}, "datetime": {"datetime": "2021-09-17 13:03:12", "elapsed": 205.381173, "delta": 1.699291}}
{"target": -2.640491902200799, "params": {"eta": 0.40475094892612085, "max_depth": 7.251768629486349, "n_estimators": 16.252150665880173}, "datetime": {"datetime": "2021-09-17 13:03:13", "elapsed": 206.478365, "delta": 1.097192}}
{"target": -2.521712634437962, "params": {"eta": 0.412541599728229, "max_depth": 7.795299089464469, "n_estimators": 16.897270982607807}, "datetime": {"datetime": "2021-09-17 13:03:15", "elapsed": 207.890925, "delta": 1.41256}}
{"target": -2.5146647597614087, "params": {"eta": 0.29368937465419537, "max_depth": 7.381191079602403, "n_estimators": 16.44558800863326}, "datetime": {"datetime": "2021-09-17 13:03:17", "elapsed": 209.731504, "delta": 1.840579}}
{"target": -2.6153892021430165, "params": {"eta": 0.33235342631194204, "max_depth": 7.8237547993416126, "n_estimators": 16.80411421967005}, "datetime": {"datetime": "2021-09-17 13:03:18", "elapsed": 211.118765, "delta": 1.387261}}
{"target": -2.425989253897416, "params": {"eta": 0.4138911989213431, "max_depth": 7.128651283800021, "n_estimators": 16.20296101188775}, "datetime": {"datetime": "2021-09-17 13:03:20", "elapsed": 212.634921, "delta": 1.516156}}
{"target": -2.474750272851241, "params": {"eta": 0.3707343194636067, "max_depth": 7.814696790025452, "n_estimators": 16.087048284018763}, "datetime": {"datetime": "2021-09-17 13:03:21", "elapsed": 214.457079, "delta": 1.822158}}
{"target": -2.4334293265091747, "params": {"eta": 0.3000142410202443, "max_depth": 7.14161137837495, "n_estimators": 16.617744751883464}, "datetime": {"datetime": "2021-09-17 13:03:23", "elapsed": 215.723326, "delta": 1.266247}}
{"target": -2.4630899937529316, "params": {"eta": 0.2823193978912901, "max_depth": 7.197039785822959, "n_estimators": 16.04793084178464}, "datetime": {"datetime": "2021-09-17 13:03:24", "elapsed": 217.219735, "delta": 1.496409}}
{"target": -2.5281892029862654, "params": {"eta": 0.4207952953966467, "max_depth": 7.197799761221156, "n_estimators": 16.110402638800476}, "datetime": {"datetime": "2021-09-17 13:03:26", "elapsed": 218.626022, "delta": 1.406287}}
{"target": -2.5181011168580305, "params": {"eta": 0.4798265830187016, "max_depth": 7.244056329516506, "n_estimators": 16.69021776038191}, "datetime": {"datetime": "2021-09-17 13:03:27", "elapsed": 220.442983, "delta": 1.816961}}
{"target": -2.4907644045980355, "params": {"eta": 0.3532747175676568, "max_depth": 7.330026700341245, "n_estimators": 16.558409570810586}, "datetime": {"datetime": "2021-09-17 13:03:30", "elapsed": 223.002145, "delta": 2.559162}}
{"target": -2.5501295616752224, "params": {"eta": 0.4205051786397083, "max_depth": 7.909164047890698, "n_estimators": 16.993459889846427}, "datetime": {"datetime": "2021-09-17 13:03:32", "elapsed": 224.720433, "delta": 1.718288}}
{"target": -2.4205967137688083, "params": {"eta": 0.4628093762378753, "max_depth": 7.77703632114769, "n_estimators": 16.604847923951517}, "datetime": {"datetime": "2021-09-17 13:03:33", "elapsed": 225.917432, "delta": 1.196999}}
{"target": -2.5192658217329726, "params": {"eta": 0.29606620578387777, "max_depth": 7.7191583332519995, "n_estimators": 16.288400505666036}, "datetime": {"datetime": "2021-09-17 13:03:34", "elapsed": 227.240128, "delta": 1.322696}}
{"target": -2.5501606903578105, "params": {"eta": 0.3487595278833016, "max_depth": 7.779931733203413, "n_estimators": 16.90427205298908}, "datetime": {"datetime": "2021-09-17 13:03:35", "elapsed": 228.556883, "delta": 1.316755}}
{"target": -2.498310209575452, "params": {"eta": 0.35072297063118835, "max_depth": 7.542550090616192, "n_estimators": 16.033089850562444}, "datetime": {"datetime": "2021-09-17 13:03:37", "elapsed": 230.191883, "delta": 1.635}}
{"target": -2.747871407709624, "params": {"eta": 0.398309481222063, "max_depth": 7.982018214174274, "n_estimators": 16.63610421431221}, "datetime": {"datetime": "2021-09-17 13:03:38", "elapsed": 231.521552, "delta": 1.329669}}
{"target": -2.5168652070196047, "params": {"eta": 0.3877446476237761, "max_depth": 7.27936872315588, "n_estimators": 16.83638318768014}, "datetime": {"datetime": "2021-09-17 13:03:40", "elapsed": 232.890218, "delta": 1.368666}}
{"target": -2.6028757879608557, "params": {"eta": 0.26341000856438657, "max_depth": 7.460596021698671, "n_estimators": 16.424204749384835}, "datetime": {"datetime": "2021-09-17 13:03:41", "elapsed": 234.428977, "delta": 1.538759}}
{"target": -2.4428720053873563, "params": {"eta": 0.28900893851376064, "max_depth": 7.823473442859167, "n_estimators": 16.3618005091293}, "datetime": {"datetime": "2021-09-17 13:03:43", "elapsed": 236.097915, "delta": 1.668938}}
{"target": -2.530686060378426, "params": {"eta": 0.4093066732398486, "max_depth": 7.534336651967758, "n_estimators": 16.678746243795928}, "datetime": {"datetime": "2021-09-17 13:03:44", "elapsed": 237.526854, "delta": 1.428939}}
{"target": -2.6497403483641775, "params": {"eta": 0.47325772353365037, "max_depth": 7.840782389481516, "n_estimators": 16.303531497540313}, "datetime": {"datetime": "2021-09-17 13:03:46", "elapsed": 238.892167, "delta": 1.365313}}
{"target": -2.6156180664112694, "params": {"eta": 0.2836049528657922, "max_depth": 7.020200624512229, "n_estimators": 16.712223097861017}, "datetime": {"datetime": "2021-09-17 13:03:47", "elapsed": 240.478836, "delta": 1.586669}}
{"target": -2.569973429880644, "params": {"eta": 0.3374056124692615, "max_depth": 7.078857378483558, "n_estimators": 16.699111994463614}, "datetime": {"datetime": "2021-09-17 13:03:49", "elapsed": 241.870454, "delta": 1.391618}}
{"target": -2.6075596596065322, "params": {"eta": 0.41687944354108963, "max_depth": 7.446092837905482, "n_estimators": 16.03721032219714}, "datetime": {"datetime": "2021-09-17 13:03:50", "elapsed": 243.110934, "delta": 1.24048}}
{"target": -2.646862627330579, "params": {"eta": 0.45039337085226094, "max_depth": 7.487225858977091, "n_estimators": 16.238059348076835}, "datetime": {"datetime": "2021-09-17 13:03:52", "elapsed": 244.678198, "delta": 1.567264}}
{"target": -2.5646021573167097, "params": {"eta": 0.4500363703717179, "max_depth": 7.714933081490942, "n_estimators": 16.731801810885585}, "datetime": {"datetime": "2021-09-17 13:03:53", "elapsed": 246.484797, "delta": 1.806599}}
{"target": -2.6871542673361932, "params": {"eta": 0.455100258180392, "max_depth": 7.615918258841785, "n_estimators": 16.19164157585489}, "datetime": {"datetime": "2021-09-17 13:03:55", "elapsed": 248.049537, "delta": 1.56474}}
{"target": -2.547911130754571, "params": {"eta": 0.3625479482395243, "max_depth": 7.867955444823186, "n_estimators": 16.783239737370533}, "datetime": {"datetime": "2021-09-17 13:03:56", "elapsed": 249.511127, "delta": 1.46159}}
{"target": -2.555040186957309, "params": {"eta": 0.29036946268085917, "max_depth": 7.470217691959169, "n_estimators": 16.04126973193528}, "datetime": {"datetime": "2021-09-17 13:03:58", "elapsed": 250.850328, "delta": 1.339201}}
{"target": -2.5497508827008697, "params": {"eta": 0.4307764982277257, "max_depth": 7.946001147983539, "n_estimators": 16.280929130334716}, "datetime": {"datetime": "2021-09-17 13:03:59", "elapsed": 252.34312, "delta": 1.492792}}
{"target": -2.480493678544697, "params": {"eta": 0.28876432385488043, "max_depth": 7.413525185495137, "n_estimators": 16.59928008822067}, "datetime": {"datetime": "2021-09-17 13:04:01", "elapsed": 254.426905, "delta": 2.083785}}
{"target": -2.692693473163404, "params": {"eta": 0.4518872373546584, "max_depth": 7.2333430168426744, "n_estimators": 16.61341772969569}, "datetime": {"datetime": "2021-09-17 13:04:03", "elapsed": 256.066904, "delta": 1.639999}}
{"target": -2.639043365026775, "params": {"eta": 0.3382759015430641, "max_depth": 7.275949198912073, "n_estimators": 16.93695108309427}, "datetime": {"datetime": "2021-09-17 13:04:05", "elapsed": 257.642871, "delta": 1.575967}}
{"target": -2.6236874925462823, "params": {"eta": 0.32926369342028333, "max_depth": 7.212437967794871, "n_estimators": 16.46388006864816}, "datetime": {"datetime": "2021-09-17 13:04:06", "elapsed": 259.324245, "delta": 1.681374}}
{"target": -2.602709519863129, "params": {"eta": 0.4265599986281447, "max_depth": 7.284750637906296, "n_estimators": 16.031108548852025}, "datetime": {"datetime": "2021-09-17 13:04:08", "elapsed": 260.895545, "delta": 1.5713}}
{"target": -2.5682824360696896, "params": {"eta": 0.34805146931638575, "max_depth": 7.794481549190808, "n_estimators": 16.158867926893873}, "datetime": {"datetime": "2021-09-17 13:04:09", "elapsed": 262.482226, "delta": 1.586681}}
{"target": -2.6118158083213, "params": {"eta": 0.3380029041939967, "max_depth": 7.077575794094722, "n_estimators": 16.989341942993548}, "datetime": {"datetime": "2021-09-17 13:04:11", "elapsed": 263.876432, "delta": 1.394206}}
{"target": -2.4900075636411967, "params": {"eta": 0.31837716609383526, "max_depth": 7.062606380788384, "n_estimators": 16.97685618165255}, "datetime": {"datetime": "2021-09-17 13:04:12", "elapsed": 265.265919, "delta": 1.389487}}
{"target": -2.5614690749268783, "params": {"eta": 0.42100183770260247, "max_depth": 7.647261300921789, "n_estimators": 16.57028424162352}, "datetime": {"datetime": "2021-09-17 13:04:14", "elapsed": 266.590586, "delta": 1.324667}}
{"target": -2.5559889724380094, "params": {"eta": 0.30286758582504436, "max_depth": 7.1309196124753, "n_estimators": 16.24497660319051}, "datetime": {"datetime": "2021-09-17 13:04:15", "elapsed": 267.961299, "delta": 1.370713}}
{"target": -2.395930132113005, "params": {"eta": 0.36615512639349357, "max_depth": 7.643657288522288, "n_estimators": 16.55666819007145}, "datetime": {"datetime": "2021-09-17 13:04:16", "elapsed": 269.456599, "delta": 1.4953}}
{"target": -2.573777661825481, "params": {"eta": 0.27058952755953003, "max_depth": 7.2324307728751815, "n_estimators": 16.489114344147392}, "datetime": {"datetime": "2021-09-17 13:04:18", "elapsed": 270.882853, "delta": 1.426254}}
{"target": -2.497189496692858, "params": {"eta": 0.4258025631593444, "max_depth": 7.34001232000973, "n_estimators": 16.476458786804763}, "datetime": {"datetime": "2021-09-17 13:04:19", "elapsed": 272.246479, "delta": 1.363626}}
{"target": -2.5974630487592596, "params": {"eta": 0.2857369034659319, "max_depth": 7.453532129114701, "n_estimators": 16.665013018240437}, "datetime": {"datetime": "2021-09-17 13:04:21", "elapsed": 273.697644, "delta": 1.451165}}
{"target": -2.42318032101581, "params": {"eta": 0.4772194039103106, "max_depth": 7.881128077426387, "n_estimators": 16.42796977713157}, "datetime": {"datetime": "2021-09-17 13:04:22", "elapsed": 275.037955, "delta": 1.340311}}
{"target": -2.598121631145477, "params": {"eta": 0.26816244121196087, "max_depth": 7.386951697045797, "n_estimators": 16.276541387188715}, "datetime": {"datetime": "2021-09-17 13:04:24", "elapsed": 276.876782, "delta": 1.838827}}
{"target": -2.4853580832481383, "params": {"eta": 0.3608607758281424, "max_depth": 7.036354623182373, "n_estimators": 16.233492833393232}, "datetime": {"datetime": "2021-09-17 13:04:26", "elapsed": 278.954973, "delta": 2.078191}}
{"target": -2.663317538562574, "params": {"eta": 0.40142004430131506, "max_depth": 7.1239537195991725, "n_estimators": 16.826125176313834}, "datetime": {"datetime": "2021-09-17 13:04:27", "elapsed": 280.483974, "delta": 1.529001}}
{"target": -2.601352598165211, "params": {"eta": 0.4456395708199521, "max_depth": 7.361562165295907, "n_estimators": 16.10068940856973}, "datetime": {"datetime": "2021-09-17 13:04:29", "elapsed": 282.456399, "delta": 1.972425}}
{"target": -2.653651698639518, "params": {"eta": 0.4060524380743074, "max_depth": 7.509605551805255, "n_estimators": 16.807333785609266}, "datetime": {"datetime": "2021-09-17 13:04:31", "elapsed": 283.915199, "delta": 1.4588}}
{"target": -2.675186771468112, "params": {"eta": 0.4485028029413075, "max_depth": 7.585179874997029, "n_estimators": 16.210431124677882}, "datetime": {"datetime": "2021-09-17 13:04:33", "elapsed": 285.790821, "delta": 1.875622}}
{"target": -2.473720263807397, "params": {"eta": 0.43861063758429075, "max_depth": 7.01653843300138, "n_estimators": 16.82642094401584}, "datetime": {"datetime": "2021-09-17 13:04:34", "elapsed": 287.376713, "delta": 1.585892}}
{"target": -2.578992902605157, "params": {"eta": 0.3196380702499292, "max_depth": 7.94808433506106, "n_estimators": 16.766452233509714}, "datetime": {"datetime": "2021-09-17 13:04:36", "elapsed": 288.944033, "delta": 1.56732}}
{"target": -2.6543726161906593, "params": {"eta": 0.45119795198813434, "max_depth": 7.6317396970490625, "n_estimators": 16.44160774448532}, "datetime": {"datetime": "2021-09-17 13:04:38", "elapsed": 290.586705, "delta": 1.642672}}
{"target": -2.5120312853863367, "params": {"eta": 0.40892715447796574, "max_depth": 7.690359949894237, "n_estimators": 16.43357092529311}, "datetime": {"datetime": "2021-09-17 13:04:39", "elapsed": 292.178319, "delta": 1.591614}}
{"target": -2.5981042642342413, "params": {"eta": 0.26811586771785106, "max_depth": 7.383904452521512, "n_estimators": 16.078860920260382}, "datetime": {"datetime": "2021-09-17 13:04:41", "elapsed": 293.618745, "delta": 1.440426}}
{"target": -2.5014669688124407, "params": {"eta": 0.3606914404007214, "max_depth": 7.232640027693932, "n_estimators": 16.10184597434081}, "datetime": {"datetime": "2021-09-17 13:04:42", "elapsed": 295.136, "delta": 1.517255}}
{"target": -2.606040902514207, "params": {"eta": 0.4747722725851463, "max_depth": 7.37290481738133, "n_estimators": 16.942530225528124}, "datetime": {"datetime": "2021-09-17 13:04:44", "elapsed": 296.796455, "delta": 1.660455}}
{"target": -2.675448763370514, "params": {"eta": 0.3278220019375132, "max_depth": 7.764940110624211, "n_estimators": 16.646572737908333}, "datetime": {"datetime": "2021-09-17 13:04:45", "elapsed": 298.256454, "delta": 1.459999}}
{"target": -2.5385220339423733, "params": {"eta": 0.29433875926368575, "max_depth": 7.7159458367636375, "n_estimators": 16.667718609035898}, "datetime": {"datetime": "2021-09-17 13:04:47", "elapsed": 300.212426, "delta": 1.955972}}
{"target": -2.5392086493341544, "params": {"eta": 0.34048647905233637, "max_depth": 7.770983706269934, "n_estimators": 16.36549525541471}, "datetime": {"datetime": "2021-09-17 13:04:49", "elapsed": 302.023071, "delta": 1.810645}}
{"target": -2.457175151925338, "params": {"eta": 0.3114937166244155, "max_depth": 7.769060363870199, "n_estimators": 16.360903009081923}, "datetime": {"datetime": "2021-09-17 13:04:51", "elapsed": 304.181379, "delta": 2.158308}}
{"target": -2.5120846710707014, "params": {"eta": 0.3214220610548043, "max_depth": 7.5487719403049365, "n_estimators": 16.259817718908657}, "datetime": {"datetime": "2021-09-17 13:04:53", "elapsed": 306.105841, "delta": 1.924462}}
{"target": -2.4209214260703638, "params": {"eta": 0.29851208095152104, "max_depth": 7.164604395083784, "n_estimators": 16.18429417867628}, "datetime": {"datetime": "2021-09-17 13:04:55", "elapsed": 308.3369, "delta": 2.231059}}
