{"target": 0.8471972230873095, "params": {"eta": 0.3582774523707808, "max_depth": 9.555915769644265, "n_estimators": 18.649213789809693}, "datetime": {"datetime": "2021-09-17 18:44:24", "elapsed": 953.062839, "delta": 4.929956}}
{"target": 0.7927613702199643, "params": {"eta": 0.6159201231511116, "max_depth": 19.61708017020277, "n_estimators": 19.729180511324486}, "datetime": {"datetime": "2021-09-17 18:44:27", "elapsed": 956.569578, "delta": 3.506739}}
{"target": 0.7135354807768366, "params": {"eta": 0.7816028250109459, "max_depth": 15.861891949701043, "n_estimators": 11.178043770656203}, "datetime": {"datetime": "2021-09-17 18:44:33", "elapsed": 962.416073, "delta": 5.846495}}
{"target": 0.8245808101026402, "params": {"eta": 0.23230998609961664, "max_depth": 9.820424865029691, "n_estimators": 18.5702715652255}, "datetime": {"datetime": "2021-09-17 18:44:43", "elapsed": 972.296031, "delta": 9.879958}}
{"target": 0.8044046250724545, "params": {"eta": 0.6826811232006362, "max_depth": 4.763436380744114, "n_estimators": 19.708785832198792}, "datetime": {"datetime": "2021-09-17 18:44:50", "elapsed": 979.54, "delta": 7.243969}}
{"target": 0.7823271779494213, "params": {"eta": 0.6306328866978655, "max_depth": 9.392773756860125, "n_estimators": 18.566529158643814}, "datetime": {"datetime": "2021-09-17 18:44:56", "elapsed": 985.182017, "delta": 5.642017}}
{"target": 0.713143240720864, "params": {"eta": 0.7536943168922052, "max_depth": 10.099866822337166, "n_estimators": 15.848698555145136}, "datetime": {"datetime": "2021-09-17 18:45:05", "elapsed": 993.649688, "delta": 8.467671}}
{"target": 0.8357801612322057, "params": {"eta": 0.3273163676343678, "max_depth": 5.846473854193947, "n_estimators": 15.879848109211915}, "datetime": {"datetime": "2021-09-17 18:45:10", "elapsed": 999.410402, "delta": 5.760714}}
{"target": 0.8439150418738266, "params": {"eta": 0.3332858441392401, "max_depth": 4.3075438519840406, "n_estimators": 18.80397878960944}, "datetime": {"datetime": "2021-09-17 18:45:17", "elapsed": 1005.879615, "delta": 6.469213}}
{"target": 0.7215751150392541, "params": {"eta": 0.10790523346427211, "max_depth": 6.8817719346006925, "n_estimators": 19.711129323686052}, "datetime": {"datetime": "2021-09-17 18:45:22", "elapsed": 1010.91118, "delta": 5.031565}}
{"target": 0.6869605104556527, "params": {"eta": 0.10187468439396175, "max_depth": 4.800847575264079, "n_estimators": 19.906756209170574}, "datetime": {"datetime": "2021-09-17 18:45:28", "elapsed": 1016.857132, "delta": 5.945952}}
{"target": -0.43695911779895935, "params": {"eta": 0.11150039146531968, "max_depth": 10.161888429207597, "n_estimators": 7.488576924861868}, "datetime": {"datetime": "2021-09-17 18:45:30", "elapsed": 1019.327022, "delta": 2.46989}}
{"target": 0.8254365278709059, "params": {"eta": 0.4281940729003961, "max_depth": 8.369099954808009, "n_estimators": 12.593775000030014}, "datetime": {"datetime": "2021-09-17 18:45:36", "elapsed": 1024.881138, "delta": 5.554116}}
{"target": 0.7297748333678059, "params": {"eta": 0.757734648494895, "max_depth": 11.902249227559942, "n_estimators": 19.366805564477424}, "datetime": {"datetime": "2021-09-17 18:45:38", "elapsed": 1027.352227, "delta": 2.471089}}
{"target": 0.8396318064257915, "params": {"eta": 0.2878484011331405, "max_depth": 6.009915032501479, "n_estimators": 14.90024597863988}, "datetime": {"datetime": "2021-09-17 18:45:47", "elapsed": 1035.767475, "delta": 8.415248}}
{"target": 0.44380765817099055, "params": {"eta": 0.1, "max_depth": 5.93547071249799, "n_estimators": 14.57631718006465}, "datetime": {"datetime": "2021-09-17 18:45:54", "elapsed": 1042.836504, "delta": 7.069029}}
{"target": 0.8010914567786902, "params": {"eta": 0.5830289241704495, "max_depth": 14.17797413768788, "n_estimators": 9.1743511478312}, "datetime": {"datetime": "2021-09-17 18:45:57", "elapsed": 1046.376964, "delta": 3.54046}}
{"target": 0.8178097475296244, "params": {"eta": 0.5852092358579548, "max_depth": 6.142528369405124, "n_estimators": 14.948248721372522}, "datetime": {"datetime": "2021-09-17 18:46:06", "elapsed": 1055.404607, "delta": 9.027643}}
{"target": 0.7862541826354107, "params": {"eta": 0.1464698976233338, "max_depth": 9.134147608914006, "n_estimators": 17.729931509869587}, "datetime": {"datetime": "2021-09-17 18:46:09", "elapsed": 1058.190023, "delta": 2.785416}}
{"target": 0.6523472749279788, "params": {"eta": 0.1, "max_depth": 9.329673254618678, "n_estimators": 18.749775326374312}, "datetime": {"datetime": "2021-09-17 18:46:15", "elapsed": 1064.090757, "delta": 5.900734}}
{"target": 0.810906206269409, "params": {"eta": 0.17964238780322406, "max_depth": 6.309630816726598, "n_estimators": 15.143306346441717}, "datetime": {"datetime": "2021-09-17 18:46:22", "elapsed": 1070.679862, "delta": 6.589105}}
{"target": 0.8327835855975925, "params": {"eta": 0.22095587073237916, "max_depth": 6.273827538762092, "n_estimators": 18.494496416709296}, "datetime": {"datetime": "2021-09-17 18:46:24", "elapsed": 1073.588461, "delta": 2.908599}}
{"target": 0.8406898347352265, "params": {"eta": 0.45059656820618477, "max_depth": 7.488809579386585, "n_estimators": 10.284422848271054}, "datetime": {"datetime": "2021-09-17 18:46:28", "elapsed": 1077.398814, "delta": 3.810353}}
{"target": 0.8152722571183239, "params": {"eta": 0.22643304860433203, "max_depth": 10.45247345348134, "n_estimators": 16.084453558364743}, "datetime": {"datetime": "2021-09-17 18:46:32", "elapsed": 1080.993632, "delta": 3.594818}}
{"target": 0.7341439088234665, "params": {"eta": 0.7716775887785883, "max_depth": 7.428419507128654, "n_estimators": 10.498211661224817}, "datetime": {"datetime": "2021-09-17 18:46:40", "elapsed": 1088.693239, "delta": 7.699607}}
{"target": 0.8324289588350271, "params": {"eta": 0.39714950325349335, "max_depth": 13.302880736462416, "n_estimators": 15.750744515092853}, "datetime": {"datetime": "2021-09-17 18:46:46", "elapsed": 1094.68246, "delta": 5.989221}}
{"target": 0.8378307857867782, "params": {"eta": 0.4617355850574876, "max_depth": 13.313089175443851, "n_estimators": 15.357309966100122}, "datetime": {"datetime": "2021-09-17 18:46:52", "elapsed": 1101.55477, "delta": 6.87231}}
{"target": 0.7009148501856157, "params": {"eta": 0.13077724504032479, "max_depth": 13.344886109997944, "n_estimators": 15.425511565726833}, "datetime": {"datetime": "2021-09-17 18:46:59", "elapsed": 1108.534936, "delta": 6.980166}}
{"target": 0.7937636150719364, "params": {"eta": 0.6129067925330949, "max_depth": 13.328830929545823, "n_estimators": 16.081803325839772}, "datetime": {"datetime": "2021-09-17 18:47:05", "elapsed": 1114.575849, "delta": 6.040913}}
{"target": 0.7341031067068527, "params": {"eta": 0.7277079007257098, "max_depth": 13.071155952262046, "n_estimators": 15.165479370615202}, "datetime": {"datetime": "2021-09-17 18:47:11", "elapsed": 1119.70262, "delta": 5.126771}}
{"target": 0.7294819232274308, "params": {"eta": 0.1974112715701791, "max_depth": 17.511425109874395, "n_estimators": 10.217627025075025}, "datetime": {"datetime": "2021-09-17 18:47:14", "elapsed": 1123.391243, "delta": 3.688623}}
{"target": 0.8167688477855891, "params": {"eta": 0.299769405573186, "max_depth": 17.34320768395836, "n_estimators": 10.460872945412245}, "datetime": {"datetime": "2021-09-17 18:47:24", "elapsed": 1133.079654, "delta": 9.688411}}
{"target": 0.848198334301651, "params": {"eta": 0.3532516956216031, "max_depth": 5.086287923241777, "n_estimators": 14.345764387164932}, "datetime": {"datetime": "2021-09-17 18:47:27", "elapsed": 1136.400345, "delta": 3.320691}}
{"target": 0.8321301337576756, "params": {"eta": 0.3965781675234876, "max_depth": 5.332195542900533, "n_estimators": 14.601172676461598}, "datetime": {"datetime": "2021-09-17 18:47:34", "elapsed": 1142.884416, "delta": 6.484071}}
{"target": 0.7405000343245975, "params": {"eta": 0.7559984235508611, "max_depth": 13.304201486436238, "n_estimators": 15.536091192475142}, "datetime": {"datetime": "2021-09-17 18:47:43", "elapsed": 1151.75975, "delta": 8.875334}}
{"target": 0.8059672850866358, "params": {"eta": 0.5579120598989871, "max_depth": 11.545525120853757, "n_estimators": 12.982196475640118}, "datetime": {"datetime": "2021-09-17 18:47:47", "elapsed": 1156.04537, "delta": 4.28562}}
{"target": 0.755490035898978, "params": {"eta": 0.7461868445869954, "max_depth": 5.063431497296758, "n_estimators": 14.482095015622157}, "datetime": {"datetime": "2021-09-17 18:47:56", "elapsed": 1165.103834, "delta": 9.058464}}
{"target": 0.8295380112190054, "params": {"eta": 0.37823962428116265, "max_depth": 6.363637954605682, "n_estimators": 15.469646955184237}, "datetime": {"datetime": "2021-09-17 18:48:04", "elapsed": 1172.92565, "delta": 7.821816}}
{"target": 0.8247347544980238, "params": {"eta": 0.27631261213605585, "max_depth": 5.373941882083933, "n_estimators": 14.190349783331765}, "datetime": {"datetime": "2021-09-17 18:48:11", "elapsed": 1179.647769, "delta": 6.722119}}
{"target": 0.8306691573999845, "params": {"eta": 0.24630900792689664, "max_depth": 5.006468467258083, "n_estimators": 13.973853205288417}, "datetime": {"datetime": "2021-09-17 18:48:17", "elapsed": 1185.950199, "delta": 6.30243}}
{"target": 0.8303074140465976, "params": {"eta": 0.4544907817579207, "max_depth": 5.7895960679251015, "n_estimators": 15.0139445767217}, "datetime": {"datetime": "2021-09-17 18:48:28", "elapsed": 1197.134081, "delta": 11.183882}}
{"target": 0.8295447791462534, "params": {"eta": 0.3110935220104478, "max_depth": 4.700205011699914, "n_estimators": 14.24827818104588}, "datetime": {"datetime": "2021-09-17 18:48:40", "elapsed": 1209.080707, "delta": 11.946626}}
{"target": 0.8120550918874437, "params": {"eta": 0.41724428113632894, "max_depth": 19.801525320788805, "n_estimators": 10.29814377720006}, "datetime": {"datetime": "2021-09-17 18:48:45", "elapsed": 1213.657509, "delta": 4.576802}}
{"target": 0.8358048101511724, "params": {"eta": 0.34334295802112824, "max_depth": 12.03583909499886, "n_estimators": 17.067990513712516}, "datetime": {"datetime": "2021-09-17 18:48:48", "elapsed": 1216.668519, "delta": 3.01101}}
{"target": 0.8369371649659635, "params": {"eta": 0.39723298919681505, "max_depth": 12.924605366127453, "n_estimators": 15.864191875621897}, "datetime": {"datetime": "2021-09-17 18:48:56", "elapsed": 1225.174711, "delta": 8.506192}}
{"target": 0.8214696984138301, "params": {"eta": 0.21846131993124607, "max_depth": 13.317515475003802, "n_estimators": 16.062330399491415}, "datetime": {"datetime": "2021-09-17 18:49:06", "elapsed": 1235.153733, "delta": 9.979022}}
{"target": 0.7999548770499256, "params": {"eta": 0.5824484734205503, "max_depth": 5.0775000142302975, "n_estimators": 14.070221610700152}, "datetime": {"datetime": "2021-09-17 18:49:18", "elapsed": 1246.834008, "delta": 11.680275}}
{"target": 0.49840774134864807, "params": {"eta": 0.1056110630234352, "max_depth": 5.077302635652449, "n_estimators": 14.529566354159066}, "datetime": {"datetime": "2021-09-17 18:49:25", "elapsed": 1254.459412, "delta": 7.625404}}
{"target": 0.8474709589257974, "params": {"eta": 0.3499340571660946, "max_depth": 4.651946140863421, "n_estimators": 13.885263359270654}, "datetime": {"datetime": "2021-09-17 18:49:33", "elapsed": 1261.734162, "delta": 7.27475}}
{"target": 0.836473708562889, "params": {"eta": 0.3394518787888239, "max_depth": 4.317947224901957, "n_estimators": 14.097414333445744}, "datetime": {"datetime": "2021-09-17 18:49:42", "elapsed": 1271.461341, "delta": 9.727179}}
{"target": 0.8168334162448716, "params": {"eta": 0.5378234665983455, "max_depth": 4.322113159442795, "n_estimators": 13.771077436581919}, "datetime": {"datetime": "2021-09-17 18:49:53", "elapsed": 1281.79781, "delta": 10.336469}}
{"target": 0.8032804174654823, "params": {"eta": 0.6526432753726417, "max_depth": 4.546058025875835, "n_estimators": 14.181960678557417}, "datetime": {"datetime": "2021-09-17 18:50:04", "elapsed": 1293.439952, "delta": 11.642142}}
{"target": 0.8108175402218044, "params": {"eta": 0.49283357159513974, "max_depth": 8.63985811689282, "n_estimators": 13.75666934023312}, "datetime": {"datetime": "2021-09-17 18:50:10", "elapsed": 1298.841282, "delta": 5.40133}}
{"target": 0.8400499902747318, "params": {"eta": 0.2609617638654088, "max_depth": 4.022530030273381, "n_estimators": 19.44288933230144}, "datetime": {"datetime": "2021-09-17 18:50:20", "elapsed": 1309.485008, "delta": 10.643726}}
{"target": 0.7601681409022057, "params": {"eta": 0.25077667576865104, "max_depth": 16.16724703411395, "n_estimators": 9.513821811817808}, "datetime": {"datetime": "2021-09-17 18:50:26", "elapsed": 1315.23774, "delta": 5.752732}}
{"target": 0.6406357316131606, "params": {"eta": 0.13401447287943402, "max_depth": 4.342703162308933, "n_estimators": 13.732958944812008}, "datetime": {"datetime": "2021-09-17 18:50:40", "elapsed": 1329.145992, "delta": 13.908252}}
{"target": 0.7924433126755361, "params": {"eta": 0.6540775249835261, "max_depth": 4.809183908986164, "n_estimators": 13.733600758861765}, "datetime": {"datetime": "2021-09-17 18:50:59", "elapsed": 1347.911165, "delta": 18.765173}}
{"target": 0.82411127850354, "params": {"eta": 0.3624311315139358, "max_depth": 12.509121052742477, "n_estimators": 15.6328120586292}, "datetime": {"datetime": "2021-09-17 18:51:05", "elapsed": 1354.344293, "delta": 6.433128}}
{"target": 0.8523424122906149, "params": {"eta": 0.4595970093016847, "max_depth": 7.922856169689204, "n_estimators": 17.525154252350326}, "datetime": {"datetime": "2021-09-17 18:51:10", "elapsed": 1359.428459, "delta": 5.084166}}
{"target": 0.7975622985268305, "params": {"eta": 0.39191540329180186, "max_depth": 22.72843682949611, "n_estimators": 7.002630620798932}, "datetime": {"datetime": "2021-09-17 19:05:31", "elapsed": 0.0, "delta": 0.0}}
{"target": 0.8230921183912278, "params": {"eta": 0.31163280084228784, "max_depth": 7.815653161244939, "n_estimators": 9.12378767968235}, "datetime": {"datetime": "2021-09-17 19:05:31", "elapsed": 0.049998, "delta": 0.049998}}
{"target": 0.82705747599658, "params": {"eta": 0.23038214796436965, "max_depth": 12.98457890311924, "n_estimators": 16.12565190730541}, "datetime": {"datetime": "2021-09-17 19:05:31", "elapsed": 0.169934, "delta": 0.119936}}
{"target": 0.8222465378999299, "params": {"eta": 0.4771717138023499, "max_depth": 14.899057374485665, "n_estimators": 22.76004850912547}, "datetime": {"datetime": "2021-09-17 19:05:32", "elapsed": 0.389, "delta": 0.219066}}
{"target": 0.6530841462688677, "params": {"eta": 0.24311657481206222, "max_depth": 26.83105334616458, "n_estimators": 7.6299146435523015}, "datetime": {"datetime": "2021-09-17 19:05:32", "elapsed": 0.438001, "delta": 0.049001}}
{"target": 0.8031627285593883, "params": {"eta": 0.5693272571248816, "max_depth": 14.8499248615453, "n_estimators": 19.84986605425229}, "datetime": {"datetime": "2021-09-17 19:05:32", "elapsed": 0.611998, "delta": 0.173997}}
{"target": 0.8386783296173488, "params": {"eta": 0.19827085701666364, "max_depth": 9.15063871620685, "n_estimators": 25.417125079537342}, "datetime": {"datetime": "2021-09-17 19:05:32", "elapsed": 0.750001, "delta": 0.138003}}
{"target": 0.7326483830032452, "params": {"eta": 0.7777831030035783, "max_depth": 12.149028632140315, "n_estimators": 22.923420160394222}, "datetime": {"datetime": "2021-09-17 19:05:32", "elapsed": 0.934997, "delta": 0.184996}}
{"target": 0.8413400580281871, "params": {"eta": 0.33253230353353114, "max_depth": 9.05897489391195, "n_estimators": 25.51824502473564}, "datetime": {"datetime": "2021-09-17 19:05:32", "elapsed": 1.205999, "delta": 0.271002}}
{"target": 0.7978531861213749, "params": {"eta": 0.1, "max_depth": 6.352004060786198, "n_estimators": 25.445163762123574}, "datetime": {"datetime": "2021-09-17 19:05:33", "elapsed": 1.834998, "delta": 0.628999}}
{"target": 0.8078533295547121, "params": {"eta": 0.1, "max_depth": 9.582382803264249, "n_estimators": 28.021439268448603}, "datetime": {"datetime": "2021-09-17 19:05:34", "elapsed": 2.689276, "delta": 0.854278}}
{"target": 0.8222191963973539, "params": {"eta": 0.13764600084505405, "max_depth": 17.70984229715082, "n_estimators": 22.939420253200286}, "datetime": {"datetime": "2021-09-17 19:05:35", "elapsed": 3.400275, "delta": 0.710999}}
{"target": 0.8120520435583671, "params": {"eta": 0.25717589013297887, "max_depth": 10.89562805109755, "n_estimators": 13.196018165753749}, "datetime": {"datetime": "2021-09-17 19:05:35", "elapsed": 3.901276, "delta": 0.501001}}
{"target": 0.3594951444617289, "params": {"eta": 0.1, "max_depth": 15.164659122259225, "n_estimators": 13.695097996343685}, "datetime": {"datetime": "2021-09-17 19:05:36", "elapsed": 4.520456, "delta": 0.61918}}
{"target": 0.835594032483403, "params": {"eta": 0.34044238943376576, "max_depth": 10.473830624142222, "n_estimators": 16.777641866441158}, "datetime": {"datetime": "2021-09-17 19:05:36", "elapsed": 5.15099, "delta": 0.630534}}
{"target": 0.7859573499341497, "params": {"eta": 0.1849405480606697, "max_depth": 7.45141347369991, "n_estimators": 13.222795998535313}, "datetime": {"datetime": "2021-09-17 19:05:37", "elapsed": 5.681987, "delta": 0.530997}}
{"target": 0.796509832535434, "params": {"eta": 0.1, "max_depth": 16.30421519411405, "n_estimators": 26.185551446691054}, "datetime": {"datetime": "2021-09-17 19:05:38", "elapsed": 6.514318, "delta": 0.832331}}
{"target": 0.8124170381495538, "params": {"eta": 0.2260057788657824, "max_depth": 12.364132024976717, "n_estimators": 18.4330769510094}, "datetime": {"datetime": "2021-09-17 19:05:38", "elapsed": 7.106317, "delta": 0.591999}}
{"target": 0.8110356058016978, "params": {"eta": 0.38382747049455607, "max_depth": 4.6789802881223554, "n_estimators": 7.0}, "datetime": {"datetime": "2021-09-17 19:05:39", "elapsed": 7.655318, "delta": 0.549001}}
{"target": 0.8409722121893064, "params": {"eta": 0.44009092113755977, "max_depth": 4.064640840495304, "n_estimators": 10.652129394215617}, "datetime": {"datetime": "2021-09-17 19:05:39", "elapsed": 8.185521, "delta": 0.530203}}
{"target": 0.7105598287829455, "params": {"eta": 0.8, "max_depth": 21.332508666525012, "n_estimators": 24.926639932864504}, "datetime": {"datetime": "2021-09-17 19:05:40", "elapsed": 8.859523, "delta": 0.674002}}
{"target": 0.7461750958484273, "params": {"eta": 0.2912049028503816, "max_depth": 10.410126830795612, "n_estimators": 7.029167014795883}, "datetime": {"datetime": "2021-09-17 19:05:40", "elapsed": 9.269524, "delta": 0.410001}}
{"target": 0.7548311066663304, "params": {"eta": 0.8, "max_depth": 4.0, "n_estimators": 13.895001057720272}, "datetime": {"datetime": "2021-09-17 19:05:41", "elapsed": 9.639527, "delta": 0.370003}}
{"target": 0.7542329136667799, "params": {"eta": 0.8, "max_depth": 5.971097221126055, "n_estimators": 29.664536724734923}, "datetime": {"datetime": "2021-09-17 19:05:41", "elapsed": 10.10152, "delta": 0.461993}}
{"target": 0.777746865593617, "params": {"eta": 0.13266977922709064, "max_depth": 18.733067452056474, "n_estimators": 19.86281756828649}, "datetime": {"datetime": "2021-09-17 19:05:42", "elapsed": 10.513088, "delta": 0.411568}}
{"target": 0.6538424197224233, "params": {"eta": 0.1, "max_depth": 7.576962618750715, "n_estimators": 18.89903845881718}, "datetime": {"datetime": "2021-09-17 19:05:42", "elapsed": 11.018088, "delta": 0.505}}
{"target": 0.7301369990652735, "params": {"eta": 0.8, "max_depth": 12.98910324372391, "n_estimators": 27.96951350118364}, "datetime": {"datetime": "2021-09-17 19:05:43", "elapsed": 11.598091, "delta": 0.580003}}
{"target": 0.762370078438053, "params": {"eta": 0.8, "max_depth": 6.091367234483638, "n_estimators": 10.405877015947048}, "datetime": {"datetime": "2021-09-17 19:05:43", "elapsed": 12.079089, "delta": 0.480998}}
{"target": 0.742953438916164, "params": {"eta": 0.8, "max_depth": 9.804996968418834, "n_estimators": 10.751273925851056}, "datetime": {"datetime": "2021-09-17 19:05:44", "elapsed": 12.621035, "delta": 0.541946}}
{"target": 0.7432697580228222, "params": {"eta": 0.8, "max_depth": 9.720779127623809, "n_estimators": 14.894602135054638}, "datetime": {"datetime": "2021-09-17 19:05:44", "elapsed": 13.040037, "delta": 0.419002}}
{"target": 0.7889608919778213, "params": {"eta": 0.7036405789542899, "max_depth": 6.9380640820769415, "n_estimators": 7.087909608118848}, "datetime": {"datetime": "2021-09-17 19:05:45", "elapsed": 13.431034, "delta": 0.390997}}
{"target": 0.43526337194305564, "params": {"eta": 0.16770950682104221, "max_depth": 4.027999610547457, "n_estimators": 8.714038404911589}, "datetime": {"datetime": "2021-09-17 19:05:45", "elapsed": 13.862035, "delta": 0.431001}}
{"target": 0.8364755315859179, "params": {"eta": 0.2761632569049567, "max_depth": 11.756880973694178, "n_estimators": 16.866341634442378}, "datetime": {"datetime": "2021-09-17 19:05:46", "elapsed": 14.467319, "delta": 0.605284}}
{"target": 0.8487902423341567, "params": {"eta": 0.3493476670808852, "max_depth": 11.06847418597999, "n_estimators": 18.019693848927204}, "datetime": {"datetime": "2021-09-17 19:05:46", "elapsed": 15.164317, "delta": 0.696998}}
{"target": 0.7483399526597714, "params": {"eta": 0.19610169753032314, "max_depth": 4.350755154465615, "n_estimators": 11.756911409123637}, "datetime": {"datetime": "2021-09-17 19:05:47", "elapsed": 15.650317, "delta": 0.486}}
{"target": 0.8479201138324708, "params": {"eta": 0.45355052479913893, "max_depth": 9.951709651885448, "n_estimators": 26.341178764262327}, "datetime": {"datetime": "2021-09-17 19:05:48", "elapsed": 16.415003, "delta": 0.764686}}
{"target": 0.8457724538396223, "params": {"eta": 0.29711122855383565, "max_depth": 8.41823672814848, "n_estimators": 26.68233656179939}, "datetime": {"datetime": "2021-09-17 19:05:48", "elapsed": 16.984003, "delta": 0.569}}
{"target": 0.7805527854812204, "params": {"eta": 0.6457092295399618, "max_depth": 16.35614797394188, "n_estimators": 22.025779085454932}, "datetime": {"datetime": "2021-09-17 19:05:49", "elapsed": 17.749649, "delta": 0.765646}}
