{"target": 0.8590444744763802, "params": {"eta": 0.32747395519327416, "max_depth": 7.519839811136724, "n_estimators": 48.40672463550038}, "datetime": {"datetime": "2021-09-17 19:56:38", "elapsed": 745.34651, "delta": 3.157301}}
{"target": 0.7497225371579315, "params": {"eta": 0.7833826992121403, "max_depth": 24.463901516249944, "n_estimators": 23.555359478777945}, "datetime": {"datetime": "2021-09-17 19:56:42", "elapsed": 749.347009, "delta": 4.000499}}
{"target": 0.8524195682274321, "params": {"eta": 0.1, "max_depth": 9.378256445141643, "n_estimators": 48.342819421915486}, "datetime": {"datetime": "2021-09-17 19:56:46", "elapsed": 753.190757, "delta": 3.843748}}
{"target": 0.8552365216121928, "params": {"eta": 0.1903715550319225, "max_depth": 27.3828346761011, "n_estimators": 40.171611439469764}, "datetime": {"datetime": "2021-09-17 19:56:49", "elapsed": 756.767449, "delta": 3.576692}}
{"target": 0.8664083813883126, "params": {"eta": 0.19001429773415815, "max_depth": 11.275614464759062, "n_estimators": 42.356006699038744}, "datetime": {"datetime": "2021-09-17 19:56:53", "elapsed": 759.91824, "delta": 3.150791}}
{"target": 0.8501062549073631, "params": {"eta": 0.16764756272274484, "max_depth": 11.276730036865532, "n_estimators": 39.68124401923019}, "datetime": {"datetime": "2021-09-17 19:56:56", "elapsed": 762.972506, "delta": 3.054266}}
{"target": 0.8543093865014049, "params": {"eta": 0.13882974257523195, "max_depth": 10.740035377673458, "n_estimators": 41.683348137554916}, "datetime": {"datetime": "2021-09-17 19:57:00", "elapsed": 767.285295, "delta": 4.312789}}
{"target": 0.8632519064814651, "params": {"eta": 0.20894047272295727, "max_depth": 12.211578922096471, "n_estimators": 39.83513136285654}, "datetime": {"datetime": "2021-09-17 19:57:03", "elapsed": 770.782547, "delta": 3.497252}}
{"target": 0.8498950964597678, "params": {"eta": 0.18029446871814006, "max_depth": 9.998269979730306, "n_estimators": 32.39248306997993}, "datetime": {"datetime": "2021-09-17 19:57:07", "elapsed": 773.858762, "delta": 3.076215}}
{"target": 0.8314048143794919, "params": {"eta": 0.41368029202632284, "max_depth": 24.358876837103892, "n_estimators": 28.63343375480137}, "datetime": {"datetime": "2021-09-17 19:57:12", "elapsed": 779.09783, "delta": 5.239068}}
{"target": 0.7923935349829376, "params": {"eta": 0.6464039220043352, "max_depth": 21.16651420285485, "n_estimators": 26.8973744689621}, "datetime": {"datetime": "2021-09-17 19:57:16", "elapsed": 783.210521, "delta": 4.112691}}
{"target": 0.8678045374519845, "params": {"eta": 0.3763672799906548, "max_depth": 28.242840463444335, "n_estimators": 32.5363252486646}, "datetime": {"datetime": "2021-09-17 19:57:20", "elapsed": 787.252684, "delta": 4.042163}}
{"target": 0.8291066229319872, "params": {"eta": 0.1, "max_depth": 29.153786824930034, "n_estimators": 32.77901095881553}, "datetime": {"datetime": "2021-09-17 19:57:24", "elapsed": 791.084372, "delta": 3.831688}}
{"target": 0.8359725341746671, "params": {"eta": 0.1, "max_depth": 24.766153761444798, "n_estimators": 36.44760414590582}, "datetime": {"datetime": "2021-09-17 19:57:30", "elapsed": 797.128044, "delta": 6.043672}}
{"target": 0.8437158380263573, "params": {"eta": 0.1219543555154729, "max_depth": 12.204664375496428, "n_estimators": 42.31587460908392}, "datetime": {"datetime": "2021-09-17 19:57:33", "elapsed": 800.283882, "delta": 3.155838}}
{"target": 0.7710453740687684, "params": {"eta": 0.6648503419057329, "max_depth": 27.482377196727825, "n_estimators": 31.961258653119376}, "datetime": {"datetime": "2021-09-17 19:57:36", "elapsed": 803.693284, "delta": 3.409402}}
{"target": 0.8314334325226129, "params": {"eta": 0.1, "max_depth": 16.1368467063177, "n_estimators": 33.174404167041274}, "datetime": {"datetime": "2021-09-17 19:57:41", "elapsed": 808.117354, "delta": 4.42407}}
{"target": 0.7477506409034146, "params": {"eta": 0.7695534651636688, "max_depth": 13.050031908196903, "n_estimators": 39.60537579184487}, "datetime": {"datetime": "2021-09-17 19:57:45", "elapsed": 812.173739, "delta": 4.056385}}
{"target": 0.8513121298362658, "params": {"eta": 0.15851397215917137, "max_depth": 27.93353398004768, "n_estimators": 33.27424556050369}, "datetime": {"datetime": "2021-09-17 19:57:48", "elapsed": 815.522535, "delta": 3.348796}}
{"target": 0.8529046961108339, "params": {"eta": 0.17668049957087217, "max_depth": 24.678065018268853, "n_estimators": 33.596968323412156}, "datetime": {"datetime": "2021-09-17 19:57:52", "elapsed": 819.230627, "delta": 3.708092}}
{"target": 0.8421382561559962, "params": {"eta": 0.1, "max_depth": 32.57616208611806, "n_estimators": 45.45608861563741}, "datetime": {"datetime": "2021-09-17 19:57:57", "elapsed": 823.880641, "delta": 4.650014}}
{"target": 0.7578373380643545, "params": {"eta": 0.8, "max_depth": 36.73373661636918, "n_estimators": 40.02426111521994}, "datetime": {"datetime": "2021-09-17 19:58:00", "elapsed": 827.278993, "delta": 3.398352}}
{"target": 0.8649326431714277, "params": {"eta": 0.19349022927789702, "max_depth": 20.555865405100768, "n_estimators": 25.0516192972952}, "datetime": {"datetime": "2021-09-17 19:58:05", "elapsed": 832.115905, "delta": 4.836912}}
{"target": 0.8641102707867956, "params": {"eta": 0.3902380479544709, "max_depth": 19.760969590677725, "n_estimators": 25.311202414113346}, "datetime": {"datetime": "2021-09-17 19:58:08", "elapsed": 835.285514, "delta": 3.169609}}
{"target": 0.8425151028066833, "params": {"eta": 0.31863434627982035, "max_depth": 18.69958489153249, "n_estimators": 25.184148897414403}, "datetime": {"datetime": "2021-09-17 19:58:12", "elapsed": 838.94151, "delta": 3.655996}}
{"target": 0.8723048221585016, "params": {"eta": 0.3301419914745165, "max_depth": 16.983202647915405, "n_estimators": 24.354743818189156}, "datetime": {"datetime": "2021-09-17 19:58:16", "elapsed": 843.632916, "delta": 4.691406}}
{"target": 0.7706586058676514, "params": {"eta": 0.7447430346802761, "max_depth": 20.921723441933363, "n_estimators": 24.279118405178252}, "datetime": {"datetime": "2021-09-17 19:58:20", "elapsed": 846.959348, "delta": 3.326432}}
{"target": 0.8639440698151709, "params": {"eta": 0.18611430035524726, "max_depth": 39.92362000112469, "n_estimators": 36.91660175158654}, "datetime": {"datetime": "2021-09-17 19:58:23", "elapsed": 850.260623, "delta": 3.301275}}
{"target": 0.8226694836087826, "params": {"eta": 0.5229689152529466, "max_depth": 39.101376946877565, "n_estimators": 36.70142524318791}, "datetime": {"datetime": "2021-09-17 19:58:28", "elapsed": 855.40416, "delta": 5.143537}}
{"target": 0.8595512276318197, "params": {"eta": 0.3595563669374503, "max_depth": 40.52883525162401, "n_estimators": 36.18359304554339}, "datetime": {"datetime": "2021-09-17 19:58:33", "elapsed": 859.970849, "delta": 4.566689}}
{"target": 0.8375859231526409, "params": {"eta": 0.1, "max_depth": 12.274606010896044, "n_estimators": 36.42953404803851}, "datetime": {"datetime": "2021-09-17 19:58:36", "elapsed": 863.529572, "delta": 3.558723}}
{"target": 0.8652325217336482, "params": {"eta": 0.3286369240244652, "max_depth": 24.035601861157318, "n_estimators": 48.72321213298123}, "datetime": {"datetime": "2021-09-17 19:58:40", "elapsed": 866.981162, "delta": 3.45159}}
{"target": 0.8566137256390294, "params": {"eta": 0.23420536885016535, "max_depth": 43.30940045921898, "n_estimators": 33.811716490799284}, "datetime": {"datetime": "2021-09-17 19:58:45", "elapsed": 872.644593, "delta": 5.663431}}
{"target": 0.8453486136102417, "params": {"eta": 0.3017043685423383, "max_depth": 44.3465631565945, "n_estimators": 34.40007863456928}, "datetime": {"datetime": "2021-09-17 19:58:49", "elapsed": 875.979198, "delta": 3.334605}}
{"target": 0.8034383851790774, "params": {"eta": 0.6986291891967091, "max_depth": 43.46703830946503, "n_estimators": 34.8350316244382}, "datetime": {"datetime": "2021-09-17 19:58:52", "elapsed": 879.416806, "delta": 3.437608}}
{"target": 0.8310922672675272, "params": {"eta": 0.1119731846900919, "max_depth": 44.50081747031073, "n_estimators": 33.183523702610955}, "datetime": {"datetime": "2021-09-17 19:58:55", "elapsed": 882.603675, "delta": 3.186869}}
{"target": 0.7499123653066939, "params": {"eta": 0.7627193858274716, "max_depth": 23.987238498295092, "n_estimators": 47.66752607336356}, "datetime": {"datetime": "2021-09-17 19:58:59", "elapsed": 886.630783, "delta": 4.027108}}
{"target": 0.7879037619050617, "params": {"eta": 0.7273595033365432, "max_depth": 17.762843870202737, "n_estimators": 24.681226029405366}, "datetime": {"datetime": "2021-09-17 19:59:02", "elapsed": 889.80199, "delta": 3.171207}}
{"target": 0.8330813503424933, "params": {"eta": 0.1013973723758403, "max_depth": 28.406689389851657, "n_estimators": 39.48804616033513}, "datetime": {"datetime": "2021-09-17 19:59:06", "elapsed": 893.623549, "delta": 3.821559}}
{"target": 0.8515305044346216, "params": {"eta": 0.24750199459467714, "max_depth": 41.01692518013203, "n_estimators": 36.96154429659412}, "datetime": {"datetime": "2021-09-17 19:59:10", "elapsed": 897.147037, "delta": 3.523488}}
{"target": 0.8320313414701646, "params": {"eta": 0.13980665177229223, "max_depth": 47.88031781405658, "n_estimators": 22.221555951911462}, "datetime": {"datetime": "2021-09-17 19:59:14", "elapsed": 901.430431, "delta": 4.283394}}
{"target": 0.7663637732774451, "params": {"eta": 0.7869846443807358, "max_depth": 10.66011845862975, "n_estimators": 42.257768103417305}, "datetime": {"datetime": "2021-09-17 19:59:19", "elapsed": 905.975625, "delta": 4.545194}}
{"target": 0.862960164610904, "params": {"eta": 0.1992362702569439, "max_depth": 8.189518378163797, "n_estimators": 45.489078435728686}, "datetime": {"datetime": "2021-09-17 19:59:23", "elapsed": 910.707268, "delta": 4.731643}}
{"target": 0.8424134386265917, "params": {"eta": 0.1, "max_depth": 13.446547690072503, "n_estimators": 44.75179466846425}, "datetime": {"datetime": "2021-09-17 19:59:27", "elapsed": 914.438451, "delta": 3.731183}}
{"target": 0.8423410473446468, "params": {"eta": 0.10298366879422512, "max_depth": 41.89466504069082, "n_estimators": 40.15205181145794}, "datetime": {"datetime": "2021-09-17 19:59:32", "elapsed": 918.929544, "delta": 4.491093}}
{"target": 0.8479990613633969, "params": {"eta": 0.10635960116613025, "max_depth": 28.1343596996582, "n_estimators": 44.19009954316905}, "datetime": {"datetime": "2021-09-17 19:59:36", "elapsed": 923.208143, "delta": 4.278599}}
{"target": 0.7866557517649799, "params": {"eta": 0.6434942592592202, "max_depth": 19.089432671503758, "n_estimators": 26.302013676444954}, "datetime": {"datetime": "2021-09-17 19:59:41", "elapsed": 927.985881, "delta": 4.777738}}
{"target": 0.7597639616598373, "params": {"eta": 0.8, "max_depth": 19.444228223772257, "n_estimators": 21.20572519712401}, "datetime": {"datetime": "2021-09-17 19:59:45", "elapsed": 932.118672, "delta": 4.132791}}
{"target": 0.8338502013664768, "params": {"eta": 0.3055283531808267, "max_depth": 41.60089601660811, "n_estimators": 48.85276386015738}, "datetime": {"datetime": "2021-09-17 19:59:48", "elapsed": 935.435785, "delta": 3.317113}}
{"target": 0.8611170575260036, "params": {"eta": 0.18917663832463355, "max_depth": 20.425234324376277, "n_estimators": 34.985023385282865}, "datetime": {"datetime": "2021-09-17 19:59:52", "elapsed": 938.988477, "delta": 3.552692}}
{"target": 0.8415796192077414, "params": {"eta": 0.3027866913208844, "max_depth": 21.321773206120753, "n_estimators": 35.21777226850472}, "datetime": {"datetime": "2021-09-17 19:59:55", "elapsed": 942.779285, "delta": 3.790808}}
{"target": 0.8283537859602736, "params": {"eta": 0.42078681065221113, "max_depth": 20.410640710925982, "n_estimators": 36.00401582618419}, "datetime": {"datetime": "2021-09-17 19:59:59", "elapsed": 946.209549, "delta": 3.430264}}
{"target": 0.8421088971485894, "params": {"eta": 0.1, "max_depth": 13.152601213199713, "n_estimators": 43.39659342794769}, "datetime": {"datetime": "2021-09-17 20:00:02", "elapsed": 949.695212, "delta": 3.485663}}
{"target": 0.8411210944850066, "params": {"eta": 0.1, "max_depth": 32.752788098873104, "n_estimators": 42.607438270439594}, "datetime": {"datetime": "2021-09-17 20:00:07", "elapsed": 954.509657, "delta": 4.814445}}
{"target": 0.7871176885212975, "params": {"eta": 0.11826225258515773, "max_depth": 17.779563921094855, "n_estimators": 20.454643760987295}, "datetime": {"datetime": "2021-09-17 20:00:10", "elapsed": 957.665648, "delta": 3.155991}}
{"target": 0.83055098990779, "params": {"eta": 0.17443292401196248, "max_depth": 14.753509131648839, "n_estimators": 20.32731125362291}, "datetime": {"datetime": "2021-09-17 20:00:16", "elapsed": 962.842859, "delta": 5.177211}}
{"target": 0.8449379701004087, "params": {"eta": 0.1, "max_depth": 38.81261464880519, "n_estimators": 50.0}, "datetime": {"datetime": "2021-09-17 20:00:19", "elapsed": 966.197262, "delta": 3.354403}}
{"target": 0.849344362825227, "params": {"eta": 0.30002532181784397, "max_depth": 49.36845290893963, "n_estimators": 39.28728184968554}, "datetime": {"datetime": "2021-09-17 20:00:24", "elapsed": 970.859395, "delta": 4.662133}}
{"target": 0.8604453212254384, "params": {"eta": 0.3654157577785033, "max_depth": 37.76790150527901, "n_estimators": 41.991019293726}, "datetime": {"datetime": "2021-09-17 20:00:28", "elapsed": 975.572689, "delta": 4.713294}}
{"target": 0.7599923470258605, "params": {"eta": 0.7738911371173127, "max_depth": 38.710600730997186, "n_estimators": 42.42184929913033}, "datetime": {"datetime": "2021-09-17 20:00:33", "elapsed": 980.246313, "delta": 4.673624}}
{"target": 0.7601734938830464, "params": {"eta": 0.7886941100650146, "max_depth": 36.74119481116122, "n_estimators": 41.8379470762733}, "datetime": {"datetime": "2021-09-17 20:00:36", "elapsed": 983.54177, "delta": 3.295457}}
{"target": 0.764898296904802, "params": {"eta": 0.792025248228258, "max_depth": 48.46958784994634, "n_estimators": 39.34324613173101}, "datetime": {"datetime": "2021-09-17 20:00:39", "elapsed": 986.584033, "delta": 3.042263}}
{"target": 0.8350892473512443, "params": {"eta": 0.1, "max_depth": 15.222775219742422, "n_estimators": 35.5854000268214}, "datetime": {"datetime": "2021-09-17 20:00:44", "elapsed": 991.15933, "delta": 4.575297}}
{"target": 0.8461721054420583, "params": {"eta": 0.1, "max_depth": 12.40527442226446, "n_estimators": 46.74981701790056}, "datetime": {"datetime": "2021-09-17 20:00:48", "elapsed": 995.046707, "delta": 3.887377}}
{"target": 0.7473230841657577, "params": {"eta": 0.7977511080232147, "max_depth": 20.80897900779662, "n_estimators": 34.55056409257676}, "datetime": {"datetime": "2021-09-17 20:00:51", "elapsed": 998.705716, "delta": 3.659009}}
{"target": 0.8424725970574092, "params": {"eta": 0.27853097170202673, "max_depth": 19.35185393789108, "n_estimators": 35.276164055413304}, "datetime": {"datetime": "2021-09-17 20:00:56", "elapsed": 1003.679886, "delta": 4.97417}}
{"target": 0.8433751795924723, "params": {"eta": 0.10457466095229483, "max_depth": 15.130504838824667, "n_estimators": 44.30051842155162}, "datetime": {"datetime": "2021-09-17 20:01:02", "elapsed": 1009.11786, "delta": 5.437974}}
{"target": 0.837652584859762, "params": {"eta": 0.1, "max_depth": 24.057927943898562, "n_estimators": 37.99817692579628}, "datetime": {"datetime": "2021-09-17 20:01:06", "elapsed": 1012.853514, "delta": 3.735654}}
{"target": 0.8559011722878164, "params": {"eta": 0.21815173309562708, "max_depth": 49.99136348406716, "n_estimators": 38.63916413336353}, "datetime": {"datetime": "2021-09-17 20:01:09", "elapsed": 1016.599557, "delta": 3.746043}}
{"target": 0.8421382561559962, "params": {"eta": 0.1, "max_depth": 37.01172753687638, "n_estimators": 45.454915877708004}, "datetime": {"datetime": "2021-09-17 20:01:15", "elapsed": 1022.627505, "delta": 6.027948}}
{"target": 0.7666281287058192, "params": {"eta": 0.7501642644743188, "max_depth": 13.32545900111511, "n_estimators": 34.6799159660477}, "datetime": {"datetime": "2021-09-17 20:01:19", "elapsed": 1026.256427, "delta": 3.628922}}
{"target": 0.8586855700413516, "params": {"eta": 0.15157297377366674, "max_depth": 38.0022549222214, "n_estimators": 41.287121583211615}, "datetime": {"datetime": "2021-09-17 20:01:24", "elapsed": 1031.350486, "delta": 5.094059}}
{"target": 0.8368593295859962, "params": {"eta": 0.12277538660104421, "max_depth": 12.908721899256024, "n_estimators": 32.75515710961988}, "datetime": {"datetime": "2021-09-17 20:01:28", "elapsed": 1035.565351, "delta": 4.214865}}
{"target": 0.797164616854832, "params": {"eta": 0.5496743247076056, "max_depth": 45.53072282702898, "n_estimators": 34.04705842456928}, "datetime": {"datetime": "2021-09-17 20:01:33", "elapsed": 1040.088722, "delta": 4.523371}}
{"target": 0.8509032496203933, "params": {"eta": 0.1, "max_depth": 8.008925606356298, "n_estimators": 44.484264411093484}, "datetime": {"datetime": "2021-09-17 20:01:37", "elapsed": 1044.123407, "delta": 4.034685}}
{"target": 0.7567979278454606, "params": {"eta": 0.8, "max_depth": 16.402367565082745, "n_estimators": 23.958942606248755}, "datetime": {"datetime": "2021-09-17 20:01:42", "elapsed": 1049.529344, "delta": 5.405937}}
{"target": 0.8425741037490215, "params": {"eta": 0.16772463077606037, "max_depth": 49.921967940277966, "n_estimators": 40.161482024201916}, "datetime": {"datetime": "2021-09-17 20:01:47", "elapsed": 1054.766716, "delta": 5.237372}}
{"target": 0.75783733720772, "params": {"eta": 0.8, "max_depth": 42.90336743476438, "n_estimators": 45.50328252333728}, "datetime": {"datetime": "2021-09-17 20:01:53", "elapsed": 1060.306439, "delta": 5.539723}}
{"target": 0.7563220007110523, "params": {"eta": 0.7900941536941214, "max_depth": 27.481691196260165, "n_estimators": 41.17114853176398}, "datetime": {"datetime": "2021-09-17 20:01:57", "elapsed": 1064.617545, "delta": 4.311106}}
{"target": 0.8548181038093262, "params": {"eta": 0.26594418551820914, "max_depth": 23.72720845428461, "n_estimators": 49.33490230983821}, "datetime": {"datetime": "2021-09-17 20:02:02", "elapsed": 1069.620065, "delta": 5.00252}}
{"target": 0.8654580745047855, "params": {"eta": 0.15076827230439788, "max_depth": 30.67054728531113, "n_estimators": 40.13683685636461}, "datetime": {"datetime": "2021-09-17 20:02:07", "elapsed": 1074.035671, "delta": 4.415606}}
{"target": 0.8209512004014998, "params": {"eta": 0.1, "max_depth": 41.011290046760855, "n_estimators": 30.252097659124512}, "datetime": {"datetime": "2021-09-17 20:02:11", "elapsed": 1078.334817, "delta": 4.299146}}
{"target": 0.8405677547607584, "params": {"eta": 0.22989476348465007, "max_depth": 21.33350273913515, "n_estimators": 25.5626592463951}, "datetime": {"datetime": "2021-09-17 20:02:14", "elapsed": 1081.831697, "delta": 3.49688}}
{"target": 0.7601719197868916, "params": {"eta": 0.7887176159693395, "max_depth": 40.31240062268154, "n_estimators": 36.95924821557291}, "datetime": {"datetime": "2021-09-17 20:02:19", "elapsed": 1086.660965, "delta": 4.829268}}
{"target": 0.7466277580497871, "params": {"eta": 0.757734648494895, "max_depth": 26.718966529234834, "n_estimators": 47.90558763634841}, "datetime": {"datetime": "2021-09-17 20:02:22", "elapsed": 1089.364719, "delta": 2.703754}}
{"target": 0.8485318203049396, "params": {"eta": 0.11085305228430835, "max_depth": 40.59638334366343, "n_estimators": 35.38118609837273}, "datetime": {"datetime": "2021-09-17 20:02:27", "elapsed": 1093.935474, "delta": 4.570755}}
{"target": 0.850891029253606, "params": {"eta": 0.1, "max_depth": 5.7668119099604676, "n_estimators": 47.68205285864085}, "datetime": {"datetime": "2021-09-17 20:02:31", "elapsed": 1098.517479, "delta": 4.582005}}
{"target": 0.8565166676743421, "params": {"eta": 0.1226664698786423, "max_depth": 8.137949159343997, "n_estimators": 48.85668876137172}, "datetime": {"datetime": "2021-09-17 20:02:35", "elapsed": 1102.783099, "delta": 4.26562}}
{"target": 0.842026675105396, "params": {"eta": 0.1, "max_depth": 26.224504273194054, "n_estimators": 44.58455183765475}, "datetime": {"datetime": "2021-09-17 20:02:40", "elapsed": 1107.547293, "delta": 4.764194}}
{"target": 0.7972740590798438, "params": {"eta": 0.712285642709338, "max_depth": 48.82794506662695, "n_estimators": 20.76476926110702}, "datetime": {"datetime": "2021-09-17 20:02:44", "elapsed": 1111.215412, "delta": 3.668119}}
{"target": 0.8468784433952504, "params": {"eta": 0.10381849832602741, "max_depth": 17.011417937905584, "n_estimators": 46.58624368017888}, "datetime": {"datetime": "2021-09-17 20:02:48", "elapsed": 1115.27426, "delta": 4.058848}}
{"target": 0.8426138263952861, "params": {"eta": 0.10816917275469036, "max_depth": 20.201183694362264, "n_estimators": 38.40510393023851}, "datetime": {"datetime": "2021-09-17 20:02:52", "elapsed": 1119.035906, "delta": 3.761646}}
{"target": 0.8521529701767044, "params": {"eta": 0.1, "max_depth": 5.061195980754507, "n_estimators": 50.0}, "datetime": {"datetime": "2021-09-17 20:02:56", "elapsed": 1123.538687, "delta": 4.502781}}
{"target": 0.8554276041309711, "params": {"eta": 0.1, "max_depth": 6.339470218149479, "n_estimators": 36.42647268504381}, "datetime": {"datetime": "2021-09-17 20:03:00", "elapsed": 1127.095807, "delta": 3.55712}}
{"target": 0.8428678257915946, "params": {"eta": 0.1, "max_depth": 43.27736603267132, "n_estimators": 46.541924353431156}, "datetime": {"datetime": "2021-09-17 20:03:04", "elapsed": 1130.926431, "delta": 3.830624}}
{"target": 0.8459123841652095, "params": {"eta": 0.2539520854839734, "max_depth": 15.828354274802798, "n_estimators": 47.64261153020748}, "datetime": {"datetime": "2021-09-17 20:03:09", "elapsed": 1136.002275, "delta": 5.075844}}
{"target": 0.8008812867652452, "params": {"eta": 0.6501137709183235, "max_depth": 11.262927979886229, "n_estimators": 12.572187848380526}, "datetime": {"datetime": "2021-09-17 20:03:12", "elapsed": 1139.356655, "delta": 3.35438}}
