{"target": 0.7794276956154444, "params": {"eta": 0.7289045583832278, "max_depth": 14.06092581387357, "n_estimators": 40.317064009720696}, "datetime": {"datetime": "2021-09-21 10:11:39", "elapsed": 655.705727, "delta": 2.507758}}
{"target": 0.7289658333968466, "params": {"eta": 0.9826832942550109, "max_depth": 12.854039786716003, "n_estimators": 24.356042753224248}, "datetime": {"datetime": "2021-09-21 10:11:44", "elapsed": 661.073889, "delta": 5.368162}}
{"target": 0.7643248421170504, "params": {"eta": 0.9746459960347574, "max_depth": 13.632152949436547, "n_estimators": 7.051717489433485}, "datetime": {"datetime": "2021-09-21 10:11:49", "elapsed": 665.383894, "delta": 4.310005}}
{"target": 0.7450789342171065, "params": {"eta": 0.9130128703043953, "max_depth": 9.781982365478292, "n_estimators": 30.029045195896344}, "datetime": {"datetime": "2021-09-21 10:11:54", "elapsed": 670.88576, "delta": 5.501866}}
{"target": 0.784628716726138, "params": {"eta": 0.9046454621530055, "max_depth": 2.2901277705390317, "n_estimators": 25.82720624653874}, "datetime": {"datetime": "2021-09-21 10:11:57", "elapsed": 673.551196, "delta": 2.665436}}
{"target": 0.7089049907704428, "params": {"eta": 1.0, "max_depth": 5.5572657905381435, "n_estimators": 31.41409538825713}, "datetime": {"datetime": "2021-09-21 10:12:00", "elapsed": 676.805113, "delta": 3.253917}}
{"target": 0.8468772711938313, "params": {"eta": 0.2758299273725583, "max_depth": 11.565201799748854, "n_estimators": 40.96084211207753}, "datetime": {"datetime": "2021-09-21 10:12:03", "elapsed": 679.626966, "delta": 2.821853}}
{"target": 0.7985815102243754, "params": {"eta": 0.3715911296747681, "max_depth": 2.19512312941723, "n_estimators": 30.74722442901995}, "datetime": {"datetime": "2021-09-21 10:12:06", "elapsed": 683.097885, "delta": 3.470919}}
{"target": 0.8512322770757601, "params": {"eta": 0.18772531638517978, "max_depth": 16.848956556804943, "n_estimators": 20.136818849667858}, "datetime": {"datetime": "2021-09-21 10:12:09", "elapsed": 686.027633, "delta": 2.929748}}
{"target": 0.7015215567869884, "params": {"eta": 0.9975909340278012, "max_depth": 8.683290830450831, "n_estimators": 26.439408196982207}, "datetime": {"datetime": "2021-09-21 10:12:14", "elapsed": 690.762798, "delta": 4.735165}}
{"target": 0.5498262950707059, "params": {"eta": 0.04579899651228281, "max_depth": 8.963031923029876, "n_estimators": 35.62263555916722}, "datetime": {"datetime": "2021-09-21 10:12:19", "elapsed": 695.68688, "delta": 4.924082}}
{"target": 0.7994957657617733, "params": {"eta": 0.7236790711524306, "max_depth": 14.042808201075482, "n_estimators": 40.31543090688554}, "datetime": {"datetime": "2021-09-21 10:12:22", "elapsed": 699.11285, "delta": 3.42597}}
{"target": 0.8104700227773411, "params": {"eta": 0.9879897132627379, "max_depth": 1.8859817893517432, "n_estimators": 47.35385715188563}, "datetime": {"datetime": "2021-09-21 10:12:27", "elapsed": 703.674708, "delta": 4.561858}}
{"target": 0.7922875613478876, "params": {"eta": 0.6678628932241768, "max_depth": 13.741679171330942, "n_estimators": 47.2393795647738}, "datetime": {"datetime": "2021-09-21 10:12:31", "elapsed": 707.92103, "delta": 4.246322}}
{"target": -0.438227839430559, "params": {"eta": 0.027979319275169452, "max_depth": 9.366588304173355, "n_estimators": 29.51813059763468}, "datetime": {"datetime": "2021-09-21 10:12:34", "elapsed": 710.231043, "delta": 2.310013}}
{"target": 0.5479232452037026, "params": {"eta": 0.2119613394620427, "max_depth": 10.453627027375536, "n_estimators": 7.207731906679512}, "datetime": {"datetime": "2021-09-21 10:12:36", "elapsed": 712.916291, "delta": 2.685248}}
{"target": 0.6872088405598, "params": {"eta": 1.0, "max_depth": 12.012352930996855, "n_estimators": 40.635624193516904}, "datetime": {"datetime": "2021-09-21 10:12:40", "elapsed": 716.878672, "delta": 3.962381}}
{"target": 0.6872101719971031, "params": {"eta": 1.0, "max_depth": 12.932034686468823, "n_estimators": 13.354161452701804}, "datetime": {"datetime": "2021-09-21 10:12:44", "elapsed": 721.124911, "delta": 4.246239}}
{"target": 0.7839143456462963, "params": {"eta": 1.0, "max_depth": 2.850726918442588, "n_estimators": 24.319107156225986}, "datetime": {"datetime": "2021-09-21 10:12:49", "elapsed": 725.74857, "delta": 4.623659}}
{"target": -1.9226156799485397, "params": {"eta": 0.06561485988418808, "max_depth": 13.042654912514134, "n_estimators": 6.958056893121587}, "datetime": {"datetime": "2021-09-21 10:12:53", "elapsed": 729.999571, "delta": 4.251001}}
{"target": 0.8202256180379631, "params": {"eta": 0.22162796064575696, "max_depth": 12.949837620000492, "n_estimators": 12.288853193097736}, "datetime": {"datetime": "2021-09-21 10:13:00", "elapsed": 736.453908, "delta": 6.454337}}
{"target": 0.8013878713714326, "params": {"eta": 0.9437349556572644, "max_depth": 2.227942162812428, "n_estimators": 40.91381177472198}, "datetime": {"datetime": "2021-09-21 10:13:05", "elapsed": 741.254923, "delta": 4.801015}}
{"target": 0.818853339258115, "params": {"eta": 0.28487018373278755, "max_depth": 2.068214364920305, "n_estimators": 49.402663521753645}, "datetime": {"datetime": "2021-09-21 10:13:09", "elapsed": 745.764796, "delta": 4.509873}}
{"target": 0.7883470436258325, "params": {"eta": 0.7224051031782772, "max_depth": 15.55884428949648, "n_estimators": 7.967397943054999}, "datetime": {"datetime": "2021-09-21 10:13:12", "elapsed": 748.201358, "delta": 2.436562}}
{"target": 0.7970597274122233, "params": {"eta": 1.0, "max_depth": 2.2536814317002802, "n_estimators": 34.349446479429275}, "datetime": {"datetime": "2021-09-21 10:13:15", "elapsed": 751.747548, "delta": 3.54619}}
{"target": 0.7920497004269933, "params": {"eta": 0.7257927857473456, "max_depth": 11.184971709325836, "n_estimators": 47.197752326009514}, "datetime": {"datetime": "2021-09-21 10:13:22", "elapsed": 758.611134, "delta": 6.863586}}
{"target": 0.6865983961330835, "params": {"eta": 1.0, "max_depth": 14.61917220086581, "n_estimators": 6.958187024101893}, "datetime": {"datetime": "2021-09-21 10:13:27", "elapsed": 763.66991, "delta": 5.058776}}
{"target": 0.685923353855376, "params": {"eta": 1.0, "max_depth": 12.925993117661427, "n_estimators": 5.216021234542781}, "datetime": {"datetime": "2021-09-21 10:13:33", "elapsed": 769.465942, "delta": 5.796032}}
{"target": -0.5395053661232192, "params": {"eta": 0.029539092300787287, "max_depth": 8.965712986275683, "n_estimators": 26.10494208152088}, "datetime": {"datetime": "2021-09-21 10:13:38", "elapsed": 774.653635, "delta": 5.187693}}
{"target": 0.8384692946129143, "params": {"eta": 0.06870665261338062, "max_depth": 19.115518281985217, "n_estimators": 48.079285841789144}, "datetime": {"datetime": "2021-09-21 10:13:43", "elapsed": 779.263346, "delta": 4.609711}}
{"target": 0.6952570839339156, "params": {"eta": 0.99611933907593, "max_depth": 12.429796074965665, "n_estimators": 47.207353584281925}, "datetime": {"datetime": "2021-09-21 10:13:49", "elapsed": 785.424161, "delta": 6.160815}}
{"target": 0.7455883249065416, "params": {"eta": 0.9541041334525716, "max_depth": 8.955849122848226, "n_estimators": 27.541764652998353}, "datetime": {"datetime": "2021-09-21 10:13:54", "elapsed": 791.07114, "delta": 5.646979}}
{"target": 0.8038898794538515, "params": {"eta": 0.6162721208579811, "max_depth": 18.88762019598505, "n_estimators": 4.6495580197352515}, "datetime": {"datetime": "2021-09-21 10:13:59", "elapsed": 795.96848, "delta": 4.89734}}
{"target": 0.8712962774387712, "params": {"eta": 0.20894459055441536, "max_depth": 9.03409535646207, "n_estimators": 46.580363506848855}, "datetime": {"datetime": "2021-09-21 10:14:03", "elapsed": 799.468748, "delta": 3.500268}}
{"target": 0.6983078073449307, "params": {"eta": 1.0, "max_depth": 11.83194152061406, "n_estimators": 8.014526594598335}, "datetime": {"datetime": "2021-09-21 10:14:08", "elapsed": 805.119313, "delta": 5.650565}}
{"target": 0.32516065371971425, "params": {"eta": 0.17415472454106404, "max_depth": 17.19902507252811, "n_estimators": 7.676617304932684}, "datetime": {"datetime": "2021-09-21 10:14:11", "elapsed": 807.719744, "delta": 2.600431}}
{"target": -0.7083024806267195, "params": {"eta": 0.08611807665434473, "max_depth": 16.39939804419298, "n_estimators": 8.117546241630844}, "datetime": {"datetime": "2021-09-21 10:14:16", "elapsed": 812.455982, "delta": 4.736238}}
{"target": 0.7272255775162831, "params": {"eta": 0.9395384471610638, "max_depth": 10.463076708065046, "n_estimators": 24.777864384251263}, "datetime": {"datetime": "2021-09-21 10:14:21", "elapsed": 817.302856, "delta": 4.846874}}
{"target": 0.3447751104150174, "params": {"eta": 0.03487002405898686, "max_depth": 12.999760433608413, "n_estimators": 38.89942451074355}, "datetime": {"datetime": "2021-09-21 10:14:28", "elapsed": 825.061662, "delta": 7.758806}}
{"target": 0.7223415286820445, "params": {"eta": 0.984584208458762, "max_depth": 8.245650244343242, "n_estimators": 24.73990745566823}, "datetime": {"datetime": "2021-09-21 10:14:33", "elapsed": 829.881324, "delta": 4.819662}}
{"target": -0.6607903383980507, "params": {"eta": 0.024179801663047666, "max_depth": 10.193463921220884, "n_estimators": 30.577887490173215}, "datetime": {"datetime": "2021-09-21 10:14:38", "elapsed": 834.549797, "delta": 4.668473}}
{"target": 0.7670077672761609, "params": {"eta": 0.8959517472142267, "max_depth": 8.920316630464356, "n_estimators": 31.299648626753672}, "datetime": {"datetime": "2021-09-21 10:14:44", "elapsed": 841.091976, "delta": 6.542179}}
{"target": 0.745090559822555, "params": {"eta": 0.05831796651598725, "max_depth": 16.55359028145201, "n_estimators": 38.000073064540274}, "datetime": {"datetime": "2021-09-21 10:14:49", "elapsed": 846.061236, "delta": 4.96926}}
{"target": 0.5930443285803193, "params": {"eta": 0.059604059470699196, "max_depth": 14.950512257658318, "n_estimators": 28.48089365744924}, "datetime": {"datetime": "2021-09-21 10:14:56", "elapsed": 852.40704, "delta": 6.345804}}
{"target": -3.7931613778947746, "params": {"eta": 0.01, "max_depth": 13.293589740959396, "n_estimators": 13.17348121162117}, "datetime": {"datetime": "2021-09-21 10:15:03", "elapsed": 859.523569, "delta": 7.116529}}
{"target": 0.7825088295681043, "params": {"eta": 0.7116770121915751, "max_depth": 1.3545513253019095, "n_estimators": 26.86098388087348}, "datetime": {"datetime": "2021-09-21 10:15:06", "elapsed": 862.412966, "delta": 2.889397}}
{"target": 0.7083120325963785, "params": {"eta": 0.955756889516819, "max_depth": 13.095398040111743, "n_estimators": 14.289946166413907}, "datetime": {"datetime": "2021-09-21 10:15:10", "elapsed": 867.032519, "delta": 4.619553}}
{"target": 0.7501811735193236, "params": {"eta": 0.7492101809969408, "max_depth": 11.997779831803943, "n_estimators": 13.529530275451457}, "datetime": {"datetime": "2021-09-21 10:15:16", "elapsed": 872.913782, "delta": 5.881263}}
{"target": 0.7345324264238735, "params": {"eta": 0.9602353621064599, "max_depth": 12.819735372539716, "n_estimators": 12.507933354022898}, "datetime": {"datetime": "2021-09-21 10:15:21", "elapsed": 877.87673, "delta": 4.962948}}
{"target": 0.8430812652410493, "params": {"eta": 0.10666488312468476, "max_depth": 17.482992693236785, "n_estimators": 36.3659878461317}, "datetime": {"datetime": "2021-09-21 10:15:27", "elapsed": 884.167116, "delta": 6.290386}}
{"target": 0.7160269666261169, "params": {"eta": 0.9523980236974607, "max_depth": 14.100577636467213, "n_estimators": 12.23259639258282}, "datetime": {"datetime": "2021-09-21 10:15:35", "elapsed": 892.173028, "delta": 8.005912}}
{"target": 0.8555157793825573, "params": {"eta": 0.36368604730075044, "max_depth": 12.497224321488499, "n_estimators": 14.216172051278662}, "datetime": {"datetime": "2021-09-21 10:15:41", "elapsed": 898.137834, "delta": 5.964806}}
{"target": 0.7775532472285744, "params": {"eta": 0.060062995422315774, "max_depth": 3.228265974637868, "n_estimators": 43.67989918936978}, "datetime": {"datetime": "2021-09-21 10:15:49", "elapsed": 905.454309, "delta": 7.316475}}
{"target": 0.7931966774766571, "params": {"eta": 0.6015585149744497, "max_depth": 3.956369397707493, "n_estimators": 15.090238992426064}, "datetime": {"datetime": "2021-09-21 10:15:52", "elapsed": 908.553982, "delta": 3.099673}}
{"target": 0.8676204239995702, "params": {"eta": 0.3307251513316607, "max_depth": 10.328060541534294, "n_estimators": 26.973182412856936}, "datetime": {"datetime": "2021-09-21 10:15:57", "elapsed": 913.502938, "delta": 4.948956}}
{"target": 0.6276694625345476, "params": {"eta": 0.15086723360586182, "max_depth": 12.728767158948953, "n_estimators": 11.39073991626273}, "datetime": {"datetime": "2021-09-21 10:16:01", "elapsed": 918.149152, "delta": 4.646214}}
{"target": 0.8221922590909688, "params": {"eta": 0.5651972530976968, "max_depth": 11.50247636511393, "n_estimators": 5.748158829026481}, "datetime": {"datetime": "2021-09-21 10:16:04", "elapsed": 920.886585, "delta": 2.737433}}
{"target": 0.8421352886905635, "params": {"eta": 0.28485988424561304, "max_depth": 7.486378647154158, "n_estimators": 31.878772724025264}, "datetime": {"datetime": "2021-09-21 10:16:12", "elapsed": 929.070989, "delta": 8.184404}}
{"target": 0.7126794225288346, "params": {"eta": 0.838986703675919, "max_depth": 10.995776366167636, "n_estimators": 27.698958656007576}, "datetime": {"datetime": "2021-09-21 10:16:21", "elapsed": 937.478391, "delta": 8.407402}}
{"target": 0.6994163690472905, "params": {"eta": 1.0, "max_depth": 17.521004507974833, "n_estimators": 22.876321919609076}, "datetime": {"datetime": "2021-09-21 10:16:30", "elapsed": 946.434393, "delta": 8.956002}}
{"target": 0.8228868242873103, "params": {"eta": 0.509884604186874, "max_depth": 15.808224918484866, "n_estimators": 11.54420309227086}, "datetime": {"datetime": "2021-09-21 10:16:34", "elapsed": 950.858736, "delta": 4.424343}}
{"target": 0.705461668458273, "params": {"eta": 0.9381487646268981, "max_depth": 15.423686906657219, "n_estimators": 11.820005377210988}, "datetime": {"datetime": "2021-09-21 10:16:41", "elapsed": 957.255441, "delta": 6.396705}}
{"target": 0.7373213058666104, "params": {"eta": 0.9436524949749264, "max_depth": 6.5358286978862346, "n_estimators": 9.140611482211645}, "datetime": {"datetime": "2021-09-21 10:16:48", "elapsed": 964.374202, "delta": 7.118761}}
{"target": 0.8121860637747103, "params": {"eta": 0.5032767988285355, "max_depth": 15.738275443123445, "n_estimators": 40.46852573894069}, "datetime": {"datetime": "2021-09-21 10:16:52", "elapsed": 968.640856, "delta": 4.266654}}
{"target": 0.7278084806337222, "params": {"eta": 0.9473442577445432, "max_depth": 16.231942883900047, "n_estimators": 11.938168324741449}, "datetime": {"datetime": "2021-09-21 10:16:57", "elapsed": 974.041, "delta": 5.400144}}
{"target": 0.7695246773543838, "params": {"eta": 0.8373253224317981, "max_depth": 4.947447027822909, "n_estimators": 22.709063076094427}, "datetime": {"datetime": "2021-09-21 10:17:02", "elapsed": 978.573424, "delta": 4.532424}}
{"target": 0.7776260240504489, "params": {"eta": 0.5700105484103338, "max_depth": 2.6724045197915256, "n_estimators": 25.09043693625528}, "datetime": {"datetime": "2021-09-21 10:17:07", "elapsed": 983.359037, "delta": 4.785613}}
{"target": 0.8539725162593288, "params": {"eta": 0.27327370196608936, "max_depth": 12.455969282277376, "n_estimators": 34.83187832644871}, "datetime": {"datetime": "2021-09-21 10:17:10", "elapsed": 986.198642, "delta": 2.839605}}
{"target": 0.7040375904247095, "params": {"eta": 1.0, "max_depth": 16.697212810744674, "n_estimators": 15.884512315450365}, "datetime": {"datetime": "2021-09-21 10:17:15", "elapsed": 991.768985, "delta": 5.570343}}
{"target": 0.6874896052488495, "params": {"eta": 1.0, "max_depth": 15.339680092253428, "n_estimators": 29.549080216522704}, "datetime": {"datetime": "2021-09-21 10:17:19", "elapsed": 996.088828, "delta": 4.319843}}
{"target": 0.7940600502432329, "params": {"eta": 0.7151761577464094, "max_depth": 9.007387784426141, "n_estimators": 32.85657274619468}, "datetime": {"datetime": "2021-09-21 10:17:27", "elapsed": 1003.373172, "delta": 7.284344}}
{"target": 0.8202466769285939, "params": {"eta": 0.48508483847361894, "max_depth": 3.339187465619977, "n_estimators": 37.39955625400139}, "datetime": {"datetime": "2021-09-21 10:17:35", "elapsed": 1011.657627, "delta": 8.284455}}
{"target": -0.8436274048403221, "params": {"eta": 0.017085719853017628, "max_depth": 15.590807325713563, "n_estimators": 39.762386821054925}, "datetime": {"datetime": "2021-09-21 10:17:43", "elapsed": 1020.066041, "delta": 8.408414}}
{"target": 0.8691024081734127, "params": {"eta": 0.4557179831232955, "max_depth": 17.72140153928848, "n_estimators": 43.06303918377279}, "datetime": {"datetime": "2021-09-21 10:17:47", "elapsed": 1023.792205, "delta": 3.726164}}
{"target": 0.795561186705041, "params": {"eta": 0.7144835244253092, "max_depth": 18.809288071137438, "n_estimators": 10.81293243359795}, "datetime": {"datetime": "2021-09-21 10:17:51", "elapsed": 1027.535127, "delta": 3.742922}}
{"target": 0.6980993863836729, "params": {"eta": 1.0, "max_depth": 18.044934666879247, "n_estimators": 36.1359499524163}, "datetime": {"datetime": "2021-09-21 10:17:56", "elapsed": 1033.129338, "delta": 5.594211}}
{"target": 0.7175946889115559, "params": {"eta": 0.9179254827217826, "max_depth": 14.525419723069682, "n_estimators": 48.3952971648421}, "datetime": {"datetime": "2021-09-21 10:18:02", "elapsed": 1038.992359, "delta": 5.863021}}
{"target": 0.7746010987328782, "params": {"eta": 0.744677337514328, "max_depth": 13.901143648274054, "n_estimators": 37.68698021137253}, "datetime": {"datetime": "2021-09-21 10:18:09", "elapsed": 1045.906762, "delta": 6.914403}}
{"target": 0.7950659754418488, "params": {"eta": 0.9598869989059315, "max_depth": 3.1075419838703895, "n_estimators": 36.70003887097145}, "datetime": {"datetime": "2021-09-21 10:18:15", "elapsed": 1051.382349, "delta": 5.475587}}
{"target": 0.843612258725865, "params": {"eta": 0.4287698613656992, "max_depth": 7.503974881212647, "n_estimators": 18.57354338197692}, "datetime": {"datetime": "2021-09-21 10:18:18", "elapsed": 1055.107676, "delta": 3.725327}}
{"target": 0.7949863525369436, "params": {"eta": 0.5808534997116617, "max_depth": 7.513012444130358, "n_estimators": 19.594206903200714}, "datetime": {"datetime": "2021-09-21 10:18:24", "elapsed": 1061.171961, "delta": 6.064285}}
{"target": 0.7524503222366459, "params": {"eta": 0.9497267940966773, "max_depth": 8.419108806470014, "n_estimators": 33.56944152971911}, "datetime": {"datetime": "2021-09-21 10:18:31", "elapsed": 1068.052045, "delta": 6.880084}}
{"target": 0.8295715357398977, "params": {"eta": 0.09146176870905628, "max_depth": 3.6194698961599303, "n_estimators": 44.82170660422079}, "datetime": {"datetime": "2021-09-21 10:18:37", "elapsed": 1073.496046, "delta": 5.444001}}
{"target": 0.8499615429171224, "params": {"eta": 0.06859714413302331, "max_depth": 13.474486211588836, "n_estimators": 48.46071976333251}, "datetime": {"datetime": "2021-09-21 10:18:43", "elapsed": 1079.814294, "delta": 6.318248}}
{"target": 0.7318193160712195, "params": {"eta": 0.9418143166803856, "max_depth": 16.232327136051513, "n_estimators": 11.929324950012798}, "datetime": {"datetime": "2021-09-21 10:18:47", "elapsed": 1084.016433, "delta": 4.202139}}
{"target": 0.7116694925376208, "params": {"eta": 0.9271737394615833, "max_depth": 16.55703246083634, "n_estimators": 40.26273105552829}, "datetime": {"datetime": "2021-09-21 10:18:54", "elapsed": 1090.854564, "delta": 6.838131}}
{"target": 0.8536746915687224, "params": {"eta": 0.18397263245049708, "max_depth": 6.126606238469188, "n_estimators": 27.607909057721134}, "datetime": {"datetime": "2021-09-21 10:18:58", "elapsed": 1095.095599, "delta": 4.241035}}
{"target": 0.8682462837450724, "params": {"eta": 0.1439250318289297, "max_depth": 8.366815832960334, "n_estimators": 34.03025953530301}, "datetime": {"datetime": "2021-09-21 10:19:03", "elapsed": 1099.69482, "delta": 4.599221}}
{"target": 0.7954507971804937, "params": {"eta": 0.614416220368597, "max_depth": 5.542178761865232, "n_estimators": 10.581469184868487}, "datetime": {"datetime": "2021-09-21 10:19:06", "elapsed": 1102.71213, "delta": 3.01731}}
{"target": 0.8785405442992963, "params": {"eta": 0.20575239894207228, "max_depth": 7.759428387059182, "n_estimators": 33.20100660852874}, "datetime": {"datetime": "2021-09-21 10:19:12", "elapsed": 1109.063258, "delta": 6.351128}}
{"target": 0.7292614166480116, "params": {"eta": 1.0, "max_depth": 6.53027046090395, "n_estimators": 23.899112982278037}, "datetime": {"datetime": "2021-09-21 10:19:18", "elapsed": 1114.832216, "delta": 5.768958}}
{"target": 0.8493359978671615, "params": {"eta": 0.32773945324279624, "max_depth": 6.972143584005309, "n_estimators": 27.615219728086874}, "datetime": {"datetime": "2021-09-21 10:19:25", "elapsed": 1121.596692, "delta": 6.764476}}
{"target": 0.7503519393705439, "params": {"eta": 0.8256602854444476, "max_depth": 15.575824825160852, "n_estimators": 43.88352865421989}, "datetime": {"datetime": "2021-09-21 10:19:29", "elapsed": 1125.559757, "delta": 3.963065}}
{"target": 0.8587502764100352, "params": {"eta": 0.3956631081176072, "max_depth": 15.190554577305688, "n_estimators": 21.419909605511172}, "datetime": {"datetime": "2021-09-21 10:19:33", "elapsed": 1129.944417, "delta": 4.38466}}
{"target": -2.9613013493363805, "params": {"eta": 0.011773529897694398, "max_depth": 15.920479176201331, "n_estimators": 20.675933723197996}, "datetime": {"datetime": "2021-09-21 10:19:41", "elapsed": 1137.890405, "delta": 7.945988}}
{"target": 0.7151009421652182, "params": {"eta": 0.9293643967542097, "max_depth": 14.790806478708296, "n_estimators": 21.875723235857762}, "datetime": {"datetime": "2021-09-21 10:19:47", "elapsed": 1143.715376, "delta": 5.824971}}
