{"target": -10.936922746427987, "params": {"eta": 0.0685506390422386, "max_depth": 6.891856888458234, "n_estimators": 338.18756726272755}, "datetime": {"datetime": "2021-09-27 19:53:48", "elapsed": 1315.416279, "delta": 4.741872}}
{"target": -11.68759468630705, "params": {"eta": 0.19773859684829875, "max_depth": 6.954040924672226, "n_estimators": 321.71985796698493}, "datetime": {"datetime": "2021-09-27 19:53:52", "elapsed": 1320.207566, "delta": 4.791287}}
{"target": -11.724084374559766, "params": {"eta": 0.15151320377539224, "max_depth": 5.987324562622425, "n_estimators": 322.77645200719974}, "datetime": {"datetime": "2021-09-27 19:53:59", "elapsed": 1326.969485, "delta": 6.761919}}
{"target": -11.116520259058559, "params": {"eta": 0.13972385193767456, "max_depth": 5.704739378833228, "n_estimators": 322.6131593306605}, "datetime": {"datetime": "2021-09-27 19:54:04", "elapsed": 1332.061238, "delta": 5.091753}}
{"target": -11.481874558432521, "params": {"eta": 0.2998215553649502, "max_depth": 5.599398626335918, "n_estimators": 313.2954675139471}, "datetime": {"datetime": "2021-09-27 19:54:07", "elapsed": 1335.299382, "delta": 3.238144}}
{"target": -11.553280128804847, "params": {"eta": 0.18007313798344632, "max_depth": 5.941697273241442, "n_estimators": 322.5613583119438}, "datetime": {"datetime": "2021-09-27 19:54:12", "elapsed": 1339.87979, "delta": 4.580408}}
{"target": -11.70215811852873, "params": {"eta": 0.1215802920490285, "max_depth": 6.766154895989858, "n_estimators": 309.53801578885566}, "datetime": {"datetime": "2021-09-27 19:54:18", "elapsed": 1345.865888, "delta": 5.986098}}
{"target": -11.45205951485169, "params": {"eta": 0.27436415937291414, "max_depth": 6.247960253080193, "n_estimators": 398.714440715734}, "datetime": {"datetime": "2021-09-27 19:54:21", "elapsed": 1348.903456, "delta": 3.037568}}
{"target": -10.969635281622283, "params": {"eta": 0.08301290295904523, "max_depth": 5.309749406141405, "n_estimators": 353.8767181861855}, "datetime": {"datetime": "2021-09-27 19:54:24", "elapsed": 1351.722893, "delta": 2.819437}}
{"target": -11.273948195653942, "params": {"eta": 0.16205311826272517, "max_depth": 6.617651386584486, "n_estimators": 309.6544840269537}, "datetime": {"datetime": "2021-09-27 19:54:27", "elapsed": 1354.725196, "delta": 3.002303}}
{"target": -11.374381566114886, "params": {"eta": 0.14417028546397728, "max_depth": 4.914534222566583, "n_estimators": 323.25160064823274}, "datetime": {"datetime": "2021-09-27 19:54:32", "elapsed": 1360.042288, "delta": 5.317092}}
{"target": -12.110830479930144, "params": {"eta": 0.21999732445897596, "max_depth": 5.359292305356756, "n_estimators": 353.8167284054963}, "datetime": {"datetime": "2021-09-27 19:54:37", "elapsed": 1365.081321, "delta": 5.039033}}
{"target": -12.274467277310848, "params": {"eta": 0.2404710204467151, "max_depth": 9.651113428726447, "n_estimators": 321.20422404960993}, "datetime": {"datetime": "2021-09-27 19:54:40", "elapsed": 1368.284319, "delta": 3.202998}}
{"target": -11.30838235755726, "params": {"eta": 0.09069044180898353, "max_depth": 6.836768095885335, "n_estimators": 300.2895262303993}, "datetime": {"datetime": "2021-09-27 19:54:47", "elapsed": 1374.912103, "delta": 6.627784}}
{"target": -10.995787003511275, "params": {"eta": 0.11791719247799903, "max_depth": 9.414145962337033, "n_estimators": 367.8655464144417}, "datetime": {"datetime": "2021-09-27 19:54:53", "elapsed": 1380.536823, "delta": 5.62472}}
{"target": -11.534452559921919, "params": {"eta": 0.08179261182848856, "max_depth": 6.2884978331925, "n_estimators": 306.1288220132288}, "datetime": {"datetime": "2021-09-27 19:54:58", "elapsed": 1385.579981, "delta": 5.043158}}
{"target": -11.19745291052193, "params": {"eta": 0.07737445496664229, "max_depth": 6.825817635674008, "n_estimators": 300.3230565970513}, "datetime": {"datetime": "2021-09-27 19:55:01", "elapsed": 1388.743483, "delta": 3.163502}}
{"target": -11.097383747659979, "params": {"eta": 0.06856065534574911, "max_depth": 6.854203018241651, "n_estimators": 314.68001484479845}, "datetime": {"datetime": "2021-09-27 19:55:04", "elapsed": 1392.311572, "delta": 3.568089}}
{"target": -11.348120232269187, "params": {"eta": 0.12086929305022874, "max_depth": 3.5182674089064188, "n_estimators": 385.77551244787276}, "datetime": {"datetime": "2021-09-27 19:55:07", "elapsed": 1394.989809, "delta": 2.678237}}
{"target": -11.209031951118046, "params": {"eta": 0.08342514663784452, "max_depth": 6.076173217326079, "n_estimators": 306.025996352537}, "datetime": {"datetime": "2021-09-27 19:55:13", "elapsed": 1400.715927, "delta": 5.726118}}
{"target": -12.278510659111689, "params": {"eta": 0.45783863268593716, "max_depth": 5.266238377674798, "n_estimators": 328.16017806655634}, "datetime": {"datetime": "2021-09-27 19:55:16", "elapsed": 1403.51915, "delta": 2.803223}}
{"target": -11.070330535248996, "params": {"eta": 0.06579938218001163, "max_depth": 5.446879476932189, "n_estimators": 300.3293443548731}, "datetime": {"datetime": "2021-09-27 19:55:20", "elapsed": 1408.272086, "delta": 4.752936}}
{"target": -11.414665537695146, "params": {"eta": 0.19408372073367064, "max_depth": 4.100589636181459, "n_estimators": 370.20914909001976}, "datetime": {"datetime": "2021-09-27 19:55:24", "elapsed": 1411.483673, "delta": 3.211587}}
{"target": -12.369567192497362, "params": {"eta": 0.47015704097987154, "max_depth": 6.476939588415067, "n_estimators": 307.1629754325899}, "datetime": {"datetime": "2021-09-27 19:55:26", "elapsed": 1414.239033, "delta": 2.75536}}
{"target": -11.338207619099556, "params": {"eta": 0.14713516735840595, "max_depth": 8.123998618997295, "n_estimators": 342.36636309455076}, "datetime": {"datetime": "2021-09-27 19:55:32", "elapsed": 1419.711703, "delta": 5.47267}}
{"target": -10.903720467614342, "params": {"eta": 0.12246600880149797, "max_depth": 5.744211587349527, "n_estimators": 389.1997096376438}, "datetime": {"datetime": "2021-09-27 19:55:38", "elapsed": 1425.488243, "delta": 5.77654}}
{"target": -11.14321852686418, "params": {"eta": 0.06360909015121423, "max_depth": 6.397603811030742, "n_estimators": 309.53290775238185}, "datetime": {"datetime": "2021-09-27 19:55:45", "elapsed": 1432.81542, "delta": 7.327177}}
{"target": -11.203241565615519, "params": {"eta": 0.06268844881589904, "max_depth": 6.75896276592897, "n_estimators": 309.74484262603954}, "datetime": {"datetime": "2021-09-27 19:55:48", "elapsed": 1436.301044, "delta": 3.485624}}
{"target": -11.081708676682457, "params": {"eta": 0.13489546349937595, "max_depth": 6.992026984052977, "n_estimators": 309.46160706922876}, "datetime": {"datetime": "2021-09-27 19:55:54", "elapsed": 1441.375576, "delta": 5.074532}}
{"target": -11.227788984916538, "params": {"eta": 0.14999869733251162, "max_depth": 6.278344285970634, "n_estimators": 305.7970947500413}, "datetime": {"datetime": "2021-09-27 19:55:59", "elapsed": 1446.764733, "delta": 5.389157}}
{"target": -11.337534518644148, "params": {"eta": 0.21298989668799517, "max_depth": 5.647449801397654, "n_estimators": 322.47467728868304}, "datetime": {"datetime": "2021-09-27 19:56:05", "elapsed": 1453.202168, "delta": 6.437435}}
{"target": -10.980795058739009, "params": {"eta": 0.09981225273123309, "max_depth": 6.011734327167082, "n_estimators": 304.6664860334992}, "datetime": {"datetime": "2021-09-27 19:56:09", "elapsed": 1456.586912, "delta": 3.384744}}
{"target": -11.871301717113443, "params": {"eta": 0.32769893450733006, "max_depth": 6.573316127298749, "n_estimators": 392.4179828457227}, "datetime": {"datetime": "2021-09-27 19:56:12", "elapsed": 1459.860257, "delta": 3.273345}}
{"target": -11.633531586113806, "params": {"eta": 0.10343810956449295, "max_depth": 11.205435203964154, "n_estimators": 351.6375075092333}, "datetime": {"datetime": "2021-09-27 19:56:16", "elapsed": 1463.484288, "delta": 3.624031}}
{"target": -11.277807313009218, "params": {"eta": 0.14530710797961144, "max_depth": 6.576645212179481, "n_estimators": 308.34596252157024}, "datetime": {"datetime": "2021-09-27 19:56:19", "elapsed": 1467.037599, "delta": 3.553311}}
{"target": -12.292606831990323, "params": {"eta": 0.45334693973538653, "max_depth": 9.142145307847645, "n_estimators": 313.0458269203303}, "datetime": {"datetime": "2021-09-27 19:56:22", "elapsed": 1469.777728, "delta": 2.740129}}
{"target": -11.313907912141104, "params": {"eta": 0.1891124841476013, "max_depth": 9.313665540626738, "n_estimators": 367.9755545563529}, "datetime": {"datetime": "2021-09-27 19:56:28", "elapsed": 1476.266272, "delta": 6.488544}}
{"target": -12.300116555923065, "params": {"eta": 0.20736809915320192, "max_depth": 6.550089060953687, "n_estimators": 312.8027404134348}, "datetime": {"datetime": "2021-09-27 19:56:35", "elapsed": 1482.644709, "delta": 6.378437}}
{"target": -11.2100859368331, "params": {"eta": 0.1598958378577524, "max_depth": 4.7916822766829945, "n_estimators": 304.8460632258191}, "datetime": {"datetime": "2021-09-27 19:56:38", "elapsed": 1485.642168, "delta": 2.997459}}
{"target": -11.433190072445694, "params": {"eta": 0.16717876502707718, "max_depth": 6.053459412008623, "n_estimators": 304.58286628670925}, "datetime": {"datetime": "2021-09-27 19:56:43", "elapsed": 1490.681999, "delta": 5.039831}}
{"target": -11.175563786359561, "params": {"eta": 0.1891206717427481, "max_depth": 6.395690260061034, "n_estimators": 305.57181189082917}, "datetime": {"datetime": "2021-09-27 19:56:48", "elapsed": 1495.86518, "delta": 5.183181}}
{"target": -11.261825228486563, "params": {"eta": 0.05, "max_depth": 4.861893973769799, "n_estimators": 323.26727707028846}, "datetime": {"datetime": "2021-09-27 19:56:53", "elapsed": 1500.996502, "delta": 5.131322}}
{"target": -11.447869450846204, "params": {"eta": 0.05, "max_depth": 9.389062056049506, "n_estimators": 367.9556246421064}, "datetime": {"datetime": "2021-09-27 19:56:58", "elapsed": 1506.17153, "delta": 5.175028}}
{"target": -12.097234585909499, "params": {"eta": 0.4065747689857194, "max_depth": 10.439224818585227, "n_estimators": 348.37672964794905}, "datetime": {"datetime": "2021-09-27 19:57:01", "elapsed": 1508.600004, "delta": 2.428474}}
{"target": -10.938093655893647, "params": {"eta": 0.05375304750116501, "max_depth": 6.393874303470092, "n_estimators": 349.6230145578407}, "datetime": {"datetime": "2021-09-27 19:57:04", "elapsed": 1511.598017, "delta": 2.998013}}
{"target": -11.139948314379689, "params": {"eta": 0.17888130309499473, "max_depth": 6.689791807318753, "n_estimators": 309.77829001573576}, "datetime": {"datetime": "2021-09-27 19:57:08", "elapsed": 1515.831705, "delta": 4.233688}}
{"target": -11.472726442983667, "params": {"eta": 0.1777913446090763, "max_depth": 6.17318489943161, "n_estimators": 364.2427803914949}, "datetime": {"datetime": "2021-09-27 19:57:11", "elapsed": 1518.712199, "delta": 2.880494}}
{"target": -11.355747265083481, "params": {"eta": 0.1448992066693445, "max_depth": 6.346437109016411, "n_estimators": 349.6468741045196}, "datetime": {"datetime": "2021-09-27 19:57:15", "elapsed": 1523.288087, "delta": 4.575888}}
{"target": -10.978710239474443, "params": {"eta": 0.09035469047401604, "max_depth": 7.729652972007047, "n_estimators": 375.08875423029644}, "datetime": {"datetime": "2021-09-27 19:57:19", "elapsed": 1527.039648, "delta": 3.751561}}
{"target": -12.124040179314282, "params": {"eta": 0.4348138663396424, "max_depth": 5.065387709428345, "n_estimators": 358.0097656921076}, "datetime": {"datetime": "2021-09-27 19:57:22", "elapsed": 1529.952434, "delta": 2.912786}}
{"target": -11.825039931477026, "params": {"eta": 0.22847668271910948, "max_depth": 4.6279637567408995, "n_estimators": 322.78514667915834}, "datetime": {"datetime": "2021-09-27 19:57:25", "elapsed": 1532.76295, "delta": 2.810516}}
{"target": -11.225877032437221, "params": {"eta": 0.0606986218124855, "max_depth": 6.401945064292327, "n_estimators": 305.9006222544888}, "datetime": {"datetime": "2021-09-27 19:57:28", "elapsed": 1535.82998, "delta": 3.06703}}
{"target": -10.595376340624089, "params": {"eta": 0.08556206454238845, "max_depth": 6.193681082499193, "n_estimators": 394.20586403169773}, "datetime": {"datetime": "2021-09-27 19:57:31", "elapsed": 1539.104678, "delta": 3.274698}}
{"target": -11.524761350667035, "params": {"eta": 0.14148407106428043, "max_depth": 7.673704790596084, "n_estimators": 375.1694890731665}, "datetime": {"datetime": "2021-09-27 19:57:38", "elapsed": 1546.12665, "delta": 7.021972}}
{"target": -12.391904534947551, "params": {"eta": 0.06505521557492057, "max_depth": 2.3704955403281662, "n_estimators": 355.8976340306953}, "datetime": {"datetime": "2021-09-27 19:57:41", "elapsed": 1548.817005, "delta": 2.690355}}
{"target": -11.509987105298233, "params": {"eta": 0.20053471823363145, "max_depth": 11.486307641061526, "n_estimators": 359.6167595245931}, "datetime": {"datetime": "2021-09-27 19:57:44", "elapsed": 1551.740037, "delta": 2.923032}}
{"target": -12.457232106340651, "params": {"eta": 0.19884286934879175, "max_depth": 2.961209063262939, "n_estimators": 300.69342414984317}, "datetime": {"datetime": "2021-09-27 19:57:46", "elapsed": 1553.952513, "delta": 2.212476}}
{"target": -12.008804766978402, "params": {"eta": 0.24619770596390173, "max_depth": 2.259262318278913, "n_estimators": 254.9662477878709}, "datetime": {"datetime": "2021-09-27 20:00:06", "elapsed": 0.0, "delta": 0.0}}
{"target": -11.967195186903767, "params": {"eta": 0.24589507667822458, "max_depth": 6.20367802087489, "n_estimators": 233.0334821003874}, "datetime": {"datetime": "2021-09-27 20:00:07", "elapsed": 0.720004, "delta": 0.720004}}
{"target": -11.709498865530595, "params": {"eta": 0.14209188531702913, "max_depth": 8.192709663506637, "n_estimators": 229.9654673674523}, "datetime": {"datetime": "2021-09-27 20:00:08", "elapsed": 1.607006, "delta": 0.887002}}
{"target": -12.027397428057297, "params": {"eta": 0.17007227379628997, "max_depth": 8.21133832769295, "n_estimators": 252.9142094277039}, "datetime": {"datetime": "2021-09-27 20:00:08", "elapsed": 2.448872, "delta": 0.841866}}
{"target": -12.194683997940189, "params": {"eta": 0.3343586812346106, "max_depth": 4.709656068374654, "n_estimators": 251.78438229458007}, "datetime": {"datetime": "2021-09-27 20:00:09", "elapsed": 3.219549, "delta": 0.770677}}
{"target": -11.397605480059951, "params": {"eta": 0.08467812252937996, "max_depth": 9.295716738605147, "n_estimators": 228.26459920152126}, "datetime": {"datetime": "2021-09-27 20:00:11", "elapsed": 4.841546, "delta": 1.621997}}
{"target": -11.562356109047178, "params": {"eta": 0.05, "max_depth": 10.80543411378652, "n_estimators": 225.93759083984585}, "datetime": {"datetime": "2021-09-27 20:00:12", "elapsed": 6.437546, "delta": 1.596}}
{"target": -11.543183152434707, "params": {"eta": 0.05, "max_depth": 7.213372671324557, "n_estimators": 226.00095223944197}, "datetime": {"datetime": "2021-09-27 20:00:14", "elapsed": 7.630746, "delta": 1.1932}}
{"target": -12.005174113730858, "params": {"eta": 0.46888708492021225, "max_depth": 11.963370828247767, "n_estimators": 229.29071429050572}, "datetime": {"datetime": "2021-09-27 20:00:14", "elapsed": 8.390015, "delta": 0.759269}}
{"target": -12.827340179485002, "params": {"eta": 0.5, "max_depth": 8.891815488486579, "n_estimators": 226.8378792443648}, "datetime": {"datetime": "2021-09-27 20:00:15", "elapsed": 9.233018, "delta": 0.843003}}
{"target": -11.073789362551823, "params": {"eta": 0.10399722597259956, "max_depth": 6.059539203998224, "n_estimators": 237.42492986135846}, "datetime": {"datetime": "2021-09-27 20:00:16", "elapsed": 10.116253, "delta": 0.883235}}
{"target": -11.006068101681006, "params": {"eta": 0.09709472886449944, "max_depth": 6.142752868858864, "n_estimators": 237.4376637726699}, "datetime": {"datetime": "2021-09-27 20:00:17", "elapsed": 10.927256, "delta": 0.811003}}
{"target": -12.586617599793417, "params": {"eta": 0.33106822141578746, "max_depth": 6.24452246217789, "n_estimators": 237.9825701842981}, "datetime": {"datetime": "2021-09-27 20:00:18", "elapsed": 11.591254, "delta": 0.663998}}
{"target": -11.456543686708823, "params": {"eta": 0.21042323585931277, "max_depth": 6.263691588187695, "n_estimators": 237.3073949717456}, "datetime": {"datetime": "2021-09-27 20:00:19", "elapsed": 12.617581, "delta": 1.026327}}
{"target": -11.455833533910017, "params": {"eta": 0.2220497802839566, "max_depth": 3.0813834258722643, "n_estimators": 268.3748066328236}, "datetime": {"datetime": "2021-09-27 20:00:19", "elapsed": 13.217581, "delta": 0.6}}
{"target": -11.487416559027851, "params": {"eta": 0.3566462457875922, "max_depth": 9.524353008275012, "n_estimators": 228.32602154416475}, "datetime": {"datetime": "2021-09-27 20:00:20", "elapsed": 13.829701, "delta": 0.61212}}
{"target": -12.326871734533738, "params": {"eta": 0.4189800113162622, "max_depth": 6.945172586394964, "n_estimators": 266.64783475368563}, "datetime": {"datetime": "2021-09-27 20:00:20", "elapsed": 14.467825, "delta": 0.638124}}
{"target": -10.989629751560315, "params": {"eta": 0.10290137875448402, "max_depth": 6.3405520774847535, "n_estimators": 239.1526693766815}, "datetime": {"datetime": "2021-09-27 20:00:21", "elapsed": 15.404815, "delta": 0.93699}}
{"target": -10.991124405876535, "params": {"eta": 0.13081363234141338, "max_depth": 5.483170634510715, "n_estimators": 209.48031083284283}, "datetime": {"datetime": "2021-09-27 20:00:22", "elapsed": 16.123242, "delta": 0.718427}}
{"target": -12.863411891506074, "params": {"eta": 0.4555044452244912, "max_depth": 5.594948074996996, "n_estimators": 209.5246647535451}, "datetime": {"datetime": "2021-09-27 20:00:23", "elapsed": 16.834243, "delta": 0.711001}}
{"target": -11.361858567983237, "params": {"eta": 0.10650131116843992, "max_depth": 8.397419263122337, "n_estimators": 206.6610971993601}, "datetime": {"datetime": "2021-09-27 20:00:24", "elapsed": 17.82042, "delta": 0.986177}}
{"target": -12.254443758506913, "params": {"eta": 0.23940099079760097, "max_depth": 6.143406149623424, "n_estimators": 239.25870708958047}, "datetime": {"datetime": "2021-09-27 20:00:25", "elapsed": 18.708052, "delta": 0.887632}}
{"target": -12.451326048251966, "params": {"eta": 0.24024312038310158, "max_depth": 6.563067122920261, "n_estimators": 239.29278149730624}, "datetime": {"datetime": "2021-09-27 20:00:26", "elapsed": 19.576049, "delta": 0.867997}}
{"target": -12.057618154480702, "params": {"eta": 0.2063143107481507, "max_depth": 5.966245350465313, "n_estimators": 237.39820291045862}, "datetime": {"datetime": "2021-09-27 20:00:26", "elapsed": 20.310337, "delta": 0.734288}}
{"target": -11.049997211081072, "params": {"eta": 0.05, "max_depth": 6.0888418197560386, "n_estimators": 237.51419261743}, "datetime": {"datetime": "2021-09-27 20:00:27", "elapsed": 21.380336, "delta": 1.069999}}
{"target": -11.024172686332498, "params": {"eta": 0.11061462193799176, "max_depth": 5.583532499491737, "n_estimators": 209.5535540995083}, "datetime": {"datetime": "2021-09-27 20:00:28", "elapsed": 22.06934, "delta": 0.689004}}
{"target": -10.865257060280346, "params": {"eta": 0.05628497906187338, "max_depth": 5.73924667170127, "n_estimators": 209.4965332937767}, "datetime": {"datetime": "2021-09-27 20:00:29", "elapsed": 22.672334, "delta": 0.602994}}
{"target": -11.472558211924444, "params": {"eta": 0.13270642987303094, "max_depth": 8.097735393532142, "n_estimators": 229.95168626117942}, "datetime": {"datetime": "2021-09-27 20:00:30", "elapsed": 24.030047, "delta": 1.357713}}
{"target": -11.124701283909433, "params": {"eta": 0.05157282322877236, "max_depth": 5.6089576833661905, "n_estimators": 209.31762789775445}, "datetime": {"datetime": "2021-09-27 20:00:31", "elapsed": 24.756043, "delta": 0.725996}}
{"target": -11.641162861904123, "params": {"eta": 0.055278428199636305, "max_depth": 11.246181175431333, "n_estimators": 212.28252141682248}, "datetime": {"datetime": "2021-09-27 20:00:32", "elapsed": 26.262591, "delta": 1.506548}}
{"target": -11.718292198546877, "params": {"eta": 0.17081824071930643, "max_depth": 6.456783795227258, "n_estimators": 238.9543484011925}, "datetime": {"datetime": "2021-09-27 20:00:33", "elapsed": 27.257658, "delta": 0.995067}}
{"target": -11.0849861203807, "params": {"eta": 0.10988884200180543, "max_depth": 5.699842425691404, "n_estimators": 209.8125667259174}, "datetime": {"datetime": "2021-09-27 20:00:34", "elapsed": 28.128293, "delta": 0.870635}}
{"target": -10.94596212759414, "params": {"eta": 0.07899368377958604, "max_depth": 5.423744956640922, "n_estimators": 209.67338074933096}, "datetime": {"datetime": "2021-09-27 20:00:35", "elapsed": 28.873294, "delta": 0.745001}}
{"target": -11.180334573298593, "params": {"eta": 0.06923745800864209, "max_depth": 5.923796751521324, "n_estimators": 209.53519891752532}, "datetime": {"datetime": "2021-09-27 20:00:36", "elapsed": 29.601297, "delta": 0.728003}}
{"target": -11.895113485301138, "params": {"eta": 0.38495737825241244, "max_depth": 8.948010878785045, "n_estimators": 294.05643129669045}, "datetime": {"datetime": "2021-09-27 20:00:36", "elapsed": 30.470642, "delta": 0.869345}}
{"target": -11.439936381588577, "params": {"eta": 0.057995209656182434, "max_depth": 5.262160891166542, "n_estimators": 209.62983308274383}, "datetime": {"datetime": "2021-09-27 20:00:37", "elapsed": 31.353639, "delta": 0.882997}}
{"target": -12.238391075319795, "params": {"eta": 0.142426721829656, "max_depth": 2.935305543572559, "n_estimators": 266.72844321262437}, "datetime": {"datetime": "2021-09-27 20:00:38", "elapsed": 31.835644, "delta": 0.482005}}
{"target": -11.265148814098625, "params": {"eta": 0.1547829440289633, "max_depth": 5.670384838859434, "n_estimators": 209.79400342498295}, "datetime": {"datetime": "2021-09-27 20:00:39", "elapsed": 32.605105, "delta": 0.769461}}
{"target": -11.162358295705307, "params": {"eta": 0.08564747150881416, "max_depth": 5.977534293913187, "n_estimators": 209.19202359235985}, "datetime": {"datetime": "2021-09-27 20:00:39", "elapsed": 33.334103, "delta": 0.728998}}
