{"target": 0.8493006804241099, "params": {"eta": 0.19818626574207446, "max_depth": 5.012411595171098, "n_estimators": 19.641015174816786}, "datetime": {"datetime": "2021-09-17 18:36:17", "elapsed": 469.515232, "delta": 2.248761}}
{"target": 0.874564701194484, "params": {"eta": 0.4417809589864984, "max_depth": 7.960299942972628, "n_estimators": 14.267799230517262}, "datetime": {"datetime": "2021-09-17 18:36:19", "elapsed": 471.653163, "delta": 2.137931}}
{"target": 0.8308415785394019, "params": {"eta": 0.41963154250159906, "max_depth": 12.105738364756487, "n_estimators": 19.370148552552767}, "datetime": {"datetime": "2021-09-17 18:36:23", "elapsed": 474.99472, "delta": 3.341557}}
{"target": 0.8383225073966245, "params": {"eta": 0.45504964116896296, "max_depth": 8.024971079628543, "n_estimators": 14.081811105813252}, "datetime": {"datetime": "2021-09-17 18:36:26", "elapsed": 477.86599, "delta": 2.87127}}
{"target": 0.4509036541119763, "params": {"eta": 0.17045137088518758, "max_depth": 6.707584008579872, "n_estimators": 8.896426482718923}, "datetime": {"datetime": "2021-09-17 18:36:27", "elapsed": 479.611723, "delta": 1.745733}}
{"target": 0.002508739477744437, "params": {"eta": 0.10074579450995554, "max_depth": 9.017863197312096, "n_estimators": 10.559301772670837}, "datetime": {"datetime": "2021-09-17 18:36:29", "elapsed": 481.454573, "delta": 1.84285}}
{"target": 0.7856782043494169, "params": {"eta": 0.6649086465575792, "max_depth": 7.183828739910821, "n_estimators": 19.376555040426005}, "datetime": {"datetime": "2021-09-17 18:36:31", "elapsed": 483.420063, "delta": 1.96549}}
{"target": 0.8141848315645295, "params": {"eta": 0.5217144334610263, "max_depth": 4.994423253109311, "n_estimators": 19.679304337133765}, "datetime": {"datetime": "2021-09-17 18:36:35", "elapsed": 486.938535, "delta": 3.518472}}
{"target": 0.7890068499421697, "params": {"eta": 0.6915562034885727, "max_depth": 5.443852924373061, "n_estimators": 9.776207885268434}, "datetime": {"datetime": "2021-09-17 18:36:36", "elapsed": 488.630274, "delta": 1.691739}}
{"target": 0.8334068754949818, "params": {"eta": 0.17969483422707277, "max_depth": 5.410825010604491, "n_estimators": 18.69352143133775}, "datetime": {"datetime": "2021-09-17 18:36:39", "elapsed": 491.124185, "delta": 2.493911}}
{"target": 0.8494368159711815, "params": {"eta": 0.41968858057553793, "max_depth": 4.366975418446543, "n_estimators": 18.59470864310856}, "datetime": {"datetime": "2021-09-17 18:36:41", "elapsed": 492.964642, "delta": 1.840457}}
{"target": 0.835760113544384, "params": {"eta": 0.24448937137134708, "max_depth": 13.044514608209749, "n_estimators": 15.469563526495373}, "datetime": {"datetime": "2021-09-17 18:36:43", "elapsed": 494.724642, "delta": 1.76}}
{"target": 0.8051932601005769, "params": {"eta": 0.2280699176757283, "max_depth": 12.699574542826834, "n_estimators": 12.189573386301749}, "datetime": {"datetime": "2021-09-17 18:36:44", "elapsed": 496.55951, "delta": 1.834868}}
{"target": 0.8542530374130594, "params": {"eta": 0.34001559360650835, "max_depth": 17.09559538776574, "n_estimators": 9.084514391026449}, "datetime": {"datetime": "2021-09-17 18:36:46", "elapsed": 498.368178, "delta": 1.808668}}
{"target": 0.8512202857977196, "params": {"eta": 0.319656716181292, "max_depth": 8.154992367394229, "n_estimators": 14.262506295904409}, "datetime": {"datetime": "2021-09-17 18:36:49", "elapsed": 501.085878, "delta": 2.7177}}
{"target": 0.7522186850878834, "params": {"eta": 0.7475225738841401, "max_depth": 9.889329041566961, "n_estimators": 18.016069814212454}, "datetime": {"datetime": "2021-09-17 18:36:51", "elapsed": 502.924159, "delta": 1.838281}}
{"target": 0.8288160344368383, "params": {"eta": 0.5370435276694542, "max_depth": 8.293810860633522, "n_estimators": 14.291158942807444}, "datetime": {"datetime": "2021-09-17 18:36:53", "elapsed": 505.522404, "delta": 2.598245}}
{"target": 0.7835813147352492, "params": {"eta": 0.6703345893107444, "max_depth": 7.983419660617759, "n_estimators": 14.24638651558575}, "datetime": {"datetime": "2021-09-17 18:36:56", "elapsed": 508.028502, "delta": 2.506098}}
{"target": 0.8391087607002484, "params": {"eta": 0.5068664850905051, "max_depth": 5.3326183595296754, "n_estimators": 19.15067688271828}, "datetime": {"datetime": "2021-09-17 18:36:58", "elapsed": 510.30104, "delta": 2.272538}}
{"target": 0.8238986145689698, "params": {"eta": 0.1485398419898236, "max_depth": 5.176993428305926, "n_estimators": 19.425673792311684}, "datetime": {"datetime": "2021-09-17 18:37:01", "elapsed": 513.12062, "delta": 2.81958}}
{"target": 0.33405025713673764, "params": {"eta": 0.15329126999887138, "max_depth": 17.23616602120442, "n_estimators": 8.99391078096873}, "datetime": {"datetime": "2021-09-17 18:37:04", "elapsed": 515.945625, "delta": 2.825005}}
{"target": 0.549581249032904, "params": {"eta": 0.21097232192420573, "max_depth": 16.841317682803027, "n_estimators": 7.1998785560961585}, "datetime": {"datetime": "2021-09-17 18:37:06", "elapsed": 517.7084, "delta": 1.762775}}
{"target": 0.8301760848987114, "params": {"eta": 0.15546670578297236, "max_depth": 10.065283778716491, "n_estimators": 19.204572768651595}, "datetime": {"datetime": "2021-09-17 18:37:08", "elapsed": 519.714752, "delta": 2.006352}}
{"target": 0.8491644157041915, "params": {"eta": 0.32945097275339075, "max_depth": 16.92108466970587, "n_estimators": 9.163774204881326}, "datetime": {"datetime": "2021-09-17 18:37:10", "elapsed": 522.465653, "delta": 2.750901}}
{"target": 0.8459121700549357, "params": {"eta": 0.3580146249300046, "max_depth": 14.733340502908154, "n_estimators": 10.71581777636051}, "datetime": {"datetime": "2021-09-17 18:37:12", "elapsed": 524.378057, "delta": 1.912404}}
{"target": 0.8360875749802815, "params": {"eta": 0.36139832427173413, "max_depth": 19.384472742794543, "n_estimators": 9.489677324187708}, "datetime": {"datetime": "2021-09-17 18:37:14", "elapsed": 526.245482, "delta": 1.867425}}
{"target": 0.8304423927191189, "params": {"eta": 0.5244619293352308, "max_depth": 16.993118544504732, "n_estimators": 9.117784343192096}, "datetime": {"datetime": "2021-09-17 18:37:17", "elapsed": 529.194281, "delta": 2.948799}}
{"target": 0.7816119384047441, "params": {"eta": 0.7012624997923007, "max_depth": 6.480201235591192, "n_estimators": 11.574561657763063}, "datetime": {"datetime": "2021-09-17 18:37:19", "elapsed": 531.224229, "delta": 2.029948}}
{"target": 0.8491065601698122, "params": {"eta": 0.1913664870617322, "max_depth": 12.215629139451028, "n_estimators": 19.2567960025756}, "datetime": {"datetime": "2021-09-17 18:37:23", "elapsed": 535.640823, "delta": 4.416594}}
{"target": 0.8466163857692246, "params": {"eta": 0.3432260204931661, "max_depth": 5.421746814042571, "n_estimators": 18.942617807832548}, "datetime": {"datetime": "2021-09-17 18:37:26", "elapsed": 538.029422, "delta": 2.388599}}
{"target": 0.8055783268967389, "params": {"eta": 0.48848120226613334, "max_depth": 17.13254265139169, "n_estimators": 9.268117169763853}, "datetime": {"datetime": "2021-09-17 18:37:28", "elapsed": 540.658462, "delta": 2.62904}}
{"target": 0.8451740409527809, "params": {"eta": 0.4539418647106953, "max_depth": 8.340297757326171, "n_estimators": 17.449033284754947}, "datetime": {"datetime": "2021-09-17 18:37:31", "elapsed": 542.849601, "delta": 2.191139}}
{"target": 0.8257162963381942, "params": {"eta": 0.23723241581869495, "max_depth": 7.962857893183761, "n_estimators": 14.128767772276383}, "datetime": {"datetime": "2021-09-17 18:37:34", "elapsed": 545.955752, "delta": 3.106151}}
{"target": 0.7944238320052944, "params": {"eta": 0.16198116363252446, "max_depth": 10.683800904873303, "n_estimators": 16.058736023996527}, "datetime": {"datetime": "2021-09-17 18:37:36", "elapsed": 547.947012, "delta": 1.99126}}
{"target": 0.8017582186583336, "params": {"eta": 0.5493406567028387, "max_depth": 14.895541158013737, "n_estimators": 10.677900426643541}, "datetime": {"datetime": "2021-09-17 18:37:40", "elapsed": 552.116515, "delta": 4.169503}}
{"target": 0.8517778445695916, "params": {"eta": 0.22760473286662183, "max_depth": 5.4133725525846765, "n_estimators": 19.175129231596262}, "datetime": {"datetime": "2021-09-17 18:37:45", "elapsed": 556.973678, "delta": 4.857163}}
{"target": 0.850077703930878, "params": {"eta": 0.38950568082326087, "max_depth": 5.6063942294426745, "n_estimators": 19.1380084348561}, "datetime": {"datetime": "2021-09-17 18:37:48", "elapsed": 560.063253, "delta": 3.089575}}
{"target": 0.8419746159410296, "params": {"eta": 0.288570837177599, "max_depth": 5.441387239289984, "n_estimators": 19.392156662515966}, "datetime": {"datetime": "2021-09-17 18:37:52", "elapsed": 563.763908, "delta": 3.700655}}
{"target": 0.8356548306640693, "params": {"eta": 0.32317427961833634, "max_depth": 9.56092825159398, "n_estimators": 10.525719376364702}, "datetime": {"datetime": "2021-09-17 18:37:54", "elapsed": 565.804766, "delta": 2.040858}}
{"target": 0.7958701733736488, "params": {"eta": 0.5762801691395906, "max_depth": 18.230435621667024, "n_estimators": 11.64980708386889}, "datetime": {"datetime": "2021-09-17 18:37:56", "elapsed": 567.996576, "delta": 2.19181}}
{"target": 0.8310347091630029, "params": {"eta": 0.5636750823551079, "max_depth": 5.576254873498558, "n_estimators": 18.944424508513055}, "datetime": {"datetime": "2021-09-17 18:37:59", "elapsed": 571.068678, "delta": 3.072102}}
{"target": 0.758335830767063, "params": {"eta": 0.21333719351885672, "max_depth": 14.83052754004675, "n_estimators": 10.513772340489059}, "datetime": {"datetime": "2021-09-17 18:38:03", "elapsed": 575.413304, "delta": 4.344626}}
{"target": 0.8335667922054358, "params": {"eta": 0.16419695482908503, "max_depth": 5.61202110398634, "n_estimators": 19.01303518331594}, "datetime": {"datetime": "2021-09-17 18:38:06", "elapsed": 578.69828, "delta": 3.284976}}
{"target": 0.8456401902473725, "params": {"eta": 0.34431889547393063, "max_depth": 5.646813029827395, "n_estimators": 18.75546281402598}, "datetime": {"datetime": "2021-09-17 18:38:10", "elapsed": 581.752619, "delta": 3.054339}}
{"target": 0.8564096554277147, "params": {"eta": 0.364644804918225, "max_depth": 14.56572811112194, "n_estimators": 10.897213214149838}, "datetime": {"datetime": "2021-09-17 18:38:13", "elapsed": 585.10922, "delta": 3.356601}}
{"target": 0.804629700627885, "params": {"eta": 0.476125526119738, "max_depth": 19.185661658045277, "n_estimators": 15.34081729134878}, "datetime": {"datetime": "2021-09-17 18:38:15", "elapsed": 587.25615, "delta": 2.14693}}
{"target": 0.7663845271551715, "params": {"eta": 0.7070068605881964, "max_depth": 7.576139308945269, "n_estimators": 19.317940233741897}, "datetime": {"datetime": "2021-09-17 18:38:17", "elapsed": 589.398972, "delta": 2.142822}}
{"target": 0.7903427633057828, "params": {"eta": 0.5788877359041309, "max_depth": 14.574816251853122, "n_estimators": 10.864889250629187}, "datetime": {"datetime": "2021-09-17 18:38:21", "elapsed": 592.833712, "delta": 3.43474}}
{"target": 0.7705635263802165, "params": {"eta": 0.22976962260670064, "max_depth": 14.531735749564291, "n_estimators": 10.757429887966648}, "datetime": {"datetime": "2021-09-17 18:38:24", "elapsed": 596.560688, "delta": 3.726976}}
{"target": 0.8217248758076477, "params": {"eta": 0.48416945274912737, "max_depth": 22.594923525682905, "n_estimators": 20.86355764964781}, "datetime": {"datetime": "2021-09-17 19:05:13", "elapsed": 0.0, "delta": 0.0}}
{"target": 0.8072818723725732, "params": {"eta": 0.48141822809782786, "max_depth": 15.015024782811523, "n_estimators": 21.855564600533093}, "datetime": {"datetime": "2021-09-17 19:05:14", "elapsed": 0.195998, "delta": 0.195998}}
{"target": 0.8401361891136162, "params": {"eta": 0.40631104788388483, "max_depth": 27.186098020334075, "n_estimators": 29.164243491523674}, "datetime": {"datetime": "2021-09-17 19:05:14", "elapsed": 0.455001, "delta": 0.259003}}
{"target": 0.8554997419259914, "params": {"eta": 0.36840906317804445, "max_depth": 24.584850990149278, "n_estimators": 19.1645831543168}, "datetime": {"datetime": "2021-09-17 19:05:14", "elapsed": 0.647996, "delta": 0.192995}}
{"target": 0.8163915202345902, "params": {"eta": 0.49763119276575263, "max_depth": 28.065512595609185, "n_estimators": 8.6338293385514}, "datetime": {"datetime": "2021-09-17 19:05:14", "elapsed": 0.723996, "delta": 0.076}}
{"target": 0.8507782431963976, "params": {"eta": 0.1609905097910785, "max_depth": 4.525678333448469, "n_estimators": 26.150256447602573}, "datetime": {"datetime": "2021-09-17 19:05:14", "elapsed": 0.807998, "delta": 0.084002}}
{"target": 0.7858468131929031, "params": {"eta": 0.6447097256648954, "max_depth": 26.6203158544173, "n_estimators": 29.508221871353573}, "datetime": {"datetime": "2021-09-17 19:05:14", "elapsed": 1.047999, "delta": 0.240001}}
{"target": 0.7738988820645127, "params": {"eta": 0.6594109949517065, "max_depth": 15.998463418576229, "n_estimators": 24.952171054588476}, "datetime": {"datetime": "2021-09-17 19:05:15", "elapsed": 1.246994, "delta": 0.198995}}
{"target": 0.858243138899028, "params": {"eta": 0.3637433842586647, "max_depth": 22.54643349363779, "n_estimators": 20.854694201485444}, "datetime": {"datetime": "2021-09-17 19:05:15", "elapsed": 1.559002, "delta": 0.312008}}
{"target": 0.8235208950720752, "params": {"eta": 0.26120219434791325, "max_depth": 28.895453533540937, "n_estimators": 15.814724126139568}, "datetime": {"datetime": "2021-09-17 19:05:15", "elapsed": 1.777996, "delta": 0.218994}}
{"target": 0.8152362105078248, "params": {"eta": 0.4787724857165573, "max_depth": 18.380775892944104, "n_estimators": 23.84898416120113}, "datetime": {"datetime": "2021-09-17 19:05:16", "elapsed": 2.101996, "delta": 0.324}}
{"target": 0.7156798302738256, "params": {"eta": 0.23673683960017358, "max_depth": 11.160569022640225, "n_estimators": 8.985814851550744}, "datetime": {"datetime": "2021-09-17 19:05:16", "elapsed": 2.289997, "delta": 0.188001}}
{"target": 0.8642406291214129, "params": {"eta": 0.36043291720514514, "max_depth": 7.002448092395861, "n_estimators": 26.714371602931585}, "datetime": {"datetime": "2021-09-17 19:05:16", "elapsed": 2.500996, "delta": 0.210999}}
{"target": 0.8404152321106826, "params": {"eta": 0.24529979175638877, "max_depth": 7.004681543202506, "n_estimators": 26.685339005023156}, "datetime": {"datetime": "2021-09-17 19:05:16", "elapsed": 2.713995, "delta": 0.212999}}
{"target": 0.8482309266989247, "params": {"eta": 0.23648079238024305, "max_depth": 22.618315261872635, "n_estimators": 20.66195819444934}, "datetime": {"datetime": "2021-09-17 19:05:16", "elapsed": 2.987997, "delta": 0.274002}}
{"target": 0.6650316005347634, "params": {"eta": 0.24422822995232704, "max_depth": 8.707634049894306, "n_estimators": 7.008581231119639}, "datetime": {"datetime": "2021-09-17 19:05:17", "elapsed": 3.141995, "delta": 0.153998}}
{"target": 0.7848273769588279, "params": {"eta": 0.6754356347868188, "max_depth": 7.1391061938237454, "n_estimators": 16.205437429306894}, "datetime": {"datetime": "2021-09-17 19:05:17", "elapsed": 3.343, "delta": 0.201005}}
{"target": 0.7538132764925165, "params": {"eta": 0.71535693358609, "max_depth": 6.995171896506874, "n_estimators": 26.803774543110812}, "datetime": {"datetime": "2021-09-17 19:05:17", "elapsed": 3.656996, "delta": 0.313996}}
{"target": 0.8554882926414953, "params": {"eta": 0.3062359186412126, "max_depth": 8.43070363397042, "n_estimators": 19.18539133145307}, "datetime": {"datetime": "2021-09-17 19:05:17", "elapsed": 3.868143, "delta": 0.211147}}
{"target": 0.843520361911782, "params": {"eta": 0.4662186325776184, "max_depth": 19.109651405062223, "n_estimators": 10.135332355843762}, "datetime": {"datetime": "2021-09-17 19:05:17", "elapsed": 4.083139, "delta": 0.214996}}
{"target": 0.8343857196625383, "params": {"eta": 0.23242928491747059, "max_depth": 8.618921906622141, "n_estimators": 19.361380869328165}, "datetime": {"datetime": "2021-09-17 19:05:18", "elapsed": 4.317146, "delta": 0.234007}}
{"target": 0.8618774929676887, "params": {"eta": 0.32570851770264464, "max_depth": 24.613963931948348, "n_estimators": 19.242821247399284}, "datetime": {"datetime": "2021-09-17 19:05:18", "elapsed": 4.626145, "delta": 0.308999}}
{"target": 0.8397110978961699, "params": {"eta": 0.2161505204837254, "max_depth": 13.756771956905919, "n_estimators": 26.82044230879326}, "datetime": {"datetime": "2021-09-17 19:05:18", "elapsed": 4.957141, "delta": 0.330996}}
{"target": 0.8013771566223798, "params": {"eta": 0.7119443342397658, "max_depth": 8.721604843879735, "n_estimators": 7.993388437017866}, "datetime": {"datetime": "2021-09-17 19:05:19", "elapsed": 5.130138, "delta": 0.172997}}
{"target": 0.8397162366421274, "params": {"eta": 0.4612450715489187, "max_depth": 27.5999496030287, "n_estimators": 16.666253915348648}, "datetime": {"datetime": "2021-09-17 19:05:19", "elapsed": 5.476254, "delta": 0.346116}}
{"target": 0.8817844102326864, "params": {"eta": 0.34147744445724576, "max_depth": 7.2845116093181606, "n_estimators": 26.777873412605267}, "datetime": {"datetime": "2021-09-17 19:05:19", "elapsed": 5.887259, "delta": 0.411005}}
{"target": 0.8439048820488679, "params": {"eta": 0.4043518745921765, "max_depth": 7.521269602606061, "n_estimators": 26.648799980962217}, "datetime": {"datetime": "2021-09-17 19:05:20", "elapsed": 6.134258, "delta": 0.246999}}
{"target": 0.8642405308808723, "params": {"eta": 0.36043654812471715, "max_depth": 7.452652323896805, "n_estimators": 26.642626173876952}, "datetime": {"datetime": "2021-09-17 19:05:20", "elapsed": 6.404261, "delta": 0.270003}}
{"target": 0.810328131652884, "params": {"eta": 0.1, "max_depth": 7.435786218516619, "n_estimators": 26.822354777090084}, "datetime": {"datetime": "2021-09-17 19:05:20", "elapsed": 6.737258, "delta": 0.332997}}
{"target": 0.8399142573577053, "params": {"eta": 0.3941483241271353, "max_depth": 24.601105030905963, "n_estimators": 19.247147358336836}, "datetime": {"datetime": "2021-09-17 19:05:20", "elapsed": 7.075259, "delta": 0.338001}}
{"target": 0.842136294969173, "params": {"eta": 0.3974530104532171, "max_depth": 29.38685186536136, "n_estimators": 20.917244866358836}, "datetime": {"datetime": "2021-09-17 19:05:21", "elapsed": 7.405259, "delta": 0.33}}
{"target": 0.84911860183605, "params": {"eta": 0.3282693971796914, "max_depth": 9.256054881532345, "n_estimators": 18.42557358313033}, "datetime": {"datetime": "2021-09-17 19:05:21", "elapsed": 7.643256, "delta": 0.237997}}
{"target": 0.8508496773788505, "params": {"eta": 0.18915993240454387, "max_depth": 22.43045381727133, "n_estimators": 20.8960649077004}, "datetime": {"datetime": "2021-09-17 19:05:21", "elapsed": 7.937155, "delta": 0.293899}}
{"target": 0.8360729094620387, "params": {"eta": 0.3075666980087185, "max_depth": 29.864770110782896, "n_estimators": 18.390698590501117}, "datetime": {"datetime": "2021-09-17 19:05:22", "elapsed": 8.238124, "delta": 0.300969}}
{"target": 0.8517548706891621, "params": {"eta": 0.3199311404740834, "max_depth": 7.248993403672078, "n_estimators": 26.526935321641567}, "datetime": {"datetime": "2021-09-17 19:05:22", "elapsed": 8.586127, "delta": 0.348003}}
{"target": 0.8458252046597485, "params": {"eta": 0.17302987763064592, "max_depth": 24.71061703503688, "n_estimators": 18.905357708068138}, "datetime": {"datetime": "2021-09-17 19:05:22", "elapsed": 8.855128, "delta": 0.269001}}
{"target": 0.8478664582891202, "params": {"eta": 0.29931181213129177, "max_depth": 4.435262595924675, "n_estimators": 28.23293862572733}, "datetime": {"datetime": "2021-09-17 19:05:22", "elapsed": 9.083129, "delta": 0.228001}}
{"target": 0.8481199338543821, "params": {"eta": 0.4665044184897956, "max_depth": 27.27417246456162, "n_estimators": 23.481239553262927}, "datetime": {"datetime": "2021-09-17 19:05:23", "elapsed": 9.467125, "delta": 0.383996}}
{"target": 0.8126645691831875, "params": {"eta": 0.49973575660750025, "max_depth": 8.187203319775676, "n_estimators": 19.219906190453624}, "datetime": {"datetime": "2021-09-17 19:05:23", "elapsed": 9.773126, "delta": 0.306001}}
{"target": 0.7279384054215532, "params": {"eta": 0.11051809462670775, "max_depth": 24.619374811830447, "n_estimators": 19.25995558727077}, "datetime": {"datetime": "2021-09-17 19:05:23", "elapsed": 10.054576, "delta": 0.28145}}
{"target": 0.8485253595441009, "params": {"eta": 0.28150682969120033, "max_depth": 8.50906187215532, "n_estimators": 19.208186038194906}, "datetime": {"datetime": "2021-09-17 19:05:24", "elapsed": 10.316573, "delta": 0.261997}}
{"target": 0.8717839366999164, "params": {"eta": 0.3586503212310581, "max_depth": 7.4977402796219526, "n_estimators": 26.3982939442764}, "datetime": {"datetime": "2021-09-17 19:05:24", "elapsed": 10.598571, "delta": 0.281998}}
{"target": 0.860210226065925, "params": {"eta": 0.37524963702188907, "max_depth": 7.186433285507957, "n_estimators": 26.90432104930446}, "datetime": {"datetime": "2021-09-17 19:05:24", "elapsed": 10.884572, "delta": 0.286001}}
{"target": 0.861393706330442, "params": {"eta": 0.4753349776783392, "max_depth": 7.505677326506831, "n_estimators": 26.288212981113972}, "datetime": {"datetime": "2021-09-17 19:05:25", "elapsed": 11.214573, "delta": 0.330001}}
{"target": 0.8413304846431838, "params": {"eta": 0.30101411208285767, "max_depth": 7.255024846547252, "n_estimators": 26.61063792471953}, "datetime": {"datetime": "2021-09-17 19:05:25", "elapsed": 11.492571, "delta": 0.277998}}
{"target": 0.8246484206983841, "params": {"eta": 0.47799369497889654, "max_depth": 7.270851263668527, "n_estimators": 26.147754959632312}, "datetime": {"datetime": "2021-09-17 19:05:25", "elapsed": 11.810571, "delta": 0.318}}
{"target": 0.8269581136264713, "params": {"eta": 0.2748482838697295, "max_depth": 24.396377246736037, "n_estimators": 17.98838626552575}, "datetime": {"datetime": "2021-09-17 19:05:26", "elapsed": 12.122572, "delta": 0.312001}}
