{"target": -11.956821529792377, "params": {"eta": 0.4026558733091335, "max_depth": 5.245986935272166, "n_estimators": 59.64948523787435}, "datetime": {"datetime": "2021-09-27 18:55:47", "elapsed": 442.837516, "delta": 2.677904}}
{"target": -12.337383059870051, "params": {"eta": 0.34768347347657763, "max_depth": 21.079684817339896, "n_estimators": 70.89976594695165}, "datetime": {"datetime": "2021-09-27 18:55:50", "elapsed": 445.729023, "delta": 2.891507}}
{"target": -12.872964455929859, "params": {"eta": 0.4036745267759597, "max_depth": 13.828554223542993, "n_estimators": 79.72854591133674}, "datetime": {"datetime": "2021-09-27 18:55:52", "elapsed": 447.446022, "delta": 1.716999}}
{"target": -11.683719539681352, "params": {"eta": 0.12594895382170074, "max_depth": 9.342410541378321, "n_estimators": 78.71161211148318}, "datetime": {"datetime": "2021-09-27 18:55:55", "elapsed": 449.9999, "delta": 2.553878}}
{"target": -11.931428645514027, "params": {"eta": 0.11714533450757288, "max_depth": 22.954519235212263, "n_estimators": 66.44351160217798}, "datetime": {"datetime": "2021-09-27 18:55:57", "elapsed": 452.444334, "delta": 2.444434}}
{"target": -12.282088089566585, "params": {"eta": 0.30641134270359405, "max_depth": 9.667321106810792, "n_estimators": 77.02369409106728}, "datetime": {"datetime": "2021-09-27 18:56:00", "elapsed": 455.224604, "delta": 2.78027}}
{"target": -13.375959968118211, "params": {"eta": 0.4823123785668857, "max_depth": 25.64774461241217, "n_estimators": 76.77706378184166}, "datetime": {"datetime": "2021-09-27 18:56:02", "elapsed": 457.380404, "delta": 2.1558}}
{"target": -11.433636142040045, "params": {"eta": 0.29920613514104305, "max_depth": 5.2452602563803685, "n_estimators": 59.33357363456684}, "datetime": {"datetime": "2021-09-27 18:56:04", "elapsed": 459.812253, "delta": 2.431849}}
{"target": -11.997901597287655, "params": {"eta": 0.48041803406943445, "max_depth": 16.401762727554626, "n_estimators": 55.83362385650794}, "datetime": {"datetime": "2021-09-27 18:56:06", "elapsed": 461.489254, "delta": 1.677001}}
{"target": -12.298377671866005, "params": {"eta": 0.2976686581097251, "max_depth": 11.117123736967201, "n_estimators": 82.55629156403214}, "datetime": {"datetime": "2021-09-27 18:56:08", "elapsed": 463.941751, "delta": 2.452497}}
{"target": -12.160548539729351, "params": {"eta": 0.41845275628316936, "max_depth": 5.076929267928584, "n_estimators": 59.43041933507248}, "datetime": {"datetime": "2021-09-27 18:56:13", "elapsed": 468.279493, "delta": 2.374638}}
{"target": -12.37770007039345, "params": {"eta": 0.21380683052112082, "max_depth": 25.088300265399912, "n_estimators": 53.58698580448727}, "datetime": {"datetime": "2021-09-27 18:56:17", "elapsed": 472.074727, "delta": 3.795234}}
{"target": -11.946182487756376, "params": {"eta": 0.1769572962203449, "max_depth": 8.63835660648291, "n_estimators": 79.21396745818936}, "datetime": {"datetime": "2021-09-27 18:56:20", "elapsed": 475.865675, "delta": 3.790948}}
{"target": -11.226959513442319, "params": {"eta": 0.10245344290490802, "max_depth": 6.771327050541778, "n_estimators": 77.0701398550372}, "datetime": {"datetime": "2021-09-27 18:56:23", "elapsed": 478.448243, "delta": 2.582568}}
{"target": -11.54688826021931, "params": {"eta": 0.24346225518259607, "max_depth": 4.085246544702008, "n_estimators": 91.484731965858}, "datetime": {"datetime": "2021-09-27 18:56:26", "elapsed": 481.691428, "delta": 3.243185}}
{"target": -11.256688746300018, "params": {"eta": 0.10662529087880601, "max_depth": 6.989331487528883, "n_estimators": 77.11098177130992}, "datetime": {"datetime": "2021-09-27 18:56:29", "elapsed": 484.766691, "delta": 3.075263}}
{"target": -11.474251487110505, "params": {"eta": 0.2822931034641495, "max_depth": 6.7294545686923914, "n_estimators": 77.06009673613715}, "datetime": {"datetime": "2021-09-27 18:56:33", "elapsed": 488.227145, "delta": 3.460454}}
{"target": -11.966913614269341, "params": {"eta": 0.1938798602174232, "max_depth": 12.075494568273234, "n_estimators": 88.59927359939654}, "datetime": {"datetime": "2021-09-27 18:56:35", "elapsed": 490.59784, "delta": 2.370695}}
{"target": -12.285665238565842, "params": {"eta": 0.16845305476256023, "max_depth": 25.763009342582237, "n_estimators": 74.50783680934853}, "datetime": {"datetime": "2021-09-27 18:56:38", "elapsed": 493.09256, "delta": 2.49472}}
{"target": -11.884830215587822, "params": {"eta": 0.31634354522984165, "max_depth": 5.311049865516702, "n_estimators": 59.54044995227413}, "datetime": {"datetime": "2021-09-27 18:56:41", "elapsed": 496.139662, "delta": 3.047102}}
{"target": -11.452735022307229, "params": {"eta": 0.17547644094762915, "max_depth": 7.252306734736032, "n_estimators": 76.23804878964353}, "datetime": {"datetime": "2021-09-27 18:56:43", "elapsed": 498.379677, "delta": 2.240015}}
{"target": -12.615582218577332, "params": {"eta": 0.31908572213230346, "max_depth": 2.2764892245726345, "n_estimators": 93.44544767420703}, "datetime": {"datetime": "2021-09-27 18:56:45", "elapsed": 500.124791, "delta": 1.745114}}
{"target": -11.178943150100759, "params": {"eta": 0.1528978759695762, "max_depth": 5.988301080768634, "n_estimators": 78.62797536893737}, "datetime": {"datetime": "2021-09-27 18:56:48", "elapsed": 503.361364, "delta": 3.236573}}
{"target": -11.0098269028141, "params": {"eta": 0.09841284612365435, "max_depth": 6.371564967895111, "n_estimators": 77.7823716749427}, "datetime": {"datetime": "2021-09-27 18:56:51", "elapsed": 506.925696, "delta": 3.564332}}
{"target": -11.171231119235193, "params": {"eta": 0.1491742077399068, "max_depth": 6.596228918177371, "n_estimators": 76.94641336825431}, "datetime": {"datetime": "2021-09-27 18:56:55", "elapsed": 510.881968, "delta": 3.956272}}
{"target": -11.779141194048888, "params": {"eta": 0.1814028655307473, "max_depth": 3.6864913428859265, "n_estimators": 66.04309569836329}, "datetime": {"datetime": "2021-09-27 18:56:57", "elapsed": 512.723346, "delta": 1.841378}}
{"target": -11.494516752357486, "params": {"eta": 0.16522431066340848, "max_depth": 6.20989300644198, "n_estimators": 77.95218443035662}, "datetime": {"datetime": "2021-09-27 18:57:01", "elapsed": 516.313916, "delta": 3.59057}}
{"target": -11.416943982924431, "params": {"eta": 0.05, "max_depth": 8.58663545887586, "n_estimators": 79.00757809867164}, "datetime": {"datetime": "2021-09-27 18:57:05", "elapsed": 520.4827, "delta": 4.168784}}
{"target": -12.211717904461397, "params": {"eta": 0.23996916600282092, "max_depth": 6.992370524236506, "n_estimators": 77.15618454307317}, "datetime": {"datetime": "2021-09-27 18:57:09", "elapsed": 524.269486, "delta": 3.786786}}
{"target": -11.705884891130799, "params": {"eta": 0.2183124509304709, "max_depth": 11.549531999755892, "n_estimators": 96.92103554787684}, "datetime": {"datetime": "2021-09-27 18:57:11", "elapsed": 526.758701, "delta": 2.489215}}
{"target": -11.310076487997504, "params": {"eta": 0.0897644202725769, "max_depth": 6.345672411283765, "n_estimators": 77.86569650638977}, "datetime": {"datetime": "2021-09-27 18:57:14", "elapsed": 529.520797, "delta": 2.762096}}
{"target": -11.358135380463482, "params": {"eta": 0.08976701606618837, "max_depth": 25.54448478002333, "n_estimators": 73.39132096772084}, "datetime": {"datetime": "2021-09-27 18:57:18", "elapsed": 533.384977, "delta": 3.86418}}
{"target": -11.947917307233533, "params": {"eta": 0.20360337900592457, "max_depth": 5.193196299818496, "n_estimators": 59.36479602415463}, "datetime": {"datetime": "2021-09-27 18:57:22", "elapsed": 537.27245, "delta": 3.887473}}
{"target": -12.019632274910231, "params": {"eta": 0.33942810403136203, "max_depth": 9.323073168258958, "n_estimators": 84.55446707046526}, "datetime": {"datetime": "2021-09-27 18:57:25", "elapsed": 540.569228, "delta": 3.296778}}
{"target": -12.329354656145009, "params": {"eta": 0.4678831158828147, "max_depth": 8.792323890049138, "n_estimators": 51.741589350247246}, "datetime": {"datetime": "2021-09-27 18:57:27", "elapsed": 542.839195, "delta": 2.269967}}
{"target": -12.732643931318814, "params": {"eta": 0.23938919447203333, "max_depth": 23.75515301807476, "n_estimators": 66.89058126284374}, "datetime": {"datetime": "2021-09-27 18:57:30", "elapsed": 545.862365, "delta": 3.02317}}
{"target": -11.504217473523678, "params": {"eta": 0.22371314206718823, "max_depth": 3.2812634369559563, "n_estimators": 83.41779840839001}, "datetime": {"datetime": "2021-09-27 18:57:33", "elapsed": 548.39474, "delta": 2.532375}}
{"target": -11.509490304753967, "params": {"eta": 0.13604277930022893, "max_depth": 18.087670106905644, "n_estimators": 79.95046472012935}, "datetime": {"datetime": "2021-09-27 18:57:36", "elapsed": 551.548715, "delta": 3.153975}}
{"target": -11.37305861533355, "params": {"eta": 0.05410901610151292, "max_depth": 7.686222261652487, "n_estimators": 86.00617315946837}, "datetime": {"datetime": "2021-09-27 18:57:38", "elapsed": 553.974242, "delta": 2.425527}}
{"target": -11.715553266065651, "params": {"eta": 0.3741093819362298, "max_depth": 24.71991569902184, "n_estimators": 78.76897217162855}, "datetime": {"datetime": "2021-09-27 18:57:41", "elapsed": 556.677451, "delta": 2.703209}}
{"target": -11.540143212812533, "params": {"eta": 0.18739612517138537, "max_depth": 9.422921687664243, "n_estimators": 75.89932940494155}, "datetime": {"datetime": "2021-09-27 18:57:45", "elapsed": 560.757554, "delta": 4.080103}}
{"target": -11.002628598225765, "params": {"eta": 0.12301725944466893, "max_depth": 5.793771664724428, "n_estimators": 78.74543051724683}, "datetime": {"datetime": "2021-09-27 18:57:49", "elapsed": 564.090557, "delta": 3.333003}}
{"target": -11.587243016870966, "params": {"eta": 0.43498614242418787, "max_depth": 13.313347560806026, "n_estimators": 73.5268467034283}, "datetime": {"datetime": "2021-09-27 18:57:51", "elapsed": 566.611126, "delta": 2.520569}}
{"target": -11.687189483665806, "params": {"eta": 0.3673178104502894, "max_depth": 27.136240994162396, "n_estimators": 86.15031311421743}, "datetime": {"datetime": "2021-09-27 18:57:53", "elapsed": 568.655095, "delta": 2.043969}}
{"target": -12.16648656638923, "params": {"eta": 0.47717389896487594, "max_depth": 15.509784933640791, "n_estimators": 86.18240461865281}, "datetime": {"datetime": "2021-09-27 18:57:55", "elapsed": 570.867385, "delta": 2.21229}}
{"target": -11.47715109392844, "params": {"eta": 0.1889727858480988, "max_depth": 5.876744259322888, "n_estimators": 78.7250655313056}, "datetime": {"datetime": "2021-09-27 18:57:58", "elapsed": 573.86925, "delta": 3.001865}}
{"target": -12.547392995344556, "params": {"eta": 0.40106971498583976, "max_depth": 11.620772869889445, "n_estimators": 60.63492668003763}, "datetime": {"datetime": "2021-09-27 18:58:00", "elapsed": 575.946766, "delta": 2.077516}}
{"target": -11.485960239444463, "params": {"eta": 0.18690864099525706, "max_depth": 3.4764644201463772, "n_estimators": 83.39354004541948}, "datetime": {"datetime": "2021-09-27 18:58:04", "elapsed": 579.448394, "delta": 3.501628}}
{"target": -11.533091325803586, "params": {"eta": 0.22131385313110224, "max_depth": 5.747587042794741, "n_estimators": 78.7037455520539}, "datetime": {"datetime": "2021-09-27 18:58:06", "elapsed": 581.92635, "delta": 2.477956}}
{"target": -11.55293483120207, "params": {"eta": 0.13210227613283015, "max_depth": 19.358777451242805, "n_estimators": 70.92524890070152}, "datetime": {"datetime": "2021-09-27 18:58:10", "elapsed": 585.525199, "delta": 3.598849}}
{"target": -11.746016465136618, "params": {"eta": 0.36570678985854566, "max_depth": 16.99021987013506, "n_estimators": 75.18160554061711}, "datetime": {"datetime": "2021-09-27 18:58:13", "elapsed": 588.545783, "delta": 3.020584}}
{"target": -12.025759886861243, "params": {"eta": 0.33129361444536143, "max_depth": 21.616385472953965, "n_estimators": 70.9072622017302}, "datetime": {"datetime": "2021-09-27 18:58:15", "elapsed": 590.835779, "delta": 2.289996}}
{"target": -12.790993262446356, "params": {"eta": 0.40376934849609836, "max_depth": 23.589286637344877, "n_estimators": 72.1891738808486}, "datetime": {"datetime": "2021-09-27 18:58:17", "elapsed": 592.978418, "delta": 2.142639}}
{"target": -11.206765050135264, "params": {"eta": 0.0687068260221313, "max_depth": 8.777742045293763, "n_estimators": 79.25039725477248}, "datetime": {"datetime": "2021-09-27 18:58:21", "elapsed": 596.040595, "delta": 3.062177}}
{"target": -12.021911819339435, "params": {"eta": 0.28815702032397106, "max_depth": 5.337920554348933, "n_estimators": 59.42189050843466}, "datetime": {"datetime": "2021-09-27 18:58:24", "elapsed": 599.131912, "delta": 3.091317}}
{"target": -12.015973091006469, "params": {"eta": 0.43347497859714457, "max_depth": 19.71326273587436, "n_estimators": 67.31573300591424}, "datetime": {"datetime": "2021-09-27 18:58:26", "elapsed": 601.272703, "delta": 2.140791}}
{"target": -12.609114981151581, "params": {"eta": 0.495616588407438, "max_depth": 7.154760672587275, "n_estimators": 59.61699765565748}, "datetime": {"datetime": "2021-09-27 18:58:29", "elapsed": 604.182763, "delta": 2.91006}}
{"target": -12.254828666311852, "params": {"eta": 0.4612602584248309, "max_depth": 12.069330510492113, "n_estimators": 55.329787872255274}, "datetime": {"datetime": "2021-09-27 18:58:31", "elapsed": 606.071788, "delta": 1.889025}}
{"target": -11.73024480936025, "params": {"eta": 0.1272468170119053, "max_depth": 29.94976547928753, "n_estimators": 68.38006082026077}, "datetime": {"datetime": "2021-09-27 18:58:33", "elapsed": 608.213011, "delta": 2.141223}}
{"target": -11.175919314582506, "params": {"eta": 0.07520123242876187, "max_depth": 5.2788728574392225, "n_estimators": 84.2376580445453}, "datetime": {"datetime": "2021-09-27 18:58:35", "elapsed": 610.124758, "delta": 1.911747}}
{"target": -11.0289660270913, "params": {"eta": 0.09873522462194112, "max_depth": 5.807745664223872, "n_estimators": 78.59383775683767}, "datetime": {"datetime": "2021-09-27 18:58:38", "elapsed": 613.762322, "delta": 3.637564}}
{"target": -12.138923663740169, "params": {"eta": 0.26758479688582315, "max_depth": 6.368512362220982, "n_estimators": 77.92695249457358}, "datetime": {"datetime": "2021-09-27 18:58:42", "elapsed": 617.001537, "delta": 3.239215}}
{"target": -11.242565763096698, "params": {"eta": 0.1359623143061172, "max_depth": 6.863095672068191, "n_estimators": 77.93012675894336}, "datetime": {"datetime": "2021-09-27 18:58:44", "elapsed": 619.599503, "delta": 2.597966}}
{"target": -11.583593833098593, "params": {"eta": 0.14480969269970356, "max_depth": 23.349257206171455, "n_estimators": 79.0434581508237}, "datetime": {"datetime": "2021-09-27 18:58:46", "elapsed": 621.658281, "delta": 2.058778}}
{"target": -12.273863523935576, "params": {"eta": 0.2449119997382162, "max_depth": 25.93337497104885, "n_estimators": 64.85159434960832}, "datetime": {"datetime": "2021-09-27 18:58:48", "elapsed": 623.664041, "delta": 2.00576}}
{"target": -11.27888621122164, "params": {"eta": 0.18484201917610005, "max_depth": 6.317368757564265, "n_estimators": 77.7533972740014}, "datetime": {"datetime": "2021-09-27 18:58:51", "elapsed": 626.132775, "delta": 2.468734}}
{"target": -11.566280145586328, "params": {"eta": 0.2656913534457501, "max_depth": 5.758638293172859, "n_estimators": 69.70700963038084}, "datetime": {"datetime": "2021-09-27 18:58:53", "elapsed": 628.730859, "delta": 2.598084}}
{"target": -11.264422774267645, "params": {"eta": 0.07198370717716102, "max_depth": 5.650102786650616, "n_estimators": 78.60179170334595}, "datetime": {"datetime": "2021-09-27 18:58:57", "elapsed": 632.703069, "delta": 3.97221}}
{"target": -12.05915513120896, "params": {"eta": 0.12940268593782195, "max_depth": 16.065644032228107, "n_estimators": 89.03540724304668}, "datetime": {"datetime": "2021-09-27 18:59:00", "elapsed": 635.159805, "delta": 2.456736}}
{"target": -11.517834028073079, "params": {"eta": 0.13032120490847457, "max_depth": 6.462071145016517, "n_estimators": 76.79970715375212}, "datetime": {"datetime": "2021-09-27 18:59:03", "elapsed": 638.920551, "delta": 3.760746}}
{"target": -11.906934847663393, "params": {"eta": 0.25361708036540215, "max_depth": 5.280731035023721, "n_estimators": 98.85295812005909}, "datetime": {"datetime": "2021-09-27 18:59:07", "elapsed": 642.292712, "delta": 3.372161}}
{"target": -10.821422106978126, "params": {"eta": 0.183357064799537, "max_depth": 5.276576559445824, "n_estimators": 99.1938778000823}, "datetime": {"datetime": "2021-09-27 18:59:09", "elapsed": 644.085955, "delta": 1.793243}}
{"target": -11.873342951605226, "params": {"eta": 0.2903006371697556, "max_depth": 5.806080704001333, "n_estimators": 50.53419012379094}, "datetime": {"datetime": "2021-09-27 18:59:11", "elapsed": 646.989549, "delta": 2.903594}}
{"target": -11.473107575471678, "params": {"eta": 0.05285397230528874, "max_depth": 14.25942387597396, "n_estimators": 82.13550594148555}, "datetime": {"datetime": "2021-09-27 18:59:14", "elapsed": 649.38741, "delta": 2.397861}}
{"target": -12.213168243360032, "params": {"eta": 0.22584382604503134, "max_depth": 4.737704834641152, "n_estimators": 88.2312949386932}, "datetime": {"datetime": "2021-09-27 18:59:16", "elapsed": 651.526411, "delta": 2.139001}}
{"target": -13.928252439667013, "params": {"eta": 0.3281993529023378, "max_depth": 1.7674335704099715, "n_estimators": 85.60121891240462}, "datetime": {"datetime": "2021-09-27 18:59:18", "elapsed": 653.235304, "delta": 1.708893}}
{"target": -12.3635564826815, "params": {"eta": 0.17077114383752018, "max_depth": 25.202376194732725, "n_estimators": 64.58157495311706}, "datetime": {"datetime": "2021-09-27 18:59:20", "elapsed": 655.68787, "delta": 2.452566}}
{"target": -11.495470738612195, "params": {"eta": 0.08872475565867807, "max_depth": 5.884527531504154, "n_estimators": 78.72394992567916}, "datetime": {"datetime": "2021-09-27 18:59:25", "elapsed": 660.038215, "delta": 4.350345}}
{"target": -10.96597585988018, "params": {"eta": 0.16066354938492486, "max_depth": 5.366792087319001, "n_estimators": 99.04030383598442}, "datetime": {"datetime": "2021-09-27 18:59:28", "elapsed": 663.560207, "delta": 3.521992}}
{"target": -11.434610117026763, "params": {"eta": 0.09071888815553603, "max_depth": 5.720151265221816, "n_estimators": 78.81210678732373}, "datetime": {"datetime": "2021-09-27 18:59:31", "elapsed": 666.491758, "delta": 2.931551}}
{"target": -12.293339936198603, "params": {"eta": 0.21600349741507457, "max_depth": 9.75408601097023, "n_estimators": 87.02093491107675}, "datetime": {"datetime": "2021-09-27 18:59:33", "elapsed": 668.695946, "delta": 2.204188}}
{"target": -12.291941632628662, "params": {"eta": 0.15840737666943436, "max_depth": 26.378935838754604, "n_estimators": 63.55150993478746}, "datetime": {"datetime": "2021-09-27 18:59:35", "elapsed": 670.9414, "delta": 2.245454}}
{"target": -11.464310170495654, "params": {"eta": 0.23349829401651295, "max_depth": 5.166766663875261, "n_estimators": 59.53577199263129}, "datetime": {"datetime": "2021-09-27 18:59:39", "elapsed": 674.639489, "delta": 3.698089}}
{"target": -12.815896885151586, "params": {"eta": 0.49984831437857075, "max_depth": 13.323294923842278, "n_estimators": 82.73662529770681}, "datetime": {"datetime": "2021-09-27 18:59:41", "elapsed": 676.749494, "delta": 2.110005}}
{"target": -12.742653175940557, "params": {"eta": 0.4746999136458228, "max_depth": 15.60805324178582, "n_estimators": 93.72364448268328}, "datetime": {"datetime": "2021-09-27 18:59:44", "elapsed": 679.201529, "delta": 2.452035}}
{"target": -11.591759740287385, "params": {"eta": 0.06086181691303258, "max_depth": 14.242088228513351, "n_estimators": 95.53311554021042}, "datetime": {"datetime": "2021-09-27 18:59:47", "elapsed": 682.003688, "delta": 2.802159}}
{"target": -12.164501824884978, "params": {"eta": 0.45322492583049084, "max_depth": 7.883140007660209, "n_estimators": 60.68948989296158}, "datetime": {"datetime": "2021-09-27 18:59:50", "elapsed": 685.153174, "delta": 3.149486}}
{"target": -11.231823846831022, "params": {"eta": 0.1154704554244575, "max_depth": 5.401402165878864, "n_estimators": 99.13992724365417}, "datetime": {"datetime": "2021-09-27 18:59:53", "elapsed": 688.03895, "delta": 2.885776}}
{"target": -11.733223755344598, "params": {"eta": 0.29513791366899367, "max_depth": 5.424674585250731, "n_estimators": 99.05365985051435}, "datetime": {"datetime": "2021-09-27 18:59:55", "elapsed": 690.974574, "delta": 2.935624}}
{"target": -11.906367878706883, "params": {"eta": 0.35442336059637364, "max_depth": 5.229605275596171, "n_estimators": 99.23910723553837}, "datetime": {"datetime": "2021-09-27 18:59:58", "elapsed": 693.283165, "delta": 2.308591}}
{"target": -11.257166445226474, "params": {"eta": 0.17376848779499868, "max_depth": 6.64595644475466, "n_estimators": 77.898353649916}, "datetime": {"datetime": "2021-09-27 19:00:01", "elapsed": 696.227283, "delta": 2.944118}}
{"target": -12.974157080558246, "params": {"eta": 0.48399872069743455, "max_depth": 12.383295723191779, "n_estimators": 64.69162018846212}, "datetime": {"datetime": "2021-09-27 19:00:03", "elapsed": 698.009443, "delta": 1.78216}}
{"target": -11.81631054821732, "params": {"eta": 0.17384928688762746, "max_depth": 29.2764193822633, "n_estimators": 52.930607904929424}, "datetime": {"datetime": "2021-09-27 19:00:05", "elapsed": 700.119422, "delta": 2.109979}}
{"target": -13.899944607301778, "params": {"eta": 0.4239172097725439, "max_depth": 1.3165181454139034, "n_estimators": 57.91733850832949}, "datetime": {"datetime": "2021-09-27 19:00:07", "elapsed": 702.325653, "delta": 2.206231}}
{"target": -11.754924495306318, "params": {"eta": 0.31030265199007107, "max_depth": 17.100945924971732, "n_estimators": 88.86057384350666}, "datetime": {"datetime": "2021-09-27 19:00:09", "elapsed": 704.483985, "delta": 2.158332}}
