{"target": -3.0940546606716355, "params": {"eta": 0.1497261390569406, "max_depth": 6.13186122664052, "n_estimators": 16.9874448472461}, "datetime": {"datetime": "2021-09-17 10:13:21", "elapsed": 393.184763, "delta": 2.074041}}
{"target": -3.0121123313903806, "params": {"eta": 0.625036648330606, "max_depth": 6.259538261051957, "n_estimators": 16.67063828801326}, "datetime": {"datetime": "2021-09-17 10:13:23", "elapsed": 395.086138, "delta": 1.901375}}
{"target": -2.6828770417916146, "params": {"eta": 0.45854036966352757, "max_depth": 4.995832429839572, "n_estimators": 10.674583943216886}, "datetime": {"datetime": "2021-09-17 10:13:25", "elapsed": 397.571254, "delta": 2.485116}}
{"target": -2.500753903388977, "params": {"eta": 0.33526901686145455, "max_depth": 7.339320032113799, "n_estimators": 15.06709116366575}, "datetime": {"datetime": "2021-09-17 10:13:27", "elapsed": 399.685579, "delta": 2.114325}}
{"target": -2.7803563212093554, "params": {"eta": 0.5062685508775477, "max_depth": 7.415228541685889, "n_estimators": 15.238214074848216}, "datetime": {"datetime": "2021-09-17 10:13:31", "elapsed": 402.818209, "delta": 3.13263}}
{"target": -2.5440267349544325, "params": {"eta": 0.2539308865188821, "max_depth": 7.647497002413024, "n_estimators": 15.115961860788575}, "datetime": {"datetime": "2021-09-17 10:13:34", "elapsed": 406.200431, "delta": 3.382222}}
{"target": -5.288607045851256, "params": {"eta": 0.10285437587565505, "max_depth": 7.389522272286238, "n_estimators": 15.095990472552822}, "datetime": {"datetime": "2021-09-17 10:13:36", "elapsed": 408.28465, "delta": 2.084219}}
{"target": -2.8832207158992165, "params": {"eta": 0.6582953212674829, "max_depth": 9.362441129255517, "n_estimators": 17.122818304632702}, "datetime": {"datetime": "2021-09-17 10:13:37", "elapsed": 409.63154, "delta": 1.34689}}
{"target": -2.753643572330475, "params": {"eta": 0.536930195255386, "max_depth": 7.3041061833601475, "n_estimators": 14.99934942653719}, "datetime": {"datetime": "2021-09-17 10:13:40", "elapsed": 412.031531, "delta": 2.399991}}
{"target": -2.509049547973432, "params": {"eta": 0.27362923656581833, "max_depth": 7.732976507826945, "n_estimators": 15.307199421656037}, "datetime": {"datetime": "2021-09-17 10:13:42", "elapsed": 414.40292, "delta": 2.371389}}
{"target": -2.6503009865158482, "params": {"eta": 0.45072597363631806, "max_depth": 7.617305673279569, "n_estimators": 15.017248467932797}, "datetime": {"datetime": "2021-09-17 10:13:44", "elapsed": 416.642956, "delta": 2.240036}}
{"target": -2.6169484671793484, "params": {"eta": 0.48722249339009194, "max_depth": 9.062786462798826, "n_estimators": 11.974508617270141}, "datetime": {"datetime": "2021-09-17 10:13:46", "elapsed": 417.957143, "delta": 1.314187}}
{"target": -2.6215059939183685, "params": {"eta": 0.2850834422249525, "max_depth": 7.93700926656855, "n_estimators": 15.049494232188856}, "datetime": {"datetime": "2021-09-17 10:13:48", "elapsed": 420.306348, "delta": 2.349205}}
{"target": -2.8614845439007404, "params": {"eta": 0.32631848001314734, "max_depth": 3.9753670426254804, "n_estimators": 16.6657355092894}, "datetime": {"datetime": "2021-09-17 10:13:49", "elapsed": 421.530249, "delta": 1.223901}}
{"target": -2.4658496210449616, "params": {"eta": 0.2822809212302781, "max_depth": 6.302770815907545, "n_estimators": 16.458279602068366}, "datetime": {"datetime": "2021-09-17 10:13:52", "elapsed": 423.880536, "delta": 2.350287}}
{"target": -2.5682443788177087, "params": {"eta": 0.42101889550019744, "max_depth": 7.976951992035838, "n_estimators": 15.358912859157819}, "datetime": {"datetime": "2021-09-17 10:13:54", "elapsed": 426.025602, "delta": 2.145066}}
{"target": -4.207306819213064, "params": {"eta": 0.12329335791859915, "max_depth": 8.02458137604563, "n_estimators": 15.313963633770145}, "datetime": {"datetime": "2021-09-17 10:13:56", "elapsed": 428.387442, "delta": 2.36184}}
{"target": -2.5962071111327725, "params": {"eta": 0.4979619918690429, "max_depth": 7.7356951657123325, "n_estimators": 15.213441310604413}, "datetime": {"datetime": "2021-09-17 10:13:58", "elapsed": 430.70707, "delta": 2.319628}}
{"target": -3.796019451241744, "params": {"eta": 0.19823773624395383, "max_depth": 1.915587277740558, "n_estimators": 14.78851232973436}, "datetime": {"datetime": "2021-09-17 10:14:00", "elapsed": 431.994979, "delta": 1.287909}}
{"target": -2.926673635056144, "params": {"eta": 0.5865568610612188, "max_depth": 7.842272801793716, "n_estimators": 15.533853007528837}, "datetime": {"datetime": "2021-09-17 10:14:03", "elapsed": 435.243207, "delta": 3.248228}}
{"target": -2.922201540595607, "params": {"eta": 0.6465717764855771, "max_depth": 8.06344324927305, "n_estimators": 15.198801315136803}, "datetime": {"datetime": "2021-09-17 10:14:06", "elapsed": 438.485142, "delta": 3.241935}}
{"target": -2.6976824716517798, "params": {"eta": 0.4890123548671312, "max_depth": 8.729987588739029, "n_estimators": 11.817896274076956}, "datetime": {"datetime": "2021-09-17 10:14:08", "elapsed": 440.653303, "delta": 2.168161}}
{"target": -2.574330533178229, "params": {"eta": 0.35828403529319797, "max_depth": 5.725372472237693, "n_estimators": 15.998517289457274}, "datetime": {"datetime": "2021-09-17 10:14:11", "elapsed": 443.202786, "delta": 2.549483}}
{"target": -2.7116044377025803, "params": {"eta": 0.48711046516866746, "max_depth": 8.777376992168518, "n_estimators": 12.176147296928262}, "datetime": {"datetime": "2021-09-17 10:14:14", "elapsed": 446.537056, "delta": 3.33427}}
{"target": -4.456014153204467, "params": {"eta": 0.11074772573304532, "max_depth": 6.050802663265952, "n_estimators": 16.40640714717111}, "datetime": {"datetime": "2021-09-17 10:14:17", "elapsed": 449.093726, "delta": 2.55667}}
{"target": -2.6044099682255797, "params": {"eta": 0.4713774786846241, "max_depth": 5.561824998139365, "n_estimators": 16.19057298785351}, "datetime": {"datetime": "2021-09-17 10:14:20", "elapsed": 452.025193, "delta": 2.931467}}
{"target": -3.009191992408351, "params": {"eta": 0.22210577083775607, "max_depth": 8.905007435908866, "n_estimators": 12.067707088221486}, "datetime": {"datetime": "2021-09-17 10:14:23", "elapsed": 455.024992, "delta": 2.999799}}
{"target": -2.655619177692815, "params": {"eta": 0.22144430173458804, "max_depth": 5.554196762286137, "n_estimators": 16.360758030553463}, "datetime": {"datetime": "2021-09-17 10:14:25", "elapsed": 457.469222, "delta": 2.44423}}
{"target": -2.5777911399540145, "params": {"eta": 0.26110904689245956, "max_depth": 6.004569273565247, "n_estimators": 16.52421912033919}, "datetime": {"datetime": "2021-09-17 10:14:27", "elapsed": 458.873589, "delta": 1.404367}}
{"target": -2.5077594913934402, "params": {"eta": 0.4262683461876673, "max_depth": 7.118435987941961, "n_estimators": 15.180876316267279}, "datetime": {"datetime": "2021-09-17 10:14:29", "elapsed": 461.394831, "delta": 2.521242}}
{"target": -3.0174393547208687, "params": {"eta": 0.20771231296071502, "max_depth": 8.507400474276025, "n_estimators": 13.124378587700875}, "datetime": {"datetime": "2021-09-17 10:14:31", "elapsed": 462.793443, "delta": 1.398612}}
{"target": -2.8697511632191506, "params": {"eta": 0.6803273489340584, "max_depth": 5.718792982306321, "n_estimators": 15.94968133946372}, "datetime": {"datetime": "2021-09-17 10:14:33", "elapsed": 464.885574, "delta": 2.092131}}
{"target": -2.570408934668491, "params": {"eta": 0.40993761009013274, "max_depth": 7.008904281646848, "n_estimators": 14.916487318453228}, "datetime": {"datetime": "2021-09-17 10:14:35", "elapsed": 467.441204, "delta": 2.55563}}
{"target": -2.9200312018394468, "params": {"eta": 0.6219700781243579, "max_depth": 6.902360586631287, "n_estimators": 15.050308648256419}, "datetime": {"datetime": "2021-09-17 10:14:37", "elapsed": 469.732553, "delta": 2.291349}}
{"target": -3.1596582368800514, "params": {"eta": 0.15607137033685592, "max_depth": 4.66920611876953, "n_estimators": 15.598576692942952}, "datetime": {"datetime": "2021-09-17 10:14:40", "elapsed": 471.967274, "delta": 2.234721}}
{"target": -2.865427288256193, "params": {"eta": 0.6485756415118676, "max_depth": 3.8791010266762256, "n_estimators": 17.29028502265484}, "datetime": {"datetime": "2021-09-17 10:14:42", "elapsed": 474.395952, "delta": 2.428678}}
{"target": -5.243477818840428, "params": {"eta": 0.11089655713646634, "max_depth": 4.963120775661063, "n_estimators": 14.656021322062806}, "datetime": {"datetime": "2021-09-17 10:14:43", "elapsed": 475.716882, "delta": 1.32093}}
{"target": -3.0664511235136738, "params": {"eta": 0.2224008117951774, "max_depth": 5.478033855072622, "n_estimators": 11.013507250070123}, "datetime": {"datetime": "2021-09-17 10:14:45", "elapsed": 477.161372, "delta": 1.44449}}
{"target": -2.9554306381627136, "params": {"eta": 0.6462578738441231, "max_depth": 8.983070096419357, "n_estimators": 11.728949039677165}, "datetime": {"datetime": "2021-09-17 10:14:47", "elapsed": 479.386093, "delta": 2.224721}}
{"target": -2.6838654806739406, "params": {"eta": 0.4550784377023218, "max_depth": 7.850679070505976, "n_estimators": 17.347719713722267}, "datetime": {"datetime": "2021-09-17 10:14:49", "elapsed": 481.639592, "delta": 2.253499}}
{"target": -12.665655570281178, "params": {"eta": 0.47531980423231657, "max_depth": 11.084542908190214, "n_estimators": 1.001944371894863}, "datetime": {"datetime": "2021-09-17 10:43:22", "elapsed": 0.0, "delta": 0.0}}
{"target": -9.697350466878792, "params": {"eta": 0.3720993153686558, "max_depth": 3.0545824714395824, "n_estimators": 2.5697561110695624}, "datetime": {"datetime": "2021-09-17 10:43:22", "elapsed": 0.026012, "delta": 0.026012}}
{"target": -3.7797258433542744, "params": {"eta": 0.2676341902399038, "max_depth": 5.837850178602668, "n_estimators": 7.7450470619213885}, "datetime": {"datetime": "2021-09-17 10:43:22", "elapsed": 0.064002, "delta": 0.03799}}
{"target": -2.771892200959356, "params": {"eta": 0.5849350606030213, "max_depth": 6.8687232016461275, "n_estimators": 12.64873150674491}, "datetime": {"datetime": "2021-09-17 10:43:22", "elapsed": 0.117997, "delta": 0.053995}}
{"target": -16.815120909088538, "params": {"eta": 0.2840070247583657, "max_depth": 13.293644109473236, "n_estimators": 1.4655890843647448}, "datetime": {"datetime": "2021-09-17 10:43:22", "elapsed": 0.142995, "delta": 0.024998}}
{"target": -2.873036949885519, "params": {"eta": 0.703420759160562, "max_depth": 6.842267233139777, "n_estimators": 10.497727083577779}, "datetime": {"datetime": "2021-09-17 10:43:22", "elapsed": 0.189995, "delta": 0.047}}
{"target": -2.8448432809428166, "params": {"eta": 0.2263482447357104, "max_depth": 3.7734208471883033, "n_estimators": 14.612657667484124}, "datetime": {"datetime": "2021-09-17 10:43:22", "elapsed": 0.230997, "delta": 0.041002}}
{"target": -3.1598370523829207, "params": {"eta": 0.9714354181474578, "max_depth": 5.3879384942294, "n_estimators": 12.769484466378339}, "datetime": {"datetime": "2021-09-17 10:43:22", "elapsed": 0.295995, "delta": 0.064998}}
{"target": -3.615471987347854, "params": {"eta": 0.8887502370664345, "max_depth": 13.524493289053863, "n_estimators": 2.4457515932862246}, "datetime": {"datetime": "2021-09-17 10:43:22", "elapsed": 0.327997, "delta": 0.032002}}
{"target": -3.762998888367101, "params": {"eta": 0.13514930490959415, "max_depth": 3.3776258739039644, "n_estimators": 15.928422558300023}, "datetime": {"datetime": "2021-09-17 10:43:22", "elapsed": 0.368995, "delta": 0.040998}}
{"target": -2.5201226215613515, "params": {"eta": 0.43825634268790004, "max_depth": 12.058299490364359, "n_estimators": 14.165597335619886}, "datetime": {"datetime": "2021-09-17 10:43:23", "elapsed": 0.592997, "delta": 0.224002}}
{"target": -3.498520150937532, "params": {"eta": 0.5790681282856756, "max_depth": 12.023376123240853, "n_estimators": 3.9732961712727146}, "datetime": {"datetime": "2021-09-17 10:43:23", "elapsed": 0.746998, "delta": 0.154001}}
{"target": -2.8093362507067225, "params": {"eta": 0.6362600005563869, "max_depth": 4.654348716209357, "n_estimators": 13.694392252290484}, "datetime": {"datetime": "2021-09-17 10:43:23", "elapsed": 0.922998, "delta": 0.176}}
{"target": -2.8165599258322462, "params": {"eta": 0.30476338120420254, "max_depth": 3.1782599634350444, "n_estimators": 17.104158668311843}, "datetime": {"datetime": "2021-09-17 10:43:23", "elapsed": 1.207378, "delta": 0.28438}}
{"target": -3.3950854458306967, "params": {"eta": 0.7536304466930982, "max_depth": 11.200568193909687, "n_estimators": 4.309696536898679}, "datetime": {"datetime": "2021-09-17 10:43:23", "elapsed": 1.395383, "delta": 0.188005}}
{"target": -3.2867973710361276, "params": {"eta": 1.0, "max_depth": 13.929907198777203, "n_estimators": 3.6750747305692584}, "datetime": {"datetime": "2021-09-17 10:43:24", "elapsed": 2.088006, "delta": 0.692623}}
{"target": -5.9919462699639165, "params": {"eta": 0.1, "max_depth": 6.178155246171265, "n_estimators": 14.388381918281723}, "datetime": {"datetime": "2021-09-17 10:43:25", "elapsed": 2.899011, "delta": 0.811005}}
{"target": -7.853016633109043, "params": {"eta": 0.1, "max_depth": 5.745999175735208, "n_estimators": 11.428871528447997}, "datetime": {"datetime": "2021-09-17 10:43:25", "elapsed": 3.394372, "delta": 0.495361}}
{"target": -3.1748301822888223, "params": {"eta": 0.7573259323521689, "max_depth": 4.161832969530277, "n_estimators": 14.249582546426158}, "datetime": {"datetime": "2021-09-17 10:43:26", "elapsed": 3.910353, "delta": 0.515981}}
{"target": -3.5424233787938166, "params": {"eta": 1.0, "max_depth": 8.090183305950845, "n_estimators": 11.514101559817247}, "datetime": {"datetime": "2021-09-17 10:43:26", "elapsed": 4.462354, "delta": 0.552001}}
{"target": -3.4450184175842686, "params": {"eta": 1.0, "max_depth": 7.704567349617828, "n_estimators": 9.1832643939363}, "datetime": {"datetime": "2021-09-17 10:43:27", "elapsed": 4.984351, "delta": 0.521997}}
{"target": -2.8390517485769173, "params": {"eta": 0.560230412014515, "max_depth": 10.544583056509737, "n_estimators": 13.452586376707881}, "datetime": {"datetime": "2021-09-17 10:43:28", "elapsed": 5.64806, "delta": 0.663709}}
{"target": -2.7386527983765854, "params": {"eta": 0.3901344404132212, "max_depth": 12.045082745528488, "n_estimators": 12.454665890874075}, "datetime": {"datetime": "2021-09-17 10:43:28", "elapsed": 6.361056, "delta": 0.712996}}
{"target": -3.347966499705064, "params": {"eta": 1.0, "max_depth": 13.547063786194473, "n_estimators": 13.349085948944664}, "datetime": {"datetime": "2021-09-17 10:43:29", "elapsed": 7.051156, "delta": 0.6901}}
{"target": -3.443182051181793, "params": {"eta": 1.0, "max_depth": 10.741148036195758, "n_estimators": 15.325522789849833}, "datetime": {"datetime": "2021-09-17 10:43:30", "elapsed": 7.670901, "delta": 0.619745}}
{"target": -3.546052533074429, "params": {"eta": 1.0, "max_depth": 8.561898487921294, "n_estimators": 13.54770115439615}, "datetime": {"datetime": "2021-09-17 10:43:30", "elapsed": 8.207901, "delta": 0.537}}
{"target": -3.7190958939100565, "params": {"eta": 0.17642533240579006, "max_depth": 2.78468816112248, "n_estimators": 13.117147739857833}, "datetime": {"datetime": "2021-09-17 10:43:31", "elapsed": 8.608901, "delta": 0.401}}
{"target": -7.87996454364375, "params": {"eta": 0.1, "max_depth": 10.348401368320014, "n_estimators": 11.533775626648726}, "datetime": {"datetime": "2021-09-17 10:43:31", "elapsed": 8.996896, "delta": 0.387995}}
{"target": -3.3479308467162285, "params": {"eta": 1.0, "max_depth": 13.02342206384391, "n_estimators": 15.502318790634089}, "datetime": {"datetime": "2021-09-17 10:43:32", "elapsed": 9.557435, "delta": 0.560539}}
{"target": -3.142136017899764, "params": {"eta": 0.7933906700979738, "max_depth": 1.5591053845414187, "n_estimators": 17.1845352733643}, "datetime": {"datetime": "2021-09-17 10:43:32", "elapsed": 10.011433, "delta": 0.453998}}
{"target": -3.273648220614383, "params": {"eta": 1.0, "max_depth": 1.7623516808110486, "n_estimators": 15.084369181347407}, "datetime": {"datetime": "2021-09-17 10:43:33", "elapsed": 10.550435, "delta": 0.539002}}
{"target": -2.680849990719243, "params": {"eta": 0.30476372022651055, "max_depth": 13.620045082466293, "n_estimators": 11.589579956384663}, "datetime": {"datetime": "2021-09-17 10:43:33", "elapsed": 11.014431, "delta": 0.463996}}
{"target": -3.17807600372716, "params": {"eta": 1.0, "max_depth": 15.0, "n_estimators": 10.728641020923517}, "datetime": {"datetime": "2021-09-17 10:43:34", "elapsed": 11.62102, "delta": 0.606589}}
{"target": -3.424374687044244, "params": {"eta": 0.8091495058593431, "max_depth": 13.360184911763788, "n_estimators": 9.89340146265972}, "datetime": {"datetime": "2021-09-17 10:43:34", "elapsed": 12.159019, "delta": 0.537999}}
{"target": -3.140871923848202, "params": {"eta": 0.7403467659875378, "max_depth": 4.549104015516549, "n_estimators": 17.990794011575105}, "datetime": {"datetime": "2021-09-17 10:43:35", "elapsed": 12.695019, "delta": 0.536}}
{"target": -2.561653775290439, "params": {"eta": 0.38525639432339853, "max_depth": 14.969211357733464, "n_estimators": 12.318034240650434}, "datetime": {"datetime": "2021-09-17 10:43:35", "elapsed": 13.193282, "delta": 0.498263}}
{"target": -6.0094417358699594, "params": {"eta": 0.1, "max_depth": 15.0, "n_estimators": 14.349617131735524}, "datetime": {"datetime": "2021-09-17 10:43:36", "elapsed": 13.64228, "delta": 0.448998}}
{"target": -5.122348023715772, "params": {"eta": 0.1, "max_depth": 11.874481088386721, "n_estimators": 16.895207045838347}, "datetime": {"datetime": "2021-09-17 10:43:36", "elapsed": 14.18128, "delta": 0.539}}
{"target": -3.2158043409648696, "params": {"eta": 1.0, "max_depth": 12.188756693382336, "n_estimators": 6.016861381372807}, "datetime": {"datetime": "2021-09-17 10:43:37", "elapsed": 14.665278, "delta": 0.483998}}
{"target": -12.604561415471528, "params": {"eta": 0.1, "max_depth": 10.486511539418933, "n_estimators": 6.200289480142742}, "datetime": {"datetime": "2021-09-17 10:43:37", "elapsed": 15.209521, "delta": 0.544243}}
{"target": -3.350150047477923, "params": {"eta": 1.0, "max_depth": 13.797980187342285, "n_estimators": 6.120229342409329}, "datetime": {"datetime": "2021-09-17 10:43:38", "elapsed": 15.766519, "delta": 0.556998}}
{"target": -3.2112698554992676, "params": {"eta": 1.0, "max_depth": 14.505213347766452, "n_estimators": 8.193295127472087}, "datetime": {"datetime": "2021-09-17 10:43:38", "elapsed": 16.421519, "delta": 0.655}}
{"target": -3.3174734661453646, "params": {"eta": 0.8582399017982975, "max_depth": 12.781427638632591, "n_estimators": 7.745700773679425}, "datetime": {"datetime": "2021-09-17 10:43:39", "elapsed": 16.941521, "delta": 0.520002}}
{"target": -6.0094417358699594, "params": {"eta": 0.1, "max_depth": 9.428849501962445, "n_estimators": 14.812727797336917}, "datetime": {"datetime": "2021-09-17 10:43:39", "elapsed": 17.401705, "delta": 0.460184}}
{"target": -2.628373046297776, "params": {"eta": 0.36734532934952135, "max_depth": 6.474604629766668, "n_estimators": 17.85159232968536}, "datetime": {"datetime": "2021-09-17 10:43:40", "elapsed": 17.821703, "delta": 0.419998}}
{"target": -5.094498346353833, "params": {"eta": 0.1, "max_depth": 5.331608942630652, "n_estimators": 16.777852044428002}, "datetime": {"datetime": "2021-09-17 10:43:40", "elapsed": 18.242705, "delta": 0.421002}}
{"target": -3.4440992825909666, "params": {"eta": 1.0, "max_depth": 7.895495999151138, "n_estimators": 18.0}, "datetime": {"datetime": "2021-09-17 10:43:41", "elapsed": 18.725701, "delta": 0.482996}}
{"target": -9.475549654584182, "params": {"eta": 0.1, "max_depth": 15.0, "n_estimators": 9.420373057349144}, "datetime": {"datetime": "2021-09-17 10:43:41", "elapsed": 19.115704, "delta": 0.390003}}
{"target": -6.570699543701974, "params": {"eta": 0.1, "max_depth": 12.828568288424188, "n_estimators": 13.19913916173766}, "datetime": {"datetime": "2021-09-17 10:43:42", "elapsed": 19.706323, "delta": 0.590619}}
{"target": -2.867582712047978, "params": {"eta": 0.4953628394683592, "max_depth": 14.430221796935331, "n_estimators": 11.72574934462885}, "datetime": {"datetime": "2021-09-17 10:43:43", "elapsed": 20.644327, "delta": 0.938004}}
{"target": -3.302388494265707, "params": {"eta": 0.9789074936734518, "max_depth": 11.56247039000459, "n_estimators": 13.46132604059097}, "datetime": {"datetime": "2021-09-17 10:43:43", "elapsed": 21.259623, "delta": 0.615296}}
{"target": -3.299279455134743, "params": {"eta": 0.9862930733368142, "max_depth": 12.562325675402535, "n_estimators": 11.336788399076761}, "datetime": {"datetime": "2021-09-17 10:43:44", "elapsed": 21.79824, "delta": 0.538617}}
{"target": -3.17378638480839, "params": {"eta": 1.0, "max_depth": 11.891925186981503, "n_estimators": 14.995839391009065}, "datetime": {"datetime": "2021-09-17 10:43:44", "elapsed": 22.343244, "delta": 0.545004}}
{"target": -5.339422628754063, "params": {"eta": 0.11189075501159271, "max_depth": 1.0878641778369662, "n_estimators": 16.056013873531832}, "datetime": {"datetime": "2021-09-17 10:43:45", "elapsed": 22.710242, "delta": 0.366998}}
{"target": -3.038830300381309, "params": {"eta": 0.9581518657425184, "max_depth": 3.105402177488086, "n_estimators": 17.946053028102032}, "datetime": {"datetime": "2021-09-17 10:43:45", "elapsed": 23.146244, "delta": 0.436002}}
{"target": -3.1736529927504686, "params": {"eta": 1.0, "max_depth": 15.0, "n_estimators": 6.908058344568385}, "datetime": {"datetime": "2021-09-17 10:43:46", "elapsed": 23.613508, "delta": 0.467264}}
{"target": -3.3777659403650384, "params": {"eta": 0.8681462795367355, "max_depth": 1.1024068896945185, "n_estimators": 13.585292807361242}, "datetime": {"datetime": "2021-09-17 10:43:46", "elapsed": 24.03651, "delta": 0.423002}}
{"target": -11.419456275513298, "params": {"eta": 0.1, "max_depth": 13.863622237519193, "n_estimators": 7.1772715080594605}, "datetime": {"datetime": "2021-09-17 10:43:47", "elapsed": 24.708508, "delta": 0.671998}}
