{"target": 0.8574094906878571, "params": {"eta": 0.1411648655011819, "max_depth": 5.555850450664284, "n_estimators": 49.048261953528225}, "datetime": {"datetime": "2021-09-21 11:13:01", "elapsed": 692.031911, "delta": 3.398886}}
{"target": 0.8051772007802654, "params": {"eta": 0.4792859018559358, "max_depth": 45.01574742724172, "n_estimators": 14.317987723736838}, "datetime": {"datetime": "2021-09-21 11:13:03", "elapsed": 694.323769, "delta": 2.291858}}
{"target": 0.8614512602949669, "params": {"eta": 0.36467864379828796, "max_depth": 46.42622927862174, "n_estimators": 47.2812213969527}, "datetime": {"datetime": "2021-09-21 11:13:06", "elapsed": 697.355051, "delta": 3.031282}}
{"target": 0.8531601926575245, "params": {"eta": 0.26977589440157, "max_depth": 14.829693590803043, "n_estimators": 45.97121689340728}, "datetime": {"datetime": "2021-09-21 11:13:11", "elapsed": 702.761946, "delta": 5.406895}}
{"target": 0.8536598729511345, "params": {"eta": 0.3683210918399019, "max_depth": 13.145056870393846, "n_estimators": 41.77624274720961}, "datetime": {"datetime": "2021-09-21 11:13:14", "elapsed": 705.261121, "delta": 2.499175}}
{"target": 0.8595326263902093, "params": {"eta": 0.11731758626032787, "max_depth": 45.418050430849554, "n_estimators": 43.15214061976999}, "datetime": {"datetime": "2021-09-21 11:13:18", "elapsed": 709.232391, "delta": 3.97127}}
{"target": 0.8645818006734112, "params": {"eta": 0.3424324009896599, "max_depth": 45.917315196021676, "n_estimators": 41.75812476690473}, "datetime": {"datetime": "2021-09-21 11:13:22", "elapsed": 713.446485, "delta": 4.214094}}
{"target": 0.8546394041617843, "params": {"eta": 0.3322662217969361, "max_depth": 29.180890882972758, "n_estimators": 43.39167763429222}, "datetime": {"datetime": "2021-09-21 11:13:25", "elapsed": 716.650216, "delta": 3.203731}}
{"target": 0.8519816764869165, "params": {"eta": 0.10032850998054804, "max_depth": 7.8461652538963635, "n_estimators": 42.845773358330604}, "datetime": {"datetime": "2021-09-21 11:13:29", "elapsed": 720.614855, "delta": 3.964639}}
{"target": 0.8426634376218678, "params": {"eta": 0.2265946637458014, "max_depth": 14.554821549210686, "n_estimators": 46.3675276426651}, "datetime": {"datetime": "2021-09-21 11:13:34", "elapsed": 724.972351, "delta": 4.357496}}
{"target": 0.8583966438006223, "params": {"eta": 0.36561807238096855, "max_depth": 30.171430493405023, "n_estimators": 43.647897569300746}, "datetime": {"datetime": "2021-09-21 11:13:39", "elapsed": 730.114825, "delta": 5.142474}}
{"target": 0.8239009247049055, "params": {"eta": 0.4854199330785408, "max_depth": 40.71020121243989, "n_estimators": 11.066933052119658}, "datetime": {"datetime": "2021-09-21 11:13:41", "elapsed": 732.848056, "delta": 2.733231}}
{"target": 0.8712835347859841, "params": {"eta": 0.19528165107332024, "max_depth": 18.064128859583146, "n_estimators": 49.697475431986405}, "datetime": {"datetime": "2021-09-21 11:13:45", "elapsed": 736.494324, "delta": 3.646268}}
{"target": 0.8678718350813593, "params": {"eta": 0.34935134732489403, "max_depth": 4.5961049275953965, "n_estimators": 29.490951072879113}, "datetime": {"datetime": "2021-09-21 11:13:47", "elapsed": 738.428905, "delta": 1.934581}}
{"target": 0.8846579392856185, "params": {"eta": 0.16308792083954832, "max_depth": 18.03216821109584, "n_estimators": 33.97373995207684}, "datetime": {"datetime": "2021-09-21 11:13:49", "elapsed": 740.781075, "delta": 2.35217}}
{"target": 0.8610732451544016, "params": {"eta": 0.375612416885887, "max_depth": 31.743808989049796, "n_estimators": 15.357264301207895}, "datetime": {"datetime": "2021-09-21 11:13:51", "elapsed": 742.659021, "delta": 1.877946}}
{"target": 0.8461829400074296, "params": {"eta": 0.32680780918961316, "max_depth": 6.461294324093735, "n_estimators": 31.141338759897835}, "datetime": {"datetime": "2021-09-21 11:13:53", "elapsed": 744.483774, "delta": 1.824753}}
{"target": 0.8578421888632551, "params": {"eta": 0.10475300071437049, "max_depth": 38.07677156940582, "n_estimators": 44.92168961752558}, "datetime": {"datetime": "2021-09-21 11:13:55", "elapsed": 746.543297, "delta": 2.059523}}
{"target": 0.8624541971560999, "params": {"eta": 0.14400241090950727, "max_depth": 32.812167242253, "n_estimators": 32.652511340406704}, "datetime": {"datetime": "2021-09-21 11:13:59", "elapsed": 750.326966, "delta": 3.783669}}
{"target": 0.858635654223379, "params": {"eta": 0.33464037615732567, "max_depth": 44.01478735250459, "n_estimators": 28.328829287007924}, "datetime": {"datetime": "2021-09-21 11:14:14", "elapsed": 765.365046, "delta": 15.03808}}
{"target": 0.803969896170831, "params": {"eta": 0.4990152040310265, "max_depth": 28.36869118980068, "n_estimators": 20.94767227712783}, "datetime": {"datetime": "2021-09-21 11:14:22", "elapsed": 773.512425, "delta": 8.147379}}
{"target": 0.8457557780794158, "params": {"eta": 0.22792031574939695, "max_depth": 18.207369585037345, "n_estimators": 34.2665269877385}, "datetime": {"datetime": "2021-09-21 11:14:26", "elapsed": 777.498686, "delta": 3.986261}}
{"target": 0.824504108275929, "params": {"eta": 0.410118402017532, "max_depth": 18.166733167801873, "n_estimators": 49.31772013666765}, "datetime": {"datetime": "2021-09-21 11:14:29", "elapsed": 780.457031, "delta": 2.958345}}
{"target": 0.8430552966411146, "params": {"eta": 0.18323888367431468, "max_depth": 30.969895829261944, "n_estimators": 22.403819505595553}, "datetime": {"datetime": "2021-09-21 11:14:32", "elapsed": 783.852509, "delta": 3.395478}}
{"target": 0.8574291443536154, "params": {"eta": 0.2145146922639586, "max_depth": 18.15110225072185, "n_estimators": 33.75910450799327}, "datetime": {"datetime": "2021-09-21 11:14:41", "elapsed": 792.578767, "delta": 8.726258}}
{"target": 0.8527151698354754, "params": {"eta": 0.24091869432194138, "max_depth": 6.684800938548716, "n_estimators": 23.30674863968358}, "datetime": {"datetime": "2021-09-21 11:14:45", "elapsed": 796.811608, "delta": 4.232841}}
{"target": 0.8672286511996845, "params": {"eta": 0.2005162193907306, "max_depth": 41.50367000373423, "n_estimators": 31.01572266102223}, "datetime": {"datetime": "2021-09-21 11:14:49", "elapsed": 800.089502, "delta": 3.277894}}
{"target": 0.7900414279050902, "params": {"eta": 0.15492098706421228, "max_depth": 22.193130091259732, "n_estimators": 15.473204980250422}, "datetime": {"datetime": "2021-09-21 11:14:52", "elapsed": 802.921007, "delta": 2.831505}}
{"target": 0.86655072095137, "params": {"eta": 0.12982236130444155, "max_depth": 15.731224769248165, "n_estimators": 39.64596595873284}, "datetime": {"datetime": "2021-09-21 11:14:56", "elapsed": 807.842822, "delta": 4.921815}}
{"target": 0.6920986946957774, "params": {"eta": 0.18296222643224375, "max_depth": 8.021353521474925, "n_estimators": 10.88342949878311}, "datetime": {"datetime": "2021-09-21 11:15:03", "elapsed": 814.571962, "delta": 6.72914}}
{"target": 0.8363255475794972, "params": {"eta": 0.309448006586029, "max_depth": 16.56954652763183, "n_estimators": 19.433031002362537}, "datetime": {"datetime": "2021-09-21 11:15:08", "elapsed": 819.385953, "delta": 4.813991}}
{"target": 0.8352929491718765, "params": {"eta": 0.10778176728433975, "max_depth": 4.622005336032278, "n_estimators": 29.241615904524394}, "datetime": {"datetime": "2021-09-21 11:15:13", "elapsed": 824.000962, "delta": 4.615009}}
{"target": 0.8405679026774346, "params": {"eta": 0.27971369815506775, "max_depth": 37.413711174229555, "n_estimators": 45.34188107533098}, "datetime": {"datetime": "2021-09-21 11:15:22", "elapsed": 833.886028, "delta": 9.885066}}
{"target": 0.8387968151063716, "params": {"eta": 0.3075682341157032, "max_depth": 17.766055236344467, "n_estimators": 33.97753644917837}, "datetime": {"datetime": "2021-09-21 11:15:28", "elapsed": 839.16539, "delta": 5.279362}}
{"target": 0.8611603550166111, "params": {"eta": 0.47598874778886713, "max_depth": 4.5440730367124695, "n_estimators": 29.84675011215032}, "datetime": {"datetime": "2021-09-21 11:15:32", "elapsed": 843.22966, "delta": 4.06427}}
{"target": 0.8401601585946188, "params": {"eta": 0.46397030398984196, "max_depth": 45.806432083695306, "n_estimators": 41.51794759457751}, "datetime": {"datetime": "2021-09-21 11:15:39", "elapsed": 850.574624, "delta": 7.344964}}
{"target": 0.8149147382443632, "params": {"eta": 0.4973452107550089, "max_depth": 33.953858800959125, "n_estimators": 17.7621556517136}, "datetime": {"datetime": "2021-09-21 11:15:44", "elapsed": 855.475888, "delta": 4.901264}}
{"target": 0.8638287032810265, "params": {"eta": 0.45806542580908405, "max_depth": 36.626555225963784, "n_estimators": 37.67162106923475}, "datetime": {"datetime": "2021-09-21 11:15:48", "elapsed": 859.688951, "delta": 4.213063}}
{"target": 0.8621204126851921, "params": {"eta": 0.36432254398413233, "max_depth": 8.422148900061233, "n_estimators": 41.887633770979036}, "datetime": {"datetime": "2021-09-21 11:15:53", "elapsed": 864.510226, "delta": 4.821275}}
{"target": 0.8500818898086858, "params": {"eta": 0.19564230690991452, "max_depth": 8.837785294519776, "n_estimators": 29.105675578503206}, "datetime": {"datetime": "2021-09-21 11:15:59", "elapsed": 870.136332, "delta": 5.626106}}
{"target": 0.8038712562761059, "params": {"eta": 0.4990417276488809, "max_depth": 35.86485662364411, "n_estimators": 40.58168165351538}, "datetime": {"datetime": "2021-09-21 11:16:02", "elapsed": 873.127312, "delta": 2.99098}}
{"target": 0.8408740442975277, "params": {"eta": 0.47249159929162843, "max_depth": 23.041388990217612, "n_estimators": 34.361077550460244}, "datetime": {"datetime": "2021-09-21 11:16:05", "elapsed": 876.064404, "delta": 2.937092}}
{"target": 0.8319871618029808, "params": {"eta": 0.23271397830628612, "max_depth": 48.25323594637825, "n_estimators": 15.669242920490532}, "datetime": {"datetime": "2021-09-21 11:16:08", "elapsed": 879.840925, "delta": 3.776521}}
{"target": 0.5788450828206282, "params": {"eta": 0.11558941249792493, "max_depth": 2.3747854408009217, "n_estimators": 15.61430999282714}, "datetime": {"datetime": "2021-09-21 11:16:11", "elapsed": 882.081507, "delta": 2.240582}}
{"target": 0.8395210439994811, "params": {"eta": 0.46152666308229817, "max_depth": 28.62192186854815, "n_estimators": 23.795859960899932}, "datetime": {"datetime": "2021-09-21 11:16:14", "elapsed": 885.671086, "delta": 3.589579}}
{"target": 0.8496657437776177, "params": {"eta": 0.13769034499591834, "max_depth": 36.71194102125628, "n_estimators": 37.78602498971614}, "datetime": {"datetime": "2021-09-21 11:16:18", "elapsed": 889.012148, "delta": 3.341062}}
{"target": 0.7746103450837867, "params": {"eta": 0.16034799733516, "max_depth": 39.87431695487879, "n_estimators": 14.415596464998206}, "datetime": {"datetime": "2021-09-21 11:16:20", "elapsed": 891.173503, "delta": 2.161355}}
{"target": 0.850603778577543, "params": {"eta": 0.32049032242316156, "max_depth": 36.25272551236846, "n_estimators": 37.67611416490381}, "datetime": {"datetime": "2021-09-21 11:16:26", "elapsed": 897.428751, "delta": 6.255248}}
{"target": 0.8498521356018132, "params": {"eta": 0.23587785231348468, "max_depth": 4.799615540526663, "n_estimators": 29.65155431312594}, "datetime": {"datetime": "2021-09-21 11:16:31", "elapsed": 902.188619, "delta": 4.759868}}
{"target": 0.8637662786999081, "params": {"eta": 0.1211104104971808, "max_depth": 10.782862478435945, "n_estimators": 34.31366811297936}, "datetime": {"datetime": "2021-09-21 11:16:50", "elapsed": 921.537152, "delta": 19.348533}}
{"target": 0.8497692985700328, "params": {"eta": 0.24933726542547469, "max_depth": 7.687352818290279, "n_estimators": 49.592933517419695}, "datetime": {"datetime": "2021-09-21 11:16:56", "elapsed": 926.964811, "delta": 5.427659}}
{"target": 0.8583284650948803, "params": {"eta": 0.3929425902246374, "max_depth": 12.264892836227597, "n_estimators": 37.488510977280264}, "datetime": {"datetime": "2021-09-21 11:17:03", "elapsed": 933.95147, "delta": 6.986659}}
{"target": 0.8543594117552129, "params": {"eta": 0.39991650523708844, "max_depth": 17.82645513220379, "n_estimators": 49.618466750684966}, "datetime": {"datetime": "2021-09-21 11:17:10", "elapsed": 941.771404, "delta": 7.819934}}
{"target": 0.863403931229235, "params": {"eta": 0.26698039048267175, "max_depth": 45.53050553776174, "n_estimators": 41.80806946149623}, "datetime": {"datetime": "2021-09-21 11:17:17", "elapsed": 948.06508, "delta": 6.293676}}
{"target": 0.8793865822259279, "params": {"eta": 0.15792873675440844, "max_depth": 18.30511132430009, "n_estimators": 49.86351169297207}, "datetime": {"datetime": "2021-09-21 11:17:23", "elapsed": 954.3887, "delta": 6.32362}}
{"target": 0.8613120086036795, "params": {"eta": 0.11837556770082024, "max_depth": 8.16539659554482, "n_estimators": 41.860510110009905}, "datetime": {"datetime": "2021-09-21 11:17:27", "elapsed": 958.492478, "delta": 4.103778}}
{"target": 0.8388137248544205, "params": {"eta": 0.4658384867126367, "max_depth": 17.479177923270207, "n_estimators": 16.471425753282762}, "datetime": {"datetime": "2021-09-21 11:17:31", "elapsed": 962.160919, "delta": 3.668441}}
{"target": 0.8572797549753989, "params": {"eta": 0.33329935140179645, "max_depth": 5.517964366289594, "n_estimators": 21.633221777106492}, "datetime": {"datetime": "2021-09-21 11:17:34", "elapsed": 965.080213, "delta": 2.919294}}
{"target": 0.8478343283382022, "params": {"eta": 0.3254863752481819, "max_depth": 36.42246324842503, "n_estimators": 37.638722758364345}, "datetime": {"datetime": "2021-09-21 11:17:40", "elapsed": 971.886683, "delta": 6.80647}}
{"target": 0.8344655506317147, "params": {"eta": 0.10312274290723625, "max_depth": 31.679307573378665, "n_estimators": 40.918271567229155}, "datetime": {"datetime": "2021-09-21 11:17:44", "elapsed": 975.7175, "delta": 3.830817}}
{"target": 0.8643434984001984, "params": {"eta": 0.3520079679064402, "max_depth": 18.239448500086688, "n_estimators": 49.70389710922051}, "datetime": {"datetime": "2021-09-21 11:17:49", "elapsed": 980.852415, "delta": 5.134915}}
{"target": 0.8505974747386631, "params": {"eta": 0.2404782775467399, "max_depth": 8.178642095228037, "n_estimators": 42.769733824819944}, "datetime": {"datetime": "2021-09-21 11:17:53", "elapsed": 984.720471, "delta": 3.868056}}
{"target": 0.83712379805226, "params": {"eta": 0.4063590026582913, "max_depth": 36.468793718050854, "n_estimators": 37.88675219779731}, "datetime": {"datetime": "2021-09-21 11:17:59", "elapsed": 990.338688, "delta": 5.618217}}
{"target": 0.8661472864836813, "params": {"eta": 0.35642677087192265, "max_depth": 8.590888014668682, "n_estimators": 34.60143535582548}, "datetime": {"datetime": "2021-09-21 11:18:02", "elapsed": 993.522157, "delta": 3.183469}}
{"target": 0.8469763740869038, "params": {"eta": 0.23147808114414398, "max_depth": 18.09894851665453, "n_estimators": 49.872487074344185}, "datetime": {"datetime": "2021-09-21 11:18:08", "elapsed": 999.604248, "delta": 6.082091}}
{"target": 0.8344539891326137, "params": {"eta": 0.29931349799033435, "max_depth": 47.4898601237062, "n_estimators": 49.73564206315447}, "datetime": {"datetime": "2021-09-21 11:18:13", "elapsed": 1004.754181, "delta": 5.149933}}
{"target": 0.8266281713266623, "params": {"eta": 0.48537806991860377, "max_depth": 11.155814069575433, "n_estimators": 33.882992327046416}, "datetime": {"datetime": "2021-09-21 11:18:19", "elapsed": 1009.916181, "delta": 5.162}}
{"target": 0.7657405611321474, "params": {"eta": 0.15360674642033337, "max_depth": 17.733462875364012, "n_estimators": 14.956551937667877}, "datetime": {"datetime": "2021-09-21 11:18:22", "elapsed": 1013.442481, "delta": 3.5263}}
{"target": 0.7915427634696162, "params": {"eta": 0.20061496031961426, "max_depth": 7.217443145343503, "n_estimators": 11.461782504803896}, "datetime": {"datetime": "2021-09-21 11:18:27", "elapsed": 1018.367377, "delta": 4.924896}}
{"target": 0.8564945752843959, "params": {"eta": 0.17208153808247412, "max_depth": 8.074719566093775, "n_estimators": 42.23839599206356}, "datetime": {"datetime": "2021-09-21 11:18:32", "elapsed": 1023.552755, "delta": 5.185378}}
{"target": 0.8603709207233997, "params": {"eta": 0.13072770576081705, "max_depth": 13.841259872383986, "n_estimators": 36.389202278051464}, "datetime": {"datetime": "2021-09-21 11:18:39", "elapsed": 1030.607175, "delta": 7.05442}}
{"target": 0.880967446983339, "params": {"eta": 0.3439654043034147, "max_depth": 7.800779856606138, "n_estimators": 30.382975925715662}, "datetime": {"datetime": "2021-09-21 11:18:43", "elapsed": 1034.371079, "delta": 3.763904}}
{"target": 0.8498111659355805, "params": {"eta": 0.42730756916039214, "max_depth": 35.94979530694559, "n_estimators": 25.34071595524378}, "datetime": {"datetime": "2021-09-21 11:18:52", "elapsed": 1043.51313, "delta": 9.142051}}
{"target": 0.8381706517029133, "params": {"eta": 0.1022693235177425, "max_depth": 28.424849031821726, "n_estimators": 46.31071961606172}, "datetime": {"datetime": "2021-09-21 11:18:58", "elapsed": 1049.372166, "delta": 5.859036}}
{"target": 0.872575512987063, "params": {"eta": 0.20205140919659859, "max_depth": 9.440909907641055, "n_estimators": 29.345112233188818}, "datetime": {"datetime": "2021-09-21 11:19:03", "elapsed": 1054.382002, "delta": 5.009836}}
{"target": 0.8644000829607821, "params": {"eta": 0.45820320867833997, "max_depth": 35.840296039682535, "n_estimators": 19.780827902098835}, "datetime": {"datetime": "2021-09-21 11:19:08", "elapsed": 1059.564415, "delta": 5.182413}}
{"target": 0.8546698302105513, "params": {"eta": 0.36414406628099005, "max_depth": 35.83166971027171, "n_estimators": 13.661494872376334}, "datetime": {"datetime": "2021-09-21 11:19:15", "elapsed": 1066.592567, "delta": 7.028152}}
{"target": 0.8622793109196508, "params": {"eta": 0.43865037300813503, "max_depth": 4.8718657565427, "n_estimators": 17.90100817260796}, "datetime": {"datetime": "2021-09-21 11:19:21", "elapsed": 1072.381713, "delta": 5.789146}}
{"target": 0.8592027490474494, "params": {"eta": 0.3710597415036099, "max_depth": 8.007540878770726, "n_estimators": 30.531767947924806}, "datetime": {"datetime": "2021-09-21 11:19:26", "elapsed": 1077.664383, "delta": 5.28267}}
{"target": 0.8470232396646543, "params": {"eta": 0.1329059531359394, "max_depth": 29.030398085274022, "n_estimators": 49.94852651776297}, "datetime": {"datetime": "2021-09-21 11:19:33", "elapsed": 1084.072472, "delta": 6.408089}}
{"target": 0.8577952248830598, "params": {"eta": 0.23777586212970037, "max_depth": 23.707510846740803, "n_estimators": 21.840509763109957}, "datetime": {"datetime": "2021-09-21 11:19:44", "elapsed": 1095.76799, "delta": 11.695518}}
{"target": 0.8522836873888945, "params": {"eta": 0.4480222230162384, "max_depth": 28.216744354717466, "n_estimators": 11.588631402357583}, "datetime": {"datetime": "2021-09-21 11:19:51", "elapsed": 1102.221848, "delta": 6.453858}}
{"target": 0.8623771894005484, "params": {"eta": 0.13922270377590573, "max_depth": 7.750540344762715, "n_estimators": 30.23965493840037}, "datetime": {"datetime": "2021-09-21 11:19:58", "elapsed": 1109.7105, "delta": 7.488652}}
{"target": 0.8774174433262454, "params": {"eta": 0.3618765575620868, "max_depth": 7.922434611001574, "n_estimators": 30.213549530918662}, "datetime": {"datetime": "2021-09-21 11:20:06", "elapsed": 1117.53458, "delta": 7.82408}}
{"target": 0.8521090087715995, "params": {"eta": 0.32021785476994025, "max_depth": 18.54447014970418, "n_estimators": 49.8948140190762}, "datetime": {"datetime": "2021-09-21 11:20:19", "elapsed": 1130.502998, "delta": 12.968418}}
{"target": 0.7536893078306961, "params": {"eta": 0.1402579262201072, "max_depth": 9.291976026275858, "n_estimators": 15.835158408365917}, "datetime": {"datetime": "2021-09-21 11:20:23", "elapsed": 1134.299288, "delta": 3.79629}}
{"target": 0.7084812740580921, "params": {"eta": 0.10042616829140316, "max_depth": 16.36720604176829, "n_estimators": 20.951697762064114}, "datetime": {"datetime": "2021-09-21 11:20:29", "elapsed": 1140.543224, "delta": 6.243936}}
{"target": 0.8506826641986457, "params": {"eta": 0.4228049408900453, "max_depth": 10.750475515976888, "n_estimators": 48.0817078166954}, "datetime": {"datetime": "2021-09-21 11:20:36", "elapsed": 1147.188455, "delta": 6.645231}}
{"target": 0.8690172708459585, "params": {"eta": 0.33022086792293526, "max_depth": 36.1891370100681, "n_estimators": 24.635804900562608}, "datetime": {"datetime": "2021-09-21 11:20:41", "elapsed": 1152.227187, "delta": 5.038732}}
{"target": 0.8415052825400882, "params": {"eta": 0.43803211627918437, "max_depth": 5.4217995808925, "n_estimators": 18.542178108518257}, "datetime": {"datetime": "2021-09-21 11:20:45", "elapsed": 1156.705636, "delta": 4.478449}}
{"target": 0.8650785406027562, "params": {"eta": 0.20861230881714246, "max_depth": 35.77443592618686, "n_estimators": 43.73197972590604}, "datetime": {"datetime": "2021-09-21 11:20:57", "elapsed": 1168.088749, "delta": 11.383113}}
{"target": 0.8136903428546867, "params": {"eta": 0.2826791889003074, "max_depth": 2.1238622189925387, "n_estimators": 45.67602659418019}, "datetime": {"datetime": "2021-09-21 11:21:02", "elapsed": 1173.379933, "delta": 5.291184}}
{"target": 0.8692039542718701, "params": {"eta": 0.18256535506934118, "max_depth": 28.698825987642355, "n_estimators": 36.060195466139604}, "datetime": {"datetime": "2021-09-21 11:21:08", "elapsed": 1179.555435, "delta": 6.175502}}
{"target": 0.8585064045980844, "params": {"eta": 0.17318281010041617, "max_depth": 27.64244703740718, "n_estimators": 25.967918111697692}, "datetime": {"datetime": "2021-09-21 11:21:12", "elapsed": 1183.690177, "delta": 4.134742}}
{"target": 0.852246324382241, "params": {"eta": 0.23715176777514763, "max_depth": 41.10526087503258, "n_estimators": 16.413890433927534}, "datetime": {"datetime": "2021-09-21 11:21:16", "elapsed": 1187.875457, "delta": 4.18528}}
