{"target": -13.009919657330032, "params": {"eta": 0.5492646904233974, "max_depth": 21.740491624800164, "n_estimators": 30.53540542751055}, "datetime": {"datetime": "2021-09-27 18:41:14", "elapsed": 0.0, "delta": 0.0}}
{"target": -13.223039648603057, "params": {"eta": 0.5453382998138999, "max_depth": 13.285989180828237, "n_estimators": 32.64881154026615}, "datetime": {"datetime": "2021-09-27 18:41:14", "elapsed": 0.287001, "delta": 0.287001}}
{"target": -11.010231186982718, "params": {"eta": 0.4381496240514298, "max_depth": 26.861417022680314, "n_estimators": 48.21947526455043}, "datetime": {"datetime": "2021-09-27 18:41:14", "elapsed": 0.648003, "delta": 0.361002}}
{"target": -11.29271989278694, "params": {"eta": 0.3840580773069519, "max_depth": 23.960026104397272, "n_estimators": 26.91585106789232}, "datetime": {"datetime": "2021-09-27 18:41:15", "elapsed": 0.969999, "delta": 0.321996}}
{"target": -12.82978844843163, "params": {"eta": 0.5684765165328384, "max_depth": 27.84230251048717, "n_estimators": 4.48076685169646}, "datetime": {"datetime": "2021-09-27 18:41:15", "elapsed": 1.017005, "delta": 0.047006}}
{"target": -16.409023207798565, "params": {"eta": 0.08804217040183916, "max_depth": 1.586333525769446, "n_estimators": 41.79837243184896}, "datetime": {"datetime": "2021-09-27 18:41:15", "elapsed": 1.086, "delta": 0.068995}}
{"target": -15.66556140242602, "params": {"eta": 0.7783785941989007, "max_depth": 26.230352299157754, "n_estimators": 48.95229876940544}, "datetime": {"datetime": "2021-09-27 18:41:15", "elapsed": 1.357, "delta": 0.271}}
{"target": -15.706836956911067, "params": {"eta": 0.7993594056525068, "max_depth": 14.382901505335024, "n_estimators": 39.245929638036316}, "datetime": {"datetime": "2021-09-27 18:41:15", "elapsed": 1.558998, "delta": 0.201998}}
{"target": -11.086695195477732, "params": {"eta": 0.3773994869634371, "max_depth": 21.686406589057533, "n_estimators": 30.516522429251594}, "datetime": {"datetime": "2021-09-27 18:41:16", "elapsed": 2.0091, "delta": 0.450102}}
{"target": -10.964901736273625, "params": {"eta": 0.23105856021937904, "max_depth": 28.768005864334125, "n_estimators": 19.779194877427773}, "datetime": {"datetime": "2021-09-27 18:41:16", "elapsed": 2.319107, "delta": 0.310007}}
{"target": -13.20090146663986, "params": {"eta": 0.5415624474726296, "max_depth": 17.04009618828381, "n_estimators": 36.895661908645884}, "datetime": {"datetime": "2021-09-27 18:41:16", "elapsed": 2.872116, "delta": 0.553009}}
{"target": -12.374035150122136, "params": {"eta": 0.4853219816950956, "max_depth": 24.04557732006178, "n_estimators": 26.77558028702438}, "datetime": {"datetime": "2021-09-27 18:41:17", "elapsed": 3.488104, "delta": 0.615988}}
{"target": -10.785099651304826, "params": {"eta": 0.3726749775541999, "max_depth": 4.348884410749229, "n_estimators": 43.00018298015859}, "datetime": {"datetime": "2021-09-27 18:41:17", "elapsed": 3.727103, "delta": 0.238999}}
{"target": -10.986624910425554, "params": {"eta": 0.2083635599494748, "max_depth": 4.351375567418179, "n_estimators": 42.93833092374498}, "datetime": {"datetime": "2021-09-27 18:41:18", "elapsed": 3.965359, "delta": 0.238256}}
{"target": -10.043124237158576, "params": {"eta": 0.19577758798266112, "max_depth": 21.766582407473326, "n_estimators": 30.10591093600077}, "datetime": {"datetime": "2021-09-27 18:41:18", "elapsed": 4.599176, "delta": 0.633817}}
{"target": -77.33007537472808, "params": {"eta": 0.206834288174821, "max_depth": 6.250822594112878, "n_estimators": 1.0182817532548842}, "datetime": {"datetime": "2021-09-27 18:41:18", "elapsed": 4.865179, "delta": 0.266003}}
{"target": -93.47234502414912, "params": {"eta": 0.001, "max_depth": 30.0, "n_estimators": 42.37898423056778}, "datetime": {"datetime": "2021-09-27 18:41:19", "elapsed": 5.866176, "delta": 1.000997}}
{"target": -95.06383247141329, "params": {"eta": 0.001, "max_depth": 16.448607110795045, "n_estimators": 25.577672889803065}, "datetime": {"datetime": "2021-09-27 18:41:20", "elapsed": 6.397194, "delta": 0.531018}}
{"target": -18.808264337516086, "params": {"eta": 1.0, "max_depth": 7.053860089457934, "n_estimators": 35.986947748862825}, "datetime": {"datetime": "2021-09-27 18:41:21", "elapsed": 7.196197, "delta": 0.799003}}
{"target": -32.00313668286627, "params": {"eta": 0.09042870149413111, "max_depth": 29.6760394506192, "n_estimators": 12.275158342700857}, "datetime": {"datetime": "2021-09-27 18:41:21", "elapsed": 7.672194, "delta": 0.475997}}
{"target": -61.16457598087488, "params": {"eta": 0.01642485939046255, "max_depth": 29.48939018706279, "n_estimators": 28.772284962432725}, "datetime": {"datetime": "2021-09-27 18:41:22", "elapsed": 8.090948, "delta": 0.418754}}
{"target": -16.945034306369056, "params": {"eta": 1.0, "max_depth": 10.04052899271754, "n_estimators": 46.64872403207679}, "datetime": {"datetime": "2021-09-27 18:41:22", "elapsed": 8.692949, "delta": 0.602001}}
{"target": -92.76968503726299, "params": {"eta": 0.001, "max_depth": 2.8737071703015604, "n_estimators": 49.314723294600284}, "datetime": {"datetime": "2021-09-27 18:41:23", "elapsed": 9.122953, "delta": 0.430004}}
{"target": -16.610673253564386, "params": {"eta": 0.9493211962119966, "max_depth": 8.791077462179523, "n_estimators": 41.022439690073035}, "datetime": {"datetime": "2021-09-27 18:41:23", "elapsed": 9.743473, "delta": 0.62052}}
{"target": -10.88093385930606, "params": {"eta": 0.15488247243691633, "max_depth": 16.733721117579442, "n_estimators": 46.258881134757985}, "datetime": {"datetime": "2021-09-27 18:41:24", "elapsed": 10.427356, "delta": 0.683883}}
{"target": -18.160394420076656, "params": {"eta": 1.0, "max_depth": 22.459027323174656, "n_estimators": 1.0}, "datetime": {"datetime": "2021-09-27 18:41:24", "elapsed": 10.815355, "delta": 0.387999}}
{"target": -17.368071113960077, "params": {"eta": 1.0, "max_depth": 21.6005966924465, "n_estimators": 7.970837653219573}, "datetime": {"datetime": "2021-09-27 18:41:25", "elapsed": 11.346358, "delta": 0.531003}}
{"target": -14.609785711383278, "params": {"eta": 0.9610821366348997, "max_depth": 1.0612688806505735, "n_estimators": 30.663232520524353}, "datetime": {"datetime": "2021-09-27 18:41:25", "elapsed": 11.70636, "delta": 0.360002}}
{"target": -14.90685557053082, "params": {"eta": 1.0, "max_depth": 1.0, "n_estimators": 23.697465381571927}, "datetime": {"datetime": "2021-09-27 18:41:26", "elapsed": 12.042123, "delta": 0.335763}}
{"target": -95.82732799429102, "params": {"eta": 0.001, "max_depth": 1.0, "n_estimators": 16.702244141745087}, "datetime": {"datetime": "2021-09-27 18:41:26", "elapsed": 12.414125, "delta": 0.372002}}
{"target": -17.43652689487242, "params": {"eta": 1.0, "max_depth": 5.682882227435055, "n_estimators": 27.54931280054946}, "datetime": {"datetime": "2021-09-27 18:41:26", "elapsed": 12.854125, "delta": 0.44}}
{"target": -17.33939080149171, "params": {"eta": 1.0, "max_depth": 23.3931465031344, "n_estimators": 16.41490921488644}, "datetime": {"datetime": "2021-09-27 18:41:27", "elapsed": 13.388125, "delta": 0.534}}
{"target": -96.39077532043852, "params": {"eta": 0.001, "max_depth": 15.989115457882667, "n_estimators": 11.891257671029539}, "datetime": {"datetime": "2021-09-27 18:41:27", "elapsed": 13.738124, "delta": 0.349999}}
{"target": -93.47234502414912, "params": {"eta": 0.001, "max_depth": 20.494262500349272, "n_estimators": 42.399113782269595}, "datetime": {"datetime": "2021-09-27 18:41:28", "elapsed": 14.223206, "delta": 0.485082}}
{"target": -10.14231832365079, "params": {"eta": 0.20464822542602287, "max_depth": 14.861703837210348, "n_estimators": 49.86824101869445}, "datetime": {"datetime": "2021-09-27 18:41:29", "elapsed": 14.907206, "delta": 0.684}}
{"target": -93.82848174999229, "params": {"eta": 0.001, "max_depth": 1.0, "n_estimators": 36.24038468803361}, "datetime": {"datetime": "2021-09-27 18:41:29", "elapsed": 15.44621, "delta": 0.539004}}
{"target": -94.03265702090967, "params": {"eta": 0.001, "max_depth": 11.413514457662744, "n_estimators": 36.264355153480366}, "datetime": {"datetime": "2021-09-27 18:41:30", "elapsed": 15.937209, "delta": 0.490999}}
{"target": -17.813387724722904, "params": {"eta": 1.0, "max_depth": 13.319601638947072, "n_estimators": 43.99800842434355}, "datetime": {"datetime": "2021-09-27 18:41:30", "elapsed": 16.595509, "delta": 0.6583}}
{"target": -94.40801845573358, "params": {"eta": 0.001, "max_depth": 17.503339921732085, "n_estimators": 32.73389222263172}, "datetime": {"datetime": "2021-09-27 18:41:31", "elapsed": 17.122512, "delta": 0.527003}}
{"target": -10.472372758119782, "params": {"eta": 0.0828136368151585, "max_depth": 13.573003821276806, "n_estimators": 47.09920073685144}, "datetime": {"datetime": "2021-09-27 18:41:32", "elapsed": 17.926512, "delta": 0.804}}
{"target": -15.573444810172502, "params": {"eta": 0.20353975303388783, "max_depth": 1.9519507040776014, "n_estimators": 27.045331589462336}, "datetime": {"datetime": "2021-09-27 18:41:32", "elapsed": 18.396086, "delta": 0.469574}}
{"target": -87.01544831989395, "params": {"eta": 0.028175815142496202, "max_depth": 24.07888486468815, "n_estimators": 4.8570012891066305}, "datetime": {"datetime": "2021-09-27 18:41:33", "elapsed": 18.895085, "delta": 0.498999}}
{"target": -11.673752309718477, "params": {"eta": 0.3604057388825627, "max_depth": 25.46880463489615, "n_estimators": 19.473852454159992}, "datetime": {"datetime": "2021-09-27 18:41:33", "elapsed": 19.463089, "delta": 0.568004}}
{"target": -14.747423103163944, "params": {"eta": 0.7364110229003927, "max_depth": 27.19466854306231, "n_estimators": 16.696337049238785}, "datetime": {"datetime": "2021-09-27 18:41:34", "elapsed": 20.048449, "delta": 0.58536}}
{"target": -17.092020673398533, "params": {"eta": 1.0, "max_depth": 30.0, "n_estimators": 2.269957371902497}, "datetime": {"datetime": "2021-09-27 18:41:34", "elapsed": 20.472447, "delta": 0.423998}}
{"target": -17.52125803186391, "params": {"eta": 1.0, "max_depth": 18.157430164176652, "n_estimators": 49.44565574609564}, "datetime": {"datetime": "2021-09-27 18:41:35", "elapsed": 21.234448, "delta": 0.762001}}
{"target": -16.945034306369056, "params": {"eta": 1.0, "max_depth": 10.733688389374175, "n_estimators": 30.36725084377152}, "datetime": {"datetime": "2021-09-27 18:41:35", "elapsed": 21.780446, "delta": 0.545998}}
{"target": -16.26336059271908, "params": {"eta": 0.8816544115875096, "max_depth": 29.882588969426447, "n_estimators": 6.294437175740078}, "datetime": {"datetime": "2021-09-27 18:41:36", "elapsed": 22.245836, "delta": 0.46539}}
{"target": -17.48238257587767, "params": {"eta": 0.9249270239013779, "max_depth": 6.18361071402293, "n_estimators": 31.57238125490871}, "datetime": {"datetime": "2021-09-27 18:41:37", "elapsed": 22.970838, "delta": 0.725002}}
{"target": -93.28629933697623, "params": {"eta": 0.001, "max_depth": 7.737647116390993, "n_estimators": 44.04048236223625}, "datetime": {"datetime": "2021-09-27 18:41:37", "elapsed": 23.620834, "delta": 0.649996}}
{"target": -17.19386108160424, "params": {"eta": 1.0, "max_depth": 11.524708012662137, "n_estimators": 49.57101504138109}, "datetime": {"datetime": "2021-09-27 18:41:38", "elapsed": 24.364498, "delta": 0.743664}}
{"target": -17.42780012528015, "params": {"eta": 1.0, "max_depth": 5.456638135951015, "n_estimators": 39.84361647243874}, "datetime": {"datetime": "2021-09-27 18:41:39", "elapsed": 24.915094, "delta": 0.550596}}
{"target": -95.34594316739545, "params": {"eta": 0.001, "max_depth": 26.789231860499278, "n_estimators": 22.62618987881887}, "datetime": {"datetime": "2021-09-27 18:41:39", "elapsed": 25.416095, "delta": 0.501001}}
{"target": -12.827131090870905, "params": {"eta": 0.1303530637267917, "max_depth": 29.82348078247562, "n_estimators": 17.418483862271707}, "datetime": {"datetime": "2021-09-27 18:41:40", "elapsed": 26.131755, "delta": 0.71566}}
{"target": -13.37823015327583, "params": {"eta": 0.6946629576707508, "max_depth": 4.3455255945917655, "n_estimators": 24.386117040389536}, "datetime": {"datetime": "2021-09-27 18:41:40", "elapsed": 26.728751, "delta": 0.596996}}
{"target": -92.73032781575876, "params": {"eta": 0.001, "max_depth": 29.43425103584669, "n_estimators": 50.0}, "datetime": {"datetime": "2021-09-27 18:41:41", "elapsed": 27.323755, "delta": 0.595004}}
{"target": -15.451252669586813, "params": {"eta": 0.7735300165666911, "max_depth": 24.948487720776264, "n_estimators": 46.47373659602112}, "datetime": {"datetime": "2021-09-27 18:41:42", "elapsed": 27.997752, "delta": 0.673997}}
{"target": -11.739523451987866, "params": {"eta": 0.21666049767255027, "max_depth": 3.7352996452599743, "n_estimators": 29.592531234789003}, "datetime": {"datetime": "2021-09-27 18:41:42", "elapsed": 28.547755, "delta": 0.550003}}
{"target": -94.50208701695578, "params": {"eta": 0.001, "max_depth": 24.49899516237749, "n_estimators": 31.415705920339636}, "datetime": {"datetime": "2021-09-27 18:41:43", "elapsed": 29.16075, "delta": 0.612995}}
{"target": -17.322941013115468, "params": {"eta": 1.0, "max_depth": 22.311147444829555, "n_estimators": 19.365602091966284}, "datetime": {"datetime": "2021-09-27 18:41:43", "elapsed": 29.851427, "delta": 0.690677}}
{"target": -10.586376006258273, "params": {"eta": 0.061027077830164936, "max_depth": 22.302666271894882, "n_estimators": 49.08182613394783}, "datetime": {"datetime": "2021-09-27 18:41:44", "elapsed": 30.573943, "delta": 0.722516}}
{"target": -95.15777748716341, "params": {"eta": 0.001, "max_depth": 7.783868444587876, "n_estimators": 24.55069093299648}, "datetime": {"datetime": "2021-09-27 18:41:45", "elapsed": 31.170944, "delta": 0.597001}}
{"target": -13.598052437086302, "params": {"eta": 0.572093758576249, "max_depth": 21.526561581307245, "n_estimators": 26.701585801154025}, "datetime": {"datetime": "2021-09-27 18:41:46", "elapsed": 32.004945, "delta": 0.834001}}
{"target": -17.33926128040252, "params": {"eta": 1.0, "max_depth": 23.1218613171411, "n_estimators": 11.246888427951525}, "datetime": {"datetime": "2021-09-27 18:41:46", "elapsed": 32.769945, "delta": 0.765}}
{"target": -13.335190893472081, "params": {"eta": 0.1643163161294474, "max_depth": 25.55427017036588, "n_estimators": 13.297679306102898}, "datetime": {"datetime": "2021-09-27 18:41:47", "elapsed": 33.371943, "delta": 0.601998}}
{"target": -15.155209474051038, "params": {"eta": 0.6739119758196238, "max_depth": 26.062822150107728, "n_estimators": 10.11071026340387}, "datetime": {"datetime": "2021-09-27 18:41:48", "elapsed": 34.049942, "delta": 0.677999}}
{"target": -18.083902985694007, "params": {"eta": 0.9602804208511438, "max_depth": 18.991520509886424, "n_estimators": 1.1666320399382026}, "datetime": {"datetime": "2021-09-27 18:41:48", "elapsed": 34.583984, "delta": 0.534042}}
{"target": -18.160394420076656, "params": {"eta": 1.0, "max_depth": 15.188529444120093, "n_estimators": 1.0}, "datetime": {"datetime": "2021-09-27 18:41:49", "elapsed": 35.106732, "delta": 0.522748}}
{"target": -13.4993916797104, "params": {"eta": 0.6535347864366637, "max_depth": 16.7410089965445, "n_estimators": 4.39923720815689}, "datetime": {"datetime": "2021-09-27 18:41:49", "elapsed": 35.735733, "delta": 0.629001}}
{"target": -79.98838340455639, "params": {"eta": 0.048236084727236846, "max_depth": 13.287185600180086, "n_estimators": 4.04569342549481}, "datetime": {"datetime": "2021-09-27 18:41:50", "elapsed": 36.197947, "delta": 0.462214}}
{"target": -13.428833340615212, "params": {"eta": 0.5858219776575655, "max_depth": 19.00218252928264, "n_estimators": 5.4040962722486485}, "datetime": {"datetime": "2021-09-27 18:41:50", "elapsed": 36.743946, "delta": 0.545999}}
{"target": -87.39223027608791, "params": {"eta": 0.10342476251205591, "max_depth": 27.091930041738685, "n_estimators": 1.0615584633250674}, "datetime": {"datetime": "2021-09-27 18:41:51", "elapsed": 37.325943, "delta": 0.581997}}
{"target": -41.297732206459635, "params": {"eta": 0.018198947217459027, "max_depth": 20.344656353730734, "n_estimators": 47.42458424425777}, "datetime": {"datetime": "2021-09-27 18:41:52", "elapsed": 38.060947, "delta": 0.735004}}
{"target": -65.34002276300718, "params": {"eta": 0.009678596002914076, "max_depth": 15.533265170308173, "n_estimators": 41.819668005608}, "datetime": {"datetime": "2021-09-27 18:41:52", "elapsed": 38.691895, "delta": 0.630948}}
{"target": -17.896808631085005, "params": {"eta": 1.0, "max_depth": 15.681081934144338, "n_estimators": 47.94353220891842}, "datetime": {"datetime": "2021-09-27 18:41:53", "elapsed": 39.380893, "delta": 0.688998}}
{"target": -14.376501362034015, "params": {"eta": 1.0, "max_depth": 1.7201298784182424, "n_estimators": 44.27427351313836}, "datetime": {"datetime": "2021-09-27 18:41:54", "elapsed": 40.029521, "delta": 0.648628}}
{"target": -95.33150976719475, "params": {"eta": 0.001, "max_depth": 3.063521652690898, "n_estimators": 22.04687488118295}, "datetime": {"datetime": "2021-09-27 18:41:54", "elapsed": 40.558371, "delta": 0.52885}}
{"target": -17.094179233184832, "params": {"eta": 0.975536149777395, "max_depth": 27.799936765199917, "n_estimators": 7.8103424963522015}, "datetime": {"datetime": "2021-09-27 18:41:55", "elapsed": 41.274371, "delta": 0.716}}
{"target": -96.1983608405322, "params": {"eta": 0.001, "max_depth": 22.170383309842915, "n_estimators": 13.89707432080943}, "datetime": {"datetime": "2021-09-27 18:41:56", "elapsed": 42.01637, "delta": 0.741999}}
{"target": -16.032465469742707, "params": {"eta": 0.8958393352078765, "max_depth": 25.124292090716555, "n_estimators": 17.58267036705243}, "datetime": {"datetime": "2021-09-27 18:41:56", "elapsed": 42.788372, "delta": 0.772002}}
{"target": -13.894216158108396, "params": {"eta": 0.937165030856297, "max_depth": 3.95224878201559, "n_estimators": 26.618453899006216}, "datetime": {"datetime": "2021-09-27 18:41:57", "elapsed": 43.42437, "delta": 0.635998}}
{"target": -94.68896963272037, "params": {"eta": 0.001, "max_depth": 7.941118846286769, "n_estimators": 29.74856244768295}, "datetime": {"datetime": "2021-09-27 18:41:58", "elapsed": 43.986368, "delta": 0.561998}}
{"target": -15.22959165364704, "params": {"eta": 0.8709362517543385, "max_depth": 13.085101766033413, "n_estimators": 30.246078204650207}, "datetime": {"datetime": "2021-09-27 18:41:59", "elapsed": 44.887025, "delta": 0.900657}}
{"target": -11.547972426727307, "params": {"eta": 0.5385360845912227, "max_depth": 3.819029358938682, "n_estimators": 32.19265890041818}, "datetime": {"datetime": "2021-09-27 18:41:59", "elapsed": 45.674026, "delta": 0.787001}}
{"target": -16.084003310372683, "params": {"eta": 0.9081403177939548, "max_depth": 5.809988951775852, "n_estimators": 33.722792380969615}, "datetime": {"datetime": "2021-09-27 18:42:00", "elapsed": 46.497842, "delta": 0.823816}}
{"target": -14.60358604818864, "params": {"eta": 0.6727611475105574, "max_depth": 11.508969395711848, "n_estimators": 41.202043456266765}, "datetime": {"datetime": "2021-09-27 18:42:01", "elapsed": 47.376845, "delta": 0.879003}}
{"target": -17.30918379306039, "params": {"eta": 1.0, "max_depth": 17.448887169852853, "n_estimators": 7.209144942861467}, "datetime": {"datetime": "2021-09-27 18:42:02", "elapsed": 47.974845, "delta": 0.598}}
{"target": -17.330120757092537, "params": {"eta": 1.0, "max_depth": 27.63351559324304, "n_estimators": 14.107943370517773}, "datetime": {"datetime": "2021-09-27 18:42:03", "elapsed": 48.919264, "delta": 0.944419}}
{"target": -16.45549279769592, "params": {"eta": 0.8333706721677988, "max_depth": 8.636718635756946, "n_estimators": 49.88357823089377}, "datetime": {"datetime": "2021-09-27 18:42:03", "elapsed": 49.669263, "delta": 0.749999}}
{"target": -17.57057520884441, "params": {"eta": 1.0, "max_depth": 1.0, "n_estimators": 7.657932473945258}, "datetime": {"datetime": "2021-09-27 18:42:04", "elapsed": 50.16488, "delta": 0.495617}}
{"target": -15.69016766572839, "params": {"eta": 1.0, "max_depth": 4.094853477860668, "n_estimators": 8.892302399662995}, "datetime": {"datetime": "2021-09-27 18:42:04", "elapsed": 50.869512, "delta": 0.704632}}
{"target": -18.011232276593418, "params": {"eta": 0.22625348711902454, "max_depth": 1.5513471416473776, "n_estimators": 10.462526946225827}, "datetime": {"datetime": "2021-09-27 18:42:05", "elapsed": 51.315513, "delta": 0.446001}}
{"target": -96.39077532043852, "params": {"eta": 0.001, "max_depth": 5.682648408070663, "n_estimators": 11.479760370370073}, "datetime": {"datetime": "2021-09-27 18:42:06", "elapsed": 52.133513, "delta": 0.818}}
{"target": -13.711156874999709, "params": {"eta": 0.5087766659019564, "max_depth": 3.715174324470383, "n_estimators": 6.395675056834388}, "datetime": {"datetime": "2021-09-27 18:42:06", "elapsed": 52.767662, "delta": 0.634149}}
{"target": -17.610902647875868, "params": {"eta": 0.6606678539375181, "max_depth": 1.1877235412163152, "n_estimators": 4.044159052517135}, "datetime": {"datetime": "2021-09-27 18:42:07", "elapsed": 53.413661, "delta": 0.645999}}
{"target": -94.37538116833319, "params": {"eta": 0.008031982171336886, "max_depth": 29.986478974603642, "n_estimators": 4.044163201456134}, "datetime": {"datetime": "2021-09-27 18:42:08", "elapsed": 54.066662, "delta": 0.653001}}
{"target": -14.113348774956815, "params": {"eta": 0.04538150911482881, "max_depth": 24.30981297233503, "n_estimators": 48.29889064303412}, "datetime": {"datetime": "2021-09-27 18:42:08", "elapsed": 54.879101, "delta": 0.812439}}
{"target": -96.5835685330071, "params": {"eta": 0.001, "max_depth": 23.76609869284018, "n_estimators": 9.326330508670523}, "datetime": {"datetime": "2021-09-27 18:42:09", "elapsed": 55.6901, "delta": 0.810999}}
{"target": -13.400414878063899, "params": {"eta": 0.6066841297028889, "max_depth": 27.048747843681866, "n_estimators": 11.873335435319}, "datetime": {"datetime": "2021-09-27 18:42:10", "elapsed": 56.445071, "delta": 0.754971}}
