{"target": -10.969341482762317, "params": {"eta": 0.2859435855763224, "max_depth": 29.18132251170552, "n_estimators": 63.445028011773914}, "datetime": {"datetime": "2021-09-27 20:11:38", "elapsed": 454.420157, "delta": 1.730353}}
{"target": -10.357475621217398, "params": {"eta": 0.07995114968346202, "max_depth": 14.276024980558088, "n_estimators": 103.02879814505519}, "datetime": {"datetime": "2021-09-27 20:11:39", "elapsed": 456.238952, "delta": 1.818795}}
{"target": -11.089592132897803, "params": {"eta": 0.23880701932908, "max_depth": 17.62666319250368, "n_estimators": 75.8016402111378}, "datetime": {"datetime": "2021-09-27 20:11:41", "elapsed": 457.835954, "delta": 1.597002}}
{"target": -12.024824994979115, "params": {"eta": 0.28063411637811947, "max_depth": 2.608246698053999, "n_estimators": 131.72635822669523}, "datetime": {"datetime": "2021-09-27 20:11:42", "elapsed": 459.013625, "delta": 1.177671}}
{"target": -11.022342561538252, "params": {"eta": 0.2839594045164392, "max_depth": 31.158280530485595, "n_estimators": 69.77989751854739}, "datetime": {"datetime": "2021-09-27 20:11:44", "elapsed": 460.95836, "delta": 1.944735}}
{"target": -10.560939059504319, "params": {"eta": 0.05, "max_depth": 17.397665340234717, "n_estimators": 90.72003778769808}, "datetime": {"datetime": "2021-09-27 20:11:47", "elapsed": 463.91884, "delta": 2.96048}}
{"target": -10.818770670400676, "params": {"eta": 0.29083423296866406, "max_depth": 17.701424101124733, "n_estimators": 141.15373873973482}, "datetime": {"datetime": "2021-09-27 20:11:50", "elapsed": 466.37203, "delta": 2.45319}}
{"target": -10.997582840422506, "params": {"eta": 0.07884517525189937, "max_depth": 4.373583019124716, "n_estimators": 125.44721390222197}, "datetime": {"datetime": "2021-09-27 20:11:51", "elapsed": 467.844643, "delta": 1.472613}}
{"target": -10.483463752825644, "params": {"eta": 0.15951887350883454, "max_depth": 17.634976345022697, "n_estimators": 141.09925004964066}, "datetime": {"datetime": "2021-09-27 20:11:54", "elapsed": 470.740376, "delta": 2.895733}}
{"target": -10.246847037792598, "params": {"eta": 0.0740538420467645, "max_depth": 9.573910967232369, "n_estimators": 77.79450920328014}, "datetime": {"datetime": "2021-09-27 20:11:56", "elapsed": 473.289567, "delta": 2.549191}}
{"target": -10.686127745922203, "params": {"eta": 0.07836826108224469, "max_depth": 28.658021781316037, "n_estimators": 103.47032960974379}, "datetime": {"datetime": "2021-09-27 20:11:58", "elapsed": 474.99192, "delta": 1.702353}}
{"target": -11.027009969050535, "params": {"eta": 0.22427016999873922, "max_depth": 4.60529447776822, "n_estimators": 137.9029322851173}, "datetime": {"datetime": "2021-09-27 20:12:00", "elapsed": 476.667234, "delta": 1.675314}}
{"target": -10.764467281965832, "params": {"eta": 0.06497054216710389, "max_depth": 23.842946833459727, "n_estimators": 118.43115044395473}, "datetime": {"datetime": "2021-09-27 20:12:03", "elapsed": 479.51308, "delta": 2.845846}}
{"target": -10.74350226733955, "params": {"eta": 0.08528368086946052, "max_depth": 17.227000024750218, "n_estimators": 90.45963338578836}, "datetime": {"datetime": "2021-09-27 20:12:06", "elapsed": 483.081983, "delta": 3.568903}}
{"target": -12.753022296028165, "params": {"eta": 0.12881662245696485, "max_depth": 2.878700825977804, "n_estimators": 147.9551101542241}, "datetime": {"datetime": "2021-09-27 20:12:08", "elapsed": 484.442445, "delta": 1.360462}}
{"target": -10.910208275121459, "params": {"eta": 0.282849814752496, "max_depth": 28.067121100664025, "n_estimators": 104.25662861337985}, "datetime": {"datetime": "2021-09-27 20:12:10", "elapsed": 487.335531, "delta": 2.893086}}
{"target": -10.912382749358684, "params": {"eta": 0.154888788182871, "max_depth": 18.96131193693481, "n_estimators": 114.82546694177171}, "datetime": {"datetime": "2021-09-27 20:12:13", "elapsed": 489.647532, "delta": 2.312001}}
{"target": -10.281273442960076, "params": {"eta": 0.06738045092441665, "max_depth": 34.64816855056307, "n_estimators": 67.03988307758763}, "datetime": {"datetime": "2021-09-27 20:12:14", "elapsed": 491.239357, "delta": 1.591825}}
{"target": -10.896411843436987, "params": {"eta": 0.1536085655649459, "max_depth": 8.483289240540365, "n_estimators": 63.81268112322445}, "datetime": {"datetime": "2021-09-27 20:12:18", "elapsed": 494.955822, "delta": 3.716465}}
{"target": -11.253158602321358, "params": {"eta": 0.2739781080980937, "max_depth": 32.24410575729099, "n_estimators": 129.25840842903088}, "datetime": {"datetime": "2021-09-27 20:12:20", "elapsed": 496.997617, "delta": 2.041795}}
{"target": -11.497374926845332, "params": {"eta": 0.21928589244372976, "max_depth": 9.603084284246187, "n_estimators": 77.86814211319765}, "datetime": {"datetime": "2021-09-27 20:12:23", "elapsed": 500.353495, "delta": 3.355878}}
{"target": -10.575427626586645, "params": {"eta": 0.20759271625073658, "max_depth": 28.251745463573144, "n_estimators": 69.71067715761093}, "datetime": {"datetime": "2021-09-27 20:12:26", "elapsed": 502.992336, "delta": 2.638841}}
{"target": -11.282671058958519, "params": {"eta": 0.2204250257683229, "max_depth": 7.125501962120615, "n_estimators": 104.13475509961349}, "datetime": {"datetime": "2021-09-27 20:12:29", "elapsed": 506.042117, "delta": 3.049781}}
{"target": -10.952830110515963, "params": {"eta": 0.20318588142470884, "max_depth": 6.413287229851981, "n_estimators": 111.7749654389192}, "datetime": {"datetime": "2021-09-27 20:12:32", "elapsed": 509.200723, "delta": 3.158606}}
{"target": -10.551557608852654, "params": {"eta": 0.10248849848138879, "max_depth": 8.753534420640484, "n_estimators": 63.82425381847173}, "datetime": {"datetime": "2021-09-27 20:12:36", "elapsed": 512.968832, "delta": 3.768109}}
{"target": -10.60211823814795, "params": {"eta": 0.05, "max_depth": 24.61369669601976, "n_estimators": 109.89119884328727}, "datetime": {"datetime": "2021-09-27 20:12:39", "elapsed": 516.22764, "delta": 3.258808}}
{"target": -10.861924328275574, "params": {"eta": 0.2898909095241839, "max_depth": 9.97463990740185, "n_estimators": 77.74557345252879}, "datetime": {"datetime": "2021-09-27 20:12:42", "elapsed": 519.299356, "delta": 3.071716}}
{"target": -10.383377601146085, "params": {"eta": 0.1632434310118439, "max_depth": 8.593910621768615, "n_estimators": 64.15023166190868}, "datetime": {"datetime": "2021-09-27 20:12:45", "elapsed": 521.797357, "delta": 2.498001}}
{"target": -11.637160382652056, "params": {"eta": 0.27105274160044596, "max_depth": 8.466024161832575, "n_estimators": 64.1080291456444}, "datetime": {"datetime": "2021-09-27 20:12:48", "elapsed": 525.047285, "delta": 3.249928}}
{"target": -10.363241046047191, "params": {"eta": 0.15276418284380222, "max_depth": 33.75356712160405, "n_estimators": 87.98289817312619}, "datetime": {"datetime": "2021-09-27 20:12:51", "elapsed": 528.061869, "delta": 3.014584}}
{"target": -10.927198957439236, "params": {"eta": 0.27608166558390485, "max_depth": 22.295063686413783, "n_estimators": 101.7867110779433}, "datetime": {"datetime": "2021-09-27 20:12:53", "elapsed": 530.10299, "delta": 2.041121}}
{"target": -10.69294073649123, "params": {"eta": 0.16263217278143594, "max_depth": 33.72403191952483, "n_estimators": 106.2510557435701}, "datetime": {"datetime": "2021-09-27 20:12:55", "elapsed": 532.111861, "delta": 2.008871}}
{"target": -10.59248090186905, "params": {"eta": 0.19718848523944654, "max_depth": 17.79327662634799, "n_estimators": 69.1808597108934}, "datetime": {"datetime": "2021-09-27 20:12:59", "elapsed": 536.344339, "delta": 4.232478}}
{"target": -10.672996824837732, "params": {"eta": 0.08949035864793191, "max_depth": 7.623570287605361, "n_estimators": 103.87199245241996}, "datetime": {"datetime": "2021-09-27 20:13:03", "elapsed": 540.186738, "delta": 3.842399}}
{"target": -10.548803985808146, "params": {"eta": 0.07330517160585322, "max_depth": 27.969905468069996, "n_estimators": 102.62724701457785}, "datetime": {"datetime": "2021-09-27 20:13:07", "elapsed": 543.830495, "delta": 3.643757}}
{"target": -10.547930031317957, "params": {"eta": 0.11848215660003618, "max_depth": 31.615469294980905, "n_estimators": 98.31935173943154}, "datetime": {"datetime": "2021-09-27 20:13:10", "elapsed": 546.758154, "delta": 2.927659}}
{"target": -10.7613383984469, "params": {"eta": 0.1952131892851512, "max_depth": 8.673532599401845, "n_estimators": 115.23668124366117}, "datetime": {"datetime": "2021-09-27 20:13:12", "elapsed": 549.145407, "delta": 2.387253}}
{"target": -10.381081263417986, "params": {"eta": 0.16965267738323803, "max_depth": 7.403797399932174, "n_estimators": 103.79247950588986}, "datetime": {"datetime": "2021-09-27 20:13:15", "elapsed": 552.116294, "delta": 2.970887}}
{"target": -10.757941175721697, "params": {"eta": 0.08601486383583144, "max_depth": 33.42437861000707, "n_estimators": 88.32346679916051}, "datetime": {"datetime": "2021-09-27 20:13:19", "elapsed": 555.795344, "delta": 3.67905}}
{"target": -10.938270458653324, "params": {"eta": 0.09019473765754894, "max_depth": 21.512767973659717, "n_estimators": 55.92803185109941}, "datetime": {"datetime": "2021-09-27 20:13:22", "elapsed": 558.929989, "delta": 3.134645}}
{"target": -10.91428676661268, "params": {"eta": 0.1613143413762133, "max_depth": 34.735763269005396, "n_estimators": 67.0699631786525}, "datetime": {"datetime": "2021-09-27 20:13:26", "elapsed": 562.55711, "delta": 3.627121}}
{"target": -10.913919453985384, "params": {"eta": 0.29590549458434556, "max_depth": 22.13853365413297, "n_estimators": 87.39856428748837}, "datetime": {"datetime": "2021-09-27 20:13:28", "elapsed": 564.681892, "delta": 2.124782}}
{"target": -10.953405184337681, "params": {"eta": 0.05196168861313265, "max_depth": 6.865639526673073, "n_estimators": 103.99129728611544}, "datetime": {"datetime": "2021-09-27 20:13:32", "elapsed": 568.875146, "delta": 4.193254}}
{"target": -11.480422497301184, "params": {"eta": 0.22249345537352033, "max_depth": 16.160386647093148, "n_estimators": 53.48506735241564}, "datetime": {"datetime": "2021-09-27 20:13:35", "elapsed": 571.386565, "delta": 2.511419}}
{"target": -10.386403758487251, "params": {"eta": 0.06123755248847225, "max_depth": 9.879723602751138, "n_estimators": 78.02995637198482}, "datetime": {"datetime": "2021-09-27 20:13:38", "elapsed": 574.626745, "delta": 3.24018}}
{"target": -10.995524477153502, "params": {"eta": 0.14050831144511622, "max_depth": 9.730294979420473, "n_estimators": 77.80797511079092}, "datetime": {"datetime": "2021-09-27 20:13:40", "elapsed": 576.501404, "delta": 1.874659}}
{"target": -10.740890820506287, "params": {"eta": 0.14508728431458828, "max_depth": 9.259761925823994, "n_estimators": 52.00722169687752}, "datetime": {"datetime": "2021-09-27 20:13:42", "elapsed": 578.414155, "delta": 1.912751}}
{"target": -11.20964767522565, "params": {"eta": 0.22084403346151887, "max_depth": 17.76907862391858, "n_estimators": 140.94329651161803}, "datetime": {"datetime": "2021-09-27 20:13:46", "elapsed": 582.551649, "delta": 4.137494}}
{"target": -10.432748210994609, "params": {"eta": 0.16538929130201097, "max_depth": 7.336471411669335, "n_estimators": 55.524371222187874}, "datetime": {"datetime": "2021-09-27 20:13:49", "elapsed": 585.364014, "delta": 2.812365}}
{"target": -10.055967600301567, "params": {"eta": 0.06792380523796161, "max_depth": 21.489642102220625, "n_estimators": 55.516851371757}, "datetime": {"datetime": "2021-09-27 20:13:51", "elapsed": 588.083344, "delta": 2.71933}}
{"target": -11.822367427425142, "params": {"eta": 0.05, "max_depth": 21.448715318764602, "n_estimators": 55.6411584631367}, "datetime": {"datetime": "2021-09-27 20:13:54", "elapsed": 590.803209, "delta": 2.719865}}
{"target": -11.073081712866635, "params": {"eta": 0.15444113057948972, "max_depth": 9.99660014834068, "n_estimators": 78.10275582023495}, "datetime": {"datetime": "2021-09-27 20:13:57", "elapsed": 593.559202, "delta": 2.755993}}
{"target": -10.386482553071582, "params": {"eta": 0.09708897244602431, "max_depth": 34.82299888971713, "n_estimators": 129.37717606507823}, "datetime": {"datetime": "2021-09-27 20:14:00", "elapsed": 597.02584, "delta": 3.466638}}
{"target": -11.578295396201922, "params": {"eta": 0.24904452318334708, "max_depth": 17.454768827533375, "n_estimators": 90.72379405859897}, "datetime": {"datetime": "2021-09-27 20:14:03", "elapsed": 600.017337, "delta": 2.991497}}
{"target": -10.854012131881968, "params": {"eta": 0.14094887929658773, "max_depth": 30.855823263564062, "n_estimators": 130.8584967586355}, "datetime": {"datetime": "2021-09-27 20:14:06", "elapsed": 602.391611, "delta": 2.374274}}
{"target": -11.2298349132764, "params": {"eta": 0.25510065425734463, "max_depth": 28.252489876875, "n_estimators": 69.8801878976037}, "datetime": {"datetime": "2021-09-27 20:14:08", "elapsed": 605.265939, "delta": 2.874328}}
{"target": -11.374998633387309, "params": {"eta": 0.28705368865995984, "max_depth": 31.541539031147316, "n_estimators": 60.79496930934209}, "datetime": {"datetime": "2021-09-27 20:14:10", "elapsed": 607.170629, "delta": 1.90469}}
{"target": -10.220620054384895, "params": {"eta": 0.09374202106692729, "max_depth": 21.540497765550782, "n_estimators": 55.408483964216735}, "datetime": {"datetime": "2021-09-27 20:14:12", "elapsed": 609.08863, "delta": 1.918001}}
{"target": -10.30460280340328, "params": {"eta": 0.2072482308083164, "max_depth": 34.88624592137534, "n_estimators": 129.47805781688567}, "datetime": {"datetime": "2021-09-27 20:14:15", "elapsed": 611.740513, "delta": 2.651883}}
{"target": -10.833685493782959, "params": {"eta": 0.28458397259283175, "max_depth": 24.291996263052663, "n_estimators": 90.77056446978303}, "datetime": {"datetime": "2021-09-27 20:14:17", "elapsed": 613.540787, "delta": 1.800274}}
{"target": -10.528637441237924, "params": {"eta": 0.12570228948855722, "max_depth": 32.18388190436555, "n_estimators": 106.40998910936827}, "datetime": {"datetime": "2021-09-27 20:14:19", "elapsed": 615.865031, "delta": 2.324244}}
{"target": -11.532165566107865, "params": {"eta": 0.21630462269833373, "max_depth": 10.241176512483205, "n_estimators": 64.83357163296964}, "datetime": {"datetime": "2021-09-27 20:14:21", "elapsed": 617.767254, "delta": 1.902223}}
{"target": -10.296678554894187, "params": {"eta": 0.19516638862308505, "max_depth": 20.554087551450486, "n_estimators": 133.47919408573057}, "datetime": {"datetime": "2021-09-27 20:14:23", "elapsed": 619.749121, "delta": 1.981867}}
{"target": -10.24950561661003, "params": {"eta": 0.07044675269944016, "max_depth": 6.3714072148577845, "n_estimators": 111.85748411440278}, "datetime": {"datetime": "2021-09-27 20:14:26", "elapsed": 622.558299, "delta": 2.809178}}
{"target": -10.508932487581227, "params": {"eta": 0.06858188385838561, "max_depth": 7.427506272305542, "n_estimators": 55.41044878926318}, "datetime": {"datetime": "2021-09-27 20:14:28", "elapsed": 625.354108, "delta": 2.795809}}
{"target": -11.084305629357436, "params": {"eta": 0.2160112952381053, "max_depth": 21.241400750525933, "n_estimators": 134.11974392325186}, "datetime": {"datetime": "2021-09-27 20:14:30", "elapsed": 627.351052, "delta": 1.996944}}
{"target": -10.980747681275156, "params": {"eta": 0.290887458174088, "max_depth": 28.554017167815434, "n_estimators": 52.66733263029914}, "datetime": {"datetime": "2021-09-27 20:14:32", "elapsed": 629.132907, "delta": 1.781855}}
{"target": -10.547694875309052, "params": {"eta": 0.17737879192477873, "max_depth": 8.296744698445965, "n_estimators": 125.12174881395045}, "datetime": {"datetime": "2021-09-27 20:14:34", "elapsed": 631.064053, "delta": 1.931146}}
{"target": -11.04569388502948, "params": {"eta": 0.20584459207805877, "max_depth": 3.495256480372316, "n_estimators": 98.72737768219778}, "datetime": {"datetime": "2021-09-27 20:14:36", "elapsed": 632.607656, "delta": 1.543603}}
{"target": -10.54259234356875, "params": {"eta": 0.05469988990225656, "max_depth": 7.001337364512738, "n_estimators": 104.02847146890836}, "datetime": {"datetime": "2021-09-27 20:14:39", "elapsed": 635.8252, "delta": 3.217544}}
{"target": -11.205978293635876, "params": {"eta": 0.22225776055367935, "max_depth": 22.332438890361082, "n_estimators": 63.39316075301974}, "datetime": {"datetime": "2021-09-27 20:14:41", "elapsed": 637.70337, "delta": 1.87817}}
{"target": -10.593178673107587, "params": {"eta": 0.19175488074350822, "max_depth": 4.789469531003816, "n_estimators": 102.8533468997446}, "datetime": {"datetime": "2021-09-27 20:14:42", "elapsed": 639.210368, "delta": 1.506998}}
{"target": -10.74160690218587, "params": {"eta": 0.05297062544648155, "max_depth": 26.726739456322406, "n_estimators": 137.30422404381395}, "datetime": {"datetime": "2021-09-27 20:14:45", "elapsed": 642.017334, "delta": 2.806966}}
{"target": -10.590324638878505, "params": {"eta": 0.07750150681844205, "max_depth": 23.073748698706165, "n_estimators": 106.63127835101676}, "datetime": {"datetime": "2021-09-27 20:14:47", "elapsed": 644.141397, "delta": 2.124063}}
{"target": -10.725154185023166, "params": {"eta": 0.19665023509832857, "max_depth": 30.84699530581951, "n_estimators": 95.8220732175198}, "datetime": {"datetime": "2021-09-27 20:14:49", "elapsed": 646.246848, "delta": 2.105451}}
{"target": -11.219417962760128, "params": {"eta": 0.2993845025193916, "max_depth": 19.990520417412714, "n_estimators": 77.36918069281957}, "datetime": {"datetime": "2021-09-27 20:14:51", "elapsed": 648.047089, "delta": 1.800241}}
{"target": -11.198900891480749, "params": {"eta": 0.18458042710530403, "max_depth": 20.442092550070917, "n_estimators": 133.50070204811124}, "datetime": {"datetime": "2021-09-27 20:14:55", "elapsed": 651.439162, "delta": 3.392073}}
{"target": -10.806939670089303, "params": {"eta": 0.29799465481397247, "max_depth": 4.516804910531288, "n_estimators": 143.07259897873772}, "datetime": {"datetime": "2021-09-27 20:14:56", "elapsed": 653.090315, "delta": 1.651153}}
{"target": -10.913496412618754, "params": {"eta": 0.10202430229644667, "max_depth": 21.795437922345023, "n_estimators": 81.00954876398887}, "datetime": {"datetime": "2021-09-27 20:14:58", "elapsed": 655.354904, "delta": 2.264589}}
{"target": -10.30560303417392, "params": {"eta": 0.17555352216459758, "max_depth": 24.4382091406667, "n_estimators": 76.69761441976587}, "datetime": {"datetime": "2021-09-27 20:15:01", "elapsed": 657.542114, "delta": 2.18721}}
{"target": -10.931693159920005, "params": {"eta": 0.2917577422051024, "max_depth": 4.495542874257861, "n_estimators": 143.04041288998323}, "datetime": {"datetime": "2021-09-27 20:15:03", "elapsed": 659.391115, "delta": 1.849001}}
{"target": -10.577322905939965, "params": {"eta": 0.11282263711920663, "max_depth": 29.104587349529872, "n_estimators": 102.53930665255558}, "datetime": {"datetime": "2021-09-27 20:15:05", "elapsed": 661.542068, "delta": 2.150953}}
{"target": -10.172906557721403, "params": {"eta": 0.19617905829885146, "max_depth": 26.22779792863794, "n_estimators": 76.34591460904149}, "datetime": {"datetime": "2021-09-27 20:15:08", "elapsed": 664.720385, "delta": 3.178317}}
{"target": -10.33887205305682, "params": {"eta": 0.2223494279697723, "max_depth": 5.90691339548966, "n_estimators": 115.22372516393655}, "datetime": {"datetime": "2021-09-27 20:15:11", "elapsed": 667.682389, "delta": 2.962004}}
{"target": -11.12137549903425, "params": {"eta": 0.12084871721325648, "max_depth": 12.854483554639184, "n_estimators": 51.900258544789054}, "datetime": {"datetime": "2021-09-27 20:15:13", "elapsed": 669.486388, "delta": 1.803999}}
{"target": -11.12040205375359, "params": {"eta": 0.1809050041162681, "max_depth": 11.803358815091475, "n_estimators": 73.58257750590634}, "datetime": {"datetime": "2021-09-27 20:15:14", "elapsed": 671.233427, "delta": 1.747039}}
{"target": -10.677368952271115, "params": {"eta": 0.1038117624779873, "max_depth": 26.140598922911888, "n_estimators": 76.78846801571912}, "datetime": {"datetime": "2021-09-27 20:15:18", "elapsed": 674.407713, "delta": 3.174286}}
{"target": -10.566768502544218, "params": {"eta": 0.07564017813307057, "max_depth": 10.020415091670609, "n_estimators": 78.28684481778586}, "datetime": {"datetime": "2021-09-27 20:15:19", "elapsed": 676.122276, "delta": 1.714563}}
{"target": -10.130006363830201, "params": {"eta": 0.08011451694692938, "max_depth": 9.264988615429585, "n_estimators": 70.62118254446382}, "datetime": {"datetime": "2021-09-27 20:15:21", "elapsed": 677.959114, "delta": 1.836838}}
{"target": -11.048299666575808, "params": {"eta": 0.2885325672132293, "max_depth": 27.895416321038002, "n_estimators": 64.23929788027809}, "datetime": {"datetime": "2021-09-27 20:15:23", "elapsed": 680.093661, "delta": 2.134547}}
{"target": -10.579012601188568, "params": {"eta": 0.1626582654632504, "max_depth": 9.94113090764501, "n_estimators": 77.60588428033792}, "datetime": {"datetime": "2021-09-27 20:15:27", "elapsed": 683.750707, "delta": 3.657046}}
{"target": -11.003516689578511, "params": {"eta": 0.29834075672188054, "max_depth": 23.865942841481843, "n_estimators": 69.405389129284}, "datetime": {"datetime": "2021-09-27 20:15:29", "elapsed": 685.727803, "delta": 1.977096}}
{"target": -10.546060017796732, "params": {"eta": 0.1266955922224015, "max_depth": 7.29936456935833, "n_estimators": 103.66676328409332}, "datetime": {"datetime": "2021-09-27 20:15:32", "elapsed": 688.890686, "delta": 3.162883}}
{"target": -11.302857259243494, "params": {"eta": 0.23854476938058206, "max_depth": 9.490052664954199, "n_estimators": 99.07257084791298}, "datetime": {"datetime": "2021-09-27 20:15:34", "elapsed": 691.043175, "delta": 2.152489}}
{"target": -10.547991576762774, "params": {"eta": 0.08336722175675222, "max_depth": 34.7942563176532, "n_estimators": 129.47649402858275}, "datetime": {"datetime": "2021-09-27 20:15:38", "elapsed": 694.395799, "delta": 3.352624}}
