{"target": -2.847012398744884, "params": {"eta": 0.5533253688880515, "max_depth": 21.740491624800164, "n_estimators": 36.56303918822699}, "datetime": {"datetime": "2021-09-21 13:25:38", "elapsed": 0.0, "delta": 0.0}}
{"target": -2.8653879203294452, "params": {"eta": 0.5494343511669278, "max_depth": 13.285989180828237, "n_estimators": 39.10775267093271}, "datetime": {"datetime": "2021-09-21 13:25:38", "elapsed": 0.366737, "delta": 0.366737}}
{"target": -2.4250115400866457, "params": {"eta": 0.4432113391500656, "max_depth": 26.861417022680314, "n_estimators": 57.85610286956073}, "datetime": {"datetime": "2021-09-21 13:25:39", "elapsed": 1.04949, "delta": 0.682753}}
{"target": -2.529209081750167, "params": {"eta": 0.38960710363751994, "max_depth": 23.960026104397272, "n_estimators": 32.20480026542137}, "datetime": {"datetime": "2021-09-21 13:25:39", "elapsed": 1.561151, "delta": 0.511661}}
{"target": -2.893956836901213, "params": {"eta": 0.572364115482993, "max_depth": 27.84230251048717, "n_estimators": 5.191127433675329}, "datetime": {"datetime": "2021-09-21 13:25:39", "elapsed": 1.710153, "delta": 0.149002}}
{"target": -3.2690203516106853, "params": {"eta": 0.09625800670452529, "max_depth": 1.586333525769446, "n_estimators": 50.12457088732834}, "datetime": {"datetime": "2021-09-21 13:25:39", "elapsed": 1.810152, "delta": 0.099999}}
{"target": -3.2588451460788126, "params": {"eta": 0.780375183440352, "max_depth": 26.230352299157754, "n_estimators": 58.73848219173308}, "datetime": {"datetime": "2021-09-21 13:25:40", "elapsed": 2.142153, "delta": 0.332001}}
{"target": -3.315408005212483, "params": {"eta": 0.8011669785745563, "max_depth": 14.382901505335024, "n_estimators": 47.05122140090087}, "datetime": {"datetime": "2021-09-21 13:25:40", "elapsed": 2.425151, "delta": 0.282998}}
{"target": -7.395663955337122, "params": {"eta": 0.1270916816102439, "max_depth": 19.55770961849819, "n_estimators": 9.457843957133738}, "datetime": {"datetime": "2021-09-21 13:25:40", "elapsed": 2.504151, "delta": 0.079}}
{"target": -3.8284837807479657, "params": {"eta": 0.945222227879088, "max_depth": 16.13360133075208, "n_estimators": 25.465054459440893}, "datetime": {"datetime": "2021-09-21 13:25:40", "elapsed": 2.880151, "delta": 0.376}}
{"target": -13.571811031667812, "params": {"eta": 0.01, "max_depth": 28.643674337522576, "n_estimators": 55.36377168870381}, "datetime": {"datetime": "2021-09-21 13:25:42", "elapsed": 4.064155, "delta": 1.184004}}
{"target": -2.647056644841244, "params": {"eta": 0.45141409008353467, "max_depth": 23.157253336540766, "n_estimators": 34.42184442756357}, "datetime": {"datetime": "2021-09-21 13:25:43", "elapsed": 5.20768, "delta": 1.143525}}
{"target": -2.7876063873893338, "params": {"eta": 0.4938243773904527, "max_depth": 25.64981545272139, "n_estimators": 33.85697100293757}, "datetime": {"datetime": "2021-09-21 13:25:44", "elapsed": 6.371676, "delta": 1.163996}}
{"target": -3.342990701135836, "params": {"eta": 0.8001604749656627, "max_depth": 24.49529586286407, "n_estimators": 36.46021741374334}, "datetime": {"datetime": "2021-09-21 13:25:45", "elapsed": 7.188675, "delta": 0.816999}}
{"target": -2.734981950960661, "params": {"eta": 0.5142542690878594, "max_depth": 21.507499768318034, "n_estimators": 32.58774232532286}, "datetime": {"datetime": "2021-09-21 13:25:45", "elapsed": 7.892036, "delta": 0.703361}}
{"target": -3.6339050707064176, "params": {"eta": 1.0, "max_depth": 19.689366145551283, "n_estimators": 34.69385343406137}, "datetime": {"datetime": "2021-09-21 13:25:47", "elapsed": 8.999831, "delta": 1.107795}}
{"target": -3.6629701259889096, "params": {"eta": 1.0, "max_depth": 22.475283206900954, "n_estimators": 29.88899867246585}, "datetime": {"datetime": "2021-09-21 13:25:48", "elapsed": 10.381858, "delta": 1.382027}}
{"target": -3.011857063519327, "params": {"eta": 0.7240684821691462, "max_depth": 26.72200458670259, "n_estimators": 31.07069683669811}, "datetime": {"datetime": "2021-09-21 13:25:49", "elapsed": 11.181707, "delta": 0.799849}}
{"target": -16.765186197193046, "params": {"eta": 0.01, "max_depth": 28.678139892896528, "n_estimators": 33.42318362079477}, "datetime": {"datetime": "2021-09-21 13:25:50", "elapsed": 12.025943, "delta": 0.844236}}
{"target": -2.358280279134449, "params": {"eta": 0.1449054016286758, "max_depth": 25.167452229882922, "n_estimators": 29.249133632740737}, "datetime": {"datetime": "2021-09-21 13:25:50", "elapsed": 12.910816, "delta": 0.884873}}
{"target": -3.664385756693388, "params": {"eta": 1.0, "max_depth": 27.32782645603721, "n_estimators": 28.265205273926288}, "datetime": {"datetime": "2021-09-21 13:25:51", "elapsed": 13.710308, "delta": 0.799492}}
{"target": -17.934814806360947, "params": {"eta": 0.01, "max_depth": 24.186788065567544, "n_estimators": 26.571274627662792}, "datetime": {"datetime": "2021-09-21 13:25:52", "elapsed": 14.630973, "delta": 0.920665}}
{"target": -2.926924915690171, "params": {"eta": 0.6354168397368971, "max_depth": 13.667351970931522, "n_estimators": 41.78017399384043}, "datetime": {"datetime": "2021-09-21 13:25:53", "elapsed": 15.640418, "delta": 1.009445}}
{"target": -3.755704318849664, "params": {"eta": 0.9965234102866729, "max_depth": 11.14152921033129, "n_estimators": 40.735733965707645}, "datetime": {"datetime": "2021-09-21 13:25:54", "elapsed": 16.924927, "delta": 1.284509}}
{"target": -3.0838984188280607, "params": {"eta": 0.7368678723876975, "max_depth": 15.866905638556595, "n_estimators": 39.971748339321266}, "datetime": {"datetime": "2021-09-21 13:25:56", "elapsed": 18.687388, "delta": 1.762461}}
{"target": -3.0749884028183785, "params": {"eta": 0.6255230943581189, "max_depth": 16.075065234859867, "n_estimators": 43.955994658553024}, "datetime": {"datetime": "2021-09-21 13:25:58", "elapsed": 20.125218, "delta": 1.43783}}
{"target": -2.3692231485718174, "params": {"eta": 0.45719449367654263, "max_depth": 13.06151484050503, "n_estimators": 44.470649204876054}, "datetime": {"datetime": "2021-09-21 13:25:59", "elapsed": 21.388688, "delta": 1.26347}}
{"target": -3.5373898600277145, "params": {"eta": 1.0, "max_depth": 10.990775472972988, "n_estimators": 46.394480225609016}, "datetime": {"datetime": "2021-09-21 13:26:00", "elapsed": 22.400071, "delta": 1.011383}}
{"target": -2.4272102261844437, "params": {"eta": 0.2285736974866762, "max_depth": 19.050879025231882, "n_estimators": 38.47999655322907}, "datetime": {"datetime": "2021-09-21 13:26:01", "elapsed": 23.705972, "delta": 1.305901}}
{"target": -2.4346240953395237, "params": {"eta": 0.2998118760500484, "max_depth": 16.483590255474617, "n_estimators": 36.78700220518767}, "datetime": {"datetime": "2021-09-21 13:26:02", "elapsed": 24.799679, "delta": 1.093707}}
{"target": -3.6777066230773925, "params": {"eta": 1.0, "max_depth": 21.646863431947843, "n_estimators": 39.892694411409046}, "datetime": {"datetime": "2021-09-21 13:26:03", "elapsed": 25.934158, "delta": 1.134479}}
{"target": -3.8036277614141767, "params": {"eta": 1.0, "max_depth": 13.703310813418728, "n_estimators": 35.86387171154912}, "datetime": {"datetime": "2021-09-21 13:26:05", "elapsed": 27.159167, "delta": 1.225009}}
{"target": -2.209452198681079, "params": {"eta": 0.20378082229292763, "max_depth": 18.778178239089836, "n_estimators": 41.657643789828136}, "datetime": {"datetime": "2021-09-21 13:26:06", "elapsed": 28.636453, "delta": 1.477286}}
{"target": -2.2706696516589115, "params": {"eta": 0.14586155955224472, "max_depth": 19.539050719092753, "n_estimators": 44.446939892126935}, "datetime": {"datetime": "2021-09-21 13:26:08", "elapsed": 30.023971, "delta": 1.387518}}
{"target": -9.000450566254164, "params": {"eta": 0.02307565991376078, "max_depth": 22.279649399259892, "n_estimators": 43.59526129116117}, "datetime": {"datetime": "2021-09-21 13:26:09", "elapsed": 31.035804, "delta": 1.011833}}
{"target": -14.7986886818158, "params": {"eta": 0.01, "max_depth": 17.916362742512625, "n_estimators": 46.459504571574136}, "datetime": {"datetime": "2021-09-21 13:26:10", "elapsed": 32.410044, "delta": 1.37424}}
{"target": -3.6670471950581196, "params": {"eta": 1.0, "max_depth": 24.86595810149727, "n_estimators": 30.67440173838123}, "datetime": {"datetime": "2021-09-21 13:26:11", "elapsed": 33.638485, "delta": 1.228441}}
{"target": -3.179322576522827, "params": {"eta": 0.760838501651468, "max_depth": 17.218755568943465, "n_estimators": 42.15064261554428}, "datetime": {"datetime": "2021-09-21 13:26:12", "elapsed": 34.896386, "delta": 1.257901}}
{"target": -2.397433222595014, "params": {"eta": 0.24384619198946328, "max_depth": 11.113013739586691, "n_estimators": 43.42424805493108}, "datetime": {"datetime": "2021-09-21 13:26:14", "elapsed": 36.437456, "delta": 1.54107}}
{"target": -3.5646132547604417, "params": {"eta": 0.8523862970022621, "max_depth": 16.62424633284585, "n_estimators": 34.61644722726653}, "datetime": {"datetime": "2021-09-21 13:26:15", "elapsed": 37.372696, "delta": 0.93524}}
{"target": -4.044187606008428, "params": {"eta": 0.04381734948902956, "max_depth": 8.498866178692166, "n_estimators": 44.37534287429758}, "datetime": {"datetime": "2021-09-21 13:26:16", "elapsed": 38.573656, "delta": 1.20096}}
{"target": -2.4332486817711274, "params": {"eta": 0.33402471273274337, "max_depth": 18.58825628068414, "n_estimators": 36.58563303754638}, "datetime": {"datetime": "2021-09-21 13:26:17", "elapsed": 39.887448, "delta": 1.313792}}
{"target": -3.6339050707064176, "params": {"eta": 1.0, "max_depth": 19.183334717388423, "n_estimators": 30.899364797817547}, "datetime": {"datetime": "2021-09-21 13:26:19", "elapsed": 40.961058, "delta": 1.07361}}
{"target": -18.795659023993895, "params": {"eta": 0.03470382551767079, "max_depth": 30.0, "n_estimators": 6.878292579410636}, "datetime": {"datetime": "2021-09-21 13:26:19", "elapsed": 41.827844, "delta": 0.866786}}
{"target": -4.182780164793918, "params": {"eta": 0.4993923961772853, "max_depth": 26.117356645718456, "n_estimators": 3.617148354556238}, "datetime": {"datetime": "2021-09-21 13:26:20", "elapsed": 42.557221, "delta": 0.729377}}
{"target": -2.2376706286480554, "params": {"eta": 0.16025050554213552, "max_depth": 12.43530562803248, "n_estimators": 49.26774178844708}, "datetime": {"datetime": "2021-09-21 13:26:21", "elapsed": 43.636406, "delta": 1.079185}}
{"target": -14.378456334063882, "params": {"eta": 0.01, "max_depth": 9.85532530659023, "n_estimators": 49.62574271239899}, "datetime": {"datetime": "2021-09-21 13:26:22", "elapsed": 44.613293, "delta": 0.976887}}
{"target": -3.3083532418075365, "params": {"eta": 0.8105575421220628, "max_depth": 14.338235505211584, "n_estimators": 50.20894302418997}, "datetime": {"datetime": "2021-09-21 13:26:23", "elapsed": 45.897532, "delta": 1.284239}}
{"target": -3.405717027187347, "params": {"eta": 0.9697994562467226, "max_depth": 25.79677824220557, "n_estimators": 6.380452887398086}, "datetime": {"datetime": "2021-09-21 13:26:24", "elapsed": 46.723592, "delta": 0.82606}}
{"target": -2.885222808938277, "params": {"eta": 0.5453792800396288, "max_depth": 24.11510894439948, "n_estimators": 56.72042075731147}, "datetime": {"datetime": "2021-09-21 13:26:25", "elapsed": 47.75459, "delta": 1.030998}}
{"target": -13.18682641136019, "params": {"eta": 0.01, "max_depth": 22.62387986105791, "n_estimators": 58.95320277107299}, "datetime": {"datetime": "2021-09-21 13:26:26", "elapsed": 48.381589, "delta": 0.626999}}
{"target": -3.667740489620911, "params": {"eta": 1.0, "max_depth": 23.640972308921175, "n_estimators": 54.3534656139491}, "datetime": {"datetime": "2021-09-21 13:26:27", "elapsed": 49.411114, "delta": 1.029525}}
{"target": -16.133697228525815, "params": {"eta": 0.01, "max_depth": 11.016045751905663, "n_estimators": 37.503362333958755}, "datetime": {"datetime": "2021-09-21 13:26:28", "elapsed": 50.19912, "delta": 0.788006}}
{"target": -2.3165528956212493, "params": {"eta": 0.1320648849009181, "max_depth": 28.402280094901453, "n_estimators": 59.93367667102791}, "datetime": {"datetime": "2021-09-21 13:26:29", "elapsed": 51.463125, "delta": 1.264005}}
{"target": -9.463022362872174, "params": {"eta": 0.02035043447152205, "max_depth": 12.755075535273601, "n_estimators": 46.941618971658755}, "datetime": {"datetime": "2021-09-21 13:26:30", "elapsed": 52.402813, "delta": 0.939688}}
{"target": -6.456984937191009, "params": {"eta": 0.03486467393561318, "max_depth": 17.7954580968406, "n_estimators": 39.946913514977375}, "datetime": {"datetime": "2021-09-21 13:26:31", "elapsed": 53.255963, "delta": 0.85315}}
{"target": -3.70298471137097, "params": {"eta": 1.0, "max_depth": 18.99807768291503, "n_estimators": 43.121657747602505}, "datetime": {"datetime": "2021-09-21 13:26:32", "elapsed": 54.646962, "delta": 1.390999}}
{"target": -3.8126326598619156, "params": {"eta": 0.943374020245348, "max_depth": 15.163854046719798, "n_estimators": 38.04362341653474}, "datetime": {"datetime": "2021-09-21 13:26:33", "elapsed": 55.81076, "delta": 1.163798}}
{"target": -2.2347502319436323, "params": {"eta": 0.14251097733253554, "max_depth": 20.28224492996418, "n_estimators": 37.54783333709434}, "datetime": {"datetime": "2021-09-21 13:26:34", "elapsed": 56.774973, "delta": 0.964213}}
{"target": -14.450300074251075, "params": {"eta": 0.011268145379221484, "max_depth": 14.3134758299086, "n_estimators": 43.31833103589044}, "datetime": {"datetime": "2021-09-21 13:26:35", "elapsed": 57.399134, "delta": 0.624161}}
{"target": -2.5648532572545504, "params": {"eta": 0.5122482482371262, "max_depth": 11.722997989038166, "n_estimators": 44.52093310298469}, "datetime": {"datetime": "2021-09-21 13:26:36", "elapsed": 58.433912, "delta": 1.034778}}
{"target": -3.246384825204548, "params": {"eta": 0.8237467259149502, "max_depth": 14.110777287589364, "n_estimators": 40.43871576235124}, "datetime": {"datetime": "2021-09-21 13:26:37", "elapsed": 59.774001, "delta": 1.340089}}
{"target": -2.391317812392586, "params": {"eta": 0.3231982997355518, "max_depth": 21.574990014540802, "n_estimators": 34.259726436400484}, "datetime": {"datetime": "2021-09-21 13:26:39", "elapsed": 61.101519, "delta": 1.327518}}
{"target": -2.3774683168059902, "params": {"eta": 0.11046375239229828, "max_depth": 20.38455475274929, "n_estimators": 35.916152778675865}, "datetime": {"datetime": "2021-09-21 13:26:40", "elapsed": 62.074443, "delta": 0.972924}}
{"target": -3.0653640188668905, "params": {"eta": 0.7315774175748473, "max_depth": 12.05866352894764, "n_estimators": 42.20548042834699}, "datetime": {"datetime": "2021-09-21 13:26:40", "elapsed": 62.728351, "delta": 0.653908}}
{"target": -14.241208577156067, "params": {"eta": 0.01, "max_depth": 12.901468281413065, "n_estimators": 50.91596288909511}, "datetime": {"datetime": "2021-09-21 13:26:41", "elapsed": 63.817496, "delta": 1.089145}}
{"target": -3.6339050707064176, "params": {"eta": 1.0, "max_depth": 19.759175995390752, "n_estimators": 36.7869759155487}, "datetime": {"datetime": "2021-09-21 13:26:42", "elapsed": 64.466494, "delta": 0.648998}}
{"target": -3.6698548229117143, "params": {"eta": 0.9976517537485885, "max_depth": 22.767203783806092, "n_estimators": 33.054301673447945}, "datetime": {"datetime": "2021-09-21 13:26:43", "elapsed": 65.310986, "delta": 0.844492}}
{"target": -3.4877802456680094, "params": {"eta": 0.8500447983447854, "max_depth": 17.655018569246497, "n_estimators": 37.757363801813966}, "datetime": {"datetime": "2021-09-21 13:26:44", "elapsed": 66.221433, "delta": 0.910447}}
{"target": -3.450278731710032, "params": {"eta": 0.9820335988726058, "max_depth": 14.231891472869048, "n_estimators": 48.711377553350324}, "datetime": {"datetime": "2021-09-21 13:26:45", "elapsed": 67.08285, "delta": 0.861417}}
{"target": -15.677379472789013, "params": {"eta": 0.01, "max_depth": 12.680443771234685, "n_estimators": 40.707217955771576}, "datetime": {"datetime": "2021-09-21 13:26:45", "elapsed": 67.937351, "delta": 0.854501}}
{"target": -2.885070709178322, "params": {"eta": 0.6655483974035089, "max_depth": 12.080723106535222, "n_estimators": 42.14843210808314}, "datetime": {"datetime": "2021-09-21 13:26:46", "elapsed": 68.542349, "delta": 0.604998}}
{"target": -3.4750937806932547, "params": {"eta": 0.989605802687762, "max_depth": 21.329574108102907, "n_estimators": 35.35940712891722}, "datetime": {"datetime": "2021-09-21 13:26:47", "elapsed": 69.83532, "delta": 1.292971}}
{"target": -3.0037316259584927, "params": {"eta": 0.5798511272898096, "max_depth": 27.734535838028606, "n_estimators": 58.88193720465599}, "datetime": {"datetime": "2021-09-21 13:26:48", "elapsed": 70.904142, "delta": 1.068822}}
{"target": -2.383960855634589, "params": {"eta": 0.458346475262216, "max_depth": 24.407168820247758, "n_estimators": 33.53634516742797}, "datetime": {"datetime": "2021-09-21 13:26:49", "elapsed": 71.846758, "delta": 0.942616}}
{"target": -3.658093300618623, "params": {"eta": 0.9488777633704286, "max_depth": 25.21583505552126, "n_estimators": 32.423028983706004}, "datetime": {"datetime": "2021-09-21 13:26:50", "elapsed": 72.760636, "delta": 0.913878}}
{"target": -3.740180022151846, "params": {"eta": 0.9482299627633333, "max_depth": 17.5415922758993, "n_estimators": 35.969455107163384}, "datetime": {"datetime": "2021-09-21 13:26:51", "elapsed": 73.421635, "delta": 0.660999}}
{"target": -17.423657823863785, "params": {"eta": 0.01, "max_depth": 26.53565010567793, "n_estimators": 29.66744313643981}, "datetime": {"datetime": "2021-09-21 13:26:52", "elapsed": 74.021513, "delta": 0.599878}}
{"target": -3.117346559700213, "params": {"eta": 0.6427257941398088, "max_depth": 24.30571692453428, "n_estimators": 29.396229885386493}, "datetime": {"datetime": "2021-09-21 13:26:53", "elapsed": 75.08013, "delta": 1.058617}}
{"target": -2.482885998173764, "params": {"eta": 0.1796956995791719, "max_depth": 22.468243326889933, "n_estimators": 35.48453838810565}, "datetime": {"datetime": "2021-09-21 13:26:54", "elapsed": 76.221521, "delta": 1.141391}}
{"target": -3.248708027914951, "params": {"eta": 0.8931007455777231, "max_depth": 24.51636644403257, "n_estimators": 34.83280924109013}, "datetime": {"datetime": "2021-09-21 13:26:55", "elapsed": 77.406325, "delta": 1.184804}}
{"target": -3.2267268096145827, "params": {"eta": 0.8146049465746075, "max_depth": 20.271463230835717, "n_estimators": 38.69110892322807}, "datetime": {"datetime": "2021-09-21 13:26:56", "elapsed": 78.295564, "delta": 0.889239}}
{"target": -3.6545840853138976, "params": {"eta": 1.0, "max_depth": 20.663525845143344, "n_estimators": 33.49144847603734}, "datetime": {"datetime": "2021-09-21 13:26:57", "elapsed": 79.499048, "delta": 1.203484}}
{"target": -12.936776042298268, "params": {"eta": 0.01, "max_depth": 27.055618288064647, "n_estimators": 60.0}, "datetime": {"datetime": "2021-09-21 13:26:58", "elapsed": 80.217179, "delta": 0.718131}}
{"target": -2.5205007816615854, "params": {"eta": 0.5248885010582075, "max_depth": 29.05159464041062, "n_estimators": 59.1357170016961}, "datetime": {"datetime": "2021-09-21 13:26:59", "elapsed": 81.287819, "delta": 1.07064}}
{"target": -12.936776042298268, "params": {"eta": 0.01, "max_depth": 29.57391202714738, "n_estimators": 60.0}, "datetime": {"datetime": "2021-09-21 13:27:00", "elapsed": 82.257519, "delta": 0.9697}}
{"target": -2.8932190393146713, "params": {"eta": 0.0689472634587382, "max_depth": 19.054384164359014, "n_estimators": 37.255022134599}, "datetime": {"datetime": "2021-09-21 13:27:00", "elapsed": 82.919767, "delta": 0.662248}}
{"target": -2.3405204791771737, "params": {"eta": 0.13949122139214687, "max_depth": 28.5652154159229, "n_estimators": 58.2278788813947}, "datetime": {"datetime": "2021-09-21 13:27:02", "elapsed": 84.407767, "delta": 1.488}}
{"target": -2.292906817636992, "params": {"eta": 0.18803279572593773, "max_depth": 12.352248111351951, "n_estimators": 43.56524659137752}, "datetime": {"datetime": "2021-09-21 13:27:03", "elapsed": 85.831399, "delta": 1.423632}}
{"target": -3.667740489620911, "params": {"eta": 1.0, "max_depth": 23.303053959450292, "n_estimators": 35.709247862673294}, "datetime": {"datetime": "2021-09-21 13:27:04", "elapsed": 86.703767, "delta": 0.872368}}
{"target": -2.4119527929707574, "params": {"eta": 0.40333563821805735, "max_depth": 14.501150404688453, "n_estimators": 39.179624887295404}, "datetime": {"datetime": "2021-09-21 13:27:06", "elapsed": 88.03411, "delta": 1.330343}}
{"target": -3.0411001443862915, "params": {"eta": 0.7095085264452722, "max_depth": 25.547862214991717, "n_estimators": 57.44851872909765}, "datetime": {"datetime": "2021-09-21 13:27:07", "elapsed": 88.959297, "delta": 0.925187}}
{"target": -2.474227648032339, "params": {"eta": 0.3882325638341621, "max_depth": 22.672003980211336, "n_estimators": 31.52163978570284}, "datetime": {"datetime": "2021-09-21 13:27:09", "elapsed": 91.635347, "delta": 2.67605}}
{"target": -3.217114835036428, "params": {"eta": 0.7765880618456366, "max_depth": 21.43083304886215, "n_estimators": 31.213838812807086}, "datetime": {"datetime": "2021-09-21 13:27:12", "elapsed": 94.315567, "delta": 2.68022}}
{"target": -2.332775396422336, "params": {"eta": 0.18680442327291458, "max_depth": 17.823108000039976, "n_estimators": 43.26582643170002}, "datetime": {"datetime": "2021-09-21 13:27:17", "elapsed": 99.499452, "delta": 5.183885}}
{"target": -3.696736411671889, "params": {"eta": 0.950692742640458, "max_depth": 15.550344258049407, "n_estimators": 35.98392738471907}, "datetime": {"datetime": "2021-09-21 13:27:20", "elapsed": 102.435148, "delta": 2.935696}}
{"target": -5.3062772732031975, "params": {"eta": 0.04513332429370402, "max_depth": 19.036088248322628, "n_estimators": 35.51890536204374}, "datetime": {"datetime": "2021-09-21 13:27:21", "elapsed": 103.911151, "delta": 1.476003}}
{"target": -2.5114786417860735, "params": {"eta": 0.4279346442863518, "max_depth": 21.680754397749567, "n_estimators": 37.94654938423836}, "datetime": {"datetime": "2021-09-21 13:27:24", "elapsed": 106.782894, "delta": 2.871743}}
