{"target": -2.5620266876722635, "params": {"eta": 0.1889316129641763, "max_depth": 14.42716071065443, "n_estimators": 17.429052783233608}, "datetime": {"datetime": "2021-09-17 13:26:58", "elapsed": 239.233214, "delta": 1.685997}}
{"target": -2.623237310585223, "params": {"eta": 0.15261974970230996, "max_depth": 12.572626804156599, "n_estimators": 18.87224479064063}, "datetime": {"datetime": "2021-09-17 13:26:59", "elapsed": 240.290547, "delta": 1.057333}}
{"target": -2.444731132607711, "params": {"eta": 0.19990775786598386, "max_depth": 15.494971955915137, "n_estimators": 18.44411696841785}, "datetime": {"datetime": "2021-09-17 13:27:00", "elapsed": 241.849193, "delta": 1.558646}}
{"target": -5.566738842035595, "params": {"eta": 0.09375146219848982, "max_depth": 17.406820331596982, "n_estimators": 16.29650413884481}, "datetime": {"datetime": "2021-09-17 13:27:02", "elapsed": 243.493369, "delta": 1.644176}}
{"target": -2.3430051264009975, "params": {"eta": 0.19601520654514076, "max_depth": 11.355805616057097, "n_estimators": 18.784868899733414}, "datetime": {"datetime": "2021-09-17 13:27:03", "elapsed": 244.853366, "delta": 1.359997}}
{"target": -2.463462187114515, "params": {"eta": 0.19730704552943595, "max_depth": 10.7788308165918, "n_estimators": 16.3798400037115}, "datetime": {"datetime": "2021-09-17 13:27:04", "elapsed": 246.079853, "delta": 1.226487}}
{"target": -3.0441336217679473, "params": {"eta": 0.1485057187983165, "max_depth": 11.35380558481479, "n_estimators": 16.01953734959933}, "datetime": {"datetime": "2021-09-17 13:27:06", "elapsed": 247.239849, "delta": 1.159996}}
{"target": -3.017015014196697, "params": {"eta": 0.1321416227799133, "max_depth": 15.460071030140742, "n_estimators": 18.817820676217224}, "datetime": {"datetime": "2021-09-17 13:27:07", "elapsed": 248.404127, "delta": 1.164278}}
{"target": -3.058683126851132, "params": {"eta": 0.14397815676316536, "max_depth": 10.72126437359336, "n_estimators": 16.285387521053245}, "datetime": {"datetime": "2021-09-17 13:27:09", "elapsed": 250.627946, "delta": 2.223819}}
{"target": -2.4320721205912137, "params": {"eta": 0.1966257962096717, "max_depth": 14.773447415088052, "n_estimators": 17.702780643235123}, "datetime": {"datetime": "2021-09-17 13:27:11", "elapsed": 252.303112, "delta": 1.675166}}
{"target": -2.5376261246831793, "params": {"eta": 0.2, "max_depth": 17.31227352757783, "n_estimators": 16.445023965768293}, "datetime": {"datetime": "2021-09-17 13:27:12", "elapsed": 254.122393, "delta": 1.819281}}
{"target": -3.3448209706105683, "params": {"eta": 0.11403911908412769, "max_depth": 10.285175507782007, "n_estimators": 19.001469074466822}, "datetime": {"datetime": "2021-09-17 13:27:15", "elapsed": 256.269273, "delta": 2.14688}}
{"target": -2.3909538262768795, "params": {"eta": 0.2, "max_depth": 10.108077619270968, "n_estimators": 19.018637118394548}, "datetime": {"datetime": "2021-09-17 13:27:16", "elapsed": 257.858618, "delta": 1.589345}}
{"target": -2.851103155863912, "params": {"eta": 0.14603640888391756, "max_depth": 10.08897751905289, "n_estimators": 18.905499509032982}, "datetime": {"datetime": "2021-09-17 13:27:18", "elapsed": 259.697886, "delta": 1.839268}}
{"target": -2.388639482698943, "params": {"eta": 0.19358612265889186, "max_depth": 15.61891678827396, "n_estimators": 18.32115264938421}, "datetime": {"datetime": "2021-09-17 13:27:21", "elapsed": 262.424546, "delta": 2.72666}}
{"target": -2.7434397502949364, "params": {"eta": 0.1710648195110103, "max_depth": 10.71934311573856, "n_estimators": 16.500636641180158}, "datetime": {"datetime": "2021-09-17 13:27:23", "elapsed": 264.599223, "delta": 2.174677}}
{"target": -2.714810442297082, "params": {"eta": 0.16401132339944913, "max_depth": 10.517686294863486, "n_estimators": 17.008602663520698}, "datetime": {"datetime": "2021-09-17 13:27:24", "elapsed": 265.714091, "delta": 1.114868}}
{"target": -2.408022256273972, "params": {"eta": 0.17387616249738225, "max_depth": 15.627634849524703, "n_estimators": 18.429793737068294}, "datetime": {"datetime": "2021-09-17 13:27:26", "elapsed": 267.484089, "delta": 1.769998}}
{"target": -3.023084029398466, "params": {"eta": 0.13159031005018906, "max_depth": 15.72471565169371, "n_estimators": 18.373808771977277}, "datetime": {"datetime": "2021-09-17 13:27:28", "elapsed": 269.590462, "delta": 2.106373}}
{"target": -2.896958656687485, "params": {"eta": 0.12938642127962446, "max_depth": 16.237547993416122, "n_estimators": 19.216456878680198}, "datetime": {"datetime": "2021-09-17 13:27:29", "elapsed": 270.836117, "delta": 1.245655}}
{"target": -2.241782246765337, "params": {"eta": 0.19775633977535234, "max_depth": 10.124241051969829, "n_estimators": 19.13196400989456}, "datetime": {"datetime": "2021-09-17 13:27:31", "elapsed": 272.705337, "delta": 1.86922}}
{"target": -2.9082693307023297, "params": {"eta": 0.13965831777085116, "max_depth": 15.582230266147016, "n_estimators": 18.542700278805718}, "datetime": {"datetime": "2021-09-17 13:27:33", "elapsed": 274.394011, "delta": 1.688674}}
{"target": -2.236033194943478, "params": {"eta": 0.19762749763697593, "max_depth": 10.493529758722659, "n_estimators": 19.31568686006909}, "datetime": {"datetime": "2021-09-17 13:27:35", "elapsed": 276.714156, "delta": 2.320145}}
{"target": -2.542689185393484, "params": {"eta": 0.15365555287723798, "max_depth": 10.605833194675052, "n_estimators": 19.302591394152387}, "datetime": {"datetime": "2021-09-17 13:27:37", "elapsed": 278.490538, "delta": 1.776382}}
{"target": -2.3913942374681167, "params": {"eta": 0.19204808220277564, "max_depth": 10.507008442155541, "n_estimators": 19.221066290753782}, "datetime": {"datetime": "2021-09-17 13:27:39", "elapsed": 280.726006, "delta": 2.235468}}
{"target": -2.5376261246831793, "params": {"eta": 0.2, "max_depth": 17.430371825469216, "n_estimators": 16.482207414277322}, "datetime": {"datetime": "2021-09-17 13:27:41", "elapsed": 282.777341, "delta": 2.051335}}
{"target": -2.462886897513741, "params": {"eta": 0.2, "max_depth": 10.13703323014154, "n_estimators": 17.59577990576207}, "datetime": {"datetime": "2021-09-17 13:27:44", "elapsed": 285.396352, "delta": 2.619011}}
{"target": -2.5628832936286927, "params": {"eta": 0.17652329406292533, "max_depth": 10.088900279953664, "n_estimators": 17.447537877336035}, "datetime": {"datetime": "2021-09-17 13:27:46", "elapsed": 287.918641, "delta": 2.522289}}
{"target": -2.4593156099319455, "params": {"eta": 0.19177839733115778, "max_depth": 15.7703632114769, "n_estimators": 18.41939169580607}, "datetime": {"datetime": "2021-09-17 13:27:48", "elapsed": 289.256636, "delta": 1.337995}}
{"target": -3.9152574081169935, "params": {"eta": 0.11203166363576764, "max_depth": 15.191583332519993, "n_estimators": 17.153602022664145}, "datetime": {"datetime": "2021-09-17 13:27:49", "elapsed": 290.385476, "delta": 1.12884}}
{"target": -2.845399542858726, "params": {"eta": 0.13723281768331816, "max_depth": 15.799317332034128, "n_estimators": 19.617088211956318}, "datetime": {"datetime": "2021-09-17 13:27:50", "elapsed": 291.54548, "delta": 1.160004}}
{"target": -3.562459434961018, "params": {"eta": 0.10912094086949543, "max_depth": 10.110357976886032, "n_estimators": 19.06849326332322}, "datetime": {"datetime": "2021-09-17 13:27:53", "elapsed": 294.224173, "delta": 2.678693}}
{"target": -2.4649798098363376, "params": {"eta": 0.15745576819528065, "max_depth": 15.82751430764667, "n_estimators": 18.507853830963505}, "datetime": {"datetime": "2021-09-17 13:27:55", "elapsed": 296.339846, "delta": 2.115673}}
{"target": -2.45299782690249, "params": {"eta": 0.2, "max_depth": 15.896013587345596, "n_estimators": 18.418241266418377}, "datetime": {"datetime": "2021-09-17 13:27:57", "elapsed": 298.46865, "delta": 2.128804}}
{"target": -4.872649758113059, "params": {"eta": 0.09641348235688052, "max_depth": 12.605960216986713, "n_estimators": 17.69681899753934}, "datetime": {"datetime": "2021-09-17 13:27:58", "elapsed": 299.628642, "delta": 1.159992}}
{"target": -2.45299782690249, "params": {"eta": 0.2, "max_depth": 15.71793519781143, "n_estimators": 18.526124217864776}, "datetime": {"datetime": "2021-09-17 13:28:00", "elapsed": 301.781905, "delta": 2.153263}}
{"target": -2.378878629207611, "params": {"eta": 0.19435341705340342, "max_depth": 16.026421536808325, "n_estimators": 18.481201531744503}, "datetime": {"datetime": "2021-09-17 13:28:02", "elapsed": 303.918124, "delta": 2.136219}}
{"target": -2.461274738688218, "params": {"eta": 0.19677543299435452, "max_depth": 16.407823894815166, "n_estimators": 17.214125990161246}, "datetime": {"datetime": "2021-09-17 13:28:04", "elapsed": 305.163122, "delta": 1.244998}}
{"target": -2.7890349808492156, "params": {"eta": 0.1438206155712472, "max_depth": 16.03967274668905, "n_estimators": 18.603451092436377}, "datetime": {"datetime": "2021-09-17 13:28:06", "elapsed": 307.427434, "delta": 2.264312}}
{"target": -3.628678444812172, "params": {"eta": 0.11343281791220247, "max_depth": 15.951968182089395, "n_estimators": 18.426080976599415}, "datetime": {"datetime": "2021-09-17 13:28:08", "elapsed": 310.070921, "delta": 2.643487}}
{"target": -2.478291962648693, "params": {"eta": 0.2, "max_depth": 16.435329649844586, "n_estimators": 17.335306422889836}, "datetime": {"datetime": "2021-09-17 13:28:11", "elapsed": 312.309533, "delta": 2.238612}}
{"target": -2.807810532419305, "params": {"eta": 0.15086527666235552, "max_depth": 16.524870106758083, "n_estimators": 17.28103228332157}, "datetime": {"datetime": "2021-09-17 13:28:13", "elapsed": 314.593783, "delta": 2.28425}}
{"target": -2.3644984985652724, "params": {"eta": 0.19473095208714183, "max_depth": 16.12519017709529, "n_estimators": 18.51104459267598}, "datetime": {"datetime": "2021-09-17 13:28:15", "elapsed": 316.756649, "delta": 2.162866}}
{"target": -2.6186989068984987, "params": {"eta": 0.16394696137625292, "max_depth": 16.246169791327574, "n_estimators": 18.582806104957974}, "datetime": {"datetime": "2021-09-17 13:28:17", "elapsed": 318.9289, "delta": 2.172251}}
{"target": -2.673178644556748, "params": {"eta": 0.14382727959281597, "max_depth": 16.67955444823186, "n_estimators": 19.13295894948213}, "datetime": {"datetime": "2021-09-17 13:28:18", "elapsed": 320.135903, "delta": 1.207003}}
{"target": -2.457278269843051, "params": {"eta": 0.19994359416094043, "max_depth": 10.214331008160187, "n_estimators": 19.169561013432972}, "datetime": {"datetime": "2021-09-17 13:28:21", "elapsed": 322.27393, "delta": 2.138027}}
{"target": -2.5871263761269416, "params": {"eta": 0.17645832523934707, "max_depth": 17.460011479835387, "n_estimators": 17.12371652133887}, "datetime": {"datetime": "2021-09-17 13:28:22", "elapsed": 323.512465, "delta": 1.238535}}
{"target": -2.4308327292141163, "params": {"eta": 0.18770706451831254, "max_depth": 10.434270141312547, "n_estimators": 19.12806308027271}, "datetime": {"datetime": "2021-09-17 13:28:24", "elapsed": 325.676435, "delta": 2.16397}}
{"target": -2.3753678522611916, "params": {"eta": 0.18655476569135837, "max_depth": 10.333430168426744, "n_estimators": 18.45367091878276}, "datetime": {"datetime": "2021-09-17 13:28:25", "elapsed": 327.028035, "delta": 1.3516}}
{"target": -2.875263347751216, "params": {"eta": 0.13221890943363934, "max_depth": 10.759491989120733, "n_estimators": 19.747804332377086}, "datetime": {"datetime": "2021-09-17 13:28:27", "elapsed": 328.232571, "delta": 1.204536}}
{"target": -2.4402586980869896, "params": {"eta": 0.2, "max_depth": 16.122988904145995, "n_estimators": 18.397844531790202}, "datetime": {"datetime": "2021-09-17 13:28:29", "elapsed": 330.249759, "delta": 2.017188}}
{"target": -2.686238762579466, "params": {"eta": 0.1744417384743301, "max_depth": 10.847506379062958, "n_estimators": 16.124434195408103}, "datetime": {"datetime": "2021-09-17 13:28:30", "elapsed": 331.466759, "delta": 1.217}}
{"target": -2.443306828172583, "params": {"eta": 0.18313731567982505, "max_depth": 10.364533178018238, "n_estimators": 18.34994663940154}, "datetime": {"datetime": "2021-09-17 13:28:32", "elapsed": 333.819114, "delta": 2.352355}}
{"target": -2.83416128472278, "params": {"eta": 0.13208834548408538, "max_depth": 8.775757940947218, "n_estimators": 19.957367771974187}, "datetime": {"datetime": "2021-09-17 13:28:33", "elapsed": 335.072112, "delta": 1.252998}}
{"target": -3.09439253305134, "params": {"eta": 0.12270212291444295, "max_depth": 8.626063807883837, "n_estimators": 19.907424726610202}, "datetime": {"datetime": "2021-09-17 13:28:35", "elapsed": 336.302981, "delta": 1.230869}}
{"target": -2.4988976949139645, "params": {"eta": 0.17178348759689682, "max_depth": 14.472613009217895, "n_estimators": 18.28113696649407}, "datetime": {"datetime": "2021-09-17 13:28:36", "elapsed": 337.569981, "delta": 1.267}}
{"target": -4.091859474307612, "params": {"eta": 0.10379421409183377, "max_depth": 16.185347522772574, "n_estimators": 18.43533613289389}, "datetime": {"datetime": "2021-09-17 13:28:38", "elapsed": 339.642693, "delta": 2.072712}}
{"target": -4.634971518892991, "params": {"eta": 0.09980166591466948, "max_depth": 10.164257817840168, "n_estimators": 17.53527579584482}, "datetime": {"datetime": "2021-09-17 13:28:40", "elapsed": 341.933528, "delta": 2.290835}}
{"target": -4.63202695532849, "params": {"eta": 0.09984716535455783, "max_depth": 10.324307728751815, "n_estimators": 17.956457376589572}, "datetime": {"datetime": "2021-09-17 13:28:42", "elapsed": 343.177061, "delta": 1.243533}}
{"target": -2.377047640398929, "params": {"eta": 0.19242609013688072, "max_depth": 10.455992056091642, "n_estimators": 18.415855019059148}, "datetime": {"datetime": "2021-09-17 13:28:44", "elapsed": 345.234012, "delta": 2.056951}}
{"target": -3.9101797549348127, "params": {"eta": 0.10709156252718481, "max_depth": 12.535321291147014, "n_estimators": 18.660052072961747}, "datetime": {"datetime": "2021-09-17 13:28:45", "elapsed": 346.471661, "delta": 1.237649}}
{"target": -2.4319623489128914, "params": {"eta": 0.1986701496962355, "max_depth": 16.811280774263878, "n_estimators": 17.71187910852628}, "datetime": {"datetime": "2021-09-17 13:28:47", "elapsed": 348.559916, "delta": 2.088255}}
{"target": -4.983235604512064, "params": {"eta": 0.09018580791809218, "max_depth": 10.476233606611522, "n_estimators": 18.334450022422054}, "datetime": {"datetime": "2021-09-17 13:28:49", "elapsed": 350.810578, "delta": 2.250662}}
{"target": -2.3725707819587303, "params": {"eta": 0.1919377904176467, "max_depth": 9.990819151684535, "n_estimators": 17.375588444065155}, "datetime": {"datetime": "2021-09-17 13:28:52", "elapsed": 353.468463, "delta": 2.657885}}
{"target": -3.6084348302138487, "params": {"eta": 0.10892819075769557, "max_depth": 10.496218366609519, "n_estimators": 19.283575936379634}, "datetime": {"datetime": "2021-09-17 13:28:54", "elapsed": 355.696437, "delta": 2.227974}}
{"target": -2.921389482523266, "params": {"eta": 0.1423195184221084, "max_depth": 10.032768108337468, "n_estimators": 17.29039227407975}, "datetime": {"datetime": "2021-09-17 13:28:56", "elapsed": 357.917116, "delta": 2.220679}}
{"target": -2.5313574389407507, "params": {"eta": 0.1646337747311905, "max_depth": 13.096055518052555, "n_estimators": 19.22933514243706}, "datetime": {"datetime": "2021-09-17 13:28:58", "elapsed": 359.275555, "delta": 1.358439}}
{"target": -2.2360279120896993, "params": {"eta": 0.19763100930985933, "max_depth": 10.544859974562954, "n_estimators": 19.404443820475617}, "datetime": {"datetime": "2021-09-17 13:29:00", "elapsed": 361.520883, "delta": 2.245328}}
{"target": -2.3909538262768795, "params": {"eta": 0.2, "max_depth": 10.655541987359092, "n_estimators": 19.401185309057496}, "datetime": {"datetime": "2021-09-17 13:29:02", "elapsed": 364.117534, "delta": 2.596651}}
{"target": -2.4873725357808563, "params": {"eta": 0.19125422351849714, "max_depth": 9.964483884413905, "n_estimators": 17.463242658144456}, "datetime": {"datetime": "2021-09-17 13:29:04", "elapsed": 366.063398, "delta": 1.945864}}
{"target": -2.4555392660592728, "params": {"eta": 0.18622510747258603, "max_depth": 14.317396970490622, "n_estimators": 17.766430977941287}, "datetime": {"datetime": "2021-09-17 13:29:06", "elapsed": 367.393804, "delta": 1.330406}}
{"target": -2.3909538262768795, "params": {"eta": 0.2, "max_depth": 10.730466555823977, "n_estimators": 19.302462353806067}, "datetime": {"datetime": "2021-09-17 13:29:08", "elapsed": 369.229298, "delta": 1.835494}}
{"target": -5.1168722190355, "params": {"eta": 0.09866411064766789, "max_depth": 11.839044525215122, "n_estimators": 16.315443681041522}, "datetime": {"datetime": "2021-09-17 13:29:09", "elapsed": 370.603238, "delta": 1.37394}}
{"target": -2.5311979005211276, "params": {"eta": 0.151011525735325, "max_depth": 10.767709007865129, "n_estimators": 19.39921875245268}, "datetime": {"datetime": "2021-09-17 13:29:10", "elapsed": 372.080236, "delta": 1.476998}}
{"target": -2.478291962648693, "params": {"eta": 0.2, "max_depth": 16.71965332747397, "n_estimators": 17.626082326446905}, "datetime": {"datetime": "2021-09-17 13:29:13", "elapsed": 374.322694, "delta": 2.242458}}
{"target": -3.13017524167111, "params": {"eta": 0.12721921831794109, "max_depth": 15.649401106242113, "n_estimators": 18.58629095163333}, "datetime": {"datetime": "2021-09-17 13:29:14", "elapsed": 375.705383, "delta": 1.382689}}
{"target": -4.60380736275723, "params": {"eta": 0.10049461958975854, "max_depth": 16.75143165930525, "n_estimators": 17.65970235227031}, "datetime": {"datetime": "2021-09-17 13:29:17", "elapsed": 378.421534, "delta": 2.716151}}
{"target": -2.3909538262768795, "params": {"eta": 0.2, "max_depth": 10.628862186708918, "n_estimators": 19.534239406378596}, "datetime": {"datetime": "2021-09-17 13:29:19", "elapsed": 380.52468, "delta": 2.103146}}
{"target": -2.500371671977796, "params": {"eta": 0.18026567613767097, "max_depth": 10.751851524706465, "n_estimators": 19.51706652298493}, "datetime": {"datetime": "2021-09-17 13:29:22", "elapsed": 383.255007, "delta": 2.730327}}
{"target": -2.516126975260283, "params": {"eta": 0.17988766838157783, "max_depth": 10.840219041332805, "n_estimators": 19.255507587177185}, "datetime": {"datetime": "2021-09-17 13:29:24", "elapsed": 385.745503, "delta": 2.490496}}
{"target": -5.165460145473481, "params": {"eta": 0.09324250639605913, "max_depth": 16.39416368944509, "n_estimators": 17.27817219803763}, "datetime": {"datetime": "2021-09-17 13:29:26", "elapsed": 387.672917, "delta": 1.927414}}
{"target": -2.478291962648693, "params": {"eta": 0.2, "max_depth": 16.487856501036326, "n_estimators": 17.13270607198268}, "datetime": {"datetime": "2021-09-17 13:29:29", "elapsed": 390.504307, "delta": 2.83139}}
{"target": -2.3909538262768795, "params": {"eta": 0.2, "max_depth": 10.888779520034195, "n_estimators": 19.379253906377627}, "datetime": {"datetime": "2021-09-17 13:29:31", "elapsed": 393.138325, "delta": 2.634018}}
{"target": -2.478291962648693, "params": {"eta": 0.2, "max_depth": 16.901550572440467, "n_estimators": 17.78623159849026}, "datetime": {"datetime": "2021-09-17 13:29:34", "elapsed": 395.587451, "delta": 2.449126}}
{"target": -2.37096773511485, "params": {"eta": 0.1923541422323719, "max_depth": 17.291601254728352, "n_estimators": 19.56140915231635}, "datetime": {"datetime": "2021-09-17 13:29:35", "elapsed": 396.991997, "delta": 1.404546}}
{"target": -2.4779506934316533, "params": {"eta": 0.17405987241094606, "max_depth": 10.875714239771323, "n_estimators": 19.510235295334063}, "datetime": {"datetime": "2021-09-17 13:29:38", "elapsed": 399.360271, "delta": 2.368274}}
{"target": -3.06259244366696, "params": {"eta": 0.12474671241962912, "max_depth": 17.257712328475762, "n_estimators": 19.65953094378588}, "datetime": {"datetime": "2021-09-17 13:29:40", "elapsed": 401.34826, "delta": 1.987989}}
{"target": -4.225828752392217, "params": {"eta": 0.0962834068272741, "max_depth": 10.871237704727767, "n_estimators": 19.39382357600514}, "datetime": {"datetime": "2021-09-17 13:29:42", "elapsed": 403.322715, "delta": 1.974455}}
{"target": -2.815051460893531, "params": {"eta": 0.1609907904548502, "max_depth": 16.958651625332028, "n_estimators": 16.98725430863507}, "datetime": {"datetime": "2021-09-17 13:29:43", "elapsed": 404.667518, "delta": 1.344803}}
{"target": -2.478291962648693, "params": {"eta": 0.2, "max_depth": 16.373576497637874, "n_estimators": 17.09874085991909}, "datetime": {"datetime": "2021-09-17 13:29:46", "elapsed": 407.343986, "delta": 2.676468}}
{"target": -2.862954451535878, "params": {"eta": 0.1314917213357437, "max_depth": 11.305963380694978, "n_estimators": 19.332867754644703}, "datetime": {"datetime": "2021-09-17 13:29:47", "elapsed": 408.633011, "delta": 1.289025}}
{"target": -2.4200169444084167, "params": {"eta": 0.2, "max_depth": 17.327926414285805, "n_estimators": 19.456246751831657}, "datetime": {"datetime": "2021-09-17 13:29:50", "elapsed": 411.613946, "delta": 2.980935}}
{"target": -3.0267928085829077, "params": {"eta": 0.12520063197792564, "max_depth": 17.421738269590637, "n_estimators": 19.52569407201826}, "datetime": {"datetime": "2021-09-17 13:29:52", "elapsed": 414.132466, "delta": 2.51852}}
{"target": -2.819970840529392, "params": {"eta": 0.13667990221565945, "max_depth": 17.188899779123638, "n_estimators": 19.488494226267957}, "datetime": {"datetime": "2021-09-17 13:29:55", "elapsed": 416.925708, "delta": 2.793242}}
{"target": -2.391422032055102, "params": {"eta": 0.18774863699252545, "max_depth": 10.902362826770306, "n_estimators": 19.62642909655444}, "datetime": {"datetime": "2021-09-17 13:29:58", "elapsed": 419.848522, "delta": 2.922814}}
{"target": -3.8700120668662223, "params": {"eta": 0.10801025164472486, "max_depth": 9.01731919748951, "n_estimators": 18.39425616486718}, "datetime": {"datetime": "2021-09-17 13:30:00", "elapsed": 421.153991, "delta": 1.305469}}
