{"target": 0.8515625875920859, "params": {"eta": 0.3837117079597411, "max_depth": 26.414842408726813, "n_estimators": 20.58765798495182}, "datetime": {"datetime": "2021-09-21 11:30:32", "elapsed": 1742.982882, "delta": 8.773811}}
{"target": 0.8439733096550246, "params": {"eta": 0.17848384488374158, "max_depth": 20.881924252867215, "n_estimators": 21.318789735774068}, "datetime": {"datetime": "2021-09-21 11:30:41", "elapsed": 1751.938214, "delta": 8.955332}}
{"target": 0.8668255338026036, "params": {"eta": 0.3361407067011866, "max_depth": 20.46954674268799, "n_estimators": 23.348986385947946}, "datetime": {"datetime": "2021-09-21 11:30:46", "elapsed": 1756.966229, "delta": 5.028015}}
{"target": 0.8334329626544825, "params": {"eta": 0.1, "max_depth": 17.80375152996834, "n_estimators": 34.530510647070805}, "datetime": {"datetime": "2021-09-21 11:30:53", "elapsed": 1764.033986, "delta": 7.067757}}
{"target": 0.8623154466672319, "params": {"eta": 0.1963839933440335, "max_depth": 41.23876322154959, "n_estimators": 30.754270153964708}, "datetime": {"datetime": "2021-09-21 11:31:00", "elapsed": 1771.109431, "delta": 7.075445}}
{"target": 0.7673729522913333, "params": {"eta": 0.4672908676059988, "max_depth": 2.957401571306452, "n_estimators": 44.01069482532205}, "datetime": {"datetime": "2021-09-21 11:31:04", "elapsed": 1775.864344, "delta": 4.754913}}
{"target": 0.8455208082439684, "params": {"eta": 0.448728346511021, "max_depth": 10.03985686272716, "n_estimators": 25.52840881331956}, "datetime": {"datetime": "2021-09-21 11:31:09", "elapsed": 1780.66479, "delta": 4.800446}}
{"target": 0.8394862069598171, "params": {"eta": 0.22857645565016793, "max_depth": 49.14561907595847, "n_estimators": 36.62453990329503}, "datetime": {"datetime": "2021-09-21 11:31:17", "elapsed": 1788.19953, "delta": 7.53474}}
{"target": 0.8430616677957283, "params": {"eta": 0.4608799257503591, "max_depth": 39.55320633175442, "n_estimators": 17.510077932091676}, "datetime": {"datetime": "2021-09-21 11:31:25", "elapsed": 1795.986797, "delta": 7.787267}}
{"target": 0.8124039755180357, "params": {"eta": 0.5, "max_depth": 12.441617319564438, "n_estimators": 46.45546937947046}, "datetime": {"datetime": "2021-09-21 11:31:33", "elapsed": 1804.57404, "delta": 8.587243}}
{"target": 0.8399553585949502, "params": {"eta": 0.17925014335403736, "max_depth": 32.678930195684636, "n_estimators": 22.167997234291363}, "datetime": {"datetime": "2021-09-21 11:31:40", "elapsed": 1811.152807, "delta": 6.578767}}
{"target": 0.8625650463357067, "params": {"eta": 0.20949808167241432, "max_depth": 46.6936471566823, "n_estimators": 44.298824879465485}, "datetime": {"datetime": "2021-09-21 11:31:49", "elapsed": 1820.754097, "delta": 9.60129}}
{"target": 0.8663138633791874, "params": {"eta": 0.40244992234226495, "max_depth": 15.533830461079292, "n_estimators": 48.94777348327014}, "datetime": {"datetime": "2021-09-21 11:31:55", "elapsed": 1826.000591, "delta": 5.246494}}
{"target": 0.861140187562509, "params": {"eta": 0.1864226172781418, "max_depth": 29.729837248666605, "n_estimators": 29.248002887080506}, "datetime": {"datetime": "2021-09-21 11:32:00", "elapsed": 1831.373753, "delta": 5.373162}}
{"target": 0.8468598833741532, "params": {"eta": 0.311293044836634, "max_depth": 29.301355500512944, "n_estimators": 27.458951188275872}, "datetime": {"datetime": "2021-09-21 11:32:13", "elapsed": 1843.950229, "delta": 12.576476}}
{"target": 0.840021514844667, "params": {"eta": 0.11501538607710256, "max_depth": 41.14564580867155, "n_estimators": 31.262340019034973}, "datetime": {"datetime": "2021-09-21 11:32:20", "elapsed": 1851.834757, "delta": 7.884528}}
{"target": 0.845092326209992, "params": {"eta": 0.16402149530272858, "max_depth": 43.643222317296534, "n_estimators": 31.270048507958062}, "datetime": {"datetime": "2021-09-21 11:32:26", "elapsed": 1857.602279, "delta": 5.767522}}
{"target": 0.6249231701455721, "params": {"eta": 0.1675730887234475, "max_depth": 44.225258937592756, "n_estimators": 10.745920641392264}, "datetime": {"datetime": "2021-09-21 11:32:31", "elapsed": 1862.775495, "delta": 5.173216}}
{"target": 0.8479953957540072, "params": {"eta": 0.3983087302046059, "max_depth": 23.379853000324864, "n_estimators": 38.934332228878425}, "datetime": {"datetime": "2021-09-21 11:32:37", "elapsed": 1868.715647, "delta": 5.940152}}
{"target": 0.872254155806244, "params": {"eta": 0.19297292588025217, "max_depth": 28.80743821038829, "n_estimators": 43.06281394790978}, "datetime": {"datetime": "2021-09-21 11:32:45", "elapsed": 1876.676794, "delta": 7.961147}}
{"target": 0.8421319553794043, "params": {"eta": 0.30372153329799234, "max_depth": 41.77232059995728, "n_estimators": 30.68715243680337}, "datetime": {"datetime": "2021-09-21 11:32:51", "elapsed": 1882.538694, "delta": 5.8619}}
{"target": 0.8230364028582423, "params": {"eta": 0.48432070272663486, "max_depth": 27.959176390450768, "n_estimators": 32.051560146657934}, "datetime": {"datetime": "2021-09-21 11:33:00", "elapsed": 1891.363009, "delta": 8.824315}}
{"target": 0.834372711496159, "params": {"eta": 0.4674422712851115, "max_depth": 7.314529606520674, "n_estimators": 15.59586950667073}, "datetime": {"datetime": "2021-09-21 11:33:05", "elapsed": 1896.506858, "delta": 5.143849}}
{"target": 0.8631049244826122, "params": {"eta": 0.18735591257763984, "max_depth": 13.022776896656616, "n_estimators": 33.85443204452926}, "datetime": {"datetime": "2021-09-21 11:33:10", "elapsed": 1901.455066, "delta": 4.948208}}
{"target": 0.8498163336531798, "params": {"eta": 0.1646098200296675, "max_depth": 48.225626178301226, "n_estimators": 24.348735636270533}, "datetime": {"datetime": "2021-09-21 11:33:15", "elapsed": 1906.535806, "delta": 5.08074}}
{"target": 0.8124039756651715, "params": {"eta": 0.5, "max_depth": 12.41233649815108, "n_estimators": 47.098495007640004}, "datetime": {"datetime": "2021-09-21 11:33:24", "elapsed": 1915.004173, "delta": 8.468367}}
{"target": 0.8587271528718959, "params": {"eta": 0.1608522875479657, "max_depth": 8.46494637815619, "n_estimators": 34.65106010606039}, "datetime": {"datetime": "2021-09-21 11:33:31", "elapsed": 1922.28902, "delta": 7.284847}}
{"target": 0.8035160622256938, "params": {"eta": 0.5, "max_depth": 41.317413940691935, "n_estimators": 30.96685216738013}, "datetime": {"datetime": "2021-09-21 11:33:41", "elapsed": 1932.185297, "delta": 9.896277}}
{"target": 0.8579797359079898, "params": {"eta": 0.21737027108013252, "max_depth": 28.375425421578804, "n_estimators": 42.84634349631567}, "datetime": {"datetime": "2021-09-21 11:33:52", "elapsed": 1943.104499, "delta": 10.919202}}
{"target": 0.8698573922793825, "params": {"eta": 0.4418984726352734, "max_depth": 29.023218534748004, "n_estimators": 43.091881499424524}, "datetime": {"datetime": "2021-09-21 11:33:59", "elapsed": 1950.70495, "delta": 7.600451}}
{"target": 0.8696782011337446, "params": {"eta": 0.18929313461935174, "max_depth": 29.09493569045035, "n_estimators": 42.832113750080666}, "datetime": {"datetime": "2021-09-21 11:34:07", "elapsed": 1958.780091, "delta": 8.075141}}
{"target": 0.8713184641098218, "params": {"eta": 0.3916559475571695, "max_depth": 45.869818222555985, "n_estimators": 23.319700700580693}, "datetime": {"datetime": "2021-09-21 11:34:14", "elapsed": 1965.787518, "delta": 7.007427}}
{"target": 0.845580628858202, "params": {"eta": 0.47119525035405774, "max_depth": 28.763869999879592, "n_estimators": 43.35474264446229}, "datetime": {"datetime": "2021-09-21 11:34:22", "elapsed": 1973.669174, "delta": 7.881656}}
{"target": 0.8709171089938035, "params": {"eta": 0.4631860059021893, "max_depth": 5.212316041991375, "n_estimators": 16.50833032184307}, "datetime": {"datetime": "2021-09-21 11:34:27", "elapsed": 1978.110985, "delta": 4.441811}}
{"target": 0.7185532148420544, "params": {"eta": 0.12346605913866467, "max_depth": 5.315570255302681, "n_estimators": 16.66756967804914}, "datetime": {"datetime": "2021-09-21 11:34:37", "elapsed": 1988.608578, "delta": 10.497593}}
{"target": 0.8363237063977345, "params": {"eta": 0.2534076185204167, "max_depth": 45.61095907716481, "n_estimators": 23.128839874526506}, "datetime": {"datetime": "2021-09-21 11:34:44", "elapsed": 1995.317494, "delta": 6.708916}}
{"target": 0.8472051658703927, "params": {"eta": 0.47402821172549736, "max_depth": 40.512151539574795, "n_estimators": 24.837062305229104}, "datetime": {"datetime": "2021-09-21 11:34:51", "elapsed": 2002.62187, "delta": 7.304376}}
{"target": 0.8446138415699129, "params": {"eta": 0.4677977816280703, "max_depth": 20.484833110594945, "n_estimators": 23.705173214269287}, "datetime": {"datetime": "2021-09-21 11:34:59", "elapsed": 2010.313772, "delta": 7.691902}}
{"target": 0.8575509181304812, "params": {"eta": 0.3149239580721612, "max_depth": 8.675442007902664, "n_estimators": 34.139831773446645}, "datetime": {"datetime": "2021-09-21 11:35:08", "elapsed": 2019.628742, "delta": 9.31497}}
{"target": 0.8675246830810697, "params": {"eta": 0.4423030910760669, "max_depth": 24.203723107757174, "n_estimators": 30.533025728024377}, "datetime": {"datetime": "2021-09-21 11:35:17", "elapsed": 2028.846263, "delta": 9.217521}}
{"target": 0.8616285653464071, "params": {"eta": 0.3229459723905177, "max_depth": 46.22667369776206, "n_estimators": 23.37683295851635}, "datetime": {"datetime": "2021-09-21 11:35:26", "elapsed": 2037.395716, "delta": 8.549453}}
{"target": 0.8651242533745724, "params": {"eta": 0.44376398609038414, "max_depth": 41.03837940092557, "n_estimators": 16.451221290561296}, "datetime": {"datetime": "2021-09-21 11:35:32", "elapsed": 2043.449152, "delta": 6.053436}}
{"target": 0.8385873254059407, "params": {"eta": 0.5, "max_depth": 5.041130438003901, "n_estimators": 16.244476068728538}, "datetime": {"datetime": "2021-09-21 11:35:43", "elapsed": 2054.159227, "delta": 10.710075}}
{"target": 0.8035244502948439, "params": {"eta": 0.5, "max_depth": 45.96734992772852, "n_estimators": 23.645797193687528}, "datetime": {"datetime": "2021-09-21 11:35:51", "elapsed": 2062.576116, "delta": 8.416889}}
{"target": 0.8432006400360097, "params": {"eta": 0.2777057477717245, "max_depth": 24.522723735791253, "n_estimators": 30.643176152554286}, "datetime": {"datetime": "2021-09-21 11:35:59", "elapsed": 2070.637606, "delta": 8.06149}}
{"target": 0.8348496677714904, "params": {"eta": 0.10223135506693547, "max_depth": 49.70601639034874, "n_estimators": 45.84266217338854}, "datetime": {"datetime": "2021-09-21 11:36:06", "elapsed": 2076.977678, "delta": 6.340072}}
{"target": 0.8360338663001665, "params": {"eta": 0.38566172041689417, "max_depth": 49.78717818385723, "n_estimators": 22.927288338834543}, "datetime": {"datetime": "2021-09-21 11:36:12", "elapsed": 2083.175051, "delta": 6.197373}}
{"target": 0.8536892025012021, "params": {"eta": 0.39295025865039535, "max_depth": 46.198518819575284, "n_estimators": 22.959332784295032}, "datetime": {"datetime": "2021-09-21 11:36:21", "elapsed": 2092.41379, "delta": 9.238739}}
{"target": 0.8457532513454652, "params": {"eta": 0.30113085248116755, "max_depth": 29.39321541633571, "n_estimators": 42.90356301108292}, "datetime": {"datetime": "2021-09-21 11:36:32", "elapsed": 2103.145832, "delta": 10.732042}}
{"target": 0.8536686359191435, "params": {"eta": 0.2703198203361231, "max_depth": 15.871821855091637, "n_estimators": 39.95818566572922}, "datetime": {"datetime": "2021-09-21 11:36:49", "elapsed": 2119.982559, "delta": 16.836727}}
{"target": 0.8030816095837909, "params": {"eta": 0.4994177394957755, "max_depth": 45.70684856485529, "n_estimators": 22.449408615828492}, "datetime": {"datetime": "2021-09-21 11:36:57", "elapsed": 2128.382815, "delta": 8.400256}}
{"target": 0.8800963713054615, "params": {"eta": 0.3548830630382901, "max_depth": 8.422531027166627, "n_estimators": 18.105989420809646}, "datetime": {"datetime": "2021-09-21 11:37:03", "elapsed": 2134.084746, "delta": 5.701931}}
{"target": 0.8628304467825911, "params": {"eta": 0.21027370964194703, "max_depth": 46.836811896958224, "n_estimators": 16.317464656290394}, "datetime": {"datetime": "2021-09-21 11:37:07", "elapsed": 2138.744054, "delta": 4.659308}}
{"target": 0.8630640589790033, "params": {"eta": 0.26393366944839125, "max_depth": 8.053851480806397, "n_estimators": 18.07678864267267}, "datetime": {"datetime": "2021-09-21 11:37:19", "elapsed": 2150.309244, "delta": 11.56519}}
{"target": 0.8706709353064002, "params": {"eta": 0.18839050783878603, "max_depth": 46.95238346284196, "n_estimators": 44.66842248274083}, "datetime": {"datetime": "2021-09-21 11:37:28", "elapsed": 2159.122757, "delta": 8.813513}}
{"target": 0.8353278391605047, "params": {"eta": 0.2880051292728506, "max_depth": 8.774073415470687, "n_estimators": 18.092625631765404}, "datetime": {"datetime": "2021-09-21 11:37:37", "elapsed": 2168.311844, "delta": 9.189087}}
{"target": 0.8311049350598445, "params": {"eta": 0.407849449616581, "max_depth": 8.282498244772249, "n_estimators": 17.73406943383207}, "datetime": {"datetime": "2021-09-21 11:37:53", "elapsed": 2184.319863, "delta": 16.008019}}
{"target": 0.8766842561946052, "params": {"eta": 0.2065110430613165, "max_depth": 11.25126494875341, "n_estimators": 26.484833416019804}, "datetime": {"datetime": "2021-09-21 11:38:00", "elapsed": 2191.467585, "delta": 7.147722}}
{"target": 0.8714122524030217, "params": {"eta": 0.15199287548615362, "max_depth": 35.0184622345484, "n_estimators": 42.79395772101945}, "datetime": {"datetime": "2021-09-21 11:38:11", "elapsed": 2201.921277, "delta": 10.453692}}
{"target": 0.8420730313818213, "params": {"eta": 0.23031142300157242, "max_depth": 10.85117112981683, "n_estimators": 26.40931170723214}, "datetime": {"datetime": "2021-09-21 11:38:23", "elapsed": 2214.077317, "delta": 12.15604}}
{"target": 0.800776150420098, "params": {"eta": 0.4915695272754457, "max_depth": 8.171588357679607, "n_estimators": 18.378067361093816}, "datetime": {"datetime": "2021-09-21 11:38:32", "elapsed": 2223.854918, "delta": 9.777601}}
{"target": 0.8570730140301646, "params": {"eta": 0.15441725887102403, "max_depth": 46.62173913300938, "n_estimators": 44.68781255673074}, "datetime": {"datetime": "2021-09-21 11:39:01", "elapsed": 2252.556666, "delta": 28.701748}}
{"target": 0.8463795431667298, "params": {"eta": 0.46109018504229315, "max_depth": 11.31169757527886, "n_estimators": 26.185481008668376}, "datetime": {"datetime": "2021-09-21 11:39:13", "elapsed": 2264.667602, "delta": 12.110936}}
{"target": 0.8480691589146572, "params": {"eta": 0.27191600237652847, "max_depth": 44.10907572925366, "n_estimators": 33.089496570666334}, "datetime": {"datetime": "2021-09-21 11:39:20", "elapsed": 2271.050053, "delta": 6.382451}}
{"target": 0.8539376247607977, "params": {"eta": 0.17686095992713993, "max_depth": 14.709596106222467, "n_estimators": 42.54605972909107}, "datetime": {"datetime": "2021-09-21 11:39:27", "elapsed": 2278.755088, "delta": 7.705035}}
{"target": 0.803513350778798, "params": {"eta": 0.5, "max_depth": 46.85670126657392, "n_estimators": 44.524927670257114}, "datetime": {"datetime": "2021-09-21 11:39:43", "elapsed": 2294.203501, "delta": 15.448413}}
{"target": 0.8483626663689168, "params": {"eta": 0.21616591751192657, "max_depth": 11.140597609290248, "n_estimators": 26.755018205746634}, "datetime": {"datetime": "2021-09-21 11:39:54", "elapsed": 2305.234845, "delta": 11.031344}}
{"target": 0.8452213036637443, "params": {"eta": 0.1507700937845539, "max_depth": 5.541677417337332, "n_estimators": 25.95181007918178}, "datetime": {"datetime": "2021-09-21 11:40:01", "elapsed": 2312.797539, "delta": 7.562694}}
{"target": 0.8393067568256862, "params": {"eta": 0.27960952160175556, "max_depth": 39.980228443829, "n_estimators": 17.89300082681176}, "datetime": {"datetime": "2021-09-21 11:40:11", "elapsed": 2322.295827, "delta": 9.498288}}
{"target": 0.8349349225827035, "params": {"eta": 0.2860690140007277, "max_depth": 38.768955766754246, "n_estimators": 34.49749814045677}, "datetime": {"datetime": "2021-09-21 11:40:23", "elapsed": 2333.936235, "delta": 11.640408}}
{"target": 0.8531397573562486, "params": {"eta": 0.2431410111323111, "max_depth": 35.34480777794874, "n_estimators": 42.7267734333258}, "datetime": {"datetime": "2021-09-21 11:40:35", "elapsed": 2346.870157, "delta": 12.933922}}
{"target": 0.858776330758521, "params": {"eta": 0.36530425201882843, "max_depth": 49.72357781572027, "n_estimators": 46.78439440793424}, "datetime": {"datetime": "2021-09-21 11:40:44", "elapsed": 2355.030707, "delta": 8.16055}}
{"target": 0.8523130131315095, "params": {"eta": 0.24039236886137144, "max_depth": 35.10665183326071, "n_estimators": 43.11616863743374}, "datetime": {"datetime": "2021-09-21 11:40:52", "elapsed": 2363.213687, "delta": 8.18298}}
{"target": 0.8542545796484455, "params": {"eta": 0.24007552745893426, "max_depth": 4.784827121559776, "n_estimators": 42.61671868995688}, "datetime": {"datetime": "2021-09-21 11:40:59", "elapsed": 2370.746202, "delta": 7.532515}}
{"target": 0.8503089547658174, "params": {"eta": 0.39643275325722527, "max_depth": 12.806967599280817, "n_estimators": 46.34800200464068}, "datetime": {"datetime": "2021-09-21 11:41:08", "elapsed": 2379.20558, "delta": 8.459378}}
{"target": 0.8647285970179919, "params": {"eta": 0.2671417123337103, "max_depth": 39.58464408110808, "n_estimators": 36.311838915749256}, "datetime": {"datetime": "2021-09-21 11:41:21", "elapsed": 2392.10919, "delta": 12.90361}}
{"target": 0.8644513457785448, "params": {"eta": 0.38747749422198674, "max_depth": 13.0863791802327, "n_estimators": 25.590080096848137}, "datetime": {"datetime": "2021-09-21 11:41:26", "elapsed": 2397.774582, "delta": 5.665392}}
{"target": 0.8458307865285596, "params": {"eta": 0.11287811340988681, "max_depth": 29.109994320471145, "n_estimators": 43.1718359947667}, "datetime": {"datetime": "2021-09-21 11:41:39", "elapsed": 2410.872732, "delta": 13.09815}}
{"target": 0.8638421238058342, "params": {"eta": 0.38405979563859627, "max_depth": 9.449797270755685, "n_estimators": 11.274332993849532}, "datetime": {"datetime": "2021-09-21 11:41:50", "elapsed": 2421.169634, "delta": 10.296902}}
{"target": 0.7984971882388756, "params": {"eta": 0.44792894274628814, "max_depth": 2.9253169000126356, "n_estimators": 19.718896794416327}, "datetime": {"datetime": "2021-09-21 11:41:57", "elapsed": 2427.960374, "delta": 6.79074}}
{"target": 0.8038911747149831, "params": {"eta": 0.4923911150863264, "max_depth": 37.39128831950902, "n_estimators": 39.290248735335645}, "datetime": {"datetime": "2021-09-21 11:42:07", "elapsed": 2437.929234, "delta": 9.96886}}
{"target": 0.8462528033329415, "params": {"eta": 0.41888654256861313, "max_depth": 4.951914877875927, "n_estimators": 26.593129194366757}, "datetime": {"datetime": "2021-09-21 11:42:15", "elapsed": 2446.198108, "delta": 8.268874}}
{"target": 0.6962104545937444, "params": {"eta": 0.1052890509126196, "max_depth": 8.401182658703155, "n_estimators": 18.111076758613045}, "datetime": {"datetime": "2021-09-21 11:42:28", "elapsed": 2459.365174, "delta": 13.167066}}
{"target": 0.8824757161531854, "params": {"eta": 0.20999455216953164, "max_depth": 11.543610284240339, "n_estimators": 26.333572560897885}, "datetime": {"datetime": "2021-09-21 11:42:42", "elapsed": 2473.633775, "delta": 14.268601}}
{"target": 0.843763990192281, "params": {"eta": 0.13981427724226392, "max_depth": 11.525884612593758, "n_estimators": 26.59170534274911}, "datetime": {"datetime": "2021-09-21 11:42:53", "elapsed": 2484.87235, "delta": 11.238575}}
{"target": 0.8382279763781837, "params": {"eta": 0.42406401434806984, "max_depth": 31.262487552959776, "n_estimators": 35.74451551117239}, "datetime": {"datetime": "2021-09-21 11:43:06", "elapsed": 2497.02909, "delta": 12.15674}}
{"target": 0.8554795085003798, "params": {"eta": 0.3251244524584729, "max_depth": 11.78895769487833, "n_estimators": 26.18239622954709}, "datetime": {"datetime": "2021-09-21 11:43:17", "elapsed": 2508.895779, "delta": 11.866689}}
{"target": 0.803509647059429, "params": {"eta": 0.47742689067001887, "max_depth": 34.96256702315259, "n_estimators": 42.75493586435372}, "datetime": {"datetime": "2021-09-21 11:43:30", "elapsed": 2521.722997, "delta": 12.827218}}
{"target": 0.8360490195506338, "params": {"eta": 0.2749926333635296, "max_depth": 35.73967803516685, "n_estimators": 33.799988810633124}, "datetime": {"datetime": "2021-09-21 11:43:37", "elapsed": 2528.43725, "delta": 6.714253}}
{"target": 0.8402288159896275, "params": {"eta": 0.2990097737279528, "max_depth": 9.903308732307732, "n_estimators": 44.28421375521113}, "datetime": {"datetime": "2021-09-21 11:43:45", "elapsed": 2536.608008, "delta": 8.170758}}
{"target": 0.8279150809920841, "params": {"eta": 0.4164957619739803, "max_depth": 42.97111322228575, "n_estimators": 18.65933692302573}, "datetime": {"datetime": "2021-09-21 11:43:52", "elapsed": 2543.645304, "delta": 7.037296}}
{"target": 0.8352588060969279, "params": {"eta": 0.2989772043294381, "max_depth": 12.092719317539114, "n_estimators": 18.302853440126672}, "datetime": {"datetime": "2021-09-21 11:44:05", "elapsed": 2556.615027, "delta": 12.969723}}
{"target": 0.8626532837098984, "params": {"eta": 0.43605319440065493, "max_depth": 23.995703391967368, "n_estimators": 30.810588326517635}, "datetime": {"datetime": "2021-09-21 11:44:21", "elapsed": 2572.760033, "delta": 16.145006}}
{"target": 0.8567893508706407, "params": {"eta": 0.265982920981367, "max_depth": 45.02995726205433, "n_estimators": 44.64194343961312}, "datetime": {"datetime": "2021-09-21 11:44:34", "elapsed": 2585.375483, "delta": 12.61545}}
{"target": 0.8516604222766844, "params": {"eta": 0.2728086547999625, "max_depth": 25.317168696735557, "n_estimators": 16.976031177523595}, "datetime": {"datetime": "2021-09-21 11:44:42", "elapsed": 2593.672704, "delta": 8.297221}}
{"target": 0.8460558532225609, "params": {"eta": 0.34651605185776524, "max_depth": 23.104236952284083, "n_estimators": 48.54237886267273}, "datetime": {"datetime": "2021-09-21 11:44:57", "elapsed": 2608.703652, "delta": 15.030948}}
