{"target": -2.5079712077191, "params": {"eta": 0.37337139174568795, "max_depth": 11.453822422552813, "n_estimators": 16.054105934548975}, "datetime": {"datetime": "2021-09-17 13:17:17", "elapsed": 103.12861, "delta": 1.054313}}
{"target": -2.3716642260551453, "params": {"eta": 0.2370300468918959, "max_depth": 12.299882665195192, "n_estimators": 19.839773568249043}, "datetime": {"datetime": "2021-09-17 13:17:18", "elapsed": 103.83843, "delta": 0.70982}}
{"target": -2.3388874486873026, "params": {"eta": 0.22326865257733464, "max_depth": 14.588628680023945, "n_estimators": 18.16571005262168}, "datetime": {"datetime": "2021-09-17 13:17:19", "elapsed": 104.740347, "delta": 0.901917}}
{"target": -2.5953043140863117, "params": {"eta": 0.3249831996160375, "max_depth": 9.286113153112424, "n_estimators": 18.678423424562403}, "datetime": {"datetime": "2021-09-17 13:17:19", "elapsed": 105.666937, "delta": 0.92659}}
{"target": -2.484313238921918, "params": {"eta": 0.2553332426496747, "max_depth": 11.704075385152157, "n_estimators": 16.258824867898415}, "datetime": {"datetime": "2021-09-17 13:17:21", "elapsed": 106.871414, "delta": 1.204477}}
{"target": -2.423271476595025, "params": {"eta": 0.29506046661496244, "max_depth": 12.655839670522152, "n_estimators": 18.242223638949454}, "datetime": {"datetime": "2021-09-17 13:17:22", "elapsed": 107.745243, "delta": 0.873829}}
{"target": -2.551880433684901, "params": {"eta": 0.3054883546968703, "max_depth": 16.305556438743466, "n_estimators": 17.83169840151686}, "datetime": {"datetime": "2021-09-17 13:17:23", "elapsed": 109.219249, "delta": 1.474006}}
{"target": -2.554583283474571, "params": {"eta": 0.2254318587427347, "max_depth": 8.650158500854218, "n_estimators": 17.749327684080537}, "datetime": {"datetime": "2021-09-17 13:17:24", "elapsed": 110.044374, "delta": 0.825125}}
{"target": -2.4290868614849295, "params": {"eta": 0.3023604287920764, "max_depth": 12.02589235025685, "n_estimators": 16.722962690746527}, "datetime": {"datetime": "2021-09-17 13:17:25", "elapsed": 110.824099, "delta": 0.779725}}
{"target": -2.411660687546981, "params": {"eta": 0.2269983190301095, "max_depth": 8.562757967549574, "n_estimators": 19.61172074108406}, "datetime": {"datetime": "2021-09-17 13:17:25", "elapsed": 111.588105, "delta": 0.764006}}
{"target": -2.4174768422779285, "params": {"eta": 0.21401887528765176, "max_depth": 17.74846009747612, "n_estimators": 17.618347500025422}, "datetime": {"datetime": "2021-09-17 13:17:26", "elapsed": 112.428325, "delta": 0.84022}}
{"target": -2.511784313227001, "params": {"eta": 0.2519925567104728, "max_depth": 10.158654509183016, "n_estimators": 18.4590692948612}, "datetime": {"datetime": "2021-09-17 13:17:27", "elapsed": 113.18432, "delta": 0.755995}}
{"target": -2.4339320728653355, "params": {"eta": 0.3613454666421721, "max_depth": 11.65097558168962, "n_estimators": 16.75065074739113}, "datetime": {"datetime": "2021-09-17 13:17:28", "elapsed": 114.129469, "delta": 0.945149}}
{"target": -2.4769352831338582, "params": {"eta": 0.3533151797129561, "max_depth": 15.558805957036856, "n_estimators": 16.94981346439995}, "datetime": {"datetime": "2021-09-17 13:17:29", "elapsed": 114.905127, "delta": 0.775658}}
{"target": -2.377854954568963, "params": {"eta": 0.21018383723523304, "max_depth": 11.020150998446404, "n_estimators": 16.40337997771643}, "datetime": {"datetime": "2021-09-17 13:17:29", "elapsed": 115.718099, "delta": 0.812972}}
{"target": -2.2847234318130893, "params": {"eta": 0.3273884310691947, "max_depth": 11.370908738042932, "n_estimators": 16.97276615754299}, "datetime": {"datetime": "2021-09-17 13:17:30", "elapsed": 116.507669, "delta": 0.78957}}
{"target": -2.3645442172100672, "params": {"eta": 0.20926610546257518, "max_depth": 9.21554905841487, "n_estimators": 18.2507672172714}, "datetime": {"datetime": "2021-09-17 13:17:31", "elapsed": 117.273669, "delta": 0.766}}
{"target": -2.310790047520085, "params": {"eta": 0.20439540282608484, "max_depth": 13.570748724527412, "n_estimators": 17.459054364876756}, "datetime": {"datetime": "2021-09-17 13:17:32", "elapsed": 118.084372, "delta": 0.810703}}
{"target": -2.449626066182789, "params": {"eta": 0.23192302922823615, "max_depth": 17.06682710699825, "n_estimators": 18.07284593388871}, "datetime": {"datetime": "2021-09-17 13:17:33", "elapsed": 118.891373, "delta": 0.807001}}
{"target": -2.5324486117613945, "params": {"eta": 0.3501128190742102, "max_depth": 13.82817858054824, "n_estimators": 19.31933398583009}, "datetime": {"datetime": "2021-09-17 13:17:34", "elapsed": 119.749865, "delta": 0.858492}}
{"target": -2.412330668850949, "params": {"eta": 0.284681631093922, "max_depth": 15.689681170989502, "n_estimators": 16.646268779111608}, "datetime": {"datetime": "2021-09-17 13:17:34", "elapsed": 120.640541, "delta": 0.890676}}
{"target": -2.4798377752304077, "params": {"eta": 0.37556978885251985, "max_depth": 16.475126402122054, "n_estimators": 16.26458171461541}, "datetime": {"datetime": "2021-09-17 13:17:35", "elapsed": 121.658812, "delta": 1.018271}}
{"target": -2.5942608193347323, "params": {"eta": 0.37448289741640045, "max_depth": 9.483889213691569, "n_estimators": 16.073401888760458}, "datetime": {"datetime": "2021-09-17 13:17:36", "elapsed": 122.484809, "delta": 0.825997}}
{"target": -2.360197556018829, "params": {"eta": 0.27307797303871484, "max_depth": 13.59563512700377, "n_estimators": 18.028538207868863}, "datetime": {"datetime": "2021-09-17 13:17:37", "elapsed": 123.577809, "delta": 1.093}}
{"target": -2.4652853175213463, "params": {"eta": 0.2988306543152762, "max_depth": 14.543631022636795, "n_estimators": 16.35265233755805}, "datetime": {"datetime": "2021-09-17 13:17:38", "elapsed": 124.423175, "delta": 0.845366}}
{"target": -2.331095851095099, "params": {"eta": 0.33205335865748375, "max_depth": 8.263595252621787, "n_estimators": 17.98899298776927}, "datetime": {"datetime": "2021-09-17 13:17:39", "elapsed": 125.195827, "delta": 0.772652}}
{"target": -2.410040078665081, "params": {"eta": 0.24117561695997872, "max_depth": 14.22221104847533, "n_estimators": 19.214982322943463}, "datetime": {"datetime": "2021-09-17 13:17:40", "elapsed": 126.108482, "delta": 0.912655}}
{"target": -2.5875213786175375, "params": {"eta": 0.3048226354532665, "max_depth": 9.617346508731178, "n_estimators": 16.55835539081275}, "datetime": {"datetime": "2021-09-17 13:17:41", "elapsed": 126.970479, "delta": 0.861997}}
{"target": -2.40222373949854, "params": {"eta": 0.2835587208944226, "max_depth": 17.76285720282819, "n_estimators": 19.63103289863051}, "datetime": {"datetime": "2021-09-17 13:17:42", "elapsed": 128.260782, "delta": 1.290303}}
{"target": -2.4447959046614796, "params": {"eta": 0.23918614851888642, "max_depth": 15.633820886914748, "n_estimators": 19.4370077429093}, "datetime": {"datetime": "2021-09-17 13:17:43", "elapsed": 129.541778, "delta": 1.280996}}
{"target": -2.323257961398677, "params": {"eta": 0.23367607078058023, "max_depth": 11.731098952164073, "n_estimators": 17.828410353292032}, "datetime": {"datetime": "2021-09-17 13:17:44", "elapsed": 130.400705, "delta": 0.858927}}
{"target": -2.401932232003463, "params": {"eta": 0.22055934321993967, "max_depth": 14.727063604566272, "n_estimators": 19.47243063370348}, "datetime": {"datetime": "2021-09-17 13:17:45", "elapsed": 131.716113, "delta": 1.315408}}
{"target": -2.325068590515538, "params": {"eta": 0.223414682590365, "max_depth": 15.761062735982687, "n_estimators": 19.072566134672808}, "datetime": {"datetime": "2021-09-17 13:17:46", "elapsed": 132.598163, "delta": 0.88205}}
{"target": -2.374228625548513, "params": {"eta": 0.23771207287131652, "max_depth": 14.540225536945552, "n_estimators": 18.21402705376508}, "datetime": {"datetime": "2021-09-17 13:17:47", "elapsed": 133.493162, "delta": 0.894999}}
{"target": -2.4177408814430237, "params": {"eta": 0.23206848400731253, "max_depth": 11.728443618089393, "n_estimators": 17.845437077671868}, "datetime": {"datetime": "2021-09-17 13:17:49", "elapsed": 134.789424, "delta": 1.296262}}
{"target": -2.490615194722226, "params": {"eta": 0.3244295050072056, "max_depth": 8.271071868133841, "n_estimators": 17.983873252998933}, "datetime": {"datetime": "2021-09-17 13:17:50", "elapsed": 135.931654, "delta": 1.14223}}
{"target": -2.510465630104667, "params": {"eta": 0.24628629707629424, "max_depth": 11.171538172999798, "n_estimators": 18.738805746715048}, "datetime": {"datetime": "2021-09-17 13:17:51", "elapsed": 136.779657, "delta": 0.848003}}
{"target": -2.448372055354871, "params": {"eta": 0.3090849963845795, "max_depth": 12.596025899277052, "n_estimators": 19.707011318515022}, "datetime": {"datetime": "2021-09-17 13:17:51", "elapsed": 137.684717, "delta": 0.90506}}
{"target": -2.499688430836326, "params": {"eta": 0.21609359729328081, "max_depth": 9.525287630437159, "n_estimators": 17.68649239996805}, "datetime": {"datetime": "2021-09-17 13:17:53", "elapsed": 138.824715, "delta": 1.139998}}
{"target": -2.4738033495451277, "params": {"eta": 0.30284892338511793, "max_depth": 14.911966535021504, "n_estimators": 17.311972451753004}, "datetime": {"datetime": "2021-09-17 13:17:54", "elapsed": 139.964742, "delta": 1.140027}}
{"target": -2.4084660254026713, "params": {"eta": 0.3416281797510409, "max_depth": 14.846378427096967, "n_estimators": 16.413292439953942}, "datetime": {"datetime": "2021-09-17 13:17:55", "elapsed": 141.286051, "delta": 1.321309}}
{"target": -2.47246110564784, "params": {"eta": 0.38040548279427766, "max_depth": 13.415615680439759, "n_estimators": 17.206613668868805}, "datetime": {"datetime": "2021-09-17 13:17:56", "elapsed": 142.39028, "delta": 1.104229}}
{"target": -2.4272799893429404, "params": {"eta": 0.2266640372711276, "max_depth": 16.12455381395177, "n_estimators": 19.21689038081693}, "datetime": {"datetime": "2021-09-17 13:17:57", "elapsed": 143.289281, "delta": 0.899001}}
{"target": -2.4554706987581754, "params": {"eta": 0.21261306157252688, "max_depth": 16.860368276841218, "n_estimators": 16.69477612788332}, "datetime": {"datetime": "2021-09-17 13:17:58", "elapsed": 144.46448, "delta": 1.175199}}
{"target": -2.3836738002927675, "params": {"eta": 0.24077987993803565, "max_depth": 17.04002313738424, "n_estimators": 16.589448676979007}, "datetime": {"datetime": "2021-09-17 13:17:59", "elapsed": 145.387188, "delta": 0.922708}}
{"target": -2.502071911410282, "params": {"eta": 0.3630039163146557, "max_depth": 13.363789307485568, "n_estimators": 17.66909727525363}, "datetime": {"datetime": "2021-09-17 13:18:00", "elapsed": 146.658731, "delta": 1.271543}}
{"target": -2.4331347578450253, "params": {"eta": 0.2474777088661415, "max_depth": 9.912978348342833, "n_estimators": 16.00335884079426}, "datetime": {"datetime": "2021-09-17 13:18:02", "elapsed": 147.842606, "delta": 1.183875}}
{"target": -2.5008329535785476, "params": {"eta": 0.3090086753548066, "max_depth": 8.865217102833435, "n_estimators": 17.815543943362677}, "datetime": {"datetime": "2021-09-17 13:18:02", "elapsed": 148.716608, "delta": 0.874002}}
{"target": -2.470742060008802, "params": {"eta": 0.3961021813731964, "max_depth": 12.740462259824614, "n_estimators": 16.489735481931927}, "datetime": {"datetime": "2021-09-17 13:18:03", "elapsed": 149.652606, "delta": 0.935998}}
{"target": -2.4576246506289428, "params": {"eta": 0.2181789832301037, "max_depth": 16.1117966129996, "n_estimators": 17.824929204731752}, "datetime": {"datetime": "2021-09-17 13:18:04", "elapsed": 150.596597, "delta": 0.943991}}
{"target": -2.4499621435215597, "params": {"eta": 0.3954036815173717, "max_depth": 12.826189604655596, "n_estimators": 16.505162159851444}, "datetime": {"datetime": "2021-09-17 13:18:05", "elapsed": 151.646594, "delta": 1.049997}}
{"target": -2.466851922085411, "params": {"eta": 0.31795246120578063, "max_depth": 16.997105907227116, "n_estimators": 19.03399025201354}, "datetime": {"datetime": "2021-09-17 13:18:07", "elapsed": 152.78565, "delta": 1.139056}}
{"target": -2.4684187073456614, "params": {"eta": 0.3660800158745843, "max_depth": 9.666878730503928, "n_estimators": 18.22005653567917}, "datetime": {"datetime": "2021-09-17 13:18:08", "elapsed": 153.817654, "delta": 1.032004}}
{"target": -2.4938098612584567, "params": {"eta": 0.2465204764926916, "max_depth": 9.011410249391941, "n_estimators": 17.188060740025314}, "datetime": {"datetime": "2021-09-17 13:18:09", "elapsed": 154.793835, "delta": 0.976181}}
{"target": -2.5406993539709797, "params": {"eta": 0.3813222543845251, "max_depth": 16.382708835323136, "n_estimators": 18.99520838726218}, "datetime": {"datetime": "2021-09-17 13:18:10", "elapsed": 155.778945, "delta": 0.98511}}
{"target": -2.3850571920997217, "params": {"eta": 0.3513051785006261, "max_depth": 10.60246328785831, "n_estimators": 19.35810344133713}, "datetime": {"datetime": "2021-09-17 13:18:10", "elapsed": 156.697945, "delta": 0.919}}
{"target": -2.4171267145558404, "params": {"eta": 0.22347104534595863, "max_depth": 9.738088220545244, "n_estimators": 18.707414314711702}, "datetime": {"datetime": "2021-09-17 13:18:12", "elapsed": 157.8442, "delta": 1.146255}}
{"target": -2.472186441170542, "params": {"eta": 0.34681633073786916, "max_depth": 17.859823259388797, "n_estimators": 18.320122223206045}, "datetime": {"datetime": "2021-09-17 13:18:13", "elapsed": 159.065098, "delta": 1.220898}}
{"target": -2.386504692780344, "params": {"eta": 0.2680580509050329, "max_depth": 9.871234632153012, "n_estimators": 19.83385510185756}, "datetime": {"datetime": "2021-09-17 13:18:14", "elapsed": 160.440963, "delta": 1.375865}}
{"target": -2.4268692700486434, "params": {"eta": 0.3784263707275711, "max_depth": 14.305102874711764, "n_estimators": 19.055125518566356}, "datetime": {"datetime": "2021-09-17 13:18:15", "elapsed": 161.728108, "delta": 1.287145}}
{"target": -2.5117498673890766, "params": {"eta": 0.39787580345490664, "max_depth": 17.34113619746209, "n_estimators": 16.220849130239486}, "datetime": {"datetime": "2021-09-17 13:18:16", "elapsed": 162.687831, "delta": 0.959723}}
{"target": -2.4858602492432844, "params": {"eta": 0.31678144266264285, "max_depth": 13.770985989765158, "n_estimators": 17.04770122758071}, "datetime": {"datetime": "2021-09-17 13:18:18", "elapsed": 163.747376, "delta": 1.059545}}
{"target": -2.4631630157169546, "params": {"eta": 0.30467834284803386, "max_depth": 8.478852616159, "n_estimators": 19.416132188415467}, "datetime": {"datetime": "2021-09-17 13:18:19", "elapsed": 165.449985, "delta": 1.702609}}
{"target": -2.496590757369995, "params": {"eta": 0.27983457065206324, "max_depth": 9.820563255537625, "n_estimators": 16.127082537768253}, "datetime": {"datetime": "2021-09-17 13:18:20", "elapsed": 166.372286, "delta": 0.922301}}
{"target": -2.5142741548387626, "params": {"eta": 0.3728065922183266, "max_depth": 12.321599291958588, "n_estimators": 17.12055810712989}, "datetime": {"datetime": "2021-09-17 13:18:21", "elapsed": 167.380229, "delta": 1.007943}}
{"target": -2.4294831244569073, "params": {"eta": 0.24040673630094897, "max_depth": 13.926049538551155, "n_estimators": 16.59447034300566}, "datetime": {"datetime": "2021-09-17 13:18:22", "elapsed": 168.3432, "delta": 0.962971}}
{"target": -2.3053141035531697, "params": {"eta": 0.3037520739601388, "max_depth": 10.337600986829969, "n_estimators": 18.35724234153985}, "datetime": {"datetime": "2021-09-17 13:18:23", "elapsed": 169.294661, "delta": 0.951461}}
{"target": -2.477419452290786, "params": {"eta": 0.380848889924746, "max_depth": 8.53852290675244, "n_estimators": 18.555594178448086}, "datetime": {"datetime": "2021-09-17 13:18:24", "elapsed": 170.336125, "delta": 1.041464}}
{"target": -2.4730847804169906, "params": {"eta": 0.31104240971575564, "max_depth": 13.441822351431945, "n_estimators": 17.71018975022612}, "datetime": {"datetime": "2021-09-17 13:18:26", "elapsed": 171.744979, "delta": 1.408854}}
{"target": -2.3696580755083185, "params": {"eta": 0.28264629707332906, "max_depth": 11.16216510554426, "n_estimators": 16.598543079994528}, "datetime": {"datetime": "2021-09-17 13:18:26", "elapsed": 172.70018, "delta": 0.955201}}
{"target": -2.4175875538273863, "params": {"eta": 0.3948417571428142, "max_depth": 15.061182095429015, "n_estimators": 17.55755898269281}, "datetime": {"datetime": "2021-09-17 13:18:28", "elapsed": 173.828754, "delta": 1.128574}}
{"target": -2.5234311292045994, "params": {"eta": 0.3549952472142036, "max_depth": 17.35121397896927, "n_estimators": 18.81638488119285}, "datetime": {"datetime": "2021-09-17 13:18:29", "elapsed": 175.2768, "delta": 1.448046}}
{"target": -2.3552497694366856, "params": {"eta": 0.3265803180242938, "max_depth": 16.355119492773056, "n_estimators": 17.15141358592881}, "datetime": {"datetime": "2021-09-17 13:18:30", "elapsed": 176.281661, "delta": 1.004861}}
{"target": -2.4979740538095174, "params": {"eta": 0.3138540903678363, "max_depth": 12.572626804156599, "n_estimators": 18.87224479064063}, "datetime": {"datetime": "2021-09-17 13:18:31", "elapsed": 177.289977, "delta": 1.008316}}
{"target": -2.4347742237542804, "params": {"eta": 0.23753733529995738, "max_depth": 10.021798942753279, "n_estimators": 16.269673553735757}, "datetime": {"datetime": "2021-09-17 13:18:32", "elapsed": 178.295033, "delta": 1.005056}}
{"target": -2.406487796808544, "params": {"eta": 0.23969880104884356, "max_depth": 14.505574101763388, "n_estimators": 19.10455784700425}, "datetime": {"datetime": "2021-09-17 13:18:33", "elapsed": 179.341521, "delta": 1.046488}}
{"target": -2.4032137073968585, "params": {"eta": 0.2929261411823293, "max_depth": 12.925168763661791, "n_estimators": 17.27604080332605}, "datetime": {"datetime": "2021-09-17 13:18:34", "elapsed": 180.385601, "delta": 1.04408}}
{"target": -2.40354815909737, "params": {"eta": 0.39510371914442904, "max_depth": 10.7788308165918, "n_estimators": 16.3798400037115}, "datetime": {"datetime": "2021-09-17 13:18:35", "elapsed": 181.41444, "delta": 1.028839}}
{"target": -2.541346040524934, "params": {"eta": 0.3063740341787573, "max_depth": 11.35380558481479, "n_estimators": 16.01953734959933}, "datetime": {"datetime": "2021-09-17 13:18:36", "elapsed": 182.427284, "delta": 1.012844}}
{"target": -2.4411464703710455, "params": {"eta": 0.27662113232711505, "max_depth": 15.460071030140742, "n_estimators": 18.817820676217224}, "datetime": {"datetime": "2021-09-17 13:18:37", "elapsed": 183.544229, "delta": 1.116945}}
{"target": -2.3542211143594036, "params": {"eta": 0.28267077578166433, "max_depth": 11.192605256274504, "n_estimators": 19.873707086372562}, "datetime": {"datetime": "2021-09-17 13:18:39", "elapsed": 185.101454, "delta": 1.557225}}
{"target": -2.4861403954656502, "params": {"eta": 0.31619467261243783, "max_depth": 14.056101003226651, "n_estimators": 17.21102352818415}, "datetime": {"datetime": "2021-09-17 13:18:40", "elapsed": 186.166249, "delta": 1.064795}}
{"target": -2.4035494754188935, "params": {"eta": 0.33382868774222396, "max_depth": 16.553169282777606, "n_estimators": 18.128888427270102}, "datetime": {"datetime": "2021-09-17 13:18:41", "elapsed": 187.262854, "delta": 1.096605}}
{"target": -2.5480431468863234, "params": {"eta": 0.3063712135512767, "max_depth": 9.32300080966522, "n_estimators": 16.29039994110037}, "datetime": {"datetime": "2021-09-17 13:18:42", "elapsed": 188.28979, "delta": 1.026936}}
{"target": -2.5236895228687084, "params": {"eta": 0.305336014417, "max_depth": 14.529943213187, "n_estimators": 17.752969572978778}, "datetime": {"datetime": "2021-09-17 13:18:43", "elapsed": 189.335628, "delta": 1.045838}}
{"target": -2.429606987300672, "params": {"eta": 0.27463738005289634, "max_depth": 15.779689465261743, "n_estimators": 16.726913480078604}, "datetime": {"datetime": "2021-09-17 13:18:45", "elapsed": 191.134605, "delta": 1.798977}}
{"target": -2.2561126043922024, "params": {"eta": 0.20366464362612313, "max_depth": 15.222028120499978, "n_estimators": 19.4753212087115}, "datetime": {"datetime": "2021-09-17 13:18:46", "elapsed": 192.189319, "delta": 1.054714}}
{"target": -2.470092565762369, "params": {"eta": 0.3801419921287512, "max_depth": 10.330533401389824, "n_estimators": 17.093824118108554}, "datetime": {"datetime": "2021-09-17 13:18:47", "elapsed": 193.193817, "delta": 1.004498}}
{"target": -2.3693256710705, "params": {"eta": 0.334566042544453, "max_depth": 10.517686294863486, "n_estimators": 17.008602663520698}, "datetime": {"datetime": "2021-09-17 13:18:48", "elapsed": 194.222797, "delta": 1.02898}}
{"target": -2.4367654009869226, "params": {"eta": 0.3413405215028078, "max_depth": 15.952990894644685, "n_estimators": 19.589083930431233}, "datetime": {"datetime": "2021-09-17 13:18:49", "elapsed": 195.704945, "delta": 1.482148}}
{"target": -2.400725828346453, "params": {"eta": 0.23799076056886556, "max_depth": 11.81191079602403, "n_estimators": 17.782352034533037}, "datetime": {"datetime": "2021-09-17 13:18:51", "elapsed": 196.933548, "delta": 1.228603}}
{"target": -2.459265948596754, "params": {"eta": 0.27161167505386263, "max_depth": 16.237547993416122, "n_estimators": 19.216456878680198}, "datetime": {"datetime": "2021-09-17 13:18:52", "elapsed": 198.131109, "delta": 1.197561}}
{"target": -2.412083028492175, "params": {"eta": 0.34251408601855915, "max_depth": 9.286512838000217, "n_estimators": 16.811844047551013}, "datetime": {"datetime": "2021-09-17 13:18:53", "elapsed": 199.195527, "delta": 1.064418}}
{"target": -2.445206625838029, "params": {"eta": 0.30498636475096236, "max_depth": 16.14696790025452, "n_estimators": 16.348193136075054}, "datetime": {"datetime": "2021-09-17 13:18:54", "elapsed": 200.539435, "delta": 1.343908}}
{"target": -2.4676698854095056, "params": {"eta": 0.2434906443654299, "max_depth": 9.4161137837495, "n_estimators": 18.470979007533856}, "datetime": {"datetime": "2021-09-17 13:18:55", "elapsed": 201.611886, "delta": 1.072451}}
