{"target": -12.304564755527597, "params": {"eta": 0.07023432703473562, "max_depth": 9.472710154241412, "n_estimators": 9.060933023969861}, "datetime": {"datetime": "2021-09-17 09:10:20", "elapsed": 337.125439, "delta": 1.871639}}
{"target": -9.45759022800546, "params": {"eta": 0.09979211001148623, "max_depth": 4.832851365536964, "n_estimators": 9.463857133207487}, "datetime": {"datetime": "2021-09-17 09:10:22", "elapsed": 338.804222, "delta": 1.678783}}
{"target": -9.440271242041337, "params": {"eta": 0.1, "max_depth": 4.524634257141707, "n_estimators": 9.399399334841418}, "datetime": {"datetime": "2021-09-17 09:10:24", "elapsed": 341.302587, "delta": 2.498365}}
{"target": -10.66511869179575, "params": {"eta": 0.08619060735004251, "max_depth": 4.376229716414088, "n_estimators": 9.438661091915748}, "datetime": {"datetime": "2021-09-17 09:10:26", "elapsed": 343.399277, "delta": 2.09669}}
{"target": -9.440271242041337, "params": {"eta": 0.1, "max_depth": 4.429093178466177, "n_estimators": 9.336339487425635}, "datetime": {"datetime": "2021-09-17 09:10:29", "elapsed": 346.336075, "delta": 2.936798}}
{"target": -20.55892706262438, "params": {"eta": 0.012957463800907697, "max_depth": 4.43932977740156, "n_estimators": 9.354475539556685}, "datetime": {"datetime": "2021-09-17 09:10:31", "elapsed": 348.342134, "delta": 2.006059}}
{"target": -9.453245364364824, "params": {"eta": 0.09957758114436106, "max_depth": 4.311467862173595, "n_estimators": 9.261822922366267}, "datetime": {"datetime": "2021-09-17 09:10:33", "elapsed": 350.103422, "delta": 1.761288}}
{"target": -17.627430136580216, "params": {"eta": 0.03416635703386894, "max_depth": 6.004569273565247, "n_estimators": 8.339746510381588}, "datetime": {"datetime": "2021-09-17 09:10:35", "elapsed": 351.476408, "delta": 1.372986}}
{"target": -11.324960012812364, "params": {"eta": 0.07942325166288881, "max_depth": 4.20543486463224, "n_estimators": 9.297124076951285}, "datetime": {"datetime": "2021-09-17 09:10:37", "elapsed": 354.046422, "delta": 2.570014}}
{"target": -13.397955220310314, "params": {"eta": 0.09007096187505508, "max_depth": 7.995028014126809, "n_estimators": 6.443909915512744}, "datetime": {"datetime": "2021-09-17 09:10:39", "elapsed": 355.481697, "delta": 1.435275}}
{"target": -11.34150442700637, "params": {"eta": 0.07913342245789558, "max_depth": 4.291321040642144, "n_estimators": 9.167386246798404}, "datetime": {"datetime": "2021-09-17 09:10:41", "elapsed": 357.481302, "delta": 1.999605}}
{"target": -20.925348766069664, "params": {"eta": 0.01091771661297764, "max_depth": 4.218971875764508, "n_estimators": 9.420147473200574}, "datetime": {"datetime": "2021-09-17 09:10:43", "elapsed": 359.516935, "delta": 2.035633}}
{"target": -9.737452181389457, "params": {"eta": 0.09674309909612924, "max_depth": 5.3769983575427025, "n_estimators": 9.417235104722122}, "datetime": {"datetime": "2021-09-17 09:10:44", "elapsed": 361.390982, "delta": 1.874047}}
{"target": -10.574138453759645, "params": {"eta": 0.0874297696501412, "max_depth": 5.324585276572619, "n_estimators": 9.492574326048821}, "datetime": {"datetime": "2021-09-17 09:10:46", "elapsed": 363.051162, "delta": 1.66018}}
{"target": -10.414261853067497, "params": {"eta": 0.08883095904873513, "max_depth": 4.156196159040039, "n_estimators": 9.18282191410496}, "datetime": {"datetime": "2021-09-17 09:10:48", "elapsed": 365.134022, "delta": 2.08286}}
{"target": -21.50599345870708, "params": {"eta": 0.01163448357046995, "max_depth": 4.963120775661063, "n_estimators": 6.2380239873206556}, "datetime": {"datetime": "2021-09-17 09:10:50", "elapsed": 366.432451, "delta": 1.298429}}
{"target": -21.77998315142958, "params": {"eta": 0.02836012176927661, "max_depth": 5.478033855072622, "n_estimators": 2.1401956563288898}, "datetime": {"datetime": "2021-09-17 09:10:51", "elapsed": 367.817106, "delta": 1.384655}}
{"target": -10.738048020789497, "params": {"eta": 0.08543199562212611, "max_depth": 4.0337293762642945, "n_estimators": 9.216708389734823}, "datetime": {"datetime": "2021-09-17 09:10:53", "elapsed": 369.739672, "delta": 1.922566}}
{"target": -15.396628970848885, "params": {"eta": 0.046793489983094315, "max_depth": 1.114153064212449, "n_estimators": 9.876734098378916}, "datetime": {"datetime": "2021-09-17 09:10:54", "elapsed": 371.155737, "delta": 1.416065}}
{"target": -14.469427220444931, "params": {"eta": 0.39191540329180186, "max_depth": 7.482920440979423, "n_estimators": 1.001029373356104}, "datetime": {"datetime": "2021-09-17 09:27:18", "elapsed": 0.0, "delta": 0.0}}
{"target": -16.262816057707134, "params": {"eta": 0.31163280084228784, "max_depth": 2.3208030173540175, "n_estimators": 1.8310473529191802}, "datetime": {"datetime": "2021-09-17 09:27:18", "elapsed": 0.019999, "delta": 0.019999}}
{"target": -8.630883137803329, "params": {"eta": 0.23038214796436965, "max_depth": 4.11004654338743, "n_estimators": 4.570907268076029}, "datetime": {"datetime": "2021-09-17 09:27:18", "elapsed": 0.051002, "delta": 0.031003}}
{"target": -2.8502465279478777, "params": {"eta": 0.4771717138023499, "max_depth": 4.772750629629654, "n_estimators": 7.166975503570836}, "datetime": {"datetime": "2021-09-17 09:27:18", "elapsed": 0.087998, "delta": 0.036996}}
{"target": -17.703990043307606, "params": {"eta": 0.24311657481206222, "max_depth": 8.90305692751851, "n_estimators": 1.2464883387813355}, "datetime": {"datetime": "2021-09-17 09:27:18", "elapsed": 0.111006, "delta": 0.023008}}
{"target": -2.9727212535707572, "params": {"eta": 0.5693272571248816, "max_depth": 4.755743221304143, "n_estimators": 6.028208456011765}, "datetime": {"datetime": "2021-09-17 09:27:18", "elapsed": 0.143002, "delta": 0.031996}}
{"target": -3.3932141943981775, "params": {"eta": 0.8, "max_depth": 7.912868199627001, "n_estimators": 7.583046937962468}, "datetime": {"datetime": "2021-09-17 09:27:18", "elapsed": 0.423, "delta": 0.279998}}
{"target": -3.675994509144833, "params": {"eta": 0.8, "max_depth": 1.0, "n_estimators": 10.0}, "datetime": {"datetime": "2021-09-17 09:27:18", "elapsed": 0.687278, "delta": 0.264278}}
{"target": -8.643854819473466, "params": {"eta": 0.1, "max_depth": 10.0, "n_estimators": 10.0}, "datetime": {"datetime": "2021-09-17 09:27:19", "elapsed": 0.981285, "delta": 0.294007}}
{"target": -3.1907480126933043, "params": {"eta": 0.8, "max_depth": 5.487948970784125, "n_estimators": 10.0}, "datetime": {"datetime": "2021-09-17 09:27:19", "elapsed": 1.279307, "delta": 0.298022}}
{"target": -3.8201654032657015, "params": {"eta": 0.8, "max_depth": 1.0, "n_estimators": 7.160781709243795}, "datetime": {"datetime": "2021-09-17 09:27:19", "elapsed": 1.558307, "delta": 0.279}}
{"target": -8.612180329623977, "params": {"eta": 0.1, "max_depth": 3.190324000534746, "n_estimators": 10.0}, "datetime": {"datetime": "2021-09-17 09:27:20", "elapsed": 1.924304, "delta": 0.365997}}
{"target": -12.601509547861, "params": {"eta": 0.1, "max_depth": 6.69315229205946, "n_estimators": 6.078966528095948}, "datetime": {"datetime": "2021-09-17 09:27:20", "elapsed": 2.195303, "delta": 0.270999}}
{"target": -3.3906506438004347, "params": {"eta": 0.8, "max_depth": 7.284223945687843, "n_estimators": 9.362999238371904}, "datetime": {"datetime": "2021-09-17 09:27:20", "elapsed": 2.529306, "delta": 0.334003}}
{"target": -3.2697113576688266, "params": {"eta": 0.8, "max_depth": 3.0914051444882538, "n_estimators": 6.75107964702564}, "datetime": {"datetime": "2021-09-17 09:27:21", "elapsed": 2.890997, "delta": 0.361691}}
{"target": -3.334451541775151, "params": {"eta": 0.8, "max_depth": 10.0, "n_estimators": 7.058788422790436}, "datetime": {"datetime": "2021-09-17 09:27:21", "elapsed": 3.221998, "delta": 0.331001}}
{"target": -10.792969007241098, "params": {"eta": 0.1, "max_depth": 1.0, "n_estimators": 8.552684417560648}, "datetime": {"datetime": "2021-09-17 09:27:21", "elapsed": 3.479998, "delta": 0.258}}
{"target": -3.8964961277811145, "params": {"eta": 0.8, "max_depth": 1.0, "n_estimators": 5.455534067818698}, "datetime": {"datetime": "2021-09-17 09:27:21", "elapsed": 3.734309, "delta": 0.254311}}
{"target": -3.167718154505679, "params": {"eta": 0.8, "max_depth": 5.93962716833937, "n_estimators": 8.469501595251074}, "datetime": {"datetime": "2021-09-17 09:27:22", "elapsed": 4.04531, "delta": 0.311001}}
{"target": -3.3665427741251492, "params": {"eta": 0.8, "max_depth": 10.0, "n_estimators": 5.14836266650622}, "datetime": {"datetime": "2021-09-17 09:27:22", "elapsed": 4.33931, "delta": 0.294}}
{"target": -10.39168791770935, "params": {"eta": 0.1, "max_depth": 8.885311092098755, "n_estimators": 8.219121678188841}, "datetime": {"datetime": "2021-09-17 09:27:22", "elapsed": 4.661682, "delta": 0.322372}}
{"target": -3.3582938037420575, "params": {"eta": 0.8, "max_depth": 8.953917632727258, "n_estimators": 6.134709702249103}, "datetime": {"datetime": "2021-09-17 09:27:23", "elapsed": 4.983686, "delta": 0.322004}}
{"target": -3.219532633455176, "params": {"eta": 0.8, "max_depth": 4.180802784180681, "n_estimators": 8.425128818549958}, "datetime": {"datetime": "2021-09-17 09:27:23", "elapsed": 5.312686, "delta": 0.329}}
{"target": -8.631554058351014, "params": {"eta": 0.1, "max_depth": 6.490376483290317, "n_estimators": 10.0}, "datetime": {"datetime": "2021-09-17 09:27:23", "elapsed": 5.616685, "delta": 0.303999}}
{"target": -12.848391561759145, "params": {"eta": 0.1, "max_depth": 1.9925563069450907, "n_estimators": 6.125723787620231}, "datetime": {"datetime": "2021-09-17 09:27:24", "elapsed": 5.903359, "delta": 0.286674}}
{"target": -7.798115080281309, "params": {"eta": 0.15360549416498118, "max_depth": 3.7563308030168745, "n_estimators": 7.226029561525534}, "datetime": {"datetime": "2021-09-17 09:27:24", "elapsed": 6.243353, "delta": 0.339994}}
{"target": -3.116988463150827, "params": {"eta": 0.7955374802261735, "max_depth": 5.0359768561552585, "n_estimators": 8.985533473775025}, "datetime": {"datetime": "2021-09-17 09:27:24", "elapsed": 6.621356, "delta": 0.378003}}
{"target": -6.941295535940873, "params": {"eta": 0.19535681089465817, "max_depth": 9.926708698531002, "n_estimators": 6.077985771636342}, "datetime": {"datetime": "2021-09-17 09:27:25", "elapsed": 6.920555, "delta": 0.299199}}
{"target": -3.1936614519671394, "params": {"eta": 0.7269510254626504, "max_depth": 6.945365174843719, "n_estimators": 8.36037097445981}, "datetime": {"datetime": "2021-09-17 09:27:25", "elapsed": 7.294558, "delta": 0.374003}}
{"target": -3.4067958461610894, "params": {"eta": 0.8, "max_depth": 8.86333665925215, "n_estimators": 4.5967729305637635}, "datetime": {"datetime": "2021-09-17 09:27:25", "elapsed": 7.636554, "delta": 0.341996}}
{"target": -3.4154824664718224, "params": {"eta": 0.8, "max_depth": 10.0, "n_estimators": 3.84530037234439}, "datetime": {"datetime": "2021-09-17 09:27:26", "elapsed": 8.015556, "delta": 0.379002}}
{"target": -3.7927727799666555, "params": {"eta": 0.8, "max_depth": 1.0, "n_estimators": 4.132415330726068}, "datetime": {"datetime": "2021-09-17 09:27:26", "elapsed": 8.325561, "delta": 0.310005}}
{"target": -3.1134783562860986, "params": {"eta": 0.8, "max_depth": 5.6765319628326525, "n_estimators": 7.366337890879667}, "datetime": {"datetime": "2021-09-17 09:27:26", "elapsed": 8.631555, "delta": 0.305994}}
{"target": -3.289917272015621, "params": {"eta": 0.8, "max_depth": 6.130741478390445, "n_estimators": 3.415835137877792}, "datetime": {"datetime": "2021-09-17 09:27:27", "elapsed": 8.94581, "delta": 0.314255}}
{"target": -3.3671097535836068, "params": {"eta": 0.8, "max_depth": 7.46575104053171, "n_estimators": 3.795814242866578}, "datetime": {"datetime": "2021-09-17 09:27:27", "elapsed": 9.309809, "delta": 0.363999}}
{"target": -3.7033094876690917, "params": {"eta": 0.7899729003848649, "max_depth": 5.123034864216913, "n_estimators": 2.379806419151689}, "datetime": {"datetime": "2021-09-17 09:27:27", "elapsed": 9.607808, "delta": 0.297999}}
{"target": -13.980461844801903, "params": {"eta": 0.41440916336081346, "max_depth": 4.933716680259757, "n_estimators": 1.0221579531741196}, "datetime": {"datetime": "2021-09-17 09:27:28", "elapsed": 9.967808, "delta": 0.36}}
{"target": -16.99607552070367, "params": {"eta": 0.1, "max_depth": 5.286476434684044, "n_estimators": 3.2147013865314293}, "datetime": {"datetime": "2021-09-17 09:27:28", "elapsed": 10.306807, "delta": 0.338999}}
{"target": -2.7395916298816076, "params": {"eta": 0.5100202027589771, "max_depth": 5.065268184140399, "n_estimators": 8.066333699529991}, "datetime": {"datetime": "2021-09-17 09:27:28", "elapsed": 10.721022, "delta": 0.414215}}
{"target": -3.71010028500306, "params": {"eta": 0.718383507303298, "max_depth": 6.919944599372277, "n_estimators": 2.942687227077041}, "datetime": {"datetime": "2021-09-17 09:27:29", "elapsed": 11.083876, "delta": 0.362854}}
{"target": -15.31757798979157, "params": {"eta": 0.10069889075678636, "max_depth": 9.774363988219562, "n_estimators": 4.376441087895765}, "datetime": {"datetime": "2021-09-17 09:27:29", "elapsed": 11.446879, "delta": 0.363003}}
{"target": -7.75059144685143, "params": {"eta": 0.154187286193232, "max_depth": 5.35790024060212, "n_estimators": 7.49113036111681}, "datetime": {"datetime": "2021-09-17 09:27:30", "elapsed": 11.89788, "delta": 0.451001}}
{"target": -4.515642027478468, "params": {"eta": 0.6339934520774593, "max_depth": 5.214164905941814, "n_estimators": 2.764003397534624}, "datetime": {"datetime": "2021-09-17 09:27:30", "elapsed": 12.088501, "delta": 0.190621}}
{"target": -2.940971610420629, "params": {"eta": 0.5149428132053132, "max_depth": 4.824600492602999, "n_estimators": 7.204018559592844}, "datetime": {"datetime": "2021-09-17 09:27:30", "elapsed": 12.301503, "delta": 0.213002}}
{"target": -3.225909241877104, "params": {"eta": 0.7739556458912332, "max_depth": 5.0621383836033464, "n_estimators": 6.58691059318957}, "datetime": {"datetime": "2021-09-17 09:27:30", "elapsed": 12.698795, "delta": 0.397292}}
{"target": -3.3294268652012473, "params": {"eta": 0.7542331736718375, "max_depth": 4.250622675569654, "n_estimators": 6.5615881578280035}, "datetime": {"datetime": "2021-09-17 09:27:31", "elapsed": 13.001794, "delta": 0.302999}}
{"target": -3.402697683008094, "params": {"eta": 0.7725112298892934, "max_depth": 8.378010606083834, "n_estimators": 5.333235807816502}, "datetime": {"datetime": "2021-09-17 09:27:31", "elapsed": 13.382794, "delta": 0.381}}
{"target": -7.766762814396307, "params": {"eta": 0.13619113776437716, "max_depth": 4.582855582637512, "n_estimators": 8.739039831436944}, "datetime": {"datetime": "2021-09-17 09:27:31", "elapsed": 13.780793, "delta": 0.397999}}
{"target": -3.4826476545710308, "params": {"eta": 0.8, "max_depth": 7.994342348923131, "n_estimators": 4.512670600451754}, "datetime": {"datetime": "2021-09-17 09:27:32", "elapsed": 14.201794, "delta": 0.421001}}
{"target": -3.084384362321151, "params": {"eta": 0.8, "max_depth": 6.651532758291168, "n_estimators": 4.179758933377268}, "datetime": {"datetime": "2021-09-17 09:27:32", "elapsed": 14.5568, "delta": 0.355006}}
{"target": -3.3981896105565523, "params": {"eta": 0.8, "max_depth": 8.56142196220766, "n_estimators": 3.5212476419746275}, "datetime": {"datetime": "2021-09-17 09:27:33", "elapsed": 14.897148, "delta": 0.340348}}
{"target": -3.023139732762387, "params": {"eta": 0.8, "max_depth": 6.7864614239984915, "n_estimators": 7.495172038191407}, "datetime": {"datetime": "2021-09-17 09:27:33", "elapsed": 15.275147, "delta": 0.377999}}
{"target": -3.6494972793679494, "params": {"eta": 0.8, "max_depth": 10.0, "n_estimators": 2.947416256375461}, "datetime": {"datetime": "2021-09-17 09:27:33", "elapsed": 15.614144, "delta": 0.338997}}
{"target": -3.289739621312995, "params": {"eta": 0.7916968857737586, "max_depth": 8.110969987599736, "n_estimators": 6.602472710720929}, "datetime": {"datetime": "2021-09-17 09:27:34", "elapsed": 16.023324, "delta": 0.40918}}
{"target": -3.233749649399205, "params": {"eta": 0.8, "max_depth": 2.680611941527263, "n_estimators": 7.863842812545814}, "datetime": {"datetime": "2021-09-17 09:27:34", "elapsed": 16.299323, "delta": 0.275999}}
{"target": -3.4137400821635597, "params": {"eta": 0.8, "max_depth": 8.187694417617095, "n_estimators": 10.0}, "datetime": {"datetime": "2021-09-17 09:27:34", "elapsed": 16.641323, "delta": 0.342}}
{"target": -3.7153953351472553, "params": {"eta": 0.7403270782761501, "max_depth": 1.9896729744881985, "n_estimators": 4.2854855072625355}, "datetime": {"datetime": "2021-09-17 09:27:35", "elapsed": 16.986257, "delta": 0.344934}}
{"target": -3.199930175354606, "params": {"eta": 0.8, "max_depth": 3.0946048490791593, "n_estimators": 8.721014836057469}, "datetime": {"datetime": "2021-09-17 09:27:35", "elapsed": 17.401258, "delta": 0.415001}}
{"target": -3.56930009879564, "params": {"eta": 0.8, "max_depth": 6.053508055073113, "n_estimators": 2.428119747822421}, "datetime": {"datetime": "2021-09-17 09:27:36", "elapsed": 17.879361, "delta": 0.478103}}
{"target": -3.098815985102402, "params": {"eta": 0.7816431453703103, "max_depth": 4.666518633211906, "n_estimators": 9.975734243573113}, "datetime": {"datetime": "2021-09-17 09:27:36", "elapsed": 18.26136, "delta": 0.381999}}
{"target": -17.155906468943545, "params": {"eta": 0.1, "max_depth": 1.0, "n_estimators": 3.384728424557141}, "datetime": {"datetime": "2021-09-17 09:27:36", "elapsed": 18.651361, "delta": 0.390001}}
{"target": -3.4027135102372417, "params": {"eta": 0.8, "max_depth": 3.5203616261559145, "n_estimators": 5.685644221226539}, "datetime": {"datetime": "2021-09-17 09:27:37", "elapsed": 19.059028, "delta": 0.407667}}
{"target": -3.3419175960515672, "params": {"eta": 0.7848664549174489, "max_depth": 2.134692859012576, "n_estimators": 9.374204585038143}, "datetime": {"datetime": "2021-09-17 09:27:37", "elapsed": 19.522027, "delta": 0.462999}}
{"target": -9.140022542602136, "params": {"eta": 0.1, "max_depth": 1.6854953562133057, "n_estimators": 10.0}, "datetime": {"datetime": "2021-09-17 09:27:38", "elapsed": 19.919029, "delta": 0.397002}}
{"target": -16.99607552070367, "params": {"eta": 0.1, "max_depth": 7.822908893106406, "n_estimators": 3.3929929898366895}, "datetime": {"datetime": "2021-09-17 09:27:38", "elapsed": 20.44803, "delta": 0.529001}}
{"target": -3.3504974082896584, "params": {"eta": 0.7622482577639417, "max_depth": 9.072714911609554, "n_estimators": 7.101777419152631}, "datetime": {"datetime": "2021-09-17 09:27:39", "elapsed": 20.893936, "delta": 0.445906}}
{"target": -3.2510529154225396, "params": {"eta": 0.8, "max_depth": 2.1365059651251403, "n_estimators": 8.510004488023387}, "datetime": {"datetime": "2021-09-17 09:27:39", "elapsed": 21.283937, "delta": 0.390001}}
{"target": -3.3880922831987075, "params": {"eta": 0.8, "max_depth": 2.8651077795606055, "n_estimators": 4.774698621105125}, "datetime": {"datetime": "2021-09-17 09:27:39", "elapsed": 21.732936, "delta": 0.448999}}
{"target": -3.262135417210428, "params": {"eta": 0.7822520516662862, "max_depth": 7.952929664385218, "n_estimators": 8.95599892389819}, "datetime": {"datetime": "2021-09-17 09:27:40", "elapsed": 22.190938, "delta": 0.458002}}
{"target": -3.7927727799666555, "params": {"eta": 0.8, "max_depth": 1.4075247828140947, "n_estimators": 4.794708180925567}, "datetime": {"datetime": "2021-09-17 09:27:40", "elapsed": 22.684935, "delta": 0.493997}}
{"target": -3.6055080928300556, "params": {"eta": 0.8, "max_depth": 3.0677818799849383, "n_estimators": 3.725184099282133}, "datetime": {"datetime": "2021-09-17 09:27:41", "elapsed": 23.115336, "delta": 0.430401}}
{"target": -9.476558027141971, "params": {"eta": 0.1, "max_depth": 7.908703227809774, "n_estimators": 9.596225969827056}, "datetime": {"datetime": "2021-09-17 09:27:41", "elapsed": 23.612333, "delta": 0.496997}}
{"target": -3.402681272908261, "params": {"eta": 0.8, "max_depth": 9.31055560879259, "n_estimators": 3.3868869427729673}, "datetime": {"datetime": "2021-09-17 09:27:42", "elapsed": 24.02833, "delta": 0.415997}}
{"target": -3.323057656539114, "params": {"eta": 0.8, "max_depth": 10.0, "n_estimators": 8.165559645640121}, "datetime": {"datetime": "2021-09-17 09:27:42", "elapsed": 24.492331, "delta": 0.464001}}
{"target": -12.604561415471528, "params": {"eta": 0.1, "max_depth": 8.55165300897334, "n_estimators": 6.58228429968277}, "datetime": {"datetime": "2021-09-17 09:27:43", "elapsed": 24.891718, "delta": 0.399387}}
{"target": -3.2542732182301974, "params": {"eta": 0.8, "max_depth": 4.339245513809705, "n_estimators": 7.636586602523772}, "datetime": {"datetime": "2021-09-17 09:27:43", "elapsed": 25.498718, "delta": 0.607}}
{"target": -3.1342665967188386, "params": {"eta": 0.8, "max_depth": 5.4417973466271885, "n_estimators": 5.190572205258663}, "datetime": {"datetime": "2021-09-17 09:27:44", "elapsed": 25.93433, "delta": 0.435612}}
{"target": -3.8250703899483938, "params": {"eta": 0.8, "max_depth": 3.9900598759513586, "n_estimators": 2.8472682065445074}, "datetime": {"datetime": "2021-09-17 09:27:44", "elapsed": 26.472333, "delta": 0.538003}}
{"target": -3.396491693195544, "params": {"eta": 0.7837730837708774, "max_depth": 9.154737972179067, "n_estimators": 9.342367748720632}, "datetime": {"datetime": "2021-09-17 09:27:45", "elapsed": 26.867028, "delta": 0.394695}}
{"target": -3.320888855582789, "params": {"eta": 0.8, "max_depth": 10.0, "n_estimators": 9.053182655874842}, "datetime": {"datetime": "2021-09-17 09:27:45", "elapsed": 27.460027, "delta": 0.592999}}
{"target": -3.875507709854528, "params": {"eta": 0.7614697365360065, "max_depth": 1.8696553500018913, "n_estimators": 7.522542058138423}, "datetime": {"datetime": "2021-09-17 09:27:46", "elapsed": 27.910029, "delta": 0.450002}}
{"target": -3.294303981881393, "params": {"eta": 0.8, "max_depth": 4.521318627873637, "n_estimators": 5.335806985939693}, "datetime": {"datetime": "2021-09-17 09:27:46", "elapsed": 28.363028, "delta": 0.452999}}
