{"target": 0.7839269192228003, "params": {"eta": 1.0, "max_depth": 3.4436783007171274, "n_estimators": 7.537792360284389}, "datetime": {"datetime": "2021-09-17 17:50:51", "elapsed": 691.462144, "delta": 2.957948}}
{"target": 0.6545534755708191, "params": {"eta": 1.0, "max_depth": 1.0, "n_estimators": 4.534299667662775}, "datetime": {"datetime": "2021-09-17 17:50:55", "elapsed": 695.408054, "delta": 3.94591}}
{"target": 0.7901133051448213, "params": {"eta": 0.8256602854444476, "max_depth": 7.904338075076193, "n_estimators": 8.876566487509775}, "datetime": {"datetime": "2021-09-17 17:50:57", "elapsed": 697.459792, "delta": 2.051738}}
{"target": 0.7682692457586557, "params": {"eta": 0.9870601735262288, "max_depth": 9.338148934357898, "n_estimators": 7.8010491126943}, "datetime": {"datetime": "2021-09-17 17:50:59", "elapsed": 699.851878, "delta": 2.392086}}
{"target": 0.7818908772978617, "params": {"eta": 0.6178834694842521, "max_depth": 9.11116819194329, "n_estimators": 5.8712082247792035}, "datetime": {"datetime": "2021-09-17 17:51:04", "elapsed": 704.248233, "delta": 4.396355}}
{"target": 0.7473245199410825, "params": {"eta": 1.0, "max_depth": 6.071731550258444, "n_estimators": 4.2250373510742705}, "datetime": {"datetime": "2021-09-17 17:51:07", "elapsed": 707.620596, "delta": 3.372363}}
{"target": 0.7161625881018236, "params": {"eta": 0.5805652370045689, "max_depth": 1.766690025484844, "n_estimators": 5.837315583049505}, "datetime": {"datetime": "2021-09-17 17:51:10", "elapsed": 710.728682, "delta": 3.108086}}
{"target": 0.7628444420256616, "params": {"eta": 0.3752009806148602, "max_depth": 6.371789311685572, "n_estimators": 6.366475283703705}, "datetime": {"datetime": "2021-09-17 17:51:15", "elapsed": 715.484858, "delta": 4.756176}}
{"target": 0.7205813474566042, "params": {"eta": 0.9842530159003118, "max_depth": 3.11585539473859, "n_estimators": 2.8348003779584414}, "datetime": {"datetime": "2021-09-17 17:51:18", "elapsed": 718.761824, "delta": 3.276966}}
{"target": 0.7193037220910798, "params": {"eta": 1.0, "max_depth": 4.044599263292201, "n_estimators": 2.591553878796625}, "datetime": {"datetime": "2021-09-17 17:51:21", "elapsed": 721.659218, "delta": 2.897394}}
{"target": 0.8246964198851309, "params": {"eta": 0.5134205533449121, "max_depth": 6.195010427861251, "n_estimators": 7.026647893685042}, "datetime": {"datetime": "2021-09-17 17:51:24", "elapsed": 725.148424, "delta": 3.489206}}
{"target": 0.7506438800232824, "params": {"eta": 0.9938717068483002, "max_depth": 5.729210989441147, "n_estimators": 2.3173938012198123}, "datetime": {"datetime": "2021-09-17 17:51:28", "elapsed": 728.280457, "delta": 3.132033}}
{"target": -0.16762837713722822, "params": {"eta": 0.17567550772641444, "max_depth": 4.587513572267953, "n_estimators": 5.839015826026082}, "datetime": {"datetime": "2021-09-17 17:51:30", "elapsed": 730.994216, "delta": 2.713759}}
{"target": 0.6856609497420161, "params": {"eta": 0.5589845784020941, "max_depth": 1.3721747828033535, "n_estimators": 4.937763226471732}, "datetime": {"datetime": "2021-09-17 17:51:33", "elapsed": 733.96616, "delta": 2.971944}}
{"target": 0.7604048208904854, "params": {"eta": 0.674712377496788, "max_depth": 7.49234676615926, "n_estimators": 3.83820629791581}, "datetime": {"datetime": "2021-09-17 17:51:37", "elapsed": 737.745369, "delta": 3.779209}}
{"target": 0.7293533255772806, "params": {"eta": 0.9158857005986359, "max_depth": 2.0649440467735145, "n_estimators": 3.9792467715156583}, "datetime": {"datetime": "2021-09-17 17:51:41", "elapsed": 741.493451, "delta": 3.748082}}
{"target": -0.09276359658573452, "params": {"eta": 0.18283338884089773, "max_depth": 5.046729183258811, "n_estimators": 5.192547416273477}, "datetime": {"datetime": "2021-09-17 17:51:44", "elapsed": 744.386201, "delta": 2.89275}}
{"target": 0.4194996049652011, "params": {"eta": 0.2559315428931053, "max_depth": 5.507545083512533, "n_estimators": 5.30200153810006}, "datetime": {"datetime": "2021-09-17 17:51:47", "elapsed": 747.989514, "delta": 3.603313}}
{"target": -4.545399363663797, "params": {"eta": 0.012396517273524553, "max_depth": 6.296100983177154, "n_estimators": 4.234957049742699}, "datetime": {"datetime": "2021-09-17 17:51:51", "elapsed": 751.487033, "delta": 3.497519}}
{"target": 0.7773480687094761, "params": {"eta": 0.635835420168313, "max_depth": 5.850864369949376, "n_estimators": 4.6086162949969705}, "datetime": {"datetime": "2021-09-17 17:51:55", "elapsed": 755.667525, "delta": 4.180492}}
{"target": 0.7450059265577442, "params": {"eta": 0.7362526828550217, "max_depth": 6.821602190389198, "n_estimators": 4.230049111117295}, "datetime": {"datetime": "2021-09-17 17:52:00", "elapsed": 760.95425, "delta": 5.286725}}
{"target": 0.7906008659586616, "params": {"eta": 0.8926423872447182, "max_depth": 5.812276367200181, "n_estimators": 4.879006392098008}, "datetime": {"datetime": "2021-09-17 17:52:03", "elapsed": 763.77083, "delta": 2.81658}}
{"target": 0.7528439674469314, "params": {"eta": 1.0, "max_depth": 7.5726773876081515, "n_estimators": 2.928696070013278}, "datetime": {"datetime": "2021-09-17 17:52:07", "elapsed": 767.98214, "delta": 4.21131}}
{"target": 0.7465989666963314, "params": {"eta": 0.6712410683290506, "max_depth": 2.8470046639431503, "n_estimators": 6.752246440623197}, "datetime": {"datetime": "2021-09-17 17:52:12", "elapsed": 772.796003, "delta": 4.813863}}
{"target": 0.7794458970659837, "params": {"eta": 0.5539691838462081, "max_depth": 4.915894337403941, "n_estimators": 4.63661275479509}, "datetime": {"datetime": "2021-09-17 17:52:14", "elapsed": 774.979199, "delta": 2.183196}}
{"target": 0.7476024434648578, "params": {"eta": 0.6519337014164877, "max_depth": 5.059910208374351, "n_estimators": 3.5841919560824174}, "datetime": {"datetime": "2021-09-17 17:52:18", "elapsed": 779.081599, "delta": 4.1024}}
{"target": -4.441423126946196, "params": {"eta": 0.01, "max_depth": 3.386235543227716, "n_estimators": 6.937626729136267}, "datetime": {"datetime": "2021-09-17 17:52:22", "elapsed": 783.116567, "delta": 4.034968}}
{"target": 0.7860919184383449, "params": {"eta": 0.6464851166889451, "max_depth": 3.7277839796886294, "n_estimators": 6.504032277273662}, "datetime": {"datetime": "2021-09-17 17:52:26", "elapsed": 786.671075, "delta": 3.554508}}
{"target": 0.7756239542844303, "params": {"eta": 0.42619301526641323, "max_depth": 5.016421430669236, "n_estimators": 5.582719377296188}, "datetime": {"datetime": "2021-09-17 17:52:29", "elapsed": 790.105931, "delta": 3.434856}}
{"target": 0.8138898955150672, "params": {"eta": 0.5739925288034171, "max_depth": 8.141015509017835, "n_estimators": 6.252094114443713}, "datetime": {"datetime": "2021-09-17 17:52:32", "elapsed": 792.651137, "delta": 2.545206}}
{"target": 0.7333815388505713, "params": {"eta": 0.6053636720260527, "max_depth": 7.019332543294581, "n_estimators": 3.5469387221706152}, "datetime": {"datetime": "2021-09-17 17:52:37", "elapsed": 797.554805, "delta": 4.903668}}
{"target": 0.23588880897424802, "params": {"eta": 0.7748254919263642, "max_depth": 9.939828328516638, "n_estimators": 1.2983038081009153}, "datetime": {"datetime": "2021-09-17 17:52:39", "elapsed": 799.6417, "delta": 2.086895}}
{"target": 0.7008413102873174, "params": {"eta": 0.5977213562477274, "max_depth": 1.4662659545786494, "n_estimators": 4.287170637110901}, "datetime": {"datetime": "2021-09-17 17:52:43", "elapsed": 804.118405, "delta": 4.476705}}
{"target": 0.7755769387346723, "params": {"eta": 0.5647795480032488, "max_depth": 4.981382637323733, "n_estimators": 5.106398419482954}, "datetime": {"datetime": "2021-09-17 17:52:46", "elapsed": 806.612058, "delta": 2.493653}}
{"target": 0.7984747944339912, "params": {"eta": 1.0, "max_depth": 5.485383287884531, "n_estimators": 8.65441300683196}, "datetime": {"datetime": "2021-09-17 17:52:51", "elapsed": 811.698472, "delta": 5.086414}}
{"target": 0.8126442965364142, "params": {"eta": 0.44366491893309884, "max_depth": 9.607950899889303, "n_estimators": 5.205333770774407}, "datetime": {"datetime": "2021-09-17 17:52:54", "elapsed": 814.33149, "delta": 2.633018}}
{"target": 0.7929741450739759, "params": {"eta": 0.5827421093594476, "max_depth": 9.68773001901386, "n_estimators": 5.655572017835888}, "datetime": {"datetime": "2021-09-17 17:52:57", "elapsed": 818.125205, "delta": 3.793715}}
{"target": 0.43086967048699343, "params": {"eta": 0.5610644712019673, "max_depth": 2.6770479238458793, "n_estimators": 2.95224378318859}, "datetime": {"datetime": "2021-09-17 17:53:01", "elapsed": 821.915077, "delta": 3.789872}}
{"target": 0.7600994512425905, "params": {"eta": 0.5757372606263018, "max_depth": 1.0008399263809846, "n_estimators": 7.6066856601496315}, "datetime": {"datetime": "2021-09-17 17:53:05", "elapsed": 825.76366, "delta": 3.848583}}
{"target": 0.8053512035937708, "params": {"eta": 0.5392958105735809, "max_depth": 2.6111844486745124, "n_estimators": 9.658349829173678}, "datetime": {"datetime": "2021-09-17 17:53:11", "elapsed": 831.819046, "delta": 6.055386}}
{"target": 0.7476663318058681, "params": {"eta": 0.7260505723512648, "max_depth": 2.101072221325062, "n_estimators": 7.29198749438224}, "datetime": {"datetime": "2021-09-17 17:53:15", "elapsed": 836.077149, "delta": 4.258103}}
{"target": -4.120274767911457, "params": {"eta": 0.01, "max_depth": 1.4082353883905308, "n_estimators": 10.0}, "datetime": {"datetime": "2021-09-17 17:53:20", "elapsed": 840.813991, "delta": 4.736842}}
{"target": 0.7795095610024149, "params": {"eta": 0.6616410764749207, "max_depth": 2.190904680735858, "n_estimators": 9.997682854404545}, "datetime": {"datetime": "2021-09-17 17:53:24", "elapsed": 844.813101, "delta": 3.99911}}
{"target": 0.7630357736274103, "params": {"eta": 0.6037647314832798, "max_depth": 1.0, "n_estimators": 10.0}, "datetime": {"datetime": "2021-09-17 17:53:28", "elapsed": 848.276289, "delta": 3.463188}}
{"target": 0.7413130447522431, "params": {"eta": 0.6974782747256234, "max_depth": 1.8452159440369282, "n_estimators": 9.9848086255995}, "datetime": {"datetime": "2021-09-17 17:53:31", "elapsed": 852.027441, "delta": 3.751152}}
{"target": 0.6253447271287116, "params": {"eta": 0.9888346653867723, "max_depth": 7.241511906398574, "n_estimators": 1.677068899482371}, "datetime": {"datetime": "2021-09-17 17:53:35", "elapsed": 855.708878, "delta": 3.681437}}
{"target": 0.6463688258184356, "params": {"eta": 1.0, "max_depth": 2.1972870080826286, "n_estimators": 1.3761586534059833}, "datetime": {"datetime": "2021-09-17 17:53:40", "elapsed": 860.335738, "delta": 4.62686}}
{"target": 0.743337095576976, "params": {"eta": 1.0, "max_depth": 9.795416092721211, "n_estimators": 7.881824124121495}, "datetime": {"datetime": "2021-09-17 17:53:44", "elapsed": 864.983397, "delta": 4.647659}}
{"target": 0.7553695587042677, "params": {"eta": 0.39877867427924585, "max_depth": 2.3510454787975426, "n_estimators": 7.374765971414584}, "datetime": {"datetime": "2021-09-17 17:53:47", "elapsed": 867.440665, "delta": 2.457268}}
{"target": -2.4466102924603264, "params": {"eta": 0.082573087971228, "max_depth": 1.7107915380451963, "n_estimators": 4.984965709210764}, "datetime": {"datetime": "2021-09-17 17:53:49", "elapsed": 869.844657, "delta": 2.403992}}
{"target": -4.291881117407946, "params": {"eta": 0.02499725883180046, "max_depth": 8.700582671194919, "n_estimators": 3.045329546705804}, "datetime": {"datetime": "2021-09-17 17:53:52", "elapsed": 873.180028, "delta": 3.335371}}
{"target": 0.7138911012831503, "params": {"eta": 0.6990661393755294, "max_depth": 2.0320262390195634, "n_estimators": 4.757008888771599}, "datetime": {"datetime": "2021-09-17 17:53:58", "elapsed": 878.9827, "delta": 5.802672}}
{"target": 0.7613923321632069, "params": {"eta": 1.0, "max_depth": 8.513264329785637, "n_estimators": 6.6345885453314}, "datetime": {"datetime": "2021-09-17 17:54:01", "elapsed": 882.122134, "delta": 3.139434}}
{"target": -4.641800766139532, "params": {"eta": 0.01, "max_depth": 10.0, "n_estimators": 4.931901681627306}, "datetime": {"datetime": "2021-09-17 17:54:07", "elapsed": 888.078926, "delta": 5.956792}}
{"target": 0.78030671175576, "params": {"eta": 0.8750848894655447, "max_depth": 7.815548974838097, "n_estimators": 9.942198009057222}, "datetime": {"datetime": "2021-09-17 17:54:10", "elapsed": 890.548448, "delta": 2.469522}}
{"target": 0.7644399757409854, "params": {"eta": 0.6984672729973637, "max_depth": 9.686849037569942, "n_estimators": 4.977375406626564}, "datetime": {"datetime": "2021-09-17 17:54:17", "elapsed": 897.750013, "delta": 7.201565}}
{"target": 0.7961933707713839, "params": {"eta": 0.6646022108502483, "max_depth": 9.230922806158434, "n_estimators": 5.428823207115216}, "datetime": {"datetime": "2021-09-17 17:54:22", "elapsed": 902.998511, "delta": 5.248498}}
{"target": 0.7943773667326308, "params": {"eta": 0.6885342749428774, "max_depth": 8.320973373123135, "n_estimators": 7.864967847097876}, "datetime": {"datetime": "2021-09-17 17:54:26", "elapsed": 906.469681, "delta": 3.47117}}
{"target": 0.7438357713580328, "params": {"eta": 0.3119200037374609, "max_depth": 1.0840271792632237, "n_estimators": 9.852853265625201}, "datetime": {"datetime": "2021-09-17 17:54:28", "elapsed": 909.167834, "delta": 2.698153}}
{"target": 0.7827684221145522, "params": {"eta": 0.5966438253975038, "max_depth": 2.263518061672178, "n_estimators": 7.70483425901432}, "datetime": {"datetime": "2021-09-17 17:54:33", "elapsed": 913.81192, "delta": 4.644086}}
{"target": 0.6329085524532094, "params": {"eta": 1.0, "max_depth": 4.214293363820996, "n_estimators": 1.419959168967319}, "datetime": {"datetime": "2021-09-17 17:54:39", "elapsed": 919.332723, "delta": 5.520803}}
{"target": -4.746064806838786, "params": {"eta": 0.01, "max_depth": 4.958500015590228, "n_estimators": 3.2691964636741875}, "datetime": {"datetime": "2021-09-17 17:54:45", "elapsed": 925.674885, "delta": 6.342162}}
{"target": 0.7530352891991429, "params": {"eta": 0.9974432631416233, "max_depth": 7.568341472585084, "n_estimators": 2.9337216439586284}, "datetime": {"datetime": "2021-09-17 17:54:48", "elapsed": 928.54515, "delta": 2.870265}}
{"target": 0.749495600372698, "params": {"eta": 0.6207268250415526, "max_depth": 4.536712201786871, "n_estimators": 4.003892460913476}, "datetime": {"datetime": "2021-09-17 17:54:52", "elapsed": 932.406578, "delta": 3.861428}}
{"target": 0.7580728887522123, "params": {"eta": 0.7204136769696956, "max_depth": 5.665210066235386, "n_estimators": 3.978837174321982}, "datetime": {"datetime": "2021-09-17 17:54:56", "elapsed": 937.133673, "delta": 4.727095}}
{"target": 0.7300825520268106, "params": {"eta": 1.0, "max_depth": 2.8327057776625506, "n_estimators": 8.394402223295454}, "datetime": {"datetime": "2021-09-17 17:55:01", "elapsed": 941.241355, "delta": 4.107682}}
{"target": 0.7616428428395106, "params": {"eta": 0.5445179772317861, "max_depth": 1.2472392860770882, "n_estimators": 8.948915299431016}, "datetime": {"datetime": "2021-09-17 17:55:03", "elapsed": 944.106255, "delta": 2.8649}}
{"target": 0.7618083036989165, "params": {"eta": 0.5911091417657273, "max_depth": 1.1794205532980717, "n_estimators": 8.417244539890229}, "datetime": {"datetime": "2021-09-17 17:55:09", "elapsed": 949.406526, "delta": 5.300271}}
{"target": 0.796601892520311, "params": {"eta": 0.5420396931014497, "max_depth": 2.33287592518889, "n_estimators": 6.891496170079536}, "datetime": {"datetime": "2021-09-17 17:55:12", "elapsed": 953.066828, "delta": 3.660302}}
{"target": 0.6329085524532094, "params": {"eta": 1.0, "max_depth": 5.390177707365185, "n_estimators": 1.4180417233685956}, "datetime": {"datetime": "2021-09-17 17:55:16", "elapsed": 956.96825, "delta": 3.901422}}
{"target": 0.7839445859497436, "params": {"eta": 0.7013338798605313, "max_depth": 9.800823924760172, "n_estimators": 5.332172369944582}, "datetime": {"datetime": "2021-09-17 17:55:21", "elapsed": 961.448028, "delta": 4.479778}}
{"target": 0.7755577158963828, "params": {"eta": 0.9739811382297664, "max_depth": 7.672314221706837, "n_estimators": 3.892491841223525}, "datetime": {"datetime": "2021-09-17 17:55:23", "elapsed": 963.76498, "delta": 2.316952}}
{"target": 0.7804542802760858, "params": {"eta": 0.7149283284553227, "max_depth": 8.975044366674423, "n_estimators": 7.625515389280318}, "datetime": {"datetime": "2021-09-17 17:55:26", "elapsed": 967.145432, "delta": 3.380452}}
{"target": 0.7281643388988119, "params": {"eta": 0.9178307278537856, "max_depth": 4.762543275888406, "n_estimators": 2.898657218246311}, "datetime": {"datetime": "2021-09-17 17:55:32", "elapsed": 972.243509, "delta": 5.098077}}
{"target": 0.7755442006651558, "params": {"eta": 0.8259102174101808, "max_depth": 10.0, "n_estimators": 4.686158557503665}, "datetime": {"datetime": "2021-09-17 17:55:37", "elapsed": 977.903251, "delta": 5.659742}}
{"target": 0.8183173195147181, "params": {"eta": 0.660276962755613, "max_depth": 9.329450583463895, "n_estimators": 9.653996659319237}, "datetime": {"datetime": "2021-09-17 17:55:46", "elapsed": 986.366479, "delta": 8.463228}}
{"target": 0.8009286889998739, "params": {"eta": 0.6588361702218842, "max_depth": 9.930719939372265, "n_estimators": 4.192357605319726}, "datetime": {"datetime": "2021-09-17 17:55:50", "elapsed": 990.963593, "delta": 4.597114}}
{"target": 0.78453231431954, "params": {"eta": 0.6944031196702583, "max_depth": 8.377438833666382, "n_estimators": 4.797316313141784}, "datetime": {"datetime": "2021-09-17 17:55:57", "elapsed": 998.071724, "delta": 7.108131}}
{"target": 0.6992594803952312, "params": {"eta": 1.0, "max_depth": 1.3273627404205255, "n_estimators": 5.4537869573934685}, "datetime": {"datetime": "2021-09-17 17:56:02", "elapsed": 1002.714816, "delta": 4.643092}}
{"target": -0.6624801128615312, "params": {"eta": 0.07840745483825057, "max_depth": 4.136764773614652, "n_estimators": 9.183049467427399}, "datetime": {"datetime": "2021-09-17 17:56:08", "elapsed": 1009.138082, "delta": 6.423266}}
{"target": -4.781847781816972, "params": {"eta": 0.02626483935809496, "max_depth": 4.466062241429273, "n_estimators": 1.3382455633659087}, "datetime": {"datetime": "2021-09-17 17:56:11", "elapsed": 1011.728576, "delta": 2.590494}}
{"target": 0.6255112710149693, "params": {"eta": 0.654992594930539, "max_depth": 4.885619448265225, "n_estimators": 2.375544676504129}, "datetime": {"datetime": "2021-09-17 17:56:16", "elapsed": 1016.786954, "delta": 5.058378}}
{"target": 0.7648587648901134, "params": {"eta": 0.9402247171570657, "max_depth": 5.445015190502467, "n_estimators": 9.561634621561295}, "datetime": {"datetime": "2021-09-17 17:56:20", "elapsed": 1020.49225, "delta": 3.705296}}
{"target": 0.7433414400598144, "params": {"eta": 0.6611596305232915, "max_depth": 1.3086881052091286, "n_estimators": 9.468070688885941}, "datetime": {"datetime": "2021-09-17 17:56:28", "elapsed": 1028.645558, "delta": 8.153308}}
{"target": 0.7193037220910798, "params": {"eta": 1.0, "max_depth": 4.6582468378712045, "n_estimators": 2.0764814960335296}, "datetime": {"datetime": "2021-09-17 17:56:34", "elapsed": 1034.361829, "delta": 5.716271}}
{"target": 0.798808392278615, "params": {"eta": 0.8412228476108466, "max_depth": 3.1937509862893063, "n_estimators": 7.108133924025616}, "datetime": {"datetime": "2021-09-17 17:56:38", "elapsed": 1038.644216, "delta": 4.282387}}
{"target": -1.4141714957530414, "params": {"eta": 0.07095625133130402, "max_depth": 5.002847114767522, "n_estimators": 7.46292156000116}, "datetime": {"datetime": "2021-09-17 17:56:47", "elapsed": 1047.823389, "delta": 9.179173}}
{"target": -0.9910033105101348, "params": {"eta": 0.07572171235300061, "max_depth": 3.8879580300141283, "n_estimators": 8.428414122217408}, "datetime": {"datetime": "2021-09-17 17:56:50", "elapsed": 1050.834452, "delta": 3.011063}}
{"target": 0.80730926107671, "params": {"eta": 0.8612450963998433, "max_depth": 3.6606982714174565, "n_estimators": 9.129092847959225}, "datetime": {"datetime": "2021-09-17 17:56:57", "elapsed": 1057.255154, "delta": 6.420702}}
{"target": 0.6685074400449509, "params": {"eta": 1.0, "max_depth": 1.0, "n_estimators": 3.3932361249071286}, "datetime": {"datetime": "2021-09-17 17:57:02", "elapsed": 1063.176413, "delta": 5.921259}}
{"target": 0.7902324362673483, "params": {"eta": 0.6287889282030532, "max_depth": 3.8460427238598838, "n_estimators": 9.925097408972558}, "datetime": {"datetime": "2021-09-17 17:57:08", "elapsed": 1068.564866, "delta": 5.388453}}
{"target": 0.3877258286733789, "params": {"eta": 0.469330923770223, "max_depth": 1.2098334695451518, "n_estimators": 3.517420967591656}, "datetime": {"datetime": "2021-09-17 17:57:11", "elapsed": 1071.214056, "delta": 2.64919}}
{"target": 0.42930695100736094, "params": {"eta": 0.18881245445469816, "max_depth": 4.6295163175832545, "n_estimators": 7.289237078867899}, "datetime": {"datetime": "2021-09-17 17:57:14", "elapsed": 1074.970959, "delta": 3.756903}}
{"target": 0.5922642222778187, "params": {"eta": 0.6291346301967398, "max_depth": 1.6750555644279188, "n_estimators": 3.498147782600031}, "datetime": {"datetime": "2021-09-17 17:57:20", "elapsed": 1081.070779, "delta": 6.09982}}
{"target": 0.650567592644475, "params": {"eta": 0.7388408511266423, "max_depth": 1.2685113907190844, "n_estimators": 3.71716108276572}, "datetime": {"datetime": "2021-09-17 17:57:25", "elapsed": 1085.907034, "delta": 4.836255}}
{"target": 0.748225370182256, "params": {"eta": 0.7168089483053637, "max_depth": 2.5978984603336692, "n_estimators": 7.2826782511716806}, "datetime": {"datetime": "2021-09-17 17:57:30", "elapsed": 1091.157624, "delta": 5.25059}}
{"target": -4.7463813684086205, "params": {"eta": 0.01, "max_depth": 6.498963824157701, "n_estimators": 3.115819368371684}, "datetime": {"datetime": "2021-09-17 17:57:36", "elapsed": 1096.846873, "delta": 5.689249}}
{"target": 0.8185555513721334, "params": {"eta": 0.5693949784382278, "max_depth": 8.394779859872205, "n_estimators": 7.0770725013742}, "datetime": {"datetime": "2021-09-17 17:57:40", "elapsed": 1101.10886, "delta": 4.261987}}
