{"target": -2.509557627376757, "params": {"eta": 0.41334040763839347, "max_depth": 7.456299436884418, "n_estimators": 16.91571706727856}, "datetime": {"datetime": "2021-09-17 13:00:10", "elapsed": 23.090832, "delta": 0.392002}}
{"target": -2.415181095349161, "params": {"eta": 0.36761924069030805, "max_depth": 7.710756387750615, "n_estimators": 16.933038093194916}, "datetime": {"datetime": "2021-09-17 13:00:10", "elapsed": 23.473831, "delta": 0.382999}}
{"target": -2.468042703051316, "params": {"eta": 0.38702086172109235, "max_depth": 7.950414396292572, "n_estimators": 16.594111728878385}, "datetime": {"datetime": "2021-09-17 13:00:11", "elapsed": 23.860525, "delta": 0.386694}}
{"target": -2.632765741724717, "params": {"eta": 0.4411519427445443, "max_depth": 7.840330059339607, "n_estimators": 16.537488967560314}, "datetime": {"datetime": "2021-09-17 13:00:11", "elapsed": 24.218525, "delta": 0.358}}
{"target": -2.551249541734394, "params": {"eta": 0.25694239648168204, "max_depth": 7.242828567146381, "n_estimators": 16.11219130109976}, "datetime": {"datetime": "2021-09-17 13:00:12", "elapsed": 24.930043, "delta": 0.711518}}
{"target": -2.417074400500247, "params": {"eta": 0.43230307121250644, "max_depth": 7.140903127013131, "n_estimators": 16.79226160073939}, "datetime": {"datetime": "2021-09-17 13:00:13", "elapsed": 25.574195, "delta": 0.644152}}
{"target": -2.638582458621577, "params": {"eta": 0.4050990080169993, "max_depth": 7.738200105123751, "n_estimators": 16.398153659466974}, "datetime": {"datetime": "2021-09-17 13:00:13", "elapsed": 26.036195, "delta": 0.462}}
{"target": -2.563062367941204, "params": {"eta": 0.33970246841386886, "max_depth": 7.035290332469809, "n_estimators": 16.154850326347955}, "datetime": {"datetime": "2021-09-17 13:00:13", "elapsed": 26.504197, "delta": 0.468002}}
{"target": -2.524768831855372, "params": {"eta": 0.25584640570745776, "max_depth": 7.03611306188229, "n_estimators": 16.029824931875808}, "datetime": {"datetime": "2021-09-17 13:00:14", "elapsed": 27.130355, "delta": 0.626158}}
{"target": -2.536023519541088, "params": {"eta": 0.33988338441978816, "max_depth": 7.1847222447782055, "n_estimators": 16.083655547384033}, "datetime": {"datetime": "2021-09-17 13:00:15", "elapsed": 27.558943, "delta": 0.428588}}
{"target": -2.5383287354519495, "params": {"eta": 0.35985204688786254, "max_depth": 7.210935569595868, "n_estimators": 16.815585213981215}, "datetime": {"datetime": "2021-09-17 13:00:15", "elapsed": 27.928943, "delta": 0.37}}
{"target": -2.552257171430086, "params": {"eta": 0.43153810632239564, "max_depth": 7.7161606817431165, "n_estimators": 16.88524114834017}, "datetime": {"datetime": "2021-09-17 13:00:15", "elapsed": 28.332945, "delta": 0.404002}}
{"target": -2.5954239644502337, "params": {"eta": 0.284891577728779, "max_depth": 7.943963512487771, "n_estimators": 16.534256721787195}, "datetime": {"datetime": "2021-09-17 13:00:16", "elapsed": 28.715944, "delta": 0.382999}}
{"target": -2.5143665301172358, "params": {"eta": 0.36134487242407265, "max_depth": 7.4154604560948965, "n_estimators": 16.780780630748485}, "datetime": {"datetime": "2021-09-17 13:00:16", "elapsed": 29.212942, "delta": 0.496998}}
{"target": -2.687005848633616, "params": {"eta": 0.4549591980298691, "max_depth": 7.819433548793194, "n_estimators": 16.36770274597724}, "datetime": {"datetime": "2021-09-17 13:00:17", "elapsed": 29.667178, "delta": 0.454236}}
{"target": -2.5364098266551367, "params": {"eta": 0.3140189857196445, "max_depth": 7.78117379133215, "n_estimators": 16.50853543910302}, "datetime": {"datetime": "2021-09-17 13:00:17", "elapsed": 30.059176, "delta": 0.391998}}
{"target": -2.727145543223933, "params": {"eta": 0.3969941641802267, "max_depth": 7.099140038644942, "n_estimators": 16.14349965325684}, "datetime": {"datetime": "2021-09-17 13:00:17", "elapsed": 30.429178, "delta": 0.370002}}
{"target": -2.6798153005148233, "params": {"eta": 0.4022898315372597, "max_depth": 7.862129453577741, "n_estimators": 16.545087279671126}, "datetime": {"datetime": "2021-09-17 13:00:18", "elapsed": 30.819178, "delta": 0.39}}
{"target": -2.4463814885992754, "params": {"eta": 0.4375947521630572, "max_depth": 7.429260189642756, "n_estimators": 16.878469219484035}, "datetime": {"datetime": "2021-09-17 13:00:18", "elapsed": 31.198178, "delta": 0.379}}
{"target": -2.590634589446218, "params": {"eta": 0.3416712830110026, "max_depth": 7.6559895190909, "n_estimators": 16.28418410709447}, "datetime": {"datetime": "2021-09-17 13:00:19", "elapsed": 31.570381, "delta": 0.372203}}
{"target": -2.5845055429559007, "params": {"eta": 0.2644346905568356, "max_depth": 7.867616356294171, "n_estimators": 16.319624929734292}, "datetime": {"datetime": "2021-09-17 13:00:19", "elapsed": 31.952382, "delta": 0.382001}}
{"target": -2.724694063161549, "params": {"eta": 0.3434422801450837, "max_depth": 7.523401441274368, "n_estimators": 16.95163923971165}, "datetime": {"datetime": "2021-09-17 13:00:19", "elapsed": 32.451383, "delta": 0.499001}}
{"target": -2.4192210975446202, "params": {"eta": 0.4426734715109363, "max_depth": 7.323921403677959, "n_estimators": 16.61124301546162}, "datetime": {"datetime": "2021-09-17 13:00:20", "elapsed": 32.830382, "delta": 0.378999}}
{"target": -2.509903696336244, "params": {"eta": 0.3178392551020603, "max_depth": 7.008505666488043, "n_estimators": 16.155755144338304}, "datetime": {"datetime": "2021-09-17 13:00:20", "elapsed": 33.233383, "delta": 0.403001}}
{"target": -2.4604768671487505, "params": {"eta": 0.45707134175846176, "max_depth": 7.814899144606629, "n_estimators": 16.669106458143446}, "datetime": {"datetime": "2021-09-17 13:00:21", "elapsed": 33.645604, "delta": 0.412221}}
{"target": -2.5796307576330086, "params": {"eta": 0.4153815353118322, "max_depth": 7.455171005275018, "n_estimators": 16.914522128667397}, "datetime": {"datetime": "2021-09-17 13:00:21", "elapsed": 34.079604, "delta": 0.434}}
{"target": -2.569369245830335, "params": {"eta": 0.2677766235150932, "max_depth": 7.843752043558544, "n_estimators": 16.881745852534323}, "datetime": {"datetime": "2021-09-17 13:00:21", "elapsed": 34.4916, "delta": 0.411996}}
{"target": -2.474339833385066, "params": {"eta": 0.43825620977332946, "max_depth": 7.86706141570044, "n_estimators": 16.951143645855474}, "datetime": {"datetime": "2021-09-17 13:00:22", "elapsed": 34.912858, "delta": 0.421258}}
{"target": -2.4958664875281484, "params": {"eta": 0.4083480664488328, "max_depth": 7.581097948383507, "n_estimators": 16.40671357130491}, "datetime": {"datetime": "2021-09-17 13:00:22", "elapsed": 35.479858, "delta": 0.567}}
{"target": -2.5802917869467485, "params": {"eta": 0.46926420232603105, "max_depth": 7.339268093486898, "n_estimators": 16.21585492095141}, "datetime": {"datetime": "2021-09-17 13:00:23", "elapsed": 35.905861, "delta": 0.426003}}
{"target": -2.557631844595859, "params": {"eta": 0.3394506316778323, "max_depth": 7.4784620142256735, "n_estimators": 16.159698026860404}, "datetime": {"datetime": "2021-09-17 13:00:23", "elapsed": 36.300859, "delta": 0.394998}}
{"target": -2.5894470308956348, "params": {"eta": 0.4291282033543311, "max_depth": 7.945105618889682, "n_estimators": 16.669201896381615}, "datetime": {"datetime": "2021-09-17 13:00:24", "elapsed": 36.738523, "delta": 0.437664}}
{"target": -2.7479628130009304, "params": {"eta": 0.39842746513620486, "max_depth": 7.204579396841519, "n_estimators": 16.658527364771153}, "datetime": {"datetime": "2021-09-17 13:00:24", "elapsed": 37.143528, "delta": 0.405005}}
{"target": -2.4843581732950715, "params": {"eta": 0.46251196732704625, "max_depth": 7.021977835690959, "n_estimators": 16.145664828676882}, "datetime": {"datetime": "2021-09-17 13:00:25", "elapsed": 37.766755, "delta": 0.623227}}
{"target": -2.5550178132559123, "params": {"eta": 0.29051028567214937, "max_depth": 7.19565271293416, "n_estimators": 16.138305405777864}, "datetime": {"datetime": "2021-09-17 13:00:25", "elapsed": 38.212759, "delta": 0.446004}}
{"target": -2.5239785934749404, "params": {"eta": 0.4579669583198678, "max_depth": 7.053704793218011, "n_estimators": 16.133880639664433}, "datetime": {"datetime": "2021-09-17 13:00:26", "elapsed": 38.629761, "delta": 0.417002}}
{"target": -2.5222088424783005, "params": {"eta": 0.41480556873464325, "max_depth": 7.565119067321858, "n_estimators": 16.867014084150778}, "datetime": {"datetime": "2021-09-17 13:00:26", "elapsed": 39.084757, "delta": 0.454996}}
{"target": -2.589443548729545, "params": {"eta": 0.46681172797708514, "max_depth": 7.52355218214145, "n_estimators": 16.68122494162814}, "datetime": {"datetime": "2021-09-17 13:00:27", "elapsed": 39.570759, "delta": 0.486002}}
{"target": -2.64033566274141, "params": {"eta": 0.4045671504935725, "max_depth": 7.202125519407836, "n_estimators": 16.748913390918183}, "datetime": {"datetime": "2021-09-17 13:00:27", "elapsed": 40.134757, "delta": 0.563998}}
{"target": -2.5281758151556315, "params": {"eta": 0.47807043137608096, "max_depth": 7.4011298371439675, "n_estimators": 16.618902378496315}, "datetime": {"datetime": "2021-09-17 13:00:28", "elapsed": 40.648759, "delta": 0.514002}}
{"target": -2.515251281386927, "params": {"eta": 0.38040548427245613, "max_depth": 7.300734044152085, "n_estimators": 16.441891843346397}, "datetime": {"datetime": "2021-09-17 13:00:28", "elapsed": 41.103757, "delta": 0.454998}}
{"target": -2.5842462495753638, "params": {"eta": 0.3233246237688823, "max_depth": 7.799511381238101, "n_estimators": 16.687297322255308}, "datetime": {"datetime": "2021-09-17 13:00:29", "elapsed": 41.647577, "delta": 0.54382}}
{"target": -2.568082238498487, "params": {"eta": 0.30580277312347, "max_depth": 7.8860475854358, "n_estimators": 16.328653339453894}, "datetime": {"datetime": "2021-09-17 13:00:29", "elapsed": 42.118574, "delta": 0.470997}}
{"target": -2.509481910655373, "params": {"eta": 0.41311425205505836, "max_depth": 7.160532847020892, "n_estimators": 16.926896478887418}, "datetime": {"datetime": "2021-09-17 13:00:30", "elapsed": 42.618577, "delta": 0.500003}}
{"target": -2.452629233661451, "params": {"eta": 0.4370953514075663, "max_depth": 7.08928394927867, "n_estimators": 16.205153063559738}, "datetime": {"datetime": "2021-09-17 13:00:30", "elapsed": 43.157578, "delta": 0.539001}}
{"target": -2.515839527782641, "params": {"eta": 0.36485376372541, "max_depth": 7.160614584116036, "n_estimators": 16.136760444455916}, "datetime": {"datetime": "2021-09-17 13:00:31", "elapsed": 43.612612, "delta": 0.455034}}
{"target": -2.500111764983127, "params": {"eta": 0.4750834740169872, "max_depth": 7.616994817357803, "n_estimators": 16.090459126913455}, "datetime": {"datetime": "2021-09-17 13:00:31", "elapsed": 44.083614, "delta": 0.471002}}
{"target": -2.5856628562274735, "params": {"eta": 0.25930962078834907, "max_depth": 7.532742108440551, "n_estimators": 16.439016893444784}, "datetime": {"datetime": "2021-09-17 13:00:31", "elapsed": 44.529617, "delta": 0.446003}}
{"target": -2.5382827426257886, "params": {"eta": 0.35978861338968277, "max_depth": 7.975859629911389, "n_estimators": 16.909511319181313}, "datetime": {"datetime": "2021-09-17 13:00:32", "elapsed": 45.113614, "delta": 0.583997}}
{"target": -2.494168701924776, "params": {"eta": 0.3000732860655854, "max_depth": 7.87187168588389, "n_estimators": 16.217320120615256}, "datetime": {"datetime": "2021-09-17 13:00:33", "elapsed": 45.665783, "delta": 0.552169}}
{"target": -2.5894424978055453, "params": {"eta": 0.42912097862722953, "max_depth": 7.554497762436668, "n_estimators": 16.84821170106321}, "datetime": {"datetime": "2021-09-17 13:00:33", "elapsed": 46.177785, "delta": 0.512002}}
{"target": -2.501289268543846, "params": {"eta": 0.2775422975456883, "max_depth": 7.859843585255262, "n_estimators": 16.204605582751366}, "datetime": {"datetime": "2021-09-17 13:00:34", "elapsed": 46.774351, "delta": 0.596566}}
{"target": -2.519332961659682, "params": {"eta": 0.29596154226505733, "max_depth": 7.300030930936329, "n_estimators": 16.739921995566277}, "datetime": {"datetime": "2021-09-17 13:00:34", "elapsed": 47.300352, "delta": 0.526001}}
{"target": -2.5179969128809474, "params": {"eta": 0.2547726306727282, "max_depth": 7.549916912967701, "n_estimators": 16.846825696362544}, "datetime": {"datetime": "2021-09-17 13:00:35", "elapsed": 47.78103, "delta": 0.480678}}
{"target": -2.7247653848246522, "params": {"eta": 0.34357093580484976, "max_depth": 7.734081379273813, "n_estimators": 16.104463781969407}, "datetime": {"datetime": "2021-09-17 13:00:35", "elapsed": 48.279031, "delta": 0.498001}}
{"target": -2.562368221031992, "params": {"eta": 0.30518807492490296, "max_depth": 7.017959983812005, "n_estimators": 16.201187471673286}, "datetime": {"datetime": "2021-09-17 13:00:36", "elapsed": 48.735029, "delta": 0.455998}}
{"target": -2.444648035576469, "params": {"eta": 0.3107756958798173, "max_depth": 7.493082277310529, "n_estimators": 16.609004077525245}, "datetime": {"datetime": "2021-09-17 13:00:36", "elapsed": 49.353039, "delta": 0.61801}}
{"target": -2.6620246247241375, "params": {"eta": 0.40405782604628554, "max_depth": 7.6699296258384475, "n_estimators": 16.48901056582191}, "datetime": {"datetime": "2021-09-17 13:00:37", "elapsed": 49.915345, "delta": 0.562306}}
{"target": -2.6614052540377564, "params": {"eta": 0.3441831520369915, "max_depth": 7.847421617952696, "n_estimators": 16.534317884129578}, "datetime": {"datetime": "2021-09-17 13:00:37", "elapsed": 50.388342, "delta": 0.472997}}
{"target": -2.6387482630579093, "params": {"eta": 0.26927603495242053, "max_depth": 7.918183793382922, "n_estimators": 16.07078059475342}, "datetime": {"datetime": "2021-09-17 13:00:38", "elapsed": 50.891344, "delta": 0.503002}}
{"target": -2.4613119978653755, "params": {"eta": 0.37169467211860735, "max_depth": 7.141487913332401, "n_estimators": 16.929153504954044}, "datetime": {"datetime": "2021-09-17 13:00:38", "elapsed": 51.505342, "delta": 0.613998}}
{"target": -2.391442995322378, "params": {"eta": 0.4328433771479161, "max_depth": 7.524155010863913, "n_estimators": 16.61759712685297}, "datetime": {"datetime": "2021-09-17 13:00:39", "elapsed": 52.119062, "delta": 0.61372}}
{"target": -2.4995927722830524, "params": {"eta": 0.38422808190970237, "max_depth": 7.538125371325856, "n_estimators": 16.210836610592697}, "datetime": {"datetime": "2021-09-17 13:00:40", "elapsed": 52.778064, "delta": 0.659002}}
{"target": -2.6184835559443425, "params": {"eta": 0.4063659908980085, "max_depth": 7.444856216429051, "n_estimators": 16.331540976365794}, "datetime": {"datetime": "2021-09-17 13:00:40", "elapsed": 53.363067, "delta": 0.585003}}
{"target": -2.5512260010367944, "params": {"eta": 0.2570189884998479, "max_depth": 7.755507456116084, "n_estimators": 16.081892958348597}, "datetime": {"datetime": "2021-09-17 13:00:41", "elapsed": 53.917312, "delta": 0.554245}}
{"target": -2.4919445671533285, "params": {"eta": 0.47920676829903475, "max_depth": 7.9554725114648175, "n_estimators": 16.33189612955889}, "datetime": {"datetime": "2021-09-17 13:00:41", "elapsed": 54.512315, "delta": 0.595003}}
{"target": -2.4550350283321585, "params": {"eta": 0.26206334982641816, "max_depth": 7.78772459593772, "n_estimators": 16.33824888044751}, "datetime": {"datetime": "2021-09-17 13:00:42", "elapsed": 55.091318, "delta": 0.579003}}
{"target": -2.525038330178512, "params": {"eta": 0.29916289953596037, "max_depth": 7.145151834198259, "n_estimators": 16.431234810575695}, "datetime": {"datetime": "2021-09-17 13:00:43", "elapsed": 55.609315, "delta": 0.517997}}
{"target": -2.5424436669600636, "params": {"eta": 0.3824561609804821, "max_depth": 7.831925864966299, "n_estimators": 16.849171917936694}, "datetime": {"datetime": "2021-09-17 13:00:43", "elapsed": 56.102963, "delta": 0.493648}}
{"target": -2.4037926648792465, "params": {"eta": 0.3098033490706568, "max_depth": 7.874900048629345, "n_estimators": 16.964215498741193}, "datetime": {"datetime": "2021-09-17 13:00:44", "elapsed": 56.699553, "delta": 0.59659}}
{"target": -2.4993976367147344, "params": {"eta": 0.46601159443336665, "max_depth": 7.176550977548331, "n_estimators": 16.237363534613365}, "datetime": {"datetime": "2021-09-17 13:00:44", "elapsed": 57.336551, "delta": 0.636998}}
{"target": -2.579906509424511, "params": {"eta": 0.35541682173681327, "max_depth": 7.821033098714329, "n_estimators": 16.29871636603378}, "datetime": {"datetime": "2021-09-17 13:00:45", "elapsed": 57.877803, "delta": 0.541252}}
{"target": -2.554991850727483, "params": {"eta": 0.34860898879823754, "max_depth": 7.741881170643466, "n_estimators": 16.892480478058385}, "datetime": {"datetime": "2021-09-17 13:00:46", "elapsed": 58.574804, "delta": 0.697001}}
{"target": -2.601318312946119, "params": {"eta": 0.445608737660452, "max_depth": 7.871358095376981, "n_estimators": 16.756152088975476}, "datetime": {"datetime": "2021-09-17 13:00:46", "elapsed": 59.131801, "delta": 0.556997}}
{"target": -2.4587351667253596, "params": {"eta": 0.37038690999557905, "max_depth": 7.013412469502961, "n_estimators": 16.121666917526866}, "datetime": {"datetime": "2021-09-17 13:00:47", "elapsed": 59.893518, "delta": 0.761717}}
{"target": -2.6063348117627596, "params": {"eta": 0.372626973652199, "max_depth": 7.619553803778621, "n_estimators": 16.632927080539854}, "datetime": {"datetime": "2021-09-17 13:00:47", "elapsed": 60.506516, "delta": 0.612998}}
{"target": -2.555023720389918, "params": {"eta": 0.2904752243919879, "max_depth": 7.604451037212806, "n_estimators": 16.53222179819031}, "datetime": {"datetime": "2021-09-17 13:00:48", "elapsed": 61.088518, "delta": 0.582002}}
{"target": -2.5984499159612153, "params": {"eta": 0.47486975468697656, "max_depth": 7.240047999941293, "n_estimators": 16.6662732993833}, "datetime": {"datetime": "2021-09-17 13:00:49", "elapsed": 61.642068, "delta": 0.55355}}
{"target": -2.4744292353328903, "params": {"eta": 0.47841198628837595, "max_depth": 7.245446275872464, "n_estimators": 16.443275504126234}, "datetime": {"datetime": "2021-09-17 13:00:49", "elapsed": 62.164968, "delta": 0.5229}}
{"target": -2.717559280520991, "params": {"eta": 0.25016132086662113, "max_depth": 7.121928520930678, "n_estimators": 16.490883851607098}, "datetime": {"datetime": "2021-09-17 13:00:50", "elapsed": 62.782966, "delta": 0.617998}}
{"target": -2.5498909178533053, "params": {"eta": 0.28108231169728837, "max_depth": 7.305970508824164, "n_estimators": 16.925191146714933}, "datetime": {"datetime": "2021-09-17 13:00:50", "elapsed": 63.512965, "delta": 0.729999}}
{"target": -2.522072062366887, "params": {"eta": 0.41471051367056133, "max_depth": 7.4007010031420215, "n_estimators": 16.300941627108354}, "datetime": {"datetime": "2021-09-17 13:00:51", "elapsed": 64.107793, "delta": 0.594828}}
{"target": -2.5479042511237293, "params": {"eta": 0.36254025773850185, "max_depth": 7.042159209552735, "n_estimators": 16.595442768284197}, "datetime": {"datetime": "2021-09-17 13:00:52", "elapsed": 64.683796, "delta": 0.576003}}
{"target": -2.4527837301555437, "params": {"eta": 0.4107188877982263, "max_depth": 7.306986501141106, "n_estimators": 16.130687676302475}, "datetime": {"datetime": "2021-09-17 13:00:52", "elapsed": 65.296793, "delta": 0.612997}}
{"target": -2.5158199868704143, "params": {"eta": 0.3648142341817746, "max_depth": 7.217753419598898, "n_estimators": 16.253638046486284}, "datetime": {"datetime": "2021-09-17 13:00:53", "elapsed": 65.926036, "delta": 0.629243}}
{"target": -2.724695070166337, "params": {"eta": 0.3434446262737872, "max_depth": 7.616846978242189, "n_estimators": 16.279867641946275}, "datetime": {"datetime": "2021-09-17 13:00:53", "elapsed": 66.495039, "delta": 0.569003}}
{"target": -2.4085645499982333, "params": {"eta": 0.3090260368186328, "max_depth": 7.691938606576008, "n_estimators": 16.735567123768973}, "datetime": {"datetime": "2021-09-17 13:00:54", "elapsed": 67.024167, "delta": 0.529128}}
{"target": -2.586034755957754, "params": {"eta": 0.3038914041142021, "max_depth": 7.234332938827774, "n_estimators": 16.643234662078868}, "datetime": {"datetime": "2021-09-17 13:00:55", "elapsed": 67.683444, "delta": 0.659277}}
{"target": -2.4743289364011662, "params": {"eta": 0.4782484318016744, "max_depth": 7.192517460030861, "n_estimators": 16.527330805738682}, "datetime": {"datetime": "2021-09-17 13:00:55", "elapsed": 68.513444, "delta": 0.83}}
{"target": -2.536484585310283, "params": {"eta": 0.38631928130635634, "max_depth": 7.82691629697276, "n_estimators": 16.33334928045791}, "datetime": {"datetime": "2021-09-17 13:00:56", "elapsed": 69.108447, "delta": 0.595003}}
{"target": -2.592767858505249, "params": {"eta": 0.39121275212611706, "max_depth": 7.23344315640984, "n_estimators": 16.136617421345836}, "datetime": {"datetime": "2021-09-17 13:00:57", "elapsed": 69.685659, "delta": 0.577212}}
{"target": -2.543919192489825, "params": {"eta": 0.3384652373642936, "max_depth": 7.308991076474623, "n_estimators": 16.25535150853318}, "datetime": {"datetime": "2021-09-17 13:00:57", "elapsed": 70.315655, "delta": 0.629996}}
{"target": -2.6078961667261624, "params": {"eta": 0.3474274402017814, "max_depth": 7.144646711284649, "n_estimators": 16.83799052899452}, "datetime": {"datetime": "2021-09-17 13:00:58", "elapsed": 71.125656, "delta": 0.810001}}
{"target": -2.556931946779552, "params": {"eta": 0.361941949429116, "max_depth": 7.8334467779149985, "n_estimators": 16.977699727274853}, "datetime": {"datetime": "2021-09-17 13:00:59", "elapsed": 71.800288, "delta": 0.674632}}
{"target": -2.53419033916373, "params": {"eta": 0.44516461949140296, "max_depth": 7.147632742916913, "n_estimators": 16.47508659247255}, "datetime": {"datetime": "2021-09-17 13:00:59", "elapsed": 72.411289, "delta": 0.611001}}
{"target": -2.6933184749201726, "params": {"eta": 0.2613416357330216, "max_depth": 7.558485580761301, "n_estimators": 16.59074832350225}, "datetime": {"datetime": "2021-09-17 13:01:00", "elapsed": 73.094289, "delta": 0.683}}
