{"target": 0.7274975188165673, "params": {"eta": 0.7764035743940052, "max_depth": 29.785143446957438, "n_estimators": 16.90918779590104}, "datetime": {"datetime": "2021-09-17 19:46:23", "elapsed": 125.725209, "delta": 0.855292}}
{"target": 0.740868872718081, "params": {"eta": 0.7461943166428545, "max_depth": 49.91580246264532, "n_estimators": 26.28011319528367}, "datetime": {"datetime": "2021-09-17 19:46:24", "elapsed": 126.801877, "delta": 1.076668}}
{"target": 0.8391397643533145, "params": {"eta": 0.12048878043096117, "max_depth": 8.91131546536971, "n_estimators": 38.69296068337158}, "datetime": {"datetime": "2021-09-17 19:46:25", "elapsed": 127.957245, "delta": 1.155368}}
{"target": 0.8481152804382677, "params": {"eta": 0.17543618122262983, "max_depth": 7.607930174492916, "n_estimators": 24.49754578900695}, "datetime": {"datetime": "2021-09-17 19:46:26", "elapsed": 128.966246, "delta": 1.009001}}
{"target": 0.7151819151580197, "params": {"eta": 0.7825901622155076, "max_depth": 25.69968374652473, "n_estimators": 37.063447511865874}, "datetime": {"datetime": "2021-09-17 19:46:27", "elapsed": 129.835988, "delta": 0.869742}}
{"target": 0.8316680404774082, "params": {"eta": 0.1165572991114468, "max_depth": 5.383348436853764, "n_estimators": 38.96199776503232}, "datetime": {"datetime": "2021-09-17 19:46:28", "elapsed": 130.741989, "delta": 0.906001}}
{"target": 0.7464983331635324, "params": {"eta": 0.8, "max_depth": 7.0750510157921385, "n_estimators": 24.764296258614255}, "datetime": {"datetime": "2021-09-17 19:46:29", "elapsed": 131.717208, "delta": 0.975219}}
{"target": 0.8425870247640895, "params": {"eta": 0.3185100298386466, "max_depth": 40.95474408236636, "n_estimators": 13.542648998297793}, "datetime": {"datetime": "2021-09-17 19:46:29", "elapsed": 132.45121, "delta": 0.734002}}
{"target": 0.8291065588175388, "params": {"eta": 0.3949073730581045, "max_depth": 8.51926095827106, "n_estimators": 24.334778137031392}, "datetime": {"datetime": "2021-09-17 19:46:30", "elapsed": 133.475424, "delta": 1.024214}}
{"target": 0.8295059327756653, "params": {"eta": 0.43138363052652373, "max_depth": 34.552459058357826, "n_estimators": 22.144213846114937}, "datetime": {"datetime": "2021-09-17 19:46:31", "elapsed": 134.452426, "delta": 0.977002}}
{"target": 0.8459796215286195, "params": {"eta": 0.14537809696244383, "max_depth": 37.12493760794648, "n_estimators": 45.76883667608286}, "datetime": {"datetime": "2021-09-17 19:46:33", "elapsed": 136.134904, "delta": 1.682478}}
{"target": 0.8348969305294776, "params": {"eta": 0.32571536156227165, "max_depth": 37.01425985057418, "n_estimators": 44.85594821984957}, "datetime": {"datetime": "2021-09-17 19:46:34", "elapsed": 137.2907, "delta": 1.155796}}
{"target": 0.7940379687220402, "params": {"eta": 0.6704698490325446, "max_depth": 36.476167000223704, "n_estimators": 45.798595690766255}, "datetime": {"datetime": "2021-09-17 19:46:36", "elapsed": 138.556698, "delta": 1.265998}}
{"target": 0.8242641725171533, "params": {"eta": 0.30282437737486184, "max_depth": 40.592430745664274, "n_estimators": 14.389284746152043}, "datetime": {"datetime": "2021-09-17 19:46:37", "elapsed": 139.668442, "delta": 1.111744}}
{"target": 0.8356271018095168, "params": {"eta": 0.15890851091646827, "max_depth": 37.69304461737192, "n_estimators": 46.448572876586276}, "datetime": {"datetime": "2021-09-17 19:46:38", "elapsed": 140.933443, "delta": 1.265001}}
{"target": 0.8165093300628464, "params": {"eta": 0.5159524551791547, "max_depth": 4.628667026954513, "n_estimators": 32.99291923584177}, "datetime": {"datetime": "2021-09-17 19:46:39", "elapsed": 141.656366, "delta": 0.722923}}
{"target": 0.7374569342610944, "params": {"eta": 0.7695876958878082, "max_depth": 41.84926582716335, "n_estimators": 13.870625986499801}, "datetime": {"datetime": "2021-09-17 19:46:40", "elapsed": 142.588371, "delta": 0.932005}}
{"target": 0.845612288749259, "params": {"eta": 0.3722353578794261, "max_depth": 7.4919262423295825, "n_estimators": 38.64221700997136}, "datetime": {"datetime": "2021-09-17 19:46:41", "elapsed": 143.586695, "delta": 0.998324}}
{"target": 0.841808449148933, "params": {"eta": 0.3235210989021693, "max_depth": 7.071377362534018, "n_estimators": 39.467887161524814}, "datetime": {"datetime": "2021-09-17 19:46:42", "elapsed": 144.553693, "delta": 0.966998}}
{"target": 0.8244560476438431, "params": {"eta": 0.49824529780948135, "max_depth": 4.660057756712289, "n_estimators": 32.9796948505944}, "datetime": {"datetime": "2021-09-17 19:46:42", "elapsed": 145.34405, "delta": 0.790357}}
{"target": 0.8239671608292404, "params": {"eta": 0.5374411986561313, "max_depth": 9.916120504317155, "n_estimators": 35.79305181404585}, "datetime": {"datetime": "2021-09-17 19:46:43", "elapsed": 146.16505, "delta": 0.821}}
{"target": 0.8018951144972031, "params": {"eta": 0.5902505854000363, "max_depth": 5.302441845721137, "n_estimators": 32.48185367477279}, "datetime": {"datetime": "2021-09-17 19:46:44", "elapsed": 147.289389, "delta": 1.124339}}
{"target": 0.7907057163529869, "params": {"eta": 0.20466880601862092, "max_depth": 40.270748242846004, "n_estimators": 13.405284649749735}, "datetime": {"datetime": "2021-09-17 19:46:45", "elapsed": 148.170388, "delta": 0.880999}}
{"target": 0.8436883392469731, "params": {"eta": 0.4572255991373849, "max_depth": 5.254458567876109, "n_estimators": 33.59901748740698}, "datetime": {"datetime": "2021-09-17 19:46:46", "elapsed": 149.168758, "delta": 0.99837}}
{"target": 0.8413144005527007, "params": {"eta": 0.10689885508189256, "max_depth": 14.322405781030522, "n_estimators": 40.85282786557366}, "datetime": {"datetime": "2021-09-17 19:46:47", "elapsed": 150.244758, "delta": 1.076}}
{"target": 0.8253561588773628, "params": {"eta": 0.3625945999303454, "max_depth": 13.79743910914085, "n_estimators": 18.765677673707344}, "datetime": {"datetime": "2021-09-17 19:46:48", "elapsed": 151.085064, "delta": 0.840306}}
{"target": 0.8350178518874288, "params": {"eta": 0.12455648354171786, "max_depth": 48.476118406767974, "n_estimators": 45.402899243921276}, "datetime": {"datetime": "2021-09-17 19:46:49", "elapsed": 152.005644, "delta": 0.92058}}
{"target": 0.8489583919132749, "params": {"eta": 0.14906606350678114, "max_depth": 48.84291644839015, "n_estimators": 24.397235625273275}, "datetime": {"datetime": "2021-09-17 19:46:50", "elapsed": 152.933641, "delta": 0.927997}}
{"target": 0.8445247595203527, "params": {"eta": 0.2819739484866549, "max_depth": 13.929810742241871, "n_estimators": 33.434994919757926}, "datetime": {"datetime": "2021-09-17 19:46:51", "elapsed": 154.100273, "delta": 1.166632}}
{"target": 0.7790475880484531, "params": {"eta": 0.6444018795674854, "max_depth": 47.9356804968302, "n_estimators": 45.95804175925619}, "datetime": {"datetime": "2021-09-17 19:46:52", "elapsed": 155.282796, "delta": 1.182523}}
{"target": 0.8360496436895885, "params": {"eta": 0.4648235314880692, "max_depth": 13.382608109349526, "n_estimators": 32.87898248889992}, "datetime": {"datetime": "2021-09-17 19:46:53", "elapsed": 156.403801, "delta": 1.121005}}
{"target": 0.520320701358582, "params": {"eta": 0.13564343032331558, "max_depth": 17.89269459285346, "n_estimators": 11.336334760451606}, "datetime": {"datetime": "2021-09-17 19:46:54", "elapsed": 157.198813, "delta": 0.795012}}
{"target": 0.8208962822276115, "params": {"eta": 0.5458595087421815, "max_depth": 19.506180194997484, "n_estimators": 17.45723619358713}, "datetime": {"datetime": "2021-09-17 19:46:55", "elapsed": 158.132816, "delta": 0.934003}}
{"target": 0.7878585029120118, "params": {"eta": 0.1, "max_depth": 49.108282453689114, "n_estimators": 25.65531492515745}, "datetime": {"datetime": "2021-09-17 19:46:56", "elapsed": 159.153091, "delta": 1.020275}}
{"target": 0.7834659658748797, "params": {"eta": 0.11538390989129693, "max_depth": 29.625444132826097, "n_estimators": 22.684834422425137}, "datetime": {"datetime": "2021-09-17 19:46:57", "elapsed": 160.090088, "delta": 0.936997}}
{"target": 0.816102193234428, "params": {"eta": 0.39597726824449264, "max_depth": 13.197691562502433, "n_estimators": 33.73525785009792}, "datetime": {"datetime": "2021-09-17 19:46:58", "elapsed": 161.476254, "delta": 1.386166}}
{"target": 0.8377888852382348, "params": {"eta": 0.4583372369784282, "max_depth": 49.359033387586784, "n_estimators": 45.385898456710734}, "datetime": {"datetime": "2021-09-17 19:47:00", "elapsed": 162.740269, "delta": 1.264015}}
{"target": 0.8360190768184187, "params": {"eta": 0.27333828469688914, "max_depth": 35.83374292347043, "n_estimators": 38.63801709221937}, "datetime": {"datetime": "2021-09-17 19:47:01", "elapsed": 163.99052, "delta": 1.250251}}
{"target": 0.8263062497419891, "params": {"eta": 0.4029723046809227, "max_depth": 36.11830083304503, "n_estimators": 37.587394704961895}, "datetime": {"datetime": "2021-09-17 19:47:03", "elapsed": 165.581219, "delta": 1.590699}}
{"target": 0.7916237219308733, "params": {"eta": 0.6496843495014607, "max_depth": 35.48111032077149, "n_estimators": 38.132698390732116}, "datetime": {"datetime": "2021-09-17 19:47:04", "elapsed": 166.874464, "delta": 1.293245}}
{"target": 0.7104308780015163, "params": {"eta": 0.8, "max_depth": 36.3282939900042, "n_estimators": 38.390362087193516}, "datetime": {"datetime": "2021-09-17 19:47:05", "elapsed": 168.17304, "delta": 1.298576}}
{"target": 0.8443233251877922, "params": {"eta": 0.3080389429980065, "max_depth": 15.008896276755284, "n_estimators": 40.51993302411251}, "datetime": {"datetime": "2021-09-17 19:47:07", "elapsed": 169.808158, "delta": 1.635118}}
{"target": 0.8432478380683249, "params": {"eta": 0.34966280962866336, "max_depth": 15.796485571158275, "n_estimators": 41.05656082795951}, "datetime": {"datetime": "2021-09-17 19:47:08", "elapsed": 171.362163, "delta": 1.554005}}
{"target": 0.8292876173410304, "params": {"eta": 0.24411465935992552, "max_depth": 32.62217082298652, "n_estimators": 41.56105997164224}, "datetime": {"datetime": "2021-09-17 19:47:10", "elapsed": 172.678878, "delta": 1.316715}}
{"target": 0.8490407442893033, "params": {"eta": 0.1629165389697843, "max_depth": 15.824867383034642, "n_estimators": 40.22065194726606}, "datetime": {"datetime": "2021-09-17 19:47:11", "elapsed": 174.399233, "delta": 1.720355}}
{"target": 0.8099514924865234, "params": {"eta": 0.5096482609903686, "max_depth": 16.601644710114613, "n_estimators": 40.20208929014663}, "datetime": {"datetime": "2021-09-17 19:47:13", "elapsed": 175.883096, "delta": 1.483863}}
{"target": 0.8396715832612901, "params": {"eta": 0.1, "max_depth": 35.15241189248582, "n_estimators": 38.606226980641026}, "datetime": {"datetime": "2021-09-17 19:47:15", "elapsed": 177.513088, "delta": 1.629992}}
{"target": 0.7708799266362629, "params": {"eta": 0.1, "max_depth": 7.902198552705331, "n_estimators": 23.85583962713524}, "datetime": {"datetime": "2021-09-17 19:47:16", "elapsed": 178.657088, "delta": 1.144}}
{"target": 0.7276800223491308, "params": {"eta": 0.7797600178864194, "max_depth": 14.31790127517367, "n_estimators": 32.87666299113932}, "datetime": {"datetime": "2021-09-17 19:47:17", "elapsed": 180.030973, "delta": 1.373885}}
{"target": 0.8549251710226673, "params": {"eta": 0.18195138906627756, "max_depth": 39.70088858552037, "n_estimators": 40.03008594773269}, "datetime": {"datetime": "2021-09-17 19:47:18", "elapsed": 181.116974, "delta": 1.086001}}
{"target": 0.8374256148002085, "params": {"eta": 0.31164708056685664, "max_depth": 40.41340485569161, "n_estimators": 39.90394129222472}, "datetime": {"datetime": "2021-09-17 19:47:19", "elapsed": 182.390418, "delta": 1.273444}}
{"target": 0.8514237207114086, "params": {"eta": 0.4469469085364951, "max_depth": 40.114329559566016, "n_estimators": 40.55477455657266}, "datetime": {"datetime": "2021-09-17 19:47:22", "elapsed": 184.54168, "delta": 2.151262}}
{"target": 0.785307081269306, "params": {"eta": 0.1, "max_depth": 8.107171717528203, "n_estimators": 25.075505773091994}, "datetime": {"datetime": "2021-09-17 19:47:23", "elapsed": 186.054279, "delta": 1.512599}}
{"target": 0.8197411161914407, "params": {"eta": 0.26200203976702985, "max_depth": 18.589075595799066, "n_estimators": 36.442161777186776}, "datetime": {"datetime": "2021-09-17 19:47:24", "elapsed": 187.29724, "delta": 1.242961}}
{"target": 0.8252851427702539, "params": {"eta": 0.3692366669288978, "max_depth": 39.40139066487036, "n_estimators": 40.873177755020286}, "datetime": {"datetime": "2021-09-17 19:47:26", "elapsed": 189.047244, "delta": 1.750004}}
{"target": 0.7157884306927201, "params": {"eta": 0.7842849110872157, "max_depth": 39.58337464896467, "n_estimators": 40.314174153860215}, "datetime": {"datetime": "2021-09-17 19:47:28", "elapsed": 190.757923, "delta": 1.710679}}
{"target": 0.8352272438900197, "params": {"eta": 0.17724540817881257, "max_depth": 40.63283938189792, "n_estimators": 40.7594160690857}, "datetime": {"datetime": "2021-09-17 19:47:30", "elapsed": 192.807988, "delta": 2.050065}}
{"target": 0.82810794997211, "params": {"eta": 0.5104422920303634, "max_depth": 40.33613024573323, "n_estimators": 41.44819356973362}, "datetime": {"datetime": "2021-09-17 19:47:32", "elapsed": 195.002265, "delta": 2.194277}}
{"target": 0.8411090413820597, "params": {"eta": 0.1, "max_depth": 39.79590775238483, "n_estimators": 39.342161036527585}, "datetime": {"datetime": "2021-09-17 19:47:34", "elapsed": 196.805905, "delta": 1.80364}}
{"target": 0.8398616962163059, "params": {"eta": 0.19332413044894656, "max_depth": 41.37294754417815, "n_estimators": 41.581571593782016}, "datetime": {"datetime": "2021-09-17 19:47:35", "elapsed": 198.203649, "delta": 1.397744}}
{"target": 0.7617040204682655, "params": {"eta": 0.5923387179228431, "max_depth": 49.75970521313163, "n_estimators": 46.094509400002195}, "datetime": {"datetime": "2021-09-17 19:47:36", "elapsed": 199.471517, "delta": 1.267868}}
{"target": 0.8278367917717322, "params": {"eta": 0.2427295797831248, "max_depth": 45.58410643196749, "n_estimators": 13.33657327752434}, "datetime": {"datetime": "2021-09-17 19:47:38", "elapsed": 200.588514, "delta": 1.116997}}
{"target": 0.8331669712023325, "params": {"eta": 0.1, "max_depth": 14.122150593582154, "n_estimators": 34.15747540893213}, "datetime": {"datetime": "2021-09-17 19:47:39", "elapsed": 202.199443, "delta": 1.610929}}
{"target": 0.7283875236582298, "params": {"eta": 0.7600581462737196, "max_depth": 15.397874809025332, "n_estimators": 40.759468926163656}, "datetime": {"datetime": "2021-09-17 19:47:40", "elapsed": 203.342676, "delta": 1.143233}}
{"target": 0.8491533938844675, "params": {"eta": 0.4815303637418231, "max_depth": 7.979998673033803, "n_estimators": 26.51709739114879}, "datetime": {"datetime": "2021-09-17 19:47:41", "elapsed": 204.465676, "delta": 1.123}}
{"target": 0.8389128664319215, "params": {"eta": 0.13057726984268286, "max_depth": 16.129233745381896, "n_estimators": 41.53438496290973}, "datetime": {"datetime": "2021-09-17 19:47:43", "elapsed": 205.838683, "delta": 1.373007}}
{"target": 0.8183036983308734, "params": {"eta": 0.11935868437904823, "max_depth": 8.198480396324529, "n_estimators": 27.14410299045143}, "datetime": {"datetime": "2021-09-17 19:47:44", "elapsed": 207.251507, "delta": 1.412824}}
{"target": 0.734368603988748, "params": {"eta": 0.7654075543641681, "max_depth": 7.47830795680647, "n_estimators": 26.82053853298486}, "datetime": {"datetime": "2021-09-17 19:47:46", "elapsed": 208.784172, "delta": 1.532665}}
{"target": 0.8359988682996151, "params": {"eta": 0.1447025322197478, "max_depth": 8.660574955711402, "n_estimators": 26.373670093167732}, "datetime": {"datetime": "2021-09-17 19:47:47", "elapsed": 210.313617, "delta": 1.529445}}
{"target": 0.8421767646588676, "params": {"eta": 0.1, "max_depth": 16.32521691866343, "n_estimators": 40.832728525985814}, "datetime": {"datetime": "2021-09-17 19:47:49", "elapsed": 211.721907, "delta": 1.40829}}
{"target": 0.811239018855498, "params": {"eta": 0.2967505542008939, "max_depth": 49.32100440715756, "n_estimators": 44.55189226057031}, "datetime": {"datetime": "2021-09-17 19:47:51", "elapsed": 213.502545, "delta": 1.780638}}
{"target": 0.7427993341171608, "params": {"eta": 0.7851884205505153, "max_depth": 8.567257439549618, "n_estimators": 26.50089068790074}, "datetime": {"datetime": "2021-09-17 19:47:52", "elapsed": 215.022175, "delta": 1.51963}}
{"target": 0.851270054785353, "params": {"eta": 0.12998402568820558, "max_depth": 5.093162424220439, "n_estimators": 39.7705079180339}, "datetime": {"datetime": "2021-09-17 19:47:53", "elapsed": 216.460172, "delta": 1.437997}}
{"target": 0.8287491285097246, "params": {"eta": 0.5514586849148764, "max_depth": 4.37079313114586, "n_estimators": 39.62125083569612}, "datetime": {"datetime": "2021-09-17 19:47:55", "elapsed": 218.02474, "delta": 1.564568}}
{"target": 0.8326457453388989, "params": {"eta": 0.29194572663095164, "max_depth": 33.67470108882124, "n_estimators": 44.7466620728191}, "datetime": {"datetime": "2021-09-17 19:47:57", "elapsed": 219.823984, "delta": 1.799244}}
{"target": 0.8304689204668385, "params": {"eta": 0.10821560128029539, "max_depth": 5.347721607126522, "n_estimators": 32.96876148093233}, "datetime": {"datetime": "2021-09-17 19:47:58", "elapsed": 221.261988, "delta": 1.438004}}
{"target": 0.8411090413820597, "params": {"eta": 0.1, "max_depth": 39.06537040276151, "n_estimators": 39.56139962312361}, "datetime": {"datetime": "2021-09-17 19:48:00", "elapsed": 223.165862, "delta": 1.903874}}
{"target": 0.7185982383589924, "params": {"eta": 0.7925653120921733, "max_depth": 46.96922650832561, "n_estimators": 9.374128150074496}, "datetime": {"datetime": "2021-09-17 19:48:01", "elapsed": 224.34821, "delta": 1.182348}}
{"target": 0.7256369824243336, "params": {"eta": 0.7772715939620931, "max_depth": 37.474412959015424, "n_estimators": 45.73495261180992}, "datetime": {"datetime": "2021-09-17 19:48:03", "elapsed": 225.891401, "delta": 1.543191}}
{"target": 0.7104308780015163, "params": {"eta": 0.8, "max_depth": 41.174687510457076, "n_estimators": 41.06001279350157}, "datetime": {"datetime": "2021-09-17 19:48:05", "elapsed": 227.927552, "delta": 2.036151}}
{"target": 0.8086866092926097, "params": {"eta": 0.37942099728222123, "max_depth": 12.374590975473074, "n_estimators": 8.366137281008697}, "datetime": {"datetime": "2021-09-17 19:48:06", "elapsed": 229.144552, "delta": 1.217}}
{"target": 0.8429949309034858, "params": {"eta": 0.11144098312308712, "max_depth": 39.94159857610208, "n_estimators": 40.98934904639378}, "datetime": {"datetime": "2021-09-17 19:48:08", "elapsed": 230.692554, "delta": 1.548002}}
{"target": 0.7002703967648194, "params": {"eta": 0.11792339563554367, "max_depth": 13.532206235442715, "n_estimators": 17.660264231750233}, "datetime": {"datetime": "2021-09-17 19:48:09", "elapsed": 232.048819, "delta": 1.356265}}
{"target": 0.7856514227497577, "params": {"eta": 0.6279562423553626, "max_depth": 14.371966473328326, "n_estimators": 18.3801101097825}, "datetime": {"datetime": "2021-09-17 19:48:11", "elapsed": 233.516191, "delta": 1.467372}}
{"target": 0.8430728391170871, "params": {"eta": 0.1, "max_depth": 41.001355169047024, "n_estimators": 42.20276817042829}, "datetime": {"datetime": "2021-09-17 19:48:12", "elapsed": 235.412501, "delta": 1.89631}}
{"target": 0.838012956747957, "params": {"eta": 0.12307339843129503, "max_depth": 41.67681733794513, "n_estimators": 42.13322305580902}, "datetime": {"datetime": "2021-09-17 19:48:14", "elapsed": 237.332107, "delta": 1.919606}}
{"target": 0.8344015828694286, "params": {"eta": 0.1036078809869928, "max_depth": 39.159368075661604, "n_estimators": 38.761296461815036}, "datetime": {"datetime": "2021-09-17 19:48:16", "elapsed": 238.646132, "delta": 1.314025}}
{"target": 0.8293177398161433, "params": {"eta": 0.21516958608349634, "max_depth": 7.813648914708308, "n_estimators": 26.05262263402776}, "datetime": {"datetime": "2021-09-17 19:48:17", "elapsed": 240.027361, "delta": 1.381229}}
{"target": 0.8424259410407469, "params": {"eta": 0.1, "max_depth": 14.463507858065222, "n_estimators": 41.99655563137569}, "datetime": {"datetime": "2021-09-17 19:48:19", "elapsed": 242.158192, "delta": 2.130831}}
{"target": 0.8198074087793102, "params": {"eta": 0.5430311130850284, "max_depth": 42.43354966675607, "n_estimators": 19.377696048734713}, "datetime": {"datetime": "2021-09-17 19:48:20", "elapsed": 243.443567, "delta": 1.285375}}
{"target": 0.799863713237398, "params": {"eta": 0.498489316287427, "max_depth": 25.034083299120358, "n_estimators": 37.87663149938675}, "datetime": {"datetime": "2021-09-17 19:48:22", "elapsed": 245.027568, "delta": 1.584001}}
{"target": 0.725254137236176, "params": {"eta": 0.73300957293274, "max_depth": 16.565367596094905, "n_estimators": 41.331976350805895}, "datetime": {"datetime": "2021-09-17 19:48:24", "elapsed": 246.970762, "delta": 1.943194}}
{"target": 0.8458817555606033, "params": {"eta": 0.1, "max_depth": 36.9163097116112, "n_estimators": 46.51832802045761}, "datetime": {"datetime": "2021-09-17 19:48:26", "elapsed": 248.594014, "delta": 1.623252}}
{"target": 0.8294865447698482, "params": {"eta": 0.33263702508787896, "max_depth": 6.004994205857999, "n_estimators": 33.77755172564846}, "datetime": {"datetime": "2021-09-17 19:48:27", "elapsed": 250.20986, "delta": 1.615846}}
{"target": 0.8387887418086548, "params": {"eta": 0.111910121702196, "max_depth": 6.1066342816332275, "n_estimators": 38.39906194654121}, "datetime": {"datetime": "2021-09-17 19:48:29", "elapsed": 251.678751, "delta": 1.468891}}
{"target": 0.8221810055387738, "params": {"eta": 0.4723091196256505, "max_depth": 19.42750569014804, "n_estimators": 7.21002650819277}, "datetime": {"datetime": "2021-09-17 19:48:30", "elapsed": 252.87775, "delta": 1.198999}}
{"target": 0.8354936572619346, "params": {"eta": 0.23934845244478795, "max_depth": 39.73636551481991, "n_estimators": 41.98911906714188}, "datetime": {"datetime": "2021-09-17 19:48:32", "elapsed": 254.672168, "delta": 1.794418}}
