{"target": 0.7363813609847971, "params": {"eta": 0.6933502242463349, "max_depth": 1.926418106367883, "n_estimators": 7.990586885541215}, "datetime": {"datetime": "2021-09-17 17:43:04", "elapsed": 224.990197, "delta": 1.151377}}
{"target": 0.8236484727546645, "params": {"eta": 0.4701153178933772, "max_depth": 8.618945247935073, "n_estimators": 6.648193867623033}, "datetime": {"datetime": "2021-09-17 17:43:06", "elapsed": 226.278951, "delta": 1.288754}}
{"target": 0.3950970816952457, "params": {"eta": 0.3536302458525931, "max_depth": 1.8012138941928404, "n_estimators": 4.668176776509671}, "datetime": {"datetime": "2021-09-17 17:43:07", "elapsed": 228.141711, "delta": 1.86276}}
{"target": -3.232483302638699, "params": {"eta": 0.02183457233317735, "max_depth": 6.439455448714589, "n_estimators": 9.453937959756747}, "datetime": {"datetime": "2021-09-17 17:43:09", "elapsed": 229.578743, "delta": 1.437032}}
{"target": -1.2481624452170696, "params": {"eta": 0.06728385922010997, "max_depth": 7.39964333872161, "n_estimators": 8.984664842134586}, "datetime": {"datetime": "2021-09-17 17:43:10", "elapsed": 231.030661, "delta": 1.451918}}
{"target": 0.7006135462207224, "params": {"eta": 0.9915031933939419, "max_depth": 2.8414739224359877, "n_estimators": 5.369568870704386}, "datetime": {"datetime": "2021-09-17 17:43:12", "elapsed": 232.383778, "delta": 1.353117}}
{"target": 0.747528749939172, "params": {"eta": 0.6365725742202544, "max_depth": 8.519607543495752, "n_estimators": 3.590680568339824}, "datetime": {"datetime": "2021-09-17 17:43:13", "elapsed": 233.325776, "delta": 0.941998}}
{"target": 0.7867355866561571, "params": {"eta": 0.5735777473207896, "max_depth": 5.11536412374094, "n_estimators": 7.462550778941413}, "datetime": {"datetime": "2021-09-17 17:43:14", "elapsed": 234.75752, "delta": 1.431744}}
{"target": 0.40009089328654546, "params": {"eta": 0.2172335326468491, "max_depth": 3.790847575785615, "n_estimators": 6.498757108883115}, "datetime": {"datetime": "2021-09-17 17:43:16", "elapsed": 236.738246, "delta": 1.980726}}
{"target": 0.7839269192228003, "params": {"eta": 1.0, "max_depth": 3.725940431551419, "n_estimators": 7.985150781019443}, "datetime": {"datetime": "2021-09-17 17:43:18", "elapsed": 238.511636, "delta": 1.77339}}
{"target": 0.7889416792021919, "params": {"eta": 0.4154501460324863, "max_depth": 8.55193510516546, "n_estimators": 6.0506836811370714}, "datetime": {"datetime": "2021-09-17 17:43:19", "elapsed": 240.132318, "delta": 1.620682}}
{"target": 0.7996118309068767, "params": {"eta": 0.5627465808346757, "max_depth": 5.311122718186156, "n_estimators": 8.706262754667677}, "datetime": {"datetime": "2021-09-17 17:43:21", "elapsed": 241.401567, "delta": 1.269249}}
{"target": -0.7444565980989988, "params": {"eta": 0.5365514691848485, "max_depth": 4.018425026333311, "n_estimators": 1.0439590365984865}, "datetime": {"datetime": "2021-09-17 17:43:22", "elapsed": 242.394499, "delta": 0.992932}}
{"target": 0.8225918891985353, "params": {"eta": 0.518320886612698, "max_depth": 6.761289770284933, "n_estimators": 7.973251774242878}, "datetime": {"datetime": "2021-09-17 17:43:23", "elapsed": 243.798502, "delta": 1.404003}}
{"target": 0.8381403850550359, "params": {"eta": 0.4815572660751237, "max_depth": 7.0086969520700135, "n_estimators": 7.189906833413091}, "datetime": {"datetime": "2021-09-17 17:43:25", "elapsed": 246.170094, "delta": 2.371592}}
{"target": 0.8192219250006391, "params": {"eta": 0.543286723968368, "max_depth": 6.919723927680748, "n_estimators": 8.757545985226841}, "datetime": {"datetime": "2021-09-17 17:43:28", "elapsed": 248.372505, "delta": 2.202411}}
{"target": 0.8217360253150632, "params": {"eta": 0.46570980121329786, "max_depth": 6.103138808197269, "n_estimators": 7.861990902347448}, "datetime": {"datetime": "2021-09-17 17:43:29", "elapsed": 249.828491, "delta": 1.455986}}
{"target": 0.7133020022064078, "params": {"eta": 0.28377747197901826, "max_depth": 1.0330658325254003, "n_estimators": 9.999176124383816}, "datetime": {"datetime": "2021-09-17 17:43:31", "elapsed": 251.806129, "delta": 1.977638}}
{"target": -2.1968273585312517, "params": {"eta": 0.06904787355758725, "max_depth": 3.743777039491757, "n_estimators": 5.699941549591735}, "datetime": {"datetime": "2021-09-17 17:43:33", "elapsed": 253.828894, "delta": 2.022765}}
{"target": 0.4442850565354307, "params": {"eta": 0.9921577933909941, "max_depth": 1.006049917002012, "n_estimators": 1.010227108713392}, "datetime": {"datetime": "2021-09-17 17:43:34", "elapsed": 255.076343, "delta": 1.247449}}
{"target": 0.7784063077924548, "params": {"eta": 0.9911178941113735, "max_depth": 3.576209365771745, "n_estimators": 9.655755762435751}, "datetime": {"datetime": "2021-09-17 17:43:36", "elapsed": 256.370344, "delta": 1.294001}}
{"target": 0.7464445686448394, "params": {"eta": 0.5317950779429172, "max_depth": 3.3648570769107735, "n_estimators": 4.749905702877895}, "datetime": {"datetime": "2021-09-17 17:43:38", "elapsed": 258.33762, "delta": 1.967276}}
{"target": 0.7481157660679725, "params": {"eta": 0.6761019105950421, "max_depth": 3.2659176653771373, "n_estimators": 3.269355992921569}, "datetime": {"datetime": "2021-09-17 17:43:39", "elapsed": 259.575685, "delta": 1.238065}}
{"target": 0.4206245796135406, "params": {"eta": 0.42030594559158935, "max_depth": 2.4719973133715696, "n_estimators": 3.5333324228649667}, "datetime": {"datetime": "2021-09-17 17:43:41", "elapsed": 261.837264, "delta": 2.261579}}
{"target": 0.7805817808949663, "params": {"eta": 0.677005075980493, "max_depth": 5.2620177637438115, "n_estimators": 9.500305814631158}, "datetime": {"datetime": "2021-09-17 17:43:43", "elapsed": 263.304736, "delta": 1.467472}}
{"target": 0.8215255585330866, "params": {"eta": 0.36447779151662, "max_depth": 8.413793194074511, "n_estimators": 8.237027977030449}, "datetime": {"datetime": "2021-09-17 17:43:44", "elapsed": 264.439054, "delta": 1.134318}}
{"target": 0.7728308579488494, "params": {"eta": 0.9949915617307038, "max_depth": 8.24831241510027, "n_estimators": 9.576577013833523}, "datetime": {"datetime": "2021-09-17 17:43:45", "elapsed": 265.606255, "delta": 1.167201}}
{"target": -0.6725453760226983, "params": {"eta": 0.08771463963830327, "max_depth": 8.339960559961282, "n_estimators": 8.806044823480324}, "datetime": {"datetime": "2021-09-17 17:43:47", "elapsed": 267.251484, "delta": 1.645229}}
{"target": -4.438288178974261, "params": {"eta": 0.01, "max_depth": 8.546548652604564, "n_estimators": 6.406934303556615}, "datetime": {"datetime": "2021-09-17 17:43:48", "elapsed": 268.957921, "delta": 1.706437}}
{"target": 0.8092648020460713, "params": {"eta": 0.5539848958850275, "max_depth": 8.09690476737389, "n_estimators": 5.786036094767997}, "datetime": {"datetime": "2021-09-17 17:43:50", "elapsed": 270.608996, "delta": 1.651075}}
{"target": 0.7951821574621851, "params": {"eta": 0.6228208652821925, "max_depth": 8.084646545671895, "n_estimators": 6.642220614038012}, "datetime": {"datetime": "2021-09-17 17:43:53", "elapsed": 273.272934, "delta": 2.663938}}
{"target": 0.799796060472656, "params": {"eta": 0.7193772081801654, "max_depth": 8.773475160357467, "n_estimators": 6.865861055938167}, "datetime": {"datetime": "2021-09-17 17:43:55", "elapsed": 275.345533, "delta": 2.072599}}
{"target": 0.7957138717780146, "params": {"eta": 0.6882246897562243, "max_depth": 8.661420095677283, "n_estimators": 6.257217810748863}, "datetime": {"datetime": "2021-09-17 17:43:57", "elapsed": 277.379359, "delta": 2.033826}}
{"target": 0.7862150024597961, "params": {"eta": 0.6032532207948498, "max_depth": 5.467123789483381, "n_estimators": 9.994412533807346}, "datetime": {"datetime": "2021-09-17 17:43:58", "elapsed": 278.658225, "delta": 1.278866}}
{"target": 0.7567723018870487, "params": {"eta": 0.9260055759804199, "max_depth": 7.993326890329209, "n_estimators": 6.443631315563653}, "datetime": {"datetime": "2021-09-17 17:43:59", "elapsed": 280.020984, "delta": 1.362759}}
{"target": -0.7778340947960372, "params": {"eta": 0.20828497272190868, "max_depth": 7.472424999267994, "n_estimators": 3.5956045509943273}, "datetime": {"datetime": "2021-09-17 17:44:01", "elapsed": 281.463631, "delta": 1.442647}}
{"target": 0.8392599830500983, "params": {"eta": 0.43509535914986347, "max_depth": 8.019385598830716, "n_estimators": 9.138448476901718}, "datetime": {"datetime": "2021-09-17 17:44:02", "elapsed": 282.597316, "delta": 1.133685}}
{"target": 0.29005273422455835, "params": {"eta": 0.35915418625808154, "max_depth": 6.7838272845662955, "n_estimators": 3.8821138954286494}, "datetime": {"datetime": "2021-09-17 17:44:04", "elapsed": 285.192985, "delta": 2.595669}}
{"target": 0.765763891889544, "params": {"eta": 0.4774209952673739, "max_depth": 7.869189423423262, "n_estimators": 4.312354039637058}, "datetime": {"datetime": "2021-09-17 17:44:06", "elapsed": 286.897984, "delta": 1.704999}}
{"target": 0.33638684652198136, "params": {"eta": 0.5073568619475619, "max_depth": 6.585841689276963, "n_estimators": 2.7703456601919125}, "datetime": {"datetime": "2021-09-17 17:44:08", "elapsed": 288.702027, "delta": 1.804043}}
{"target": -2.6559155585831027, "params": {"eta": 0.06772134121192469, "max_depth": 5.145364195288042, "n_estimators": 4.817842744463512}, "datetime": {"datetime": "2021-09-17 17:44:09", "elapsed": 290.096028, "delta": 1.394001}}
{"target": -1.4360667653617276, "params": {"eta": 0.41965145392201236, "max_depth": 7.061618087331214, "n_estimators": 1.9617337277971494}, "datetime": {"datetime": "2021-09-17 17:44:11", "elapsed": 292.054359, "delta": 1.958331}}
{"target": 0.5950988389675176, "params": {"eta": 0.4507623678544244, "max_depth": 1.0180973787162335, "n_estimators": 4.6803119587186774}, "datetime": {"datetime": "2021-09-17 17:44:13", "elapsed": 293.753539, "delta": 1.69918}}
{"target": 0.7906081435727672, "params": {"eta": 0.9709788969491906, "max_depth": 8.567041505333648, "n_estimators": 3.7317834778628014}, "datetime": {"datetime": "2021-09-17 17:44:14", "elapsed": 295.062905, "delta": 1.309366}}
{"target": -2.4751908213084692, "params": {"eta": 0.050006831617574174, "max_depth": 4.4263348855853994, "n_estimators": 6.598225300524779}, "datetime": {"datetime": "2021-09-17 17:44:17", "elapsed": 297.662556, "delta": 2.599651}}
{"target": 0.6764605036568967, "params": {"eta": 0.5413800398398777, "max_depth": 1.9577916208961132, "n_estimators": 4.009914326533212}, "datetime": {"datetime": "2021-09-17 17:44:19", "elapsed": 299.724953, "delta": 2.062397}}
{"target": 0.741532628993439, "params": {"eta": 0.7406156477218002, "max_depth": 4.03267701209563, "n_estimators": 6.244927143208558}, "datetime": {"datetime": "2021-09-17 17:44:21", "elapsed": 301.882462, "delta": 2.157509}}
{"target": 0.7882886344275581, "params": {"eta": 0.5360955909462469, "max_depth": 7.3399559992023455, "n_estimators": 4.2195940861814885}, "datetime": {"datetime": "2021-09-17 17:44:23", "elapsed": 303.955572, "delta": 2.07311}}
{"target": 0.8323490690035839, "params": {"eta": 0.40255126108791334, "max_depth": 5.287444031707172, "n_estimators": 8.06599767231674}, "datetime": {"datetime": "2021-09-17 17:44:26", "elapsed": 306.745457, "delta": 2.789885}}
{"target": 0.7398587288666492, "params": {"eta": 1.0, "max_depth": 6.702971312916325, "n_estimators": 2.7300890843557077}, "datetime": {"datetime": "2021-09-17 17:44:28", "elapsed": 308.945247, "delta": 2.19979}}
{"target": 0.8101974744966405, "params": {"eta": 0.4944455163353437, "max_depth": 8.811599003408672, "n_estimators": 8.04915763633479}, "datetime": {"datetime": "2021-09-17 17:44:30", "elapsed": 310.366691, "delta": 1.421444}}
{"target": 0.4486641290162612, "params": {"eta": 0.4013982862470576, "max_depth": 8.998444908783549, "n_estimators": 3.121633930644438}, "datetime": {"datetime": "2021-09-17 17:44:32", "elapsed": 312.278508, "delta": 1.911817}}
{"target": 0.8308744198047995, "params": {"eta": 0.555425492835883, "max_depth": 9.997546302489148, "n_estimators": 9.105473617104977}, "datetime": {"datetime": "2021-09-17 17:44:33", "elapsed": 314.166667, "delta": 1.888159}}
{"target": 0.7857694513186217, "params": {"eta": 0.5435385127774475, "max_depth": 3.528153193980029, "n_estimators": 6.8900787389047835}, "datetime": {"datetime": "2021-09-17 17:44:35", "elapsed": 316.060968, "delta": 1.894301}}
{"target": 0.7424003086591193, "params": {"eta": 1.0, "max_depth": 8.27527532152059, "n_estimators": 2.223992851547437}, "datetime": {"datetime": "2021-09-17 17:44:37", "elapsed": 317.851416, "delta": 1.790448}}
{"target": 0.7218309849581872, "params": {"eta": 0.4765665316853282, "max_depth": 3.4971971996965996, "n_estimators": 4.047141171081398}, "datetime": {"datetime": "2021-09-17 17:44:39", "elapsed": 320.080748, "delta": 2.229332}}
{"target": -4.438288178974261, "params": {"eta": 0.01, "max_depth": 6.842100505023231, "n_estimators": 6.988253560894201}, "datetime": {"datetime": "2021-09-17 17:44:42", "elapsed": 322.622473, "delta": 2.541725}}
{"target": 0.228487965231563, "params": {"eta": 0.7699756462689707, "max_depth": 3.5627557411566624, "n_estimators": 1.2799769396682337}, "datetime": {"datetime": "2021-09-17 17:44:43", "elapsed": 323.821324, "delta": 1.198851}}
{"target": 0.789349835575873, "params": {"eta": 0.7004405470186054, "max_depth": 6.443556693815046, "n_estimators": 6.670336393218022}, "datetime": {"datetime": "2021-09-17 17:44:45", "elapsed": 325.579121, "delta": 1.757797}}
{"target": 0.7474832720594582, "params": {"eta": 0.7808817093694956, "max_depth": 7.187742792993275, "n_estimators": 6.78036551009869}, "datetime": {"datetime": "2021-09-17 17:44:47", "elapsed": 327.33442, "delta": 1.755299}}
{"target": 0.7882585648769782, "params": {"eta": 0.6668004302958878, "max_depth": 6.406300503364472, "n_estimators": 7.4362823702335}, "datetime": {"datetime": "2021-09-17 17:44:48", "elapsed": 328.979198, "delta": 1.644778}}
{"target": 0.8197383971642456, "params": {"eta": 0.547070898613615, "max_depth": 6.892274332119125, "n_estimators": 6.248726951615108}, "datetime": {"datetime": "2021-09-17 17:44:50", "elapsed": 330.479882, "delta": 1.500684}}
{"target": 0.7747959152602456, "params": {"eta": 0.8397889200078457, "max_depth": 7.154260349487347, "n_estimators": 7.546493351527888}, "datetime": {"datetime": "2021-09-17 17:44:51", "elapsed": 332.089576, "delta": 1.609694}}
{"target": 0.7777466310139654, "params": {"eta": 0.8474541176086049, "max_depth": 7.143112145477968, "n_estimators": 7.5527369380970875}, "datetime": {"datetime": "2021-09-17 17:44:53", "elapsed": 333.280819, "delta": 1.191243}}
{"target": -1.4065284328355006, "params": {"eta": 0.09862448819102046, "max_depth": 3.091876955876635, "n_estimators": 5.402029097326538}, "datetime": {"datetime": "2021-09-17 17:44:54", "elapsed": 334.53644, "delta": 1.255621}}
{"target": 0.8177056575591679, "params": {"eta": 0.5174537461118878, "max_depth": 7.630314996597813, "n_estimators": 6.095039943427189}, "datetime": {"datetime": "2021-09-17 17:44:56", "elapsed": 336.469785, "delta": 1.933345}}
{"target": 0.3554238212961638, "params": {"eta": 0.37416395711048767, "max_depth": 4.58128627713192, "n_estimators": 3.653497970732615}, "datetime": {"datetime": "2021-09-17 17:44:58", "elapsed": 338.781039, "delta": 2.311254}}
{"target": 0.7722786516889041, "params": {"eta": 0.9880313472661195, "max_depth": 8.930152696837489, "n_estimators": 4.851727994184129}, "datetime": {"datetime": "2021-09-17 17:44:59", "elapsed": 340.089278, "delta": 1.308239}}
{"target": 0.6687131944358848, "params": {"eta": 0.994979831113155, "max_depth": 1.652160794295761, "n_estimators": 3.8196293940458568}, "datetime": {"datetime": "2021-09-17 17:45:01", "elapsed": 342.128597, "delta": 2.039319}}
{"target": -3.111089990522422, "params": {"eta": 0.026486129209559534, "max_depth": 4.983629332602765, "n_estimators": 8.764142514433779}, "datetime": {"datetime": "2021-09-17 17:45:03", "elapsed": 344.134078, "delta": 2.005481}}
{"target": 0.5803783828134476, "params": {"eta": 0.32375753188076156, "max_depth": 1.0, "n_estimators": 6.524150163990859}, "datetime": {"datetime": "2021-09-17 17:45:06", "elapsed": 346.450695, "delta": 2.316617}}
{"target": 0.7793231870180254, "params": {"eta": 0.6388419357231142, "max_depth": 1.449869051843513, "n_estimators": 10.0}, "datetime": {"datetime": "2021-09-17 17:45:10", "elapsed": 350.48062, "delta": 4.029925}}
{"target": 0.8101957153408972, "params": {"eta": 0.6817039725807146, "max_depth": 5.5864499662473, "n_estimators": 8.266004070483383}, "datetime": {"datetime": "2021-09-17 17:45:11", "elapsed": 351.852527, "delta": 1.371907}}
{"target": 0.7547351561429569, "params": {"eta": 0.8644251083125846, "max_depth": 6.266618874973259, "n_estimators": 2.8938801221009434}, "datetime": {"datetime": "2021-09-17 17:45:13", "elapsed": 353.215349, "delta": 1.362822}}
{"target": 0.24576803110840983, "params": {"eta": 0.48315206806129907, "max_depth": 4.81276979868666, "n_estimators": 2.912201129088766}, "datetime": {"datetime": "2021-09-17 17:45:14", "elapsed": 355.110266, "delta": 1.894917}}
{"target": 0.7073355040109789, "params": {"eta": 0.549360226537517, "max_depth": 1.47482727496181, "n_estimators": 6.7640904529861405}, "datetime": {"datetime": "2021-09-17 17:45:17", "elapsed": 357.493872, "delta": 2.383606}}
{"target": 0.7971479703477187, "params": {"eta": 0.8247034687054864, "max_depth": 6.590491205269664, "n_estimators": 3.428699513564286}, "datetime": {"datetime": "2021-09-17 17:45:19", "elapsed": 359.43548, "delta": 1.941608}}
{"target": -4.0541145165847405, "params": {"eta": 0.01, "max_depth": 5.534893883347735, "n_estimators": 10.0}, "datetime": {"datetime": "2021-09-17 17:45:21", "elapsed": 362.11769, "delta": 2.68221}}
{"target": -4.153140258833365, "params": {"eta": 0.08797699582901108, "max_depth": 4.45514007269361, "n_estimators": 1.7097482823434254}, "datetime": {"datetime": "2021-09-17 17:45:23", "elapsed": 364.028483, "delta": 1.910793}}
{"target": 0.7828247947957778, "params": {"eta": 0.6161105317599458, "max_depth": 6.021339836670963, "n_estimators": 9.937032402883503}, "datetime": {"datetime": "2021-09-17 17:45:25", "elapsed": 365.733994, "delta": 1.705511}}
{"target": 0.6545534755708191, "params": {"eta": 1.0, "max_depth": 1.5861595505114263, "n_estimators": 4.901622532194069}, "datetime": {"datetime": "2021-09-17 17:45:28", "elapsed": 368.329671, "delta": 2.595677}}
{"target": 0.816662085645649, "params": {"eta": 0.48991528656875566, "max_depth": 9.283973554190478, "n_estimators": 7.44406838666486}, "datetime": {"datetime": "2021-09-17 17:45:30", "elapsed": 371.053605, "delta": 2.723934}}
{"target": 0.8590920732083059, "params": {"eta": 0.4132979928403655, "max_depth": 4.586818580646233, "n_estimators": 9.56634960316197}, "datetime": {"datetime": "2021-09-17 17:45:33", "elapsed": 373.492431, "delta": 2.438826}}
{"target": -4.339277197157583, "params": {"eta": 0.01, "max_depth": 5.923675288834409, "n_estimators": 7.639484147852506}, "datetime": {"datetime": "2021-09-17 17:45:35", "elapsed": 376.106333, "delta": 2.613902}}
{"target": 0.7951361679975204, "params": {"eta": 0.6644721236374553, "max_depth": 6.212342076023645, "n_estimators": 8.428124982683608}, "datetime": {"datetime": "2021-09-17 17:45:37", "elapsed": 378.168611, "delta": 2.062278}}
{"target": 0.7969448684062764, "params": {"eta": 0.6472209971165576, "max_depth": 5.641574819725916, "n_estimators": 7.170382273067322}, "datetime": {"datetime": "2021-09-17 17:45:40", "elapsed": 380.45593, "delta": 2.287319}}
{"target": -0.11553025432033603, "params": {"eta": 0.40490485565918294, "max_depth": 2.1203213610890694, "n_estimators": 2.9379900723863166}, "datetime": {"datetime": "2021-09-17 17:45:42", "elapsed": 382.561417, "delta": 2.105487}}
{"target": 0.7421433076012008, "params": {"eta": 0.40938528091670257, "max_depth": 1.7475207528211114, "n_estimators": 7.487163266814891}, "datetime": {"datetime": "2021-09-17 17:45:43", "elapsed": 383.91384, "delta": 1.352423}}
{"target": 0.7869878116194691, "params": {"eta": 0.7159691097769635, "max_depth": 5.730437430411576, "n_estimators": 9.04072077275492}, "datetime": {"datetime": "2021-09-17 17:45:47", "elapsed": 387.693748, "delta": 3.779908}}
{"target": -3.0399104752543984, "params": {"eta": 0.2081301076017657, "max_depth": 6.3906002767441885, "n_estimators": 1.0248735332251115}, "datetime": {"datetime": "2021-09-17 17:45:49", "elapsed": 389.514163, "delta": 1.820415}}
{"target": 0.7802865002330818, "params": {"eta": 0.670295673381342, "max_depth": 6.72130363117442, "n_estimators": 7.0175889575092905}, "datetime": {"datetime": "2021-09-17 17:45:51", "elapsed": 391.596405, "delta": 2.082242}}
{"target": 0.7217591449318848, "params": {"eta": 0.9735129472599249, "max_depth": 3.547371653735834, "n_estimators": 2.9038018254482196}, "datetime": {"datetime": "2021-09-17 17:45:52", "elapsed": 393.103403, "delta": 1.506998}}
{"target": 0.7532477652865055, "params": {"eta": 1.0, "max_depth": 7.3964223718949045, "n_estimators": 5.068568950400713}, "datetime": {"datetime": "2021-09-17 17:45:55", "elapsed": 395.554542, "delta": 2.451139}}
{"target": 0.6433649151003584, "params": {"eta": 1.0, "max_depth": 3.2398797027576545, "n_estimators": 1.0}, "datetime": {"datetime": "2021-09-17 17:45:57", "elapsed": 397.985929, "delta": 2.431387}}
{"target": 0.7601179319409429, "params": {"eta": 0.6489171140936517, "max_depth": 9.062786462798826, "n_estimators": 3.2213221944289083}, "datetime": {"datetime": "2021-09-17 17:45:59", "elapsed": 399.373857, "delta": 1.387928}}
{"target": 0.7676815874680277, "params": {"eta": 0.6141239259971116, "max_depth": 5.578151128846774, "n_estimators": 7.778801470101424}, "datetime": {"datetime": "2021-09-17 17:46:02", "elapsed": 402.407186, "delta": 3.033329}}
{"target": 0.7942224174456549, "params": {"eta": 0.3834254920216931, "max_depth": 3.9753670426254804, "n_estimators": 8.498952447950577}, "datetime": {"datetime": "2021-09-17 17:46:03", "elapsed": 404.133794, "delta": 1.726608}}
