{"target": -11.962288669234171, "params": {"eta": 0.24589507667822458, "max_depth": 6.20367802087489, "n_estimators": 133.0334821003874}, "datetime": {"datetime": "2021-09-27 19:12:09", "elapsed": 0.449976, "delta": 0.449976}}
{"target": -11.708664503414711, "params": {"eta": 0.14209188531702913, "max_depth": 8.192709663506637, "n_estimators": 129.9654673674523}, "datetime": {"datetime": "2021-09-27 19:12:10", "elapsed": 1.137975, "delta": 0.687999}}
{"target": -12.027393307815714, "params": {"eta": 0.17007227379628997, "max_depth": 8.21133832769295, "n_estimators": 152.9142094277039}, "datetime": {"datetime": "2021-09-27 19:12:11", "elapsed": 2.251354, "delta": 1.113379}}
{"target": -11.127232188679944, "params": {"eta": 0.11056097540522011, "max_depth": 7.135781212657465, "n_estimators": 118.44398656469153}, "datetime": {"datetime": "2021-09-27 19:12:11", "elapsed": 2.675354, "delta": 0.424}}
{"target": -11.878399154560325, "params": {"eta": 0.40340081651750304, "max_depth": 10.539752926394888, "n_estimators": 149.42368373819278}, "datetime": {"datetime": "2021-09-27 19:12:12", "elapsed": 3.039351, "delta": 0.363997}}
{"target": -13.172178554840997, "params": {"eta": 0.4309526684108606, "max_depth": 2.7964547700906097, "n_estimators": 150.5246090121704}, "datetime": {"datetime": "2021-09-27 19:12:12", "elapsed": 3.251353, "delta": 0.212002}}
{"target": -11.12013257595501, "params": {"eta": 0.07937892697409515, "max_depth": 6.281223275973894, "n_estimators": 109.65309156606125}, "datetime": {"datetime": "2021-09-27 19:12:12", "elapsed": 3.573355, "delta": 0.322002}}
{"target": -12.170397963246646, "params": {"eta": 0.3343586812346106, "max_depth": 4.709656068374654, "n_estimators": 151.78438229458007}, "datetime": {"datetime": "2021-09-27 19:12:12", "elapsed": 3.956355, "delta": 0.383}}
{"target": -11.367960318907118, "params": {"eta": 0.08497235200801799, "max_depth": 6.433102481518208, "n_estimators": 111.30878375176025}, "datetime": {"datetime": "2021-09-27 19:12:13", "elapsed": 4.960353, "delta": 1.003998}}
{"target": -11.173859449667017, "params": {"eta": 0.10097897840627505, "max_depth": 6.921121888408793, "n_estimators": 116.039816271245}, "datetime": {"datetime": "2021-09-27 19:12:14", "elapsed": 5.871126, "delta": 0.910773}}
{"target": -13.404868826457978, "params": {"eta": 0.4993091940791888, "max_depth": 4.0181839651632005, "n_estimators": 117.70387020048048}, "datetime": {"datetime": "2021-09-27 19:12:15", "elapsed": 6.619131, "delta": 0.748005}}
{"target": -11.443449977752389, "params": {"eta": 0.05, "max_depth": 8.287544440956722, "n_estimators": 117.19227618469907}, "datetime": {"datetime": "2021-09-27 19:12:16", "elapsed": 7.765127, "delta": 1.145996}}
{"target": -11.449346517362583, "params": {"eta": 0.05, "max_depth": 8.096556392969067, "n_estimators": 109.7754682563065}, "datetime": {"datetime": "2021-09-27 19:12:17", "elapsed": 8.540126, "delta": 0.774999}}
{"target": -11.418099069664681, "params": {"eta": 0.05, "max_depth": 8.284779688789829, "n_estimators": 120.03285124837265}, "datetime": {"datetime": "2021-09-27 19:12:18", "elapsed": 9.861199, "delta": 1.321073}}
{"target": -12.195227116026294, "params": {"eta": 0.3038508670253177, "max_depth": 8.151220585215343, "n_estimators": 114.19428043333235}, "datetime": {"datetime": "2021-09-27 19:12:19", "elapsed": 10.564781, "delta": 0.703582}}
{"target": -12.199170690756658, "params": {"eta": 0.38219815998182455, "max_depth": 4.412039006159849, "n_estimators": 110.04611631654842}, "datetime": {"datetime": "2021-09-27 19:12:19", "elapsed": 11.027789, "delta": 0.463008}}
{"target": -11.401844671866899, "params": {"eta": 0.05, "max_depth": 6.884891759482311, "n_estimators": 108.12577006328804}, "datetime": {"datetime": "2021-09-27 19:12:20", "elapsed": 11.662784, "delta": 0.634995}}
{"target": -12.079518469921469, "params": {"eta": 0.24108419685490634, "max_depth": 6.291115349271749, "n_estimators": 120.71783685995013}, "datetime": {"datetime": "2021-09-27 19:12:21", "elapsed": 12.315324, "delta": 0.65254}}
{"target": -13.49842315063126, "params": {"eta": 0.5, "max_depth": 9.72893516473121, "n_estimators": 118.87476582389412}, "datetime": {"datetime": "2021-09-27 19:12:21", "elapsed": 12.840326, "delta": 0.525002}}
{"target": -11.69886404188775, "params": {"eta": 0.2785421685762774, "max_depth": 6.882633659605409, "n_estimators": 117.28485306277679}, "datetime": {"datetime": "2021-09-27 19:12:22", "elapsed": 13.372324, "delta": 0.531998}}
{"target": -12.12930823852311, "params": {"eta": 0.2986528650556492, "max_depth": 7.108450349556204, "n_estimators": 110.42231501784732}, "datetime": {"datetime": "2021-09-27 19:12:23", "elapsed": 14.044895, "delta": 0.672571}}
{"target": -12.002293973760121, "params": {"eta": 0.2520551364178867, "max_depth": 6.888613250473713, "n_estimators": 117.13471502274712}, "datetime": {"datetime": "2021-09-27 19:12:23", "elapsed": 14.539897, "delta": 0.495002}}
{"target": -11.49751064494268, "params": {"eta": 0.1971789405556141, "max_depth": 7.03430528935339, "n_estimators": 118.0053331615344}, "datetime": {"datetime": "2021-09-27 19:12:24", "elapsed": 15.234516, "delta": 0.694619}}
{"target": -11.357573578674875, "params": {"eta": 0.10650131116843992, "max_depth": 8.397419263122337, "n_estimators": 106.66109719936013}, "datetime": {"datetime": "2021-09-27 19:12:24", "elapsed": 15.793721, "delta": 0.559205}}
{"target": -12.458356514883883, "params": {"eta": 0.3714899080513092, "max_depth": 4.181011143778546, "n_estimators": 128.337367062743}, "datetime": {"datetime": "2021-09-27 19:12:25", "elapsed": 16.182719, "delta": 0.388998}}
{"target": -11.230085769308118, "params": {"eta": 0.05938380627913487, "max_depth": 6.451003123488605, "n_estimators": 109.17563882031295}, "datetime": {"datetime": "2021-09-27 19:12:25", "elapsed": 16.863721, "delta": 0.681002}}
{"target": -11.330241410287577, "params": {"eta": 0.1919120773882403, "max_depth": 6.236229752202879, "n_estimators": 184.10681729628462}, "datetime": {"datetime": "2021-09-27 19:12:26", "elapsed": 17.62672, "delta": 0.762999}}
{"target": -11.224275931136745, "params": {"eta": 0.15900757046964598, "max_depth": 6.9802601952561805, "n_estimators": 118.83167091308896}, "datetime": {"datetime": "2021-09-27 19:12:27", "elapsed": 18.102718, "delta": 0.475998}}
{"target": -11.889410205871432, "params": {"eta": 0.416310203505686, "max_depth": 7.680760413575415, "n_estimators": 118.87254551666356}, "datetime": {"datetime": "2021-09-27 19:12:27", "elapsed": 18.75972, "delta": 0.657002}}
{"target": -11.920950836339406, "params": {"eta": 0.3116152333317202, "max_depth": 5.83499471364399, "n_estimators": 109.41485037986588}, "datetime": {"datetime": "2021-09-27 19:12:28", "elapsed": 19.272244, "delta": 0.512524}}
{"target": -11.943206296039877, "params": {"eta": 0.3112501282443102, "max_depth": 6.802715205659181, "n_estimators": 115.4657814993031}, "datetime": {"datetime": "2021-09-27 19:12:28", "elapsed": 19.881996, "delta": 0.609752}}
{"target": -11.875551964408478, "params": {"eta": 0.1882565279700455, "max_depth": 10.85352574362179, "n_estimators": 108.48436960298419}, "datetime": {"datetime": "2021-09-27 19:12:29", "elapsed": 20.576998, "delta": 0.695002}}
{"target": -11.99576535459593, "params": {"eta": 0.25050917486360613, "max_depth": 6.9398155706951385, "n_estimators": 109.16274335120528}, "datetime": {"datetime": "2021-09-27 19:12:30", "elapsed": 21.232996, "delta": 0.655998}}
{"target": -11.163198507655025, "params": {"eta": 0.09648792157670805, "max_depth": 10.98254770088906, "n_estimators": 161.48148862084562}, "datetime": {"datetime": "2021-09-27 19:12:31", "elapsed": 22.193178, "delta": 0.960182}}
{"target": -11.736046839079343, "params": {"eta": 0.3856041083264704, "max_depth": 11.378812013735745, "n_estimators": 161.41070680314132}, "datetime": {"datetime": "2021-09-27 19:12:31", "elapsed": 22.794179, "delta": 0.601001}}
{"target": -12.164855905441806, "params": {"eta": 0.440510363582086, "max_depth": 11.502080057758489, "n_estimators": 125.5947352460333}, "datetime": {"datetime": "2021-09-27 19:12:32", "elapsed": 23.352181, "delta": 0.558002}}
{"target": -11.564605215989758, "params": {"eta": 0.2325362710806313, "max_depth": 6.695129591110559, "n_estimators": 118.5668922846859}, "datetime": {"datetime": "2021-09-27 19:12:33", "elapsed": 24.109182, "delta": 0.757001}}
{"target": -11.895113485301138, "params": {"eta": 0.38495737825241244, "max_depth": 8.948010878785045, "n_estimators": 194.05643129669045}, "datetime": {"datetime": "2021-09-27 19:12:33", "elapsed": 24.685695, "delta": 0.576513}}
{"target": -11.55577646058904, "params": {"eta": 0.20088498304157681, "max_depth": 3.4575689170209003, "n_estimators": 115.47726996916062}, "datetime": {"datetime": "2021-09-27 19:12:34", "elapsed": 25.068452, "delta": 0.382757}}
{"target": -12.539478759556374, "params": {"eta": 0.142426721829656, "max_depth": 2.935305543572559, "n_estimators": 166.72844321262437}, "datetime": {"datetime": "2021-09-27 19:12:34", "elapsed": 25.435452, "delta": 0.367}}
{"target": -12.457038393672102, "params": {"eta": 0.39118797048719517, "max_depth": 10.566971282834636, "n_estimators": 161.39023193086456}, "datetime": {"datetime": "2021-09-27 19:12:35", "elapsed": 26.079003, "delta": 0.643551}}
{"target": -11.59677788117062, "params": {"eta": 0.40450553822621826, "max_depth": 4.898702769806313, "n_estimators": 133.01020999785803}, "datetime": {"datetime": "2021-09-27 19:12:35", "elapsed": 26.582005, "delta": 0.503002}}
{"target": -11.603859543045724, "params": {"eta": 0.3451304166228828, "max_depth": 4.574257779719207, "n_estimators": 138.3115934218467}, "datetime": {"datetime": "2021-09-27 19:12:36", "elapsed": 27.126004, "delta": 0.543999}}
{"target": -11.206675256955485, "params": {"eta": 0.18773903195567937, "max_depth": 9.432797140497373, "n_estimators": 177.26255357562462}, "datetime": {"datetime": "2021-09-27 19:12:36", "elapsed": 28.028329, "delta": 0.902325}}
{"target": -12.12688032411505, "params": {"eta": 0.3979845372772228, "max_depth": 7.117352952458141, "n_estimators": 118.5050828345029}, "datetime": {"datetime": "2021-09-27 19:12:37", "elapsed": 28.646329, "delta": 0.618}}
{"target": -11.101338286689293, "params": {"eta": 0.13546308193375747, "max_depth": 6.1331650018094415, "n_estimators": 109.90436960963052}, "datetime": {"datetime": "2021-09-27 19:12:38", "elapsed": 29.33933, "delta": 0.693001}}
{"target": -12.244402601732, "params": {"eta": 0.28317764049790356, "max_depth": 2.510335337151966, "n_estimators": 168.83608066388476}, "datetime": {"datetime": "2021-09-27 19:12:38", "elapsed": 29.794329, "delta": 0.454999}}
{"target": -10.976487550796195, "params": {"eta": 0.07764790714968205, "max_depth": 6.545283385592218, "n_estimators": 109.9766402424819}, "datetime": {"datetime": "2021-09-27 19:12:39", "elapsed": 30.335293, "delta": 0.540964}}
{"target": -12.006332067641164, "params": {"eta": 0.3586522628326192, "max_depth": 6.323973489336113, "n_estimators": 109.94191059694475}, "datetime": {"datetime": "2021-09-27 19:12:39", "elapsed": 30.977288, "delta": 0.641995}}
{"target": -11.689842985155806, "params": {"eta": 0.4119344239485439, "max_depth": 6.991086061558164, "n_estimators": 141.00288953084956}, "datetime": {"datetime": "2021-09-27 19:12:40", "elapsed": 31.590288, "delta": 0.613}}
{"target": -10.946290572437242, "params": {"eta": 0.09866028765254507, "max_depth": 5.9005720663745445, "n_estimators": 110.10577917238703}, "datetime": {"datetime": "2021-09-27 19:12:41", "elapsed": 32.064573, "delta": 0.474285}}
{"target": -12.755017719353063, "params": {"eta": 0.4905597680246365, "max_depth": 4.291052484723405, "n_estimators": 199.836607546471}, "datetime": {"datetime": "2021-09-27 19:12:41", "elapsed": 32.761573, "delta": 0.697}}
{"target": -11.607642065790243, "params": {"eta": 0.05863066992642142, "max_depth": 8.80002765519213, "n_estimators": 133.67781318408228}, "datetime": {"datetime": "2021-09-27 19:12:42", "elapsed": 33.501576, "delta": 0.740003}}
{"target": -11.402141201670906, "params": {"eta": 0.05, "max_depth": 6.598730601958763, "n_estimators": 109.70399641741598}, "datetime": {"datetime": "2021-09-27 19:12:43", "elapsed": 34.1129, "delta": 0.611324}}
{"target": -11.504112433764185, "params": {"eta": 0.05, "max_depth": 5.860130026690153, "n_estimators": 109.85805119777736}, "datetime": {"datetime": "2021-09-27 19:12:43", "elapsed": 34.8159, "delta": 0.703}}
{"target": -11.898781834343879, "params": {"eta": 0.4198543914826092, "max_depth": 11.537843359933335, "n_estimators": 198.82863272783695}, "datetime": {"datetime": "2021-09-27 19:12:44", "elapsed": 35.372899, "delta": 0.556999}}
{"target": -11.449832628716319, "params": {"eta": 0.1503675432916103, "max_depth": 5.9737285826942585, "n_estimators": 110.43719032035798}, "datetime": {"datetime": "2021-09-27 19:12:44", "elapsed": 36.024221, "delta": 0.651322}}
{"target": -12.909628476028958, "params": {"eta": 0.4269613795754502, "max_depth": 5.6763800526625054, "n_estimators": 110.1100945554296}, "datetime": {"datetime": "2021-09-27 19:12:45", "elapsed": 36.60722, "delta": 0.582999}}
{"target": -10.960737116492208, "params": {"eta": 0.16030121593505497, "max_depth": 6.774504633489909, "n_estimators": 110.13108060692771}, "datetime": {"datetime": "2021-09-27 19:12:46", "elapsed": 37.121222, "delta": 0.514002}}
{"target": -13.459708345682495, "params": {"eta": 0.46059629300373467, "max_depth": 3.3937365723692086, "n_estimators": 157.50466364662327}, "datetime": {"datetime": "2021-09-27 19:12:46", "elapsed": 37.677317, "delta": 0.556095}}
{"target": -11.25349481808748, "params": {"eta": 0.18353860382510517, "max_depth": 6.205591680369482, "n_estimators": 110.28010002098281}, "datetime": {"datetime": "2021-09-27 19:12:47", "elapsed": 38.434838, "delta": 0.757521}}
{"target": -13.450593023722243, "params": {"eta": 0.08365896107979812, "max_depth": 2.4289101597899125, "n_estimators": 121.89042366575983}, "datetime": {"datetime": "2021-09-27 19:12:47", "elapsed": 38.802837, "delta": 0.367999}}
{"target": -12.706501776608384, "params": {"eta": 0.4938478121567619, "max_depth": 9.62765438802148, "n_estimators": 177.1236884890498}, "datetime": {"datetime": "2021-09-27 19:12:48", "elapsed": 39.312837, "delta": 0.51}}
{"target": -11.467267085149972, "params": {"eta": 0.05, "max_depth": 7.270827200815695, "n_estimators": 118.71786831703248}, "datetime": {"datetime": "2021-09-27 19:12:49", "elapsed": 40.139731, "delta": 0.826894}}
{"target": -11.269288350360311, "params": {"eta": 0.07412078073629322, "max_depth": 6.684865444126568, "n_estimators": 110.30030272643612}, "datetime": {"datetime": "2021-09-27 19:12:49", "elapsed": 40.993731, "delta": 0.854}}
{"target": -12.387564938098816, "params": {"eta": 0.44960694986450267, "max_depth": 8.37900718050279, "n_estimators": 139.37832486957782}, "datetime": {"datetime": "2021-09-27 19:12:50", "elapsed": 41.590732, "delta": 0.597001}}
{"target": -11.79767816318397, "params": {"eta": 0.17107977564090354, "max_depth": 9.480534496997315, "n_estimators": 177.58135977806376}, "datetime": {"datetime": "2021-09-27 19:12:52", "elapsed": 43.13792, "delta": 1.547188}}
{"target": -11.452464438296932, "params": {"eta": 0.05, "max_depth": 9.157077603541309, "n_estimators": 177.20171391896898}, "datetime": {"datetime": "2021-09-27 19:12:53", "elapsed": 44.282974, "delta": 1.145054}}
{"target": -11.590539697113728, "params": {"eta": 0.09780280061348257, "max_depth": 11.329021932137664, "n_estimators": 161.7253000697683}, "datetime": {"datetime": "2021-09-27 19:12:54", "elapsed": 45.558974, "delta": 1.276}}
{"target": -11.464726179329803, "params": {"eta": 0.2870983972471507, "max_depth": 7.794292651953512, "n_estimators": 126.88541586032652}, "datetime": {"datetime": "2021-09-27 19:12:55", "elapsed": 46.246807, "delta": 0.687833}}
{"target": -11.394064897100957, "params": {"eta": 0.05, "max_depth": 6.107303616176988, "n_estimators": 110.12104622795182}, "datetime": {"datetime": "2021-09-27 19:12:56", "elapsed": 47.118807, "delta": 0.872}}
{"target": -12.2904872606362, "params": {"eta": 0.3247839786308108, "max_depth": 8.561237843875798, "n_estimators": 175.38428695676134}, "datetime": {"datetime": "2021-09-27 19:12:56", "elapsed": 47.907785, "delta": 0.788978}}
{"target": -11.57022805550912, "params": {"eta": 0.19729438115597348, "max_depth": 6.220083914013114, "n_estimators": 109.37247565956358}, "datetime": {"datetime": "2021-09-27 19:12:57", "elapsed": 48.604449, "delta": 0.696664}}
{"target": -11.175435975830181, "params": {"eta": 0.09049032035180352, "max_depth": 9.437065970098898, "n_estimators": 165.1007944721906}, "datetime": {"datetime": "2021-09-27 19:12:58", "elapsed": 49.755506, "delta": 1.151057}}
{"target": -11.870497332744346, "params": {"eta": 0.3423767373913905, "max_depth": 10.266367060605491, "n_estimators": 121.69867515226758}, "datetime": {"datetime": "2021-09-27 19:12:59", "elapsed": 50.399493, "delta": 0.643987}}
{"target": -11.326172797006686, "params": {"eta": 0.17950096015753897, "max_depth": 7.1941540369797075, "n_estimators": 116.11133909661858}, "datetime": {"datetime": "2021-09-27 19:13:00", "elapsed": 51.133497, "delta": 0.734004}}
{"target": -11.67285838981395, "params": {"eta": 0.10047276636633595, "max_depth": 6.987968752714097, "n_estimators": 110.0296161957242}, "datetime": {"datetime": "2021-09-27 19:13:00", "elapsed": 51.997163, "delta": 0.863666}}
{"target": -12.353179761359797, "params": {"eta": 0.39515718675655914, "max_depth": 6.717797489195564, "n_estimators": 129.52427615139112}, "datetime": {"datetime": "2021-09-27 19:13:01", "elapsed": 52.574163, "delta": 0.577}}
{"target": -11.127433413116586, "params": {"eta": 0.15180919867577553, "max_depth": 6.035724505546922, "n_estimators": 107.53640349128897}, "datetime": {"datetime": "2021-09-27 19:13:02", "elapsed": 53.282161, "delta": 0.707998}}
{"target": -10.995643449978191, "params": {"eta": 0.10067316867656931, "max_depth": 5.574447717241882, "n_estimators": 144.1455339401601}, "datetime": {"datetime": "2021-09-27 19:13:02", "elapsed": 53.877364, "delta": 0.595203}}
{"target": -11.497068482155717, "params": {"eta": 0.16245987210365448, "max_depth": 5.465208401223756, "n_estimators": 143.8736981995577}, "datetime": {"datetime": "2021-09-27 19:13:03", "elapsed": 54.713415, "delta": 0.836051}}
{"target": -11.309512142463088, "params": {"eta": 0.12050775483977877, "max_depth": 5.813917681403302, "n_estimators": 143.97993254937003}, "datetime": {"datetime": "2021-09-27 19:13:04", "elapsed": 55.461418, "delta": 0.748003}}
{"target": -11.085340813532788, "params": {"eta": 0.08446666780824114, "max_depth": 6.780840695931994, "n_estimators": 138.11187294918517}, "datetime": {"datetime": "2021-09-27 19:13:05", "elapsed": 56.199721, "delta": 0.738303}}
{"target": -11.378771150591149, "params": {"eta": 0.1917378579503981, "max_depth": 4.820760512657017, "n_estimators": 186.45413964541478}, "datetime": {"datetime": "2021-09-27 19:13:05", "elapsed": 56.847719, "delta": 0.647998}}
{"target": -11.744928320568508, "params": {"eta": 0.29432753763203096, "max_depth": 5.646108581698696, "n_estimators": 144.2815306807835}, "datetime": {"datetime": "2021-09-27 19:13:06", "elapsed": 57.806721, "delta": 0.959002}}
{"target": -10.968154687288246, "params": {"eta": 0.10426064147874038, "max_depth": 7.039833484219171, "n_estimators": 138.30449796462077}, "datetime": {"datetime": "2021-09-27 19:13:07", "elapsed": 58.771717, "delta": 0.964996}}
{"target": -13.020713600202793, "params": {"eta": 0.4833706701903087, "max_depth": 7.377729326493616, "n_estimators": 148.28802067456672}, "datetime": {"datetime": "2021-09-27 19:13:08", "elapsed": 59.457721, "delta": 0.686004}}
{"target": -12.467556218687994, "params": {"eta": 0.35491142342646714, "max_depth": 6.89686686532332, "n_estimators": 138.35117911404942}, "datetime": {"datetime": "2021-09-27 19:13:09", "elapsed": 60.314335, "delta": 0.856614}}
{"target": -11.519135831855468, "params": {"eta": 0.21157000647790414, "max_depth": 7.145224868599799, "n_estimators": 138.0700724129003}, "datetime": {"datetime": "2021-09-27 19:13:10", "elapsed": 61.171336, "delta": 0.857001}}
{"target": -11.049334366381865, "params": {"eta": 0.1844070492497885, "max_depth": 6.534766008750495, "n_estimators": 110.17066164789145}, "datetime": {"datetime": "2021-09-27 19:13:11", "elapsed": 62.134993, "delta": 0.963657}}
{"target": -12.606214947436895, "params": {"eta": 0.346789515023943, "max_depth": 6.053419988691688, "n_estimators": 107.69374194411454}, "datetime": {"datetime": "2021-09-27 19:13:11", "elapsed": 62.841993, "delta": 0.707}}
{"target": -11.556938621893147, "params": {"eta": 0.47530939940376493, "max_depth": 5.452356337828574, "n_estimators": 186.05748472403724}, "datetime": {"datetime": "2021-09-27 19:13:12", "elapsed": 63.629994, "delta": 0.788001}}
{"target": -12.105817068084987, "params": {"eta": 0.3255584154289998, "max_depth": 6.5514443801755675, "n_estimators": 154.88187556394536}, "datetime": {"datetime": "2021-09-27 19:13:13", "elapsed": 64.396994, "delta": 0.767}}
{"target": -11.58545263047194, "params": {"eta": 0.09926096637347517, "max_depth": 10.875643788431638, "n_estimators": 161.4584361737741}, "datetime": {"datetime": "2021-09-27 19:13:14", "elapsed": 65.507521, "delta": 1.110527}}
{"target": -11.547268854669674, "params": {"eta": 0.15016387817468574, "max_depth": 5.88818657232024, "n_estimators": 107.40462328152299}, "datetime": {"datetime": "2021-09-27 19:13:15", "elapsed": 66.231684, "delta": 0.724163}}
{"target": -11.330038242632352, "params": {"eta": 0.09422708434917476, "max_depth": 9.271351359856157, "n_estimators": 192.02303042520361}, "datetime": {"datetime": "2021-09-27 19:13:16", "elapsed": 67.477684, "delta": 1.246}}
