{"target": -3.3902268704615146, "params": {"eta": 0.9731792243241078, "max_depth": 7.455253127543292, "n_estimators": 6.001276913649533}, "datetime": {"datetime": "2021-09-17 10:57:54", "elapsed": 872.146433, "delta": 5.44519}}
{"target": -2.8966921636932774, "params": {"eta": 0.5721276941517621, "max_depth": 5.266462890669208, "n_estimators": 16.158691477141627}, "datetime": {"datetime": "2021-09-17 10:58:00", "elapsed": 878.028593, "delta": 5.88216}}
{"target": -3.1436622130243403, "params": {"eta": 1.0, "max_depth": 5.06757657930132, "n_estimators": 9.023782076331392}, "datetime": {"datetime": "2021-09-17 10:58:03", "elapsed": 881.015091, "delta": 2.986498}}
{"target": -3.5029568778841123, "params": {"eta": 1.0, "max_depth": 8.260567991892257, "n_estimators": 4.357031639544257}, "datetime": {"datetime": "2021-09-17 10:58:07", "elapsed": 884.785887, "delta": 3.770796}}
{"target": -3.347931147876539, "params": {"eta": 1.0, "max_depth": 13.872101689830663, "n_estimators": 18.0}, "datetime": {"datetime": "2021-09-17 10:58:11", "elapsed": 889.249597, "delta": 4.46371}}
{"target": -2.7176691055297852, "params": {"eta": 0.5068032831966909, "max_depth": 9.953089731105747, "n_estimators": 14.027131824434596}, "datetime": {"datetime": "2021-09-17 10:58:15", "elapsed": 893.351013, "delta": 4.101416}}
{"target": -3.3465861935364574, "params": {"eta": 0.9904293442509576, "max_depth": 13.601751088705099, "n_estimators": 10.335120703094638}, "datetime": {"datetime": "2021-09-17 10:58:18", "elapsed": 896.437574, "delta": 3.086561}}
{"target": -3.3635551242451918, "params": {"eta": 1.0, "max_depth": 4.209206415860183, "n_estimators": 17.503294152012263}, "datetime": {"datetime": "2021-09-17 10:58:23", "elapsed": 900.574207, "delta": 4.136633}}
{"target": -3.5683313946974904, "params": {"eta": 0.3046050950158365, "max_depth": 1.9947329448108744, "n_estimators": 9.701915944904155}, "datetime": {"datetime": "2021-09-17 10:58:30", "elapsed": 907.706723, "delta": 3.874988}}
{"target": -3.227609167600933, "params": {"eta": 1.0, "max_depth": 1.624858988883223, "n_estimators": 16.75172180445056}, "datetime": {"datetime": "2021-09-17 10:58:34", "elapsed": 912.32614, "delta": 4.619417}}
{"target": -2.714680777098003, "params": {"eta": 0.5041999765829129, "max_depth": 3.0422079050366673, "n_estimators": 12.556640999275377}, "datetime": {"datetime": "2021-09-17 10:58:38", "elapsed": 916.164025, "delta": 3.837885}}
{"target": -3.200702002173976, "params": {"eta": 1.0, "max_depth": 5.030229222316074, "n_estimators": 18.0}, "datetime": {"datetime": "2021-09-17 10:58:42", "elapsed": 920.148384, "delta": 3.984359}}
{"target": -2.981560859554692, "params": {"eta": 0.666711875666456, "max_depth": 13.516983534960616, "n_estimators": 10.889215390564946}, "datetime": {"datetime": "2021-09-17 10:58:46", "elapsed": 923.513665, "delta": 3.365281}}
{"target": -3.214370802201723, "params": {"eta": 1.0, "max_depth": 12.51590893912966, "n_estimators": 10.327379573168113}, "datetime": {"datetime": "2021-09-17 10:58:49", "elapsed": 926.544883, "delta": 3.031218}}
{"target": -3.2112698554992676, "params": {"eta": 1.0, "max_depth": 14.441530686662883, "n_estimators": 8.873367563667472}, "datetime": {"datetime": "2021-09-17 10:58:53", "elapsed": 930.823786, "delta": 4.278903}}
{"target": -3.664026816267716, "params": {"eta": 0.1364175055179206, "max_depth": 6.041024651277715, "n_estimators": 15.934649963905944}, "datetime": {"datetime": "2021-09-17 10:58:58", "elapsed": 935.606304, "delta": 4.782518}}
{"target": -2.6937952267496206, "params": {"eta": 0.2641509956455603, "max_depth": 3.4415197240493134, "n_estimators": 15.13884783122568}, "datetime": {"datetime": "2021-09-17 10:59:02", "elapsed": 940.099887, "delta": 4.493583}}
{"target": -3.405761891917179, "params": {"eta": 1.0, "max_depth": 11.9183737302464, "n_estimators": 2.5312615234298383}, "datetime": {"datetime": "2021-09-17 10:59:06", "elapsed": 943.617751, "delta": 3.517864}}
{"target": -3.3786978207136453, "params": {"eta": 1.0, "max_depth": 4.128261179089659, "n_estimators": 6.712876048210549}, "datetime": {"datetime": "2021-09-17 10:59:10", "elapsed": 947.792421, "delta": 4.17467}}
{"target": -3.312451416881461, "params": {"eta": 0.9775436522638671, "max_depth": 6.78739463148508, "n_estimators": 10.407324757241893}, "datetime": {"datetime": "2021-09-17 10:59:14", "elapsed": 951.648456, "delta": 3.856035}}
{"target": -2.627946336645829, "params": {"eta": 0.3588928204941716, "max_depth": 6.911027319446017, "n_estimators": 9.673052109569712}, "datetime": {"datetime": "2021-09-17 10:59:17", "elapsed": 954.983286, "delta": 3.33483}}
{"target": -3.8524648327576485, "params": {"eta": 0.19175136033183365, "max_depth": 6.709165393426172, "n_estimators": 10.34107326131029}, "datetime": {"datetime": "2021-09-17 10:59:20", "elapsed": 958.1633, "delta": 3.180014}}
{"target": -3.2606924615408244, "params": {"eta": 0.9965983498972069, "max_depth": 13.044640767896121, "n_estimators": 8.123662999372009}, "datetime": {"datetime": "2021-09-17 10:59:24", "elapsed": 962.430158, "delta": 4.266858}}
{"target": -3.0408763728643717, "params": {"eta": 1.0, "max_depth": 2.589518159601212, "n_estimators": 18.0}, "datetime": {"datetime": "2021-09-17 10:59:29", "elapsed": 967.242636, "delta": 4.812478}}
{"target": -3.212018096446991, "params": {"eta": 0.9991388186846901, "max_depth": 5.091973975479446, "n_estimators": 7.219741496699904}, "datetime": {"datetime": "2021-09-17 10:59:33", "elapsed": 971.425221, "delta": 4.182585}}
{"target": -3.766827431477998, "params": {"eta": 0.9774751059016382, "max_depth": 1.1210213849221766, "n_estimators": 11.818869526238299}, "datetime": {"datetime": "2021-09-17 10:59:38", "elapsed": 976.308036, "delta": 4.882815}}
{"target": -3.125837108963414, "params": {"eta": 0.6469622972370005, "max_depth": 2.243664847293513, "n_estimators": 16.030190059592822}, "datetime": {"datetime": "2021-09-17 10:59:42", "elapsed": 979.630065, "delta": 3.322029}}
{"target": -3.19817532802883, "params": {"eta": 1.0, "max_depth": 11.682655959132157, "n_estimators": 3.139118045392539}, "datetime": {"datetime": "2021-09-17 10:59:46", "elapsed": 983.867717, "delta": 4.237652}}
{"target": -2.7366553858706824, "params": {"eta": 0.32065589070209344, "max_depth": 10.998409922596034, "n_estimators": 9.545581513015687}, "datetime": {"datetime": "2021-09-17 10:59:49", "elapsed": 987.187155, "delta": 3.319438}}
{"target": -2.9117834900554858, "params": {"eta": 0.28719177562889975, "max_depth": 10.577031763272231, "n_estimators": 9.79265991311461}, "datetime": {"datetime": "2021-09-17 10:59:53", "elapsed": 990.589984, "delta": 3.402829}}
{"target": -2.9277259851756847, "params": {"eta": 0.5687667291659949, "max_depth": 7.201427988799648, "n_estimators": 9.357344953722958}, "datetime": {"datetime": "2021-09-17 10:59:56", "elapsed": 994.107742, "delta": 3.517758}}
{"target": -3.6644925757458338, "params": {"eta": 0.12194975922354415, "max_depth": 7.662565249597721, "n_estimators": 17.564714851199817}, "datetime": {"datetime": "2021-09-17 11:00:01", "elapsed": 998.901624, "delta": 4.793882}}
{"target": -3.3378695864426464, "params": {"eta": 1.0, "max_depth": 4.6941757076819, "n_estimators": 14.119200750607073}, "datetime": {"datetime": "2021-09-17 11:00:05", "elapsed": 1002.776446, "delta": 3.874822}}
{"target": -3.210568434313724, "params": {"eta": 1.0, "max_depth": 14.485617513255415, "n_estimators": 10.672902212635373}, "datetime": {"datetime": "2021-09-17 11:00:11", "elapsed": 1008.74533, "delta": 5.968884}}
{"target": -2.9026601421205616, "params": {"eta": 0.5804019758659801, "max_depth": 7.093058603014148, "n_estimators": 16.828233468058496}, "datetime": {"datetime": "2021-09-17 11:00:16", "elapsed": 1013.936932, "delta": 5.191602}}
{"target": -2.9197705237489, "params": {"eta": 0.4563664312517196, "max_depth": 2.901268500049114, "n_estimators": 16.71877403242697}, "datetime": {"datetime": "2021-09-17 11:00:23", "elapsed": 1020.647023, "delta": 6.710091}}
{"target": -2.4556707520233956, "params": {"eta": 0.4452060245936804, "max_depth": 13.378898681834826, "n_estimators": 13.887899087224708}, "datetime": {"datetime": "2021-09-17 11:00:27", "elapsed": 1025.143428, "delta": 4.496405}}
{"target": -3.54168619419399, "params": {"eta": 1.0, "max_depth": 8.844684434624213, "n_estimators": 5.312086553010385}, "datetime": {"datetime": "2021-09-17 11:00:31", "elapsed": 1028.539408, "delta": 3.39598}}
{"target": -3.2483291883217653, "params": {"eta": 0.9975224816306497, "max_depth": 9.2186313316805, "n_estimators": 7.919349532154644}, "datetime": {"datetime": "2021-09-17 11:00:34", "elapsed": 1032.38296, "delta": 3.843552}}
{"target": -3.4492514566371315, "params": {"eta": 1.0, "max_depth": 7.2559281670806035, "n_estimators": 7.147842668836658}, "datetime": {"datetime": "2021-09-17 11:00:41", "elapsed": 1039.361439, "delta": 6.978479}}
{"target": -2.41924706697464, "params": {"eta": 0.44066979071133183, "max_depth": 8.443238452946343, "n_estimators": 17.986882740462264}, "datetime": {"datetime": "2021-09-17 11:00:47", "elapsed": 1045.433339, "delta": 6.0719}}
{"target": -2.905734005727266, "params": {"eta": 0.5690556937293849, "max_depth": 7.800414511529248, "n_estimators": 16.823361644075824}, "datetime": {"datetime": "2021-09-17 11:00:54", "elapsed": 1052.081672, "delta": 6.648333}}
{"target": -3.526967679826837, "params": {"eta": 0.9966560696856199, "max_depth": 10.389696939067102, "n_estimators": 5.498396547514439}, "datetime": {"datetime": "2021-09-17 11:01:00", "elapsed": 1057.617344, "delta": 5.535672}}
{"target": -2.80912663936615, "params": {"eta": 0.6844354655513651, "max_depth": 3.709160677273473, "n_estimators": 12.443950037431744}, "datetime": {"datetime": "2021-09-17 11:01:04", "elapsed": 1062.125437, "delta": 4.508093}}
{"target": -2.6814219223825555, "params": {"eta": 0.5067997476276522, "max_depth": 13.08227839781847, "n_estimators": 17.502231771220387}, "datetime": {"datetime": "2021-09-17 11:01:08", "elapsed": 1065.575913, "delta": 3.450476}}
{"target": -3.5004927547354447, "params": {"eta": 0.9993298984085628, "max_depth": 10.841620855260148, "n_estimators": 6.772224750939997}, "datetime": {"datetime": "2021-09-17 11:01:11", "elapsed": 1069.113159, "delta": 3.537246}}
{"target": -3.043160492495487, "params": {"eta": 0.6225233738883866, "max_depth": 7.021948005727051, "n_estimators": 15.586165966394256}, "datetime": {"datetime": "2021-09-17 11:01:15", "elapsed": 1073.376106, "delta": 4.262947}}
{"target": -2.6405032553170855, "params": {"eta": 0.45925664944157274, "max_depth": 4.902091915384027, "n_estimators": 12.81647554031829}, "datetime": {"datetime": "2021-09-17 11:01:20", "elapsed": 1077.613257, "delta": 4.237151}}
{"target": -3.274142617300937, "params": {"eta": 0.9748387029169875, "max_depth": 11.926652257200558, "n_estimators": 16.639104831075308}, "datetime": {"datetime": "2021-09-17 11:01:24", "elapsed": 1081.510781, "delta": 3.897524}}
{"target": -2.991632630323109, "params": {"eta": 0.6368164586768164, "max_depth": 13.743964855998202, "n_estimators": 15.705834730069638}, "datetime": {"datetime": "2021-09-17 11:01:30", "elapsed": 1088.248465, "delta": 6.737684}}
{"target": -3.2154807969143517, "params": {"eta": 0.9676227585147036, "max_depth": 14.754494974773534, "n_estimators": 15.396757741722322}, "datetime": {"datetime": "2021-09-17 11:01:34", "elapsed": 1092.485487, "delta": 4.237022}}
{"target": -3.448874911509062, "params": {"eta": 1.0, "max_depth": 9.841711964279721, "n_estimators": 5.993610319667238}, "datetime": {"datetime": "2021-09-17 11:01:39", "elapsed": 1096.596083, "delta": 4.110596}}
{"target": -2.798710224502965, "params": {"eta": 0.5655807703107514, "max_depth": 3.707524518041894, "n_estimators": 16.80659566069727}, "datetime": {"datetime": "2021-09-17 11:01:43", "elapsed": 1100.839481, "delta": 4.243398}}
{"target": -2.9283896025858427, "params": {"eta": 0.651427452265381, "max_depth": 3.571499852605018, "n_estimators": 15.667786768540394}, "datetime": {"datetime": "2021-09-17 11:01:48", "elapsed": 1105.511387, "delta": 4.671906}}
{"target": -4.423232167645504, "params": {"eta": 0.11070553077531989, "max_depth": 4.7626633686782975, "n_estimators": 16.115785462533147}, "datetime": {"datetime": "2021-09-17 11:01:52", "elapsed": 1109.838543, "delta": 4.327156}}
{"target": -4.391571989812348, "params": {"eta": 0.1, "max_depth": 6.1977996162314275, "n_estimators": 18.0}, "datetime": {"datetime": "2021-09-17 11:01:56", "elapsed": 1114.311756, "delta": 4.473213}}
{"target": -3.4474789688461707, "params": {"eta": 1.0, "max_depth": 6.141423633176847, "n_estimators": 11.530892567095611}, "datetime": {"datetime": "2021-09-17 11:02:00", "elapsed": 1118.099266, "delta": 3.78751}}
{"target": -2.973012982544146, "params": {"eta": 0.6275940455389192, "max_depth": 11.993115365648858, "n_estimators": 17.608335116596862}, "datetime": {"datetime": "2021-09-17 11:02:05", "elapsed": 1122.55533, "delta": 4.456064}}
{"target": -2.858090595195168, "params": {"eta": 0.8812903740365065, "max_depth": 5.163944375400286, "n_estimators": 16.88275463689707}, "datetime": {"datetime": "2021-09-17 11:02:09", "elapsed": 1127.14747, "delta": 4.59214}}
{"target": -5.9919462699639165, "params": {"eta": 0.1, "max_depth": 6.982460547075902, "n_estimators": 14.692312386381545}, "datetime": {"datetime": "2021-09-17 11:02:17", "elapsed": 1135.269135, "delta": 8.121665}}
{"target": -2.8607629129761145, "params": {"eta": 0.6630255270644987, "max_depth": 6.4159550227117865, "n_estimators": 13.737180605777846}, "datetime": {"datetime": "2021-09-17 11:02:24", "elapsed": 1141.904042, "delta": 6.634907}}
{"target": -2.8913340041511937, "params": {"eta": 0.5894164390550338, "max_depth": 5.3789736965799175, "n_estimators": 14.066289122664575}, "datetime": {"datetime": "2021-09-17 11:02:28", "elapsed": 1145.708998, "delta": 3.804956}}
{"target": -2.6543768562768637, "params": {"eta": 0.41623913861155837, "max_depth": 8.321658479243174, "n_estimators": 13.701216596657536}, "datetime": {"datetime": "2021-09-17 11:02:35", "elapsed": 1152.840365, "delta": 7.131367}}
{"target": -3.383291880707992, "params": {"eta": 0.7653165204638659, "max_depth": 8.02926190883397, "n_estimators": 13.898778635662664}, "datetime": {"datetime": "2021-09-17 11:02:39", "elapsed": 1157.215906, "delta": 4.375541}}
{"target": -3.223558312968204, "params": {"eta": 1.0, "max_depth": 5.672685651439824, "n_estimators": 13.487420963559549}, "datetime": {"datetime": "2021-09-17 11:02:44", "elapsed": 1162.043619, "delta": 4.827713}}
{"target": -3.4398303226420754, "params": {"eta": 1.0, "max_depth": 7.231679270299545, "n_estimators": 14.987299159666776}, "datetime": {"datetime": "2021-09-17 11:02:50", "elapsed": 1168.001549, "delta": 5.95793}}
{"target": -3.43124572854293, "params": {"eta": 0.13358125533881948, "max_depth": 3.691249944422204, "n_estimators": 17.205634492855637}, "datetime": {"datetime": "2021-09-17 11:02:54", "elapsed": 1171.952376, "delta": 3.950827}}
{"target": -3.214496837791644, "params": {"eta": 1.0, "max_depth": 12.472289633933217, "n_estimators": 15.117801223959015}, "datetime": {"datetime": "2021-09-17 11:02:58", "elapsed": 1175.636378, "delta": 3.684002}}
{"target": -3.1229333570128994, "params": {"eta": 1.0, "max_depth": 5.679801182590399, "n_estimators": 7.532420923754225}, "datetime": {"datetime": "2021-09-17 11:03:02", "elapsed": 1179.54736, "delta": 3.910982}}
{"target": -2.845713584674032, "params": {"eta": 0.5717294764465766, "max_depth": 7.986747034466313, "n_estimators": 17.98860705813165}, "datetime": {"datetime": "2021-09-17 11:03:05", "elapsed": 1183.475398, "delta": 3.928038}}
{"target": -2.7757137398970753, "params": {"eta": 0.7127349688410928, "max_depth": 10.862071722104895, "n_estimators": 9.538087715546196}, "datetime": {"datetime": "2021-09-17 11:03:12", "elapsed": 1189.544886, "delta": 6.069488}}
{"target": -3.036272154670012, "params": {"eta": 0.837277089544991, "max_depth": 6.70471373865084, "n_estimators": 14.400128392590064}, "datetime": {"datetime": "2021-09-17 11:03:17", "elapsed": 1194.506941, "delta": 4.962055}}
{"target": -3.207340037195306, "params": {"eta": 0.7668051795131056, "max_depth": 5.331016445353846, "n_estimators": 17.4879044046698}, "datetime": {"datetime": "2021-09-17 11:03:21", "elapsed": 1198.526367, "delta": 4.019426}}
{"target": -3.2144968472029034, "params": {"eta": 1.0, "max_depth": 12.557681754111748, "n_estimators": 18.0}, "datetime": {"datetime": "2021-09-17 11:03:25", "elapsed": 1202.943411, "delta": 4.417044}}
{"target": -2.9865026737514295, "params": {"eta": 0.5744381507722082, "max_depth": 7.178864248558311, "n_estimators": 10.036350179241301}, "datetime": {"datetime": "2021-09-17 11:03:32", "elapsed": 1209.770695, "delta": 6.827284}}
{"target": -2.978936032245034, "params": {"eta": 0.5935716152522208, "max_depth": 10.787480383394886, "n_estimators": 13.943759139159669}, "datetime": {"datetime": "2021-09-17 11:03:37", "elapsed": 1214.67126, "delta": 4.900565}}
{"target": -3.238009092054869, "params": {"eta": 1.0, "max_depth": 14.185863747193295, "n_estimators": 4.457263564987309}, "datetime": {"datetime": "2021-09-17 11:03:44", "elapsed": 1222.218116, "delta": 7.546856}}
{"target": -2.868741561237134, "params": {"eta": 0.591232717240311, "max_depth": 9.415262452286852, "n_estimators": 17.600005247850852}, "datetime": {"datetime": "2021-09-17 11:03:52", "elapsed": 1229.663221, "delta": 7.445105}}
{"target": -5.563130521146874, "params": {"eta": 0.1, "max_depth": 13.960640468000598, "n_estimators": 15.387870310380851}, "datetime": {"datetime": "2021-09-17 11:03:57", "elapsed": 1235.08425, "delta": 5.421029}}
{"target": -2.9600068092346192, "params": {"eta": 0.6191881095210952, "max_depth": 14.625448616824285, "n_estimators": 14.791050989304189}, "datetime": {"datetime": "2021-09-17 11:04:04", "elapsed": 1241.515923, "delta": 6.431673}}
{"target": -3.2239300721570068, "params": {"eta": 1.0, "max_depth": 12.512535615911192, "n_estimators": 5.299722482668785}, "datetime": {"datetime": "2021-09-17 11:04:08", "elapsed": 1245.813633, "delta": 4.29771}}
{"target": -2.9586473019499526, "params": {"eta": 0.6602977548114772, "max_depth": 13.715462804972056, "n_estimators": 15.175175812298155}, "datetime": {"datetime": "2021-09-17 11:04:13", "elapsed": 1251.485336, "delta": 5.671703}}
{"target": -3.348112051110519, "params": {"eta": 1.0, "max_depth": 13.403112663097234, "n_estimators": 9.375603624628638}, "datetime": {"datetime": "2021-09-17 11:04:19", "elapsed": 1256.864477, "delta": 5.379141}}
{"target": -2.6235698436435904, "params": {"eta": 0.4186909325251579, "max_depth": 13.131253535694979, "n_estimators": 15.418121370645757}, "datetime": {"datetime": "2021-09-17 11:04:26", "elapsed": 1264.454784, "delta": 7.590307}}
{"target": -2.9344228242572985, "params": {"eta": 0.41891578468140456, "max_depth": 2.147641637269417, "n_estimators": 14.950419421936056}, "datetime": {"datetime": "2021-09-17 11:04:31", "elapsed": 1268.526447, "delta": 4.071663}}
{"target": -3.2968931747110264, "params": {"eta": 1.0, "max_depth": 4.740006436214817, "n_estimators": 11.304477418069917}, "datetime": {"datetime": "2021-09-17 11:04:36", "elapsed": 1273.581505, "delta": 5.055058}}
{"target": -2.5285051358373543, "params": {"eta": 0.4244082585372241, "max_depth": 12.56209104402934, "n_estimators": 16.680714548848528}, "datetime": {"datetime": "2021-09-17 11:04:40", "elapsed": 1277.84034, "delta": 4.258835}}
{"target": -3.1779399608310896, "params": {"eta": 1.0, "max_depth": 15.0, "n_estimators": 13.539336122301224}, "datetime": {"datetime": "2021-09-17 11:04:45", "elapsed": 1283.258554, "delta": 5.418214}}
{"target": -3.1778740857776846, "params": {"eta": 0.5825318311861907, "max_depth": 1.6686861391861871, "n_estimators": 15.560408416377154}, "datetime": {"datetime": "2021-09-17 11:04:50", "elapsed": 1287.680294, "delta": 4.42174}}
{"target": -3.013041381459487, "params": {"eta": 0.6102542305432168, "max_depth": 7.014924099466611, "n_estimators": 13.670561491958313}, "datetime": {"datetime": "2021-09-17 11:04:54", "elapsed": 1292.056492, "delta": 4.376198}}
{"target": -3.0070094591692875, "params": {"eta": 0.5532995420976005, "max_depth": 2.5649000509599693, "n_estimators": 14.409599360106482}, "datetime": {"datetime": "2021-09-17 11:04:59", "elapsed": 1296.817001, "delta": 4.760509}}
{"target": -4.00317396364714, "params": {"eta": 1.0, "max_depth": 1.0, "n_estimators": 6.644566880492167}, "datetime": {"datetime": "2021-09-17 11:05:03", "elapsed": 1301.026009, "delta": 4.209008}}
{"target": -3.234041578518717, "params": {"eta": 1.0, "max_depth": 12.695437263881551, "n_estimators": 4.60272263042492}, "datetime": {"datetime": "2021-09-17 11:05:11", "elapsed": 1309.43913, "delta": 8.413121}}
{"target": -3.0940409101937942, "params": {"eta": 0.9906561335745574, "max_depth": 5.0924136702322444, "n_estimators": 8.3442493176476}, "datetime": {"datetime": "2021-09-17 11:05:16", "elapsed": 1313.936275, "delta": 4.497145}}
{"target": -3.165042790927385, "params": {"eta": 1.0, "max_depth": 5.796336100249687, "n_estimators": 10.857058461086588}, "datetime": {"datetime": "2021-09-17 11:05:20", "elapsed": 1318.440715, "delta": 4.50444}}
{"target": -5.122348023715772, "params": {"eta": 0.1, "max_depth": 14.601000235333673, "n_estimators": 16.881473287693055}, "datetime": {"datetime": "2021-09-17 11:05:27", "elapsed": 1324.78567, "delta": 6.344955}}
{"target": -2.7679631835535954, "params": {"eta": 0.4210070623468898, "max_depth": 14.146505778273598, "n_estimators": 17.413494928880496}, "datetime": {"datetime": "2021-09-17 11:05:32", "elapsed": 1329.961571, "delta": 5.175901}}
{"target": -3.1779368268816093, "params": {"eta": 1.0, "max_depth": 15.0, "n_estimators": 16.639646372107205}, "datetime": {"datetime": "2021-09-17 11:05:37", "elapsed": 1335.040651, "delta": 5.07908}}
