{"target": -3.6496441408207545, "params": {"eta": 1.0, "max_depth": 17.461927204918602, "n_estimators": 44.06760359195944}, "datetime": {"datetime": "2021-09-21 13:27:26", "elapsed": 108.914342, "delta": 2.131448}}
{"target": -3.0345235730472364, "params": {"eta": 0.7103027392739716, "max_depth": 22.99058717959436, "n_estimators": 37.620008717029954}, "datetime": {"datetime": "2021-09-21 13:27:29", "elapsed": 111.549977, "delta": 2.635635}}
{"target": -3.0478145072334693, "params": {"eta": 0.7253349266082992, "max_depth": 19.91597863976897, "n_estimators": 40.99202401843335}, "datetime": {"datetime": "2021-09-21 13:27:32", "elapsed": 114.205812, "delta": 2.655835}}
{"target": -2.957271113521174, "params": {"eta": 0.5857823644905705, "max_depth": 10.293623465475704, "n_estimators": 44.829357276793544}, "datetime": {"datetime": "2021-09-21 13:27:33", "elapsed": 115.674647, "delta": 1.468835}}
{"target": -2.5106707698420476, "params": {"eta": 0.3070065584173404, "max_depth": 10.63578102257145, "n_estimators": 42.019913508476236}, "datetime": {"datetime": "2021-09-21 13:27:37", "elapsed": 119.131474, "delta": 3.456827}}
{"target": -3.5145500339959796, "params": {"eta": 1.0, "max_depth": 9.816476773053486, "n_estimators": 43.18565105593887}, "datetime": {"datetime": "2021-09-21 13:27:39", "elapsed": 121.609221, "delta": 2.477747}}
{"target": -2.3896701662163986, "params": {"eta": 0.16876346141784548, "max_depth": 23.565384002403412, "n_estimators": 30.6985883428125}, "datetime": {"datetime": "2021-09-21 13:27:41", "elapsed": 123.810204, "delta": 2.200983}}
{"target": -2.4585836165829713, "params": {"eta": 0.2523667630781633, "max_depth": 25.094801229271244, "n_estimators": 55.591988008910555}, "datetime": {"datetime": "2021-09-21 13:27:48", "elapsed": 130.218208, "delta": 6.408004}}
{"target": -8.120167447391308, "params": {"eta": 0.02621891670126643, "max_depth": 19.98907556332158, "n_estimators": 42.115960906792665}, "datetime": {"datetime": "2021-09-21 13:27:50", "elapsed": 132.219247, "delta": 2.001039}}
{"target": -3.5533868880648365, "params": {"eta": 0.9888020181270304, "max_depth": 9.499274069650633, "n_estimators": 41.28505311978699}, "datetime": {"datetime": "2021-09-21 13:27:51", "elapsed": 133.761139, "delta": 1.541892}}
{"target": -3.620362606174068, "params": {"eta": 0.992918610228653, "max_depth": 15.221866889420493, "n_estimators": 41.23431282475754}, "datetime": {"datetime": "2021-09-21 13:27:53", "elapsed": 135.809707, "delta": 2.048568}}
{"target": -3.735866535337348, "params": {"eta": 1.0, "max_depth": 15.715980816747326, "n_estimators": 49.669246322659035}, "datetime": {"datetime": "2021-09-21 13:27:56", "elapsed": 138.065001, "delta": 2.255294}}
{"target": -2.5482428318575807, "params": {"eta": 0.2624483004940915, "max_depth": 13.81780888343821, "n_estimators": 37.88744488366175}, "datetime": {"datetime": "2021-09-21 13:27:58", "elapsed": 140.865116, "delta": 2.800115}}
{"target": -14.246440516020124, "params": {"eta": 0.012791302198206648, "max_depth": 19.778493428988018, "n_estimators": 39.89234617864519}, "datetime": {"datetime": "2021-09-21 13:28:01", "elapsed": 143.789888, "delta": 2.924772}}
{"target": -2.365732228755951, "params": {"eta": 0.09994981228269204, "max_depth": 26.029796254820667, "n_estimators": 56.4572305681863}, "datetime": {"datetime": "2021-09-21 13:28:04", "elapsed": 146.586756, "delta": 2.796868}}
{"target": -21.92440819614812, "params": {"eta": 0.01, "max_depth": 26.5407155540907, "n_estimators": 5.361167325993933}, "datetime": {"datetime": "2021-09-21 13:28:06", "elapsed": 147.96515, "delta": 1.378394}}
{"target": -3.664883174708015, "params": {"eta": 1.0, "max_depth": 25.278373896490034, "n_estimators": 56.31199805819432}, "datetime": {"datetime": "2021-09-21 13:28:08", "elapsed": 150.775128, "delta": 2.809978}}
{"target": -3.065046412693827, "params": {"eta": 0.5801415340999402, "max_depth": 28.629710466156443, "n_estimators": 4.446763451307164}, "datetime": {"datetime": "2021-09-21 13:28:10", "elapsed": 151.966982, "delta": 1.191854}}
{"target": -13.571811031667812, "params": {"eta": 0.01, "max_depth": 23.812558831303424, "n_estimators": 55.52332313050843}, "datetime": {"datetime": "2021-09-21 13:28:11", "elapsed": 153.39683, "delta": 1.429848}}
{"target": -3.3889034142619683, "params": {"eta": 0.8955741939956756, "max_depth": 19.527429964425583, "n_estimators": 37.94911710068807}, "datetime": {"datetime": "2021-09-21 13:28:14", "elapsed": 155.956721, "delta": 2.559891}}
{"target": -2.499088540202693, "params": {"eta": 0.39943089936203824, "max_depth": 26.07241005884661, "n_estimators": 55.25060052424024}, "datetime": {"datetime": "2021-09-21 13:28:17", "elapsed": 158.986281, "delta": 3.02956}}
{"target": -3.553425942596636, "params": {"eta": 0.9753217583936632, "max_depth": 28.50878696155969, "n_estimators": 58.329319593675436}, "datetime": {"datetime": "2021-09-21 13:28:20", "elapsed": 162.295289, "delta": 3.309008}}
{"target": -3.70298471137097, "params": {"eta": 1.0, "max_depth": 18.34353038698875, "n_estimators": 41.984342023611525}, "datetime": {"datetime": "2021-09-21 13:28:23", "elapsed": 165.121041, "delta": 2.825752}}
{"target": -3.895827045879866, "params": {"eta": 0.9392326169654979, "max_depth": 23.76380861775271, "n_estimators": 31.28193161232767}, "datetime": {"datetime": "2021-09-21 13:28:26", "elapsed": 168.259153, "delta": 3.138112}}
{"target": -2.354465537322195, "params": {"eta": 0.11044404576900806, "max_depth": 23.084266219020783, "n_estimators": 36.53563896138711}, "datetime": {"datetime": "2021-09-21 13:28:28", "elapsed": 170.921985, "delta": 2.662832}}
{"target": -3.664883174708015, "params": {"eta": 1.0, "max_depth": 25.316767344399175, "n_estimators": 54.39618608703789}, "datetime": {"datetime": "2021-09-21 13:28:31", "elapsed": 173.417207, "delta": 2.495222}}
{"target": -9.515772337035129, "params": {"eta": 0.02807978310742154, "max_depth": 23.270837169345025, "n_estimators": 33.28768882728592}, "datetime": {"datetime": "2021-09-21 13:28:33", "elapsed": 175.802923, "delta": 2.385716}}
{"target": -2.316313137506184, "params": {"eta": 0.16115567921193205, "max_depth": 20.693683607434075, "n_estimators": 34.79063334163697}, "datetime": {"datetime": "2021-09-21 13:28:36", "elapsed": 178.404174, "delta": 2.601251}}
{"target": -4.883751980881942, "params": {"eta": 0.048030514688734455, "max_depth": 23.662062986574984, "n_estimators": 35.49711566720234}, "datetime": {"datetime": "2021-09-21 13:28:38", "elapsed": 180.414742, "delta": 2.010568}}
{"target": -3.460641573761638, "params": {"eta": 0.9860650634676497, "max_depth": 22.346688896962046, "n_estimators": 34.40179049977578}, "datetime": {"datetime": "2021-09-21 13:28:40", "elapsed": 182.621854, "delta": 2.207112}}
{"target": -4.472470048854226, "params": {"eta": 0.04856486306646527, "max_depth": 16.33334970661636, "n_estimators": 37.98278692203206}, "datetime": {"datetime": "2021-09-21 13:28:41", "elapsed": 183.831659, "delta": 1.209805}}
{"target": -15.083959011184543, "params": {"eta": 0.01, "max_depth": 18.54550956852334, "n_estimators": 44.071084330627734}, "datetime": {"datetime": "2021-09-21 13:28:43", "elapsed": 185.686111, "delta": 1.854452}}
{"target": -2.350932967662811, "params": {"eta": 0.2968094351743898, "max_depth": 16.567819207388148, "n_estimators": 43.1671286846727}, "datetime": {"datetime": "2021-09-21 13:28:49", "elapsed": 191.920655, "delta": 6.234544}}
{"target": -3.305125818754497, "params": {"eta": 0.8079271819962459, "max_depth": 10.618271243255071, "n_estimators": 55.861554747091844}, "datetime": {"datetime": "2021-09-21 13:28:52", "elapsed": 194.101438, "delta": 2.180783}}
{"target": -2.4486710617416785, "params": {"eta": 0.23003844067300827, "max_depth": 20.217218895459965, "n_estimators": 44.94876593294912}, "datetime": {"datetime": "2021-09-21 13:28:57", "elapsed": 199.902547, "delta": 5.801109}}
{"target": -2.4988719193558944, "params": {"eta": 0.09665902811919833, "max_depth": 14.458135731870026, "n_estimators": 34.19701729024714}, "datetime": {"datetime": "2021-09-21 13:28:59", "elapsed": 201.453689, "delta": 1.551142}}
{"target": -16.339962555703366, "params": {"eta": 0.010190242947494018, "max_depth": 21.389073927146537, "n_estimators": 35.484657571180264}, "datetime": {"datetime": "2021-09-21 13:29:01", "elapsed": 203.317568, "delta": 1.863879}}
{"target": -3.033559307299162, "params": {"eta": 0.7354441979061636, "max_depth": 12.395470708264838, "n_estimators": 44.11982946659086}, "datetime": {"datetime": "2021-09-21 13:29:03", "elapsed": 205.791075, "delta": 2.473507}}
{"target": -3.5815429731419215, "params": {"eta": 0.8357280267344769, "max_depth": 20.67823313167623, "n_estimators": 34.64101166407063}, "datetime": {"datetime": "2021-09-21 13:29:05", "elapsed": 207.073494, "delta": 1.282419}}
{"target": -3.333342604888113, "params": {"eta": 0.82302996708544, "max_depth": 21.86382555654276, "n_estimators": 53.78707707676529}, "datetime": {"datetime": "2021-09-21 13:29:07", "elapsed": 208.962841, "delta": 1.889347}}
{"target": -3.302536439268213, "params": {"eta": 0.8418113920760073, "max_depth": 17.34657274226452, "n_estimators": 43.12743827726163}, "datetime": {"datetime": "2021-09-21 13:29:09", "elapsed": 211.0186, "delta": 2.055759}}
{"target": -3.1629207466778, "params": {"eta": 0.7129553326690538, "max_depth": 26.781057388624372, "n_estimators": 31.062438239744864}, "datetime": {"datetime": "2021-09-21 13:29:12", "elapsed": 214.266602, "delta": 3.248002}}
{"target": -2.3956641366607263, "params": {"eta": 0.2658980949744378, "max_depth": 11.125755006680787, "n_estimators": 43.43335589784108}, "datetime": {"datetime": "2021-09-21 13:29:14", "elapsed": 216.890723, "delta": 2.624121}}
{"target": -2.250256089160317, "params": {"eta": 0.13001013328076583, "max_depth": 18.03363943412755, "n_estimators": 42.19770039712721}, "datetime": {"datetime": "2021-09-21 13:29:18", "elapsed": 220.180663, "delta": 3.28994}}
{"target": -16.765186197193046, "params": {"eta": 0.01, "max_depth": 20.640069925493943, "n_estimators": 33.93483005849554}, "datetime": {"datetime": "2021-09-21 13:29:20", "elapsed": 221.968367, "delta": 1.787704}}
{"target": -2.4225660568789436, "params": {"eta": 0.10056906077023435, "max_depth": 20.167790576985233, "n_estimators": 36.71510279870116}, "datetime": {"datetime": "2021-09-21 13:29:24", "elapsed": 226.222863, "delta": 4.254496}}
{"target": -15.377928841584609, "params": {"eta": 0.01, "max_depth": 17.299963210970688, "n_estimators": 42.72016739885676}, "datetime": {"datetime": "2021-09-21 13:29:26", "elapsed": 228.184428, "delta": 1.961565}}
{"target": -2.501087083942012, "params": {"eta": 0.4036387420412164, "max_depth": 19.80715018087043, "n_estimators": 37.26904373339504}, "datetime": {"datetime": "2021-09-21 13:29:30", "elapsed": 232.424751, "delta": 4.240323}}
{"target": -2.4655665460385774, "params": {"eta": 0.31015467204394875, "max_depth": 18.71042455349848, "n_estimators": 42.4068150484566}, "datetime": {"datetime": "2021-09-21 13:29:33", "elapsed": 235.631998, "delta": 3.207247}}
{"target": -2.5426772073695534, "params": {"eta": 0.3752384862906974, "max_depth": 25.72391423190195, "n_estimators": 55.88117237931662}, "datetime": {"datetime": "2021-09-21 13:29:37", "elapsed": 239.535282, "delta": 3.903284}}
{"target": -2.5419880471731484, "params": {"eta": 0.4109933711981145, "max_depth": 20.19847584931137, "n_estimators": 35.21069481443508}, "datetime": {"datetime": "2021-09-21 13:29:41", "elapsed": 243.191698, "delta": 3.656416}}
{"target": -3.222351058533317, "params": {"eta": 0.8099889072647647, "max_depth": 18.14823079928305, "n_estimators": 42.946396672892554}, "datetime": {"datetime": "2021-09-21 13:29:43", "elapsed": 245.702885, "delta": 2.511187}}
{"target": -2.474648269854094, "params": {"eta": 0.460713129328379, "max_depth": 21.0345898147419, "n_estimators": 37.199465483538646}, "datetime": {"datetime": "2021-09-21 13:29:47", "elapsed": 249.326022, "delta": 3.623137}}
{"target": -15.083959011184543, "params": {"eta": 0.01, "max_depth": 12.376727794324989, "n_estimators": 44.362142629162946}, "datetime": {"datetime": "2021-09-21 13:29:49", "elapsed": 251.269564, "delta": 1.943542}}
{"target": -2.3964188462809513, "params": {"eta": 0.27580538193824883, "max_depth": 19.559757479770475, "n_estimators": 36.48570975978489}, "datetime": {"datetime": "2021-09-21 13:29:51", "elapsed": 253.929416, "delta": 2.659852}}
{"target": -2.877067134254857, "params": {"eta": 0.5843183473154249, "max_depth": 11.977603530606658, "n_estimators": 43.3114786419586}, "datetime": {"datetime": "2021-09-21 13:29:54", "elapsed": 256.028367, "delta": 2.098951}}
{"target": -2.6234376668930053, "params": {"eta": 0.4288426390371743, "max_depth": 28.4790125126076, "n_estimators": 59.13715141289342}, "datetime": {"datetime": "2021-09-21 13:30:01", "elapsed": 263.857105, "delta": 7.828738}}
{"target": -2.700421852814524, "params": {"eta": 0.10665533420059746, "max_depth": 23.22374529956231, "n_estimators": 26.447288879553945}, "datetime": {"datetime": "2021-09-21 13:30:04", "elapsed": 266.187942, "delta": 2.330837}}
{"target": -2.230879006887737, "params": {"eta": 0.2116093701229436, "max_depth": 18.101695499505922, "n_estimators": 41.5839457436079}, "datetime": {"datetime": "2021-09-21 13:30:07", "elapsed": 269.126946, "delta": 2.939004}}
{"target": -13.16195986647355, "params": {"eta": 0.1360881489294638, "max_depth": 21.202825561889476, "n_estimators": 4.2796493090253}, "datetime": {"datetime": "2021-09-21 13:30:08", "elapsed": 270.324944, "delta": 1.197998}}
{"target": -3.4226252565258424, "params": {"eta": 0.8756937821188074, "max_depth": 11.634880255832046, "n_estimators": 43.955727159239686}, "datetime": {"datetime": "2021-09-21 13:30:11", "elapsed": 272.962891, "delta": 2.637947}}
{"target": -3.107374697609951, "params": {"eta": 0.7469351284501442, "max_depth": 12.728650452523366, "n_estimators": 43.45546358315929}, "datetime": {"datetime": "2021-09-21 13:30:13", "elapsed": 275.833793, "delta": 2.870902}}
{"target": -3.17870384956661, "params": {"eta": 0.6766158303595365, "max_depth": 22.03329309783187, "n_estimators": 37.27207534993467}, "datetime": {"datetime": "2021-09-21 13:30:15", "elapsed": 277.737796, "delta": 1.904003}}
{"target": -2.595621398248171, "params": {"eta": 0.4233531577449895, "max_depth": 22.561060282362135, "n_estimators": 36.267851782952604}, "datetime": {"datetime": "2021-09-21 13:30:19", "elapsed": 281.882915, "delta": 4.145119}}
{"target": -3.3126196748331975, "params": {"eta": 0.7937985762216853, "max_depth": 20.15229853716892, "n_estimators": 35.99797157159235}, "datetime": {"datetime": "2021-09-21 13:30:23", "elapsed": 285.047971, "delta": 3.165056}}
{"target": -3.738085770293286, "params": {"eta": 0.9215729774614803, "max_depth": 16.227903945344803, "n_estimators": 43.27306232869996}, "datetime": {"datetime": "2021-09-21 13:30:24", "elapsed": 286.704056, "delta": 1.656085}}
{"target": -5.598120021192651, "params": {"eta": 0.32513374915712473, "max_depth": 18.288076266978848, "n_estimators": 4.4574755712505345}, "datetime": {"datetime": "2021-09-21 13:30:26", "elapsed": 287.946867, "delta": 1.242811}}
{"target": -3.072296519028513, "params": {"eta": 0.7165329473966147, "max_depth": 20.796216610113973, "n_estimators": 37.95542161666223}, "datetime": {"datetime": "2021-09-21 13:30:30", "elapsed": 292.426662, "delta": 4.479795}}
{"target": -2.9579769209811566, "params": {"eta": 0.5842585853723925, "max_depth": 13.98724798781755, "n_estimators": 38.60913277690998}, "datetime": {"datetime": "2021-09-21 13:30:33", "elapsed": 295.868892, "delta": 3.44223}}
{"target": -3.8036277614141767, "params": {"eta": 1.0, "max_depth": 13.205207431289336, "n_estimators": 44.221692849570594}, "datetime": {"datetime": "2021-09-21 13:30:36", "elapsed": 298.294455, "delta": 2.425563}}
{"target": -7.9220614809738965, "params": {"eta": 0.4402045441628463, "max_depth": 11.113177215856506, "n_estimators": 2.124273162589845}, "datetime": {"datetime": "2021-09-21 13:30:38", "elapsed": 300.030556, "delta": 1.736101}}
{"target": -2.592290644269241, "params": {"eta": 0.4225678013522557, "max_depth": 10.97605594642686, "n_estimators": 44.35185106282149}, "datetime": {"datetime": "2021-09-21 13:30:43", "elapsed": 305.62551, "delta": 5.594954}}
{"target": -2.4726680222310513, "params": {"eta": 0.37841579369330697, "max_depth": 24.87080634037984, "n_estimators": 34.158733681146096}, "datetime": {"datetime": "2021-09-21 13:30:48", "elapsed": 310.342227, "delta": 4.716717}}
{"target": -3.0301545130579095, "params": {"eta": 0.6490961257885642, "max_depth": 10.193504106703726, "n_estimators": 43.50953079174128}, "datetime": {"datetime": "2021-09-21 13:30:51", "elapsed": 313.563732, "delta": 3.221505}}
{"target": -3.4488931486481116, "params": {"eta": 0.9748067120219776, "max_depth": 6.7628249226796395, "n_estimators": 27.973595689694132}, "datetime": {"datetime": "2021-09-21 13:30:53", "elapsed": 315.095655, "delta": 1.531923}}
{"target": -2.8460515919484592, "params": {"eta": 0.6680036525606838, "max_depth": 10.804847837686728, "n_estimators": 42.7611185698132}, "datetime": {"datetime": "2021-09-21 13:30:57", "elapsed": 319.168559, "delta": 4.072904}}
{"target": -7.468012954686817, "params": {"eta": 0.028423692748798867, "max_depth": 12.35913441525466, "n_estimators": 42.8269156313752}, "datetime": {"datetime": "2021-09-21 13:30:59", "elapsed": 321.352664, "delta": 2.184105}}
{"target": -5.483522930898165, "params": {"eta": 0.04961971336381482, "max_depth": 23.46521765900863, "n_estimators": 31.529121657723415}, "datetime": {"datetime": "2021-09-21 13:31:01", "elapsed": 323.791161, "delta": 2.438497}}
{"target": -3.0143527972070796, "params": {"eta": 0.7388574179556652, "max_depth": 22.171215421909466, "n_estimators": 31.99177064183895}, "datetime": {"datetime": "2021-09-21 13:31:04", "elapsed": 326.895745, "delta": 3.104584}}
{"target": -2.216370362984507, "params": {"eta": 0.17549077068597677, "max_depth": 23.601282219950313, "n_estimators": 30.716083899525536}, "datetime": {"datetime": "2021-09-21 13:31:07", "elapsed": 329.451875, "delta": 2.55613}}
{"target": -3.6670471950581196, "params": {"eta": 1.0, "max_depth": 24.981179997680385, "n_estimators": 33.604392386483205}, "datetime": {"datetime": "2021-09-21 13:31:09", "elapsed": 331.118247, "delta": 1.666372}}
{"target": -2.962412379917345, "params": {"eta": 0.5762281629927477, "max_depth": 24.120658120020817, "n_estimators": 56.681531524168534}, "datetime": {"datetime": "2021-09-21 13:31:10", "elapsed": 332.870352, "delta": 1.752105}}
{"target": -6.822481152258422, "params": {"eta": 0.042921770052598736, "max_depth": 24.296002849755247, "n_estimators": 30.40753346000962}, "datetime": {"datetime": "2021-09-21 13:31:14", "elapsed": 336.32488, "delta": 3.454528}}
{"target": -2.591435987070987, "params": {"eta": 0.3866927112686599, "max_depth": 27.791981613026802, "n_estimators": 57.74749440791057}, "datetime": {"datetime": "2021-09-21 13:31:16", "elapsed": 338.812163, "delta": 2.487283}}
{"target": -2.4355221340530795, "params": {"eta": 0.37437468682077857, "max_depth": 25.725582633105933, "n_estimators": 55.891878390848106}, "datetime": {"datetime": "2021-09-21 13:31:20", "elapsed": 342.259046, "delta": 3.446883}}
{"target": -3.5717156291007996, "params": {"eta": 0.8527747703318156, "max_depth": 18.943416002132373, "n_estimators": 36.43574227541389}, "datetime": {"datetime": "2021-09-21 13:31:23", "elapsed": 345.59826, "delta": 3.339214}}
{"target": -2.408053787758476, "params": {"eta": 0.21517248637249978, "max_depth": 25.273260850102428, "n_estimators": 56.599910262698316}, "datetime": {"datetime": "2021-09-21 13:31:28", "elapsed": 350.46134, "delta": 4.86308}}
{"target": -3.209372896269748, "params": {"eta": 0.773996262142251, "max_depth": 26.091984673236148, "n_estimators": 56.55284389868241}, "datetime": {"datetime": "2021-09-21 13:31:31", "elapsed": 353.134823, "delta": 2.673483}}
{"target": -3.5594337704934573, "params": {"eta": 0.9137136027775735, "max_depth": 21.812338646755805, "n_estimators": 33.473458290822904}, "datetime": {"datetime": "2021-09-21 13:31:33", "elapsed": 355.56153, "delta": 2.426707}}
{"target": -3.4497470247118094, "params": {"eta": 0.973185225195083, "max_depth": 11.288362476248643, "n_estimators": 44.962793396277974}, "datetime": {"datetime": "2021-09-21 13:31:36", "elapsed": 358.160264, "delta": 2.598734}}
{"target": -3.538654195007525, "params": {"eta": 0.9582143778755341, "max_depth": 5.562796022904101, "n_estimators": 32.22661017204332}, "datetime": {"datetime": "2021-09-21 13:31:38", "elapsed": 360.071704, "delta": 1.91144}}
{"target": -2.4774176879933005, "params": {"eta": 0.1796805469251832, "max_depth": 22.496882347661597, "n_estimators": 26.353944903997643}, "datetime": {"datetime": "2021-09-21 13:31:42", "elapsed": 364.650016, "delta": 4.578312}}
{"target": -2.80601074507362, "params": {"eta": 0.5369382051954841, "max_depth": 20.282884780565414, "n_estimators": 44.29736986343454}, "datetime": {"datetime": "2021-09-21 13:31:45", "elapsed": 367.351393, "delta": 2.701377}}
{"target": -3.3877335297433957, "params": {"eta": 0.873157146690247, "max_depth": 11.23600060089723, "n_estimators": 41.80638916936955}, "datetime": {"datetime": "2021-09-21 13:31:48", "elapsed": 370.48605, "delta": 3.134657}}
{"target": -2.5293661349698113, "params": {"eta": 0.2503927311002267, "max_depth": 19.822269287500365, "n_estimators": 28.94892559299502}, "datetime": {"datetime": "2021-09-21 13:31:50", "elapsed": 372.316867, "delta": 1.830817}}
{"target": -3.2496289366169977, "params": {"eta": 0.7606056613224971, "max_depth": 14.99920989928058, "n_estimators": 40.060951944260154}, "datetime": {"datetime": "2021-09-21 13:31:52", "elapsed": 374.87395, "delta": 2.557083}}
