{"target": 0.8535164486204906, "params": {"eta": 0.1861413544863968, "max_depth": 18.86243026852319, "n_estimators": 19.397007842688573}, "datetime": {"datetime": "2021-09-21 11:45:14", "elapsed": 2625.284391, "delta": 16.580739}}
{"target": 0.8318838495672449, "params": {"eta": 0.19995663012685344, "max_depth": 13.409163879332691, "n_estimators": 14.995722361694774}, "datetime": {"datetime": "2021-09-21 11:45:22", "elapsed": 2633.405986, "delta": 8.121595}}
{"target": 0.8211717875764302, "params": {"eta": 0.484498365532538, "max_depth": 24.258797495457713, "n_estimators": 10.158326903106545}, "datetime": {"datetime": "2021-09-21 11:45:33", "elapsed": 2644.519694, "delta": 11.113708}}
{"target": 0.8442340334964067, "params": {"eta": 0.2909524325475115, "max_depth": 6.8155988666824845, "n_estimators": 35.358310073661144}, "datetime": {"datetime": "2021-09-21 11:45:48", "elapsed": 2659.277606, "delta": 14.757912}}
{"target": 0.8494576354750214, "params": {"eta": 0.1480976255039199, "max_depth": 48.03454090301619, "n_estimators": 47.91025020583805}, "datetime": {"datetime": "2021-09-21 11:45:58", "elapsed": 2669.675937, "delta": 10.398331}}
{"target": 0.8096784394734597, "params": {"eta": 0.4378173190596474, "max_depth": 1.598243821682953, "n_estimators": 43.85564728490388}, "datetime": {"datetime": "2021-09-21 11:46:05", "elapsed": 2675.99733, "delta": 6.321393}}
{"target": 0.842026675105396, "params": {"eta": 0.1, "max_depth": 47.02194870881677, "n_estimators": 44.361770569883156}, "datetime": {"datetime": "2021-09-21 11:46:14", "elapsed": 2685.862862, "delta": 9.865532}}
{"target": 0.8605453641653323, "params": {"eta": 0.36369350613743656, "max_depth": 42.05091074175885, "n_estimators": 35.081244625417796}, "datetime": {"datetime": "2021-09-21 11:46:22", "elapsed": 2693.433446, "delta": 7.570584}}
{"target": 0.862757368148366, "params": {"eta": 0.20690846320973308, "max_depth": 7.748552451252387, "n_estimators": 17.83585524051761}, "datetime": {"datetime": "2021-09-21 11:46:38", "elapsed": 2709.019623, "delta": 15.586177}}
{"target": 0.7946572638039624, "params": {"eta": 0.4797696426516964, "max_depth": 3.5912936561072217, "n_estimators": 15.278044962451386}, "datetime": {"datetime": "2021-09-21 11:46:44", "elapsed": 2715.674113, "delta": 6.65449}}
{"target": 0.8402092871637412, "params": {"eta": 0.2968362220049564, "max_depth": 6.231202899232818, "n_estimators": 33.812496964260504}, "datetime": {"datetime": "2021-09-21 11:46:58", "elapsed": 2728.919974, "delta": 13.245861}}
{"target": 0.8357904244302511, "params": {"eta": 0.3196856178196113, "max_depth": 7.488896313667284, "n_estimators": 19.184708467483315}, "datetime": {"datetime": "2021-09-21 11:47:09", "elapsed": 2740.308304, "delta": 11.38833}}
{"target": 0.8418093473456841, "params": {"eta": 0.42840395480392823, "max_depth": 23.79506874927411, "n_estimators": 30.483725961596516}, "datetime": {"datetime": "2021-09-21 11:47:28", "elapsed": 2759.511581, "delta": 19.203277}}
{"target": 0.8607988683163854, "params": {"eta": 0.12406414938935413, "max_depth": 16.056383008310664, "n_estimators": 39.56663841329843}, "datetime": {"datetime": "2021-09-21 11:47:42", "elapsed": 2773.294181, "delta": 13.7826}}
{"target": 0.8479824031615163, "params": {"eta": 0.31135897409143537, "max_depth": 21.050458820443694, "n_estimators": 49.375572185973176}, "datetime": {"datetime": "2021-09-21 11:47:54", "elapsed": 2785.911428, "delta": 12.617247}}
{"target": 0.8030974453808599, "params": {"eta": 0.48859383158247915, "max_depth": 40.9597034609261, "n_estimators": 19.490641049821036}, "datetime": {"datetime": "2021-09-21 11:48:04", "elapsed": 2795.816979, "delta": 9.905551}}
{"target": 0.8177871482158444, "params": {"eta": 0.12324439206230041, "max_depth": 46.10572106985952, "n_estimators": 23.18691685987972}, "datetime": {"datetime": "2021-09-21 11:48:19", "elapsed": 2810.638357, "delta": 14.821378}}
{"target": 0.832966629339574, "params": {"eta": 0.4230857033999018, "max_depth": 23.513556216444726, "n_estimators": 16.45260386557731}, "datetime": {"datetime": "2021-09-21 11:48:28", "elapsed": 2819.441852, "delta": 8.803495}}
{"target": 0.8220911112520886, "params": {"eta": 0.222224343389264, "max_depth": 16.924254557646606, "n_estimators": 13.135790556674362}, "datetime": {"datetime": "2021-09-21 11:48:39", "elapsed": 2830.69173, "delta": 11.249878}}
{"target": 0.8545206254045187, "params": {"eta": 0.32742098842454387, "max_depth": 48.257960039041, "n_estimators": 24.58812068417243}, "datetime": {"datetime": "2021-09-21 11:48:49", "elapsed": 2840.739813, "delta": 10.048083}}
{"target": 0.842026675105396, "params": {"eta": 0.1, "max_depth": 46.930377228682296, "n_estimators": 44.96974316999163}, "datetime": {"datetime": "2021-09-21 11:49:02", "elapsed": 2853.584384, "delta": 12.844571}}
{"target": 0.8583341319290951, "params": {"eta": 0.11733349714172903, "max_depth": 28.660031261585086, "n_estimators": 42.756253911334035}, "datetime": {"datetime": "2021-09-21 11:49:15", "elapsed": 2866.295651, "delta": 12.711267}}
{"target": 0.8667340982717208, "params": {"eta": 0.44228798609421427, "max_depth": 15.862010741302475, "n_estimators": 39.49069342965609}, "datetime": {"datetime": "2021-09-21 11:49:26", "elapsed": 2877.731252, "delta": 11.435601}}
{"target": 0.8379614586230475, "params": {"eta": 0.4536613361239389, "max_depth": 47.31761222072736, "n_estimators": 16.52101048937361}, "datetime": {"datetime": "2021-09-21 11:49:32", "elapsed": 2883.752558, "delta": 6.021306}}
{"target": 0.8579306439769109, "params": {"eta": 0.3742810026926551, "max_depth": 34.546870395036564, "n_estimators": 29.747154500420024}, "datetime": {"datetime": "2021-09-21 11:49:39", "elapsed": 2890.052149, "delta": 6.299591}}
{"target": 0.8627898948193502, "params": {"eta": 0.19317622739431206, "max_depth": 31.28774637652229, "n_estimators": 33.81325732081019}, "datetime": {"datetime": "2021-09-21 11:49:48", "elapsed": 2899.495231, "delta": 9.443082}}
{"target": 0.8513525502634939, "params": {"eta": 0.2805512964350621, "max_depth": 15.680960957177861, "n_estimators": 39.18973046627979}, "datetime": {"datetime": "2021-09-21 11:50:04", "elapsed": 2914.948416, "delta": 15.453185}}
{"target": 0.8120650522474061, "params": {"eta": 0.49093823371645395, "max_depth": 8.44138342734016, "n_estimators": 18.2226108364744}, "datetime": {"datetime": "2021-09-21 11:50:16", "elapsed": 2927.56427, "delta": 12.615854}}
{"target": 0.844584116299947, "params": {"eta": 0.4663217938586596, "max_depth": 15.2140620718208, "n_estimators": 48.92262802090032}, "datetime": {"datetime": "2021-09-21 11:50:32", "elapsed": 2943.567154, "delta": 16.002884}}
{"target": 0.8449377603905568, "params": {"eta": 0.3466366259293363, "max_depth": 27.894041041370926, "n_estimators": 45.1644305546559}, "datetime": {"datetime": "2021-09-21 11:50:39", "elapsed": 2950.879401, "delta": 7.312247}}
{"target": 0.8521115908126995, "params": {"eta": 0.3827740346787398, "max_depth": 12.935301423398048, "n_estimators": 29.669941599441323}, "datetime": {"datetime": "2021-09-21 11:50:46", "elapsed": 2957.660441, "delta": 6.78104}}
{"target": 0.8410917413254793, "params": {"eta": 0.14735268082142527, "max_depth": 33.62364150757168, "n_estimators": 34.12245548942517}, "datetime": {"datetime": "2021-09-21 11:50:58", "elapsed": 2969.213522, "delta": 11.553081}}
{"target": 0.8645571526613695, "params": {"eta": 0.39152301695142977, "max_depth": 20.1288276299627, "n_estimators": 11.149402086602622}, "datetime": {"datetime": "2021-09-21 11:51:03", "elapsed": 2974.757847, "delta": 5.544325}}
{"target": 0.8454691952409323, "params": {"eta": 0.14551460328086108, "max_depth": 11.252204632263894, "n_estimators": 26.026306740946264}, "datetime": {"datetime": "2021-09-21 11:51:12", "elapsed": 2983.617403, "delta": 8.859556}}
{"target": 0.8346058587612462, "params": {"eta": 0.4139376835182591, "max_depth": 7.327637270399716, "n_estimators": 16.80298806995654}, "datetime": {"datetime": "2021-09-21 11:51:20", "elapsed": 2991.716996, "delta": 8.099593}}
{"target": 0.8452284690690959, "params": {"eta": 0.3668253800778559, "max_depth": 31.594176623404245, "n_estimators": 33.834731382233}, "datetime": {"datetime": "2021-09-21 11:51:35", "elapsed": 3006.30718, "delta": 14.590184}}
{"target": 0.8397223531769331, "params": {"eta": 0.46678348895277566, "max_depth": 47.937649086053895, "n_estimators": 12.386426051897036}, "datetime": {"datetime": "2021-09-21 11:51:45", "elapsed": 3016.560595, "delta": 10.253415}}
{"target": 0.8641307893699708, "params": {"eta": 0.3786309684381709, "max_depth": 15.435399730972096, "n_estimators": 39.6180047316234}, "datetime": {"datetime": "2021-09-21 11:51:57", "elapsed": 3028.602511, "delta": 12.041916}}
{"target": 0.8611267888022616, "params": {"eta": 0.1764817331439212, "max_depth": 35.933230318039705, "n_estimators": 48.6928413090625}, "datetime": {"datetime": "2021-09-21 11:52:08", "elapsed": 3039.119521, "delta": 10.51701}}
{"target": 0.820713314375578, "params": {"eta": 0.4845336206395713, "max_depth": 18.20445816236673, "n_estimators": 33.983100648240075}, "datetime": {"datetime": "2021-09-21 11:52:22", "elapsed": 3053.194302, "delta": 14.074781}}
{"target": 0.8661139278876034, "params": {"eta": 0.21384422926645708, "max_depth": 28.488127845781758, "n_estimators": 43.1585099956019}, "datetime": {"datetime": "2021-09-21 11:52:45", "elapsed": 3075.9224, "delta": 22.728098}}
{"target": 0.8630557855713943, "params": {"eta": 0.43580083103191025, "max_depth": 17.161407339427186, "n_estimators": 48.69300102060815}, "datetime": {"datetime": "2021-09-21 11:52:57", "elapsed": 3088.509435, "delta": 12.587035}}
{"target": 0.845668043177526, "params": {"eta": 0.4720990122638329, "max_depth": 43.729938522329306, "n_estimators": 25.599080653603874}, "datetime": {"datetime": "2021-09-21 11:53:06", "elapsed": 3097.476469, "delta": 8.967034}}
{"target": 0.8491154221578777, "params": {"eta": 0.18134294329745082, "max_depth": 41.27414724195963, "n_estimators": 49.796272181956304}, "datetime": {"datetime": "2021-09-21 11:53:18", "elapsed": 3109.714248, "delta": 12.237779}}
{"target": 0.8462418774891124, "params": {"eta": 0.2556564967186621, "max_depth": 28.973877665385665, "n_estimators": 42.55558367658664}, "datetime": {"datetime": "2021-09-21 11:53:32", "elapsed": 3123.603522, "delta": 13.889274}}
{"target": 0.8560146012517073, "params": {"eta": 0.1927715375236408, "max_depth": 35.768054396906315, "n_estimators": 42.941364264177025}, "datetime": {"datetime": "2021-09-21 11:53:48", "elapsed": 3139.528712, "delta": 15.92519}}
{"target": 0.8686809132190695, "params": {"eta": 0.3360011789908812, "max_depth": 43.08135130538238, "n_estimators": 46.463583380753896}, "datetime": {"datetime": "2021-09-21 11:54:09", "elapsed": 3159.963016, "delta": 20.434304}}
{"target": 0.7838813647434512, "params": {"eta": 0.4066599737420492, "max_depth": 1.7439082272519666, "n_estimators": 25.057587834774342}, "datetime": {"datetime": "2021-09-21 11:54:20", "elapsed": 3171.793351, "delta": 11.830335}}
{"target": 0.8537674990270359, "params": {"eta": 0.3980632806925012, "max_depth": 7.134555476985824, "n_estimators": 11.516238905611115}, "datetime": {"datetime": "2021-09-21 11:54:30", "elapsed": 3181.385295, "delta": 9.591944}}
{"target": 0.821300665786822, "params": {"eta": 0.1113555530044677, "max_depth": 15.474176026420068, "n_estimators": 27.59155172786899}, "datetime": {"datetime": "2021-09-21 11:54:39", "elapsed": 3190.496222, "delta": 9.110927}}
{"target": 0.8347037462444022, "params": {"eta": 0.26120200999522947, "max_depth": 40.64500796779239, "n_estimators": 36.66147868820329}, "datetime": {"datetime": "2021-09-21 11:54:58", "elapsed": 3209.658228, "delta": 19.162006}}
{"target": 0.8426200555033574, "params": {"eta": 0.1685059267900873, "max_depth": 33.07145719579704, "n_estimators": 34.33903296333957}, "datetime": {"datetime": "2021-09-21 11:55:07", "elapsed": 3218.237175, "delta": 8.578947}}
{"target": 0.8333137577922162, "params": {"eta": 0.41607144465908896, "max_depth": 11.612856056296986, "n_estimators": 26.400320975592223}, "datetime": {"datetime": "2021-09-21 11:55:19", "elapsed": 3230.803601, "delta": 12.566426}}
{"target": 0.8372406323971642, "params": {"eta": 0.2540596019546193, "max_depth": 20.379769573034554, "n_estimators": 40.60527738976184}, "datetime": {"datetime": "2021-09-21 11:55:34", "elapsed": 3245.009397, "delta": 14.205796}}
{"target": 0.8767483153770446, "params": {"eta": 0.17469782740741885, "max_depth": 12.527210048050875, "n_estimators": 46.26544600961264}, "datetime": {"datetime": "2021-09-21 11:55:45", "elapsed": 3256.278681, "delta": 11.269284}}
{"target": 0.851918993968952, "params": {"eta": 0.28977338567804095, "max_depth": 7.1672654605072275, "n_estimators": 33.21859486165214}, "datetime": {"datetime": "2021-09-21 11:55:56", "elapsed": 3267.810409, "delta": 11.531728}}
{"target": 0.7346647393075589, "params": {"eta": 0.10728283223111178, "max_depth": 18.808774985111448, "n_estimators": 19.798011696767563}, "datetime": {"datetime": "2021-09-21 11:56:09", "elapsed": 3279.937654, "delta": 12.127245}}
{"target": 0.8448017519117735, "params": {"eta": 0.46868662600756883, "max_depth": 45.54395940614314, "n_estimators": 42.011022645357485}, "datetime": {"datetime": "2021-09-21 11:56:22", "elapsed": 3293.633856, "delta": 13.696202}}
{"target": 0.8495385895235384, "params": {"eta": 0.17860181671296213, "max_depth": 44.05554614538325, "n_estimators": 29.9387740195464}, "datetime": {"datetime": "2021-09-21 11:56:33", "elapsed": 3304.137956, "delta": 10.5041}}
{"target": 0.8764221483014067, "params": {"eta": 0.15751088942649424, "max_depth": 31.103147511453756, "n_estimators": 34.17693097902951}, "datetime": {"datetime": "2021-09-21 11:56:45", "elapsed": 3315.953195, "delta": 11.815239}}
{"target": 0.8500824404795426, "params": {"eta": 0.14010585921583452, "max_depth": 39.61763668677559, "n_estimators": 38.02134196316199}, "datetime": {"datetime": "2021-09-21 11:56:58", "elapsed": 3329.337347, "delta": 13.384152}}
{"target": 0.8570339993644018, "params": {"eta": 0.16516754854013663, "max_depth": 22.309956646959154, "n_estimators": 43.40285186631809}, "datetime": {"datetime": "2021-09-21 11:57:06", "elapsed": 3337.085932, "delta": 7.748585}}
{"target": 0.8282016866765012, "params": {"eta": 0.41677082071024674, "max_depth": 17.880047658787323, "n_estimators": 20.113820066361853}, "datetime": {"datetime": "2021-09-21 11:57:18", "elapsed": 3349.058778, "delta": 11.972846}}
{"target": 0.868982796975325, "params": {"eta": 0.32936957481684015, "max_depth": 27.396307734196657, "n_estimators": 34.26385000105142}, "datetime": {"datetime": "2021-09-21 11:57:30", "elapsed": 3361.077311, "delta": 12.018533}}
{"target": 0.8622456810994936, "params": {"eta": 0.35237600277021464, "max_depth": 17.444485028405612, "n_estimators": 25.190773734634035}, "datetime": {"datetime": "2021-09-21 11:57:42", "elapsed": 3372.944449, "delta": 11.867138}}
{"target": 0.8533595240349828, "params": {"eta": 0.38318114227418465, "max_depth": 39.91322738743953, "n_estimators": 26.74670337150317}, "datetime": {"datetime": "2021-09-21 11:57:50", "elapsed": 3381.90799, "delta": 8.963541}}
{"target": 0.8563148854677708, "params": {"eta": 0.40256613156492815, "max_depth": 8.803817863475986, "n_estimators": 26.846795272973946}, "datetime": {"datetime": "2021-09-21 11:58:03", "elapsed": 3394.760885, "delta": 12.852895}}
{"target": 0.8411190304519867, "params": {"eta": 0.39722238728028647, "max_depth": 20.12175214375665, "n_estimators": 17.91280985504896}, "datetime": {"datetime": "2021-09-21 11:58:15", "elapsed": 3406.383274, "delta": 11.622389}}
{"target": 0.8348030495167993, "params": {"eta": 0.28692861811486386, "max_depth": 46.44075239304244, "n_estimators": 38.7755250662907}, "datetime": {"datetime": "2021-09-21 11:58:32", "elapsed": 3423.395609, "delta": 17.012335}}
{"target": 0.8347273381348422, "params": {"eta": 0.16062653916089287, "max_depth": 45.731573813674395, "n_estimators": 22.453625696254875}, "datetime": {"datetime": "2021-09-21 11:58:45", "elapsed": 3436.429608, "delta": 13.033999}}
{"target": 0.849690542198497, "params": {"eta": 0.38285931117048755, "max_depth": 31.116251393371886, "n_estimators": 34.267999943653216}, "datetime": {"datetime": "2021-09-21 11:59:01", "elapsed": 3451.967943, "delta": 15.538335}}
{"target": 0.8332898710160861, "params": {"eta": 0.4008197535732735, "max_depth": 48.43200890593312, "n_estimators": 39.75509805548799}, "datetime": {"datetime": "2021-09-21 11:59:09", "elapsed": 3460.182601, "delta": 8.214658}}
{"target": 0.8433910445735671, "params": {"eta": 0.27849634940802437, "max_depth": 13.153290691368706, "n_estimators": 24.88379866316793}, "datetime": {"datetime": "2021-09-21 11:59:19", "elapsed": 3470.243061, "delta": 10.06046}}
{"target": 0.8182951712216526, "params": {"eta": 0.48606300143043357, "max_depth": 13.782263416526144, "n_estimators": 36.33699843319041}, "datetime": {"datetime": "2021-09-21 11:59:33", "elapsed": 3484.861927, "delta": 14.618866}}
{"target": 0.8549961172528099, "params": {"eta": 0.12862567591548357, "max_depth": 31.473441876049236, "n_estimators": 34.13126259868284}, "datetime": {"datetime": "2021-09-21 11:59:47", "elapsed": 3498.243508, "delta": 13.381581}}
{"target": 0.8525853620334455, "params": {"eta": 0.18213752804723324, "max_depth": 27.795464834160004, "n_estimators": 41.31844816814609}, "datetime": {"datetime": "2021-09-21 11:59:59", "elapsed": 3510.714434, "delta": 12.470926}}
{"target": 0.84231617121635, "params": {"eta": 0.4009239837583949, "max_depth": 9.19974888622606, "n_estimators": 38.584472267724266}, "datetime": {"datetime": "2021-09-21 12:00:10", "elapsed": 3521.148069, "delta": 10.433635}}
{"target": 0.7944074523053853, "params": {"eta": 0.25781204943658287, "max_depth": 2.9811390056126736, "n_estimators": 19.822926131854643}, "datetime": {"datetime": "2021-09-21 12:00:17", "elapsed": 3528.086079, "delta": 6.93801}}
{"target": 0.8290519370258032, "params": {"eta": 0.5, "max_depth": 4.852908866786948, "n_estimators": 29.395600647060355}, "datetime": {"datetime": "2021-09-21 12:00:33", "elapsed": 3544.654441, "delta": 16.568362}}
{"target": 0.8136893957888081, "params": {"eta": 0.47874159561528673, "max_depth": 20.933730735250315, "n_estimators": 21.090598341124803}, "datetime": {"datetime": "2021-09-21 12:00:52", "elapsed": 3563.822733, "delta": 19.168292}}
{"target": 0.8666138283277627, "params": {"eta": 0.19970602519193772, "max_depth": 11.605308479125137, "n_estimators": 26.08413982404794}, "datetime": {"datetime": "2021-09-21 12:01:10", "elapsed": 3581.637228, "delta": 17.814495}}
{"target": 0.845388787563926, "params": {"eta": 0.35498973559173763, "max_depth": 14.630188354077807, "n_estimators": 12.677027117031706}, "datetime": {"datetime": "2021-09-21 12:01:18", "elapsed": 3589.467515, "delta": 7.830287}}
{"target": 0.8645916827749278, "params": {"eta": 0.37718389885943115, "max_depth": 25.49903970540331, "n_estimators": 18.638175645666067}, "datetime": {"datetime": "2021-09-21 12:01:34", "elapsed": 3605.73049, "delta": 16.262975}}
{"target": 0.8507386909600029, "params": {"eta": 0.34601753806028257, "max_depth": 5.3289917567922185, "n_estimators": 26.650449423006854}, "datetime": {"datetime": "2021-09-21 12:01:44", "elapsed": 3614.928424, "delta": 9.197934}}
{"target": 0.8271605052681972, "params": {"eta": 0.2583770570881426, "max_depth": 33.46370744354721, "n_estimators": 21.126958140434798}, "datetime": {"datetime": "2021-09-21 12:01:51", "elapsed": 3622.863052, "delta": 7.934628}}
{"target": 0.8423839626715379, "params": {"eta": 0.44738466611516003, "max_depth": 3.4274160889910417, "n_estimators": 11.454745962850513}, "datetime": {"datetime": "2021-09-21 12:01:59", "elapsed": 3630.533361, "delta": 7.670309}}
{"target": 0.6074957595441348, "params": {"eta": 0.13786809960919091, "max_depth": 41.906715992838215, "n_estimators": 12.51040209126983}, "datetime": {"datetime": "2021-09-21 12:02:06", "elapsed": 3637.055133, "delta": 6.521772}}
{"target": 0.8606130446650001, "params": {"eta": 0.20573779026506145, "max_depth": 44.88574799077643, "n_estimators": 16.387076082479798}, "datetime": {"datetime": "2021-09-21 12:02:14", "elapsed": 3644.921596, "delta": 7.866463}}
{"target": 0.8391138649391586, "params": {"eta": 0.3007667477945546, "max_depth": 36.81384275105888, "n_estimators": 14.837775386142606}, "datetime": {"datetime": "2021-09-21 12:02:23", "elapsed": 3654.169055, "delta": 9.247459}}
{"target": 0.8436896818945825, "params": {"eta": 0.4249714250552997, "max_depth": 32.35134522716123, "n_estimators": 37.954254062024205}, "datetime": {"datetime": "2021-09-21 12:02:34", "elapsed": 3665.759318, "delta": 11.590263}}
{"target": 0.868993483042119, "params": {"eta": 0.21366479042771602, "max_depth": 27.437254205639363, "n_estimators": 34.60491486343106}, "datetime": {"datetime": "2021-09-21 12:02:49", "elapsed": 3680.547716, "delta": 14.788398}}
{"target": 0.8546240391003598, "params": {"eta": 0.1111612390612769, "max_depth": 12.479912225569159, "n_estimators": 46.039677947173324}, "datetime": {"datetime": "2021-09-21 12:03:06", "elapsed": 3697.211938, "delta": 16.664222}}
{"target": 0.802579740441494, "params": {"eta": 0.49169052763275944, "max_depth": 27.311874209121832, "n_estimators": 34.60364662969303}, "datetime": {"datetime": "2021-09-21 12:03:20", "elapsed": 3711.913257, "delta": 14.701319}}
{"target": 0.8745066338187405, "params": {"eta": 0.3902979564792133, "max_depth": 13.880166555421699, "n_estimators": 32.079556290235445}, "datetime": {"datetime": "2021-09-21 12:03:29", "elapsed": 3720.859614, "delta": 8.946357}}
{"target": 0.8314859411879187, "params": {"eta": 0.1, "max_depth": 30.978866413870485, "n_estimators": 33.928513551123636}, "datetime": {"datetime": "2021-09-21 12:03:41", "elapsed": 3732.256229, "delta": 11.396615}}
