{"target": 0.807172440225714, "params": {"eta": 0.6172476495569578, "max_depth": 39.082781834269774, "n_estimators": 35.093448289025034}, "datetime": {"datetime": "2021-09-17 19:45:00", "elapsed": 47.047483, "delta": 0.842908}}
{"target": 0.7775277563012182, "params": {"eta": 0.6284986175352958, "max_depth": 26.436305918194094, "n_estimators": 29.75386295583143}, "datetime": {"datetime": "2021-09-17 19:45:01", "elapsed": 47.898483, "delta": 0.851}}
{"target": 0.7988732287478073, "params": {"eta": 0.6913525657883421, "max_depth": 8.653251307508526, "n_estimators": 47.79400542690462}, "datetime": {"datetime": "2021-09-17 19:45:01", "elapsed": 48.613485, "delta": 0.715002}}
{"target": 0.8444077582498761, "params": {"eta": 0.4707490491675609, "max_depth": 23.497628193415004, "n_estimators": 24.03505673304195}, "datetime": {"datetime": "2021-09-17 19:45:02", "elapsed": 49.52667, "delta": 0.913185}}
{"target": 0.8264238887850102, "params": {"eta": 0.42084528567061064, "max_depth": 26.762642230546014, "n_estimators": 22.377890265876676}, "datetime": {"datetime": "2021-09-17 19:45:03", "elapsed": 50.502669, "delta": 0.975999}}
{"target": 0.757836636176664, "params": {"eta": 0.8, "max_depth": 28.771828934078034, "n_estimators": 19.05460245576145}, "datetime": {"datetime": "2021-09-17 19:45:04", "elapsed": 51.364506, "delta": 0.861837}}
{"target": 0.8754544919476736, "params": {"eta": 0.20139025513472197, "max_depth": 8.84674163378103, "n_estimators": 41.90213687792405}, "datetime": {"datetime": "2021-09-17 19:45:05", "elapsed": 52.107502, "delta": 0.742996}}
{"target": 0.8170561971170403, "params": {"eta": 0.5142880059860135, "max_depth": 29.306183992655427, "n_estimators": 49.969266147392226}, "datetime": {"datetime": "2021-09-17 19:45:06", "elapsed": 53.015125, "delta": 0.907623}}
{"target": 0.8406862627842652, "params": {"eta": 0.2567571480849774, "max_depth": 26.17694316480752, "n_estimators": 47.125991964439265}, "datetime": {"datetime": "2021-09-17 19:45:07", "elapsed": 54.250128, "delta": 1.235003}}
{"target": 0.8757046899309614, "params": {"eta": 0.21024212966072675, "max_depth": 29.160662069379836, "n_estimators": 45.741866474659346}, "datetime": {"datetime": "2021-09-17 19:45:08", "elapsed": 55.678144, "delta": 1.428016}}
{"target": 0.8435698450955088, "params": {"eta": 0.3194185567424222, "max_depth": 27.235900592578414, "n_estimators": 43.97260122618057}, "datetime": {"datetime": "2021-09-17 19:45:10", "elapsed": 57.179859, "delta": 1.501715}}
{"target": 0.843802078928241, "params": {"eta": 0.4676537988478242, "max_depth": 30.56280385741551, "n_estimators": 43.2753797507911}, "datetime": {"datetime": "2021-09-17 19:45:11", "elapsed": 58.202858, "delta": 1.022999}}
{"target": 0.8428678257915946, "params": {"eta": 0.1, "max_depth": 31.799836289269845, "n_estimators": 46.313048143207475}, "datetime": {"datetime": "2021-09-17 19:45:12", "elapsed": 59.43675, "delta": 1.233892}}
{"target": 0.7578391181543657, "params": {"eta": 0.8, "max_depth": 33.91640221278352, "n_estimators": 43.73010303546292}, "datetime": {"datetime": "2021-09-17 19:45:13", "elapsed": 60.643752, "delta": 1.207002}}
{"target": 0.8397095307890869, "params": {"eta": 0.1, "max_depth": 28.418784693242042, "n_estimators": 40.84237594746574}, "datetime": {"datetime": "2021-09-17 19:45:14", "elapsed": 61.547824, "delta": 0.904072}}
{"target": 0.7599800324856031, "params": {"eta": 0.8, "max_depth": 23.85512197011812, "n_estimators": 44.719339989291036}, "datetime": {"datetime": "2021-09-17 19:45:15", "elapsed": 62.286828, "delta": 0.739004}}
{"target": 0.8444061090894828, "params": {"eta": 0.1, "max_depth": 33.13934802474033, "n_estimators": 49.4143060568296}, "datetime": {"datetime": "2021-09-17 19:45:16", "elapsed": 63.39204, "delta": 1.105212}}
{"target": 0.8449379701004087, "params": {"eta": 0.1, "max_depth": 36.266432920111264, "n_estimators": 50.0}, "datetime": {"datetime": "2021-09-17 19:45:17", "elapsed": 64.517042, "delta": 1.125002}}
{"target": 0.8670189163863805, "params": {"eta": 0.17384502026632886, "max_depth": 39.39231500837598, "n_estimators": 49.34670746540574}, "datetime": {"datetime": "2021-09-17 19:45:18", "elapsed": 65.787242, "delta": 1.2702}}
{"target": 0.7408269965910457, "params": {"eta": 0.7554692467029877, "max_depth": 37.83181993641392, "n_estimators": 47.315697657507634}, "datetime": {"datetime": "2021-09-17 19:45:20", "elapsed": 66.887896, "delta": 1.100654}}
{"target": 0.8449379701004087, "params": {"eta": 0.1, "max_depth": 41.835505404152215, "n_estimators": 50.0}, "datetime": {"datetime": "2021-09-17 19:45:21", "elapsed": 68.252277, "delta": 1.364381}}
{"target": 0.8673224807925749, "params": {"eta": 0.4385546784486509, "max_depth": 30.98704750166086, "n_estimators": 39.55595803494637}, "datetime": {"datetime": "2021-09-17 19:45:22", "elapsed": 69.67168, "delta": 1.419403}}
{"target": 0.8727918832318655, "params": {"eta": 0.1975493786921808, "max_depth": 32.68486367145442, "n_estimators": 37.55445866552785}, "datetime": {"datetime": "2021-09-17 19:45:23", "elapsed": 70.821649, "delta": 1.149969}}
{"target": 0.8391743620432751, "params": {"eta": 0.1, "max_depth": 33.6669641268926, "n_estimators": 39.706783601184405}, "datetime": {"datetime": "2021-09-17 19:45:24", "elapsed": 71.613231, "delta": 0.791582}}
{"target": 0.8376498015273688, "params": {"eta": 0.5249409245988044, "max_depth": 30.591189733605564, "n_estimators": 37.13144194706847}, "datetime": {"datetime": "2021-09-17 19:45:25", "elapsed": 72.606226, "delta": 0.992995}}
{"target": 0.8209087023550242, "params": {"eta": 0.4833458347756163, "max_depth": 24.92339567208726, "n_estimators": 49.98652820953737}, "datetime": {"datetime": "2021-09-17 19:45:26", "elapsed": 73.617067, "delta": 1.010841}}
{"target": 0.8444061090894828, "params": {"eta": 0.1, "max_depth": 45.05868775939561, "n_estimators": 49.020504808377936}, "datetime": {"datetime": "2021-09-17 19:45:27", "elapsed": 74.649594, "delta": 1.032527}}
{"target": 0.8027036826168561, "params": {"eta": 0.7035740447799806, "max_depth": 42.54139619124202, "n_estimators": 47.51805846539528}, "datetime": {"datetime": "2021-09-17 19:45:28", "elapsed": 75.615742, "delta": 0.966148}}
{"target": 0.8060184636260193, "params": {"eta": 0.5050194780371873, "max_depth": 48.13489000322231, "n_estimators": 48.63045752695692}, "datetime": {"datetime": "2021-09-17 19:45:29", "elapsed": 76.562373, "delta": 0.946631}}
{"target": 0.76151201879679, "params": {"eta": 0.8, "max_depth": 11.59946416633941, "n_estimators": 35.04805780728673}, "datetime": {"datetime": "2021-09-17 19:45:30", "elapsed": 77.347528, "delta": 0.785155}}
{"target": 0.8596720625630214, "params": {"eta": 0.1, "max_depth": 6.9509915048816655, "n_estimators": 40.46528238689799}, "datetime": {"datetime": "2021-09-17 19:45:31", "elapsed": 78.061526, "delta": 0.713998}}
{"target": 0.8392191196980696, "params": {"eta": 0.3492902976193851, "max_depth": 35.54634199197862, "n_estimators": 38.07046613714009}, "datetime": {"datetime": "2021-09-17 19:45:32", "elapsed": 79.195078, "delta": 1.133552}}
{"target": 0.841534884082093, "params": {"eta": 0.2404419109223716, "max_depth": 12.652401176048892, "n_estimators": 38.75896835615128}, "datetime": {"datetime": "2021-09-17 19:45:33", "elapsed": 80.065079, "delta": 0.870001}}
{"target": 0.8552674414782815, "params": {"eta": 0.12127732526634015, "max_depth": 15.730188836607743, "n_estimators": 34.19259828025611}, "datetime": {"datetime": "2021-09-17 19:45:34", "elapsed": 80.959993, "delta": 0.894914}}
{"target": 0.7583294609071483, "params": {"eta": 0.8, "max_depth": 25.443482072809868, "n_estimators": 39.935203461626294}, "datetime": {"datetime": "2021-09-17 19:45:34", "elapsed": 81.807634, "delta": 0.847641}}
{"target": 0.7600972297658025, "params": {"eta": 0.7940274263281204, "max_depth": 32.61082559601354, "n_estimators": 35.238374850355726}, "datetime": {"datetime": "2021-09-17 19:45:35", "elapsed": 82.707638, "delta": 0.900004}}
{"target": 0.8400241390010745, "params": {"eta": 0.1, "max_depth": 4.0, "n_estimators": 34.71501090723348}, "datetime": {"datetime": "2021-09-17 19:45:36", "elapsed": 83.578633, "delta": 0.870995}}
{"target": 0.76151201879679, "params": {"eta": 0.8, "max_depth": 11.64349532136967, "n_estimators": 50.0}, "datetime": {"datetime": "2021-09-17 19:45:37", "elapsed": 84.373692, "delta": 0.795059}}
{"target": 0.8465557150038372, "params": {"eta": 0.37147028786764313, "max_depth": 12.998661827385277, "n_estimators": 45.87150395086015}, "datetime": {"datetime": "2021-09-17 19:45:38", "elapsed": 85.393039, "delta": 1.019347}}
{"target": 0.7578366658058762, "params": {"eta": 0.8, "max_depth": 28.5686235981432, "n_estimators": 47.580997586302246}, "datetime": {"datetime": "2021-09-17 19:45:39", "elapsed": 86.21366, "delta": 0.820621}}
{"target": 0.7457652533710925, "params": {"eta": 0.8, "max_depth": 13.92450608742162, "n_estimators": 31.73423498293036}, "datetime": {"datetime": "2021-09-17 19:45:40", "elapsed": 87.073238, "delta": 0.859578}}
{"target": 0.7758265002058954, "params": {"eta": 0.6185002801263586, "max_depth": 6.454259444209734, "n_estimators": 44.41785024450848}, "datetime": {"datetime": "2021-09-17 19:45:41", "elapsed": 88.044349, "delta": 0.971111}}
{"target": 0.7950496408422142, "params": {"eta": 0.7254029422272656, "max_depth": 42.37939967856146, "n_estimators": 39.116915797544976}, "datetime": {"datetime": "2021-09-17 19:45:42", "elapsed": 89.032355, "delta": 0.988006}}
{"target": 0.8366673922861833, "params": {"eta": 0.4938364560084345, "max_depth": 4.209761169876165, "n_estimators": 47.51656688234116}, "datetime": {"datetime": "2021-09-17 19:45:43", "elapsed": 89.882521, "delta": 0.850166}}
{"target": 0.8637987327398561, "params": {"eta": 0.15889344810867564, "max_depth": 18.888983091879304, "n_estimators": 32.70713894504941}, "datetime": {"datetime": "2021-09-17 19:45:43", "elapsed": 90.801524, "delta": 0.919003}}
{"target": 0.8314859411879187, "params": {"eta": 0.1, "max_depth": 21.171043739316495, "n_estimators": 33.502266475583625}, "datetime": {"datetime": "2021-09-17 19:45:44", "elapsed": 91.660513, "delta": 0.858989}}
{"target": 0.8176133575155468, "params": {"eta": 0.5670050778105943, "max_depth": 29.523456718574558, "n_estimators": 24.529669895410187}, "datetime": {"datetime": "2021-09-17 19:45:45", "elapsed": 92.554507, "delta": 0.893994}}
{"target": 0.8221050449166749, "params": {"eta": 0.2650151692047902, "max_depth": 15.298627506830838, "n_estimators": 10.30579185463037}, "datetime": {"datetime": "2021-09-17 19:45:46", "elapsed": 93.365284, "delta": 0.810777}}
{"target": 0.8525392401697481, "params": {"eta": 0.21504461593064383, "max_depth": 45.714071312693875, "n_estimators": 46.054445224323494}, "datetime": {"datetime": "2021-09-17 19:45:47", "elapsed": 94.471289, "delta": 1.106005}}
{"target": 0.7635585241362317, "params": {"eta": 0.6985443745507528, "max_depth": 6.264435630922473, "n_estimators": 29.212333857334}, "datetime": {"datetime": "2021-09-17 19:45:48", "elapsed": 95.40594, "delta": 0.934651}}
{"target": 0.8498391744890383, "params": {"eta": 0.19868674534121666, "max_depth": 10.445894926917326, "n_estimators": 27.079958162884907}, "datetime": {"datetime": "2021-09-17 19:45:49", "elapsed": 96.364575, "delta": 0.958635}}
{"target": 0.8251948990390461, "params": {"eta": 0.5567304693133611, "max_depth": 8.575260139013071, "n_estimators": 25.5135013124619}, "datetime": {"datetime": "2021-09-17 19:45:50", "elapsed": 97.190005, "delta": 0.82543}}
{"target": 0.8250462485531529, "params": {"eta": 0.5195508407994693, "max_depth": 12.65263492410468, "n_estimators": 27.808957196115525}, "datetime": {"datetime": "2021-09-17 19:45:51", "elapsed": 98.137006, "delta": 0.947001}}
{"target": 0.8617379376278176, "params": {"eta": 0.15240387921612986, "max_depth": 28.88959095529681, "n_estimators": 38.397156816071615}, "datetime": {"datetime": "2021-09-17 19:45:52", "elapsed": 99.230007, "delta": 1.093001}}
{"target": 0.8427563432982127, "params": {"eta": 0.1, "max_depth": 15.42912488452046, "n_estimators": 46.519876540133886}, "datetime": {"datetime": "2021-09-17 19:45:53", "elapsed": 100.279003, "delta": 1.048996}}
{"target": 0.8422897348351446, "params": {"eta": 0.1, "max_depth": 18.287947905391583, "n_estimators": 45.898516461544}, "datetime": {"datetime": "2021-09-17 19:45:54", "elapsed": 101.280971, "delta": 1.001968}}
{"target": 0.8410636375346305, "params": {"eta": 0.22839237529833095, "max_depth": 19.668807959530263, "n_estimators": 48.37127227253289}, "datetime": {"datetime": "2021-09-17 19:45:55", "elapsed": 102.51097, "delta": 1.229999}}
{"target": 0.8610459886780268, "params": {"eta": 0.3804332840865573, "max_depth": 21.68076402707375, "n_estimators": 49.71594100366812}, "datetime": {"datetime": "2021-09-17 19:45:56", "elapsed": 103.600237, "delta": 1.089267}}
{"target": 0.8390938623857106, "params": {"eta": 0.2559032284189672, "max_depth": 23.00784303212085, "n_estimators": 48.10879645206017}, "datetime": {"datetime": "2021-09-17 19:45:58", "elapsed": 104.891239, "delta": 1.291002}}
{"target": 0.779513963542122, "params": {"eta": 0.8, "max_depth": 6.249132919371543, "n_estimators": 31.903144049794566}, "datetime": {"datetime": "2021-09-17 19:45:58", "elapsed": 105.685597, "delta": 0.794358}}
{"target": 0.858819790775771, "params": {"eta": 0.14068844173038275, "max_depth": 20.678403158367228, "n_estimators": 46.15483331177082}, "datetime": {"datetime": "2021-09-17 19:46:00", "elapsed": 106.993813, "delta": 1.308216}}
{"target": 0.8447805143550456, "params": {"eta": 0.23273479488577564, "max_depth": 19.776757009458485, "n_estimators": 43.57694983321197}, "datetime": {"datetime": "2021-09-17 19:46:01", "elapsed": 108.314324, "delta": 1.320511}}
{"target": 0.8455365530987732, "params": {"eta": 0.2271717332657505, "max_depth": 20.712531717031432, "n_estimators": 41.00556240090248}, "datetime": {"datetime": "2021-09-17 19:46:02", "elapsed": 109.342027, "delta": 1.027703}}
{"target": 0.8352540446633775, "params": {"eta": 0.2862897757415459, "max_depth": 18.176178210124316, "n_estimators": 41.48547028993355}, "datetime": {"datetime": "2021-09-17 19:46:03", "elapsed": 110.543025, "delta": 1.200998}}
{"target": 0.848220364532488, "params": {"eta": 0.24356992979944572, "max_depth": 38.169757700507354, "n_estimators": 37.81344302109906}, "datetime": {"datetime": "2021-09-17 19:46:04", "elapsed": 111.712942, "delta": 1.169917}}
{"target": 0.8094523648452151, "params": {"eta": 0.6786547745918743, "max_depth": 4.047793315809523, "n_estimators": 43.21668428470142}, "datetime": {"datetime": "2021-09-17 19:46:05", "elapsed": 112.516938, "delta": 0.803996}}
{"target": 0.8421382561559962, "params": {"eta": 0.1, "max_depth": 48.04397625715962, "n_estimators": 45.57564563106058}, "datetime": {"datetime": "2021-09-17 19:46:06", "elapsed": 113.637488, "delta": 1.12055}}
{"target": 0.7320224352613407, "params": {"eta": 0.1, "max_depth": 13.864915579403075, "n_estimators": 21.88480326557852}, "datetime": {"datetime": "2021-09-17 19:46:07", "elapsed": 114.374485, "delta": 0.736997}}
{"target": 0.8399043565042652, "params": {"eta": 0.3504322396507671, "max_depth": 29.22602524308949, "n_estimators": 44.27329142127066}, "datetime": {"datetime": "2021-09-17 19:46:08", "elapsed": 115.523159, "delta": 1.148674}}
{"target": 0.8507995099957758, "params": {"eta": 0.14554553806027126, "max_depth": 30.651528046231547, "n_estimators": 41.10954397713644}, "datetime": {"datetime": "2021-09-17 19:46:09", "elapsed": 116.555557, "delta": 1.032398}}
{"target": 0.8642890221892096, "params": {"eta": 0.19321833860248966, "max_depth": 45.97472695122935, "n_estimators": 43.81293739944906}, "datetime": {"datetime": "2021-09-17 19:46:10", "elapsed": 117.686217, "delta": 1.13066}}
{"target": 0.8180411651187204, "params": {"eta": 0.5137248971222456, "max_depth": 17.49946184883702, "n_estimators": 33.51727543540814}, "datetime": {"datetime": "2021-09-17 19:46:11", "elapsed": 118.590219, "delta": 0.904002}}
{"target": 0.7708763807109587, "params": {"eta": 0.7727569443407093, "max_depth": 9.680933896639322, "n_estimators": 40.57855412510067}, "datetime": {"datetime": "2021-09-17 19:46:12", "elapsed": 119.598272, "delta": 1.008053}}
{"target": 0.8780952644777621, "params": {"eta": 0.20503071974037393, "max_depth": 44.23365229048194, "n_estimators": 44.38400192130764}, "datetime": {"datetime": "2021-09-17 19:46:13", "elapsed": 120.781274, "delta": 1.183002}}
{"target": 0.8326928189033471, "params": {"eta": 0.10792563002885977, "max_depth": 20.319669118944315, "n_estimators": 26.324113469523645}, "datetime": {"datetime": "2021-09-17 19:46:14", "elapsed": 121.698418, "delta": 0.917144}}
{"target": 0.8684213767471713, "params": {"eta": 0.2630622032318708, "max_depth": 17.601154065051304, "n_estimators": 43.92263539779103}, "datetime": {"datetime": "2021-09-17 19:46:16", "elapsed": 122.951416, "delta": 1.252998}}
{"target": 0.7566247345623489, "params": {"eta": 0.8, "max_depth": 20.279004716994258, "n_estimators": 31.5380758807795}, "datetime": {"datetime": "2021-09-17 19:46:17", "elapsed": 123.957416, "delta": 1.006}}
{"target": 0.8501681751491805, "params": {"eta": 0.16150567578780115, "max_depth": 9.375329403754058, "n_estimators": 37.13076029999648}, "datetime": {"datetime": "2021-09-17 19:46:18", "elapsed": 125.00242, "delta": 1.045004}}
{"target": 0.8477104075018351, "params": {"eta": 0.2775508909241843, "max_depth": 33.89307356228049, "n_estimators": 47.4016097853713}, "datetime": {"datetime": "2021-09-17 19:46:19", "elapsed": 126.138659, "delta": 1.136239}}
{"target": 0.8466836993514738, "params": {"eta": 0.18458566413834743, "max_depth": 49.54855235544005, "n_estimators": 19.933878755778164}, "datetime": {"datetime": "2021-09-17 19:46:20", "elapsed": 127.104662, "delta": 0.966003}}
{"target": 0.7548123754501271, "params": {"eta": 0.7723535428918701, "max_depth": 50.0, "n_estimators": 22.293958741453213}, "datetime": {"datetime": "2021-09-17 19:46:21", "elapsed": 128.00691, "delta": 0.902248}}
{"target": 0.6144795752030277, "params": {"eta": 0.1, "max_depth": 49.118572966793465, "n_estimators": 17.64425968670958}, "datetime": {"datetime": "2021-09-17 19:46:22", "elapsed": 128.954905, "delta": 0.947995}}
{"target": 0.8596304179727292, "params": {"eta": 0.23653889275993545, "max_depth": 4.033382487347076, "n_estimators": 38.99392202150969}, "datetime": {"datetime": "2021-09-17 19:46:22", "elapsed": 129.759195, "delta": 0.80429}}
{"target": 0.7839610611377044, "params": {"eta": 0.6807252885625228, "max_depth": 5.419597797393648, "n_estimators": 40.469768334248}, "datetime": {"datetime": "2021-09-17 19:46:23", "elapsed": 130.688193, "delta": 0.928998}}
{"target": 0.7701815402768166, "params": {"eta": 0.7181717642745185, "max_depth": 7.596788696603264, "n_estimators": 42.13338729876389}, "datetime": {"datetime": "2021-09-17 19:46:25", "elapsed": 131.883236, "delta": 1.195043}}
{"target": 0.8166525696593464, "params": {"eta": 0.5276928991354972, "max_depth": 9.673585562631857, "n_estimators": 43.06760794088871}, "datetime": {"datetime": "2021-09-17 19:46:26", "elapsed": 133.123232, "delta": 1.239996}}
{"target": 0.8381512509867179, "params": {"eta": 0.4525010584850304, "max_depth": 21.7990536585741, "n_estimators": 24.700867612112802}, "datetime": {"datetime": "2021-09-17 19:46:27", "elapsed": 134.064978, "delta": 0.941746}}
{"target": 0.7579897908028954, "params": {"eta": 0.8, "max_depth": 21.288509678478572, "n_estimators": 47.78183453914881}, "datetime": {"datetime": "2021-09-17 19:46:28", "elapsed": 135.019978, "delta": 0.955}}
{"target": 0.7345032168855541, "params": {"eta": 0.8, "max_depth": 7.363280892194546, "n_estimators": 50.0}, "datetime": {"datetime": "2021-09-17 19:46:29", "elapsed": 135.935195, "delta": 0.915217}}
{"target": 0.766939383159641, "params": {"eta": 0.7411088891207308, "max_depth": 42.15816981916222, "n_estimators": 36.48954686852586}, "datetime": {"datetime": "2021-09-17 19:46:30", "elapsed": 137.1382, "delta": 1.203005}}
{"target": 0.8388827174175965, "params": {"eta": 0.1, "max_depth": 8.245766914439484, "n_estimators": 34.771021093138536}, "datetime": {"datetime": "2021-09-17 19:46:31", "elapsed": 138.094413, "delta": 0.956213}}
{"target": 0.7504972858145058, "params": {"eta": 0.7876438760378871, "max_depth": 32.19736364592508, "n_estimators": 38.83994447562631}, "datetime": {"datetime": "2021-09-17 19:46:32", "elapsed": 139.249413, "delta": 1.155}}
{"target": 0.7578371829266748, "params": {"eta": 0.8, "max_depth": 29.60390960394997, "n_estimators": 39.71143187013556}, "datetime": {"datetime": "2021-09-17 19:46:33", "elapsed": 140.279891, "delta": 1.030478}}
{"target": 0.7712250408202368, "params": {"eta": 0.7344474129910785, "max_depth": 30.63495964933971, "n_estimators": 45.346483814866886}, "datetime": {"datetime": "2021-09-17 19:46:34", "elapsed": 141.505683, "delta": 1.225792}}
{"target": 0.8421382561559962, "params": {"eta": 0.1, "max_depth": 27.81204498136899, "n_estimators": 45.49226180284695}, "datetime": {"datetime": "2021-09-17 19:46:35", "elapsed": 142.517688, "delta": 1.012005}}
{"target": 0.7386834966904137, "params": {"eta": 0.7551573808113917, "max_depth": 45.4129913489899, "n_estimators": 44.792478252041924}, "datetime": {"datetime": "2021-09-17 19:46:36", "elapsed": 143.625429, "delta": 1.107741}}
{"target": 0.8714699723842299, "params": {"eta": 0.19767294417224013, "max_depth": 44.67442913948274, "n_estimators": 43.259718055816144}, "datetime": {"datetime": "2021-09-17 19:46:38", "elapsed": 145.118427, "delta": 1.492998}}
{"target": 0.8491782386512107, "params": {"eta": 0.4467731624497825, "max_depth": 45.948819781156914, "n_estimators": 42.53499582513364}, "datetime": {"datetime": "2021-09-17 19:46:39", "elapsed": 146.272356, "delta": 1.153929}}
