{"target": 0.8264294098267218, "params": {"eta": 0.4897743186603838, "max_depth": 7.2351004320543, "n_estimators": 11.144539504209035}, "datetime": {"datetime": "2021-09-17 17:42:11", "elapsed": 180.629113, "delta": 1.063813}}
{"target": 0.8306431275934956, "params": {"eta": 0.3330240650340199, "max_depth": 6.9549681003569965, "n_estimators": 11.270405243024463}, "datetime": {"datetime": "2021-09-17 17:42:13", "elapsed": 181.681112, "delta": 1.051999}}
{"target": 0.8220967537677384, "params": {"eta": 0.4856533873112457, "max_depth": 11.973229702642332, "n_estimators": 8.998661884574203}, "datetime": {"datetime": "2021-09-17 17:42:14", "elapsed": 182.655413, "delta": 0.974301}}
{"target": 0.854734188629207, "params": {"eta": 0.4473099247694764, "max_depth": 7.660510479907611, "n_estimators": 9.225896971734048}, "datetime": {"datetime": "2021-09-17 17:42:15", "elapsed": 184.423412, "delta": 1.767999}}
{"target": 0.8563694461938353, "params": {"eta": 0.4267443187287028, "max_depth": 7.861707807184468, "n_estimators": 11.708898237802021}, "datetime": {"datetime": "2021-09-17 17:42:17", "elapsed": 186.140176, "delta": 1.716764}}
{"target": 0.8543979345768593, "params": {"eta": 0.4339900150968974, "max_depth": 4.981057109653772, "n_estimators": 11.402700534661644}, "datetime": {"datetime": "2021-09-17 17:42:18", "elapsed": 187.14537, "delta": 1.005194}}
{"target": 0.8454532804950173, "params": {"eta": 0.3448963557616828, "max_depth": 4.2816290033004325, "n_estimators": 11.25392552766727}, "datetime": {"datetime": "2021-09-17 17:42:19", "elapsed": 188.129013, "delta": 0.983643}}
{"target": 0.8243624154373682, "params": {"eta": 0.48621201596292724, "max_depth": 11.468068779655777, "n_estimators": 8.578859400351076}, "datetime": {"datetime": "2021-09-17 17:42:20", "elapsed": 189.150181, "delta": 1.021168}}
{"target": 0.8142148108856158, "params": {"eta": 0.3599640954408234, "max_depth": 5.557026966687554, "n_estimators": 7.511343275734124}, "datetime": {"datetime": "2021-09-17 17:42:21", "elapsed": 190.146183, "delta": 0.996002}}
{"target": 0.8498230656601373, "params": {"eta": 0.365933149760364, "max_depth": 4.8613615655311095, "n_estimators": 10.444215858131523}, "datetime": {"datetime": "2021-09-17 17:42:22", "elapsed": 191.193055, "delta": 1.046872}}
{"target": 0.8538179322083659, "params": {"eta": 0.341702355390117, "max_depth": 11.411901623248912, "n_estimators": 10.669109312542785}, "datetime": {"datetime": "2021-09-17 17:42:23", "elapsed": 192.25625, "delta": 1.063195}}
{"target": 0.8121710283797626, "params": {"eta": 0.3742898357939083, "max_depth": 8.253949425440517, "n_estimators": 7.565923539602317}, "datetime": {"datetime": "2021-09-17 17:42:24", "elapsed": 193.288877, "delta": 1.032627}}
{"target": 0.8200114586851017, "params": {"eta": 0.4464199599253472, "max_depth": 6.718016314471862, "n_estimators": 7.0351231389942726}, "datetime": {"datetime": "2021-09-17 17:42:25", "elapsed": 194.302092, "delta": 1.013215}}
{"target": 0.839848288068955, "params": {"eta": 0.47050715283495664, "max_depth": 11.867725008044038, "n_estimators": 8.691687855634179}, "datetime": {"datetime": "2021-09-17 17:42:26", "elapsed": 195.41201, "delta": 1.109918}}
{"target": 0.839505435702702, "params": {"eta": 0.3953616131428531, "max_depth": 8.663582842837684, "n_estimators": 7.9634757201055155}, "datetime": {"datetime": "2021-09-17 17:42:27", "elapsed": 196.541466, "delta": 1.129456}}
{"target": 0.859669597158085, "params": {"eta": 0.3451734921939922, "max_depth": 7.542472764084749, "n_estimators": 10.682394860849332}, "datetime": {"datetime": "2021-09-17 17:42:29", "elapsed": 198.452247, "delta": 1.910781}}
{"target": 0.8685126467848272, "params": {"eta": 0.43880871059093296, "max_depth": 11.313256293480645, "n_estimators": 11.352926214171124}, "datetime": {"datetime": "2021-09-17 17:42:30", "elapsed": 199.565252, "delta": 1.113005}}
{"target": 0.8602634077550406, "params": {"eta": 0.4453413221192154, "max_depth": 4.361706968784099, "n_estimators": 8.233625732419476}, "datetime": {"datetime": "2021-09-17 17:42:33", "elapsed": 201.671469, "delta": 2.106217}}
{"target": 0.834707577022468, "params": {"eta": 0.4562804154851786, "max_depth": 7.230023721698294, "n_estimators": 8.120941381473974}, "datetime": {"datetime": "2021-09-17 17:42:34", "elapsed": 203.477243, "delta": 1.805774}}
{"target": 0.8420153624414244, "params": {"eta": 0.44937826404807457, "max_depth": 10.235147300112995, "n_estimators": 8.456992180694634}, "datetime": {"datetime": "2021-09-17 17:42:36", "elapsed": 204.633562, "delta": 1.156319}}
{"target": 0.8325282439024557, "params": {"eta": 0.4384922131066422, "max_depth": 5.0136914398809385, "n_estimators": 7.952139365532386}, "datetime": {"datetime": "2021-09-17 17:42:37", "elapsed": 205.694463, "delta": 1.060901}}
{"target": 0.8663985269269986, "params": {"eta": 0.4345484750651065, "max_depth": 11.0087505443013, "n_estimators": 11.913127340412712}, "datetime": {"datetime": "2021-09-17 17:42:39", "elapsed": 208.000478, "delta": 2.306015}}
{"target": 0.8044575004450414, "params": {"eta": 0.47683477059629414, "max_depth": 9.686642197303776, "n_estimators": 7.480955165065375}, "datetime": {"datetime": "2021-09-17 17:42:40", "elapsed": 209.175359, "delta": 1.174881}}
{"target": 0.8266649040704063, "params": {"eta": 0.42402766566928907, "max_depth": 11.311981599626627, "n_estimators": 11.33692571081852}, "datetime": {"datetime": "2021-09-17 17:42:42", "elapsed": 210.987744, "delta": 1.812385}}
{"target": 0.8095302622243483, "params": {"eta": 0.4887548684610579, "max_depth": 10.630899414518947, "n_estimators": 7.672251400588696}, "datetime": {"datetime": "2021-09-17 17:42:43", "elapsed": 212.07474, "delta": 1.086996}}
{"target": 0.8484272308655989, "params": {"eta": 0.4271345678635183, "max_depth": 11.034503324356226, "n_estimators": 11.90860144773368}, "datetime": {"datetime": "2021-09-17 17:42:45", "elapsed": 214.393806, "delta": 2.319066}}
{"target": 0.8367422611180524, "params": {"eta": 0.451045615463264, "max_depth": 7.912156045294984, "n_estimators": 8.29008201055689}, "datetime": {"datetime": "2021-09-17 17:42:46", "elapsed": 215.517112, "delta": 1.123306}}
{"target": 0.8406671243354005, "params": {"eta": 0.4845072931024956, "max_depth": 4.378410987777412, "n_estimators": 11.086317911334762}, "datetime": {"datetime": "2021-09-17 17:42:48", "elapsed": 216.660367, "delta": 1.143255}}
{"target": 0.8035437478787208, "params": {"eta": 0.48716752361315135, "max_depth": 11.096066007173082, "n_estimators": 7.98899487592737}, "datetime": {"datetime": "2021-09-17 17:42:49", "elapsed": 217.779965, "delta": 1.119598}}
{"target": 0.8289340704039778, "params": {"eta": 0.30003293847932333, "max_depth": 11.404352967079307, "n_estimators": 11.890354047451806}, "datetime": {"datetime": "2021-09-17 17:42:50", "elapsed": 218.930362, "delta": 1.150397}}
{"target": 0.8545501688929931, "params": {"eta": 0.45252617296539144, "max_depth": 6.695508188825361, "n_estimators": 11.658466054736333}, "datetime": {"datetime": "2021-09-17 17:42:52", "elapsed": 220.805465, "delta": 1.875103}}
{"target": 0.8230659442845079, "params": {"eta": 0.3230761402015195, "max_depth": 4.793784239794051, "n_estimators": 10.772360695111098}, "datetime": {"datetime": "2021-09-17 17:42:53", "elapsed": 221.916466, "delta": 1.111001}}
{"target": 0.8546569859673527, "params": {"eta": 0.3773978833800491, "max_depth": 11.863224511671737, "n_estimators": 9.56790700627391}, "datetime": {"datetime": "2021-09-17 17:42:55", "elapsed": 224.352732, "delta": 2.436266}}
{"target": 0.8405373110559559, "params": {"eta": 0.4282126378902631, "max_depth": 7.410454657336204, "n_estimators": 10.83296915670311}, "datetime": {"datetime": "2021-09-17 17:42:57", "elapsed": 226.584583, "delta": 2.231851}}
{"target": 0.8527500082883329, "params": {"eta": 0.4349754568359022, "max_depth": 6.622834482305834, "n_estimators": 11.60816372935685}, "datetime": {"datetime": "2021-09-17 17:43:00", "elapsed": 229.164733, "delta": 2.58015}}
{"target": 0.8594040812047115, "params": {"eta": 0.4394161359989914, "max_depth": 4.848304583004287, "n_estimators": 11.395146614255864}, "datetime": {"datetime": "2021-09-17 17:43:01", "elapsed": 230.400519, "delta": 1.235786}}
{"target": 0.836676084926203, "params": {"eta": 0.45075944426080833, "max_depth": 7.426670764857904, "n_estimators": 10.863496314107682}, "datetime": {"datetime": "2021-09-17 17:43:03", "elapsed": 232.542719, "delta": 2.1422}}
{"target": 0.8443911569717709, "params": {"eta": 0.354176249744401, "max_depth": 4.18545411713066, "n_estimators": 11.437078822545198}, "datetime": {"datetime": "2021-09-17 17:43:05", "elapsed": 233.783357, "delta": 1.240638}}
{"target": 0.8524813303266386, "params": {"eta": 0.36305329796557184, "max_depth": 4.442047253171248, "n_estimators": 11.897755507711205}, "datetime": {"datetime": "2021-09-17 17:43:06", "elapsed": 234.973113, "delta": 1.189756}}
{"target": 0.8549588176487527, "params": {"eta": 0.3484882936040756, "max_depth": 7.7577454654310065, "n_estimators": 11.153976101887064}, "datetime": {"datetime": "2021-09-17 17:43:08", "elapsed": 237.082875, "delta": 2.109762}}
{"target": 0.8573174041302014, "params": {"eta": 0.38391103054629677, "max_depth": 8.226191043984661, "n_estimators": 10.241273347088587}, "datetime": {"datetime": "2021-09-17 17:43:09", "elapsed": 238.348908, "delta": 1.266033}}
{"target": 0.8337716098639446, "params": {"eta": 0.32792384333014535, "max_depth": 7.547906882804468, "n_estimators": 10.676335863963715}, "datetime": {"datetime": "2021-09-17 17:43:11", "elapsed": 240.475776, "delta": 2.126868}}
{"target": 0.8416197095339408, "params": {"eta": 0.44993476549305667, "max_depth": 7.693609954465002, "n_estimators": 9.16304190218111}, "datetime": {"datetime": "2021-09-17 17:43:13", "elapsed": 242.605563, "delta": 2.129787}}
{"target": 0.8115474191085578, "params": {"eta": 0.47918248647847494, "max_depth": 11.351554295833175, "n_estimators": 10.962920421451544}, "datetime": {"datetime": "2021-09-17 17:43:15", "elapsed": 243.829684, "delta": 1.224121}}
{"target": 0.8621356270930068, "params": {"eta": 0.3786309005232045, "max_depth": 8.243866057634161, "n_estimators": 10.256057499523543}, "datetime": {"datetime": "2021-09-17 17:43:17", "elapsed": 246.312037, "delta": 2.482353}}
{"target": 0.838083483263367, "params": {"eta": 0.42839851022390396, "max_depth": 10.959184996403486, "n_estimators": 11.891999647429781}, "datetime": {"datetime": "2021-09-17 17:43:20", "elapsed": 248.825728, "delta": 2.513691}}
{"target": 0.8250028468440505, "params": {"eta": 0.4536841286111417, "max_depth": 10.819024035962032, "n_estimators": 7.060273410327573}, "datetime": {"datetime": "2021-09-17 17:43:23", "elapsed": 252.262662, "delta": 3.436934}}
{"target": 0.854365529953861, "params": {"eta": 0.45077999266075636, "max_depth": 6.623486563864297, "n_estimators": 11.624210377753732}, "datetime": {"datetime": "2021-09-17 17:43:25", "elapsed": 254.593247, "delta": 2.330585}}
{"target": 0.8489193245102896, "params": {"eta": 0.36449951776840595, "max_depth": 7.795737115780434, "n_estimators": 11.178753112932}, "datetime": {"datetime": "2021-09-17 17:43:28", "elapsed": 256.963664, "delta": 2.370417}}
{"target": 0.8461852748601378, "params": {"eta": 0.4455424516082439, "max_depth": 11.327085051345172, "n_estimators": 11.373250158753557}, "datetime": {"datetime": "2021-09-17 17:43:30", "elapsed": 259.15529, "delta": 2.191626}}
{"target": 0.836723266684459, "params": {"eta": 0.41464093237653327, "max_depth": 7.835080659425695, "n_estimators": 11.71678176248788}, "datetime": {"datetime": "2021-09-17 17:43:32", "elapsed": 261.391058, "delta": 2.235768}}
{"target": 0.8396354733529469, "params": {"eta": 0.461274363241042, "max_depth": 4.370493847946893, "n_estimators": 8.234187584271558}, "datetime": {"datetime": "2021-09-17 17:43:35", "elapsed": 263.994507, "delta": 2.603449}}
{"target": 0.8461477424935044, "params": {"eta": 0.3347405913780992, "max_depth": 9.405646286694182, "n_estimators": 10.03632124233246}, "datetime": {"datetime": "2021-09-17 17:43:38", "elapsed": 266.766789, "delta": 2.772282}}
{"target": 0.8543531469772881, "params": {"eta": 0.4509678061979088, "max_depth": 6.66023074281541, "n_estimators": 11.633339792573649}, "datetime": {"datetime": "2021-09-17 17:43:40", "elapsed": 269.518428, "delta": 2.751639}}
{"target": 0.8273134066550264, "params": {"eta": 0.4808653324671239, "max_depth": 9.010603220332655, "n_estimators": 9.589335553897165}, "datetime": {"datetime": "2021-09-17 17:43:42", "elapsed": 270.851023, "delta": 1.332595}}
{"target": 0.861402411666838, "params": {"eta": 0.3901057382251487, "max_depth": 11.699772216358785, "n_estimators": 9.812552787178506}, "datetime": {"datetime": "2021-09-17 17:43:43", "elapsed": 272.209905, "delta": 1.358882}}
{"target": 0.8294925135879487, "params": {"eta": 0.4177507881915572, "max_depth": 7.951359206199527, "n_estimators": 7.95904298554467}, "datetime": {"datetime": "2021-09-17 17:43:44", "elapsed": 273.48942, "delta": 1.279515}}
{"target": 0.8470552359933321, "params": {"eta": 0.33588635638294634, "max_depth": 7.874561469658932, "n_estimators": 11.173907589496604}, "datetime": {"datetime": "2021-09-17 17:43:46", "elapsed": 274.783421, "delta": 1.294001}}
{"target": 0.8449589428169263, "params": {"eta": 0.3653423556175326, "max_depth": 8.222493915048544, "n_estimators": 10.240971832559818}, "datetime": {"datetime": "2021-09-17 17:43:48", "elapsed": 277.570086, "delta": 2.786665}}
{"target": 0.8452671425866582, "params": {"eta": 0.4461540803583711, "max_depth": 11.019690632857806, "n_estimators": 11.90934449639474}, "datetime": {"datetime": "2021-09-17 17:43:51", "elapsed": 280.258158, "delta": 2.688072}}
{"target": 0.8309448608193537, "params": {"eta": 0.4161705514281209, "max_depth": 5.805537082212199, "n_estimators": 10.261834062183059}, "datetime": {"datetime": "2021-09-17 17:43:52", "elapsed": 281.459093, "delta": 1.200935}}
{"target": 0.848949139313272, "params": {"eta": 0.45175560498837064, "max_depth": 11.298399019342416, "n_estimators": 11.333083102883458}, "datetime": {"datetime": "2021-09-17 17:43:55", "elapsed": 283.869695, "delta": 2.410602}}
{"target": 0.8226373748799528, "params": {"eta": 0.3544451039835675, "max_depth": 4.257159451463775, "n_estimators": 7.860231166458697}, "datetime": {"datetime": "2021-09-17 17:43:56", "elapsed": 285.205901, "delta": 1.336206}}
{"target": 0.8466509617595286, "params": {"eta": 0.44832066845509744, "max_depth": 7.225339092338438, "n_estimators": 11.915571318107842}, "datetime": {"datetime": "2021-09-17 17:43:59", "elapsed": 287.665389, "delta": 2.459488}}
{"target": 0.8487467888240738, "params": {"eta": 0.45680733463915313, "max_depth": 6.657984972203131, "n_estimators": 11.608408889062671}, "datetime": {"datetime": "2021-09-17 17:44:01", "elapsed": 290.067794, "delta": 2.402405}}
{"target": 0.8088089882487086, "params": {"eta": 0.49672439566747645, "max_depth": 8.973772624501876, "n_estimators": 8.869928214374418}, "datetime": {"datetime": "2021-09-17 17:44:02", "elapsed": 291.325628, "delta": 1.257834}}
{"target": 0.8476276381753227, "params": {"eta": 0.4302821999098305, "max_depth": 10.986705712961651, "n_estimators": 11.926309738211344}, "datetime": {"datetime": "2021-09-17 17:44:05", "elapsed": 293.869149, "delta": 2.543521}}
{"target": 0.8615603183991098, "params": {"eta": 0.43799476429881623, "max_depth": 7.567149799316034, "n_estimators": 7.174253367620782}, "datetime": {"datetime": "2021-09-17 17:44:06", "elapsed": 295.177145, "delta": 1.307996}}
{"target": 0.8561659800424936, "params": {"eta": 0.3760933425513718, "max_depth": 11.301966084549221, "n_estimators": 9.090935544005031}, "datetime": {"datetime": "2021-09-17 17:44:09", "elapsed": 297.660187, "delta": 2.483042}}
{"target": 0.8194634934812401, "params": {"eta": 0.4583406810866618, "max_depth": 7.270798513899415, "n_estimators": 11.908008166301782}, "datetime": {"datetime": "2021-09-17 17:44:11", "elapsed": 300.365288, "delta": 2.705101}}
{"target": 0.8316284794449322, "params": {"eta": 0.3760698274516706, "max_depth": 5.943473394311528, "n_estimators": 7.100361084843876}, "datetime": {"datetime": "2021-09-17 17:44:13", "elapsed": 301.821694, "delta": 1.456406}}
{"target": 0.8518377305514881, "params": {"eta": 0.36050268430355253, "max_depth": 7.525494654221298, "n_estimators": 10.664638430697492}, "datetime": {"datetime": "2021-09-17 17:44:17", "elapsed": 305.657717, "delta": 3.836023}}
{"target": 0.8354019135927748, "params": {"eta": 0.4497497719191209, "max_depth": 8.209104233473386, "n_estimators": 11.537730274340108}, "datetime": {"datetime": "2021-09-17 17:44:18", "elapsed": 307.211516, "delta": 1.553799}}
{"target": 0.853964226080274, "params": {"eta": 0.45151561673130663, "max_depth": 6.799615767140404, "n_estimators": 11.507592871516756}, "datetime": {"datetime": "2021-09-17 17:44:19", "elapsed": 308.61811, "delta": 1.406594}}
{"target": 0.8593119576652727, "params": {"eta": 0.45743661480174364, "max_depth": 9.309019168741074, "n_estimators": 7.97940599677871}, "datetime": {"datetime": "2021-09-17 17:44:21", "elapsed": 309.931627, "delta": 1.313517}}
{"target": 0.8560095477717925, "params": {"eta": 0.4344092731441802, "max_depth": 4.871857675468205, "n_estimators": 11.40875056319674}, "datetime": {"datetime": "2021-09-17 17:44:23", "elapsed": 312.549741, "delta": 2.618114}}
{"target": 0.8477052275585386, "params": {"eta": 0.43944271620494324, "max_depth": 6.641882127462897, "n_estimators": 11.631685380530595}, "datetime": {"datetime": "2021-09-17 17:44:26", "elapsed": 315.392233, "delta": 2.842492}}
{"target": 0.8403841156416587, "params": {"eta": 0.4460676788252974, "max_depth": 10.305531486863856, "n_estimators": 9.931807341693112}, "datetime": {"datetime": "2021-09-17 17:44:29", "elapsed": 317.960851, "delta": 2.568618}}
{"target": 0.8324257161318276, "params": {"eta": 0.3727591034372702, "max_depth": 11.024899591426838, "n_estimators": 11.042924837931777}, "datetime": {"datetime": "2021-09-17 17:44:30", "elapsed": 319.443671, "delta": 1.48282}}
{"target": 0.835572688054975, "params": {"eta": 0.4182058598979484, "max_depth": 7.883987470435997, "n_estimators": 11.685816584622989}, "datetime": {"datetime": "2021-09-17 17:44:34", "elapsed": 322.782447, "delta": 3.338776}}
{"target": 0.8079688979142619, "params": {"eta": 0.48964295092796783, "max_depth": 11.186244477917015, "n_estimators": 7.539748465467104}, "datetime": {"datetime": "2021-09-17 17:44:35", "elapsed": 324.159127, "delta": 1.37668}}
{"target": 0.8462094628156294, "params": {"eta": 0.42902270555343447, "max_depth": 7.289476244053392, "n_estimators": 11.951433728744895}, "datetime": {"datetime": "2021-09-17 17:44:38", "elapsed": 326.899582, "delta": 2.740455}}
{"target": 0.8237811026743749, "params": {"eta": 0.3068833542414009, "max_depth": 11.085032051334412, "n_estimators": 11.642535606048177}, "datetime": {"datetime": "2021-09-17 17:44:39", "elapsed": 328.24591, "delta": 1.346328}}
{"target": 0.8687016562123676, "params": {"eta": 0.46863703144698915, "max_depth": 5.936600784276819, "n_estimators": 10.19355953724015}, "datetime": {"datetime": "2021-09-17 17:44:42", "elapsed": 330.848636, "delta": 2.602726}}
{"target": 0.831847670020454, "params": {"eta": 0.36056183159084576, "max_depth": 11.337383977497776, "n_estimators": 9.820499455468413}, "datetime": {"datetime": "2021-09-17 17:44:43", "elapsed": 332.225488, "delta": 1.376852}}
{"target": 0.8425632652257, "params": {"eta": 0.43304369815866695, "max_depth": 6.17439447352546, "n_estimators": 7.741678581648482}, "datetime": {"datetime": "2021-09-17 17:44:44", "elapsed": 333.565282, "delta": 1.339794}}
{"target": 0.8163373293456537, "params": {"eta": 0.41613311089846805, "max_depth": 8.600961776811879, "n_estimators": 11.173959704286528}, "datetime": {"datetime": "2021-09-17 17:44:46", "elapsed": 334.964282, "delta": 1.399}}
{"target": 0.772210060449191, "params": {"eta": 0.3175379312369011, "max_depth": 5.612525241486965, "n_estimators": 7.964415351506621}, "datetime": {"datetime": "2021-09-17 17:44:47", "elapsed": 336.331583, "delta": 1.367301}}
{"target": 0.8369600086989881, "params": {"eta": 0.4478838661147938, "max_depth": 9.433880323607202, "n_estimators": 11.061749140486345}, "datetime": {"datetime": "2021-09-17 17:44:49", "elapsed": 337.781039, "delta": 1.449456}}
{"target": 0.8703418031864556, "params": {"eta": 0.4328090361904843, "max_depth": 8.762682529535514, "n_estimators": 11.205987196162592}, "datetime": {"datetime": "2021-09-17 17:44:50", "elapsed": 339.160043, "delta": 1.379004}}
{"target": 0.8079206356748829, "params": {"eta": 0.4927099665392704, "max_depth": 10.483298157133042, "n_estimators": 7.133366631514957}, "datetime": {"datetime": "2021-09-17 17:44:51", "elapsed": 340.566737, "delta": 1.406694}}
{"target": 0.8369298907733197, "params": {"eta": 0.401903033539823, "max_depth": 5.7168811055166975, "n_estimators": 10.756087440697522}, "datetime": {"datetime": "2021-09-17 17:44:53", "elapsed": 341.986982, "delta": 1.420245}}
{"target": 0.8366747160626014, "params": {"eta": 0.424675673662447, "max_depth": 4.58711917185231, "n_estimators": 9.43636888410989}, "datetime": {"datetime": "2021-09-17 17:44:54", "elapsed": 343.39895, "delta": 1.411968}}
{"target": 0.860629425739239, "params": {"eta": 0.36378824726931647, "max_depth": 11.13345916005688, "n_estimators": 11.813657830118334}, "datetime": {"datetime": "2021-09-17 17:44:57", "elapsed": 346.223202, "delta": 2.824252}}
{"target": 0.8484184639627231, "params": {"eta": 0.4378062084429435, "max_depth": 9.019397385967313, "n_estimators": 7.669658037650987}, "datetime": {"datetime": "2021-09-17 17:44:59", "elapsed": 347.662517, "delta": 1.439315}}
{"target": 0.8316148337309275, "params": {"eta": 0.4134039045948066, "max_depth": 4.891639889647957, "n_estimators": 9.64266734498723}, "datetime": {"datetime": "2021-09-17 17:45:00", "elapsed": 349.040439, "delta": 1.377922}}
