{"target": 0.8688054016903979, "params": {"eta": 0.25098395459354356, "max_depth": 8.327075016688152, "n_estimators": 46.127408321857786}, "datetime": {"datetime": "2021-09-21 12:43:50", "elapsed": 172.885032, "delta": 1.737889}}
{"target": 0.8405537741412739, "params": {"eta": 0.11974833693413012, "max_depth": 10.27986207122772, "n_estimators": 34.98838967131533}, "datetime": {"datetime": "2021-09-21 12:43:52", "elapsed": 174.655277, "delta": 1.770245}}
{"target": 0.8496209204169947, "params": {"eta": 0.17833134571166298, "max_depth": 15.335305953809648, "n_estimators": 42.46957251919676}, "datetime": {"datetime": "2021-09-21 12:43:54", "elapsed": 176.173145, "delta": 1.517868}}
{"target": 0.8544298991291424, "params": {"eta": 0.1251062607828073, "max_depth": 4.313483082861513, "n_estimators": 35.54417768397189}, "datetime": {"datetime": "2021-09-21 12:43:55", "elapsed": 177.743225, "delta": 1.57008}}
{"target": 0.8525509372606649, "params": {"eta": 0.2780985889935229, "max_depth": 8.044674229712907, "n_estimators": 58.31767681828417}, "datetime": {"datetime": "2021-09-21 12:43:57", "elapsed": 179.159495, "delta": 1.41627}}
{"target": 0.8554715780624057, "params": {"eta": 0.20398891004710656, "max_depth": 6.58926430517976, "n_estimators": 45.38671003949578}, "datetime": {"datetime": "2021-09-21 12:43:59", "elapsed": 181.080754, "delta": 1.921259}}
{"target": 0.8455514299856857, "params": {"eta": 0.26114615635677696, "max_depth": 9.626274936799847, "n_estimators": 48.32939848946699}, "datetime": {"datetime": "2021-09-21 12:44:00", "elapsed": 182.750978, "delta": 1.670224}}
{"target": 0.8159558618730118, "params": {"eta": 0.3500803345762882, "max_depth": 3.9652671476448598, "n_estimators": 59.4465419998767}, "datetime": {"datetime": "2021-09-21 12:44:02", "elapsed": 184.348768, "delta": 1.59779}}
{"target": 0.853985610397346, "params": {"eta": 0.3198906733557902, "max_depth": 16.229436156666672, "n_estimators": 57.4730846587376}, "datetime": {"datetime": "2021-09-21 12:44:04", "elapsed": 186.566344, "delta": 2.217576}}
{"target": 0.8472858170614912, "params": {"eta": 0.3165933578220419, "max_depth": 7.900185122737251, "n_estimators": 39.672949934091896}, "datetime": {"datetime": "2021-09-21 12:44:06", "elapsed": 188.019345, "delta": 1.453001}}
{"target": 0.8490641481621792, "params": {"eta": 0.2847511582352412, "max_depth": 3.1544076088910833, "n_estimators": 58.493153408063506}, "datetime": {"datetime": "2021-09-21 12:44:07", "elapsed": 189.457466, "delta": 1.438121}}
{"target": 0.8521173200878105, "params": {"eta": 0.33785873304705444, "max_depth": 14.757568766360718, "n_estimators": 54.81758781289261}, "datetime": {"datetime": "2021-09-21 12:44:09", "elapsed": 191.032286, "delta": 1.57482}}
{"target": 0.867394843650324, "params": {"eta": 0.14356662354158273, "max_depth": 16.020943519695184, "n_estimators": 42.470872222174776}, "datetime": {"datetime": "2021-09-21 12:44:10", "elapsed": 192.774535, "delta": 1.742249}}
{"target": 0.8771128180213812, "params": {"eta": 0.1959688769626439, "max_depth": 7.657813377135279, "n_estimators": 33.811349717461894}, "datetime": {"datetime": "2021-09-21 12:44:12", "elapsed": 194.906367, "delta": 2.131832}}
{"target": 0.8506908157554958, "params": {"eta": 0.3250074837491451, "max_depth": 12.578977720605435, "n_estimators": 36.0692987779036}, "datetime": {"datetime": "2021-09-21 12:44:14", "elapsed": 196.811841, "delta": 1.905474}}
{"target": 0.8702086694396232, "params": {"eta": 0.22329614425361938, "max_depth": 7.44899439621617, "n_estimators": 59.781096580728956}, "datetime": {"datetime": "2021-09-21 12:44:16", "elapsed": 198.17362, "delta": 1.361779}}
{"target": 0.8700912413799078, "params": {"eta": 0.1890947408480512, "max_depth": 4.993299774669591, "n_estimators": 56.64537401481116}, "datetime": {"datetime": "2021-09-21 12:44:18", "elapsed": 200.149045, "delta": 1.975425}}
{"target": 0.8675021874241451, "params": {"eta": 0.18881911477230218, "max_depth": 14.863373734051962, "n_estimators": 54.53893627877006}, "datetime": {"datetime": "2021-09-21 12:44:20", "elapsed": 202.123989, "delta": 1.974944}}
{"target": 0.8448999798669772, "params": {"eta": 0.27941093591963095, "max_depth": 8.896301115297419, "n_estimators": 48.97038937216073}, "datetime": {"datetime": "2021-09-21 12:44:21", "elapsed": 203.6971, "delta": 1.573111}}
{"target": 0.8676516587956276, "params": {"eta": 0.20121104424041464, "max_depth": 16.343396712315627, "n_estimators": 40.86928279170562}, "datetime": {"datetime": "2021-09-21 12:44:24", "elapsed": 206.265577, "delta": 2.568477}}
{"target": 0.8396062346114005, "params": {"eta": 0.21636193712168472, "max_depth": 19.33702844390744, "n_estimators": 49.02810234430527}, "datetime": {"datetime": "2021-09-21 12:44:26", "elapsed": 208.742524, "delta": 2.476947}}
{"target": 0.8623256144852698, "params": {"eta": 0.33711985730664706, "max_depth": 8.707229135220071, "n_estimators": 46.12415448372986}, "datetime": {"datetime": "2021-09-21 12:44:28", "elapsed": 210.741256, "delta": 1.998732}}
{"target": 0.861533603137008, "params": {"eta": 0.3366434373512298, "max_depth": 8.540842263236044, "n_estimators": 54.4055109153347}, "datetime": {"datetime": "2021-09-21 12:44:31", "elapsed": 213.024363, "delta": 2.283107}}
{"target": 0.8563905924189058, "params": {"eta": 0.34933620456217207, "max_depth": 10.652434298876972, "n_estimators": 34.62318160142408}, "datetime": {"datetime": "2021-09-21 12:44:32", "elapsed": 214.918614, "delta": 1.894251}}
{"target": 0.8558044482066882, "params": {"eta": 0.33540381134360686, "max_depth": 17.750613298260898, "n_estimators": 59.0449431806351}, "datetime": {"datetime": "2021-09-21 12:44:35", "elapsed": 217.256331, "delta": 2.337717}}
{"target": 0.8481884461102333, "params": {"eta": 0.3705417902989573, "max_depth": 3.179382310122105, "n_estimators": 41.480896417222986}, "datetime": {"datetime": "2021-09-21 12:44:36", "elapsed": 218.572761, "delta": 1.31643}}
{"target": 0.8678566768309529, "params": {"eta": 0.33894648727633103, "max_depth": 9.67975793712167, "n_estimators": 53.93035537777891}, "datetime": {"datetime": "2021-09-21 12:44:38", "elapsed": 220.638263, "delta": 2.065502}}
{"target": 0.8225409104446872, "params": {"eta": 0.2751906406401172, "max_depth": 2.08873526188134, "n_estimators": 46.592597896661175}, "datetime": {"datetime": "2021-09-21 12:44:40", "elapsed": 222.685785, "delta": 2.047522}}
{"target": 0.8626548479225443, "params": {"eta": 0.3767241895694555, "max_depth": 15.444789848115535, "n_estimators": 41.403586623913796}, "datetime": {"datetime": "2021-09-21 12:44:42", "elapsed": 224.545821, "delta": 1.860036}}
{"target": 0.8387408056378132, "params": {"eta": 0.35850969602567573, "max_depth": 5.320608296701826, "n_estimators": 57.843995348168406}, "datetime": {"datetime": "2021-09-21 12:44:43", "elapsed": 225.96682, "delta": 1.420999}}
{"target": 0.8446976108964742, "params": {"eta": 0.36083674605139804, "max_depth": 17.144846731242232, "n_estimators": 45.56706701157546}, "datetime": {"datetime": "2021-09-21 12:44:46", "elapsed": 228.12504, "delta": 2.15822}}
{"target": 0.851556664070068, "params": {"eta": 0.23186267985969902, "max_depth": 4.466341966453921, "n_estimators": 49.75188298573515}, "datetime": {"datetime": "2021-09-21 12:44:48", "elapsed": 230.20181, "delta": 2.07677}}
{"target": 0.7689427108616244, "params": {"eta": 0.10301866767878431, "max_depth": 1.322121889299437, "n_estimators": 50.11669441088488}, "datetime": {"datetime": "2021-09-21 12:44:50", "elapsed": 232.036735, "delta": 1.834925}}
{"target": 0.8072709616535397, "params": {"eta": 0.31089752859384406, "max_depth": 1.49870277027178, "n_estimators": 51.01604918251613}, "datetime": {"datetime": "2021-09-21 12:44:52", "elapsed": 234.090313, "delta": 2.053578}}
{"target": 0.866477549369523, "params": {"eta": 0.15294782607302387, "max_depth": 9.612954721875598, "n_estimators": 55.94487080858754}, "datetime": {"datetime": "2021-09-21 12:44:54", "elapsed": 236.470036, "delta": 2.379723}}
{"target": 0.8614723492249626, "params": {"eta": 0.3752908060150548, "max_depth": 7.285743956784333, "n_estimators": 58.450415688183554}, "datetime": {"datetime": "2021-09-21 12:44:57", "elapsed": 239.332975, "delta": 2.862939}}
{"target": 0.8464066887556174, "params": {"eta": 0.3964437134772819, "max_depth": 18.423673675016037, "n_estimators": 59.139447177433695}, "datetime": {"datetime": "2021-09-21 12:44:59", "elapsed": 241.254328, "delta": 1.921353}}
{"target": 0.8478193447698333, "params": {"eta": 0.28863890515656654, "max_depth": 8.039743057674233, "n_estimators": 50.93536327575939}, "datetime": {"datetime": "2021-09-21 12:45:01", "elapsed": 243.206028, "delta": 1.9517}}
{"target": 0.8443865654050308, "params": {"eta": 0.39974322084340763, "max_depth": 4.908353516559996, "n_estimators": 35.93072915294762}, "datetime": {"datetime": "2021-09-21 12:45:02", "elapsed": 244.690098, "delta": 1.48407}}
{"target": 0.8468476008420899, "params": {"eta": 0.325141164847928, "max_depth": 19.313548301720488, "n_estimators": 40.701192694235736}, "datetime": {"datetime": "2021-09-21 12:45:04", "elapsed": 246.741332, "delta": 2.051234}}
{"target": 0.8701814508013194, "params": {"eta": 0.3828727743569984, "max_depth": 9.34277707512372, "n_estimators": 40.23315925266936}, "datetime": {"datetime": "2021-09-21 12:45:06", "elapsed": 248.897869, "delta": 2.156537}}
{"target": 0.8526700043384536, "params": {"eta": 0.29097004553644945, "max_depth": 5.1749709443688445, "n_estimators": 52.9838025493995}, "datetime": {"datetime": "2021-09-21 12:45:08", "elapsed": 250.689822, "delta": 1.791953}}
{"target": 0.8613912911075436, "params": {"eta": 0.190865115750521, "max_depth": 14.80127335513235, "n_estimators": 47.18380947887308}, "datetime": {"datetime": "2021-09-21 12:45:10", "elapsed": 252.845695, "delta": 2.155873}}
{"target": 0.8532514461215844, "params": {"eta": 0.1449351223327156, "max_depth": 19.779808667189055, "n_estimators": 37.601471888483864}, "datetime": {"datetime": "2021-09-21 12:45:12", "elapsed": 254.680834, "delta": 1.835139}}
{"target": 0.8822578307826731, "params": {"eta": 0.3512500460472988, "max_depth": 7.060583661063502, "n_estimators": 57.89020603728065}, "datetime": {"datetime": "2021-09-21 12:45:15", "elapsed": 257.550152, "delta": 2.869318}}
{"target": 0.844291438429599, "params": {"eta": 0.10444011088078184, "max_depth": 5.213299886607415, "n_estimators": 34.378579824414295}, "datetime": {"datetime": "2021-09-21 12:45:16", "elapsed": 258.953177, "delta": 1.403025}}
{"target": 0.8539930226427171, "params": {"eta": 0.3197679194350076, "max_depth": 15.946297551095013, "n_estimators": 58.73311553992701}, "datetime": {"datetime": "2021-09-21 12:45:19", "elapsed": 261.405648, "delta": 2.452471}}
{"target": 0.8538271497162933, "params": {"eta": 0.21607418599911754, "max_depth": 4.54051521406425, "n_estimators": 34.44794423875169}, "datetime": {"datetime": "2021-09-21 12:45:20", "elapsed": 262.805201, "delta": 1.399553}}
{"target": 0.8594516493065592, "params": {"eta": 0.36812967142180286, "max_depth": 11.807609764521434, "n_estimators": 55.11436653250074}, "datetime": {"datetime": "2021-09-21 12:45:22", "elapsed": 264.4045, "delta": 1.599299}}
{"target": 0.8615371817410462, "params": {"eta": 0.3629474107227819, "max_depth": 4.174628762695191, "n_estimators": 46.92759082156451}, "datetime": {"datetime": "2021-09-21 12:45:24", "elapsed": 266.351918, "delta": 1.947418}}
{"target": 0.8435501396002876, "params": {"eta": 0.24170170304397826, "max_depth": 3.333459615159976, "n_estimators": 35.42933225362931}, "datetime": {"datetime": "2021-09-21 12:45:26", "elapsed": 268.248051, "delta": 1.896133}}
{"target": 0.8626050757940285, "params": {"eta": 0.12726507112885582, "max_depth": 15.532846314488474, "n_estimators": 49.39521139531598}, "datetime": {"datetime": "2021-09-21 12:45:28", "elapsed": 270.159129, "delta": 1.911078}}
{"target": 0.8455023400840417, "params": {"eta": 0.28118065959601724, "max_depth": 17.963808711038627, "n_estimators": 47.22624711084036}, "datetime": {"datetime": "2021-09-21 12:45:30", "elapsed": 272.198048, "delta": 2.038919}}
{"target": 0.8465780301811405, "params": {"eta": 0.2841471625771781, "max_depth": 7.438285997281404, "n_estimators": 57.867311708557125}, "datetime": {"datetime": "2021-09-21 12:45:33", "elapsed": 275.356441, "delta": 3.158393}}
{"target": 0.8565056482040582, "params": {"eta": 0.25547847302586346, "max_depth": 6.404856833134146, "n_estimators": 56.55580113559543}, "datetime": {"datetime": "2021-09-21 12:45:35", "elapsed": 277.641029, "delta": 2.284588}}
{"target": 0.8690788588114645, "params": {"eta": 0.38810215563246087, "max_depth": 14.31565870650343, "n_estimators": 57.5892821768772}, "datetime": {"datetime": "2021-09-21 12:45:37", "elapsed": 279.419025, "delta": 1.777996}}
{"target": 0.8591284237529792, "params": {"eta": 0.33393951220145746, "max_depth": 8.954091447692177, "n_estimators": 55.448580489740316}, "datetime": {"datetime": "2021-09-21 12:45:39", "elapsed": 281.21208, "delta": 1.793055}}
{"target": 0.7798135183108053, "params": {"eta": 0.15313877564522746, "max_depth": 1.0666516927903908, "n_estimators": 42.86063435775345}, "datetime": {"datetime": "2021-09-21 12:45:40", "elapsed": 282.590264, "delta": 1.378184}}
{"target": 0.8408036233757317, "params": {"eta": 0.3096251159516873, "max_depth": 12.557506614709466, "n_estimators": 45.12406111402166}, "datetime": {"datetime": "2021-09-21 12:45:42", "elapsed": 284.437819, "delta": 1.847555}}
{"target": 0.8709754880557187, "params": {"eta": 0.13955807706699608, "max_depth": 7.154541049787994, "n_estimators": 58.07245371013166}, "datetime": {"datetime": "2021-09-21 12:45:44", "elapsed": 286.881934, "delta": 2.444115}}
{"target": 0.8627194805675631, "params": {"eta": 0.3846614779905757, "max_depth": 8.683363526128963, "n_estimators": 55.38051332272879}, "datetime": {"datetime": "2021-09-21 12:45:46", "elapsed": 288.885558, "delta": 2.003624}}
{"target": 0.8732428174107282, "params": {"eta": 0.18958884492708583, "max_depth": 14.414117856236073, "n_estimators": 50.73159990942931}, "datetime": {"datetime": "2021-09-21 12:45:50", "elapsed": 291.992884, "delta": 3.107326}}
{"target": 0.851657518371444, "params": {"eta": 0.37494627701275063, "max_depth": 9.51856560394647, "n_estimators": 54.17878416180375}, "datetime": {"datetime": "2021-09-21 12:45:52", "elapsed": 294.861051, "delta": 2.868167}}
{"target": 0.8609395377493063, "params": {"eta": 0.38881577107932475, "max_depth": 6.842427550062162, "n_estimators": 58.04067817142095}, "datetime": {"datetime": "2021-09-21 12:45:55", "elapsed": 297.543185, "delta": 2.682134}}
{"target": 0.8480839196346235, "params": {"eta": 0.3614379333739841, "max_depth": 18.55704001305702, "n_estimators": 52.38375135289474}, "datetime": {"datetime": "2021-09-21 12:45:57", "elapsed": 299.843501, "delta": 2.300316}}
{"target": 0.8490702151098118, "params": {"eta": 0.11051532910025463, "max_depth": 8.083164943738057, "n_estimators": 51.43606032531629}, "datetime": {"datetime": "2021-09-21 12:46:00", "elapsed": 302.554179, "delta": 2.710678}}
{"target": 0.7849639156233006, "params": {"eta": 0.16734453364252427, "max_depth": 1.6688688828385272, "n_estimators": 55.971197849403254}, "datetime": {"datetime": "2021-09-21 12:46:02", "elapsed": 304.066109, "delta": 1.51193}}
{"target": 0.864346914700074, "params": {"eta": 0.37931802394439085, "max_depth": 18.73666335168247, "n_estimators": 41.525840761895815}, "datetime": {"datetime": "2021-09-21 12:46:04", "elapsed": 306.308028, "delta": 2.241919}}
{"target": 0.8704411173037668, "params": {"eta": 0.1677046497308868, "max_depth": 7.469081800221294, "n_estimators": 51.345817185705265}, "datetime": {"datetime": "2021-09-21 12:46:07", "elapsed": 309.857434, "delta": 3.549406}}
{"target": 0.8404787621883422, "params": {"eta": 0.198899724640546, "max_depth": 3.0457337181363853, "n_estimators": 51.59876563391022}, "datetime": {"datetime": "2021-09-21 12:46:10", "elapsed": 312.729198, "delta": 2.871764}}
{"target": 0.8504800172216445, "params": {"eta": 0.1625535330851755, "max_depth": 18.603266355216167, "n_estimators": 52.81319028773104}, "datetime": {"datetime": "2021-09-21 12:46:14", "elapsed": 316.261789, "delta": 3.532591}}
{"target": 0.8718517865039037, "params": {"eta": 0.21143475369086245, "max_depth": 11.10312988542123, "n_estimators": 36.05598711385251}, "datetime": {"datetime": "2021-09-21 12:46:17", "elapsed": 319.218904, "delta": 2.957115}}
{"target": 0.84066754845629, "params": {"eta": 0.3196299398880209, "max_depth": 7.455288746870673, "n_estimators": 33.189664950569075}, "datetime": {"datetime": "2021-09-21 12:46:19", "elapsed": 321.67287, "delta": 2.453966}}
{"target": 0.8515010331918582, "params": {"eta": 0.35576072925243496, "max_depth": 19.685846894104593, "n_estimators": 42.13511442042456}, "datetime": {"datetime": "2021-09-21 12:46:22", "elapsed": 324.802435, "delta": 3.129565}}
{"target": 0.8587064394360858, "params": {"eta": 0.24304241971427973, "max_depth": 12.076009251739498, "n_estimators": 38.202768888569786}, "datetime": {"datetime": "2021-09-21 12:46:25", "elapsed": 327.331303, "delta": 2.528868}}
{"target": 0.8710472475903843, "params": {"eta": 0.37945754840170176, "max_depth": 8.728448209242924, "n_estimators": 55.85951279929148}, "datetime": {"datetime": "2021-09-21 12:46:27", "elapsed": 329.590455, "delta": 2.259152}}
{"target": 0.8686904850697479, "params": {"eta": 0.1517535172284019, "max_depth": 8.965366521974811, "n_estimators": 56.09278527256491}, "datetime": {"datetime": "2021-09-21 12:46:31", "elapsed": 333.691144, "delta": 4.100689}}
{"target": 0.8769233581092258, "params": {"eta": 0.20591815821001933, "max_depth": 10.116133474502133, "n_estimators": 55.19820295410324}, "datetime": {"datetime": "2021-09-21 12:46:34", "elapsed": 336.957015, "delta": 3.265871}}
{"target": 0.8490875638644606, "params": {"eta": 0.22006711294701758, "max_depth": 12.34783918563214, "n_estimators": 44.82541587214786}, "datetime": {"datetime": "2021-09-21 12:46:37", "elapsed": 339.677716, "delta": 2.720701}}
{"target": 0.8411996077495245, "params": {"eta": 0.3240673960721119, "max_depth": 15.808474837768365, "n_estimators": 40.86775777575102}, "datetime": {"datetime": "2021-09-21 12:46:40", "elapsed": 342.312152, "delta": 2.634436}}
{"target": 0.8717320143281411, "params": {"eta": 0.2006019780941063, "max_depth": 10.279823643279853, "n_estimators": 55.61837614339217}, "datetime": {"datetime": "2021-09-21 12:46:43", "elapsed": 345.445211, "delta": 3.133059}}
{"target": 0.8599418218596686, "params": {"eta": 0.26858135349189993, "max_depth": 19.20570138915159, "n_estimators": 38.706021867991545}, "datetime": {"datetime": "2021-09-21 12:46:46", "elapsed": 348.104169, "delta": 2.658958}}
{"target": 0.8643042467579539, "params": {"eta": 0.36525215589444127, "max_depth": 14.505775218596465, "n_estimators": 35.59715789135303}, "datetime": {"datetime": "2021-09-21 12:46:49", "elapsed": 351.098822, "delta": 2.994653}}
{"target": 0.8519011090577736, "params": {"eta": 0.37620537667936726, "max_depth": 4.061017074722304, "n_estimators": 49.80767640845032}, "datetime": {"datetime": "2021-09-21 12:46:51", "elapsed": 353.877736, "delta": 2.778914}}
{"target": 0.8440064749390432, "params": {"eta": 0.1, "max_depth": 14.777887821972095, "n_estimators": 50.48976049685041}, "datetime": {"datetime": "2021-09-21 12:46:55", "elapsed": 357.639478, "delta": 3.761742}}
{"target": 0.8520099179369685, "params": {"eta": 0.13594137962015443, "max_depth": 8.418955136194224, "n_estimators": 47.3177754991649}, "datetime": {"datetime": "2021-09-21 12:46:58", "elapsed": 360.401469, "delta": 2.761991}}
{"target": 0.8666598428161243, "params": {"eta": 0.32656842319489604, "max_depth": 10.291370607575587, "n_estimators": 39.96644285700721}, "datetime": {"datetime": "2021-09-21 12:47:01", "elapsed": 363.377952, "delta": 2.976483}}
{"target": 0.800907230903986, "params": {"eta": 0.37676093965374347, "max_depth": 1.8987260959713526, "n_estimators": 55.06611672120771}, "datetime": {"datetime": "2021-09-21 12:47:03", "elapsed": 365.666473, "delta": 2.288521}}
{"target": 0.8567253575648774, "params": {"eta": 0.38075128541972714, "max_depth": 17.85315676703607, "n_estimators": 38.340572330007795}, "datetime": {"datetime": "2021-09-21 12:47:06", "elapsed": 368.935412, "delta": 3.268939}}
{"target": 0.8771267072005547, "params": {"eta": 0.17464833153038184, "max_depth": 14.484747157674889, "n_estimators": 51.19418016425081}, "datetime": {"datetime": "2021-09-21 12:47:11", "elapsed": 373.420076, "delta": 4.484664}}
{"target": 0.8025212086137893, "params": {"eta": 0.276300922201585, "max_depth": 1.2734131514733615, "n_estimators": 44.8469248921009}, "datetime": {"datetime": "2021-09-21 12:47:14", "elapsed": 376.12768, "delta": 2.707604}}
{"target": 0.8084518230088609, "params": {"eta": 0.13461421030227924, "max_depth": 2.885237569510871, "n_estimators": 53.37074775359993}, "datetime": {"datetime": "2021-09-21 12:47:15", "elapsed": 377.903163, "delta": 1.775483}}
{"target": 0.8539326670374086, "params": {"eta": 0.37008297422544373, "max_depth": 14.011619132720977, "n_estimators": 51.019568920760655}, "datetime": {"datetime": "2021-09-21 12:47:18", "elapsed": 380.899227, "delta": 2.996064}}
{"target": 0.8693558911743079, "params": {"eta": 0.3889708978531985, "max_depth": 14.76531415082139, "n_estimators": 51.20098539045033}, "datetime": {"datetime": "2021-09-21 12:47:22", "elapsed": 384.56871, "delta": 3.669483}}
{"target": 0.8313860748750126, "params": {"eta": 0.30356952279952465, "max_depth": 7.001509530997869, "n_estimators": 45.770427461983}, "datetime": {"datetime": "2021-09-21 12:47:24", "elapsed": 386.69262, "delta": 2.12391}}
{"target": 0.8551593991696452, "params": {"eta": 0.3091242039984871, "max_depth": 3.0147233846351824, "n_estimators": 56.73379171698167}, "datetime": {"datetime": "2021-09-21 12:47:26", "elapsed": 388.516945, "delta": 1.824325}}
