{"target": -10.179217682737747, "params": {"eta": 0.3, "max_depth": 27.98932010042003, "n_estimators": 104.18050609284818}, "datetime": {"datetime": "2021-09-27 20:04:22", "elapsed": 18.748524, "delta": 0.820997}}
{"target": -10.933008302442689, "params": {"eta": 0.215320187436229, "max_depth": 26.66403846590926, "n_estimators": 103.70293444783431}, "datetime": {"datetime": "2021-09-27 20:04:23", "elapsed": 19.981603, "delta": 1.233079}}
{"target": -10.607346484763399, "params": {"eta": 0.08717076507646389, "max_depth": 28.654177289518078, "n_estimators": 103.45098026838554}, "datetime": {"datetime": "2021-09-27 20:04:25", "elapsed": 22.036604, "delta": 2.055001}}
{"target": -11.706650411653555, "params": {"eta": 0.2724185069523083, "max_depth": 34.00666958551596, "n_estimators": 89.07142109141574}, "datetime": {"datetime": "2021-09-27 20:04:26", "elapsed": 22.730603, "delta": 0.693999}}
{"target": -10.504129370832475, "params": {"eta": 0.09148232874418764, "max_depth": 13.758855635953894, "n_estimators": 136.17583612518808}, "datetime": {"datetime": "2021-09-27 20:04:27", "elapsed": 23.903146, "delta": 1.172543}}
{"target": -11.0996299761333, "params": {"eta": 0.26855154794277347, "max_depth": 7.174406334304269, "n_estimators": 54.319080160947244}, "datetime": {"datetime": "2021-09-27 20:04:28", "elapsed": 24.441165, "delta": 0.538019}}
{"target": -11.561513902481007, "params": {"eta": 0.17901609698175663, "max_depth": 31.861472557806763, "n_estimators": 92.02719093629847}, "datetime": {"datetime": "2021-09-27 20:04:29", "elapsed": 26.076726, "delta": 1.635561}}
{"target": -11.228129326175685, "params": {"eta": 0.23215461124756015, "max_depth": 33.039734334286344, "n_estimators": 88.28898623345674}, "datetime": {"datetime": "2021-09-27 20:04:30", "elapsed": 27.222725, "delta": 1.145999}}
{"target": -10.886174670245778, "params": {"eta": 0.16545314280418338, "max_depth": 30.36347891446663, "n_estimators": 60.54066718479408}, "datetime": {"datetime": "2021-09-27 20:04:31", "elapsed": 28.173357, "delta": 0.950632}}
{"target": -10.97496988622514, "params": {"eta": 0.23862555479277436, "max_depth": 28.604974192463768, "n_estimators": 146.68931928748577}, "datetime": {"datetime": "2021-09-27 20:04:33", "elapsed": 29.648879, "delta": 1.475522}}
{"target": -11.154014922956916, "params": {"eta": 0.2841031908654577, "max_depth": 33.826223861198805, "n_estimators": 87.18762216270882}, "datetime": {"datetime": "2021-09-27 20:04:34", "elapsed": 30.627349, "delta": 0.97847}}
{"target": -10.705282262892387, "params": {"eta": 0.09709744068016547, "max_depth": 4.093019539583127, "n_estimators": 83.77963583570943}, "datetime": {"datetime": "2021-09-27 20:04:34", "elapsed": 30.989351, "delta": 0.362002}}
{"target": -10.846106332862618, "params": {"eta": 0.15623321801900608, "max_depth": 34.19819090085716, "n_estimators": 110.50976028851667}, "datetime": {"datetime": "2021-09-27 20:04:35", "elapsed": 32.312559, "delta": 1.323208}}
{"target": -11.005357830852118, "params": {"eta": 0.13152478470703266, "max_depth": 7.873302537388451, "n_estimators": 99.67640688317533}, "datetime": {"datetime": "2021-09-27 20:04:37", "elapsed": 33.630562, "delta": 1.318003}}
{"target": -13.830432952742955, "params": {"eta": 0.19155149888166279, "max_depth": 1.6362060578441537, "n_estimators": 119.11188815708641}, "datetime": {"datetime": "2021-09-27 20:04:37", "elapsed": 34.045184, "delta": 0.414622}}
{"target": -10.89589019487919, "params": {"eta": 0.14771175894011002, "max_depth": 33.86073224529534, "n_estimators": 88.22989280707988}, "datetime": {"datetime": "2021-09-27 20:04:38", "elapsed": 35.348438, "delta": 1.303254}}
{"target": -10.516638514725521, "params": {"eta": 0.1024516393851168, "max_depth": 28.0360465319359, "n_estimators": 103.99518917869261}, "datetime": {"datetime": "2021-09-27 20:04:41", "elapsed": 37.380437, "delta": 2.031999}}
{"target": -10.649616680795507, "params": {"eta": 0.07992985834938028, "max_depth": 33.642280319519244, "n_estimators": 87.76991279358919}, "datetime": {"datetime": "2021-09-27 20:04:42", "elapsed": 38.46156, "delta": 1.081123}}
{"target": -14.278259921826084, "params": {"eta": 0.12118279004688991, "max_depth": 1.569189548516882, "n_estimators": 142.31712445968404}, "datetime": {"datetime": "2021-09-27 20:04:42", "elapsed": 39.03556, "delta": 0.574}}
{"target": -11.335169905279374, "params": {"eta": 0.18089443517492698, "max_depth": 31.43545629981135, "n_estimators": 121.6575632750562}, "datetime": {"datetime": "2021-09-27 20:04:44", "elapsed": 40.806142, "delta": 1.770582}}
{"target": -10.834282625788349, "params": {"eta": 0.06395371639757678, "max_depth": 16.18004726490901, "n_estimators": 132.20317564522367}, "datetime": {"datetime": "2021-09-27 20:04:46", "elapsed": 42.934144, "delta": 2.128002}}
{"target": -11.644561265801464, "params": {"eta": 0.2647584078034265, "max_depth": 27.832779556041515, "n_estimators": 103.40257971745638}, "datetime": {"datetime": "2021-09-27 20:04:47", "elapsed": 44.035144, "delta": 1.101}}
{"target": -11.330397530922461, "params": {"eta": 0.23809258378369935, "max_depth": 10.618636817761896, "n_estimators": 97.96717023842533}, "datetime": {"datetime": "2021-09-27 20:04:48", "elapsed": 44.83477, "delta": 0.799626}}
{"target": -11.275251627504135, "params": {"eta": 0.278195479743883, "max_depth": 28.213115002609047, "n_estimators": 102.71044710747798}, "datetime": {"datetime": "2021-09-27 20:04:49", "elapsed": 46.350092, "delta": 1.515322}}
{"target": -10.525466521210443, "params": {"eta": 0.06807810788147033, "max_depth": 23.225913935072473, "n_estimators": 135.7497999321709}, "datetime": {"datetime": "2021-09-27 20:04:52", "elapsed": 48.860891, "delta": 2.510799}}
{"target": -10.75114290079316, "params": {"eta": 0.07562568257181394, "max_depth": 26.647516873270927, "n_estimators": 148.67835758484256}, "datetime": {"datetime": "2021-09-27 20:04:54", "elapsed": 51.025143, "delta": 2.164252}}
{"target": -11.815984179240573, "params": {"eta": 0.25915457433186406, "max_depth": 21.764988794552316, "n_estimators": 51.885608807529096}, "datetime": {"datetime": "2021-09-27 20:04:55", "elapsed": 52.07093, "delta": 1.045787}}
{"target": -10.610502417967616, "params": {"eta": 0.059813915381266916, "max_depth": 27.694678436622425, "n_estimators": 104.08376068348909}, "datetime": {"datetime": "2021-09-27 20:04:57", "elapsed": 53.427927, "delta": 1.356997}}
{"target": -10.687641651580746, "params": {"eta": 0.11244581566776053, "max_depth": 27.672185630347126, "n_estimators": 97.77559245880761}, "datetime": {"datetime": "2021-09-27 20:04:58", "elapsed": 54.897755, "delta": 1.469828}}
{"target": -10.171622090791203, "params": {"eta": 0.07855241381352072, "max_depth": 18.931024800965503, "n_estimators": 108.34747784254562}, "datetime": {"datetime": "2021-09-27 20:04:59", "elapsed": 56.321664, "delta": 1.423909}}
{"target": -11.380425066766408, "params": {"eta": 0.2511617191890713, "max_depth": 13.783331236969058, "n_estimators": 136.19128871475874}, "datetime": {"datetime": "2021-09-27 20:05:01", "elapsed": 57.667664, "delta": 1.346}}
{"target": -11.109276056799429, "params": {"eta": 0.24301738913779475, "max_depth": 33.27253051043273, "n_estimators": 125.73511082204317}, "datetime": {"datetime": "2021-09-27 20:05:02", "elapsed": 58.773664, "delta": 1.106}}
{"target": -12.674170092210844, "params": {"eta": 0.24129664234343934, "max_depth": 2.457848002005557, "n_estimators": 74.94268563572282}, "datetime": {"datetime": "2021-09-27 20:05:02", "elapsed": 59.158665, "delta": 0.385001}}
{"target": -11.183561300317805, "params": {"eta": 0.22401374258204865, "max_depth": 31.788006487939093, "n_estimators": 62.37343008862943}, "datetime": {"datetime": "2021-09-27 20:05:04", "elapsed": 60.4459, "delta": 1.287235}}
{"target": -10.803794598200614, "params": {"eta": 0.11814240617151602, "max_depth": 10.113518701827171, "n_estimators": 63.638943831289794}, "datetime": {"datetime": "2021-09-27 20:05:04", "elapsed": 61.195901, "delta": 0.750001}}
{"target": -11.342376813363282, "params": {"eta": 0.22237672632848043, "max_depth": 29.936393258758454, "n_estimators": 51.39494861339926}, "datetime": {"datetime": "2021-09-27 20:05:05", "elapsed": 62.217168, "delta": 1.021267}}
{"target": -10.673959579006805, "params": {"eta": 0.05111301958464655, "max_depth": 18.892767271371255, "n_estimators": 108.07083264430096}, "datetime": {"datetime": "2021-09-27 20:05:07", "elapsed": 63.531165, "delta": 1.313997}}
{"target": -11.229418709460585, "params": {"eta": 0.22711891070586854, "max_depth": 15.85403700592086, "n_estimators": 114.96003207049041}, "datetime": {"datetime": "2021-09-27 20:05:08", "elapsed": 64.707353, "delta": 1.176188}}
{"target": -10.574871587163095, "params": {"eta": 0.1103345763767953, "max_depth": 32.04077114639131, "n_estimators": 85.13163169428145}, "datetime": {"datetime": "2021-09-27 20:05:09", "elapsed": 66.125186, "delta": 1.417833}}
{"target": -11.206240414962005, "params": {"eta": 0.10199989302352681, "max_depth": 4.441988040807198, "n_estimators": 51.517325288530714}, "datetime": {"datetime": "2021-09-27 20:05:10", "elapsed": 66.572184, "delta": 0.446998}}
{"target": -10.525247336884616, "params": {"eta": 0.060001610246438256, "max_depth": 27.81915185981584, "n_estimators": 102.52960841715942}, "datetime": {"datetime": "2021-09-27 20:05:12", "elapsed": 68.500399, "delta": 1.928215}}
{"target": -11.050792371566798, "params": {"eta": 0.12174771592781776, "max_depth": 5.195447691751475, "n_estimators": 58.82167208253701}, "datetime": {"datetime": "2021-09-27 20:05:12", "elapsed": 69.206399, "delta": 0.706}}
{"target": -11.187840280540936, "params": {"eta": 0.29928972385361957, "max_depth": 14.831526987802977, "n_estimators": 94.2144631112522}, "datetime": {"datetime": "2021-09-27 20:05:14", "elapsed": 70.641731, "delta": 1.435332}}
{"target": -10.497879730695905, "params": {"eta": 0.22293452700310845, "max_depth": 4.880473311158637, "n_estimators": 123.85871644757259}, "datetime": {"datetime": "2021-09-27 20:05:15", "elapsed": 71.366729, "delta": 0.724998}}
{"target": -11.20253372501127, "params": {"eta": 0.24307570744458074, "max_depth": 19.2413773533326, "n_estimators": 108.27349704349749}, "datetime": {"datetime": "2021-09-27 20:05:16", "elapsed": 72.552973, "delta": 1.186244}}
{"target": -10.492684130002871, "params": {"eta": 0.22137419744835457, "max_depth": 11.482712716227944, "n_estimators": 93.0162942720071}, "datetime": {"datetime": "2021-09-27 20:05:17", "elapsed": 73.95121, "delta": 1.398237}}
{"target": -11.725246190716817, "params": {"eta": 0.2602417721545064, "max_depth": 33.5853359151679, "n_estimators": 88.49464557030959}, "datetime": {"datetime": "2021-09-27 20:05:18", "elapsed": 75.286211, "delta": 1.335001}}
{"target": -10.64235361565166, "params": {"eta": 0.1759905268832545, "max_depth": 34.5652745710071, "n_estimators": 144.93734138491527}, "datetime": {"datetime": "2021-09-27 20:05:20", "elapsed": 76.726505, "delta": 1.440294}}
{"target": -10.367228239617958, "params": {"eta": 0.14913184277919922, "max_depth": 7.052094439078209, "n_estimators": 103.80694082852673}, "datetime": {"datetime": "2021-09-27 20:05:21", "elapsed": 77.717471, "delta": 0.990966}}
{"target": -10.60908858132907, "params": {"eta": 0.23366800769518747, "max_depth": 18.58493325191122, "n_estimators": 100.65474213713952}, "datetime": {"datetime": "2021-09-27 20:05:22", "elapsed": 79.073475, "delta": 1.356004}}
{"target": -10.424665172443577, "params": {"eta": 0.12127314100639115, "max_depth": 17.3521158635628, "n_estimators": 53.193264674338415}, "datetime": {"datetime": "2021-09-27 20:05:23", "elapsed": 79.933475, "delta": 0.86}}
{"target": -10.116141751139288, "params": {"eta": 0.09646867259198673, "max_depth": 24.678464097484262, "n_estimators": 109.98648776582158}, "datetime": {"datetime": "2021-09-27 20:05:25", "elapsed": 82.210903, "delta": 2.277428}}
{"target": -11.241122703943367, "params": {"eta": 0.12296539653754247, "max_depth": 27.210937357006625, "n_estimators": 139.94284045620327}, "datetime": {"datetime": "2021-09-27 20:05:27", "elapsed": 84.10323, "delta": 1.892327}}
{"target": -10.153114903210394, "params": {"eta": 0.19431691712722837, "max_depth": 28.286439878902705, "n_estimators": 69.8427442132804}, "datetime": {"datetime": "2021-09-27 20:05:29", "elapsed": 85.652126, "delta": 1.548896}}
{"target": -10.921424434777661, "params": {"eta": 0.1518253442168468, "max_depth": 23.308374040745605, "n_estimators": 103.36989942028063}, "datetime": {"datetime": "2021-09-27 20:05:31", "elapsed": 87.439286, "delta": 1.78716}}
{"target": -11.124608129202986, "params": {"eta": 0.2329466760243057, "max_depth": 30.945611987921872, "n_estimators": 89.72898092611871}, "datetime": {"datetime": "2021-09-27 20:05:32", "elapsed": 88.443, "delta": 1.003714}}
{"target": -10.789389349537908, "params": {"eta": 0.1643579542494849, "max_depth": 10.654796487977986, "n_estimators": 94.86005853527419}, "datetime": {"datetime": "2021-09-27 20:05:32", "elapsed": 89.340999, "delta": 0.897999}}
{"target": -11.368125779294216, "params": {"eta": 0.09165459191585278, "max_depth": 3.1907372056171592, "n_estimators": 136.6904984021121}, "datetime": {"datetime": "2021-09-27 20:05:33", "elapsed": 89.98102, "delta": 0.640021}}
{"target": -11.15085487256607, "params": {"eta": 0.23782510129334988, "max_depth": 28.281120403141507, "n_estimators": 66.84263179362551}, "datetime": {"datetime": "2021-09-27 20:05:34", "elapsed": 91.048669, "delta": 1.067649}}
{"target": -10.437720614640618, "params": {"eta": 0.21031185167958855, "max_depth": 6.2003862740389515, "n_estimators": 104.17824932254945}, "datetime": {"datetime": "2021-09-27 20:05:35", "elapsed": 91.987673, "delta": 0.939004}}
{"target": -10.894973444555818, "params": {"eta": 0.17972371441079743, "max_depth": 6.936882308769545, "n_estimators": 135.77757011535653}, "datetime": {"datetime": "2021-09-27 20:05:36", "elapsed": 93.044608, "delta": 1.056935}}
{"target": -10.907482023881537, "params": {"eta": 0.0757816910796117, "max_depth": 23.915190451248755, "n_estimators": 114.57126135790547}, "datetime": {"datetime": "2021-09-27 20:05:38", "elapsed": 94.642768, "delta": 1.59816}}
{"target": -11.502873630230779, "params": {"eta": 0.2166476959428355, "max_depth": 14.947840371614772, "n_estimators": 148.7564471006965}, "datetime": {"datetime": "2021-09-27 20:05:39", "elapsed": 96.022935, "delta": 1.380167}}
{"target": -10.71539027038729, "params": {"eta": 0.11059534993234561, "max_depth": 31.610001567556793, "n_estimators": 98.28753237481536}, "datetime": {"datetime": "2021-09-27 20:05:41", "elapsed": 97.758222, "delta": 1.735287}}
{"target": -10.660492381958086, "params": {"eta": 0.21082386743636833, "max_depth": 25.234657918379856, "n_estimators": 111.02301291799378}, "datetime": {"datetime": "2021-09-27 20:05:43", "elapsed": 99.368005, "delta": 1.609783}}
{"target": -16.131604246354804, "params": {"eta": 0.06517549723409706, "max_depth": 1.2052613383982405, "n_estimators": 65.20629230454736}, "datetime": {"datetime": "2021-09-27 20:05:43", "elapsed": 100.065005, "delta": 0.697}}
{"target": -10.867167184997085, "params": {"eta": 0.17612202844709884, "max_depth": 17.491339793959018, "n_estimators": 144.5769221769478}, "datetime": {"datetime": "2021-09-27 20:05:45", "elapsed": 101.83479, "delta": 1.769785}}
{"target": -11.17291487620975, "params": {"eta": 0.2319939824883931, "max_depth": 16.42362652887732, "n_estimators": 145.25799275951576}, "datetime": {"datetime": "2021-09-27 20:05:46", "elapsed": 103.044675, "delta": 1.209885}}
{"target": -11.276347998287601, "params": {"eta": 0.24846687803595158, "max_depth": 26.715894122599238, "n_estimators": 129.231457253428}, "datetime": {"datetime": "2021-09-27 20:05:48", "elapsed": 104.627968, "delta": 1.583293}}
{"target": -11.425675222003443, "params": {"eta": 0.2449471694795633, "max_depth": 27.95845480970815, "n_estimators": 108.61487213627944}, "datetime": {"datetime": "2021-09-27 20:05:49", "elapsed": 106.359582, "delta": 1.731614}}
{"target": -10.647787548249461, "params": {"eta": 0.20463377314182835, "max_depth": 7.705237939013489, "n_estimators": 57.16474163865427}, "datetime": {"datetime": "2021-09-27 20:05:50", "elapsed": 107.186582, "delta": 0.827}}
{"target": -13.895956720377841, "params": {"eta": 0.2517944162393946, "max_depth": 1.6559068033422946, "n_estimators": 78.9213797651537}, "datetime": {"datetime": "2021-09-27 20:05:51", "elapsed": 107.611581, "delta": 0.424999}}
{"target": -10.573457613044889, "params": {"eta": 0.19357384175990067, "max_depth": 34.03028225403018, "n_estimators": 143.73364343683903}, "datetime": {"datetime": "2021-09-27 20:05:53", "elapsed": 109.597994, "delta": 1.986413}}
{"target": -10.727533377530907, "params": {"eta": 0.2906811930749653, "max_depth": 26.612125112888275, "n_estimators": 77.72281662709716}, "datetime": {"datetime": "2021-09-27 20:05:54", "elapsed": 110.6995, "delta": 1.101506}}
{"target": -10.85130691238744, "params": {"eta": 0.19131235343593744, "max_depth": 27.99121289365317, "n_estimators": 69.85837506183462}, "datetime": {"datetime": "2021-09-27 20:05:55", "elapsed": 111.981505, "delta": 1.282005}}
{"target": -10.41841404335707, "params": {"eta": 0.09555440818478296, "max_depth": 28.366202241331923, "n_estimators": 69.600305520724}, "datetime": {"datetime": "2021-09-27 20:05:56", "elapsed": 113.34231, "delta": 1.360805}}
{"target": -10.81698147930835, "params": {"eta": 0.237245681457043, "max_depth": 6.658248042681594, "n_estimators": 103.70087949102373}, "datetime": {"datetime": "2021-09-27 20:05:58", "elapsed": 114.366176, "delta": 1.023866}}
{"target": -11.163667724142316, "params": {"eta": 0.183538690198841, "max_depth": 18.64118640411479, "n_estimators": 144.00132940583904}, "datetime": {"datetime": "2021-09-27 20:05:59", "elapsed": 116.054177, "delta": 1.688001}}
{"target": -11.118099759465261, "params": {"eta": 0.063248956489512, "max_depth": 5.546798396873504, "n_estimators": 63.59469126489103}, "datetime": {"datetime": "2021-09-27 20:06:00", "elapsed": 116.672437, "delta": 0.61826}}
{"target": -10.64014015588666, "params": {"eta": 0.05075770482862543, "max_depth": 28.552037880839357, "n_estimators": 69.92335004666418}, "datetime": {"datetime": "2021-09-27 20:06:01", "elapsed": 118.01544, "delta": 1.343003}}
{"target": -10.806832121472395, "params": {"eta": 0.18594403295005574, "max_depth": 24.788249784447057, "n_estimators": 109.75558743018703}, "datetime": {"datetime": "2021-09-27 20:06:03", "elapsed": 119.497373, "delta": 1.481933}}
{"target": -10.631492981734104, "params": {"eta": 0.08826275150709943, "max_depth": 33.52054096658661, "n_estimators": 85.82956926251268}, "datetime": {"datetime": "2021-09-27 20:06:05", "elapsed": 121.43572, "delta": 1.938347}}
{"target": -11.618211299802061, "params": {"eta": 0.24615443965261852, "max_depth": 18.734943443625845, "n_estimators": 108.41548870448852}, "datetime": {"datetime": "2021-09-27 20:06:06", "elapsed": 122.766922, "delta": 1.331202}}
{"target": -10.92620568985584, "params": {"eta": 0.23103822089677306, "max_depth": 9.466163848055166, "n_estimators": 141.510382362681}, "datetime": {"datetime": "2021-09-27 20:06:07", "elapsed": 123.916921, "delta": 1.149999}}
{"target": -10.28871933086866, "params": {"eta": 0.22307916387511983, "max_depth": 5.915396046475747, "n_estimators": 115.34729135670013}, "datetime": {"datetime": "2021-09-27 20:06:08", "elapsed": 124.752752, "delta": 0.835831}}
{"target": -11.412536122122866, "params": {"eta": 0.2525348623384448, "max_depth": 14.697436073914922, "n_estimators": 71.00264121061255}, "datetime": {"datetime": "2021-09-27 20:06:09", "elapsed": 125.879379, "delta": 1.126627}}
{"target": -10.670751953567414, "params": {"eta": 0.12350708346712354, "max_depth": 16.93331160134043, "n_estimators": 133.3126545301927}, "datetime": {"datetime": "2021-09-27 20:06:11", "elapsed": 127.81857, "delta": 1.939191}}
{"target": -10.950837607360072, "params": {"eta": 0.13871125071946794, "max_depth": 3.1962971863219343, "n_estimators": 123.72471044795853}, "datetime": {"datetime": "2021-09-27 20:06:12", "elapsed": 128.654366, "delta": 0.835796}}
{"target": -10.547695477133427, "params": {"eta": 0.19276911100321065, "max_depth": 28.29096736784754, "n_estimators": 70.16575187607722}, "datetime": {"datetime": "2021-09-27 20:06:13", "elapsed": 130.099366, "delta": 1.445}}
{"target": -10.133681496915576, "params": {"eta": 0.06686080642388377, "max_depth": 6.47715018988683, "n_estimators": 111.87514656400919}, "datetime": {"datetime": "2021-09-27 20:06:14", "elapsed": 131.166931, "delta": 1.067565}}
{"target": -10.694323484151532, "params": {"eta": 0.14147458031110033, "max_depth": 25.59786293768831, "n_estimators": 116.07537197684044}, "datetime": {"datetime": "2021-09-27 20:06:16", "elapsed": 133.211976, "delta": 2.045045}}
{"target": -10.843704786551655, "params": {"eta": 0.2029582170252846, "max_depth": 14.570590140464404, "n_estimators": 127.22318793728633}, "datetime": {"datetime": "2021-09-27 20:06:18", "elapsed": 134.539279, "delta": 1.327303}}
{"target": -10.371574315973534, "params": {"eta": 0.09178316836899862, "max_depth": 26.209415650198903, "n_estimators": 76.30739781222428}, "datetime": {"datetime": "2021-09-27 20:06:20", "elapsed": 136.586079, "delta": 2.0468}}
{"target": -10.726407934081461, "params": {"eta": 0.14296411692112493, "max_depth": 27.166481117961656, "n_estimators": 135.4184439473866}, "datetime": {"datetime": "2021-09-27 20:06:22", "elapsed": 138.60426, "delta": 2.018181}}
{"target": -10.381121581783335, "params": {"eta": 0.06948214483992075, "max_depth": 33.52876281369675, "n_estimators": 88.02363404192138}, "datetime": {"datetime": "2021-09-27 20:06:23", "elapsed": 139.892783, "delta": 1.288523}}
{"target": -10.728994202410588, "params": {"eta": 0.1318599805517255, "max_depth": 6.207296929115746, "n_estimators": 111.87115438480248}, "datetime": {"datetime": "2021-09-27 20:06:24", "elapsed": 140.853986, "delta": 0.961203}}
