{"target": -11.360038350999108, "params": {"eta": 0.24396154546733406, "max_depth": 7.198381634597659, "n_estimators": 55.459006643998954}, "datetime": {"datetime": "2021-09-27 20:15:40", "elapsed": 697.303727, "delta": 2.907928}}
{"target": -10.664737623848195, "params": {"eta": 0.28280724955726777, "max_depth": 16.294025013620384, "n_estimators": 110.90269387615061}, "datetime": {"datetime": "2021-09-27 20:15:43", "elapsed": 699.49139, "delta": 2.187663}}
{"target": -10.659017807131846, "params": {"eta": 0.1650464477251214, "max_depth": 21.38580096021551, "n_estimators": 55.35940003416141}, "datetime": {"datetime": "2021-09-27 20:15:45", "elapsed": 702.338716, "delta": 2.847326}}
{"target": -16.238481424142712, "params": {"eta": 0.059743382811203075, "max_depth": 1.9539327548414558, "n_estimators": 64.03577498206785}, "datetime": {"datetime": "2021-09-27 20:15:47", "elapsed": 703.664715, "delta": 1.325999}}
{"target": -10.68614748338503, "params": {"eta": 0.13653040335933447, "max_depth": 27.80013484042288, "n_estimators": 102.85102716074425}, "datetime": {"datetime": "2021-09-27 20:15:50", "elapsed": 707.317193, "delta": 3.652478}}
{"target": -10.536577060651897, "params": {"eta": 0.07758752854638724, "max_depth": 9.299003012040174, "n_estimators": 70.53880822120964}, "datetime": {"datetime": "2021-09-27 20:15:53", "elapsed": 710.069901, "delta": 2.752708}}
{"target": -10.487044271485388, "params": {"eta": 0.087717498334475, "max_depth": 27.974015846242427, "n_estimators": 61.03899116249551}, "datetime": {"datetime": "2021-09-27 20:15:55", "elapsed": 711.853841, "delta": 1.78394}}
{"target": -10.59624606014076, "params": {"eta": 0.05, "max_depth": 7.54684674799405, "n_estimators": 104.03785264219968}, "datetime": {"datetime": "2021-09-27 20:15:58", "elapsed": 715.120171, "delta": 3.26633}}
{"target": -10.109768668822236, "params": {"eta": 0.13081192396268948, "max_depth": 20.68243169377273, "n_estimators": 133.37601797375476}, "datetime": {"datetime": "2021-09-27 20:16:02", "elapsed": 719.059793, "delta": 3.939622}}
{"target": -10.817202090820603, "params": {"eta": 0.063194006560738, "max_depth": 7.788108658506575, "n_estimators": 110.7841702824484}, "datetime": {"datetime": "2021-09-27 20:16:04", "elapsed": 720.902268, "delta": 1.842475}}
{"target": -11.443838694548388, "params": {"eta": 0.2537778330749071, "max_depth": 26.272604891714984, "n_estimators": 76.24746307760157}, "datetime": {"datetime": "2021-09-27 20:16:07", "elapsed": 724.310216, "delta": 3.407948}}
{"target": -10.488171524193255, "params": {"eta": 0.2085620694113995, "max_depth": 27.993920738198362, "n_estimators": 102.7151741638171}, "datetime": {"datetime": "2021-09-27 20:16:11", "elapsed": 727.623246, "delta": 3.31303}}
{"target": -10.484819116767387, "params": {"eta": 0.05655768517406108, "max_depth": 27.907502739193088, "n_estimators": 102.83743480321576}, "datetime": {"datetime": "2021-09-27 20:16:15", "elapsed": 731.765988, "delta": 4.142742}}
{"target": -10.582455396805308, "params": {"eta": 0.20918728769270928, "max_depth": 9.221438338060855, "n_estimators": 70.66094135804516}, "datetime": {"datetime": "2021-09-27 20:16:19", "elapsed": 735.735717, "delta": 3.969729}}
{"target": -10.343784990446421, "params": {"eta": 0.12748447611836122, "max_depth": 27.1386664387511, "n_estimators": 93.30326357459444}, "datetime": {"datetime": "2021-09-27 20:16:23", "elapsed": 739.763933, "delta": 4.028216}}
{"target": -10.296812454539284, "params": {"eta": 0.15840546894783597, "max_depth": 24.578014045346052, "n_estimators": 110.06406940151915}, "datetime": {"datetime": "2021-09-27 20:16:27", "elapsed": 743.602878, "delta": 3.838945}}
{"target": -11.217109113688037, "params": {"eta": 0.278649054195398, "max_depth": 12.434531620228308, "n_estimators": 66.1785643832069}, "datetime": {"datetime": "2021-09-27 20:16:29", "elapsed": 745.623943, "delta": 2.021065}}
{"target": -10.686005618364995, "params": {"eta": 0.1958120946261228, "max_depth": 4.1349140500784936, "n_estimators": 79.08305444276624}, "datetime": {"datetime": "2021-09-27 20:16:31", "elapsed": 747.36511, "delta": 1.741167}}
{"target": -11.226865323513042, "params": {"eta": 0.16828213619781668, "max_depth": 9.397374977469699, "n_estimators": 70.6504354447656}, "datetime": {"datetime": "2021-09-27 20:16:35", "elapsed": 751.40748, "delta": 4.04237}}
{"target": -10.909585706920478, "params": {"eta": 0.27194430551513804, "max_depth": 4.828582622695937, "n_estimators": 135.69248083662944}, "datetime": {"datetime": "2021-09-27 20:16:38", "elapsed": 754.691826, "delta": 3.284346}}
{"target": -10.715490421793277, "params": {"eta": 0.11330656747809113, "max_depth": 27.93611531746863, "n_estimators": 103.01870292150228}, "datetime": {"datetime": "2021-09-27 20:16:41", "elapsed": 758.180524, "delta": 3.488698}}
{"target": -10.903113954289683, "params": {"eta": 0.11317281293064753, "max_depth": 20.763906410014858, "n_estimators": 133.52767329894903}, "datetime": {"datetime": "2021-09-27 20:16:45", "elapsed": 762.017929, "delta": 3.837405}}
{"target": -11.822367427425142, "params": {"eta": 0.05, "max_depth": 21.356090371192213, "n_estimators": 55.876005637685225}, "datetime": {"datetime": "2021-09-27 20:16:49", "elapsed": 766.032898, "delta": 4.014969}}
{"target": -10.421662456596037, "params": {"eta": 0.21026673179495164, "max_depth": 6.267146785688473, "n_estimators": 111.5035883895637}, "datetime": {"datetime": "2021-09-27 20:16:51", "elapsed": 767.932896, "delta": 1.899998}}
{"target": -11.289245779951706, "params": {"eta": 0.26546754167682707, "max_depth": 6.149782346971745, "n_estimators": 115.30592143000915}, "datetime": {"datetime": "2021-09-27 20:16:55", "elapsed": 771.549938, "delta": 3.617042}}
{"target": -10.679497831021386, "params": {"eta": 0.060708701927021644, "max_depth": 8.537399932067158, "n_estimators": 64.10613098075339}, "datetime": {"datetime": "2021-09-27 20:16:59", "elapsed": 775.940802, "delta": 4.390864}}
{"target": -10.655265233926336, "params": {"eta": 0.15062039680664596, "max_depth": 21.116632615664777, "n_estimators": 55.84300619039416}, "datetime": {"datetime": "2021-09-27 20:17:03", "elapsed": 779.685009, "delta": 3.744207}}
{"target": -10.456391735848158, "params": {"eta": 0.08350421651270835, "max_depth": 12.610974240048497, "n_estimators": 62.39137984416969}, "datetime": {"datetime": "2021-09-27 20:17:05", "elapsed": 781.6929, "delta": 2.007891}}
{"target": -11.204334335966742, "params": {"eta": 0.1594726347703656, "max_depth": 5.020281888751241, "n_estimators": 135.62212115430884}, "datetime": {"datetime": "2021-09-27 20:17:09", "elapsed": 786.021544, "delta": 4.328644}}
{"target": -11.128545882519473, "params": {"eta": 0.17995109912737883, "max_depth": 24.613792419676763, "n_estimators": 109.91306201619915}, "datetime": {"datetime": "2021-09-27 20:17:18", "elapsed": 794.990077, "delta": 8.968533}}
{"target": -10.538703555298417, "params": {"eta": 0.15974230512751436, "max_depth": 26.111258782107274, "n_estimators": 76.52426421074092}, "datetime": {"datetime": "2021-09-27 20:17:22", "elapsed": 798.94984, "delta": 3.959763}}
{"target": -10.633160617390992, "params": {"eta": 0.18609572357781617, "max_depth": 33.82088545089425, "n_estimators": 87.7796579652256}, "datetime": {"datetime": "2021-09-27 20:17:26", "elapsed": 802.892062, "delta": 3.942222}}
{"target": -11.413888951074664, "params": {"eta": 0.25456723072524506, "max_depth": 25.250878376247957, "n_estimators": 88.35178988810947}, "datetime": {"datetime": "2021-09-27 20:17:28", "elapsed": 805.299071, "delta": 2.407009}}
{"target": -10.565511884444884, "params": {"eta": 0.05141832719858906, "max_depth": 20.029487083304872, "n_estimators": 140.7767990401543}, "datetime": {"datetime": "2021-09-27 20:17:31", "elapsed": 807.859117, "delta": 2.560046}}
{"target": -10.312433766151793, "params": {"eta": 0.11378213074787412, "max_depth": 6.856957895097875, "n_estimators": 98.36278058297205}, "datetime": {"datetime": "2021-09-27 20:17:33", "elapsed": 810.238728, "delta": 2.379611}}
{"target": -11.105302161804117, "params": {"eta": 0.2738770054239625, "max_depth": 25.174899292840944, "n_estimators": 74.45206975524708}, "datetime": {"datetime": "2021-09-27 20:17:36", "elapsed": 812.677941, "delta": 2.439213}}
{"target": -11.114620593616442, "params": {"eta": 0.25625732299599496, "max_depth": 20.669944260540817, "n_estimators": 133.51992474831647}, "datetime": {"datetime": "2021-09-27 20:17:42", "elapsed": 819.21434, "delta": 6.536399}}
{"target": -10.261346840543412, "params": {"eta": 0.19031367837501956, "max_depth": 5.807178976562822, "n_estimators": 115.43265768095993}, "datetime": {"datetime": "2021-09-27 20:17:48", "elapsed": 824.423163, "delta": 5.208823}}
{"target": -10.195486522571615, "params": {"eta": 0.13564570675673993, "max_depth": 9.225120692175066, "n_estimators": 72.20809332101126}, "datetime": {"datetime": "2021-09-27 20:17:50", "elapsed": 826.73434, "delta": 2.311177}}
{"target": -10.962805207832172, "params": {"eta": 0.1804591149287597, "max_depth": 26.204333764283327, "n_estimators": 76.3206426688412}, "datetime": {"datetime": "2021-09-27 20:17:52", "elapsed": 829.285185, "delta": 2.550845}}
{"target": -10.519907922667153, "params": {"eta": 0.06604658996541936, "max_depth": 6.153540513000513, "n_estimators": 115.45485791630593}, "datetime": {"datetime": "2021-09-27 20:17:57", "elapsed": 833.636701, "delta": 4.351516}}
{"target": -10.8911544458175, "params": {"eta": 0.21820153366907485, "max_depth": 20.65855484903783, "n_estimators": 133.28937369092958}, "datetime": {"datetime": "2021-09-27 20:18:01", "elapsed": 837.698444, "delta": 4.061743}}
{"target": -10.688536578688772, "params": {"eta": 0.06833258323388673, "max_depth": 9.472878326624768, "n_estimators": 77.75012396891532}, "datetime": {"datetime": "2021-09-27 20:18:05", "elapsed": 842.200902, "delta": 4.502458}}
{"target": -10.608540834946538, "params": {"eta": 0.09855975246235009, "max_depth": 5.902154805814324, "n_estimators": 115.47519337192365}, "datetime": {"datetime": "2021-09-27 20:18:09", "elapsed": 846.229042, "delta": 4.02814}}
{"target": -10.713483180982388, "params": {"eta": 0.22317118273303793, "max_depth": 17.195870797851708, "n_estimators": 90.77678129840919}, "datetime": {"datetime": "2021-09-27 20:18:13", "elapsed": 850.277038, "delta": 4.047996}}
{"target": -10.455809980185208, "params": {"eta": 0.07516120388756699, "max_depth": 6.753616018232227, "n_estimators": 64.5878960209148}, "datetime": {"datetime": "2021-09-27 20:18:16", "elapsed": 852.453223, "delta": 2.176185}}
{"target": -10.739917124361538, "params": {"eta": 0.05026635518212698, "max_depth": 11.662959294288203, "n_estimators": 77.37924440516028}, "datetime": {"datetime": "2021-09-27 20:18:18", "elapsed": 854.966836, "delta": 2.513613}}
{"target": -10.542448178057667, "params": {"eta": 0.2517530880562783, "max_depth": 7.765636072310494, "n_estimators": 145.2042695417385}, "datetime": {"datetime": "2021-09-27 20:18:21", "elapsed": 857.614594, "delta": 2.647758}}
{"target": -11.376481109560094, "params": {"eta": 0.29265348572974054, "max_depth": 5.831639685613993, "n_estimators": 115.33022342542073}, "datetime": {"datetime": "2021-09-27 20:18:26", "elapsed": 862.395679, "delta": 4.781085}}
{"target": -11.4689807233374, "params": {"eta": 0.26127007267449026, "max_depth": 4.068187464292755, "n_estimators": 71.35544527129565}, "datetime": {"datetime": "2021-09-27 20:18:27", "elapsed": 864.242702, "delta": 1.847023}}
{"target": -10.44198401222632, "params": {"eta": 0.06791522316455532, "max_depth": 20.67394306677561, "n_estimators": 133.43268543490353}, "datetime": {"datetime": "2021-09-27 20:18:32", "elapsed": 868.568402, "delta": 4.3257}}
{"target": -14.193880610416826, "params": {"eta": 0.1641744930626921, "max_depth": 1.7798227641989044, "n_estimators": 139.19006648545047}, "datetime": {"datetime": "2021-09-27 20:18:34", "elapsed": 870.636761, "delta": 2.068359}}
{"target": -10.917418557035646, "params": {"eta": 0.10160334691833824, "max_depth": 20.219593542445715, "n_estimators": 115.15048866534902}, "datetime": {"datetime": "2021-09-27 20:18:36", "elapsed": 873.322937, "delta": 2.686176}}
{"target": -10.53551979967292, "params": {"eta": 0.0957392563127601, "max_depth": 19.486595903507023, "n_estimators": 89.91979527924423}, "datetime": {"datetime": "2021-09-27 20:18:39", "elapsed": 876.282288, "delta": 2.959351}}
{"target": -10.282142575898094, "params": {"eta": 0.13571985485946725, "max_depth": 28.828140199002195, "n_estimators": 66.03472608481884}, "datetime": {"datetime": "2021-09-27 20:18:42", "elapsed": 878.986767, "delta": 2.704479}}
{"target": -10.586767372327435, "params": {"eta": 0.08308254870770214, "max_depth": 18.955015953580283, "n_estimators": 108.44219362661187}, "datetime": {"datetime": "2021-09-27 20:18:47", "elapsed": 883.387821, "delta": 4.401054}}
{"target": -11.009458672125298, "params": {"eta": 0.2812580621014786, "max_depth": 13.514824213329794, "n_estimators": 134.73899857086502}, "datetime": {"datetime": "2021-09-27 20:18:49", "elapsed": 885.738887, "delta": 2.351066}}
{"target": -11.567633484956396, "params": {"eta": 0.2165671607621258, "max_depth": 24.32012064278042, "n_estimators": 76.67499204164969}, "datetime": {"datetime": "2021-09-27 20:18:53", "elapsed": 889.891745, "delta": 4.152858}}
{"target": -11.088928231381209, "params": {"eta": 0.08320099626206516, "max_depth": 5.873663073240811, "n_estimators": 115.26962715043102}, "datetime": {"datetime": "2021-09-27 20:18:57", "elapsed": 893.820981, "delta": 3.929236}}
{"target": -10.487306405473422, "params": {"eta": 0.061294313000071335, "max_depth": 33.81600513891453, "n_estimators": 87.86406311916906}, "datetime": {"datetime": "2021-09-27 20:19:01", "elapsed": 898.037287, "delta": 4.216306}}
{"target": -10.485372543022251, "params": {"eta": 0.1274971051974394, "max_depth": 21.552858022130664, "n_estimators": 55.257461526337494}, "datetime": {"datetime": "2021-09-27 20:19:05", "elapsed": 901.881226, "delta": 3.843939}}
{"target": -11.048683411311014, "params": {"eta": 0.15404075869102046, "max_depth": 9.854382883418891, "n_estimators": 78.02321476280707}, "datetime": {"datetime": "2021-09-27 20:19:10", "elapsed": 907.106758, "delta": 5.225532}}
{"target": -10.157230326769945, "params": {"eta": 0.08963297211578776, "max_depth": 28.287800075956433, "n_estimators": 51.53752735458583}, "datetime": {"datetime": "2021-09-27 20:19:13", "elapsed": 909.376678, "delta": 2.26992}}
{"target": -10.608777619800316, "params": {"eta": 0.06980953777963299, "max_depth": 13.888728029772544, "n_estimators": 143.88132898962766}, "datetime": {"datetime": "2021-09-27 20:19:15", "elapsed": 912.213804, "delta": 2.837126}}
{"target": -10.483114731145948, "params": {"eta": 0.09857048613354528, "max_depth": 9.636915997447714, "n_estimators": 77.97585840021601}, "datetime": {"datetime": "2021-09-27 20:19:19", "elapsed": 915.888445, "delta": 3.674641}}
{"target": -10.4968373826082, "params": {"eta": 0.1421480803321445, "max_depth": 23.80834856867983, "n_estimators": 78.58321366431161}, "datetime": {"datetime": "2021-09-27 20:19:22", "elapsed": 919.030689, "delta": 3.142244}}
{"target": -10.237394045054419, "params": {"eta": 0.14335654438276219, "max_depth": 33.6920045784384, "n_estimators": 69.15136403221314}, "datetime": {"datetime": "2021-09-27 20:19:25", "elapsed": 921.680286, "delta": 2.649597}}
{"target": -11.238007064723561, "params": {"eta": 0.2372100031185626, "max_depth": 33.91597800190212, "n_estimators": 143.40405920177307}, "datetime": {"datetime": "2021-09-27 20:19:28", "elapsed": 924.460508, "delta": 2.780222}}
{"target": -11.419940152739994, "params": {"eta": 0.2647366070686788, "max_depth": 6.270427625631283, "n_estimators": 85.18893582894663}, "datetime": {"datetime": "2021-09-27 20:19:30", "elapsed": 926.799542, "delta": 2.339034}}
{"target": -10.092210132703437, "params": {"eta": 0.16338614281338398, "max_depth": 24.524387315953657, "n_estimators": 76.77332936895766}, "datetime": {"datetime": "2021-09-27 20:19:34", "elapsed": 931.015811, "delta": 4.216269}}
{"target": -11.269424569003142, "params": {"eta": 0.10026799025991819, "max_depth": 5.0938366008541545, "n_estimators": 62.225349313460086}, "datetime": {"datetime": "2021-09-27 20:19:37", "elapsed": 933.631682, "delta": 2.615871}}
{"target": -10.158687427709369, "params": {"eta": 0.07510462704573083, "max_depth": 7.461611476542185, "n_estimators": 103.79503539134222}, "datetime": {"datetime": "2021-09-27 20:19:41", "elapsed": 938.243598, "delta": 4.611916}}
{"target": -10.719287920034573, "params": {"eta": 0.1764078088252483, "max_depth": 10.223132734318114, "n_estimators": 130.3771791134996}, "datetime": {"datetime": "2021-09-27 20:19:45", "elapsed": 941.539751, "delta": 3.296153}}
{"target": -10.486266062355847, "params": {"eta": 0.10879353863233913, "max_depth": 28.36218275963101, "n_estimators": 51.608450543235165}, "datetime": {"datetime": "2021-09-27 20:19:49", "elapsed": 945.731363, "delta": 4.191612}}
{"target": -10.79234053571088, "params": {"eta": 0.07213612986875874, "max_depth": 15.20307692285577, "n_estimators": 119.68258479997328}, "datetime": {"datetime": "2021-09-27 20:19:52", "elapsed": 948.708949, "delta": 2.977586}}
{"target": -11.323771681134062, "params": {"eta": 0.22229915734512218, "max_depth": 24.489724901470417, "n_estimators": 76.76844370121303}, "datetime": {"datetime": "2021-09-27 20:19:58", "elapsed": 955.143776, "delta": 6.434827}}
{"target": -11.364318378246544, "params": {"eta": 0.2591093176349363, "max_depth": 9.904468214939328, "n_estimators": 77.9324741283818}, "datetime": {"datetime": "2021-09-27 20:20:02", "elapsed": 959.029548, "delta": 3.885772}}
{"target": -10.185943640394566, "params": {"eta": 0.08034160889842083, "max_depth": 7.014669214125224, "n_estimators": 103.85837866475406}, "datetime": {"datetime": "2021-09-27 20:20:06", "elapsed": 962.863466, "delta": 3.833918}}
{"target": -11.059462199856643, "params": {"eta": 0.2279070992165294, "max_depth": 7.091911109487465, "n_estimators": 103.85721985760006}, "datetime": {"datetime": "2021-09-27 20:20:10", "elapsed": 966.64684, "delta": 3.783374}}
{"target": -10.306027155362989, "params": {"eta": 0.12970509986369155, "max_depth": 12.816972534637207, "n_estimators": 77.12091827972847}, "datetime": {"datetime": "2021-09-27 20:20:12", "elapsed": 969.188766, "delta": 2.541926}}
{"target": -11.337145330370642, "params": {"eta": 0.22010006040699664, "max_depth": 31.239675696042426, "n_estimators": 85.76774679899145}, "datetime": {"datetime": "2021-09-27 20:20:15", "elapsed": 972.08208, "delta": 2.893314}}
{"target": -10.441862632925888, "params": {"eta": 0.07750702036185812, "max_depth": 6.6459867575882665, "n_estimators": 126.18313854114585}, "datetime": {"datetime": "2021-09-27 20:20:18", "elapsed": 974.938808, "delta": 2.856728}}
{"target": -10.647524613058469, "params": {"eta": 0.09493855443607195, "max_depth": 5.960832935776224, "n_estimators": 115.05908389150015}, "datetime": {"datetime": "2021-09-27 20:20:21", "elapsed": 977.514121, "delta": 2.575313}}
{"target": -10.556393626741349, "params": {"eta": 0.16200312383121684, "max_depth": 28.775492136849163, "n_estimators": 66.14752131126082}, "datetime": {"datetime": "2021-09-27 20:20:25", "elapsed": 981.842945, "delta": 4.328824}}
{"target": -10.752614923254662, "params": {"eta": 0.12084127295034076, "max_depth": 9.10662742721329, "n_estimators": 72.19912947874701}, "datetime": {"datetime": "2021-09-27 20:20:29", "elapsed": 985.927221, "delta": 4.084276}}
{"target": -10.12785887069552, "params": {"eta": 0.06398498873637469, "max_depth": 20.696532290741697, "n_estimators": 63.849699156153875}, "datetime": {"datetime": "2021-09-27 20:20:31", "elapsed": 988.207143, "delta": 2.279922}}
{"target": -10.655457377072981, "params": {"eta": 0.18433054504276358, "max_depth": 33.26953102334621, "n_estimators": 114.16013301037523}, "datetime": {"datetime": "2021-09-27 20:20:34", "elapsed": 991.080299, "delta": 2.873156}}
{"target": -11.395395295778329, "params": {"eta": 0.2667881644957844, "max_depth": 8.599296031508697, "n_estimators": 144.7533864133992}, "datetime": {"datetime": "2021-09-27 20:20:37", "elapsed": 993.628444, "delta": 2.548145}}
{"target": -10.542600710033785, "params": {"eta": 0.23330234619726725, "max_depth": 28.00336514618523, "n_estimators": 104.0889720949638}, "datetime": {"datetime": "2021-09-27 20:20:42", "elapsed": 998.812407, "delta": 5.183963}}
{"target": -10.088377612752394, "params": {"eta": 0.08823780422251858, "max_depth": 7.439748887983219, "n_estimators": 104.31930774764953}, "datetime": {"datetime": "2021-09-27 20:20:47", "elapsed": 1003.650943, "delta": 4.838536}}
{"target": -11.459174513978143, "params": {"eta": 0.1796172134877453, "max_depth": 3.7430005699192437, "n_estimators": 51.19155005161636}, "datetime": {"datetime": "2021-09-27 20:20:49", "elapsed": 1005.975991, "delta": 2.325048}}
{"target": -10.68656769207081, "params": {"eta": 0.19202531883414148, "max_depth": 26.218391743163675, "n_estimators": 76.46999231839865}, "datetime": {"datetime": "2021-09-27 20:20:54", "elapsed": 1011.337834, "delta": 5.361843}}
{"target": -10.113307385189126, "params": {"eta": 0.10791712691336593, "max_depth": 21.63054573953221, "n_estimators": 62.636746812466285}, "datetime": {"datetime": "2021-09-27 20:20:57", "elapsed": 1014.118039, "delta": 2.780205}}
{"target": -10.355969074895121, "params": {"eta": 0.05923919164592796, "max_depth": 22.479196396407495, "n_estimators": 93.71070166708861}, "datetime": {"datetime": "2021-09-27 20:21:00", "elapsed": 1017.214759, "delta": 3.09672}}
{"target": -12.874152274137801, "params": {"eta": 0.1961866907805736, "max_depth": 2.202007850887599, "n_estimators": 68.84897661615986}, "datetime": {"datetime": "2021-09-27 20:21:03", "elapsed": 1019.556169, "delta": 2.34141}}
