{"target": -2.745320094886579, "params": {"eta": 0.625877155812261, "max_depth": 4.609021373544327, "n_estimators": 13.103728559567301}, "datetime": {"datetime": "2021-09-17 11:42:28", "elapsed": 1786.776216, "delta": 7.097393}}
{"target": -3.5960174861707186, "params": {"eta": 0.8501507173444145, "max_depth": 1.4187482423245503, "n_estimators": 8.408624738176954}, "datetime": {"datetime": "2021-09-17 11:42:32", "elapsed": 1790.510794, "delta": 3.734578}}
{"target": -20.369142713829092, "params": {"eta": 0.03158496211025277, "max_depth": 8.44373431558201, "n_estimators": 4.886364036745168}, "datetime": {"datetime": "2021-09-17 11:42:40", "elapsed": 1799.219177, "delta": 8.708383}}
{"target": -3.4477457473152557, "params": {"eta": 0.948537151600948, "max_depth": 8.676960895497386, "n_estimators": 4.170570815486871}, "datetime": {"datetime": "2021-09-17 11:42:48", "elapsed": 1806.865736, "delta": 7.646559}}
{"target": -3.068961603390543, "params": {"eta": 0.675641081233159, "max_depth": 2.511104876436187, "n_estimators": 14.566632598745748}, "datetime": {"datetime": "2021-09-17 11:42:52", "elapsed": 1810.701503, "delta": 3.835767}}
{"target": -3.4743396944121305, "params": {"eta": 1.0, "max_depth": 6.069326441112149, "n_estimators": 18.0}, "datetime": {"datetime": "2021-09-17 11:42:58", "elapsed": 1816.844795, "delta": 6.143292}}
{"target": -3.617168666187086, "params": {"eta": 0.9078652193754583, "max_depth": 7.772785727293748, "n_estimators": 4.170020481888626}, "datetime": {"datetime": "2021-09-17 11:43:04", "elapsed": 1823.218687, "delta": 6.373892}}
{"target": -3.5953460931777954, "params": {"eta": 1.0, "max_depth": 1.0, "n_estimators": 12.480501553632758}, "datetime": {"datetime": "2021-09-17 11:43:13", "elapsed": 1832.104465, "delta": 8.885778}}
{"target": -3.537389798854526, "params": {"eta": 1.0, "max_depth": 10.394297205532558, "n_estimators": 17.45466674822387}, "datetime": {"datetime": "2021-09-17 11:43:18", "elapsed": 1837.423544, "delta": 5.319079}}
{"target": -2.9856220684553447, "params": {"eta": 0.7109367761939627, "max_depth": 12.927927701908136, "n_estimators": 12.68065042524644}, "datetime": {"datetime": "2021-09-17 11:43:22", "elapsed": 1841.233821, "delta": 3.810277}}
{"target": -20.12165976072613, "params": {"eta": 0.01, "max_depth": 15.0, "n_estimators": 14.25002170142255}, "datetime": {"datetime": "2021-09-17 11:43:30", "elapsed": 1848.847038, "delta": 7.613217}}
{"target": -3.2031046396807623, "params": {"eta": 0.884544825134316, "max_depth": 10.079667488679458, "n_estimators": 10.525413667619004}, "datetime": {"datetime": "2021-09-17 11:43:34", "elapsed": 1852.657987, "delta": 3.810949}}
{"target": -7.224553943307775, "params": {"eta": 0.46795676213794984, "max_depth": 4.058095351692665, "n_estimators": 2.484008084954308}, "datetime": {"datetime": "2021-09-17 11:43:37", "elapsed": 1856.16321, "delta": 3.505223}}
{"target": -10.51925025488201, "params": {"eta": 0.050187705228022766, "max_depth": 1.2642851997384277, "n_estimators": 17.943919249976638}, "datetime": {"datetime": "2021-09-17 11:43:41", "elapsed": 1859.898575, "delta": 3.735365}}
{"target": -3.6069290656792488, "params": {"eta": 0.9335065651381208, "max_depth": 7.968256537198067, "n_estimators": 5.592032593780886}, "datetime": {"datetime": "2021-09-17 11:43:48", "elapsed": 1867.422683, "delta": 7.524108}}
{"target": -3.1960240652686673, "params": {"eta": 0.5678674278470976, "max_depth": 2.6114239045454406, "n_estimators": 8.44479280450359}, "datetime": {"datetime": "2021-09-17 11:43:52", "elapsed": 1871.126498, "delta": 3.703815}}
{"target": -2.4934164498981675, "params": {"eta": 0.4339110028294426, "max_depth": 14.49219319137272, "n_estimators": 13.168199272376306}, "datetime": {"datetime": "2021-09-17 11:44:02", "elapsed": 1880.65207, "delta": 9.525572}}
{"target": -3.106813768336647, "params": {"eta": 0.38562403378176563, "max_depth": 2.142836570962827, "n_estimators": 9.791625414329006}, "datetime": {"datetime": "2021-09-17 11:44:13", "elapsed": 1891.498675, "delta": 10.846605}}
{"target": -3.797512692526767, "params": {"eta": 1.0, "max_depth": 2.9604936475806647, "n_estimators": 5.495086671306763}, "datetime": {"datetime": "2021-09-17 11:44:20", "elapsed": 1899.193493, "delta": 7.694818}}
{"target": -7.764992151448602, "params": {"eta": 0.7122183996651557, "max_depth": 8.886668637687496, "n_estimators": 1.0394097154831061}, "datetime": {"datetime": "2021-09-17 11:44:29", "elapsed": 1907.81891, "delta": 8.625417}}
{"target": -2.7120146487888537, "params": {"eta": 0.45144889731139404, "max_depth": 8.522750443031196, "n_estimators": 6.8132809051371765}, "datetime": {"datetime": "2021-09-17 11:44:37", "elapsed": 1915.829609, "delta": 8.010699}}
{"target": -8.97359454694547, "params": {"eta": 0.08728205189719657, "max_depth": 10.815722585983169, "n_estimators": 11.127170550511849}, "datetime": {"datetime": "2021-09-17 11:44:41", "elapsed": 1919.960679, "delta": 4.13107}}
{"target": -3.4376063055113746, "params": {"eta": 0.8857705364856322, "max_depth": 11.155050472782545, "n_estimators": 11.578558512287811}, "datetime": {"datetime": "2021-09-17 11:44:49", "elapsed": 1928.175785, "delta": 8.215106}}
{"target": -3.4786131174940813, "params": {"eta": 0.9849576735071007, "max_depth": 8.248993426968386, "n_estimators": 4.53700478669003}, "datetime": {"datetime": "2021-09-17 11:44:57", "elapsed": 1936.344636, "delta": 8.168851}}
{"target": -2.7037296307714356, "params": {"eta": 0.49429158106366883, "max_depth": 11.585226811228006, "n_estimators": 11.2060567237617}, "datetime": {"datetime": "2021-09-17 11:45:06", "elapsed": 1945.170844, "delta": 8.826208}}
{"target": -3.874829362881811, "params": {"eta": 1.0, "max_depth": 7.323069916568711, "n_estimators": 3.5194467217069714}, "datetime": {"datetime": "2021-09-17 11:45:13", "elapsed": 1951.834297, "delta": 6.663453}}
{"target": -3.6309361122156436, "params": {"eta": 1.0, "max_depth": 15.0, "n_estimators": 2.8340006394314865}, "datetime": {"datetime": "2021-09-17 11:45:22", "elapsed": 1961.228984, "delta": 9.394687}}
{"target": -3.514339259423708, "params": {"eta": 1.0, "max_depth": 9.581784765048019, "n_estimators": 17.74618129207696}, "datetime": {"datetime": "2021-09-17 11:45:30", "elapsed": 1968.82299, "delta": 7.594006}}
{"target": -3.2508744377838936, "params": {"eta": 1.0, "max_depth": 4.9710623521491915, "n_estimators": 11.151314548688157}, "datetime": {"datetime": "2021-09-17 11:45:40", "elapsed": 1979.288557, "delta": 10.465567}}
{"target": -3.537036070384477, "params": {"eta": 1.0, "max_depth": 10.212742999757658, "n_estimators": 12.228936635382292}, "datetime": {"datetime": "2021-09-17 11:45:51", "elapsed": 1990.427619, "delta": 11.139062}}
{"target": -10.159639569960142, "params": {"eta": 0.3531567263175096, "max_depth": 14.676919864373762, "n_estimators": 2.5792545276907615}, "datetime": {"datetime": "2021-09-17 11:46:04", "elapsed": 2002.850641, "delta": 12.423022}}
{"target": -3.158276231037943, "params": {"eta": 0.6215215550300057, "max_depth": 2.739430343221388, "n_estimators": 14.233801880336294}, "datetime": {"datetime": "2021-09-17 11:46:08", "elapsed": 2006.504241, "delta": 3.6536}}
{"target": -2.656719332619717, "params": {"eta": 0.5634733961383601, "max_depth": 14.565571550126524, "n_estimators": 13.633518429025154}, "datetime": {"datetime": "2021-09-17 11:46:15", "elapsed": 2013.777274, "delta": 7.273033}}
{"target": -2.8393253025255705, "params": {"eta": 0.35408163178401, "max_depth": 3.71338659228003, "n_estimators": 13.116156294339893}, "datetime": {"datetime": "2021-09-17 11:46:19", "elapsed": 2017.677625, "delta": 3.900351}}
{"target": -3.4609121887307417, "params": {"eta": 0.9872622685223037, "max_depth": 11.135131821593419, "n_estimators": 17.314421023978422}, "datetime": {"datetime": "2021-09-17 11:46:31", "elapsed": 2029.511781, "delta": 11.834156}}
{"target": -3.8036277614141767, "params": {"eta": 1.0, "max_depth": 13.58700380589381, "n_estimators": 17.307826638143602}, "datetime": {"datetime": "2021-09-17 11:46:37", "elapsed": 2035.455473, "delta": 5.943692}}
{"target": -21.323152307146476, "params": {"eta": 0.01130819429895577, "max_depth": 8.356205243427361, "n_estimators": 7.209477418713746}, "datetime": {"datetime": "2021-09-17 11:46:44", "elapsed": 2043.375172, "delta": 7.919699}}
{"target": -3.266290840977117, "params": {"eta": 0.9663108755812393, "max_depth": 8.422740759055158, "n_estimators": 6.544786213868044}, "datetime": {"datetime": "2021-09-17 11:46:53", "elapsed": 2052.004017, "delta": 8.628845}}
{"target": -2.564884992649681, "params": {"eta": 0.39180249429760544, "max_depth": 7.3826290726078465, "n_estimators": 9.452472128441658}, "datetime": {"datetime": "2021-09-17 11:46:57", "elapsed": 2055.922658, "delta": 3.918641}}
{"target": -3.2676452072043167, "params": {"eta": 0.7347165815594738, "max_depth": 7.786798195959639, "n_estimators": 9.392308021333921}, "datetime": {"datetime": "2021-09-17 11:47:11", "elapsed": 2069.626297, "delta": 13.703639}}
{"target": -3.160176363116817, "params": {"eta": 0.8247753956462759, "max_depth": 7.220359097585079, "n_estimators": 9.187537775182454}, "datetime": {"datetime": "2021-09-17 11:47:20", "elapsed": 2079.01546, "delta": 9.389163}}
{"target": -3.0592729606126485, "params": {"eta": 0.7454026015859191, "max_depth": 11.700235498680414, "n_estimators": 9.700199454702572}, "datetime": {"datetime": "2021-09-17 11:47:24", "elapsed": 2083.024997, "delta": 4.009537}}
{"target": -3.3674482656152627, "params": {"eta": 0.8054938968042751, "max_depth": 7.956605906214408, "n_estimators": 10.518423198763296}, "datetime": {"datetime": "2021-09-17 11:47:28", "elapsed": 2086.75514, "delta": 3.730143}}
{"target": -2.507633683556005, "params": {"eta": 0.37154383103283933, "max_depth": 7.834523293007432, "n_estimators": 9.868528064390036}, "datetime": {"datetime": "2021-09-17 11:47:37", "elapsed": 2095.871301, "delta": 9.116161}}
{"target": -3.0148408061579652, "params": {"eta": 0.36411691074175273, "max_depth": 8.88571749544867, "n_estimators": 6.412154162165249}, "datetime": {"datetime": "2021-09-17 11:47:43", "elapsed": 2102.234153, "delta": 6.362852}}
{"target": -3.8033069786272553, "params": {"eta": 1.0, "max_depth": 13.20703897870124, "n_estimators": 9.805846868528333}, "datetime": {"datetime": "2021-09-17 11:47:50", "elapsed": 2108.993062, "delta": 6.758909}}
{"target": -5.631329630550585, "params": {"eta": 0.1829784113222699, "max_depth": 1.3455371692535412, "n_estimators": 9.691875996255575}, "datetime": {"datetime": "2021-09-17 11:47:54", "elapsed": 2113.181943, "delta": 4.188881}}
{"target": -3.5094477443318617, "params": {"eta": 0.9915738553903902, "max_depth": 7.715917868338555, "n_estimators": 6.851551694817255}, "datetime": {"datetime": "2021-09-17 11:48:04", "elapsed": 2123.177459, "delta": 9.995516}}
{"target": -2.597623247849314, "params": {"eta": 0.4209975155925329, "max_depth": 9.969941916204887, "n_estimators": 12.486276683258103}, "datetime": {"datetime": "2021-09-17 11:48:14", "elapsed": 2132.475753, "delta": 9.298294}}
{"target": -14.444159349642304, "params": {"eta": 0.1520093392371245, "max_depth": 2.207945480969968, "n_estimators": 3.0329641698741}, "datetime": {"datetime": "2021-09-17 11:48:18", "elapsed": 2136.643738, "delta": 4.167985}}
{"target": -3.2176339902375872, "params": {"eta": 0.7780882694575206, "max_depth": 8.77915713653569, "n_estimators": 6.837695313389458}, "datetime": {"datetime": "2021-09-17 11:48:24", "elapsed": 2143.257764, "delta": 6.614026}}
{"target": -2.694269359111786, "params": {"eta": 0.4994837652850352, "max_depth": 7.331145914942736, "n_estimators": 9.91811436343054}, "datetime": {"datetime": "2021-09-17 11:48:32", "elapsed": 2150.955438, "delta": 7.697674}}
{"target": -3.553790669064773, "params": {"eta": 1.0, "max_depth": 9.486772981312498, "n_estimators": 3.081670503655142}, "datetime": {"datetime": "2021-09-17 11:48:40", "elapsed": 2159.169112, "delta": 8.213674}}
{"target": -3.8413805977294317, "params": {"eta": 1.0, "max_depth": 7.269078603827301, "n_estimators": 18.0}, "datetime": {"datetime": "2021-09-17 11:48:48", "elapsed": 2167.006369, "delta": 7.837257}}
{"target": -5.326071187069541, "params": {"eta": 1.0, "max_depth": 1.7982744493453955, "n_estimators": 1.0}, "datetime": {"datetime": "2021-09-17 11:48:55", "elapsed": 2173.870276, "delta": 6.863907}}
{"target": -3.5675565311783237, "params": {"eta": 1.0, "max_depth": 4.730250634309756, "n_estimators": 3.2504686853071307}, "datetime": {"datetime": "2021-09-17 11:49:01", "elapsed": 2180.416951, "delta": 6.546675}}
{"target": -3.9027982084374684, "params": {"eta": 1.0, "max_depth": 1.0, "n_estimators": 5.2292705343871875}, "datetime": {"datetime": "2021-09-17 11:49:09", "elapsed": 2187.612349, "delta": 7.195398}}
{"target": -21.715910888737756, "params": {"eta": 0.01, "max_depth": 15.0, "n_estimators": 6.505084444266256}, "datetime": {"datetime": "2021-09-17 11:49:18", "elapsed": 2197.014193, "delta": 9.401844}}
{"target": -2.94728811226393, "params": {"eta": 0.4086051602309, "max_depth": 14.037206835688977, "n_estimators": 6.154805402214906}, "datetime": {"datetime": "2021-09-17 11:49:34", "elapsed": 2213.012276, "delta": 15.998083}}
{"target": -3.563116331790623, "params": {"eta": 0.9679788802021917, "max_depth": 11.01880103434943, "n_estimators": 13.098576878802083}, "datetime": {"datetime": "2021-09-17 11:49:42", "elapsed": 2220.698821, "delta": 7.686545}}
{"target": -7.231554730942375, "params": {"eta": 0.26919872419604673, "max_depth": 6.505087657451378, "n_estimators": 4.335312784845936}, "datetime": {"datetime": "2021-09-17 11:49:46", "elapsed": 2224.811771, "delta": 4.11295}}
{"target": -3.751012094083586, "params": {"eta": 1.0, "max_depth": 14.176975823577369, "n_estimators": 12.523918053248037}, "datetime": {"datetime": "2021-09-17 11:49:54", "elapsed": 2233.019719, "delta": 8.207948}}
{"target": -4.45810604095459, "params": {"eta": 0.6401585483403469, "max_depth": 4.699888642031326, "n_estimators": 2.1108506221620833}, "datetime": {"datetime": "2021-09-17 11:49:59", "elapsed": 2237.600728, "delta": 4.581009}}
{"target": -3.0185779489968954, "params": {"eta": 0.6068809774570322, "max_depth": 12.828021428963094, "n_estimators": 16.726378796356865}, "datetime": {"datetime": "2021-09-17 11:50:06", "elapsed": 2244.971186, "delta": 7.370458}}
{"target": -3.5373409622593925, "params": {"eta": 1.0, "max_depth": 10.381188542898688, "n_estimators": 14.255652738759283}, "datetime": {"datetime": "2021-09-17 11:50:13", "elapsed": 2251.783953, "delta": 6.812767}}
{"target": -3.7164601464020577, "params": {"eta": 1.0, "max_depth": 1.0, "n_estimators": 7.784034475212404}, "datetime": {"datetime": "2021-09-17 11:50:18", "elapsed": 2257.379449, "delta": 5.595496}}
{"target": -3.4345101237297064, "params": {"eta": 0.9709311712186127, "max_depth": 7.4143034497652165, "n_estimators": 6.676585204253868}, "datetime": {"datetime": "2021-09-17 11:50:23", "elapsed": 2261.619542, "delta": 4.240093}}
{"target": -3.6148241140340502, "params": {"eta": 1.0, "max_depth": 9.112991176012864, "n_estimators": 2.368210992326803}, "datetime": {"datetime": "2021-09-17 11:50:33", "elapsed": 2271.755276, "delta": 10.135734}}
{"target": -13.507160061597824, "params": {"eta": 0.0600230433666434, "max_depth": 8.501808456503001, "n_estimators": 9.252918114875747}, "datetime": {"datetime": "2021-09-17 11:50:46", "elapsed": 2284.828675, "delta": 13.073399}}
{"target": -3.234916479964005, "params": {"eta": 0.8406602607809519, "max_depth": 4.587273448604192, "n_estimators": 17.92505180278609}, "datetime": {"datetime": "2021-09-17 11:50:50", "elapsed": 2289.096115, "delta": 4.26744}}
{"target": -7.114046229814227, "params": {"eta": 0.4724858807375083, "max_depth": 10.265473879731784, "n_estimators": 2.653539185934673}, "datetime": {"datetime": "2021-09-17 11:50:54", "elapsed": 2293.134144, "delta": 4.038029}}
{"target": -3.1752215655226457, "params": {"eta": 0.6879444112197738, "max_depth": 6.849648451466855, "n_estimators": 3.4153007944203266}, "datetime": {"datetime": "2021-09-17 11:50:58", "elapsed": 2297.026138, "delta": 3.891994}}
{"target": -2.448059775954799, "params": {"eta": 0.48869043927581546, "max_depth": 4.873582885587826, "n_estimators": 17.58214408242134}, "datetime": {"datetime": "2021-09-17 11:51:12", "elapsed": 2311.17774, "delta": 14.151602}}
{"target": -4.532555913297753, "params": {"eta": 0.18514481178380715, "max_depth": 13.42752300740194, "n_estimators": 9.652623618813543}, "datetime": {"datetime": "2021-09-17 11:51:16", "elapsed": 2315.434046, "delta": 4.256306}}
{"target": -2.6550817489624023, "params": {"eta": 0.5194839417423878, "max_depth": 9.059423776099873, "n_estimators": 8.317925087197409}, "datetime": {"datetime": "2021-09-17 11:51:31", "elapsed": 2330.278126, "delta": 14.84408}}
{"target": -3.506311799977955, "params": {"eta": 0.9794864088156712, "max_depth": 9.42047526329785, "n_estimators": 13.80863016483505}, "datetime": {"datetime": "2021-09-17 11:51:40", "elapsed": 2339.318115, "delta": 9.039989}}
{"target": -6.986635897661511, "params": {"eta": 0.4804753984510797, "max_depth": 8.164253173110882, "n_estimators": 2.404868764327114}, "datetime": {"datetime": "2021-09-17 11:51:45", "elapsed": 2343.962936, "delta": 4.644821}}
{"target": -2.798921621473212, "params": {"eta": 0.5801751315869537, "max_depth": 6.460729765675873, "n_estimators": 16.035412017638365}, "datetime": {"datetime": "2021-09-17 11:51:49", "elapsed": 2348.219985, "delta": 4.257049}}
{"target": -3.578593035748131, "params": {"eta": 1.0, "max_depth": 5.769128913423052, "n_estimators": 13.412536069021128}, "datetime": {"datetime": "2021-09-17 11:51:57", "elapsed": 2355.64448, "delta": 7.424495}}
{"target": -3.5266077763155885, "params": {"eta": 0.961408339749344, "max_depth": 6.758566608879243, "n_estimators": 16.336837504981496}, "datetime": {"datetime": "2021-09-17 11:52:07", "elapsed": 2366.161154, "delta": 10.516674}}
{"target": -3.2209849508185133, "params": {"eta": 0.9438439088884341, "max_depth": 4.32642287469711, "n_estimators": 17.283312444129688}, "datetime": {"datetime": "2021-09-17 11:52:17", "elapsed": 2375.766308, "delta": 9.605154}}
{"target": -2.3574275706943713, "params": {"eta": 0.4622826277730429, "max_depth": 6.122931530301933, "n_estimators": 16.564651044284997}, "datetime": {"datetime": "2021-09-17 11:52:29", "elapsed": 2388.074257, "delta": 12.307949}}
{"target": -2.692776966094971, "params": {"eta": 0.4126439819797365, "max_depth": 3.291732827270735, "n_estimators": 10.15304005057859}, "datetime": {"datetime": "2021-09-17 11:52:39", "elapsed": 2398.223676, "delta": 10.149419}}
{"target": -2.4535318104844346, "params": {"eta": 0.45848247509811035, "max_depth": 4.710081592946193, "n_estimators": 16.969531081660737}, "datetime": {"datetime": "2021-09-17 11:52:52", "elapsed": 2410.569266, "delta": 12.34559}}
{"target": -19.542969327537637, "params": {"eta": 0.01, "max_depth": 4.989437594740416, "n_estimators": 17.32567344906289}, "datetime": {"datetime": "2021-09-17 11:53:04", "elapsed": 2423.383104, "delta": 12.813838}}
{"target": -21.706174400605654, "params": {"eta": 0.05915469250272882, "max_depth": 8.044708215107118, "n_estimators": 1.5871044201424729}, "datetime": {"datetime": "2021-09-17 11:53:09", "elapsed": 2427.677488, "delta": 4.294384}}
{"target": -2.971193325519562, "params": {"eta": 0.724363649627186, "max_depth": 5.304507730083257, "n_estimators": 17.506648866538253}, "datetime": {"datetime": "2021-09-17 11:53:17", "elapsed": 2435.935905, "delta": 8.258417}}
{"target": -3.237862706184387, "params": {"eta": 0.8905075347858128, "max_depth": 14.339127765767069, "n_estimators": 8.661642517164243}, "datetime": {"datetime": "2021-09-17 11:53:21", "elapsed": 2440.430465, "delta": 4.49456}}
{"target": -3.4930233993028335, "params": {"eta": 1.0, "max_depth": 8.847366972801227, "n_estimators": 18.0}, "datetime": {"datetime": "2021-09-17 11:53:32", "elapsed": 2450.7127, "delta": 10.282235}}
{"target": -2.5651927439790025, "params": {"eta": 0.4832343624654163, "max_depth": 5.520040190220307, "n_estimators": 16.912634000463814}, "datetime": {"datetime": "2021-09-17 11:53:45", "elapsed": 2463.57095, "delta": 12.85825}}
{"target": -3.9027982084374684, "params": {"eta": 1.0, "max_depth": 1.7499951945633738, "n_estimators": 5.680127699376059}, "datetime": {"datetime": "2021-09-17 11:53:53", "elapsed": 2471.904896, "delta": 8.333946}}
{"target": -3.714480492943211, "params": {"eta": 1.0, "max_depth": 15.0, "n_estimators": 3.511786200380288}, "datetime": {"datetime": "2021-09-17 11:54:02", "elapsed": 2481.260754, "delta": 9.355858}}
{"target": -6.418073396933705, "params": {"eta": 0.11865935106723839, "max_depth": 5.599609834431574, "n_estimators": 11.7174981884527}, "datetime": {"datetime": "2021-09-17 11:54:18", "elapsed": 2496.454775, "delta": 15.194021}}
{"target": -3.490813475533535, "params": {"eta": 1.0, "max_depth": 8.595244586131626, "n_estimators": 11.819809094385514}, "datetime": {"datetime": "2021-09-17 11:54:25", "elapsed": 2503.987365, "delta": 7.53259}}
{"target": -2.51531032386579, "params": {"eta": 0.4815191362097454, "max_depth": 4.094466537722563, "n_estimators": 16.83235386056061}, "datetime": {"datetime": "2021-09-17 11:54:39", "elapsed": 2517.813758, "delta": 13.826393}}
{"target": -17.822462057910467, "params": {"eta": 0.05235129247468244, "max_depth": 5.315337464899184, "n_estimators": 5.9792076702750885}, "datetime": {"datetime": "2021-09-17 11:54:43", "elapsed": 2522.07504, "delta": 4.261282}}
{"target": -3.3471873057516, "params": {"eta": 0.3379561461156708, "max_depth": 5.219618558027039, "n_estimators": 6.710997339706426}, "datetime": {"datetime": "2021-09-17 11:54:56", "elapsed": 2535.106485, "delta": 13.031445}}
{"target": -3.6195426890724582, "params": {"eta": 1.0, "max_depth": 1.6439483154884957, "n_estimators": 10.859578079462098}, "datetime": {"datetime": "2021-09-17 11:55:07", "elapsed": 2545.619674, "delta": 10.513189}}
