{"target": -11.348102429433105, "params": {"eta": 0.27572920175152066, "max_depth": 7.344608605547142, "n_estimators": 132.23308839679459}, "datetime": {"datetime": "2021-09-27 19:34:29", "elapsed": 72.592803, "delta": 1.035893}}
{"target": -10.575612208245385, "params": {"eta": 0.1620173978910251, "max_depth": 33.62380638083172, "n_estimators": 138.19602844253373}, "datetime": {"datetime": "2021-09-27 19:34:31", "elapsed": 74.463799, "delta": 1.870996}}
{"target": -12.287185567824592, "params": {"eta": 0.24129664234343934, "max_depth": 2.457848002005557, "n_estimators": 124.94268563572282}, "datetime": {"datetime": "2021-09-27 19:34:31", "elapsed": 74.936801, "delta": 0.473002}}
{"target": -11.184881590243519, "params": {"eta": 0.22401374258204865, "max_depth": 31.788006487939093, "n_estimators": 112.37343008862943}, "datetime": {"datetime": "2021-09-27 19:34:33", "elapsed": 76.378196, "delta": 1.441395}}
{"target": -10.772869553250755, "params": {"eta": 0.11814240617151602, "max_depth": 10.113518701827171, "n_estimators": 113.6389438312898}, "datetime": {"datetime": "2021-09-27 19:34:34", "elapsed": 77.709678, "delta": 1.331482}}
{"target": -10.601938936651504, "params": {"eta": 0.06507152949537716, "max_depth": 28.002261069079506, "n_estimators": 153.1748193388576}, "datetime": {"datetime": "2021-09-27 19:34:37", "elapsed": 80.225258, "delta": 2.51558}}
{"target": -10.81139387229938, "params": {"eta": 0.05111301958464655, "max_depth": 18.892767271371255, "n_estimators": 158.07083264430096}, "datetime": {"datetime": "2021-09-27 19:34:40", "elapsed": 83.0998, "delta": 2.874542}}
{"target": -11.229416927025037, "params": {"eta": 0.22711891070586854, "max_depth": 15.85403700592086, "n_estimators": 164.9600320704904}, "datetime": {"datetime": "2021-09-27 19:34:41", "elapsed": 84.431012, "delta": 1.331212}}
{"target": -10.581926353250633, "params": {"eta": 0.1103345763767953, "max_depth": 32.04077114639131, "n_estimators": 135.13163169428145}, "datetime": {"datetime": "2021-09-27 19:34:43", "elapsed": 86.92184, "delta": 2.490828}}
{"target": -10.756228538900503, "params": {"eta": 0.10199989302352681, "max_depth": 4.441988040807198, "n_estimators": 101.51732528853071}, "datetime": {"datetime": "2021-09-27 19:34:44", "elapsed": 87.596471, "delta": 0.674631}}
{"target": -11.304591771802833, "params": {"eta": 0.2204262827083892, "max_depth": 27.912966190031828, "n_estimators": 153.06425770128817}, "datetime": {"datetime": "2021-09-27 19:34:45", "elapsed": 88.96547, "delta": 1.368999}}
{"target": -10.951355424638413, "params": {"eta": 0.12174771592781776, "max_depth": 5.195447691751475, "n_estimators": 108.82167208253702}, "datetime": {"datetime": "2021-09-27 19:34:46", "elapsed": 89.775764, "delta": 0.810294}}
{"target": -11.187838533754098, "params": {"eta": 0.29928972385361957, "max_depth": 14.831526987802977, "n_estimators": 144.2144631112522}, "datetime": {"datetime": "2021-09-27 19:34:47", "elapsed": 90.873762, "delta": 1.097998}}
{"target": -10.52317645640026, "params": {"eta": 0.22293452700310845, "max_depth": 4.880473311158637, "n_estimators": 173.8587164475726}, "datetime": {"datetime": "2021-09-27 19:34:48", "elapsed": 91.728765, "delta": 0.855003}}
{"target": -10.879165468742102, "params": {"eta": 0.141198208942048, "max_depth": 33.364150695323616, "n_estimators": 138.33642177950261}, "datetime": {"datetime": "2021-09-27 19:34:51", "elapsed": 94.063919, "delta": 2.335154}}
{"target": -10.492685430541062, "params": {"eta": 0.22137419744835457, "max_depth": 11.482712716227944, "n_estimators": 143.0162942720071}, "datetime": {"datetime": "2021-09-27 19:34:52", "elapsed": 95.35083, "delta": 1.286911}}
{"target": -11.045817286837227, "params": {"eta": 0.14268983956423048, "max_depth": 3.3229418327446534, "n_estimators": 136.3672704739874}, "datetime": {"datetime": "2021-09-27 19:34:53", "elapsed": 96.030829, "delta": 0.679999}}
{"target": -10.64235183321611, "params": {"eta": 0.1759905268832545, "max_depth": 34.5652745710071, "n_estimators": 194.93734138491527}, "datetime": {"datetime": "2021-09-27 19:34:54", "elapsed": 97.83067, "delta": 1.799841}}
{"target": -10.359257859692956, "params": {"eta": 0.14913184277919922, "max_depth": 7.052094439078209, "n_estimators": 153.80694082852673}, "datetime": {"datetime": "2021-09-27 19:34:56", "elapsed": 99.333675, "delta": 1.503005}}
{"target": -10.60908679889352, "params": {"eta": 0.23366800769518747, "max_depth": 18.58493325191122, "n_estimators": 150.65474213713952}, "datetime": {"datetime": "2021-09-27 19:34:57", "elapsed": 100.745339, "delta": 1.411664}}
{"target": -10.539954097873343, "params": {"eta": 0.12127314100639115, "max_depth": 17.3521158635628, "n_estimators": 103.19326467433841}, "datetime": {"datetime": "2021-09-27 19:34:59", "elapsed": 102.433127, "delta": 1.687788}}
{"target": -10.121973961142938, "params": {"eta": 0.09646867259198673, "max_depth": 24.678464097484262, "n_estimators": 159.98648776582158}, "datetime": {"datetime": "2021-09-27 19:35:02", "elapsed": 105.142492, "delta": 2.709365}}
{"target": -11.241375049720011, "params": {"eta": 0.12296539653754247, "max_depth": 27.210937357006625, "n_estimators": 189.94284045620327}, "datetime": {"datetime": "2021-09-27 19:35:04", "elapsed": 107.412075, "delta": 2.269583}}
{"target": -10.154465996583523, "params": {"eta": 0.19431691712722837, "max_depth": 28.286439878902705, "n_estimators": 119.8427442132804}, "datetime": {"datetime": "2021-09-27 19:35:06", "elapsed": 109.707377, "delta": 2.295302}}
{"target": -10.922108119527962, "params": {"eta": 0.1518253442168468, "max_depth": 23.308374040745605, "n_estimators": 153.36989942028063}, "datetime": {"datetime": "2021-09-27 19:35:08", "elapsed": 111.625592, "delta": 1.918215}}
{"target": -11.124607502825686, "params": {"eta": 0.2329466760243057, "max_depth": 30.945611987921872, "n_estimators": 139.7289809261187}, "datetime": {"datetime": "2021-09-27 19:35:10", "elapsed": 113.198991, "delta": 1.573399}}
{"target": -10.788562319097066, "params": {"eta": 0.1643579542494849, "max_depth": 10.654796487977986, "n_estimators": 144.8600585352742}, "datetime": {"datetime": "2021-09-27 19:35:12", "elapsed": 115.186428, "delta": 1.987437}}
{"target": -11.160265920474803, "params": {"eta": 0.09165459191585278, "max_depth": 3.1907372056171592, "n_estimators": 186.6904984021121}, "datetime": {"datetime": "2021-09-27 19:35:13", "elapsed": 116.170928, "delta": 0.9845}}
{"target": -11.150967899552752, "params": {"eta": 0.23782510129334988, "max_depth": 28.281120403141507, "n_estimators": 116.84263179362551}, "datetime": {"datetime": "2021-09-27 19:35:14", "elapsed": 117.499455, "delta": 1.328527}}
{"target": -10.434776344350718, "params": {"eta": 0.21031185167958855, "max_depth": 6.2003862740389515, "n_estimators": 154.17824932254945}, "datetime": {"datetime": "2021-09-27 19:35:15", "elapsed": 118.855454, "delta": 1.355999}}
{"target": -10.890751096211092, "params": {"eta": 0.17972371441079743, "max_depth": 6.936882308769545, "n_estimators": 185.77757011535653}, "datetime": {"datetime": "2021-09-27 19:35:17", "elapsed": 120.030453, "delta": 1.174999}}
{"target": -10.923303076887397, "params": {"eta": 0.0757816910796117, "max_depth": 23.915190451248755, "n_estimators": 164.57126135790548}, "datetime": {"datetime": "2021-09-27 19:35:19", "elapsed": 122.779094, "delta": 2.748641}}
{"target": -11.502872382525894, "params": {"eta": 0.2166476959428355, "max_depth": 14.947840371614772, "n_estimators": 198.7564471006965}, "datetime": {"datetime": "2021-09-27 19:35:21", "elapsed": 124.531525, "delta": 1.752431}}
{"target": -10.72399629246413, "params": {"eta": 0.11059534993234561, "max_depth": 31.610001567556793, "n_estimators": 148.28753237481536}, "datetime": {"datetime": "2021-09-27 19:35:23", "elapsed": 126.522524, "delta": 1.990999}}
{"target": -10.66049059952254, "params": {"eta": 0.21082386743636833, "max_depth": 25.234657918379856, "n_estimators": 161.02301291799378}, "datetime": {"datetime": "2021-09-27 19:35:25", "elapsed": 128.235313, "delta": 1.712789}}
{"target": -15.271347945057851, "params": {"eta": 0.06517549723409706, "max_depth": 1.2052613383982405, "n_estimators": 115.20629230454736}, "datetime": {"datetime": "2021-09-27 19:35:25", "elapsed": 128.899312, "delta": 0.663999}}
{"target": -10.867122107541997, "params": {"eta": 0.17612202844709884, "max_depth": 17.491339793959018, "n_estimators": 194.5769221769478}, "datetime": {"datetime": "2021-09-27 19:35:27", "elapsed": 130.695208, "delta": 1.795896}}
{"target": -10.161823553973063, "params": {"eta": 0.06764911134014297, "max_depth": 28.224659809857407, "n_estimators": 119.67545769822918}, "datetime": {"datetime": "2021-09-27 19:35:29", "elapsed": 132.927851, "delta": 2.232643}}
{"target": -11.276347178367248, "params": {"eta": 0.24846687803595158, "max_depth": 26.715894122599238, "n_estimators": 179.231457253428}, "datetime": {"datetime": "2021-09-27 19:35:31", "elapsed": 134.554053, "delta": 1.626202}}
{"target": -10.982404246299927, "params": {"eta": 0.2900798971574041, "max_depth": 24.61386939262678, "n_estimators": 159.94441099178772}, "datetime": {"datetime": "2021-09-27 19:35:32", "elapsed": 135.963053, "delta": 1.409}}
{"target": -10.808655008326973, "params": {"eta": 0.16551238176495064, "max_depth": 28.007992046584025, "n_estimators": 119.74968952247036}, "datetime": {"datetime": "2021-09-27 19:35:34", "elapsed": 137.730906, "delta": 1.767853}}
{"target": -13.42682903434527, "params": {"eta": 0.2517944162393946, "max_depth": 1.6559068033422946, "n_estimators": 128.9213797651537}, "datetime": {"datetime": "2021-09-27 19:35:35", "elapsed": 138.3589, "delta": 0.627994}}
{"target": -10.573455830609339, "params": {"eta": 0.19357384175990067, "max_depth": 34.03028225403018, "n_estimators": 193.73364343683903}, "datetime": {"datetime": "2021-09-27 19:35:37", "elapsed": 140.102761, "delta": 1.743861}}
{"target": -10.72753166639278, "params": {"eta": 0.2906811930749653, "max_depth": 26.612125112888275, "n_estimators": 127.72281662709716}, "datetime": {"datetime": "2021-09-27 19:35:38", "elapsed": 141.397758, "delta": 1.294997}}
{"target": -10.79096348897713, "params": {"eta": 0.08989345237682093, "max_depth": 23.995648005390652, "n_estimators": 161.24017292564167}, "datetime": {"datetime": "2021-09-27 19:35:41", "elapsed": 144.305641, "delta": 2.907883}}
{"target": -10.481200326485569, "params": {"eta": 0.09555440818478296, "max_depth": 28.366202241331923, "n_estimators": 119.600305520724}, "datetime": {"datetime": "2021-09-27 19:35:43", "elapsed": 146.414708, "delta": 2.109067}}
{"target": -10.867241053681303, "params": {"eta": 0.05752380618656612, "max_depth": 28.252691198961596, "n_estimators": 119.91768804749864}, "datetime": {"datetime": "2021-09-27 19:35:45", "elapsed": 148.646465, "delta": 2.231757}}
{"target": -11.163655448302082, "params": {"eta": 0.183538690198841, "max_depth": 18.64118640411479, "n_estimators": 194.00132940583904}, "datetime": {"datetime": "2021-09-27 19:35:47", "elapsed": 150.282463, "delta": 1.635998}}
{"target": -11.13780509745645, "params": {"eta": 0.063248956489512, "max_depth": 5.546798396873504, "n_estimators": 113.59469126489104}, "datetime": {"datetime": "2021-09-27 19:35:48", "elapsed": 151.348466, "delta": 1.066003}}
{"target": -10.39529359395815, "params": {"eta": 0.052425720819450364, "max_depth": 19.160992154242667, "n_estimators": 158.28823888468315}, "datetime": {"datetime": "2021-09-27 19:35:51", "elapsed": 154.505587, "delta": 3.157121}}
{"target": -11.791070288329571, "params": {"eta": 0.2598912622836838, "max_depth": 18.845700461501206, "n_estimators": 158.34675255302895}, "datetime": {"datetime": "2021-09-27 19:35:53", "elapsed": 156.19859, "delta": 1.693003}}
{"target": -10.663400793200921, "params": {"eta": 0.08826275150709943, "max_depth": 33.52054096658661, "n_estimators": 135.82956926251268}, "datetime": {"datetime": "2021-09-27 19:35:55", "elapsed": 158.669672, "delta": 2.471082}}
{"target": -10.351815078919282, "params": {"eta": 0.13922374031411128, "max_depth": 7.078462238547917, "n_estimators": 153.6067937716087}, "datetime": {"datetime": "2021-09-27 19:35:57", "elapsed": 160.279768, "delta": 1.610096}}
{"target": -10.92620568985584, "params": {"eta": 0.23103822089677306, "max_depth": 9.466163848055166, "n_estimators": 191.510382362681}, "datetime": {"datetime": "2021-09-27 19:35:58", "elapsed": 161.833769, "delta": 1.554001}}
{"target": -10.295654098137904, "params": {"eta": 0.22307916387511983, "max_depth": 5.915396046475747, "n_estimators": 165.3472913567001}, "datetime": {"datetime": "2021-09-27 19:35:59", "elapsed": 162.878768, "delta": 1.044999}}
{"target": -11.412524015812666, "params": {"eta": 0.2525348623384448, "max_depth": 14.697436073914922, "n_estimators": 121.00264121061255}, "datetime": {"datetime": "2021-09-27 19:36:01", "elapsed": 164.261767, "delta": 1.382999}}
{"target": -10.67090233183101, "params": {"eta": 0.12350708346712354, "max_depth": 16.93331160134043, "n_estimators": 183.3126545301927}, "datetime": {"datetime": "2021-09-27 19:36:03", "elapsed": 166.628214, "delta": 2.366447}}
{"target": -10.827930580539125, "params": {"eta": 0.13871125071946794, "max_depth": 3.1962971863219343, "n_estimators": 173.72471044795853}, "datetime": {"datetime": "2021-09-27 19:36:04", "elapsed": 167.480214, "delta": 0.852}}
{"target": -11.371650859121344, "params": {"eta": 0.26980276444407236, "max_depth": 6.391704461565725, "n_estimators": 154.25552403905328}, "datetime": {"datetime": "2021-09-27 19:36:05", "elapsed": 168.900213, "delta": 1.419999}}
{"target": -10.008292357607942, "params": {"eta": 0.06686080642388377, "max_depth": 6.47715018988683, "n_estimators": 161.87514656400919}, "datetime": {"datetime": "2021-09-27 19:36:07", "elapsed": 170.309213, "delta": 1.409}}
{"target": -10.694657928894765, "params": {"eta": 0.14147458031110033, "max_depth": 25.59786293768831, "n_estimators": 166.07537197684044}, "datetime": {"datetime": "2021-09-27 19:36:09", "elapsed": 172.686895, "delta": 2.377682}}
{"target": -10.8436920300697, "params": {"eta": 0.2029582170252846, "max_depth": 14.570590140464404, "n_estimators": 177.22318793728633}, "datetime": {"datetime": "2021-09-27 19:36:11", "elapsed": 174.18932, "delta": 1.502425}}
{"target": -10.609690098447523, "params": {"eta": 0.15804270969479556, "max_depth": 6.547033729400403, "n_estimators": 161.72009214331882}, "datetime": {"datetime": "2021-09-27 19:36:12", "elapsed": 175.771264, "delta": 1.581944}}
{"target": -10.726393783670355, "params": {"eta": 0.14296411692112493, "max_depth": 27.166481117961656, "n_estimators": 185.4184439473866}, "datetime": {"datetime": "2021-09-27 19:36:14", "elapsed": 177.870015, "delta": 2.098751}}
{"target": -11.492500355343257, "params": {"eta": 0.24889467158145612, "max_depth": 28.378836759249715, "n_estimators": 119.74972242097861}, "datetime": {"datetime": "2021-09-27 19:36:16", "elapsed": 179.444014, "delta": 1.573999}}
{"target": -11.880868379353918, "params": {"eta": 0.26014260816521123, "max_depth": 16.307616409402584, "n_estimators": 181.355651145462}, "datetime": {"datetime": "2021-09-27 19:36:18", "elapsed": 181.239809, "delta": 1.795795}}
{"target": -11.081903685186886, "params": {"eta": 0.2285066190834067, "max_depth": 18.944508338215503, "n_estimators": 183.0705121632442}, "datetime": {"datetime": "2021-09-27 19:36:20", "elapsed": 183.110659, "delta": 1.87085}}
{"target": -10.81842595159106, "params": {"eta": 0.07102493601413258, "max_depth": 28.70276268030633, "n_estimators": 124.57066036585634}, "datetime": {"datetime": "2021-09-27 19:36:22", "elapsed": 185.133688, "delta": 2.023029}}
{"target": -10.565465546592323, "params": {"eta": 0.19935684021883238, "max_depth": 18.447040090111532, "n_estimators": 122.12239280400419}, "datetime": {"datetime": "2021-09-27 19:36:23", "elapsed": 186.804583, "delta": 1.670895}}
{"target": -11.334159562815586, "params": {"eta": 0.1781622891001659, "max_depth": 9.161312741453056, "n_estimators": 122.71024994098856}, "datetime": {"datetime": "2021-09-27 19:36:25", "elapsed": 188.466113, "delta": 1.66153}}
{"target": -13.024399735653047, "params": {"eta": 0.2790821807975472, "max_depth": 1.3922758537032094, "n_estimators": 152.53687594685422}, "datetime": {"datetime": "2021-09-27 19:36:26", "elapsed": 189.323111, "delta": 0.856998}}
{"target": -10.074554988172675, "params": {"eta": 0.12992230527151516, "max_depth": 17.298522680047128, "n_estimators": 140.73697586934404}, "datetime": {"datetime": "2021-09-27 19:36:28", "elapsed": 191.537705, "delta": 2.214594}}
{"target": -10.014089959390846, "params": {"eta": 0.14261126785683748, "max_depth": 11.419845678643687, "n_estimators": 142.8785975974143}, "datetime": {"datetime": "2021-09-27 19:36:30", "elapsed": 193.755496, "delta": 2.217791}}
{"target": -10.650548690299761, "params": {"eta": 0.16179032231582313, "max_depth": 11.172144913253302, "n_estimators": 188.38926142174873}, "datetime": {"datetime": "2021-09-27 19:36:32", "elapsed": 195.679144, "delta": 1.923648}}
{"target": -11.242892717971905, "params": {"eta": 0.14197626515587658, "max_depth": 17.35215244012216, "n_estimators": 140.5320721985667}, "datetime": {"datetime": "2021-09-27 19:36:35", "elapsed": 197.999441, "delta": 2.320297}}
{"target": -11.25046590719277, "params": {"eta": 0.29899561763060556, "max_depth": 3.717422752908905, "n_estimators": 153.73926339963856}, "datetime": {"datetime": "2021-09-27 19:36:35", "elapsed": 198.876442, "delta": 0.877001}}
{"target": -10.975640993564614, "params": {"eta": 0.16744894285547346, "max_depth": 28.23421482371806, "n_estimators": 119.490122725987}, "datetime": {"datetime": "2021-09-27 19:36:37", "elapsed": 200.517156, "delta": 1.640714}}
{"target": -10.742347764487954, "params": {"eta": 0.15312239677165196, "max_depth": 17.772859291884398, "n_estimators": 191.11831796042978}, "datetime": {"datetime": "2021-09-27 19:36:39", "elapsed": 202.83933, "delta": 2.322174}}
{"target": -10.318636916144115, "params": {"eta": 0.14654586489486326, "max_depth": 8.652831301458399, "n_estimators": 111.51726328623187}, "datetime": {"datetime": "2021-09-27 19:36:41", "elapsed": 204.245331, "delta": 1.406001}}
{"target": -11.32773433826765, "params": {"eta": 0.28685722915567885, "max_depth": 25.13766337147904, "n_estimators": 198.4542501644469}, "datetime": {"datetime": "2021-09-27 19:36:42", "elapsed": 205.865333, "delta": 1.620002}}
{"target": -10.767431609095105, "params": {"eta": 0.10864827567615647, "max_depth": 17.45157384877108, "n_estimators": 140.8393390017171}, "datetime": {"datetime": "2021-09-27 19:36:45", "elapsed": 208.551933, "delta": 2.6866}}
{"target": -11.58474813591455, "params": {"eta": 0.2514967631303651, "max_depth": 12.276593871402497, "n_estimators": 192.98568601202007}, "datetime": {"datetime": "2021-09-27 19:36:47", "elapsed": 210.203036, "delta": 1.651103}}
{"target": -10.84617763862, "params": {"eta": 0.1334594476833243, "max_depth": 24.663221605747506, "n_estimators": 160.10581356813645}, "datetime": {"datetime": "2021-09-27 19:36:49", "elapsed": 212.403525, "delta": 2.200489}}
{"target": -10.647424952319694, "params": {"eta": 0.07188359295939352, "max_depth": 16.77850396150279, "n_estimators": 156.26613100041888}, "datetime": {"datetime": "2021-09-27 19:36:51", "elapsed": 214.857051, "delta": 2.453526}}
{"target": -10.442689340254837, "params": {"eta": 0.13623568814495252, "max_depth": 6.455073888790848, "n_estimators": 162.01729173905656}, "datetime": {"datetime": "2021-09-27 19:36:53", "elapsed": 216.616569, "delta": 1.759518}}
{"target": -14.472141543757317, "params": {"eta": 0.06645379398111627, "max_depth": 1.4163995545090586, "n_estimators": 188.6387770746958}, "datetime": {"datetime": "2021-09-27 19:36:54", "elapsed": 217.448259, "delta": 0.83169}}
{"target": -10.85843490199971, "params": {"eta": 0.1983743789585844, "max_depth": 11.623445650825454, "n_estimators": 142.87946387491516}, "datetime": {"datetime": "2021-09-27 19:36:56", "elapsed": 219.185244, "delta": 1.736985}}
{"target": -11.312007538526958, "params": {"eta": 0.25531059774884846, "max_depth": 25.461036859394962, "n_estimators": 189.46962216400897}, "datetime": {"datetime": "2021-09-27 19:36:58", "elapsed": 221.098485, "delta": 1.913241}}
{"target": -10.779407886632098, "params": {"eta": 0.1515723384124923, "max_depth": 33.24647099137915, "n_estimators": 138.00209736203828}, "datetime": {"datetime": "2021-09-27 19:37:00", "elapsed": 223.079834, "delta": 1.981349}}
{"target": -9.940164864649654, "params": {"eta": 0.20549542582169578, "max_depth": 9.93336283309723, "n_estimators": 127.66295164419046}, "datetime": {"datetime": "2021-09-27 19:37:01", "elapsed": 224.922157, "delta": 1.842323}}
{"target": -10.45995090306463, "params": {"eta": 0.09576439988621695, "max_depth": 28.433145889320027, "n_estimators": 149.76837457793604}, "datetime": {"datetime": "2021-09-27 19:37:05", "elapsed": 228.164408, "delta": 3.242251}}
{"target": -10.8825548276097, "params": {"eta": 0.26950683626003313, "max_depth": 5.737141364481569, "n_estimators": 165.26895421386888}, "datetime": {"datetime": "2021-09-27 19:37:06", "elapsed": 229.553412, "delta": 1.389004}}
{"target": -10.61588993473039, "params": {"eta": 0.07492968071172341, "max_depth": 8.675831121085096, "n_estimators": 111.66794785208964}, "datetime": {"datetime": "2021-09-27 19:37:08", "elapsed": 231.113838, "delta": 1.560426}}
{"target": -11.022605293688722, "params": {"eta": 0.223629555342632, "max_depth": 33.53426115214492, "n_estimators": 183.1034474980695}, "datetime": {"datetime": "2021-09-27 19:37:10", "elapsed": 233.047643, "delta": 1.933805}}
{"target": -11.808718276307191, "params": {"eta": 0.2496211111106198, "max_depth": 10.044491373894989, "n_estimators": 127.77185135254541}, "datetime": {"datetime": "2021-09-27 19:37:11", "elapsed": 234.95842, "delta": 1.910777}}
