{"target": 0.8283311517971869, "params": {"eta": 0.4146133168142724, "max_depth": 19.423298888092752, "n_estimators": 14.402656405382558}, "datetime": {"datetime": "2021-09-17 18:29:30", "elapsed": 62.588182, "delta": 0.700629}}
{"target": 0.7223890422180163, "params": {"eta": 0.16834215549537196, "max_depth": 16.261376716999894, "n_estimators": 12.607029753122056}, "datetime": {"datetime": "2021-09-17 18:29:31", "elapsed": 63.156182, "delta": 0.568}}
{"target": 0.874717961538553, "params": {"eta": 0.4463184506499608, "max_depth": 4.538433824003006, "n_estimators": 18.249243372437142}, "datetime": {"datetime": "2021-09-17 18:29:32", "elapsed": 63.818186, "delta": 0.662004}}
{"target": 0.4369272670686912, "params": {"eta": 0.18915323661679262, "max_depth": 15.146386516904538, "n_estimators": 7.722634593514049}, "datetime": {"datetime": "2021-09-17 18:29:32", "elapsed": 64.274185, "delta": 0.455999}}
{"target": 0.7941850747826952, "params": {"eta": 0.7158720223459278, "max_depth": 15.9035202718185, "n_estimators": 12.581150807595945}, "datetime": {"datetime": "2021-09-17 18:29:33", "elapsed": 64.928388, "delta": 0.654203}}
{"target": 0.8298142749914568, "params": {"eta": 0.4141286429702165, "max_depth": 11.981464417444142, "n_estimators": 18.66961417213533}, "datetime": {"datetime": "2021-09-17 18:29:33", "elapsed": 65.631387, "delta": 0.702999}}
{"target": 0.8456895936280135, "params": {"eta": 0.42537894875473437, "max_depth": 4.257570580294793, "n_estimators": 18.426197434923488}, "datetime": {"datetime": "2021-09-17 18:29:34", "elapsed": 66.216056, "delta": 0.584669}}
{"target": 0.808294889241389, "params": {"eta": 0.6431762618836298, "max_depth": 4.575684511145306, "n_estimators": 18.289388365019487}, "datetime": {"datetime": "2021-09-17 18:29:35", "elapsed": 66.858726, "delta": 0.64267}}
{"target": 0.7896223484639413, "params": {"eta": 0.16779312916871011, "max_depth": 19.99830131140152, "n_estimators": 15.027789929774597}, "datetime": {"datetime": "2021-09-17 18:29:35", "elapsed": 67.446728, "delta": 0.588002}}
{"target": 0.8122318459552713, "params": {"eta": 0.5669002680825084, "max_depth": 6.617123191605472, "n_estimators": 14.3556107360546}, "datetime": {"datetime": "2021-09-17 18:29:36", "elapsed": 68.292725, "delta": 0.845997}}
{"target": 0.8460869676916826, "params": {"eta": 0.27763983142980964, "max_depth": 4.6986436482003935, "n_estimators": 18.71183043940237}, "datetime": {"datetime": "2021-09-17 18:29:37", "elapsed": 68.838282, "delta": 0.545557}}
{"target": 0.8511816676094413, "params": {"eta": 0.24547159751557912, "max_depth": 4.007637960659862, "n_estimators": 18.50480346106979}, "datetime": {"datetime": "2021-09-17 18:29:37", "elapsed": 69.525285, "delta": 0.687003}}
{"target": 0.8613660873962736, "params": {"eta": 0.3364975111536984, "max_depth": 4.368073060157537, "n_estimators": 18.2818501068472}, "datetime": {"datetime": "2021-09-17 18:29:38", "elapsed": 70.194275, "delta": 0.66899}}
{"target": 0.8247329035459117, "params": {"eta": 0.5023920513091495, "max_depth": 4.62751174256668, "n_estimators": 18.693551815850775}, "datetime": {"datetime": "2021-09-17 18:29:39", "elapsed": 70.730129, "delta": 0.535854}}
{"target": 0.8259268490308049, "params": {"eta": 0.40418503122625504, "max_depth": 9.57968398116221, "n_estimators": 7.247721205316407}, "datetime": {"datetime": "2021-09-17 18:29:39", "elapsed": 71.323505, "delta": 0.593376}}
{"target": 0.8550565640642332, "params": {"eta": 0.4774517326193619, "max_depth": 5.383435720294887, "n_estimators": 18.37343808888091}, "datetime": {"datetime": "2021-09-17 18:29:40", "elapsed": 72.0605, "delta": 0.736995}}
{"target": 0.7707895594537153, "params": {"eta": 0.7777979087590572, "max_depth": 9.897335197861556, "n_estimators": 19.665359760124478}, "datetime": {"datetime": "2021-09-17 18:29:40", "elapsed": 72.705798, "delta": 0.645298}}
{"target": 0.8103865321655273, "params": {"eta": 0.5518861495474697, "max_depth": 9.072278127836539, "n_estimators": 16.36650678462096}, "datetime": {"datetime": "2021-09-17 18:29:41", "elapsed": 73.345797, "delta": 0.639999}}
{"target": 0.7687432397039529, "params": {"eta": 0.7821865640559438, "max_depth": 7.179489612512905, "n_estimators": 12.943334643491927}, "datetime": {"datetime": "2021-09-17 18:29:42", "elapsed": 73.947481, "delta": 0.601684}}
{"target": 0.8393967108412995, "params": {"eta": 0.39979795149563535, "max_depth": 4.656001554754962, "n_estimators": 18.274260465861644}, "datetime": {"datetime": "2021-09-17 18:29:42", "elapsed": 74.56148, "delta": 0.613999}}
{"target": 0.8044991978881367, "params": {"eta": 0.6633735998884527, "max_depth": 5.222944824469469, "n_estimators": 18.3031413488891}, "datetime": {"datetime": "2021-09-17 18:29:43", "elapsed": 75.272661, "delta": 0.711181}}
{"target": 0.8444711299780798, "params": {"eta": 0.4653728550647316, "max_depth": 16.72073601725321, "n_estimators": 13.63495722829295}, "datetime": {"datetime": "2021-09-17 18:29:44", "elapsed": 75.934864, "delta": 0.662203}}
{"target": 0.8380241037717784, "params": {"eta": 0.28797046219579603, "max_depth": 5.475273503632987, "n_estimators": 18.429842185502153}, "datetime": {"datetime": "2021-09-17 18:29:44", "elapsed": 76.666861, "delta": 0.731997}}
{"target": 0.8476012798641454, "params": {"eta": 0.18879016814322183, "max_depth": 11.784179802994588, "n_estimators": 18.62716826060549}, "datetime": {"datetime": "2021-09-17 18:29:45", "elapsed": 77.412863, "delta": 0.746002}}
{"target": 0.837725093630768, "params": {"eta": 0.3353150148531495, "max_depth": 13.528414809693986, "n_estimators": 8.526243286302627}, "datetime": {"datetime": "2021-09-17 18:29:46", "elapsed": 78.056858, "delta": 0.643995}}
{"target": 0.8599366211862994, "params": {"eta": 0.3999332144651299, "max_depth": 7.500136507788968, "n_estimators": 14.453827122434005}, "datetime": {"datetime": "2021-09-17 18:29:47", "elapsed": 78.903134, "delta": 0.846276}}
{"target": 0.8496168246895437, "params": {"eta": 0.2914505868260999, "max_depth": 7.706455669578533, "n_estimators": 14.636902662708042}, "datetime": {"datetime": "2021-09-17 18:29:48", "elapsed": 79.749138, "delta": 0.846004}}
{"target": 0.8256061174416063, "params": {"eta": 0.3241567093207951, "max_depth": 5.22285242983134, "n_estimators": 18.291066539872958}, "datetime": {"datetime": "2021-09-17 18:29:48", "elapsed": 80.479134, "delta": 0.729996}}
{"target": 0.829488068235674, "params": {"eta": 0.5054964517696724, "max_depth": 7.612341539435821, "n_estimators": 14.523210289667475}, "datetime": {"datetime": "2021-09-17 18:29:49", "elapsed": 81.256922, "delta": 0.777788}}
{"target": 0.8543676654195936, "params": {"eta": 0.39422324479571513, "max_depth": 4.827719845497022, "n_estimators": 18.342952912482303}, "datetime": {"datetime": "2021-09-17 18:29:50", "elapsed": 81.870918, "delta": 0.613996}}
{"target": 0.8388041726481559, "params": {"eta": 0.23569314931250468, "max_depth": 11.693441519605067, "n_estimators": 19.207223355879385}, "datetime": {"datetime": "2021-09-17 18:29:51", "elapsed": 82.741555, "delta": 0.870637}}
{"target": 0.8259276473241328, "params": {"eta": 0.2849558958632575, "max_depth": 5.162425607024867, "n_estimators": 11.157263027684094}, "datetime": {"datetime": "2021-09-17 18:29:51", "elapsed": 83.431554, "delta": 0.689999}}
{"target": 0.7921366734467667, "params": {"eta": 0.13080394337929907, "max_depth": 11.632655312781564, "n_estimators": 18.820209449546162}, "datetime": {"datetime": "2021-09-17 18:29:52", "elapsed": 84.360558, "delta": 0.929004}}
{"target": 0.7779606956856757, "params": {"eta": 0.13245505829439225, "max_depth": 4.039662181979457, "n_estimators": 18.820363004038903}, "datetime": {"datetime": "2021-09-17 18:29:53", "elapsed": 85.157083, "delta": 0.796525}}
{"target": 0.8393923099270757, "params": {"eta": 0.4001633773565826, "max_depth": 4.830208177581618, "n_estimators": 18.346375415579125}, "datetime": {"datetime": "2021-09-17 18:29:54", "elapsed": 85.855692, "delta": 0.698609}}
{"target": 0.835406625967359, "params": {"eta": 0.42322097609133436, "max_depth": 5.01536666222964, "n_estimators": 18.269701998239164}, "datetime": {"datetime": "2021-09-17 18:29:54", "elapsed": 86.585694, "delta": 0.730002}}
{"target": 0.8511742522668769, "params": {"eta": 0.24527053826213618, "max_depth": 4.7318313404171235, "n_estimators": 18.58860537980385}, "datetime": {"datetime": "2021-09-17 18:29:55", "elapsed": 87.234286, "delta": 0.648592}}
{"target": 0.8464735232417142, "params": {"eta": 0.38201396972776624, "max_depth": 5.284526193219465, "n_estimators": 18.475846339504677}, "datetime": {"datetime": "2021-09-17 18:29:56", "elapsed": 88.061287, "delta": 0.827001}}
{"target": 0.8441838906910553, "params": {"eta": 0.26997465835369566, "max_depth": 14.384700296551925, "n_estimators": 13.158237842524326}, "datetime": {"datetime": "2021-09-17 18:29:56", "elapsed": 88.703097, "delta": 0.64181}}
{"target": 0.8505346171350527, "params": {"eta": 0.25365811695580254, "max_depth": 4.862850338224716, "n_estimators": 18.235859312282685}, "datetime": {"datetime": "2021-09-17 18:29:57", "elapsed": 89.345092, "delta": 0.641995}}
{"target": 0.8457412540870303, "params": {"eta": 0.3033049324480167, "max_depth": 4.901217186834895, "n_estimators": 18.2669073705397}, "datetime": {"datetime": "2021-09-17 18:29:58", "elapsed": 90.084094, "delta": 0.739002}}
{"target": 0.8429872680737328, "params": {"eta": 0.27311301219628326, "max_depth": 5.09477879697512, "n_estimators": 18.41585132471642}, "datetime": {"datetime": "2021-09-17 18:29:58", "elapsed": 90.694594, "delta": 0.6105}}
{"target": 0.868743275276847, "params": {"eta": 0.3286891896450663, "max_depth": 4.852207688972003, "n_estimators": 18.447759242419455}, "datetime": {"datetime": "2021-09-17 18:29:59", "elapsed": 91.234329, "delta": 0.539735}}
{"target": 0.8464549288306531, "params": {"eta": 0.31522578189319134, "max_depth": 4.847065330801997, "n_estimators": 18.3507271756519}, "datetime": {"datetime": "2021-09-17 18:30:00", "elapsed": 91.956325, "delta": 0.721996}}
{"target": 0.8530884802727222, "params": {"eta": 0.395255451731526, "max_depth": 6.80527335363618, "n_estimators": 14.265648120884705}, "datetime": {"datetime": "2021-09-17 18:30:00", "elapsed": 92.640323, "delta": 0.683998}}
{"target": 0.8149966669531568, "params": {"eta": 0.5990583663916708, "max_depth": 8.770673024894398, "n_estimators": 9.978818928550067}, "datetime": {"datetime": "2021-09-17 18:30:01", "elapsed": 93.319325, "delta": 0.679002}}
{"target": 0.8465033081339488, "params": {"eta": 0.4174789109935414, "max_depth": 4.932005434493739, "n_estimators": 18.45686097813246}, "datetime": {"datetime": "2021-09-17 18:30:02", "elapsed": 94.320328, "delta": 1.001003}}
{"target": 0.8438259153216364, "params": {"eta": 0.49684053952413276, "max_depth": 4.470598778922591, "n_estimators": 18.132598065395587}, "datetime": {"datetime": "2021-09-17 18:30:03", "elapsed": 95.008159, "delta": 0.687831}}
{"target": 0.8318598011571918, "params": {"eta": 0.30915038949051343, "max_depth": 7.18938752547024, "n_estimators": 14.674551704533224}, "datetime": {"datetime": "2021-09-17 18:30:03", "elapsed": 95.705156, "delta": 0.696997}}
{"target": 0.8284251206201999, "params": {"eta": 0.24640436028367685, "max_depth": 11.037430622798711, "n_estimators": 14.10678808707631}, "datetime": {"datetime": "2021-09-17 18:30:04", "elapsed": 96.523225, "delta": 0.818069}}
{"target": 0.8342913797439548, "params": {"eta": 0.4162103223975824, "max_depth": 6.723049375555306, "n_estimators": 14.328701147865573}, "datetime": {"datetime": "2021-09-17 18:30:05", "elapsed": 97.637865, "delta": 1.11464}}
{"target": 0.8441829218185033, "params": {"eta": 0.29149770276620607, "max_depth": 11.99840731722105, "n_estimators": 18.768969158557212}, "datetime": {"datetime": "2021-09-17 18:30:06", "elapsed": 98.585863, "delta": 0.947998}}
{"target": 0.8413970434946323, "params": {"eta": 0.3497968633389067, "max_depth": 7.589776251661309, "n_estimators": 8.823730401421244}, "datetime": {"datetime": "2021-09-17 18:30:07", "elapsed": 99.215151, "delta": 0.629288}}
{"target": 0.7895008440568444, "params": {"eta": 0.6717702539501749, "max_depth": 17.839903165684994, "n_estimators": 15.82117362297753}, "datetime": {"datetime": "2021-09-17 18:30:08", "elapsed": 100.030153, "delta": 0.815002}}
{"target": 0.8382087689202042, "params": {"eta": 0.23587675660787924, "max_depth": 11.791006528729982, "n_estimators": 18.75317334451921}, "datetime": {"datetime": "2021-09-17 18:30:09", "elapsed": 101.089987, "delta": 1.059834}}
{"target": 0.845689260618655, "params": {"eta": 0.4254359416503011, "max_depth": 4.753051182432964, "n_estimators": 18.737632290946564}, "datetime": {"datetime": "2021-09-17 18:30:10", "elapsed": 101.840984, "delta": 0.750997}}
{"target": 0.8607645176758427, "params": {"eta": 0.2684891019596391, "max_depth": 6.680170152450585, "n_estimators": 14.29064057281091}, "datetime": {"datetime": "2021-09-17 18:30:11", "elapsed": 102.841731, "delta": 1.000747}}
{"target": 0.8526377244580783, "params": {"eta": 0.38531913065506485, "max_depth": 4.934720028815905, "n_estimators": 18.307024717786547}, "datetime": {"datetime": "2021-09-17 18:30:11", "elapsed": 103.673733, "delta": 0.832002}}
{"target": 0.14183255353143465, "params": {"eta": 0.10022017003694032, "max_depth": 11.925108695790296, "n_estimators": 11.628646227956306}, "datetime": {"datetime": "2021-09-17 18:30:12", "elapsed": 104.354735, "delta": 0.681002}}
{"target": 0.8273994763079602, "params": {"eta": 0.49032487166364824, "max_depth": 7.348882299237488, "n_estimators": 14.496558335534296}, "datetime": {"datetime": "2021-09-17 18:30:13", "elapsed": 105.489539, "delta": 1.134804}}
{"target": 0.7860047147799345, "params": {"eta": 0.5964160195395471, "max_depth": 11.378267957845026, "n_estimators": 12.696407883950483}, "datetime": {"datetime": "2021-09-17 18:30:14", "elapsed": 106.223154, "delta": 0.733615}}
{"target": 0.8502493485763207, "params": {"eta": 0.19344737400794904, "max_depth": 4.8407605289020665, "n_estimators": 18.463681984583836}, "datetime": {"datetime": "2021-09-17 18:30:15", "elapsed": 107.014354, "delta": 0.7912}}
{"target": 0.8330664834767458, "params": {"eta": 0.2327562001248952, "max_depth": 4.658375509040091, "n_estimators": 18.204883490047784}, "datetime": {"datetime": "2021-09-17 18:30:16", "elapsed": 108.046349, "delta": 1.031995}}
{"target": 0.843070238390173, "params": {"eta": 0.24278317242777725, "max_depth": 4.077410725620901, "n_estimators": 16.913960061144493}, "datetime": {"datetime": "2021-09-17 18:30:17", "elapsed": 108.921944, "delta": 0.875595}}
{"target": 0.8279583013997708, "params": {"eta": 0.30776121540004336, "max_depth": 7.518703802165084, "n_estimators": 14.587230437231668}, "datetime": {"datetime": "2021-09-17 18:30:18", "elapsed": 110.106948, "delta": 1.185004}}
{"target": 0.8186422721968792, "params": {"eta": 0.4803631778050511, "max_depth": 11.779215406212526, "n_estimators": 18.896430499488748}, "datetime": {"datetime": "2021-09-17 18:30:19", "elapsed": 111.057599, "delta": 0.950651}}
{"target": 0.8632957338402217, "params": {"eta": 0.33871265609933826, "max_depth": 4.227509320535827, "n_estimators": 18.770079292538366}, "datetime": {"datetime": "2021-09-17 18:30:20", "elapsed": 111.946601, "delta": 0.889002}}
{"target": 0.8505691437797183, "params": {"eta": 0.3204998174197148, "max_depth": 4.205587386988963, "n_estimators": 18.619851470325678}, "datetime": {"datetime": "2021-09-17 18:30:21", "elapsed": 112.809743, "delta": 0.863142}}
{"target": 0.8358560331411509, "params": {"eta": 0.361082659974742, "max_depth": 6.549178726155615, "n_estimators": 14.153341749173771}, "datetime": {"datetime": "2021-09-17 18:30:21", "elapsed": 113.691745, "delta": 0.882002}}
{"target": 0.8567840333085588, "params": {"eta": 0.42915294468476795, "max_depth": 4.305710396870621, "n_estimators": 18.881957654145804}, "datetime": {"datetime": "2021-09-17 18:30:22", "elapsed": 114.687743, "delta": 0.995998}}
{"target": 0.8356897515674763, "params": {"eta": 0.2827731399938803, "max_depth": 16.07183659268181, "n_estimators": 11.559423805539183}, "datetime": {"datetime": "2021-09-17 18:30:23", "elapsed": 115.469003, "delta": 0.78126}}
{"target": 0.3735070131454721, "params": {"eta": 0.15858127515988368, "max_depth": 6.790301543462327, "n_estimators": 8.224974440430909}, "datetime": {"datetime": "2021-09-17 18:30:24", "elapsed": 116.29866, "delta": 0.829657}}
{"target": 0.825902750975532, "params": {"eta": 0.5155633743182201, "max_depth": 9.932357246074027, "n_estimators": 19.18999254213682}, "datetime": {"datetime": "2021-09-17 18:30:25", "elapsed": 117.216291, "delta": 0.917631}}
{"target": 0.8312567383098223, "params": {"eta": 0.39900866007493674, "max_depth": 4.4283364100223395, "n_estimators": 18.446349600303197}, "datetime": {"datetime": "2021-09-17 18:30:26", "elapsed": 118.197293, "delta": 0.981002}}
{"target": 0.8297340390119469, "params": {"eta": 0.16987890071009992, "max_depth": 4.949012649262501, "n_estimators": 18.587984940512708}, "datetime": {"datetime": "2021-09-17 18:30:27", "elapsed": 119.306817, "delta": 1.109524}}
{"target": 0.8521162069394614, "params": {"eta": 0.3818983259918691, "max_depth": 4.007007796377103, "n_estimators": 18.643662475548354}, "datetime": {"datetime": "2021-09-17 18:30:28", "elapsed": 120.126822, "delta": 0.820005}}
{"target": 0.8625430472154716, "params": {"eta": 0.436114595897005, "max_depth": 19.554594332409327, "n_estimators": 14.228785025084134}, "datetime": {"datetime": "2021-09-17 18:30:29", "elapsed": 121.2777, "delta": 1.150878}}
{"target": 0.8481964882423677, "params": {"eta": 0.48829332497580247, "max_depth": 4.1423919555641895, "n_estimators": 18.73453121971523}, "datetime": {"datetime": "2021-09-17 18:30:30", "elapsed": 122.269697, "delta": 0.991997}}
{"target": 0.8465087045136683, "params": {"eta": 0.41734228870389267, "max_depth": 4.465121414154105, "n_estimators": 18.986984744153332}, "datetime": {"datetime": "2021-09-17 18:30:31", "elapsed": 123.035894, "delta": 0.766197}}
{"target": 0.8155214732686207, "params": {"eta": 0.5137985654245656, "max_depth": 4.074102167502655, "n_estimators": 18.540850492917297}, "datetime": {"datetime": "2021-09-17 18:30:32", "elapsed": 123.724952, "delta": 0.689058}}
{"target": 0.8368507015247131, "params": {"eta": 0.40637490590018244, "max_depth": 19.47770361055178, "n_estimators": 14.081589718210122}, "datetime": {"datetime": "2021-09-17 18:30:33", "elapsed": 124.940625, "delta": 1.215673}}
{"target": 0.8540954392754196, "params": {"eta": 0.46789189328336256, "max_depth": 4.107165446525144, "n_estimators": 18.96606348521462}, "datetime": {"datetime": "2021-09-17 18:30:34", "elapsed": 126.223333, "delta": 1.282708}}
{"target": 0.7770768479368448, "params": {"eta": 0.6250174620813387, "max_depth": 13.75071808050984, "n_estimators": 8.477810522694325}, "datetime": {"datetime": "2021-09-17 18:30:35", "elapsed": 127.10121, "delta": 0.877877}}
{"target": 0.858255821279852, "params": {"eta": 0.2232539402080978, "max_depth": 4.30083085022061, "n_estimators": 18.11672535780058}, "datetime": {"datetime": "2021-09-17 18:30:36", "elapsed": 128.560205, "delta": 1.458995}}
{"target": 0.84622211582683, "params": {"eta": 0.4877889578999094, "max_depth": 4.272597959153201, "n_estimators": 19.070740612078943}, "datetime": {"datetime": "2021-09-17 18:30:37", "elapsed": 129.529258, "delta": 0.969053}}
{"target": 0.8719566066774401, "params": {"eta": 0.44132946519110317, "max_depth": 6.73863706757119, "n_estimators": 14.058347320564215}, "datetime": {"datetime": "2021-09-17 18:30:38", "elapsed": 130.511252, "delta": 0.981994}}
{"target": 0.8307327365712128, "params": {"eta": 0.5186255171458054, "max_depth": 10.649516728671511, "n_estimators": 14.689446734744056}, "datetime": {"datetime": "2021-09-17 18:30:39", "elapsed": 131.478035, "delta": 0.966783}}
{"target": 0.7961883456656773, "params": {"eta": 0.5657054007515256, "max_depth": 6.611456184167528, "n_estimators": 14.062574648925013}, "datetime": {"datetime": "2021-09-17 18:30:40", "elapsed": 132.300037, "delta": 0.822002}}
{"target": 0.8326290797977792, "params": {"eta": 0.4545665800869903, "max_depth": 19.559775085594666, "n_estimators": 14.654437838047908}, "datetime": {"datetime": "2021-09-17 18:30:41", "elapsed": 133.185726, "delta": 0.885689}}
{"target": 0.8405351067419484, "params": {"eta": 0.1764492668969318, "max_depth": 4.104596109209195, "n_estimators": 18.217743308652807}, "datetime": {"datetime": "2021-09-17 18:30:42", "elapsed": 134.434106, "delta": 1.24838}}
{"target": 0.7628361647866833, "params": {"eta": 0.6521680204862028, "max_depth": 10.350182958514564, "n_estimators": 17.306357107383377}, "datetime": {"datetime": "2021-09-17 18:30:43", "elapsed": 135.314581, "delta": 0.880475}}
{"target": 0.8253910324873668, "params": {"eta": 0.5147628660867059, "max_depth": 5.234761935872388, "n_estimators": 18.739048044183264}, "datetime": {"datetime": "2021-09-17 18:30:44", "elapsed": 136.185586, "delta": 0.871005}}
{"target": 0.7842875479252038, "params": {"eta": 0.15880170151062714, "max_depth": 19.462152430348127, "n_estimators": 14.178223188423656}, "datetime": {"datetime": "2021-09-17 18:30:45", "elapsed": 137.374427, "delta": 1.188841}}
{"target": 0.862274435190158, "params": {"eta": 0.2625579856279783, "max_depth": 7.6507558026714815, "n_estimators": 14.391912314231506}, "datetime": {"datetime": "2021-09-17 18:30:46", "elapsed": 138.334427, "delta": 0.96}}
{"target": 0.860675702988468, "params": {"eta": 0.36766063151164796, "max_depth": 7.468035515089616, "n_estimators": 14.291371546025772}, "datetime": {"datetime": "2021-09-17 18:30:47", "elapsed": 139.684762, "delta": 1.350335}}
{"target": 0.8344344653133593, "params": {"eta": 0.2827445129716395, "max_depth": 7.377311095692285, "n_estimators": 14.406566500535847}, "datetime": {"datetime": "2021-09-17 18:30:49", "elapsed": 141.055762, "delta": 1.371}}
