{"target": -3.294303981881393, "params": {"eta": 0.8, "max_depth": 4.028982512462899, "n_estimators": 5.0092785367229045}, "datetime": {"datetime": "2021-09-17 09:28:51", "elapsed": 93.71593, "delta": 0.897201}}
{"target": -3.2249691693406355, "params": {"eta": 0.8, "max_depth": 3.9391592788059326, "n_estimators": 7.968255293417654}, "datetime": {"datetime": "2021-09-17 09:28:52", "elapsed": 94.602928, "delta": 0.886998}}
{"target": -3.2362037978674234, "params": {"eta": 0.8, "max_depth": 9.393831069206591, "n_estimators": 8.076815419685609}, "datetime": {"datetime": "2021-09-17 09:28:53", "elapsed": 95.403645, "delta": 0.800717}}
{"target": -3.2510529154225396, "params": {"eta": 0.8, "max_depth": 2.4914120946104674, "n_estimators": 8.937630831362057}, "datetime": {"datetime": "2021-09-17 09:28:54", "elapsed": 96.351403, "delta": 0.947758}}
{"target": -3.338102181334244, "params": {"eta": 0.7935648710480122, "max_depth": 7.297534662050905, "n_estimators": 3.2000580792825994}, "datetime": {"datetime": "2021-09-17 09:28:55", "elapsed": 97.166551, "delta": 0.815148}}
{"target": -3.318681662333639, "params": {"eta": 0.8, "max_depth": 8.848165827739628, "n_estimators": 5.20942369746264}, "datetime": {"datetime": "2021-09-17 09:28:56", "elapsed": 97.928552, "delta": 0.762001}}
{"target": -3.3880922831987075, "params": {"eta": 0.8, "max_depth": 2.2628585394345797, "n_estimators": 4.603646135824623}, "datetime": {"datetime": "2021-09-17 09:28:56", "elapsed": 98.818552, "delta": 0.89}}
{"target": -3.02224700262672, "params": {"eta": 0.7990809302590641, "max_depth": 6.285337454781625, "n_estimators": 7.352297667176316}, "datetime": {"datetime": "2021-09-17 09:28:57", "elapsed": 99.713774, "delta": 0.895222}}
{"target": -2.99047272393578, "params": {"eta": 0.6004518908407259, "max_depth": 5.017049914779639, "n_estimators": 6.186436081318728}, "datetime": {"datetime": "2021-09-17 09:28:58", "elapsed": 100.576775, "delta": 0.863001}}
{"target": -3.5989118375276266, "params": {"eta": 0.8, "max_depth": 8.968556331688417, "n_estimators": 2.9012741954124888}, "datetime": {"datetime": "2021-09-17 09:28:59", "elapsed": 101.269247, "delta": 0.692472}}
{"target": -3.2292704255957347, "params": {"eta": 0.8, "max_depth": 4.3209336959454, "n_estimators": 9.07224569697184}, "datetime": {"datetime": "2021-09-17 09:29:00", "elapsed": 102.126251, "delta": 0.857004}}
{"target": -3.8964961277811145, "params": {"eta": 0.8, "max_depth": 1.696198944773694, "n_estimators": 5.726961438436625}, "datetime": {"datetime": "2021-09-17 09:29:00", "elapsed": 102.83325, "delta": 0.706999}}
{"target": -3.289917272015621, "params": {"eta": 0.8, "max_depth": 6.258202913011472, "n_estimators": 3.950812182296311}, "datetime": {"datetime": "2021-09-17 09:29:01", "elapsed": 103.523965, "delta": 0.690715}}
{"target": -3.6494972793679494, "params": {"eta": 0.8, "max_depth": 10.0, "n_estimators": 2.145661432829949}, "datetime": {"datetime": "2021-09-17 09:29:02", "elapsed": 104.713965, "delta": 1.19}}
{"target": -3.6787791967391974, "params": {"eta": 0.8, "max_depth": 9.536356016444588, "n_estimators": 2.599227870006196}, "datetime": {"datetime": "2021-09-17 09:29:03", "elapsed": 105.637031, "delta": 0.923066}}
{"target": -3.3582938037420575, "params": {"eta": 0.8, "max_depth": 8.78568888298539, "n_estimators": 6.674963517483187}, "datetime": {"datetime": "2021-09-17 09:29:04", "elapsed": 106.356699, "delta": 0.719668}}
{"target": -3.299282706411261, "params": {"eta": 0.8, "max_depth": 2.579310800619557, "n_estimators": 6.3659354831543435}, "datetime": {"datetime": "2021-09-17 09:29:05", "elapsed": 107.209934, "delta": 0.853235}}
{"target": -3.03053233058829, "params": {"eta": 0.5607695744527177, "max_depth": 5.11485404107131, "n_estimators": 5.506715283461628}, "datetime": {"datetime": "2021-09-17 09:29:06", "elapsed": 108.195932, "delta": 0.985998}}
{"target": -3.4067958461610894, "params": {"eta": 0.8, "max_depth": 8.414566580580242, "n_estimators": 4.802571005444947}, "datetime": {"datetime": "2021-09-17 09:29:07", "elapsed": 109.042281, "delta": 0.846349}}
{"target": -3.3906506438004347, "params": {"eta": 0.8, "max_depth": 7.880260549832125, "n_estimators": 9.5218490839251}, "datetime": {"datetime": "2021-09-17 09:29:08", "elapsed": 109.86905, "delta": 0.826769}}
{"target": -3.5052963677205535, "params": {"eta": 0.8, "max_depth": 4.788370056233963, "n_estimators": 3.970475033601308}, "datetime": {"datetime": "2021-09-17 09:29:08", "elapsed": 110.761177, "delta": 0.892127}}
{"target": -2.8040513251957138, "params": {"eta": 0.47482569108662226, "max_depth": 4.480775292644047, "n_estimators": 7.429703930885034}, "datetime": {"datetime": "2021-09-17 09:29:09", "elapsed": 111.717751, "delta": 0.956574}}
{"target": -3.500097402773405, "params": {"eta": 0.7922717759365158, "max_depth": 4.24898376305079, "n_estimators": 3.2724046721289115}, "datetime": {"datetime": "2021-09-17 09:29:10", "elapsed": 112.415088, "delta": 0.697337}}
{"target": -3.367942737278185, "params": {"eta": 0.8, "max_depth": 10.0, "n_estimators": 6.590825466951933}, "datetime": {"datetime": "2021-09-17 09:29:11", "elapsed": 113.267971, "delta": 0.852883}}
{"target": -3.294303981881393, "params": {"eta": 0.8, "max_depth": 4.962845528762867, "n_estimators": 5.545558963973262}, "datetime": {"datetime": "2021-09-17 09:29:12", "elapsed": 114.104096, "delta": 0.836125}}
{"target": -3.199930175354606, "params": {"eta": 0.8, "max_depth": 3.075168962420666, "n_estimators": 8.190149172004082}, "datetime": {"datetime": "2021-09-17 09:29:13", "elapsed": 114.998885, "delta": 0.894789}}
{"target": -3.4941078167212636, "params": {"eta": 0.8, "max_depth": 5.4376411519492205, "n_estimators": 3.948781318169372}, "datetime": {"datetime": "2021-09-17 09:29:14", "elapsed": 115.836621, "delta": 0.837736}}
{"target": -3.7927727799666555, "params": {"eta": 0.8, "max_depth": 1.4656848407554561, "n_estimators": 4.274405132413491}, "datetime": {"datetime": "2021-09-17 09:29:14", "elapsed": 116.591046, "delta": 0.754425}}
{"target": -3.3671097535836068, "params": {"eta": 0.8, "max_depth": 7.020623302681184, "n_estimators": 3.85188683663038}, "datetime": {"datetime": "2021-09-17 09:29:15", "elapsed": 117.734208, "delta": 1.143162}}
{"target": -3.0208768273654734, "params": {"eta": 0.8, "max_depth": 6.489932800222693, "n_estimators": 5.893837138836977}, "datetime": {"datetime": "2021-09-17 09:29:17", "elapsed": 118.940366, "delta": 1.206158}}
{"target": -3.3498716611611212, "params": {"eta": 0.8, "max_depth": 9.464446204548585, "n_estimators": 4.888046865527458}, "datetime": {"datetime": "2021-09-17 09:29:17", "elapsed": 119.719127, "delta": 0.778761}}
{"target": -2.8397725149204858, "params": {"eta": 0.5142041149859737, "max_depth": 4.731952122431379, "n_estimators": 8.05382238257589}, "datetime": {"datetime": "2021-09-17 09:29:18", "elapsed": 120.546311, "delta": 0.827184}}
{"target": -3.0056540401358354, "params": {"eta": 0.5814429479841609, "max_depth": 5.231115073403293, "n_estimators": 8.393014377036913}, "datetime": {"datetime": "2021-09-17 09:29:19", "elapsed": 121.326338, "delta": 0.780027}}
{"target": -3.023139732762387, "params": {"eta": 0.8, "max_depth": 6.779254427910596, "n_estimators": 7.9732630583810105}, "datetime": {"datetime": "2021-09-17 09:29:20", "elapsed": 122.123123, "delta": 0.796785}}
{"target": -3.0492222277741683, "params": {"eta": 0.5957284322400712, "max_depth": 4.75373702123373, "n_estimators": 6.8102385468862385}, "datetime": {"datetime": "2021-09-17 09:29:21", "elapsed": 122.950371, "delta": 0.827248}}
{"target": -3.3932141943981775, "params": {"eta": 0.8, "max_depth": 7.834190519468674, "n_estimators": 7.042966457879965}, "datetime": {"datetime": "2021-09-17 09:29:21", "elapsed": 123.749374, "delta": 0.799003}}
{"target": -3.2347261127672695, "params": {"eta": 0.8, "max_depth": 9.547822202487252, "n_estimators": 10.0}, "datetime": {"datetime": "2021-09-17 09:29:23", "elapsed": 124.84907, "delta": 1.099696}}
{"target": -3.1355048308247015, "params": {"eta": 0.798781796830538, "max_depth": 8.133788631758222, "n_estimators": 8.05767289093124}, "datetime": {"datetime": "2021-09-17 09:29:23", "elapsed": 125.785548, "delta": 0.936478}}
{"target": -3.233749649399205, "params": {"eta": 0.8, "max_depth": 2.380806234548164, "n_estimators": 7.500033452689415}, "datetime": {"datetime": "2021-09-17 09:29:25", "elapsed": 126.881626, "delta": 1.096078}}
{"target": -3.1907480126933043, "params": {"eta": 0.8, "max_depth": 5.048623214013708, "n_estimators": 10.0}, "datetime": {"datetime": "2021-09-17 09:29:25", "elapsed": 127.814144, "delta": 0.932518}}
{"target": -3.6884016137374083, "params": {"eta": 0.8, "max_depth": 5.583717697246139, "n_estimators": 2.4344718273915213}, "datetime": {"datetime": "2021-09-17 09:29:26", "elapsed": 128.811833, "delta": 0.997689}}
{"target": -3.613362795428226, "params": {"eta": 0.8, "max_depth": 7.031978360906406, "n_estimators": 2.7518120013425484}, "datetime": {"datetime": "2021-09-17 09:29:27", "elapsed": 129.809446, "delta": 0.997613}}
{"target": -6.4702603242899235, "params": {"eta": 0.7861723520265179, "max_depth": 6.221282600585963, "n_estimators": 1.9485304722946832}, "datetime": {"datetime": "2021-09-17 09:29:28", "elapsed": 130.582995, "delta": 0.773549}}
{"target": -3.1342665967188386, "params": {"eta": 0.8, "max_depth": 5.708005678997902, "n_estimators": 5.543339793417081}, "datetime": {"datetime": "2021-09-17 09:29:29", "elapsed": 131.39858, "delta": 0.815585}}
{"target": -3.803218811436704, "params": {"eta": 0.8, "max_depth": 4.503755091952125, "n_estimators": 2.4479014719007868}, "datetime": {"datetime": "2021-09-17 09:29:31", "elapsed": 132.889922, "delta": 1.491342}}
{"target": -3.5989118375276266, "params": {"eta": 0.8, "max_depth": 8.189992479170966, "n_estimators": 2.8693231486849373}, "datetime": {"datetime": "2021-09-17 09:29:31", "elapsed": 133.81023, "delta": 0.920308}}
{"target": -3.678353290808828, "params": {"eta": 0.8, "max_depth": 1.971742779004583, "n_estimators": 8.972591378991817}, "datetime": {"datetime": "2021-09-17 09:29:32", "elapsed": 134.622579, "delta": 0.812349}}
{"target": -3.333196279249693, "params": {"eta": 0.7963004644060977, "max_depth": 2.43075232334904, "n_estimators": 9.68016641443746}, "datetime": {"datetime": "2021-09-17 09:29:33", "elapsed": 135.548794, "delta": 0.926215}}
{"target": -3.1134783562860986, "params": {"eta": 0.8, "max_depth": 5.816474095072902, "n_estimators": 7.874327174157527}, "datetime": {"datetime": "2021-09-17 09:29:34", "elapsed": 136.476829, "delta": 0.928035}}
{"target": -3.2211092528543976, "params": {"eta": 0.799545363744274, "max_depth": 5.778788632886613, "n_estimators": 9.682076905369378}, "datetime": {"datetime": "2021-09-17 09:29:35", "elapsed": 137.34156, "delta": 0.864731}}
{"target": -3.1409461077890897, "params": {"eta": 0.8, "max_depth": 5.485555245270524, "n_estimators": 6.938295214872402}, "datetime": {"datetime": "2021-09-17 09:29:36", "elapsed": 138.367145, "delta": 1.025585}}
{"target": -3.084384362321151, "params": {"eta": 0.8, "max_depth": 6.510121995562264, "n_estimators": 4.556319376054323}, "datetime": {"datetime": "2021-09-17 09:29:37", "elapsed": 139.395462, "delta": 1.028317}}
{"target": -3.3116597244614048, "params": {"eta": 0.8, "max_depth": 9.523028315925178, "n_estimators": 5.992767087557468}, "datetime": {"datetime": "2021-09-17 09:29:38", "elapsed": 140.25124, "delta": 0.855778}}
{"target": -3.152753080819782, "params": {"eta": 0.8, "max_depth": 5.600337344391957, "n_estimators": 4.597661085742386}, "datetime": {"datetime": "2021-09-17 09:29:39", "elapsed": 141.36639, "delta": 1.11515}}
{"target": -3.402681272908261, "params": {"eta": 0.8, "max_depth": 9.489730270918527, "n_estimators": 3.9684544397180317}, "datetime": {"datetime": "2021-09-17 09:29:40", "elapsed": 142.345705, "delta": 0.979315}}
{"target": -3.0158070633285923, "params": {"eta": 0.8, "max_depth": 6.218224247940525, "n_estimators": 8.846575436567315}, "datetime": {"datetime": "2021-09-17 09:29:41", "elapsed": 143.36805, "delta": 1.022345}}
{"target": -3.2028543974223886, "params": {"eta": 0.8, "max_depth": 3.388045083522539, "n_estimators": 9.581806206401392}, "datetime": {"datetime": "2021-09-17 09:29:42", "elapsed": 144.314644, "delta": 0.946594}}
{"target": -2.8682440456591154, "params": {"eta": 0.3650459090711742, "max_depth": 4.677432783646951, "n_estimators": 7.473381057660047}, "datetime": {"datetime": "2021-09-17 09:29:43", "elapsed": 145.358089, "delta": 1.043445}}
{"target": -3.3932141943981775, "params": {"eta": 0.8, "max_depth": 7.12286644713174, "n_estimators": 7.227842823403072}, "datetime": {"datetime": "2021-09-17 09:29:44", "elapsed": 146.220668, "delta": 0.862579}}
{"target": -3.4137400821635597, "params": {"eta": 0.8, "max_depth": 8.643583669943286, "n_estimators": 10.0}, "datetime": {"datetime": "2021-09-17 09:29:45", "elapsed": 147.720519, "delta": 1.499851}}
{"target": -3.5033579349517816, "params": {"eta": 0.8, "max_depth": 7.288375146696162, "n_estimators": 5.643405251802233}, "datetime": {"datetime": "2021-09-17 09:29:46", "elapsed": 148.606412, "delta": 0.885893}}
{"target": -3.26955944958486, "params": {"eta": 0.7992683909780935, "max_depth": 7.6904449753909585, "n_estimators": 6.3974582901882755}, "datetime": {"datetime": "2021-09-17 09:29:47", "elapsed": 149.74909, "delta": 1.142678}}
{"target": -3.2510529154225396, "params": {"eta": 0.8, "max_depth": 2.2659248321042735, "n_estimators": 8.057747985507575}, "datetime": {"datetime": "2021-09-17 09:29:48", "elapsed": 150.698794, "delta": 0.949704}}
{"target": -3.069706353388334, "params": {"eta": 0.4353773776599955, "max_depth": 5.024181727349373, "n_estimators": 5.768003933366324}, "datetime": {"datetime": "2021-09-17 09:29:49", "elapsed": 151.673258, "delta": 0.974464}}
{"target": -3.2249691693406355, "params": {"eta": 0.8, "max_depth": 3.889174559783181, "n_estimators": 7.414523859880539}, "datetime": {"datetime": "2021-09-17 09:29:50", "elapsed": 152.582584, "delta": 0.909326}}
{"target": -3.0208768273654734, "params": {"eta": 0.8, "max_depth": 6.064048014291141, "n_estimators": 5.100994315253445}, "datetime": {"datetime": "2021-09-17 09:29:51", "elapsed": 153.732589, "delta": 1.150005}}
{"target": -3.3671097535836068, "params": {"eta": 0.8, "max_depth": 7.926908028296343, "n_estimators": 3.3092487964492276}, "datetime": {"datetime": "2021-09-17 09:29:53", "elapsed": 154.912016, "delta": 1.179427}}
{"target": -3.167718154505679, "params": {"eta": 0.8, "max_depth": 5.156315490400678, "n_estimators": 8.528209917571324}, "datetime": {"datetime": "2021-09-17 09:29:54", "elapsed": 155.967092, "delta": 1.055076}}
{"target": -2.849491823346991, "params": {"eta": 0.4221581919492609, "max_depth": 6.349691436305328, "n_estimators": 8.566289064987942}, "datetime": {"datetime": "2021-09-17 09:29:55", "elapsed": 156.869697, "delta": 0.902605}}
{"target": -8.942184742500908, "params": {"eta": 0.1185225095150287, "max_depth": 6.758578496378755, "n_estimators": 8.301275907921323}, "datetime": {"datetime": "2021-09-17 09:29:56", "elapsed": 158.060145, "delta": 1.190448}}
{"target": -3.111852478353601, "params": {"eta": 0.2806717658668866, "max_depth": 5.989882943185396, "n_estimators": 8.820369795483995}, "datetime": {"datetime": "2021-09-17 09:29:57", "elapsed": 159.039141, "delta": 0.978996}}
{"target": -2.90588519259503, "params": {"eta": 0.546841017354075, "max_depth": 6.07856236925306, "n_estimators": 8.628485339921601}, "datetime": {"datetime": "2021-09-17 09:29:58", "elapsed": 160.021975, "delta": 0.982834}}
{"target": -2.653099975460454, "params": {"eta": 0.445310944208985, "max_depth": 6.237599779189717, "n_estimators": 8.94758186068482}, "datetime": {"datetime": "2021-09-17 09:29:59", "elapsed": 160.984403, "delta": 0.962428}}
{"target": -2.9161433753214383, "params": {"eta": 0.568857585065857, "max_depth": 6.452717322407946, "n_estimators": 8.736133468981642}, "datetime": {"datetime": "2021-09-17 09:30:00", "elapsed": 162.305905, "delta": 1.321502}}
{"target": -3.678353290808828, "params": {"eta": 0.8, "max_depth": 1.0, "n_estimators": 8.61628605396291}, "datetime": {"datetime": "2021-09-17 09:30:01", "elapsed": 163.313302, "delta": 1.007397}}
{"target": -3.5349681578184424, "params": {"eta": 0.8, "max_depth": 2.308947352704943, "n_estimators": 3.8067863627405276}, "datetime": {"datetime": "2021-09-17 09:30:02", "elapsed": 164.365101, "delta": 1.051799}}
{"target": -3.244521560167011, "params": {"eta": 0.8, "max_depth": 9.545898681094314, "n_estimators": 9.080862858577337}, "datetime": {"datetime": "2021-09-17 09:30:03", "elapsed": 165.433971, "delta": 1.06887}}
{"target": -3.106078408893786, "params": {"eta": 0.7954856724507519, "max_depth": 5.872974959129995, "n_estimators": 7.052458989553421}, "datetime": {"datetime": "2021-09-17 09:30:04", "elapsed": 166.501298, "delta": 1.067327}}
{"target": -3.334451541775151, "params": {"eta": 0.8, "max_depth": 10.0, "n_estimators": 7.6382845110535085}, "datetime": {"datetime": "2021-09-17 09:30:05", "elapsed": 167.710771, "delta": 1.209473}}
{"target": -3.398918539599368, "params": {"eta": 0.8, "max_depth": 10.0, "n_estimators": 4.529350250907869}, "datetime": {"datetime": "2021-09-17 09:30:06", "elapsed": 168.684987, "delta": 0.974216}}
{"target": -3.2510529154225396, "params": {"eta": 0.8, "max_depth": 2.6257246441532254, "n_estimators": 8.429727979922585}, "datetime": {"datetime": "2021-09-17 09:30:08", "elapsed": 169.903189, "delta": 1.218202}}
{"target": -3.294287799534044, "params": {"eta": 0.26906098999636346, "max_depth": 6.2794935090978505, "n_estimators": 8.805997713243027}, "datetime": {"datetime": "2021-09-17 09:30:09", "elapsed": 171.124341, "delta": 1.221152}}
{"target": -2.7149168654492026, "params": {"eta": 0.5100824925401549, "max_depth": 5.921170858024912, "n_estimators": 9.093426900262923}, "datetime": {"datetime": "2021-09-17 09:30:10", "elapsed": 172.284299, "delta": 1.159958}}
{"target": -3.0036027889502677, "params": {"eta": 0.8, "max_depth": 6.777106321268958, "n_estimators": 6.372887620374808}, "datetime": {"datetime": "2021-09-17 09:30:11", "elapsed": 173.682679, "delta": 1.39838}}
{"target": -3.4512974312430926, "params": {"eta": 0.8, "max_depth": 2.6441698052830054, "n_estimators": 5.230375010341677}, "datetime": {"datetime": "2021-09-17 09:30:13", "elapsed": 175.117881, "delta": 1.435202}}
{"target": -3.3906506438004347, "params": {"eta": 0.8, "max_depth": 7.041369965256499, "n_estimators": 9.745265278696364}, "datetime": {"datetime": "2021-09-17 09:30:14", "elapsed": 176.78324, "delta": 1.665359}}
{"target": -3.389949538833217, "params": {"eta": 0.8, "max_depth": 4.121121571217333, "n_estimators": 4.358017371520681}, "datetime": {"datetime": "2021-09-17 09:30:16", "elapsed": 178.155148, "delta": 1.371908}}
{"target": -3.046962997787877, "params": {"eta": 0.6345476730769186, "max_depth": 6.059329836672758, "n_estimators": 8.989005600994886}, "datetime": {"datetime": "2021-09-17 09:30:17", "elapsed": 179.353462, "delta": 1.198314}}
{"target": -2.8203635818079897, "params": {"eta": 0.32301300487121176, "max_depth": 6.11755123604783, "n_estimators": 9.268603472642111}, "datetime": {"datetime": "2021-09-17 09:30:18", "elapsed": 180.58529, "delta": 1.231828}}
{"target": -2.624662579988178, "params": {"eta": 0.4426071872264784, "max_depth": 5.697119500187878, "n_estimators": 9.271318292574335}, "datetime": {"datetime": "2021-09-17 09:30:20", "elapsed": 181.865905, "delta": 1.280615}}
{"target": -2.74310641602466, "params": {"eta": 0.422431235454067, "max_depth": 5.498273370978282, "n_estimators": 8.989285624119809}, "datetime": {"datetime": "2021-09-17 09:30:21", "elapsed": 183.681494, "delta": 1.815589}}
{"target": -2.8294965587164227, "params": {"eta": 0.32051572737754364, "max_depth": 5.845858425543529, "n_estimators": 9.097613717974797}, "datetime": {"datetime": "2021-09-17 09:30:23", "elapsed": 185.011452, "delta": 1.329958}}
{"target": -2.747551290612472, "params": {"eta": 0.5205198522531638, "max_depth": 6.068193861055027, "n_estimators": 9.380778596823012}, "datetime": {"datetime": "2021-09-17 09:30:24", "elapsed": 186.12577, "delta": 1.114318}}
{"target": -3.2292704255957347, "params": {"eta": 0.8, "max_depth": 4.303308596928433, "n_estimators": 9.593090969434504}, "datetime": {"datetime": "2021-09-17 09:30:25", "elapsed": 187.475349, "delta": 1.349579}}
{"target": -3.3887350264348477, "params": {"eta": 0.8, "max_depth": 8.959543233138158, "n_estimators": 7.42109990275202}, "datetime": {"datetime": "2021-09-17 09:30:27", "elapsed": 188.88851, "delta": 1.413161}}
{"target": -2.9843469237026414, "params": {"eta": 0.6027756461094993, "max_depth": 5.4088867720751, "n_estimators": 9.16620901595365}, "datetime": {"datetime": "2021-09-17 09:30:28", "elapsed": 190.19225, "delta": 1.30374}}
{"target": -2.8294194315609182, "params": {"eta": 0.5088598140806493, "max_depth": 6.401504414927487, "n_estimators": 9.24841856582448}, "datetime": {"datetime": "2021-09-17 09:30:30", "elapsed": 191.90703, "delta": 1.71478}}
{"target": -2.842292879757128, "params": {"eta": 0.49941727160015714, "max_depth": 6.074999921687971, "n_estimators": 8.249302775903887}, "datetime": {"datetime": "2021-09-17 09:30:31", "elapsed": 193.438256, "delta": 1.531226}}
{"target": -2.6222613566800166, "params": {"eta": 0.44193574651552026, "max_depth": 5.6572859303608976, "n_estimators": 8.331271677974598}, "datetime": {"datetime": "2021-09-17 09:30:32", "elapsed": 194.821546, "delta": 1.38329}}
{"target": -6.541511459099619, "params": {"eta": 0.1577257868030453, "max_depth": 5.532168795176771, "n_estimators": 8.505546800403044}, "datetime": {"datetime": "2021-09-17 09:30:34", "elapsed": 196.033808, "delta": 1.212262}}
{"target": -3.107510093011354, "params": {"eta": 0.6122289537930312, "max_depth": 5.63624836935528, "n_estimators": 8.324153938256584}, "datetime": {"datetime": "2021-09-17 09:30:35", "elapsed": 197.391556, "delta": 1.357748}}
