{"target": -2.4010832234432824, "params": {"eta": 0.19012421614946834, "max_depth": 13.126884809872852, "n_estimators": 22.52714897690346}, "datetime": {"datetime": "2021-09-17 13:38:32", "elapsed": 379.12242, "delta": 2.073995}}
{"target": -2.6332867584730444, "params": {"eta": 0.12721921831794109, "max_depth": 15.354580774369479, "n_estimators": 22.526009165358328}, "datetime": {"datetime": "2021-09-17 13:38:33", "elapsed": 380.381297, "delta": 1.258877}}
{"target": -3.5048439552909447, "params": {"eta": 0.09273753887830172, "max_depth": 13.080425346604365, "n_estimators": 23.0641114249022}, "datetime": {"datetime": "2021-09-17 13:38:35", "elapsed": 382.669304, "delta": 2.288007}}
{"target": -2.408165045160996, "params": {"eta": 0.18088201995186698, "max_depth": 13.196184542889682, "n_estimators": 22.92798724991425}, "datetime": {"datetime": "2021-09-17 13:38:37", "elapsed": 384.753576, "delta": 2.084272}}
{"target": -2.4251229524612428, "params": {"eta": 0.2, "max_depth": 13.050506099740632, "n_estimators": 22.871723280635287}, "datetime": {"datetime": "2021-09-17 13:38:40", "elapsed": 387.54818, "delta": 2.794604}}
{"target": -2.336901135193674, "params": {"eta": 0.18342876918909728, "max_depth": 14.056045116534722, "n_estimators": 23.46565120948692}, "datetime": {"datetime": "2021-09-17 13:38:42", "elapsed": 389.674866, "delta": 2.126686}}
{"target": -2.3852108001708987, "params": {"eta": 0.2, "max_depth": 14.222975442225172, "n_estimators": 22.530669695658688}, "datetime": {"datetime": "2021-09-17 13:38:44", "elapsed": 391.717849, "delta": 2.042983}}
{"target": -2.3548351112164947, "params": {"eta": 0.2, "max_depth": 11.989063426670466, "n_estimators": 25.0}, "datetime": {"datetime": "2021-09-17 13:38:47", "elapsed": 394.316805, "delta": 2.598956}}
{"target": -2.380228826874181, "params": {"eta": 0.2, "max_depth": 14.795593414462266, "n_estimators": 23.57126963569009}, "datetime": {"datetime": "2021-09-17 13:38:49", "elapsed": 396.966955, "delta": 2.65015}}
{"target": -2.8571864673965854, "params": {"eta": 0.1095486969974793, "max_depth": 14.877089939037473, "n_estimators": 24.56812573284852}, "datetime": {"datetime": "2021-09-17 13:38:52", "elapsed": 399.082781, "delta": 2.115826}}
{"target": -2.3338513932730023, "params": {"eta": 0.1923541422323719, "max_depth": 16.50412087830985, "n_estimators": 24.232466016553616}, "datetime": {"datetime": "2021-09-17 13:38:53", "elapsed": 400.492025, "delta": 1.409244}}
{"target": -3.4370185318746063, "params": {"eta": 0.09407428241337513, "max_depth": 14.771374573082968, "n_estimators": 23.54810047879299}, "datetime": {"datetime": "2021-09-17 13:38:56", "elapsed": 403.411557, "delta": 2.919532}}
{"target": -3.384487739362215, "params": {"eta": 0.09185700058229478, "max_depth": 15.215648897511, "n_estimators": 24.294787534018035}, "datetime": {"datetime": "2021-09-17 13:38:58", "elapsed": 405.174917, "delta": 1.76336}}
{"target": -2.3597028255462646, "params": {"eta": 0.19881662017496426, "max_depth": 14.7921005085242, "n_estimators": 23.961957186140157}, "datetime": {"datetime": "2021-09-17 13:39:00", "elapsed": 407.44167, "delta": 2.266753}}
{"target": -2.5237557342177945, "params": {"eta": 0.1609907904548502, "max_depth": 16.27105613773242, "n_estimators": 19.727695040111374}, "datetime": {"datetime": "2021-09-17 13:39:01", "elapsed": 408.910875, "delta": 1.469205}}
{"target": -2.2507599648676417, "params": {"eta": 0.19808505108655294, "max_depth": 11.094874392046329, "n_estimators": 21.398698928298124}, "datetime": {"datetime": "2021-09-17 13:39:04", "elapsed": 411.322638, "delta": 2.411763}}
{"target": -2.555040883390527, "params": {"eta": 0.1314917213357437, "max_depth": 12.314174366486485, "n_estimators": 23.832518570628224}, "datetime": {"datetime": "2021-09-17 13:39:05", "elapsed": 412.652381, "delta": 1.329743}}
{"target": -2.4131200859421176, "params": {"eta": 0.2, "max_depth": 10.824517677148682, "n_estimators": 18.913370959644663}, "datetime": {"datetime": "2021-09-17 13:39:07", "elapsed": 414.861029, "delta": 2.208648}}
{"target": -2.317617689308367, "params": {"eta": 0.19965132122420498, "max_depth": 15.07651944361967, "n_estimators": 24.259452213399616}, "datetime": {"datetime": "2021-09-17 13:39:10", "elapsed": 417.806827, "delta": 2.945798}}
{"target": -2.375900459916968, "params": {"eta": 0.2, "max_depth": 14.353337665374546, "n_estimators": 24.199388579852894}, "datetime": {"datetime": "2021-09-17 13:39:13", "elapsed": 420.2194, "delta": 2.412573}}
{"target": -2.372013497980017, "params": {"eta": 0.1775711259533186, "max_depth": 11.19241427759412, "n_estimators": 21.43665050952903}, "datetime": {"datetime": "2021-09-17 13:39:15", "elapsed": 422.783013, "delta": 2.563613}}
{"target": -3.073020726756045, "params": {"eta": 0.10801025164472486, "max_depth": 10.712123438242656, "n_estimators": 22.189948288517563}, "datetime": {"datetime": "2021-09-17 13:39:17", "elapsed": 424.08737, "delta": 1.304357}}
{"target": -2.4675885194226317, "params": {"eta": 0.13979124116191582, "max_depth": 15.302278235024158, "n_estimators": 24.841534831713016}, "datetime": {"datetime": "2021-09-17 13:39:20", "elapsed": 427.291474, "delta": 3.204104}}
{"target": -2.25181176913412, "params": {"eta": 0.19508028123343013, "max_depth": 11.754756703872625, "n_estimators": 24.11504208187928}, "datetime": {"datetime": "2021-09-17 13:39:23", "elapsed": 430.207631, "delta": 2.916157}}
{"target": -2.4497323594595257, "params": {"eta": 0.2, "max_depth": 13.67065456777637, "n_estimators": 20.648713099419805}, "datetime": {"datetime": "2021-09-17 13:39:25", "elapsed": 432.293324, "delta": 2.085693}}
{"target": -2.380228826874181, "params": {"eta": 0.2, "max_depth": 14.830262642854683, "n_estimators": 23.69381557445443}, "datetime": {"datetime": "2021-09-17 13:39:27", "elapsed": 434.494833, "delta": 2.201509}}
{"target": -2.27318801126982, "params": {"eta": 0.19292810025093998, "max_depth": 11.720497860694095, "n_estimators": 22.223344539019248}, "datetime": {"datetime": "2021-09-17 13:39:31", "elapsed": 438.078155, "delta": 3.583322}}
{"target": -2.279220922997123, "params": {"eta": 0.17474692283652765, "max_depth": 11.64669582430181, "n_estimators": 22.1633081160591}, "datetime": {"datetime": "2021-09-17 13:39:36", "elapsed": 443.501419, "delta": 5.423264}}
{"target": -2.4110218173579168, "params": {"eta": 0.1724730091667516, "max_depth": 11.087434697930187, "n_estimators": 21.518890865336125}, "datetime": {"datetime": "2021-09-17 13:39:40", "elapsed": 447.046378, "delta": 3.544959}}
{"target": -2.905923945025394, "params": {"eta": 0.11494063299003353, "max_depth": 11.70437174058163, "n_estimators": 22.276481115258882}, "datetime": {"datetime": "2021-09-17 13:39:43", "elapsed": 450.07731, "delta": 3.030932}}
{"target": -2.3651197251520655, "params": {"eta": 0.18365679931365436, "max_depth": 11.589675983891356, "n_estimators": 22.16300937097887}, "datetime": {"datetime": "2021-09-17 13:39:44", "elapsed": 451.679328, "delta": 1.602018}}
{"target": -2.8009903336826123, "params": {"eta": 0.11953665859695092, "max_depth": 13.892442768328525, "n_estimators": 23.708691730296792}, "datetime": {"datetime": "2021-09-17 13:39:46", "elapsed": 453.605102, "delta": 1.925774}}
{"target": -2.51380712860509, "params": {"eta": 0.18058915933292946, "max_depth": 11.2979363406383, "n_estimators": 21.36953637379309}, "datetime": {"datetime": "2021-09-17 13:39:50", "elapsed": 457.514332, "delta": 3.90923}}
{"target": -3.369045674800873, "params": {"eta": 0.10974725737613109, "max_depth": 15.839089257770244, "n_estimators": 20.733831264238265}, "datetime": {"datetime": "2021-09-17 13:39:51", "elapsed": 458.944414, "delta": 1.430082}}
{"target": -2.5242794808588527, "params": {"eta": 0.16392537722212439, "max_depth": 11.777441725583108, "n_estimators": 22.08941606102252}, "datetime": {"datetime": "2021-09-17 13:39:54", "elapsed": 461.557095, "delta": 2.612681}}
{"target": -2.893699792811745, "params": {"eta": 0.11014947142350481, "max_depth": 11.902519479699427, "n_estimators": 24.991840844740256}, "datetime": {"datetime": "2021-09-17 13:39:57", "elapsed": 464.459338, "delta": 2.902243}}
{"target": -2.3472182336606475, "params": {"eta": 0.15625217273078457, "max_depth": 14.847267741860627, "n_estimators": 23.86995860034651}, "datetime": {"datetime": "2021-09-17 13:40:00", "elapsed": 467.69243, "delta": 3.233092}}
{"target": -2.3118986995596638, "params": {"eta": 0.18618909744624224, "max_depth": 14.459476737231828, "n_estimators": 23.418040949567725}, "datetime": {"datetime": "2021-09-17 13:40:04", "elapsed": 471.03233, "delta": 3.3399}}
{"target": -2.38039132984061, "params": {"eta": 0.18734941950656986, "max_depth": 14.562217314339168, "n_estimators": 23.408105998438412}, "datetime": {"datetime": "2021-09-17 13:40:06", "elapsed": 473.996211, "delta": 2.963881}}
{"target": -3.7382938717540943, "params": {"eta": 0.0919977021416855, "max_depth": 13.082427269958604, "n_estimators": 22.074018656804952}, "datetime": {"datetime": "2021-09-17 13:40:08", "elapsed": 475.573253, "delta": 1.577042}}
{"target": -3.6359074096930657, "params": {"eta": 0.11244014882911585, "max_depth": 13.482915220612039, "n_estimators": 18.88681884381136}, "datetime": {"datetime": "2021-09-17 13:40:10", "elapsed": 477.04818, "delta": 1.474927}}
{"target": -3.4691595604545187, "params": {"eta": 0.09338893179642353, "max_depth": 14.7568215025066, "n_estimators": 23.990536005303404}, "datetime": {"datetime": "2021-09-17 13:40:13", "elapsed": 480.075416, "delta": 3.027236}}
{"target": -2.3681962584194385, "params": {"eta": 0.16518402086606537, "max_depth": 11.538494201386758, "n_estimators": 24.33853041978857}, "datetime": {"datetime": "2021-09-17 13:40:14", "elapsed": 481.745573, "delta": 1.670157}}
{"target": -2.5527154947582043, "params": {"eta": 0.13587242051728315, "max_depth": 15.042271454095108, "n_estimators": 22.000800623721414}, "datetime": {"datetime": "2021-09-17 13:43:31", "elapsed": 0.0, "delta": 0.0}}
{"target": -2.755894894348947, "params": {"eta": 0.12325658298950237, "max_depth": 11.02729123571979, "n_estimators": 22.646370163381583}, "datetime": {"datetime": "2021-09-17 13:43:31", "elapsed": 0.114001, "delta": 0.114001}}
{"target": -2.8709711714794763, "params": {"eta": 0.1104886232515438, "max_depth": 12.418925089301334, "n_estimators": 24.777372319614688}, "datetime": {"datetime": "2021-09-17 13:43:32", "elapsed": 0.238001, "delta": 0.124}}
{"target": -2.299486745031256, "params": {"eta": 0.14926984074036925, "max_depth": 12.934361600823063, "n_estimators": 26.796536502777315}, "datetime": {"datetime": "2021-09-17 13:43:32", "elapsed": 0.375003, "delta": 0.137002}}
{"target": -2.9250098655098364, "params": {"eta": 0.11248974747046692, "max_depth": 16.146822054736617, "n_estimators": 22.191713152385482}, "datetime": {"datetime": "2021-09-17 13:43:32", "elapsed": 0.474998, "delta": 0.099995}}
{"target": -2.454334062024167, "params": {"eta": 0.16375142611962423, "max_depth": 12.92113361656989, "n_estimators": 25.91082879912026}, "datetime": {"datetime": "2021-09-17 13:43:32", "elapsed": 0.621, "delta": 0.146002}}
{"target": -2.656807780893226, "params": {"eta": 0.10544256324547571, "max_depth": 11.386710423594153, "n_estimators": 27.605211980728757}, "datetime": {"datetime": "2021-09-17 13:43:32", "elapsed": 0.753, "delta": 0.132}}
{"target": -2.276341413824182, "params": {"eta": 0.19650877332913375, "max_depth": 12.1939692471147, "n_estimators": 26.846258309685197}, "datetime": {"datetime": "2021-09-17 13:43:32", "elapsed": 0.916, "delta": 0.163}}
{"target": -2.3446261148703726, "params": {"eta": 0.2, "max_depth": 12.802262405709463, "n_estimators": 27.682064234408468}, "datetime": {"datetime": "2021-09-17 13:43:33", "elapsed": 1.640677, "delta": 0.724677}}
{"target": -2.3631131272566948, "params": {"eta": 0.2, "max_depth": 14.22168179822726, "n_estimators": 27.534558287501515}, "datetime": {"datetime": "2021-09-17 13:43:34", "elapsed": 2.404852, "delta": 0.764175}}
{"target": -2.392223374467147, "params": {"eta": 0.2, "max_depth": 13.996158537725673, "n_estimators": 29.0}, "datetime": {"datetime": "2021-09-17 13:43:34", "elapsed": 2.954849, "delta": 0.549997}}
{"target": -2.938234088295385, "params": {"eta": 0.09, "max_depth": 15.674067675779112, "n_estimators": 28.485437805088388}, "datetime": {"datetime": "2021-09-17 13:43:35", "elapsed": 3.37952, "delta": 0.424671}}
{"target": -2.3649728235445524, "params": {"eta": 0.2, "max_depth": 14.410060499316746, "n_estimators": 26.237961489831527}, "datetime": {"datetime": "2021-09-17 13:43:35", "elapsed": 3.870521, "delta": 0.491001}}
{"target": -2.840613775504263, "params": {"eta": 0.09, "max_depth": 12.806942508463335, "n_estimators": 29.0}, "datetime": {"datetime": "2021-09-17 13:43:36", "elapsed": 4.298522, "delta": 0.428001}}
{"target": -3.168979590190084, "params": {"eta": 0.09, "max_depth": 13.767042270308515, "n_estimators": 26.842444558591353}, "datetime": {"datetime": "2021-09-17 13:43:36", "elapsed": 4.73852, "delta": 0.439998}}
{"target": -2.3612882124750234, "params": {"eta": 0.14376059951623388, "max_depth": 15.888250716125917, "n_estimators": 28.85347906855204}, "datetime": {"datetime": "2021-09-17 13:43:36", "elapsed": 5.021521, "delta": 0.283001}}
{"target": -2.3649110612116364, "params": {"eta": 0.12547200353805388, "max_depth": 15.344748141441173, "n_estimators": 27.998731659037702}, "datetime": {"datetime": "2021-09-17 13:43:37", "elapsed": 5.299523, "delta": 0.278002}}
{"target": -2.3252864806275624, "params": {"eta": 0.184044211072035, "max_depth": 15.03546438612151, "n_estimators": 28.38379646526958}, "datetime": {"datetime": "2021-09-17 13:43:37", "elapsed": 5.629521, "delta": 0.329998}}
{"target": -2.3145776089869052, "params": {"eta": 0.16448226788944245, "max_depth": 13.835377298926176, "n_estimators": 24.682464169970935}, "datetime": {"datetime": "2021-09-17 13:43:37", "elapsed": 5.882522, "delta": 0.253001}}
{"target": -2.8768429731067853, "params": {"eta": 0.10548317111033939, "max_depth": 10.975656898287944, "n_estimators": 24.2178261829585}, "datetime": {"datetime": "2021-09-17 13:43:37", "elapsed": 6.116522, "delta": 0.234}}
{"target": -2.8236140765641866, "params": {"eta": 0.12014005144525516, "max_depth": 15.35043882677993, "n_estimators": 22.468093819622204}, "datetime": {"datetime": "2021-09-17 13:43:38", "elapsed": 6.349518, "delta": 0.232996}}
{"target": -2.3444873684330987, "params": {"eta": 0.1933262515294484, "max_depth": 16.649643386220642, "n_estimators": 23.953919966185644}, "datetime": {"datetime": "2021-09-17 13:43:38", "elapsed": 6.637524, "delta": 0.288006}}
{"target": -2.235096111423091, "params": {"eta": 0.15580222202342342, "max_depth": 10.788914401166503, "n_estimators": 22.817442567790994}, "datetime": {"datetime": "2021-09-17 13:43:38", "elapsed": 6.89652, "delta": 0.258996}}
{"target": -2.1758718189440276, "params": {"eta": 0.1574987126789672, "max_depth": 13.901743269488117, "n_estimators": 26.57524844211246}, "datetime": {"datetime": "2021-09-17 13:43:39", "elapsed": 7.188316, "delta": 0.291796}}
{"target": -2.9707970305493006, "params": {"eta": 0.09184939315321886, "max_depth": 11.808497858983795, "n_estimators": 27.604092939859836}, "datetime": {"datetime": "2021-09-17 13:43:39", "elapsed": 7.448319, "delta": 0.260003}}
{"target": -2.445312250287909, "params": {"eta": 0.12435586420521998, "max_depth": 13.82380852512425, "n_estimators": 27.787307840774986}, "datetime": {"datetime": "2021-09-17 13:43:39", "elapsed": 7.731319, "delta": 0.283}}
{"target": -2.439860259231768, "params": {"eta": 0.14103577920553864, "max_depth": 10.950938153278457, "n_estimators": 25.971333135188562}, "datetime": {"datetime": "2021-09-17 13:43:39", "elapsed": 7.993313, "delta": 0.261994}}
{"target": -2.4164544224739077, "params": {"eta": 0.1902541592785731, "max_depth": 14.358721909888896, "n_estimators": 28.78497233141733}, "datetime": {"datetime": "2021-09-17 13:43:40", "elapsed": 8.339316, "delta": 0.346003}}
{"target": -2.405233539405622, "params": {"eta": 0.1784450385050651, "max_depth": 12.225716484471807, "n_estimators": 26.24570593361588}, "datetime": {"datetime": "2021-09-17 13:43:40", "elapsed": 8.646317, "delta": 0.307001}}
{"target": -2.590170551601209, "params": {"eta": 0.115304603336452, "max_depth": 10.45350772273823, "n_estimators": 26.926919531925222}, "datetime": {"datetime": "2021-09-17 13:43:40", "elapsed": 8.908315, "delta": 0.261998}}
{"target": -2.3409847297166526, "params": {"eta": 0.18438961247699456, "max_depth": 15.973700874659812, "n_estimators": 28.17529664833302}, "datetime": {"datetime": "2021-09-17 13:43:41", "elapsed": 9.256998, "delta": 0.348683}}
{"target": -2.2237961536959596, "params": {"eta": 0.15583135546641663, "max_depth": 10.805919141278787, "n_estimators": 24.864198760098297}, "datetime": {"datetime": "2021-09-17 13:43:41", "elapsed": 9.548997, "delta": 0.291999}}
{"target": -2.2415810654037873, "params": {"eta": 0.18231243741860673, "max_depth": 12.929573350936334, "n_estimators": 24.07262592161787}, "datetime": {"datetime": "2021-09-17 13:43:41", "elapsed": 9.848, "delta": 0.299003}}
{"target": -2.3657788860170466, "params": {"eta": 0.12389421087061434, "max_depth": 16.001383450850298, "n_estimators": 27.35289792760523}, "datetime": {"datetime": "2021-09-17 13:43:42", "elapsed": 10.144998, "delta": 0.296998}}
{"target": -2.5841860382180464, "params": {"eta": 0.12602014650086266, "max_depth": 13.8597744868741, "n_estimators": 23.56147551863354}, "datetime": {"datetime": "2021-09-17 13:43:42", "elapsed": 10.404, "delta": 0.259002}}
{"target": -3.591736334248593, "params": {"eta": 0.09472911970138657, "max_depth": 12.904040685750317, "n_estimators": 22.037041011077473}, "datetime": {"datetime": "2021-09-17 13:43:42", "elapsed": 10.658, "delta": 0.254}}
{"target": -3.014960536203886, "params": {"eta": 0.10261707293509209, "max_depth": 14.427374812359599, "n_estimators": 24.86966158810408}, "datetime": {"datetime": "2021-09-17 13:43:42", "elapsed": 10.972001, "delta": 0.314001}}
{"target": -2.7282455852157192, "params": {"eta": 0.10522983100087653, "max_depth": 13.063812273449322, "n_estimators": 26.8655102283439}, "datetime": {"datetime": "2021-09-17 13:43:43", "elapsed": 11.243257, "delta": 0.271256}}
{"target": -2.708750466296547, "params": {"eta": 0.11400914892491926, "max_depth": 15.189621298958356, "n_estimators": 25.74764554181943}, "datetime": {"datetime": "2021-09-17 13:43:43", "elapsed": 11.55126, "delta": 0.308003}}
{"target": -3.0067870447510163, "params": {"eta": 0.10135213948119184, "max_depth": 10.40004207533589, "n_estimators": 24.58752254747722}, "datetime": {"datetime": "2021-09-17 13:43:43", "elapsed": 11.815261, "delta": 0.264001}}
{"target": -2.500813661750994, "params": {"eta": 0.13806071676892046, "max_depth": 11.354307535063302, "n_estimators": 22.53036140627396}, "datetime": {"datetime": "2021-09-17 13:43:43", "elapsed": 12.094257, "delta": 0.278996}}
{"target": -3.1199560981047783, "params": {"eta": 0.09463891413027747, "max_depth": 10.817867448380115, "n_estimators": 25.512347547363255}, "datetime": {"datetime": "2021-09-17 13:43:44", "elapsed": 12.363938, "delta": 0.269681}}
{"target": -2.426170462683628, "params": {"eta": 0.1472518697174593, "max_depth": 15.786410998240937, "n_estimators": 27.525659439390765}, "datetime": {"datetime": "2021-09-17 13:43:44", "elapsed": 12.710942, "delta": 0.347004}}
{"target": -2.428252732126336, "params": {"eta": 0.11179091040015879, "max_depth": 12.476062891848326, "n_estimators": 28.16025707990284}, "datetime": {"datetime": "2021-09-17 13:43:44", "elapsed": 13.017946, "delta": 0.307004}}
{"target": -2.2487832100767835, "params": {"eta": 0.17391325675502933, "max_depth": 13.277683815732523, "n_estimators": 23.37200264252693}, "datetime": {"datetime": "2021-09-17 13:43:45", "elapsed": 13.329938, "delta": 0.311992}}
{"target": -2.375976890639255, "params": {"eta": 0.1817269911138724, "max_depth": 10.868191160282304, "n_estimators": 22.253387850417564}, "datetime": {"datetime": "2021-09-17 13:43:45", "elapsed": 13.63594, "delta": 0.306002}}
{"target": -2.5058793300076534, "params": {"eta": 0.14442114400570813, "max_depth": 15.972762157339059, "n_estimators": 22.273630345468654}, "datetime": {"datetime": "2021-09-17 13:43:45", "elapsed": 13.961941, "delta": 0.326001}}
{"target": -2.802760204515959, "params": {"eta": 0.11801997117644097, "max_depth": 15.918430725690703, "n_estimators": 22.91459768322912}, "datetime": {"datetime": "2021-09-17 13:43:46", "elapsed": 14.249937, "delta": 0.287996}}
{"target": -2.272977188386415, "params": {"eta": 0.17301731209965038, "max_depth": 11.654635704654766, "n_estimators": 28.12633354046699}, "datetime": {"datetime": "2021-09-17 13:43:46", "elapsed": 14.600283, "delta": 0.350346}}
{"target": -2.908182845617595, "params": {"eta": 0.09170808416367546, "max_depth": 15.42930180866308, "n_estimators": 28.44796539799333}, "datetime": {"datetime": "2021-09-17 13:43:46", "elapsed": 14.937335, "delta": 0.337052}}
{"target": -2.4000608895954336, "params": {"eta": 0.17919566924726932, "max_depth": 15.23072246121058, "n_estimators": 28.226702981424157}, "datetime": {"datetime": "2021-09-17 13:43:47", "elapsed": 15.320336, "delta": 0.383001}}
{"target": -2.220407085042251, "params": {"eta": 0.15560387986493068, "max_depth": 13.261230966678006, "n_estimators": 28.920687018543436}, "datetime": {"datetime": "2021-09-17 13:43:47", "elapsed": 15.678068, "delta": 0.357732}}
{"target": -2.6954390958735814, "params": {"eta": 0.11955455240415577, "max_depth": 14.642161758594632, "n_estimators": 24.868128359898346}, "datetime": {"datetime": "2021-09-17 13:43:47", "elapsed": 16.036069, "delta": 0.358001}}
{"target": -3.047397459808149, "params": {"eta": 0.09918647889171614, "max_depth": 11.415880725700397, "n_estimators": 24.08475951874481}, "datetime": {"datetime": "2021-09-17 13:43:48", "elapsed": 16.325065, "delta": 0.288996}}
