{"target": -11.487903586217843, "params": {"eta": 0.19348330635906008, "max_depth": 5.923271920650254, "n_estimators": 78.48879132540459}, "datetime": {"datetime": "2021-09-27 19:00:11", "elapsed": 706.989087, "delta": 2.505102}}
{"target": -12.068728213276634, "params": {"eta": 0.33093694400122303, "max_depth": 23.897525475442002, "n_estimators": 69.66713748024279}, "datetime": {"datetime": "2021-09-27 19:00:13", "elapsed": 708.912741, "delta": 1.923654}}
{"target": -11.570695272458046, "params": {"eta": 0.05373633205846118, "max_depth": 5.48828030209644, "n_estimators": 98.96149522124793}, "datetime": {"datetime": "2021-09-27 19:00:16", "elapsed": 711.712192, "delta": 2.799451}}
{"target": -11.418443152499421, "params": {"eta": 0.17337789684238902, "max_depth": 11.21191698637282, "n_estimators": 59.74593998771127}, "datetime": {"datetime": "2021-09-27 19:00:19", "elapsed": 714.161571, "delta": 2.449379}}
{"target": -12.054846604998222, "params": {"eta": 0.3333343371458978, "max_depth": 18.992243071652396, "n_estimators": 88.34586509655605}, "datetime": {"datetime": "2021-09-27 19:00:21", "elapsed": 716.026107, "delta": 1.864536}}
{"target": -11.253282797605038, "params": {"eta": 0.06081932385526954, "max_depth": 6.613167521605319, "n_estimators": 76.87248964398974}, "datetime": {"datetime": "2021-09-27 19:00:23", "elapsed": 718.871229, "delta": 2.845122}}
{"target": -12.433321648576046, "params": {"eta": 0.4857143101061369, "max_depth": 18.25491616461781, "n_estimators": 82.21306402939643}, "datetime": {"datetime": "2021-09-27 19:00:26", "elapsed": 721.013838, "delta": 2.142609}}
{"target": -12.525190388360977, "params": {"eta": 0.4545559165819743, "max_depth": 17.604159808447395, "n_estimators": 74.27482806597834}, "datetime": {"datetime": "2021-09-27 19:00:27", "elapsed": 722.809049, "delta": 1.795211}}
{"target": -11.47536339613822, "params": {"eta": 0.05938579687295631, "max_depth": 6.4667768060994275, "n_estimators": 77.73095968244597}, "datetime": {"datetime": "2021-09-27 19:00:31", "elapsed": 726.686876, "delta": 3.877827}}
{"target": -11.407884771676665, "params": {"eta": 0.24747592833119725, "max_depth": 5.175320426340084, "n_estimators": 99.05911264997258}, "datetime": {"datetime": "2021-09-27 19:00:34", "elapsed": 729.280199, "delta": 2.593323}}
{"target": -12.605233387825688, "params": {"eta": 0.23969791943844782, "max_depth": 16.17667613399481, "n_estimators": 59.27228896209265}, "datetime": {"datetime": "2021-09-27 19:00:36", "elapsed": 731.233403, "delta": 1.953204}}
{"target": -11.60716126045607, "params": {"eta": 0.052332665809504325, "max_depth": 5.371283098086802, "n_estimators": 99.35542210373848}, "datetime": {"datetime": "2021-09-27 19:00:38", "elapsed": 733.959604, "delta": 2.726201}}
{"target": -11.309059775268937, "params": {"eta": 0.09032766254655408, "max_depth": 5.158984341882342, "n_estimators": 84.22276577295024}, "datetime": {"datetime": "2021-09-27 19:00:42", "elapsed": 737.556748, "delta": 3.597144}}
{"target": -11.438534997606576, "params": {"eta": 0.16551528096696838, "max_depth": 6.6122747259020915, "n_estimators": 76.72990550252523}, "datetime": {"datetime": "2021-09-27 19:00:45", "elapsed": 740.855363, "delta": 3.298615}}
{"target": -11.857419721105755, "params": {"eta": 0.35235892167061783, "max_depth": 21.48322968211034, "n_estimators": 96.38893385688688}, "datetime": {"datetime": "2021-09-27 19:00:47", "elapsed": 742.71582, "delta": 1.860457}}
{"target": -10.96175276412755, "params": {"eta": 0.07934075319551114, "max_depth": 5.134393841570197, "n_estimators": 99.04023524830546}, "datetime": {"datetime": "2021-09-27 19:00:51", "elapsed": 746.180332, "delta": 3.464512}}
{"target": -12.976730666446112, "params": {"eta": 0.058626210018018134, "max_depth": 3.516019413052635, "n_estimators": 60.71089329332511}, "datetime": {"datetime": "2021-09-27 19:00:52", "elapsed": 747.800658, "delta": 1.620326}}
{"target": -11.849517277341565, "params": {"eta": 0.2001830032762566, "max_depth": 24.373523105844733, "n_estimators": 92.36607417247401}, "datetime": {"datetime": "2021-09-27 19:00:54", "elapsed": 749.836054, "delta": 2.035396}}
{"target": -14.006019080342993, "params": {"eta": 0.09571172120846899, "max_depth": 2.8292520052488426, "n_estimators": 64.06400701632256}, "datetime": {"datetime": "2021-09-27 19:00:56", "elapsed": 751.436797, "delta": 1.600743}}
{"target": -11.622959417118764, "params": {"eta": 0.14705055280354273, "max_depth": 23.14879269351462, "n_estimators": 83.97416852588734}, "datetime": {"datetime": "2021-09-27 19:00:59", "elapsed": 754.694528, "delta": 3.257731}}
{"target": -11.300915534792097, "params": {"eta": 0.18120760095821126, "max_depth": 4.155219052855843, "n_estimators": 71.4856007278548}, "datetime": {"datetime": "2021-09-27 19:01:01", "elapsed": 756.463526, "delta": 1.768998}}
{"target": -11.306404532945747, "params": {"eta": 0.05424815579828153, "max_depth": 7.299366623842217, "n_estimators": 77.3831128824914}, "datetime": {"datetime": "2021-09-27 19:01:04", "elapsed": 759.390808, "delta": 2.927282}}
{"target": -12.019741970265333, "params": {"eta": 0.29222654337044823, "max_depth": 16.362638116840916, "n_estimators": 66.74296057970066}, "datetime": {"datetime": "2021-09-27 19:01:07", "elapsed": 762.531958, "delta": 3.14115}}
{"target": -11.832582158061792, "params": {"eta": 0.23475791136209495, "max_depth": 28.92641364322191, "n_estimators": 80.62448662551363}, "datetime": {"datetime": "2021-09-27 19:01:09", "elapsed": 764.59475, "delta": 2.062792}}
{"target": -11.702184506387743, "params": {"eta": 0.20028016425935685, "max_depth": 17.06107756441477, "n_estimators": 64.64618099859763}, "datetime": {"datetime": "2021-09-27 19:01:11", "elapsed": 766.475486, "delta": 1.880736}}
{"target": -11.327150091995437, "params": {"eta": 0.07575136218160984, "max_depth": 5.162856952511766, "n_estimators": 99.10513876218576}, "datetime": {"datetime": "2021-09-27 19:01:13", "elapsed": 768.866344, "delta": 2.390858}}
{"target": -11.193038237130567, "params": {"eta": 0.07117936013661569, "max_depth": 6.284613241153023, "n_estimators": 77.58866464208542}, "datetime": {"datetime": "2021-09-27 19:01:17", "elapsed": 772.089691, "delta": 3.223347}}
{"target": -11.323201113719291, "params": {"eta": 0.12487978740047996, "max_depth": 6.954522425777854, "n_estimators": 77.3771045791569}, "datetime": {"datetime": "2021-09-27 19:01:21", "elapsed": 776.165166, "delta": 4.075475}}
{"target": -11.547718563602082, "params": {"eta": 0.17965736194986348, "max_depth": 6.5365396761021595, "n_estimators": 77.12486288023646}, "datetime": {"datetime": "2021-09-27 19:01:24", "elapsed": 779.402857, "delta": 3.237691}}
{"target": -12.065336061100233, "params": {"eta": 0.28387609778136963, "max_depth": 28.101023315202713, "n_estimators": 80.83860773051579}, "datetime": {"datetime": "2021-09-27 19:01:26", "elapsed": 781.845053, "delta": 2.442196}}
{"target": -12.363317562992467, "params": {"eta": 0.38940863941164366, "max_depth": 18.866198678464695, "n_estimators": 72.90674691024589}, "datetime": {"datetime": "2021-09-27 19:01:29", "elapsed": 784.753637, "delta": 2.908584}}
{"target": -10.923520725664423, "params": {"eta": 0.1448606439976516, "max_depth": 7.2848709176864626, "n_estimators": 77.53616546976463}, "datetime": {"datetime": "2021-09-27 19:01:33", "elapsed": 788.141788, "delta": 3.388151}}
{"target": -11.239439031404585, "params": {"eta": 0.1790684882772408, "max_depth": 5.272099046758594, "n_estimators": 99.08356969559765}, "datetime": {"datetime": "2021-09-27 19:01:37", "elapsed": 792.934117, "delta": 4.792329}}
{"target": -11.422633046628397, "params": {"eta": 0.059969834680055685, "max_depth": 7.259412788585989, "n_estimators": 78.18072112924153}, "datetime": {"datetime": "2021-09-27 19:01:39", "elapsed": 794.926689, "delta": 1.992572}}
{"target": -11.910839266112582, "params": {"eta": 0.27635110106352134, "max_depth": 19.008013426943368, "n_estimators": 73.71642709424853}, "datetime": {"datetime": "2021-09-27 19:01:42", "elapsed": 797.245829, "delta": 2.31914}}
{"target": -11.67760488699194, "params": {"eta": 0.07325260963988578, "max_depth": 5.860080451428434, "n_estimators": 74.29733831778962}, "datetime": {"datetime": "2021-09-27 19:01:44", "elapsed": 799.161697, "delta": 1.915868}}
{"target": -11.408659474567033, "params": {"eta": 0.05592562959726642, "max_depth": 5.047389606711099, "n_estimators": 99.02596023801944}, "datetime": {"datetime": "2021-09-27 19:01:47", "elapsed": 802.557086, "delta": 3.395389}}
{"target": -12.464149458376612, "params": {"eta": 0.25283034375725655, "max_depth": 19.41125823782184, "n_estimators": 71.10708073039596}, "datetime": {"datetime": "2021-09-27 19:01:51", "elapsed": 806.931925, "delta": 4.374839}}
{"target": -12.018467903052148, "params": {"eta": 0.14566113221972915, "max_depth": 12.133590262320517, "n_estimators": 84.55081169093441}, "datetime": {"datetime": "2021-09-27 19:01:54", "elapsed": 809.927656, "delta": 2.995731}}
{"target": -11.572351342106053, "params": {"eta": 0.15968516463252067, "max_depth": 7.760439111905072, "n_estimators": 85.88571621193358}, "datetime": {"datetime": "2021-09-27 19:01:58", "elapsed": 813.309597, "delta": 3.381941}}
{"target": -12.315010914706805, "params": {"eta": 0.29807453748690876, "max_depth": 4.196949332628828, "n_estimators": 66.44372835092894}, "datetime": {"datetime": "2021-09-27 19:02:00", "elapsed": 815.359987, "delta": 2.05039}}
{"target": -12.034450531936843, "params": {"eta": 0.2998215553649502, "max_depth": 11.438256016374162, "n_estimators": 56.64773375697355}, "datetime": {"datetime": "2021-09-27 19:02:02", "elapsed": 817.370764, "delta": 2.010777}}
{"target": -11.588712723441448, "params": {"eta": 0.3570405603656277, "max_depth": 17.500354727502586, "n_estimators": 56.896112764241366}, "datetime": {"datetime": "2021-09-27 19:02:04", "elapsed": 819.828423, "delta": 2.457659}}
{"target": -11.145423932636325, "params": {"eta": 0.1442338437776987, "max_depth": 6.7197920215411715, "n_estimators": 76.83923985279387}, "datetime": {"datetime": "2021-09-27 19:02:08", "elapsed": 823.443745, "delta": 3.615322}}
{"target": -11.691929510437394, "params": {"eta": 0.20937306487894247, "max_depth": 5.140984916562621, "n_estimators": 99.29621668183864}, "datetime": {"datetime": "2021-09-27 19:02:12", "elapsed": 827.343537, "delta": 3.899792}}
{"target": -11.565188242204616, "params": {"eta": 0.08301290295904523, "max_depth": 10.598273277810073, "n_estimators": 76.93835909309274}, "datetime": {"datetime": "2021-09-27 19:02:14", "elapsed": 829.817393, "delta": 2.473856}}
{"target": -11.609923708567113, "params": {"eta": 0.2722919384025395, "max_depth": 15.0716246471816, "n_estimators": 84.55219735991679}, "datetime": {"datetime": "2021-09-27 19:02:16", "elapsed": 831.938957, "delta": 2.121564}}
{"target": -11.412931837578775, "params": {"eta": 0.0631845621276822, "max_depth": 7.451040037753123, "n_estimators": 77.65495729053418}, "datetime": {"datetime": "2021-09-27 19:02:20", "elapsed": 835.300025, "delta": 3.361068}}
{"target": -11.484407589464777, "params": {"eta": 0.16868498475827617, "max_depth": 6.76977572642194, "n_estimators": 76.98556008348802}, "datetime": {"datetime": "2021-09-27 19:02:24", "elapsed": 839.121995, "delta": 3.82197}}
{"target": -12.37277186593862, "params": {"eta": 0.2404710204467151, "max_depth": 23.188228943306694, "n_estimators": 60.60211202480497}, "datetime": {"datetime": "2021-09-27 19:02:26", "elapsed": 841.273214, "delta": 2.151219}}
{"target": -11.552695038105117, "params": {"eta": 0.09035348023754396, "max_depth": 29.44906211604612, "n_estimators": 72.21263541662319}, "datetime": {"datetime": "2021-09-27 19:02:29", "elapsed": 844.099282, "delta": 2.826068}}
{"target": -13.01219337583886, "params": {"eta": 0.26428150004285067, "max_depth": 2.804632573067049, "n_estimators": 57.92031613969999}, "datetime": {"datetime": "2021-09-27 19:02:31", "elapsed": 846.737206, "delta": 2.637924}}
{"target": -10.85280466307648, "params": {"eta": 0.10823945877001781, "max_depth": 7.274290810096346, "n_estimators": 77.45120209970351}, "datetime": {"datetime": "2021-09-27 19:02:34", "elapsed": 849.591756, "delta": 2.85455}}
{"target": -11.13657217542924, "params": {"eta": 0.10498725499615316, "max_depth": 4.136793284312292, "n_estimators": 83.56012652016886}, "datetime": {"datetime": "2021-09-27 19:02:36", "elapsed": 851.5321, "delta": 1.940344}}
{"target": -11.557645917149465, "params": {"eta": 0.06856065534574911, "max_depth": 15.077188752900787, "n_estimators": 57.34000742239923}, "datetime": {"datetime": "2021-09-27 19:02:38", "elapsed": 853.537015, "delta": 2.004915}}
{"target": -11.298119849508534, "params": {"eta": 0.12086929305022874, "max_depth": 5.402975485828613, "n_estimators": 92.88775622393638}, "datetime": {"datetime": "2021-09-27 19:02:40", "elapsed": 855.506532, "delta": 1.969517}}
{"target": -12.027666845731998, "params": {"eta": 0.37082061424260254, "max_depth": 3.7245813863161454, "n_estimators": 73.005535576081}, "datetime": {"datetime": "2021-09-27 19:02:42", "elapsed": 857.595787, "delta": 2.089255}}
{"target": -11.938747070110663, "params": {"eta": 0.45783863268593716, "max_depth": 10.472091295256911, "n_estimators": 64.08008903327817}, "datetime": {"datetime": "2021-09-27 19:02:45", "elapsed": 860.237237, "delta": 2.64145}}
{"target": -12.76119393189465, "params": {"eta": 0.4980635877649994, "max_depth": 8.021220047270406, "n_estimators": 88.02355420297843}, "datetime": {"datetime": "2021-09-27 19:02:47", "elapsed": 862.906672, "delta": 2.669435}}
{"target": -11.647875010453623, "params": {"eta": 0.19408372073367064, "max_depth": 7.091709944926231, "n_estimators": 85.1045745450099}, "datetime": {"datetime": "2021-09-27 19:02:50", "elapsed": 865.02245, "delta": 2.115778}}
{"target": -12.207422573348214, "params": {"eta": 0.47015704097987154, "max_depth": 13.983124806403692, "n_estimators": 53.58148771629495}, "datetime": {"datetime": "2021-09-27 19:02:52", "elapsed": 867.192745, "delta": 2.170295}}
{"target": -12.004274396097815, "params": {"eta": 0.4100603828230804, "max_depth": 18.8023908430839, "n_estimators": 98.00810150398715}, "datetime": {"datetime": "2021-09-27 19:02:54", "elapsed": 869.492272, "delta": 2.299527}}
{"target": -12.106462607543103, "params": {"eta": 0.16969354653393537, "max_depth": 12.207253104713173, "n_estimators": 94.7630178911097}, "datetime": {"datetime": "2021-09-27 19:02:58", "elapsed": 873.321334, "delta": 3.829062}}
{"target": -11.343082137392313, "params": {"eta": 0.3119881152998308, "max_depth": 7.808836725799234, "n_estimators": 79.20797834728452}, "datetime": {"datetime": "2021-09-27 19:03:01", "elapsed": 876.582194, "delta": 3.26086}}
{"target": -12.35262947435098, "params": {"eta": 0.44882375799272567, "max_depth": 11.553076442981311, "n_estimators": 77.57915481175537}, "datetime": {"datetime": "2021-09-27 19:03:03", "elapsed": 878.713981, "delta": 2.131787}}
{"target": -11.534977671139227, "params": {"eta": 0.08799817328994539, "max_depth": 6.311114745824295, "n_estimators": 77.38518943686364}, "datetime": {"datetime": "2021-09-27 19:03:06", "elapsed": 881.946749, "delta": 3.232768}}
{"target": -11.299313290621091, "params": {"eta": 0.13936456892119958, "max_depth": 4.2631082252004235, "n_estimators": 83.66934457514478}, "datetime": {"datetime": "2021-09-27 19:03:10", "elapsed": 885.063764, "delta": 3.117015}}
{"target": -12.004061178946827, "params": {"eta": 0.1650673119324084, "max_depth": 25.699552752878336, "n_estimators": 73.38563819081594}, "datetime": {"datetime": "2021-09-27 19:03:14", "elapsed": 889.715453, "delta": 4.651689}}
{"target": -11.864664642086227, "params": {"eta": 0.09981225273123309, "max_depth": 12.634029548784536, "n_estimators": 52.33324301674961}, "datetime": {"datetime": "2021-09-27 19:03:16", "elapsed": 891.849736, "delta": 2.134283}}
{"target": -11.91378053360773, "params": {"eta": 0.32769893450733006, "max_depth": 14.262616769166371, "n_estimators": 96.20899142286135}, "datetime": {"datetime": "2021-09-27 19:03:18", "elapsed": 893.982868, "delta": 2.133132}}
{"target": -11.662908903659543, "params": {"eta": 0.10343810956449295, "max_depth": 27.695762091496047, "n_estimators": 75.81875375461664}, "datetime": {"datetime": "2021-09-27 19:03:21", "elapsed": 896.205644, "delta": 2.222776}}
{"target": -12.11901014153812, "params": {"eta": 0.16086883899340354, "max_depth": 12.789836701423646, "n_estimators": 62.70510496198932}, "datetime": {"datetime": "2021-09-27 19:03:23", "elapsed": 898.210911, "delta": 2.005267}}
{"target": -12.559496451152585, "params": {"eta": 0.45334693973538653, "max_depth": 21.712221392758174, "n_estimators": 56.52291346016516}, "datetime": {"datetime": "2021-09-27 19:03:25", "elapsed": 900.270513, "delta": 2.059602}}
{"target": -11.765369520362205, "params": {"eta": 0.20876487643656338, "max_depth": 15.474077824135213, "n_estimators": 67.84958744012462}, "datetime": {"datetime": "2021-09-27 19:03:27", "elapsed": 902.417215, "delta": 2.146702}}
{"target": -12.280512125092475, "params": {"eta": 0.21885933459648582, "max_depth": 12.714436399542986, "n_estimators": 82.88686989492112}, "datetime": {"datetime": "2021-09-27 19:03:29", "elapsed": 904.657836, "delta": 2.240621}}
{"target": -11.931332839085847, "params": {"eta": 0.1598958378577524, "max_depth": 9.095878602380683, "n_estimators": 52.42303161290953}, "datetime": {"datetime": "2021-09-27 19:03:31", "elapsed": 906.77678, "delta": 2.118944}}
{"target": -11.809856336694477, "params": {"eta": 0.060679613269160576, "max_depth": 4.004379965862691, "n_estimators": 83.62830105807343}, "datetime": {"datetime": "2021-09-27 19:03:34", "elapsed": 909.764835, "delta": 2.988055}}
{"target": -11.565445085410591, "params": {"eta": 0.1861463838594557, "max_depth": 4.074851164439994, "n_estimators": 71.38436213306997}, "datetime": {"datetime": "2021-09-27 19:03:38", "elapsed": 913.226549, "delta": 3.461714}}
{"target": -10.954668945419646, "params": {"eta": 0.12137082327222833, "max_depth": 5.299106668278248, "n_estimators": 92.72470075123375}, "datetime": {"datetime": "2021-09-27 19:03:41", "elapsed": 916.426638, "delta": 3.200089}}
{"target": -12.010248881603305, "params": {"eta": 0.2418891490115233, "max_depth": 6.366600672976637, "n_estimators": 95.35858440922539}, "datetime": {"datetime": "2021-09-27 19:03:44", "elapsed": 919.449885, "delta": 3.023247}}
{"target": -12.712454736484604, "params": {"eta": 0.4065747689857194, "max_depth": 25.473751973897162, "n_estimators": 74.18836482397452}, "datetime": {"datetime": "2021-09-27 19:03:46", "elapsed": 921.656785, "delta": 2.2069}}
{"target": -11.641524168781805, "params": {"eta": 0.11446673489024559, "max_depth": 5.3842573955160145, "n_estimators": 84.08695604761701}, "datetime": {"datetime": "2021-09-27 19:03:50", "elapsed": 925.806125, "delta": 4.14934}}
{"target": -11.21816794315146, "params": {"eta": 0.13821987680510972, "max_depth": 7.187967714926528, "n_estimators": 77.46980482592429}, "datetime": {"datetime": "2021-09-27 19:03:54", "elapsed": 929.911759, "delta": 4.105634}}
{"target": -12.537448269612849, "params": {"eta": 0.1777913446090763, "max_depth": 13.10223620835167, "n_estimators": 82.12139019574744}, "datetime": {"datetime": "2021-09-27 19:03:57", "elapsed": 932.615, "delta": 2.703241}}
{"target": -11.613476450243635, "params": {"eta": 0.14200744996646383, "max_depth": 24.2146964425509, "n_estimators": 95.56673603237866}, "datetime": {"datetime": "2021-09-27 19:04:01", "elapsed": 936.052593, "delta": 3.437593}}
{"target": -11.595066201248361, "params": {"eta": 0.09035469047401604, "max_depth": 17.615993618820436, "n_estimators": 87.54437711514822}, "datetime": {"datetime": "2021-09-27 19:04:03", "elapsed": 938.379294, "delta": 2.326701}}
{"target": -11.60720542192133, "params": {"eta": 0.4348138663396424, "max_depth": 9.889624357342198, "n_estimators": 79.00488284605379}, "datetime": {"datetime": "2021-09-27 19:04:05", "elapsed": 940.573635, "delta": 2.194341}}
{"target": -12.18932773444658, "params": {"eta": 0.3070986729699037, "max_depth": 25.56847598583978, "n_estimators": 75.25389508442788}, "datetime": {"datetime": "2021-09-27 19:04:07", "elapsed": 942.867639, "delta": 2.294004}}
{"target": -12.37903849407315, "params": {"eta": 0.46994356997931697, "max_depth": 12.4283317471695, "n_estimators": 80.73143370647358}, "datetime": {"datetime": "2021-09-27 19:04:09", "elapsed": 944.993679, "delta": 2.12604}}
{"target": -11.908600789944378, "params": {"eta": 0.08556206454238845, "max_depth": 13.161675139247661, "n_estimators": 97.10293201584888}, "datetime": {"datetime": "2021-09-27 19:04:12", "elapsed": 947.381983, "delta": 2.388304}}
{"target": -11.285268618997907, "params": {"eta": 0.057983553464212204, "max_depth": 7.283774404317756, "n_estimators": 77.52571297196307}, "datetime": {"datetime": "2021-09-27 19:04:16", "elapsed": 951.361341, "delta": 3.979358}}
{"target": -14.220320020187286, "params": {"eta": 0.06505521557492057, "max_depth": 2.074437066951682, "n_estimators": 77.94881701534766}, "datetime": {"datetime": "2021-09-27 19:04:18", "elapsed": 953.439679, "delta": 2.078338}}
{"target": -11.493780022827819, "params": {"eta": 0.20053471823363145, "max_depth": 28.510292159078425, "n_estimators": 79.80837976229654}, "datetime": {"datetime": "2021-09-27 19:04:20", "elapsed": 955.693836, "delta": 2.254157}}
{"target": -11.87053655851131, "params": {"eta": 0.19884286934879175, "max_depth": 3.787506283462523, "n_estimators": 50.34671207492159}, "datetime": {"datetime": "2021-09-27 19:04:22", "elapsed": 957.609079, "delta": 1.915243}}
{"target": -11.785538719586587, "params": {"eta": 0.24619770596390173, "max_depth": 2.259262318278913, "n_estimators": 154.9662477878709}, "datetime": {"datetime": "2021-09-27 19:12:08", "elapsed": 0.0, "delta": 0.0}}
