{"target": -2.3404423638394003, "params": {"eta": 0.18731934232754366, "max_depth": 15.536474185573914, "n_estimators": 28.705518218503165}, "datetime": {"datetime": "2021-09-17 14:07:15", "elapsed": 41.25009, "delta": 0.604002}}
{"target": -2.3728702683197826, "params": {"eta": 0.13738778242123617, "max_depth": 12.93451974234354, "n_estimators": 29.158366631861817}, "datetime": {"datetime": "2021-09-17 14:07:15", "elapsed": 41.963052, "delta": 0.712962}}
{"target": -2.464886058631696, "params": {"eta": 0.1194917734147412, "max_depth": 10.82346936539568, "n_estimators": 30.88813207797476}, "datetime": {"datetime": "2021-09-17 14:07:16", "elapsed": 42.514053, "delta": 0.551001}}
{"target": -2.3362789492858083, "params": {"eta": 0.144710814539828, "max_depth": 15.023598655896146, "n_estimators": 28.827280603190275}, "datetime": {"datetime": "2021-09-17 14:07:16", "elapsed": 43.127051, "delta": 0.612998}}
{"target": -2.4258303698740504, "params": {"eta": 0.12184396068842673, "max_depth": 10.81228618302519, "n_estimators": 30.843012384182803}, "datetime": {"datetime": "2021-09-17 14:07:17", "elapsed": 43.714055, "delta": 0.587004}}
{"target": -2.965706756240443, "params": {"eta": 0.09925097184621834, "max_depth": 15.703509963592479, "n_estimators": 25.965652829268507}, "datetime": {"datetime": "2021-09-17 14:07:18", "elapsed": 44.152053, "delta": 0.437998}}
{"target": -2.3329949724046806, "params": {"eta": 0.1626972433156622, "max_depth": 10.14757629344689, "n_estimators": 29.54031919341656}, "datetime": {"datetime": "2021-09-17 14:07:18", "elapsed": 44.804053, "delta": 0.652}}
{"target": -2.257637107999701, "params": {"eta": 0.17326980880200188, "max_depth": 16.6595216476487, "n_estimators": 30.04125901714015}, "datetime": {"datetime": "2021-09-17 14:07:19", "elapsed": 45.439731, "delta": 0.635678}}
{"target": -2.3128708557078714, "params": {"eta": 0.1489660499980601, "max_depth": 14.581005347577475, "n_estimators": 28.25544293392609}, "datetime": {"datetime": "2021-09-17 14:07:19", "elapsed": 46.09488, "delta": 0.655149}}
{"target": -2.3969930623707016, "params": {"eta": 0.17206456199607234, "max_depth": 11.303659383687926, "n_estimators": 26.844404767541675}, "datetime": {"datetime": "2021-09-17 14:07:20", "elapsed": 46.862841, "delta": 0.767961}}
{"target": -2.3926732383276286, "params": {"eta": 0.17865445795534468, "max_depth": 16.68536078740903, "n_estimators": 30.027634897602784}, "datetime": {"datetime": "2021-09-17 14:07:21", "elapsed": 47.50884, "delta": 0.645999}}
{"target": -2.395911720551942, "params": {"eta": 0.1788299376532833, "max_depth": 16.107037842285052, "n_estimators": 31.83168246153052}, "datetime": {"datetime": "2021-09-17 14:07:22", "elapsed": 48.197031, "delta": 0.688191}}
{"target": -2.3243746926910003, "params": {"eta": 0.18399380416483369, "max_depth": 11.841445284179578, "n_estimators": 29.066627072992144}, "datetime": {"datetime": "2021-09-17 14:07:22", "elapsed": 48.714027, "delta": 0.516996}}
{"target": -2.450859278126767, "params": {"eta": 0.16793716606584697, "max_depth": 11.387732302180092, "n_estimators": 26.9073892651342}, "datetime": {"datetime": "2021-09-17 14:07:23", "elapsed": 49.31603, "delta": 0.602003}}
{"target": -2.2505125585355255, "params": {"eta": 0.13564028697785802, "max_depth": 16.918322991461736, "n_estimators": 29.204616128712555}, "datetime": {"datetime": "2021-09-17 14:07:23", "elapsed": 49.853368, "delta": 0.537338}}
{"target": -2.3802004688664486, "params": {"eta": 0.1763981253027337, "max_depth": 15.003882042246145, "n_estimators": 28.815443793140155}, "datetime": {"datetime": "2021-09-17 14:07:24", "elapsed": 50.81228, "delta": 0.958912}}
{"target": -2.4315208585638746, "params": {"eta": 0.13248018055373983, "max_depth": 11.575582915006141, "n_estimators": 24.921381062898547}, "datetime": {"datetime": "2021-09-17 14:07:25", "elapsed": 51.28228, "delta": 0.47}}
{"target": -2.449231527353588, "params": {"eta": 0.1816190315794843, "max_depth": 15.556506662449777, "n_estimators": 28.707653674837147}, "datetime": {"datetime": "2021-09-17 14:07:25", "elapsed": 52.008628, "delta": 0.726348}}
{"target": -2.363122302607486, "params": {"eta": 0.16614042190417455, "max_depth": 13.016979333238655, "n_estimators": 30.137852362914863}, "datetime": {"datetime": "2021-09-17 14:07:26", "elapsed": 52.56363, "delta": 0.555002}}
{"target": -2.2668948148426256, "params": {"eta": 0.18267263783679277, "max_depth": 16.071998548323997, "n_estimators": 31.83801406894589}, "datetime": {"datetime": "2021-09-17 14:07:27", "elapsed": 53.279632, "delta": 0.716002}}
{"target": -2.3107244290803606, "params": {"eta": 0.16086090970530809, "max_depth": 16.664060489819494, "n_estimators": 30.07490772175357}, "datetime": {"datetime": "2021-09-17 14:07:27", "elapsed": 54.017546, "delta": 0.737914}}
{"target": -2.3759244536098683, "params": {"eta": 0.1643267866712399, "max_depth": 11.378872707282301, "n_estimators": 26.876783786287277}, "datetime": {"datetime": "2021-09-17 14:07:28", "elapsed": 54.657543, "delta": 0.639997}}
{"target": -2.4795647558413054, "params": {"eta": 0.11295495695944138, "max_depth": 13.53965475395329, "n_estimators": 30.465113277721038}, "datetime": {"datetime": "2021-09-17 14:07:29", "elapsed": 55.202549, "delta": 0.545006}}
{"target": -2.3311444677804647, "params": {"eta": 0.17176241761699784, "max_depth": 14.97933952182569, "n_estimators": 28.601697967464464}, "datetime": {"datetime": "2021-09-17 14:07:29", "elapsed": 55.966742, "delta": 0.764193}}
{"target": -2.3580709771106116, "params": {"eta": 0.13879242541130346, "max_depth": 16.637230726424676, "n_estimators": 30.077514448331485}, "datetime": {"datetime": "2021-09-17 14:07:30", "elapsed": 56.641743, "delta": 0.675001}}
{"target": -2.3155588212766145, "params": {"eta": 0.16944733755380204, "max_depth": 16.31561122909641, "n_estimators": 24.96277926012053}, "datetime": {"datetime": "2021-09-17 14:07:31", "elapsed": 57.383747, "delta": 0.742004}}
{"target": -2.34457880070335, "params": {"eta": 0.1350541441610139, "max_depth": 16.0931823121356, "n_estimators": 26.937755649191697}, "datetime": {"datetime": "2021-09-17 14:07:31", "elapsed": 57.926533, "delta": 0.542786}}
{"target": -2.4397212354760422, "params": {"eta": 0.17674575152474895, "max_depth": 15.517411896631815, "n_estimators": 28.724160366164572}, "datetime": {"datetime": "2021-09-17 14:07:32", "elapsed": 58.654587, "delta": 0.728054}}
{"target": -2.3446813326132925, "params": {"eta": 0.1258817033439556, "max_depth": 15.003196741259481, "n_estimators": 28.8127525352607}, "datetime": {"datetime": "2021-09-17 14:07:33", "elapsed": 59.387589, "delta": 0.733002}}
{"target": -2.4304879257553504, "params": {"eta": 0.16882348786685347, "max_depth": 12.830436829461144, "n_estimators": 25.783103935955744}, "datetime": {"datetime": "2021-09-17 14:07:33", "elapsed": 59.934968, "delta": 0.547379}}
{"target": -2.374950201260416, "params": {"eta": 0.1461256806545798, "max_depth": 10.032077410852649, "n_estimators": 29.245086233644653}, "datetime": {"datetime": "2021-09-17 14:07:34", "elapsed": 60.487688, "delta": 0.55272}}
{"target": -2.3851215933498584, "params": {"eta": 0.17435179547785928, "max_depth": 16.079247534280825, "n_estimators": 31.81577489550553}, "datetime": {"datetime": "2021-09-17 14:07:35", "elapsed": 61.320688, "delta": 0.833}}
{"target": -2.3873856011189916, "params": {"eta": 0.18122341275722437, "max_depth": 13.649354327905668, "n_estimators": 29.498495919970374}, "datetime": {"datetime": "2021-09-17 14:07:35", "elapsed": 61.942785, "delta": 0.622097}}
{"target": -2.31613605587106, "params": {"eta": 0.14323344695492013, "max_depth": 12.985314231426702, "n_estimators": 29.15012000517636}, "datetime": {"datetime": "2021-09-17 14:07:36", "elapsed": 62.679786, "delta": 0.737001}}
{"target": -2.4031443464128595, "params": {"eta": 0.1264330646113318, "max_depth": 11.040408677952806, "n_estimators": 29.765689859923185}, "datetime": {"datetime": "2021-09-17 14:07:37", "elapsed": 63.243877, "delta": 0.564091}}
{"target": -2.3684442444851523, "params": {"eta": 0.17436695229863475, "max_depth": 12.134506204729144, "n_estimators": 29.07654532939686}, "datetime": {"datetime": "2021-09-17 14:07:37", "elapsed": 63.865717, "delta": 0.62184}}
{"target": -2.3585312604904174, "params": {"eta": 0.11880892139225127, "max_depth": 10.82987902452271, "n_estimators": 30.85599189898061}, "datetime": {"datetime": "2021-09-17 14:07:38", "elapsed": 64.564719, "delta": 0.699002}}
{"target": -2.576629037606088, "params": {"eta": 0.11035767394283082, "max_depth": 11.306114717042592, "n_estimators": 28.349108329594614}, "datetime": {"datetime": "2021-09-17 14:07:38", "elapsed": 65.124718, "delta": 0.559999}}
{"target": -2.4129352418999925, "params": {"eta": 0.18874905492113886, "max_depth": 15.675406067992846, "n_estimators": 31.712458412368537}, "datetime": {"datetime": "2021-09-17 14:07:39", "elapsed": 65.936931, "delta": 0.812213}}
{"target": -2.4374553209856935, "params": {"eta": 0.10875681979244986, "max_depth": 11.079779705620902, "n_estimators": 31.278100159054755}, "datetime": {"datetime": "2021-09-17 14:07:40", "elapsed": 66.507929, "delta": 0.570998}}
{"target": -2.3803102574850388, "params": {"eta": 0.11734879413839469, "max_depth": 16.90150699740125, "n_estimators": 29.19601988868997}, "datetime": {"datetime": "2021-09-17 14:07:41", "elapsed": 67.278928, "delta": 0.770999}}
{"target": -2.4244955301284787, "params": {"eta": 0.14663606550729774, "max_depth": 11.361465410562207, "n_estimators": 26.82681559731501}, "datetime": {"datetime": "2021-09-17 14:07:41", "elapsed": 67.827707, "delta": 0.548779}}
{"target": -2.3937252979529533, "params": {"eta": 0.17064427612709188, "max_depth": 11.359545219657763, "n_estimators": 26.896964769553673}, "datetime": {"datetime": "2021-09-17 14:07:42", "elapsed": 68.561709, "delta": 0.734002}}
{"target": -2.7896531901861494, "params": {"eta": 0.10073948157784417, "max_depth": 15.364352313687455, "n_estimators": 27.450479848075112}, "datetime": {"datetime": "2021-09-17 14:07:42", "elapsed": 69.147708, "delta": 0.585999}}
{"target": -2.349226208737022, "params": {"eta": 0.17248160404416274, "max_depth": 15.625368123039006, "n_estimators": 25.542534418330753}, "datetime": {"datetime": "2021-09-17 14:07:43", "elapsed": 69.754265, "delta": 0.606557}}
{"target": -2.4037407253917893, "params": {"eta": 0.16820269664488785, "max_depth": 11.396679867050224, "n_estimators": 24.579523323428752}, "datetime": {"datetime": "2021-09-17 14:07:44", "elapsed": 70.561473, "delta": 0.807208}}
{"target": -2.2547113544062563, "params": {"eta": 0.1504253062491684, "max_depth": 14.579723841796298, "n_estimators": 28.254504100185287}, "datetime": {"datetime": "2021-09-17 14:07:45", "elapsed": 71.163472, "delta": 0.601999}}
{"target": -2.3140978468091866, "params": {"eta": 0.16010882759238973, "max_depth": 16.67098892780574, "n_estimators": 30.042774033977675}, "datetime": {"datetime": "2021-09-17 14:07:45", "elapsed": 71.960402, "delta": 0.79693}}
{"target": -2.381110207030648, "params": {"eta": 0.1486671117839425, "max_depth": 15.297258932409758, "n_estimators": 24.743637054345605}, "datetime": {"datetime": "2021-09-17 14:07:46", "elapsed": 72.5914, "delta": 0.630998}}
{"target": -2.1855746055904186, "params": {"eta": 0.1634020329912626, "max_depth": 12.522491977165016, "n_estimators": 27.568067126677654}, "datetime": {"datetime": "2021-09-17 14:07:47", "elapsed": 73.2584, "delta": 0.667}}
{"target": -2.2970507483733327, "params": {"eta": 0.16093814379895854, "max_depth": 16.24401683822935, "n_estimators": 31.69612516738398}, "datetime": {"datetime": "2021-09-17 14:07:48", "elapsed": 74.246596, "delta": 0.988196}}
{"target": -2.382865956582521, "params": {"eta": 0.169785068039457, "max_depth": 16.09050065360178, "n_estimators": 31.843750133789303}, "datetime": {"datetime": "2021-09-17 14:07:49", "elapsed": 75.295258, "delta": 1.048662}}
{"target": -2.2152492215758874, "params": {"eta": 0.1942516856708424, "max_depth": 15.551215594241933, "n_estimators": 28.68339051165936}, "datetime": {"datetime": "2021-09-17 14:07:49", "elapsed": 76.136519, "delta": 0.841261}}
{"target": -2.4610941686128314, "params": {"eta": 0.11263650894992064, "max_depth": 16.581285110499223, "n_estimators": 29.346819920795397}, "datetime": {"datetime": "2021-09-17 14:07:50", "elapsed": 76.808518, "delta": 0.671999}}
{"target": -2.276047833342301, "params": {"eta": 0.14918352452069372, "max_depth": 13.476935399817409, "n_estimators": 27.475949427074365}, "datetime": {"datetime": "2021-09-17 14:07:51", "elapsed": 77.451517, "delta": 0.642999}}
{"target": -2.4046406708265606, "params": {"eta": 0.12258522309995576, "max_depth": 13.084185187132721, "n_estimators": 29.89081740380581}, "datetime": {"datetime": "2021-09-17 14:07:51", "elapsed": 78.113114, "delta": 0.661597}}
{"target": -2.22629676178882, "params": {"eta": 0.15042417440549039, "max_depth": 16.835651276172936, "n_estimators": 28.862694275785607}, "datetime": {"datetime": "2021-09-17 14:07:52", "elapsed": 79.137115, "delta": 1.024001}}
{"target": -2.380958973734002, "params": {"eta": 0.16772253155487638, "max_depth": 14.9712568495374, "n_estimators": 28.87310636545251}, "datetime": {"datetime": "2021-09-17 14:07:53", "elapsed": 79.931248, "delta": 0.794133}}
{"target": -2.27126996140731, "params": {"eta": 0.19651109994785185, "max_depth": 12.580084149064431, "n_estimators": 31.794067544691984}, "datetime": {"datetime": "2021-09-17 14:07:54", "elapsed": 80.601884, "delta": 0.670636}}
{"target": -2.2611633476458097, "params": {"eta": 0.1610106806431738, "max_depth": 12.219121680928485, "n_estimators": 29.76400417515136}, "datetime": {"datetime": "2021-09-17 14:07:55", "elapsed": 81.30588, "delta": 0.703996}}
{"target": -2.1641012555674504, "params": {"eta": 0.157559296346279, "max_depth": 12.542085643322773, "n_estimators": 27.57465682879425}, "datetime": {"datetime": "2021-09-17 14:07:56", "elapsed": 82.26424, "delta": 0.95836}}
{"target": -2.386976179951116, "params": {"eta": 0.17419147007790364, "max_depth": 15.5248365409701, "n_estimators": 31.22433360800669}, "datetime": {"datetime": "2021-09-17 14:07:56", "elapsed": 82.960241, "delta": 0.696001}}
{"target": -2.3156708692249497, "params": {"eta": 0.12978128799608576, "max_depth": 16.92259210442972, "n_estimators": 29.190888753993352}, "datetime": {"datetime": "2021-09-17 14:07:57", "elapsed": 83.988061, "delta": 1.02782}}
{"target": -2.3609249215377006, "params": {"eta": 0.14741573436731498, "max_depth": 15.565322007548279, "n_estimators": 28.083050602026432}, "datetime": {"datetime": "2021-09-17 14:07:58", "elapsed": 84.695066, "delta": 0.707005}}
{"target": -2.484489467269496, "params": {"eta": 0.18072103367355666, "max_depth": 14.561280217273609, "n_estimators": 28.251559185565924}, "datetime": {"datetime": "2021-09-17 14:07:59", "elapsed": 85.663795, "delta": 0.968729}}
{"target": -2.4330066329554505, "params": {"eta": 0.1461370360470167, "max_depth": 11.385344920703103, "n_estimators": 24.555383081575595}, "datetime": {"datetime": "2021-09-17 14:08:00", "elapsed": 86.505042, "delta": 0.841247}}
{"target": -2.5444098227902465, "params": {"eta": 0.12697807376263776, "max_depth": 14.168681479241119, "n_estimators": 24.939226637724694}, "datetime": {"datetime": "2021-09-17 14:08:00", "elapsed": 87.14742, "delta": 0.642378}}
{"target": -2.2631100240506625, "params": {"eta": 0.15332907357993536, "max_depth": 16.931338285771808, "n_estimators": 29.19042298877524}, "datetime": {"datetime": "2021-09-17 14:08:01", "elapsed": 88.077841, "delta": 0.930421}}
{"target": -2.1888806650513097, "params": {"eta": 0.17504178432639145, "max_depth": 14.993978763914676, "n_estimators": 28.8630169895284}, "datetime": {"datetime": "2021-09-17 14:08:02", "elapsed": 89.028837, "delta": 0.950996}}
{"target": -2.299185630522276, "params": {"eta": 0.13504997361492466, "max_depth": 12.97375716502247, "n_estimators": 29.185760271073057}, "datetime": {"datetime": "2021-09-17 14:08:03", "elapsed": 89.972524, "delta": 0.943687}}
{"target": -2.32258547858188, "params": {"eta": 0.164982044005702, "max_depth": 16.6530573272723, "n_estimators": 30.054948409911837}, "datetime": {"datetime": "2021-09-17 14:08:04", "elapsed": 90.989171, "delta": 1.016647}}
{"target": -2.389327214893542, "params": {"eta": 0.14504024293352058, "max_depth": 16.941964499434395, "n_estimators": 29.209042772155993}, "datetime": {"datetime": "2021-09-17 14:08:05", "elapsed": 91.918318, "delta": 0.929147}}
{"target": -2.357902057547318, "params": {"eta": 0.15461554716694675, "max_depth": 12.561443248361872, "n_estimators": 27.54731606506909}, "datetime": {"datetime": "2021-09-17 14:08:06", "elapsed": 92.828322, "delta": 0.910004}}
{"target": -2.4760543710307075, "params": {"eta": 0.11906449792136903, "max_depth": 10.508561203073379, "n_estimators": 26.558315709344058}, "datetime": {"datetime": "2021-09-17 14:08:07", "elapsed": 93.518318, "delta": 0.689996}}
{"target": -2.4437084197998047, "params": {"eta": 0.12274311252808431, "max_depth": 13.485830611468618, "n_estimators": 27.484424406410056}, "datetime": {"datetime": "2021-09-17 14:08:08", "elapsed": 94.503517, "delta": 0.985199}}
{"target": -2.3391202010606467, "params": {"eta": 0.17183759292727155, "max_depth": 16.840991737454818, "n_estimators": 28.882048856612066}, "datetime": {"datetime": "2021-09-17 14:08:09", "elapsed": 95.575178, "delta": 1.071661}}
{"target": -2.5031177646235414, "params": {"eta": 0.17987149956403992, "max_depth": 12.506771489330134, "n_estimators": 27.5629109174807}, "datetime": {"datetime": "2021-09-17 14:08:10", "elapsed": 96.868964, "delta": 1.293786}}
{"target": -2.3074875110074093, "params": {"eta": 0.15980442417574456, "max_depth": 14.565611982548448, "n_estimators": 28.24764644176387}, "datetime": {"datetime": "2021-09-17 14:08:11", "elapsed": 98.037244, "delta": 1.16828}}
{"target": -2.4343540103811967, "params": {"eta": 0.18159986423281677, "max_depth": 12.471899537127193, "n_estimators": 28.791073076188866}, "datetime": {"datetime": "2021-09-17 14:08:12", "elapsed": 98.785247, "delta": 0.748003}}
{"target": -2.306211030483246, "params": {"eta": 0.18255669969469146, "max_depth": 15.15106994516524, "n_estimators": 30.382068414575365}, "datetime": {"datetime": "2021-09-17 14:08:13", "elapsed": 99.543247, "delta": 0.758}}
{"target": -2.273315995617917, "params": {"eta": 0.1826320373541096, "max_depth": 16.740318284363187, "n_estimators": 26.97083857442054}, "datetime": {"datetime": "2021-09-17 14:08:14", "elapsed": 100.524086, "delta": 0.980839}}
{"target": -2.449706428301962, "params": {"eta": 0.1106785867548729, "max_depth": 15.885459767468259, "n_estimators": 30.262558489258808}, "datetime": {"datetime": "2021-09-17 14:08:15", "elapsed": 101.249086, "delta": 0.725}}
{"target": -2.332107841341119, "params": {"eta": 0.1357095984209326, "max_depth": 13.848959380439961, "n_estimators": 29.85424495644028}, "datetime": {"datetime": "2021-09-17 14:08:16", "elapsed": 102.173363, "delta": 0.924277}}
{"target": -2.304864562185187, "params": {"eta": 0.1920189865878024, "max_depth": 15.69137792743935, "n_estimators": 31.73748335603207}, "datetime": {"datetime": "2021-09-17 14:08:17", "elapsed": 103.293091, "delta": 1.119728}}
{"target": -3.240020150887339, "params": {"eta": 0.0959376459312127, "max_depth": 10.43020008762521, "n_estimators": 24.458730288938455}, "datetime": {"datetime": "2021-09-17 14:08:17", "elapsed": 103.979089, "delta": 0.685998}}
{"target": -2.3355623113481623, "params": {"eta": 0.15970450377874004, "max_depth": 14.999986781536588, "n_estimators": 28.860322088545164}, "datetime": {"datetime": "2021-09-17 14:08:18", "elapsed": 105.019379, "delta": 1.04029}}
{"target": -2.205444037914276, "params": {"eta": 0.1556772799811731, "max_depth": 16.83030468042397, "n_estimators": 28.851381576809604}, "datetime": {"datetime": "2021-09-17 14:08:20", "elapsed": 106.450598, "delta": 1.431219}}
{"target": -2.418496292515805, "params": {"eta": 0.168423457575834, "max_depth": 12.087169448391299, "n_estimators": 25.833119340646196}, "datetime": {"datetime": "2021-09-17 14:08:21", "elapsed": 107.16038, "delta": 0.709782}}
{"target": -2.3456423615154463, "params": {"eta": 0.16098709989529902, "max_depth": 13.481817878257672, "n_estimators": 27.45160868407381}, "datetime": {"datetime": "2021-09-17 14:08:22", "elapsed": 108.242923, "delta": 1.082543}}
{"target": -2.35858662002965, "params": {"eta": 0.14749487039609338, "max_depth": 12.53902015774177, "n_estimators": 27.595653645677526}, "datetime": {"datetime": "2021-09-17 14:08:23", "elapsed": 109.158921, "delta": 0.915998}}
{"target": -2.271656738456927, "params": {"eta": 0.1878645774562978, "max_depth": 12.599131415255698, "n_estimators": 31.80596686868068}, "datetime": {"datetime": "2021-09-17 14:08:24", "elapsed": 110.183552, "delta": 1.024631}}
{"target": -2.4504160272447684, "params": {"eta": 0.1637177787322746, "max_depth": 12.509254185848866, "n_estimators": 27.584426028545735}, "datetime": {"datetime": "2021-09-17 14:08:25", "elapsed": 111.256926, "delta": 1.073374}}
{"target": -2.4061124751442358, "params": {"eta": 0.1676373602879583, "max_depth": 12.977590679550827, "n_estimators": 29.15932797317137}, "datetime": {"datetime": "2021-09-17 14:08:26", "elapsed": 112.642008, "delta": 1.385082}}
{"target": -2.3213209955315843, "params": {"eta": 0.18522634666719884, "max_depth": 15.004648791714883, "n_estimators": 28.841556611706324}, "datetime": {"datetime": "2021-09-17 14:08:27", "elapsed": 114.115427, "delta": 1.473419}}
{"target": -2.4861556599014687, "params": {"eta": 0.12925379281039961, "max_depth": 11.570527110101823, "n_estimators": 25.122295631643844}, "datetime": {"datetime": "2021-09-17 14:08:28", "elapsed": 114.906321, "delta": 0.790894}}
