{"target": -2.9555831262939853, "params": {"eta": 0.6365725742202544, "max_depth": 12.697167289882282, "n_estimators": 5.893507740197445}, "datetime": {"datetime": "2021-09-17 11:17:08", "elapsed": 266.803611, "delta": 1.135997}}
{"target": -2.899841024373707, "params": {"eta": 0.5735777473207896, "max_depth": 7.40167752581924, "n_estimators": 13.207040360222669}, "datetime": {"datetime": "2021-09-17 11:17:09", "elapsed": 267.903389, "delta": 1.099778}}
{"target": -19.370605169471943, "params": {"eta": 0.01, "max_depth": 15.0, "n_estimators": 18.0}, "datetime": {"datetime": "2021-09-17 11:17:11", "elapsed": 269.701821, "delta": 1.798432}}
{"target": -2.7165808282400428, "params": {"eta": 0.5064113954291943, "max_depth": 14.01485077823458, "n_estimators": 17.633889355272466}, "datetime": {"datetime": "2021-09-17 11:17:12", "elapsed": 271.296823, "delta": 1.595002}}
{"target": -2.588603135159141, "params": {"eta": 0.3997272131778109, "max_depth": 5.940852884754967, "n_estimators": 14.407319528144122}, "datetime": {"datetime": "2021-09-17 11:17:14", "elapsed": 273.046565, "delta": 1.749742}}
{"target": -3.7398409015253966, "params": {"eta": 0.21255171241373386, "max_depth": 5.612029563750507, "n_estimators": 9.483619072370706}, "datetime": {"datetime": "2021-09-17 11:17:16", "elapsed": 274.580975, "delta": 1.53441}}
{"target": -11.374039891832753, "params": {"eta": 0.5365514691848485, "max_depth": 5.695327818740707, "n_estimators": 1.0830337357971414}, "datetime": {"datetime": "2021-09-17 11:17:17", "elapsed": 275.616217, "delta": 1.035242}}
{"target": -3.479594664197219, "params": {"eta": 0.9651951108343936, "max_depth": 6.474172344232476, "n_estimators": 14.145456501963178}, "datetime": {"datetime": "2021-09-17 11:17:18", "elapsed": 277.332692, "delta": 1.716475}}
{"target": -2.7773444200816906, "params": {"eta": 0.5442348875595157, "max_depth": 7.184361193075473, "n_estimators": 14.042987275845444}, "datetime": {"datetime": "2021-09-17 11:17:21", "elapsed": 279.922506, "delta": 2.589814}}
{"target": -2.5134934136742038, "params": {"eta": 0.23407460865667018, "max_depth": 6.681354968973474, "n_estimators": 14.382950570021022}, "datetime": {"datetime": "2021-09-17 11:17:23", "elapsed": 281.943262, "delta": 2.020756}}
{"target": -3.3565601163788847, "params": {"eta": 0.8902785836029784, "max_depth": 6.9622421943325525, "n_estimators": 14.77883949610767}, "datetime": {"datetime": "2021-09-17 11:17:25", "elapsed": 283.614988, "delta": 1.671726}}
{"target": -2.473195675799721, "params": {"eta": 0.4514116424381362, "max_depth": 6.341965202695029, "n_estimators": 14.945296361122574}, "datetime": {"datetime": "2021-09-17 11:17:26", "elapsed": 285.39623, "delta": 1.781242}}
{"target": -3.1028302261703886, "params": {"eta": 0.726265330858676, "max_depth": 7.968210753570591, "n_estimators": 13.88722277422805}, "datetime": {"datetime": "2021-09-17 11:17:28", "elapsed": 287.107225, "delta": 1.710995}}
{"target": -2.5184625267982486, "params": {"eta": 0.24321358057635098, "max_depth": 7.512501413809231, "n_estimators": 14.670470543806255}, "datetime": {"datetime": "2021-09-17 11:17:31", "elapsed": 289.723114, "delta": 2.615889}}
{"target": -2.6214394989766574, "params": {"eta": 0.4474802269790541, "max_depth": 13.317622857413028, "n_estimators": 10.935961439930011}, "datetime": {"datetime": "2021-09-17 11:17:32", "elapsed": 291.079114, "delta": 1.356}}
{"target": -3.771780105641014, "params": {"eta": 0.9985296019587351, "max_depth": 7.930953915610201, "n_estimators": 14.68475633009482}, "datetime": {"datetime": "2021-09-17 11:17:34", "elapsed": 292.589236, "delta": 1.510122}}
{"target": -2.988223242132287, "params": {"eta": 0.6761019105950421, "max_depth": 4.52476081280888, "n_estimators": 5.2865613199629635}, "datetime": {"datetime": "2021-09-17 11:17:35", "elapsed": 293.708998, "delta": 1.119762}}
{"target": -20.31636945934672, "params": {"eta": 0.01, "max_depth": 7.668287668940354, "n_estimators": 13.972509201371851}, "datetime": {"datetime": "2021-09-17 11:17:37", "elapsed": 295.635809, "delta": 1.926811}}
{"target": -3.7276526648747295, "params": {"eta": 0.9943203217874669, "max_depth": 7.302010224076479, "n_estimators": 13.876518005921614}, "datetime": {"datetime": "2021-09-17 11:17:38", "elapsed": 297.372822, "delta": 1.737013}}
{"target": -2.506803876475284, "params": {"eta": 0.36447779151662, "max_depth": 12.532567190782574, "n_estimators": 14.669941734390848}, "datetime": {"datetime": "2021-09-17 11:17:40", "elapsed": 298.5771, "delta": 1.204278}}
{"target": -3.3260550511510747, "params": {"eta": 0.7154447257918679, "max_depth": 2.801117973200305, "n_estimators": 4.450337202091802}, "datetime": {"datetime": "2021-09-17 11:17:41", "elapsed": 299.762297, "delta": 1.185197}}
{"target": -3.5191408006768476, "params": {"eta": 0.9919873778002458, "max_depth": 8.479368785222904, "n_estimators": 13.375427400749443}, "datetime": {"datetime": "2021-09-17 11:17:43", "elapsed": 301.748523, "delta": 1.986226}}
{"target": -2.7796566235391715, "params": {"eta": 0.5970451207320008, "max_depth": 7.559528309452675, "n_estimators": 15.13038398169634}, "datetime": {"datetime": "2021-09-17 11:17:45", "elapsed": 303.667463, "delta": 1.91894}}
{"target": -4.094017666892002, "params": {"eta": 0.1233350768493486, "max_depth": 7.078264780753512, "n_estimators": 15.060376649488449}, "datetime": {"datetime": "2021-09-17 11:17:47", "elapsed": 305.729406, "delta": 2.061943}}
{"target": -3.549346544868068, "params": {"eta": 0.835543250814477, "max_depth": 12.878627643427725, "n_estimators": 12.230255673675263}, "datetime": {"datetime": "2021-09-17 11:17:49", "elapsed": 307.993843, "delta": 2.264437}}
{"target": -6.0303769927275805, "params": {"eta": 0.30897584562422814, "max_depth": 3.640983087643798, "n_estimators": 4.703220573755947}, "datetime": {"datetime": "2021-09-17 11:17:51", "elapsed": 310.110559, "delta": 2.116716}}
{"target": -3.563109784377249, "params": {"eta": 0.24135755203638762, "max_depth": 1.0, "n_estimators": 13.471582206603086}, "datetime": {"datetime": "2021-09-17 11:17:53", "elapsed": 312.28523, "delta": 2.174671}}
{"target": -3.112140140407964, "params": {"eta": 0.7439135950143968, "max_depth": 13.728296670469772, "n_estimators": 17.888818127389253}, "datetime": {"datetime": "2021-09-17 11:17:55", "elapsed": 314.399323, "delta": 2.114093}}
{"target": -3.674229614515054, "params": {"eta": 0.9260055759804199, "max_depth": 11.87850849606766, "n_estimators": 11.28241470717579}, "datetime": {"datetime": "2021-09-17 11:17:58", "elapsed": 316.537666, "delta": 2.138343}}
{"target": -7.8351240415322145, "params": {"eta": 0.20828497272190868, "max_depth": 11.06821666552799, "n_estimators": 5.902808596322618}, "datetime": {"datetime": "2021-09-17 11:17:59", "elapsed": 318.437663, "delta": 1.899997}}
{"target": -2.5168017387390136, "params": {"eta": 0.43509535914986347, "max_depth": 11.919044264847779, "n_estimators": 16.37262490081436}, "datetime": {"datetime": "2021-09-17 11:18:01", "elapsed": 320.243774, "delta": 1.806111}}
{"target": -4.396966218320947, "params": {"eta": 0.23620554371150956, "max_depth": 7.6235081484791944, "n_estimators": 7.6129456564040225}, "datetime": {"datetime": "2021-09-17 11:18:04", "elapsed": 323.229737, "delta": 2.985963}}
{"target": -2.494355240621065, "params": {"eta": 0.4642646685036315, "max_depth": 12.376130562228163, "n_estimators": 16.887056215210453}, "datetime": {"datetime": "2021-09-17 11:18:07", "elapsed": 325.676338, "delta": 2.446601}}
{"target": -3.1783475499404106, "params": {"eta": 0.7993668212676718, "max_depth": 12.62751330629383, "n_estimators": 11.477947914668013}, "datetime": {"datetime": "2021-09-17 11:18:09", "elapsed": 328.249893, "delta": 2.573555}}
{"target": -13.458388998633938, "params": {"eta": 0.06772134121192469, "max_depth": 7.448344303781399, "n_estimators": 8.21148073954219}, "datetime": {"datetime": "2021-09-17 11:18:11", "elapsed": 329.697888, "delta": 1.447995}}
{"target": -3.750974828632255, "params": {"eta": 1.0, "max_depth": 14.12329385736561, "n_estimators": 14.69349183134823}, "datetime": {"datetime": "2021-09-17 11:18:13", "elapsed": 332.130541, "delta": 2.432653}}
{"target": -3.716534717773136, "params": {"eta": 0.9950388755310496, "max_depth": 6.172842671854788, "n_estimators": 10.061673725690271}, "datetime": {"datetime": "2021-09-17 11:18:15", "elapsed": 334.114391, "delta": 1.98385}}
{"target": -3.593083482039602, "params": {"eta": 0.9709788969491906, "max_depth": 12.770953452741232, "n_estimators": 6.160035458185292}, "datetime": {"datetime": "2021-09-17 11:18:17", "elapsed": 335.514482, "delta": 1.400091}}
{"target": -3.6474902115370096, "params": {"eta": 0.9312889994346999, "max_depth": 2.3757159200344615, "n_estimators": 5.10374201347005}, "datetime": {"datetime": "2021-09-17 11:18:19", "elapsed": 337.871033, "delta": 2.356551}}
{"target": -3.6840850717143003, "params": {"eta": 1.0, "max_depth": 1.4543824585569136, "n_estimators": 8.753770220777628}, "datetime": {"datetime": "2021-09-17 11:18:21", "elapsed": 339.995414, "delta": 2.124381}}
{"target": -3.339790418273524, "params": {"eta": 0.487813900037013, "max_depth": 1.6028017983206508, "n_estimators": 9.407162208268009}, "datetime": {"datetime": "2021-09-17 11:18:23", "elapsed": 342.112698, "delta": 2.117284}}
{"target": -3.4931366826358587, "params": {"eta": 1.0, "max_depth": 8.118421355528676, "n_estimators": 16.213854740105667}, "datetime": {"datetime": "2021-09-17 11:18:25", "elapsed": 344.288147, "delta": 2.175449}}
{"target": -3.4231320823493756, "params": {"eta": 0.9775018127054428, "max_depth": 9.175001736198181, "n_estimators": 15.924160443821817}, "datetime": {"datetime": "2021-09-17 11:18:28", "elapsed": 346.9549, "delta": 2.666753}}
{"target": -2.487395347419538, "params": {"eta": 0.42324238908573825, "max_depth": 8.380541303363925, "n_estimators": 15.516882160746535}, "datetime": {"datetime": "2021-09-17 11:18:30", "elapsed": 349.235772, "delta": 2.280872}}
{"target": -2.6798472994252256, "params": {"eta": 0.4944455163353437, "max_depth": 13.151376227524601, "n_estimators": 14.31507553529905}, "datetime": {"datetime": "2021-09-17 11:18:32", "elapsed": 350.556004, "delta": 1.320232}}
{"target": -3.3525388654909634, "params": {"eta": 0.9593128698005065, "max_depth": 8.786039579460091, "n_estimators": 15.272751632598135}, "datetime": {"datetime": "2021-09-17 11:18:34", "elapsed": 353.430864, "delta": 2.87486}}
{"target": -2.455150494450017, "params": {"eta": 0.2477885540230153, "max_depth": 8.891132979988152, "n_estimators": 16.019819035515006}, "datetime": {"datetime": "2021-09-17 11:18:36", "elapsed": 355.322847, "delta": 1.891983}}
{"target": -3.8040798174707513, "params": {"eta": 0.9575657589493113, "max_depth": 1.8157834835217734, "n_estimators": 10.16563976739201}, "datetime": {"datetime": "2021-09-17 11:18:39", "elapsed": 357.507825, "delta": 2.184978}}
{"target": -2.6906556844711305, "params": {"eta": 0.19531832046024117, "max_depth": 13.812679589501279, "n_estimators": 14.832227809101916}, "datetime": {"datetime": "2021-09-17 11:18:41", "elapsed": 359.530979, "delta": 2.023154}}
{"target": -2.79430840580087, "params": {"eta": 0.9695842089457098, "max_depth": 2.218377285752898, "n_estimators": 16.326991499147248}, "datetime": {"datetime": "2021-09-17 11:18:43", "elapsed": 361.579816, "delta": 2.048837}}
{"target": -2.4149383206116526, "params": {"eta": 0.28989547614500677, "max_depth": 13.539535673752344, "n_estimators": 15.747539498526965}, "datetime": {"datetime": "2021-09-17 11:18:45", "elapsed": 363.912058, "delta": 2.332242}}
{"target": -6.705703342588325, "params": {"eta": 0.7699756462689707, "max_depth": 4.986508930688142, "n_estimators": 1.5288453304844414}, "datetime": {"datetime": "2021-09-17 11:18:46", "elapsed": 365.236052, "delta": 1.323994}}
{"target": -3.767206503215589, "params": {"eta": 1.0, "max_depth": 1.0, "n_estimators": 9.618352513907023}, "datetime": {"datetime": "2021-09-17 11:18:49", "elapsed": 367.574951, "delta": 2.338899}}
{"target": -3.512092757225037, "params": {"eta": 1.0, "max_depth": 5.321352036373197, "n_estimators": 10.421957765380705}, "datetime": {"datetime": "2021-09-17 11:18:51", "elapsed": 369.447341, "delta": 1.87239}}
{"target": -5.603209016197606, "params": {"eta": 0.20585102840847844, "max_depth": 1.0, "n_estimators": 8.892986329011055}, "datetime": {"datetime": "2021-09-17 11:18:52", "elapsed": 371.367737, "delta": 1.920396}}
{"target": -3.536636455435502, "params": {"eta": 1.0, "max_depth": 10.380690031710357, "n_estimators": 10.329516900874818}, "datetime": {"datetime": "2021-09-17 11:18:54", "elapsed": 373.003138, "delta": 1.635401}}
{"target": -3.715123143321589, "params": {"eta": 1.0, "max_depth": 11.561486317064531, "n_estimators": 4.41779020628169}, "datetime": {"datetime": "2021-09-17 11:18:56", "elapsed": 374.868834, "delta": 1.865696}}
{"target": -2.707280751905943, "params": {"eta": 0.5099720657806897, "max_depth": 10.011202039312039, "n_estimators": 10.463359231214618}, "datetime": {"datetime": "2021-09-17 11:18:57", "elapsed": 376.271068, "delta": 1.402234}}
{"target": -9.535798298057758, "params": {"eta": 0.09862448819102046, "max_depth": 4.254030820252543, "n_estimators": 9.314943850505681}, "datetime": {"datetime": "2021-09-17 11:18:59", "elapsed": 377.622731, "delta": 1.351663}}
{"target": -3.514371521221964, "params": {"eta": 1.0, "max_depth": 9.772201011627546, "n_estimators": 16.566926461634402}, "datetime": {"datetime": "2021-09-17 11:19:01", "elapsed": 379.702084, "delta": 2.079353}}
{"target": -20.31636945934672, "params": {"eta": 0.01, "max_depth": 12.519982801972999, "n_estimators": 13.58251144782969}, "datetime": {"datetime": "2021-09-17 11:19:03", "elapsed": 381.807315, "delta": 2.105231}}
{"target": -3.3825068480090086, "params": {"eta": 0.9880313472661195, "max_depth": 13.335793083969428, "n_estimators": 8.27548621123669}, "datetime": {"datetime": "2021-09-17 11:19:04", "elapsed": 383.407592, "delta": 1.600277}}
{"target": -3.6019783653711017, "params": {"eta": 0.9741492596213412, "max_depth": 12.994627693538394, "n_estimators": 13.129139181621374}, "datetime": {"datetime": "2021-09-17 11:19:07", "elapsed": 386.404511, "delta": 2.996919}}
{"target": -2.6915735100444995, "params": {"eta": 0.5647404018266403, "max_depth": 14.013870746824972, "n_estimators": 15.34862042318892}, "datetime": {"datetime": "2021-09-17 11:19:10", "elapsed": 388.930284, "delta": 2.525773}}
{"target": -2.3994779906774824, "params": {"eta": 0.33790404422603576, "max_depth": 12.333048320136403, "n_estimators": 12.551977507427655}, "datetime": {"datetime": "2021-09-17 11:19:13", "elapsed": 391.575512, "delta": 2.645228}}
{"target": -3.1533996324790157, "params": {"eta": 0.8877038585671463, "max_depth": 12.764784496707382, "n_estimators": 7.401974275100383}, "datetime": {"datetime": "2021-09-17 11:19:16", "elapsed": 395.15238, "delta": 3.576868}}
{"target": -2.924959903641751, "params": {"eta": 0.6817039725807146, "max_depth": 8.134477725273578, "n_estimators": 14.724674355357504}, "datetime": {"datetime": "2021-09-17 11:19:18", "elapsed": 396.623195, "delta": 1.470815}}
{"target": -3.3694881301177175, "params": {"eta": 0.8644251083125846, "max_depth": 9.192518249958404, "n_estimators": 4.577329119524004}, "datetime": {"datetime": "2021-09-17 11:19:19", "elapsed": 397.997484, "delta": 1.374289}}
{"target": -3.463159613860281, "params": {"eta": 0.9067031757037439, "max_depth": 12.438126300453906, "n_estimators": 8.527139825434933}, "datetime": {"datetime": "2021-09-17 11:19:21", "elapsed": 400.336121, "delta": 2.338637}}
{"target": -2.7285078123996134, "params": {"eta": 0.40906035231908133, "max_depth": 12.826341104479416, "n_estimators": 7.874552334668403}, "datetime": {"datetime": "2021-09-17 11:19:24", "elapsed": 403.094652, "delta": 2.758531}}
{"target": -3.156394522441061, "params": {"eta": 0.7967631917417867, "max_depth": 12.022018056913943, "n_estimators": 7.866603253485854}, "datetime": {"datetime": "2021-09-17 11:19:27", "elapsed": 405.663422, "delta": 2.56877}}
{"target": -15.988108230578273, "params": {"eta": 0.04654808386075516, "max_depth": 12.119113469406942, "n_estimators": 8.302018331175564}, "datetime": {"datetime": "2021-09-17 11:19:30", "elapsed": 409.170028, "delta": 3.506606}}
{"target": -19.30549781447963, "params": {"eta": 0.08797699582901108, "max_depth": 6.374662335301172, "n_estimators": 2.34063564442647}, "datetime": {"datetime": "2021-09-17 11:19:32", "elapsed": 410.690743, "delta": 1.520715}}
{"target": -2.8657006200991177, "params": {"eta": 0.3690703009104145, "max_depth": 13.431932799621183, "n_estimators": 7.53300738514637}, "datetime": {"datetime": "2021-09-17 11:19:34", "elapsed": 412.901852, "delta": 2.211109}}
{"target": -3.5381081675228323, "params": {"eta": 0.2736982167186568, "max_depth": 12.942034613623749, "n_estimators": 7.097996903271895}, "datetime": {"datetime": "2021-09-17 11:19:37", "elapsed": 415.747035, "delta": 2.845183}}
{"target": -3.2760040785136972, "params": {"eta": 1.0, "max_depth": 1.5329202200342105, "n_estimators": 16.63776662695949}, "datetime": {"datetime": "2021-09-17 11:19:39", "elapsed": 418.116294, "delta": 2.369259}}
{"target": -3.5368176773974764, "params": {"eta": 1.0, "max_depth": 10.914419998212807, "n_estimators": 11.020550455833128}, "datetime": {"datetime": "2021-09-17 11:19:41", "elapsed": 420.263489, "delta": 2.147195}}
{"target": -14.863360889961847, "params": {"eta": 0.03006638473882317, "max_depth": 7.981705523763075, "n_estimators": 15.250467063153552}, "datetime": {"datetime": "2021-09-17 11:19:44", "elapsed": 422.724291, "delta": 2.460802}}
{"target": -2.870646802375191, "params": {"eta": 0.6693188483856232, "max_depth": 8.546874216397203, "n_estimators": 15.966407484666918}, "datetime": {"datetime": "2021-09-17 11:19:46", "elapsed": 424.526722, "delta": 1.802431}}
{"target": -3.805926172984274, "params": {"eta": 1.0, "max_depth": 13.562923684207904, "n_estimators": 7.287060110096629}, "datetime": {"datetime": "2021-09-17 11:19:48", "elapsed": 426.776878, "delta": 2.250156}}
{"target": -2.5977322227076476, "params": {"eta": 0.4171489164334477, "max_depth": 9.088348234717904, "n_estimators": 15.413182303881433}, "datetime": {"datetime": "2021-09-17 11:19:50", "elapsed": 429.244151, "delta": 2.467273}}
{"target": -2.91582402806533, "params": {"eta": 0.6610257520750953, "max_depth": 6.506724285202424, "n_estimators": 8.946440929912324}, "datetime": {"datetime": "2021-09-17 11:19:52", "elapsed": 430.813282, "delta": 1.569131}}
{"target": -3.324395215511322, "params": {"eta": 0.9109706614247151, "max_depth": 5.797548678399189, "n_estimators": 8.821002542203178}, "datetime": {"datetime": "2021-09-17 11:19:58", "elapsed": 436.720003, "delta": 5.906721}}
{"target": -3.6342505254243544, "params": {"eta": 0.9765118715513621, "max_depth": 8.136822559753512, "n_estimators": 15.437853561184053}, "datetime": {"datetime": "2021-09-17 11:20:00", "elapsed": 439.249885, "delta": 2.529882}}
{"target": -3.551071385333412, "params": {"eta": 0.9722775636768678, "max_depth": 6.305694860391455, "n_estimators": 8.113784868136914}, "datetime": {"datetime": "2021-09-17 11:20:03", "elapsed": 441.557608, "delta": 2.307723}}
{"target": -2.5981558454664127, "params": {"eta": 0.44662980054467455, "max_depth": 12.539339101342437, "n_estimators": 7.631508154403781}, "datetime": {"datetime": "2021-09-17 11:20:04", "elapsed": 443.161218, "delta": 1.60361}}
{"target": -3.145131042129115, "params": {"eta": 1.0, "max_depth": 3.6954873836021047, "n_estimators": 13.230987450948511}, "datetime": {"datetime": "2021-09-17 11:20:06", "elapsed": 445.358479, "delta": 2.197261}}
{"target": -3.4942683521069973, "params": {"eta": 0.934818170218962, "max_depth": 9.439332277751262, "n_estimators": 8.248414571252818}, "datetime": {"datetime": "2021-09-17 11:20:09", "elapsed": 447.913886, "delta": 2.555407}}
{"target": -2.976288251500381, "params": {"eta": 0.6489171140936517, "max_depth": 13.54211227546484, "n_estimators": 5.195830811699049}, "datetime": {"datetime": "2021-09-17 11:20:11", "elapsed": 449.674412, "delta": 1.760526}}
{"target": -3.255477569605175, "params": {"eta": 0.9654162435409164, "max_depth": 14.161101955057223, "n_estimators": 5.402956418943587}, "datetime": {"datetime": "2021-09-17 11:20:14", "elapsed": 452.565318, "delta": 2.890906}}
{"target": -2.533205204888394, "params": {"eta": 0.3834254920216931, "max_depth": 5.62834873297297, "n_estimators": 15.164687957239979}, "datetime": {"datetime": "2021-09-17 11:20:15", "elapsed": 453.955322, "delta": 1.390004}}
{"target": -3.2505956684288226, "params": {"eta": 0.8880137195288617, "max_depth": 13.387780301094542, "n_estimators": 4.726809617033845}, "datetime": {"datetime": "2021-09-17 11:20:18", "elapsed": 456.744537, "delta": 2.789215}}
{"target": -3.0570098870678954, "params": {"eta": 0.579730276041803, "max_depth": 14.498862072133132, "n_estimators": 4.7646062617516876}, "datetime": {"datetime": "2021-09-17 11:20:20", "elapsed": 458.592959, "delta": 1.848422}}
{"target": -3.5371860243772204, "params": {"eta": 1.0, "max_depth": 10.172687040274333, "n_estimators": 7.727696270818577}, "datetime": {"datetime": "2021-09-17 11:20:22", "elapsed": 461.003406, "delta": 2.410447}}
{"target": -3.26888264731357, "params": {"eta": 0.9767489004126995, "max_depth": 9.897503792925729, "n_estimators": 6.728022531196662}, "datetime": {"datetime": "2021-09-17 11:20:25", "elapsed": 463.727134, "delta": 2.723728}}
{"target": -4.2492217126645535, "params": {"eta": 0.17209226480252382, "max_depth": 2.424246876485313, "n_estimators": 11.175588700685514}, "datetime": {"datetime": "2021-09-17 11:20:26", "elapsed": 465.204888, "delta": 1.477754}}
{"target": -3.1465771863335057, "params": {"eta": 0.47073669593640827, "max_depth": 2.797461038970762, "n_estimators": 11.401189009947116}, "datetime": {"datetime": "2021-09-17 11:20:29", "elapsed": 467.5632, "delta": 2.358312}}
