{"target": -14.604593434396895, "params": {"eta": 0.43655890723986174, "max_depth": 1.7518607230088485, "n_estimators": 27.933461416056748}, "datetime": {"datetime": "2021-09-27 18:05:12", "elapsed": 0.0, "delta": 0.0}}
{"target": -11.774949649861185, "params": {"eta": 0.4358870702256586, "max_depth": 13.190666260537181, "n_estimators": 17.18640622918983}, "datetime": {"datetime": "2021-09-27 18:05:12", "elapsed": 0.167999, "delta": 0.167999}}
{"target": -12.124385761370686, "params": {"eta": 0.20544398540380465, "max_depth": 18.958858024169245, "n_estimators": 15.683079010051634}, "datetime": {"datetime": "2021-09-27 18:05:12", "elapsed": 0.255995, "delta": 0.087996}}
{"target": -12.397832186329575, "params": {"eta": 0.2675604478277638, "max_depth": 19.012881150309553, "n_estimators": 26.927962619574913}, "datetime": {"datetime": "2021-09-27 18:05:12", "elapsed": 0.502998, "delta": 0.247003}}
{"target": -24.315559051643167, "params": {"eta": 0.13544536539958862, "max_depth": 15.893765516706646, "n_estimators": 10.037553416698849}, "datetime": {"datetime": "2021-09-27 18:05:12", "elapsed": 0.570001, "delta": 0.067003}}
{"target": -17.2763811436985, "params": {"eta": 0.7855498126688568, "max_depth": 25.765283486545176, "n_estimators": 25.217605031714463}, "datetime": {"datetime": "2021-09-27 18:05:12", "elapsed": 0.783996, "delta": 0.213995}}
{"target": -14.191941677821477, "params": {"eta": 0.8467149238721106, "max_depth": 3.3097188332627687, "n_estimators": 25.757058415963495}, "datetime": {"datetime": "2021-09-27 18:05:13", "elapsed": 0.840998, "delta": 0.057002}}
{"target": -68.91267594777526, "params": {"eta": 0.06622121788249123, "max_depth": 13.415547500324294, "n_estimators": 5.7300148673700155}, "datetime": {"datetime": "2021-09-27 18:05:13", "elapsed": 0.873, "delta": 0.032002}}
{"target": -33.00045810686705, "params": {"eta": 0.045020713535570314, "max_depth": 12.461188736896492, "n_estimators": 24.192518993752028}, "datetime": {"datetime": "2021-09-27 18:05:14", "elapsed": 1.924647, "delta": 1.051647}}
{"target": -14.153777590663505, "params": {"eta": 0.6315204171255038, "max_depth": 20.41223363742713, "n_estimators": 21.264480651022005}, "datetime": {"datetime": "2021-09-27 18:05:15", "elapsed": 3.081645, "delta": 1.156998}}
{"target": -16.047069308448396, "params": {"eta": 1.0, "max_depth": 22.23200930774187, "n_estimators": 32.059248638059785}, "datetime": {"datetime": "2021-09-27 18:05:15", "elapsed": 3.751645, "delta": 0.67}}
{"target": -95.90542241686263, "params": {"eta": 0.001, "max_depth": 25.719544966494613, "n_estimators": 16.132319154880296}, "datetime": {"datetime": "2021-09-27 18:05:16", "elapsed": 4.323478, "delta": 0.571833}}
{"target": -94.58825124713293, "params": {"eta": 0.001, "max_depth": 28.403524789960553, "n_estimators": 30.997030857708467}, "datetime": {"datetime": "2021-09-27 18:05:17", "elapsed": 5.342478, "delta": 1.019}}
{"target": -13.643628621386004, "params": {"eta": 0.6636173747251635, "max_depth": 16.775007927170474, "n_estimators": 18.960494781964595}, "datetime": {"datetime": "2021-09-27 18:05:18", "elapsed": 6.246145, "delta": 0.903667}}
{"target": -15.88560438610345, "params": {"eta": 1.0, "max_depth": 17.23235800918034, "n_estimators": 32.227861446977606}, "datetime": {"datetime": "2021-09-27 18:05:19", "elapsed": 6.913844, "delta": 0.667699}}
{"target": -15.892412161235352, "params": {"eta": 1.0, "max_depth": 19.63237159317448, "n_estimators": 37.73821860979866}, "datetime": {"datetime": "2021-09-27 18:05:20", "elapsed": 8.040772, "delta": 1.126928}}
{"target": -16.570938720862415, "params": {"eta": 1.0, "max_depth": 6.684831229453198, "n_estimators": 31.468752387653748}, "datetime": {"datetime": "2021-09-27 18:05:20", "elapsed": 8.708773, "delta": 0.668001}}
{"target": -15.952992786768899, "params": {"eta": 1.0, "max_depth": 12.232846123049988, "n_estimators": 37.24509550844771}, "datetime": {"datetime": "2021-09-27 18:05:21", "elapsed": 9.369773, "delta": 0.661}}
{"target": -93.83829085037274, "params": {"eta": 0.001, "max_depth": 5.484013299282029, "n_estimators": 38.00982793991995}, "datetime": {"datetime": "2021-09-27 18:05:22", "elapsed": 9.883773, "delta": 0.514}}
{"target": -15.922000006265835, "params": {"eta": 1.0, "max_depth": 15.61267334509555, "n_estimators": 41.60707151260459}, "datetime": {"datetime": "2021-09-27 18:05:22", "elapsed": 10.793391, "delta": 0.909618}}
{"target": -16.6393235793379, "params": {"eta": 1.0, "max_depth": 6.753295470432475, "n_estimators": 17.698722729840867}, "datetime": {"datetime": "2021-09-27 18:05:23", "elapsed": 11.224388, "delta": 0.430997}}
{"target": -95.4243091586808, "params": {"eta": 0.001, "max_depth": 1.0, "n_estimators": 20.05497061676094}, "datetime": {"datetime": "2021-09-27 18:05:23", "elapsed": 11.629001, "delta": 0.404613}}
{"target": -16.055826247105347, "params": {"eta": 0.7648108938849091, "max_depth": 9.621574281579852, "n_estimators": 13.968000992862056}, "datetime": {"datetime": "2021-09-27 18:05:24", "elapsed": 12.203601, "delta": 0.5746}}
{"target": -15.937940296985248, "params": {"eta": 1.0, "max_depth": 11.912213868511019, "n_estimators": 31.276937710369545}, "datetime": {"datetime": "2021-09-27 18:05:24", "elapsed": 12.803597, "delta": 0.599996}}
{"target": -11.73607214698444, "params": {"eta": 0.1952722655004158, "max_depth": 7.427027133917737, "n_estimators": 27.149154011604207}, "datetime": {"datetime": "2021-09-27 18:05:25", "elapsed": 13.572597, "delta": 0.769}}
{"target": -15.959617466950837, "params": {"eta": 1.0, "max_depth": 21.76819739866973, "n_estimators": 45.06395452516279}, "datetime": {"datetime": "2021-09-27 18:05:26", "elapsed": 14.355958, "delta": 0.783361}}
{"target": -20.74574196375946, "params": {"eta": 0.12803281172957617, "max_depth": 18.30561396037928, "n_estimators": 12.074588029607558}, "datetime": {"datetime": "2021-09-27 18:05:33", "elapsed": 21.687107, "delta": 7.331149}}
{"target": -15.789631974147088, "params": {"eta": 0.10783873862567299, "max_depth": 7.388880005046231, "n_estimators": 18.141487965161662}, "datetime": {"datetime": "2021-09-27 18:05:33", "elapsed": 21.775106, "delta": 0.087999}}
{"target": -12.309654328260482, "params": {"eta": 0.4683196970977179, "max_depth": 6.850553561683994, "n_estimators": 32.37992953553083}, "datetime": {"datetime": "2021-09-27 18:05:34", "elapsed": 21.983617, "delta": 0.208511}}
{"target": -13.237276081745042, "params": {"eta": 0.4835867657161999, "max_depth": 15.651864880537925, "n_estimators": 19.957739904809404}, "datetime": {"datetime": "2021-09-27 18:05:34", "elapsed": 22.259617, "delta": 0.276}}
{"target": -16.221400968006016, "params": {"eta": 0.7938438169871355, "max_depth": 17.820121187456394, "n_estimators": 8.95263132661338}, "datetime": {"datetime": "2021-09-27 18:05:34", "elapsed": 22.385616, "delta": 0.125999}}
{"target": -13.908874823696907, "params": {"eta": 0.7010515942605491, "max_depth": 28.971981322588398, "n_estimators": 25.500409697340622}, "datetime": {"datetime": "2021-09-27 18:05:34", "elapsed": 22.724618, "delta": 0.339002}}
{"target": -15.89459600297873, "params": {"eta": 0.8896305438821988, "max_depth": 10.90679592746218, "n_estimators": 28.790062253757753}, "datetime": {"datetime": "2021-09-27 18:05:35", "elapsed": 23.083616, "delta": 0.358998}}
{"target": -11.747533176903213, "params": {"eta": 0.42811841733281397, "max_depth": 13.665670627777171, "n_estimators": 39.051400064857916}, "datetime": {"datetime": "2021-09-27 18:05:35", "elapsed": 23.543618, "delta": 0.460002}}
{"target": -92.72309428815227, "params": {"eta": 0.001, "max_depth": 16.768601085908795, "n_estimators": 50.0}, "datetime": {"datetime": "2021-09-27 18:05:36", "elapsed": 24.263323, "delta": 0.719705}}
{"target": -16.059506545023204, "params": {"eta": 1.0, "max_depth": 28.196986627365543, "n_estimators": 45.065408501678434}, "datetime": {"datetime": "2021-09-27 18:05:37", "elapsed": 25.238323, "delta": 0.975}}
{"target": -55.294696003761615, "params": {"eta": 0.42879467121592063, "max_depth": 25.517169024681568, "n_estimators": 1.143241802947379}, "datetime": {"datetime": "2021-09-27 18:05:37", "elapsed": 25.707324, "delta": 0.469001}}
{"target": -93.65152005153078, "params": {"eta": 0.001, "max_depth": 24.641293918943255, "n_estimators": 40.926889692135774}, "datetime": {"datetime": "2021-09-27 18:05:38", "elapsed": 26.145302, "delta": 0.437978}}
{"target": -15.977140037410603, "params": {"eta": 0.9611322410609842, "max_depth": 27.266973994668717, "n_estimators": 49.99187976426638}, "datetime": {"datetime": "2021-09-27 18:05:39", "elapsed": 27.248309, "delta": 1.103007}}
{"target": -23.87806125569062, "params": {"eta": 1.0, "max_depth": 1.0, "n_estimators": 1.0}, "datetime": {"datetime": "2021-09-27 18:05:39", "elapsed": 27.726313, "delta": 0.478004}}
{"target": -18.246326371263205, "params": {"eta": 1.0, "max_depth": 1.0, "n_estimators": 8.019009361985676}, "datetime": {"datetime": "2021-09-27 18:05:40", "elapsed": 28.35907, "delta": 0.632757}}
{"target": -15.818497108749185, "params": {"eta": 1.0, "max_depth": 1.0, "n_estimators": 50.0}, "datetime": {"datetime": "2021-09-27 18:05:41", "elapsed": 29.147087, "delta": 0.788017}}
{"target": -92.72309428815227, "params": {"eta": 0.001, "max_depth": 6.09697249276913, "n_estimators": 50.0}, "datetime": {"datetime": "2021-09-27 18:05:41", "elapsed": 29.741086, "delta": 0.593999}}
{"target": -94.02542495398785, "params": {"eta": 0.001, "max_depth": 16.094471914918234, "n_estimators": 36.20356030790096}, "datetime": {"datetime": "2021-09-27 18:05:42", "elapsed": 30.297182, "delta": 0.556096}}
{"target": -14.032648862430076, "params": {"eta": 0.6005658303379751, "max_depth": 15.613563045414537, "n_estimators": 29.03831894091244}, "datetime": {"datetime": "2021-09-27 18:05:43", "elapsed": 30.986186, "delta": 0.689004}}
{"target": -15.937940296985248, "params": {"eta": 1.0, "max_depth": 11.737374340207124, "n_estimators": 41.37546553117877}, "datetime": {"datetime": "2021-09-27 18:05:44", "elapsed": 32.046448, "delta": 1.060262}}
{"target": -13.998279766280627, "params": {"eta": 0.7121591012278699, "max_depth": 19.35982600878255, "n_estimators": 30.460260218928887}, "datetime": {"datetime": "2021-09-27 18:05:45", "elapsed": 33.360294, "delta": 1.313846}}
{"target": -15.885604870142886, "params": {"eta": 1.0, "max_depth": 17.48322057957309, "n_estimators": 23.605617004804778}, "datetime": {"datetime": "2021-09-27 18:05:46", "elapsed": 34.14743, "delta": 0.787136}}
{"target": -17.0678755291074, "params": {"eta": 0.7744075205411944, "max_depth": 24.521433130765104, "n_estimators": 47.643908302945896}, "datetime": {"datetime": "2021-09-27 18:05:47", "elapsed": 34.833426, "delta": 0.685996}}
{"target": -16.116295495829263, "params": {"eta": 1.0, "max_depth": 5.1197832860650445, "n_estimators": 11.529202981607623}, "datetime": {"datetime": "2021-09-27 18:05:47", "elapsed": 35.416427, "delta": 0.583001}}
{"target": -96.86717155785163, "params": {"eta": 0.001, "max_depth": 5.081653811466632, "n_estimators": 6.536572941175436}, "datetime": {"datetime": "2021-09-27 18:05:48", "elapsed": 35.933431, "delta": 0.517004}}
{"target": -15.917379605314427, "params": {"eta": 0.32459174855763473, "max_depth": 1.0575524138717025, "n_estimators": 11.838236095249854}, "datetime": {"datetime": "2021-09-27 18:05:48", "elapsed": 36.344819, "delta": 0.411388}}
{"target": -13.746288115883848, "params": {"eta": 0.6783671207817252, "max_depth": 15.186378746942667, "n_estimators": 14.39306040426294}, "datetime": {"datetime": "2021-09-27 18:05:49", "elapsed": 37.179921, "delta": 0.835102}}
{"target": -69.37887246351055, "params": {"eta": 0.007023217664937402, "max_depth": 29.915632255763413, "n_estimators": 48.32797447538369}, "datetime": {"datetime": "2021-09-27 18:05:49", "elapsed": 37.688924, "delta": 0.509003}}
{"target": -15.959617466950837, "params": {"eta": 1.0, "max_depth": 21.780058843552087, "n_estimators": 24.77170211215481}, "datetime": {"datetime": "2021-09-27 18:05:50", "elapsed": 38.312164, "delta": 0.62324}}
{"target": -16.60501062600602, "params": {"eta": 1.0, "max_depth": 10.616334854050146, "n_estimators": 19.790166071914264}, "datetime": {"datetime": "2021-09-27 18:05:51", "elapsed": 39.152162, "delta": 0.839998}}
{"target": -15.996002436549931, "params": {"eta": 0.7867382566172348, "max_depth": 7.1864842210297635, "n_estimators": 23.353069790000063}, "datetime": {"datetime": "2021-09-27 18:05:51", "elapsed": 39.67316, "delta": 0.520998}}
{"target": -16.016290936282616, "params": {"eta": 0.861262215868182, "max_depth": 29.556356440751834, "n_estimators": 22.00926562603114}, "datetime": {"datetime": "2021-09-27 18:05:52", "elapsed": 40.59202, "delta": 0.91886}}
{"target": -51.5646801722395, "params": {"eta": 0.08579927222399268, "max_depth": 21.95409477411333, "n_estimators": 7.802903883755987}, "datetime": {"datetime": "2021-09-27 18:05:53", "elapsed": 41.109018, "delta": 0.516998}}
{"target": -29.825384806094462, "params": {"eta": 0.08290847625044753, "max_depth": 5.474939576812262, "n_estimators": 14.491267568782416}, "datetime": {"datetime": "2021-09-27 18:05:53", "elapsed": 41.682015, "delta": 0.572997}}
{"target": -94.32134442993349, "params": {"eta": 0.001, "max_depth": 1.0, "n_estimators": 31.969414887131908}, "datetime": {"datetime": "2021-09-27 18:05:54", "elapsed": 42.16114, "delta": 0.479125}}
{"target": -87.36103171651037, "params": {"eta": 0.0033089790159725784, "max_depth": 9.69649895477497, "n_estimators": 33.3605473464571}, "datetime": {"datetime": "2021-09-27 18:05:55", "elapsed": 42.869135, "delta": 0.707995}}
{"target": -16.253876314281523, "params": {"eta": 0.7995858169482101, "max_depth": 21.907602213076938, "n_estimators": 28.32816519754281}, "datetime": {"datetime": "2021-09-27 18:05:55", "elapsed": 43.640134, "delta": 0.770999}}
{"target": -12.710203387863345, "params": {"eta": 0.40429112111765664, "max_depth": 10.343239215825689, "n_estimators": 16.79181999305579}, "datetime": {"datetime": "2021-09-27 18:05:56", "elapsed": 44.197132, "delta": 0.556998}}
{"target": -15.892412161235352, "params": {"eta": 1.0, "max_depth": 19.017375802912213, "n_estimators": 42.252154253359684}, "datetime": {"datetime": "2021-09-27 18:05:57", "elapsed": 45.247129, "delta": 1.049997}}
{"target": -15.99439993623983, "params": {"eta": 0.8594914029454892, "max_depth": 21.86039990203117, "n_estimators": 35.57629397701916}, "datetime": {"datetime": "2021-09-27 18:05:58", "elapsed": 45.996134, "delta": 0.749005}}
{"target": -94.75847346678175, "params": {"eta": 0.001, "max_depth": 4.752652074152033, "n_estimators": 28.150685443631872}, "datetime": {"datetime": "2021-09-27 18:05:58", "elapsed": 46.665596, "delta": 0.669462}}
{"target": -12.405203011375109, "params": {"eta": 0.4898583785782455, "max_depth": 9.28198883989331, "n_estimators": 25.902401081008595}, "datetime": {"datetime": "2021-09-27 18:05:59", "elapsed": 47.312654, "delta": 0.647058}}
{"target": -15.664226687851748, "params": {"eta": 0.23218390943335454, "max_depth": 1.1012655153504864, "n_estimators": 25.692347188647787}, "datetime": {"datetime": "2021-09-27 18:06:00", "elapsed": 47.841653, "delta": 0.528999}}
{"target": -15.952991162702032, "params": {"eta": 1.0, "max_depth": 12.396096229407265, "n_estimators": 14.436165960325168}, "datetime": {"datetime": "2021-09-27 18:06:00", "elapsed": 48.55723, "delta": 0.715577}}
{"target": -68.09743720947408, "params": {"eta": 0.019609714385305232, "max_depth": 19.776552889350636, "n_estimators": 18.36527620684945}, "datetime": {"datetime": "2021-09-27 18:06:01", "elapsed": 49.189235, "delta": 0.632005}}
{"target": -14.278792483405441, "params": {"eta": 0.6270940860240412, "max_depth": 15.769466685578593, "n_estimators": 16.514112611804535}, "datetime": {"datetime": "2021-09-27 18:06:02", "elapsed": 50.002227, "delta": 0.812992}}
{"target": -16.02585891915556, "params": {"eta": 1.0, "max_depth": 23.409309141766187, "n_estimators": 22.308383675706555}, "datetime": {"datetime": "2021-09-27 18:06:03", "elapsed": 50.814933, "delta": 0.812706}}
{"target": -14.066222462413194, "params": {"eta": 0.6141995191975165, "max_depth": 26.54921934470298, "n_estimators": 22.533696102101604}, "datetime": {"datetime": "2021-09-27 18:06:03", "elapsed": 51.582932, "delta": 0.767999}}
{"target": -16.566283524829043, "params": {"eta": 0.9628919165488854, "max_depth": 14.448585106686421, "n_estimators": 31.166094637206534}, "datetime": {"datetime": "2021-09-27 18:06:04", "elapsed": 52.406967, "delta": 0.824035}}
{"target": -95.24458351592976, "params": {"eta": 0.001, "max_depth": 19.80057492165382, "n_estimators": 23.60596503268684}, "datetime": {"datetime": "2021-09-27 18:06:05", "elapsed": 53.439968, "delta": 1.033001}}
{"target": -14.50441207730121, "params": {"eta": 0.5826481107753582, "max_depth": 17.885477831983188, "n_estimators": 28.908016998677923}, "datetime": {"datetime": "2021-09-27 18:06:06", "elapsed": 54.207294, "delta": 0.767326}}
{"target": -15.885605235152308, "params": {"eta": 1.0, "max_depth": 17.476470321630643, "n_estimators": 14.507862512635514}, "datetime": {"datetime": "2021-09-27 18:06:07", "elapsed": 55.01797, "delta": 0.810676}}
{"target": -17.420898057446056, "params": {"eta": 0.934398336837694, "max_depth": 16.837410346207644, "n_estimators": 26.331559494754124}, "datetime": {"datetime": "2021-09-27 18:06:08", "elapsed": 55.835966, "delta": 0.817996}}
{"target": -12.150279959513089, "params": {"eta": 0.39755731528063715, "max_depth": 23.492222277814875, "n_estimators": 25.979179052019465}, "datetime": {"datetime": "2021-09-27 18:06:08", "elapsed": 56.78197, "delta": 0.946004}}
{"target": -11.467290382798797, "params": {"eta": 0.1524537429743245, "max_depth": 12.988033642054173, "n_estimators": 29.120448730145565}, "datetime": {"datetime": "2021-09-27 18:06:09", "elapsed": 57.771968, "delta": 0.989998}}
{"target": -15.92200038274095, "params": {"eta": 1.0, "max_depth": 15.457488004003748, "n_estimators": 22.72981090524442}, "datetime": {"datetime": "2021-09-27 18:06:10", "elapsed": 58.534085, "delta": 0.762117}}
{"target": -16.09370294446455, "params": {"eta": 0.7340735855248651, "max_depth": 19.950775724553623, "n_estimators": 33.259298875904854}, "datetime": {"datetime": "2021-09-27 18:06:11", "elapsed": 59.375084, "delta": 0.840999}}
{"target": -93.7448601164215, "params": {"eta": 0.001, "max_depth": 11.248478950142108, "n_estimators": 39.19570602057266}, "datetime": {"datetime": "2021-09-27 18:06:12", "elapsed": 60.123086, "delta": 0.748002}}
{"target": -14.437336238140395, "params": {"eta": 0.6101933816049907, "max_depth": 13.33116454944817, "n_estimators": 42.85276887572045}, "datetime": {"datetime": "2021-09-27 18:06:13", "elapsed": 60.919083, "delta": 0.795997}}
{"target": -16.892013978958932, "params": {"eta": 1.0, "max_depth": 13.239186481573304, "n_estimators": 19.437893486262666}, "datetime": {"datetime": "2021-09-27 18:06:14", "elapsed": 61.8382, "delta": 0.919117}}
{"target": -94.77531675880385, "params": {"eta": 0.001, "max_depth": 9.072915153773708, "n_estimators": 28.05160831849515}, "datetime": {"datetime": "2021-09-27 18:06:14", "elapsed": 62.536631, "delta": 0.698431}}
{"target": -12.982863908646339, "params": {"eta": 0.5180680366476947, "max_depth": 7.600004959955446, "n_estimators": 25.555833541564127}, "datetime": {"datetime": "2021-09-27 18:06:15", "elapsed": 63.310629, "delta": 0.773998}}
{"target": -14.69966166619883, "params": {"eta": 0.7422254680275271, "max_depth": 14.658855985826918, "n_estimators": 18.424781220513953}, "datetime": {"datetime": "2021-09-27 18:06:16", "elapsed": 64.367354, "delta": 1.056725}}
{"target": -13.792896065021635, "params": {"eta": 0.6343176020242914, "max_depth": 24.095498275710067, "n_estimators": 24.21547307330838}, "datetime": {"datetime": "2021-09-27 18:06:17", "elapsed": 65.243352, "delta": 0.875998}}
{"target": -17.034445969802047, "params": {"eta": 0.8887527617024831, "max_depth": 14.076995312815706, "n_estimators": 40.9293741005373}, "datetime": {"datetime": "2021-09-27 18:06:18", "elapsed": 66.19435, "delta": 0.950998}}
{"target": -16.236453819352707, "params": {"eta": 0.8472640884341599, "max_depth": 28.05891600505603, "n_estimators": 23.80849458323418}, "datetime": {"datetime": "2021-09-27 18:06:19", "elapsed": 66.997838, "delta": 0.803488}}
{"target": -15.83832444775183, "params": {"eta": 0.7539231838617659, "max_depth": 8.277051410976098, "n_estimators": 15.913577049047793}, "datetime": {"datetime": "2021-09-27 18:06:20", "elapsed": 67.889841, "delta": 0.892003}}
{"target": -12.209253484058916, "params": {"eta": 0.4630749069197103, "max_depth": 9.169657220391576, "n_estimators": 23.85858604481109}, "datetime": {"datetime": "2021-09-27 18:06:20", "elapsed": 68.664086, "delta": 0.774245}}
{"target": -15.22206853005902, "params": {"eta": 0.9308005628000756, "max_depth": 12.579879887264715, "n_estimators": 27.435771089666005}, "datetime": {"datetime": "2021-09-27 18:06:21", "elapsed": 69.744086, "delta": 1.08}}
{"target": -15.208284824251821, "params": {"eta": 0.7255328443827448, "max_depth": 8.700980505002143, "n_estimators": 21.262764404903095}, "datetime": {"datetime": "2021-09-27 18:06:22", "elapsed": 70.431717, "delta": 0.687631}}
{"target": -15.885604977707201, "params": {"eta": 1.0, "max_depth": 17.239158778657686, "n_estimators": 21.275794682647664}, "datetime": {"datetime": "2021-09-27 18:06:23", "elapsed": 71.204712, "delta": 0.772995}}
{"target": -16.14113285054734, "params": {"eta": 0.9674030952783242, "max_depth": 11.199030841540118, "n_estimators": 43.43906456848811}, "datetime": {"datetime": "2021-09-27 18:06:24", "elapsed": 72.226068, "delta": 1.021356}}
{"target": -15.892412161235352, "params": {"eta": 1.0, "max_depth": 19.897758033003857, "n_estimators": 28.42794377729416}, "datetime": {"datetime": "2021-09-27 18:06:25", "elapsed": 73.054999, "delta": 0.828931}}
