{"target": -2.4906925552769708, "params": {"eta": 0.38228028959740556, "max_depth": 14.226745585555566, "n_estimators": 19.877127046524187}, "datetime": {"datetime": "2021-09-17 13:15:40", "elapsed": 5.929608, "delta": 0.291999}}
{"target": -2.4406569857346385, "params": {"eta": 0.3608091609183002, "max_depth": 11.179594977816866, "n_estimators": 18.426117676351932}, "datetime": {"datetime": "2021-09-17 13:15:40", "elapsed": 6.204605, "delta": 0.274997}}
{"target": -2.488004714564273, "params": {"eta": 0.24600836970264, "max_depth": 8.647868175340328, "n_estimators": 18.815382589671554}, "datetime": {"datetime": "2021-09-17 13:15:40", "elapsed": 6.436607, "delta": 0.232002}}
{"target": -2.4534611250224865, "params": {"eta": 0.3716174772308992, "max_depth": 16.533858392371158, "n_estimators": 19.528740941904584}, "datetime": {"datetime": "2021-09-17 13:15:41", "elapsed": 6.732603, "delta": 0.295996}}
{"target": -2.460652574739958, "params": {"eta": 0.31969337357530303, "max_depth": 9.151313058969695, "n_estimators": 17.636685005770456}, "datetime": {"datetime": "2021-09-17 13:15:41", "elapsed": 6.964605, "delta": 0.232002}}
{"target": -2.4568871447914526, "params": {"eta": 0.36784079530655767, "max_depth": 12.185104787051905, "n_estimators": 17.184357669495924}, "datetime": {"datetime": "2021-09-17 13:15:41", "elapsed": 7.220753, "delta": 0.256148}}
{"target": -2.489032698932447, "params": {"eta": 0.26162583794657157, "max_depth": 16.573404929786136, "n_estimators": 19.058798815774416}, "datetime": {"datetime": "2021-09-17 13:15:41", "elapsed": 7.515797, "delta": 0.295044}}
{"target": -2.4011795909781206, "params": {"eta": 0.26549117545611395, "max_depth": 13.513963552677286, "n_estimators": 16.89227172493345}, "datetime": {"datetime": "2021-09-17 13:15:42", "elapsed": 7.7718, "delta": 0.256003}}
{"target": -2.4720806410438136, "params": {"eta": 0.2085983994570665, "max_depth": 12.148629551071881, "n_estimators": 16.02116629204427}, "datetime": {"datetime": "2021-09-17 13:15:42", "elapsed": 8.016796, "delta": 0.244996}}
{"target": -2.351011143860064, "params": {"eta": 0.22294013260925838, "max_depth": 14.324821160513714, "n_estimators": 17.63980662177376}, "datetime": {"datetime": "2021-09-17 13:15:42", "elapsed": 8.3278, "delta": 0.311004}}
{"target": -2.4534684858824076, "params": {"eta": 0.22769060181977552, "max_depth": 12.376874676356175, "n_estimators": 18.78029155905366}, "datetime": {"datetime": "2021-09-17 13:15:42", "elapsed": 8.5898, "delta": 0.262}}
{"target": -2.409338281029149, "params": {"eta": 0.24365299804530774, "max_depth": 15.413744712797651, "n_estimators": 18.14151173818253}, "datetime": {"datetime": "2021-09-17 13:15:43", "elapsed": 8.872797, "delta": 0.282997}}
{"target": -2.4783712656874406, "params": {"eta": 0.220640253602167, "max_depth": 8.57148867905127, "n_estimators": 17.478584312844127}, "datetime": {"datetime": "2021-09-17 13:15:43", "elapsed": 9.105966, "delta": 0.233169}}
{"target": -2.376032732662402, "params": {"eta": 0.28738312139803723, "max_depth": 9.934725050090433, "n_estimators": 16.30306366072798}, "datetime": {"datetime": "2021-09-17 13:15:43", "elapsed": 9.35497, "delta": 0.249004}}
{"target": -2.37169825842506, "params": {"eta": 0.20843438932777725, "max_depth": 9.16838206911445, "n_estimators": 18.00705574135043}, "datetime": {"datetime": "2021-09-17 13:15:43", "elapsed": 9.606969, "delta": 0.251999}}
{"target": -2.428106010587592, "params": {"eta": 0.30409430857719877, "max_depth": 16.266301426058483, "n_estimators": 19.157519679651866}, "datetime": {"datetime": "2021-09-17 13:15:44", "elapsed": 9.944097, "delta": 0.337128}}
{"target": -2.412138697348143, "params": {"eta": 0.2396198370911978, "max_depth": 11.537232702640463, "n_estimators": 19.520146902801624}, "datetime": {"datetime": "2021-09-17 13:15:44", "elapsed": 10.218098, "delta": 0.274001}}
{"target": -2.5232001950866296, "params": {"eta": 0.35256955773641696, "max_depth": 12.68240545104646, "n_estimators": 16.78400151001539}, "datetime": {"datetime": "2021-09-17 13:15:44", "elapsed": 10.490099, "delta": 0.272001}}
{"target": -2.4295351561747096, "params": {"eta": 0.36677634747976795, "max_depth": 9.240273086117579, "n_estimators": 16.144793057381467}, "datetime": {"datetime": "2021-09-17 13:15:45", "elapsed": 10.755102, "delta": 0.265003}}
{"target": -2.4358719003827947, "params": {"eta": 0.298947534555833, "max_depth": 16.53251736762723, "n_estimators": 16.15636019741066}, "datetime": {"datetime": "2021-09-17 13:15:45", "elapsed": 11.066098, "delta": 0.310996}}
{"target": -2.5193821185513543, "params": {"eta": 0.25094540213898364, "max_depth": 16.454901036701003, "n_estimators": 16.522627247559495}, "datetime": {"datetime": "2021-09-17 13:15:45", "elapsed": 11.3551, "delta": 0.289002}}
{"target": -2.361704899135389, "params": {"eta": 0.3509405674539098, "max_depth": 10.36376529236395, "n_estimators": 19.500762023123997}, "datetime": {"datetime": "2021-09-17 13:15:45", "elapsed": 11.654099, "delta": 0.298999}}
{"target": -2.3639871672580117, "params": {"eta": 0.20310560757031904, "max_depth": 15.756145440947257, "n_estimators": 19.684551655996188}, "datetime": {"datetime": "2021-09-17 13:15:46", "elapsed": 11.967098, "delta": 0.312999}}
{"target": -2.4929050313799, "params": {"eta": 0.3621739440859443, "max_depth": 15.472460658872254, "n_estimators": 19.558115989385232}, "datetime": {"datetime": "2021-09-17 13:15:46", "elapsed": 12.315097, "delta": 0.347999}}
{"target": -2.5031476911745574, "params": {"eta": 0.3192797815726013, "max_depth": 12.65890138096858, "n_estimators": 19.954678296310533}, "datetime": {"datetime": "2021-09-17 13:15:46", "elapsed": 12.622098, "delta": 0.307001}}
{"target": -2.4995748720671003, "params": {"eta": 0.2537355498257378, "max_depth": 14.631659655135188, "n_estimators": 17.638930491370484}, "datetime": {"datetime": "2021-09-17 13:15:47", "elapsed": 12.932099, "delta": 0.310001}}
{"target": -2.521864303162223, "params": {"eta": 0.21670268889402935, "max_depth": 10.022686751000567, "n_estimators": 17.191291153568464}, "datetime": {"datetime": "2021-09-17 13:15:47", "elapsed": 13.217293, "delta": 0.285194}}
{"target": -2.4330621035475475, "params": {"eta": 0.21331875144262977, "max_depth": 13.086166620257885, "n_estimators": 16.432875448470526}, "datetime": {"datetime": "2021-09-17 13:15:47", "elapsed": 13.507295, "delta": 0.290002}}
{"target": -2.425260425868787, "params": {"eta": 0.2717726584124648, "max_depth": 9.322679725186779, "n_estimators": 17.77612902798741}, "datetime": {"datetime": "2021-09-17 13:15:48", "elapsed": 13.784293, "delta": 0.276998}}
{"target": -2.4256285836822107, "params": {"eta": 0.3310622229653574, "max_depth": 10.493038554176717, "n_estimators": 18.57140195393438}, "datetime": {"datetime": "2021-09-17 13:15:48", "elapsed": 14.083293, "delta": 0.299}}
{"target": -2.4738390696676156, "params": {"eta": 0.39839272354025235, "max_depth": 16.577883065696255, "n_estimators": 19.61872854716593}, "datetime": {"datetime": "2021-09-17 13:15:48", "elapsed": 14.454292, "delta": 0.370999}}
{"target": -2.558347125429856, "params": {"eta": 0.2601850139060405, "max_depth": 10.567955367490065, "n_estimators": 19.162157502475633}, "datetime": {"datetime": "2021-09-17 13:15:49", "elapsed": 14.880958, "delta": 0.426666}}
{"target": -2.3781478009725876, "params": {"eta": 0.2084407832239098, "max_depth": 14.576404295776074, "n_estimators": 19.964680178628637}, "datetime": {"datetime": "2021-09-17 13:15:49", "elapsed": 15.216721, "delta": 0.335763}}
{"target": -2.379720388588152, "params": {"eta": 0.21173694482243222, "max_depth": 8.13600109620442, "n_estimators": 19.465039849383622}, "datetime": {"datetime": "2021-09-17 13:15:49", "elapsed": 15.51572, "delta": 0.298999}}
{"target": -2.472843362783131, "params": {"eta": 0.2217279080428662, "max_depth": 16.1541265301712, "n_estimators": 19.89851837471505}, "datetime": {"datetime": "2021-09-17 13:15:50", "elapsed": 15.84372, "delta": 0.328}}
{"target": -2.590725465197312, "params": {"eta": 0.37434940036559383, "max_depth": 9.785951719529905, "n_estimators": 17.67514480758109}, "datetime": {"datetime": "2021-09-17 13:15:50", "elapsed": 16.161723, "delta": 0.318003}}
{"target": -2.474556845112851, "params": {"eta": 0.21438243089881204, "max_depth": 9.561072441181725, "n_estimators": 18.709931287593765}, "datetime": {"datetime": "2021-09-17 13:15:50", "elapsed": 16.456726, "delta": 0.295003}}
{"target": -2.5360019608547812, "params": {"eta": 0.3254882809316474, "max_depth": 10.919401959829852, "n_estimators": 18.33551192433748}, "datetime": {"datetime": "2021-09-17 13:15:51", "elapsed": 16.78372, "delta": 0.326994}}
{"target": -2.387046027183533, "params": {"eta": 0.31351043212962454, "max_depth": 10.753253741954996, "n_estimators": 18.049764480046946}, "datetime": {"datetime": "2021-09-17 13:15:51", "elapsed": 17.104724, "delta": 0.321004}}
{"target": -2.3988859578182824, "params": {"eta": 0.3905068862626697, "max_depth": 10.485842802419056, "n_estimators": 16.21851682417781}, "datetime": {"datetime": "2021-09-17 13:15:51", "elapsed": 17.434365, "delta": 0.329641}}
{"target": -2.510275338198009, "params": {"eta": 0.251460355581919, "max_depth": 15.415071855993105, "n_estimators": 18.644086031434345}, "datetime": {"datetime": "2021-09-17 13:15:52", "elapsed": 17.78588, "delta": 0.351515}}
{"target": -2.300103159327256, "params": {"eta": 0.20340210922881885, "max_depth": 10.933223050529286, "n_estimators": 17.246398980540004}, "datetime": {"datetime": "2021-09-17 13:15:52", "elapsed": 18.098882, "delta": 0.313002}}
{"target": -2.539153049494091, "params": {"eta": 0.21724962801092465, "max_depth": 13.472058839843918, "n_estimators": 16.58012599946099}, "datetime": {"datetime": "2021-09-17 13:15:52", "elapsed": 18.406882, "delta": 0.308}}
{"target": -2.384694344119022, "params": {"eta": 0.2658888856118239, "max_depth": 15.133445294004783, "n_estimators": 18.723727382974854}, "datetime": {"datetime": "2021-09-17 13:15:53", "elapsed": 18.769881, "delta": 0.362999}}
{"target": -2.3750780375380263, "params": {"eta": 0.3955933733028281, "max_depth": 9.51220698685169, "n_estimators": 16.478184239687156}, "datetime": {"datetime": "2021-09-17 13:15:53", "elapsed": 19.084883, "delta": 0.315002}}
{"target": -2.4183918526298123, "params": {"eta": 0.2812258018258953, "max_depth": 8.996645549485072, "n_estimators": 16.703800547413547}, "datetime": {"datetime": "2021-09-17 13:15:53", "elapsed": 19.386143, "delta": 0.30126}}
{"target": -2.3770317510554664, "params": {"eta": 0.23693235613863173, "max_depth": 16.963724300579734, "n_estimators": 18.087277279977965}, "datetime": {"datetime": "2021-09-17 13:15:54", "elapsed": 19.759147, "delta": 0.373004}}
{"target": -2.412681201257204, "params": {"eta": 0.24346572092473234, "max_depth": 10.817363227875422, "n_estimators": 17.16186626230089}, "datetime": {"datetime": "2021-09-17 13:15:54", "elapsed": 20.122738, "delta": 0.363591}}
{"target": -2.4727829098701477, "params": {"eta": 0.23066350401888375, "max_depth": 8.152125948423343, "n_estimators": 19.839438843903075}, "datetime": {"datetime": "2021-09-17 13:15:54", "elapsed": 20.462743, "delta": 0.340005}}
{"target": -2.348031289326517, "params": {"eta": 0.3011444929290825, "max_depth": 17.89948803975384, "n_estimators": 17.609791829560578}, "datetime": {"datetime": "2021-09-17 13:15:55", "elapsed": 20.838741, "delta": 0.375998}}
{"target": -2.500420270468059, "params": {"eta": 0.3644460911223171, "max_depth": 12.765747367200989, "n_estimators": 18.905809327084164}, "datetime": {"datetime": "2021-09-17 13:15:55", "elapsed": 21.246741, "delta": 0.408}}
{"target": -2.3482876269440904, "params": {"eta": 0.29166756992402876, "max_depth": 17.69281588308919, "n_estimators": 18.276176262598398}, "datetime": {"datetime": "2021-09-17 13:15:55", "elapsed": 21.62974, "delta": 0.382999}}
{"target": -2.4042796737269354, "params": {"eta": 0.27864060922631606, "max_depth": 14.832108968866294, "n_estimators": 16.55277999591098}, "datetime": {"datetime": "2021-09-17 13:15:56", "elapsed": 21.994743, "delta": 0.365003}}
{"target": -2.5258826826748093, "params": {"eta": 0.22689352306063237, "max_depth": 17.386375925696985, "n_estimators": 16.037884928774037}, "datetime": {"datetime": "2021-09-17 13:15:56", "elapsed": 22.33374, "delta": 0.338997}}
{"target": -2.3718279612691777, "params": {"eta": 0.26360774698881345, "max_depth": 16.060898437605804, "n_estimators": 18.50998707004336}, "datetime": {"datetime": "2021-09-17 13:15:57", "elapsed": 22.755742, "delta": 0.422002}}
{"target": -2.4282268448879845, "params": {"eta": 0.2353547505156451, "max_depth": 10.092133662316176, "n_estimators": 18.122401710976316}, "datetime": {"datetime": "2021-09-17 13:15:57", "elapsed": 23.124744, "delta": 0.369002}}
{"target": -2.425010503593244, "params": {"eta": 0.36508259300635565, "max_depth": 9.198918859977628, "n_estimators": 18.23323542534825}, "datetime": {"datetime": "2021-09-17 13:15:57", "elapsed": 23.490436, "delta": 0.365692}}
{"target": -2.353628785986649, "params": {"eta": 0.34203513707686395, "max_depth": 12.562994368844178, "n_estimators": 19.662868269114238}, "datetime": {"datetime": "2021-09-17 13:15:58", "elapsed": 23.882437, "delta": 0.392001}}
{"target": -2.349112600401828, "params": {"eta": 0.30227760060026787, "max_depth": 15.107563877506147, "n_estimators": 19.732152372779673}, "datetime": {"datetime": "2021-09-17 13:15:58", "elapsed": 24.28644, "delta": 0.404003}}
{"target": -2.4923932784482052, "params": {"eta": 0.31914857540964553, "max_depth": 17.50414396292572, "n_estimators": 18.37644691551354}, "datetime": {"datetime": "2021-09-17 13:15:58", "elapsed": 24.688439, "delta": 0.401999}}
{"target": -2.444072303019072, "params": {"eta": 0.36621908064742986, "max_depth": 16.40330059339607, "n_estimators": 18.149955870241254}, "datetime": {"datetime": "2021-09-17 13:15:59", "elapsed": 25.105091, "delta": 0.416652}}
{"target": -2.327448440225501, "params": {"eta": 0.20603686650581046, "max_depth": 10.428285671463808, "n_estimators": 16.44876520439904}, "datetime": {"datetime": "2021-09-17 13:15:59", "elapsed": 25.48483, "delta": 0.379739}}
{"target": -2.521865963935852, "params": {"eta": 0.35852440975000566, "max_depth": 9.409031270131312, "n_estimators": 19.169046402957562}, "datetime": {"datetime": "2021-09-17 13:16:00", "elapsed": 25.865831, "delta": 0.381001}}
{"target": -2.401773494795749, "params": {"eta": 0.3348687026234776, "max_depth": 15.382001051237502, "n_estimators": 17.592614637867896}, "datetime": {"datetime": "2021-09-17 13:16:00", "elapsed": 26.283827, "delta": 0.417996}}
{"target": -2.415788902107038, "params": {"eta": 0.2780021464468425, "max_depth": 8.352903324698087, "n_estimators": 16.61940130539182}, "datetime": {"datetime": "2021-09-17 13:16:00", "elapsed": 26.641831, "delta": 0.358004}}
{"target": -2.423650948624862, "params": {"eta": 0.20508383104996328, "max_depth": 8.3611306188229, "n_estimators": 16.119299727503233}, "datetime": {"datetime": "2021-09-17 13:16:01", "elapsed": 27.00283, "delta": 0.360999}}
{"target": -2.472776968855607, "params": {"eta": 0.2781594647128593, "max_depth": 9.847222447782052, "n_estimators": 16.33462218953613}, "datetime": {"datetime": "2021-09-17 13:16:01", "elapsed": 27.399352, "delta": 0.396522}}
{"target": -2.395838423151719, "params": {"eta": 0.29552351903292395, "max_depth": 10.10935569595868, "n_estimators": 19.262340855924865}, "datetime": {"datetime": "2021-09-17 13:16:02", "elapsed": 27.783412, "delta": 0.38406}}
{"target": -2.4639972140914517, "params": {"eta": 0.35785922288903976, "max_depth": 15.161606817431164, "n_estimators": 19.540964593360687}, "datetime": {"datetime": "2021-09-17 13:16:02", "elapsed": 28.255414, "delta": 0.472002}}
{"target": -2.4902567524659007, "params": {"eta": 0.2303405023728513, "max_depth": 17.43963512487771, "n_estimators": 18.13702688714878}, "datetime": {"datetime": "2021-09-17 13:16:02", "elapsed": 28.69941, "delta": 0.443996}}
{"target": -2.4091366592206453, "params": {"eta": 0.2968216281948458, "max_depth": 12.154604560948961, "n_estimators": 19.12312252299393}, "datetime": {"datetime": "2021-09-17 13:16:03", "elapsed": 29.118411, "delta": 0.419001}}
{"target": -2.4530832391036186, "params": {"eta": 0.37822538959119056, "max_depth": 16.194335487931937, "n_estimators": 17.47081098390896}, "datetime": {"datetime": "2021-09-17 13:16:03", "elapsed": 29.612231, "delta": 0.49382}}
{"target": -2.4604903158388645, "params": {"eta": 0.25566868323447345, "max_depth": 15.811737913321497, "n_estimators": 18.034141756412087}, "datetime": {"datetime": "2021-09-17 13:16:04", "elapsed": 30.027898, "delta": 0.415667}}
{"target": -2.472333212902672, "params": {"eta": 0.32782101233063193, "max_depth": 8.991400386449419, "n_estimators": 16.57399861302736}, "datetime": {"datetime": "2021-09-17 13:16:04", "elapsed": 30.401901, "delta": 0.374003}}
{"target": -2.429155582503269, "params": {"eta": 0.3324259404671823, "max_depth": 16.621294535777412, "n_estimators": 18.180349118684507}, "datetime": {"datetime": "2021-09-17 13:16:05", "elapsed": 30.890898, "delta": 0.488997}}
{"target": -2.4360296161551225, "params": {"eta": 0.3631258714461367, "max_depth": 12.292601896427561, "n_estimators": 19.51387687793614}, "datetime": {"datetime": "2021-09-17 13:16:05", "elapsed": 31.369725, "delta": 0.478827}}
{"target": -2.3675577339373137, "params": {"eta": 0.27971415914000225, "max_depth": 14.559895190909, "n_estimators": 17.13673642837788}, "datetime": {"datetime": "2021-09-17 13:16:06", "elapsed": 31.804729, "delta": 0.435004}}
{"target": -2.4110150701121276, "params": {"eta": 0.21255190483203096, "max_depth": 16.67616356294171, "n_estimators": 17.278499718937177}, "datetime": {"datetime": "2021-09-17 13:16:06", "elapsed": 32.234729, "delta": 0.43}}
{"target": -2.3607244378642034, "params": {"eta": 0.28125415664789893, "max_depth": 13.234014412743681, "n_estimators": 19.806556958846603}, "datetime": {"datetime": "2021-09-17 13:16:06", "elapsed": 32.700243, "delta": 0.465514}}
{"target": -2.4171114808634706, "params": {"eta": 0.3675421491399446, "max_depth": 11.239214036779593, "n_estimators": 18.44497206184649}, "datetime": {"datetime": "2021-09-17 13:16:07", "elapsed": 33.126247, "delta": 0.426004}}
{"target": -2.398276472719092, "params": {"eta": 0.25899065661048726, "max_depth": 8.085056664880431, "n_estimators": 16.623020577353223}, "datetime": {"datetime": "2021-09-17 13:16:07", "elapsed": 33.527612, "delta": 0.401365}}
{"target": -2.493746893656881, "params": {"eta": 0.38006203631170593, "max_depth": 16.148991446066297, "n_estimators": 18.676425832573788}, "datetime": {"datetime": "2021-09-17 13:16:08", "elapsed": 34.014612, "delta": 0.487}}
{"target": -2.301683225757197, "params": {"eta": 0.21125953511864934, "max_depth": 14.73346534646404, "n_estimators": 19.471614407661807}, "datetime": {"datetime": "2021-09-17 13:16:08", "elapsed": 34.472612, "delta": 0.458}}
{"target": -2.4641312674472204, "params": {"eta": 0.2154579334913854, "max_depth": 16.437520435585434, "n_estimators": 19.526983410137298}, "datetime": {"datetime": "2021-09-17 13:16:09", "elapsed": 34.934305, "delta": 0.461693}}
{"target": -2.4809258561385303, "params": {"eta": 0.36370105197680824, "max_depth": 16.670614157004394, "n_estimators": 19.80457458342189}, "datetime": {"datetime": "2021-09-17 13:16:09", "elapsed": 35.422903, "delta": 0.488598}}
{"target": -2.4478770688960427, "params": {"eta": 0.337693970825072, "max_depth": 13.810979483835062, "n_estimators": 17.626854285219643}, "datetime": {"datetime": "2021-09-17 13:16:10", "elapsed": 35.884909, "delta": 0.462006}}
{"target": -2.4224084270627873, "params": {"eta": 0.3906645237617662, "max_depth": 11.392680934868983, "n_estimators": 16.863419683805642}, "datetime": {"datetime": "2021-09-17 13:16:10", "elapsed": 36.334902, "delta": 0.449993}}
{"target": -2.4570842291179456, "params": {"eta": 0.2777831579807238, "max_depth": 12.784620142256735, "n_estimators": 16.63879210744162}, "datetime": {"datetime": "2021-09-17 13:16:11", "elapsed": 36.831904, "delta": 0.497002}}
{"target": -2.4239383189301744, "params": {"eta": 0.3557636550907228, "max_depth": 17.45105618889682, "n_estimators": 18.67680758552647}, "datetime": {"datetime": "2021-09-17 13:16:11", "elapsed": 37.328126, "delta": 0.496222}}
{"target": -2.4221142473973725, "params": {"eta": 0.32906736098800426, "max_depth": 10.045793968415184, "n_estimators": 18.63410945908461}, "datetime": {"datetime": "2021-09-17 13:16:12", "elapsed": 37.774179, "delta": 0.446053}}
{"target": -2.5033400774002073, "params": {"eta": 0.38479301506699676, "max_depth": 8.219778356909591, "n_estimators": 16.58265931470753}, "datetime": {"datetime": "2021-09-17 13:16:12", "elapsed": 38.202179, "delta": 0.428}}
{"target": -2.397798932853498, "params": {"eta": 0.23522633536708643, "max_depth": 9.956527129341596, "n_estimators": 16.553221623111455}, "datetime": {"datetime": "2021-09-17 13:16:12", "elapsed": 38.611177, "delta": 0.408998}}
{"target": -2.477939352863713, "params": {"eta": 0.3808408333216242, "max_depth": 8.537047932180107, "n_estimators": 16.53552255865774}, "datetime": {"datetime": "2021-09-17 13:16:13", "elapsed": 39.05818, "delta": 0.447003}}
{"target": -2.365977260313536, "params": {"eta": 0.3433091902040376, "max_depth": 13.651190673218572, "n_estimators": 19.468056336603112}, "datetime": {"datetime": "2021-09-17 13:16:13", "elapsed": 39.557314, "delta": 0.499134}}
{"target": -2.4936422567618517, "params": {"eta": 0.38853193737137837, "max_depth": 13.235521821414501, "n_estimators": 18.724899766512564}, "datetime": {"datetime": "2021-09-17 13:16:14", "elapsed": 40.136982, "delta": 0.579668}}
{"target": -2.384378953356492, "params": {"eta": 0.33440621782049784, "max_depth": 10.021255194078364, "n_estimators": 18.995653563672725}, "datetime": {"datetime": "2021-09-17 13:16:14", "elapsed": 40.64398, "delta": 0.506998}}
