{"target": -1.4104009056359557, "params": {"eta": 0.4228517846555483, "max_depth": 14.686165375401004, "n_estimators": 1.0056043660498994}, "datetime": {"datetime": "2021-09-21 10:00:43", "elapsed": 0.0, "delta": 0.0}}
{"target": 0.6126442058305599, "params": {"eta": 0.30930924690552136, "max_depth": 3.7883619255251477, "n_estimators": 5.524591143671092}, "datetime": {"datetime": "2021-09-21 10:00:43", "elapsed": 0.030996, "delta": 0.030996}}
{"target": 0.8682684766582621, "params": {"eta": 0.1943976092638942, "max_depth": 7.5656538138179075, "n_estimators": 20.441606237302828}, "datetime": {"datetime": "2021-09-21 10:00:43", "elapsed": 0.122082, "delta": 0.091086}}
{"target": 0.8067962178085762, "params": {"eta": 0.5434285666633234, "max_depth": 8.964695773662601, "n_estimators": 34.575755519441216}, "datetime": {"datetime": "2021-09-21 10:00:44", "elapsed": 0.316303, "delta": 0.194221}}
{"target": -1.6022652671944608, "params": {"eta": 0.21240772723420226, "max_depth": 17.684231291427963, "n_estimators": 2.3419920666983822}, "datetime": {"datetime": "2021-09-21 10:00:44", "elapsed": 0.33658, "delta": 0.020277}}
{"target": 0.7975835964113877, "params": {"eta": 0.6737628350766182, "max_depth": 8.928791244975413, "n_estimators": 28.37580159384183}, "datetime": {"datetime": "2021-09-21 10:00:44", "elapsed": 0.498363, "delta": 0.161783}}
{"target": 0.8520738242557745, "params": {"eta": 0.14898306920928145, "max_depth": 4.763928292612697, "n_estimators": 40.2364838651013}, "datetime": {"datetime": "2021-09-21 10:00:44", "elapsed": 0.610049, "delta": 0.111686}}
{"target": 0.7648805788968934, "params": {"eta": 0.9685789599622036, "max_depth": 6.9550593850256135, "n_estimators": 34.92380816779639}, "datetime": {"datetime": "2021-09-21 10:00:44", "elapsed": 0.912066, "delta": 0.302017}}
{"target": 0.7709111164641358, "params": {"eta": 0.8776252607730779, "max_depth": 17.9975266065731, "n_estimators": 5.167166357119117}, "datetime": {"datetime": "2021-09-21 10:00:44", "elapsed": 0.991461, "delta": 0.079395}}
{"target": 0.7350081097412315, "params": {"eta": 0.04866423540055354, "max_depth": 4.2267779717268095, "n_estimators": 44.028982668041245}, "datetime": {"datetime": "2021-09-21 10:00:44", "elapsed": 1.13329, "delta": 0.141829}}
{"target": 0.6980575653764189, "params": {"eta": 1.0, "max_depth": 18.685148001949848, "n_estimators": 8.525072511262211}, "datetime": {"datetime": "2021-09-21 10:00:45", "elapsed": 1.793725, "delta": 0.660435}}
{"target": 0.8442354705669372, "params": {"eta": 0.4421636386705225, "max_depth": 5.717772775313936, "n_estimators": 24.637047403708554}, "datetime": {"datetime": "2021-09-21 10:00:46", "elapsed": 2.750137, "delta": 0.956412}}
{"target": 0.7090050804690865, "params": {"eta": 1.0, "max_depth": 10.663849229470392, "n_estimators": 23.747898029694188}, "datetime": {"datetime": "2021-09-21 10:00:47", "elapsed": 3.594059, "delta": 0.843922}}
{"target": 0.6957574027174096, "params": {"eta": 1.0, "max_depth": 9.548564404773932, "n_estimators": 39.981022617135395}, "datetime": {"datetime": "2021-09-21 10:00:48", "elapsed": 4.930042, "delta": 1.335983}}
{"target": 0.7896223466340868, "params": {"eta": 1.0, "max_depth": 2.660995978134906, "n_estimators": 20.422366284835324}, "datetime": {"datetime": "2021-09-21 10:00:49", "elapsed": 5.849287, "delta": 0.919245}}
{"target": -2.5959427618560444, "params": {"eta": 0.01, "max_depth": 3.801882340110251, "n_estimators": 29.80108912095055}, "datetime": {"datetime": "2021-09-21 10:00:50", "elapsed": 6.772194, "delta": 0.922907}}
{"target": 0.6872088405598, "params": {"eta": 1.0, "max_depth": 12.99217534172254, "n_estimators": 29.06126767526422}, "datetime": {"datetime": "2021-09-21 10:00:51", "elapsed": 7.850487, "delta": 1.078293}}
{"target": -3.5420102991260523, "params": {"eta": 0.01, "max_depth": 5.044000688559813, "n_estimators": 16.260520518591854}, "datetime": {"datetime": "2021-09-21 10:00:52", "elapsed": 8.469169, "delta": 0.618682}}
{"target": -1.790880087487066, "params": {"eta": 0.01, "max_depth": 7.968203897551188, "n_estimators": 43.41643736722215}, "datetime": {"datetime": "2021-09-21 10:00:52", "elapsed": 9.105582, "delta": 0.636413}}
{"target": 0.7730531959152117, "params": {"eta": 0.7425332436264684, "max_depth": 7.930142406180236, "n_estimators": 22.87705514105672}, "datetime": {"datetime": "2021-09-21 10:00:53", "elapsed": 9.761255, "delta": 0.655673}}
{"target": -2.106587944951805, "params": {"eta": 0.01, "max_depth": 7.483538165597269, "n_estimators": 37.76989141124683}, "datetime": {"datetime": "2021-09-21 10:00:54", "elapsed": 10.414682, "delta": 0.653427}}
{"target": 0.8483375016664735, "params": {"eta": 0.3701160854154449, "max_depth": 6.436901179517686, "n_estimators": 21.97219703151511}, "datetime": {"datetime": "2021-09-21 10:00:54", "elapsed": 10.963843, "delta": 0.549161}}
{"target": 0.81759143370963, "params": {"eta": 0.5893867243679851, "max_depth": 8.2850036953949, "n_estimators": 25.598513002004438}, "datetime": {"datetime": "2021-09-21 10:00:55", "elapsed": 11.583467, "delta": 0.619624}}
{"target": 0.7587786125024156, "params": {"eta": 0.8817004529785564, "max_depth": 11.056978741074994, "n_estimators": 26.726376126580014}, "datetime": {"datetime": "2021-09-21 10:00:56", "elapsed": 12.47028, "delta": 0.886813}}
{"target": 0.7855609805104975, "params": {"eta": 0.530577206594234, "max_depth": 2.5265812064313438, "n_estimators": 41.55276321004123}, "datetime": {"datetime": "2021-09-21 10:00:56", "elapsed": 12.962084, "delta": 0.491804}}
{"target": 0.7090050804690865, "params": {"eta": 1.0, "max_depth": 10.16079456243655, "n_estimators": 31.604475472723983}, "datetime": {"datetime": "2021-09-21 10:00:57", "elapsed": 13.713315, "delta": 0.751231}}
{"target": 0.7824407069462702, "params": {"eta": 1.0, "max_depth": 2.7198168125036237, "n_estimators": 23.309581352270623}, "datetime": {"datetime": "2021-09-21 10:00:58", "elapsed": 14.280666, "delta": 0.567351}}
{"target": 0.6872088405598, "params": {"eta": 1.0, "max_depth": 12.61826830109233, "n_estimators": 39.72719363697223}, "datetime": {"datetime": "2021-09-21 10:00:58", "elapsed": 14.99381, "delta": 0.713144}}
{"target": 0.6878861111138477, "params": {"eta": 1.0, "max_depth": 15.545929294066054, "n_estimators": 7.4512689841196655}, "datetime": {"datetime": "2021-09-21 10:00:59", "elapsed": 15.614766, "delta": 0.620956}}
{"target": 0.7857985868957394, "params": {"eta": 0.2610938823945075, "max_depth": 1.2564900430539891, "n_estimators": 45.50388251907227}, "datetime": {"datetime": "2021-09-21 10:01:00", "elapsed": 16.218232, "delta": 0.603466}}
{"target": 0.7176974751800482, "params": {"eta": 0.9461244828334474, "max_depth": 12.819459234981059, "n_estimators": 34.405109486494176}, "datetime": {"datetime": "2021-09-21 10:01:00", "elapsed": 16.785953, "delta": 0.567721}}
{"target": -3.2260046822156845, "params": {"eta": 0.01, "max_depth": 11.245815440211004, "n_estimators": 20.12868104374954}, "datetime": {"datetime": "2021-09-21 10:01:01", "elapsed": 17.323568, "delta": 0.537615}}
{"target": 0.7888241357966572, "params": {"eta": 0.19119441982019655, "max_depth": 2.0714163147424984, "n_estimators": 38.40439365548604}, "datetime": {"datetime": "2021-09-21 10:01:01", "elapsed": 17.97846, "delta": 0.654892}}
{"target": 0.7779016297341561, "params": {"eta": 1.0, "max_depth": 3.5010545203298578, "n_estimators": 47.7264475915511}, "datetime": {"datetime": "2021-09-21 10:01:02", "elapsed": 18.457192, "delta": 0.478732}}
{"target": 0.7911941581015745, "params": {"eta": 0.7218044831353203, "max_depth": 15.420224252874112, "n_estimators": 31.996459588948476}, "datetime": {"datetime": "2021-09-21 10:01:03", "elapsed": 19.295502, "delta": 0.83831}}
{"target": 0.7609695662742504, "params": {"eta": 0.8071910085470458, "max_depth": 16.306037267646673, "n_estimators": 35.59216548276436}, "datetime": {"datetime": "2021-09-21 10:01:03", "elapsed": 19.994144, "delta": 0.698642}}
{"target": -2.3375636128135833, "params": {"eta": 0.01, "max_depth": 18.827684990360424, "n_estimators": 33.07931524603419}, "datetime": {"datetime": "2021-09-21 10:01:04", "elapsed": 20.641889, "delta": 0.647745}}
{"target": 0.8463721090950617, "params": {"eta": 0.1388515124512457, "max_depth": 14.343499362944092, "n_estimators": 37.38503683411649}, "datetime": {"datetime": "2021-09-21 10:01:05", "elapsed": 21.481201, "delta": 0.839312}}
{"target": 0.7040375893408315, "params": {"eta": 1.0, "max_depth": 16.870129163111873, "n_estimators": 39.180697270745476}, "datetime": {"datetime": "2021-09-21 10:01:06", "elapsed": 22.273321, "delta": 0.79212}}
{"target": 0.8062896495196703, "params": {"eta": 0.31119765675843886, "max_depth": 1.1262181770664634, "n_estimators": 49.21942561198196}, "datetime": {"datetime": "2021-09-21 10:01:06", "elapsed": 22.824801, "delta": 0.55148}}
{"target": -3.970142823147781, "params": {"eta": 0.01, "max_depth": 16.00417352580857, "n_estimators": 11.173022892127328}, "datetime": {"datetime": "2021-09-21 10:01:07", "elapsed": 23.303806, "delta": 0.479005}}
{"target": -1.8417883673261604, "params": {"eta": 0.01, "max_depth": 15.491316425169675, "n_estimators": 42.549660072342384}, "datetime": {"datetime": "2021-09-21 10:01:07", "elapsed": 23.84801, "delta": 0.544204}}
{"target": 0.6858896900044118, "params": {"eta": 1.0, "max_depth": 14.900033384799581, "n_estimators": 25.9227674493362}, "datetime": {"datetime": "2021-09-21 10:01:08", "elapsed": 24.422266, "delta": 0.574256}}
{"target": 0.6529082127649344, "params": {"eta": 0.9814067846475477, "max_depth": 1.3329389823989326, "n_estimators": 2.7448880884840534}, "datetime": {"datetime": "2021-09-21 10:01:08", "elapsed": 24.89024, "delta": 0.467974}}
{"target": 0.7033317795679852, "params": {"eta": 1.0, "max_depth": 20.0, "n_estimators": 6.490180190345286}, "datetime": {"datetime": "2021-09-21 10:01:09", "elapsed": 25.435128, "delta": 0.544888}}
{"target": 0.6501747830093738, "params": {"eta": 1.0, "max_depth": 5.033248872023079, "n_estimators": 1.8784051728900093}, "datetime": {"datetime": "2021-09-21 10:01:09", "elapsed": 25.828162, "delta": 0.393034}}
{"target": 0.6813853589905341, "params": {"eta": 1.0, "max_depth": 7.623466678048461, "n_estimators": 4.884143135770517}, "datetime": {"datetime": "2021-09-21 10:01:10", "elapsed": 26.346694, "delta": 0.518532}}
{"target": 0.7242497802063959, "params": {"eta": 1.0, "max_depth": 6.56393690152654, "n_estimators": 8.34656593073336}, "datetime": {"datetime": "2021-09-21 10:01:10", "elapsed": 26.798608, "delta": 0.451914}}
{"target": 0.7081312887548581, "params": {"eta": 1.0, "max_depth": 10.38148983994604, "n_estimators": 7.209822946631128}, "datetime": {"datetime": "2021-09-21 10:01:11", "elapsed": 27.252725, "delta": 0.454117}}
{"target": 0.728988819165259, "params": {"eta": 0.814300007543704, "max_depth": 1.5394345543555548, "n_estimators": 8.727539937068292}, "datetime": {"datetime": "2021-09-21 10:01:11", "elapsed": 27.817059, "delta": 0.564334}}
{"target": 0.8364535693206426, "params": {"eta": 0.2872601456368969, "max_depth": 18.65351780922826, "n_estimators": 24.922526752767247}, "datetime": {"datetime": "2021-09-21 10:01:12", "elapsed": 28.500285, "delta": 0.683226}}
{"target": 0.7030310609563387, "params": {"eta": 1.0, "max_depth": 20.0, "n_estimators": 21.785799749933904}, "datetime": {"datetime": "2021-09-21 10:01:12", "elapsed": 29.069622, "delta": 0.569337}}
{"target": 0.7757434100516822, "params": {"eta": 0.8999456433308392, "max_depth": 16.73242759960617, "n_estimators": 22.481832354606023}, "datetime": {"datetime": "2021-09-21 10:01:13", "elapsed": 29.566617, "delta": 0.496995}}
{"target": -1.4675230488356195, "params": {"eta": 0.01, "max_depth": 5.849894072814441, "n_estimators": 50.0}, "datetime": {"datetime": "2021-09-21 10:01:13", "elapsed": 30.162401, "delta": 0.595784}}
{"target": -1.7649417218527428, "params": {"eta": 0.37039102776465077, "max_depth": 8.336005197196677, "n_estimators": 1.0963738722392788}, "datetime": {"datetime": "2021-09-21 10:01:14", "elapsed": 30.726317, "delta": 0.563916}}
{"target": 0.8463964588880053, "params": {"eta": 0.15466101265709165, "max_depth": 16.36626382093322, "n_estimators": 28.513877299634974}, "datetime": {"datetime": "2021-09-21 10:01:15", "elapsed": 31.244824, "delta": 0.518507}}
{"target": 0.8385501920577373, "params": {"eta": 0.1588187059150664, "max_depth": 19.370031766895483, "n_estimators": 18.463088119254348}, "datetime": {"datetime": "2021-09-21 10:01:15", "elapsed": 31.751992, "delta": 0.507168}}
{"target": 0.7090958526241842, "params": {"eta": 0.9259686083673949, "max_depth": 19.66605951662769, "n_estimators": 27.53944158190775}, "datetime": {"datetime": "2021-09-21 10:01:16", "elapsed": 32.380199, "delta": 0.628207}}
{"target": 0.7030310487772187, "params": {"eta": 1.0, "max_depth": 20.0, "n_estimators": 50.0}, "datetime": {"datetime": "2021-09-21 10:01:16", "elapsed": 32.886623, "delta": 0.506424}}
{"target": 0.6272408052634514, "params": {"eta": 0.03637405705869482, "max_depth": 16.495915150700334, "n_estimators": 49.71699271841613}, "datetime": {"datetime": "2021-09-21 10:01:17", "elapsed": 33.522601, "delta": 0.635978}}
{"target": -0.9137866403590345, "params": {"eta": 0.014024562786735278, "max_depth": 19.89484343761434, "n_estimators": 46.95253770499111}, "datetime": {"datetime": "2021-09-21 10:01:17", "elapsed": 34.044068, "delta": 0.521467}}
{"target": 0.6870799092173844, "params": {"eta": 1.0, "max_depth": 13.076943493416575, "n_estimators": 50.0}, "datetime": {"datetime": "2021-09-21 10:01:18", "elapsed": 34.716283, "delta": 0.672215}}
{"target": -2.460423242537168, "params": {"eta": 0.01, "max_depth": 12.939235657136132, "n_estimators": 31.72227256270806}, "datetime": {"datetime": "2021-09-21 10:01:19", "elapsed": 35.231031, "delta": 0.514748}}
{"target": 0.6994163711790289, "params": {"eta": 1.0, "max_depth": 17.314493715332297, "n_estimators": 26.61522631805935}, "datetime": {"datetime": "2021-09-21 10:01:19", "elapsed": 35.858791, "delta": 0.62776}}
{"target": 0.6859669875105779, "params": {"eta": 1.0, "max_depth": 7.937492748010985, "n_estimators": 32.600349227237274}, "datetime": {"datetime": "2021-09-21 10:01:20", "elapsed": 36.53722, "delta": 0.678429}}
{"target": 0.6872088405598, "params": {"eta": 1.0, "max_depth": 12.041349862689474, "n_estimators": 36.77697656159741}, "datetime": {"datetime": "2021-09-21 10:01:20", "elapsed": 37.104845, "delta": 0.567625}}
{"target": -3.2260046822156845, "params": {"eta": 0.01, "max_depth": 17.828578554801027, "n_estimators": 20.35623357549317}, "datetime": {"datetime": "2021-09-21 10:01:21", "elapsed": 37.591379, "delta": 0.486534}}
{"target": 0.7309230334603569, "params": {"eta": 0.99081644855641, "max_depth": 14.172019454083108, "n_estimators": 35.800468433213645}, "datetime": {"datetime": "2021-09-21 10:01:22", "elapsed": 38.288176, "delta": 0.696797}}
{"target": 0.8601813902201015, "params": {"eta": 0.3437462969667655, "max_depth": 16.598145490772573, "n_estimators": 24.474751505727554}, "datetime": {"datetime": "2021-09-21 10:01:22", "elapsed": 39.148826, "delta": 0.86065}}
{"target": 0.7769841955623467, "params": {"eta": 1.0, "max_depth": 4.330414082485193, "n_estimators": 21.98736449716279}, "datetime": {"datetime": "2021-09-21 10:01:23", "elapsed": 39.735106, "delta": 0.58628}}
{"target": 0.8663715765455178, "params": {"eta": 0.20403243982294836, "max_depth": 19.902715629158028, "n_estimators": 16.624502436310095}, "datetime": {"datetime": "2021-09-21 10:01:24", "elapsed": 40.350846, "delta": 0.61574}}
{"target": -3.3337309803775836, "params": {"eta": 0.0308436141990421, "max_depth": 8.170773817963372, "n_estimators": 6.9938410934698325}, "datetime": {"datetime": "2021-09-21 10:01:24", "elapsed": 40.885523, "delta": 0.534677}}
{"target": 0.7747971851185462, "params": {"eta": 0.458797586926798, "max_depth": 2.9844844043021848, "n_estimators": 39.830114529597566}, "datetime": {"datetime": "2021-09-21 10:01:25", "elapsed": 41.604691, "delta": 0.719168}}
{"target": 0.7596666497537373, "params": {"eta": 0.09335040639047443, "max_depth": 1.7218270213067353, "n_estimators": 47.391817876659886}, "datetime": {"datetime": "2021-09-21 10:01:25", "elapsed": 42.169774, "delta": 0.565083}}
{"target": 0.773590638189454, "params": {"eta": 0.767689594949587, "max_depth": 3.1813294445755327, "n_estimators": 45.745969035015975}, "datetime": {"datetime": "2021-09-21 10:01:26", "elapsed": 42.932621, "delta": 0.762847}}
{"target": -3.8630969557318418, "params": {"eta": 0.020329197155804304, "max_depth": 17.636999672149813, "n_estimators": 6.923454590206541}, "datetime": {"datetime": "2021-09-21 10:01:27", "elapsed": 43.633232, "delta": 0.700611}}
{"target": 0.8440579856993304, "params": {"eta": 0.23225979105704778, "max_depth": 6.451742877261241, "n_estimators": 23.537189847492673}, "datetime": {"datetime": "2021-09-21 10:01:28", "elapsed": 44.511192, "delta": 0.87796}}
{"target": 0.6859081832510652, "params": {"eta": 1.0, "max_depth": 7.264931935749574, "n_estimators": 24.51674482346561}, "datetime": {"datetime": "2021-09-21 10:01:29", "elapsed": 45.33005, "delta": 0.818858}}
{"target": 0.8322616963673098, "params": {"eta": 0.6033976407344879, "max_depth": 4.5657260638843695, "n_estimators": 23.36614642108963}, "datetime": {"datetime": "2021-09-21 10:01:29", "elapsed": 46.092573, "delta": 0.762523}}
{"target": 0.7352762171151221, "params": {"eta": 0.8171613163177026, "max_depth": 15.827486610726188, "n_estimators": 37.166644903167025}, "datetime": {"datetime": "2021-09-21 10:01:30", "elapsed": 46.880861, "delta": 0.788288}}
{"target": 0.7651369542778654, "params": {"eta": 0.889541226952114, "max_depth": 18.06572783713318, "n_estimators": 23.53016138273537}, "datetime": {"datetime": "2021-09-21 10:01:31", "elapsed": 47.635836, "delta": 0.754975}}
{"target": 0.6858896891508877, "params": {"eta": 1.0, "max_depth": 14.758950825304419, "n_estimators": 27.9766905907946}, "datetime": {"datetime": "2021-09-21 10:01:32", "elapsed": 48.407778, "delta": 0.771942}}
{"target": 0.7840213039567394, "params": {"eta": 0.5558832685095131, "max_depth": 2.5424828319042976, "n_estimators": 43.531182779042986}, "datetime": {"datetime": "2021-09-21 10:01:32", "elapsed": 49.073959, "delta": 0.666181}}
{"target": 0.13740363388511978, "params": {"eta": 0.02771000557828221, "max_depth": 4.265518780881944, "n_estimators": 41.816072285247394}, "datetime": {"datetime": "2021-09-21 10:01:33", "elapsed": 49.701879, "delta": 0.62792}}
{"target": 0.7090050804690865, "params": {"eta": 1.0, "max_depth": 10.817181023500082, "n_estimators": 28.758000925371267}, "datetime": {"datetime": "2021-09-21 10:01:34", "elapsed": 50.53097, "delta": 0.829091}}
{"target": 0.5025194842114916, "params": {"eta": 0.05591167820719852, "max_depth": 12.953872821199322, "n_estimators": 27.14442764163277}, "datetime": {"datetime": "2021-09-21 10:01:34", "elapsed": 51.102989, "delta": 0.572019}}
{"target": 0.7852126951699785, "params": {"eta": 1.0, "max_depth": 4.548571797910042, "n_estimators": 8.399700998543489}, "datetime": {"datetime": "2021-09-21 10:01:35", "elapsed": 51.911791, "delta": 0.808802}}
{"target": 0.7030550659366379, "params": {"eta": 1.0, "max_depth": 20.0, "n_estimators": 9.54877302318889}, "datetime": {"datetime": "2021-09-21 10:01:36", "elapsed": 52.576778, "delta": 0.664987}}
{"target": 0.7252942340327679, "params": {"eta": 0.9445033429798781, "max_depth": 12.47685242923766, "n_estimators": 7.241652487217329}, "datetime": {"datetime": "2021-09-21 10:01:37", "elapsed": 53.221849, "delta": 0.645071}}
{"target": 0.7967667508680157, "params": {"eta": 0.7187779405789554, "max_depth": 5.867151652558954, "n_estimators": 10.147259778510874}, "datetime": {"datetime": "2021-09-21 10:01:37", "elapsed": 53.918058, "delta": 0.696209}}
{"target": 0.7562363337383934, "params": {"eta": 0.9415117502195108, "max_depth": 5.621117608076376, "n_estimators": 3.9593617918553035}, "datetime": {"datetime": "2021-09-21 10:01:38", "elapsed": 54.676639, "delta": 0.758581}}
{"target": 0.7476054018663274, "params": {"eta": 0.8214646313657998, "max_depth": 14.699402060189106, "n_estimators": 23.54167564547982}, "datetime": {"datetime": "2021-09-21 10:01:39", "elapsed": 55.302234, "delta": 0.625595}}
{"target": -3.4204456109804147, "params": {"eta": 0.05689669613348419, "max_depth": 3.707663927934062, "n_estimators": 3.2943435476919705}, "datetime": {"datetime": "2021-09-21 10:01:39", "elapsed": 55.820653, "delta": 0.518419}}
{"target": 0.7446297814293452, "params": {"eta": 0.5130471934850886, "max_depth": 2.941931021082042, "n_estimators": 7.222496185700432}, "datetime": {"datetime": "2021-09-21 10:01:40", "elapsed": 56.602983, "delta": 0.78233}}
{"target": 0.7087073190571795, "params": {"eta": 0.08057111267268778, "max_depth": 10.192893473476543, "n_estimators": 25.28800785851276}, "datetime": {"datetime": "2021-09-21 10:01:41", "elapsed": 57.251958, "delta": 0.648975}}
{"target": 0.724284576974129, "params": {"eta": 1.0, "max_depth": 5.0600390377868445, "n_estimators": 6.493574501586724}, "datetime": {"datetime": "2021-09-21 10:01:41", "elapsed": 57.814022, "delta": 0.562064}}
{"target": 0.8402758756251489, "params": {"eta": 0.14908251215471174, "max_depth": 12.46568860022264, "n_estimators": 24.674202758179828}, "datetime": {"datetime": "2021-09-21 10:01:42", "elapsed": 58.562759, "delta": 0.748737}}
{"target": 0.7158164702526035, "params": {"eta": 1.0, "max_depth": 8.599091343323952, "n_estimators": 30.370482587496255}, "datetime": {"datetime": "2021-09-21 10:01:43", "elapsed": 59.423879, "delta": 0.86112}}
{"target": 0.7058109002544234, "params": {"eta": 1.0, "max_depth": 19.807912917650597, "n_estimators": 4.554114239091076}, "datetime": {"datetime": "2021-09-21 10:01:43", "elapsed": 60.021713, "delta": 0.597834}}
