{"target": -13.820190997813878, "params": {"eta": 0.4228517846555483, "max_depth": 11.084542908190214, "n_estimators": 1.001944371894863}, "datetime": {"datetime": "2021-09-17 11:12:41", "elapsed": 0.0, "delta": 0.0}}
{"target": -11.400691724450965, "params": {"eta": 0.30930924690552136, "max_depth": 3.0545824714395824, "n_estimators": 2.5697561110695624}, "datetime": {"datetime": "2021-09-17 11:12:41", "elapsed": 0.025002, "delta": 0.025002}}
{"target": -5.795422132391678, "params": {"eta": 0.1943976092638942, "max_depth": 5.837850178602668, "n_estimators": 7.7450470619213885}, "datetime": {"datetime": "2021-09-17 11:12:41", "elapsed": 0.065828, "delta": 0.040826}}
{"target": -2.8116953849792483, "params": {"eta": 0.5434285666633234, "max_depth": 6.8687232016461275, "n_estimators": 12.64873150674491}, "datetime": {"datetime": "2021-09-17 11:12:41", "elapsed": 0.136348, "delta": 0.07052}}
{"target": -18.383214364240047, "params": {"eta": 0.21240772723420226, "max_depth": 13.293644109473236, "n_estimators": 1.4655890843647448}, "datetime": {"datetime": "2021-09-17 11:12:41", "elapsed": 0.15935, "delta": 0.023002}}
{"target": -2.985566385796196, "params": {"eta": 0.6737628350766182, "max_depth": 6.842267233139777, "n_estimators": 10.497727083577779}, "datetime": {"datetime": "2021-09-17 11:12:41", "elapsed": 0.211408, "delta": 0.052058}}
{"target": -3.648065339891534, "params": {"eta": 0.14898306920928145, "max_depth": 3.7734208471883033, "n_estimators": 14.612657667484124}, "datetime": {"datetime": "2021-09-17 11:12:41", "elapsed": 0.259409, "delta": 0.048001}}
{"target": -3.499202114343643, "params": {"eta": 0.9685789599622036, "max_depth": 5.3879384942294, "n_estimators": 12.769484466378339}, "datetime": {"datetime": "2021-09-17 11:12:41", "elapsed": 0.32493, "delta": 0.065521}}
{"target": -3.3815341974559585, "params": {"eta": 0.8776252607730779, "max_depth": 13.524493289053863, "n_estimators": 2.4457515932862246}, "datetime": {"datetime": "2021-09-17 11:12:41", "elapsed": 0.353927, "delta": 0.028997}}
{"target": -11.277278923360925, "params": {"eta": 0.04866423540055354, "max_depth": 3.3776258739039644, "n_estimators": 15.928422558300023}, "datetime": {"datetime": "2021-09-17 11:12:41", "elapsed": 0.396924, "delta": 0.042997}}
{"target": -2.5986339682026918, "params": {"eta": 0.38208197695669, "max_depth": 12.058299490364359, "n_estimators": 14.165597335619886}, "datetime": {"datetime": "2021-09-17 11:12:42", "elapsed": 0.604928, "delta": 0.208004}}
{"target": -3.868506553925966, "params": {"eta": 0.5369749411142432, "max_depth": 12.023376123240853, "n_estimators": 3.9732961712727146}, "datetime": {"datetime": "2021-09-17 11:12:42", "elapsed": 0.758926, "delta": 0.153998}}
{"target": -2.674563601769899, "params": {"eta": 0.5998860006120256, "max_depth": 4.654348716209357, "n_estimators": 13.694392252290484}, "datetime": {"datetime": "2021-09-17 11:12:42", "elapsed": 1.196855, "delta": 0.437929}}
{"target": -2.6689596364372656, "params": {"eta": 0.2352397193246228, "max_depth": 3.1782599634350444, "n_estimators": 17.104158668311843}, "datetime": {"datetime": "2021-09-17 11:12:42", "elapsed": 1.390831, "delta": 0.193976}}
{"target": -2.5588998179686695, "params": {"eta": 0.41166094607781556, "max_depth": 12.006145991193035, "n_estimators": 14.205241337624328}, "datetime": {"datetime": "2021-09-17 11:12:43", "elapsed": 1.604831, "delta": 0.214}}
{"target": -2.961711835861206, "params": {"eta": 0.689589866133136, "max_depth": 6.54842557560498, "n_estimators": 11.629701430790519}, "datetime": {"datetime": "2021-09-17 11:12:44", "elapsed": 2.740398, "delta": 1.135567}}
{"target": -3.8085968155609935, "params": {"eta": 1.0, "max_depth": 13.477792940923452, "n_estimators": 3.5080649398240173}, "datetime": {"datetime": "2021-09-17 11:12:44", "elapsed": 3.317395, "delta": 0.576997}}
{"target": -3.0505939841270444, "params": {"eta": 0.6793637834608639, "max_depth": 2.7262873311217843, "n_estimators": 18.0}, "datetime": {"datetime": "2021-09-17 11:12:45", "elapsed": 3.977392, "delta": 0.659997}}
{"target": -19.35896436352479, "params": {"eta": 0.01, "max_depth": 3.937411932787403, "n_estimators": 18.0}, "datetime": {"datetime": "2021-09-17 11:12:46", "elapsed": 4.588712, "delta": 0.61132}}
{"target": -3.2114148227792034, "params": {"eta": 0.6300687277850563, "max_depth": 2.408358767927621, "n_estimators": 17.12953144760146}, "datetime": {"datetime": "2021-09-17 11:12:46", "elapsed": 5.313708, "delta": 0.724996}}
{"target": -17.019434568442797, "params": {"eta": 0.026013274192696195, "max_depth": 5.974570528316161, "n_estimators": 12.797567201616133}, "datetime": {"datetime": "2021-09-17 11:12:47", "elapsed": 6.192101, "delta": 0.878393}}
{"target": -9.352864284264413, "params": {"eta": 0.14934853999305447, "max_depth": 2.951313796575887, "n_estimators": 6.386149301470643}, "datetime": {"datetime": "2021-09-17 11:12:47", "elapsed": 6.333098, "delta": 0.140997}}
{"target": -12.29258135463062, "params": {"eta": 0.2812604630072965, "max_depth": 11.70087765355986, "n_estimators": 2.1367992762253554}, "datetime": {"datetime": "2021-09-17 11:12:48", "elapsed": 6.4881, "delta": 0.155002}}
{"target": -3.1111545854493188, "params": {"eta": 0.8714228437449214, "max_depth": 7.189222399680609, "n_estimators": 12.073946445229792}, "datetime": {"datetime": "2021-09-17 11:12:48", "elapsed": 7.236096, "delta": 0.747996}}
{"target": -2.5666831574941935, "params": {"eta": 0.32617050412068904, "max_depth": 7.249401408906795, "n_estimators": 11.243001997067454}, "datetime": {"datetime": "2021-09-17 11:12:49", "elapsed": 8.174921, "delta": 0.938825}}
{"target": -2.799009980653462, "params": {"eta": 0.7309252675348115, "max_depth": 3.7446489037605097, "n_estimators": 13.754663350269006}, "datetime": {"datetime": "2021-09-17 11:12:50", "elapsed": 8.927915, "delta": 0.752994}}
{"target": -3.2549445327959567, "params": {"eta": 1.0, "max_depth": 4.340309225893563, "n_estimators": 12.859388064707742}, "datetime": {"datetime": "2021-09-17 11:12:51", "elapsed": 9.469919, "delta": 0.542004}}
{"target": -3.8395975937968805, "params": {"eta": 1.0, "max_depth": 7.547202479243768, "n_estimators": 13.147758857337363}, "datetime": {"datetime": "2021-09-17 11:12:51", "elapsed": 10.11292, "delta": 0.643001}}
{"target": -14.387207914653578, "params": {"eta": 0.04014610374988029, "max_depth": 7.788446497329502, "n_estimators": 12.42187689597906}, "datetime": {"datetime": "2021-09-17 11:12:52", "elapsed": 10.820101, "delta": 0.707181}}
{"target": -3.263983309896369, "params": {"eta": 1.0, "max_depth": 4.323846700164325, "n_estimators": 14.44132210828272}, "datetime": {"datetime": "2021-09-17 11:12:52", "elapsed": 11.385099, "delta": 0.564998}}
{"target": -3.839321690797806, "params": {"eta": 1.0, "max_depth": 7.647282777555483, "n_estimators": 10.854174329310064}, "datetime": {"datetime": "2021-09-17 11:12:53", "elapsed": 12.177101, "delta": 0.792002}}
{"target": -19.572484255150744, "params": {"eta": 0.01, "max_depth": 2.028795903750891, "n_estimators": 17.80644601630474}, "datetime": {"datetime": "2021-09-17 11:12:54", "elapsed": 12.758526, "delta": 0.581425}}
{"target": -3.085447392965618, "params": {"eta": 1.0, "max_depth": 3.010891181473828, "n_estimators": 17.311263657586192}, "datetime": {"datetime": "2021-09-17 11:12:54", "elapsed": 13.339525, "delta": 0.580999}}
{"target": -20.305523281348382, "params": {"eta": 0.01, "max_depth": 4.079547671254661, "n_estimators": 13.732856489121131}, "datetime": {"datetime": "2021-09-17 11:12:55", "elapsed": 14.117528, "delta": 0.778003}}
{"target": -3.2139015097367136, "params": {"eta": 0.8408119367674605, "max_depth": 6.859146701872669, "n_estimators": 6.03352009535768}, "datetime": {"datetime": "2021-09-17 11:12:55", "elapsed": 14.300291, "delta": 0.182763}}
{"target": -3.078762138517279, "params": {"eta": 0.8550903254039378, "max_depth": 7.066736167169489, "n_estimators": 11.397305560602238}, "datetime": {"datetime": "2021-09-17 11:12:56", "elapsed": 14.867288, "delta": 0.566997}}
{"target": -2.979470828332399, "params": {"eta": 0.9735789308502284, "max_depth": 4.149240155602671, "n_estimators": 13.622263155622612}, "datetime": {"datetime": "2021-09-17 11:12:56", "elapsed": 15.42982, "delta": 0.562532}}
{"target": -21.849121015636545, "params": {"eta": 0.052562077312479215, "max_depth": 6.8080813715006325, "n_estimators": 1.0899567411881481}, "datetime": {"datetime": "2021-09-17 11:12:57", "elapsed": 15.599823, "delta": 0.170003}}
{"target": -3.3244612816132997, "params": {"eta": 0.9962887666103232, "max_depth": 4.896898786467549, "n_estimators": 13.372461296237773}, "datetime": {"datetime": "2021-09-17 11:12:57", "elapsed": 16.442068, "delta": 0.842245}}
{"target": -3.075201015723379, "params": {"eta": 0.9495493668463926, "max_depth": 3.565677468635289, "n_estimators": 14.339770526957013}, "datetime": {"datetime": "2021-09-17 11:12:58", "elapsed": 17.027065, "delta": 0.584997}}
{"target": -12.835156091263421, "params": {"eta": 0.05932822806159839, "max_depth": 6.502473424545128, "n_estimators": 10.958696818732278}, "datetime": {"datetime": "2021-09-17 11:12:59", "elapsed": 17.756771, "delta": 0.729706}}
{"target": -10.89017903804779, "params": {"eta": 0.1121692553307266, "max_depth": 1.800084150671779, "n_estimators": 7.2839833295875405}, "datetime": {"datetime": "2021-09-17 11:12:59", "elapsed": 17.948771, "delta": 0.192}}
{"target": -3.3068891838977206, "params": {"eta": 0.9277109749554342, "max_depth": 5.1854011108768905, "n_estimators": 14.208825553149634}, "datetime": {"datetime": "2021-09-17 11:13:00", "elapsed": 18.575081, "delta": 0.62631}}
{"target": -3.145131042129115, "params": {"eta": 1.0, "max_depth": 3.1289947422572792, "n_estimators": 13.584874119991849}, "datetime": {"datetime": "2021-09-17 11:13:00", "elapsed": 19.223078, "delta": 0.647997}}
{"target": -2.6168716060487847, "params": {"eta": 0.31727080717904316, "max_depth": 7.587922964825081, "n_estimators": 10.405243909580678}, "datetime": {"datetime": "2021-09-17 11:13:01", "elapsed": 20.225083, "delta": 1.002005}}
{"target": -3.512145922685924, "params": {"eta": 0.976682482126084, "max_depth": 7.331367958488923, "n_estimators": 9.933793709656536}, "datetime": {"datetime": "2021-09-17 11:13:02", "elapsed": 20.896082, "delta": 0.670999}}
{"target": -3.631212857208754, "params": {"eta": 1.0, "max_depth": 14.212057676549948, "n_estimators": 2.9308921186889556}, "datetime": {"datetime": "2021-09-17 11:13:03", "elapsed": 21.797079, "delta": 0.900997}}
{"target": -3.487269483114544, "params": {"eta": 1.0, "max_depth": 6.722668105000448, "n_estimators": 13.267592361211785}, "datetime": {"datetime": "2021-09-17 11:13:04", "elapsed": 22.768101, "delta": 0.971022}}
{"target": -3.5433724535138986, "params": {"eta": 0.8373321135915708, "max_depth": 12.583894407687595, "n_estimators": 14.666194488048378}, "datetime": {"datetime": "2021-09-17 11:13:05", "elapsed": 23.559099, "delta": 0.790998}}
{"target": -20.12165976072613, "params": {"eta": 0.01, "max_depth": 12.23389578354131, "n_estimators": 14.930272571120646}, "datetime": {"datetime": "2021-09-17 11:13:05", "elapsed": 24.302668, "delta": 0.743569}}
{"target": -2.9738104958283276, "params": {"eta": 0.7571558088968532, "max_depth": 4.309271409309533, "n_estimators": 15.878238598276981}, "datetime": {"datetime": "2021-09-17 11:13:06", "elapsed": 24.578665, "delta": 0.275997}}
{"target": -3.6917077073925415, "params": {"eta": 1.0, "max_depth": 12.195672325593513, "n_estimators": 13.952754808613543}, "datetime": {"datetime": "2021-09-17 11:13:06", "elapsed": 25.151668, "delta": 0.573003}}
{"target": -3.132858612976576, "params": {"eta": 0.812761023225424, "max_depth": 11.461444922421158, "n_estimators": 16.121992954887236}, "datetime": {"datetime": "2021-09-17 11:13:07", "elapsed": 25.510718, "delta": 0.35905}}
{"target": -2.7820552543589945, "params": {"eta": 0.6004349187843762, "max_depth": 7.522461933356012, "n_estimators": 17.807382759319772}, "datetime": {"datetime": "2021-09-17 11:13:07", "elapsed": 25.805719, "delta": 0.295001}}
{"target": -2.7017475034061236, "params": {"eta": 0.5841938119819325, "max_depth": 4.378364644860656, "n_estimators": 15.052106620343414}, "datetime": {"datetime": "2021-09-17 11:13:08", "elapsed": 26.715297, "delta": 0.909578}}
{"target": -13.184274722400465, "params": {"eta": 0.09267831002544527, "max_depth": 3.8317614514007943, "n_estimators": 6.062987402665966}, "datetime": {"datetime": "2021-09-17 11:13:08", "elapsed": 26.950298, "delta": 0.235001}}
{"target": -19.797942211282884, "params": {"eta": 0.07592781964101726, "max_depth": 8.120633268361036, "n_estimators": 2.83972065599974}, "datetime": {"datetime": "2021-09-17 11:13:08", "elapsed": 27.245302, "delta": 0.295004}}
{"target": -3.3939793812601193, "params": {"eta": 0.3652746591417005, "max_depth": 2.85175161526149, "n_estimators": 8.54854836894648}, "datetime": {"datetime": "2021-09-17 11:13:09", "elapsed": 27.5023, "delta": 0.256998}}
{"target": -2.6983437563243666, "params": {"eta": 0.6587580036785192, "max_depth": 4.490253975847403, "n_estimators": 11.928458304221117}, "datetime": {"datetime": "2021-09-17 11:13:09", "elapsed": 27.737299, "delta": 0.234999}}
{"target": -2.901042666560725, "params": {"eta": 0.9719946568402991, "max_depth": 4.322022904884927, "n_estimators": 12.881513980201248}, "datetime": {"datetime": "2021-09-17 11:13:09", "elapsed": 27.986299, "delta": 0.249}}
{"target": -3.212830734880347, "params": {"eta": 0.9223133480841791, "max_depth": 3.490623741542261, "n_estimators": 12.663077648631495}, "datetime": {"datetime": "2021-09-17 11:13:10", "elapsed": 28.716502, "delta": 0.730203}}
{"target": -2.8249681648455165, "params": {"eta": 0.5364678283276442, "max_depth": 11.333890725736607, "n_estimators": 13.631238714356817}, "datetime": {"datetime": "2021-09-17 11:13:11", "elapsed": 29.618502, "delta": 0.902}}
{"target": -2.638593265884801, "params": {"eta": 0.21006666066646143, "max_depth": 12.041150873106098, "n_estimators": 13.181411365557057}, "datetime": {"datetime": "2021-09-17 11:13:12", "elapsed": 30.546499, "delta": 0.927997}}
{"target": -3.6536580581414073, "params": {"eta": 0.11755314481218766, "max_depth": 12.415777142239683, "n_estimators": 17.56870309253896}, "datetime": {"datetime": "2021-09-17 11:13:12", "elapsed": 30.856502, "delta": 0.310003}}
{"target": -3.172604144874372, "params": {"eta": 0.8730295318096892, "max_depth": 3.500332407341868, "n_estimators": 8.119365432219638}, "datetime": {"datetime": "2021-09-17 11:13:12", "elapsed": 31.113497, "delta": 0.256995}}
{"target": -2.8379666108834116, "params": {"eta": 0.6190266892571217, "max_depth": 5.270456233060476, "n_estimators": 15.435629831107224}, "datetime": {"datetime": "2021-09-17 11:13:13", "elapsed": 31.892497, "delta": 0.779}}
{"target": -3.81092779306989, "params": {"eta": 0.9343027096983693, "max_depth": 11.77129609051412, "n_estimators": 17.026072245438503}, "datetime": {"datetime": "2021-09-17 11:13:14", "elapsed": 32.709946, "delta": 0.817449}}
{"target": -3.5875655036223564, "params": {"eta": 0.9664402088569182, "max_depth": 6.752305952249445, "n_estimators": 13.257546747026263}, "datetime": {"datetime": "2021-09-17 11:13:14", "elapsed": 33.002944, "delta": 0.292998}}
{"target": -2.632482086984735, "params": {"eta": 0.4995020178519407, "max_depth": 3.5968363711517304, "n_estimators": 11.597790473951306}, "datetime": {"datetime": "2021-09-17 11:13:15", "elapsed": 33.649942, "delta": 0.646998}}
{"target": -3.2508744377838936, "params": {"eta": 1.0, "max_depth": 4.206071925377028, "n_estimators": 11.031239484115085}, "datetime": {"datetime": "2021-09-17 11:13:15", "elapsed": 34.256945, "delta": 0.607003}}
{"target": -20.69907238953992, "params": {"eta": 0.01, "max_depth": 4.273659374089086, "n_estimators": 11.155137311467305}, "datetime": {"datetime": "2021-09-17 11:13:16", "elapsed": 34.90614, "delta": 0.649195}}
{"target": -17.290804357434574, "params": {"eta": 0.09538565865407699, "max_depth": 8.660882375781483, "n_estimators": 3.4655354977092028}, "datetime": {"datetime": "2021-09-17 11:13:16", "elapsed": 35.215135, "delta": 0.308995}}
{"target": -3.1547014067047514, "params": {"eta": 0.9716401349474115, "max_depth": 3.032975678483475, "n_estimators": 11.277860635636685}, "datetime": {"datetime": "2021-09-17 11:13:17", "elapsed": 35.825139, "delta": 0.610004}}
{"target": -3.1263773604443195, "params": {"eta": 0.9969619155471652, "max_depth": 3.725347494056839, "n_estimators": 11.895490205711965}, "datetime": {"datetime": "2021-09-17 11:13:18", "elapsed": 36.706083, "delta": 0.880944}}
{"target": -3.0337315358613663, "params": {"eta": 0.35653003490923185, "max_depth": 2.7427234299230148, "n_estimators": 12.033133920899276}, "datetime": {"datetime": "2021-09-17 11:13:18", "elapsed": 37.341076, "delta": 0.634993}}
{"target": -3.537431092325009, "params": {"eta": 1.0, "max_depth": 10.632775735978932, "n_estimators": 16.696196628323968}, "datetime": {"datetime": "2021-09-17 11:13:19", "elapsed": 38.176721, "delta": 0.835645}}
{"target": -7.070059054776242, "params": {"eta": 0.07662613980500733, "max_depth": 11.088022198429064, "n_estimators": 16.927000639255425}, "datetime": {"datetime": "2021-09-17 11:13:20", "elapsed": 39.085715, "delta": 0.908994}}
{"target": -3.198565651241102, "params": {"eta": 0.9073999244953734, "max_depth": 3.2892583476442967, "n_estimators": 9.253323487956607}, "datetime": {"datetime": "2021-09-17 11:13:21", "elapsed": 39.812715, "delta": 0.727}}
{"target": -6.730688602673379, "params": {"eta": 0.15351431675635333, "max_depth": 3.894306503168616, "n_estimators": 8.743354210440357}, "datetime": {"datetime": "2021-09-17 11:13:22", "elapsed": 40.478947, "delta": 0.666232}}
{"target": -3.0486216049445303, "params": {"eta": 0.7833485253015172, "max_depth": 5.262523782820372, "n_estimators": 16.438968657866205}, "datetime": {"datetime": "2021-09-17 11:13:22", "elapsed": 41.109949, "delta": 0.631002}}
{"target": -2.9558182490499396, "params": {"eta": 0.6933475755623868, "max_depth": 6.6611065665730615, "n_estimators": 17.126228079605724}, "datetime": {"datetime": "2021-09-17 11:13:23", "elapsed": 42.02708, "delta": 0.917131}}
{"target": -3.0764649108836526, "params": {"eta": 0.7974959381687333, "max_depth": 6.282858468148475, "n_estimators": 16.041743761551274}, "datetime": {"datetime": "2021-09-17 11:13:24", "elapsed": 42.837327, "delta": 0.810247}}
{"target": -2.451738211355712, "params": {"eta": 0.4425502082032441, "max_depth": 7.498636134771509, "n_estimators": 16.731021011488295}, "datetime": {"datetime": "2021-09-17 11:13:25", "elapsed": 43.469323, "delta": 0.631996}}
{"target": -16.761225508545575, "params": {"eta": 0.020546480358195396, "max_depth": 6.880766387453374, "n_estimators": 16.269554089257348}, "datetime": {"datetime": "2021-09-17 11:13:25", "elapsed": 44.167324, "delta": 0.698001}}
{"target": -4.11239344571766, "params": {"eta": 0.18500601505244324, "max_depth": 3.928987127242646, "n_estimators": 10.020207271649346}, "datetime": {"datetime": "2021-09-17 11:13:26", "elapsed": 44.511038, "delta": 0.343714}}
{"target": -3.194912392214725, "params": {"eta": 0.8271588353814604, "max_depth": 2.6784864039686793, "n_estimators": 10.491250557730064}, "datetime": {"datetime": "2021-09-17 11:13:26", "elapsed": 44.806038, "delta": 0.295}}
{"target": -3.235546556899422, "params": {"eta": 0.7130739285304764, "max_depth": 7.388192116381848, "n_estimators": 16.567190143735505}, "datetime": {"datetime": "2021-09-17 11:13:26", "elapsed": 45.161042, "delta": 0.355004}}
{"target": -3.6623719259312275, "params": {"eta": 0.9543754311112698, "max_depth": 8.01111717429292, "n_estimators": 17.097950502165485}, "datetime": {"datetime": "2021-09-17 11:13:27", "elapsed": 45.886038, "delta": 0.724996}}
{"target": -3.2004503614024116, "params": {"eta": 0.8051911906533845, "max_depth": 6.295240740393383, "n_estimators": 16.007795476223144}, "datetime": {"datetime": "2021-09-17 11:13:27", "elapsed": 46.242039, "delta": 0.356001}}
{"target": -5.1168691195939715, "params": {"eta": 0.1774730659628611, "max_depth": 2.8302009305865026, "n_estimators": 9.569543871714433}, "datetime": {"datetime": "2021-09-17 11:13:28", "elapsed": 46.911506, "delta": 0.669467}}
{"target": -19.555513850481887, "params": {"eta": 0.01, "max_depth": 8.203167268982519, "n_estimators": 17.3598393419635}, "datetime": {"datetime": "2021-09-17 11:13:29", "elapsed": 47.731135, "delta": 0.819629}}
{"target": -3.1301442071011194, "params": {"eta": 0.7946958282625279, "max_depth": 2.972643778183837, "n_estimators": 14.46844721256964}, "datetime": {"datetime": "2021-09-17 11:13:29", "elapsed": 48.148136, "delta": 0.417001}}
{"target": -3.1338324164089406, "params": {"eta": 0.872175989377083, "max_depth": 6.788793392914473, "n_estimators": 17.82164489947774}, "datetime": {"datetime": "2021-09-17 11:13:30", "elapsed": 49.050573, "delta": 0.902437}}
{"target": -3.1428516469503704, "params": {"eta": 0.9968159812210048, "max_depth": 3.4402741311263982, "n_estimators": 10.129151527819667}, "datetime": {"datetime": "2021-09-17 11:13:31", "elapsed": 49.675575, "delta": 0.625002}}
{"target": -3.534427386836002, "params": {"eta": 0.9765596310187209, "max_depth": 7.350485860974526, "n_estimators": 17.283576492958872}, "datetime": {"datetime": "2021-09-17 11:13:31", "elapsed": 50.326097, "delta": 0.650522}}
{"target": -3.59711633105027, "params": {"eta": 1.0, "max_depth": 5.813990885052853, "n_estimators": 17.220463331370183}, "datetime": {"datetime": "2021-09-17 11:13:32", "elapsed": 51.139501, "delta": 0.813404}}
{"target": -12.406692437121741, "params": {"eta": 0.057595039086443985, "max_depth": 2.2770967924365904, "n_estimators": 11.13679672533282}, "datetime": {"datetime": "2021-09-17 11:13:33", "elapsed": 51.790499, "delta": 0.650998}}
