{"target": -13.127341956994254, "params": {"eta": 0.44882375799272567, "max_depth": 5.638991876890108, "n_estimators": 155.15830962351075}, "datetime": {"datetime": "2021-09-27 19:26:41", "elapsed": 872.695654, "delta": 2.511219}}
{"target": -11.351948076188904, "params": {"eta": 0.15598163745771354, "max_depth": 4.517832792994671, "n_estimators": 171.852239896046}, "datetime": {"datetime": "2021-09-27 19:26:46", "elapsed": 877.257229, "delta": 4.561575}}
{"target": -11.612720748484048, "params": {"eta": 0.10787684148312487, "max_depth": 6.725729790208277, "n_estimators": 114.67014417063976}, "datetime": {"datetime": "2021-09-27 19:26:51", "elapsed": 882.087318, "delta": 4.830089}}
{"target": -10.93174566265913, "params": {"eta": 0.16082272767212674, "max_depth": 6.793693642704241, "n_estimators": 116.13217398470637}, "datetime": {"datetime": "2021-09-27 19:26:56", "elapsed": 887.745145, "delta": 5.657827}}
{"target": -10.944528384088828, "params": {"eta": 0.09981225273123309, "max_depth": 6.011734327167082, "n_estimators": 104.66648603349923}, "datetime": {"datetime": "2021-09-27 19:26:59", "elapsed": 890.295819, "delta": 2.550674}}
{"target": -11.8713015745186, "params": {"eta": 0.32769893450733006, "max_depth": 6.573316127298749, "n_estimators": 192.4179828457227}, "datetime": {"datetime": "2021-09-27 19:27:02", "elapsed": 893.132057, "delta": 2.836238}}
{"target": -11.634329190009849, "params": {"eta": 0.10343810956449295, "max_depth": 11.205435203964154, "n_estimators": 151.63750750923327}, "datetime": {"datetime": "2021-09-27 19:27:05", "elapsed": 896.188819, "delta": 3.056762}}
{"target": -10.905825548983216, "params": {"eta": 0.16086883899340354, "max_depth": 6.065460931525395, "n_estimators": 125.41020992397864}, "datetime": {"datetime": "2021-09-27 19:27:07", "elapsed": 898.866576, "delta": 2.677757}}
{"target": -12.292606831990323, "params": {"eta": 0.45334693973538653, "max_depth": 9.142145307847645, "n_estimators": 113.04582692033031}, "datetime": {"datetime": "2021-09-27 19:27:10", "elapsed": 901.358782, "delta": 2.492206}}
{"target": -11.304154830311072, "params": {"eta": 0.20876487643656338, "max_depth": 6.991061318667315, "n_estimators": 135.69917488024925}, "datetime": {"datetime": "2021-09-27 19:27:12", "elapsed": 903.890044, "delta": 2.531262}}
{"target": -11.788403628277019, "params": {"eta": 0.21885933459648582, "max_depth": 6.039460827428616, "n_estimators": 165.77373978984224}, "datetime": {"datetime": "2021-09-27 19:27:15", "elapsed": 906.62486, "delta": 2.734816}}
{"target": -11.298732379890286, "params": {"eta": 0.1598958378577524, "max_depth": 4.7916822766829945, "n_estimators": 104.84606322581907}, "datetime": {"datetime": "2021-09-27 19:27:18", "elapsed": 909.188374, "delta": 2.563514}}
{"target": -11.391023504014859, "params": {"eta": 0.16717876502707718, "max_depth": 6.053459412008623, "n_estimators": 104.58286628670928}, "datetime": {"datetime": "2021-09-27 19:27:24", "elapsed": 915.113615, "delta": 5.925241}}
{"target": -11.665346627694843, "params": {"eta": 0.14088322859031, "max_depth": 6.201816264020018, "n_estimators": 125.52713555346888}, "datetime": {"datetime": "2021-09-27 19:27:28", "elapsed": 919.724287, "delta": 4.610672}}
{"target": -11.407071082850846, "params": {"eta": 0.06307991581871566, "max_depth": 6.786630943048683, "n_estimators": 116.04711816285875}, "datetime": {"datetime": "2021-09-27 19:27:33", "elapsed": 924.751205, "delta": 5.026918}}
{"target": -11.810595667405211, "params": {"eta": 0.2418891490115233, "max_depth": 3.8505519561988404, "n_estimators": 190.71716881845077}, "datetime": {"datetime": "2021-09-27 19:27:36", "elapsed": 927.391536, "delta": 2.640331}}
{"target": -12.097234585909499, "params": {"eta": 0.4065747689857194, "max_depth": 10.439224818585227, "n_estimators": 148.37672964794905}, "datetime": {"datetime": "2021-09-27 19:27:38", "elapsed": 929.972261, "delta": 2.580725}}
{"target": -11.510195066913411, "params": {"eta": 0.29553604453935073, "max_depth": 5.959764913223501, "n_estimators": 125.35156261655281}, "datetime": {"datetime": "2021-09-27 19:27:44", "elapsed": 935.473993, "delta": 5.501732}}
{"target": -11.229830136569456, "params": {"eta": 0.11906285440578518, "max_depth": 6.824012503862612, "n_estimators": 116.20877198268377}, "datetime": {"datetime": "2021-09-27 19:27:49", "elapsed": 940.234668, "delta": 4.760675}}
{"target": -11.474157719546337, "params": {"eta": 0.1777913446090763, "max_depth": 6.17318489943161, "n_estimators": 164.24278039149488}, "datetime": {"datetime": "2021-09-27 19:27:51", "elapsed": 942.905862, "delta": 2.671194}}
{"target": -11.208244525616632, "params": {"eta": 0.12088344803302838, "max_depth": 5.282557465199094, "n_estimators": 153.96249255365012}, "datetime": {"datetime": "2021-09-27 19:27:57", "elapsed": 948.059597, "delta": 5.153735}}
{"target": -10.992644536144565, "params": {"eta": 0.09035469047401604, "max_depth": 7.729652972007047, "n_estimators": 175.08875423029644}, "datetime": {"datetime": "2021-09-27 19:27:59", "elapsed": 950.91064, "delta": 2.851043}}
{"target": -12.124042318236938, "params": {"eta": 0.4348138663396424, "max_depth": 5.065387709428345, "n_estimators": 158.00976569210758}, "datetime": {"datetime": "2021-09-27 19:28:02", "elapsed": 953.567446, "delta": 2.656806}}
{"target": -12.207845086350924, "params": {"eta": 0.3070986729699037, "max_depth": 10.471888270979234, "n_estimators": 150.50779016885576}, "datetime": {"datetime": "2021-09-27 19:28:05", "elapsed": 956.301489, "delta": 2.734043}}
{"target": -12.588079712651524, "params": {"eta": 0.46994356997931697, "max_depth": 5.9408040507481035, "n_estimators": 161.46286741294716}, "datetime": {"datetime": "2021-09-27 19:28:07", "elapsed": 958.841767, "delta": 2.540278}}
{"target": -10.559917259001429, "params": {"eta": 0.08556206454238845, "max_depth": 6.193681082499193, "n_estimators": 194.20586403169776}, "datetime": {"datetime": "2021-09-27 19:28:10", "elapsed": 961.629047, "delta": 2.78728}}
{"target": -11.271600291839475, "params": {"eta": 0.06125765782405854, "max_depth": 4.424182431446709, "n_estimators": 171.89145304334744}, "datetime": {"datetime": "2021-09-27 19:28:15", "elapsed": 966.960781, "delta": 5.331734}}
{"target": -13.29768506514898, "params": {"eta": 0.06505521557492057, "max_depth": 2.3704955403281662, "n_estimators": 155.89763403069531}, "datetime": {"datetime": "2021-09-27 19:28:18", "elapsed": 969.223965, "delta": 2.263184}}
{"target": -11.50998842430054, "params": {"eta": 0.20053471823363145, "max_depth": 11.486307641061526, "n_estimators": 159.61675952459308}, "datetime": {"datetime": "2021-09-27 19:28:20", "elapsed": 972.034079, "delta": 2.810114}}
{"target": -12.534501027139719, "params": {"eta": 0.19884286934879175, "max_depth": 2.961209063262939, "n_estimators": 100.69342414984318}, "datetime": {"datetime": "2021-09-27 19:28:23", "elapsed": 974.286262, "delta": 2.252183}}
{"target": -11.991775251980895, "params": {"eta": 0.24619770596390173, "max_depth": 2.259262318278913, "n_estimators": 354.9662477878709}, "datetime": {"datetime": "2021-09-27 19:31:52", "elapsed": 0.0, "delta": 0.0}}
{"target": -11.967192246909502, "params": {"eta": 0.24589507667822458, "max_depth": 6.20367802087489, "n_estimators": 333.0334821003874}, "datetime": {"datetime": "2021-09-27 19:31:53", "elapsed": 1.285052, "delta": 1.285052}}
{"target": -11.709498865530595, "params": {"eta": 0.14209188531702913, "max_depth": 8.192709663506637, "n_estimators": 329.96546736745233}, "datetime": {"datetime": "2021-09-27 19:31:55", "elapsed": 2.451054, "delta": 1.166002}}
{"target": -12.02739632294726, "params": {"eta": 0.17007227379628997, "max_depth": 8.21133832769295, "n_estimators": 352.9142094277039}, "datetime": {"datetime": "2021-09-27 19:31:55", "elapsed": 3.264099, "delta": 0.813045}}
{"target": -11.108284542605181, "params": {"eta": 0.11056097540522011, "max_depth": 7.135781212657465, "n_estimators": 318.4439865646915}, "datetime": {"datetime": "2021-09-27 19:31:57", "elapsed": 4.468097, "delta": 1.203998}}
{"target": -11.878399154560325, "params": {"eta": 0.40340081651750304, "max_depth": 10.539752926394888, "n_estimators": 349.4236837381928}, "datetime": {"datetime": "2021-09-27 19:31:57", "elapsed": 5.098124, "delta": 0.630027}}
{"target": -13.871041276890017, "params": {"eta": 0.4309526684108606, "max_depth": 2.7964547700906097, "n_estimators": 350.5246090121704}, "datetime": {"datetime": "2021-09-27 19:31:58", "elapsed": 5.595126, "delta": 0.497002}}
{"target": -11.007981813680697, "params": {"eta": 0.07937892697409515, "max_depth": 6.281223275973894, "n_estimators": 309.6530915660613}, "datetime": {"datetime": "2021-09-27 19:31:59", "elapsed": 6.573126, "delta": 0.978}}
{"target": -11.134632787808632, "params": {"eta": 0.09107444062947875, "max_depth": 6.6017732973101255, "n_estimators": 312.9510493564729}, "datetime": {"datetime": "2021-09-27 19:32:00", "elapsed": 7.927237, "delta": 1.354111}}
{"target": -12.997021439001678, "params": {"eta": 0.49484579373401905, "max_depth": 11.22658610269603, "n_estimators": 310.282056674159}, "datetime": {"datetime": "2021-09-27 19:32:01", "elapsed": 8.923237, "delta": 0.996}}
{"target": -11.268616677089094, "params": {"eta": 0.05, "max_depth": 3.9466377117131017, "n_estimators": 311.26900748923254}, "datetime": {"datetime": "2021-09-27 19:32:03", "elapsed": 10.509235, "delta": 1.585998}}
{"target": -12.496001811835749, "params": {"eta": 0.5, "max_depth": 3.9950379985806004, "n_estimators": 316.3700171312155}, "datetime": {"datetime": "2021-09-27 19:32:04", "elapsed": 11.461096, "delta": 0.951861}}
{"target": -11.222171016125818, "params": {"eta": 0.16317623986295315, "max_depth": 4.0755019763379225, "n_estimators": 308.38115118380153}, "datetime": {"datetime": "2021-09-27 19:32:05", "elapsed": 12.631096, "delta": 1.17}}
{"target": -11.572420643021223, "params": {"eta": 0.05, "max_depth": 10.06169687651953, "n_estimators": 319.1836462693078}, "datetime": {"datetime": "2021-09-27 19:32:07", "elapsed": 14.492091, "delta": 1.860995}}
{"target": -11.074122018364918, "params": {"eta": 0.05, "max_depth": 6.772227724405919, "n_estimators": 321.7067097276944}, "datetime": {"datetime": "2021-09-27 19:32:08", "elapsed": 15.841309, "delta": 1.349218}}
{"target": -11.261598490844552, "params": {"eta": 0.05, "max_depth": 4.327324449292341, "n_estimators": 324.8579177670757}, "datetime": {"datetime": "2021-09-27 19:32:09", "elapsed": 16.714962, "delta": 0.873653}}
{"target": -12.126504137440438, "params": {"eta": 0.40846828687864256, "max_depth": 8.919525465063874, "n_estimators": 324.76912400660296}, "datetime": {"datetime": "2021-09-27 19:32:10", "elapsed": 17.579269, "delta": 0.864307}}
{"target": -12.082248737508042, "params": {"eta": 0.39848199562463527, "max_depth": 3.277863273513895, "n_estimators": 321.7197271960584}, "datetime": {"datetime": "2021-09-27 19:32:11", "elapsed": 18.829507, "delta": 1.250238}}
{"target": -11.067552143447674, "params": {"eta": 0.05, "max_depth": 6.416247834900396, "n_estimators": 305.8901587342232}, "datetime": {"datetime": "2021-09-27 19:32:13", "elapsed": 20.526511, "delta": 1.697004}}
{"target": -11.283429440912554, "params": {"eta": 0.05, "max_depth": 3.7604551966654536, "n_estimators": 303.6722277794291}, "datetime": {"datetime": "2021-09-27 19:32:14", "elapsed": 21.598892, "delta": 1.072381}}
{"target": -11.520145603485075, "params": {"eta": 0.3176316653253692, "max_depth": 7.394118495106356, "n_estimators": 302.00770116872894}, "datetime": {"datetime": "2021-09-27 19:32:15", "elapsed": 22.770891, "delta": 1.171999}}
{"target": -13.482470470954548, "params": {"eta": 0.36020922500455477, "max_depth": 2.1288168885388963, "n_estimators": 327.9001064447405}, "datetime": {"datetime": "2021-09-27 19:32:16", "elapsed": 23.522651, "delta": 0.75176}}
{"target": -12.338092836464687, "params": {"eta": 0.24902756966573553, "max_depth": 9.133389501225896, "n_estimators": 315.7868448667018}, "datetime": {"datetime": "2021-09-27 19:32:17", "elapsed": 25.092311, "delta": 1.56966}}
{"target": -12.751418184719752, "params": {"eta": 0.17603023250064975, "max_depth": 2.051285956731175, "n_estimators": 306.2307597810785}, "datetime": {"datetime": "2021-09-27 19:32:18", "elapsed": 26.087307, "delta": 0.994996}}
{"target": -11.068753453660685, "params": {"eta": 0.05, "max_depth": 6.176266004738259, "n_estimators": 307.78255685153664}, "datetime": {"datetime": "2021-09-27 19:32:20", "elapsed": 27.541498, "delta": 1.454191}}
{"target": -11.271239253273098, "params": {"eta": 0.05, "max_depth": 4.029638388886516, "n_estimators": 300.82859614223673}, "datetime": {"datetime": "2021-09-27 19:32:21", "elapsed": 28.661503, "delta": 1.120005}}
{"target": -11.448610018602446, "params": {"eta": 0.05, "max_depth": 9.09587404955343, "n_estimators": 305.10876213899985}, "datetime": {"datetime": "2021-09-27 19:32:25", "elapsed": 32.359259, "delta": 3.697756}}
{"target": -12.468703625565462, "params": {"eta": 0.3247086476049074, "max_depth": 11.995800447043091, "n_estimators": 301.2069996270346}, "datetime": {"datetime": "2021-09-27 19:32:26", "elapsed": 33.388546, "delta": 1.029287}}
{"target": -13.387210458706816, "params": {"eta": 0.5, "max_depth": 7.962360711417347, "n_estimators": 320.29291043215864}, "datetime": {"datetime": "2021-09-27 19:32:27", "elapsed": 34.459549, "delta": 1.071003}}
{"target": -10.962831217337218, "params": {"eta": 0.18169865840775645, "max_depth": 6.603600088282689, "n_estimators": 309.66382680385584}, "datetime": {"datetime": "2021-09-27 19:32:28", "elapsed": 36.247756, "delta": 1.788207}}
{"target": -11.84584962353242, "params": {"eta": 0.39877447474420524, "max_depth": 5.4374782235394985, "n_estimators": 308.6057227546921}, "datetime": {"datetime": "2021-09-27 19:32:29", "elapsed": 37.238181, "delta": 0.990425}}
{"target": -11.455983487305788, "params": {"eta": 0.05, "max_depth": 5.814350078261841, "n_estimators": 306.77365759401613}, "datetime": {"datetime": "2021-09-27 19:32:31", "elapsed": 38.906926, "delta": 1.668745}}
{"target": -11.55300635858365, "params": {"eta": 0.05, "max_depth": 7.102818766389213, "n_estimators": 306.9793385455401}, "datetime": {"datetime": "2021-09-27 19:32:34", "elapsed": 41.832608, "delta": 2.925682}}
{"target": -11.07119683018638, "params": {"eta": 0.05, "max_depth": 6.962891197810603, "n_estimators": 308.63971489280334}, "datetime": {"datetime": "2021-09-27 19:32:36", "elapsed": 43.61426, "delta": 1.781652}}
{"target": -11.319727378863343, "params": {"eta": 0.0628980131276757, "max_depth": 6.254929989245466, "n_estimators": 311.16050286923326}, "datetime": {"datetime": "2021-09-27 19:32:38", "elapsed": 45.637124, "delta": 2.022864}}
{"target": -11.074637495771745, "params": {"eta": 0.05, "max_depth": 6.080471558964452, "n_estimators": 322.7313815104043}, "datetime": {"datetime": "2021-09-27 19:32:40", "elapsed": 47.865935, "delta": 2.228811}}
{"target": -11.957277466699837, "params": {"eta": 0.2390382766677367, "max_depth": 5.8523624090623425, "n_estimators": 304.53331974636495}, "datetime": {"datetime": "2021-09-27 19:32:42", "elapsed": 49.35754, "delta": 1.491605}}
{"target": -11.447578299032433, "params": {"eta": 0.05, "max_depth": 5.583921769320659, "n_estimators": 321.56331401286326}, "datetime": {"datetime": "2021-09-27 19:32:43", "elapsed": 51.188165, "delta": 1.830625}}
{"target": -11.252899812434345, "params": {"eta": 0.12625313602606372, "max_depth": 5.251344497607534, "n_estimators": 312.3520219406914}, "datetime": {"datetime": "2021-09-27 19:32:45", "elapsed": 52.654123, "delta": 1.465958}}
{"target": -11.271576745027046, "params": {"eta": 0.05, "max_depth": 3.2116338211194897, "n_estimators": 309.64572698960455}, "datetime": {"datetime": "2021-09-27 19:32:46", "elapsed": 54.230487, "delta": 1.576364}}
{"target": -11.37179413057164, "params": {"eta": 0.24360496498624434, "max_depth": 5.8441941351615, "n_estimators": 324.4296501631208}, "datetime": {"datetime": "2021-09-27 19:32:48", "elapsed": 55.938712, "delta": 1.708225}}
{"target": -12.104236678142755, "params": {"eta": 0.4513275666179003, "max_depth": 3.1796689088030634, "n_estimators": 302.0940544300519}, "datetime": {"datetime": "2021-09-27 19:32:49", "elapsed": 57.143631, "delta": 1.204919}}
{"target": -11.730085175956033, "params": {"eta": 0.42844435033620704, "max_depth": 7.137882755138712, "n_estimators": 323.08870730533687}, "datetime": {"datetime": "2021-09-27 19:32:51", "elapsed": 58.686634, "delta": 1.543003}}
{"target": -11.435963855229318, "params": {"eta": 0.17448084488731475, "max_depth": 6.9470230427030595, "n_estimators": 317.29311169315974}, "datetime": {"datetime": "2021-09-27 19:32:53", "elapsed": 60.640043, "delta": 1.953409}}
{"target": -10.914949995086214, "params": {"eta": 0.13401456983670468, "max_depth": 5.41672760625189, "n_estimators": 300.2374497664674}, "datetime": {"datetime": "2021-09-27 19:32:55", "elapsed": 62.436997, "delta": 1.796954}}
{"target": -11.605539718725314, "params": {"eta": 0.4075898004343835, "max_depth": 5.614586699398764, "n_estimators": 301.63711851704056}, "datetime": {"datetime": "2021-09-27 19:32:56", "elapsed": 64.003294, "delta": 1.566297}}
{"target": -11.018847636378085, "params": {"eta": 0.11088060988726439, "max_depth": 6.679761306544471, "n_estimators": 300.1807818471808}, "datetime": {"datetime": "2021-09-27 19:32:58", "elapsed": 65.795194, "delta": 1.7919}}
{"target": -11.896567904326783, "params": {"eta": 0.2666370588848799, "max_depth": 8.187311444397388, "n_estimators": 300.0974264378983}, "datetime": {"datetime": "2021-09-27 19:32:59", "elapsed": 66.924862, "delta": 1.129668}}
{"target": -11.369991745657124, "params": {"eta": 0.08819216799497644, "max_depth": 8.003479624578068, "n_estimators": 312.16866523526613}, "datetime": {"datetime": "2021-09-27 19:33:01", "elapsed": 68.846506, "delta": 1.921644}}
{"target": -11.358305923508153, "params": {"eta": 0.058026716670017305, "max_depth": 8.124268632881776, "n_estimators": 309.81821580835185}, "datetime": {"datetime": "2021-09-27 19:33:03", "elapsed": 70.877677, "delta": 2.031171}}
{"target": -11.443845859852027, "params": {"eta": 0.05, "max_depth": 5.780366471827691, "n_estimators": 318.6062704770867}, "datetime": {"datetime": "2021-09-27 19:33:05", "elapsed": 72.345193, "delta": 1.467516}}
{"target": -12.984275208312992, "params": {"eta": 0.2879168000210984, "max_depth": 2.14429098112249, "n_estimators": 311.33340825971754}, "datetime": {"datetime": "2021-09-27 19:33:05", "elapsed": 73.232872, "delta": 0.887679}}
{"target": -11.587248759189448, "params": {"eta": 0.13049659565795635, "max_depth": 4.457389962578239, "n_estimators": 310.19571661558837}, "datetime": {"datetime": "2021-09-27 19:33:07", "elapsed": 74.338868, "delta": 1.105996}}
{"target": -10.873317046610568, "params": {"eta": 0.06344627787968542, "max_depth": 4.788316502087971, "n_estimators": 323.23475683616044}, "datetime": {"datetime": "2021-09-27 19:33:08", "elapsed": 75.843825, "delta": 1.504957}}
{"target": -11.247721680889633, "params": {"eta": 0.14802708860129857, "max_depth": 3.228766894517869, "n_estimators": 324.02695098277036}, "datetime": {"datetime": "2021-09-27 19:33:09", "elapsed": 76.925517, "delta": 1.081692}}
{"target": -11.451328725472488, "params": {"eta": 0.05, "max_depth": 5.6849287772040835, "n_estimators": 314.08946589836637}, "datetime": {"datetime": "2021-09-27 19:33:10", "elapsed": 78.14728, "delta": 1.221763}}
{"target": -11.741597228226075, "params": {"eta": 0.06820372393142066, "max_depth": 11.989673784023065, "n_estimators": 319.71755711484576}, "datetime": {"datetime": "2021-09-27 19:33:13", "elapsed": 80.856811, "delta": 2.709531}}
{"target": -12.018076474480651, "params": {"eta": 0.19716117090269591, "max_depth": 11.140559517871477, "n_estimators": 305.457598056371}, "datetime": {"datetime": "2021-09-27 19:33:14", "elapsed": 81.858931, "delta": 1.00212}}
{"target": -11.922753933981394, "params": {"eta": 0.31295972490169394, "max_depth": 7.461905308875135, "n_estimators": 305.32792752885746}, "datetime": {"datetime": "2021-09-27 19:33:16", "elapsed": 83.590882, "delta": 1.731951}}
{"target": -11.411278173145478, "params": {"eta": 0.1617749017587101, "max_depth": 7.456271792040752, "n_estimators": 314.07012009567416}, "datetime": {"datetime": "2021-09-27 19:33:18", "elapsed": 86.272884, "delta": 2.682002}}
{"target": -11.579779790267638, "params": {"eta": 0.10791956940918496, "max_depth": 7.089200834960379, "n_estimators": 380.84673123506377}, "datetime": {"datetime": "2021-09-27 19:33:21", "elapsed": 89.195991, "delta": 2.923107}}
{"target": -13.703995628283758, "params": {"eta": 0.4719353807038415, "max_depth": 2.5760789102295893, "n_estimators": 308.4750742689022}, "datetime": {"datetime": "2021-09-27 19:33:22", "elapsed": 90.153, "delta": 0.957009}}
{"target": -12.288820099471295, "params": {"eta": 0.28857169754342105, "max_depth": 4.355926300539268, "n_estimators": 323.89004741525576}, "datetime": {"datetime": "2021-09-27 19:33:27", "elapsed": 94.431859, "delta": 4.278859}}
{"target": -11.441693311775547, "params": {"eta": 0.05, "max_depth": 5.16549918426957, "n_estimators": 322.6606267538185}, "datetime": {"datetime": "2021-09-27 19:33:28", "elapsed": 96.250226, "delta": 1.818367}}
{"target": -11.685207115338399, "params": {"eta": 0.26788338645216386, "max_depth": 5.981200938694452, "n_estimators": 300.6663322890328}, "datetime": {"datetime": "2021-09-27 19:33:30", "elapsed": 98.1708, "delta": 1.920574}}
{"target": -11.31975034235843, "params": {"eta": 0.08377220309383937, "max_depth": 4.746786257543179, "n_estimators": 300.14816284927514}, "datetime": {"datetime": "2021-09-27 19:33:32", "elapsed": 99.888132, "delta": 1.717332}}
{"target": -12.387564938098816, "params": {"eta": 0.44960694986450267, "max_depth": 8.37900718050279, "n_estimators": 339.37832486957785}, "datetime": {"datetime": "2021-09-27 19:33:33", "elapsed": 101.055134, "delta": 1.167002}}
