{"target": 0.8531090060850434, "params": {"eta": 0.24865964709515234, "max_depth": 4.378199799708549, "n_estimators": 25.316514705425476}, "datetime": {"datetime": "2021-09-17 19:07:29", "elapsed": 135.490841, "delta": 1.060688}}
{"target": 0.8189243175592968, "params": {"eta": 0.5150140989302252, "max_depth": 4.881092538152396, "n_estimators": 26.241885751940572}, "datetime": {"datetime": "2021-09-17 19:07:30", "elapsed": 136.35407, "delta": 0.863229}}
{"target": 0.8554053963577855, "params": {"eta": 0.28787535912376294, "max_depth": 4.847041721797373, "n_estimators": 24.94234734693797}, "datetime": {"datetime": "2021-09-17 19:07:31", "elapsed": 137.171067, "delta": 0.816997}}
{"target": 0.7879203856178529, "params": {"eta": 0.6521680204862028, "max_depth": 14.319047307586166, "n_estimators": 25.234324113062897}, "datetime": {"datetime": "2021-09-17 19:07:32", "elapsed": 138.277068, "delta": 1.106001}}
{"target": 0.8075364810802543, "params": {"eta": 0.5973885484271526, "max_depth": 4.544401597710609, "n_estimators": 24.852049673583544}, "datetime": {"datetime": "2021-09-17 19:07:33", "elapsed": 139.251363, "delta": 0.974295}}
{"target": 0.8382493501320376, "params": {"eta": 0.3970827652988156, "max_depth": 4.603804512207402, "n_estimators": 26.728135366018666}, "datetime": {"datetime": "2021-09-17 19:07:34", "elapsed": 140.195039, "delta": 0.943676}}
{"target": 0.8207655613526237, "params": {"eta": 0.10642109460351566, "max_depth": 4.75013560558398, "n_estimators": 25.02234723905208}, "datetime": {"datetime": "2021-09-17 19:07:35", "elapsed": 141.120316, "delta": 0.925277}}
{"target": 0.8530405892493991, "params": {"eta": 0.18336024981446236, "max_depth": 4.305957796860556, "n_estimators": 26.259346670100314}, "datetime": {"datetime": "2021-09-17 19:07:36", "elapsed": 142.540235, "delta": 1.419919}}
{"target": 0.8459815195059406, "params": {"eta": 0.15499539728170217, "max_depth": 4.512027455461979, "n_estimators": 26.388915608923128}, "datetime": {"datetime": "2021-09-17 19:07:37", "elapsed": 143.706236, "delta": 1.166001}}
{"target": 0.8495307995553643, "params": {"eta": 0.22658747256605244, "max_depth": 4.079235951734827, "n_estimators": 25.430237610659475}, "datetime": {"datetime": "2021-09-17 19:07:38", "elapsed": 144.709037, "delta": 1.002801}}
{"target": 0.8375429572120037, "params": {"eta": 0.13954670007274636, "max_depth": 17.035786669602544, "n_estimators": 27.9065178619759}, "datetime": {"datetime": "2021-09-17 19:07:40", "elapsed": 146.124665, "delta": 1.415628}}
{"target": 0.7884208804281355, "params": {"eta": 0.5718529881512195, "max_depth": 4.271081756582534, "n_estimators": 26.17117396877319}, "datetime": {"datetime": "2021-09-17 19:07:41", "elapsed": 147.324968, "delta": 1.200303}}
{"target": 0.8564837349172962, "params": {"eta": 0.34362521581116534, "max_depth": 22.531347901254588, "n_estimators": 21.20504025234068}, "datetime": {"datetime": "2021-09-17 19:07:42", "elapsed": 148.601164, "delta": 1.276196}}
{"target": 0.8674094912826273, "params": {"eta": 0.20634417021983073, "max_depth": 22.29660501634108, "n_estimators": 21.213558284364996}, "datetime": {"datetime": "2021-09-17 19:07:44", "elapsed": 150.144162, "delta": 1.542998}}
{"target": 0.8533992512026221, "params": {"eta": 0.3707116233789711, "max_depth": 22.281444005311915, "n_estimators": 21.19832126739498}, "datetime": {"datetime": "2021-09-17 19:07:45", "elapsed": 151.212827, "delta": 1.068665}}
{"target": 0.8220722868443924, "params": {"eta": 0.14742471204740107, "max_depth": 22.377271059051008, "n_estimators": 21.404612427228848}, "datetime": {"datetime": "2021-09-17 19:07:46", "elapsed": 152.195826, "delta": 0.982999}}
{"target": 0.8530480004677238, "params": {"eta": 0.12964574603234702, "max_depth": 16.81329928460653, "n_estimators": 28.09025331498561}, "datetime": {"datetime": "2021-09-17 19:07:47", "elapsed": 153.329691, "delta": 1.133865}}
{"target": 0.7680085327664985, "params": {"eta": 0.7917019981136578, "max_depth": 27.842921871074577, "n_estimators": 29.26693648448056}, "datetime": {"datetime": "2021-09-17 19:07:48", "elapsed": 154.508164, "delta": 1.178473}}
{"target": 0.8568264763565849, "params": {"eta": 0.40473236916597594, "max_depth": 5.073317486427051, "n_estimators": 24.820226938702657}, "datetime": {"datetime": "2021-09-17 19:07:49", "elapsed": 155.799821, "delta": 1.291657}}
{"target": 0.8565008688742111, "params": {"eta": 0.2917290393392955, "max_depth": 4.987953105869695, "n_estimators": 24.618724083718003}, "datetime": {"datetime": "2021-09-17 19:07:50", "elapsed": 156.908048, "delta": 1.108227}}
{"target": 0.7702752614332514, "params": {"eta": 0.6253293846451652, "max_depth": 29.060645044459612, "n_estimators": 13.560275258052663}, "datetime": {"datetime": "2021-09-17 19:07:51", "elapsed": 158.001112, "delta": 1.093064}}
{"target": 0.8534565151140241, "params": {"eta": 0.23631682960469266, "max_depth": 4.707548039996531, "n_estimators": 24.7261631642945}, "datetime": {"datetime": "2021-09-17 19:07:53", "elapsed": 159.096515, "delta": 1.095403}}
{"target": 0.8504335000767964, "params": {"eta": 0.1857488380522293, "max_depth": 6.626976763311509, "n_estimators": 27.172177615033082}, "datetime": {"datetime": "2021-09-17 19:07:54", "elapsed": 160.099517, "delta": 1.003002}}
{"target": 0.8591326370695552, "params": {"eta": 0.23474348489867228, "max_depth": 22.082171672010833, "n_estimators": 21.121606054626625}, "datetime": {"datetime": "2021-09-17 19:07:55", "elapsed": 161.137518, "delta": 1.038001}}
{"target": 0.7628952577758684, "params": {"eta": 0.20484861877633642, "max_depth": 29.698685544574495, "n_estimators": 10.919772349449218}, "datetime": {"datetime": "2021-09-17 19:07:55", "elapsed": 162.061516, "delta": 0.923998}}
{"target": 0.842979477285313, "params": {"eta": 0.20514781325767736, "max_depth": 6.283482230934813, "n_estimators": 27.151847753139023}, "datetime": {"datetime": "2021-09-17 19:07:57", "elapsed": 163.178516, "delta": 1.117}}
{"target": 0.8408526485921911, "params": {"eta": 0.13935975753154176, "max_depth": 5.301682729491784, "n_estimators": 24.574852103997568}, "datetime": {"datetime": "2021-09-17 19:07:58", "elapsed": 164.438778, "delta": 1.260262}}
{"target": 0.8070639039860489, "params": {"eta": 0.6127918120150176, "max_depth": 24.452828227814226, "n_estimators": 28.920802126604492}, "datetime": {"datetime": "2021-09-17 19:07:59", "elapsed": 165.627423, "delta": 1.188645}}
{"target": 0.8433432784949458, "params": {"eta": 0.3708397673312742, "max_depth": 8.84491555608792, "n_estimators": 8.233433981158846}, "datetime": {"datetime": "2021-09-17 19:08:00", "elapsed": 166.652848, "delta": 1.025425}}
{"target": 0.7858914013960423, "params": {"eta": 0.1, "max_depth": 4.8260382964746675, "n_estimators": 24.450716717517953}, "datetime": {"datetime": "2021-09-17 19:08:01", "elapsed": 167.974843, "delta": 1.321995}}
{"target": 0.7131328311835359, "params": {"eta": 0.20585614756797502, "max_depth": 19.406554159800727, "n_estimators": 9.970216287055214}, "datetime": {"datetime": "2021-09-17 19:08:02", "elapsed": 169.064786, "delta": 1.089943}}
{"target": 0.7858052666688966, "params": {"eta": 0.5812474218259296, "max_depth": 19.53001715507646, "n_estimators": 9.635228891255334}, "datetime": {"datetime": "2021-09-17 19:08:03", "elapsed": 170.041784, "delta": 0.976998}}
{"target": 0.868622246427808, "params": {"eta": 0.2350800450876878, "max_depth": 5.29740381331425, "n_estimators": 24.8365085510869}, "datetime": {"datetime": "2021-09-17 19:08:05", "elapsed": 171.169166, "delta": 1.127382}}
{"target": 0.8053069035749698, "params": {"eta": 0.1093811508006539, "max_depth": 5.108925403933711, "n_estimators": 25.001161332388705}, "datetime": {"datetime": "2021-09-17 19:08:06", "elapsed": 172.17416, "delta": 1.004994}}
{"target": 0.7903001103078325, "params": {"eta": 0.6912796602756363, "max_depth": 5.066388163601787, "n_estimators": 24.564458892986234}, "datetime": {"datetime": "2021-09-17 19:08:07", "elapsed": 173.289695, "delta": 1.115535}}
{"target": 0.8518559237711713, "params": {"eta": 0.31784231723085504, "max_depth": 4.852439139307916, "n_estimators": 26.95873615213002}, "datetime": {"datetime": "2021-09-17 19:08:08", "elapsed": 174.433362, "delta": 1.143667}}
{"target": 0.7538091685337461, "params": {"eta": 0.7722383631424086, "max_depth": 22.221427703636273, "n_estimators": 27.946425558080577}, "datetime": {"datetime": "2021-09-17 19:08:09", "elapsed": 175.682592, "delta": 1.24923}}
{"target": 0.8573605488300539, "params": {"eta": 0.31239232654035687, "max_depth": 5.42765538543501, "n_estimators": 24.708848835090823}, "datetime": {"datetime": "2021-09-17 19:08:10", "elapsed": 177.063585, "delta": 1.380993}}
{"target": 0.8430602006217747, "params": {"eta": 0.282963758951838, "max_depth": 5.727159179395174, "n_estimators": 24.754173700145696}, "datetime": {"datetime": "2021-09-17 19:08:12", "elapsed": 178.566585, "delta": 1.503}}
{"target": 0.8446922398867639, "params": {"eta": 0.34375043504892844, "max_depth": 5.517927068726751, "n_estimators": 24.980641914020623}, "datetime": {"datetime": "2021-09-17 19:08:13", "elapsed": 179.960587, "delta": 1.394002}}
{"target": 0.6609886459769432, "params": {"eta": 0.19085821785292995, "max_depth": 19.353275684107942, "n_estimators": 9.408270926494831}, "datetime": {"datetime": "2021-09-17 19:08:14", "elapsed": 180.978428, "delta": 1.017841}}
{"target": 0.8556260831288753, "params": {"eta": 0.3955572910982299, "max_depth": 4.899547778711416, "n_estimators": 26.61017517699325}, "datetime": {"datetime": "2021-09-17 19:08:15", "elapsed": 181.941429, "delta": 0.963001}}
{"target": 0.843321443043318, "params": {"eta": 0.21558422761906965, "max_depth": 13.603646326160238, "n_estimators": 26.643864117912532}, "datetime": {"datetime": "2021-09-17 19:08:17", "elapsed": 183.145749, "delta": 1.20432}}
{"target": 0.8204716204346538, "params": {"eta": 0.122849618912232, "max_depth": 5.4443807672821904, "n_estimators": 24.851920381145728}, "datetime": {"datetime": "2021-09-17 19:08:18", "elapsed": 184.256751, "delta": 1.111002}}
{"target": 0.802908955655276, "params": {"eta": 0.6529373645205383, "max_depth": 4.83279403436088, "n_estimators": 26.82094288245158}, "datetime": {"datetime": "2021-09-17 19:08:19", "elapsed": 185.810546, "delta": 1.553795}}
{"target": 0.8565792106964216, "params": {"eta": 0.1928030651922322, "max_depth": 13.905667578888432, "n_estimators": 26.37926216135925}, "datetime": {"datetime": "2021-09-17 19:08:20", "elapsed": 186.897496, "delta": 1.08695}}
{"target": 0.825107510303234, "params": {"eta": 0.1, "max_depth": 6.8984856037914986, "n_estimators": 27.33860932310859}, "datetime": {"datetime": "2021-09-17 19:08:21", "elapsed": 187.956496, "delta": 1.059}}
{"target": 0.8480234336557668, "params": {"eta": 0.42622737462718485, "max_depth": 4.09813049163151, "n_estimators": 24.936797150958615}, "datetime": {"datetime": "2021-09-17 19:08:22", "elapsed": 189.043759, "delta": 1.087263}}
{"target": 0.8476135270979587, "params": {"eta": 0.21501715705862595, "max_depth": 13.441768057273025, "n_estimators": 26.42330210291186}, "datetime": {"datetime": "2021-09-17 19:08:24", "elapsed": 190.588521, "delta": 1.544762}}
{"target": 0.8341122123645405, "params": {"eta": 0.5094327577815517, "max_depth": 5.199256561336177, "n_estimators": 25.061239052368375}, "datetime": {"datetime": "2021-09-17 19:08:26", "elapsed": 192.107527, "delta": 1.519006}}
{"target": 0.857934468196524, "params": {"eta": 0.2718300300103519, "max_depth": 13.662880748018756, "n_estimators": 26.393698067625383}, "datetime": {"datetime": "2021-09-17 19:08:27", "elapsed": 193.756016, "delta": 1.648489}}
{"target": 0.8371067644504505, "params": {"eta": 0.24595824386540951, "max_depth": 28.088680275558964, "n_estimators": 23.87790283769681}, "datetime": {"datetime": "2021-09-17 19:08:28", "elapsed": 194.987336, "delta": 1.23132}}
{"target": 0.8410030460026056, "params": {"eta": 0.360014425278679, "max_depth": 17.825335632681686, "n_estimators": 9.603248282170659}, "datetime": {"datetime": "2021-09-17 19:08:30", "elapsed": 196.114978, "delta": 1.127642}}
{"target": 0.856539987101864, "params": {"eta": 0.1867540041753062, "max_depth": 21.279643508905007, "n_estimators": 22.0907311397879}, "datetime": {"datetime": "2021-09-17 19:08:31", "elapsed": 197.721519, "delta": 1.606541}}
{"target": 0.838059126722043, "params": {"eta": 0.27449594548818235, "max_depth": 21.01199052758655, "n_estimators": 21.94882656968548}, "datetime": {"datetime": "2021-09-17 19:08:32", "elapsed": 198.973358, "delta": 1.251839}}
{"target": 0.8617311711293913, "params": {"eta": 0.433765645999986, "max_depth": 19.15664423922247, "n_estimators": 11.431988312485371}, "datetime": {"datetime": "2021-09-17 19:08:34", "elapsed": 200.101356, "delta": 1.127998}}
{"target": 0.834201042373798, "params": {"eta": 0.5315859320895244, "max_depth": 19.31390916116227, "n_estimators": 11.600004436750838}, "datetime": {"datetime": "2021-09-17 19:08:35", "elapsed": 201.424761, "delta": 1.323405}}
{"target": 0.7385099379896026, "params": {"eta": 0.18292394823598968, "max_depth": 18.99838236831039, "n_estimators": 11.35641165321103}, "datetime": {"datetime": "2021-09-17 19:08:36", "elapsed": 202.722613, "delta": 1.297852}}
{"target": 0.7922277259985463, "params": {"eta": 0.6380858689406647, "max_depth": 19.106512337565807, "n_estimators": 11.494237486617518}, "datetime": {"datetime": "2021-09-17 19:08:38", "elapsed": 204.433615, "delta": 1.711002}}
{"target": 0.8569101234525905, "params": {"eta": 0.15322481768236795, "max_depth": 13.687870830783986, "n_estimators": 26.16214589353322}, "datetime": {"datetime": "2021-09-17 19:08:39", "elapsed": 205.906286, "delta": 1.472671}}
{"target": 0.8739632164647821, "params": {"eta": 0.21013622822997952, "max_depth": 13.933626316543062, "n_estimators": 26.146333220362553}, "datetime": {"datetime": "2021-09-17 19:08:41", "elapsed": 207.675605, "delta": 1.769319}}
{"target": 0.8489031401691941, "params": {"eta": 0.4471740768573167, "max_depth": 13.88883685830375, "n_estimators": 26.166120001866773}, "datetime": {"datetime": "2021-09-17 19:08:42", "elapsed": 208.941831, "delta": 1.266226}}
{"target": 0.8473646022505191, "params": {"eta": 0.23249896581627053, "max_depth": 13.833721605765346, "n_estimators": 25.956363349835673}, "datetime": {"datetime": "2021-09-17 19:08:44", "elapsed": 210.959702, "delta": 2.017871}}
{"target": 0.7883915015651742, "params": {"eta": 0.7189216970870295, "max_depth": 22.48158714123727, "n_estimators": 9.212393759300728}, "datetime": {"datetime": "2021-09-17 19:08:46", "elapsed": 212.2567, "delta": 1.296998}}
{"target": 0.8389927103990582, "params": {"eta": 0.28651860522517925, "max_depth": 14.270472030791376, "n_estimators": 25.9575654247079}, "datetime": {"datetime": "2021-09-17 19:08:47", "elapsed": 213.561992, "delta": 1.305292}}
{"target": 0.8635739848364454, "params": {"eta": 0.35203607719305563, "max_depth": 21.424453239630395, "n_estimators": 22.311794181923567}, "datetime": {"datetime": "2021-09-17 19:08:48", "elapsed": 214.861135, "delta": 1.299143}}
{"target": 0.879277362706331, "params": {"eta": 0.1630926443313065, "max_depth": 14.123817150562186, "n_estimators": 26.22972865475783}, "datetime": {"datetime": "2021-09-17 19:08:50", "elapsed": 216.738972, "delta": 1.877837}}
{"target": 0.7656788271334174, "params": {"eta": 0.628659654121424, "max_depth": 16.7145071472087, "n_estimators": 12.934377248561693}, "datetime": {"datetime": "2021-09-17 19:08:51", "elapsed": 218.081967, "delta": 1.342995}}
{"target": 0.8659012731520417, "params": {"eta": 0.15573444950373105, "max_depth": 21.533932187872683, "n_estimators": 22.10002579588255}, "datetime": {"datetime": "2021-09-17 19:08:53", "elapsed": 219.795329, "delta": 1.713362}}
{"target": 0.7394949065045728, "params": {"eta": 0.7550863326460299, "max_depth": 27.062214523312512, "n_estimators": 11.549376429265898}, "datetime": {"datetime": "2021-09-17 19:08:54", "elapsed": 220.954726, "delta": 1.159397}}
{"target": 0.8488529000057113, "params": {"eta": 0.19034407269085585, "max_depth": 21.282155472793374, "n_estimators": 22.453036312062906}, "datetime": {"datetime": "2021-09-17 19:08:56", "elapsed": 222.801864, "delta": 1.847138}}
{"target": 0.8557938684000124, "params": {"eta": 0.27295720407692803, "max_depth": 14.34302965590056, "n_estimators": 26.311805015916494}, "datetime": {"datetime": "2021-09-17 19:08:58", "elapsed": 224.17893, "delta": 1.377066}}
{"target": 0.8550206487583276, "params": {"eta": 0.18076649070531825, "max_depth": 6.579798779330665, "n_estimators": 24.352859197511055}, "datetime": {"datetime": "2021-09-17 19:08:59", "elapsed": 225.312103, "delta": 1.133173}}
{"target": 0.836253620008751, "params": {"eta": 0.4247842129056054, "max_depth": 14.120166784814812, "n_estimators": 26.138054075349398}, "datetime": {"datetime": "2021-09-17 19:09:01", "elapsed": 227.164608, "delta": 1.852505}}
{"target": 0.7942155033411158, "params": {"eta": 0.5772369253747914, "max_depth": 21.314551752248885, "n_estimators": 22.43218562435726}, "datetime": {"datetime": "2021-09-17 19:09:02", "elapsed": 228.895718, "delta": 1.73111}}
{"target": 0.8335801039373361, "params": {"eta": 0.14167451455603228, "max_depth": 21.45773519559401, "n_estimators": 22.338947726147715}, "datetime": {"datetime": "2021-09-17 19:09:04", "elapsed": 230.646347, "delta": 1.750629}}
{"target": 0.8524965784998302, "params": {"eta": 0.32151553516218434, "max_depth": 21.636436901462282, "n_estimators": 22.153202561342994}, "datetime": {"datetime": "2021-09-17 19:09:06", "elapsed": 232.385078, "delta": 1.738731}}
{"target": 0.8271343640797042, "params": {"eta": 0.41454792595509704, "max_depth": 19.39429539536153, "n_estimators": 11.377748092042427}, "datetime": {"datetime": "2021-09-17 19:09:07", "elapsed": 233.88702, "delta": 1.501942}}
{"target": 0.8626656776147414, "params": {"eta": 0.4267513061280357, "max_depth": 13.584884630710453, "n_estimators": 26.146677656450436}, "datetime": {"datetime": "2021-09-17 19:09:09", "elapsed": 235.382624, "delta": 1.495604}}
{"target": 0.8581912385611461, "params": {"eta": 0.32068654287950155, "max_depth": 5.436653572806556, "n_estimators": 29.52967533547154}, "datetime": {"datetime": "2021-09-17 19:09:10", "elapsed": 236.705624, "delta": 1.323}}
{"target": 0.8544114996659995, "params": {"eta": 0.3332297703947642, "max_depth": 13.398425376118993, "n_estimators": 26.022431387557926}, "datetime": {"datetime": "2021-09-17 19:09:12", "elapsed": 238.601391, "delta": 1.895767}}
{"target": 0.7724108909852465, "params": {"eta": 0.6061018567165097, "max_depth": 13.355087514045774, "n_estimators": 26.286603363617786}, "datetime": {"datetime": "2021-09-17 19:09:14", "elapsed": 240.920049, "delta": 2.318658}}
{"target": 0.7961125045703951, "params": {"eta": 0.1, "max_depth": 14.30665264534897, "n_estimators": 26.155999133640506}, "datetime": {"datetime": "2021-09-17 19:09:16", "elapsed": 242.758048, "delta": 1.837999}}
{"target": 0.855437594566187, "params": {"eta": 0.33215406678048476, "max_depth": 14.063302181735532, "n_estimators": 26.368367249290415}, "datetime": {"datetime": "2021-09-17 19:09:19", "elapsed": 245.695475, "delta": 2.937427}}
{"target": 0.7939185160516704, "params": {"eta": 0.7271387026746623, "max_depth": 27.892551461457817, "n_estimators": 25.2294339386771}, "datetime": {"datetime": "2021-09-17 19:09:20", "elapsed": 247.020066, "delta": 1.324591}}
{"target": 0.8462794425567937, "params": {"eta": 0.39798957775396804, "max_depth": 13.627912381073836, "n_estimators": 25.835395730413293}, "datetime": {"datetime": "2021-09-17 19:09:23", "elapsed": 249.249262, "delta": 2.229196}}
{"target": 0.8448718655422048, "params": {"eta": 0.3051450344392337, "max_depth": 5.46103895407251, "n_estimators": 29.809249836088863}, "datetime": {"datetime": "2021-09-17 19:09:24", "elapsed": 250.865576, "delta": 1.616314}}
{"target": 0.8561987731426268, "params": {"eta": 0.36419022874128737, "max_depth": 5.704276747678812, "n_estimators": 29.559873524275222}, "datetime": {"datetime": "2021-09-17 19:09:27", "elapsed": 253.308911, "delta": 2.443335}}
{"target": 0.7907962360039628, "params": {"eta": 0.5741052092961015, "max_depth": 5.584340739046585, "n_estimators": 29.501162906765252}, "datetime": {"datetime": "2021-09-17 19:09:29", "elapsed": 255.155771, "delta": 1.84686}}
{"target": 0.8260240623177082, "params": {"eta": 0.12737362886848166, "max_depth": 5.28674986909394, "n_estimators": 29.567604726202827}, "datetime": {"datetime": "2021-09-17 19:09:31", "elapsed": 258.032185, "delta": 2.876414}}
{"target": 0.8571288044317299, "params": {"eta": 0.43681333662274513, "max_depth": 14.52075533968544, "n_estimators": 26.4019452170167}, "datetime": {"datetime": "2021-09-17 19:09:33", "elapsed": 259.697544, "delta": 1.665359}}
{"target": 0.839499145192858, "params": {"eta": 0.19993021022579704, "max_depth": 6.3035019300927155, "n_estimators": 24.503998662828753}, "datetime": {"datetime": "2021-09-17 19:09:35", "elapsed": 261.603672, "delta": 1.906128}}
{"target": 0.8122091077305222, "params": {"eta": 0.5396446454207605, "max_depth": 14.492748085371375, "n_estimators": 26.68966015599452}, "datetime": {"datetime": "2021-09-17 19:09:37", "elapsed": 263.428972, "delta": 1.8253}}
{"target": 0.8266855154306217, "params": {"eta": 0.1269964094822574, "max_depth": 5.8021303408625915, "n_estimators": 29.877897105679615}, "datetime": {"datetime": "2021-09-17 19:09:38", "elapsed": 265.09194, "delta": 1.662968}}
{"target": 0.8567576697873784, "params": {"eta": 0.18661946142380798, "max_depth": 5.638274231518586, "n_estimators": 29.567956484923588}, "datetime": {"datetime": "2021-09-17 19:09:40", "elapsed": 266.608942, "delta": 1.517002}}
{"target": 0.7761224320294617, "params": {"eta": 0.7330286636349337, "max_depth": 20.28446046608113, "n_estimators": 18.910943547926955}, "datetime": {"datetime": "2021-09-17 19:09:41", "elapsed": 267.981575, "delta": 1.372633}}
