{"target": 0.8307628821471551, "params": {"eta": 0.2907580387764064, "max_depth": 48.44467969347996, "n_estimators": 24.542217466983885}, "datetime": {"datetime": "2021-09-17 20:01:29", "elapsed": 1031.907442, "delta": 4.204342}}
{"target": 0.8614552287508148, "params": {"eta": 0.16821976349090167, "max_depth": 4.081361291478908, "n_estimators": 49.93941739282988}, "datetime": {"datetime": "2021-09-17 20:01:34", "elapsed": 1037.346777, "delta": 5.439335}}
{"target": 0.832307061183147, "params": {"eta": 0.3328226850656617, "max_depth": 6.824678518383297, "n_estimators": 30.92572625233327}, "datetime": {"datetime": "2021-09-17 20:01:40", "elapsed": 1043.422354, "delta": 6.075577}}
{"target": 0.8573980076212409, "params": {"eta": 0.1, "max_depth": 4.840432202623735, "n_estimators": 49.249430804106325}, "datetime": {"datetime": "2021-09-17 20:01:46", "elapsed": 1049.040002, "delta": 5.617648}}
{"target": 0.8135722025519512, "params": {"eta": 0.41724428113632894, "max_depth": 49.429385297267814, "n_estimators": 17.90924480150789}, "datetime": {"datetime": "2021-09-17 20:01:49", "elapsed": 1052.030311, "delta": 2.990309}}
{"target": 0.8319107174185971, "params": {"eta": 0.34334295802112824, "max_depth": 27.10303739812172, "n_estimators": 40.30181477612602}, "datetime": {"datetime": "2021-09-17 20:01:52", "elapsed": 1055.165964, "delta": 3.135653}}
{"target": 0.8350931691131549, "params": {"eta": 0.49793441655864146, "max_depth": 5.771521017528702, "n_estimators": 34.56669140861919}, "datetime": {"datetime": "2021-09-17 20:01:56", "elapsed": 1059.257711, "delta": 4.091747}}
{"target": 0.8458817555606033, "params": {"eta": 0.1, "max_depth": 37.31967942545069, "n_estimators": 46.78345297155435}, "datetime": {"datetime": "2021-09-17 20:02:03", "elapsed": 1065.612477, "delta": 6.354766}}
{"target": 0.7851748166191578, "params": {"eta": 0.6663920919028203, "max_depth": 7.020355760386405, "n_estimators": 31.519850682926183}, "datetime": {"datetime": "2021-09-17 20:02:09", "elapsed": 1072.428888, "delta": 6.816411}}
{"target": 0.8351362867268095, "params": {"eta": 0.16657677957410438, "max_depth": 7.697795693021593, "n_estimators": 26.40802923493084}, "datetime": {"datetime": "2021-09-17 20:02:15", "elapsed": 1077.518711, "delta": 5.089823}}
{"target": 0.8206627121012483, "params": {"eta": 0.47701592704750684, "max_depth": 38.13224085622615, "n_estimators": 43.824686771028475}, "datetime": {"datetime": "2021-09-17 20:02:19", "elapsed": 1082.456979, "delta": 4.938268}}
{"target": 0.8351674535358296, "params": {"eta": 0.29917797414236214, "max_depth": 45.50466795950624, "n_estimators": 43.44598197347679}, "datetime": {"datetime": "2021-09-17 20:02:23", "elapsed": 1085.93403, "delta": 3.477051}}
{"target": 0.8241881689746086, "params": {"eta": 0.41722949363163486, "max_depth": 14.739430801048211, "n_estimators": 41.8128963163077}, "datetime": {"datetime": "2021-09-17 20:02:29", "elapsed": 1091.606089, "delta": 5.672059}}
{"target": 0.8497872666686141, "params": {"eta": 0.16552568681873264, "max_depth": 7.928728037662352, "n_estimators": 40.788328317955525}, "datetime": {"datetime": "2021-09-17 20:02:32", "elapsed": 1094.657547, "delta": 3.051458}}
{"target": 0.8036837755071888, "params": {"eta": 0.49283357159513974, "max_depth": 17.339592086066855, "n_estimators": 29.34898320230955}, "datetime": {"datetime": "2021-09-17 20:02:35", "elapsed": 1097.676109, "delta": 3.018562}}
{"target": 0.8401548949674046, "params": {"eta": 0.11383799413750087, "max_depth": 11.843972778469137, "n_estimators": 41.15901362271281}, "datetime": {"datetime": "2021-09-17 20:02:41", "elapsed": 1104.203432, "delta": 6.527323}}
{"target": 0.8203252806727735, "params": {"eta": 0.25077667576865104, "max_depth": 38.9808352230776, "n_estimators": 15.314949069858903}, "datetime": {"datetime": "2021-09-17 20:02:44", "elapsed": 1107.288429, "delta": 3.084997}}
{"target": 0.8627968539433939, "params": {"eta": 0.13605246930038303, "max_depth": 4.377908098661008, "n_estimators": 48.87480430715342}, "datetime": {"datetime": "2021-09-17 20:02:54", "elapsed": 1117.326325, "delta": 10.037896}}
{"target": 0.8444969925645988, "params": {"eta": 0.25214005016141333, "max_depth": 7.5075636646435, "n_estimators": 31.124738490428005}, "datetime": {"datetime": "2021-09-17 20:02:58", "elapsed": 1121.309912, "delta": 3.983587}}
{"target": 0.8564922923623153, "params": {"eta": 0.2807621426749618, "max_depth": 4.8412891108706075, "n_estimators": 48.54950031085097}, "datetime": {"datetime": "2021-09-17 20:03:03", "elapsed": 1126.459736, "delta": 5.149824}}
{"target": 0.7293268102728077, "params": {"eta": 0.7649239098548838, "max_depth": 12.632349149986423, "n_estimators": 18.62475373459869}, "datetime": {"datetime": "2021-09-17 20:03:07", "elapsed": 1129.620671, "delta": 3.160935}}
