{"target": -11.615466319430615, "params": {"eta": 0.22979993493095285, "max_depth": 6.7612708703862285, "n_estimators": 321.9131398967013}, "datetime": {"datetime": "2021-09-27 19:46:13", "elapsed": 861.050127, "delta": 3.479677}}
{"target": -10.93116311789625, "params": {"eta": 0.05410901610151292, "max_depth": 4.305593883328444, "n_estimators": 372.01234631893675}, "datetime": {"datetime": "2021-09-27 19:46:16", "elapsed": 863.706104, "delta": 2.655977}}
{"target": -11.545846028033905, "params": {"eta": 0.14783182162047284, "max_depth": 4.754847520245108, "n_estimators": 322.8794103433209}, "datetime": {"datetime": "2021-09-27 19:46:18", "elapsed": 866.079061, "delta": 2.372957}}
{"target": -11.265919163300527, "params": {"eta": 0.0583741375963104, "max_depth": 6.818453175166387, "n_estimators": 322.0722775863021}, "datetime": {"datetime": "2021-09-27 19:46:23", "elapsed": 870.780615, "delta": 4.701554}}
{"target": -11.23811615610345, "params": {"eta": 0.14386882671361967, "max_depth": 7.343644534622372, "n_estimators": 318.7112503247999}, "datetime": {"datetime": "2021-09-27 19:46:27", "elapsed": 874.639935, "delta": 3.85932}}
{"target": -11.853942504652615, "params": {"eta": 0.43498614242418787, "max_depth": 6.24598191751932, "n_estimators": 347.0536934068566}, "datetime": {"datetime": "2021-09-27 19:46:29", "elapsed": 876.897228, "delta": 2.257293}}
{"target": -11.426376934272845, "params": {"eta": 0.05, "max_depth": 5.879514845790921, "n_estimators": 344.82376264210103}, "datetime": {"datetime": "2021-09-27 19:46:33", "elapsed": 880.73333, "delta": 3.836102}}
{"target": -11.655084398272157, "params": {"eta": 0.1327403013135547, "max_depth": 4.398137705828134, "n_estimators": 371.8678044188382}, "datetime": {"datetime": "2021-09-27 19:46:37", "elapsed": 885.162044, "delta": 4.428714}}
{"target": -11.344970690361079, "params": {"eta": 0.061165150583253225, "max_depth": 5.828529663731819, "n_estimators": 343.9632530579891}, "datetime": {"datetime": "2021-09-27 19:46:44", "elapsed": 891.586008, "delta": 6.423964}}
{"target": -11.65084171817028, "params": {"eta": 0.20779992558429505, "max_depth": 7.422860987595401, "n_estimators": 318.58997891308996}, "datetime": {"datetime": "2021-09-27 19:46:49", "elapsed": 897.151262, "delta": 5.565254}}
{"target": -11.234605066188106, "params": {"eta": 0.05666660462112413, "max_depth": 6.197965166476754, "n_estimators": 307.62749518358174}, "datetime": {"datetime": "2021-09-27 19:46:55", "elapsed": 902.419716, "delta": 5.268454}}
{"target": -11.164125196648897, "params": {"eta": 0.05933794307492582, "max_depth": 6.217645848976498, "n_estimators": 322.6661105410541}, "datetime": {"datetime": "2021-09-27 19:46:59", "elapsed": 907.27041, "delta": 4.850694}}
{"target": -11.344612633072138, "params": {"eta": 0.1077650984781113, "max_depth": 4.1521761145015725, "n_estimators": 371.8869722904333}, "datetime": {"datetime": "2021-09-27 19:47:04", "elapsed": 911.687084, "delta": 4.416674}}
{"target": -11.30283335828692, "params": {"eta": 0.36570678985854566, "max_depth": 7.513868920736228, "n_estimators": 350.3632110812342}, "datetime": {"datetime": "2021-09-27 19:47:07", "elapsed": 914.738253, "delta": 3.051169}}
{"target": -11.447893895666784, "params": {"eta": 0.05, "max_depth": 9.603359605318825, "n_estimators": 368.01533694493605}, "datetime": {"datetime": "2021-09-27 19:47:13", "elapsed": 920.752744, "delta": 6.014491}}
{"target": -12.584264396300535, "params": {"eta": 0.40376934849609836, "max_depth": 9.789409185291337, "n_estimators": 344.3783477616972}, "datetime": {"datetime": "2021-09-27 19:47:15", "elapsed": 923.125822, "delta": 2.373078}}
{"target": -11.446088265995066, "params": {"eta": 0.05, "max_depth": 9.340034693929042, "n_estimators": 314.7164229172227}, "datetime": {"datetime": "2021-09-27 19:47:21", "elapsed": 928.961887, "delta": 5.836065}}
{"target": -11.096950809215967, "params": {"eta": 0.05611445360328547, "max_depth": 4.50622834552686, "n_estimators": 322.8535383769063}, "datetime": {"datetime": "2021-09-27 19:47:26", "elapsed": 933.925036, "delta": 4.963149}}
{"target": -11.650044386039378, "params": {"eta": 0.43347497859714457, "max_depth": 8.452849219267021, "n_estimators": 334.6314660118285}, "datetime": {"datetime": "2021-09-27 19:47:29", "elapsed": 936.823178, "delta": 2.898142}}
{"target": -12.083323535287867, "params": {"eta": 0.23361424588800944, "max_depth": 4.565191538588946, "n_estimators": 322.9779433962646}, "datetime": {"datetime": "2021-09-27 19:47:33", "elapsed": 940.753821, "delta": 3.930643}}
{"target": -11.431560350785732, "params": {"eta": 0.4612602584248309, "max_depth": 5.81701052085935, "n_estimators": 310.65957574451056}, "datetime": {"datetime": "2021-09-27 19:47:36", "elapsed": 943.907478, "delta": 3.153657}}
{"target": -11.614896085851942, "params": {"eta": 0.1272468170119053, "max_depth": 11.982677751478459, "n_estimators": 336.76012164052156}, "datetime": {"datetime": "2021-09-27 19:47:40", "elapsed": 948.13564, "delta": 4.228162}}
{"target": -11.44306860447291, "params": {"eta": 0.07314576391774287, "max_depth": 5.771455445052866, "n_estimators": 322.7833860459493}, "datetime": {"datetime": "2021-09-27 19:47:46", "elapsed": 953.735191, "delta": 5.599551}}
{"target": -11.067552143447674, "params": {"eta": 0.05, "max_depth": 6.757311466934029, "n_estimators": 305.5763183656658}, "datetime": {"datetime": "2021-09-27 19:47:54", "elapsed": 961.938183, "delta": 8.202992}}
{"target": -11.41011179555164, "params": {"eta": 0.21639110267327327, "max_depth": 4.641040664098143, "n_estimators": 322.7714010617763}, "datetime": {"datetime": "2021-09-27 19:47:59", "elapsed": 966.843295, "delta": 4.905112}}
{"target": -11.053105674129212, "params": {"eta": 0.15991509925250483, "max_depth": 8.23174235070156, "n_estimators": 342.3134148803923}, "datetime": {"datetime": "2021-09-27 19:48:04", "elapsed": 971.420539, "delta": 4.577244}}
{"target": -11.533611228252182, "params": {"eta": 0.14480969269970356, "max_depth": 9.706640415921191, "n_estimators": 358.0869163016474}, "datetime": {"datetime": "2021-09-27 19:48:08", "elapsed": 975.463322, "delta": 4.042783}}
{"target": -11.135040128822899, "params": {"eta": 0.15786647521257646, "max_depth": 6.189688713671666, "n_estimators": 307.6429003883763}, "datetime": {"datetime": "2021-09-27 19:48:11", "elapsed": 979.241288, "delta": 3.777966}}
{"target": -11.303036005367636, "params": {"eta": 0.06368932253164684, "max_depth": 6.622341645597863, "n_estimators": 312.66584091073173}, "datetime": {"datetime": "2021-09-27 19:48:16", "elapsed": 984.056981, "delta": 4.815693}}
{"target": -11.234885186886933, "params": {"eta": 0.05034448216281618, "max_depth": 5.777333509471028, "n_estimators": 389.3109586236711}, "datetime": {"datetime": "2021-09-27 19:48:21", "elapsed": 989.155344, "delta": 5.098363}}
{"target": -11.195106798471869, "params": {"eta": 0.10106621611259808, "max_depth": 6.570883432684148, "n_estimators": 321.90449467233117}, "datetime": {"datetime": "2021-09-27 19:48:28", "elapsed": 995.702473, "delta": 6.547129}}
{"target": -11.053197207662675, "params": {"eta": 0.14749721818270659, "max_depth": 6.2278484266538925, "n_estimators": 305.90933077543815}, "datetime": {"datetime": "2021-09-27 19:48:34", "elapsed": 1001.732205, "delta": 6.029732}}
{"target": -11.349148560106885, "params": {"eta": 0.05665512156193925, "max_depth": 6.999645555185717, "n_estimators": 321.9491234045246}, "datetime": {"datetime": "2021-09-27 19:48:40", "elapsed": 1007.734551, "delta": 6.002346}}
{"target": -10.96380578843195, "params": {"eta": 0.13720579890115153, "max_depth": 6.1591473814863855, "n_estimators": 322.93946109700687}, "datetime": {"datetime": "2021-09-27 19:48:46", "elapsed": 1014.186938, "delta": 6.452387}}
{"target": -11.085560633794977, "params": {"eta": 0.06389514597965332, "max_depth": 5.791384094626563, "n_estimators": 318.5884963418995}, "datetime": {"datetime": "2021-09-27 19:48:50", "elapsed": 1018.221803, "delta": 4.034865}}
{"target": -12.199984585463913, "params": {"eta": 0.2524753726176465, "max_depth": 6.22564033187094, "n_estimators": 322.9325169797763}, "datetime": {"datetime": "2021-09-27 19:48:57", "elapsed": 1024.425878, "delta": 6.204075}}
{"target": -11.454623185684468, "params": {"eta": 0.05363240592547545, "max_depth": 5.744261472940593, "n_estimators": 318.3426274234203}, "datetime": {"datetime": "2021-09-27 19:49:01", "elapsed": 1029.248269, "delta": 4.822391}}
{"target": -11.519118923488984, "params": {"eta": 0.22584382604503134, "max_depth": 3.2888637360831554, "n_estimators": 376.4625898773864}, "datetime": {"datetime": "2021-09-27 19:49:04", "elapsed": 1032.143869, "delta": 2.8956}}
{"target": -12.83348655024181, "params": {"eta": 0.3281993529023378, "max_depth": 2.264632265658611, "n_estimators": 371.20243782480924}, "datetime": {"datetime": "2021-09-27 19:49:07", "elapsed": 1034.800608, "delta": 2.656739}}
{"target": -12.124503877886147, "params": {"eta": 0.17077114383752018, "max_depth": 10.34564696370094, "n_estimators": 329.16314990623414}, "datetime": {"datetime": "2021-09-27 19:49:11", "elapsed": 1038.426745, "delta": 3.626137}}
{"target": -11.140091803600622, "params": {"eta": 0.05835145902824127, "max_depth": 6.486452576820162, "n_estimators": 338.040193386309}, "datetime": {"datetime": "2021-09-27 19:49:17", "elapsed": 1045.196745, "delta": 6.77}}
{"target": -11.873995338582954, "params": {"eta": 0.15031884767787287, "max_depth": 5.803760619829059, "n_estimators": 318.6259069579194}, "datetime": {"datetime": "2021-09-27 19:49:23", "elapsed": 1050.581535, "delta": 5.38479}}
{"target": -11.236569451039244, "params": {"eta": 0.07616170491817076, "max_depth": 6.647664118111619, "n_estimators": 322.0562782120543}, "datetime": {"datetime": "2021-09-27 19:49:28", "elapsed": 1056.140619, "delta": 5.559084}}
{"target": -11.484545350297145, "params": {"eta": 0.21600349741507457, "max_depth": 5.018650348610424, "n_estimators": 374.0418698221535}, "datetime": {"datetime": "2021-09-27 19:49:33", "elapsed": 1060.777777, "delta": 4.637158}}
{"target": -11.984534739508094, "params": {"eta": 0.15840737666943436, "max_depth": 10.751357185777449, "n_estimators": 327.1030198695749}, "datetime": {"datetime": "2021-09-27 19:49:37", "elapsed": 1064.791529, "delta": 4.013752}}
{"target": -11.159875613660947, "params": {"eta": 0.08136776179962454, "max_depth": 5.917533402724903, "n_estimators": 318.5233866820421}, "datetime": {"datetime": "2021-09-27 19:49:44", "elapsed": 1071.55309, "delta": 6.761561}}
{"target": -13.410445157562398, "params": {"eta": 0.49984831437857075, "max_depth": 6.2494120427042334, "n_estimators": 365.4732505954136}, "datetime": {"datetime": "2021-09-27 19:49:47", "elapsed": 1075.188013, "delta": 3.634923}}
{"target": -11.079961706165637, "params": {"eta": 0.12179452725250373, "max_depth": 4.490246613528246, "n_estimators": 323.637273678473}, "datetime": {"datetime": "2021-09-27 19:49:53", "elapsed": 1081.272313, "delta": 6.0843}}
{"target": -11.026372771267301, "params": {"eta": 0.06086181691303258, "max_depth": 6.566237320177018, "n_estimators": 391.06623108042083}, "datetime": {"datetime": "2021-09-27 19:49:58", "elapsed": 1085.378203, "delta": 4.10589}}
{"target": -11.716356118924146, "params": {"eta": 0.24080093769330813, "max_depth": 4.647000512859999, "n_estimators": 323.7733841680026}, "datetime": {"datetime": "2021-09-27 19:50:03", "elapsed": 1091.119835, "delta": 5.741632}}
{"target": -11.627690101536556, "params": {"eta": 0.21305048236471824, "max_depth": 6.279067188207235, "n_estimators": 309.917765860765}, "datetime": {"datetime": "2021-09-27 19:50:09", "elapsed": 1097.118051, "delta": 5.998216}}
{"target": -11.054673328490109, "params": {"eta": 0.07037702948203083, "max_depth": 4.511594294726844, "n_estimators": 323.4453260498262}, "datetime": {"datetime": "2021-09-27 19:50:15", "elapsed": 1103.075992, "delta": 5.957941}}
{"target": -11.442982225725848, "params": {"eta": 0.0852731889565724, "max_depth": 6.544720766853887, "n_estimators": 337.90291357278664}, "datetime": {"datetime": "2021-09-27 19:50:20", "elapsed": 1107.456803, "delta": 4.380811}}
{"target": -11.151342486784547, "params": {"eta": 0.06424876223655335, "max_depth": 6.209110946794751, "n_estimators": 322.82037862209756}, "datetime": {"datetime": "2021-09-27 19:50:26", "elapsed": 1113.37062, "delta": 5.913817}}
{"target": -13.572010950862392, "params": {"eta": 0.48399872069743455, "max_depth": 5.92527438730751, "n_estimators": 329.3832403769242}, "datetime": {"datetime": "2021-09-27 19:50:29", "elapsed": 1116.564514, "delta": 3.193894}}
{"target": -11.604944392851598, "params": {"eta": 0.12569337849900764, "max_depth": 5.8804686461094455, "n_estimators": 322.633313393192}, "datetime": {"datetime": "2021-09-27 19:50:32", "elapsed": 1119.648045, "delta": 3.083531}}
{"target": -11.185890875559657, "params": {"eta": 0.173775737160471, "max_depth": 5.879471328082062, "n_estimators": 322.41965752913444}, "datetime": {"datetime": "2021-09-27 19:50:37", "elapsed": 1125.082516, "delta": 5.434471}}
{"target": -11.41513607734835, "params": {"eta": 0.31030265199007107, "max_depth": 7.55205031895577, "n_estimators": 377.7211476870133}, "datetime": {"datetime": "2021-09-27 19:50:41", "elapsed": 1128.505385, "delta": 3.422869}}
{"target": -10.938751313613434, "params": {"eta": 0.07195232498963174, "max_depth": 4.588178286538926, "n_estimators": 323.6705722570042}, "datetime": {"datetime": "2021-09-27 19:50:45", "elapsed": 1133.180533, "delta": 4.675148}}
{"target": -11.329227425990988, "params": {"eta": 0.12753118861942517, "max_depth": 4.630410330164997, "n_estimators": 323.5501331551005}, "datetime": {"datetime": "2021-09-27 19:50:50", "elapsed": 1138.056002, "delta": 4.875469}}
{"target": -10.9384950287281, "params": {"eta": 0.1350071762518641, "max_depth": 6.447409225531552, "n_estimators": 312.8689486007438}, "datetime": {"datetime": "2021-09-27 19:50:55", "elapsed": 1143.216236, "delta": 5.160234}}
{"target": -11.000573548628878, "params": {"eta": 0.061597330772293395, "max_depth": 6.537263349079766, "n_estimators": 309.60547080253303}, "datetime": {"datetime": "2021-09-27 19:51:01", "elapsed": 1148.39323, "delta": 5.176994}}
{"target": -12.15809298326905, "params": {"eta": 0.3333343371458978, "max_depth": 8.204221748845654, "n_estimators": 376.6917301931121}, "datetime": {"datetime": "2021-09-27 19:51:04", "elapsed": 1151.500636, "delta": 3.107406}}
{"target": -11.88162831729309, "params": {"eta": 0.292662149017948, "max_depth": 6.854779634005949, "n_estimators": 315.72326400584814}, "datetime": {"datetime": "2021-09-27 19:51:07", "elapsed": 1155.278051, "delta": 3.777415}}
{"target": -11.086915246402567, "params": {"eta": 0.0974828963874359, "max_depth": 4.187790218025933, "n_estimators": 372.11390169736933}, "datetime": {"datetime": "2021-09-27 19:51:12", "elapsed": 1159.825832, "delta": 4.547781}}
{"target": -12.794359054250148, "params": {"eta": 0.4545559165819743, "max_depth": 7.7255723477404805, "n_estimators": 348.5496561319567}, "datetime": {"datetime": "2021-09-27 19:51:15", "elapsed": 1163.104774, "delta": 3.278942}}
{"target": -11.242579899669913, "params": {"eta": 0.157862778922839, "max_depth": 5.703052707361304, "n_estimators": 344.12057362587655}, "datetime": {"datetime": "2021-09-27 19:51:24", "elapsed": 1171.653884, "delta": 8.54911}}
{"target": -11.181887782892645, "params": {"eta": 0.06589600070527941, "max_depth": 6.402571780986157, "n_estimators": 309.7668220435782}, "datetime": {"datetime": "2021-09-27 19:51:29", "elapsed": 1176.860658, "delta": 5.206774}}
{"target": -10.741830068983797, "params": {"eta": 0.06524948089705845, "max_depth": 4.2848361960346475, "n_estimators": 372.02422537475263}, "datetime": {"datetime": "2021-09-27 19:51:32", "elapsed": 1180.181662, "delta": 3.321004}}
{"target": -10.926501179912123, "params": {"eta": 0.06540978099668399, "max_depth": 8.13327422626848, "n_estimators": 342.26200515484675}, "datetime": {"datetime": "2021-09-27 19:51:38", "elapsed": 1186.056486, "delta": 5.874824}}
{"target": -11.348880902143431, "params": {"eta": 0.06706040204253258, "max_depth": 5.987937866174574, "n_estimators": 322.5488533929885}, "datetime": {"datetime": "2021-09-27 19:51:46", "elapsed": 1193.764195, "delta": 7.707709}}
{"target": -11.545109908555007, "params": {"eta": 0.19000478465071252, "max_depth": 4.355774804447398, "n_estimators": 372.1246348900038}, "datetime": {"datetime": "2021-09-27 19:51:52", "elapsed": 1200.261694, "delta": 6.497499}}
{"target": -11.420610317620106, "params": {"eta": 0.050210968357413684, "max_depth": 5.673226450173858, "n_estimators": 314.0856530958229}, "datetime": {"datetime": "2021-09-27 19:51:55", "elapsed": 1203.277756, "delta": 3.016062}}
{"target": -11.0774309168774, "params": {"eta": 0.12193616761876522, "max_depth": 5.69659910012559, "n_estimators": 322.4259403664682}, "datetime": {"datetime": "2021-09-27 19:52:02", "elapsed": 1209.418, "delta": 6.140244}}
{"target": -12.745409926043031, "params": {"eta": 0.058626210018018134, "max_depth": 2.8675929010526326, "n_estimators": 321.4217865866502}, "datetime": {"datetime": "2021-09-27 19:52:05", "elapsed": 1212.377048, "delta": 2.959048}}
{"target": -11.727379091120826, "params": {"eta": 0.2001830032762566, "max_depth": 10.059835553739562, "n_estimators": 384.73214834494803}, "datetime": {"datetime": "2021-09-27 19:52:09", "elapsed": 1216.565729, "delta": 4.188681}}
{"target": -12.562815707885623, "params": {"eta": 0.09571172120846899, "max_depth": 2.6307765535340835, "n_estimators": 328.1280140326451}, "datetime": {"datetime": "2021-09-27 19:52:12", "elapsed": 1219.346932, "delta": 2.781203}}
{"target": -11.436148170090902, "params": {"eta": 0.08691304605783787, "max_depth": 4.162161261991407, "n_estimators": 371.999404096508}, "datetime": {"datetime": "2021-09-27 19:52:16", "elapsed": 1224.114161, "delta": 4.767229}}
{"target": -11.47041195934854, "params": {"eta": 0.1552356784393176, "max_depth": 8.326421920161389, "n_estimators": 342.44051283701765}, "datetime": {"datetime": "2021-09-27 19:52:22", "elapsed": 1229.731161, "delta": 5.617}}
{"target": -11.578487456120609, "params": {"eta": 0.14251022233554772, "max_depth": 5.817713842739623, "n_estimators": 322.4814053637203}, "datetime": {"datetime": "2021-09-27 19:52:30", "elapsed": 1237.906682, "delta": 8.175521}}
{"target": -11.300841478343086, "params": {"eta": 0.16827048532375696, "max_depth": 6.347707507887034, "n_estimators": 312.86660587666125}, "datetime": {"datetime": "2021-09-27 19:52:36", "elapsed": 1243.890001, "delta": 5.983319}}
{"target": -11.92124055111355, "params": {"eta": 0.23475791136209495, "max_depth": 11.629797808007556, "n_estimators": 361.2489732510272}, "datetime": {"datetime": "2021-09-27 19:52:39", "elapsed": 1247.138708, "delta": 3.248707}}
{"target": -11.991214370201222, "params": {"eta": 0.20028016425935685, "max_depth": 7.538302608418886, "n_estimators": 329.29236199719526}, "datetime": {"datetime": "2021-09-27 19:52:43", "elapsed": 1250.627467, "delta": 3.488759}}
{"target": -11.3418880143273, "params": {"eta": 0.05, "max_depth": 8.196665938074087, "n_estimators": 342.1537234012514}, "datetime": {"datetime": "2021-09-27 19:52:49", "elapsed": 1256.454184, "delta": 5.826717}}
{"target": -11.256376346596515, "params": {"eta": 0.18607192761382824, "max_depth": 6.031512749038293, "n_estimators": 322.9670089898733}, "datetime": {"datetime": "2021-09-27 19:52:54", "elapsed": 1261.452534, "delta": 4.99835}}
{"target": -11.553395598790738, "params": {"eta": 0.19523170490009822, "max_depth": 8.191212933684435, "n_estimators": 342.2349598041444}, "datetime": {"datetime": "2021-09-27 19:53:01", "elapsed": 1268.605625, "delta": 7.153091}}
{"target": -11.946184615880759, "params": {"eta": 0.21245835567989502, "max_depth": 6.633278762594067, "n_estimators": 391.1182824869768}, "datetime": {"datetime": "2021-09-27 19:53:06", "elapsed": 1273.376568, "delta": 4.770943}}
{"target": -11.731342280734705, "params": {"eta": 0.28387609778136963, "max_depth": 11.345180453518177, "n_estimators": 361.6772154610316}, "datetime": {"datetime": "2021-09-27 19:53:08", "elapsed": 1276.200585, "delta": 2.824017}}
{"target": -11.170238235767867, "params": {"eta": 0.06802838446593928, "max_depth": 6.566273566048138, "n_estimators": 300.10761791504547}, "datetime": {"datetime": "2021-09-27 19:53:14", "elapsed": 1281.68967, "delta": 5.489085}}
{"target": -13.196047798528946, "params": {"eta": 0.43629501910714985, "max_depth": 2.5664443699709096, "n_estimators": 353.8551465379172}, "datetime": {"datetime": "2021-09-27 19:53:17", "elapsed": 1285.182454, "delta": 3.492784}}
{"target": -11.36894601825205, "params": {"eta": 0.06848758991038141, "max_depth": 6.409001653946446, "n_estimators": 312.7771579814292}, "datetime": {"datetime": "2021-09-27 19:53:25", "elapsed": 1293.190415, "delta": 8.007961}}
{"target": -11.220590041163, "params": {"eta": 0.09662171975678305, "max_depth": 8.365334417099287, "n_estimators": 342.30279518438624}, "datetime": {"datetime": "2021-09-27 19:53:32", "elapsed": 1300.211528, "delta": 7.021113}}
{"target": -12.03741217984747, "params": {"eta": 0.27635110106352134, "max_depth": 8.209659802394265, "n_estimators": 347.43285418849706}, "datetime": {"datetime": "2021-09-27 19:53:35", "elapsed": 1303.237326, "delta": 3.025798}}
{"target": -11.41406151682512, "params": {"eta": 0.07325260963988578, "max_depth": 3.6758898108373907, "n_estimators": 348.5946766355793}, "datetime": {"datetime": "2021-09-27 19:53:38", "elapsed": 1305.727799, "delta": 2.490473}}
{"target": -11.358698860449541, "params": {"eta": 0.23764804810559564, "max_depth": 5.776205353514727, "n_estimators": 322.67055698229984}, "datetime": {"datetime": "2021-09-27 19:53:43", "elapsed": 1310.674407, "delta": 4.946608}}
