{"target": -2.857134106912111, "params": {"eta": 0.0693786806880907, "max_depth": 15.84105770606137, "n_estimators": 38.862917970364606}, "datetime": {"datetime": "2021-09-21 13:47:11", "elapsed": 1293.044939, "delta": 5.358161}}
{"target": -2.258087419208727, "params": {"eta": 0.13005956765650514, "max_depth": 19.18230255267839, "n_estimators": 34.357779027753736}, "datetime": {"datetime": "2021-09-21 13:47:16", "elapsed": 1298.874599, "delta": 5.82966}}
{"target": -3.3163249458137307, "params": {"eta": 0.8669902719504323, "max_depth": 23.475138978155517, "n_estimators": 30.270039606875518}, "datetime": {"datetime": "2021-09-21 13:47:21", "elapsed": 1303.174036, "delta": 4.299437}}
{"target": -3.1880505329684206, "params": {"eta": 0.6642068631434025, "max_depth": 25.15366317331424, "n_estimators": 55.03885588016174}, "datetime": {"datetime": "2021-09-21 13:47:28", "elapsed": 1310.228996, "delta": 7.05496}}
{"target": -3.5593034123119556, "params": {"eta": 0.8343205598215396, "max_depth": 23.710869853425006, "n_estimators": 34.67231671434853}, "datetime": {"datetime": "2021-09-21 13:47:34", "elapsed": 1316.346762, "delta": 6.117766}}
{"target": -2.7970409926615263, "params": {"eta": 0.5730730473675084, "max_depth": 10.63534026098136, "n_estimators": 45.623158807755914}, "datetime": {"datetime": "2021-09-21 13:47:40", "elapsed": 1322.856039, "delta": 6.509277}}
{"target": -2.5429010868072512, "params": {"eta": 0.5283838163004216, "max_depth": 10.214629577578021, "n_estimators": 14.913720728484742}, "datetime": {"datetime": "2021-09-21 13:47:45", "elapsed": 1327.648966, "delta": 4.792927}}
{"target": -3.552437764719913, "params": {"eta": 0.05190613216376957, "max_depth": 10.266544439849481, "n_estimators": 41.26810507533235}, "datetime": {"datetime": "2021-09-21 13:47:52", "elapsed": 1334.752254, "delta": 7.103288}}
{"target": -2.587347700093922, "params": {"eta": 0.4547914029337927, "max_depth": 22.55097191944198, "n_estimators": 53.12927458611319}, "datetime": {"datetime": "2021-09-21 13:47:56", "elapsed": 1338.523047, "delta": 3.770793}}
{"target": -10.446648830489108, "params": {"eta": 0.018783611994683685, "max_depth": 20.354904345755354, "n_estimators": 44.28910376225994}, "datetime": {"datetime": "2021-09-21 13:48:01", "elapsed": 1343.559088, "delta": 5.036041}}
{"target": -2.502726694157249, "params": {"eta": 0.44552206500602093, "max_depth": 11.38240424627116, "n_estimators": 45.64159177186523}, "datetime": {"datetime": "2021-09-21 13:48:07", "elapsed": 1349.795303, "delta": 6.236215}}
{"target": -3.956941493561393, "params": {"eta": 0.07739687797639232, "max_depth": 22.252507870324795, "n_estimators": 25.54217140225123}, "datetime": {"datetime": "2021-09-21 13:48:13", "elapsed": 1355.593226, "delta": 5.797923}}
{"target": -3.6650086471908967, "params": {"eta": 0.9934293966186469, "max_depth": 20.503304188322748, "n_estimators": 12.44917958627756}, "datetime": {"datetime": "2021-09-21 13:48:17", "elapsed": 1359.310781, "delta": 3.717555}}
{"target": -3.70298471137097, "params": {"eta": 1.0, "max_depth": 18.26008281501856, "n_estimators": 37.117582750320274}, "datetime": {"datetime": "2021-09-21 13:48:24", "elapsed": 1366.444089, "delta": 7.133308}}
{"target": -2.3323095967895107, "params": {"eta": 0.18711781291111027, "max_depth": 20.793175256392743, "n_estimators": 45.35133731484753}, "datetime": {"datetime": "2021-09-21 13:48:33", "elapsed": 1374.984911, "delta": 8.540822}}
{"target": -5.956537459398572, "params": {"eta": 0.025982439190331157, "max_depth": 25.308335673884862, "n_estimators": 56.065339873323005}, "datetime": {"datetime": "2021-09-21 13:48:41", "elapsed": 1383.071331, "delta": 8.08642}}
{"target": -4.0025567443747265, "params": {"eta": 0.04007792009666363, "max_depth": 11.787072053777502, "n_estimators": 49.103015466622175}, "datetime": {"datetime": "2021-09-21 13:48:50", "elapsed": 1392.562661, "delta": 9.49133}}
{"target": -2.7214518590977317, "params": {"eta": 0.4213213741307315, "max_depth": 26.31073719599846, "n_estimators": 56.04851294018055}, "datetime": {"datetime": "2021-09-21 13:48:56", "elapsed": 1398.812307, "delta": 6.249646}}
{"target": -3.1836107417156825, "params": {"eta": 0.8782248691242988, "max_depth": 20.331595757056224, "n_estimators": 43.73057549564398}, "datetime": {"datetime": "2021-09-21 13:49:02", "elapsed": 1404.395914, "delta": 5.583607}}
{"target": -15.162292080176503, "params": {"eta": 0.048583795932364164, "max_depth": 1.8136485261883006, "n_estimators": 9.281107239420031}, "datetime": {"datetime": "2021-09-21 13:49:05", "elapsed": 1407.073426, "delta": 2.677512}}
{"target": -2.315557553266224, "params": {"eta": 0.23398694562930095, "max_depth": 19.686483447561198, "n_estimators": 34.914378685777606}, "datetime": {"datetime": "2021-09-21 13:49:11", "elapsed": 1412.959333, "delta": 5.885907}}
{"target": -3.7468908923236945, "params": {"eta": 0.9200780190442266, "max_depth": 20.765788797849694, "n_estimators": 44.52823785618936}, "datetime": {"datetime": "2021-09-21 13:49:16", "elapsed": 1418.778468, "delta": 5.819135}}
{"target": -7.42953536635951, "params": {"eta": 0.159361293404521, "max_depth": 24.007248810030305, "n_estimators": 7.513004785872354}, "datetime": {"datetime": "2021-09-21 13:49:20", "elapsed": 1421.992448, "delta": 3.21398}}
{"target": -2.903889489173889, "params": {"eta": 0.666081643372188, "max_depth": 22.959003232344006, "n_estimators": 53.65833194070267}, "datetime": {"datetime": "2021-09-21 13:49:27", "elapsed": 1429.114089, "delta": 7.121641}}
{"target": -3.862747470328682, "params": {"eta": 0.9455004584846125, "max_depth": 21.52202826765228, "n_estimators": 34.241149666325605}, "datetime": {"datetime": "2021-09-21 13:49:33", "elapsed": 1435.867471, "delta": 6.753382}}
{"target": -3.2836225628852844, "params": {"eta": 0.06224826598052245, "max_depth": 6.789857385196784, "n_estimators": 36.86266046664455}, "datetime": {"datetime": "2021-09-21 13:49:37", "elapsed": 1439.600963, "delta": 3.733492}}
{"target": -2.392299807699103, "params": {"eta": 0.2895703687673577, "max_depth": 16.46316295439413, "n_estimators": 44.67741977182851}, "datetime": {"datetime": "2021-09-21 13:49:44", "elapsed": 1446.349729, "delta": 6.748766}}
{"target": -2.277077440211647, "params": {"eta": 0.1595730317657643, "max_depth": 22.370477510624372, "n_estimators": 53.765294948514686}, "datetime": {"datetime": "2021-09-21 13:49:58", "elapsed": 1459.951984, "delta": 13.602255}}
{"target": -13.314511914315977, "params": {"eta": 0.01, "max_depth": 28.65541538493268, "n_estimators": 57.640052855826724}, "datetime": {"datetime": "2021-09-21 13:50:05", "elapsed": 1467.423291, "delta": 7.471307}}
{"target": -2.5291620417645104, "params": {"eta": 0.27322724180296304, "max_depth": 28.371326400076704, "n_estimators": 56.65662197938205}, "datetime": {"datetime": "2021-09-21 13:50:12", "elapsed": 1474.411498, "delta": 6.988207}}
{"target": -6.151459518231843, "params": {"eta": 0.024561205629622978, "max_depth": 28.4394452867159, "n_estimators": 58.799649426257965}, "datetime": {"datetime": "2021-09-21 13:50:18", "elapsed": 1480.799478, "delta": 6.38798}}
{"target": -6.775012148054023, "params": {"eta": 0.02301410621724829, "max_depth": 29.76029598872591, "n_estimators": 57.63307509184754}, "datetime": {"datetime": "2021-09-21 13:50:24", "elapsed": 1486.051924, "delta": 5.252446}}
{"target": -3.4968442113775957, "params": {"eta": 0.9154502546137759, "max_depth": 10.752982852547674, "n_estimators": 10.545352986092075}, "datetime": {"datetime": "2021-09-21 13:50:27", "elapsed": 1489.880381, "delta": 3.828457}}
{"target": -2.6829056363356742, "params": {"eta": 0.5874158947194463, "max_depth": 3.673897278008127, "n_estimators": 18.159002121232078}, "datetime": {"datetime": "2021-09-21 13:50:31", "elapsed": 1493.051372, "delta": 3.170991}}
{"target": -3.0931373684029833, "params": {"eta": 0.7146010587990834, "max_depth": 28.4977592615931, "n_estimators": 57.04843446019923}, "datetime": {"datetime": "2021-09-21 13:50:37", "elapsed": 1499.750207, "delta": 6.698835}}
{"target": -2.7171099945118553, "params": {"eta": 0.5595472675607059, "max_depth": 25.668448883981004, "n_estimators": 56.44143603348139}, "datetime": {"datetime": "2021-09-21 13:50:46", "elapsed": 1508.658348, "delta": 8.908141}}
{"target": -2.88200013574801, "params": {"eta": 0.6043850781082153, "max_depth": 29.41546430527057, "n_estimators": 57.9849753163194}, "datetime": {"datetime": "2021-09-21 13:50:52", "elapsed": 1513.957366, "delta": 5.299018}}
{"target": -3.0124942597589994, "params": {"eta": 0.5793419768398229, "max_depth": 20.77404586256513, "n_estimators": 38.52575203175102}, "datetime": {"datetime": "2021-09-21 13:50:58", "elapsed": 1520.382407, "delta": 6.425041}}
{"target": -3.1269046432093566, "params": {"eta": 0.7157393655696087, "max_depth": 16.73219701547129, "n_estimators": 44.32339874837054}, "datetime": {"datetime": "2021-09-21 13:51:05", "elapsed": 1527.443065, "delta": 7.060658}}
{"target": -2.70637629032135, "params": {"eta": 0.4924558159597432, "max_depth": 27.563729864964806, "n_estimators": 57.29052046896557}, "datetime": {"datetime": "2021-09-21 13:51:12", "elapsed": 1534.639564, "delta": 7.196499}}
{"target": -3.079368031024933, "params": {"eta": 0.734965295998328, "max_depth": 22.61594847737473, "n_estimators": 36.995262090203944}, "datetime": {"datetime": "2021-09-21 13:51:20", "elapsed": 1542.499306, "delta": 7.859742}}
{"target": -3.372969192580173, "params": {"eta": 0.9584824977849892, "max_depth": 13.51372162645369, "n_estimators": 32.718920908867084}, "datetime": {"datetime": "2021-09-21 13:51:26", "elapsed": 1548.598576, "delta": 6.09927}}
{"target": -3.0130583223543668, "params": {"eta": 0.727806555070012, "max_depth": 23.913143405081385, "n_estimators": 37.026900337209604}, "datetime": {"datetime": "2021-09-21 13:51:33", "elapsed": 1555.240997, "delta": 6.642421}}
{"target": -2.389820283337643, "params": {"eta": 0.23680432935208437, "max_depth": 29.927506810810094, "n_estimators": 58.61675988704245}, "datetime": {"datetime": "2021-09-21 13:51:42", "elapsed": 1564.42167, "delta": 9.180673}}
{"target": -2.2370736517404257, "params": {"eta": 0.211665794945829, "max_depth": 10.261613622728287, "n_estimators": 44.2171906487517}, "datetime": {"datetime": "2021-09-21 13:51:49", "elapsed": 1571.939315, "delta": 7.517645}}
{"target": -2.430615397503501, "params": {"eta": 0.290457310304933, "max_depth": 13.26966203612785, "n_estimators": 32.15760251859862}, "datetime": {"datetime": "2021-09-21 13:51:56", "elapsed": 1578.195397, "delta": 6.256082}}
{"target": -2.32854033332122, "params": {"eta": 0.32771153696323724, "max_depth": 26.617232190397367, "n_estimators": 55.24299837994436}, "datetime": {"datetime": "2021-09-21 13:52:06", "elapsed": 1588.214409, "delta": 10.019012}}
{"target": -10.713411378860473, "params": {"eta": 0.018157196249992347, "max_depth": 10.072413136249374, "n_estimators": 44.919511135835776}, "datetime": {"datetime": "2021-09-21 13:52:14", "elapsed": 1596.400694, "delta": 8.186285}}
{"target": -2.4657914230698035, "params": {"eta": 0.36263955927473673, "max_depth": 20.70856618826225, "n_estimators": 36.406055892753976}, "datetime": {"datetime": "2021-09-21 13:52:22", "elapsed": 1604.115134, "delta": 7.71444}}
{"target": -10.309857764369562, "params": {"eta": 0.015616575706412672, "max_depth": 17.23103310046592, "n_estimators": 54.55831143369104}, "datetime": {"datetime": "2021-09-21 13:52:27", "elapsed": 1609.151839, "delta": 5.036705}}
{"target": -2.3777418908319974, "params": {"eta": 0.2625772377615815, "max_depth": 5.9956405575834815, "n_estimators": 29.534040543953505}, "datetime": {"datetime": "2021-09-21 13:52:32", "elapsed": 1613.965853, "delta": 4.814014}}
{"target": -3.7829153876555592, "params": {"eta": 0.04720570750480859, "max_depth": 10.724126455182045, "n_estimators": 43.95735491670727}, "datetime": {"datetime": "2021-09-21 13:52:36", "elapsed": 1618.622541, "delta": 4.656688}}
{"target": -3.4806733451391523, "params": {"eta": 0.9915425718258926, "max_depth": 10.544534555552511, "n_estimators": 44.586597670378985}, "datetime": {"datetime": "2021-09-21 13:52:43", "elapsed": 1625.723163, "delta": 7.100622}}
{"target": -2.360560303612759, "params": {"eta": 0.43838322021981707, "max_depth": 27.110428069917216, "n_estimators": 54.587767401012044}, "datetime": {"datetime": "2021-09-21 13:52:49", "elapsed": 1631.088149, "delta": 5.364986}}
{"target": -11.578488531238156, "params": {"eta": 0.020388765754641755, "max_depth": 15.123532372077893, "n_estimators": 35.05715584427289}, "datetime": {"datetime": "2021-09-21 13:52:54", "elapsed": 1636.756055, "delta": 5.667906}}
{"target": -2.5582492138210093, "params": {"eta": 0.5322627462952473, "max_depth": 27.282736543109834, "n_estimators": 55.446413851115466}, "datetime": {"datetime": "2021-09-21 13:53:03", "elapsed": 1645.90453, "delta": 9.148475}}
{"target": -3.0347969143014204, "params": {"eta": 0.6264334941782649, "max_depth": 22.483991236389063, "n_estimators": 54.22410489708162}, "datetime": {"datetime": "2021-09-21 13:53:13", "elapsed": 1655.443304, "delta": 9.538774}}
{"target": -2.4782950903240004, "params": {"eta": 0.2456301966964587, "max_depth": 16.004872080963757, "n_estimators": 34.074851037573765}, "datetime": {"datetime": "2021-09-21 13:53:21", "elapsed": 1663.508488, "delta": 8.065184}}
{"target": -2.428249856672789, "params": {"eta": 0.293125343613139, "max_depth": 19.837589134896866, "n_estimators": 35.78309591651983}, "datetime": {"datetime": "2021-09-21 13:53:29", "elapsed": 1671.772196, "delta": 8.263708}}
{"target": -3.2789732192692007, "params": {"eta": 0.7806973305997114, "max_depth": 15.601403716481654, "n_estimators": 38.603040003496176}, "datetime": {"datetime": "2021-09-21 13:53:39", "elapsed": 1681.448121, "delta": 9.675925}}
{"target": -2.3241524112851994, "params": {"eta": 0.2824816016068937, "max_depth": 22.087413848789172, "n_estimators": 33.854199494861334}, "datetime": {"datetime": "2021-09-21 13:53:48", "elapsed": 1690.599318, "delta": 9.151197}}
{"target": -8.674945781732859, "params": {"eta": 0.10963836739476525, "max_depth": 5.907496015551017, "n_estimators": 9.606858652339728}, "datetime": {"datetime": "2021-09-21 13:53:52", "elapsed": 1694.326165, "delta": 3.726847}}
{"target": -19.22242035552075, "params": {"eta": 0.011054766521222826, "max_depth": 10.094877045128174, "n_estimators": 17.15375419904457}, "datetime": {"datetime": "2021-09-21 13:53:55", "elapsed": 1697.70283, "delta": 3.376665}}
{"target": -3.2641769663283697, "params": {"eta": 0.8108596650694719, "max_depth": 15.595592522509268, "n_estimators": 33.87213458236308}, "datetime": {"datetime": "2021-09-21 13:54:02", "elapsed": 1704.382723, "delta": 6.679893}}
{"target": -2.330947667046597, "params": {"eta": 0.09258425200701334, "max_depth": 10.957269589997017, "n_estimators": 46.13344483719155}, "datetime": {"datetime": "2021-09-21 13:54:10", "elapsed": 1712.880131, "delta": 8.497408}}
{"target": -2.796266727071059, "params": {"eta": 0.5700019725396317, "max_depth": 19.457711866721755, "n_estimators": 34.01551205298107}, "datetime": {"datetime": "2021-09-21 13:54:18", "elapsed": 1720.730697, "delta": 7.850566}}
{"target": -2.336737135836952, "params": {"eta": 0.07692840737607777, "max_depth": 13.065668455871556, "n_estimators": 49.2021096184388}, "datetime": {"datetime": "2021-09-21 13:54:28", "elapsed": 1729.985995, "delta": 9.255298}}
{"target": -2.923163971148039, "params": {"eta": 0.4621309925282608, "max_depth": 1.6651429459343596, "n_estimators": 53.62213922641578}, "datetime": {"datetime": "2021-09-21 13:54:31", "elapsed": 1733.749308, "delta": 3.763313}}
{"target": -2.307878627275166, "params": {"eta": 0.2143492537966194, "max_depth": 17.393182727380168, "n_estimators": 39.43878831255592}, "datetime": {"datetime": "2021-09-21 13:54:37", "elapsed": 1739.853528, "delta": 6.10422}}
{"target": -2.352639731607939, "params": {"eta": 0.19112745499853, "max_depth": 16.767978858873636, "n_estimators": 24.552679214754097}, "datetime": {"datetime": "2021-09-21 13:54:42", "elapsed": 1744.61194, "delta": 4.758412}}
{"target": -2.5699497273093774, "params": {"eta": 0.34945062524349035, "max_depth": 24.7357666403254, "n_estimators": 10.460488390043116}, "datetime": {"datetime": "2021-09-21 13:54:46", "elapsed": 1748.19305, "delta": 3.58111}}
{"target": -2.339297772081275, "params": {"eta": 0.21367192929880688, "max_depth": 16.99659667731288, "n_estimators": 38.86687808300746}, "datetime": {"datetime": "2021-09-21 13:54:55", "elapsed": 1757.634026, "delta": 9.440976}}
{"target": -2.5532352246736227, "params": {"eta": 0.430760203975146, "max_depth": 16.70406488892337, "n_estimators": 39.55505082209922}, "datetime": {"datetime": "2021-09-21 13:55:03", "elapsed": 1765.901397, "delta": 8.267371}}
{"target": -3.2675958482842695, "params": {"eta": 0.7597832692647728, "max_depth": 17.084373829435062, "n_estimators": 39.21665929346304}, "datetime": {"datetime": "2021-09-21 13:55:11", "elapsed": 1773.245091, "delta": 7.343694}}
{"target": -5.127927491539403, "params": {"eta": 0.028606777584905034, "max_depth": 24.824120924498928, "n_estimators": 57.14429021232724}, "datetime": {"datetime": "2021-09-21 13:55:18", "elapsed": 1780.305136, "delta": 7.060045}}
{"target": -2.3380155444145205, "params": {"eta": 0.09656416017565432, "max_depth": 22.96616994870089, "n_estimators": 54.13807705010508}, "datetime": {"datetime": "2021-09-21 13:55:27", "elapsed": 1789.125964, "delta": 8.820828}}
{"target": -2.380596342212275, "params": {"eta": 0.22348009219031129, "max_depth": 21.863966242394945, "n_estimators": 53.241563906088835}, "datetime": {"datetime": "2021-09-21 13:55:34", "elapsed": 1796.773494, "delta": 7.64753}}
{"target": -2.221973603650143, "params": {"eta": 0.2037192914646195, "max_depth": 25.01702219035369, "n_estimators": 54.20390567048539}, "datetime": {"datetime": "2021-09-21 13:55:46", "elapsed": 1808.643848, "delta": 11.870354}}
{"target": -19.36894089171761, "params": {"eta": 0.16694656957851953, "max_depth": 24.274888300080487, "n_estimators": 1.9071411392056412}, "datetime": {"datetime": "2021-09-21 13:55:50", "elapsed": 1812.355511, "delta": 3.711663}}
{"target": -2.252616828993747, "params": {"eta": 0.08844576960734661, "max_depth": 11.99332684892364, "n_estimators": 56.389984103880316}, "datetime": {"datetime": "2021-09-21 13:55:55", "elapsed": 1817.359904, "delta": 5.004393}}
{"target": -2.265425897272009, "params": {"eta": 0.09886486678222374, "max_depth": 11.316349069140802, "n_estimators": 55.993360573319976}, "datetime": {"datetime": "2021-09-21 13:56:03", "elapsed": 1825.609721, "delta": 8.249817}}
{"target": -2.55122181239881, "params": {"eta": 0.37490639811529225, "max_depth": 20.454179661521028, "n_estimators": 17.86409606194385}, "datetime": {"datetime": "2021-09-21 13:56:10", "elapsed": 1832.247833, "delta": 6.638112}}
{"target": -2.525072439093339, "params": {"eta": 0.3796919157557382, "max_depth": 28.884356846315107, "n_estimators": 12.29930477900575}, "datetime": {"datetime": "2021-09-21 13:56:15", "elapsed": 1837.383838, "delta": 5.136005}}
{"target": -2.475428693545492, "params": {"eta": 0.25295060461506286, "max_depth": 12.154555538274703, "n_estimators": 55.83044373282981}, "datetime": {"datetime": "2021-09-21 13:56:23", "elapsed": 1845.897428, "delta": 8.51359}}
{"target": -10.355905701298463, "params": {"eta": 0.014962009228376243, "max_depth": 11.309404343691455, "n_estimators": 56.703874578987055}, "datetime": {"datetime": "2021-09-21 13:56:30", "elapsed": 1852.942299, "delta": 7.044871}}
{"target": -2.386151859634801, "params": {"eta": 0.39172514694964583, "max_depth": 11.433551613546152, "n_estimators": 55.395448032513045}, "datetime": {"datetime": "2021-09-21 13:56:40", "elapsed": 1862.123406, "delta": 9.181107}}
{"target": -3.198088910705165, "params": {"eta": 0.8985148119273431, "max_depth": 25.623968939223147, "n_estimators": 28.275653960468635}, "datetime": {"datetime": "2021-09-21 13:56:48", "elapsed": 1870.648213, "delta": 8.524807}}
{"target": -2.995719542001423, "params": {"eta": 0.578456975007138, "max_depth": 12.647031649416169, "n_estimators": 56.39906124757345}, "datetime": {"datetime": "2021-09-21 13:56:56", "elapsed": 1877.993502, "delta": 7.345289}}
{"target": -2.655619476343456, "params": {"eta": 0.5105749229479833, "max_depth": 8.866789685153686, "n_estimators": 48.42253567696477}, "datetime": {"datetime": "2021-09-21 13:57:02", "elapsed": 1884.518375, "delta": 6.524873}}
{"target": -2.3757969366876703, "params": {"eta": 0.22055830706108287, "max_depth": 10.802293642455345, "n_estimators": 55.46302516904261}, "datetime": {"datetime": "2021-09-21 13:57:15", "elapsed": 1896.991675, "delta": 12.4733}}
{"target": -2.3774804598406742, "params": {"eta": 0.09765907428028459, "max_depth": 13.114389140082862, "n_estimators": 42.11272503198424}, "datetime": {"datetime": "2021-09-21 13:57:20", "elapsed": 1902.681167, "delta": 5.689492}}
{"target": -13.835871725019658, "params": {"eta": 0.01, "max_depth": 21.651198543902808, "n_estimators": 53.956637947931966}, "datetime": {"datetime": "2021-09-21 13:57:29", "elapsed": 1911.607068, "delta": 8.925901}}
{"target": -3.0701386319963557, "params": {"eta": 0.6784818439937224, "max_depth": 21.818980678409815, "n_estimators": 52.98532892080339}, "datetime": {"datetime": "2021-09-21 13:57:36", "elapsed": 1918.637678, "delta": 7.03061}}
{"target": -3.2297942519187925, "params": {"eta": 0.8150577540990956, "max_depth": 12.96099401559196, "n_estimators": 42.08579440920155}, "datetime": {"datetime": "2021-09-21 13:57:45", "elapsed": 1927.363366, "delta": 8.725688}}
{"target": -3.3709088105904423, "params": {"eta": 0.04272681469003583, "max_depth": 26.272748451438428, "n_estimators": 53.976145840766804}, "datetime": {"datetime": "2021-09-21 13:57:55", "elapsed": 1937.226575, "delta": 9.863209}}
