{"target": -2.6835206044347664, "params": {"eta": 0.513514593707501, "max_depth": 10.130183200908093, "n_estimators": 36.84200535995022}, "datetime": {"datetime": "2021-09-21 13:30:02", "elapsed": 267.490014, "delta": 2.569217}}
{"target": -3.466841977520993, "params": {"eta": 0.8016687905396768, "max_depth": 20.342640048162977, "n_estimators": 18.096311751615247}, "datetime": {"datetime": "2021-09-21 13:30:05", "elapsed": 270.8746, "delta": 3.384586}}
{"target": -3.117541568530233, "params": {"eta": 0.07307373880662019, "max_depth": 24.395235327896717, "n_estimators": 35.19902861994891}, "datetime": {"datetime": "2021-09-21 13:30:07", "elapsed": 272.644851, "delta": 1.770251}}
{"target": -2.9587817609310147, "params": {"eta": 1.0, "max_depth": 2.6675915005659157, "n_estimators": 43.18825139285479}, "datetime": {"datetime": "2021-09-21 13:30:09", "elapsed": 274.676628, "delta": 2.031777}}
{"target": -3.49476653713929, "params": {"eta": 0.7800288354549249, "max_depth": 13.060917558248937, "n_estimators": 34.57344543325138}, "datetime": {"datetime": "2021-09-21 13:30:12", "elapsed": 277.178695, "delta": 2.502067}}
{"target": -3.461554740604601, "params": {"eta": 0.8783833529540244, "max_depth": 21.94319197746129, "n_estimators": 12.260588155321914}, "datetime": {"datetime": "2021-09-21 13:30:14", "elapsed": 279.256537, "delta": 2.077842}}
{"target": -3.1858248603971377, "params": {"eta": 1.0, "max_depth": 24.79339658500156, "n_estimators": 27.147125728003076}, "datetime": {"datetime": "2021-09-21 13:30:16", "elapsed": 281.515949, "delta": 2.259412}}
{"target": -3.3007408135815672, "params": {"eta": 0.9215091392482545, "max_depth": 16.149822248647105, "n_estimators": 52.18725992815808}, "datetime": {"datetime": "2021-09-21 13:30:20", "elapsed": 285.604687, "delta": 4.088738}}
{"target": -3.1281366203960617, "params": {"eta": 0.7885846250717269, "max_depth": 8.998138909972212, "n_estimators": 23.201340981682396}, "datetime": {"datetime": "2021-09-21 13:30:23", "elapsed": 288.294877, "delta": 2.69019}}
{"target": -3.263408007119832, "params": {"eta": 0.96182584773636, "max_depth": 19.114816850627207, "n_estimators": 44.6259527712011}, "datetime": {"datetime": "2021-09-21 13:30:25", "elapsed": 290.576964, "delta": 2.282087}}
{"target": -13.541609772255548, "params": {"eta": 0.01, "max_depth": 1.0, "n_estimators": 57.73750279718813}, "datetime": {"datetime": "2021-09-21 13:30:27", "elapsed": 292.268814, "delta": 1.69185}}
{"target": -3.4301715210864416, "params": {"eta": 0.9796600714978239, "max_depth": 4.184216177568233, "n_estimators": 58.67784917130412}, "datetime": {"datetime": "2021-09-21 13:30:30", "elapsed": 295.215569, "delta": 2.946755}}
{"target": -18.26453559759416, "params": {"eta": 0.01, "max_depth": 5.523926020759514, "n_estimators": 24.58712686002656}, "datetime": {"datetime": "2021-09-21 13:30:32", "elapsed": 297.368494, "delta": 2.152925}}
{"target": -3.545112934865449, "params": {"eta": 1.0, "max_depth": 8.25617879356675, "n_estimators": 20.077645745210415}, "datetime": {"datetime": "2021-09-21 13:30:34", "elapsed": 299.661731, "delta": 2.293237}}
{"target": -3.371146005078366, "params": {"eta": 0.7789927939148731, "max_depth": 10.819665994662488, "n_estimators": 20.761896414602592}, "datetime": {"datetime": "2021-09-21 13:30:38", "elapsed": 303.839465, "delta": 4.177734}}
{"target": -2.43264891599354, "params": {"eta": 0.20677095655878905, "max_depth": 4.472391425306116, "n_estimators": 34.41697060602357}, "datetime": {"datetime": "2021-09-21 13:30:41", "elapsed": 306.276091, "delta": 2.436626}}
{"target": -2.81834283126028, "params": {"eta": 0.0902863732499013, "max_depth": 22.793742754167003, "n_estimators": 34.22818524836318}, "datetime": {"datetime": "2021-09-21 13:30:44", "elapsed": 309.011558, "delta": 2.735467}}
{"target": -2.5662022364766974, "params": {"eta": 0.0667241013972308, "max_depth": 17.219740109224134, "n_estimators": 58.496996615757176}, "datetime": {"datetime": "2021-09-21 13:30:48", "elapsed": 313.833131, "delta": 4.821573}}
{"target": -3.2591915883516007, "params": {"eta": 0.9368757124936763, "max_depth": 6.583839954194879, "n_estimators": 33.7036097377409}, "datetime": {"datetime": "2021-09-21 13:30:51", "elapsed": 316.785637, "delta": 2.952506}}
{"target": -3.1826898781876816, "params": {"eta": 1.0, "max_depth": 20.865041640402957, "n_estimators": 23.02837284545781}, "datetime": {"datetime": "2021-09-21 13:30:54", "elapsed": 319.709867, "delta": 2.92423}}
{"target": -18.98034224729789, "params": {"eta": 0.01, "max_depth": 18.57180117737061, "n_estimators": 20.544277361268684}, "datetime": {"datetime": "2021-09-21 13:30:57", "elapsed": 322.402468, "delta": 2.692601}}
{"target": -2.5596419748507047, "params": {"eta": 0.3488705963553968, "max_depth": 18.982994611977443, "n_estimators": 17.048994241916027}, "datetime": {"datetime": "2021-09-21 13:31:00", "elapsed": 325.288785, "delta": 2.886317}}
{"target": -3.2749224731796662, "params": {"eta": 0.9619344681852388, "max_depth": 23.07820969700118, "n_estimators": 24.636074332792006}, "datetime": {"datetime": "2021-09-21 13:31:03", "elapsed": 328.011656, "delta": 2.722871}}
{"target": -3.346402332029845, "params": {"eta": 0.8445219001197858, "max_depth": 26.817229427603145, "n_estimators": 26.79492249705621}, "datetime": {"datetime": "2021-09-21 13:31:05", "elapsed": 330.400785, "delta": 2.389129}}
{"target": -14.661544734239579, "params": {"eta": 0.01, "max_depth": 14.076968827265219, "n_estimators": 47.08919672118387}, "datetime": {"datetime": "2021-09-21 13:31:08", "elapsed": 333.703534, "delta": 3.302749}}
{"target": -3.4364177452890496, "params": {"eta": 0.732070859874662, "max_depth": 13.34938633982896, "n_estimators": 49.96452479528085}, "datetime": {"datetime": "2021-09-21 13:31:10", "elapsed": 335.888257, "delta": 2.184723}}
{"target": -2.789916752514086, "params": {"eta": 0.4870469590177426, "max_depth": 2.3331160628290117, "n_estimators": 36.809535431118384}, "datetime": {"datetime": "2021-09-21 13:31:13", "elapsed": 338.415962, "delta": 2.527705}}
{"target": -15.953336038401254, "params": {"eta": 0.01, "max_depth": 4.457648234673102, "n_estimators": 38.48062508091964}, "datetime": {"datetime": "2021-09-21 13:31:15", "elapsed": 340.665423, "delta": 2.249461}}
{"target": -2.9372299639802235, "params": {"eta": 0.840707482039907, "max_depth": 3.274292129370547, "n_estimators": 40.64944233930674}, "datetime": {"datetime": "2021-09-21 13:31:18", "elapsed": 343.854628, "delta": 3.189205}}
{"target": -3.3414221788707534, "params": {"eta": 1.0, "max_depth": 4.20855092021285, "n_estimators": 44.16224012998038}, "datetime": {"datetime": "2021-09-21 13:31:21", "elapsed": 346.632134, "delta": 2.777506}}
{"target": -3.21449685033999, "params": {"eta": 1.0, "max_depth": 12.942812917974774, "n_estimators": 19.370765992833665}, "datetime": {"datetime": "2021-09-21 13:31:25", "elapsed": 350.044762, "delta": 3.412628}}
{"target": -3.5404112960162912, "params": {"eta": 0.8113178146284648, "max_depth": 12.18530980873671, "n_estimators": 48.12302126258959}, "datetime": {"datetime": "2021-09-21 13:31:28", "elapsed": 353.19353, "delta": 3.148768}}
{"target": -3.3055929491394447, "params": {"eta": 0.9955645252663333, "max_depth": 26.489339451418704, "n_estimators": 50.87152999742091}, "datetime": {"datetime": "2021-09-21 13:31:30", "elapsed": 355.748728, "delta": 2.555198}}
{"target": -6.094341992704492, "params": {"eta": 0.05896111214204861, "max_depth": 29.06312705781585, "n_estimators": 24.891258213647884}, "datetime": {"datetime": "2021-09-21 13:31:33", "elapsed": 358.375437, "delta": 2.626709}}
{"target": -3.2856115604701794, "params": {"eta": 0.9090399922781445, "max_depth": 28.721050201138215, "n_estimators": 26.767976521938497}, "datetime": {"datetime": "2021-09-21 13:31:35", "elapsed": 360.825172, "delta": 2.449735}}
{"target": -3.686878422686928, "params": {"eta": 0.06037194589726502, "max_depth": 1.9332863319946605, "n_estimators": 54.851535706125}, "datetime": {"datetime": "2021-09-21 13:31:37", "elapsed": 362.909614, "delta": 2.084442}}
{"target": -3.4341216451243346, "params": {"eta": 0.8042407735650325, "max_depth": 26.546166908994117, "n_estimators": 58.01247680900905}, "datetime": {"datetime": "2021-09-21 13:31:42", "elapsed": 367.866925, "delta": 4.957311}}
{"target": -3.1779368080590897, "params": {"eta": 1.0, "max_depth": 15.735373355080561, "n_estimators": 19.185555381860176}, "datetime": {"datetime": "2021-09-21 13:31:46", "elapsed": 371.646261, "delta": 3.779336}}
{"target": -2.8642080765021474, "params": {"eta": 0.6751614046856207, "max_depth": 19.240052218350026, "n_estimators": 23.59217550606386}, "datetime": {"datetime": "2021-09-21 13:31:49", "elapsed": 374.603206, "delta": 2.956945}}
{"target": -2.562908741047508, "params": {"eta": 0.20910678386352236, "max_depth": 11.118195173077865, "n_estimators": 46.66480402132223}, "datetime": {"datetime": "2021-09-21 13:31:52", "elapsed": 377.958856, "delta": 3.35565}}
{"target": -17.105673225616155, "params": {"eta": 0.014646510609288791, "max_depth": 21.231224370712056, "n_estimators": 21.54250421661751}, "datetime": {"datetime": "2021-09-21 13:31:55", "elapsed": 380.375512, "delta": 2.416656}}
{"target": -6.281501995262346, "params": {"eta": 0.06261654235334439, "max_depth": 23.447661628303077, "n_estimators": 22.675431898124135}, "datetime": {"datetime": "2021-09-21 13:31:57", "elapsed": 382.888098, "delta": 2.512586}}
{"target": -3.4144577054600966, "params": {"eta": 0.9436522719027814, "max_depth": 16.34689048265247, "n_estimators": 57.94513682959973}, "datetime": {"datetime": "2021-09-21 13:32:01", "elapsed": 386.285514, "delta": 3.397416}}
{"target": -3.4232975890761925, "params": {"eta": 0.7488712734621243, "max_depth": 11.773548386707445, "n_estimators": 37.82743909421987}, "datetime": {"datetime": "2021-09-21 13:32:04", "elapsed": 389.702013, "delta": 3.416499}}
{"target": -16.890684667700217, "params": {"eta": 0.01, "max_depth": 3.804843040425039, "n_estimators": 32.011886794601025}, "datetime": {"datetime": "2021-09-21 13:32:08", "elapsed": 393.07867, "delta": 3.376657}}
{"target": -2.874077512088575, "params": {"eta": 0.6526632287729649, "max_depth": 2.9839169578667155, "n_estimators": 34.285302551952896}, "datetime": {"datetime": "2021-09-21 13:32:11", "elapsed": 396.69868, "delta": 2.108696}}
{"target": -3.2215212360808723, "params": {"eta": 0.9967863321601688, "max_depth": 5.1698872730187855, "n_estimators": 33.370980712496554}, "datetime": {"datetime": "2021-09-21 13:32:14", "elapsed": 399.31212, "delta": 2.61344}}
{"target": -2.4179503873774877, "params": {"eta": 0.10580270910125687, "max_depth": 28.55657290844737, "n_estimators": 56.64614281547655}, "datetime": {"datetime": "2021-09-21 13:32:18", "elapsed": 403.492247, "delta": 4.180127}}
{"target": -16.7063465074489, "params": {"eta": 0.01, "max_depth": 1.7270440912164688, "n_estimators": 34.968017153718215}, "datetime": {"datetime": "2021-09-21 13:32:20", "elapsed": 405.872091, "delta": 2.379844}}
{"target": -3.4051852251354013, "params": {"eta": 0.9481283506360173, "max_depth": 24.668818982408013, "n_estimators": 13.91616907950591}, "datetime": {"datetime": "2021-09-21 13:32:22", "elapsed": 407.780311, "delta": 1.90822}}
{"target": -3.0937054063144482, "params": {"eta": 0.9345702396184299, "max_depth": 3.733149530008043, "n_estimators": 36.071738140433304}, "datetime": {"datetime": "2021-09-21 13:32:26", "elapsed": 411.443604, "delta": 3.663293}}
{"target": -14.115506509730691, "params": {"eta": 0.01, "max_depth": 25.7247052764523, "n_estimators": 51.39745038499862}, "datetime": {"datetime": "2021-09-21 13:32:29", "elapsed": 414.330953, "delta": 2.887349}}
{"target": -3.298794941839419, "params": {"eta": 0.9872664821797393, "max_depth": 27.700791324251778, "n_estimators": 51.76442149250943}, "datetime": {"datetime": "2021-09-21 13:32:33", "elapsed": 418.905777, "delta": 4.574824}}
{"target": -2.6444232545400923, "params": {"eta": 0.4612744872185036, "max_depth": 12.549526501648154, "n_estimators": 46.98668627539577}, "datetime": {"datetime": "2021-09-21 13:32:37", "elapsed": 422.138818, "delta": 3.233041}}
{"target": -3.367696980426186, "params": {"eta": 0.8553612546319196, "max_depth": 29.199238390565082, "n_estimators": 56.903263044163566}, "datetime": {"datetime": "2021-09-21 13:32:42", "elapsed": 427.376349, "delta": 5.237531}}
{"target": -2.850490556265178, "params": {"eta": 0.6806760466666008, "max_depth": 5.893607023789361, "n_estimators": 32.290288869146266}, "datetime": {"datetime": "2021-09-21 13:32:45", "elapsed": 430.733203, "delta": 3.356854}}
{"target": -4.98775922248238, "params": {"eta": 0.029146946623937416, "max_depth": 27.22011470733844, "n_estimators": 58.88891177585123}, "datetime": {"datetime": "2021-09-21 13:32:49", "elapsed": 434.714243, "delta": 3.98104}}
{"target": -3.5356514485258805, "params": {"eta": 0.7599477887178863, "max_depth": 27.076910447109096, "n_estimators": 49.55225667160874}, "datetime": {"datetime": "2021-09-21 13:32:53", "elapsed": 438.088115, "delta": 3.373872}}
{"target": -2.7220991837350947, "params": {"eta": 0.3457704179133139, "max_depth": 23.90016200882064, "n_estimators": 36.56744775908866}, "datetime": {"datetime": "2021-09-21 13:32:57", "elapsed": 442.291755, "delta": 4.20364}}
{"target": -2.7712969710952358, "params": {"eta": 0.05946232095962956, "max_depth": 27.668186375390896, "n_estimators": 53.16256045227505}, "datetime": {"datetime": "2021-09-21 13:33:02", "elapsed": 447.578142, "delta": 5.286387}}
{"target": -3.021313277200649, "params": {"eta": 0.9976476075693599, "max_depth": 2.06311110653599, "n_estimators": 37.84358217484288}, "datetime": {"datetime": "2021-09-21 13:33:06", "elapsed": 451.339736, "delta": 3.761594}}
{"target": -3.3173323254836236, "params": {"eta": 0.9498920871843396, "max_depth": 23.295742615113166, "n_estimators": 34.927556842558765}, "datetime": {"datetime": "2021-09-21 13:33:10", "elapsed": 455.136765, "delta": 3.797029}}
{"target": -3.0408852439177663, "params": {"eta": 1.0, "max_depth": 1.4625510089240013, "n_estimators": 41.927941079089734}, "datetime": {"datetime": "2021-09-21 13:33:13", "elapsed": 458.183875, "delta": 3.04711}}
{"target": -2.474559001546157, "params": {"eta": 0.1822610064762454, "max_depth": 20.10073670329352, "n_estimators": 43.58355482875691}, "datetime": {"datetime": "2021-09-21 13:33:16", "elapsed": 461.916669, "delta": 3.732794}}
{"target": -3.2673524047199045, "params": {"eta": 0.9299163755482633, "max_depth": 7.541825485042984, "n_estimators": 22.911025818675444}, "datetime": {"datetime": "2021-09-21 13:33:19", "elapsed": 464.695135, "delta": 2.778466}}
{"target": -2.432963317946384, "params": {"eta": 0.20353789795940413, "max_depth": 25.708378482940045, "n_estimators": 48.72369398749062}, "datetime": {"datetime": "2021-09-21 13:33:24", "elapsed": 469.046009, "delta": 4.350874}}
{"target": -2.614745929994081, "params": {"eta": 0.42691493760235083, "max_depth": 26.538656553577052, "n_estimators": 38.0605572194565}, "datetime": {"datetime": "2021-09-21 13:33:29", "elapsed": 474.238205, "delta": 5.192196}}
{"target": -7.2332483065755735, "params": {"eta": 0.047111369835746854, "max_depth": 25.290414639752328, "n_estimators": 26.313177055893263}, "datetime": {"datetime": "2021-09-21 13:33:33", "elapsed": 478.160081, "delta": 3.921876}}
{"target": -6.057920220023706, "params": {"eta": 0.059308601308326596, "max_depth": 20.668084530843906, "n_estimators": 24.154173417956574}, "datetime": {"datetime": "2021-09-21 13:33:36", "elapsed": 481.42617, "delta": 3.266089}}
{"target": -3.2061084810056184, "params": {"eta": 1.0, "max_depth": 22.78390539747537, "n_estimators": 33.21154288310659}, "datetime": {"datetime": "2021-09-21 13:33:39", "elapsed": 484.816718, "delta": 3.390548}}
{"target": -2.467559881586778, "params": {"eta": 0.15400077318128558, "max_depth": 29.93919691161644, "n_estimators": 54.983338674766976}, "datetime": {"datetime": "2021-09-21 13:33:45", "elapsed": 490.186088, "delta": 5.36937}}
{"target": -3.4593354921591906, "params": {"eta": 1.0, "max_depth": 6.788137492816281, "n_estimators": 17.514478727306994}, "datetime": {"datetime": "2021-09-21 13:33:48", "elapsed": 493.167535, "delta": 2.981447}}
{"target": -2.732520348147342, "params": {"eta": 0.8403172260416691, "max_depth": 4.572143328709017, "n_estimators": 29.849506563621187}, "datetime": {"datetime": "2021-09-21 13:33:50", "elapsed": 495.717624, "delta": 2.550089}}
{"target": -3.3427292441066943, "params": {"eta": 0.8535266581520793, "max_depth": 14.738420205511236, "n_estimators": 44.02230324427724}, "datetime": {"datetime": "2021-09-21 13:33:55", "elapsed": 500.163131, "delta": 4.445507}}
{"target": -3.396850374497865, "params": {"eta": 0.7931962030772911, "max_depth": 29.95227316499666, "n_estimators": 53.756124000314834}, "datetime": {"datetime": "2021-09-21 13:33:59", "elapsed": 504.228908, "delta": 4.065777}}
{"target": -3.1740919671560586, "params": {"eta": 1.0, "max_depth": 17.746875847692777, "n_estimators": 22.939781350308337}, "datetime": {"datetime": "2021-09-21 13:34:03", "elapsed": 508.825176, "delta": 4.596268}}
{"target": -2.742037766230734, "params": {"eta": 0.5881917843899069, "max_depth": 3.792618434213373, "n_estimators": 56.977257322622265}, "datetime": {"datetime": "2021-09-21 13:34:09", "elapsed": 514.567413, "delta": 5.742237}}
{"target": -3.3400779027687872, "params": {"eta": 0.752503607199647, "max_depth": 20.440130069089346, "n_estimators": 32.36278042460189}, "datetime": {"datetime": "2021-09-21 13:34:14", "elapsed": 519.039392, "delta": 4.471979}}
{"target": -2.5572285112581756, "params": {"eta": 0.3808819606986668, "max_depth": 28.07427801694567, "n_estimators": 38.77539790924041}, "datetime": {"datetime": "2021-09-21 13:34:18", "elapsed": 523.379806, "delta": 4.340414}}
{"target": -3.388705559153306, "params": {"eta": 0.8950267998228856, "max_depth": 19.605234486281205, "n_estimators": 15.217995686639773}, "datetime": {"datetime": "2021-09-21 13:34:22", "elapsed": 527.169721, "delta": 3.789915}}
{"target": -3.174091891865981, "params": {"eta": 1.0, "max_depth": 17.613261993581702, "n_estimators": 42.9700419363495}, "datetime": {"datetime": "2021-09-21 13:34:26", "elapsed": 531.873657, "delta": 4.703936}}
{"target": -3.2038731236206854, "params": {"eta": 1.0, "max_depth": 25.044356627986144, "n_estimators": 49.56740414732751}, "datetime": {"datetime": "2021-09-21 13:34:30", "elapsed": 535.932168, "delta": 4.058511}}
{"target": -3.395635180096877, "params": {"eta": 0.893730106120354, "max_depth": 29.496070556998216, "n_estimators": 22.26265920102908}, "datetime": {"datetime": "2021-09-21 13:34:34", "elapsed": 539.217531, "delta": 3.285363}}
{"target": -3.2061084810056184, "params": {"eta": 1.0, "max_depth": 22.93027916316875, "n_estimators": 26.501054036975344}, "datetime": {"datetime": "2021-09-21 13:34:37", "elapsed": 542.921196, "delta": 3.703665}}
{"target": -3.442299948867999, "params": {"eta": 0.8860149096242841, "max_depth": 18.426580570871288, "n_estimators": 58.86794018074925}, "datetime": {"datetime": "2021-09-21 13:34:42", "elapsed": 547.285653, "delta": 4.364457}}
{"target": -3.1416494482441952, "params": {"eta": 0.9152184764829759, "max_depth": 6.184680959457437, "n_estimators": 21.742026325602353}, "datetime": {"datetime": "2021-09-21 13:34:45", "elapsed": 550.347747, "delta": 3.062094}}
{"target": -3.214496866025423, "params": {"eta": 1.0, "max_depth": 12.135005453754998, "n_estimators": 45.732874555770906}, "datetime": {"datetime": "2021-09-21 13:34:48", "elapsed": 553.579761, "delta": 3.232014}}
{"target": -3.3206695657027394, "params": {"eta": 0.978034665696827, "max_depth": 4.694294285012746, "n_estimators": 27.33589054330796}, "datetime": {"datetime": "2021-09-21 13:34:52", "elapsed": 557.223092, "delta": 3.643331}}
{"target": -2.998505108607443, "params": {"eta": 0.8775140320317537, "max_depth": 1.0310393371025302, "n_estimators": 32.2877153123309}, "datetime": {"datetime": "2021-09-21 13:34:55", "elapsed": 560.243251, "delta": 3.020159}}
{"target": -2.9242988435845625, "params": {"eta": 0.6976641523065541, "max_depth": 24.492154084820342, "n_estimators": 59.44602949922637}, "datetime": {"datetime": "2021-09-21 13:34:59", "elapsed": 564.030479, "delta": 3.787228}}
{"target": -9.252512684621308, "params": {"eta": 0.11470440732755409, "max_depth": 20.440384270903447, "n_estimators": 8.237836935925124}, "datetime": {"datetime": "2021-09-21 13:35:01", "elapsed": 566.904424, "delta": 2.873945}}
{"target": -3.2009070214472315, "params": {"eta": 1.0, "max_depth": 23.34224460096964, "n_estimators": 52.1915387475427}, "datetime": {"datetime": "2021-09-21 13:35:05", "elapsed": 570.752791, "delta": 3.848367}}
{"target": -3.289059444163975, "params": {"eta": 0.9635499187796768, "max_depth": 4.357793680599242, "n_estimators": 45.82980115326248}, "datetime": {"datetime": "2021-09-21 13:35:10", "elapsed": 575.084607, "delta": 4.331816}}
{"target": -2.9934946976209944, "params": {"eta": 1.0, "max_depth": 2.3581948392072474, "n_estimators": 52.263709337495385}, "datetime": {"datetime": "2021-09-21 13:35:14", "elapsed": 579.709766, "delta": 4.625159}}
{"target": -2.634393547083202, "params": {"eta": 0.1773538322655988, "max_depth": 29.937604085997023, "n_estimators": 27.72105848687477}, "datetime": {"datetime": "2021-09-21 13:35:18", "elapsed": 583.040178, "delta": 3.330412}}
{"target": -2.9499376629528244, "params": {"eta": 0.6724021090228474, "max_depth": 15.928879450896524, "n_estimators": 49.451171020293714}, "datetime": {"datetime": "2021-09-21 13:35:21", "elapsed": 586.941782, "delta": 3.901604}}
{"target": -16.9194760655102, "params": {"eta": 0.01, "max_depth": 23.951570804875484, "n_estimators": 32.2690561855}, "datetime": {"datetime": "2021-09-21 13:35:25", "elapsed": 590.456586, "delta": 3.514804}}
