{"target": -2.9425480064592864, "params": {"eta": 0.4416349531205837, "max_depth": 1.7518607230088485, "n_estimators": 33.43008619484384}, "datetime": {"datetime": "2021-09-21 13:25:35", "elapsed": 0.0, "delta": 0.0}}
{"target": -2.5103157677148515, "params": {"eta": 0.4409691686920941, "max_depth": 13.190666260537181, "n_estimators": 20.489754439228573}, "datetime": {"datetime": "2021-09-21 13:25:35", "elapsed": 0.264999, "delta": 0.264999}}
{"target": -2.648598588140387, "params": {"eta": 0.21260214769746408, "max_depth": 18.958858024169245, "n_estimators": 18.679625746796866}, "datetime": {"datetime": "2021-09-21 13:25:35", "elapsed": 0.396192, "delta": 0.131193}}
{"target": -2.449879397216596, "params": {"eta": 0.274159002351838, "max_depth": 19.012881150309553, "n_estimators": 32.2193835623453}, "datetime": {"datetime": "2021-09-21 13:25:35", "elapsed": 0.802187, "delta": 0.405995}}
{"target": -5.020731783540625, "params": {"eta": 0.14323414589148423, "max_depth": 15.893765516706646, "n_estimators": 11.881952073168002}, "datetime": {"datetime": "2021-09-21 13:25:35", "elapsed": 0.860194, "delta": 0.058007}}
{"target": -3.551482215680574, "params": {"eta": 0.7874817963385067, "max_depth": 25.765283486545176, "n_estimators": 30.15997340553374}, "datetime": {"datetime": "2021-09-21 13:25:36", "elapsed": 1.078197, "delta": 0.218003}}
{"target": -2.8261615013605677, "params": {"eta": 0.8480958705038933, "max_depth": 3.3097188332627687, "n_estimators": 30.809519317180534}, "datetime": {"datetime": "2021-09-21 13:25:36", "elapsed": 1.14919, "delta": 0.070993}}
{"target": -14.73178650705438, "params": {"eta": 0.07463363934300932, "max_depth": 13.415547500324294, "n_estimators": 6.695324023976141}, "datetime": {"datetime": "2021-09-21 13:25:36", "elapsed": 1.185028, "delta": 0.035838}}
{"target": -3.996237199557455, "params": {"eta": 0.1358883719842647, "max_depth": 18.30561396037928, "n_estimators": 14.334708035649916}, "datetime": {"datetime": "2021-09-21 13:25:36", "elapsed": 1.311043, "delta": 0.126015}}
{"target": -3.177660042988626, "params": {"eta": 0.11587622746688313, "max_depth": 7.388880005046231, "n_estimators": 21.639750815194656}, "datetime": {"datetime": "2021-09-21 13:25:36", "elapsed": 1.410601, "delta": 0.099558}}
{"target": -17.408255495836862, "params": {"eta": 0.01, "max_depth": 12.061604127196718, "n_estimators": 29.14114521565876}, "datetime": {"datetime": "2021-09-21 13:25:37", "elapsed": 2.054605, "delta": 0.644004}}
{"target": -2.5298010167322658, "params": {"eta": 0.305938109154276, "max_depth": 22.663246910817207, "n_estimators": 35.86734430404711}, "datetime": {"datetime": "2021-09-21 13:25:37", "elapsed": 2.805904, "delta": 0.751299}}
{"target": -3.4294147905550507, "params": {"eta": 1.0, "max_depth": 9.523913427803928, "n_estimators": 16.335737756766736}, "datetime": {"datetime": "2021-09-21 13:25:38", "elapsed": 3.531642, "delta": 0.725738}}
{"target": -2.9736208727485254, "params": {"eta": 0.6117637321748223, "max_depth": 1.0193702725073468, "n_estimators": 24.48583444106984}, "datetime": {"datetime": "2021-09-21 13:25:39", "elapsed": 4.161971, "delta": 0.630329}}
{"target": -3.1532121118746304, "params": {"eta": 0.906256730923183, "max_depth": 1.2224051472007607, "n_estimators": 17.322652909734614}, "datetime": {"datetime": "2021-09-21 13:25:39", "elapsed": 4.950057, "delta": 0.788086}}
{"target": -3.2038731236206854, "params": {"eta": 1.0, "max_depth": 25.942090624502523, "n_estimators": 21.267340233706584}, "datetime": {"datetime": "2021-09-21 13:25:41", "elapsed": 6.155058, "delta": 1.205001}}
{"target": -3.1583936823041814, "params": {"eta": 1.0, "max_depth": 18.05848461815968, "n_estimators": 41.10023010896627}, "datetime": {"datetime": "2021-09-21 13:25:41", "elapsed": 6.725058, "delta": 0.57}}
{"target": -3.2038731236206854, "params": {"eta": 1.0, "max_depth": 25.6086412432802, "n_estimators": 43.35934162981201}, "datetime": {"datetime": "2021-09-21 13:25:42", "elapsed": 7.625587, "delta": 0.900529}}
{"target": -14.522898470414313, "params": {"eta": 0.01, "max_depth": 19.9850537850759, "n_estimators": 48.95354916013055}, "datetime": {"datetime": "2021-09-21 13:25:43", "elapsed": 8.529579, "delta": 0.903992}}
{"target": -3.199423886600294, "params": {"eta": 1.0, "max_depth": 29.90472708453923, "n_estimators": 38.25619521730089}, "datetime": {"datetime": "2021-09-21 13:25:44", "elapsed": 9.457585, "delta": 0.928006}}
{"target": -20.108634021250825, "params": {"eta": 0.01, "max_depth": 28.651753141464543, "n_estimators": 14.275047891228716}, "datetime": {"datetime": "2021-09-21 13:25:44", "elapsed": 9.940581, "delta": 0.482996}}
{"target": -3.197207403182983, "params": {"eta": 1.0, "max_depth": 21.61587266429812, "n_estimators": 24.990031006447815}, "datetime": {"datetime": "2021-09-21 13:25:45", "elapsed": 10.542942, "delta": 0.602361}}
{"target": -3.0342212024487942, "params": {"eta": 1.0, "max_depth": 1.0, "n_estimators": 43.24301657421332}, "datetime": {"datetime": "2021-09-21 13:25:46", "elapsed": 11.088938, "delta": 0.545996}}
{"target": -3.06710568227266, "params": {"eta": 1.0, "max_depth": 1.0, "n_estimators": 51.34397671325934}, "datetime": {"datetime": "2021-09-21 13:25:46", "elapsed": 11.695742, "delta": 0.606804}}
{"target": -2.982510104932283, "params": {"eta": 1.0, "max_depth": 1.0, "n_estimators": 59.70379137594558}, "datetime": {"datetime": "2021-09-21 13:25:47", "elapsed": 12.856041, "delta": 1.160299}}
{"target": -13.45863397058688, "params": {"eta": 0.01, "max_depth": 7.260387869020849, "n_estimators": 56.32024829129418}, "datetime": {"datetime": "2021-09-21 13:25:48", "elapsed": 13.539765, "delta": 0.683724}}
{"target": -3.4431614223279454, "params": {"eta": 1.0, "max_depth": 7.937860053249783, "n_estimators": 41.6588414077993}, "datetime": {"datetime": "2021-09-21 13:25:49", "elapsed": 14.017614, "delta": 0.477849}}
{"target": -21.120648494205977, "params": {"eta": 0.01, "max_depth": 1.0, "n_estimators": 9.925366137523454}, "datetime": {"datetime": "2021-09-21 13:25:49", "elapsed": 14.554881, "delta": 0.537267}}
{"target": -3.1997825779412925, "params": {"eta": 1.0, "max_depth": 30.0, "n_estimators": 60.0}, "datetime": {"datetime": "2021-09-21 13:25:50", "elapsed": 15.198849, "delta": 0.643968}}
{"target": -3.1997825779412925, "params": {"eta": 1.0, "max_depth": 30.0, "n_estimators": 52.053473009710984}, "datetime": {"datetime": "2021-09-21 13:25:50", "elapsed": 15.833723, "delta": 0.634874}}
{"target": -2.5209689629705325, "params": {"eta": 0.4471215576896192, "max_depth": 29.972603749294326, "n_estimators": 25.987989252596346}, "datetime": {"datetime": "2021-09-21 13:25:51", "elapsed": 16.495373, "delta": 0.66165}}
{"target": -3.2061084810056184, "params": {"eta": 1.0, "max_depth": 22.960429104506318, "n_estimators": 60.0}, "datetime": {"datetime": "2021-09-21 13:25:52", "elapsed": 17.118215, "delta": 0.622842}}
{"target": -4.295440799311588, "params": {"eta": 1.0, "max_depth": 30.0, "n_estimators": 1.0}, "datetime": {"datetime": "2021-09-21 13:25:52", "elapsed": 17.558879, "delta": 0.440664}}
{"target": -14.94185275184481, "params": {"eta": 0.01, "max_depth": 30.0, "n_estimators": 45.50694560532014}, "datetime": {"datetime": "2021-09-21 13:25:53", "elapsed": 18.112881, "delta": 0.554002}}
{"target": -3.435258173942566, "params": {"eta": 0.9476600964678684, "max_depth": 23.35345977391694, "n_estimators": 40.04981019404376}, "datetime": {"datetime": "2021-09-21 13:25:53", "elapsed": 18.758325, "delta": 0.645444}}
{"target": -3.3249364903098653, "params": {"eta": 0.7275598264967047, "max_depth": 26.843779086946448, "n_estimators": 55.911527767804266}, "datetime": {"datetime": "2021-09-21 13:25:54", "elapsed": 19.592836, "delta": 0.834511}}
{"target": -16.75528485555398, "params": {"eta": 0.01, "max_depth": 30.0, "n_estimators": 33.01175477500158}, "datetime": {"datetime": "2021-09-21 13:25:55", "elapsed": 20.305835, "delta": 0.712999}}
{"target": -3.0512001696385833, "params": {"eta": 0.6057012478023555, "max_depth": 26.022002848702957, "n_estimators": 25.4342216807294}, "datetime": {"datetime": "2021-09-21 13:25:56", "elapsed": 21.436315, "delta": 1.13048}}
{"target": -16.283071838240875, "params": {"eta": 0.01, "max_depth": 18.280049056215454, "n_estimators": 36.62078447974856}, "datetime": {"datetime": "2021-09-21 13:25:57", "elapsed": 22.380291, "delta": 0.943976}}
{"target": -3.350604866680346, "params": {"eta": 0.8235274093968646, "max_depth": 28.283386173532122, "n_estimators": 23.670127886220286}, "datetime": {"datetime": "2021-09-21 13:25:58", "elapsed": 23.798761, "delta": 1.41847}}
{"target": -2.8526115706092434, "params": {"eta": 0.5666368066449458, "max_depth": 22.312286749476538, "n_estimators": 32.00762250628481}, "datetime": {"datetime": "2021-09-21 13:25:59", "elapsed": 24.831802, "delta": 1.033041}}
{"target": -17.576038420514056, "params": {"eta": 0.01, "max_depth": 20.436934334958575, "n_estimators": 28.87019890471633}, "datetime": {"datetime": "2021-09-21 13:26:00", "elapsed": 25.700973, "delta": 0.869171}}
{"target": -2.5709737947112634, "params": {"eta": 0.3777960663119474, "max_depth": 28.035157476258597, "n_estimators": 25.891774055259944}, "datetime": {"datetime": "2021-09-21 13:26:01", "elapsed": 26.95488, "delta": 1.253907}}
{"target": -3.1858248603971377, "params": {"eta": 1.0, "max_depth": 24.247146961221812, "n_estimators": 33.776914842650456}, "datetime": {"datetime": "2021-09-21 13:26:02", "elapsed": 27.757581, "delta": 0.802701}}
{"target": -2.9099006715573763, "params": {"eta": 0.7114849958945741, "max_depth": 22.538356325525434, "n_estimators": 21.920879458504224}, "datetime": {"datetime": "2021-09-21 13:26:03", "elapsed": 28.720065, "delta": 0.962484}}
{"target": -2.7919100046157834, "params": {"eta": 0.1704940567063083, "max_depth": 15.462306587528545, "n_estimators": 18.030768304345465}, "datetime": {"datetime": "2021-09-21 13:26:04", "elapsed": 29.505061, "delta": 0.784996}}
{"target": -3.235793815161052, "params": {"eta": 1.0, "max_depth": 16.925954248350507, "n_estimators": 21.46464027576485}, "datetime": {"datetime": "2021-09-21 13:26:05", "elapsed": 30.320073, "delta": 0.815012}}
{"target": -2.8777517657530938, "params": {"eta": 0.8707044230306236, "max_depth": 2.933013679006616, "n_estimators": 20.957825359050048}, "datetime": {"datetime": "2021-09-21 13:26:05", "elapsed": 30.867075, "delta": 0.547002}}
{"target": -2.4615953439160396, "params": {"eta": 0.36358091251106345, "max_depth": 5.7330335346387065, "n_estimators": 18.14882538773805}, "datetime": {"datetime": "2021-09-21 13:26:06", "elapsed": 31.589363, "delta": 0.722288}}
{"target": -2.9736476437041635, "params": {"eta": 1.0, "max_depth": 2.234754113237164, "n_estimators": 47.24789414423669}, "datetime": {"datetime": "2021-09-21 13:26:07", "elapsed": 32.333358, "delta": 0.743995}}
{"target": -2.4571932911872865, "params": {"eta": 0.1321995039677478, "max_depth": 5.260310144177096, "n_estimators": 44.646372791198296}, "datetime": {"datetime": "2021-09-21 13:26:08", "elapsed": 33.164879, "delta": 0.831521}}
{"target": -2.4013263150265343, "params": {"eta": 0.2677621150266013, "max_depth": 3.9932696034396145, "n_estimators": 39.97975704122945}, "datetime": {"datetime": "2021-09-21 13:26:08", "elapsed": 33.716234, "delta": 0.551355}}
{"target": -3.201955842030676, "params": {"eta": 1.0, "max_depth": 5.347635539377344, "n_estimators": 35.90295388585152}, "datetime": {"datetime": "2021-09-21 13:26:09", "elapsed": 34.665888, "delta": 0.949654}}
{"target": -3.1925199508666995, "params": {"eta": 0.16740710800190065, "max_depth": 1.056367643559099, "n_estimators": 37.930458284728026}, "datetime": {"datetime": "2021-09-21 13:26:10", "elapsed": 35.295485, "delta": 0.629597}}
{"target": -3.2668761686274883, "params": {"eta": 0.9992291699559591, "max_depth": 4.877719200690388, "n_estimators": 25.884267330549157}, "datetime": {"datetime": "2021-09-21 13:26:10", "elapsed": 35.930952, "delta": 0.635467}}
{"target": -3.4294133506323163, "params": {"eta": 1.0, "max_depth": 9.047473012809574, "n_estimators": 46.66431507693722}, "datetime": {"datetime": "2021-09-21 13:26:11", "elapsed": 36.58275, "delta": 0.651798}}
{"target": -3.4972935425607785, "params": {"eta": 0.8645517085287324, "max_depth": 13.292741529431025, "n_estimators": 43.00298524871707}, "datetime": {"datetime": "2021-09-21 13:26:12", "elapsed": 37.243391, "delta": 0.660641}}
{"target": -17.670890104143243, "params": {"eta": 0.01, "max_depth": 1.0, "n_estimators": 28.32383457651318}, "datetime": {"datetime": "2021-09-21 13:26:12", "elapsed": 37.928295, "delta": 0.684904}}
{"target": -2.564603873303062, "params": {"eta": 0.11535905250534287, "max_depth": 5.150057615883367, "n_estimators": 32.87895067188727}, "datetime": {"datetime": "2021-09-21 13:26:13", "elapsed": 38.692567, "delta": 0.764272}}
{"target": -14.517428062777771, "params": {"eta": 0.01, "max_depth": 5.531413937967988, "n_estimators": 48.6332222364664}, "datetime": {"datetime": "2021-09-21 13:26:14", "elapsed": 39.341853, "delta": 0.649286}}
{"target": -2.4859600889055353, "params": {"eta": 0.32952924300501957, "max_depth": 10.014963616479708, "n_estimators": 19.663648600827575}, "datetime": {"datetime": "2021-09-21 13:26:15", "elapsed": 40.0216, "delta": 0.679747}}
{"target": -3.2043387262444747, "params": {"eta": 1.0, "max_depth": 26.695756258649126, "n_estimators": 39.455553271810196}, "datetime": {"datetime": "2021-09-21 13:26:15", "elapsed": 40.75789, "delta": 0.73629}}
{"target": -2.6141340481607536, "params": {"eta": 0.4597177348504577, "max_depth": 26.036532622201797, "n_estimators": 59.4762409393516}, "datetime": {"datetime": "2021-09-21 13:26:16", "elapsed": 41.96256, "delta": 1.20467}}
{"target": -2.4393976895432723, "params": {"eta": 0.19391406624970062, "max_depth": 29.829665597389248, "n_estimators": 56.319202609159184}, "datetime": {"datetime": "2021-09-21 13:26:18", "elapsed": 43.252359, "delta": 1.289799}}
{"target": -2.4796555600668255, "params": {"eta": 0.3565406829486815, "max_depth": 12.472605846187426, "n_estimators": 46.972987824873925}, "datetime": {"datetime": "2021-09-21 13:26:19", "elapsed": 44.252105, "delta": 0.999746}}
{"target": -9.673484500144657, "params": {"eta": 0.020833398909990086, "max_depth": 10.249545071128106, "n_estimators": 44.16187831732732}, "datetime": {"datetime": "2021-09-21 13:26:20", "elapsed": 45.032888, "delta": 0.780783}}
{"target": -3.0526453846379327, "params": {"eta": 0.6918164369124482, "max_depth": 16.415702665326542, "n_estimators": 44.2099912270789}, "datetime": {"datetime": "2021-09-21 13:26:20", "elapsed": 45.914126, "delta": 0.881238}}
{"target": -3.1738709198801143, "params": {"eta": 1.0, "max_depth": 11.922588961408659, "n_estimators": 50.0414153681458}, "datetime": {"datetime": "2021-09-21 13:26:21", "elapsed": 46.697807, "delta": 0.783681}}
{"target": -3.343308548237148, "params": {"eta": 1.0, "max_depth": 4.136999305130473, "n_estimators": 42.598690089698444}, "datetime": {"datetime": "2021-09-21 13:26:22", "elapsed": 47.32481, "delta": 0.627003}}
{"target": -3.544919141342765, "params": {"eta": 1.0, "max_depth": 8.6708902028906, "n_estimators": 37.95649676605165}, "datetime": {"datetime": "2021-09-21 13:26:23", "elapsed": 48.208199, "delta": 0.883389}}
{"target": -2.5897974710715443, "params": {"eta": 0.31728519362598434, "max_depth": 13.064890096000623, "n_estimators": 15.338120071250504}, "datetime": {"datetime": "2021-09-21 13:26:23", "elapsed": 48.951441, "delta": 0.743242}}
{"target": -3.197207403182983, "params": {"eta": 1.0, "max_depth": 21.201382114128286, "n_estimators": 43.08302852136316}, "datetime": {"datetime": "2021-09-21 13:26:24", "elapsed": 49.490303, "delta": 0.538862}}
{"target": -2.8691117343149686, "params": {"eta": 0.9210122147069214, "max_depth": 1.0041522886222993, "n_estimators": 55.74770315064837}, "datetime": {"datetime": "2021-09-21 13:26:25", "elapsed": 50.166496, "delta": 0.676193}}
{"target": -13.45863397058688, "params": {"eta": 0.01, "max_depth": 22.54730267370704, "n_estimators": 56.365001421923395}, "datetime": {"datetime": "2021-09-21 13:26:26", "elapsed": 51.071496, "delta": 0.905}}
{"target": -3.299722886712927, "params": {"eta": 0.9222242137663664, "max_depth": 22.325282277813486, "n_estimators": 18.178811012025417}, "datetime": {"datetime": "2021-09-21 13:26:26", "elapsed": 51.891027, "delta": 0.819531}}
{"target": -4.295440799311588, "params": {"eta": 1.0, "max_depth": 24.817727751729013, "n_estimators": 1.0}, "datetime": {"datetime": "2021-09-21 13:26:27", "elapsed": 52.424023, "delta": 0.532996}}
{"target": -3.200012020688308, "params": {"eta": 1.0, "max_depth": 27.29814051946978, "n_estimators": 5.049349217887299}, "datetime": {"datetime": "2021-09-21 13:26:28", "elapsed": 53.102023, "delta": 0.678}}
{"target": -3.1933346422095044, "params": {"eta": 1.0, "max_depth": 23.15726257791227, "n_estimators": 5.654315394529814}, "datetime": {"datetime": "2021-09-21 13:26:28", "elapsed": 53.755026, "delta": 0.653003}}
{"target": -3.6729753531907736, "params": {"eta": 0.8061143356776422, "max_depth": 20.644152770108146, "n_estimators": 2.207268229252024}, "datetime": {"datetime": "2021-09-21 13:26:29", "elapsed": 54.367025, "delta": 0.611999}}
{"target": -3.1976491143828945, "params": {"eta": 1.0, "max_depth": 21.26393630492687, "n_estimators": 9.549687506239852}, "datetime": {"datetime": "2021-09-21 13:26:30", "elapsed": 55.13172, "delta": 0.764695}}
{"target": -21.301044108365712, "params": {"eta": 0.01, "max_depth": 25.07538857693359, "n_estimators": 8.31565903285421}, "datetime": {"datetime": "2021-09-21 13:26:30", "elapsed": 55.843868, "delta": 0.712148}}
{"target": -3.2973701677824323, "params": {"eta": 0.968533238467988, "max_depth": 20.010300109823234, "n_estimators": 6.536273746699527}, "datetime": {"datetime": "2021-09-21 13:26:31", "elapsed": 56.461867, "delta": 0.617999}}
{"target": -3.214496844065817, "params": {"eta": 1.0, "max_depth": 12.357496325711082, "n_estimators": 17.91683800258232}, "datetime": {"datetime": "2021-09-21 13:26:32", "elapsed": 57.110275, "delta": 0.648408}}
{"target": -2.5740456556019033, "params": {"eta": 0.23008040651503425, "max_depth": 4.182974315056221, "n_estimators": 23.3346123083138}, "datetime": {"datetime": "2021-09-21 13:26:32", "elapsed": 57.783866, "delta": 0.673591}}
{"target": -22.134401308784362, "params": {"eta": 0.01, "max_depth": 30.0, "n_estimators": 4.422973377267392}, "datetime": {"datetime": "2021-09-21 13:26:33", "elapsed": 58.462867, "delta": 0.679001}}
{"target": -3.195989754952882, "params": {"eta": 0.10812919770484088, "max_depth": 19.59172733362363, "n_estimators": 22.159443195195152}, "datetime": {"datetime": "2021-09-21 13:26:34", "elapsed": 59.294314, "delta": 0.831447}}
{"target": -3.1373881835686537, "params": {"eta": 0.7098951426906783, "max_depth": 25.330225949296143, "n_estimators": 3.7278121281750614}, "datetime": {"datetime": "2021-09-21 13:26:35", "elapsed": 60.025042, "delta": 0.730728}}
{"target": -3.2564116898335906, "params": {"eta": 0.9532353337316565, "max_depth": 10.677798774934582, "n_estimators": 22.364804307433047}, "datetime": {"datetime": "2021-09-21 13:26:35", "elapsed": 60.950819, "delta": 0.925777}}
{"target": -2.676494381929699, "params": {"eta": 0.3957149907302887, "max_depth": 25.265725143743833, "n_estimators": 36.81325250488471}, "datetime": {"datetime": "2021-09-21 13:26:37", "elapsed": 62.065624, "delta": 1.114805}}
{"target": -3.1920448761237297, "params": {"eta": 1.0, "max_depth": 5.83611102854691, "n_estimators": 15.050833217865504}, "datetime": {"datetime": "2021-09-21 13:26:37", "elapsed": 62.951907, "delta": 0.886283}}
{"target": -4.362272071210961, "params": {"eta": 0.1471402686363768, "max_depth": 9.598913938491943, "n_estimators": 12.827983310292227}, "datetime": {"datetime": "2021-09-21 13:26:38", "elapsed": 63.583534, "delta": 0.631627}}
{"target": -3.0542722350672666, "params": {"eta": 0.7083041874080349, "max_depth": 6.187644038249302, "n_estimators": 29.99424637016538}, "datetime": {"datetime": "2021-09-21 13:26:39", "elapsed": 64.358426, "delta": 0.774892}}
{"target": -3.544919141342765, "params": {"eta": 1.0, "max_depth": 8.328676433132228, "n_estimators": 34.202869281817705}, "datetime": {"datetime": "2021-09-21 13:26:40", "elapsed": 65.15935, "delta": 0.800924}}
{"target": -3.443052110546514, "params": {"eta": 1.0, "max_depth": 7.74599504027859, "n_estimators": 24.760778208785315}, "datetime": {"datetime": "2021-09-21 13:26:41", "elapsed": 66.099255, "delta": 0.939905}}
{"target": -2.4004378469366774, "params": {"eta": 0.16235867245801755, "max_depth": 26.85814663671925, "n_estimators": 52.0913937061689}, "datetime": {"datetime": "2021-09-21 13:26:42", "elapsed": 67.272399, "delta": 1.173144}}
{"target": -3.210303074435184, "params": {"eta": 1.0, "max_depth": 14.789317335135662, "n_estimators": 48.33916329746526}, "datetime": {"datetime": "2021-09-21 13:26:43", "elapsed": 68.280893, "delta": 1.008494}}
{"target": -2.8482357696483005, "params": {"eta": 0.4912599170905812, "max_depth": 14.330297426126325, "n_estimators": 53.04473356835608}, "datetime": {"datetime": "2021-09-21 13:26:44", "elapsed": 69.363339, "delta": 1.082446}}
{"target": -3.4206237849436305, "params": {"eta": 0.794603921741997, "max_depth": 15.300652367826945, "n_estimators": 56.86481591179152}, "datetime": {"datetime": "2021-09-21 13:26:45", "elapsed": 70.452755, "delta": 1.089416}}
{"target": -3.2574206138912003, "params": {"eta": 0.7447177190408193, "max_depth": 13.454644750063595, "n_estimators": 59.93910311367177}, "datetime": {"datetime": "2021-09-21 13:26:46", "elapsed": 71.402254, "delta": 0.949499}}
{"target": -3.174091891865981, "params": {"eta": 1.0, "max_depth": 17.22415471618465, "n_estimators": 60.0}, "datetime": {"datetime": "2021-09-21 13:26:47", "elapsed": 72.25553, "delta": 0.853276}}
