{"target": -11.44348520026764, "params": {"eta": 0.05, "max_depth": 5.489838718330864, "n_estimators": 323.4622086288252}, "datetime": {"datetime": "2021-09-27 19:33:35", "elapsed": 103.00782, "delta": 1.952686}}
{"target": -12.316815160739901, "params": {"eta": 0.3931599738369419, "max_depth": 7.411381067733822, "n_estimators": 309.3301187217665}, "datetime": {"datetime": "2021-09-27 19:33:37", "elapsed": 104.414614, "delta": 1.406794}}
{"target": -11.243285105102126, "params": {"eta": 0.14893443244520216, "max_depth": 6.566065250764266, "n_estimators": 308.32160943400186}, "datetime": {"datetime": "2021-09-27 19:33:39", "elapsed": 106.458764, "delta": 2.04415}}
{"target": -11.464722378849409, "params": {"eta": 0.2870983972471507, "max_depth": 7.794292651953512, "n_estimators": 326.88541586032653}, "datetime": {"datetime": "2021-09-27 19:33:40", "elapsed": 107.788924, "delta": 1.33016}}
{"target": -12.353725138253441, "params": {"eta": 0.3437628968254107, "max_depth": 6.584432841435938, "n_estimators": 322.22098488069196}, "datetime": {"datetime": "2021-09-27 19:33:41", "elapsed": 109.147923, "delta": 1.358999}}
{"target": -12.2904872606362, "params": {"eta": 0.3247839786308108, "max_depth": 8.561237843875798, "n_estimators": 375.38428695676134}, "datetime": {"datetime": "2021-09-27 19:33:43", "elapsed": 110.352667, "delta": 1.204744}}
{"target": -11.084770564655875, "params": {"eta": 0.15743246777032704, "max_depth": 6.412989077376626, "n_estimators": 310.0962899490832}, "datetime": {"datetime": "2021-09-27 19:33:45", "elapsed": 112.721662, "delta": 2.368995}}
{"target": -12.112326210466676, "params": {"eta": 0.29878356500356246, "max_depth": 6.49905273637512, "n_estimators": 309.113021868211}, "datetime": {"datetime": "2021-09-27 19:33:46", "elapsed": 113.970235, "delta": 1.248573}}
{"target": -11.870497332744346, "params": {"eta": 0.3423767373913905, "max_depth": 10.266367060605491, "n_estimators": 321.6986751522676}, "datetime": {"datetime": "2021-09-27 19:33:47", "elapsed": 115.299235, "delta": 1.329}}
{"target": -11.528578143704433, "params": {"eta": 0.15050698350995334, "max_depth": 5.246149979386064, "n_estimators": 300.5745839848757}, "datetime": {"datetime": "2021-09-27 19:33:49", "elapsed": 116.531953, "delta": 1.232718}}
{"target": -12.300397332586659, "params": {"eta": 0.380057640907028, "max_depth": 5.561095480895679, "n_estimators": 300.084769238295}, "datetime": {"datetime": "2021-09-27 19:33:50", "elapsed": 118.149961, "delta": 1.618008}}
{"target": -12.353177305559706, "params": {"eta": 0.39515718675655914, "max_depth": 6.717797489195564, "n_estimators": 329.5242761513911}, "datetime": {"datetime": "2021-09-27 19:33:52", "elapsed": 119.513941, "delta": 1.36398}}
{"target": -11.14756216344156, "params": {"eta": 0.15180919867577553, "max_depth": 6.035724505546922, "n_estimators": 307.536403491289}, "datetime": {"datetime": "2021-09-27 19:33:54", "elapsed": 121.519939, "delta": 2.005998}}
{"target": -11.049993257783756, "params": {"eta": 0.10067316867656931, "max_depth": 5.574447717241882, "n_estimators": 344.14553394016013}, "datetime": {"datetime": "2021-09-27 19:33:56", "elapsed": 123.702718, "delta": 2.182779}}
{"target": -11.416877731310537, "params": {"eta": 0.21032923792587677, "max_depth": 6.7726402868381275, "n_estimators": 309.9489368312885}, "datetime": {"datetime": "2021-09-27 19:33:57", "elapsed": 125.26872, "delta": 1.566002}}
{"target": -11.160269075915966, "params": {"eta": 0.13102984473551282, "max_depth": 4.727462069502894, "n_estimators": 322.8766936437522}, "datetime": {"datetime": "2021-09-27 19:33:59", "elapsed": 126.712009, "delta": 1.443289}}
{"target": -11.094601829993348, "params": {"eta": 0.08446666780824114, "max_depth": 6.780840695931994, "n_estimators": 338.11187294918517}, "datetime": {"datetime": "2021-09-27 19:34:01", "elapsed": 129.108164, "delta": 2.396155}}
{"target": -11.409950422352285, "params": {"eta": 0.1917378579503981, "max_depth": 4.820760512657017, "n_estimators": 386.4541396454148}, "datetime": {"datetime": "2021-09-27 19:34:03", "elapsed": 130.795388, "delta": 1.687224}}
{"target": -12.312294908060176, "params": {"eta": 0.3804083882706975, "max_depth": 6.395053104106328, "n_estimators": 307.77167773854103}, "datetime": {"datetime": "2021-09-27 19:34:04", "elapsed": 131.911813, "delta": 1.116425}}
{"target": -10.852429798513494, "params": {"eta": 0.06059358067188563, "max_depth": 4.968739582830203, "n_estimators": 323.4266909887309}, "datetime": {"datetime": "2021-09-27 19:34:06", "elapsed": 133.361815, "delta": 1.450002}}
{"target": -13.020713600202793, "params": {"eta": 0.4833706701903087, "max_depth": 7.377729326493616, "n_estimators": 348.2880206745667}, "datetime": {"datetime": "2021-09-27 19:34:07", "elapsed": 134.578815, "delta": 1.217}}
{"target": -11.284889102283431, "params": {"eta": 0.06639849391721914, "max_depth": 5.953774821605364, "n_estimators": 309.97963423291026}, "datetime": {"datetime": "2021-09-27 19:34:08", "elapsed": 136.265931, "delta": 1.687116}}
{"target": -11.458878553606326, "params": {"eta": 0.08612208770665142, "max_depth": 4.771040861511996, "n_estimators": 323.211113817222}, "datetime": {"datetime": "2021-09-27 19:34:10", "elapsed": 137.832709, "delta": 1.566778}}
{"target": -11.690955355729626, "params": {"eta": 0.11483724472219042, "max_depth": 6.6269737431358235, "n_estimators": 308.2853653835594}, "datetime": {"datetime": "2021-09-27 19:34:12", "elapsed": 139.817207, "delta": 1.984498}}
{"target": -11.107369384129754, "params": {"eta": 0.09645448549766619, "max_depth": 9.295495439128981, "n_estimators": 314.5870811312327}, "datetime": {"datetime": "2021-09-27 19:34:15", "elapsed": 142.442897, "delta": 2.62569}}
{"target": -11.556938621893147, "params": {"eta": 0.47530939940376493, "max_depth": 5.452356337828574, "n_estimators": 386.05748472403724}, "datetime": {"datetime": "2021-09-27 19:34:16", "elapsed": 143.913166, "delta": 1.470269}}
{"target": -12.105813626140478, "params": {"eta": 0.3255584154289998, "max_depth": 6.5514443801755675, "n_estimators": 354.88187556394536}, "datetime": {"datetime": "2021-09-27 19:34:17", "elapsed": 145.284167, "delta": 1.371001}}
{"target": -11.277144605626114, "params": {"eta": 0.16507881446434464, "max_depth": 6.532973308851305, "n_estimators": 309.7107020061958}, "datetime": {"datetime": "2021-09-27 19:34:19", "elapsed": 147.237719, "delta": 1.953552}}
{"target": -10.986914944722518, "params": {"eta": 0.06744436122757318, "max_depth": 5.63571697483628, "n_estimators": 344.1291454051413}, "datetime": {"datetime": "2021-09-27 19:34:21", "elapsed": 149.044998, "delta": 1.807279}}
{"target": -11.327522782359187, "params": {"eta": 0.09422708434917476, "max_depth": 9.271351359856157, "n_estimators": 392.0230304252036}, "datetime": {"datetime": "2021-09-27 19:34:24", "elapsed": 151.912511, "delta": 2.867513}}
{"target": -11.100206132039581, "params": {"eta": 0.07371196962780541, "max_depth": 5.886205713124738, "n_estimators": 389.2180309732273}, "datetime": {"datetime": "2021-09-27 19:34:26", "elapsed": 154.176511, "delta": 2.264}}
{"target": -11.12265636588748, "params": {"eta": 0.17379495042682191, "max_depth": 5.30799913819534, "n_estimators": 300.2713063894226}, "datetime": {"datetime": "2021-09-27 19:34:28", "elapsed": 155.886791, "delta": 1.71028}}
{"target": -12.237269591721919, "params": {"eta": 0.22710849929824894, "max_depth": 9.335812375217035, "n_estimators": 314.56778233741085}, "datetime": {"datetime": "2021-09-27 19:34:30", "elapsed": 157.645684, "delta": 1.758893}}
{"target": -11.978107706227592, "params": {"eta": 0.18104719048635393, "max_depth": 3.04062521202175, "n_estimators": 382.98395197031687}, "datetime": {"datetime": "2021-09-27 19:34:31", "elapsed": 159.136685, "delta": 1.491001}}
{"target": -11.302599546918557, "params": {"eta": 0.149616315966785, "max_depth": 6.408598817928095, "n_estimators": 305.8480224645901}, "datetime": {"datetime": "2021-09-27 19:34:33", "elapsed": 161.209073, "delta": 2.072388}}
{"target": -12.873807290248426, "params": {"eta": 0.4955562641548159, "max_depth": 9.448985242714263, "n_estimators": 314.1191756562892}, "datetime": {"datetime": "2021-09-27 19:34:35", "elapsed": 162.520558, "delta": 1.311485}}
{"target": -11.332136244744198, "params": {"eta": 0.15374407109668214, "max_depth": 5.015752421386768, "n_estimators": 323.3997776354221}, "datetime": {"datetime": "2021-09-27 19:34:37", "elapsed": 164.498139, "delta": 1.977581}}
{"target": -10.835983649300795, "params": {"eta": 0.05260049738476892, "max_depth": 6.0199503048109575, "n_estimators": 307.6822591144357}, "datetime": {"datetime": "2021-09-27 19:34:39", "elapsed": 166.832683, "delta": 2.334544}}
{"target": -11.186127733533713, "params": {"eta": 0.1776969611016987, "max_depth": 6.196819474124705, "n_estimators": 307.66678792784927}, "datetime": {"datetime": "2021-09-27 19:34:41", "elapsed": 169.012895, "delta": 2.180212}}
{"target": -11.62366691789631, "params": {"eta": 0.23260685064380843, "max_depth": 5.425690738396941, "n_estimators": 300.3830775187144}, "datetime": {"datetime": "2021-09-27 19:34:43", "elapsed": 170.956719, "delta": 1.943824}}
{"target": -11.14331610916902, "params": {"eta": 0.13188368648472182, "max_depth": 6.925503154336404, "n_estimators": 300.4086359157463}, "datetime": {"datetime": "2021-09-27 19:34:45", "elapsed": 173.02935, "delta": 2.072631}}
{"target": -10.973994670731464, "params": {"eta": 0.05170563724830815, "max_depth": 6.863877884078943, "n_estimators": 300.2344876497448}, "datetime": {"datetime": "2021-09-27 19:34:47", "elapsed": 175.268648, "delta": 2.239298}}
{"target": -11.147557075060814, "params": {"eta": 0.07614320063976991, "max_depth": 6.627631515807948, "n_estimators": 309.5693440594747}, "datetime": {"datetime": "2021-09-27 19:34:50", "elapsed": 177.334623, "delta": 2.065975}}
{"target": -11.312423990472768, "params": {"eta": 0.16742465311340954, "max_depth": 6.767694536614044, "n_estimators": 300.08432505426447}, "datetime": {"datetime": "2021-09-27 19:34:52", "elapsed": 179.562802, "delta": 2.228179}}
{"target": -11.479606383499217, "params": {"eta": 0.16239632563748202, "max_depth": 4.889300429117095, "n_estimators": 323.4150042314482}, "datetime": {"datetime": "2021-09-27 19:34:53", "elapsed": 181.11671, "delta": 1.553908}}
{"target": -11.325093702049715, "params": {"eta": 0.23008888301919211, "max_depth": 6.789469321611102, "n_estimators": 300.2474769839492}, "datetime": {"datetime": "2021-09-27 19:34:55", "elapsed": 182.910555, "delta": 1.793845}}
{"target": -11.18209540907826, "params": {"eta": 0.1824026281314745, "max_depth": 6.188502090782108, "n_estimators": 309.7553891051014}, "datetime": {"datetime": "2021-09-27 19:34:58", "elapsed": 185.782526, "delta": 2.871971}}
{"target": -11.052554630281302, "params": {"eta": 0.09999634877258556, "max_depth": 6.6940530554344075, "n_estimators": 300.3420715192691}, "datetime": {"datetime": "2021-09-27 19:35:00", "elapsed": 188.301372, "delta": 2.518846}}
{"target": -10.898631137511732, "params": {"eta": 0.0792941828315036, "max_depth": 7.092186511660532, "n_estimators": 307.049674230487}, "datetime": {"datetime": "2021-09-27 19:35:03", "elapsed": 190.59316, "delta": 2.291788}}
{"target": -10.925552597144868, "params": {"eta": 0.09007933908442747, "max_depth": 6.278221856797656, "n_estimators": 309.8387158686569}, "datetime": {"datetime": "2021-09-27 19:35:05", "elapsed": 192.419954, "delta": 1.826794}}
{"target": -11.380470338214561, "params": {"eta": 0.12513777152520855, "max_depth": 6.15174104219084, "n_estimators": 309.91599920589437}, "datetime": {"datetime": "2021-09-27 19:35:07", "elapsed": 194.747257, "delta": 2.327303}}
{"target": -12.586845910024245, "params": {"eta": 0.485833972314148, "max_depth": 11.786611541545195, "n_estimators": 301.6447628864299}, "datetime": {"datetime": "2021-09-27 19:35:08", "elapsed": 196.062475, "delta": 1.315218}}
{"target": -11.102480701117, "params": {"eta": 0.07937466982604217, "max_depth": 5.003870090121657, "n_estimators": 323.2773017204831}, "datetime": {"datetime": "2021-09-27 19:35:10", "elapsed": 198.22931, "delta": 2.166835}}
{"target": -11.87766493779633, "params": {"eta": 0.08732259762877143, "max_depth": 11.59805652114526, "n_estimators": 355.95478472883195}, "datetime": {"datetime": "2021-09-27 19:35:13", "elapsed": 201.274331, "delta": 3.045021}}
{"target": -11.620985278137876, "params": {"eta": 0.11562188496462078, "max_depth": 7.240407478958867, "n_estimators": 307.1554235430026}, "datetime": {"datetime": "2021-09-27 19:35:16", "elapsed": 204.015335, "delta": 2.741004}}
{"target": -10.911851122431145, "params": {"eta": 0.1276721647290772, "max_depth": 6.531869335558788, "n_estimators": 309.73220016177453}, "datetime": {"datetime": "2021-09-27 19:35:18", "elapsed": 206.018863, "delta": 2.003528}}
{"target": -12.538271434342299, "params": {"eta": 0.2679442042398712, "max_depth": 11.278831345661079, "n_estimators": 310.620949887113}, "datetime": {"datetime": "2021-09-27 19:35:20", "elapsed": 207.446976, "delta": 1.428113}}
{"target": -11.630536480400211, "params": {"eta": 0.11289991241897097, "max_depth": 7.050990235121495, "n_estimators": 307.257321426762}, "datetime": {"datetime": "2021-09-27 19:35:22", "elapsed": 210.221404, "delta": 2.774428}}
{"target": -11.143640357069154, "params": {"eta": 0.18148464914166712, "max_depth": 6.442139011753165, "n_estimators": 309.9354002316963}, "datetime": {"datetime": "2021-09-27 19:35:25", "elapsed": 212.527195, "delta": 2.305791}}
{"target": -12.009316857554039, "params": {"eta": 0.411418716114956, "max_depth": 6.368719980450963, "n_estimators": 309.4223535370532}, "datetime": {"datetime": "2021-09-27 19:35:26", "elapsed": 213.925093, "delta": 1.397898}}
{"target": -11.218175500981879, "params": {"eta": 0.19486923148809188, "max_depth": 5.946403025091861, "n_estimators": 307.6321677385431}, "datetime": {"datetime": "2021-09-27 19:35:28", "elapsed": 215.581085, "delta": 1.655992}}
{"target": -11.018511959303083, "params": {"eta": 0.06391678817159803, "max_depth": 4.669679034863197, "n_estimators": 323.43410241989113}, "datetime": {"datetime": "2021-09-27 19:35:29", "elapsed": 217.291731, "delta": 1.710646}}
{"target": -11.677017184859272, "params": {"eta": 0.16189949093106715, "max_depth": 10.777635906132328, "n_estimators": 391.34907018750965}, "datetime": {"datetime": "2021-09-27 19:35:32", "elapsed": 219.662938, "delta": 2.371207}}
{"target": -11.527426369965339, "params": {"eta": 0.4087887128802218, "max_depth": 7.757388065601314, "n_estimators": 394.4032898739803}, "datetime": {"datetime": "2021-09-27 19:35:33", "elapsed": 221.218937, "delta": 1.555999}}
{"target": -10.628670975480873, "params": {"eta": 0.1611650536580488, "max_depth": 6.740300611318852, "n_estimators": 309.6032701061619}, "datetime": {"datetime": "2021-09-27 19:35:36", "elapsed": 223.624783, "delta": 2.405846}}
{"target": -11.457455407055477, "params": {"eta": 0.16628338176072233, "max_depth": 6.846982538137511, "n_estimators": 309.72182533522135}, "datetime": {"datetime": "2021-09-27 19:35:38", "elapsed": 225.944996, "delta": 2.320213}}
{"target": -11.774295431101633, "params": {"eta": 0.20178396039257285, "max_depth": 7.0741739833083805, "n_estimators": 307.0631496866066}, "datetime": {"datetime": "2021-09-27 19:35:40", "elapsed": 228.062517, "delta": 2.117521}}
{"target": -12.142662002138165, "params": {"eta": 0.33960854170424787, "max_depth": 8.228540055150496, "n_estimators": 369.73615543926286}, "datetime": {"datetime": "2021-09-27 19:35:42", "elapsed": 229.490521, "delta": 1.428004}}
{"target": -12.3402246539733, "params": {"eta": 0.24911719114387354, "max_depth": 11.014659056900241, "n_estimators": 309.0198694747042}, "datetime": {"datetime": "2021-09-27 19:35:44", "elapsed": 231.356101, "delta": 1.86558}}
{"target": -11.075862975161606, "params": {"eta": 0.05, "max_depth": 6.522435092211002, "n_estimators": 300.2634990650766}, "datetime": {"datetime": "2021-09-27 19:35:46", "elapsed": 233.799347, "delta": 2.443246}}
{"target": -12.882317304386095, "params": {"eta": 0.3943656301317637, "max_depth": 2.884652162834272, "n_estimators": 353.33451839001987}, "datetime": {"datetime": "2021-09-27 19:35:47", "elapsed": 235.149344, "delta": 1.349997}}
{"target": -12.382476493407191, "params": {"eta": 0.2478117907825485, "max_depth": 6.663284238919684, "n_estimators": 309.52386888205484}, "datetime": {"datetime": "2021-09-27 19:35:49", "elapsed": 237.302518, "delta": 2.153174}}
{"target": -11.18831985883111, "params": {"eta": 0.1823800450487164, "max_depth": 6.037500457220954, "n_estimators": 307.80316775141176}, "datetime": {"datetime": "2021-09-27 19:35:52", "elapsed": 239.908469, "delta": 2.605951}}
{"target": -11.530618547918447, "params": {"eta": 0.10106334581080934, "max_depth": 10.07453053027558, "n_estimators": 358.1544574786954}, "datetime": {"datetime": "2021-09-27 19:35:55", "elapsed": 242.579553, "delta": 2.671084}}
{"target": -12.723314640118522, "params": {"eta": 0.4974237941508378, "max_depth": 10.596680963659615, "n_estimators": 390.72315654598646}, "datetime": {"datetime": "2021-09-27 19:35:56", "elapsed": 244.126648, "delta": 1.547095}}
{"target": -11.564719488905007, "params": {"eta": 0.11559654948369397, "max_depth": 6.804138484615747, "n_estimators": 308.62393865825146}, "datetime": {"datetime": "2021-09-27 19:35:59", "elapsed": 246.560649, "delta": 2.434001}}
{"target": -11.795749999373509, "params": {"eta": 0.24104031633142742, "max_depth": 4.908568282241404, "n_estimators": 334.88092004517165}, "datetime": {"datetime": "2021-09-27 19:36:00", "elapsed": 248.118647, "delta": 1.557998}}
{"target": -11.235096437256157, "params": {"eta": 0.07589411610177557, "max_depth": 6.546323891040452, "n_estimators": 309.8059298438424}, "datetime": {"datetime": "2021-09-27 19:36:03", "elapsed": 250.698095, "delta": 2.579448}}
{"target": -10.945814803785417, "params": {"eta": 0.07143704851467508, "max_depth": 6.283979089548305, "n_estimators": 305.96517756603487}, "datetime": {"datetime": "2021-09-27 19:36:06", "elapsed": 253.547095, "delta": 2.849}}
{"target": -11.882550235482872, "params": {"eta": 0.4137851095924379, "max_depth": 4.009885634780443, "n_estimators": 399.34875979389557}, "datetime": {"datetime": "2021-09-27 19:36:08", "elapsed": 255.687627, "delta": 2.140532}}
{"target": -11.553440062722649, "params": {"eta": 0.2949044311430933, "max_depth": 5.128856916486099, "n_estimators": 359.44720467406233}, "datetime": {"datetime": "2021-09-27 19:36:10", "elapsed": 257.541009, "delta": 1.853382}}
{"target": -11.133500472447034, "params": {"eta": 0.07849701040089434, "max_depth": 6.418786105862683, "n_estimators": 309.65298054114777}, "datetime": {"datetime": "2021-09-27 19:36:12", "elapsed": 259.971201, "delta": 2.430192}}
{"target": -12.12816291862037, "params": {"eta": 0.2330192392938394, "max_depth": 8.890252329064666, "n_estimators": 342.47574295498845}, "datetime": {"datetime": "2021-09-27 19:36:14", "elapsed": 261.77935, "delta": 1.808149}}
{"target": -11.008533389746592, "params": {"eta": 0.18330784294085595, "max_depth": 6.353376588589558, "n_estimators": 306.0928674809108}, "datetime": {"datetime": "2021-09-27 19:36:16", "elapsed": 264.188693, "delta": 2.409343}}
{"target": -11.637504559194207, "params": {"eta": 0.31191315244377055, "max_depth": 6.255923281590194, "n_estimators": 310.12844120485636}, "datetime": {"datetime": "2021-09-27 19:36:18", "elapsed": 266.171523, "delta": 1.98283}}
{"target": -10.760946314072788, "params": {"eta": 0.1060336240030097, "max_depth": 5.713250852220984, "n_estimators": 343.9781701665793}, "datetime": {"datetime": "2021-09-27 19:36:20", "elapsed": 268.292576, "delta": 2.121053}}
{"target": -10.944781622424896, "params": {"eta": 0.08807522464078611, "max_depth": 5.616150785460359, "n_estimators": 343.8670758400552}, "datetime": {"datetime": "2021-09-27 19:36:23", "elapsed": 270.666463, "delta": 2.373887}}
{"target": -11.40225859633925, "params": {"eta": 0.19852313917146358, "max_depth": 3.5234351552000436, "n_estimators": 397.6081362002529}, "datetime": {"datetime": "2021-09-27 19:36:25", "elapsed": 272.481996, "delta": 1.815533}}
{"target": -11.218652382320018, "params": {"eta": 0.07483709785535492, "max_depth": 6.958706438965787, "n_estimators": 308.6670943640678}, "datetime": {"datetime": "2021-09-27 19:36:27", "elapsed": 274.721524, "delta": 2.239528}}
{"target": -11.42357261214952, "params": {"eta": 0.16259550342172538, "max_depth": 5.525221828220225, "n_estimators": 343.96483889875}, "datetime": {"datetime": "2021-09-27 19:36:29", "elapsed": 277.041377, "delta": 2.319853}}
{"target": -11.652286884659395, "params": {"eta": 0.20417925361163636, "max_depth": 5.871251434600685, "n_estimators": 344.04217404434496}, "datetime": {"datetime": "2021-09-27 19:36:31", "elapsed": 279.311024, "delta": 2.269647}}
{"target": -11.426890027871814, "params": {"eta": 0.05, "max_depth": 5.62275787436502, "n_estimators": 343.99214058701756}, "datetime": {"datetime": "2021-09-27 19:36:34", "elapsed": 282.038133, "delta": 2.727109}}
{"target": -11.365879115902425, "params": {"eta": 0.0913018312092164, "max_depth": 7.985504965519409, "n_estimators": 312.1794853130622}, "datetime": {"datetime": "2021-09-27 19:36:37", "elapsed": 284.614037, "delta": 2.575904}}
{"target": -11.146057836683957, "params": {"eta": 0.18215652702118085, "max_depth": 5.679639492572182, "n_estimators": 344.33562231121994}, "datetime": {"datetime": "2021-09-27 19:36:40", "elapsed": 287.335214, "delta": 2.721177}}
{"target": -12.070960938927113, "params": {"eta": 0.25386452774957424, "max_depth": 6.560912479765396, "n_estimators": 310.0888648226352}, "datetime": {"datetime": "2021-09-27 19:36:41", "elapsed": 289.191211, "delta": 1.855997}}
{"target": -11.15590658572156, "params": {"eta": 0.15959633575697674, "max_depth": 5.574172142332383, "n_estimators": 343.71871316553666}, "datetime": {"datetime": "2021-09-27 19:36:43", "elapsed": 291.088933, "delta": 1.897722}}
