{"target": -10.598783904086813, "params": {"eta": 0.056551173023659015, "max_depth": 18.981521451475942, "n_estimators": 179.18422554472772}, "datetime": {"datetime": "2021-09-27 20:29:26", "elapsed": 110.771597, "delta": 2.643325}}
{"target": -10.891877486805505, "params": {"eta": 0.1722227654722246, "max_depth": 7.138206368365135, "n_estimators": 176.82276164404385}, "datetime": {"datetime": "2021-09-27 20:29:27", "elapsed": 112.048983, "delta": 1.277386}}
{"target": -11.425673403919182, "params": {"eta": 0.2449471694795633, "max_depth": 27.95845480970815, "n_estimators": 179.30743606813974}, "datetime": {"datetime": "2021-09-27 20:29:28", "elapsed": 113.097984, "delta": 1.049001}}
{"target": -10.071632099256144, "params": {"eta": 0.09666858613540479, "max_depth": 7.112680114018164, "n_estimators": 150.1084750010083}, "datetime": {"datetime": "2021-09-27 20:29:29", "elapsed": 114.38236, "delta": 1.284376}}
{"target": -13.205643311625817, "params": {"eta": 0.2517944162393946, "max_depth": 1.6559068033422946, "n_estimators": 164.46068988257684}, "datetime": {"datetime": "2021-09-27 20:29:30", "elapsed": 114.852359, "delta": 0.469999}}
{"target": -10.573455723663203, "params": {"eta": 0.19357384175990067, "max_depth": 34.03028225403018, "n_estimators": 196.86682171841952}, "datetime": {"datetime": "2021-09-27 20:29:31", "elapsed": 116.163249, "delta": 1.31089}}
{"target": -10.867021308756753, "params": {"eta": 0.1534165180873553, "max_depth": 33.53536219914814, "n_estimators": 169.31182270168722}, "datetime": {"datetime": "2021-09-27 20:29:33", "elapsed": 117.767255, "delta": 1.604006}}
{"target": -10.791726396180602, "params": {"eta": 0.08989345237682093, "max_depth": 23.995648005390652, "n_estimators": 180.62008646282084}, "datetime": {"datetime": "2021-09-27 20:29:35", "elapsed": 119.768097, "delta": 2.000842}}
{"target": -11.109407303706883, "params": {"eta": 0.2763153739781067, "max_depth": 20.191647056287476, "n_estimators": 165.75950459507217}, "datetime": {"datetime": "2021-09-27 20:29:36", "elapsed": 121.316426, "delta": 1.548329}}
{"target": -10.814037258153213, "params": {"eta": 0.1517449105788895, "max_depth": 34.41927462413732, "n_estimators": 175.9254458668094}, "datetime": {"datetime": "2021-09-27 20:29:39", "elapsed": 123.817958, "delta": 2.501532}}
{"target": -10.603152862953594, "params": {"eta": 0.17657789936039936, "max_depth": 7.331140063785661, "n_estimators": 150.17394005705225}, "datetime": {"datetime": "2021-09-27 20:29:40", "elapsed": 124.816185, "delta": 0.998227}}
{"target": -11.249435693127117, "params": {"eta": 0.26758086869829734, "max_depth": 6.731818061154851, "n_estimators": 176.30811514004114}, "datetime": {"datetime": "2021-09-27 20:29:41", "elapsed": 126.098468, "delta": 1.282283}}
{"target": -10.383620157108766, "params": {"eta": 0.14834470775060238, "max_depth": 6.583078059348295, "n_estimators": 176.309872459258}, "datetime": {"datetime": "2021-09-27 20:29:42", "elapsed": 127.259471, "delta": 1.161003}}
{"target": -10.331676340049384, "params": {"eta": 0.09213624702503874, "max_depth": 15.838027670324134, "n_estimators": 192.94461163042095}, "datetime": {"datetime": "2021-09-27 20:29:44", "elapsed": 129.276892, "delta": 2.017421}}
{"target": -11.138952141345655, "params": {"eta": 0.228061043822941, "max_depth": 6.931508485014902, "n_estimators": 176.94985972159026}, "datetime": {"datetime": "2021-09-27 20:29:46", "elapsed": 130.850409, "delta": 1.573517}}
{"target": -10.99006264243206, "params": {"eta": 0.23587120725606786, "max_depth": 15.809991429527393, "n_estimators": 192.9893231577756}, "datetime": {"datetime": "2021-09-27 20:29:47", "elapsed": 132.226398, "delta": 1.375989}}
{"target": -10.92620568985584, "params": {"eta": 0.23103822089677306, "max_depth": 9.466163848055166, "n_estimators": 195.7551911813405}, "datetime": {"datetime": "2021-09-27 20:29:48", "elapsed": 133.716039, "delta": 1.489641}}
{"target": -10.302264678842326, "params": {"eta": 0.22307916387511983, "max_depth": 5.915396046475747, "n_estimators": 182.67364567835006}, "datetime": {"datetime": "2021-09-27 20:29:49", "elapsed": 134.639873, "delta": 0.923834}}
{"target": -10.449762192557372, "params": {"eta": 0.06871422753398128, "max_depth": 10.386673707719346, "n_estimators": 154.34986098562342}, "datetime": {"datetime": "2021-09-27 20:29:51", "elapsed": 136.025875, "delta": 1.386002}}
{"target": -10.670902046641322, "params": {"eta": 0.12350708346712354, "max_depth": 16.93331160134043, "n_estimators": 191.65632726509637}, "datetime": {"datetime": "2021-09-27 20:29:52", "elapsed": 137.711872, "delta": 1.685997}}
{"target": -10.8535769430598, "params": {"eta": 0.13871125071946794, "max_depth": 3.1962971863219343, "n_estimators": 186.86235522397925}, "datetime": {"datetime": "2021-09-27 20:29:53", "elapsed": 138.443057, "delta": 0.731185}}
{"target": -10.727348677683219, "params": {"eta": 0.06534405398533537, "max_depth": 28.460249403556006, "n_estimators": 150.23356352816376}, "datetime": {"datetime": "2021-09-27 20:29:55", "elapsed": 140.233951, "delta": 1.790894}}
{"target": -10.001214017907293, "params": {"eta": 0.06686080642388377, "max_depth": 6.47715018988683, "n_estimators": 180.9375732820046}, "datetime": {"datetime": "2021-09-27 20:29:56", "elapsed": 141.474952, "delta": 1.241001}}
{"target": -10.570992763507045, "params": {"eta": 0.14170922583626988, "max_depth": 7.175343303717347, "n_estimators": 150.023238186033}, "datetime": {"datetime": "2021-09-27 20:29:57", "elapsed": 142.716252, "delta": 1.2413}}
{"target": -10.564284170805749, "params": {"eta": 0.09972249647511051, "max_depth": 10.541688818382507, "n_estimators": 153.89123347851597}, "datetime": {"datetime": "2021-09-27 20:29:59", "elapsed": 144.6789, "delta": 1.962648}}
{"target": -10.416048231664861, "params": {"eta": 0.10181061744812876, "max_depth": 6.553227503519967, "n_estimators": 181.03501496779003}, "datetime": {"datetime": "2021-09-27 20:30:01", "elapsed": 146.051181, "delta": 1.372281}}
{"target": -10.855640717560675, "params": {"eta": 0.12729446320199772, "max_depth": 5.797034994656441, "n_estimators": 182.65983246566347}, "datetime": {"datetime": "2021-09-27 20:30:02", "elapsed": 147.337182, "delta": 1.286001}}
{"target": -11.492499036340948, "params": {"eta": 0.24889467158145612, "max_depth": 28.378836759249715, "n_estimators": 159.8748612104893}, "datetime": {"datetime": "2021-09-27 20:30:04", "elapsed": 149.126731, "delta": 1.789549}}
{"target": -11.880868379353918, "params": {"eta": 0.26014260816521123, "max_depth": 16.307616409402584, "n_estimators": 190.677825572731}, "datetime": {"datetime": "2021-09-27 20:30:05", "elapsed": 150.471591, "delta": 1.34486}}
{"target": -11.081903685186886, "params": {"eta": 0.2285066190834067, "max_depth": 18.944508338215503, "n_estimators": 191.5352560816221}, "datetime": {"datetime": "2021-09-27 20:30:07", "elapsed": 152.347577, "delta": 1.875986}}
{"target": -10.83872411135122, "params": {"eta": 0.07102493601413258, "max_depth": 28.70276268030633, "n_estimators": 162.28533018292816}, "datetime": {"datetime": "2021-09-27 20:30:10", "elapsed": 154.886578, "delta": 2.539001}}
{"target": -10.289393833842158, "params": {"eta": 0.05151837283597084, "max_depth": 6.799102155830805, "n_estimators": 176.27067243197834}, "datetime": {"datetime": "2021-09-27 20:30:11", "elapsed": 156.095578, "delta": 1.209}}
{"target": -10.632437010705036, "params": {"eta": 0.10158254050806516, "max_depth": 6.475101904069451, "n_estimators": 181.0916148291848}, "datetime": {"datetime": "2021-09-27 20:30:12", "elapsed": 157.343577, "delta": 1.247999}}
{"target": -10.489540153012587, "params": {"eta": 0.1167679909716582, "max_depth": 6.507106753232651, "n_estimators": 176.37428066346067}, "datetime": {"datetime": "2021-09-27 20:30:13", "elapsed": 158.53831, "delta": 1.194733}}
{"target": -10.822801231649297, "params": {"eta": 0.07458690938446967, "max_depth": 4.449558795745308, "n_estimators": 150.91347002042514}, "datetime": {"datetime": "2021-09-27 20:30:14", "elapsed": 159.426918, "delta": 0.888608}}
{"target": -10.476571652932066, "params": {"eta": 0.1281170328154002, "max_depth": 6.770140233762647, "n_estimators": 176.13913958765184}, "datetime": {"datetime": "2021-09-27 20:30:15", "elapsed": 160.564299, "delta": 1.137381}}
{"target": -10.244798267215183, "params": {"eta": 0.0967501623595552, "max_depth": 15.917877012919327, "n_estimators": 193.01972889466214}, "datetime": {"datetime": "2021-09-27 20:30:18", "elapsed": 162.7623, "delta": 2.198001}}
{"target": -10.806216069419806, "params": {"eta": 0.16546453480366585, "max_depth": 18.906657400338013, "n_estimators": 179.45017224234397}, "datetime": {"datetime": "2021-09-27 20:30:19", "elapsed": 164.366844, "delta": 1.604544}}
{"target": -10.467430751814073, "params": {"eta": 0.08175526441315493, "max_depth": 10.338263995173405, "n_estimators": 154.2526338097727}, "datetime": {"datetime": "2021-09-27 20:30:20", "elapsed": 165.695833, "delta": 1.328989}}
{"target": -10.563585067241732, "params": {"eta": 0.1537279249496773, "max_depth": 34.60328310138558, "n_estimators": 182.52885080445347}, "datetime": {"datetime": "2021-09-27 20:30:22", "elapsed": 167.411558, "delta": 1.715725}}
{"target": -10.742347621893108, "params": {"eta": 0.15312239677165196, "max_depth": 17.772859291884398, "n_estimators": 195.55915898021487}, "datetime": {"datetime": "2021-09-27 20:30:25", "elapsed": 169.76766, "delta": 2.356102}}
{"target": -10.318447736379833, "params": {"eta": 0.14654586489486326, "max_depth": 8.652831301458399, "n_estimators": 155.75863164311593}, "datetime": {"datetime": "2021-09-27 20:30:26", "elapsed": 171.541127, "delta": 1.773467}}
{"target": -11.32773433826765, "params": {"eta": 0.28685722915567885, "max_depth": 25.13766337147904, "n_estimators": 199.22712508222344}, "datetime": {"datetime": "2021-09-27 20:30:28", "elapsed": 173.373122, "delta": 1.831995}}
{"target": -10.285004576654615, "params": {"eta": 0.053955352012156496, "max_depth": 6.480797336947957, "n_estimators": 176.22403265703244}, "datetime": {"datetime": "2021-09-27 20:30:30", "elapsed": 174.977647, "delta": 1.604525}}
{"target": -11.58474813591455, "params": {"eta": 0.2514967631303651, "max_depth": 12.276593871402497, "n_estimators": 196.49284300601005}, "datetime": {"datetime": "2021-09-27 20:30:31", "elapsed": 176.321016, "delta": 1.343369}}
{"target": -10.2957410287926, "params": {"eta": 0.12980031409303738, "max_depth": 28.348155472199796, "n_estimators": 159.9649813252082}, "datetime": {"datetime": "2021-09-27 20:30:34", "elapsed": 179.253486, "delta": 2.93247}}
{"target": -10.594886615762348, "params": {"eta": 0.06319839233682688, "max_depth": 8.759556235245267, "n_estimators": 155.71964718240278}, "datetime": {"datetime": "2021-09-27 20:30:37", "elapsed": 182.106762, "delta": 2.853276}}
{"target": -10.435423082871804, "params": {"eta": 0.13623568814495252, "max_depth": 6.455073888790848, "n_estimators": 181.00864586952827}, "datetime": {"datetime": "2021-09-27 20:30:39", "elapsed": 183.807734, "delta": 1.700972}}
{"target": -11.480239191746229, "params": {"eta": 0.27548556014912784, "max_depth": 6.013472070124046, "n_estimators": 182.75755195756204}, "datetime": {"datetime": "2021-09-27 20:30:40", "elapsed": 185.676376, "delta": 1.868642}}
{"target": -11.118063527572623, "params": {"eta": 0.18512931435315833, "max_depth": 6.430661206398138, "n_estimators": 176.2361896992964}, "datetime": {"datetime": "2021-09-27 20:30:42", "elapsed": 186.976649, "delta": 1.300273}}
{"target": -11.312007538526958, "params": {"eta": 0.25531059774884846, "max_depth": 25.461036859394962, "n_estimators": 194.73481108200448}, "datetime": {"datetime": "2021-09-27 20:30:43", "elapsed": 188.515129, "delta": 1.53848}}
{"target": -10.523750944500282, "params": {"eta": 0.08321355774643842, "max_depth": 16.07560462618278, "n_estimators": 193.00546159901782}, "datetime": {"datetime": "2021-09-27 20:30:46", "elapsed": 190.893814, "delta": 2.378685}}
{"target": -10.980245910565332, "params": {"eta": 0.2977364956633827, "max_depth": 18.91848707167633, "n_estimators": 179.10456610885922}, "datetime": {"datetime": "2021-09-27 20:30:47", "elapsed": 192.37627, "delta": 1.482456}}
{"target": -10.926665553704018, "params": {"eta": 0.21481679978308293, "max_depth": 10.50876375305095, "n_estimators": 153.9468394632698}, "datetime": {"datetime": "2021-09-27 20:30:49", "elapsed": 193.778854, "delta": 1.402584}}
{"target": -10.50265829921151, "params": {"eta": 0.14214646372341722, "max_depth": 18.886533825835205, "n_estimators": 179.04327361817786}, "datetime": {"datetime": "2021-09-27 20:30:51", "elapsed": 195.729858, "delta": 1.951004}}
{"target": -10.558652814969948, "params": {"eta": 0.07492968071172341, "max_depth": 8.675831121085096, "n_estimators": 155.83397392604482}, "datetime": {"datetime": "2021-09-27 20:30:52", "elapsed": 197.407141, "delta": 1.677283}}
{"target": -10.470904679186646, "params": {"eta": 0.0592333619360718, "max_depth": 6.513214675439768, "n_estimators": 180.86622818808837}, "datetime": {"datetime": "2021-09-27 20:30:54", "elapsed": 198.954141, "delta": 1.547}}
{"target": -10.263521026016202, "params": {"eta": 0.06494340612829812, "max_depth": 6.37506600091548, "n_estimators": 180.9386732176024}, "datetime": {"datetime": "2021-09-27 20:30:55", "elapsed": 200.303332, "delta": 1.349191}}
{"target": -10.459010682182472, "params": {"eta": 0.11472047998219508, "max_depth": 6.271855574436293, "n_estimators": 180.9703872213078}, "datetime": {"datetime": "2021-09-27 20:30:57", "elapsed": 202.11733, "delta": 1.813998}}
{"target": -10.512673936736661, "params": {"eta": 0.13280241957120864, "max_depth": 6.053413578627913, "n_estimators": 186.03556162451991}, "datetime": {"datetime": "2021-09-27 20:30:59", "elapsed": 203.805722, "delta": 1.688392}}
{"target": -10.410978099492288, "params": {"eta": 0.13292000000017884, "max_depth": 6.536083817734483, "n_estimators": 180.94482227332654}, "datetime": {"datetime": "2021-09-27 20:31:00", "elapsed": 205.383297, "delta": 1.577575}}
{"target": -11.016961977038262, "params": {"eta": 0.07908750025518334, "max_depth": 15.90617557962818, "n_estimators": 193.11055655943036}, "datetime": {"datetime": "2021-09-27 20:31:03", "elapsed": 208.440413, "delta": 3.057116}}
{"target": -10.130450273127417, "params": {"eta": 0.06528586590879239, "max_depth": 6.553372930455207, "n_estimators": 176.123801838327}, "datetime": {"datetime": "2021-09-27 20:31:05", "elapsed": 210.575133, "delta": 2.13472}}
{"target": -10.361149037957302, "params": {"eta": 0.15553261457515422, "max_depth": 28.021742646057618, "n_estimators": 176.38888042094732}, "datetime": {"datetime": "2021-09-27 20:31:07", "elapsed": 212.617132, "delta": 2.041999}}
{"target": -10.01640409319859, "params": {"eta": 0.09262913589193149, "max_depth": 6.244644284444381, "n_estimators": 195.48812599409223}, "datetime": {"datetime": "2021-09-27 20:31:09", "elapsed": 214.384183, "delta": 1.767051}}
{"target": -11.22740918538612, "params": {"eta": 0.27898609494555826, "max_depth": 9.362701553151751, "n_estimators": 199.01122290337486}, "datetime": {"datetime": "2021-09-27 20:31:10", "elapsed": 215.587183, "delta": 1.203}}
{"target": -10.667090079589507, "params": {"eta": 0.08425828540437448, "max_depth": 14.798374018002798, "n_estimators": 163.36827792532154}, "datetime": {"datetime": "2021-09-27 20:31:13", "elapsed": 217.889846, "delta": 2.302663}}
{"target": -10.370793171096196, "params": {"eta": 0.10323255677081035, "max_depth": 6.550976459414354, "n_estimators": 175.97369410259859}, "datetime": {"datetime": "2021-09-27 20:31:15", "elapsed": 219.811378, "delta": 1.921532}}
{"target": -10.301043247491572, "params": {"eta": 0.07440791267691856, "max_depth": 27.055425523624777, "n_estimators": 171.56549905046944}, "datetime": {"datetime": "2021-09-27 20:31:17", "elapsed": 222.648105, "delta": 2.836727}}
{"target": -10.28910800796379, "params": {"eta": 0.12977540146576805, "max_depth": 28.32194679463935, "n_estimators": 159.8955697227678}, "datetime": {"datetime": "2021-09-27 20:31:20", "elapsed": 225.101577, "delta": 2.453472}}
{"target": -10.763918899898313, "params": {"eta": 0.0818404416488545, "max_depth": 24.686071348422143, "n_estimators": 152.77936382120788}, "datetime": {"datetime": "2021-09-27 20:31:22", "elapsed": 227.295117, "delta": 2.19354}}
{"target": -11.18347793065642, "params": {"eta": 0.2699542936949742, "max_depth": 26.294980577614314, "n_estimators": 171.46596464459978}, "datetime": {"datetime": "2021-09-27 20:31:23", "elapsed": 228.671361, "delta": 1.376244}}
{"target": -10.42815926835437, "params": {"eta": 0.052708164745862415, "max_depth": 6.226215763859911, "n_estimators": 195.53992730581038}, "datetime": {"datetime": "2021-09-27 20:31:25", "elapsed": 230.68185, "delta": 2.010489}}
{"target": -10.58841962735962, "params": {"eta": 0.19331063124712583, "max_depth": 28.337684455294145, "n_estimators": 160.05614191764138}, "datetime": {"datetime": "2021-09-27 20:31:27", "elapsed": 232.619951, "delta": 1.938101}}
{"target": -10.664931423589374, "params": {"eta": 0.06481876766577897, "max_depth": 18.872884368543076, "n_estimators": 179.1394641175022}, "datetime": {"datetime": "2021-09-27 20:31:30", "elapsed": 235.601465, "delta": 2.981514}}
{"target": -10.867653244174837, "params": {"eta": 0.15367685075715964, "max_depth": 18.882407360481864, "n_estimators": 179.22439024721956}, "datetime": {"datetime": "2021-09-27 20:31:33", "elapsed": 237.7347, "delta": 2.133235}}
{"target": -10.660172108019875, "params": {"eta": 0.17543894195317739, "max_depth": 6.452390091424436, "n_estimators": 180.87836266546225}, "datetime": {"datetime": "2021-09-27 20:31:34", "elapsed": 239.44396, "delta": 1.70926}}
{"target": -10.902723433273035, "params": {"eta": 0.2026848983473239, "max_depth": 5.920532241917247, "n_estimators": 182.68919466993913}, "datetime": {"datetime": "2021-09-27 20:31:36", "elapsed": 240.799274, "delta": 1.355314}}
{"target": -10.656843912735123, "params": {"eta": 0.13998969864777872, "max_depth": 6.701354200554281, "n_estimators": 176.3746560947728}, "datetime": {"datetime": "2021-09-27 20:31:37", "elapsed": 242.491944, "delta": 1.69267}}
{"target": -10.632335040888288, "params": {"eta": 0.0648604167461473, "max_depth": 27.922840877558848, "n_estimators": 176.46811679654203}, "datetime": {"datetime": "2021-09-27 20:31:40", "elapsed": 245.193678, "delta": 2.701734}}
{"target": -10.871941234369642, "params": {"eta": 0.15551359307849755, "max_depth": 26.99025522108354, "n_estimators": 171.65173255250818}, "datetime": {"datetime": "2021-09-27 20:31:42", "elapsed": 247.058718, "delta": 1.86504}}
{"target": -10.875937799187177, "params": {"eta": 0.1586375111522339, "max_depth": 12.856828459969696, "n_estimators": 150.95277386660158}, "datetime": {"datetime": "2021-09-27 20:31:43", "elapsed": 248.621539, "delta": 1.562821}}
{"target": -10.473260821213765, "params": {"eta": 0.12098559884653552, "max_depth": 6.743943763607688, "n_estimators": 176.21804365361032}, "datetime": {"datetime": "2021-09-27 20:31:46", "elapsed": 250.791535, "delta": 2.169996}}
{"target": -11.58618475716871, "params": {"eta": 0.29207068169966327, "max_depth": 13.531837295455807, "n_estimators": 198.71292215432493}, "datetime": {"datetime": "2021-09-27 20:31:47", "elapsed": 252.55777, "delta": 1.766235}}
{"target": -10.369271387610734, "params": {"eta": 0.21138791055266776, "max_depth": 11.778591021652645, "n_estimators": 186.025026094696}, "datetime": {"datetime": "2021-09-27 20:31:49", "elapsed": 254.255782, "delta": 1.698012}}
{"target": -11.246197106559555, "params": {"eta": 0.29363805859140846, "max_depth": 7.756415426589922, "n_estimators": 172.85897939804588}, "datetime": {"datetime": "2021-09-27 20:31:50", "elapsed": 255.648999, "delta": 1.393217}}
{"target": -10.6459526022946, "params": {"eta": 0.13291979022946412, "max_depth": 27.990168119845514, "n_estimators": 176.4626987360104}, "datetime": {"datetime": "2021-09-27 20:31:54", "elapsed": 258.958215, "delta": 3.309216}}
{"target": -10.387315491301521, "params": {"eta": 0.1208061460510275, "max_depth": 7.024069840345659, "n_estimators": 150.10792467504007}, "datetime": {"datetime": "2021-09-27 20:31:56", "elapsed": 261.062007, "delta": 2.103792}}
{"target": -10.84879068643989, "params": {"eta": 0.18049030538026128, "max_depth": 28.03156403666307, "n_estimators": 175.5190662626652}, "datetime": {"datetime": "2021-09-27 20:31:58", "elapsed": 263.375068, "delta": 2.313061}}
{"target": -10.527361375560062, "params": {"eta": 0.2910271690815075, "max_depth": 11.823410868442412, "n_estimators": 186.10444571250252}, "datetime": {"datetime": "2021-09-27 20:32:01", "elapsed": 265.926069, "delta": 2.551001}}
{"target": -11.047077351777098, "params": {"eta": 0.2311219628206977, "max_depth": 31.383856100850743, "n_estimators": 198.14482672804962}, "datetime": {"datetime": "2021-09-27 20:32:03", "elapsed": 268.53711, "delta": 2.611041}}
{"target": -10.135661043313167, "params": {"eta": 0.13404107673326765, "max_depth": 21.247881470599722, "n_estimators": 155.87016648577935}, "datetime": {"datetime": "2021-09-27 20:32:07", "elapsed": 272.528875, "delta": 3.991765}}
{"target": -10.069083307296404, "params": {"eta": 0.13259863466279997, "max_depth": 6.622387392308205, "n_estimators": 176.11661269507246}, "datetime": {"datetime": "2021-09-27 20:32:10", "elapsed": 274.820529, "delta": 2.291654}}
{"target": -10.568326296876219, "params": {"eta": 0.10026828723824004, "max_depth": 15.946874203344406, "n_estimators": 192.9001761615183}, "datetime": {"datetime": "2021-09-27 20:32:13", "elapsed": 278.026379, "delta": 3.20585}}
{"target": -10.696057479692179, "params": {"eta": 0.09984386265880289, "max_depth": 21.366064936967273, "n_estimators": 155.87488900195555}, "datetime": {"datetime": "2021-09-27 20:32:16", "elapsed": 281.619516, "delta": 3.593137}}
