{"target": -2.4790296686323066, "params": {"eta": 0.22011658322522148, "max_depth": 17.35138660111948, "n_estimators": 19.601994080712302}, "datetime": {"datetime": "2021-09-17 13:00:55", "elapsed": 488.131371, "delta": 2.796649}}
{"target": -2.6835044685162996, "params": {"eta": 0.4957789462479175, "max_depth": 14.91349276359593, "n_estimators": 19.34128332655815}, "datetime": {"datetime": "2021-09-17 13:00:58", "elapsed": 490.953582, "delta": 2.822211}}
{"target": -2.6693925819898907, "params": {"eta": 0.36824159184778693, "max_depth": 12.844190623253835, "n_estimators": 9.162814407108526}, "datetime": {"datetime": "2021-09-17 13:01:00", "elapsed": 492.897215, "delta": 1.943633}}
{"target": -2.3827273023755926, "params": {"eta": 0.24184602893147225, "max_depth": 14.884910325067958, "n_estimators": 18.265600814018395}, "datetime": {"datetime": "2021-09-17 13:01:02", "elapsed": 495.336271, "delta": 2.439056}}
{"target": -2.4007404346215098, "params": {"eta": 0.236998561821196, "max_depth": 17.016180011516166, "n_estimators": 18.942140899707386}, "datetime": {"datetime": "2021-09-17 13:01:06", "elapsed": 498.976695, "delta": 3.640424}}
{"target": -2.3756265094405724, "params": {"eta": 0.29121655152741005, "max_depth": 12.463244011549948, "n_estimators": 17.902440476170412}, "datetime": {"datetime": "2021-09-17 13:01:10", "elapsed": 502.780064, "delta": 3.803369}}
{"target": -2.550520921380896, "params": {"eta": 0.3514801830869315, "max_depth": 16.47008414188199, "n_estimators": 10.582253818515312}, "datetime": {"datetime": "2021-09-17 13:01:11", "elapsed": 504.6876, "delta": 1.907536}}
{"target": -2.6104541740919416, "params": {"eta": 0.2774214920225624, "max_depth": 14.817564827406757, "n_estimators": 10.660182763027738}, "datetime": {"datetime": "2021-09-17 13:01:14", "elapsed": 507.271451, "delta": 2.583851}}
{"target": -2.45830736473987, "params": {"eta": 0.23062926892216593, "max_depth": 16.31703670877857, "n_estimators": 18.280483683357094}, "datetime": {"datetime": "2021-09-17 13:01:16", "elapsed": 509.423654, "delta": 2.152203}}
{"target": -2.5469480006318346, "params": {"eta": 0.34947781782682896, "max_depth": 16.411179320525008, "n_estimators": 17.665761405454862}, "datetime": {"datetime": "2021-09-17 13:01:18", "elapsed": 511.488891, "delta": 2.065237}}
{"target": -2.58432201021596, "params": {"eta": 0.485910689366961, "max_depth": 5.525259293670517, "n_estimators": 18.737807328962532}, "datetime": {"datetime": "2021-09-17 13:01:20", "elapsed": 513.549349, "delta": 2.060458}}
{"target": -2.331120226885143, "params": {"eta": 0.22426527333038715, "max_depth": 16.4226396890016, "n_estimators": 17.295731487904213}, "datetime": {"datetime": "2021-09-17 13:01:23", "elapsed": 516.173732, "delta": 2.624383}}
{"target": -2.3968897342681887, "params": {"eta": 0.2636707194286609, "max_depth": 14.256044842767668, "n_estimators": 19.460194348534056}, "datetime": {"datetime": "2021-09-17 13:01:25", "elapsed": 518.693793, "delta": 2.520061}}
{"target": -2.384394134973225, "params": {"eta": 0.27977990968669375, "max_depth": 13.647132027180948, "n_estimators": 16.285357957497645}, "datetime": {"datetime": "2021-09-17 13:01:28", "elapsed": 520.810078, "delta": 2.116285}}
{"target": -2.4353072429958145, "params": {"eta": 0.23580407405884624, "max_depth": 14.89930774442392, "n_estimators": 18.420520067034612}, "datetime": {"datetime": "2021-09-17 13:01:30", "elapsed": 523.270926, "delta": 2.460848}}
{"target": -2.5343330678186917, "params": {"eta": 0.41663864041095744, "max_depth": 5.366961334005801, "n_estimators": 17.51602311787329}, "datetime": {"datetime": "2021-09-17 13:01:32", "elapsed": 525.396104, "delta": 2.125178}}
{"target": -2.594076533066599, "params": {"eta": 0.4136897447716392, "max_depth": 10.743063397411488, "n_estimators": 15.80160965212931}, "datetime": {"datetime": "2021-09-17 13:01:34", "elapsed": 527.487449, "delta": 2.091345}}
{"target": -2.3114023553697685, "params": {"eta": 0.20483334663940955, "max_depth": 16.351008559598526, "n_estimators": 17.232304143257586}, "datetime": {"datetime": "2021-09-17 13:01:37", "elapsed": 530.343916, "delta": 2.856467}}
{"target": -2.5643214156753134, "params": {"eta": 0.4170023781373119, "max_depth": 15.945456903801302, "n_estimators": 18.572253302060396}, "datetime": {"datetime": "2021-09-17 13:01:40", "elapsed": 533.725927, "delta": 3.382011}}
{"target": -2.3799407526066427, "params": {"eta": 0.3350660554919077, "max_depth": 18.08118024361135, "n_estimators": 18.301152453168847}, "datetime": {"datetime": "2021-09-17 13:01:44", "elapsed": 537.318548, "delta": 3.592621}}
{"target": -2.6757595294400267, "params": {"eta": 0.4134798558864573, "max_depth": 18.997295217799948, "n_estimators": 10.403167126595417}, "datetime": {"datetime": "2021-09-17 13:01:46", "elapsed": 539.647113, "delta": 2.328565}}
{"target": -2.4853716304427698, "params": {"eta": 0.3163578260936414, "max_depth": 14.84240205902737, "n_estimators": 18.369881428736406}, "datetime": {"datetime": "2021-09-17 13:01:51", "elapsed": 543.940469, "delta": 4.293356}}
{"target": -2.336914504829206, "params": {"eta": 0.20740037194885788, "max_depth": 14.144944491953947, "n_estimators": 19.697324583545598}, "datetime": {"datetime": "2021-09-17 13:01:53", "elapsed": 546.652777, "delta": 2.712308}}
{"target": -2.6333322029364736, "params": {"eta": 0.3564444929504957, "max_depth": 12.162099530712037, "n_estimators": 8.367551948558381}, "datetime": {"datetime": "2021-09-17 13:01:56", "elapsed": 548.919093, "delta": 2.266316}}
{"target": -2.442333961787977, "params": {"eta": 0.45930694591208204, "max_depth": 13.855610125688708, "n_estimators": 16.243608484205552}, "datetime": {"datetime": "2021-09-17 13:01:58", "elapsed": 550.99127, "delta": 2.072177}}
{"target": -2.483718540793971, "params": {"eta": 0.3268999579896058, "max_depth": 9.477031478915913, "n_estimators": 12.303724909871898}, "datetime": {"datetime": "2021-09-17 13:02:00", "elapsed": 553.319831, "delta": 2.328561}}
{"target": -2.3432860619143434, "params": {"eta": 0.2814826168582743, "max_depth": 16.19265078066603, "n_estimators": 15.823173409362107}, "datetime": {"datetime": "2021-09-17 13:02:04", "elapsed": 557.565022, "delta": 4.245191}}
{"target": -2.501104404424366, "params": {"eta": 0.26611254125322914, "max_depth": 12.416111971896166, "n_estimators": 17.969345419928132}, "datetime": {"datetime": "2021-09-17 13:02:09", "elapsed": 561.798164, "delta": 4.233142}}
{"target": -2.6407724838507804, "params": {"eta": 0.42282712850760895, "max_depth": 16.804303663047875, "n_estimators": 14.506637504290454}, "datetime": {"datetime": "2021-09-17 13:02:11", "elapsed": 564.204976, "delta": 2.406812}}
{"target": -2.38902833336278, "params": {"eta": 0.2802410306780724, "max_depth": 8.44657244624438, "n_estimators": 14.943464353606366}, "datetime": {"datetime": "2021-09-17 13:02:13", "elapsed": 566.676784, "delta": 2.471808}}
{"target": -2.542669429904536, "params": {"eta": 0.25681561933540736, "max_depth": 9.418399124122237, "n_estimators": 12.738641255968911}, "datetime": {"datetime": "2021-09-17 13:02:16", "elapsed": 569.124939, "delta": 2.448155}}
{"target": -2.5664527673470348, "params": {"eta": 0.4664336527620011, "max_depth": 17.184824631560936, "n_estimators": 9.341391852322264}, "datetime": {"datetime": "2021-09-17 13:02:18", "elapsed": 571.570219, "delta": 2.44528}}
{"target": -2.4425030965554084, "params": {"eta": 0.2527189795304537, "max_depth": 8.317142095553, "n_estimators": 14.516222626380685}, "datetime": {"datetime": "2021-09-17 13:02:22", "elapsed": 575.112072, "delta": 3.541853}}
{"target": -2.409308271659048, "params": {"eta": 0.24058334297846357, "max_depth": 10.203634385650808, "n_estimators": 16.08904315150278}, "datetime": {"datetime": "2021-09-17 13:02:24", "elapsed": 577.329872, "delta": 2.2178}}
{"target": -2.5219850753483017, "params": {"eta": 0.38315643041472636, "max_depth": 7.824992641570722, "n_estimators": 10.346482249355548}, "datetime": {"datetime": "2021-09-17 13:02:26", "elapsed": 579.531409, "delta": 2.201537}}
{"target": -2.4764690261138114, "params": {"eta": 0.20027197733862367, "max_depth": 16.294626223318765, "n_estimators": 17.15565776921587}, "datetime": {"datetime": "2021-09-17 13:02:29", "elapsed": 582.522125, "delta": 2.990716}}
{"target": -2.452589952945709, "params": {"eta": 0.22617436776955413, "max_depth": 14.19469341607297, "n_estimators": 19.759500852910076}, "datetime": {"datetime": "2021-09-17 13:02:32", "elapsed": 585.073129, "delta": 2.551004}}
{"target": -3.774808869863811, "params": {"eta": 0.21237844682873394, "max_depth": 16.705062336859207, "n_estimators": 9.854953168266967}, "datetime": {"datetime": "2021-09-17 13:02:34", "elapsed": 587.344018, "delta": 2.270889}}
{"target": -2.482281393753855, "params": {"eta": 0.4471697834680144, "max_depth": 16.274378800135455, "n_estimators": 18.502088650013036}, "datetime": {"datetime": "2021-09-17 13:02:36", "elapsed": 589.592802, "delta": 2.248784}}
{"target": -2.5259241957413523, "params": {"eta": 0.316867608520487, "max_depth": 15.949940696678475, "n_estimators": 13.000794189104777}, "datetime": {"datetime": "2021-09-17 13:02:39", "elapsed": 592.012729, "delta": 2.419927}}
{"target": -2.710754544483988, "params": {"eta": 0.36104886822718174, "max_depth": 7.901549251903077, "n_estimators": 8.830661345615164}, "datetime": {"datetime": "2021-09-17 13:02:41", "elapsed": 594.381042, "delta": 2.368313}}
{"target": -2.512904934506667, "params": {"eta": 0.37880373148950885, "max_depth": 17.682637012808392, "n_estimators": 10.524264653634283}, "datetime": {"datetime": "2021-09-17 13:02:43", "elapsed": 596.49839, "delta": 2.117348}}
{"target": -2.3890840919394245, "params": {"eta": 0.28760053506317057, "max_depth": 13.097751085705577, "n_estimators": 18.417668795146476}, "datetime": {"datetime": "2021-09-17 13:02:46", "elapsed": 599.417611, "delta": 2.919221}}
{"target": -2.412430799007416, "params": {"eta": 0.23995568758294902, "max_depth": 16.3580413589396, "n_estimators": 17.311804901173055}, "datetime": {"datetime": "2021-09-17 13:02:50", "elapsed": 603.10903, "delta": 3.691419}}
{"target": -2.4268323528139213, "params": {"eta": 0.2910678447298045, "max_depth": 16.51839315113081, "n_estimators": 18.55505688859713}, "datetime": {"datetime": "2021-09-17 13:02:53", "elapsed": 606.684469, "delta": 3.575439}}
{"target": -2.2725453163448135, "params": {"eta": 0.20230652057170515, "max_depth": 17.753492209094688, "n_estimators": 19.700028731466688}, "datetime": {"datetime": "2021-09-17 13:02:56", "elapsed": 609.500092, "delta": 2.815623}}
{"target": -2.4836516518341867, "params": {"eta": 0.33740619197747057, "max_depth": 14.667503437351504, "n_estimators": 14.228403621470893}, "datetime": {"datetime": "2021-09-17 13:02:59", "elapsed": 612.084084, "delta": 2.583992}}
{"target": -2.4598138351189465, "params": {"eta": 0.2450873314115288, "max_depth": 17.77066971085467, "n_estimators": 19.704456932897898}, "datetime": {"datetime": "2021-09-17 13:03:02", "elapsed": 615.443378, "delta": 3.359294}}
{"target": -2.4831251232247604, "params": {"eta": 0.2502046993110347, "max_depth": 10.37780190625414, "n_estimators": 14.45202110136811}, "datetime": {"datetime": "2021-09-17 13:03:04", "elapsed": 617.735277, "delta": 2.291899}}
{"target": -2.3607451131469324, "params": {"eta": 0.33271946751729553, "max_depth": 16.158750879212622, "n_estimators": 15.77023499496131}, "datetime": {"datetime": "2021-09-17 13:03:08", "elapsed": 621.243903, "delta": 3.508626}}
{"target": -2.4561852994718048, "params": {"eta": 0.28948789437007955, "max_depth": 8.508123260300296, "n_estimators": 19.999388601523826}, "datetime": {"datetime": "2021-09-17 13:03:10", "elapsed": 623.678807, "delta": 2.434904}}
{"target": -2.376744678773378, "params": {"eta": 0.28347200347132817, "max_depth": 16.089500827502228, "n_estimators": 15.752216324777331}, "datetime": {"datetime": "2021-09-17 13:03:15", "elapsed": 628.424849, "delta": 4.746042}}
{"target": -2.487471192134054, "params": {"eta": 0.25237375419421143, "max_depth": 11.19418521468233, "n_estimators": 13.59006322169797}, "datetime": {"datetime": "2021-09-17 13:03:18", "elapsed": 630.948693, "delta": 2.523844}}
{"target": -2.4678943997935243, "params": {"eta": 0.21982561989466903, "max_depth": 14.43640861005339, "n_estimators": 15.991928565281931}, "datetime": {"datetime": "2021-09-17 13:03:20", "elapsed": 633.539847, "delta": 2.591154}}
{"target": -2.432253249068009, "params": {"eta": 0.3384422893721789, "max_depth": 16.181353884720053, "n_estimators": 15.861722856478305}, "datetime": {"datetime": "2021-09-17 13:03:26", "elapsed": 639.155948, "delta": 5.616101}}
{"target": -2.467191597662474, "params": {"eta": 0.4720374120165767, "max_depth": 12.677583699730313, "n_estimators": 13.25637117306101}, "datetime": {"datetime": "2021-09-17 13:03:30", "elapsed": 643.133072, "delta": 3.977124}}
{"target": -2.4205066611892296, "params": {"eta": 0.2231298698634699, "max_depth": 16.26364142582753, "n_estimators": 15.835987970496578}, "datetime": {"datetime": "2021-09-17 13:03:34", "elapsed": 647.237057, "delta": 4.103985}}
{"target": -2.5337015835862413, "params": {"eta": 0.46746739007415705, "max_depth": 12.555157986133656, "n_estimators": 13.172008522797345}, "datetime": {"datetime": "2021-09-17 13:03:37", "elapsed": 649.917805, "delta": 2.680748}}
{"target": -2.4350718404117386, "params": {"eta": 0.3224266326990989, "max_depth": 16.10076305056203, "n_estimators": 15.832793615100865}, "datetime": {"datetime": "2021-09-17 13:03:41", "elapsed": 653.930146, "delta": 4.012341}}
{"target": -2.3991611957550045, "params": {"eta": 0.330669528092464, "max_depth": 13.949224670687713, "n_estimators": 19.48441849769214}, "datetime": {"datetime": "2021-09-17 13:03:45", "elapsed": 658.092784, "delta": 4.162638}}
{"target": -2.4685597287981134, "params": {"eta": 0.36483914662006306, "max_depth": 10.961589933162562, "n_estimators": 12.848817006393453}, "datetime": {"datetime": "2021-09-17 13:03:47", "elapsed": 660.69176, "delta": 2.598976}}
{"target": -2.5133844080724215, "params": {"eta": 0.3966013335383982, "max_depth": 16.223940185998103, "n_estimators": 15.733631454812642}, "datetime": {"datetime": "2021-09-17 13:03:51", "elapsed": 664.166848, "delta": 3.475088}}
{"target": -2.4267571712795055, "params": {"eta": 0.25991527755900934, "max_depth": 5.1876171462964145, "n_estimators": 19.800999941198558}, "datetime": {"datetime": "2021-09-17 13:03:56", "elapsed": 669.118052, "delta": 4.951204}}
{"target": -2.2848956973929155, "params": {"eta": 0.20765282110083014, "max_depth": 14.382584171763115, "n_estimators": 19.91959602099846}, "datetime": {"datetime": "2021-09-17 13:03:59", "elapsed": 672.072047, "delta": 2.953995}}
{"target": -2.531025929200022, "params": {"eta": 0.46767544926345905, "max_depth": 10.102313772712709, "n_estimators": 18.92273818160038}, "datetime": {"datetime": "2021-09-17 13:04:01", "elapsed": 674.702832, "delta": 2.630785}}
{"target": -2.483651742809697, "params": {"eta": 0.37090682691012644, "max_depth": 16.695138682698374, "n_estimators": 15.002792152591617}, "datetime": {"datetime": "2021-09-17 13:04:04", "elapsed": 677.419798, "delta": 2.716966}}
{"target": -2.31308980490032, "params": {"eta": 0.21273838349083302, "max_depth": 14.377930313065121, "n_estimators": 19.85161506298023}, "datetime": {"datetime": "2021-09-17 13:04:09", "elapsed": 681.927153, "delta": 4.507355}}
{"target": -2.537344780721162, "params": {"eta": 0.43176530058374674, "max_depth": 19.893028139585134, "n_estimators": 8.397738410801221}, "datetime": {"datetime": "2021-09-17 13:04:11", "elapsed": 684.554358, "delta": 2.627205}}
{"target": -2.6213114650625933, "params": {"eta": 0.4307863712754254, "max_depth": 10.813084697166136, "n_estimators": 13.788037309623931}, "datetime": {"datetime": "2021-09-17 13:04:14", "elapsed": 687.480224, "delta": 2.925866}}
{"target": -2.5184977782400026, "params": {"eta": 0.368115014546439, "max_depth": 11.078013577464414, "n_estimators": 13.475197892643939}, "datetime": {"datetime": "2021-09-17 13:04:17", "elapsed": 690.079528, "delta": 2.599304}}
{"target": -2.6108780791884976, "params": {"eta": 0.4995874268821501, "max_depth": 10.12023205805372, "n_estimators": 14.05500449502158}, "datetime": {"datetime": "2021-09-17 13:04:20", "elapsed": 693.341572, "delta": 3.262044}}
{"target": -2.371682240461048, "params": {"eta": 0.33141361179790874, "max_depth": 19.303023822025427, "n_estimators": 13.607111694365877}, "datetime": {"datetime": "2021-09-17 13:04:23", "elapsed": 695.856885, "delta": 2.515313}}
{"target": -2.4421339449129604, "params": {"eta": 0.23717834969685428, "max_depth": 12.655274902608836, "n_estimators": 15.705607399107109}, "datetime": {"datetime": "2021-09-17 13:04:25", "elapsed": 698.30671, "delta": 2.449825}}
{"target": -2.390839693420812, "params": {"eta": 0.2677507932544503, "max_depth": 16.1479061759813, "n_estimators": 15.709542759060566}, "datetime": {"datetime": "2021-09-17 13:04:29", "elapsed": 702.160323, "delta": 3.853613}}
{"target": -2.678038560089312, "params": {"eta": 0.24772141221569688, "max_depth": 4.895677046487947, "n_estimators": 14.705842749343393}, "datetime": {"datetime": "2021-09-17 13:04:32", "elapsed": 704.804744, "delta": 2.644421}}
{"target": -2.5287579994452627, "params": {"eta": 0.35325315595112855, "max_depth": 18.305133653294828, "n_estimators": 14.85971357340588}, "datetime": {"datetime": "2021-09-17 13:04:34", "elapsed": 707.248638, "delta": 2.443894}}
{"target": -2.4600770253884163, "params": {"eta": 0.2266562614488881, "max_depth": 16.518698648400534, "n_estimators": 17.260811498626204}, "datetime": {"datetime": "2021-09-17 13:04:37", "elapsed": 710.412961, "delta": 3.164323}}
{"target": -2.5062797182484675, "params": {"eta": 0.22883099980091978, "max_depth": 16.120588776431752, "n_estimators": 15.877428780308453}, "datetime": {"datetime": "2021-09-17 13:04:41", "elapsed": 714.173675, "delta": 3.760714}}
{"target": -2.4089736091463188, "params": {"eta": 0.23884661250096267, "max_depth": 17.31471174295423, "n_estimators": 19.757948917590234}, "datetime": {"datetime": "2021-09-17 13:04:44", "elapsed": 717.531387, "delta": 3.357712}}
{"target": -2.496918931760286, "params": {"eta": 0.27256121850337195, "max_depth": 14.270214889100368, "n_estimators": 19.866308538898284}, "datetime": {"datetime": "2021-09-17 13:04:48", "elapsed": 721.287107, "delta": 3.75572}}
{"target": -2.2954646963822216, "params": {"eta": 0.2620796927184053, "max_depth": 8.07435881932695, "n_estimators": 18.78235215687117}, "datetime": {"datetime": "2021-09-17 13:04:53", "elapsed": 726.682766, "delta": 5.395659}}
{"target": -2.5294383519574213, "params": {"eta": 0.35774434562522744, "max_depth": 14.553878573171906, "n_estimators": 14.824101826544252}, "datetime": {"datetime": "2021-09-17 13:04:56", "elapsed": 729.61504, "delta": 2.932274}}
{"target": -2.4753723527255813, "params": {"eta": 0.29310374258005034, "max_depth": 8.069536935932152, "n_estimators": 18.671835609761082}, "datetime": {"datetime": "2021-09-17 13:05:00", "elapsed": 733.768982, "delta": 4.153942}}
{"target": -2.724205444361034, "params": {"eta": 0.49931915591008147, "max_depth": 19.454521576108434, "n_estimators": 16.640028482842375}, "datetime": {"datetime": "2021-09-17 13:05:03", "elapsed": 736.406908, "delta": 2.637926}}
{"target": -2.555518277067887, "params": {"eta": 0.31781171947855935, "max_depth": 6.401858628973409, "n_estimators": 16.499687961886114}, "datetime": {"datetime": "2021-09-17 13:05:06", "elapsed": 739.076518, "delta": 2.66961}}
{"target": -2.6375575542449954, "params": {"eta": 0.22199184483976608, "max_depth": 5.263629400969238, "n_estimators": 13.31328761228102}, "datetime": {"datetime": "2021-09-17 13:05:08", "elapsed": 741.555107, "delta": 2.478589}}
{"target": -3.4614541976075426, "params": {"eta": 0.2045446238884244, "max_depth": 17.689924748790965, "n_estimators": 10.727106062274405}, "datetime": {"datetime": "2021-09-17 13:05:11", "elapsed": 744.181106, "delta": 2.625999}}
{"target": -2.483766600960179, "params": {"eta": 0.35931187826033095, "max_depth": 17.099695776632196, "n_estimators": 13.865156635011598}, "datetime": {"datetime": "2021-09-17 13:05:13", "elapsed": 746.471037, "delta": 2.289931}}
{"target": -2.4443022458176866, "params": {"eta": 0.2694204279073085, "max_depth": 13.97928004152928, "n_estimators": 19.58057709979117}, "datetime": {"datetime": "2021-09-17 13:05:17", "elapsed": 749.933239, "delta": 3.462202}}
{"target": -2.5318721275580556, "params": {"eta": 0.30918176807155284, "max_depth": 16.385696310920203, "n_estimators": 18.766945316978543}, "datetime": {"datetime": "2021-09-17 13:05:22", "elapsed": 755.05598, "delta": 5.122741}}
{"target": -2.510065146496421, "params": {"eta": 0.46214693620168024, "max_depth": 16.116531510823286, "n_estimators": 19.922930678742965}, "datetime": {"datetime": "2021-09-17 13:05:25", "elapsed": 758.318289, "delta": 3.262309}}
{"target": -2.4138567397468966, "params": {"eta": 0.325710223256624, "max_depth": 13.724470880919153, "n_estimators": 16.263672767089744}, "datetime": {"datetime": "2021-09-17 13:05:30", "elapsed": 763.162038, "delta": 4.843749}}
{"target": -3.5577237016276313, "params": {"eta": 0.2417126052951151, "max_depth": 10.12525534490704, "n_estimators": 8.126014366139959}, "datetime": {"datetime": "2021-09-17 13:05:32", "elapsed": 765.757866, "delta": 2.595828}}
{"target": -2.4321423480385227, "params": {"eta": 0.2, "max_depth": 15.995603497586329, "n_estimators": 19.2240598330338}, "datetime": {"datetime": "2021-09-17 13:05:38", "elapsed": 771.51085, "delta": 5.752984}}
{"target": -2.398576565792686, "params": {"eta": 0.291490910223473, "max_depth": 4.149381652023509, "n_estimators": 19.803804354166935}, "datetime": {"datetime": "2021-09-17 13:05:42", "elapsed": 775.163927, "delta": 3.653077}}
