{"target": -13.387210458706816, "params": {"eta": 0.5, "max_depth": 7.0739964244221305, "n_estimators": 233.39633820930501}, "datetime": {"datetime": "2021-09-27 20:03:11", "elapsed": 7.025449, "delta": 1.575246}}
{"target": -11.100069081864234, "params": {"eta": 0.12050522003649639, "max_depth": 8.348472829660434, "n_estimators": 242.25599343162315}, "datetime": {"datetime": "2021-09-27 20:03:13", "elapsed": 9.094447, "delta": 2.068998}}
{"target": -11.690020689707959, "params": {"eta": 0.22784316031412938, "max_depth": 11.953430602777319, "n_estimators": 241.24398811822152}, "datetime": {"datetime": "2021-09-27 20:03:14", "elapsed": 10.068117, "delta": 0.97367}}
{"target": -11.633392792448403, "params": {"eta": 0.1971586325059182, "max_depth": 5.800635643314452, "n_estimators": 274.76877740693254}, "datetime": {"datetime": "2021-09-27 20:03:15", "elapsed": 11.067115, "delta": 0.998998}}
{"target": -13.0467965678821, "params": {"eta": 0.49318408655147394, "max_depth": 11.371832852721141, "n_estimators": 271.91197872343076}, "datetime": {"datetime": "2021-09-27 20:03:17", "elapsed": 12.284762, "delta": 1.217647}}
{"target": -12.98508279069468, "params": {"eta": 0.05, "max_depth": 2.0, "n_estimators": 271.3043918370267}, "datetime": {"datetime": "2021-09-27 20:03:18", "elapsed": 13.269758, "delta": 0.984996}}
{"target": -11.998775169469262, "params": {"eta": 0.38349287181820024, "max_depth": 6.714520185958316, "n_estimators": 264.22541691177435}, "datetime": {"datetime": "2021-09-27 20:03:19", "elapsed": 14.516811, "delta": 1.247053}}
{"target": -11.10854210399298, "params": {"eta": 0.1543493383795982, "max_depth": 5.7697797916183164, "n_estimators": 279.0667853142414}, "datetime": {"datetime": "2021-09-27 20:03:20", "elapsed": 15.832811, "delta": 1.316}}
{"target": -12.494820536994636, "params": {"eta": 0.10686228350423829, "max_depth": 2.4129417415682934, "n_estimators": 280.0091786291229}, "datetime": {"datetime": "2021-09-27 20:03:21", "elapsed": 16.797028, "delta": 0.964217}}
{"target": -11.081303559142464, "params": {"eta": 0.06051922067266831, "max_depth": 8.567100979986437, "n_estimators": 278.2684197160726}, "datetime": {"datetime": "2021-09-27 20:03:23", "elapsed": 19.055031, "delta": 2.258003}}
{"target": -12.827340179485002, "params": {"eta": 0.5, "max_depth": 8.235732841175837, "n_estimators": 281.5554467672945}, "datetime": {"datetime": "2021-09-27 20:03:24", "elapsed": 20.049977, "delta": 0.994946}}
{"target": -11.06974422457547, "params": {"eta": 0.05, "max_depth": 6.802224405534325, "n_estimators": 277.18789231183064}, "datetime": {"datetime": "2021-09-27 20:03:26", "elapsed": 21.582976, "delta": 1.532999}}
{"target": -13.169211941671438, "params": {"eta": 0.05, "max_depth": 2.0, "n_estimators": 237.70223580199644}, "datetime": {"datetime": "2021-09-27 20:03:27", "elapsed": 22.334498, "delta": 0.751522}}
{"target": -12.957734610003163, "params": {"eta": 0.4020503398779443, "max_depth": 7.171083163399953, "n_estimators": 240.81671826066005}, "datetime": {"datetime": "2021-09-27 20:03:27", "elapsed": 23.127499, "delta": 0.793001}}
{"target": -11.060239178693694, "params": {"eta": 0.0873871272042167, "max_depth": 7.121506959813395, "n_estimators": 278.44383875582093}, "datetime": {"datetime": "2021-09-27 20:03:29", "elapsed": 24.730045, "delta": 1.602546}}
{"target": -12.827340179485002, "params": {"eta": 0.5, "max_depth": 8.145327322922707, "n_estimators": 277.014694470922}, "datetime": {"datetime": "2021-09-27 20:03:30", "elapsed": 25.656042, "delta": 0.925997}}
{"target": -11.421011460047433, "params": {"eta": 0.1795431890370527, "max_depth": 6.248230056239974, "n_estimators": 278.01792690461605}, "datetime": {"datetime": "2021-09-27 20:03:31", "elapsed": 26.719371, "delta": 1.063329}}
{"target": -11.975124177796985, "params": {"eta": 0.3577547930804139, "max_depth": 4.588697135627975, "n_estimators": 239.40091771039042}, "datetime": {"datetime": "2021-09-27 20:03:32", "elapsed": 27.889377, "delta": 1.170006}}
{"target": -11.415316891943558, "params": {"eta": 0.05, "max_depth": 5.998046424086844, "n_estimators": 239.0059663319426}, "datetime": {"datetime": "2021-09-27 20:03:33", "elapsed": 28.941261, "delta": 1.051884}}
{"target": -11.491384867781322, "params": {"eta": 0.11371252218948394, "max_depth": 7.946827463817602, "n_estimators": 279.04839776440855}, "datetime": {"datetime": "2021-09-27 20:03:35", "elapsed": 30.753601, "delta": 1.81234}}
{"target": -12.959181067695289, "params": {"eta": 0.4515208010856806, "max_depth": 6.554874415114013, "n_estimators": 279.00548688752735}, "datetime": {"datetime": "2021-09-27 20:03:36", "elapsed": 31.819604, "delta": 1.066003}}
{"target": -11.5431802747539, "params": {"eta": 0.18865813537978593, "max_depth": 10.573404929786136, "n_estimators": 276.4699703943604}, "datetime": {"datetime": "2021-09-27 20:03:37", "elapsed": 32.737603, "delta": 0.917999}}
{"target": -11.277901110374149, "params": {"eta": 0.19735514477625637, "max_depth": 7.513963552677286, "n_estimators": 222.3067931233363}, "datetime": {"datetime": "2021-09-27 20:03:38", "elapsed": 33.827604, "delta": 1.090001}}
{"target": -11.273462621237277, "params": {"eta": 0.06934639877839965, "max_depth": 6.148629551071881, "n_estimators": 200.52915730110675}, "datetime": {"datetime": "2021-09-27 20:03:39", "elapsed": 34.917877, "delta": 1.090273}}
{"target": -11.511955981820632, "params": {"eta": 0.1016152983708313, "max_depth": 8.324821160513714, "n_estimators": 240.99516554434402}, "datetime": {"datetime": "2021-09-27 20:03:40", "elapsed": 36.085878, "delta": 1.168001}}
{"target": -11.380560736268178, "params": {"eta": 0.11230385409449492, "max_depth": 6.376874676356175, "n_estimators": 269.50728897634144}, "datetime": {"datetime": "2021-09-27 20:03:42", "elapsed": 37.211879, "delta": 1.126001}}
{"target": -11.363726762395306, "params": {"eta": 0.1482192456019424, "max_depth": 9.413744712797651, "n_estimators": 253.53779345456326}, "datetime": {"datetime": "2021-09-27 20:03:43", "elapsed": 38.852115, "delta": 1.640236}}
{"target": -12.621529435204446, "params": {"eta": 0.09644057060487574, "max_depth": 2.5714886790512708, "n_estimators": 236.9646078211032}, "datetime": {"datetime": "2021-09-27 20:03:44", "elapsed": 39.333113, "delta": 0.480998}}
{"target": -11.21256355912906, "params": {"eta": 0.08172267806375713, "max_depth": 6.972999009072264, "n_estimators": 277.73282188900606}, "datetime": {"datetime": "2021-09-27 20:03:45", "elapsed": 40.55126, "delta": 1.218147}}
{"target": -11.170730573373728, "params": {"eta": 0.06897737598749876, "max_depth": 3.1683820691144495, "n_estimators": 250.1763935337608}, "datetime": {"datetime": "2021-09-27 20:03:45", "elapsed": 41.171262, "delta": 0.620002}}
{"target": -11.829036311418397, "params": {"eta": 0.3078198082524648, "max_depth": 7.750989829303862, "n_estimators": 278.2503064978289}, "datetime": {"datetime": "2021-09-27 20:03:47", "elapsed": 42.461114, "delta": 1.289852}}
{"target": -11.435372198837227, "params": {"eta": 0.19483273645921684, "max_depth": 5.122985657858049, "n_estimators": 278.79877412213614}, "datetime": {"datetime": "2021-09-27 20:03:48", "elapsed": 43.776112, "delta": 1.314998}}
{"target": -12.23085767972262, "params": {"eta": 0.3932815049069381, "max_depth": 6.682405451046461, "n_estimators": 219.60003775038473}, "datetime": {"datetime": "2021-09-27 20:03:49", "elapsed": 44.464005, "delta": 0.687893}}
{"target": -11.417682745572382, "params": {"eta": 0.15660773605797973, "max_depth": 8.587355448967642, "n_estimators": 278.3244921708985}, "datetime": {"datetime": "2021-09-27 20:03:50", "elapsed": 45.791008, "delta": 1.327003}}
{"target": -11.415316891943558, "params": {"eta": 0.05, "max_depth": 5.372626466375549, "n_estimators": 239.16316759901034}, "datetime": {"datetime": "2021-09-27 20:03:51", "elapsed": 47.057253, "delta": 1.266245}}
{"target": -11.34492834281337, "params": {"eta": 0.05, "max_depth": 8.785445358832288, "n_estimators": 277.8384146225023}, "datetime": {"datetime": "2021-09-27 20:03:53", "elapsed": 48.624849, "delta": 1.567596}}
{"target": -12.489907621095712, "params": {"eta": 0.3896162767712969, "max_depth": 4.363765292363952, "n_estimators": 287.5190505780999}, "datetime": {"datetime": "2021-09-27 20:03:54", "elapsed": 49.553848, "delta": 0.928999}}
{"target": -12.349587811576269, "params": {"eta": 0.4380285525272213, "max_depth": 5.723255530282115, "n_estimators": 239.78898445566085}, "datetime": {"datetime": "2021-09-27 20:03:55", "elapsed": 50.956563, "delta": 1.402715}}
{"target": -11.726002007487553, "params": {"eta": 0.4148913741933745, "max_depth": 9.472460658872254, "n_estimators": 288.9528997346308}, "datetime": {"datetime": "2021-09-27 20:03:56", "elapsed": 51.74356, "delta": 0.786997}}
{"target": -11.63642545364948, "params": {"eta": 0.3183795085383528, "max_depth": 6.6589013809685795, "n_estimators": 298.8669574077634}, "datetime": {"datetime": "2021-09-27 20:03:57", "elapsed": 52.673562, "delta": 0.930002}}
{"target": -11.299067930595278, "params": {"eta": 0.18954191272351387, "max_depth": 6.527060532059511, "n_estimators": 277.5044253262967}, "datetime": {"datetime": "2021-09-27 20:03:58", "elapsed": 53.773561, "delta": 1.099999}}
{"target": -11.210844064788002, "params": {"eta": 0.08758105001156605, "max_depth": 4.022686751000568, "n_estimators": 229.78227883921156}, "datetime": {"datetime": "2021-09-27 20:03:59", "elapsed": 54.391559, "delta": 0.617998}}
{"target": -11.142979047755341, "params": {"eta": 0.07996719074591695, "max_depth": 7.086166620257884, "n_estimators": 210.82188621176317}, "datetime": {"datetime": "2021-09-27 20:04:00", "elapsed": 55.49556, "delta": 1.104001}}
{"target": -11.857690091818704, "params": {"eta": 0.21148848142804566, "max_depth": 3.322679725186778, "n_estimators": 244.40322569968518}, "datetime": {"datetime": "2021-09-27 20:04:01", "elapsed": 56.183562, "delta": 0.688002}}
{"target": -11.798932952626162, "params": {"eta": 0.3448900016720542, "max_depth": 4.493038554176716, "n_estimators": 264.2850488483595}, "datetime": {"datetime": "2021-09-27 20:04:02", "elapsed": 57.295381, "delta": 1.111819}}
{"target": -11.364838901131572, "params": {"eta": 0.0741066983046048, "max_depth": 5.4307020586902155, "n_estimators": 239.68445468994676}, "datetime": {"datetime": "2021-09-27 20:04:03", "elapsed": 58.317377, "delta": 1.021996}}
{"target": -10.931795297879725, "params": {"eta": 0.11864142167436727, "max_depth": 5.285434633795101, "n_estimators": 238.84289650426243}, "datetime": {"datetime": "2021-09-27 20:04:04", "elapsed": 59.36604, "delta": 1.048663}}
{"target": -11.194613056432182, "params": {"eta": 0.06899176225379705, "max_depth": 8.576404295776074, "n_estimators": 299.1170044657159}, "datetime": {"datetime": "2021-09-27 20:04:06", "elapsed": 61.854039, "delta": 2.487999}}
{"target": -11.748147117650214, "params": {"eta": 0.2941890203589822, "max_depth": 5.465982690531684, "n_estimators": 239.48442293291586}, "datetime": {"datetime": "2021-09-27 20:04:08", "elapsed": 63.20904, "delta": 1.355001}}
{"target": -11.888888345135925, "params": {"eta": 0.09888779309644893, "max_depth": 10.154126530171201, "n_estimators": 297.46295936787624}, "datetime": {"datetime": "2021-09-27 20:04:10", "elapsed": 65.446809, "delta": 2.237769}}
{"target": -11.880466710194174, "params": {"eta": 0.44228615082258604, "max_depth": 3.7859517195299057, "n_estimators": 241.87862018952728}, "datetime": {"datetime": "2021-09-27 20:04:11", "elapsed": 66.789584, "delta": 1.342775}}
{"target": -11.308199642102029, "params": {"eta": 0.08236046952232709, "max_depth": 3.5610724411817256, "n_estimators": 267.7482821898441}, "datetime": {"datetime": "2021-09-27 20:04:12", "elapsed": 67.937543, "delta": 1.147959}}
{"target": -11.797556085367244, "params": {"eta": 0.24269833740433772, "max_depth": 5.088813883138309, "n_estimators": 238.78557018711103}, "datetime": {"datetime": "2021-09-27 20:04:14", "elapsed": 69.540193, "delta": 1.60265}}
{"target": -12.37442890414135, "params": {"eta": 0.3053984722916551, "max_depth": 4.753253741954995, "n_estimators": 251.24411200117368}, "datetime": {"datetime": "2021-09-27 20:04:15", "elapsed": 70.757419, "delta": 1.217226}}
{"target": -11.056119467810914, "params": {"eta": 0.1640897755077426, "max_depth": 6.524272358169309, "n_estimators": 277.24205002925015}, "datetime": {"datetime": "2021-09-27 20:04:17", "elapsed": 72.425422, "delta": 1.668003}}
{"target": -12.0892642160742, "params": {"eta": 0.2456212546837136, "max_depth": 6.697567452254815, "n_estimators": 277.10732697151747}, "datetime": {"datetime": "2021-09-27 20:04:18", "elapsed": 73.809212, "delta": 1.38379}}
{"target": -11.035741827575777, "params": {"eta": 0.05765474576484242, "max_depth": 4.933223050529286, "n_estimators": 231.15997451350012}, "datetime": {"datetime": "2021-09-27 20:04:19", "elapsed": 74.769386, "delta": 0.960174}}
{"target": -11.317069813088521, "params": {"eta": 0.08881166302458046, "max_depth": 7.472058839843918, "n_estimators": 214.50314998652473}, "datetime": {"datetime": "2021-09-27 20:04:21", "elapsed": 76.564388, "delta": 1.795002}}
{"target": -11.309349189457949, "params": {"eta": 0.144920720570396, "max_depth": 5.588655449264934, "n_estimators": 238.79901652948993}, "datetime": {"datetime": "2021-09-27 20:04:22", "elapsed": 77.661381, "delta": 1.096993}}
{"target": -11.656311987247566, "params": {"eta": 0.13217152434945337, "max_depth": 8.521662391459788, "n_estimators": 278.1138696569053}, "datetime": {"datetime": "2021-09-27 20:04:24", "elapsed": 80.141634, "delta": 2.480253}}
{"target": -10.943378831115709, "params": {"eta": 0.052485686528276274, "max_depth": 6.673900245697125, "n_estimators": 277.3984403688537}, "datetime": {"datetime": "2021-09-27 20:04:26", "elapsed": 81.423463, "delta": 1.281829}}
{"target": -11.43125610013341, "params": {"eta": 0.08416744640164367, "max_depth": 6.845287469098957, "n_estimators": 277.5115665614642}, "datetime": {"datetime": "2021-09-27 20:04:27", "elapsed": 82.810006, "delta": 1.386543}}
{"target": -11.573534119006174, "params": {"eta": 0.16242654965977488, "max_depth": 5.623846842522628, "n_estimators": 238.7302077062985}, "datetime": {"datetime": "2021-09-27 20:04:29", "elapsed": 84.446673, "delta": 1.636667}}
{"target": -11.050674219432418, "params": {"eta": 0.10066792760443896, "max_depth": 7.066842094369745, "n_estimators": 278.1785276692307}, "datetime": {"datetime": "2021-09-27 20:04:31", "elapsed": 86.418584, "delta": 1.971911}}
{"target": -12.140231244930115, "params": {"eta": 0.27757510909043565, "max_depth": 11.899488039753843, "n_estimators": 240.24479573901442}, "datetime": {"datetime": "2021-09-27 20:04:32", "elapsed": 88.013211, "delta": 1.594627}}
{"target": -12.049163537609376, "params": {"eta": 0.26522865447678284, "max_depth": 6.888994374337237, "n_estimators": 278.3298953817597}, "datetime": {"datetime": "2021-09-27 20:04:34", "elapsed": 89.36121, "delta": 1.347999}}
{"target": -12.06459604036509, "params": {"eta": 0.2562520323290646, "max_depth": 11.69281588308919, "n_estimators": 256.9044065649599}, "datetime": {"datetime": "2021-09-27 20:04:35", "elapsed": 90.409207, "delta": 1.047997}}
{"target": -11.516551277505993, "params": {"eta": 0.16407864948767004, "max_depth": 7.218487067589567, "n_estimators": 278.2368079986238}, "datetime": {"datetime": "2021-09-27 20:04:37", "elapsed": 93.14804, "delta": 2.738833}}
{"target": -11.226718431614662, "params": {"eta": 0.11051042688642285, "max_depth": 11.386375925696985, "n_estimators": 200.94712321935094}, "datetime": {"datetime": "2021-09-27 20:04:40", "elapsed": 95.286295, "delta": 2.138255}}
{"target": -12.530464644622729, "params": {"eta": 0.29146235498831896, "max_depth": 4.864944489052665, "n_estimators": 231.1914401108368}, "datetime": {"datetime": "2021-09-27 20:04:41", "elapsed": 96.326297, "delta": 1.040002}}
{"target": -10.912494698550438, "params": {"eta": 0.12954818866020146, "max_depth": 4.092133662316176, "n_estimators": 253.06004277440792}, "datetime": {"datetime": "2021-09-27 20:04:42", "elapsed": 97.540418, "delta": 1.214121}}
{"target": -11.54756634064484, "params": {"eta": 0.4214358342643002, "max_depth": 3.1989188599776277, "n_estimators": 255.83088563370626}, "datetime": {"datetime": "2021-09-27 20:04:43", "elapsed": 98.761978, "delta": 1.22156}}
{"target": -11.810827905939117, "params": {"eta": 0.3695790584229438, "max_depth": 6.562994368844178, "n_estimators": 291.57170672785594}, "datetime": {"datetime": "2021-09-27 20:04:45", "elapsed": 100.308977, "delta": 1.546999}}
{"target": -11.484001809391948, "params": {"eta": 0.09669283929406394, "max_depth": 4.360777032532383, "n_estimators": 253.1683980918683}, "datetime": {"datetime": "2021-09-27 20:04:46", "elapsed": 101.597002, "delta": 1.288025}}
{"target": -11.274368032269118, "params": {"eta": 0.19863823978577877, "max_depth": 5.630931420702979, "n_estimators": 238.69068140161264}, "datetime": {"datetime": "2021-09-27 20:04:47", "elapsed": 102.944, "delta": 1.346998}}
{"target": -10.761827946453714, "params": {"eta": 0.4239929314567171, "max_depth": 10.403300593396072, "n_estimators": 253.74889675603131}, "datetime": {"datetime": "2021-09-27 20:04:48", "elapsed": 103.855632, "delta": 0.911632}}
{"target": -10.862569862192496, "params": {"eta": 0.17091854425110894, "max_depth": 5.384141494513231, "n_estimators": 238.71188448849654}, "datetime": {"datetime": "2021-09-27 20:04:50", "elapsed": 105.504955, "delta": 1.649323}}
{"target": -11.977674736921125, "params": {"eta": 0.4066799219375127, "max_depth": 3.4090312701313126, "n_estimators": 279.22616007393907}, "datetime": {"datetime": "2021-09-27 20:04:51", "elapsed": 106.838752, "delta": 1.333797}}
{"target": -12.277117508550518, "params": {"eta": 0.4479854020596739, "max_depth": 10.607126275975629, "n_estimators": 253.7758792545817}, "datetime": {"datetime": "2021-09-27 20:04:52", "elapsed": 108.055759, "delta": 1.217007}}
{"target": -12.729971942897958, "params": {"eta": 0.2255048295053957, "max_depth": 2.3529033246980875, "n_estimators": 215.4850326347955}, "datetime": {"datetime": "2021-09-27 20:04:53", "elapsed": 108.8385, "delta": 0.782741}}
{"target": -13.143626708705062, "params": {"eta": 0.06143861986241734, "max_depth": 2.3611306188229, "n_estimators": 202.98249318758081}, "datetime": {"datetime": "2021-09-27 20:04:54", "elapsed": 109.446004, "delta": 0.607504}}
{"target": -11.657317253872217, "params": {"eta": 0.2788625206161734, "max_depth": 4.022330458584493, "n_estimators": 253.0475954322291}, "datetime": {"datetime": "2021-09-27 20:04:55", "elapsed": 110.793786, "delta": 1.347782}}
{"target": -11.955844186386887, "params": {"eta": 0.3270154214166981, "max_depth": 10.390766611887678, "n_estimators": 253.93039629668218}, "datetime": {"datetime": "2021-09-27 20:04:56", "elapsed": 112.019788, "delta": 1.226002}}
{"target": -11.455766930677775, "params": {"eta": 0.21735775947090383, "max_depth": 5.426549510669322, "n_estimators": 238.86929675291987}, "datetime": {"datetime": "2021-09-27 20:04:58", "elapsed": 113.688614, "delta": 1.668826}}
{"target": -12.090599198336886, "params": {"eta": 0.3567921627497875, "max_depth": 10.425910583775103, "n_estimators": 253.58518340861076}, "datetime": {"datetime": "2021-09-27 20:04:59", "elapsed": 114.904528, "delta": 1.215914}}
{"target": -11.402607793131283, "params": {"eta": 0.09340963662186738, "max_depth": 6.602096779440096, "n_estimators": 277.35546672592716}, "datetime": {"datetime": "2021-09-27 20:05:01", "elapsed": 116.952532, "delta": 2.048004}}
{"target": -11.234543815505452, "params": {"eta": 0.05, "max_depth": 4.1368206905503655, "n_estimators": 253.15444446212538}, "datetime": {"datetime": "2021-09-27 20:05:03", "elapsed": 118.238537, "delta": 1.286005}}
{"target": -11.128201361574549, "params": {"eta": 0.0599418880870264, "max_depth": 6.6900959854025785, "n_estimators": 277.512144304121}, "datetime": {"datetime": "2021-09-27 20:05:05", "elapsed": 120.473759, "delta": 2.235222}}
{"target": -12.594778923366798, "params": {"eta": 0.33759727774392184, "max_depth": 2.991400386449419, "n_estimators": 214.34996532568402}, "datetime": {"datetime": "2021-09-27 20:05:06", "elapsed": 121.535026, "delta": 1.061267}}
{"target": -11.435679379870216, "params": {"eta": 0.16476544825346595, "max_depth": 6.811525186936087, "n_estimators": 277.30445322563827}, "datetime": {"datetime": "2021-09-27 20:05:08", "elapsed": 123.311208, "delta": 1.776182}}
{"target": -11.419490501505866, "params": {"eta": 0.36099744354278557, "max_depth": 5.526321300149634, "n_estimators": 238.68429552879832}, "datetime": {"datetime": "2021-09-27 20:05:09", "elapsed": 124.587042, "delta": 1.275834}}
{"target": -11.404057583389038, "params": {"eta": 0.18947818720903875, "max_depth": 5.498763468531435, "n_estimators": 238.55593032128516}, "datetime": {"datetime": "2021-09-27 20:05:11", "elapsed": 126.383064, "delta": 1.796022}}
{"target": -11.135158535983585, "params": {"eta": 0.08563956773188783, "max_depth": 5.57358715858094, "n_estimators": 239.72915729838473}, "datetime": {"datetime": "2021-09-27 20:05:12", "elapsed": 128.02626, "delta": 1.643196}}
{"target": -11.485271781084467, "params": {"eta": 0.06139935663422579, "max_depth": 5.393871269411086, "n_estimators": 238.7479538922051}, "datetime": {"datetime": "2021-09-27 20:05:14", "elapsed": 130.13859, "delta": 2.11233}}
{"target": -11.601085266681377, "params": {"eta": 0.11705782356318915, "max_depth": 7.084302997936603, "n_estimators": 278.04155795913226}, "datetime": {"datetime": "2021-09-27 20:05:17", "elapsed": 132.877068, "delta": 2.738478}}
{"target": -12.377274706618591, "params": {"eta": 0.18272897737359622, "max_depth": 2.0850566648804305, "n_estimators": 215.57551443383056}, "datetime": {"datetime": "2021-09-27 20:05:18", "elapsed": 133.838068, "delta": 0.961}}
