{"target": -2.4924455648974364, "params": {"eta": 0.31107556823124516, "max_depth": 7.535321291147014, "n_estimators": 13.985117164163931}, "datetime": {"datetime": "2021-09-17 12:20:17", "elapsed": 269.220876, "delta": 1.354033}}
{"target": -2.6432292304540934, "params": {"eta": 0.4775820903567918, "max_depth": 11.811280774263876, "n_estimators": 11.85172799418413}, "datetime": {"datetime": "2021-09-17 12:20:19", "elapsed": 270.568215, "delta": 1.347339}}
{"target": -2.6173984326814352, "params": {"eta": 0.3235983143320078, "max_depth": 6.562483056436937, "n_estimators": 14.87947183850305}, "datetime": {"datetime": "2021-09-17 12:20:21", "elapsed": 272.324218, "delta": 1.756003}}
{"target": -2.5278389347226993, "params": {"eta": 0.3010678729140774, "max_depth": 7.572124019690071, "n_estimators": 14.012247610260893}, "datetime": {"datetime": "2021-09-17 12:20:23", "elapsed": 274.778535, "delta": 2.454317}}
{"target": -2.6106007688923882, "params": {"eta": 0.3344961322720451, "max_depth": 6.564336221048549, "n_estimators": 14.825288086092396}, "datetime": {"datetime": "2021-09-17 12:20:25", "elapsed": 276.380167, "delta": 1.601632}}
{"target": -2.525298370813069, "params": {"eta": 0.31776081909492626, "max_depth": 9.342041429192701, "n_estimators": 15.389581126114095}, "datetime": {"datetime": "2021-09-17 12:20:27", "elapsed": 278.537342, "delta": 2.157175}}
{"target": -2.594164225302245, "params": {"eta": 0.4156977722385282, "max_depth": 8.096055518052555, "n_estimators": 15.266004070483383}, "datetime": {"datetime": "2021-09-17 12:20:28", "elapsed": 280.047345, "delta": 1.510003}}
{"target": -2.488933401358755, "params": {"eta": 0.47355725908116214, "max_depth": 8.634265003005664, "n_estimators": 10.111665256217126}, "datetime": {"datetime": "2021-09-17 12:20:30", "elapsed": 281.408239, "delta": 1.360894}}
{"target": -2.4998884790822076, "params": {"eta": 0.41056966163032993, "max_depth": 6.710828023859171, "n_estimators": 13.510584892752313}, "datetime": {"datetime": "2021-09-17 12:20:32", "elapsed": 283.404965, "delta": 1.996726}}
{"target": -2.670695313027031, "params": {"eta": 0.4622553898114562, "max_depth": 8.621597342071293, "n_estimators": 10.13155164823331}, "datetime": {"datetime": "2021-09-17 12:20:34", "elapsed": 285.789262, "delta": 2.384297}}
{"target": -2.6005537070726095, "params": {"eta": 0.4305881989759631, "max_depth": 8.46497121699348, "n_estimators": 15.687937866220306}, "datetime": {"datetime": "2021-09-17 12:20:35", "elapsed": 287.193871, "delta": 1.404609}}
{"target": -2.6411532502425343, "params": {"eta": 0.44840615202127954, "max_depth": 8.525558241683783, "n_estimators": 15.5807059968271}, "datetime": {"datetime": "2021-09-17 12:20:38", "elapsed": 289.494395, "delta": 2.300524}}
{"target": -2.993644351080844, "params": {"eta": 0.2957529284503053, "max_depth": 6.839044525215122, "n_estimators": 8.709748282343426}, "datetime": {"datetime": "2021-09-17 12:20:39", "elapsed": 290.77676, "delta": 1.282365}}
{"target": -2.736515724031549, "params": {"eta": 0.37625342643540993, "max_depth": 5.326400276939329, "n_estimators": 8.916613769067292}, "datetime": {"datetime": "2021-09-17 12:20:40", "elapsed": 292.170754, "delta": 1.393994}}
{"target": -2.459723017090245, "params": {"eta": 0.28908680653489915, "max_depth": 6.279513403576497, "n_estimators": 16.985687508987066}, "datetime": {"datetime": "2021-09-17 12:20:43", "elapsed": 294.805208, "delta": 2.634454}}
{"target": -2.7620114200993586, "params": {"eta": 0.345915061081592, "max_depth": 7.720324493442158, "n_estimators": 16.000114374817343}, "datetime": {"datetime": "2021-09-17 12:59:47", "elapsed": 0.0, "delta": 0.0}}
{"target": -2.578539318160007, "params": {"eta": 0.31953649170532317, "max_depth": 7.146755890817113, "n_estimators": 16.092338594768798}, "datetime": {"datetime": "2021-09-17 12:59:47", "elapsed": 0.101997, "delta": 0.101997}}
{"target": -2.503211797538557, "params": {"eta": 0.2928398486168643, "max_depth": 7.345560727043048, "n_estimators": 16.39676747423067}, "datetime": {"datetime": "2021-09-17 12:59:47", "elapsed": 0.173997, "delta": 0.072}}
{"target": -2.538419429879439, "params": {"eta": 0.37392784882077207, "max_depth": 7.419194514403295, "n_estimators": 16.68521950039676}, "datetime": {"datetime": "2021-09-17 12:59:47", "elapsed": 0.265, "delta": 0.091003}}
{"target": -2.388026701776605, "params": {"eta": 0.297024017438249, "max_depth": 7.878117436390945, "n_estimators": 16.027387593197925}, "datetime": {"datetime": "2021-09-17 12:59:47", "elapsed": 0.336997, "delta": 0.071997}}
{"target": -2.483996593952179, "params": {"eta": 0.33644328757579667, "max_depth": 7.789878535026026, "n_estimators": 16.77444690209529}, "datetime": {"datetime": "2021-09-17 12:59:47", "elapsed": 0.502, "delta": 0.165003}}
{"target": -2.4748539171720805, "params": {"eta": 0.372428521673006, "max_depth": 7.787384008802918, "n_estimators": 16.174899774780748}, "datetime": {"datetime": "2021-09-17 12:59:48", "elapsed": 0.651998, "delta": 0.149998}}
{"target": -2.4680646250122473, "params": {"eta": 0.38704422236440994, "max_depth": 7.261024908300668, "n_estimators": 16.746728956017087}, "datetime": {"datetime": "2021-09-17 12:59:48", "elapsed": 0.805001, "delta": 0.153003}}
{"target": -2.546627988313374, "params": {"eta": 0.302328419641074, "max_depth": 7.155589997388217, "n_estimators": 16.94730345107717}, "datetime": {"datetime": "2021-09-17 12:59:48", "elapsed": 0.999999, "delta": 0.194998}}
{"target": -2.510179305076599, "params": {"eta": 0.4170388919326806, "max_depth": 7.728612013850692, "n_estimators": 16.194688031582274}, "datetime": {"datetime": "2021-09-17 12:59:48", "elapsed": 1.160998, "delta": 0.160999}}
{"target": -2.6235732793807984, "params": {"eta": 0.35815673885549715, "max_depth": 7.4234927113651334, "n_estimators": 16.471912670306935}, "datetime": {"datetime": "2021-09-17 12:59:48", "elapsed": 1.326995, "delta": 0.165997}}
{"target": -2.57412585082807, "params": {"eta": 0.4697524823744749, "max_depth": 7.664071415842048, "n_estimators": 16.470720639929183}, "datetime": {"datetime": "2021-09-17 12:59:48", "elapsed": 1.493811, "delta": 0.166816}}
{"target": -2.547060707368349, "params": {"eta": 0.3624085262612162, "max_depth": 7.841178673732274, "n_estimators": 16.97906843836458}, "datetime": {"datetime": "2021-09-17 12:59:49", "elapsed": 1.659485, "delta": 0.165674}}
{"target": -2.5569164960007917, "params": {"eta": 0.3241687346704763, "max_depth": 7.7635354487773105, "n_estimators": 16.856961665576815}, "datetime": {"datetime": "2021-09-17 12:59:49", "elapsed": 1.931491, "delta": 0.272006}}
{"target": -2.578479397296906, "params": {"eta": 0.4466378958778914, "max_depth": 7.719352055160216, "n_estimators": 16.91197092360994}, "datetime": {"datetime": "2021-09-17 12:59:49", "elapsed": 2.106487, "delta": 0.174996}}
{"target": -2.649800022024857, "params": {"eta": 0.40573565104156145, "max_depth": 7.547911042703739, "n_estimators": 16.383209167138705}, "datetime": {"datetime": "2021-09-17 12:59:49", "elapsed": 2.26349, "delta": 0.157003}}
{"target": -2.463039533715499, "params": {"eta": 0.2823739032307096, "max_depth": 7.139379556898278, "n_estimators": 16.316832311851215}, "datetime": {"datetime": "2021-09-17 12:59:49", "elapsed": 2.425489, "delta": 0.161999}}
{"target": -2.5939718390765942, "params": {"eta": 0.3130201075673517, "max_depth": 7.7643484038257045, "n_estimators": 16.066870545660315}, "datetime": {"datetime": "2021-09-17 12:59:50", "elapsed": 2.591487, "delta": 0.165998}}
{"target": -2.5146737788852893, "params": {"eta": 0.2936702499742855, "max_depth": 7.9169261539697615, "n_estimators": 16.05180656874163}, "datetime": {"datetime": "2021-09-17 12:59:51", "elapsed": 3.664932, "delta": 1.073445}}
{"target": -2.521070223105581, "params": {"eta": 0.38758646423079435, "max_depth": 7.112702057309501, "n_estimators": 16.11677750968443}, "datetime": {"datetime": "2021-09-17 12:59:51", "elapsed": 3.856937, "delta": 0.192005}}
{"target": -2.5927322117905867, "params": {"eta": 0.39113367196511317, "max_depth": 7.557391895641159, "n_estimators": 16.65360692030178}, "datetime": {"datetime": "2021-09-17 12:59:51", "elapsed": 4.058934, "delta": 0.201997}}
{"target": -2.518620455265045, "params": {"eta": 0.2949296720751498, "max_depth": 7.852986969212926, "n_estimators": 16.014702212433562}, "datetime": {"datetime": "2021-09-17 12:59:52", "elapsed": 4.915466, "delta": 0.856532}}
{"target": -2.575742493177715, "params": {"eta": 0.30295799996674044, "max_depth": 7.891495892832187, "n_estimators": 16.03285224176941}, "datetime": {"datetime": "2021-09-17 12:59:52", "elapsed": 5.148462, "delta": 0.232996}}
{"target": -2.4677057981491086, "params": {"eta": 0.35671117470248986, "max_depth": 7.135848307611208, "n_estimators": 16.56733330502694}, "datetime": {"datetime": "2021-09-17 12:59:52", "elapsed": 5.444674, "delta": 0.296212}}
{"target": -2.465793205562391, "params": {"eta": 0.4596223330370164, "max_depth": 7.622674558555556, "n_estimators": 16.96928176163105}, "datetime": {"datetime": "2021-09-17 12:59:53", "elapsed": 5.688677, "delta": 0.244003}}
{"target": -2.505921669382798, "params": {"eta": 0.4349305350560452, "max_depth": 7.317959497781686, "n_estimators": 16.606529419087984}, "datetime": {"datetime": "2021-09-17 12:59:53", "elapsed": 5.915673, "delta": 0.226996}}
{"target": -2.5601461611296004, "params": {"eta": 0.302909625158036, "max_depth": 7.064786817534033, "n_estimators": 16.70384564741789}, "datetime": {"datetime": "2021-09-17 12:59:53", "elapsed": 6.179675, "delta": 0.264002}}
{"target": -2.653480057339919, "params": {"eta": 0.44736009881553407, "max_depth": 7.853385839237116, "n_estimators": 16.882185235476147}, "datetime": {"datetime": "2021-09-17 12:59:54", "elapsed": 6.600667, "delta": 0.420992}}
{"target": -2.5168408255828054, "params": {"eta": 0.38764737961159845, "max_depth": 7.11513130589697, "n_estimators": 16.409171251442615}, "datetime": {"datetime": "2021-09-17 12:59:54", "elapsed": 6.849245, "delta": 0.248578}}
{"target": -2.35437636187202, "params": {"eta": 0.44301691460254133, "max_depth": 7.4185104787051905, "n_estimators": 16.29608941737398}, "datetime": {"datetime": "2021-09-17 12:59:54", "elapsed": 7.102244, "delta": 0.252999}}
{"target": -2.5095177424581427, "params": {"eta": 0.32086971363855726, "max_depth": 7.857340492978613, "n_estimators": 16.764699703943606}, "datetime": {"datetime": "2021-09-17 12:59:54", "elapsed": 7.363241, "delta": 0.260997}}
{"target": -2.688227657267922, "params": {"eta": 0.325314851774531, "max_depth": 7.551396355267729, "n_estimators": 16.223067931233363}, "datetime": {"datetime": "2021-09-17 12:59:55", "elapsed": 7.586683, "delta": 0.223442}}
{"target": -2.5767022653629907, "params": {"eta": 0.2598881593756265, "max_depth": 7.414862955107188, "n_estimators": 16.005291573011068}, "datetime": {"datetime": "2021-09-17 12:59:55", "elapsed": 7.800683, "delta": 0.214}}
{"target": -2.5006525654541822, "params": {"eta": 0.2763811525006471, "max_depth": 7.632482116051372, "n_estimators": 16.40995165544344}, "datetime": {"datetime": "2021-09-17 12:59:55", "elapsed": 8.07368, "delta": 0.272997}}
{"target": -2.5012552468400253, "params": {"eta": 0.28184419209274186, "max_depth": 7.437687467635618, "n_estimators": 16.695072889763416}, "datetime": {"datetime": "2021-09-17 12:59:55", "elapsed": 8.37968, "delta": 0.306}}
{"target": -2.494176005062304, "params": {"eta": 0.3002009477521039, "max_depth": 7.741374471279765, "n_estimators": 16.535377934545632}, "datetime": {"datetime": "2021-09-17 12:59:56", "elapsed": 8.60368, "delta": 0.224}}
{"target": -2.4858094428714956, "params": {"eta": 0.273736291642492, "max_depth": 7.057148867905127, "n_estimators": 16.369646078211034}, "datetime": {"datetime": "2021-09-17 12:59:56", "elapsed": 8.833679, "delta": 0.229999}}
{"target": -2.5015125820511264, "params": {"eta": 0.35049058960774276, "max_depth": 7.193472505009043, "n_estimators": 16.075765915181993}, "datetime": {"datetime": "2021-09-17 12:59:56", "elapsed": 9.105678, "delta": 0.271999}}
{"target": -2.5533636168429723, "params": {"eta": 0.2596995477269438, "max_depth": 7.116838206911445, "n_estimators": 16.501763935337607}, "datetime": {"datetime": "2021-09-17 12:59:56", "elapsed": 9.390682, "delta": 0.285004}}
{"target": -2.4828753414906957, "params": {"eta": 0.3697084548637785, "max_depth": 7.826630142605849, "n_estimators": 16.789379919912967}, "datetime": {"datetime": "2021-09-17 12:59:57", "elapsed": 9.638968, "delta": 0.248286}}
{"target": -2.5570386723468177, "params": {"eta": 0.29556281265487744, "max_depth": 7.353723270264046, "n_estimators": 16.880036725700407}, "datetime": {"datetime": "2021-09-17 12:59:57", "elapsed": 9.890965, "delta": 0.251997}}
{"target": -2.5160163666072646, "params": {"eta": 0.4254549913968795, "max_depth": 7.468240545104646, "n_estimators": 16.196000377503847}, "datetime": {"datetime": "2021-09-17 12:59:57", "elapsed": 10.149965, "delta": 0.259}}
{"target": -2.4918279334118494, "params": {"eta": 0.4417927996017331, "max_depth": 7.124027308611758, "n_estimators": 16.036198264345366}, "datetime": {"datetime": "2021-09-17 12:59:57", "elapsed": 10.391969, "delta": 0.242004}}
{"target": -2.5961543233771076, "params": {"eta": 0.36378966473920793, "max_depth": 7.853251736762723, "n_estimators": 16.039090049352666}, "datetime": {"datetime": "2021-09-17 12:59:58", "elapsed": 10.665968, "delta": 0.273999}}
{"target": -2.4411418463054453, "params": {"eta": 0.3085872124598311, "max_depth": 7.8454901036701, "n_estimators": 16.130656811889875}, "datetime": {"datetime": "2021-09-17 12:59:58", "elapsed": 10.912965, "delta": 0.246997}}
{"target": -2.5313180365060504, "params": {"eta": 0.4235816525719962, "max_depth": 7.236376529236395, "n_estimators": 16.875190505781}, "datetime": {"datetime": "2021-09-17 12:59:58", "elapsed": 11.198966, "delta": 0.286001}}
{"target": -2.5247214154193274, "params": {"eta": 0.25357144870586684, "max_depth": 7.775614544094726, "n_estimators": 16.921137913999047}, "datetime": {"datetime": "2021-09-17 12:59:58", "elapsed": 11.498113, "delta": 0.299147}}
{"target": -2.4468777179718018, "params": {"eta": 0.4365000356988359, "max_depth": 7.747246065887225, "n_estimators": 16.889528997346307}, "datetime": {"datetime": "2021-09-17 12:59:59", "elapsed": 11.76574, "delta": 0.267627}}
{"target": -2.522475673650441, "params": {"eta": 0.3871717488084914, "max_depth": 7.465890138096858, "n_estimators": 16.988669574077633}, "datetime": {"datetime": "2021-09-17 12:59:59", "elapsed": 12.07774, "delta": 0.312}}
{"target": -2.4628489726468135, "params": {"eta": 0.3117958822995984, "max_depth": 7.663165965513519, "n_estimators": 16.409732622842622}, "datetime": {"datetime": "2021-09-17 12:59:59", "elapsed": 12.375738, "delta": 0.297998}}
{"target": -2.6387613729426733, "params": {"eta": 0.26920809222813374, "max_depth": 7.202268675100057, "n_estimators": 16.297822788392114}, "datetime": {"datetime": "2021-09-17 13:00:00", "elapsed": 12.673738, "delta": 0.298}}
{"target": -2.6008496617016035, "params": {"eta": 0.2653165641590242, "max_depth": 7.508616662025789, "n_estimators": 16.10821886211763}, "datetime": {"datetime": "2021-09-17 13:00:00", "elapsed": 12.96274, "delta": 0.289002}}
{"target": -2.535713804395576, "params": {"eta": 0.33253855717433445, "max_depth": 7.132267972518678, "n_estimators": 16.444032256996852}, "datetime": {"datetime": "2021-09-17 13:00:00", "elapsed": 13.274737, "delta": 0.311997}}
{"target": -2.6820409661845153, "params": {"eta": 0.40072155641016105, "max_depth": 7.249303855417672, "n_estimators": 16.642850488483596}, "datetime": {"datetime": "2021-09-17 13:00:01", "elapsed": 13.56774, "delta": 0.293003}}
{"target": -2.5282498754953084, "params": {"eta": 0.4781516320712902, "max_depth": 7.857788306569626, "n_estimators": 16.904682136791482}, "datetime": {"datetime": "2021-09-17 13:00:01", "elapsed": 13.858735, "delta": 0.290995}}
{"target": -2.5507872920287284, "params": {"eta": 0.35469552671707216, "max_depth": 7.508561549603353, "n_estimators": 16.24255535824471}, "datetime": {"datetime": "2021-09-17 13:00:01", "elapsed": 14.231739, "delta": 0.373004}}
{"target": -2.553358290069981, "params": {"eta": 0.25970690070749625, "max_depth": 7.657640429577607, "n_estimators": 16.99117004465716}, "datetime": {"datetime": "2021-09-17 13:00:01", "elapsed": 14.508805, "delta": 0.277066}}
{"target": -2.6339772694989256, "params": {"eta": 0.263497486545797, "max_depth": 7.013600109620442, "n_estimators": 16.866259962345904}, "datetime": {"datetime": "2021-09-17 13:00:02", "elapsed": 14.803802, "delta": 0.294997}}
{"target": -2.5223408077892504, "params": {"eta": 0.2749870942492961, "max_depth": 7.81541265301712, "n_estimators": 16.974629593678763}, "datetime": {"datetime": "2021-09-17 13:00:02", "elapsed": 15.096802, "delta": 0.293}}
{"target": -2.6378681747536907, "params": {"eta": 0.4505018104204328, "max_depth": 7.17859517195299, "n_estimators": 16.418786201895273}, "datetime": {"datetime": "2021-09-17 13:00:02", "elapsed": 15.413805, "delta": 0.317003}}
{"target": -2.5794279964346636, "params": {"eta": 0.2665397955336338, "max_depth": 7.156107244118172, "n_estimators": 16.67748282189844}, "datetime": {"datetime": "2021-09-17 13:00:03", "elapsed": 15.689799, "delta": 0.275994}}
{"target": -2.584239743885241, "params": {"eta": 0.3943115230713945, "max_depth": 7.291940195982985, "n_estimators": 16.58387798108437}, "datetime": {"datetime": "2021-09-17 13:00:03", "elapsed": 15.988805, "delta": 0.299006}}
{"target": -2.4991635153168126, "params": {"eta": 0.3805369969490682, "max_depth": 7.2753253741955, "n_estimators": 16.512441120011736}, "datetime": {"datetime": "2021-09-17 13:00:03", "elapsed": 16.293802, "delta": 0.304997}}
{"target": -2.580104217403813, "params": {"eta": 0.4690829192020701, "max_depth": 7.248584280241905, "n_estimators": 16.054629206044453}, "datetime": {"datetime": "2021-09-17 13:00:04", "elapsed": 16.585802, "delta": 0.292}}
{"target": -2.4086568556333843, "params": {"eta": 0.3091794089192068, "max_depth": 7.7415071855993105, "n_estimators": 16.661021507858585}, "datetime": {"datetime": "2021-09-17 13:00:04", "elapsed": 16.911802, "delta": 0.326}}
{"target": -2.532296041438454, "params": {"eta": 0.2539124256131417, "max_depth": 7.2933223050529286, "n_estimators": 16.311599745135002}, "datetime": {"datetime": "2021-09-17 13:00:04", "elapsed": 17.234804, "delta": 0.323002}}
{"target": -2.5935932178246346, "params": {"eta": 0.26983707221256337, "max_depth": 7.547205883984391, "n_estimators": 16.145031499865247}, "datetime": {"datetime": "2021-09-17 13:00:04", "elapsed": 17.554193, "delta": 0.319389}}
{"target": -2.615057278934278, "params": {"eta": 0.3257722184535975, "max_depth": 7.713344529400478, "n_estimators": 16.680931845743714}, "datetime": {"datetime": "2021-09-17 13:00:05", "elapsed": 17.894193, "delta": 0.34}}
{"target": -2.4999846251387345, "params": {"eta": 0.47493237929825227, "max_depth": 7.151220698685169, "n_estimators": 16.119546059921788}, "datetime": {"datetime": "2021-09-17 13:00:05", "elapsed": 18.252193, "delta": 0.358}}
{"target": -2.748616333384263, "params": {"eta": 0.3434096720997796, "max_depth": 7.099664554948507, "n_estimators": 16.175950136853388}, "datetime": {"datetime": "2021-09-17 13:00:06", "elapsed": 18.571192, "delta": 0.318999}}
{"target": -2.5037782499664707, "params": {"eta": 0.2924722095594265, "max_depth": 7.896372430057974, "n_estimators": 16.521819319994492}, "datetime": {"datetime": "2021-09-17 13:00:06", "elapsed": 18.957193, "delta": 0.386001}}
{"target": -2.4284386703842564, "params": {"eta": 0.2999855790634422, "max_depth": 7.281736322787542, "n_estimators": 16.290466565575223}, "datetime": {"datetime": "2021-09-17 13:00:06", "elapsed": 19.342192, "delta": 0.384999}}
{"target": -2.595443746918126, "params": {"eta": 0.2852630296217163, "max_depth": 7.0152125948423345, "n_estimators": 16.959859710975767}, "datetime": {"datetime": "2021-09-17 13:00:07", "elapsed": 19.746925, "delta": 0.404733}}
{"target": -2.39591747083162, "params": {"eta": 0.36631616686844487, "max_depth": 7.989948803975384, "n_estimators": 16.402447957390144}, "datetime": {"datetime": "2021-09-17 13:00:07", "elapsed": 20.099924, "delta": 0.352999}}
{"target": -2.5673289405672173, "params": {"eta": 0.4391130047906646, "max_depth": 7.4765747367200985, "n_estimators": 16.726452331771043}, "datetime": {"datetime": "2021-09-17 13:00:07", "elapsed": 20.435921, "delta": 0.335997}}
{"target": -2.5799070113583618, "params": {"eta": 0.355417705412633, "max_depth": 7.969281588308919, "n_estimators": 16.5690440656496}, "datetime": {"datetime": "2021-09-17 13:00:08", "elapsed": 20.797922, "delta": 0.362001}}
{"target": -2.539166518261558, "params": {"eta": 0.34043670061026343, "max_depth": 7.68321089688663, "n_estimators": 16.138194998977745}, "datetime": {"datetime": "2021-09-17 13:00:08", "elapsed": 21.162922, "delta": 0.365}}
{"target": -2.562620775950583, "params": {"eta": 0.2809275515197272, "max_depth": 7.938637592569698, "n_estimators": 16.00947123219351}, "datetime": {"datetime": "2021-09-17 13:00:08", "elapsed": 21.48592, "delta": 0.322998}}
{"target": -2.554745464575918, "params": {"eta": 0.32314890903713545, "max_depth": 7.806089843760581, "n_estimators": 16.627496767510838}, "datetime": {"datetime": "2021-09-17 13:00:09", "elapsed": 21.931831, "delta": 0.445911}}
{"target": -2.5624356614915946, "params": {"eta": 0.29065796309299186, "max_depth": 7.209213366231618, "n_estimators": 16.53060042774408}, "datetime": {"datetime": "2021-09-17 13:00:09", "elapsed": 22.27283, "delta": 0.340999}}
{"target": -2.5601047220983, "params": {"eta": 0.439844981957309, "max_depth": 7.119891885997763, "n_estimators": 16.558308856337064}, "datetime": {"datetime": "2021-09-17 13:00:10", "elapsed": 22.69883, "delta": 0.426}}
