{"target": -3.4897150551017964, "params": {"eta": 1.0, "max_depth": 5.430681112560866, "n_estimators": 6.689487738880337}, "datetime": {"datetime": "2021-09-17 11:14:59", "elapsed": 137.67303, "delta": 1.061314}}
{"target": -3.6199952301226164, "params": {"eta": 0.9948435860277948, "max_depth": 4.7399577543530995, "n_estimators": 7.5461661305864185}, "datetime": {"datetime": "2021-09-17 11:15:00", "elapsed": 138.672034, "delta": 0.999004}}
{"target": -3.476761063776518, "params": {"eta": 0.9605397651552836, "max_depth": 12.34802598599116, "n_estimators": 12.892105930142742}, "datetime": {"datetime": "2021-09-17 11:15:01", "elapsed": 139.834231, "delta": 1.162197}}
{"target": -14.86533459581827, "params": {"eta": 0.032179497087163146, "max_depth": 10.980746063103927, "n_estimators": 14.169490055202553}, "datetime": {"datetime": "2021-09-17 11:15:02", "elapsed": 141.014967, "delta": 1.180736}}
{"target": -10.674669204260173, "params": {"eta": 0.33501237559709407, "max_depth": 6.852721175612307, "n_estimators": 2.209430663582645}, "datetime": {"datetime": "2021-09-17 11:15:03", "elapsed": 141.608965, "delta": 0.593998}}
{"target": -10.477347223382248, "params": {"eta": 0.1369029671885811, "max_depth": 1.5038025100150347, "n_estimators": 6.63453764230621}, "datetime": {"datetime": "2021-09-17 11:15:03", "elapsed": 142.302965, "delta": 0.694}}
{"target": -7.943379429767007, "params": {"eta": 0.1729125838360584, "max_depth": 11.91071548905219, "n_estimators": 6.717999862933508}, "datetime": {"datetime": "2021-09-17 11:15:04", "elapsed": 143.349904, "delta": 1.046939}}
{"target": -3.8105086878726357, "params": {"eta": 1.0, "max_depth": 13.086030411931533, "n_estimators": 6.501330277404767}, "datetime": {"datetime": "2021-09-17 11:15:06", "elapsed": 144.45691, "delta": 1.107006}}
{"target": -3.563309734746029, "params": {"eta": 0.9973788881933882, "max_depth": 4.9658885807332975, "n_estimators": 3.897513905497367}, "datetime": {"datetime": "2021-09-17 11:15:07", "elapsed": 145.448679, "delta": 0.991769}}
{"target": -3.6063207136957267, "params": {"eta": 0.9666279123572359, "max_depth": 8.847652353421829, "n_estimators": 4.917585872798086}, "datetime": {"datetime": "2021-09-17 11:15:07", "elapsed": 146.115679, "delta": 0.667}}
{"target": -3.8036871307774596, "params": {"eta": 1.0, "max_depth": 13.576161652319229, "n_estimators": 13.01789793717897}, "datetime": {"datetime": "2021-09-17 11:15:08", "elapsed": 147.398377, "delta": 1.282698}}
{"target": -16.22991670542642, "params": {"eta": 0.03980335516171775, "max_depth": 7.264369769123667, "n_estimators": 9.458390156721707}, "datetime": {"datetime": "2021-09-17 11:15:10", "elapsed": 148.86332, "delta": 1.464943}}
{"target": -2.884710126801541, "params": {"eta": 0.24259275893152193, "max_depth": 8.145216289286354, "n_estimators": 10.859738268041442}, "datetime": {"datetime": "2021-09-17 11:15:11", "elapsed": 149.896322, "delta": 1.033002}}
{"target": -3.53806687154268, "params": {"eta": 1.0, "max_depth": 9.055927531941553, "n_estimators": 6.39019156828342}, "datetime": {"datetime": "2021-09-17 11:15:13", "elapsed": 151.603046, "delta": 0.949204}}
{"target": -3.3133300555379765, "params": {"eta": 0.8162051286519101, "max_depth": 8.537308338142683, "n_estimators": 10.124296515005392}, "datetime": {"datetime": "2021-09-17 11:15:14", "elapsed": 152.668728, "delta": 1.065682}}
{"target": -7.956106995908837, "params": {"eta": 0.3190356136289431, "max_depth": 12.247096025068021, "n_estimators": 3.586628673745639}, "datetime": {"datetime": "2021-09-17 11:15:14", "elapsed": 153.441758, "delta": 0.77303}}
{"target": -8.859739313627543, "params": {"eta": 0.07523922666500704, "max_depth": 13.778917646307683, "n_estimators": 13.509030828164443}, "datetime": {"datetime": "2021-09-17 11:15:16", "elapsed": 154.77676, "delta": 1.335002}}
{"target": -3.436176620031658, "params": {"eta": 0.9797664996559825, "max_depth": 4.9775832810504, "n_estimators": 3.8726511748181283}, "datetime": {"datetime": "2021-09-17 11:15:17", "elapsed": 155.540592, "delta": 0.763832}}
{"target": -2.572066913780413, "params": {"eta": 0.4200064049681771, "max_depth": 9.214035890066887, "n_estimators": 10.714208500568274}, "datetime": {"datetime": "2021-09-17 11:15:18", "elapsed": 156.703593, "delta": 1.163001}}
{"target": -3.552783958535445, "params": {"eta": 0.9539456848992484, "max_depth": 9.5889796038994, "n_estimators": 10.070659948156846}, "datetime": {"datetime": "2021-09-17 11:15:19", "elapsed": 157.720868, "delta": 1.017275}}
{"target": -10.836402186280802, "params": {"eta": 0.08441450324755892, "max_depth": 9.367729428016137, "n_estimators": 9.96809900294707}, "datetime": {"datetime": "2021-09-17 11:15:20", "elapsed": 158.651873, "delta": 0.931005}}
{"target": -3.490813475533535, "params": {"eta": 1.0, "max_depth": 8.860434052603656, "n_estimators": 11.024907195723149}, "datetime": {"datetime": "2021-09-17 11:15:21", "elapsed": 159.807145, "delta": 1.155272}}
{"target": -3.508370420807286, "params": {"eta": 1.0, "max_depth": 9.82571276219682, "n_estimators": 10.988576006511316}, "datetime": {"datetime": "2021-09-17 11:15:22", "elapsed": 161.115798, "delta": 1.308653}}
{"target": -3.2597683166202747, "params": {"eta": 0.17605548979605076, "max_depth": 3.790139052777528, "n_estimators": 14.602819510126304}, "datetime": {"datetime": "2021-09-17 11:15:23", "elapsed": 161.858795, "delta": 0.742997}}
{"target": -2.4459517102492483, "params": {"eta": 0.3044833382126044, "max_depth": 9.348914970123726, "n_estimators": 11.544805807697003}, "datetime": {"datetime": "2021-09-17 11:15:24", "elapsed": 162.733171, "delta": 0.874376}}
{"target": -3.7725220818268626, "params": {"eta": 0.998429404844993, "max_depth": 9.476635338167172, "n_estimators": 11.874409171146837}, "datetime": {"datetime": "2021-09-17 11:15:25", "elapsed": 163.847363, "delta": 1.114192}}
{"target": -13.404454322551427, "params": {"eta": 0.030942056118710738, "max_depth": 6.65577257816454, "n_estimators": 18.0}, "datetime": {"datetime": "2021-09-17 11:15:26", "elapsed": 165.128216, "delta": 1.280853}}
{"target": -3.431029742956161, "params": {"eta": 0.9390172449223316, "max_depth": 5.1949329132978495, "n_estimators": 14.203502408283477}, "datetime": {"datetime": "2021-09-17 11:15:27", "elapsed": 165.825214, "delta": 0.696998}}
{"target": -3.2056225419044493, "params": {"eta": 0.7103724691408889, "max_depth": 6.650635130826457, "n_estimators": 17.131874125827448}, "datetime": {"datetime": "2021-09-17 11:15:28", "elapsed": 166.610214, "delta": 0.785}}
{"target": -3.6254537751800133, "params": {"eta": 1.0, "max_depth": 11.157669173048767, "n_estimators": 10.011619526263578}, "datetime": {"datetime": "2021-09-17 11:15:29", "elapsed": 168.080665, "delta": 1.470451}}
{"target": -8.230755016050841, "params": {"eta": 0.19805581329307992, "max_depth": 9.370268780887475, "n_estimators": 5.510014626435916}, "datetime": {"datetime": "2021-09-17 11:15:30", "elapsed": 169.301916, "delta": 1.221251}}
{"target": -3.259808572969938, "params": {"eta": 0.9980298509610976, "max_depth": 4.1072467516937365, "n_estimators": 16.73666985192562}, "datetime": {"datetime": "2021-09-17 11:15:32", "elapsed": 170.792973, "delta": 1.491057}}
{"target": -3.2234297256720694, "params": {"eta": 1.0, "max_depth": 4.811925492244886, "n_estimators": 8.64276508627182}, "datetime": {"datetime": "2021-09-17 11:15:33", "elapsed": 171.820921, "delta": 1.027948}}
{"target": -3.7009897159902665, "params": {"eta": 0.976380167635849, "max_depth": 12.436167718308962, "n_estimators": 5.790077962288729}, "datetime": {"datetime": "2021-09-17 11:15:34", "elapsed": 173.036451, "delta": 1.21553}}
{"target": -3.429613520910866, "params": {"eta": 1.0, "max_depth": 5.396493836741313, "n_estimators": 9.43217294555869}, "datetime": {"datetime": "2021-09-17 11:15:35", "elapsed": 173.991449, "delta": 0.954998}}
{"target": -13.238692909792851, "params": {"eta": 0.07939343267387618, "max_depth": 14.647844136466567, "n_estimators": 7.87797687510804}, "datetime": {"datetime": "2021-09-17 11:15:36", "elapsed": 174.778448, "delta": 0.786999}}
{"target": -2.8537606333431444, "params": {"eta": 0.2673631557168405, "max_depth": 4.022116312856221, "n_estimators": 11.45104450316011}, "datetime": {"datetime": "2021-09-17 11:15:37", "elapsed": 175.557622, "delta": 0.779174}}
{"target": -2.830434210676896, "params": {"eta": 0.34385193378096574, "max_depth": 3.995161244593623, "n_estimators": 12.275379315186784}, "datetime": {"datetime": "2021-09-17 11:15:38", "elapsed": 176.79162, "delta": 1.233998}}
{"target": -5.753317762676038, "params": {"eta": 0.22486272919900005, "max_depth": 5.423309083048403, "n_estimators": 6.2868369024223325}, "datetime": {"datetime": "2021-09-17 11:15:39", "elapsed": 177.788209, "delta": 0.996589}}
{"target": -20.433509040741544, "params": {"eta": 0.060409994314403435, "max_depth": 5.228211397824965, "n_estimators": 2.7143649052948207}, "datetime": {"datetime": "2021-09-17 11:15:40", "elapsed": 178.627213, "delta": 0.839004}}
{"target": -2.535341033182646, "params": {"eta": 0.2930939696926435, "max_depth": 5.326880812221559, "n_estimators": 14.649909533617498}, "datetime": {"datetime": "2021-09-17 11:15:41", "elapsed": 179.944447, "delta": 1.317234}}
{"target": -3.4663502275943756, "params": {"eta": 0.9894382571241267, "max_depth": 10.828665147478667, "n_estimators": 13.710200451481423}, "datetime": {"datetime": "2021-09-17 11:15:42", "elapsed": 181.410369, "delta": 1.465922}}
{"target": -3.5659668131878504, "params": {"eta": 0.9561227019321344, "max_depth": 8.856593011212812, "n_estimators": 4.917681324761079}, "datetime": {"datetime": "2021-09-17 11:15:43", "elapsed": 182.20837, "delta": 0.798001}}
{"target": -2.9148089157907586, "params": {"eta": 0.27433971880494074, "max_depth": 4.9373812633169765, "n_estimators": 9.206010993501113}, "datetime": {"datetime": "2021-09-17 11:15:44", "elapsed": 183.411672, "delta": 1.203302}}
{"target": -3.2813427347885935, "params": {"eta": 1.0, "max_depth": 4.960031531293211, "n_estimators": 17.118297606053527}, "datetime": {"datetime": "2021-09-17 11:15:46", "elapsed": 184.663673, "delta": 1.252001}}
{"target": -2.561352941236998, "params": {"eta": 0.25514985978560034, "max_depth": 10.688530454969262, "n_estimators": 13.508053269016958}, "datetime": {"datetime": "2021-09-17 11:15:47", "elapsed": 185.582163, "delta": 0.91849}}
{"target": -3.7500914338387936, "params": {"eta": 0.941155116671383, "max_depth": 12.636502036032079, "n_estimators": 16.297956348093813}, "datetime": {"datetime": "2021-09-17 11:15:48", "elapsed": 187.070853, "delta": 1.48869}}
{"target": -3.3484324392519498, "params": {"eta": 1.0, "max_depth": 2.5069509924252404, "n_estimators": 8.266195268792654}, "datetime": {"datetime": "2021-09-17 11:15:49", "elapsed": 188.394468, "delta": 1.323615}}
{"target": -3.5321269963916975, "params": {"eta": 1.0, "max_depth": 9.325034341376394, "n_estimators": 7.372367296154459}, "datetime": {"datetime": "2021-09-17 11:15:51", "elapsed": 189.520444, "delta": 1.125976}}
{"target": -3.4869793352327845, "params": {"eta": 1.0, "max_depth": 8.6154511948705, "n_estimators": 8.06357059633457}, "datetime": {"datetime": "2021-09-17 11:15:52", "elapsed": 191.001695, "delta": 1.481251}}
{"target": -5.095879887907128, "params": {"eta": 0.2146588911688166, "max_depth": 8.904271407551743, "n_estimators": 7.804400728527901}, "datetime": {"datetime": "2021-09-17 11:15:53", "elapsed": 192.254696, "delta": 1.253001}}
{"target": -2.6464159526323017, "params": {"eta": 0.21381930395189463, "max_depth": 9.711095467865464, "n_estimators": 14.663674872509722}, "datetime": {"datetime": "2021-09-17 11:15:54", "elapsed": 193.172579, "delta": 0.917883}}
{"target": -2.5152324180853993, "params": {"eta": 0.39263864901582635, "max_depth": 10.227651737566548, "n_estimators": 14.799999297756429}, "datetime": {"datetime": "2021-09-17 11:15:56", "elapsed": 194.874574, "delta": 1.701995}}
{"target": -2.9845266724887645, "params": {"eta": 0.6409507720397667, "max_depth": 9.919783427211508, "n_estimators": 14.108634164555323}, "datetime": {"datetime": "2021-09-17 11:15:57", "elapsed": 196.31277, "delta": 1.438196}}
{"target": -2.6531640843341227, "params": {"eta": 0.524661168188072, "max_depth": 9.734412152341324, "n_estimators": 15.34393821459481}, "datetime": {"datetime": "2021-09-17 11:15:59", "elapsed": 197.887648, "delta": 1.574878}}
{"target": -7.8278517948953725, "params": {"eta": 0.09275332595488725, "max_depth": 9.301613194619334, "n_estimators": 12.453480390669576}, "datetime": {"datetime": "2021-09-17 11:16:00", "elapsed": 199.272874, "delta": 1.385226}}
{"target": -11.623095543761002, "params": {"eta": 0.0973527429276746, "max_depth": 4.812287810041477, "n_estimators": 7.9403701790566945}, "datetime": {"datetime": "2021-09-17 11:16:01", "elapsed": 200.351931, "delta": 1.079057}}
{"target": -4.313223499373386, "params": {"eta": 0.1259026788223068, "max_depth": 11.865487830375763, "n_estimators": 14.058406072359436}, "datetime": {"datetime": "2021-09-17 11:16:02", "elapsed": 201.37345, "delta": 1.021519}}
{"target": -4.76692571577273, "params": {"eta": 0.1474690564785024, "max_depth": 9.960953950957443, "n_estimators": 11.12484265069042}, "datetime": {"datetime": "2021-09-17 11:16:04", "elapsed": 202.826049, "delta": 1.452599}}
{"target": -3.5175813213775036, "params": {"eta": 0.9881732323625652, "max_depth": 12.547715339255193, "n_estimators": 10.132222694119612}, "datetime": {"datetime": "2021-09-17 11:16:06", "elapsed": 204.558826, "delta": 1.732777}}
{"target": -3.3481428466345133, "params": {"eta": 1.0, "max_depth": 4.509421069923586, "n_estimators": 5.325125165086003}, "datetime": {"datetime": "2021-09-17 11:16:07", "elapsed": 206.063874, "delta": 1.505048}}
{"target": -2.5446635559985507, "params": {"eta": 0.23911717052765646, "max_depth": 5.4401534421997155, "n_estimators": 12.63992442353896}, "datetime": {"datetime": "2021-09-17 11:16:08", "elapsed": 206.943871, "delta": 0.879997}}
{"target": -2.5756666974017492, "params": {"eta": 0.32581191098838225, "max_depth": 4.843579053027071, "n_estimators": 12.843796735374871}, "datetime": {"datetime": "2021-09-17 11:16:09", "elapsed": 208.183454, "delta": 1.239583}}
{"target": -2.555014912078255, "params": {"eta": 0.32960013891003725, "max_depth": 5.09748965127019, "n_estimators": 12.245398327897824}, "datetime": {"datetime": "2021-09-17 11:16:11", "elapsed": 209.458628, "delta": 1.275174}}
{"target": -15.431562389511813, "params": {"eta": 0.03726275314808002, "max_depth": 8.744454440416002, "n_estimators": 11.23954625116139}, "datetime": {"datetime": "2021-09-17 11:16:12", "elapsed": 210.602678, "delta": 1.14405}}
{"target": -3.2093543353833653, "params": {"eta": 1.0, "max_depth": 2.6943232419751846, "n_estimators": 9.790536708036813}, "datetime": {"datetime": "2021-09-17 11:16:13", "elapsed": 212.017503, "delta": 1.414825}}
{"target": -6.345897046515816, "params": {"eta": 0.144721233196152, "max_depth": 11.269553713768406, "n_estimators": 9.475947507130185}, "datetime": {"datetime": "2021-09-17 11:16:15", "elapsed": 213.663336, "delta": 1.645833}}
{"target": -3.681650843745784, "params": {"eta": 0.14198698449208155, "max_depth": 12.374375339532481, "n_estimators": 14.671784118471962}, "datetime": {"datetime": "2021-09-17 11:16:16", "elapsed": 214.670338, "delta": 1.007002}}
{"target": -2.4051562629247965, "params": {"eta": 0.2929629213757106, "max_depth": 12.665686426975185, "n_estimators": 14.370959669519424}, "datetime": {"datetime": "2021-09-17 11:16:17", "elapsed": 216.422128, "delta": 1.75179}}
{"target": -11.635458770864888, "params": {"eta": 0.21186040569327647, "max_depth": 13.65603239233793, "n_estimators": 3.5051568771607857}, "datetime": {"datetime": "2021-09-17 11:16:18", "elapsed": 217.388153, "delta": 0.966025}}
{"target": -3.032814736742722, "params": {"eta": 0.9967228505019515, "max_depth": 2.8532379492043196, "n_estimators": 11.948633932397907}, "datetime": {"datetime": "2021-09-17 11:16:20", "elapsed": 219.181951, "delta": 1.793798}}
{"target": -2.7983768061587684, "params": {"eta": 0.6425503548940034, "max_depth": 4.054312265721565, "n_estimators": 11.649904807210024}, "datetime": {"datetime": "2021-09-17 11:16:22", "elapsed": 221.33764, "delta": 2.155689}}
{"target": -3.3467304593638367, "params": {"eta": 0.5495929430062926, "max_depth": 2.2113039439668096, "n_estimators": 8.716061759291382}, "datetime": {"datetime": "2021-09-17 11:16:24", "elapsed": 222.717531, "delta": 1.379891}}
{"target": -2.552215035965568, "params": {"eta": 0.43361898735423215, "max_depth": 4.6814996918920935, "n_estimators": 14.55234940599468}, "datetime": {"datetime": "2021-09-17 11:16:26", "elapsed": 224.498827, "delta": 1.781296}}
{"target": -3.2674969466109025, "params": {"eta": 0.8928859346505376, "max_depth": 11.77401511032274, "n_estimators": 13.400044978392884}, "datetime": {"datetime": "2021-09-17 11:16:28", "elapsed": 226.815159, "delta": 2.316332}}
{"target": -3.5236761896233815, "params": {"eta": 0.9831635608643461, "max_depth": 1.5519534644407473, "n_estimators": 13.923890322195984}, "datetime": {"datetime": "2021-09-17 11:16:30", "elapsed": 228.908112, "delta": 2.092953}}
{"target": -3.2052275061607363, "params": {"eta": 1.0, "max_depth": 3.543908293395548, "n_estimators": 10.83974116465674}, "datetime": {"datetime": "2021-09-17 11:16:33", "elapsed": 231.500613, "delta": 2.592501}}
{"target": -20.70098460457827, "params": {"eta": 0.01, "max_depth": 3.4917076545929984, "n_estimators": 11.9871070822987}, "datetime": {"datetime": "2021-09-17 11:16:34", "elapsed": 233.136357, "delta": 1.635744}}
{"target": -3.70529568195343, "params": {"eta": 0.9462163879626313, "max_depth": 9.282600598730678, "n_estimators": 10.595633295854716}, "datetime": {"datetime": "2021-09-17 11:16:36", "elapsed": 234.92577, "delta": 1.789413}}
{"target": -2.592245122006065, "params": {"eta": 0.5302827851506519, "max_depth": 4.492082913494091, "n_estimators": 12.508032086606075}, "datetime": {"datetime": "2021-09-17 11:16:38", "elapsed": 236.823942, "delta": 1.898172}}
{"target": -2.953755140304566, "params": {"eta": 0.6314580296187524, "max_depth": 8.021334447215686, "n_estimators": 10.431494097562348}, "datetime": {"datetime": "2021-09-17 11:16:40", "elapsed": 238.662249, "delta": 1.838307}}
{"target": -2.4639380266791897, "params": {"eta": 0.3309301667210933, "max_depth": 5.299936331740426, "n_estimators": 13.833572115834896}, "datetime": {"datetime": "2021-09-17 11:16:42", "elapsed": 240.718099, "delta": 2.05585}}
{"target": -2.6461046319258834, "params": {"eta": 0.5364060513903224, "max_depth": 6.8623233257725555, "n_estimators": 7.461460901431338}, "datetime": {"datetime": "2021-09-17 11:16:44", "elapsed": 242.537934, "delta": 1.819835}}
{"target": -2.8864812167067275, "params": {"eta": 0.9889527142802363, "max_depth": 2.4364966753736184, "n_estimators": 14.130185698675534}, "datetime": {"datetime": "2021-09-17 11:16:45", "elapsed": 244.1826, "delta": 1.644666}}
{"target": -3.441036804098832, "params": {"eta": 1.0, "max_depth": 5.795458862417268, "n_estimators": 7.353531475851126}, "datetime": {"datetime": "2021-09-17 11:16:47", "elapsed": 246.082593, "delta": 1.899993}}
{"target": -4.197349508185136, "params": {"eta": 0.9894852271017878, "max_depth": 14.077590676446926, "n_estimators": 1.9386088035178237}, "datetime": {"datetime": "2021-09-17 11:16:48", "elapsed": 247.129591, "delta": 1.046998}}
{"target": -2.8688645563627544, "params": {"eta": 0.7688942361590595, "max_depth": 2.192472306452909, "n_estimators": 12.031557538665547}, "datetime": {"datetime": "2021-09-17 11:16:50", "elapsed": 248.899687, "delta": 1.770096}}
{"target": -3.685603594779968, "params": {"eta": 0.11787218863352142, "max_depth": 14.96938149676178, "n_estimators": 17.065368954009617}, "datetime": {"datetime": "2021-09-17 11:16:52", "elapsed": 250.756886, "delta": 1.857199}}
{"target": -14.196473503112793, "params": {"eta": 0.4051811247277129, "max_depth": 3.548788557752675, "n_estimators": 1.5401007855150666}, "datetime": {"datetime": "2021-09-17 11:16:53", "elapsed": 251.865153, "delta": 1.108267}}
{"target": -3.7509742623881297, "params": {"eta": 1.0, "max_depth": 14.158904863397513, "n_estimators": 16.97467105431656}, "datetime": {"datetime": "2021-09-17 11:16:55", "elapsed": 253.467101, "delta": 1.601948}}
{"target": -2.76054854016555, "params": {"eta": 0.4853156541401996, "max_depth": 6.0411900850197355, "n_estimators": 6.82071232301783}, "datetime": {"datetime": "2021-09-17 11:16:56", "elapsed": 255.123108, "delta": 1.656007}}
{"target": -2.4149733129300572, "params": {"eta": 0.43618197105441836, "max_depth": 10.095446824493955, "n_estimators": 13.593795381231173}, "datetime": {"datetime": "2021-09-17 11:16:58", "elapsed": 256.542316, "delta": 1.419208}}
{"target": -2.5918120515973944, "params": {"eta": 0.5498887374209893, "max_depth": 5.088948197223419, "n_estimators": 9.85569269340783}, "datetime": {"datetime": "2021-09-17 11:16:59", "elapsed": 258.015602, "delta": 1.473286}}
{"target": -3.5953460931777954, "params": {"eta": 1.0, "max_depth": 1.5508431348732772, "n_estimators": 12.461098900969985}, "datetime": {"datetime": "2021-09-17 11:17:01", "elapsed": 260.195842, "delta": 2.18024}}
{"target": -3.2234297256720694, "params": {"eta": 1.0, "max_depth": 4.08974308920559, "n_estimators": 8.940211369415199}, "datetime": {"datetime": "2021-09-17 11:17:03", "elapsed": 261.773531, "delta": 1.577689}}
{"target": -3.489609429083372, "params": {"eta": 0.18927980014968943, "max_depth": 13.38651062541478, "n_estimators": 11.610351459493074}, "datetime": {"datetime": "2021-09-17 11:17:05", "elapsed": 263.620709, "delta": 1.847178}}
{"target": -2.4514954146585968, "params": {"eta": 0.2705069535503112, "max_depth": 14.449436648268955, "n_estimators": 17.846137542957624}, "datetime": {"datetime": "2021-09-17 11:17:07", "elapsed": 265.667614, "delta": 2.046905}}
