{"target": -2.3292852928763943, "params": {"eta": 0.18574042699087345, "max_depth": 15.528688116081938, "n_estimators": 28.68529448139209}, "datetime": {"datetime": "2021-09-17 14:08:29", "elapsed": 116.144975, "delta": 1.238654}}
{"target": -2.261770754738858, "params": {"eta": 0.1513002815727137, "max_depth": 15.550771026624886, "n_estimators": 28.703017730169506}, "datetime": {"datetime": "2021-09-17 14:08:31", "elapsed": 117.209366, "delta": 1.064391}}
{"target": -2.3838072525827507, "params": {"eta": 0.17201259292738225, "max_depth": 12.118383028651527, "n_estimators": 31.18923528640504}, "datetime": {"datetime": "2021-09-17 14:08:31", "elapsed": 118.006369, "delta": 0.797003}}
{"target": -2.2617000416705477, "params": {"eta": 0.15961357698212275, "max_depth": 16.81676331153526, "n_estimators": 28.857265861634847}, "datetime": {"datetime": "2021-09-17 14:08:32", "elapsed": 119.112593, "delta": 1.106224}}
{"target": -2.3049498125126484, "params": {"eta": 0.15214692751430517, "max_depth": 16.806469670965768, "n_estimators": 28.844163228483666}, "datetime": {"datetime": "2021-09-17 14:08:34", "elapsed": 120.227989, "delta": 1.115396}}
{"target": -3.1813400820681927, "params": {"eta": 0.09003459814866205, "max_depth": 13.467235054408254, "n_estimators": 26.848397678742344}, "datetime": {"datetime": "2021-09-17 14:08:34", "elapsed": 120.97099, "delta": 0.743001}}
{"target": -2.4384001719324213, "params": {"eta": 0.17004930086981104, "max_depth": 13.465499109949068, "n_estimators": 27.479478776536588}, "datetime": {"datetime": "2021-09-17 14:08:36", "elapsed": 122.330716, "delta": 1.359726}}
{"target": -2.326996498358877, "params": {"eta": 0.1904107072353654, "max_depth": 16.74428083467949, "n_estimators": 26.94288251079727}, "datetime": {"datetime": "2021-09-17 14:08:37", "elapsed": 123.547714, "delta": 1.216998}}
{"target": -2.2300808806168404, "params": {"eta": 0.1760311217266645, "max_depth": 12.5449715459467, "n_estimators": 27.57561794076994}, "datetime": {"datetime": "2021-09-17 14:08:38", "elapsed": 124.764238, "delta": 1.216524}}
{"target": -2.3162516550013894, "params": {"eta": 0.16027424422401776, "max_depth": 14.051718430208957, "n_estimators": 24.663303883051704}, "datetime": {"datetime": "2021-09-17 14:08:39", "elapsed": 125.513241, "delta": 0.749003}}
{"target": -2.374651676730106, "params": {"eta": 0.11243735566722214, "max_depth": 10.033867192459144, "n_estimators": 30.100898499165844}, "datetime": {"datetime": "2021-09-17 14:08:40", "elapsed": 126.282161, "delta": 0.76892}}
{"target": -2.3276067250653316, "params": {"eta": 0.19254116679018163, "max_depth": 15.015242014594605, "n_estimators": 28.880730305843397}, "datetime": {"datetime": "2021-09-17 14:08:41", "elapsed": 127.582098, "delta": 1.299937}}
{"target": -2.2107531309127806, "params": {"eta": 0.16340825224519773, "max_depth": 16.62926296458378, "n_estimators": 30.06495352444422}, "datetime": {"datetime": "2021-09-17 14:08:42", "elapsed": 128.726447, "delta": 1.144349}}
{"target": -2.3421164286764045, "params": {"eta": 0.15988666808340934, "max_depth": 11.605813124610561, "n_estimators": 27.94311369233567}, "datetime": {"datetime": "2021-09-17 14:08:43", "elapsed": 129.523453, "delta": 0.797006}}
{"target": -2.3930290059039465, "params": {"eta": 0.17208183563422116, "max_depth": 12.581777444843059, "n_estimators": 31.797861223962943}, "datetime": {"datetime": "2021-09-17 14:08:44", "elapsed": 130.999488, "delta": 1.476035}}
{"target": -2.4264050446058576, "params": {"eta": 0.14536078335096597, "max_depth": 12.699448690358793, "n_estimators": 27.88960246573564}, "datetime": {"datetime": "2021-09-17 14:08:45", "elapsed": 131.781649, "delta": 0.782161}}
{"target": -2.2102822448077957, "params": {"eta": 0.17502876075976803, "max_depth": 12.544397051229321, "n_estimators": 27.552334115111773}, "datetime": {"datetime": "2021-09-17 14:08:46", "elapsed": 133.107535, "delta": 1.325886}}
{"target": -2.4394944071769715, "params": {"eta": 0.11872149342760976, "max_depth": 15.28142850929829, "n_estimators": 26.80579926494719}, "datetime": {"datetime": "2021-09-17 14:08:47", "elapsed": 133.891537, "delta": 0.784002}}
{"target": -3.1000657985084934, "params": {"eta": 0.099205628953696, "max_depth": 11.220756925264768, "n_estimators": 24.75383042488056}, "datetime": {"datetime": "2021-09-17 14:08:48", "elapsed": 134.647935, "delta": 0.756398}}
{"target": -2.3364057440506785, "params": {"eta": 0.15530281596429174, "max_depth": 12.595406295157387, "n_estimators": 31.5015338720842}, "datetime": {"datetime": "2021-09-17 14:08:49", "elapsed": 135.4717, "delta": 0.823765}}
{"target": -2.366864799825769, "params": {"eta": 0.13940812609443098, "max_depth": 12.237275314047913, "n_estimators": 29.74941627746108}, "datetime": {"datetime": "2021-09-17 14:08:50", "elapsed": 136.796541, "delta": 1.324841}}
{"target": -2.1956328611624865, "params": {"eta": 0.19783804573998356, "max_depth": 11.386378601228252, "n_estimators": 26.888008516195637}, "datetime": {"datetime": "2021-09-17 14:08:52", "elapsed": 138.15988, "delta": 1.363339}}
{"target": -2.3250395868953904, "params": {"eta": 0.13090701499304597, "max_depth": 12.51389559927056, "n_estimators": 27.56290268226099}, "datetime": {"datetime": "2021-09-17 14:08:53", "elapsed": 139.32898, "delta": 1.1691}}
{"target": -2.3522435646308097, "params": {"eta": 0.1875872938026325, "max_depth": 11.336285654730313, "n_estimators": 26.588967536900547}, "datetime": {"datetime": "2021-09-17 14:08:54", "elapsed": 140.687372, "delta": 1.358392}}
{"target": -2.280133927495856, "params": {"eta": 0.142726180114148, "max_depth": 14.623588364499, "n_estimators": 28.272402278744426}, "datetime": {"datetime": "2021-09-17 14:08:56", "elapsed": 142.204686, "delta": 1.517314}}
{"target": -2.253603056230043, "params": {"eta": 0.19396859347395703, "max_depth": 11.391191955762636, "n_estimators": 26.87700860582615}, "datetime": {"datetime": "2021-09-17 14:08:57", "elapsed": 143.526819, "delta": 1.322133}}
{"target": -2.3497808468969246, "params": {"eta": 0.17184969891192092, "max_depth": 16.623998438800882, "n_estimators": 30.097582766550964}, "datetime": {"datetime": "2021-09-17 14:08:59", "elapsed": 145.189786, "delta": 1.662967}}
{"target": -2.270769154398065, "params": {"eta": 0.15377445567806658, "max_depth": 12.231532220056385, "n_estimators": 29.78199946338913}, "datetime": {"datetime": "2021-09-17 14:09:01", "elapsed": 147.245658, "delta": 2.055872}}
{"target": -2.513254677621942, "params": {"eta": 0.12518858821963608, "max_depth": 12.452878612628787, "n_estimators": 24.240399916285007}, "datetime": {"datetime": "2021-09-17 14:09:02", "elapsed": 148.299809, "delta": 1.054151}}
{"target": -2.3867956864206414, "params": {"eta": 0.1725027440413532, "max_depth": 14.265939160223056, "n_estimators": 24.909421860119586}, "datetime": {"datetime": "2021-09-17 14:09:03", "elapsed": 149.424166, "delta": 1.124357}}
{"target": -2.342839529639796, "params": {"eta": 0.1838455017991891, "max_depth": 16.766105166661326, "n_estimators": 26.957209974191894}, "datetime": {"datetime": "2021-09-17 14:09:05", "elapsed": 151.406246, "delta": 1.98208}}
{"target": -2.3284695104548807, "params": {"eta": 0.19278352963162185, "max_depth": 16.624225257428805, "n_estimators": 30.068492627754186}, "datetime": {"datetime": "2021-09-17 14:09:06", "elapsed": 153.073746, "delta": 1.6675}}
{"target": -2.428514518235859, "params": {"eta": 0.12256700874984414, "max_depth": 15.107558744124407, "n_estimators": 30.381907045561498}, "datetime": {"datetime": "2021-09-17 14:09:07", "elapsed": 154.125747, "delta": 1.052001}}
{"target": -2.3613310010809645, "params": {"eta": 0.1821052664884372, "max_depth": 11.325331599831168, "n_estimators": 26.55597859919805}, "datetime": {"datetime": "2021-09-17 14:09:09", "elapsed": 155.829375, "delta": 1.703628}}
{"target": -2.3822492693599897, "params": {"eta": 0.12711071622148537, "max_depth": 15.65283036769523, "n_estimators": 26.331639345690554}, "datetime": {"datetime": "2021-09-17 14:09:10", "elapsed": 156.824134, "delta": 0.994759}}
{"target": -2.3940628654078435, "params": {"eta": 0.14815975562560327, "max_depth": 14.97722975127267, "n_estimators": 28.833436758790594}, "datetime": {"datetime": "2021-09-17 14:09:12", "elapsed": 158.497266, "delta": 1.673132}}
{"target": -2.1697002774790715, "params": {"eta": 0.15838251326142955, "max_depth": 15.52097557934474, "n_estimators": 28.693485827441734}, "datetime": {"datetime": "2021-09-17 14:09:14", "elapsed": 160.555735, "delta": 2.058469}}
{"target": -2.4703648347603644, "params": {"eta": 0.1767692603621176, "max_depth": 12.778205044350122, "n_estimators": 30.342373604543617}, "datetime": {"datetime": "2021-09-17 14:09:15", "elapsed": 162.03847, "delta": 1.482735}}
{"target": -2.45124981842543, "params": {"eta": 0.16247934306902184, "max_depth": 14.604543372723839, "n_estimators": 28.22795517165625}, "datetime": {"datetime": "2021-09-17 14:09:17", "elapsed": 163.542495, "delta": 1.504025}}
{"target": -2.3809982720174285, "params": {"eta": 0.17631473082598917, "max_depth": 16.171278583569805, "n_estimators": 31.717020201669662}, "datetime": {"datetime": "2021-09-17 14:09:18", "elapsed": 164.591363, "delta": 1.048868}}
{"target": -2.4178015608536567, "params": {"eta": 0.16767789748234752, "max_depth": 16.90703774527634, "n_estimators": 31.301863153625423}, "datetime": {"datetime": "2021-09-17 14:09:20", "elapsed": 166.384895, "delta": 1.793532}}
{"target": -2.2540151709004457, "params": {"eta": 0.19768939215786155, "max_depth": 16.399373450676688, "n_estimators": 27.114036277076828}, "datetime": {"datetime": "2021-09-17 14:09:22", "elapsed": 168.487764, "delta": 2.102869}}
{"target": -2.409317115733498, "params": {"eta": 0.16646395582011153, "max_depth": 15.536927540925666, "n_estimators": 28.683316878522923}, "datetime": {"datetime": "2021-09-17 14:09:23", "elapsed": 169.919092, "delta": 1.431328}}
{"target": -2.3464674146551836, "params": {"eta": 0.1461749299839134, "max_depth": 12.935609844087976, "n_estimators": 29.186183406332717}, "datetime": {"datetime": "2021-09-17 14:09:25", "elapsed": 171.391374, "delta": 1.472282}}
{"target": -2.403355725188004, "params": {"eta": 0.1773578758536078, "max_depth": 16.402014653791472, "n_estimators": 27.127472428862994}, "datetime": {"datetime": "2021-09-17 14:09:26", "elapsed": 173.142678, "delta": 1.751304}}
{"target": -2.295416500066456, "params": {"eta": 0.15265280920175, "max_depth": 15.581267176143886, "n_estimators": 28.69340186928063}, "datetime": {"datetime": "2021-09-17 14:09:28", "elapsed": 174.655569, "delta": 1.512891}}
{"target": -2.4017419350774665, "params": {"eta": 0.13834964928188964, "max_depth": 11.27707335606197, "n_estimators": 28.963520884662266}, "datetime": {"datetime": "2021-09-17 14:09:29", "elapsed": 175.563262, "delta": 0.907693}}
{"target": -2.3420266377298455, "params": {"eta": 0.1892468287023658, "max_depth": 14.97822678731263, "n_estimators": 28.852095081919295}, "datetime": {"datetime": "2021-09-17 14:09:30", "elapsed": 177.016659, "delta": 1.453397}}
{"target": -2.3751056815448557, "params": {"eta": 0.1673290938177428, "max_depth": 10.183732599573814, "n_estimators": 29.338088646671444}, "datetime": {"datetime": "2021-09-17 14:09:31", "elapsed": 177.918398, "delta": 0.901739}}
{"target": -2.4070177887615403, "params": {"eta": 0.11761437412591517, "max_depth": 12.956270621882993, "n_estimators": 29.154778229116204}, "datetime": {"datetime": "2021-09-17 14:09:33", "elapsed": 179.43482, "delta": 1.516422}}
{"target": -2.3335805892944337, "params": {"eta": 0.14124122658482105, "max_depth": 15.27632847318969, "n_estimators": 31.846311638236262}, "datetime": {"datetime": "2021-09-17 14:09:34", "elapsed": 180.426456, "delta": 0.991636}}
{"target": -2.3302663859568145, "params": {"eta": 0.1721385260068568, "max_depth": 11.376945457616621, "n_estimators": 26.802256050199162}, "datetime": {"datetime": "2021-09-17 14:09:36", "elapsed": 182.703059, "delta": 2.276603}}
{"target": -2.3506229626504997, "params": {"eta": 0.15916759855740775, "max_depth": 12.593589547564191, "n_estimators": 29.31418171133612}, "datetime": {"datetime": "2021-09-17 14:09:37", "elapsed": 183.640545, "delta": 0.937486}}
{"target": -2.31130397947211, "params": {"eta": 0.1833916885926721, "max_depth": 16.83539039844299, "n_estimators": 28.852489267465373}, "datetime": {"datetime": "2021-09-17 14:09:38", "elapsed": 185.143549, "delta": 1.503004}}
{"target": -2.373051212963305, "params": {"eta": 0.17255176044424025, "max_depth": 16.747096742739128, "n_estimators": 26.281834872366144}, "datetime": {"datetime": "2021-09-17 14:09:40", "elapsed": 186.150452, "delta": 1.006903}}
{"target": -2.321441996097565, "params": {"eta": 0.1937200172642327, "max_depth": 13.073654711887686, "n_estimators": 26.14315829708722}, "datetime": {"datetime": "2021-09-17 14:09:40", "elapsed": 187.126946, "delta": 0.976494}}
{"target": -2.309115379107626, "params": {"eta": 0.16063048405265307, "max_depth": 12.962241769391945, "n_estimators": 29.201373603431016}, "datetime": {"datetime": "2021-09-17 14:09:42", "elapsed": 188.748674, "delta": 1.621728}}
{"target": -2.2834190218072186, "params": {"eta": 0.1395330027801168, "max_depth": 15.557424690694557, "n_estimators": 28.68521305180995}, "datetime": {"datetime": "2021-09-17 14:09:44", "elapsed": 190.339415, "delta": 1.590741}}
{"target": -2.830592162985551, "params": {"eta": 0.10647621152199573, "max_depth": 16.918876877385443, "n_estimators": 25.363399078069293}, "datetime": {"datetime": "2021-09-17 14:09:45", "elapsed": 191.293626, "delta": 0.954211}}
{"target": -2.378759463209855, "params": {"eta": 0.12617002710248928, "max_depth": 15.558040092450643, "n_estimators": 28.714651648029005}, "datetime": {"datetime": "2021-09-17 14:09:46", "elapsed": 192.92302, "delta": 1.629394}}
{"target": -2.2137346029281617, "params": {"eta": 0.19769047760627526, "max_depth": 15.580277141470953, "n_estimators": 28.68619956314996}, "datetime": {"datetime": "2021-09-17 14:09:48", "elapsed": 194.943587, "delta": 2.020567}}
{"target": -2.3216006806022245, "params": {"eta": 0.17058157045950278, "max_depth": 15.506530676719215, "n_estimators": 31.62462682664504}, "datetime": {"datetime": "2021-09-17 14:09:49", "elapsed": 195.973895, "delta": 1.030308}}
{"target": -2.189304357453396, "params": {"eta": 0.15764680345826437, "max_depth": 11.605858798597875, "n_estimators": 27.942536437944444}, "datetime": {"datetime": "2021-09-17 14:09:50", "elapsed": 196.942224, "delta": 0.968329}}
{"target": -2.3284221536234804, "params": {"eta": 0.19546522799351096, "max_depth": 11.255735323098712, "n_estimators": 24.339900253908898}, "datetime": {"datetime": "2021-09-17 14:09:52", "elapsed": 198.508129, "delta": 1.565905}}
{"target": -2.307241234653874, "params": {"eta": 0.18641405059835336, "max_depth": 11.169600070466648, "n_estimators": 28.126693576759855}, "datetime": {"datetime": "2021-09-17 14:09:53", "elapsed": 199.531387, "delta": 1.023258}}
{"target": -2.1861854910850522, "params": {"eta": 0.19805955980248785, "max_depth": 16.410705685361478, "n_estimators": 27.12479063487809}, "datetime": {"datetime": "2021-09-17 14:09:54", "elapsed": 201.142623, "delta": 1.611236}}
{"target": -2.379197611306843, "params": {"eta": 0.13202158016753182, "max_depth": 16.836601122536557, "n_estimators": 28.88450717061096}, "datetime": {"datetime": "2021-09-17 14:09:56", "elapsed": 202.615462, "delta": 1.472839}}
{"target": -2.372181622605575, "params": {"eta": 0.16178857376080258, "max_depth": 12.949416065375834, "n_estimators": 29.186698529709968}, "datetime": {"datetime": "2021-09-17 14:09:58", "elapsed": 204.530248, "delta": 1.914786}}
{"target": -2.265522087247748, "params": {"eta": 0.1576062995409486, "max_depth": 10.646713358566224, "n_estimators": 29.161449664581276}, "datetime": {"datetime": "2021-09-17 14:09:59", "elapsed": 205.533891, "delta": 1.003643}}
{"target": -2.342786323396783, "params": {"eta": 0.1470087734428166, "max_depth": 11.991263043786265, "n_estimators": 30.979496632769017}, "datetime": {"datetime": "2021-09-17 14:10:00", "elapsed": 206.556527, "delta": 1.022636}}
{"target": -2.2462402613539445, "params": {"eta": 0.1956374570652356, "max_depth": 14.905768997132842, "n_estimators": 31.285713237593242}, "datetime": {"datetime": "2021-09-17 14:10:01", "elapsed": 207.649276, "delta": 1.092749}}
{"target": -2.4251083116782337, "params": {"eta": 0.167752415830483, "max_depth": 16.823924712688818, "n_estimators": 28.866052588244273}, "datetime": {"datetime": "2021-09-17 14:10:03", "elapsed": 210.044928, "delta": 2.395652}}
{"target": -2.232345251660598, "params": {"eta": 0.17350936427744193, "max_depth": 16.67400762787989, "n_estimators": 30.048609953707192}, "datetime": {"datetime": "2021-09-17 14:10:05", "elapsed": 211.497272, "delta": 1.452344}}
{"target": -2.2180031199204295, "params": {"eta": 0.19419201186537036, "max_depth": 15.001312831586251, "n_estimators": 28.863750373491673}, "datetime": {"datetime": "2021-09-17 14:10:07", "elapsed": 213.413343, "delta": 1.916071}}
{"target": -2.3830143790496026, "params": {"eta": 0.17023990923080873, "max_depth": 16.631324651306798, "n_estimators": 30.058487277980078}, "datetime": {"datetime": "2021-09-17 14:10:09", "elapsed": 215.328696, "delta": 1.915353}}
{"target": -2.317431626194402, "params": {"eta": 0.14611496065279594, "max_depth": 14.571350463632008, "n_estimators": 28.2395666056172}, "datetime": {"datetime": "2021-09-17 14:10:11", "elapsed": 217.504234, "delta": 2.175538}}
{"target": -2.4522200433831465, "params": {"eta": 0.11534541457013299, "max_depth": 10.44249244426469, "n_estimators": 29.889405788713702}, "datetime": {"datetime": "2021-09-17 14:10:12", "elapsed": 219.083902, "delta": 1.579668}}
{"target": -2.3549568979363693, "params": {"eta": 0.14607377788729267, "max_depth": 11.62215124112285, "n_estimators": 27.92382959447778}, "datetime": {"datetime": "2021-09-17 14:10:14", "elapsed": 220.828992, "delta": 1.74509}}
{"target": -2.3396053722030237, "params": {"eta": 0.198517388107868, "max_depth": 16.400603301377064, "n_estimators": 27.124228668450282}, "datetime": {"datetime": "2021-09-17 14:10:16", "elapsed": 222.562208, "delta": 1.733216}}
{"target": -2.2894004363762703, "params": {"eta": 0.19239615511081687, "max_depth": 16.060935710594965, "n_estimators": 31.843029080971654}, "datetime": {"datetime": "2021-09-17 14:10:18", "elapsed": 224.301, "delta": 1.738792}}
{"target": -2.3265019197213026, "params": {"eta": 0.13186658888128658, "max_depth": 12.952822433364094, "n_estimators": 29.188310942729245}, "datetime": {"datetime": "2021-09-17 14:10:19", "elapsed": 226.093025, "delta": 1.792025}}
{"target": -2.2997523859927527, "params": {"eta": 0.1508773151486848, "max_depth": 16.823425158976647, "n_estimators": 28.850121090287843}, "datetime": {"datetime": "2021-09-17 14:10:21", "elapsed": 227.726785, "delta": 1.63376}}
{"target": -2.3101973815968164, "params": {"eta": 0.18390067111034542, "max_depth": 11.398538046264415, "n_estimators": 26.881925263796354}, "datetime": {"datetime": "2021-09-17 14:10:23", "elapsed": 229.484801, "delta": 1.758016}}
{"target": -2.6707377019681426, "params": {"eta": 0.12298025249245287, "max_depth": 11.362398595851609, "n_estimators": 24.8181492411746}, "datetime": {"datetime": "2021-09-17 14:10:24", "elapsed": 230.486556, "delta": 1.001755}}
{"target": -2.500113748249255, "params": {"eta": 0.17992586109290926, "max_depth": 12.550606152792282, "n_estimators": 27.536120503575674}, "datetime": {"datetime": "2021-09-17 14:10:25", "elapsed": 232.138991, "delta": 1.652435}}
{"target": -2.5095769449284204, "params": {"eta": 0.11293629546456435, "max_depth": 16.4854139203428, "n_estimators": 29.870574900068455}, "datetime": {"datetime": "2021-09-17 14:10:27", "elapsed": 233.166235, "delta": 1.027244}}
{"target": -2.511305359162782, "params": {"eta": 0.11970488699068377, "max_depth": 14.603416779652353, "n_estimators": 28.270061820247896}, "datetime": {"datetime": "2021-09-17 14:10:28", "elapsed": 235.115439, "delta": 1.949204}}
{"target": -2.410642460145448, "params": {"eta": 0.17831247387919053, "max_depth": 16.64020855741012, "n_estimators": 30.088022354152418}, "datetime": {"datetime": "2021-09-17 14:10:30", "elapsed": 236.983915, "delta": 1.868476}}
{"target": -2.3343611823885064, "params": {"eta": 0.18377893405922616, "max_depth": 16.884259382038532, "n_estimators": 26.706700569014686}, "datetime": {"datetime": "2021-09-17 14:10:32", "elapsed": 238.173104, "delta": 1.189189}}
{"target": -2.371182802476381, "params": {"eta": 0.14244888722856924, "max_depth": 14.080634987482973, "n_estimators": 25.541561152168825}, "datetime": {"datetime": "2021-09-17 14:10:33", "elapsed": 239.398397, "delta": 1.225293}}
{"target": -2.3610097872583493, "params": {"eta": 0.12454428251637015, "max_depth": 16.927576058204906, "n_estimators": 29.2068002004186}, "datetime": {"datetime": "2021-09-17 14:10:34", "elapsed": 241.089753, "delta": 1.691356}}
{"target": -2.3969876352109405, "params": {"eta": 0.16634479082501313, "max_depth": 16.399099256795566, "n_estimators": 30.9646819426738}, "datetime": {"datetime": "2021-09-17 14:10:36", "elapsed": 242.31675, "delta": 1.226997}}
{"target": -2.4004079442275197, "params": {"eta": 0.17900315082299345, "max_depth": 11.323912931608678, "n_estimators": 26.86933526538609}, "datetime": {"datetime": "2021-09-17 14:10:38", "elapsed": 244.46066, "delta": 2.14391}}
{"target": -2.3575339511821145, "params": {"eta": 0.13911119039528544, "max_depth": 15.518260758583736, "n_estimators": 28.6873250331873}, "datetime": {"datetime": "2021-09-17 14:10:39", "elapsed": 246.121092, "delta": 1.660432}}
{"target": -2.4229039418069944, "params": {"eta": 0.16882698961350068, "max_depth": 12.52702327023296, "n_estimators": 27.58147782798644}, "datetime": {"datetime": "2021-09-17 14:10:41", "elapsed": 248.122502, "delta": 2.00141}}
