{"target": -2.2639428960649592, "params": {"eta": 0.19926993295762746, "max_depth": 14.707694114422733, "n_estimators": 25.55243113034272}, "datetime": {"datetime": "2021-09-17 14:13:32", "elapsed": 419.093325, "delta": 1.562526}}
{"target": -2.346291134231969, "params": {"eta": 0.137016746853837, "max_depth": 12.97611226003108, "n_estimators": 29.170343328522765}, "datetime": {"datetime": "2021-09-17 14:13:35", "elapsed": 422.031871, "delta": 2.938546}}
{"target": -2.3604974257318596, "params": {"eta": 0.1729596985274561, "max_depth": 11.747952019255276, "n_estimators": 27.92580566783304}, "datetime": {"datetime": "2021-09-17 14:13:37", "elapsed": 423.626681, "delta": 1.59481}}
{"target": -2.293615041908465, "params": {"eta": 0.1561963090361897, "max_depth": 16.626104721741637, "n_estimators": 30.048383145109817}, "datetime": {"datetime": "2021-09-17 14:13:39", "elapsed": 425.85942, "delta": 2.232739}}
{"target": -2.472084245556279, "params": {"eta": 0.17711999891514751, "max_depth": 16.208763564182192, "n_estimators": 25.577278670549845}, "datetime": {"datetime": "2021-09-17 14:13:42", "elapsed": 428.76163, "delta": 2.90221}}
{"target": -2.34380876516041, "params": {"eta": 0.1924351898051978, "max_depth": 13.148769855745373, "n_estimators": 28.872215510092047}, "datetime": {"datetime": "2021-09-17 14:13:44", "elapsed": 430.468967, "delta": 1.707337}}
{"target": -2.509641575185876, "params": {"eta": 0.12649634403422869, "max_depth": 16.750462278054037, "n_estimators": 25.133848584098107}, "datetime": {"datetime": "2021-09-17 14:13:46", "elapsed": 432.265442, "delta": 1.796475}}
{"target": -2.3552970603892676, "params": {"eta": 0.16168646716096463, "max_depth": 12.527909396669518, "n_estimators": 27.570928249910665}, "datetime": {"datetime": "2021-09-17 14:13:49", "elapsed": 435.349333, "delta": 3.083891}}
{"target": -2.2508443405753686, "params": {"eta": 0.17366082734355542, "max_depth": 16.64931117586057, "n_estimators": 30.03559773525758}, "datetime": {"datetime": "2021-09-17 14:13:51", "elapsed": 437.571971, "delta": 2.222638}}
{"target": -2.290891920892816, "params": {"eta": 0.19352535365432422, "max_depth": 16.138275520393982, "n_estimators": 31.73968334670333}, "datetime": {"datetime": "2021-09-17 14:13:53", "elapsed": 439.306212, "delta": 1.734241}}
{"target": -2.3508633255958555, "params": {"eta": 0.1997257470429406, "max_depth": 16.403356601543702, "n_estimators": 27.13702652691117}, "datetime": {"datetime": "2021-09-17 14:13:55", "elapsed": 441.892978, "delta": 2.586766}}
{"target": -2.247533680890736, "params": {"eta": 0.17540566601931973, "max_depth": 15.413213337164446, "n_estimators": 29.43982939312484}, "datetime": {"datetime": "2021-09-17 14:13:57", "elapsed": 443.593004, "delta": 1.700026}}
{"target": -2.371560072898865, "params": {"eta": 0.16919618674964793, "max_depth": 12.544556219608806, "n_estimators": 27.564728189115648}, "datetime": {"datetime": "2021-09-17 14:13:59", "elapsed": 446.039133, "delta": 2.446129}}
