{"target": -6.204457879693884, "params": {"eta": 0.8034198240962773, "max_depth": 5.344391770257479, "n_estimators": 1.0797375801333065}, "datetime": {"datetime": "2021-09-21 13:26:47", "elapsed": 72.943226, "delta": 0.687696}}
{"target": -3.21860815600345, "params": {"eta": 0.9590290577542289, "max_depth": 12.447140119673104, "n_estimators": 39.207284695339894}, "datetime": {"datetime": "2021-09-21 13:26:48", "elapsed": 73.945049, "delta": 1.001823}}
{"target": -3.1972074157313295, "params": {"eta": 1.0, "max_depth": 21.616382948385937, "n_estimators": 14.415852397733309}, "datetime": {"datetime": "2021-09-21 13:26:49", "elapsed": 74.69346, "delta": 0.748411}}
{"target": -3.423778469311564, "params": {"eta": 0.8218103432308576, "max_depth": 19.349767668722297, "n_estimators": 11.34659063645211}, "datetime": {"datetime": "2021-09-21 13:26:50", "elapsed": 75.601359, "delta": 0.907899}}
{"target": -10.898731357800333, "params": {"eta": 0.019580816742030965, "max_depth": 14.994699484828864, "n_estimators": 40.95142350831271}, "datetime": {"datetime": "2021-09-21 13:26:51", "elapsed": 76.491539, "delta": 0.89018}}
{"target": -2.6929006745940764, "params": {"eta": 0.5091638229181495, "max_depth": 11.659457673206898, "n_estimators": 36.43809318389535}, "datetime": {"datetime": "2021-09-21 13:26:52", "elapsed": 77.358418, "delta": 0.866879}}
{"target": -3.0595539450645446, "params": {"eta": 1.0, "max_depth": 1.0, "n_estimators": 40.50151549429528}, "datetime": {"datetime": "2021-09-21 13:26:53", "elapsed": 78.013037, "delta": 0.654619}}
{"target": -4.295440799311588, "params": {"eta": 1.0, "max_depth": 16.94508829671242, "n_estimators": 1.0}, "datetime": {"datetime": "2021-09-21 13:26:53", "elapsed": 78.616039, "delta": 0.603002}}
{"target": -2.50131689749266, "params": {"eta": 0.1327223914543444, "max_depth": 28.751503852368785, "n_estimators": 54.08701606866353}, "datetime": {"datetime": "2021-09-21 13:26:54", "elapsed": 79.86664, "delta": 1.250601}}
{"target": -3.0055996116838957, "params": {"eta": 0.6810788327377775, "max_depth": 14.339951858602292, "n_estimators": 23.586257779836743}, "datetime": {"datetime": "2021-09-21 13:26:55", "elapsed": 80.722232, "delta": 0.855592}}
{"target": -13.586823603354004, "params": {"eta": 0.01, "max_depth": 12.501433321213495, "n_estimators": 55.56687786563485}, "datetime": {"datetime": "2021-09-21 13:26:56", "elapsed": 81.596693, "delta": 0.874461}}
{"target": -3.245557483246452, "params": {"eta": 0.8412501997635436, "max_depth": 17.112314692280833, "n_estimators": 54.048086106340655}, "datetime": {"datetime": "2021-09-21 13:26:57", "elapsed": 82.391957, "delta": 0.795264}}
{"target": -3.1997825779412925, "params": {"eta": 1.0, "max_depth": 30.0, "n_estimators": 20.711170208258615}, "datetime": {"datetime": "2021-09-21 13:26:58", "elapsed": 83.488086, "delta": 1.096129}}
{"target": -19.714121806307844, "params": {"eta": 0.01, "max_depth": 3.5738138236379684, "n_estimators": 16.412979826278377}, "datetime": {"datetime": "2021-09-21 13:26:59", "elapsed": 84.181722, "delta": 0.693636}}
{"target": -2.886630750957288, "params": {"eta": 0.5933880827582994, "max_depth": 7.772518458688552, "n_estimators": 18.57796153854513}, "datetime": {"datetime": "2021-09-21 13:26:59", "elapsed": 84.933425, "delta": 0.751703}}
{"target": -3.205220291489049, "params": {"eta": 1.0, "max_depth": 5.502008333798309, "n_estimators": 20.328526841455208}, "datetime": {"datetime": "2021-09-21 13:27:00", "elapsed": 85.756745, "delta": 0.82332}}
{"target": -2.6156058593800195, "params": {"eta": 0.4548431762518008, "max_depth": 28.059704139479194, "n_estimators": 57.87755817069318}, "datetime": {"datetime": "2021-09-21 13:27:02", "elapsed": 87.067669, "delta": 1.310924}}
{"target": -3.210303074435184, "params": {"eta": 1.0, "max_depth": 14.357657765569433, "n_estimators": 45.593355895517774}, "datetime": {"datetime": "2021-09-21 13:27:02", "elapsed": 87.944616, "delta": 0.876947}}
{"target": -18.69763408083665, "params": {"eta": 0.01, "max_depth": 1.0, "n_estimators": 22.07553427599669}, "datetime": {"datetime": "2021-09-21 13:27:03", "elapsed": 88.531618, "delta": 0.587002}}
{"target": -3.4842309223978147, "params": {"eta": 0.7979857458588658, "max_depth": 20.562248629346655, "n_estimators": 20.224277735763206}, "datetime": {"datetime": "2021-09-21 13:27:04", "elapsed": 89.677674, "delta": 1.146056}}
{"target": -2.8400525011514364, "params": {"eta": 0.7330333868940792, "max_depth": 3.0298275694356085, "n_estimators": 44.880684580117006}, "datetime": {"datetime": "2021-09-21 13:27:05", "elapsed": 90.557074, "delta": 0.8794}}
{"target": -2.764759931125139, "params": {"eta": 0.8344938222624654, "max_depth": 3.2708213153521526, "n_estimators": 37.95565260366365}, "datetime": {"datetime": "2021-09-21 13:27:06", "elapsed": 91.525016, "delta": 0.967942}}
{"target": -3.2017253386346916, "params": {"eta": 1.0, "max_depth": 5.881097637645742, "n_estimators": 38.75447370098061}, "datetime": {"datetime": "2021-09-21 13:27:07", "elapsed": 92.8328, "delta": 1.307784}}
{"target": -2.665825315525657, "params": {"eta": 0.17009022954691008, "max_depth": 3.166839212051599, "n_estimators": 35.350710117510445}, "datetime": {"datetime": "2021-09-21 13:27:09", "elapsed": 94.281253, "delta": 1.448453}}
{"target": -2.7702512295622572, "params": {"eta": 0.5394945638068903, "max_depth": 24.324469285917743, "n_estimators": 23.670945199033444}, "datetime": {"datetime": "2021-09-21 13:27:10", "elapsed": 95.928992, "delta": 1.647739}}
{"target": -3.210303074435184, "params": {"eta": 1.0, "max_depth": 14.730292399718065, "n_estimators": 50.90406467922702}, "datetime": {"datetime": "2021-09-21 13:27:14", "elapsed": 99.441815, "delta": 3.512823}}
{"target": -2.913558526415574, "params": {"eta": 0.1734704226615992, "max_depth": 20.199162770182937, "n_estimators": 16.516109232519064}, "datetime": {"datetime": "2021-09-21 13:27:16", "elapsed": 101.293136, "delta": 1.851321}}
{"target": -3.21156105806953, "params": {"eta": 0.9931739424746451, "max_depth": 15.268752242144409, "n_estimators": 15.758178136754838}, "datetime": {"datetime": "2021-09-21 13:27:17", "elapsed": 102.594357, "delta": 1.301221}}
{"target": -3.4330127126292176, "params": {"eta": 0.8277726258111876, "max_depth": 21.181274588725554, "n_estimators": 33.85471510277025}, "datetime": {"datetime": "2021-09-21 13:27:20", "elapsed": 105.801783, "delta": 3.207426}}
{"target": -2.649008425913359, "params": {"eta": 0.08993590548493485, "max_depth": 18.84925846725696, "n_estimators": 43.034748268993944}, "datetime": {"datetime": "2021-09-21 13:27:24", "elapsed": 109.288701, "delta": 3.486918}}
{"target": -2.9742568467792707, "params": {"eta": 0.6675636488523019, "max_depth": 17.723834723011, "n_estimators": 57.04125738739149}, "datetime": {"datetime": "2021-09-21 13:27:25", "elapsed": 110.791536, "delta": 1.502835}}
{"target": -3.4495559629641086, "params": {"eta": 1.0, "max_depth": 6.797039778093448, "n_estimators": 12.797777073355508}, "datetime": {"datetime": "2021-09-21 13:27:27", "elapsed": 112.791248, "delta": 1.999712}}
{"target": -2.9650383365781683, "params": {"eta": 0.6164605364542575, "max_depth": 17.29386593583859, "n_estimators": 24.277710442972108}, "datetime": {"datetime": "2021-09-21 13:27:29", "elapsed": 114.561882, "delta": 1.770634}}
{"target": -2.88480313828117, "params": {"eta": 0.15082129201772684, "max_depth": 2.5990861840553454, "n_estimators": 53.58968764777201}, "datetime": {"datetime": "2021-09-21 13:27:30", "elapsed": 115.831831, "delta": 1.269949}}
{"target": -3.205988877697995, "params": {"eta": 1.0, "max_depth": 28.31006719418934, "n_estimators": 28.289162550295593}, "datetime": {"datetime": "2021-09-21 13:27:32", "elapsed": 117.658717, "delta": 1.826886}}
{"target": -22.347001855624352, "params": {"eta": 0.01, "max_depth": 22.609859266029545, "n_estimators": 3.589801890240454}, "datetime": {"datetime": "2021-09-21 13:27:33", "elapsed": 118.608552, "delta": 0.949835}}
{"target": -3.4862182177995376, "params": {"eta": 0.7982484301749794, "max_depth": 17.504355898584066, "n_estimators": 17.180171208583754}, "datetime": {"datetime": "2021-09-21 13:27:35", "elapsed": 120.480459, "delta": 1.871907}}
{"target": -4.082653720755325, "params": {"eta": 0.11885108447082814, "max_depth": 7.547982291510754, "n_estimators": 16.08360527368321}, "datetime": {"datetime": "2021-09-21 13:27:37", "elapsed": 122.78338, "delta": 2.302921}}
{"target": -3.049644434452057, "params": {"eta": 0.8318939372353592, "max_depth": 6.191306147281963, "n_estimators": 23.16873605259627}, "datetime": {"datetime": "2021-09-21 13:27:40", "elapsed": 125.004693, "delta": 2.221313}}
{"target": -3.1545840439043547, "params": {"eta": 1.0, "max_depth": 3.5817095591878276, "n_estimators": 33.19585864041913}, "datetime": {"datetime": "2021-09-21 13:27:41", "elapsed": 126.48211, "delta": 1.477417}}
{"target": -15.520754326644697, "params": {"eta": 0.01, "max_depth": 5.9000777062779335, "n_estimators": 41.22514977077974}, "datetime": {"datetime": "2021-09-21 13:27:42", "elapsed": 127.822108, "delta": 1.339998}}
{"target": -2.9157520921606768, "params": {"eta": 0.1396595727703858, "max_depth": 2.4538348311661666, "n_estimators": 41.57366539299074}, "datetime": {"datetime": "2021-09-21 13:27:44", "elapsed": 129.756109, "delta": 1.934001}}
{"target": -4.000733977869937, "params": {"eta": 0.05552559520438738, "max_depth": 2.08901976082043, "n_estimators": 39.34677852344224}, "datetime": {"datetime": "2021-09-21 13:27:46", "elapsed": 131.716005, "delta": 1.959896}}
{"target": -3.4833279095197978, "params": {"eta": 0.7976775248525017, "max_depth": 23.338184419402253, "n_estimators": 37.79759595284147}, "datetime": {"datetime": "2021-09-21 13:27:48", "elapsed": 133.741114, "delta": 2.025109}}
{"target": -2.808257532119751, "params": {"eta": 0.15769489976510323, "max_depth": 15.299603328910319, "n_estimators": 20.27426170962071}, "datetime": {"datetime": "2021-09-21 13:27:50", "elapsed": 135.616155, "delta": 1.875041}}
{"target": -3.4294133506323163, "params": {"eta": 1.0, "max_depth": 9.9733394520786, "n_estimators": 40.204752276859246}, "datetime": {"datetime": "2021-09-21 13:27:53", "elapsed": 138.186613, "delta": 2.570458}}
{"target": -3.3263501524925227, "params": {"eta": 0.7968463673302055, "max_depth": 10.810497289657114, "n_estimators": 48.20375022261986}, "datetime": {"datetime": "2021-09-21 13:27:55", "elapsed": 140.768876, "delta": 2.582263}}
{"target": -2.513950878695438, "params": {"eta": 0.19869520631875945, "max_depth": 20.4696108030129, "n_estimators": 41.12762874282054}, "datetime": {"datetime": "2021-09-21 13:27:57", "elapsed": 142.46823, "delta": 1.699354}}
{"target": -15.370727087635744, "params": {"eta": 0.01, "max_depth": 23.43334705552084, "n_estimators": 42.42280391142777}, "datetime": {"datetime": "2021-09-21 13:27:59", "elapsed": 144.317889, "delta": 1.849659}}
{"target": -3.3195311722002536, "params": {"eta": 0.7512629093376411, "max_depth": 17.22160578253518, "n_estimators": 19.393933999940387}, "datetime": {"datetime": "2021-09-21 13:28:02", "elapsed": 147.101224, "delta": 2.783335}}
{"target": -3.0965546962461974, "params": {"eta": 0.9956020460185484, "max_depth": 1.0442477607665768, "n_estimators": 35.855929979378566}, "datetime": {"datetime": "2021-09-21 13:28:03", "elapsed": 148.446378, "delta": 1.345154}}
{"target": -3.019221935146733, "params": {"eta": 0.6263706855862992, "max_depth": 7.154066540047438, "n_estimators": 31.99068042752475}, "datetime": {"datetime": "2021-09-21 13:28:05", "elapsed": 150.295053, "delta": 1.848675}}
{"target": -3.158126361746537, "params": {"eta": 1.0, "max_depth": 18.969954476060195, "n_estimators": 8.791454367583642}, "datetime": {"datetime": "2021-09-21 13:28:06", "elapsed": 151.94205, "delta": 1.646997}}
{"target": -5.439811599254608, "params": {"eta": 0.07651405829766114, "max_depth": 23.644989400654534, "n_estimators": 20.238832994083456}, "datetime": {"datetime": "2021-09-21 13:28:08", "elapsed": 153.946034, "delta": 2.003984}}
{"target": -3.2101300741496837, "params": {"eta": 1.0, "max_depth": 27.561941807831264, "n_estimators": 37.23663074717103}, "datetime": {"datetime": "2021-09-21 13:28:10", "elapsed": 155.558601, "delta": 1.612567}}
{"target": -2.992682069540024, "params": {"eta": 0.8760283213861886, "max_depth": 2.5327173711902087, "n_estimators": 57.77979747958609}, "datetime": {"datetime": "2021-09-21 13:28:12", "elapsed": 157.388847, "delta": 1.830246}}
{"target": -15.09350475010119, "params": {"eta": 0.01, "max_depth": 1.0, "n_estimators": 45.639000662675436}, "datetime": {"datetime": "2021-09-21 13:28:13", "elapsed": 158.900621, "delta": 1.511774}}
{"target": -2.976451971656397, "params": {"eta": 0.09853397483963859, "max_depth": 26.18942795424889, "n_estimators": 27.87815620669099}, "datetime": {"datetime": "2021-09-21 13:28:16", "elapsed": 161.199066, "delta": 2.298445}}
{"target": -2.538442901561135, "params": {"eta": 0.3778228084793168, "max_depth": 15.497500026464074, "n_estimators": 58.933661503816154}, "datetime": {"datetime": "2021-09-21 13:28:18", "elapsed": 163.1473, "delta": 1.948234}}
{"target": -2.9227645372089586, "params": {"eta": 0.5499277929461579, "max_depth": 28.265199865526988, "n_estimators": 50.530816493220605}, "datetime": {"datetime": "2021-09-21 13:28:21", "elapsed": 165.988198, "delta": 2.840898}}
{"target": -12.941559526794837, "params": {"eta": 0.02589735173204332, "max_depth": 26.3045202805047, "n_estimators": 23.21687206861891}, "datetime": {"datetime": "2021-09-21 13:28:22", "elapsed": 167.617973, "delta": 1.629775}}
{"target": -2.5097216756720293, "params": {"eta": 0.4345204485282131, "max_depth": 23.959159902713274, "n_estimators": 25.637650689659214}, "datetime": {"datetime": "2021-09-21 13:28:25", "elapsed": 170.84743, "delta": 3.229457}}
{"target": -2.668372653032604, "params": {"eta": 0.1420194925687217, "max_depth": 22.245298749850996, "n_estimators": 23.44012662923335}, "datetime": {"datetime": "2021-09-21 13:28:28", "elapsed": 173.092772, "delta": 2.245342}}
{"target": -3.1997825779412925, "params": {"eta": 1.0, "max_depth": 30.0, "n_estimators": 23.977040170221333}, "datetime": {"datetime": "2021-09-21 13:28:30", "elapsed": 175.810564, "delta": 2.717792}}
{"target": -2.5037930369377137, "params": {"eta": 0.11479110058364646, "max_depth": 10.692905641175829, "n_estimators": 38.292475932658256}, "datetime": {"datetime": "2021-09-21 13:28:34", "elapsed": 179.054828, "delta": 3.244264}}
{"target": -3.2101300741496837, "params": {"eta": 1.0, "max_depth": 27.537844784502, "n_estimators": 19.679396520013153}, "datetime": {"datetime": "2021-09-21 13:28:36", "elapsed": 181.582084, "delta": 2.527256}}
{"target": -2.6092060547125966, "params": {"eta": 0.24032045251306294, "max_depth": 28.105192718343257, "n_estimators": 59.77975919323402}, "datetime": {"datetime": "2021-09-21 13:28:41", "elapsed": 186.932565, "delta": 5.350481}}
{"target": -2.636875245445653, "params": {"eta": 0.07603658668009981, "max_depth": 25.967886358620397, "n_estimators": 50.058267962259464}, "datetime": {"datetime": "2021-09-21 13:28:44", "elapsed": 189.609369, "delta": 2.676804}}
{"target": -3.1858248603971377, "params": {"eta": 1.0, "max_depth": 24.769498512759746, "n_estimators": 51.78450194476957}, "datetime": {"datetime": "2021-09-21 13:28:48", "elapsed": 193.22618, "delta": 3.616811}}
{"target": -2.551015974973377, "params": {"eta": 0.1136128729830263, "max_depth": 9.685739881616634, "n_estimators": 35.71307345130358}, "datetime": {"datetime": "2021-09-21 13:28:51", "elapsed": 196.660344, "delta": 3.434164}}
{"target": -4.295440799311588, "params": {"eta": 1.0, "max_depth": 19.295885494448786, "n_estimators": 1.0}, "datetime": {"datetime": "2021-09-21 13:28:53", "elapsed": 198.377527, "delta": 1.717183}}
{"target": -3.370908448570653, "params": {"eta": 0.95989490722918, "max_depth": 11.48143272715644, "n_estimators": 34.01728823144518}, "datetime": {"datetime": "2021-09-21 13:28:55", "elapsed": 200.371188, "delta": 1.993661}}
{"target": -16.283071838240875, "params": {"eta": 0.01, "max_depth": 7.307160174321045, "n_estimators": 36.317569767776725}, "datetime": {"datetime": "2021-09-21 13:28:57", "elapsed": 202.310452, "delta": 1.939264}}
{"target": -15.934237546356101, "params": {"eta": 0.01734085704010506, "max_depth": 13.11267176238797, "n_estimators": 22.39233034255806}, "datetime": {"datetime": "2021-09-21 13:28:59", "elapsed": 204.031498, "delta": 1.721046}}
{"target": -3.2175093305738347, "params": {"eta": 0.13150227698398456, "max_depth": 13.83625201194842, "n_estimators": 18.8539891206644}, "datetime": {"datetime": "2021-09-21 13:29:00", "elapsed": 205.641948, "delta": 1.61045}}
{"target": -2.521117257444482, "params": {"eta": 0.37306456241015973, "max_depth": 11.850429285343857, "n_estimators": 19.64288593693114}, "datetime": {"datetime": "2021-09-21 13:29:02", "elapsed": 207.609984, "delta": 1.968036}}
{"target": -3.177936776688224, "params": {"eta": 1.0, "max_depth": 15.39577889399313, "n_estimators": 24.81669753599621}, "datetime": {"datetime": "2021-09-21 13:29:04", "elapsed": 209.704547, "delta": 2.094563}}
{"target": -6.036185319172709, "params": {"eta": 0.06720103617003119, "max_depth": 4.419431251531256, "n_estimators": 21.60172044317693}, "datetime": {"datetime": "2021-09-21 13:29:06", "elapsed": 211.159594, "delta": 1.455047}}
{"target": -3.257198807754014, "params": {"eta": 0.9837595130919693, "max_depth": 5.099196680441679, "n_estimators": 31.4426232822158}, "datetime": {"datetime": "2021-09-21 13:29:08", "elapsed": 213.37341, "delta": 2.213816}}
{"target": -3.112041495348278, "params": {"eta": 1.0, "max_depth": 3.0744244945770935, "n_estimators": 24.804053490913173}, "datetime": {"datetime": "2021-09-21 13:29:10", "elapsed": 215.037237, "delta": 1.663827}}
{"target": -19.53646008623274, "params": {"eta": 0.01, "max_depth": 10.486364617039875, "n_estimators": 17.853979645900512}, "datetime": {"datetime": "2021-09-21 13:29:12", "elapsed": 217.742872, "delta": 2.705635}}
{"target": -2.7942272318036934, "params": {"eta": 0.5436444830531869, "max_depth": 9.479162199643751, "n_estimators": 20.971126717503072}, "datetime": {"datetime": "2021-09-21 13:29:15", "elapsed": 220.422249, "delta": 2.679377}}
{"target": -3.3705818289204643, "params": {"eta": 0.7537555432161032, "max_depth": 13.675991067514271, "n_estimators": 16.886195767915808}, "datetime": {"datetime": "2021-09-21 13:29:18", "elapsed": 222.986566, "delta": 2.564317}}
{"target": -2.7278871140981975, "params": {"eta": 0.40263090543037033, "max_depth": 28.396293113592996, "n_estimators": 52.447278088479095}, "datetime": {"datetime": "2021-09-21 13:29:22", "elapsed": 227.592907, "delta": 4.606341}}
{"target": -2.632399442948793, "params": {"eta": 0.17988841964151844, "max_depth": 6.860371593277605, "n_estimators": 19.621559451159914}, "datetime": {"datetime": "2021-09-21 13:29:24", "elapsed": 229.967606, "delta": 2.374699}}
{"target": -3.021182464925866, "params": {"eta": 0.6913459225200642, "max_depth": 29.73489651110067, "n_estimators": 58.098900288557815}, "datetime": {"datetime": "2021-09-21 13:29:27", "elapsed": 232.298999, "delta": 2.331393}}
{"target": -2.5209749253172626, "params": {"eta": 0.20989785660052382, "max_depth": 13.159201739130072, "n_estimators": 48.602006764456554}, "datetime": {"datetime": "2021-09-21 13:29:31", "elapsed": 236.09257, "delta": 3.793571}}
{"target": -3.4498424944124726, "params": {"eta": 0.9425164081834044, "max_depth": 26.886149317968727, "n_estimators": 53.802259495584444}, "datetime": {"datetime": "2021-09-21 13:29:34", "elapsed": 239.051901, "delta": 2.959331}}
{"target": -2.842269154598838, "params": {"eta": 0.6702049821930406, "max_depth": 15.912401436717564, "n_estimators": 22.950936551070164}, "datetime": {"datetime": "2021-09-21 13:29:36", "elapsed": 241.849042, "delta": 2.797141}}
{"target": -3.092207420499701, "params": {"eta": 0.8820114975930664, "max_depth": 3.205234158232678, "n_estimators": 55.57066038406923}, "datetime": {"datetime": "2021-09-21 13:29:39", "elapsed": 244.354207, "delta": 2.505165}}
{"target": -3.4174097180366516, "params": {"eta": 0.9459634667979918, "max_depth": 8.39082173526253, "n_estimators": 14.33614523648437}, "datetime": {"datetime": "2021-09-21 13:29:41", "elapsed": 246.239609, "delta": 1.885402}}
{"target": -3.2059888588754752, "params": {"eta": 1.0, "max_depth": 28.588383972939155, "n_estimators": 55.68795957046142}, "datetime": {"datetime": "2021-09-21 13:29:43", "elapsed": 248.064513, "delta": 1.824904}}
{"target": -3.06046097027628, "params": {"eta": 0.9778740738400632, "max_depth": 1.0908475523333494, "n_estimators": 53.83843575117647}, "datetime": {"datetime": "2021-09-21 13:29:45", "elapsed": 250.278081, "delta": 2.213568}}
{"target": -19.723752306009594, "params": {"eta": 0.01, "max_depth": 22.446076774635703, "n_estimators": 16.164863060847722}, "datetime": {"datetime": "2021-09-21 13:29:47", "elapsed": 252.021923, "delta": 1.743842}}
{"target": -3.454902675277309, "params": {"eta": 0.8282190319598858, "max_depth": 20.16643219914484, "n_estimators": 13.433192414989284}, "datetime": {"datetime": "2021-09-21 13:29:49", "elapsed": 254.432678, "delta": 2.410755}}
{"target": -2.956048556378013, "params": {"eta": 0.6597550345155693, "max_depth": 25.12735747870404, "n_estimators": 38.625933248700875}, "datetime": {"datetime": "2021-09-21 13:29:52", "elapsed": 257.365323, "delta": 2.932645}}
{"target": -3.1858250228982223, "params": {"eta": 1.0, "max_depth": 19.65616173600135, "n_estimators": 42.12021909554399}, "datetime": {"datetime": "2021-09-21 13:29:55", "elapsed": 260.687127, "delta": 3.321804}}
{"target": -16.75528485555398, "params": {"eta": 0.01, "max_depth": 9.83233772088513, "n_estimators": 33.58128434610276}, "datetime": {"datetime": "2021-09-21 13:29:59", "elapsed": 264.920797, "delta": 4.23367}}
