{"target": -3.1092767244891117, "params": {"eta": 0.72230071793427, "max_depth": 6.238170327538957, "n_estimators": 7.5096718631418415}, "datetime": {"datetime": "2021-09-17 12:32:39", "elapsed": 4797.637065, "delta": 13.330251}}
{"target": -3.1815689124559103, "params": {"eta": 1.0, "max_depth": 1.6873917093975672, "n_estimators": 18.0}, "datetime": {"datetime": "2021-09-17 12:32:54", "elapsed": 4812.999025, "delta": 15.36196}}
{"target": -4.4354644499327005, "params": {"eta": 0.18592341096607443, "max_depth": 6.059338704610045, "n_estimators": 9.439568012556757}, "datetime": {"datetime": "2021-09-17 12:33:00", "elapsed": 4818.893803, "delta": 5.894778}}
{"target": -4.00317396364714, "params": {"eta": 1.0, "max_depth": 1.852895097632662, "n_estimators": 6.894122630396119}, "datetime": {"datetime": "2021-09-17 12:33:18", "elapsed": 4836.579669, "delta": 17.685866}}
{"target": -2.617813793609017, "params": {"eta": 0.4244506760699382, "max_depth": 7.051273062950696, "n_estimators": 14.674970894343552}, "datetime": {"datetime": "2021-09-17 12:33:33", "elapsed": 4851.652287, "delta": 15.072618}}
{"target": -4.298512276850249, "params": {"eta": 1.0, "max_depth": 1.679298216881305, "n_estimators": 4.994212417910981}, "datetime": {"datetime": "2021-09-17 12:33:43", "elapsed": 4862.122994, "delta": 10.470707}}
{"target": -2.487134463536112, "params": {"eta": 0.4269068175150917, "max_depth": 5.794997357985784, "n_estimators": 16.16611784285987}, "datetime": {"datetime": "2021-09-17 12:33:59", "elapsed": 4878.331762, "delta": 16.208768}}
{"target": -12.302835334602156, "params": {"eta": 0.04565481910501276, "max_depth": 3.011048208875791, "n_estimators": 14.555554717094273}, "datetime": {"datetime": "2021-09-17 12:34:25", "elapsed": 4903.539011, "delta": 25.207249}}
{"target": -2.9094761886094744, "params": {"eta": 0.39675112394782175, "max_depth": 2.780652062646029, "n_estimators": 13.67906026748707}, "datetime": {"datetime": "2021-09-17 12:34:32", "elapsed": 4910.475882, "delta": 6.936871}}
{"target": -2.9496091943038136, "params": {"eta": 0.5840422093144194, "max_depth": 13.131178967497203, "n_estimators": 9.509081041449091}, "datetime": {"datetime": "2021-09-17 12:34:41", "elapsed": 4920.047592, "delta": 9.57171}}
{"target": -3.729935637900704, "params": {"eta": 1.0, "max_depth": 15.0, "n_estimators": 7.447950317461316}, "datetime": {"datetime": "2021-09-17 12:34:58", "elapsed": 4936.709467, "delta": 16.661875}}
{"target": -3.2301561343042478, "params": {"eta": 1.0, "max_depth": 1.400134274764033, "n_estimators": 17.52885895882896}, "datetime": {"datetime": "2021-09-17 12:35:08", "elapsed": 4946.829198, "delta": 10.119731}}
{"target": -3.778503363069735, "params": {"eta": 0.9958574742518415, "max_depth": 13.118404284263285, "n_estimators": 11.841657305812719}, "datetime": {"datetime": "2021-09-17 12:35:19", "elapsed": 4958.35695, "delta": 11.527752}}
{"target": -2.9523604142038447, "params": {"eta": 0.6104345465296057, "max_depth": 7.969421505873686, "n_estimators": 16.53976259141012}, "datetime": {"datetime": "2021-09-17 12:35:34", "elapsed": 4973.235863, "delta": 14.878913}}
{"target": -2.9262350496492893, "params": {"eta": 0.6409751234773323, "max_depth": 12.94705395512049, "n_estimators": 8.377477795074482}, "datetime": {"datetime": "2021-09-17 12:35:47", "elapsed": 4986.065772, "delta": 12.829909}}
{"target": -3.8526651708703294, "params": {"eta": 0.9984397959892256, "max_depth": 8.460023244547283, "n_estimators": 2.1438589974750895}, "datetime": {"datetime": "2021-09-17 12:36:07", "elapsed": 5005.993896, "delta": 19.928124}}
{"target": -3.5318920474303392, "params": {"eta": 0.9680734398764607, "max_depth": 11.789206883254018, "n_estimators": 3.840501678612732}, "datetime": {"datetime": "2021-09-17 12:36:21", "elapsed": 5019.968045, "delta": 13.974149}}
{"target": -3.839321690797806, "params": {"eta": 1.0, "max_depth": 7.180299941572241, "n_estimators": 10.574498535824992}, "datetime": {"datetime": "2021-09-17 12:36:41", "elapsed": 5039.4939, "delta": 19.525855}}
{"target": -2.935371576484881, "params": {"eta": 0.6959983511033233, "max_depth": 9.542897591434361, "n_estimators": 6.398000475081114}, "datetime": {"datetime": "2021-09-17 12:36:58", "elapsed": 5057.331658, "delta": 17.837758}}
{"target": -2.4557894568694265, "params": {"eta": 0.33215743652289287, "max_depth": 13.048711237985238, "n_estimators": 15.529362415220954}, "datetime": {"datetime": "2021-09-17 12:37:13", "elapsed": 5071.465453, "delta": 14.133795}}
{"target": -3.735866591804906, "params": {"eta": 1.0, "max_depth": 15.0, "n_estimators": 15.869870677434212}, "datetime": {"datetime": "2021-09-17 12:37:39", "elapsed": 5097.875852, "delta": 26.410399}}
{"target": -22.771987461651626, "params": {"eta": 0.01, "max_depth": 4.585850835151474, "n_estimators": 1.0}, "datetime": {"datetime": "2021-09-17 12:37:53", "elapsed": 5111.969882, "delta": 14.09403}}
{"target": -3.8354237628610512, "params": {"eta": 0.9922626494229022, "max_depth": 11.548032130263536, "n_estimators": 12.345542889342441}, "datetime": {"datetime": "2021-09-17 12:38:06", "elapsed": 5124.701004, "delta": 12.731122}}
{"target": -2.6501591770272506, "params": {"eta": 0.4235679184455355, "max_depth": 10.768208306051013, "n_estimators": 9.649228372371812}, "datetime": {"datetime": "2021-09-17 12:38:12", "elapsed": 5130.562268, "delta": 5.861264}}
{"target": -3.802571839094162, "params": {"eta": 0.9304390302876718, "max_depth": 11.121630428050997, "n_estimators": 9.417611683679935}, "datetime": {"datetime": "2021-09-17 12:38:28", "elapsed": 5146.918396, "delta": 16.356128}}
{"target": -3.1768435007647464, "params": {"eta": 0.9195664874789525, "max_depth": 2.143734857554982, "n_estimators": 13.202893775718271}, "datetime": {"datetime": "2021-09-17 12:38:34", "elapsed": 5152.613988, "delta": 5.695592}}
{"target": -3.122545706598382, "params": {"eta": 0.41068704250014987, "max_depth": 2.6227213350583356, "n_estimators": 10.133326452614586}, "datetime": {"datetime": "2021-09-17 12:38:45", "elapsed": 5163.908199, "delta": 11.294211}}
{"target": -3.520592228362435, "params": {"eta": 0.44800715906255284, "max_depth": 9.79607958184688, "n_estimators": 4.779634039808959}, "datetime": {"datetime": "2021-09-17 12:38:56", "elapsed": 5174.874424, "delta": 10.966225}}
{"target": -4.179632252454758, "params": {"eta": 0.996568423414362, "max_depth": 7.598230275658607, "n_estimators": 1.9861339787234977}, "datetime": {"datetime": "2021-09-17 12:39:22", "elapsed": 5200.66797, "delta": 25.793546}}
{"target": -2.7911662465647646, "params": {"eta": 0.6164599607562136, "max_depth": 3.8441610905980217, "n_estimators": 16.35158513895598}, "datetime": {"datetime": "2021-09-17 12:39:28", "elapsed": 5206.900612, "delta": 6.232642}}
{"target": -3.529271728114078, "params": {"eta": 0.9137625699421361, "max_depth": 2.4395762325235384, "n_estimators": 6.2431418302265405}, "datetime": {"datetime": "2021-09-17 12:39:34", "elapsed": 5212.886664, "delta": 5.986052}}
{"target": -21.521118452988173, "params": {"eta": 0.01, "max_depth": 2.8611859444965555, "n_estimators": 7.396025197616943}, "datetime": {"datetime": "2021-09-17 12:39:46", "elapsed": 5225.293046, "delta": 12.406382}}
{"target": -2.7677966971146435, "params": {"eta": 0.4433991928486364, "max_depth": 3.6805480442728356, "n_estimators": 7.917133453376639}, "datetime": {"datetime": "2021-09-17 12:40:04", "elapsed": 5242.971199, "delta": 17.678153}}
{"target": -2.713584800770408, "params": {"eta": 0.4270664769479492, "max_depth": 3.356942362473286, "n_estimators": 8.319823619545435}, "datetime": {"datetime": "2021-09-17 12:40:17", "elapsed": 5255.680751, "delta": 12.709552}}
{"target": -3.4740357336245085, "params": {"eta": 1.0, "max_depth": 6.193658324159581, "n_estimators": 12.946979241766323}, "datetime": {"datetime": "2021-09-17 12:40:31", "elapsed": 5269.497018, "delta": 13.816267}}
{"target": -3.164824909285495, "params": {"eta": 0.7607858910708566, "max_depth": 3.472790843728821, "n_estimators": 7.553394652264944}, "datetime": {"datetime": "2021-09-17 12:40:41", "elapsed": 5279.520627, "delta": 10.023609}}
{"target": -2.551059338293578, "params": {"eta": 0.46452206667867796, "max_depth": 8.138745286128364, "n_estimators": 14.597746349642412}, "datetime": {"datetime": "2021-09-17 12:40:47", "elapsed": 5285.856777, "delta": 6.33615}}
{"target": -3.249287170485446, "params": {"eta": 0.7614861445960822, "max_depth": 2.984241229792894, "n_estimators": 8.075247344605597}, "datetime": {"datetime": "2021-09-17 12:40:59", "elapsed": 5297.691035, "delta": 11.834258}}
{"target": -2.8778871567625743, "params": {"eta": 0.3251066014107722, "max_depth": 15.52519189507453, "n_estimators": 8.001372497808138}, "datetime": {"datetime": "2021-09-17 12:52:47", "elapsed": 0.0, "delta": 0.0}}
{"target": -2.7429393843600622, "params": {"eta": 0.2906997717895519, "max_depth": 6.348094253073809, "n_estimators": 9.108063137225574}, "datetime": {"datetime": "2021-09-17 12:52:47", "elapsed": 0.054983, "delta": 0.054983}}
{"target": -2.5662728849210232, "params": {"eta": 0.25587806341330127, "max_depth": 9.528971632688764, "n_estimators": 12.76120969076804}, "datetime": {"datetime": "2021-09-17 12:52:47", "elapsed": 0.127979, "delta": 0.072996}}
{"target": -2.558086632427416, "params": {"eta": 0.3616450202010071, "max_depth": 10.707112230452717, "n_estimators": 16.22263400476111}, "datetime": {"datetime": "2021-09-17 12:52:47", "elapsed": 0.240979, "delta": 0.113}}
{"target": -3.2760369834147, "params": {"eta": 0.26133567491945525, "max_depth": 18.049878982255127, "n_estimators": 8.328651118375113}, "datetime": {"datetime": "2021-09-17 12:52:47", "elapsed": 0.292977, "delta": 0.051998}}
{"target": -2.562799794422953, "params": {"eta": 0.40114025305352063, "max_depth": 10.676876837874032, "n_estimators": 14.70427794134902}, "datetime": {"datetime": "2021-09-17 12:52:47", "elapsed": 0.382983, "delta": 0.090006}}
{"target": -2.4524153056897613, "params": {"eta": 0.24211608157857015, "max_depth": 7.169623825358061, "n_estimators": 17.60893482410644}, "datetime": {"datetime": "2021-09-17 12:52:47", "elapsed": 0.459979, "delta": 0.076996}}
{"target": -2.681621186984213, "params": {"eta": 0.49047847271581924, "max_depth": 9.014786850547885, "n_estimators": 16.30787138803177}, "datetime": {"datetime": "2021-09-17 12:52:47", "elapsed": 0.56698, "delta": 0.107001}}
{"target": -2.41988578156421, "params": {"eta": 0.2, "max_depth": 5.133203130997884, "n_estimators": 19.72559224501003}, "datetime": {"datetime": "2021-09-17 12:52:48", "elapsed": 0.968984, "delta": 0.402004}}
{"target": -2.6196016198710392, "params": {"eta": 0.2, "max_depth": 4.0, "n_estimators": 16.51717439903228}, "datetime": {"datetime": "2021-09-17 12:52:48", "elapsed": 1.33498, "delta": 0.365996}}
{"target": -2.3478083472502855, "params": {"eta": 0.2, "max_depth": 8.439969671454705, "n_estimators": 20.0}, "datetime": {"datetime": "2021-09-17 12:52:48", "elapsed": 1.726672, "delta": 0.391692}}
{"target": -2.4497323594595257, "params": {"eta": 0.2, "max_depth": 13.642290246001773, "n_estimators": 20.0}, "datetime": {"datetime": "2021-09-17 12:52:49", "elapsed": 2.489149, "delta": 0.762477}}
{"target": -2.7145245288547715, "params": {"eta": 0.5, "max_depth": 19.02616054366941, "n_estimators": 20.0}, "datetime": {"datetime": "2021-09-17 12:52:50", "elapsed": 3.026144, "delta": 0.536995}}
{"target": -2.598621429267682, "params": {"eta": 0.2, "max_depth": 14.744959151072116, "n_estimators": 15.985806482794546}, "datetime": {"datetime": "2021-09-17 12:52:50", "elapsed": 3.389147, "delta": 0.363003}}
{"target": -2.619668719643041, "params": {"eta": 0.5, "max_depth": 10.9824565482864, "n_estimators": 20.0}, "datetime": {"datetime": "2021-09-17 12:52:50", "elapsed": 3.765396, "delta": 0.376249}}
{"target": -2.7323994134601794, "params": {"eta": 0.5, "max_depth": 6.905920665957658, "n_estimators": 20.0}, "datetime": {"datetime": "2021-09-17 12:52:51", "elapsed": 4.124394, "delta": 0.358998}}
{"target": -2.3785767586607682, "params": {"eta": 0.29674182783105607, "max_depth": 16.216567180436964, "n_estimators": 18.283539986921774}, "datetime": {"datetime": "2021-09-17 12:52:51", "elapsed": 4.394399, "delta": 0.270005}}
{"target": -2.3617508160440543, "params": {"eta": 0.4564842120146409, "max_depth": 15.50963288256345, "n_estimators": 18.94365108331928}, "datetime": {"datetime": "2021-09-17 12:52:51", "elapsed": 4.680401, "delta": 0.286002}}
{"target": -2.40506300800725, "params": {"eta": 0.3351014067733227, "max_depth": 9.014500617551807, "n_estimators": 18.728733861944086}, "datetime": {"datetime": "2021-09-17 12:52:52", "elapsed": 5.077396, "delta": 0.396995}}
{"target": -2.7089317585292614, "params": {"eta": 0.5, "max_depth": 13.928189378141267, "n_estimators": 18.147590282233633}, "datetime": {"datetime": "2021-09-17 12:52:52", "elapsed": 5.512397, "delta": 0.435001}}
{"target": -2.3934162993180124, "params": {"eta": 0.3520791593225463, "max_depth": 16.308884802262575, "n_estimators": 19.97861112555619}, "datetime": {"datetime": "2021-09-17 12:52:53", "elapsed": 6.015995, "delta": 0.503598}}
{"target": -2.5298836770810578, "params": {"eta": 0.43227708505901163, "max_depth": 4.050023012602235, "n_estimators": 18.758987998096018}, "datetime": {"datetime": "2021-09-17 12:52:53", "elapsed": 6.421993, "delta": 0.405998}}
{"target": -2.722794955655148, "params": {"eta": 0.5, "max_depth": 17.715639354716927, "n_estimators": 16.472146416961575}, "datetime": {"datetime": "2021-09-17 12:52:54", "elapsed": 6.891149, "delta": 0.469156}}
{"target": -3.040891910854139, "params": {"eta": 0.2, "max_depth": 12.899250778416876, "n_estimators": 12.678535885434412}, "datetime": {"datetime": "2021-09-17 12:52:54", "elapsed": 7.243149, "delta": 0.352}}
{"target": -2.7709807615531115, "params": {"eta": 0.2, "max_depth": 6.254916931094606, "n_estimators": 13.751467846979883}, "datetime": {"datetime": "2021-09-17 12:52:54", "elapsed": 7.605152, "delta": 0.362003}}
{"target": -2.688964245193883, "params": {"eta": 0.5, "max_depth": 10.459491859440265, "n_estimators": 8.0}, "datetime": {"datetime": "2021-09-17 12:52:55", "elapsed": 7.940146, "delta": 0.334994}}
{"target": -2.4101990800154836, "params": {"eta": 0.2, "max_depth": 15.041951491986598, "n_estimators": 20.0}, "datetime": {"datetime": "2021-09-17 12:52:55", "elapsed": 8.333151, "delta": 0.393005}}
{"target": -2.8116734805860015, "params": {"eta": 0.2, "max_depth": 20.0, "n_estimators": 13.245159847439794}, "datetime": {"datetime": "2021-09-17 12:52:55", "elapsed": 8.770147, "delta": 0.436996}}
{"target": -2.401010999554082, "params": {"eta": 0.4325596636929446, "max_depth": 9.35876522635976, "n_estimators": 19.97907299399452}, "datetime": {"datetime": "2021-09-17 12:52:56", "elapsed": 9.328678, "delta": 0.558531}}
{"target": -2.502749325099744, "params": {"eta": 0.2, "max_depth": 4.0, "n_estimators": 20.0}, "datetime": {"datetime": "2021-09-17 12:52:57", "elapsed": 10.199967, "delta": 0.871289}}
{"target": -2.6418116230713693, "params": {"eta": 0.5, "max_depth": 4.0, "n_estimators": 11.20747731063699}, "datetime": {"datetime": "2021-09-17 12:52:57", "elapsed": 10.487965, "delta": 0.287998}}
{"target": -2.4663651861642535, "params": {"eta": 0.2, "max_depth": 5.631342446067334, "n_estimators": 17.961339769101514}, "datetime": {"datetime": "2021-09-17 12:52:58", "elapsed": 10.835965, "delta": 0.348}}
{"target": -2.7355056511728386, "params": {"eta": 0.5, "max_depth": 4.0, "n_estimators": 8.0}, "datetime": {"datetime": "2021-09-17 12:52:58", "elapsed": 11.482149, "delta": 0.646184}}
{"target": -2.5719460010528565, "params": {"eta": 0.5, "max_depth": 8.94171318691883, "n_estimators": 10.604651061044088}, "datetime": {"datetime": "2021-09-17 12:52:59", "elapsed": 11.975433, "delta": 0.493284}}
{"target": -2.446499274906359, "params": {"eta": 0.2, "max_depth": 17.047702816181115, "n_estimators": 18.997321385389906}, "datetime": {"datetime": "2021-09-17 12:52:59", "elapsed": 12.469166, "delta": 0.493733}}
{"target": -2.3958701014518735, "params": {"eta": 0.2, "max_depth": 8.068812942933326, "n_estimators": 18.855903403202277}, "datetime": {"datetime": "2021-09-17 12:53:00", "elapsed": 12.825236, "delta": 0.35607}}
{"target": -2.7258557890590867, "params": {"eta": 0.5, "max_depth": 16.548703242781276, "n_estimators": 13.553166648412224}, "datetime": {"datetime": "2021-09-17 12:53:00", "elapsed": 13.343232, "delta": 0.517996}}
{"target": -2.5882851004600522, "params": {"eta": 0.2, "max_depth": 6.193695738765531, "n_estimators": 16.377896473070965}, "datetime": {"datetime": "2021-09-17 12:53:01", "elapsed": 13.88074, "delta": 0.537508}}
{"target": -2.4051716333941413, "params": {"eta": 0.20126681768269666, "max_depth": 15.942830120910136, "n_estimators": 19.1188029290511}, "datetime": {"datetime": "2021-09-17 12:53:01", "elapsed": 14.32674, "delta": 0.446}}
{"target": -2.476293213743913, "params": {"eta": 0.2, "max_depth": 20.0, "n_estimators": 17.45482192675266}, "datetime": {"datetime": "2021-09-17 12:53:01", "elapsed": 14.725803, "delta": 0.399063}}
{"target": -2.6291425667311015, "params": {"eta": 0.4762309792876314, "max_depth": 19.96951373625776, "n_estimators": 15.783278495427512}, "datetime": {"datetime": "2021-09-17 12:53:02", "elapsed": 15.230797, "delta": 0.504994}}
{"target": -2.6405120222192062, "params": {"eta": 0.5, "max_depth": 4.0, "n_estimators": 13.846755992912513}, "datetime": {"datetime": "2021-09-17 12:53:02", "elapsed": 15.594799, "delta": 0.364002}}
{"target": -2.4326331489964534, "params": {"eta": 0.203221733532433, "max_depth": 8.725508623364194, "n_estimators": 19.46086228864796}, "datetime": {"datetime": "2021-09-17 12:53:03", "elapsed": 16.001131, "delta": 0.406332}}
{"target": -2.4131200859421176, "params": {"eta": 0.2, "max_depth": 10.390747781977812, "n_estimators": 18.055119125282943}, "datetime": {"datetime": "2021-09-17 12:53:03", "elapsed": 16.438131, "delta": 0.437}}
{"target": -2.428691217773839, "params": {"eta": 0.2, "max_depth": 8.527662817200468, "n_estimators": 17.843230427053605}, "datetime": {"datetime": "2021-09-17 12:53:04", "elapsed": 16.82313, "delta": 0.384999}}
{"target": -2.6868456627193247, "params": {"eta": 0.5, "max_depth": 12.825624419886331, "n_estimators": 8.0}, "datetime": {"datetime": "2021-09-17 12:53:04", "elapsed": 17.214131, "delta": 0.391001}}
{"target": -2.6997473547333164, "params": {"eta": 0.4750285305044274, "max_depth": 15.541621597232371, "n_estimators": 17.42030123400128}, "datetime": {"datetime": "2021-09-17 12:53:04", "elapsed": 17.724132, "delta": 0.510001}}
{"target": -2.464298087044766, "params": {"eta": 0.232692974431693, "max_depth": 11.74047175291165, "n_estimators": 17.83705796804215}, "datetime": {"datetime": "2021-09-17 12:53:05", "elapsed": 18.193348, "delta": 0.469216}}
{"target": -2.749816653603002, "params": {"eta": 0.49668299672955374, "max_depth": 12.548779519556605, "n_estimators": 15.906223134822856}, "datetime": {"datetime": "2021-09-17 12:53:05", "elapsed": 18.613348, "delta": 0.42}}
{"target": -2.4344353945631725, "params": {"eta": 0.3559946344834188, "max_depth": 7.49322441581336, "n_estimators": 11.624687450263796}, "datetime": {"datetime": "2021-09-17 12:53:06", "elapsed": 18.99935, "delta": 0.386002}}
{"target": -2.4319137259533528, "params": {"eta": 0.3795326831932655, "max_depth": 6.111884213465807, "n_estimators": 11.371192157054203}, "datetime": {"datetime": "2021-09-17 12:53:06", "elapsed": 19.426349, "delta": 0.426999}}
{"target": -3.2137132650927493, "params": {"eta": 0.22488217764350552, "max_depth": 7.0759845699587665, "n_estimators": 10.666069680999621}, "datetime": {"datetime": "2021-09-17 12:53:07", "elapsed": 19.860707, "delta": 0.434358}}
{"target": -2.615392637880225, "params": {"eta": 0.5, "max_depth": 7.778265058890935, "n_estimators": 12.41741361797871}, "datetime": {"datetime": "2021-09-17 12:53:07", "elapsed": 20.293703, "delta": 0.432996}}
{"target": -2.464746263152675, "params": {"eta": 0.2555114803741528, "max_depth": 9.96482966026066, "n_estimators": 18.96988229128108}, "datetime": {"datetime": "2021-09-17 12:53:07", "elapsed": 20.735711, "delta": 0.442008}}
{"target": -2.751492236789904, "params": {"eta": 0.5, "max_depth": 6.43001555648653, "n_estimators": 12.12074288824128}, "datetime": {"datetime": "2021-09-17 12:53:08", "elapsed": 21.156707, "delta": 0.420996}}
{"target": -2.4681330009510645, "params": {"eta": 0.30765898761869714, "max_depth": 6.116287560298845, "n_estimators": 13.328387083962221}, "datetime": {"datetime": "2021-09-17 12:53:08", "elapsed": 21.404707, "delta": 0.248}}
{"target": -2.484987235069275, "params": {"eta": 0.39659333444803613, "max_depth": 7.988861686682746, "n_estimators": 15.71420586180314}, "datetime": {"datetime": "2021-09-17 12:53:08", "elapsed": 21.661704, "delta": 0.256997}}
{"target": -2.7087295256162944, "params": {"eta": 0.49758908531037854, "max_depth": 17.724612905114014, "n_estimators": 18.856185641497785}, "datetime": {"datetime": "2021-09-17 12:53:09", "elapsed": 22.050345, "delta": 0.388641}}
{"target": -2.440103914863185, "params": {"eta": 0.33655938267444196, "max_depth": 12.13698479365365, "n_estimators": 10.910664298936526}, "datetime": {"datetime": "2021-09-17 12:53:09", "elapsed": 22.330388, "delta": 0.280043}}
{"target": -2.314566575853448, "params": {"eta": 0.21266117483586472, "max_depth": 14.522246873241718, "n_estimators": 19.89404053588591}, "datetime": {"datetime": "2021-09-17 12:53:09", "elapsed": 22.669389, "delta": 0.339001}}
{"target": -2.439472177781557, "params": {"eta": 0.21760541723364835, "max_depth": 4.217601753927074, "n_estimators": 18.39511954815086}, "datetime": {"datetime": "2021-09-17 12:53:10", "elapsed": 22.924389, "delta": 0.255}}
{"target": -2.47582297387876, "params": {"eta": 0.2325918620642993, "max_depth": 17.046602448273923, "n_estimators": 19.695555124145148}, "datetime": {"datetime": "2021-09-17 12:53:10", "elapsed": 23.277466, "delta": 0.353077}}
