{"target": -2.617120897142511, "params": {"eta": 0.25730185089190155, "max_depth": 14.109679692898542, "n_estimators": 48.96198953807882}, "datetime": {"datetime": "2021-09-21 13:55:09", "elapsed": 1774.09628, "delta": 9.281867}}
{"target": -3.258907005661412, "params": {"eta": 0.9489859672293202, "max_depth": 5.110304424642341, "n_estimators": 32.45276616617137}, "datetime": {"datetime": "2021-09-21 13:55:19", "elapsed": 1784.533244, "delta": 10.436964}}
{"target": -3.0425060987472534, "params": {"eta": 0.10131891908776783, "max_depth": 2.908249285775242, "n_estimators": 40.3324982117308}, "datetime": {"datetime": "2021-09-21 13:55:28", "elapsed": 1793.389468, "delta": 8.856224}}
{"target": -3.597160834387729, "params": {"eta": 0.8736236266417728, "max_depth": 24.562586303166942, "n_estimators": 36.97645953762005}, "datetime": {"datetime": "2021-09-21 13:55:36", "elapsed": 1801.468992, "delta": 8.079524}}
{"target": -9.317122825509623, "params": {"eta": 0.017152298625871303, "max_depth": 27.749593297394412, "n_estimators": 56.52599753698559}, "datetime": {"datetime": "2021-09-21 13:55:43", "elapsed": 1808.893087, "delta": 7.424095}}
{"target": -3.4301305143456715, "params": {"eta": 0.7574457356450055, "max_depth": 22.226776088333374, "n_estimators": 33.96225428479803}, "datetime": {"datetime": "2021-09-21 13:55:52", "elapsed": 1817.536266, "delta": 8.643179}}
{"target": -2.5791712284088133, "params": {"eta": 0.24434124527926318, "max_depth": 16.419568181718546, "n_estimators": 54.13548307906444}, "datetime": {"datetime": "2021-09-21 13:56:03", "elapsed": 1828.603624, "delta": 11.067358}}
{"target": -3.409027435591346, "params": {"eta": 0.9078891774525023, "max_depth": 9.747290458749118, "n_estimators": 36.05934912401264}, "datetime": {"datetime": "2021-09-21 13:56:12", "elapsed": 1837.485145, "delta": 8.881521}}
{"target": -3.2038731236206854, "params": {"eta": 1.0, "max_depth": 25.77796495702986, "n_estimators": 29.05075556914571}, "datetime": {"datetime": "2021-09-21 13:56:19", "elapsed": 1844.670561, "delta": 7.185416}}
{"target": -2.8514059487142056, "params": {"eta": 0.8626290711930091, "max_depth": 3.063219791010397, "n_estimators": 36.999295981604526}, "datetime": {"datetime": "2021-09-21 13:56:28", "elapsed": 1853.412786, "delta": 8.742225}}
{"target": -2.7540176253569753, "params": {"eta": 0.4203917500199583, "max_depth": 15.305243225845755, "n_estimators": 48.80064063032141}, "datetime": {"datetime": "2021-09-21 13:56:38", "elapsed": 1862.973196, "delta": 9.56041}}
{"target": -3.218568018235658, "params": {"eta": 0.9654864354290863, "max_depth": 8.705353067039796, "n_estimators": 41.028389204385306}, "datetime": {"datetime": "2021-09-21 13:56:46", "elapsed": 1871.823626, "delta": 8.85043}}
{"target": -7.359761972803818, "params": {"eta": 0.046368812612650794, "max_depth": 29.581804779641224, "n_estimators": 26.760487708704776}, "datetime": {"datetime": "2021-09-21 13:56:58", "elapsed": 1883.416047, "delta": 11.592421}}
{"target": -2.8930322989037163, "params": {"eta": 0.6619748062893631, "max_depth": 2.5627929074210636, "n_estimators": 20.18753605665142}, "datetime": {"datetime": "2021-09-21 13:57:06", "elapsed": 1891.0183, "delta": 7.602253}}
{"target": -3.216667419358304, "params": {"eta": 0.8565905059472133, "max_depth": 9.889624357342198, "n_estimators": 35.22576175834347}, "datetime": {"datetime": "2021-09-21 13:57:10", "elapsed": 1895.653774, "delta": 4.635474}}
{"target": -3.2869150337420012, "params": {"eta": 0.9124774282682551, "max_depth": 7.318595558569198, "n_estimators": 19.370293900033964}, "datetime": {"datetime": "2021-09-21 13:57:21", "elapsed": 1906.859072, "delta": 11.205298}}
{"target": -3.3041292774049857, "params": {"eta": 0.9946566014166133, "max_depth": 19.50805761882529, "n_estimators": 32.0438376262182}, "datetime": {"datetime": "2021-09-21 13:57:31", "elapsed": 1916.315491, "delta": 9.456419}}
{"target": -2.5349346631451657, "params": {"eta": 0.08823654199325458, "max_depth": 13.161675139247661, "n_estimators": 56.58145977870167}, "datetime": {"datetime": "2021-09-21 13:57:36", "elapsed": 1921.186012, "delta": 4.870521}}
{"target": -2.63852449153599, "params": {"eta": 0.23510759236327705, "max_depth": 25.334420571337418, "n_estimators": 28.165298724090903}, "datetime": {"datetime": "2021-09-21 13:57:48", "elapsed": 1933.947944, "delta": 12.761932}}
{"target": -3.2859840587565774, "params": {"eta": 0.9601010531368432, "max_depth": 27.690497261025513, "n_estimators": 56.658971473378706}, "datetime": {"datetime": "2021-09-21 13:57:53", "elapsed": 1938.852281, "delta": 4.904337}}
{"target": -2.5621436934722097, "params": {"eta": 0.34117638011398915, "max_depth": 28.510292159078425, "n_estimators": 36.17388811950991}, "datetime": {"datetime": "2021-09-21 13:57:58", "elapsed": 1943.87184, "delta": 5.019559}}
{"target": -2.7695250084525664, "params": {"eta": 0.11367824703669438, "max_depth": 23.286954513084638, "n_estimators": 26.342630825414957}, "datetime": {"datetime": "2021-09-21 13:58:05", "elapsed": 1950.525515, "delta": 6.653675}}
{"target": -2.8191843183417067, "params": {"eta": 0.10222696882364986, "max_depth": 3.2518518838382837, "n_estimators": 36.30318396210326}, "datetime": {"datetime": "2021-09-21 13:58:18", "elapsed": 1963.495163, "delta": 12.969648}}
{"target": -3.3359755810938383, "params": {"eta": 0.9615856680185149, "max_depth": 9.883594436866307, "n_estimators": 20.022003966252534}, "datetime": {"datetime": "2021-09-21 13:58:27", "elapsed": 1972.547598, "delta": 9.052435}}
{"target": -4.291746783883949, "params": {"eta": 0.05362645784275729, "max_depth": 11.7600481966479, "n_estimators": 35.25311461805498}, "datetime": {"datetime": "2021-09-21 13:58:31", "elapsed": 1976.772713, "delta": 4.225115}}
{"target": -2.841564517272146, "params": {"eta": 0.21228292809288932, "max_depth": 2.584525488848507, "n_estimators": 37.63669049637556}, "datetime": {"datetime": "2021-09-21 13:58:42", "elapsed": 1987.614882, "delta": 10.842169}}
{"target": -3.435819728123514, "params": {"eta": 0.8250468227449551, "max_depth": 14.981687479834385, "n_estimators": 52.32175668004806}, "datetime": {"datetime": "2021-09-21 13:58:51", "elapsed": 1996.54229, "delta": 8.927408}}
{"target": -2.659241449832916, "params": {"eta": 0.09141465644139463, "max_depth": 26.923860128605828, "n_estimators": 40.037433655375104}, "datetime": {"datetime": "2021-09-21 13:58:56", "elapsed": 2001.544831, "delta": 5.002541}}
{"target": -7.669578966968937, "params": {"eta": 0.029987635896439706, "max_depth": 26.32342489235288, "n_estimators": 39.50443402986377}, "datetime": {"datetime": "2021-09-21 13:59:07", "elapsed": 2012.791384, "delta": 11.246553}}
{"target": -2.6452533954068236, "params": {"eta": 0.5597735416874616, "max_depth": 2.2462980615390458, "n_estimators": 45.56499866460735}, "datetime": {"datetime": "2021-09-21 13:59:11", "elapsed": 2016.88285, "delta": 4.091466}}
{"target": -2.5128293846782883, "params": {"eta": 0.27918486118396235, "max_depth": 27.450541130362843, "n_estimators": 36.55513492713936}, "datetime": {"datetime": "2021-09-21 13:59:26", "elapsed": 2031.042119, "delta": 14.159269}}
{"target": -2.7664939014535204, "params": {"eta": 0.5269140378974044, "max_depth": 16.689248042376576, "n_estimators": 58.42380880096762}, "datetime": {"datetime": "2021-09-21 13:59:31", "elapsed": 2036.044467, "delta": 5.002348}}
{"target": -3.2880376000153397, "params": {"eta": 0.7399271813518229, "max_depth": 9.508941568117866, "n_estimators": 36.19403926705197}, "datetime": {"datetime": "2021-09-21 13:59:37", "elapsed": 2042.025426, "delta": 5.980959}}
{"target": -2.9191619982844905, "params": {"eta": 0.7448221095299054, "max_depth": 2.450393119049156, "n_estimators": 35.70966697052855}, "datetime": {"datetime": "2021-09-21 13:59:41", "elapsed": 2046.728979, "delta": 4.703553}}
{"target": -3.4303944386933978, "params": {"eta": 0.8133373833844537, "max_depth": 26.428254182137064, "n_estimators": 56.892954230790224}, "datetime": {"datetime": "2021-09-21 13:59:51", "elapsed": 2056.733541, "delta": 10.004562}}
{"target": -2.9274069905281066, "params": {"eta": 0.9444296241782694, "max_depth": 2.913478426731271, "n_estimators": 45.97901934593155}, "datetime": {"datetime": "2021-09-21 14:00:02", "elapsed": 2067.625064, "delta": 10.891523}}
{"target": -3.063492233502237, "params": {"eta": 0.962467478892723, "max_depth": 3.2724204487575057, "n_estimators": 35.0467645906947}, "datetime": {"datetime": "2021-09-21 14:00:11", "elapsed": 2076.149605, "delta": 8.524541}}
{"target": -3.391151972820884, "params": {"eta": 0.8245438175899628, "max_depth": 18.516852807582993, "n_estimators": 42.450886651635095}, "datetime": {"datetime": "2021-09-21 14:00:23", "elapsed": 2088.449545, "delta": 12.29994}}
{"target": -3.5215350176158706, "params": {"eta": 0.8071677102761701, "max_depth": 23.938147641048168, "n_estimators": 26.443831505636915}, "datetime": {"datetime": "2021-09-21 14:00:35", "elapsed": 2100.702509, "delta": 12.252964}}
{"target": -3.4431614223279454, "params": {"eta": 1.0, "max_depth": 7.74187279034551, "n_estimators": 40.71931920118995}, "datetime": {"datetime": "2021-09-21 14:00:50", "elapsed": 2115.766189, "delta": 15.06368}}
{"target": -2.5828788989468623, "params": {"eta": 0.33755516978755695, "max_depth": 22.318031775022245, "n_estimators": 24.575918825403942}, "datetime": {"datetime": "2021-09-21 14:01:02", "elapsed": 2127.970255, "delta": 12.204066}}
{"target": -20.108634021250825, "params": {"eta": 0.01, "max_depth": 12.413576896522114, "n_estimators": 14.777054848324498}, "datetime": {"datetime": "2021-09-21 14:01:11", "elapsed": 2136.716624, "delta": 8.746369}}
{"target": -2.6066259246123464, "params": {"eta": 0.3186191800446019, "max_depth": 4.627874112340145, "n_estimators": 27.177343965716638}, "datetime": {"datetime": "2021-09-21 14:01:16", "elapsed": 2141.467812, "delta": 4.751188}}
{"target": -2.4774449649610015, "params": {"eta": 0.313979511363381, "max_depth": 12.5019124869051, "n_estimators": 20.05695120070075}, "datetime": {"datetime": "2021-09-21 14:01:21", "elapsed": 2146.714833, "delta": 5.247021}}
{"target": -2.737682688236237, "params": {"eta": 0.3414036654135823, "max_depth": 13.40058368766806, "n_estimators": 13.461790808411807}, "datetime": {"datetime": "2021-09-21 14:01:29", "elapsed": 2154.742038, "delta": 8.027205}}
{"target": -3.356717487385399, "params": {"eta": 0.9031612777437202, "max_depth": 12.924751681922158, "n_estimators": 13.713230421926617}, "datetime": {"datetime": "2021-09-21 14:01:39", "elapsed": 2164.277495, "delta": 9.535457}}
{"target": -2.8395870321675347, "params": {"eta": 0.08802157622894824, "max_depth": 3.3213992043550635, "n_estimators": 41.19393001065845}, "datetime": {"datetime": "2021-09-21 14:01:47", "elapsed": 2172.452017, "delta": 8.174522}}
{"target": -3.4309593671246574, "params": {"eta": 0.7344732265715125, "max_depth": 13.322923763512648, "n_estimators": 15.96479464430168}, "datetime": {"datetime": "2021-09-21 14:02:02", "elapsed": 2187.018412, "delta": 14.566395}}
{"target": -2.587259541687213, "params": {"eta": 0.24147546300295442, "max_depth": 8.01650424676271, "n_estimators": 32.73759011878117}, "datetime": {"datetime": "2021-09-21 14:02:07", "elapsed": 2192.095515, "delta": 5.077103}}
{"target": -3.16499365568161, "params": {"eta": 0.9165177926775558, "max_depth": 2.907523077141054, "n_estimators": 41.5775777113001}, "datetime": {"datetime": "2021-09-21 14:02:18", "elapsed": 2203.711324, "delta": 11.615809}}
{"target": -13.485880684225185, "params": {"eta": 0.017381377155674553, "max_depth": 12.09695218175889, "n_estimators": 32.62558133288788}, "datetime": {"datetime": "2021-09-21 14:02:23", "elapsed": 2208.150909, "delta": 4.439585}}
{"target": -5.577774492690438, "params": {"eta": 0.0657953737955168, "max_depth": 15.282380495449198, "n_estimators": 23.508655134588526}, "datetime": {"datetime": "2021-09-21 14:02:38", "elapsed": 2223.66689, "delta": 15.515981}}
{"target": -3.1067918197104802, "params": {"eta": 0.843661224178852, "max_depth": 7.326267431721962, "n_estimators": 32.99414182331913}, "datetime": {"datetime": "2021-09-21 14:02:49", "elapsed": 2234.365422, "delta": 10.698532}}
{"target": -2.87772967627174, "params": {"eta": 0.49619195647182546, "max_depth": 29.59780969416487, "n_estimators": 14.679319158804802}, "datetime": {"datetime": "2021-09-21 14:02:54", "elapsed": 2239.358212, "delta": 4.99279}}
{"target": -3.519533966716967, "params": {"eta": 0.8568268255161867, "max_depth": 20.548472711664733, "n_estimators": 32.86777920959521}, "datetime": {"datetime": "2021-09-21 14:02:59", "elapsed": 2244.403922, "delta": 5.04571}}
{"target": -2.838404406999287, "params": {"eta": 0.49372704710739684, "max_depth": 27.291554812989528, "n_estimators": 50.7172698432627}, "datetime": {"datetime": "2021-09-21 14:03:10", "elapsed": 2255.091173, "delta": 10.687251}}
{"target": -3.4638606259697364, "params": {"eta": 0.88926078127386, "max_depth": 12.300543303744638, "n_estimators": 19.67408098667289}, "datetime": {"datetime": "2021-09-21 14:03:19", "elapsed": 2264.603808, "delta": 9.512635}}
{"target": -4.8338613365825855, "params": {"eta": 0.03328214049334233, "max_depth": 26.667960405071945, "n_estimators": 52.982736808006045}, "datetime": {"datetime": "2021-09-21 14:03:31", "elapsed": 2276.138701, "delta": 11.534893}}
{"target": -2.6932206756190253, "params": {"eta": 0.4817009796379984, "max_depth": 9.813999713382785, "n_estimators": 30.280565601629903}, "datetime": {"datetime": "2021-09-21 14:03:36", "elapsed": 2281.631848, "delta": 5.493147}}
{"target": -2.8330394864082336, "params": {"eta": 0.842687491994091, "max_depth": 3.4962138477608637, "n_estimators": 57.84454611014034}, "datetime": {"datetime": "2021-09-21 14:03:51", "elapsed": 2296.129569, "delta": 14.497721}}
{"target": -3.2357938339835717, "params": {"eta": 1.0, "max_depth": 16.097854090828406, "n_estimators": 54.44076730388461}, "datetime": {"datetime": "2021-09-21 14:04:05", "elapsed": 2310.626629, "delta": 14.49706}}
{"target": -3.3738879363787797, "params": {"eta": 0.9842427258384268, "max_depth": 25.619642192045617, "n_estimators": 36.245720383144324}, "datetime": {"datetime": "2021-09-21 14:04:19", "elapsed": 2324.630218, "delta": 14.003589}}
{"target": -3.089952157673083, "params": {"eta": 0.6157035819277576, "max_depth": 6.803529078711555, "n_estimators": 22.438464539668903}, "datetime": {"datetime": "2021-09-21 14:04:31", "elapsed": 2336.562969, "delta": 11.932751}}
{"target": -3.4783893999300504, "params": {"eta": 0.9463019959117497, "max_depth": 28.96823800434467, "n_estimators": 38.910190077456036}, "datetime": {"datetime": "2021-09-21 14:04:42", "elapsed": 2347.207557, "delta": 10.644588}}
{"target": -2.5487058733638968, "params": {"eta": 0.3971592803443913, "max_depth": 29.205177125112222, "n_estimators": 36.45805559741933}, "datetime": {"datetime": "2021-09-21 14:05:02", "elapsed": 2367.30787, "delta": 20.100313}}
{"target": -2.677493079085099, "params": {"eta": 0.1335537925542342, "max_depth": 4.355850687061947, "n_estimators": 24.141943366590407}, "datetime": {"datetime": "2021-09-21 14:05:07", "elapsed": 2372.205313, "delta": 4.897443}}
{"target": -3.010909981476633, "params": {"eta": 0.11707126233184359, "max_depth": 3.254808122477808, "n_estimators": 24.038856129375635}, "datetime": {"datetime": "2021-09-21 14:05:17", "elapsed": 2382.072886, "delta": 9.867573}}
{"target": -3.2194518591228287, "params": {"eta": 0.9001338431747544, "max_depth": 3.9563389679160657, "n_estimators": 24.385598640323384}, "datetime": {"datetime": "2021-09-21 14:05:28", "elapsed": 2393.645463, "delta": 11.572577}}
{"target": -3.2807584392397025, "params": {"eta": 0.9944875428868046, "max_depth": 3.0597213082981556, "n_estimators": 56.83056546366444}, "datetime": {"datetime": "2021-09-21 14:05:43", "elapsed": 2408.269602, "delta": 14.624139}}
{"target": -3.4406113379880003, "params": {"eta": 0.8633397795326152, "max_depth": 25.754505397622342, "n_estimators": 50.230617106884445}, "datetime": {"datetime": "2021-09-21 14:06:00", "elapsed": 2425.541891, "delta": 17.272289}}
{"target": -3.4742116256764057, "params": {"eta": 0.9391656605822543, "max_depth": 14.096444235106482, "n_estimators": 16.887127536817026}, "datetime": {"datetime": "2021-09-21 14:06:05", "elapsed": 2430.696185, "delta": 5.154294}}
{"target": -2.6097515702247622, "params": {"eta": 0.4074712256853884, "max_depth": 22.328099989007377, "n_estimators": 50.11939037963288}, "datetime": {"datetime": "2021-09-21 14:06:12", "elapsed": 2437.138842, "delta": 6.442657}}
{"target": -3.096563991119987, "params": {"eta": 0.5747026678118141, "max_depth": 11.192289769833232, "n_estimators": 17.353740701940374}, "datetime": {"datetime": "2021-09-21 14:06:18", "elapsed": 2443.108924, "delta": 5.970082}}
{"target": -3.429413331809797, "params": {"eta": 1.0, "max_depth": 9.434988453493148, "n_estimators": 22.264020107604388}, "datetime": {"datetime": "2021-09-21 14:06:32", "elapsed": 2457.134876, "delta": 14.025952}}
{"target": -3.294810083037929, "params": {"eta": 0.9609083729392521, "max_depth": 15.066437865085614, "n_estimators": 42.45985643966967}, "datetime": {"datetime": "2021-09-21 14:06:42", "elapsed": 2467.411103, "delta": 10.276227}}
{"target": -3.3657440449062146, "params": {"eta": 0.9672456071736878, "max_depth": 29.954524947904336, "n_estimators": 59.01279035597037}, "datetime": {"datetime": "2021-09-21 14:06:55", "elapsed": 2480.717836, "delta": 13.306733}}
{"target": -3.372159578925685, "params": {"eta": 0.7926068785759575, "max_depth": 11.819529377656478, "n_estimators": 16.799433069453713}, "datetime": {"datetime": "2021-09-21 14:07:06", "elapsed": 2491.956018, "delta": 11.238182}}
{"target": -2.590553152561188, "params": {"eta": 0.21315279729636977, "max_depth": 13.348131721988036, "n_estimators": 57.39916810273122}, "datetime": {"datetime": "2021-09-21 14:07:24", "elapsed": 2509.453319, "delta": 17.497301}}
{"target": -3.2997635766079547, "params": {"eta": 0.9147234302525693, "max_depth": 12.29416940131278, "n_estimators": 39.20625710503527}, "datetime": {"datetime": "2021-09-21 14:07:31", "elapsed": 2516.611839, "delta": 7.15852}}
{"target": -2.590908219939784, "params": {"eta": 0.36322708695905576, "max_depth": 14.021464023318565, "n_estimators": 56.790901359255955}, "datetime": {"datetime": "2021-09-21 14:07:42", "elapsed": 2527.238304, "delta": 10.626465}}
{"target": -3.1716875302164182, "params": {"eta": 0.9576984199471857, "max_depth": 19.742291385700398, "n_estimators": 22.830139224610157}, "datetime": {"datetime": "2021-09-21 14:07:52", "elapsed": 2537.15199, "delta": 9.913686}}
{"target": -2.482508219543256, "params": {"eta": 0.31964315556867895, "max_depth": 12.343551484507387, "n_estimators": 57.23593379853795}, "datetime": {"datetime": "2021-09-21 14:08:04", "elapsed": 2549.187275, "delta": 12.035285}}
{"target": -3.457453834069403, "params": {"eta": 0.9393521014386255, "max_depth": 13.149343770610917, "n_estimators": 56.944826883210865}, "datetime": {"datetime": "2021-09-21 14:08:13", "elapsed": 2558.399256, "delta": 9.211981}}
{"target": -3.210827896469518, "params": {"eta": 0.8917172065149754, "max_depth": 10.680774807951238, "n_estimators": 16.481964116669044}, "datetime": {"datetime": "2021-09-21 14:08:23", "elapsed": 2568.959339, "delta": 10.560083}}
{"target": -8.935238418453617, "params": {"eta": 0.40004044923793697, "max_depth": 24.364709395674375, "n_estimators": 2.851030782484607}, "datetime": {"datetime": "2021-09-21 14:08:29", "elapsed": 2574.599202, "delta": 5.639863}}
{"target": -2.470065109980734, "params": {"eta": 0.07774365386112166, "max_depth": 11.217063462013893, "n_estimators": 57.280457953485445}, "datetime": {"datetime": "2021-09-21 14:08:42", "elapsed": 2587.231363, "delta": 12.632161}}
{"target": -3.3130791820977863, "params": {"eta": 0.8986703058747746, "max_depth": 11.629623400930669, "n_estimators": 57.65314712924085}, "datetime": {"datetime": "2021-09-21 14:08:53", "elapsed": 2598.712507, "delta": 11.481144}}
{"target": -2.8438261377184015, "params": {"eta": 0.5696058798082179, "max_depth": 10.42109610182376, "n_estimators": 47.259318305705335}, "datetime": {"datetime": "2021-09-21 14:09:11", "elapsed": 2616.292505, "delta": 17.579998}}
{"target": -2.9972222481903277, "params": {"eta": 1.0, "max_depth": 2.5774322074824463, "n_estimators": 33.438480964617234}, "datetime": {"datetime": "2021-09-21 14:09:23", "elapsed": 2628.338106, "delta": 12.045601}}
{"target": -19.016260009376627, "params": {"eta": 0.01, "max_depth": 2.804814579257235, "n_estimators": 20.766415468288738}, "datetime": {"datetime": "2021-09-21 14:09:34", "elapsed": 2639.652815, "delta": 11.314709}}
{"target": -3.42455983914827, "params": {"eta": 0.7326917317521864, "max_depth": 25.358142376583988, "n_estimators": 58.894974309561796}, "datetime": {"datetime": "2021-09-21 14:09:48", "elapsed": 2653.766248, "delta": 14.113433}}
{"target": -2.9978665514996177, "params": {"eta": 0.7810067410081821, "max_depth": 3.063010371877162, "n_estimators": 58.68673062829688}, "datetime": {"datetime": "2021-09-21 14:10:01", "elapsed": 2666.264301, "delta": 12.498053}}
{"target": -3.2425369739532472, "params": {"eta": 0.9104579562201565, "max_depth": 29.6900087783266, "n_estimators": 55.98491661258211}, "datetime": {"datetime": "2021-09-21 14:10:17", "elapsed": 2682.192457, "delta": 15.928156}}
{"target": -3.1535017760176407, "params": {"eta": 1.0, "max_depth": 3.161309626399719, "n_estimators": 20.15465129619976}, "datetime": {"datetime": "2021-09-21 14:10:30", "elapsed": 2695.745126, "delta": 13.552669}}
{"target": -3.205355033121611, "params": {"eta": 0.9968542179395306, "max_depth": 1.9617853136003824, "n_estimators": 20.726578348551005}, "datetime": {"datetime": "2021-09-21 14:10:43", "elapsed": 2708.742009, "delta": 12.996883}}
