{"target": 0.8073279869327006, "params": {"eta": 0.47689697284006094, "max_depth": 13.605220754894411, "n_estimators": 32.016206463263686}, "datetime": {"datetime": "2021-09-21 12:03:52", "elapsed": 3743.234673, "delta": 10.978444}}
{"target": 0.8154172130404777, "params": {"eta": 0.4958795036455571, "max_depth": 13.901916308193917, "n_estimators": 32.33486805210296}, "datetime": {"datetime": "2021-09-21 12:04:00", "elapsed": 3751.704482, "delta": 8.469809}}
{"target": 0.8039421563206478, "params": {"eta": 0.1347825496800283, "max_depth": 39.306949448804005, "n_estimators": 20.479731222202272}, "datetime": {"datetime": "2021-09-21 12:04:07", "elapsed": 3758.805935, "delta": 7.101453}}
{"target": 0.8500073774174628, "params": {"eta": 0.3212761033920677, "max_depth": 47.79995232192439, "n_estimators": 18.410360866200772}, "datetime": {"datetime": "2021-09-21 12:04:15", "elapsed": 3766.773269, "delta": 7.967334}}
{"target": 0.8026110710138304, "params": {"eta": 0.15519716030058484, "max_depth": 11.223366123069281, "n_estimators": 16.984818886559093}, "datetime": {"datetime": "2021-09-21 12:04:22", "elapsed": 3773.768289, "delta": 6.99502}}
{"target": 0.8352805195552819, "params": {"eta": 0.2510552768107759, "max_depth": 25.997270785962705, "n_estimators": 36.40960900273304}, "datetime": {"datetime": "2021-09-21 12:04:30", "elapsed": 3781.498133, "delta": 7.729844}}
{"target": 0.862448572880711, "params": {"eta": 0.17318067317566443, "max_depth": 14.008553866880918, "n_estimators": 32.05472196790064}, "datetime": {"datetime": "2021-09-21 12:04:47", "elapsed": 3798.148413, "delta": 16.65028}}
{"target": 0.85736227407417, "params": {"eta": 0.2368963548485354, "max_depth": 14.780913005928545, "n_estimators": 35.04864905241329}, "datetime": {"datetime": "2021-09-21 12:05:02", "elapsed": 3812.995344, "delta": 14.846931}}
{"target": 0.819801010476574, "params": {"eta": 0.48549903195411004, "max_depth": 45.770525433524355, "n_estimators": 29.131388170335576}, "datetime": {"datetime": "2021-09-21 12:05:11", "elapsed": 3821.996558, "delta": 9.001214}}
{"target": 0.8414508720016947, "params": {"eta": 0.16406759440118857, "max_depth": 24.14239915836013, "n_estimators": 30.613109121658205}, "datetime": {"datetime": "2021-09-21 12:05:22", "elapsed": 3833.104023, "delta": 11.107465}}
{"target": 0.8339635170762754, "params": {"eta": 0.10298849327113634, "max_depth": 27.748608021974988, "n_estimators": 34.351394731878486}, "datetime": {"datetime": "2021-09-21 12:05:31", "elapsed": 3841.921539, "delta": 8.817516}}
{"target": 0.8009140886706181, "params": {"eta": 0.38719679017726893, "max_depth": 1.6512216377391042, "n_estimators": 25.779008478180387}, "datetime": {"datetime": "2021-09-21 12:05:39", "elapsed": 3850.623869, "delta": 8.70233}}
{"target": 0.8187123822887381, "params": {"eta": 0.4826355362762059, "max_depth": 18.304568417936462, "n_estimators": 33.489483366333616}, "datetime": {"datetime": "2021-09-21 12:05:47", "elapsed": 3858.881548, "delta": 8.257679}}
{"target": 0.8629482135114498, "params": {"eta": 0.32829559531935826, "max_depth": 47.937010294814314, "n_estimators": 36.909620205745306}, "datetime": {"datetime": "2021-09-21 12:05:54", "elapsed": 3865.653889, "delta": 6.772341}}
{"target": 0.8519986405910644, "params": {"eta": 0.35400212490165994, "max_depth": 9.542698638630172, "n_estimators": 40.48258745828803}, "datetime": {"datetime": "2021-09-21 12:06:00", "elapsed": 3871.71942, "delta": 6.065531}}
{"target": 0.8178784051531043, "params": {"eta": 0.47453668208132305, "max_depth": 13.746792001361019, "n_estimators": 44.46240397599483}, "datetime": {"datetime": "2021-09-21 12:06:09", "elapsed": 3880.076111, "delta": 8.356691}}
{"target": 0.7825275098465077, "params": {"eta": 0.1698864789081574, "max_depth": 1.0613393208920998, "n_estimators": 45.39654142178789}, "datetime": {"datetime": "2021-09-21 12:06:18", "elapsed": 3889.494817, "delta": 9.418706}}
{"target": 0.8586309340632974, "params": {"eta": 0.1751904803339829, "max_depth": 22.460349815432696, "n_estimators": 20.139355353825596}, "datetime": {"datetime": "2021-09-21 12:06:24", "elapsed": 3895.613428, "delta": 6.118611}}
{"target": 0.85887659217407, "params": {"eta": 0.43334739239741227, "max_depth": 27.336768822737497, "n_estimators": 32.35874597720143}, "datetime": {"datetime": "2021-09-21 12:06:30", "elapsed": 3901.66678, "delta": 6.053352}}
{"target": 0.8035336912857292, "params": {"eta": 0.5, "max_depth": 26.758236705347066, "n_estimators": 20.461386001605998}, "datetime": {"datetime": "2021-09-21 12:06:39", "elapsed": 3910.08017, "delta": 8.41339}}
{"target": 0.8035133506015604, "params": {"eta": 0.5, "max_depth": 50.0, "n_estimators": 43.67671840626853}, "datetime": {"datetime": "2021-09-21 12:06:47", "elapsed": 3918.7129, "delta": 8.63273}}
{"target": 0.8560596526906068, "params": {"eta": 0.36859870110780846, "max_depth": 37.29265037328012, "n_estimators": 22.021430068354352}, "datetime": {"datetime": "2021-09-21 12:06:56", "elapsed": 3927.569751, "delta": 8.856851}}
{"target": 0.8584434008525681, "params": {"eta": 0.34203210892827995, "max_depth": 39.47557349279395, "n_estimators": 40.58693764196818}, "datetime": {"datetime": "2021-09-21 12:07:02", "elapsed": 3933.794565, "delta": 6.224814}}
{"target": 0.8188399050023393, "params": {"eta": 0.1473351650430883, "max_depth": 3.040606582203703, "n_estimators": 22.530961700395707}, "datetime": {"datetime": "2021-09-21 12:07:09", "elapsed": 3940.160307, "delta": 6.365742}}
{"target": 0.8611316822486457, "params": {"eta": 0.397001662246931, "max_depth": 7.7481617082326615, "n_estimators": 18.104632869304673}, "datetime": {"datetime": "2021-09-21 12:07:20", "elapsed": 3951.002765, "delta": 10.842458}}
{"target": 0.8614862942554423, "params": {"eta": 0.4303150372460496, "max_depth": 14.092996513622339, "n_estimators": 31.855777558684352}, "datetime": {"datetime": "2021-09-21 12:07:31", "elapsed": 3962.104172, "delta": 11.101407}}
{"target": 0.8440227930733669, "params": {"eta": 0.1091992415397408, "max_depth": 12.454614779044842, "n_estimators": 46.48344251580557}, "datetime": {"datetime": "2021-09-21 12:07:41", "elapsed": 3972.239346, "delta": 10.135174}}
{"target": 0.829186060275372, "params": {"eta": 0.41617832090392404, "max_depth": 42.96862849220125, "n_estimators": 46.16865903178283}, "datetime": {"datetime": "2021-09-21 12:07:55", "elapsed": 3986.504898, "delta": 14.265552}}
{"target": 0.6542878521458089, "params": {"eta": 0.1, "max_depth": 7.752808887337882, "n_estimators": 18.144059853146526}, "datetime": {"datetime": "2021-09-21 12:08:06", "elapsed": 3997.492291, "delta": 10.987393}}
{"target": 0.8549535810872908, "params": {"eta": 0.3655126265272167, "max_depth": 24.55189327491514, "n_estimators": 13.766290876256623}, "datetime": {"datetime": "2021-09-21 12:08:14", "elapsed": 4004.997157, "delta": 7.504866}}
{"target": 0.8625991467705563, "params": {"eta": 0.43023105621720537, "max_depth": 7.660796434639188, "n_estimators": 17.890479014151982}, "datetime": {"datetime": "2021-09-21 12:08:21", "elapsed": 4012.132071, "delta": 7.134914}}
{"target": 0.8253521584667254, "params": {"eta": 0.3051005859430954, "max_depth": 27.32752188280099, "n_estimators": 15.098536733911994}, "datetime": {"datetime": "2021-09-21 12:08:28", "elapsed": 4019.767591, "delta": 7.63552}}
{"target": 0.8589801343970453, "params": {"eta": 0.17090807814615777, "max_depth": 24.484345189753615, "n_estimators": 36.82822041419645}, "datetime": {"datetime": "2021-09-21 12:08:34", "elapsed": 4025.59759, "delta": 5.829999}}
{"target": 0.8701458871002862, "params": {"eta": 0.4437099875028747, "max_depth": 8.510464406790817, "n_estimators": 17.936935600893197}, "datetime": {"datetime": "2021-09-21 12:08:42", "elapsed": 4033.023677, "delta": 7.426087}}
{"target": 0.8412816447405296, "params": {"eta": 0.1, "max_depth": 28.712004106536313, "n_estimators": 43.34552214828433}, "datetime": {"datetime": "2021-09-21 12:08:52", "elapsed": 4043.801894, "delta": 10.778217}}
{"target": 0.8635402088411499, "params": {"eta": 0.19652726494680017, "max_depth": 16.87743583551449, "n_estimators": 39.75450086317453}, "datetime": {"datetime": "2021-09-21 12:08:59", "elapsed": 4050.867672, "delta": 7.065778}}
{"target": 0.7970035299222804, "params": {"eta": 0.1, "max_depth": 11.745902043829659, "n_estimators": 26.308161771285896}, "datetime": {"datetime": "2021-09-21 12:09:11", "elapsed": 4062.633232, "delta": 11.76556}}
{"target": 0.8191266468697119, "params": {"eta": 0.1, "max_depth": 9.445157768133821, "n_estimators": 29.593955426751556}, "datetime": {"datetime": "2021-09-21 12:09:19", "elapsed": 4070.71679, "delta": 8.083558}}
{"target": 0.8433701161140281, "params": {"eta": 0.1599661585812102, "max_depth": 12.329074594488835, "n_estimators": 25.315067269302865}, "datetime": {"datetime": "2021-09-21 12:09:24", "elapsed": 4075.538105, "delta": 4.821315}}
{"target": 0.8705654513928998, "params": {"eta": 0.44072002102914665, "max_depth": 7.892777395879451, "n_estimators": 17.769923382734447}, "datetime": {"datetime": "2021-09-21 12:09:33", "elapsed": 4084.454647, "delta": 8.916542}}
{"target": 0.8496520441348224, "params": {"eta": 0.4150950086497499, "max_depth": 3.1866791246667, "n_estimators": 30.285647450879026}, "datetime": {"datetime": "2021-09-21 12:09:38", "elapsed": 4089.187713, "delta": 4.733066}}
{"target": 0.8074235828573163, "params": {"eta": 0.4784118823529915, "max_depth": 8.993103283503217, "n_estimators": 39.165663178913874}, "datetime": {"datetime": "2021-09-21 12:09:43", "elapsed": 4094.85783, "delta": 5.670117}}
{"target": 0.8497432985760578, "params": {"eta": 0.36752191831468906, "max_depth": 16.08503537255947, "n_estimators": 39.27041762362873}, "datetime": {"datetime": "2021-09-21 12:09:55", "elapsed": 4106.501853, "delta": 11.644023}}
{"target": 0.8447651826627693, "params": {"eta": 0.17375424868946904, "max_depth": 7.877285311680647, "n_estimators": 17.52229541865463}, "datetime": {"datetime": "2021-09-21 12:10:07", "elapsed": 4118.825137, "delta": 12.323284}}
{"target": 0.8194436882975331, "params": {"eta": 0.4797110284908257, "max_depth": 28.650604676202803, "n_estimators": 42.99142857922887}, "datetime": {"datetime": "2021-09-21 12:10:17", "elapsed": 4128.58731, "delta": 9.762173}}
{"target": 0.8449086654242324, "params": {"eta": 0.10476964154060259, "max_depth": 24.91789916398347, "n_estimators": 47.4914175514199}, "datetime": {"datetime": "2021-09-21 12:10:23", "elapsed": 4134.129354, "delta": 5.542044}}
{"target": 0.85177125307241, "params": {"eta": 0.2711840519301878, "max_depth": 45.001060353734644, "n_estimators": 20.911487837632055}, "datetime": {"datetime": "2021-09-21 12:10:29", "elapsed": 4140.428165, "delta": 6.298811}}
{"target": 0.8065088995759152, "params": {"eta": 0.4892588630980452, "max_depth": 34.45934797186386, "n_estimators": 16.684022497507645}, "datetime": {"datetime": "2021-09-21 12:10:36", "elapsed": 4147.414382, "delta": 6.986217}}
{"target": 0.8423815917135096, "params": {"eta": 0.28465768250433654, "max_depth": 42.96125436029517, "n_estimators": 46.763463752382776}, "datetime": {"datetime": "2021-09-21 12:10:44", "elapsed": 4155.426858, "delta": 8.012476}}
{"target": 0.8559054238732203, "params": {"eta": 0.38432831263283274, "max_depth": 45.84851876239702, "n_estimators": 45.25268862234555}, "datetime": {"datetime": "2021-09-21 12:10:51", "elapsed": 4162.62393, "delta": 7.197072}}
{"target": 0.8214426645182296, "params": {"eta": 0.47955027348749957, "max_depth": 44.68955438872362, "n_estimators": 28.997939994182076}, "datetime": {"datetime": "2021-09-21 12:10:59", "elapsed": 4170.895158, "delta": 8.271228}}
{"target": 0.8065053259579764, "params": {"eta": 0.4952468460890559, "max_depth": 49.841463243119655, "n_estimators": 15.508655717231989}, "datetime": {"datetime": "2021-09-21 12:11:06", "elapsed": 4176.992004, "delta": 6.096846}}
{"target": 0.8451985820952999, "params": {"eta": 0.46900098248540034, "max_depth": 26.37291950034438, "n_estimators": 20.8955775256781}, "datetime": {"datetime": "2021-09-21 12:11:14", "elapsed": 4185.224356, "delta": 8.232352}}
{"target": 0.8438979621885028, "params": {"eta": 0.1667888331049266, "max_depth": 27.76539779012612, "n_estimators": 35.384979038941744}, "datetime": {"datetime": "2021-09-21 12:11:19", "elapsed": 4190.123166, "delta": 4.89881}}
{"target": 0.8584832155044752, "params": {"eta": 0.16080994985355956, "max_depth": 27.19195437659083, "n_estimators": 34.325219951506774}, "datetime": {"datetime": "2021-09-21 12:11:31", "elapsed": 4202.848076, "delta": 12.72491}}
{"target": 0.864054780207888, "params": {"eta": 0.40149366513015095, "max_depth": 15.692110248936633, "n_estimators": 39.7035968599465}, "datetime": {"datetime": "2021-09-21 12:11:39", "elapsed": 4210.400303, "delta": 7.552227}}
{"target": 0.8696567927274502, "params": {"eta": 0.23323149579777316, "max_depth": 43.319905645008916, "n_estimators": 46.54947488514765}, "datetime": {"datetime": "2021-09-21 12:11:48", "elapsed": 4219.306104, "delta": 8.905801}}
{"target": 0.8648737560480271, "params": {"eta": 0.45794770742086255, "max_depth": 19.41848544592971, "n_estimators": 37.771941743390634}, "datetime": {"datetime": "2021-09-21 12:11:53", "elapsed": 4224.787331, "delta": 5.481227}}
{"target": 0.8025458650931966, "params": {"eta": 0.34714389589878436, "max_depth": 3.893424693079022, "n_estimators": 12.03594858304526}, "datetime": {"datetime": "2021-09-21 12:12:03", "elapsed": 4234.155488, "delta": 9.368157}}
{"target": 0.8157971254843135, "params": {"eta": 0.48119316956766434, "max_depth": 12.70521899750882, "n_estimators": 31.785375809338596}, "datetime": {"datetime": "2021-09-21 12:12:09", "elapsed": 4240.663526, "delta": 6.508038}}
{"target": 0.8173380328237525, "params": {"eta": 0.48048550109758614, "max_depth": 43.4305741065671, "n_estimators": 46.428622248422755}, "datetime": {"datetime": "2021-09-21 12:12:19", "elapsed": 4250.081616, "delta": 9.41809}}
{"target": 0.8060033957660397, "params": {"eta": 0.49058167014647736, "max_depth": 25.84719367445988, "n_estimators": 39.642719728382545}, "datetime": {"datetime": "2021-09-21 12:12:24", "elapsed": 4255.305697, "delta": 5.224081}}
{"target": 0.8389697712918358, "params": {"eta": 0.45233312095859735, "max_depth": 35.32000486194416, "n_estimators": 34.46107462650897}, "datetime": {"datetime": "2021-09-21 12:12:30", "elapsed": 4261.632068, "delta": 6.326371}}
{"target": 0.8767186315468726, "params": {"eta": 0.15566577188845923, "max_depth": 8.7538482777076, "n_estimators": 34.42121491734955}, "datetime": {"datetime": "2021-09-21 12:12:43", "elapsed": 4274.69317, "delta": 13.061102}}
{"target": 0.8487337030155816, "params": {"eta": 0.17264828784031966, "max_depth": 20.74196283118163, "n_estimators": 41.57731615911807}, "datetime": {"datetime": "2021-09-21 12:12:49", "elapsed": 4280.601493, "delta": 5.908323}}
{"target": 0.8522187643648379, "params": {"eta": 0.13482464732435542, "max_depth": 26.697256475133322, "n_estimators": 31.368508971295764}, "datetime": {"datetime": "2021-09-21 12:12:55", "elapsed": 4286.491945, "delta": 5.890452}}
{"target": 0.8210589784455504, "params": {"eta": 0.4853985720598837, "max_depth": 17.5750580123574, "n_estimators": 49.82423020387709}, "datetime": {"datetime": "2021-09-21 12:13:09", "elapsed": 4300.103394, "delta": 13.611449}}
{"target": 0.8517737793675952, "params": {"eta": 0.26464405117819745, "max_depth": 14.58859796107597, "n_estimators": 49.27461115393439}, "datetime": {"datetime": "2021-09-21 12:40:58", "elapsed": 0.0, "delta": 0.0}}
{"target": 0.870489835074303, "params": {"eta": 0.26346495489906907, "max_depth": 9.04944118743919, "n_estimators": 50.43914105279971}, "datetime": {"datetime": "2021-09-21 12:40:58", "elapsed": 0.302999, "delta": 0.302999}}
{"target": 0.8495161765155713, "params": {"eta": 0.23127616337880777, "max_depth": 17.943687014859517, "n_estimators": 59.01889453352779}, "datetime": {"datetime": "2021-09-21 12:40:58", "elapsed": 0.866155, "delta": 0.563156}}
{"target": 0.8532401896166156, "params": {"eta": 0.21503245564773332, "max_depth": 16.042775723570628, "n_estimators": 47.28016283332842}, "datetime": {"datetime": "2021-09-21 12:40:59", "elapsed": 1.371591, "delta": 0.505436}}
{"target": 0.8535515373732065, "params": {"eta": 0.27041336832817975, "max_depth": 18.58633612756056, "n_estimators": 34.91797357134295}, "datetime": {"datetime": "2021-09-21 12:40:59", "elapsed": 1.819591, "delta": 0.448}}
{"target": 0.7771900446920782, "params": {"eta": 0.12613878991046223, "max_depth": 1.3841495513661886, "n_estimators": 55.48073582979433}, "datetime": {"datetime": "2021-09-21 12:40:59", "elapsed": 1.904034, "delta": 0.084443}}
{"target": 0.8621323243211092, "params": {"eta": 0.3334470252849552, "max_depth": 17.530230816689564, "n_estimators": 59.422695240284625}, "datetime": {"datetime": "2021-09-21 12:41:00", "elapsed": 2.784334, "delta": 0.8803}}
{"target": 0.8688443566096412, "params": {"eta": 0.33974756926501715, "max_depth": 9.768107882805705, "n_estimators": 54.0742877597343}, "datetime": {"datetime": "2021-09-21 12:41:01", "elapsed": 3.205515, "delta": 0.421181}}
{"target": 0.8634985317273458, "params": {"eta": 0.13548232776067998, "max_depth": 13.158499405222953, "n_estimators": 36.870538760044255}, "datetime": {"datetime": "2021-09-21 12:41:01", "elapsed": 3.511665, "delta": 0.30615}}
{"target": 0.8610713180652083, "params": {"eta": 0.3834006751148752, "max_depth": 10.915118113251362, "n_estimators": 44.19587237974414}, "datetime": {"datetime": "2021-09-21 12:41:01", "elapsed": 3.915665, "delta": 0.404}}
{"target": 0.8517793867182895, "params": {"eta": 0.4, "max_depth": 11.214379591003235, "n_estimators": 51.852311672537994}, "datetime": {"datetime": "2021-09-21 12:41:02", "elapsed": 4.879155, "delta": 0.96349}}
{"target": 0.868599786587281, "params": {"eta": 0.16009910801389293, "max_depth": 7.810569506483745, "n_estimators": 52.48381081214732}, "datetime": {"datetime": "2021-09-21 12:41:03", "elapsed": 5.49233, "delta": 0.613175}}
{"target": 0.8495589202231516, "params": {"eta": 0.4, "max_depth": 14.662004767198644, "n_estimators": 60.0}, "datetime": {"datetime": "2021-09-21 12:41:04", "elapsed": 6.347945, "delta": 0.855615}}
{"target": 0.8479831840316742, "params": {"eta": 0.4, "max_depth": 6.641925721570495, "n_estimators": 49.733426883605304}, "datetime": {"datetime": "2021-09-21 12:41:05", "elapsed": 6.998816, "delta": 0.650871}}
{"target": 0.8633874074227007, "params": {"eta": 0.1, "max_depth": 7.743588333379895, "n_estimators": 55.1069600742896}, "datetime": {"datetime": "2021-09-21 12:41:05", "elapsed": 7.560946, "delta": 0.56213}}
{"target": 0.8515141332738586, "params": {"eta": 0.1, "max_depth": 10.173188345919485, "n_estimators": 47.86741022831814}, "datetime": {"datetime": "2021-09-21 12:41:06", "elapsed": 8.272946, "delta": 0.712}}
{"target": 0.8411675043720072, "params": {"eta": 0.29564100287465483, "max_depth": 10.30404585463029, "n_estimators": 56.60335163565137}, "datetime": {"datetime": "2021-09-21 12:41:07", "elapsed": 9.290023, "delta": 1.017077}}
{"target": 0.8545253250410939, "params": {"eta": 0.3190338039102195, "max_depth": 12.563447950059492, "n_estimators": 39.49314973350399}, "datetime": {"datetime": "2021-09-21 12:41:07", "elapsed": 9.908202, "delta": 0.618179}}
{"target": 0.8565684099524035, "params": {"eta": 0.3707453743445196, "max_depth": 9.299203286118003, "n_estimators": 52.54125133967639}, "datetime": {"datetime": "2021-09-21 12:41:08", "elapsed": 10.718806, "delta": 0.810604}}
{"target": 0.8485854705942696, "params": {"eta": 0.3154333851069614, "max_depth": 6.3680068628289535, "n_estimators": 53.40275541535722}, "datetime": {"datetime": "2021-09-21 12:41:09", "elapsed": 11.250151, "delta": 0.531345}}
{"target": 0.876985715993379, "params": {"eta": 0.1583394733564907, "max_depth": 7.900760908669636, "n_estimators": 51.1702853296661}, "datetime": {"datetime": "2021-09-21 12:41:09", "elapsed": 11.767434, "delta": 0.517283}}
{"target": 0.854694980631822, "params": {"eta": 0.29088833166558087, "max_depth": 11.188549198482278, "n_estimators": 35.25136425297358}, "datetime": {"datetime": "2021-09-21 12:41:10", "elapsed": 12.514025, "delta": 0.746591}}
{"target": 0.8488876565980618, "params": {"eta": 0.24037322749166817, "max_depth": 15.531376586824662, "n_estimators": 37.386596268741684}, "datetime": {"datetime": "2021-09-21 12:41:11", "elapsed": 13.307063, "delta": 0.793038}}
{"target": 0.8534273144991545, "params": {"eta": 0.4, "max_depth": 9.100146182233017, "n_estimators": 42.31688023737198}, "datetime": {"datetime": "2021-09-21 12:41:12", "elapsed": 14.006304, "delta": 0.699241}}
{"target": 0.8755509989497965, "params": {"eta": 0.20182185449319437, "max_depth": 13.420808261169807, "n_estimators": 43.55161692097596}, "datetime": {"datetime": "2021-09-21 12:41:12", "elapsed": 14.721304, "delta": 0.715}}
{"target": 0.8548417545167608, "params": {"eta": 0.35797174030496404, "max_depth": 13.257702114994201, "n_estimators": 45.222205898213915}, "datetime": {"datetime": "2021-09-21 12:41:13", "elapsed": 15.72175, "delta": 1.000446}}
{"target": 0.8437042248080842, "params": {"eta": 0.1, "max_depth": 12.541246405486184, "n_estimators": 42.39839645471478}, "datetime": {"datetime": "2021-09-21 12:41:14", "elapsed": 16.621312, "delta": 0.899562}}
{"target": 0.8532875216504814, "params": {"eta": 0.24433991425244497, "max_depth": 14.509202948121027, "n_estimators": 43.580959251111814}, "datetime": {"datetime": "2021-09-21 12:41:15", "elapsed": 17.485076, "delta": 0.863764}}
{"target": 0.8629638167205518, "params": {"eta": 0.30886417192341786, "max_depth": 8.697322959752842, "n_estimators": 51.35168317776089}, "datetime": {"datetime": "2021-09-21 12:41:16", "elapsed": 18.269571, "delta": 0.784495}}
{"target": 0.8469615718942194, "params": {"eta": 0.3122328544591882, "max_depth": 7.0177908306354695, "n_estimators": 51.6428748514125}, "datetime": {"datetime": "2021-09-21 12:41:16", "elapsed": 18.83957, "delta": 0.569999}}
