{"target": -2.575577306120019, "params": {"eta": 0.32628629707629425, "max_depth": 6.171538172999798, "n_estimators": 14.162312930108861}, "datetime": {"datetime": "2021-09-17 12:18:15", "elapsed": 146.503522, "delta": 1.043612}}
{"target": -2.575577919734152, "params": {"eta": 0.38908499638457944, "max_depth": 7.596025899277052, "n_estimators": 16.3407754666588}, "datetime": {"datetime": "2021-09-17 12:18:16", "elapsed": 147.470522, "delta": 0.967}}
{"target": -2.671636867523193, "params": {"eta": 0.4254155645794405, "max_depth": 6.689631900848282, "n_estimators": 13.595984491159072}, "datetime": {"datetime": "2021-09-17 12:18:17", "elapsed": 148.384155, "delta": 0.913633}}
{"target": -2.511824989946265, "params": {"eta": 0.4727222169867236, "max_depth": 6.746061572005007, "n_estimators": 13.544229834293048}, "datetime": {"datetime": "2021-09-17 12:18:18", "elapsed": 149.273153, "delta": 0.888998}}
{"target": -2.5584808010804023, "params": {"eta": 0.3055350615826281, "max_depth": 6.004066310815096, "n_estimators": 16.92209774614732}, "datetime": {"datetime": "2021-09-17 12:18:19", "elapsed": 150.45606, "delta": 1.182907}}
{"target": -2.6246478381909824, "params": {"eta": 0.46703906180581023, "max_depth": 8.608838805553786, "n_estimators": 15.640165358521642}, "datetime": {"datetime": "2021-09-17 12:18:20", "elapsed": 151.608989, "delta": 1.152929}}
{"target": -2.536561481576217, "params": {"eta": 0.3066640372711276, "max_depth": 11.124553813951772, "n_estimators": 15.238003356838096}, "datetime": {"datetime": "2021-09-17 12:18:21", "elapsed": 152.506987, "delta": 0.897998}}
{"target": -2.5638702561980797, "params": {"eta": 0.31889268199577014, "max_depth": 5.907627201723697, "n_estimators": 16.975400068368515}, "datetime": {"datetime": "2021-09-17 12:18:22", "elapsed": 153.544643, "delta": 1.037656}}
{"target": -2.8072271949366523, "params": {"eta": 0.32077987993803564, "max_depth": 12.040023137384237, "n_estimators": 9.326259523202769}, "datetime": {"datetime": "2021-09-17 12:18:23", "elapsed": 154.390645, "delta": 0.846002}}
{"target": -2.6419863976930316, "params": {"eta": 0.4689480689198263, "max_depth": 8.577605910232817, "n_estimators": 10.139542593033617}, "datetime": {"datetime": "2021-09-17 12:18:24", "elapsed": 155.56295, "delta": 1.172305}}
{"target": -2.416851867500104, "params": {"eta": 0.2821869724727076, "max_depth": 7.487011516783195, "n_estimators": 16.955231265659656}, "datetime": {"datetime": "2021-09-17 12:18:25", "elapsed": 156.437952, "delta": 0.875002}}
{"target": -2.681240848491066, "params": {"eta": 0.3890086753548066, "max_depth": 3.8652171028334354, "n_estimators": 12.084973872566025}, "datetime": {"datetime": "2021-09-17 12:18:26", "elapsed": 157.281955, "delta": 0.844003}}
{"target": -2.4988864854762425, "params": {"eta": 0.4761021813731964, "max_depth": 7.740462259824615, "n_estimators": 9.101904834346835}, "datetime": {"datetime": "2021-09-17 12:18:26", "elapsed": 158.14514, "delta": 0.863185}}
{"target": -2.5676657450826545, "params": {"eta": 0.3608687743900934, "max_depth": 5.483987992519669, "n_estimators": 16.99765911954975}, "datetime": {"datetime": "2021-09-17 12:18:27", "elapsed": 159.117139, "delta": 0.971999}}
{"target": -2.425280648156216, "params": {"eta": 0.28724401524695586, "max_depth": 7.533862868353231, "n_estimators": 16.949748504659112}, "datetime": {"datetime": "2021-09-17 12:18:29", "elapsed": 160.427001, "delta": 1.309862}}
{"target": -2.4559301175569233, "params": {"eta": 0.3035695819529953, "max_depth": 5.975951478266903, "n_estimators": 16.849915192594406}, "datetime": {"datetime": "2021-09-17 12:18:30", "elapsed": 161.499001, "delta": 1.072}}
{"target": -2.5051364221070944, "params": {"eta": 0.292678310200635, "max_depth": 6.004352509444404, "n_estimators": 16.874578523799357}, "datetime": {"datetime": "2021-09-17 12:18:31", "elapsed": 162.627725, "delta": 1.128724}}
{"target": -2.5311876660899113, "params": {"eta": 0.31142972501357, "max_depth": 5.993502867141454, "n_estimators": 16.818155657654003}, "datetime": {"datetime": "2021-09-17 12:18:32", "elapsed": 163.599358, "delta": 0.971633}}
{"target": -2.647815225626293, "params": {"eta": 0.4454106980467353, "max_depth": 7.723176631794514, "n_estimators": 9.144355198593438}, "datetime": {"datetime": "2021-09-17 12:18:33", "elapsed": 164.516556, "delta": 0.917198}}
{"target": -2.5155545335066942, "params": {"eta": 0.4180723527582657, "max_depth": 5.491570583988935, "n_estimators": 16.855999967984484}, "datetime": {"datetime": "2021-09-17 12:18:34", "elapsed": 165.482204, "delta": 0.965648}}
{"target": -2.619010165490602, "params": {"eta": 0.285916176072492, "max_depth": 7.280971210125549, "n_estimators": 15.815080091932284}, "datetime": {"datetime": "2021-09-17 12:18:35", "elapsed": 166.485844, "delta": 1.00364}}
{"target": -2.543871612297861, "params": {"eta": 0.46922777142458805, "max_depth": 5.499506812334093, "n_estimators": 16.856663843997765}, "datetime": {"datetime": "2021-09-17 12:18:36", "elapsed": 167.558847, "delta": 1.073003}}
{"target": -2.4580762449063753, "params": {"eta": 0.4455388582757994, "max_depth": 13.0, "n_estimators": 15.402619436805036}, "datetime": {"datetime": "2021-09-17 12:18:37", "elapsed": 168.821823, "delta": 1.262976}}
{"target": -2.452252096878855, "params": {"eta": 0.28299568946713677, "max_depth": 5.94382213644654, "n_estimators": 16.856116680964643}, "datetime": {"datetime": "2021-09-17 12:18:38", "elapsed": 170.161062, "delta": 1.339239}}
{"target": -2.695587923652247, "params": {"eta": 0.4778758034549066, "max_depth": 12.34113619746209, "n_estimators": 8.496910543038847}, "datetime": {"datetime": "2021-09-17 12:18:39", "elapsed": 171.03576, "delta": 0.874698}}
{"target": -2.5781112269351354, "params": {"eta": 0.286368678197951, "max_depth": 5.952801910911282, "n_estimators": 16.802082335902675}, "datetime": {"datetime": "2021-09-17 12:18:40", "elapsed": 172.006922, "delta": 0.971162}}
{"target": -2.5376262614601535, "params": {"eta": 0.29116731680379326, "max_depth": 7.453798035721322, "n_estimators": 16.989914433458303}, "datetime": {"datetime": "2021-09-17 12:18:42", "elapsed": 173.635922, "delta": 1.629}}
{"target": -2.588324633397554, "params": {"eta": 0.41553256039211933, "max_depth": 6.675557898104131, "n_estimators": 13.66503745299563}, "datetime": {"datetime": "2021-09-17 12:18:43", "elapsed": 174.603276, "delta": 0.967354}}
{"target": -2.585934660936657, "params": {"eta": 0.4658386144290797, "max_depth": 12.948143494037776, "n_estimators": 15.381834389467503}, "datetime": {"datetime": "2021-09-17 12:18:44", "elapsed": 175.675825, "delta": 1.072549}}
{"target": -2.604953082611686, "params": {"eta": 0.4793794306028431, "max_depth": 8.635998310445833, "n_estimators": 10.111203106183595}, "datetime": {"datetime": "2021-09-17 12:18:45", "elapsed": 176.896815, "delta": 1.22099}}
{"target": -2.603116418185987, "params": {"eta": 0.38375207396013883, "max_depth": 5.33760098682997, "n_estimators": 13.303795268464661}, "datetime": {"datetime": "2021-09-17 12:18:46", "elapsed": 177.889118, "delta": 0.992303}}
{"target": -2.5016157714944134, "params": {"eta": 0.4070345083115211, "max_depth": 10.099001580025726, "n_estimators": 16.967384222439968}, "datetime": {"datetime": "2021-09-17 12:18:47", "elapsed": 178.969315, "delta": 1.080197}}
{"target": -2.5331546821092306, "params": {"eta": 0.33596850623697666, "max_depth": 5.5382537638883305, "n_estimators": 16.97570148362376}, "datetime": {"datetime": "2021-09-17 12:18:49", "elapsed": 180.847416, "delta": 1.878101}}
{"target": -2.6357884206269917, "params": {"eta": 0.36264629707332907, "max_depth": 6.1621651055442594, "n_estimators": 9.346721929987691}, "datetime": {"datetime": "2021-09-17 12:18:50", "elapsed": 181.715147, "delta": 0.867731}}
{"target": -2.5653075807972963, "params": {"eta": 0.4748417571428142, "max_depth": 10.061182095429015, "n_estimators": 11.504507711058825}, "datetime": {"datetime": "2021-09-17 12:18:51", "elapsed": 182.78474, "delta": 1.069593}}
{"target": -2.516512722718088, "params": {"eta": 0.3278430830278061, "max_depth": 9.289367150594398, "n_estimators": 15.424101592089526}, "datetime": {"datetime": "2021-09-17 12:18:52", "elapsed": 184.088512, "delta": 1.303772}}
{"target": -2.765883755056482, "params": {"eta": 0.40658031802429384, "max_depth": 11.355119492773058, "n_estimators": 10.590680568339824}, "datetime": {"datetime": "2021-09-17 12:18:53", "elapsed": 185.097516, "delta": 1.009004}}
{"target": -2.6313277759050067, "params": {"eta": 0.39385409036783625, "max_depth": 7.5726268041566, "n_estimators": 14.462550778941413}, "datetime": {"datetime": "2021-09-17 12:18:54", "elapsed": 186.141031, "delta": 1.043515}}
{"target": -2.5844571113586423, "params": {"eta": 0.34080670580391714, "max_depth": 10.041730795217436, "n_estimators": 16.95708493879657}, "datetime": {"datetime": "2021-09-17 12:18:56", "elapsed": 187.411426, "delta": 1.270395}}
{"target": -2.6205214337298743, "params": {"eta": 0.3529848331774444, "max_depth": 5.979261478970234, "n_estimators": 16.87357176136561}, "datetime": {"datetime": "2021-09-17 12:18:57", "elapsed": 188.842361, "delta": 1.430935}}
{"target": -2.633981475077177, "params": {"eta": 0.3729261411823293, "max_depth": 7.92516876366179, "n_estimators": 10.871091807483612}, "datetime": {"datetime": "2021-09-17 12:18:58", "elapsed": 189.872523, "delta": 1.030162}}
{"target": -2.6368183073244595, "params": {"eta": 0.475103719144429, "max_depth": 5.778830816591799, "n_estimators": 8.854640008350874}, "datetime": {"datetime": "2021-09-17 12:18:59", "elapsed": 190.934172, "delta": 1.061649}}
{"target": -2.8182128881153305, "params": {"eta": 0.38637403417875726, "max_depth": 6.353805584814791, "n_estimators": 8.043959036598487}, "datetime": {"datetime": "2021-09-17 12:19:00", "elapsed": 191.940176, "delta": 1.006004}}
{"target": -2.61551875189731, "params": {"eta": 0.35662113232711506, "max_depth": 10.460071030140742, "n_estimators": 14.340096521488757}, "datetime": {"datetime": "2021-09-17 12:19:01", "elapsed": 193.026762, "delta": 1.086586}}
{"target": -2.4416702609313163, "params": {"eta": 0.3082933999531053, "max_depth": 7.830043805792094, "n_estimators": 15.710579769298462}, "datetime": {"datetime": "2021-09-17 12:19:03", "elapsed": 194.399346, "delta": 1.372584}}
{"target": -2.5088430963064496, "params": {"eta": 0.2989569329475559, "max_depth": 5.904997903315425, "n_estimators": 16.85253086771052}, "datetime": {"datetime": "2021-09-17 12:19:04", "elapsed": 195.621921, "delta": 1.222575}}
{"target": -2.6246172390486064, "params": {"eta": 0.328210004657618, "max_depth": 7.554817905948493, "n_estimators": 16.905425704051716}, "datetime": {"datetime": "2021-09-17 12:19:05", "elapsed": 196.856392, "delta": 1.234471}}
{"target": -2.6381446737992134, "params": {"eta": 0.3473886689968371, "max_depth": 9.24561093198831, "n_estimators": 15.443754699851604}, "datetime": {"datetime": "2021-09-17 12:19:06", "elapsed": 198.170005, "delta": 1.313613}}
{"target": -2.4722127908154534, "params": {"eta": 0.2824983910922172, "max_depth": 7.891050380186742, "n_estimators": 15.7022373508626}, "datetime": {"datetime": "2021-09-17 12:19:08", "elapsed": 199.307009, "delta": 1.137004}}
{"target": -2.55647171861247, "params": {"eta": 0.303444242119806, "max_depth": 7.918685580750205, "n_estimators": 15.654324870937689}, "datetime": {"datetime": "2021-09-17 12:19:09", "elapsed": 200.950144, "delta": 1.643135}}
{"target": -2.584456034710533, "params": {"eta": 0.32990434667624896, "max_depth": 5.242490805914316, "n_estimators": 14.459010605788196}, "datetime": {"datetime": "2021-09-17 12:19:11", "elapsed": 202.307501, "delta": 1.357357}}
{"target": -2.42498773461894, "params": {"eta": 0.28020320856350917, "max_depth": 9.293169893543208, "n_estimators": 15.443188647721174}, "datetime": {"datetime": "2021-09-17 12:19:12", "elapsed": 203.625113, "delta": 1.317612}}
{"target": -2.6490925148913735, "params": {"eta": 0.41456604254445295, "max_depth": 5.517686294863486, "n_estimators": 10.269355992921568}, "datetime": {"datetime": "2021-09-17 12:19:13", "elapsed": 204.75956, "delta": 1.134447}}
{"target": -2.6157350446048535, "params": {"eta": 0.3344551338805515, "max_depth": 9.31022053707822, "n_estimators": 15.484572168371301}, "datetime": {"datetime": "2021-09-17 12:19:14", "elapsed": 206.099922, "delta": 1.340362}}
{"target": -2.541133028582523, "params": {"eta": 0.28340717611797206, "max_depth": 7.889147538352757, "n_estimators": 15.709980740686682}, "datetime": {"datetime": "2021-09-17 12:19:15", "elapsed": 207.212921, "delta": 1.112999}}
{"target": -2.593786742812709, "params": {"eta": 0.35161167505386265, "max_depth": 11.237547993416124, "n_estimators": 15.237027977030449}, "datetime": {"datetime": "2021-09-17 12:19:17", "elapsed": 208.403692, "delta": 1.190771}}
{"target": -2.416992407096059, "params": {"eta": 0.2926176354362049, "max_depth": 5.9323636462900735, "n_estimators": 16.89646530432941}, "datetime": {"datetime": "2021-09-17 12:19:18", "elapsed": 209.874473, "delta": 1.470781}}
{"target": -2.609175180761438, "params": {"eta": 0.47435525204339096, "max_depth": 7.1048525135259375, "n_estimators": 10.247828860903972}, "datetime": {"datetime": "2021-09-17 12:19:20", "elapsed": 211.758735, "delta": 1.884262}}
{"target": -2.5598540776654293, "params": {"eta": 0.2861243642906974, "max_depth": 7.866986049935495, "n_estimators": 15.654980150635065}, "datetime": {"datetime": "2021-09-17 12:19:21", "elapsed": 213.003357, "delta": 1.244622}}
{"target": -2.600643851882533, "params": {"eta": 0.3266361276295134, "max_depth": 5.038930825870664, "n_estimators": 14.992553981539409}, "datetime": {"datetime": "2021-09-17 12:19:23", "elapsed": 214.557354, "delta": 1.553997}}
{"target": -2.7424821351703845, "params": {"eta": 0.4004555491329767, "max_depth": 10.144866865255278, "n_estimators": 16.917904997404847}, "datetime": {"datetime": "2021-09-17 12:19:24", "elapsed": 215.9593, "delta": 1.401946}}
{"target": -2.419406473636627, "params": {"eta": 0.4348199912130335, "max_depth": 6.715264433392069, "n_estimators": 13.53771121171815}, "datetime": {"datetime": "2021-09-17 12:19:26", "elapsed": 217.301299, "delta": 1.341999}}
{"target": -2.589099409078297, "params": {"eta": 0.4359521304576709, "max_depth": 6.698828489311401, "n_estimators": 13.476045548032722}, "datetime": {"datetime": "2021-09-17 12:19:27", "elapsed": 218.801168, "delta": 1.499869}}
{"target": -2.6432730643372784, "params": {"eta": 0.42826537273018117, "max_depth": 12.09164047890698, "n_estimators": 16.94113900861784}, "datetime": {"datetime": "2021-09-17 12:19:28", "elapsed": 220.025404, "delta": 1.224236}}
{"target": -2.661812484264374, "params": {"eta": 0.46505163151119594, "max_depth": 10.7703632114769, "n_estimators": 13.443631315563653}, "datetime": {"datetime": "2021-09-17 12:19:29", "elapsed": 221.196189, "delta": 1.170785}}
{"target": -2.6935113555506653, "params": {"eta": 0.3200575702468503, "max_depth": 10.191583332519993, "n_estimators": 10.595604550994327}, "datetime": {"datetime": "2021-09-17 12:19:31", "elapsed": 222.393694, "delta": 1.197505}}
{"target": -2.4921682326417223, "params": {"eta": 0.3658778503333058, "max_depth": 10.799317332034128, "n_estimators": 16.13844847690172}, "datetime": {"datetime": "2021-09-17 12:19:32", "elapsed": 223.60334, "delta": 1.209646}}
{"target": -2.621067279890964, "params": {"eta": 0.45470034321885255, "max_depth": 6.757973271962532, "n_estimators": 13.511317505428886}, "datetime": {"datetime": "2021-09-17 12:19:33", "elapsed": 225.226909, "delta": 1.623569}}
{"target": -2.596910378807469, "params": {"eta": 0.32504896154668067, "max_depth": 5.95372705454006, "n_estimators": 16.916392976458525}, "datetime": {"datetime": "2021-09-17 12:19:35", "elapsed": 226.464876, "delta": 1.237967}}
{"target": -2.44364902283016, "params": {"eta": 0.35723950646404046, "max_depth": 6.586162578340205, "n_estimators": 14.838452668906298}, "datetime": {"datetime": "2021-09-17 12:19:36", "elapsed": 228.193206, "delta": 1.72833}}
{"target": -2.584845270608601, "params": {"eta": 0.2916608770125101, "max_depth": 7.605960216986713, "n_estimators": 11.817842744463512}, "datetime": {"datetime": "2021-09-17 12:19:38", "elapsed": 229.341202, "delta": 1.147996}}
{"target": -2.471415062327134, "params": {"eta": 0.28014541246188795, "max_depth": 7.550959593722866, "n_estimators": 16.962799153977862}, "datetime": {"datetime": "2021-09-17 12:19:39", "elapsed": 230.89601, "delta": 1.554808}}
{"target": -2.6156122628011205, "params": {"eta": 0.2835739081467535, "max_depth": 7.23984559668403, "n_estimators": 16.119297777176232}, "datetime": {"datetime": "2021-09-17 12:19:41", "elapsed": 232.337873, "delta": 1.441863}}
{"target": -2.639070989583668, "params": {"eta": 0.47413715089882635, "max_depth": 11.407823894815165, "n_estimators": 10.731783477862802}, "datetime": {"datetime": "2021-09-17 12:19:42", "elapsed": 233.588525, "delta": 1.250652}}
{"target": -2.6322058320045474, "params": {"eta": 0.4605031268840699, "max_depth": 6.70865424646082, "n_estimators": 13.542459381091508}, "datetime": {"datetime": "2021-09-17 12:19:44", "elapsed": 235.537562, "delta": 1.949037}}
{"target": -2.6500700975719247, "params": {"eta": 0.3874475215027976, "max_depth": 6.630565960024238, "n_estimators": 14.836862949887713}, "datetime": {"datetime": "2021-09-17 12:19:45", "elapsed": 237.050194, "delta": 1.512632}}
{"target": -2.563833431193703, "params": {"eta": 0.33487121309346507, "max_depth": 6.606668041782153, "n_estimators": 14.810512087379317}, "datetime": {"datetime": "2021-09-17 12:19:47", "elapsed": 238.549086, "delta": 1.498892}}
{"target": -2.4829740185486644, "params": {"eta": 0.28297225611054916, "max_depth": 7.299711965844385, "n_estimators": 15.74897957636784}, "datetime": {"datetime": "2021-09-17 12:19:49", "elapsed": 240.426619, "delta": 1.877533}}
{"target": -2.56460888072064, "params": {"eta": 0.380552393357393, "max_depth": 6.548779132838846, "n_estimators": 14.836180667159566}, "datetime": {"datetime": "2021-09-17 12:19:50", "elapsed": 242.022622, "delta": 1.596003}}
{"target": -2.5021187744642557, "params": {"eta": 0.30428634715017033, "max_depth": 6.542419682285086, "n_estimators": 14.827291540095612}, "datetime": {"datetime": "2021-09-17 12:19:52", "elapsed": 243.490871, "delta": 1.468249}}
{"target": -2.579743131838347, "params": {"eta": 0.37786778107784724, "max_depth": 11.679554448231858, "n_estimators": 15.04915763633479}, "datetime": {"datetime": "2021-09-17 12:19:53", "elapsed": 244.690871, "delta": 1.2}}
{"target": -2.557316375406165, "params": {"eta": 0.3370208107555738, "max_depth": 7.563185520107834, "n_estimators": 16.979272969531152}, "datetime": {"datetime": "2021-09-17 12:19:55", "elapsed": 246.582127, "delta": 1.891256}}
{"target": -2.5630086283934745, "params": {"eta": 0.43719695498063105, "max_depth": 12.460011479835387, "n_estimators": 10.528362173012455}, "datetime": {"datetime": "2021-09-17 12:19:56", "elapsed": 247.902743, "delta": 1.320616}}
{"target": -2.51973155548698, "params": {"eta": 0.3186184004719265, "max_depth": 7.817067712253575, "n_estimators": 15.749917029517205}, "datetime": {"datetime": "2021-09-17 12:19:58", "elapsed": 249.539881, "delta": 1.637138}}
{"target": -2.6037860588023536, "params": {"eta": 0.4555541194388334, "max_depth": 5.333430168426745, "n_estimators": 13.520759567261205}, "datetime": {"datetime": "2021-09-17 12:19:59", "elapsed": 250.781523, "delta": 1.241642}}
{"target": -2.5584665536880493, "params": {"eta": 0.3567616535157079, "max_depth": 5.759491989120732, "n_estimators": 16.43255974784844}, "datetime": {"datetime": "2021-09-17 12:20:00", "elapsed": 252.154522, "delta": 1.372999}}
{"target": -2.531139784737637, "params": {"eta": 0.3110653467329743, "max_depth": 5.939617679055239, "n_estimators": 16.88588758771582}, "datetime": {"datetime": "2021-09-17 12:20:02", "elapsed": 253.594036, "delta": 1.439514}}
{"target": -2.626731954122844, "params": {"eta": 0.433530433589691, "max_depth": 5.847506379062958, "n_estimators": 8.279976939668234}, "datetime": {"datetime": "2021-09-17 12:20:03", "elapsed": 255.039823, "delta": 1.445787}}
{"target": -2.388071828766873, "params": {"eta": 0.29692883280792853, "max_depth": 7.488645208993345, "n_estimators": 16.968036393340203}, "datetime": {"datetime": "2021-09-17 12:20:05", "elapsed": 256.903097, "delta": 1.863274}}
{"target": -2.606465224215859, "params": {"eta": 0.35652426451651886, "max_depth": 3.7757579409472184, "n_estimators": 16.90407748694192}, "datetime": {"datetime": "2021-09-17 12:20:07", "elapsed": 258.25084, "delta": 1.347743}}
{"target": -2.8939679597553454, "params": {"eta": 0.3394584052989872, "max_depth": 3.6260638078838365, "n_estimators": 16.791705634872955}, "datetime": {"datetime": "2021-09-17 12:20:08", "elapsed": 259.581835, "delta": 1.330995}}
{"target": -2.5853322518499273, "params": {"eta": 0.42869725017617605, "max_depth": 9.472613009217895, "n_estimators": 13.132558174611662}, "datetime": {"datetime": "2021-09-17 12:20:09", "elapsed": 260.877404, "delta": 1.295569}}
{"target": -2.7156118788217243, "params": {"eta": 0.32597181376090817, "max_depth": 4.309196124753004, "n_estimators": 10.204789428714584}, "datetime": {"datetime": "2021-09-17 12:20:10", "elapsed": 262.146409, "delta": 1.269005}}
{"target": -2.5794009723161397, "params": {"eta": 0.32622466265170197, "max_depth": 5.0417013883071755, "n_estimators": 15.0887984342629}, "datetime": {"datetime": "2021-09-17 12:20:12", "elapsed": 263.59105, "delta": 1.444641}}
{"target": -2.5822752551028603, "params": {"eta": 0.297903937008287, "max_depth": 5.324307728751816, "n_estimators": 12.402029097326537}, "datetime": {"datetime": "2021-09-17 12:20:14", "elapsed": 265.345137, "delta": 1.754087}}
{"target": -2.648963231162021, "params": {"eta": 0.42308993978778286, "max_depth": 6.764678219145473, "n_estimators": 13.593676284079375}, "datetime": {"datetime": "2021-09-17 12:20:16", "elapsed": 267.866843, "delta": 2.521706}}
