{"target": -12.669675800767488, "params": {"eta": 0.49450256249445573, "max_depth": 7.916633125858129, "n_estimators": 78.33543816940048}, "datetime": {"datetime": "2021-09-27 18:52:22", "elapsed": 237.624927, "delta": 1.436145}}
{"target": -11.7028311067819, "params": {"eta": 0.21073964851131832, "max_depth": 8.935021715987348, "n_estimators": 95.60658889381591}, "datetime": {"datetime": "2021-09-27 18:52:24", "elapsed": 239.173928, "delta": 1.549001}}
{"target": -11.466019992499266, "params": {"eta": 0.12305909908535184, "max_depth": 6.566003023903896, "n_estimators": 77.93661548441796}, "datetime": {"datetime": "2021-09-27 18:52:26", "elapsed": 241.164061, "delta": 1.990133}}
{"target": -11.591765462472132, "params": {"eta": 0.06959162554736496, "max_depth": 9.632639223391616, "n_estimators": 76.46532209568824}, "datetime": {"datetime": "2021-09-27 18:52:28", "elapsed": 243.060704, "delta": 1.896643}}
{"target": -11.858360359477942, "params": {"eta": 0.4577677146911333, "max_depth": 7.822105693110462, "n_estimators": 78.16511924487683}, "datetime": {"datetime": "2021-09-27 18:52:30", "elapsed": 245.017263, "delta": 1.956559}}
{"target": -11.86407949058735, "params": {"eta": 0.43600302981331346, "max_depth": 16.64732850297092, "n_estimators": 71.41025009112383}, "datetime": {"datetime": "2021-09-27 18:52:31", "elapsed": 246.307519, "delta": 1.290256}}
{"target": -11.128838945020487, "params": {"eta": 0.12292613450213243, "max_depth": 7.046950319498063, "n_estimators": 77.28206678162485}, "datetime": {"datetime": "2021-09-27 18:52:33", "elapsed": 248.222151, "delta": 1.914632}}
{"target": -11.755026114871688, "params": {"eta": 0.09075429817792405, "max_depth": 9.946235295273913, "n_estimators": 76.96453802004265}, "datetime": {"datetime": "2021-09-27 18:52:35", "elapsed": 250.039803, "delta": 1.817652}}
{"target": -11.14968479316946, "params": {"eta": 0.15263705510288395, "max_depth": 6.1171924968092, "n_estimators": 78.9460900978646}, "datetime": {"datetime": "2021-09-27 18:52:36", "elapsed": 251.5624, "delta": 1.522597}}
{"target": -11.794479974154052, "params": {"eta": 0.31764634298510214, "max_depth": 25.81711993711879, "n_estimators": 87.0880535103559}, "datetime": {"datetime": "2021-09-27 18:52:38", "elapsed": 253.069398, "delta": 1.506998}}
{"target": -11.56384915094011, "params": {"eta": 0.22694910068420426, "max_depth": 6.7900351953949025, "n_estimators": 77.8306835369159}, "datetime": {"datetime": "2021-09-27 18:52:39", "elapsed": 254.899994, "delta": 1.830596}}
{"target": -11.230409537768663, "params": {"eta": 0.1697145403704347, "max_depth": 6.3255805992347565, "n_estimators": 78.89697650570196}, "datetime": {"datetime": "2021-09-27 18:52:41", "elapsed": 256.748282, "delta": 1.848288}}
{"target": -11.376537380354508, "params": {"eta": 0.36268890155589056, "max_depth": 8.818405011503627, "n_estimators": 94.17364453163819}, "datetime": {"datetime": "2021-09-27 18:52:43", "elapsed": 258.425297, "delta": 1.677015}}
{"target": -11.361460819942023, "params": {"eta": 0.1940636995109163, "max_depth": 6.465645448528194, "n_estimators": 77.64719598086819}, "datetime": {"datetime": "2021-09-27 18:52:45", "elapsed": 260.232737, "delta": 1.80744}}
{"target": -11.545111037060433, "params": {"eta": 0.18096872062333852, "max_depth": 9.719602737652927, "n_estimators": 95.99774957891378}, "datetime": {"datetime": "2021-09-27 18:52:46", "elapsed": 261.830145, "delta": 1.597408}}
{"target": -12.241751138369446, "params": {"eta": 0.4051383048581247, "max_depth": 5.900345452210891, "n_estimators": 63.37902296085879}, "datetime": {"datetime": "2021-09-27 18:52:48", "elapsed": 263.003143, "delta": 1.172998}}
{"target": -11.536961390064905, "params": {"eta": 0.0852206566348012, "max_depth": 12.947081075456728, "n_estimators": 88.53076544168297}, "datetime": {"datetime": "2021-09-27 18:52:49", "elapsed": 264.831515, "delta": 1.828372}}
{"target": -11.910038945270976, "params": {"eta": 0.24517084670429296, "max_depth": 3.366735855603447, "n_estimators": 63.173456621748876}, "datetime": {"datetime": "2021-09-27 18:52:51", "elapsed": 266.107515, "delta": 1.276}}
{"target": -11.290702103961877, "params": {"eta": 0.07577670399842251, "max_depth": 6.714807374965095, "n_estimators": 77.8471861231613}, "datetime": {"datetime": "2021-09-27 18:52:53", "elapsed": 268.303825, "delta": 2.19631}}
{"target": -13.105387384680842, "params": {"eta": 0.46791902075723785, "max_depth": 4.783786602573368, "n_estimators": 50.77730261175681}, "datetime": {"datetime": "2021-09-27 18:52:54", "elapsed": 269.379198, "delta": 1.075373}}
{"target": -11.594583664551546, "params": {"eta": 0.35109484043565825, "max_depth": 16.44886395992394, "n_estimators": 69.12124072121856}, "datetime": {"datetime": "2021-09-27 18:52:55", "elapsed": 270.766022, "delta": 1.386824}}
{"target": -12.795154944592776, "params": {"eta": 0.4663985965347515, "max_depth": 6.48332669842363, "n_estimators": 64.28276990584176}, "datetime": {"datetime": "2021-09-27 18:52:56", "elapsed": 271.95511, "delta": 1.189088}}
{"target": -11.527459351280212, "params": {"eta": 0.08175225980540832, "max_depth": 13.025381395397082, "n_estimators": 77.12408855475387}, "datetime": {"datetime": "2021-09-27 18:52:58", "elapsed": 273.783588, "delta": 1.828478}}
{"target": -11.40230341044824, "params": {"eta": 0.2991412736241824, "max_depth": 5.121060756229472, "n_estimators": 70.09788655126445}, "datetime": {"datetime": "2021-09-27 18:53:00", "elapsed": 275.234588, "delta": 1.451}}
{"target": -11.436267842362021, "params": {"eta": 0.08171806914053681, "max_depth": 6.119199839022234, "n_estimators": 78.8797390696966}, "datetime": {"datetime": "2021-09-27 18:53:02", "elapsed": 277.663477, "delta": 2.428889}}
{"target": -11.134706415564805, "params": {"eta": 0.11957909019957436, "max_depth": 25.570425747104604, "n_estimators": 73.30406149627407}, "datetime": {"datetime": "2021-09-27 18:53:05", "elapsed": 280.107035, "delta": 2.443558}}
{"target": -12.243810077572267, "params": {"eta": 0.40021178116686934, "max_depth": 14.275621331444537, "n_estimators": 56.900627416319594}, "datetime": {"datetime": "2021-09-27 18:53:06", "elapsed": 281.894705, "delta": 1.78767}}
{"target": -11.951868532332236, "params": {"eta": 0.16467164401274398, "max_depth": 17.844549234008696, "n_estimators": 97.2289877225943}, "datetime": {"datetime": "2021-09-27 18:53:09", "elapsed": 284.047328, "delta": 2.152623}}
{"target": -11.11776966450266, "params": {"eta": 0.10897246715533862, "max_depth": 6.685459875919746, "n_estimators": 77.94476322371943}, "datetime": {"datetime": "2021-09-27 18:53:11", "elapsed": 286.500288, "delta": 2.45296}}
{"target": -11.245992426773773, "params": {"eta": 0.10371752940038956, "max_depth": 9.730367941330021, "n_estimators": 76.99008514436841}, "datetime": {"datetime": "2021-09-27 18:53:13", "elapsed": 288.959506, "delta": 2.459218}}
{"target": -11.02565499673577, "params": {"eta": 0.10164403831015481, "max_depth": 6.558170274155495, "n_estimators": 77.31408621951077}, "datetime": {"datetime": "2021-09-27 18:53:16", "elapsed": 291.453107, "delta": 2.493601}}
{"target": -14.81902334449855, "params": {"eta": 0.16547908791188293, "max_depth": 1.9068081030712272, "n_estimators": 78.84831658031123}, "datetime": {"datetime": "2021-09-27 18:53:17", "elapsed": 292.563828, "delta": 1.110721}}
{"target": -12.631373615882623, "params": {"eta": 0.44944571946941, "max_depth": 21.880242024526215, "n_estimators": 60.816338690425695}, "datetime": {"datetime": "2021-09-27 18:53:19", "elapsed": 294.415254, "delta": 1.851426}}
{"target": -12.115298284510738, "params": {"eta": 0.3060852869887336, "max_depth": 26.6318402387896, "n_estimators": 98.95541734343934}, "datetime": {"datetime": "2021-09-27 18:53:22", "elapsed": 297.524419, "delta": 3.109165}}
{"target": -11.717158976614462, "params": {"eta": 0.29288248354664015, "max_depth": 6.578415065823181, "n_estimators": 77.70773252807297}, "datetime": {"datetime": "2021-09-27 18:53:24", "elapsed": 299.47357, "delta": 1.949151}}
{"target": -11.29847321158874, "params": {"eta": 0.05, "max_depth": 10.174193163908315, "n_estimators": 78.0411081813023}, "datetime": {"datetime": "2021-09-27 18:53:26", "elapsed": 301.784803, "delta": 2.311233}}
{"target": -11.459815582229375, "params": {"eta": 0.057618075183139016, "max_depth": 9.52588175986297, "n_estimators": 76.2299907742827}, "datetime": {"datetime": "2021-09-27 18:53:28", "elapsed": 303.670891, "delta": 1.886088}}
{"target": -11.483086892742193, "params": {"eta": 0.06064764347798081, "max_depth": 6.579400929342799, "n_estimators": 77.81858237992373}, "datetime": {"datetime": "2021-09-27 18:53:31", "elapsed": 306.328475, "delta": 2.657584}}
{"target": -12.778335414216144, "params": {"eta": 0.33167409121994657, "max_depth": 3.3264300694321465, "n_estimators": 52.783630652386584}, "datetime": {"datetime": "2021-09-27 18:53:32", "elapsed": 307.732474, "delta": 1.403999}}
{"target": -11.239785866703377, "params": {"eta": 0.06428707583162516, "max_depth": 23.019393533213762, "n_estimators": 84.0577336549824}, "datetime": {"datetime": "2021-09-27 18:53:34", "elapsed": 309.87248, "delta": 2.140006}}
{"target": -11.986828082137317, "params": {"eta": 0.2142381809697948, "max_depth": 19.022663866895236, "n_estimators": 79.06183952671304}, "datetime": {"datetime": "2021-09-27 18:53:36", "elapsed": 311.454055, "delta": 1.581575}}
{"target": -11.61941512307321, "params": {"eta": 0.07855303598396822, "max_depth": 28.225020783551805, "n_estimators": 60.471079303315506}, "datetime": {"datetime": "2021-09-27 18:53:37", "elapsed": 312.905347, "delta": 1.451292}}
{"target": -11.406308107150306, "params": {"eta": 0.06861180673176272, "max_depth": 10.139983864663082, "n_estimators": 78.85088017072397}, "datetime": {"datetime": "2021-09-27 18:53:41", "elapsed": 316.021303, "delta": 3.115956}}
{"target": -11.169343219604508, "params": {"eta": 0.12327190739414612, "max_depth": 6.47146984537393, "n_estimators": 77.39929004051416}, "datetime": {"datetime": "2021-09-27 18:53:43", "elapsed": 318.132867, "delta": 2.111564}}
{"target": -11.419994607430866, "params": {"eta": 0.05154162657060885, "max_depth": 6.591198589864376, "n_estimators": 77.42800724635993}, "datetime": {"datetime": "2021-09-27 18:53:45", "elapsed": 320.309238, "delta": 2.176371}}
{"target": -11.427577431769805, "params": {"eta": 0.08167177856387878, "max_depth": 9.717292870915594, "n_estimators": 77.22179933406342}, "datetime": {"datetime": "2021-09-27 18:53:47", "elapsed": 322.878321, "delta": 2.569083}}
{"target": -12.151740776183068, "params": {"eta": 0.30276466042110456, "max_depth": 19.352836578719824, "n_estimators": 78.24179118414432}, "datetime": {"datetime": "2021-09-27 18:53:49", "elapsed": 324.706586, "delta": 1.828265}}
{"target": -11.395441825582846, "params": {"eta": 0.12948525317505255, "max_depth": 6.727732627902585, "n_estimators": 77.79544637894695}, "datetime": {"datetime": "2021-09-27 18:53:51", "elapsed": 326.894622, "delta": 2.188036}}
{"target": -11.6340297904829, "params": {"eta": 0.05, "max_depth": 6.916037502946943, "n_estimators": 77.55071290727747}, "datetime": {"datetime": "2021-09-27 18:53:54", "elapsed": 329.846031, "delta": 2.951409}}
{"target": -11.638604010662226, "params": {"eta": 0.1418820760912935, "max_depth": 9.73357618517505, "n_estimators": 76.78004676069584}, "datetime": {"datetime": "2021-09-27 18:53:57", "elapsed": 332.080228, "delta": 2.234197}}
{"target": -12.999702805367058, "params": {"eta": 0.2514618822034739, "max_depth": 18.89520912544339, "n_estimators": 68.25835380292762}, "datetime": {"datetime": "2021-09-27 18:53:59", "elapsed": 334.075024, "delta": 1.994796}}
{"target": -12.169359862348845, "params": {"eta": 0.21741435468950326, "max_depth": 22.8926899258687, "n_estimators": 60.17150633136955}, "datetime": {"datetime": "2021-09-27 18:54:00", "elapsed": 335.845186, "delta": 1.770162}}
{"target": -12.184903040776607, "params": {"eta": 0.2736718052554397, "max_depth": 4.065824542237015, "n_estimators": 78.45832741897192}, "datetime": {"datetime": "2021-09-27 18:54:02", "elapsed": 337.338805, "delta": 1.493619}}
{"target": -12.037706868062008, "params": {"eta": 0.2581376000158933, "max_depth": 8.985078198355618, "n_estimators": 52.737209174870806}, "datetime": {"datetime": "2021-09-27 18:54:04", "elapsed": 339.177159, "delta": 1.838354}}
{"target": -11.45151447262784, "params": {"eta": 0.20923996288830243, "max_depth": 6.179638294140333, "n_estimators": 78.77993621899202}, "datetime": {"datetime": "2021-09-27 18:54:06", "elapsed": 341.125733, "delta": 1.948574}}
{"target": -15.139943426109598, "params": {"eta": 0.17319451122859436, "max_depth": 1.0474974261877597, "n_estimators": 60.95777783446502}, "datetime": {"datetime": "2021-09-27 18:54:07", "elapsed": 342.573214, "delta": 1.447481}}
{"target": -11.513495686565541, "params": {"eta": 0.311881961924691, "max_depth": 22.63243279639883, "n_estimators": 90.28254757841844}, "datetime": {"datetime": "2021-09-27 18:54:10", "elapsed": 345.095517, "delta": 2.522303}}
{"target": -11.61918285359683, "params": {"eta": 0.14193844894628016, "max_depth": 7.84680302628364, "n_estimators": 74.73463119767749}, "datetime": {"datetime": "2021-09-27 18:54:11", "elapsed": 346.512301, "delta": 1.416784}}
{"target": -11.772925737906164, "params": {"eta": 0.14176651285861694, "max_depth": 22.99008707600439, "n_estimators": 84.17168584996487}, "datetime": {"datetime": "2021-09-27 18:54:14", "elapsed": 349.61203, "delta": 3.099729}}
{"target": -10.805172762416404, "params": {"eta": 0.09028636793919155, "max_depth": 7.1402510072913605, "n_estimators": 77.37584399826027}, "datetime": {"datetime": "2021-09-27 18:54:16", "elapsed": 351.987521, "delta": 2.375491}}
{"target": -13.867459431139606, "params": {"eta": 0.3210187765192964, "max_depth": 1.7911781629306667, "n_estimators": 66.91329259282224}, "datetime": {"datetime": "2021-09-27 18:54:18", "elapsed": 353.566522, "delta": 1.579001}}
{"target": -11.516502469003017, "params": {"eta": 0.4357759777988528, "max_depth": 8.560014731827037, "n_estimators": 97.29495869456443}, "datetime": {"datetime": "2021-09-27 18:54:20", "elapsed": 355.681103, "delta": 2.114581}}
{"target": -11.281503657595158, "params": {"eta": 0.08978154927771559, "max_depth": 6.214019857551316, "n_estimators": 77.14256099791982}, "datetime": {"datetime": "2021-09-27 18:54:24", "elapsed": 359.29766, "delta": 3.616557}}
{"target": -11.773123641738474, "params": {"eta": 0.17169877263523758, "max_depth": 6.486719301123192, "n_estimators": 77.50553702154082}, "datetime": {"datetime": "2021-09-27 18:54:26", "elapsed": 361.411286, "delta": 2.113626}}
{"target": -11.847957036604956, "params": {"eta": 0.0950053892306344, "max_depth": 15.896464051632554, "n_estimators": 51.12581277724518}, "datetime": {"datetime": "2021-09-27 18:54:28", "elapsed": 363.936543, "delta": 2.525257}}
{"target": -11.519041797060273, "params": {"eta": 0.1666212993143562, "max_depth": 6.231969298139627, "n_estimators": 77.33654641644904}, "datetime": {"datetime": "2021-09-27 18:54:32", "elapsed": 367.529657, "delta": 3.593114}}
{"target": -13.733674403798782, "params": {"eta": 0.49020353800647776, "max_depth": 12.951970830213162, "n_estimators": 91.94415500620931}, "datetime": {"datetime": "2021-09-27 18:54:34", "elapsed": 369.540125, "delta": 2.010468}}
{"target": -11.476035138311799, "params": {"eta": 0.18763461671908133, "max_depth": 9.197046396590093, "n_estimators": 78.62733942325193}, "datetime": {"datetime": "2021-09-27 18:54:38", "elapsed": 373.167192, "delta": 3.627067}}
{"target": -11.84844013280156, "params": {"eta": 0.27467434735177304, "max_depth": 17.290348616479346, "n_estimators": 61.18948465700264}, "datetime": {"datetime": "2021-09-27 18:54:40", "elapsed": 375.575231, "delta": 2.408039}}
{"target": -11.807196570455753, "params": {"eta": 0.37337506043744506, "max_depth": 19.594203133844687, "n_estimators": 50.16996392344027}, "datetime": {"datetime": "2021-09-27 18:54:42", "elapsed": 377.287686, "delta": 1.712455}}
{"target": -14.293750496822533, "params": {"eta": 0.2666228040726511, "max_depth": 1.0517690709981093, "n_estimators": 74.90557715486108}, "datetime": {"datetime": "2021-09-27 18:54:44", "elapsed": 379.151713, "delta": 1.864027}}
{"target": -11.670962490820347, "params": {"eta": 0.13487841545206813, "max_depth": 12.54671413589839, "n_estimators": 92.90789816279833}, "datetime": {"datetime": "2021-09-27 18:54:46", "elapsed": 381.275801, "delta": 2.124088}}
{"target": -11.267903508193148, "params": {"eta": 0.12062015937950527, "max_depth": 7.2081126926383705, "n_estimators": 77.29504299077753}, "datetime": {"datetime": "2021-09-27 18:54:48", "elapsed": 383.664219, "delta": 2.388418}}
{"target": -12.125192058360069, "params": {"eta": 0.23452664174945015, "max_depth": 4.8834950058703495, "n_estimators": 75.77347658683271}, "datetime": {"datetime": "2021-09-27 18:54:50", "elapsed": 385.841637, "delta": 2.177418}}
{"target": -12.320668415490102, "params": {"eta": 0.4667736303039565, "max_depth": 28.607741083518945, "n_estimators": 50.880665057600645}, "datetime": {"datetime": "2021-09-27 18:54:53", "elapsed": 388.433133, "delta": 2.591496}}
{"target": -11.23981626547066, "params": {"eta": 0.07091251119153372, "max_depth": 6.740353337099945, "n_estimators": 77.41486591057509}, "datetime": {"datetime": "2021-09-27 18:54:55", "elapsed": 390.630457, "delta": 2.197324}}
{"target": -11.716946671095204, "params": {"eta": 0.22099163005116923, "max_depth": 6.032128073104202, "n_estimators": 78.8039010702222}, "datetime": {"datetime": "2021-09-27 18:54:58", "elapsed": 393.051619, "delta": 2.421162}}
{"target": -11.646425243119047, "params": {"eta": 0.13112914515753576, "max_depth": 22.691349813632698, "n_estimators": 72.86421192132904}, "datetime": {"datetime": "2021-09-27 18:55:01", "elapsed": 396.207157, "delta": 3.155538}}
{"target": -11.828141834592051, "params": {"eta": 0.1995212609008878, "max_depth": 24.46509548701922, "n_estimators": 68.1734496805966}, "datetime": {"datetime": "2021-09-27 18:55:03", "elapsed": 398.264945, "delta": 2.057788}}
{"target": -11.861482844587918, "params": {"eta": 0.0993478775273906, "max_depth": 25.616952307340757, "n_estimators": 73.16216396603876}, "datetime": {"datetime": "2021-09-27 18:55:06", "elapsed": 401.304834, "delta": 3.039889}}
{"target": -12.716958000070555, "params": {"eta": 0.49396111296452416, "max_depth": 15.752244454378696, "n_estimators": 96.69732138494946}, "datetime": {"datetime": "2021-09-27 18:55:08", "elapsed": 403.552474, "delta": 2.24764}}
{"target": -11.80031301018016, "params": {"eta": 0.1323999693964703, "max_depth": 27.257244496518386, "n_estimators": 56.675468642271476}, "datetime": {"datetime": "2021-09-27 18:55:10", "elapsed": 405.766377, "delta": 2.213903}}
{"target": -12.534046848037175, "params": {"eta": 0.3047298210762296, "max_depth": 4.346599996181581, "n_estimators": 55.71216709357861}, "datetime": {"datetime": "2021-09-27 18:55:12", "elapsed": 407.057377, "delta": 1.291}}
{"target": -12.215289710726317, "params": {"eta": 0.2541222962158239, "max_depth": 6.24643275247456, "n_estimators": 77.17654727655847}, "datetime": {"datetime": "2021-09-27 18:55:14", "elapsed": 409.237577, "delta": 2.1802}}
{"target": -11.776659926149376, "params": {"eta": 0.11334206086267015, "max_depth": 3.7620662039464077, "n_estimators": 90.77548754881084}, "datetime": {"datetime": "2021-09-27 18:55:16", "elapsed": 411.01958, "delta": 1.782003}}
{"target": -11.472153740189942, "params": {"eta": 0.17490328230733723, "max_depth": 7.119609923153556, "n_estimators": 77.34212027204669}, "datetime": {"datetime": "2021-09-27 18:55:18", "elapsed": 413.610199, "delta": 2.590619}}
{"target": -10.899705678460984, "params": {"eta": 0.27131743445272655, "max_depth": 5.236501246859295, "n_estimators": 59.45411115636297}, "datetime": {"datetime": "2021-09-27 18:55:20", "elapsed": 415.204198, "delta": 1.593999}}
{"target": -12.182644889350417, "params": {"eta": 0.19467962595398236, "max_depth": 25.370577798929045, "n_estimators": 73.29557127799526}, "datetime": {"datetime": "2021-09-27 18:55:23", "elapsed": 418.874993, "delta": 3.670795}}
{"target": -11.700817538532556, "params": {"eta": 0.05, "max_depth": 13.065936163878987, "n_estimators": 68.1215058217433}, "datetime": {"datetime": "2021-09-27 18:55:26", "elapsed": 421.719624, "delta": 2.844631}}
{"target": -12.218266160533771, "params": {"eta": 0.32467372122293936, "max_depth": 9.744628732902394, "n_estimators": 69.68607946612993}, "datetime": {"datetime": "2021-09-27 18:55:29", "elapsed": 424.077211, "delta": 2.357587}}
{"target": -11.886737947359363, "params": {"eta": 0.1346388696526437, "max_depth": 23.071349308135687, "n_estimators": 91.9782124640368}, "datetime": {"datetime": "2021-09-27 18:55:31", "elapsed": 426.603421, "delta": 2.52621}}
{"target": -16.04664146086463, "params": {"eta": 0.06125736197612478, "max_depth": 1.5693207120133308, "n_estimators": 85.41652998069783}, "datetime": {"datetime": "2021-09-27 18:55:34", "elapsed": 429.298128, "delta": 2.694707}}
{"target": -11.805359074556106, "params": {"eta": 0.19549481983023803, "max_depth": 6.174657555210976, "n_estimators": 79.07338821121368}, "datetime": {"datetime": "2021-09-27 18:55:36", "elapsed": 431.625555, "delta": 2.327427}}
{"target": -11.632411414378556, "params": {"eta": 0.38345041685214787, "max_depth": 20.654071106656097, "n_estimators": 67.71875571108144}, "datetime": {"datetime": "2021-09-27 18:55:38", "elapsed": 433.720813, "delta": 2.095258}}
{"target": -11.459341948891751, "params": {"eta": 0.05, "max_depth": 7.11634210737545, "n_estimators": 77.29992702822246}, "datetime": {"datetime": "2021-09-27 18:55:41", "elapsed": 436.747562, "delta": 3.026749}}
{"target": -11.894316482024806, "params": {"eta": 0.13017876412553248, "max_depth": 22.92122194779726, "n_estimators": 83.94337523451699}, "datetime": {"datetime": "2021-09-27 18:55:45", "elapsed": 440.159612, "delta": 3.41205}}
