{"target": 0.7822580037466826, "params": {"eta": 1.0, "max_depth": 3.6331104651844073, "n_estimators": 22.708788544928762}, "datetime": {"datetime": "2021-09-21 10:07:36", "elapsed": 412.976783, "delta": 1.925564}}
{"target": 0.6980993863836729, "params": {"eta": 1.0, "max_depth": 18.7670943361051, "n_estimators": 36.648017320261125}, "datetime": {"datetime": "2021-09-21 10:07:38", "elapsed": 414.593367, "delta": 1.616584}}
{"target": 0.8505967567561039, "params": {"eta": 0.38368583041149523, "max_depth": 17.192954888876898, "n_estimators": 16.208504228175073}, "datetime": {"datetime": "2021-09-21 10:07:41", "elapsed": 417.94773, "delta": 3.354363}}
{"target": 0.7761520449942765, "params": {"eta": 1.0, "max_depth": 3.0943658682478055, "n_estimators": 8.01973301111976}, "datetime": {"datetime": "2021-09-21 10:07:43", "elapsed": 419.961561, "delta": 2.013831}}
{"target": -0.7376532778441642, "params": {"eta": 0.5365514691848485, "max_depth": 7.372230611148103, "n_estimators": 1.2393325325917606}, "datetime": {"datetime": "2021-09-21 10:07:45", "elapsed": 421.483687, "delta": 1.522126}}
{"target": 0.7090050804690865, "params": {"eta": 1.0, "max_depth": 10.344583868000992, "n_estimators": 26.042063864684646}, "datetime": {"datetime": "2021-09-21 10:07:47", "elapsed": 423.261917, "delta": 1.77823}}
{"target": 0.7928392545944716, "params": {"eta": 1.0, "max_depth": 2.441452003432845, "n_estimators": 33.12647572839201}, "datetime": {"datetime": "2021-09-21 10:07:49", "elapsed": 425.931172, "delta": 2.669255}}
{"target": 0.7920884614681281, "params": {"eta": 0.9625284652335901, "max_depth": 3.3598837134530632, "n_estimators": 40.75627308625094}, "datetime": {"datetime": "2021-09-21 10:07:53", "elapsed": 429.384844, "delta": 3.453672}}
{"target": 0.7071973310441135, "params": {"eta": 1.0, "max_depth": 19.13312845864405, "n_estimators": 38.02525271236663}, "datetime": {"datetime": "2021-09-21 10:07:56", "elapsed": 432.450038, "delta": 3.065194}}
{"target": 0.7739757240717128, "params": {"eta": 0.7575421265493522, "max_depth": 4.21253993323227, "n_estimators": 45.09674750320582}, "datetime": {"datetime": "2021-09-21 10:07:58", "elapsed": 435.158601, "delta": 2.708563}}
{"target": 0.8025595732164199, "params": {"eta": 0.7390472728855599, "max_depth": 1.0, "n_estimators": 47.95522262267138}, "datetime": {"datetime": "2021-09-21 10:08:01", "elapsed": 437.632689, "delta": 2.474088}}
{"target": 0.8008715144502564, "params": {"eta": 0.7025915495580559, "max_depth": 13.979263801526537, "n_estimators": 40.294735275959766}, "datetime": {"datetime": "2021-09-21 10:08:04", "elapsed": 440.20233, "delta": 2.569641}}
{"target": 0.8115297698558561, "params": {"eta": 0.9183041118620122, "max_depth": 2.328948077784041, "n_estimators": 25.846866564372608}, "datetime": {"datetime": "2021-09-21 10:08:05", "elapsed": 442.044052, "delta": 1.841722}}
{"target": 0.7797285496788545, "params": {"eta": 0.7788257457440144, "max_depth": 8.273381623563623, "n_estimators": 35.471441298643576}, "datetime": {"datetime": "2021-09-21 10:08:08", "elapsed": 444.321861, "delta": 2.277809}}
{"target": 0.715947396178716, "params": {"eta": 1.0, "max_depth": 8.291165254492283, "n_estimators": 11.934422050238622}, "datetime": {"datetime": "2021-09-21 10:08:09", "elapsed": 446.085071, "delta": 1.76321}}
{"target": 0.7520346136853664, "params": {"eta": 0.8566299120592715, "max_depth": 3.4236847637963876, "n_estimators": 42.9424140825083}, "datetime": {"datetime": "2021-09-21 10:08:11", "elapsed": 447.830249, "delta": 1.745178}}
{"target": 0.6749063725536399, "params": {"eta": 0.2488647637829953, "max_depth": 14.21315246779738, "n_estimators": 7.100656701352127}, "datetime": {"datetime": "2021-09-21 10:08:13", "elapsed": 449.87324, "delta": 2.042991}}
{"target": 0.7292419508675152, "params": {"eta": 1.0, "max_depth": 6.4335436134998965, "n_estimators": 21.344262125164303}, "datetime": {"datetime": "2021-09-21 10:08:15", "elapsed": 451.931624, "delta": 2.058384}}
{"target": 0.7978429715568671, "params": {"eta": 0.9668684137319248, "max_depth": 1.4432473912770996, "n_estimators": 34.117727151687404}, "datetime": {"datetime": "2021-09-21 10:08:17", "elapsed": 454.178205, "delta": 2.246581}}
{"target": -2.517625337130647, "params": {"eta": 0.01, "max_depth": 1.3646125966979867, "n_estimators": 33.24844338203504}, "datetime": {"datetime": "2021-09-21 10:08:19", "elapsed": 456.118176, "delta": 1.939971}}
{"target": 0.7957909774298453, "params": {"eta": 0.9230696085143794, "max_depth": 1.7295356537502418, "n_estimators": 35.20935591841084}, "datetime": {"datetime": "2021-09-21 10:08:22", "elapsed": 458.34665, "delta": 2.228474}}
{"target": -0.12527652073717443, "params": {"eta": 0.11514051469959667, "max_depth": 14.756947224188966, "n_estimators": 8.302994979239557}, "datetime": {"datetime": "2021-09-21 10:08:23", "elapsed": 460.083211, "delta": 1.736561}}
{"target": 0.7589208898613171, "params": {"eta": 0.08011677660445454, "max_depth": 13.825817979206803, "n_estimators": 28.394998886433548}, "datetime": {"datetime": "2021-09-21 10:08:26", "elapsed": 463.044179, "delta": 2.960968}}
{"target": 0.7939687626750271, "params": {"eta": 0.7250251411773619, "max_depth": 12.828185187458319, "n_estimators": 6.108083168247187}, "datetime": {"datetime": "2021-09-21 10:08:28", "elapsed": 464.763375, "delta": 1.719196}}
{"target": 0.7666891870447019, "params": {"eta": 0.7741261650824534, "max_depth": 11.44423909554208, "n_estimators": 6.361394702832373}, "datetime": {"datetime": "2021-09-21 10:08:31", "elapsed": 467.196594, "delta": 2.433219}}
{"target": 0.6858896806156463, "params": {"eta": 1.0, "max_depth": 14.719624387617067, "n_estimators": 47.51540771805855}, "datetime": {"datetime": "2021-09-21 10:08:33", "elapsed": 469.246238, "delta": 2.049644}}
{"target": 0.26832369306023374, "params": {"eta": 0.03660243954820123, "max_depth": 7.552307004189331, "n_estimators": 34.59276754177406}, "datetime": {"datetime": "2021-09-21 10:08:35", "elapsed": 471.245991, "delta": 1.999753}}
{"target": 0.6859669659569635, "params": {"eta": 1.0, "max_depth": 7.7493838274655795, "n_estimators": 31.315129216177777}, "datetime": {"datetime": "2021-09-21 10:08:37", "elapsed": 473.191543, "delta": 1.945552}}
{"target": 0.8182422407834814, "params": {"eta": 0.34863789796618966, "max_depth": 11.38773239566697, "n_estimators": 7.7485704833919415}, "datetime": {"datetime": "2021-09-21 10:08:38", "elapsed": 475.166284, "delta": 1.974741}}
{"target": 0.6870750886382615, "params": {"eta": 1.0, "max_depth": 13.18879441851737, "n_estimators": 11.597641820828269}, "datetime": {"datetime": "2021-09-21 10:08:41", "elapsed": 478.105836, "delta": 2.939552}}
{"target": 0.8091672773799007, "params": {"eta": 0.571210380516411, "max_depth": 6.7536661113007534, "n_estimators": 11.651059349751746}, "datetime": {"datetime": "2021-09-21 10:08:45", "elapsed": 482.041123, "delta": 3.935287}}
{"target": -3.7064554845842554, "params": {"eta": 0.01, "max_depth": 10.299408894476883, "n_estimators": 14.73321984451588}, "datetime": {"datetime": "2021-09-21 10:08:49", "elapsed": 485.398367, "delta": 3.357244}}
{"target": 0.8146293368703657, "params": {"eta": 0.9868868100515712, "max_depth": 2.2385506658332814, "n_estimators": 42.49249302088368}, "datetime": {"datetime": "2021-09-21 10:08:51", "elapsed": 487.535935, "delta": 2.137568}}
{"target": 0.6980993863836729, "params": {"eta": 1.0, "max_depth": 18.179694256231503, "n_estimators": 25.750785779060514}, "datetime": {"datetime": "2021-09-21 10:08:54", "elapsed": 490.932021, "delta": 3.396086}}
{"target": 0.7310216594969345, "params": {"eta": 0.9873107944647949, "max_depth": 9.461222653147734, "n_estimators": 35.30657962261595}, "datetime": {"datetime": "2021-09-21 10:08:58", "elapsed": 494.868748, "delta": 3.936727}}
{"target": -3.0007949173660755, "params": {"eta": 0.01, "max_depth": 15.561089308134902, "n_estimators": 23.91369299722375}, "datetime": {"datetime": "2021-09-21 10:09:02", "elapsed": 498.699754, "delta": 3.831006}}
{"target": -0.8330383415638296, "params": {"eta": 0.02668278385699486, "max_depth": 17.537230900210865, "n_estimators": 25.34447158162293}, "datetime": {"datetime": "2021-09-21 10:09:05", "elapsed": 501.515553, "delta": 2.815799}}
{"target": -2.2740527843857934, "params": {"eta": 0.01, "max_depth": 2.3924676004719987, "n_estimators": 35.270459506776376}, "datetime": {"datetime": "2021-09-21 10:09:08", "elapsed": 504.50767, "delta": 2.992117}}
{"target": -0.2463194632252439, "params": {"eta": 0.024963491082302867, "max_depth": 1.5649204559841912, "n_estimators": 42.06433982069567}, "datetime": {"datetime": "2021-09-21 10:09:11", "elapsed": 508.133251, "delta": 3.625581}}
{"target": 0.8197902527065561, "params": {"eta": 0.7149775093909994, "max_depth": 2.933998298286709, "n_estimators": 33.95751111468338}, "datetime": {"datetime": "2021-09-21 10:09:16", "elapsed": 512.236947, "delta": 4.103696}}
{"target": 0.6858896848832674, "params": {"eta": 1.0, "max_depth": 14.46515183867026, "n_estimators": 37.050786688744296}, "datetime": {"datetime": "2021-09-21 10:09:18", "elapsed": 514.68937, "delta": 2.452423}}
{"target": 0.7729058586297891, "params": {"eta": 1.0, "max_depth": 4.1737049315740595, "n_estimators": 36.9794327395755}, "datetime": {"datetime": "2021-09-21 10:09:21", "elapsed": 517.951463, "delta": 3.262093}}
{"target": 0.8158114391778402, "params": {"eta": 0.4944455163353437, "max_depth": 17.49115345164053, "n_estimators": 39.37874713115608}, "datetime": {"datetime": "2021-09-21 10:09:24", "elapsed": 520.210653, "delta": 2.25919}}
{"target": 0.8473876371107971, "params": {"eta": 0.1690091056046969, "max_depth": 17.356710393013422, "n_estimators": 38.52135399222656}, "datetime": {"datetime": "2021-09-21 10:09:28", "elapsed": 524.212599, "delta": 4.001946}}
{"target": 0.6246561939883337, "params": {"eta": 0.06466837371546125, "max_depth": 9.225197134093076, "n_estimators": 27.612483209089174}, "datetime": {"datetime": "2021-09-21 10:09:31", "elapsed": 527.47158, "delta": 3.258981}}
{"target": 0.8670190751746157, "params": {"eta": 0.17685513311448534, "max_depth": 8.85697852440761, "n_estimators": 30.364724322812886}, "datetime": {"datetime": "2021-09-21 10:09:33", "elapsed": 529.579883, "delta": 2.108303}}
{"target": 0.7651864909987309, "params": {"eta": 0.0749685789461272, "max_depth": 8.606347374627077, "n_estimators": 31.288568146361598}, "datetime": {"datetime": "2021-09-21 10:09:36", "elapsed": 532.698443, "delta": 3.11856}}
{"target": 0.7134981101049798, "params": {"eta": 0.9452009254668936, "max_depth": 18.22030694719804, "n_estimators": 38.57274155480945}, "datetime": {"datetime": "2021-09-21 10:09:40", "elapsed": 536.411582, "delta": 3.713139}}
{"target": 0.7071973310441135, "params": {"eta": 1.0, "max_depth": 19.924814876803087, "n_estimators": 15.810078865980648}, "datetime": {"datetime": "2021-09-21 10:09:43", "elapsed": 540.177495, "delta": 3.765913}}
{"target": 0.7390762975316221, "params": {"eta": 0.7699756462689707, "max_depth": 6.410262120219621, "n_estimators": 2.524318893749272}, "datetime": {"datetime": "2021-09-21 10:09:46", "elapsed": 542.290095, "delta": 2.1126}}
{"target": 0.8010046477814037, "params": {"eta": 0.9853705638624249, "max_depth": 1.1079308327252213, "n_estimators": 46.65400543507707}, "datetime": {"datetime": "2021-09-21 10:09:48", "elapsed": 544.672669, "delta": 2.382574}}
{"target": 0.5388768956140795, "params": {"eta": 0.13756035294127994, "max_depth": 7.7259864674739385, "n_estimators": 11.661671103688896}, "datetime": {"datetime": "2021-09-21 10:09:51", "elapsed": 547.83851, "delta": 3.165841}}
{"target": 0.6870799092173844, "params": {"eta": 1.0, "max_depth": 13.4544081597697, "n_estimators": 27.86522664849574}, "datetime": {"datetime": "2021-09-21 10:09:54", "elapsed": 551.011656, "delta": 3.173146}}
{"target": 0.7304255195691065, "params": {"eta": 0.9024677104127502, "max_depth": 6.7506690966253835, "n_estimators": 3.8335318936870353}, "datetime": {"datetime": "2021-09-21 10:09:58", "elapsed": 554.30564, "delta": 3.293984}}
{"target": 0.773562782398567, "params": {"eta": 0.7471015192876362, "max_depth": 17.51116371284474, "n_estimators": 35.51722830919198}, "datetime": {"datetime": "2021-09-21 10:10:02", "elapsed": 558.403064, "delta": 4.097424}}
{"target": 0.8240845947736618, "params": {"eta": 0.5099720657806897, "max_depth": 13.22948848192348, "n_estimators": 28.276741313500956}, "datetime": {"datetime": "2021-09-21 10:10:03", "elapsed": 560.185165, "delta": 1.782101}}
{"target": 0.6858896861635535, "params": {"eta": 1.0, "max_depth": 14.05195047069933, "n_estimators": 34.53699848060932}, "datetime": {"datetime": "2021-09-21 10:10:06", "elapsed": 562.47059, "delta": 2.285425}}
{"target": -3.716221235029413, "params": {"eta": 0.013901001677091523, "max_depth": 6.80447045382399, "n_estimators": 10.547372572493858}, "datetime": {"datetime": "2021-09-21 10:10:09", "elapsed": 565.65173, "delta": 3.18114}}
{"target": 0.7597148553759481, "params": {"eta": 0.979698266520866, "max_depth": 6.259120034326208, "n_estimators": 12.201141931510142}, "datetime": {"datetime": "2021-09-21 10:10:11", "elapsed": 567.575518, "delta": 1.923788}}
{"target": 0.7322049643996642, "params": {"eta": 0.9880313472661195, "max_depth": 17.741433471101367, "n_estimators": 21.970519079446927}, "datetime": {"datetime": "2021-09-21 10:10:12", "elapsed": 569.014963, "delta": 1.439445}}
{"target": 0.8437610371650893, "params": {"eta": 0.1360742850125175, "max_depth": 17.768700351541113, "n_estimators": 36.39602163871439}, "datetime": {"datetime": "2021-09-21 10:10:15", "elapsed": 571.780681, "delta": 2.765718}}
{"target": 0.7822269212657005, "params": {"eta": 0.4871833394341782, "max_depth": 1.6907378404650855, "n_estimators": 12.44114883626839}, "datetime": {"datetime": "2021-09-21 10:10:16", "elapsed": 573.040013, "delta": 1.259332}}
{"target": 0.7429248692282304, "params": {"eta": 0.10531635376348081, "max_depth": 2.039737752097037, "n_estimators": 25.272489271055395}, "datetime": {"datetime": "2021-09-21 10:10:19", "elapsed": 575.94837, "delta": 2.908357}}
{"target": 0.21630655954259637, "params": {"eta": 0.0967018440171487, "max_depth": 6.519896531539927, "n_estimators": 12.704934129076866}, "datetime": {"datetime": "2021-09-21 10:10:21", "elapsed": 578.102178, "delta": 2.153808}}
{"target": 0.7958829785824821, "params": {"eta": 0.6817039725807146, "max_depth": 10.682505484299856, "n_estimators": 40.55935549485398}, "datetime": {"datetime": "2021-09-21 10:10:23", "elapsed": 579.683865, "delta": 1.581687}}
{"target": 0.7637072051530474, "params": {"eta": 0.8644251083125846, "max_depth": 12.118417624943548, "n_estimators": 11.311125109216247}, "datetime": {"datetime": "2021-09-21 10:10:25", "elapsed": 581.448616, "delta": 1.764751}}
{"target": 0.8173156804943016, "params": {"eta": 0.5672325124859119, "max_depth": 12.487284789489221, "n_estimators": 8.431844877299374}, "datetime": {"datetime": "2021-09-21 10:10:27", "elapsed": 583.841333, "delta": 2.392717}}
{"target": 0.6858896912846977, "params": {"eta": 1.0, "max_depth": 14.002182772722563, "n_estimators": 22.754981223377094}, "datetime": {"datetime": "2021-09-21 10:10:29", "elapsed": 586.183233, "delta": 2.3419}}
{"target": 0.8531649745745237, "params": {"eta": 0.1981321654070594, "max_depth": 11.758170756481682, "n_estimators": 40.951234191129835}, "datetime": {"datetime": "2021-09-21 10:10:32", "elapsed": 588.500647, "delta": 2.317414}}
{"target": -3.460091197362158, "params": {"eta": 0.01, "max_depth": 17.71242098786285, "n_estimators": 17.26814052017317}, "datetime": {"datetime": "2021-09-21 10:10:34", "elapsed": 590.686846, "delta": 2.186199}}
{"target": -2.124273258628539, "params": {"eta": 0.08797699582901108, "max_depth": 8.294184597908734, "n_estimators": 4.86418509275865}, "datetime": {"datetime": "2021-09-21 10:10:35", "elapsed": 591.985004, "delta": 1.298158}}
{"target": 0.756062490532635, "params": {"eta": 0.8631786805257842, "max_depth": 17.517877923666195, "n_estimators": 15.6380749570182}, "datetime": {"datetime": "2021-09-21 10:10:38", "elapsed": 594.209774, "delta": 2.22477}}
{"target": 0.7334914711369044, "params": {"eta": 0.9774980428664993, "max_depth": 8.085191530245268, "n_estimators": 47.183981050878074}, "datetime": {"datetime": "2021-09-21 10:10:39", "elapsed": 595.873076, "delta": 1.663302}}
{"target": 0.6556819311453956, "params": {"eta": 0.11848859627429127, "max_depth": 16.19862322081066, "n_estimators": 15.770477016160408}, "datetime": {"datetime": "2021-09-21 10:10:41", "elapsed": 598.097609, "delta": 2.224533}}
{"target": 0.7069682887500914, "params": {"eta": 0.9161371472432742, "max_depth": 12.957577623191671, "n_estimators": 41.130043838520386}, "datetime": {"datetime": "2021-09-21 10:10:44", "elapsed": 600.194821, "delta": 2.097212}}
{"target": 0.7643436605899645, "params": {"eta": 0.9726820986770367, "max_depth": 13.994509920121514, "n_estimators": 24.121591087490007}, "datetime": {"datetime": "2021-09-21 10:10:46", "elapsed": 602.673179, "delta": 2.478358}}
{"target": 0.7530187195831907, "params": {"eta": 0.9162709577030896, "max_depth": 7.502724324256195, "n_estimators": 9.021693286763862}, "datetime": {"datetime": "2021-09-21 10:10:49", "elapsed": 605.522079, "delta": 2.8489}}
{"target": 0.8480149643073595, "params": {"eta": 0.1361293432822064, "max_depth": 16.99886671564701, "n_estimators": 37.27535526574429}, "datetime": {"datetime": "2021-09-21 10:10:51", "elapsed": 607.800873, "delta": 2.278794}}
{"target": 0.7761493836859508, "params": {"eta": 0.21881287018263404, "max_depth": 4.127483506591902, "n_estimators": 10.030414755137713}, "datetime": {"datetime": "2021-09-21 10:10:53", "elapsed": 609.333082, "delta": 1.532209}}
{"target": 0.7796826388266608, "params": {"eta": 0.6610257520750953, "max_depth": 8.473411529917573, "n_estimators": 23.904447386217875}, "datetime": {"datetime": "2021-09-21 10:10:54", "elapsed": 610.811155, "delta": 1.478073}}
{"target": 0.7558097147493852, "params": {"eta": 0.8502705223940212, "max_depth": 4.696666405832994, "n_estimators": 9.503149774927795}, "datetime": {"datetime": "2021-09-21 10:10:57", "elapsed": 613.470245, "delta": 2.65909}}
{"target": 0.8222367467656625, "params": {"eta": 0.285913349187528, "max_depth": 4.838534649073022, "n_estimators": 10.267327901787544}, "datetime": {"datetime": "2021-09-21 10:10:59", "elapsed": 615.844325, "delta": 2.37408}}
{"target": 0.7564189652953874, "params": {"eta": 0.7767822129039101, "max_depth": 7.454099736453432, "n_estimators": 23.563677339802467}, "datetime": {"datetime": "2021-09-21 10:11:01", "elapsed": 618.033962, "delta": 2.189637}}
{"target": 0.8503399904609033, "params": {"eta": 0.44662980054467455, "max_depth": 16.660531637536163, "n_estimators": 20.114347033281483}, "datetime": {"datetime": "2021-09-21 10:11:03", "elapsed": 619.73674, "delta": 1.702778}}
{"target": 0.7184107319198725, "params": {"eta": 0.9558480696239272, "max_depth": 19.374756468521678, "n_estimators": 16.74035522866351}, "datetime": {"datetime": "2021-09-21 10:11:05", "elapsed": 622.064205, "delta": 2.327465}}
{"target": -4.148506390168845, "params": {"eta": 0.01, "max_depth": 4.756039810841278, "n_estimators": 9.418827053864984}, "datetime": {"datetime": "2021-09-21 10:11:07", "elapsed": 624.17768, "delta": 2.113475}}
{"target": 0.738973929567993, "params": {"eta": 0.9213464960587844, "max_depth": 4.309053094379433, "n_estimators": 10.39463746634646}, "datetime": {"datetime": "2021-09-21 10:11:10", "elapsed": 626.542544, "delta": 2.364864}}
{"target": 0.6863461110806796, "params": {"eta": 1.0, "max_depth": 7.298857892928007, "n_estimators": 12.085354932069192}, "datetime": {"datetime": "2021-09-21 10:11:12", "elapsed": 628.806434, "delta": 2.26389}}
{"target": 0.8668438412247235, "params": {"eta": 0.3834254920216931, "max_depth": 7.281330423320459, "n_estimators": 41.82762999439758}, "datetime": {"datetime": "2021-09-21 10:11:14", "elapsed": 630.405588, "delta": 1.599154}}
{"target": 0.7314807091845785, "params": {"eta": 0.12294752976303625, "max_depth": 19.983454649043495, "n_estimators": 17.59534160578894}, "datetime": {"datetime": "2021-09-21 10:11:16", "elapsed": 633.087632, "delta": 2.682044}}
{"target": 0.7385882381577203, "params": {"eta": 0.8750928581788725, "max_depth": 5.7044735456689715, "n_estimators": 33.751848845201046}, "datetime": {"datetime": "2021-09-21 10:11:19", "elapsed": 635.27307, "delta": 2.185438}}
{"target": 0.7050529711318193, "params": {"eta": 0.06304487223046747, "max_depth": 6.41441948775518, "n_estimators": 31.924224976617065}, "datetime": {"datetime": "2021-09-21 10:11:21", "elapsed": 637.784262, "delta": 2.511192}}
{"target": 0.7805042101926392, "params": {"eta": 0.9368435576430632, "max_depth": 5.1290922146362385, "n_estimators": 10.833885707663159}, "datetime": {"datetime": "2021-09-21 10:11:23", "elapsed": 639.94968, "delta": 2.165418}}
{"target": 0.7948980708230645, "params": {"eta": 0.17209226480252382, "max_depth": 2.9329064752300673, "n_estimators": 30.329638019622955}, "datetime": {"datetime": "2021-09-21 10:11:25", "elapsed": 641.27047, "delta": 1.32079}}
{"target": 0.7882053827576738, "params": {"eta": 0.19141509334122456, "max_depth": 1.5999044916239655, "n_estimators": 48.37743676776572}, "datetime": {"datetime": "2021-09-21 10:11:27", "elapsed": 644.091262, "delta": 2.820792}}
{"target": -0.3866130681523674, "params": {"eta": 0.08118492864073497, "max_depth": 4.561493202271962, "n_estimators": 10.960198511592466}, "datetime": {"datetime": "2021-09-21 10:11:32", "elapsed": 648.572088, "delta": 4.480826}}
{"target": 0.7917619184283651, "params": {"eta": 0.9814700396675886, "max_depth": 5.181739955238971, "n_estimators": 10.117162944262393}, "datetime": {"datetime": "2021-09-21 10:11:37", "elapsed": 653.197969, "delta": 4.625881}}
