{"target": -2.394636009241405, "params": {"eta": 0.19852313917146358, "max_depth": 5.417961950080127, "n_estimators": 64.40203405006322}, "datetime": {"datetime": "2021-09-21 15:42:35", "elapsed": 222.806606, "delta": 1.094421}}
{"target": -2.560879746863716, "params": {"eta": 0.3715597508470195, "max_depth": 4.0260992907715085, "n_estimators": 56.87672031052391}, "datetime": {"datetime": "2021-09-21 15:42:37", "elapsed": 224.975224, "delta": 2.168618}}
{"target": -2.374016493245175, "params": {"eta": 0.23773886726938726, "max_depth": 5.438270733280122, "n_estimators": 64.32481722192261}, "datetime": {"datetime": "2021-09-21 15:42:39", "elapsed": 226.548399, "delta": 1.573175}}
{"target": -2.345585130390368, "params": {"eta": 0.3683001087342938, "max_depth": 3.468899752461453, "n_estimators": 52.86239348248466}, "datetime": {"datetime": "2021-09-21 15:42:40", "elapsed": 227.5754, "delta": 1.027001}}
{"target": -2.4534569031313844, "params": {"eta": 0.25940356242169427, "max_depth": 4.012035306335189, "n_estimators": 43.45808646243774}, "datetime": {"datetime": "2021-09-21 15:42:41", "elapsed": 228.786291, "delta": 1.210891}}
{"target": -2.59247123944132, "params": {"eta": 0.35181805207809935, "max_depth": 23.937094654768497, "n_estimators": 44.68330462217911}, "datetime": {"datetime": "2021-09-21 15:42:43", "elapsed": 230.384774, "delta": 1.598483}}
{"target": -2.5670114912484823, "params": {"eta": 0.3183632557045777, "max_depth": 3.862936492908452, "n_estimators": 60.93015293528385}, "datetime": {"datetime": "2021-09-21 15:42:44", "elapsed": 231.799316, "delta": 1.414542}}
{"target": -2.4559694202322704, "params": {"eta": 0.1177137002690577, "max_depth": 13.826277497130077, "n_estimators": 49.15705434993736}, "datetime": {"datetime": "2021-09-21 15:42:46", "elapsed": 233.911042, "delta": 2.111726}}
{"target": -2.4547173085965603, "params": {"eta": 0.31903194798606066, "max_depth": 5.404958640806525, "n_estimators": 64.3523158997784}, "datetime": {"datetime": "2021-09-21 15:42:48", "elapsed": 235.612079, "delta": 1.701037}}
{"target": -2.5050034121463174, "params": {"eta": 0.29354423483430414, "max_depth": 3.96925814735299, "n_estimators": 60.736214801652046}, "datetime": {"datetime": "2021-09-21 15:42:49", "elapsed": 237.282721, "delta": 1.670642}}
{"target": -2.3759440534993224, "params": {"eta": 0.19394748812687673, "max_depth": 4.13950298854836, "n_estimators": 60.78436920436495}, "datetime": {"datetime": "2021-09-21 15:42:51", "elapsed": 238.621398, "delta": 1.338677}}
{"target": -2.526093416464956, "params": {"eta": 0.3734311726892815, "max_depth": 11.62665951198686, "n_estimators": 57.69485729078906}, "datetime": {"datetime": "2021-09-21 15:42:52", "elapsed": 240.193193, "delta": 1.571795}}
{"target": -2.5957414664720235, "params": {"eta": 0.4297406822794438, "max_depth": 10.104220844848564, "n_estimators": 50.62671004412793}, "datetime": {"datetime": "2021-09-21 15:42:55", "elapsed": 242.420996, "delta": 2.227803}}
{"target": -2.484681528492978, "params": {"eta": 0.22091610636602527, "max_depth": 4.2066013247876, "n_estimators": 60.84155549603576}, "datetime": {"datetime": "2021-09-21 15:42:57", "elapsed": 244.855169, "delta": 2.434173}}
{"target": -2.99261111460234, "params": {"eta": 0.19770049367405268, "max_depth": 1.423935328019894, "n_estimators": 63.04792317187595}, "datetime": {"datetime": "2021-09-21 15:42:58", "elapsed": 245.940672, "delta": 1.085503}}
{"target": -2.340440130861182, "params": {"eta": 0.19170258639654342, "max_depth": 5.435551243906438, "n_estimators": 64.26036870241172}, "datetime": {"datetime": "2021-09-21 15:43:00", "elapsed": 247.977801, "delta": 2.037129}}
{"target": -2.5209092554293178, "params": {"eta": 0.37327918012176187, "max_depth": 11.967633184029717, "n_estimators": 54.15750643452074}, "datetime": {"datetime": "2021-09-21 15:43:02", "elapsed": 249.654171, "delta": 1.67637}}
{"target": -2.3904242226952, "params": {"eta": 0.10915510856771542, "max_depth": 4.090620618466485, "n_estimators": 60.854291267237784}, "datetime": {"datetime": "2021-09-21 15:43:04", "elapsed": 252.106059, "delta": 2.451888}}
{"target": -2.5224890181892796, "params": {"eta": 0.0753875212375917, "max_depth": 4.094942992039443, "n_estimators": 60.71720241320858}, "datetime": {"datetime": "2021-09-21 15:43:06", "elapsed": 253.539201, "delta": 1.433142}}
{"target": -2.5346335009524696, "params": {"eta": 0.2811038192802632, "max_depth": 4.031067120991139, "n_estimators": 43.58145983675624}, "datetime": {"datetime": "2021-09-21 15:43:07", "elapsed": 255.076849, "delta": 1.537648}}
{"target": -2.529948878915686, "params": {"eta": 0.382299368966606, "max_depth": 24.57144682289008, "n_estimators": 63.99563972613571}, "datetime": {"datetime": "2021-09-21 15:43:09", "elapsed": 256.733061, "delta": 1.656212}}
{"target": -2.358567674536454, "params": {"eta": 0.23152336899923726, "max_depth": 3.616730616473856, "n_estimators": 56.8886362823813}, "datetime": {"datetime": "2021-09-21 15:43:10", "elapsed": 258.063709, "delta": 1.330648}}
{"target": -2.5501727097912843, "params": {"eta": 0.10705215086837924, "max_depth": 24.863571056459122, "n_estimators": 49.95998447121929}, "datetime": {"datetime": "2021-09-21 15:43:12", "elapsed": 259.473941, "delta": 1.410232}}
{"target": -2.5451052753548873, "params": {"eta": 0.3279190229766448, "max_depth": 3.456920707837946, "n_estimators": 53.001144485766474}, "datetime": {"datetime": "2021-09-21 15:43:13", "elapsed": 261.112751, "delta": 1.63881}}
{"target": -2.4357325428410577, "params": {"eta": 0.19116629272586716, "max_depth": 3.960340656740691, "n_estimators": 56.77318917734051}, "datetime": {"datetime": "2021-09-21 15:43:15", "elapsed": 262.827479, "delta": 1.714728}}
{"target": -2.7143111435990583, "params": {"eta": 0.06483888805099462, "max_depth": 12.95684537087779, "n_estimators": 49.099137587886744}, "datetime": {"datetime": "2021-09-21 15:43:16", "elapsed": 263.878873, "delta": 1.051394}}
{"target": -2.361790703472338, "params": {"eta": 0.23744991628557321, "max_depth": 5.466201314771563, "n_estimators": 64.25274176973997}, "datetime": {"datetime": "2021-09-21 15:43:18", "elapsed": 265.763921, "delta": 1.885048}}
{"target": -2.37915245043604, "params": {"eta": 0.08378831067048992, "max_depth": 5.536453726482377, "n_estimators": 64.27570347688295}, "datetime": {"datetime": "2021-09-21 15:43:20", "elapsed": 268.211293, "delta": 2.447372}}
{"target": -2.416204884805177, "params": {"eta": 0.25408061163328827, "max_depth": 5.323316094293853, "n_estimators": 64.2511234023311}, "datetime": {"datetime": "2021-09-21 15:43:22", "elapsed": 269.864713, "delta": 1.65342}}
{"target": -2.3876832472650626, "params": {"eta": 0.19382008742537965, "max_depth": 4.037971904046508, "n_estimators": 56.8603060669661}, "datetime": {"datetime": "2021-09-21 15:43:24", "elapsed": 272.264911, "delta": 2.400198}}
{"target": -2.572163414955139, "params": {"eta": 0.31607023003006474, "max_depth": 3.823023813554605, "n_estimators": 60.766027352561366}, "datetime": {"datetime": "2021-09-21 15:43:26", "elapsed": 274.320078, "delta": 2.055167}}
{"target": -2.5099512018655474, "params": {"eta": 0.32899193069115856, "max_depth": 8.926800719047076, "n_estimators": 44.28938255220318}, "datetime": {"datetime": "2021-09-21 15:43:28", "elapsed": 276.088949, "delta": 1.768871}}
{"target": -2.496521530653301, "params": {"eta": 0.3264539384466796, "max_depth": 6.5542349978171535, "n_estimators": 45.12880938623757}, "datetime": {"datetime": "2021-09-21 15:43:30", "elapsed": 278.013829, "delta": 1.92488}}
{"target": -2.4836517748079805, "params": {"eta": 0.3205433953806887, "max_depth": 3.626547124810063, "n_estimators": 56.830283825498995}, "datetime": {"datetime": "2021-09-21 15:43:33", "elapsed": 280.495921, "delta": 2.482092}}
{"target": -2.6225734315420453, "params": {"eta": 0.26318602598464075, "max_depth": 18.97469035450999, "n_estimators": 60.33098244120164}, "datetime": {"datetime": "2021-09-21 15:43:35", "elapsed": 282.654937, "delta": 2.159016}}
{"target": -2.525872165278385, "params": {"eta": 0.2453229472005145, "max_depth": 6.529015154843477, "n_estimators": 46.81301062497279}, "datetime": {"datetime": "2021-09-21 15:43:36", "elapsed": 284.306373, "delta": 1.651436}}
{"target": -2.5000358957993356, "params": {"eta": 0.2283050593784826, "max_depth": 5.533280048842509, "n_estimators": 64.09804726302804}, "datetime": {"datetime": "2021-09-21 15:43:38", "elapsed": 285.925528, "delta": 1.619155}}
{"target": -2.908447353463424, "params": {"eta": 0.06705525098173712, "max_depth": 18.582978103796908, "n_estimators": 42.47463633731693}, "datetime": {"datetime": "2021-09-21 15:43:40", "elapsed": 287.430805, "delta": 1.505277}}
{"target": -2.625067101026836, "params": {"eta": 0.29727208430607766, "max_depth": 3.5081811949115185, "n_estimators": 52.64287704624316}, "datetime": {"datetime": "2021-09-21 15:43:42", "elapsed": 289.584032, "delta": 2.153227}}
{"target": -2.5813516127435783, "params": {"eta": 0.09084178258937184, "max_depth": 18.83046819637093, "n_estimators": 44.80831523807925}, "datetime": {"datetime": "2021-09-21 15:43:44", "elapsed": 291.532364, "delta": 1.948332}}
{"target": -2.342050520369881, "params": {"eta": 0.16108406773520037, "max_depth": 5.557407687786141, "n_estimators": 64.29061041336875}, "datetime": {"datetime": "2021-09-21 15:43:46", "elapsed": 294.063206, "delta": 2.530842}}
{"target": -2.5269103527069094, "params": {"eta": 0.2743168248113655, "max_depth": 13.093710061158895, "n_estimators": 43.65959686069048}, "datetime": {"datetime": "2021-09-21 15:43:49", "elapsed": 297.320592, "delta": 3.257386}}
{"target": -2.620357525348663, "params": {"eta": 0.18445239290141907, "max_depth": 22.150966280000816, "n_estimators": 51.107782448606265}, "datetime": {"datetime": "2021-09-21 15:43:52", "elapsed": 300.167195, "delta": 2.846603}}
{"target": -2.4414810312421698, "params": {"eta": 0.12099760243503345, "max_depth": 12.794642471566037, "n_estimators": 49.26216164832725}, "datetime": {"datetime": "2021-09-21 15:43:54", "elapsed": 302.220945, "delta": 2.05375}}
{"target": -2.39762032722172, "params": {"eta": 0.12097566355288339, "max_depth": 5.604260854979667, "n_estimators": 64.1917484719508}, "datetime": {"datetime": "2021-09-21 15:43:57", "elapsed": 304.382212, "delta": 2.161267}}
{"target": -2.508525327632302, "params": {"eta": 0.17360069032076147, "max_depth": 12.69597518503857, "n_estimators": 49.37560341987779}, "datetime": {"datetime": "2021-09-21 15:43:59", "elapsed": 306.404255, "delta": 2.022043}}
{"target": -2.804888000613765, "params": {"eta": 0.4754966113517243, "max_depth": 19.389188183407967, "n_estimators": 44.69343777323403}, "datetime": {"datetime": "2021-09-21 15:44:01", "elapsed": 308.702176, "delta": 2.297921}}
{"target": -2.6095512697571204, "params": {"eta": 0.17711016381673883, "max_depth": 12.940871040628751, "n_estimators": 63.63229486104487}, "datetime": {"datetime": "2021-09-21 15:44:03", "elapsed": 311.316834, "delta": 2.614658}}
{"target": -2.357152065477873, "params": {"eta": 0.181845778806773, "max_depth": 4.042140073665205, "n_estimators": 60.82070857135903}, "datetime": {"datetime": "2021-09-21 15:44:06", "elapsed": 313.538111, "delta": 2.221277}}
{"target": -2.4605241913544504, "params": {"eta": 0.2728487901292894, "max_depth": 9.670808644279866, "n_estimators": 55.95320527828086}, "datetime": {"datetime": "2021-09-21 15:44:08", "elapsed": 315.557097, "delta": 2.018986}}
{"target": -2.6417815195886716, "params": {"eta": 0.45033108261602783, "max_depth": 14.929789472417873, "n_estimators": 40.861659858501184}, "datetime": {"datetime": "2021-09-21 15:44:10", "elapsed": 318.151995, "delta": 2.594898}}
{"target": -2.3200694711584795, "params": {"eta": 0.12269941685822944, "max_depth": 5.60545381356656, "n_estimators": 64.37855455075612}, "datetime": {"datetime": "2021-09-21 15:44:13", "elapsed": 320.486382, "delta": 2.334387}}
{"target": -2.397303418736709, "params": {"eta": 0.2769283160120713, "max_depth": 5.641023522007343, "n_estimators": 64.25987055523}, "datetime": {"datetime": "2021-09-21 15:44:15", "elapsed": 322.677115, "delta": 2.190733}}
{"target": -2.580133288157614, "params": {"eta": 0.2533676618131104, "max_depth": 24.813681635944445, "n_estimators": 42.961922200643926}, "datetime": {"datetime": "2021-09-21 15:44:18", "elapsed": 325.533152, "delta": 2.856037}}
{"target": -2.4462660896150688, "params": {"eta": 0.20292365910750904, "max_depth": 22.462941298132897, "n_estimators": 63.92159938229908}, "datetime": {"datetime": "2021-09-21 15:44:22", "elapsed": 329.346249, "delta": 3.813097}}
{"target": -2.3876840974155225, "params": {"eta": 0.19382369484433126, "max_depth": 4.177636004324211, "n_estimators": 56.810908963363666}, "datetime": {"datetime": "2021-09-21 15:44:24", "elapsed": 331.784421, "delta": 2.438172}}
{"target": -2.5864239228399173, "params": {"eta": 0.3253139984906624, "max_depth": 10.147970817386508, "n_estimators": 50.487525543513094}, "datetime": {"datetime": "2021-09-21 15:44:26", "elapsed": 334.15332, "delta": 2.368899}}
{"target": -2.48916635199597, "params": {"eta": 0.07631049378906789, "max_depth": 5.615461068565964, "n_estimators": 64.51214918934474}, "datetime": {"datetime": "2021-09-21 15:44:28", "elapsed": 336.279793, "delta": 2.126473}}
{"target": -2.527945221725263, "params": {"eta": 0.40818104491338336, "max_depth": 10.521210265169822, "n_estimators": 49.54300726214359}, "datetime": {"datetime": "2021-09-21 15:44:31", "elapsed": 338.447967, "delta": 2.168174}}
{"target": -2.4641422767388192, "params": {"eta": 0.2690740768775738, "max_depth": 5.314153499670171, "n_estimators": 64.4961593404026}, "datetime": {"datetime": "2021-09-21 15:44:33", "elapsed": 340.67186, "delta": 2.223893}}
{"target": -2.441181737498233, "params": {"eta": 0.2536417516331257, "max_depth": 5.506420695861242, "n_estimators": 64.38133302500546}, "datetime": {"datetime": "2021-09-21 15:44:35", "elapsed": 343.29311, "delta": 2.62125}}
{"target": -2.384833366619913, "params": {"eta": 0.09495666169597902, "max_depth": 5.714013645287612, "n_estimators": 64.2651185632854}, "datetime": {"datetime": "2021-09-21 15:44:38", "elapsed": 345.433309, "delta": 2.140199}}
{"target": -2.5323945158406307, "params": {"eta": 0.06312668738822855, "max_depth": 5.713052814989148, "n_estimators": 64.41459043981689}, "datetime": {"datetime": "2021-09-21 15:44:41", "elapsed": 349.050306, "delta": 3.616997}}
{"target": -2.4206261446601465, "params": {"eta": 0.0840184898185701, "max_depth": 5.472617790790337, "n_estimators": 64.29702073491363}, "datetime": {"datetime": "2021-09-21 15:44:45", "elapsed": 352.943241, "delta": 3.892935}}
{"target": -2.4914880049856087, "params": {"eta": 0.24013331418795647, "max_depth": 3.576909994929639, "n_estimators": 56.959923258889035}, "datetime": {"datetime": "2021-09-21 15:44:47", "elapsed": 355.145352, "delta": 2.202111}}
{"target": -2.4865866416379023, "params": {"eta": 0.43075607877431155, "max_depth": 4.118131658994752, "n_estimators": 56.856568157096675}, "datetime": {"datetime": "2021-09-21 15:44:49", "elapsed": 356.565879, "delta": 1.420527}}
{"target": -2.3549364215449287, "params": {"eta": 0.18937382660628438, "max_depth": 5.5774155454793, "n_estimators": 64.43153932215874}, "datetime": {"datetime": "2021-09-21 15:44:51", "elapsed": 359.205224, "delta": 2.639345}}
{"target": -2.3529805007733797, "params": {"eta": 0.19428449153182886, "max_depth": 5.540353141968784, "n_estimators": 64.3365820392666}, "datetime": {"datetime": "2021-09-21 15:44:54", "elapsed": 361.691984, "delta": 2.48676}}
{"target": -2.5330970293597175, "params": {"eta": 0.16609859520013476, "max_depth": 11.121849383459068, "n_estimators": 56.594616445870926}, "datetime": {"datetime": "2021-09-21 15:44:57", "elapsed": 365.232695, "delta": 3.540711}}
{"target": -2.4607663662810078, "params": {"eta": 0.2832049443870072, "max_depth": 3.95766054423688, "n_estimators": 56.77516910176388}, "datetime": {"datetime": "2021-09-21 15:44:59", "elapsed": 366.953172, "delta": 1.720477}}
{"target": -2.5962279733858615, "params": {"eta": 0.07023882868519661, "max_depth": 4.1000038855159096, "n_estimators": 56.826258144893785}, "datetime": {"datetime": "2021-09-21 15:45:02", "elapsed": 369.564398, "delta": 2.611226}}
{"target": -2.3307091399243003, "params": {"eta": 0.16928803078346313, "max_depth": 5.797193455305313, "n_estimators": 64.33845437885402}, "datetime": {"datetime": "2021-09-21 15:45:04", "elapsed": 372.130729, "delta": 2.566331}}
{"target": -2.484606085325542, "params": {"eta": 0.1201041661536823, "max_depth": 3.561880033231957, "n_estimators": 56.81080627596888}, "datetime": {"datetime": "2021-09-21 15:45:06", "elapsed": 373.630745, "delta": 1.500016}}
{"target": -2.471043150675924, "params": {"eta": 0.25759385312690186, "max_depth": 5.864108928080645, "n_estimators": 64.26495708982159}, "datetime": {"datetime": "2021-09-21 15:45:08", "elapsed": 376.329307, "delta": 2.698562}}
{"target": -2.411829608992526, "params": {"eta": 0.0938192700972106, "max_depth": 5.898475023262029, "n_estimators": 64.41411803615988}, "datetime": {"datetime": "2021-09-21 15:45:11", "elapsed": 378.916412, "delta": 2.587105}}
{"target": -2.44983673597637, "params": {"eta": 0.322861884319694, "max_depth": 5.6268215842726885, "n_estimators": 64.32206109135004}, "datetime": {"datetime": "2021-09-21 15:45:13", "elapsed": 380.859433, "delta": 1.943021}}
{"target": -2.5213337302207948, "params": {"eta": 0.06466383601075976, "max_depth": 5.613557933386708, "n_estimators": 64.27318424603945}, "datetime": {"datetime": "2021-09-21 15:45:15", "elapsed": 383.163332, "delta": 2.303899}}
{"target": -2.573247002300463, "params": {"eta": 0.31764634298510214, "max_depth": 25.81711993711879, "n_estimators": 58.54402675517795}, "datetime": {"datetime": "2021-09-21 15:45:19", "elapsed": 387.091887, "delta": 3.928555}}
{"target": -2.4413566200356733, "params": {"eta": 0.08967335468809241, "max_depth": 5.308112681554749, "n_estimators": 64.35102911470001}, "datetime": {"datetime": "2021-09-21 15:45:22", "elapsed": 389.529912, "delta": 2.438025}}
{"target": -2.338612947965923, "params": {"eta": 0.19179582534584333, "max_depth": 5.385182622394781, "n_estimators": 64.5166194084408}, "datetime": {"datetime": "2021-09-21 15:45:24", "elapsed": 392.334295, "delta": 2.804383}}
{"target": -2.417896228714993, "params": {"eta": 0.27834242110542917, "max_depth": 5.746602865172971, "n_estimators": 64.1939825200368}, "datetime": {"datetime": "2021-09-21 15:45:27", "elapsed": 395.183719, "delta": 2.849424}}
{"target": -2.3290941671321264, "params": {"eta": 0.21625621191159533, "max_depth": 4.1029389244646515, "n_estimators": 56.74622242127424}, "datetime": {"datetime": "2021-09-21 15:45:30", "elapsed": 397.874909, "delta": 2.69119}}
{"target": -2.432052173739985, "params": {"eta": 0.18096872062333852, "max_depth": 9.719602737652927, "n_estimators": 62.99887478945689}, "datetime": {"datetime": "2021-09-21 15:45:33", "elapsed": 400.543626, "delta": 2.668717}}
{"target": -2.46372479702297, "params": {"eta": 0.2256381080610963, "max_depth": 4.197748669436621, "n_estimators": 56.73362860432924}, "datetime": {"datetime": "2021-09-21 15:45:35", "elapsed": 403.317961, "delta": 2.774335}}
{"target": -2.482595975775468, "params": {"eta": 0.0852206566348012, "max_depth": 12.947081075456728, "n_estimators": 59.26538272084149}, "datetime": {"datetime": "2021-09-21 15:45:38", "elapsed": 405.423417, "delta": 2.105456}}
{"target": -2.4580225674729603, "params": {"eta": 0.21902180729783766, "max_depth": 5.669490678425822, "n_estimators": 64.50310180687902}, "datetime": {"datetime": "2021-09-21 15:45:40", "elapsed": 408.205856, "delta": 2.782439}}
{"target": -2.365873887664393, "params": {"eta": 0.0985301332718915, "max_depth": 5.45878902454481, "n_estimators": 64.50125856900681}, "datetime": {"datetime": "2021-09-21 15:45:43", "elapsed": 410.398131, "delta": 2.192275}}
{"target": -2.589581667122088, "params": {"eta": 0.46791902075723785, "max_depth": 4.783786602573368, "n_estimators": 40.388651305878405}, "datetime": {"datetime": "2021-09-21 15:45:45", "elapsed": 412.45175, "delta": 2.053619}}
{"target": -2.5313853910094815, "params": {"eta": 0.35109484043565825, "max_depth": 16.44886395992394, "n_estimators": 49.56062036060928}, "datetime": {"datetime": "2021-09-21 15:45:47", "elapsed": 414.773744, "delta": 2.321994}}
{"target": -2.621791540321551, "params": {"eta": 0.4663985965347515, "max_depth": 6.48332669842363, "n_estimators": 47.14138495292088}, "datetime": {"datetime": "2021-09-21 15:45:49", "elapsed": 417.176003, "delta": 2.402259}}
{"target": -2.425066043201246, "params": {"eta": 0.08016402092793316, "max_depth": 5.9005236770594935, "n_estimators": 64.18040197265503}, "datetime": {"datetime": "2021-09-21 15:45:51", "elapsed": 419.204233, "delta": 2.02823}}
{"target": -2.3344884477163617, "params": {"eta": 0.2991412736241824, "max_depth": 5.121060756229472, "n_estimators": 50.048943275632226}, "datetime": {"datetime": "2021-09-21 15:45:53", "elapsed": 420.587985, "delta": 1.383752}}
{"target": -2.4155195186012666, "params": {"eta": 0.2179405780209649, "max_depth": 5.0533803171852085, "n_estimators": 49.94706912480497}, "datetime": {"datetime": "2021-09-21 15:45:55", "elapsed": 422.49332, "delta": 1.905335}}
{"target": -2.6306643159765946, "params": {"eta": 0.05254977533295755, "max_depth": 5.344076738080755, "n_estimators": 64.5068353156989}, "datetime": {"datetime": "2021-09-21 15:45:57", "elapsed": 424.951874, "delta": 2.458554}}
{"target": -2.6359991531623037, "params": {"eta": 0.40021178116686934, "max_depth": 14.275621331444537, "n_estimators": 43.4503137081598}, "datetime": {"datetime": "2021-09-21 15:45:59", "elapsed": 426.64519, "delta": 1.693316}}
{"target": -2.5237895996947035, "params": {"eta": 0.16467164401274398, "max_depth": 17.844549234008696, "n_estimators": 63.61449386129715}, "datetime": {"datetime": "2021-09-21 15:46:02", "elapsed": 429.787032, "delta": 3.141842}}
