{"target": 0.8345564185518182, "params": {"eta": 0.2603217173102714, "max_depth": 31.15682951632794, "n_estimators": 39.75433122313278}, "datetime": {"datetime": "2021-09-21 11:02:31", "elapsed": 62.582486, "delta": 0.885003}}
{"target": 0.8342891875416246, "params": {"eta": 0.40090808755086405, "max_depth": 20.034149857864477, "n_estimators": 37.28025283907646}, "datetime": {"datetime": "2021-09-21 11:02:32", "elapsed": 63.555958, "delta": 0.973472}}
{"target": 0.8618093578048218, "params": {"eta": 0.22354006761928075, "max_depth": 20.06136242926541, "n_estimators": 34.19439920512073}, "datetime": {"datetime": "2021-09-21 11:02:33", "elapsed": 64.383956, "delta": 0.827998}}
{"target": 0.8623701104712771, "params": {"eta": 0.4028827082419636, "max_depth": 21.482618203435212, "n_estimators": 33.582567408327336}, "datetime": {"datetime": "2021-09-21 11:02:34", "elapsed": 65.288511, "delta": 0.904555}}
{"target": 0.8291066229319872, "params": {"eta": 0.1, "max_depth": 20.193306903724654, "n_estimators": 32.440750825503585}, "datetime": {"datetime": "2021-09-21 11:02:35", "elapsed": 65.996675, "delta": 0.708164}}
{"target": 0.8447001836732302, "params": {"eta": 0.27537539923554655, "max_depth": 23.30614902118918, "n_estimators": 33.83029876898209}, "datetime": {"datetime": "2021-09-21 11:02:35", "elapsed": 66.743821, "delta": 0.747146}}
{"target": 0.8542612619472866, "params": {"eta": 0.24503800162293846, "max_depth": 17.975850763806942, "n_estimators": 35.057791733410795}, "datetime": {"datetime": "2021-09-21 11:02:36", "elapsed": 67.600626, "delta": 0.856805}}
{"target": 0.8776236811870014, "params": {"eta": 0.20957621218890035, "max_depth": 17.274633534198568, "n_estimators": 33.327034827418515}, "datetime": {"datetime": "2021-09-21 11:02:37", "elapsed": 68.510626, "delta": 0.91}}
{"target": 0.8478458115432225, "params": {"eta": 0.17042089923504372, "max_depth": 15.749389001179154, "n_estimators": 33.92961900899016}, "datetime": {"datetime": "2021-09-21 11:02:38", "elapsed": 69.762811, "delta": 1.252185}}
{"target": 0.8552299721500002, "params": {"eta": 0.31357823039000343, "max_depth": 16.89707189316578, "n_estimators": 31.937848122809353}, "datetime": {"datetime": "2021-09-21 11:02:39", "elapsed": 70.512392, "delta": 0.749581}}
{"target": 0.8685461712346627, "params": {"eta": 0.20058470462911535, "max_depth": 18.529499217080417, "n_estimators": 33.45570825090642}, "datetime": {"datetime": "2021-09-21 11:02:40", "elapsed": 71.344391, "delta": 0.831999}}
{"target": 0.8492589421644767, "params": {"eta": 0.4467444055104074, "max_depth": 23.110857642500434, "n_estimators": 31.672604494268413}, "datetime": {"datetime": "2021-09-21 11:02:41", "elapsed": 72.151372, "delta": 0.806981}}
{"target": 0.8034165769868924, "params": {"eta": 0.5, "max_depth": 25.51886141815713, "n_estimators": 31.824770528175986}, "datetime": {"datetime": "2021-09-21 11:02:42", "elapsed": 73.189372, "delta": 1.038}}
{"target": 0.8552934364753089, "params": {"eta": 0.16589062360015827, "max_depth": 22.019356289075382, "n_estimators": 29.248607176387523}, "datetime": {"datetime": "2021-09-21 11:02:43", "elapsed": 73.951226, "delta": 0.761854}}
{"target": 0.8382284948673383, "params": {"eta": 0.21631574661822717, "max_depth": 20.376595684198897, "n_estimators": 28.0861246495115}, "datetime": {"datetime": "2021-09-21 11:02:43", "elapsed": 74.53223, "delta": 0.581004}}
{"target": 0.8369658524263001, "params": {"eta": 0.2191741864067538, "max_depth": 22.687624474273054, "n_estimators": 27.226230070960952}, "datetime": {"datetime": "2021-09-21 11:02:44", "elapsed": 75.372804, "delta": 0.840574}}
{"target": 0.8396247739767091, "params": {"eta": 0.25245820539238895, "max_depth": 37.90206972113699, "n_estimators": 46.61436633780491}, "datetime": {"datetime": "2021-09-21 11:02:45", "elapsed": 76.250931, "delta": 0.878127}}
{"target": 0.8585752360963845, "params": {"eta": 0.3568086509281104, "max_depth": 46.59322407673117, "n_estimators": 36.776284626035135}, "datetime": {"datetime": "2021-09-21 11:02:46", "elapsed": 77.078428, "delta": 0.827497}}
{"target": 0.84401497802986, "params": {"eta": 0.16730118820079692, "max_depth": 48.51743224000595, "n_estimators": 37.12393564778314}, "datetime": {"datetime": "2021-09-21 11:02:46", "elapsed": 77.897361, "delta": 0.818933}}
{"target": 0.84922934886555, "params": {"eta": 0.13357941384588795, "max_depth": 47.2323423948141, "n_estimators": 35.059803218384275}, "datetime": {"datetime": "2021-09-21 11:02:47", "elapsed": 78.502361, "delta": 0.605}}
{"target": 0.8350646963765962, "params": {"eta": 0.1, "max_depth": 44.98181294771362, "n_estimators": 35.72658547716809}, "datetime": {"datetime": "2021-09-21 11:02:48", "elapsed": 79.213647, "delta": 0.711286}}
{"target": 0.8420111869228248, "params": {"eta": 0.3151295981735796, "max_depth": 49.52051950668208, "n_estimators": 34.652493874340124}, "datetime": {"datetime": "2021-09-21 11:02:49", "elapsed": 80.708405, "delta": 1.494758}}
{"target": 0.8529378556137727, "params": {"eta": 0.42646459952627025, "max_depth": 47.0159404268001, "n_estimators": 32.55086151067542}, "datetime": {"datetime": "2021-09-21 11:02:53", "elapsed": 84.010792, "delta": 3.302387}}
{"target": 0.8496549197474804, "params": {"eta": 0.39868122922768634, "max_depth": 45.06804097616265, "n_estimators": 31.659195707780306}, "datetime": {"datetime": "2021-09-21 11:02:54", "elapsed": 84.91885, "delta": 0.908058}}
{"target": 0.8209512004014998, "params": {"eta": 0.1, "max_depth": 46.626005281820824, "n_estimators": 30.433328117498682}, "datetime": {"datetime": "2021-09-21 11:02:54", "elapsed": 85.682907, "delta": 0.764057}}
{"target": 0.8552229368870566, "params": {"eta": 0.32157804192272965, "max_depth": 45.4958106997332, "n_estimators": 33.61682692637237}, "datetime": {"datetime": "2021-09-21 11:02:55", "elapsed": 86.696908, "delta": 1.014001}}
{"target": 0.8263574629515154, "params": {"eta": 0.4115079127117135, "max_depth": 43.311608027208656, "n_estimators": 33.06001094062242}, "datetime": {"datetime": "2021-09-21 11:02:56", "elapsed": 87.495161, "delta": 0.798253}}
{"target": 0.803633338002515, "params": {"eta": 0.5, "max_depth": 23.71273360270292, "n_estimators": 29.433850584614888}, "datetime": {"datetime": "2021-09-21 11:02:57", "elapsed": 88.465165, "delta": 0.970004}}
{"target": 0.8555678263035168, "params": {"eta": 0.22206225401123342, "max_depth": 21.20428995658595, "n_estimators": 30.515061926624234}, "datetime": {"datetime": "2021-09-21 11:02:58", "elapsed": 89.409654, "delta": 0.944489}}
{"target": 0.8391898325979731, "params": {"eta": 0.16842656438564507, "max_depth": 18.4354930021941, "n_estimators": 30.2929534396328}, "datetime": {"datetime": "2021-09-21 11:02:59", "elapsed": 90.419667, "delta": 1.010013}}
{"target": 0.8588932209999002, "params": {"eta": 0.36218329169824803, "max_depth": 35.041094267365565, "n_estimators": 46.93456409753044}, "datetime": {"datetime": "2021-09-21 11:03:00", "elapsed": 91.366527, "delta": 0.94686}}
{"target": 0.8735696909598488, "params": {"eta": 0.3914587559728151, "max_depth": 35.61719302235296, "n_estimators": 48.65727794113934}, "datetime": {"datetime": "2021-09-21 11:03:01", "elapsed": 92.197008, "delta": 0.830481}}
{"target": 0.8832248753132546, "params": {"eta": 0.2043894220008408, "max_depth": 34.2817404975688, "n_estimators": 49.00208974998162}, "datetime": {"datetime": "2021-09-21 11:03:02", "elapsed": 93.153648, "delta": 0.95664}}
{"target": 0.8039773428153931, "params": {"eta": 0.4920909377698579, "max_depth": 33.37158233038856, "n_estimators": 47.86582909024054}, "datetime": {"datetime": "2021-09-21 11:03:03", "elapsed": 94.119606, "delta": 0.965958}}
{"target": 0.8623308391997014, "params": {"eta": 0.43273764491546385, "max_depth": 34.61206456278479, "n_estimators": 49.90595185174694}, "datetime": {"datetime": "2021-09-21 11:03:04", "elapsed": 95.136881, "delta": 1.017275}}
{"target": 0.8597762042265853, "params": {"eta": 0.14464679051485596, "max_depth": 36.70532645521227, "n_estimators": 49.959968565046}, "datetime": {"datetime": "2021-09-21 11:03:05", "elapsed": 96.112962, "delta": 0.976081}}
{"target": 0.8588585690653225, "params": {"eta": 0.35894781942602627, "max_depth": 37.13281295743366, "n_estimators": 48.265083754161175}, "datetime": {"datetime": "2021-09-21 11:03:06", "elapsed": 97.286452, "delta": 1.17349}}
{"target": 0.846844643194979, "params": {"eta": 0.47154438570508095, "max_depth": 38.5341600538489, "n_estimators": 49.70488257073896}, "datetime": {"datetime": "2021-09-21 11:03:07", "elapsed": 98.271463, "delta": 0.985011}}
{"target": 0.8479026838135292, "params": {"eta": 0.10387440865892526, "max_depth": 32.717581882358175, "n_estimators": 49.855862681827}, "datetime": {"datetime": "2021-09-21 11:03:08", "elapsed": 99.184743, "delta": 0.91328}}
{"target": 0.8495087535758978, "params": {"eta": 0.14807211587149333, "max_depth": 36.04137111389718, "n_estimators": 47.44870990936227}, "datetime": {"datetime": "2021-09-21 11:03:09", "elapsed": 100.183365, "delta": 0.998622}}
{"target": 0.8668393323066265, "params": {"eta": 0.27207736720177383, "max_depth": 14.073797333972351, "n_estimators": 36.393980772831824}, "datetime": {"datetime": "2021-09-21 11:03:10", "elapsed": 101.006558, "delta": 0.823193}}
{"target": 0.8539031478197446, "params": {"eta": 0.24491964946598915, "max_depth": 13.485017167461637, "n_estimators": 37.886989198319185}, "datetime": {"datetime": "2021-09-21 11:03:10", "elapsed": 101.810195, "delta": 0.803637}}
{"target": 0.8166792074190423, "params": {"eta": 0.48202933972101836, "max_depth": 12.634315565798424, "n_estimators": 35.865165456081215}, "datetime": {"datetime": "2021-09-21 11:03:11", "elapsed": 102.541195, "delta": 0.731}}
{"target": 0.8694703919712046, "params": {"eta": 0.2075898630154599, "max_depth": 15.269733683437833, "n_estimators": 37.17288292051492}, "datetime": {"datetime": "2021-09-21 11:03:12", "elapsed": 103.624361, "delta": 1.083166}}
{"target": 0.855870076393298, "params": {"eta": 0.39245825251734345, "max_depth": 15.371166448830312, "n_estimators": 35.79761708167351}, "datetime": {"datetime": "2021-09-21 11:03:13", "elapsed": 104.502193, "delta": 0.877832}}
{"target": 0.8490178515976767, "params": {"eta": 0.23089509647089923, "max_depth": 14.45395528140138, "n_estimators": 39.65371586509909}, "datetime": {"datetime": "2021-09-21 11:03:14", "elapsed": 105.526768, "delta": 1.024575}}
{"target": 0.852617823846181, "params": {"eta": 0.1340983670431676, "max_depth": 12.079649650044846, "n_estimators": 40.24364007409442}, "datetime": {"datetime": "2021-09-21 11:03:15", "elapsed": 106.528318, "delta": 1.00155}}
{"target": 0.8660112860714339, "params": {"eta": 0.18556424907039606, "max_depth": 13.349115545920396, "n_estimators": 42.01170381004742}, "datetime": {"datetime": "2021-09-21 11:03:16", "elapsed": 107.409965, "delta": 0.881647}}
{"target": 0.8597728178537345, "params": {"eta": 0.243261936423355, "max_depth": 11.78347234015708, "n_estimators": 42.44935001968534}, "datetime": {"datetime": "2021-09-21 11:03:17", "elapsed": 108.306774, "delta": 0.896809}}
{"target": 0.854525511786269, "params": {"eta": 0.2425781600309408, "max_depth": 13.25250478030025, "n_estimators": 43.75032514252932}, "datetime": {"datetime": "2021-09-21 11:03:18", "elapsed": 109.203347, "delta": 0.896573}}
{"target": 0.807235518865091, "params": {"eta": 0.48143986321024135, "max_depth": 15.050222958180402, "n_estimators": 42.425131510658765}, "datetime": {"datetime": "2021-09-21 11:03:19", "elapsed": 110.075689, "delta": 0.872342}}
{"target": 0.8471665695405666, "params": {"eta": 0.1, "max_depth": 11.307975916696913, "n_estimators": 44.48277264341835}, "datetime": {"datetime": "2021-09-21 11:03:20", "elapsed": 111.014416, "delta": 0.938727}}
{"target": 0.8474955486235216, "params": {"eta": 0.1, "max_depth": 9.977443258617233, "n_estimators": 41.30206966620003}, "datetime": {"datetime": "2021-09-21 11:03:20", "elapsed": 111.862415, "delta": 0.847999}}
{"target": 0.8529714191577298, "params": {"eta": 0.31375397844653374, "max_depth": 12.917704303560104, "n_estimators": 46.25530057350625}, "datetime": {"datetime": "2021-09-21 11:03:21", "elapsed": 112.725415, "delta": 0.863}}
{"target": 0.8145766211156852, "params": {"eta": 0.5, "max_depth": 11.00253390185963, "n_estimators": 47.27550496740407}, "datetime": {"datetime": "2021-09-21 11:03:22", "elapsed": 113.755415, "delta": 1.03}}
{"target": 0.8671935544204614, "params": {"eta": 0.18920803062026864, "max_depth": 14.922305032191716, "n_estimators": 46.332178034356524}, "datetime": {"datetime": "2021-09-21 11:03:24", "elapsed": 114.988417, "delta": 1.233002}}
{"target": 0.8087052609442915, "params": {"eta": 0.5, "max_depth": 14.572687138255326, "n_estimators": 47.849524498862735}, "datetime": {"datetime": "2021-09-21 11:03:24", "elapsed": 115.863964, "delta": 0.875547}}
{"target": 0.8599152106978045, "params": {"eta": 0.17195189078734324, "max_depth": 14.227863351428683, "n_estimators": 45.246088579143525}, "datetime": {"datetime": "2021-09-21 11:03:25", "elapsed": 116.898964, "delta": 1.035}}
{"target": 0.8480769047734482, "params": {"eta": 0.4665982618849772, "max_depth": 16.165035267769525, "n_estimators": 45.43784327110694}, "datetime": {"datetime": "2021-09-21 11:03:26", "elapsed": 117.733169, "delta": 0.834205}}
{"target": 0.8301127976234353, "params": {"eta": 0.4734886253804229, "max_depth": 9.441827545729307, "n_estimators": 43.37187295719964}, "datetime": {"datetime": "2021-09-21 11:03:27", "elapsed": 118.803357, "delta": 1.070188}}
{"target": 0.8160676214625999, "params": {"eta": 0.4968476914240615, "max_depth": 10.317869348720745, "n_estimators": 38.717160702780575}, "datetime": {"datetime": "2021-09-21 11:03:28", "elapsed": 119.463831, "delta": 0.660474}}
{"target": 0.8087828757780143, "params": {"eta": 0.5, "max_depth": 15.53906185071421, "n_estimators": 38.48799278100795}, "datetime": {"datetime": "2021-09-21 11:03:29", "elapsed": 120.396003, "delta": 0.932172}}
{"target": 0.8532672065139036, "params": {"eta": 0.23685388253164602, "max_depth": 13.346109028751961, "n_estimators": 40.50378583900212}, "datetime": {"datetime": "2021-09-21 11:03:30", "elapsed": 121.713364, "delta": 1.317361}}
{"target": 0.8745166749838033, "params": {"eta": 0.20542987028320261, "max_depth": 34.92889103558514, "n_estimators": 45.284439365065396}, "datetime": {"datetime": "2021-09-21 11:03:31", "elapsed": 122.751414, "delta": 1.03805}}
{"target": 0.8511298122373658, "params": {"eta": 0.11138024233147817, "max_depth": 34.746950910174355, "n_estimators": 43.97950695632713}, "datetime": {"datetime": "2021-09-21 11:03:32", "elapsed": 123.730826, "delta": 0.979412}}
{"target": 0.8035133509560357, "params": {"eta": 0.5, "max_depth": 35.79669329331614, "n_estimators": 45.84887235197137}, "datetime": {"datetime": "2021-09-21 11:03:33", "elapsed": 124.792977, "delta": 1.062151}}
{"target": 0.8430899027741035, "params": {"eta": 0.10921128086663878, "max_depth": 33.931692915286575, "n_estimators": 45.661734972521344}, "datetime": {"datetime": "2021-09-21 11:03:35", "elapsed": 125.969717, "delta": 1.17674}}
{"target": 0.8402901540198929, "params": {"eta": 0.31265767749043605, "max_depth": 34.851615349270894, "n_estimators": 48.3346145252603}, "datetime": {"datetime": "2021-09-21 11:03:36", "elapsed": 127.023717, "delta": 1.054}}
{"target": 0.8490618574623476, "params": {"eta": 0.2201710970481001, "max_depth": 35.657036264049644, "n_estimators": 49.4499987505358}, "datetime": {"datetime": "2021-09-21 11:03:37", "elapsed": 128.245976, "delta": 1.222259}}
{"target": 0.8620866114943135, "params": {"eta": 0.15253288467642503, "max_depth": 17.663494069483356, "n_estimators": 34.1580681496194}, "datetime": {"datetime": "2021-09-21 11:03:38", "elapsed": 129.162579, "delta": 0.916603}}
{"target": 0.8428230170584089, "params": {"eta": 0.12356151948491578, "max_depth": 17.923386737644265, "n_estimators": 32.881865268526596}, "datetime": {"datetime": "2021-09-21 11:03:39", "elapsed": 130.034934, "delta": 0.872355}}
{"target": 0.8485564660243181, "params": {"eta": 0.28221214613787005, "max_depth": 18.929946927138978, "n_estimators": 34.34706364065181}, "datetime": {"datetime": "2021-09-21 11:03:40", "elapsed": 131.107544, "delta": 1.07261}}
{"target": 0.8551731667949128, "params": {"eta": 0.15995806220932726, "max_depth": 12.32267820589328, "n_estimators": 41.390294293267736}, "datetime": {"datetime": "2021-09-21 11:03:41", "elapsed": 132.273063, "delta": 1.165519}}
{"target": 0.8598666609261876, "params": {"eta": 0.2007793224023894, "max_depth": 33.6846375229072, "n_estimators": 49.6973457601962}, "datetime": {"datetime": "2021-09-21 11:03:42", "elapsed": 133.277231, "delta": 1.004168}}
{"target": 0.8373319180019491, "params": {"eta": 0.22847057325505993, "max_depth": 16.37080535621704, "n_estimators": 32.74861239714753}, "datetime": {"datetime": "2021-09-21 11:03:43", "elapsed": 134.281689, "delta": 1.004458}}
{"target": 0.8059657249639571, "params": {"eta": 0.5, "max_depth": 16.85986636951664, "n_estimators": 33.92907380522554}, "datetime": {"datetime": "2021-09-21 11:03:45", "elapsed": 135.913847, "delta": 1.632158}}
{"target": 0.85105337237157, "params": {"eta": 0.26826585176219775, "max_depth": 14.729991387264262, "n_estimators": 15.077051499549455}, "datetime": {"datetime": "2021-09-21 11:03:45", "elapsed": 136.816849, "delta": 0.903002}}
{"target": 0.8510391480928573, "params": {"eta": 0.1740279052466575, "max_depth": 10.142803019298139, "n_estimators": 31.745541647973074}, "datetime": {"datetime": "2021-09-21 11:03:48", "elapsed": 139.018855, "delta": 2.202006}}
{"target": 0.7107357318683543, "params": {"eta": 0.15998862806777875, "max_depth": 42.61942885103197, "n_estimators": 12.791670862084509}, "datetime": {"datetime": "2021-09-21 11:03:48", "elapsed": 139.771627, "delta": 0.752772}}
{"target": 0.8515882161251201, "params": {"eta": 0.39986409383481725, "max_depth": 44.67623237592359, "n_estimators": 43.781512871819515}, "datetime": {"datetime": "2021-09-21 11:03:50", "elapsed": 141.857995, "delta": 2.086368}}
{"target": 0.8121540618250302, "params": {"eta": 0.4963281960620235, "max_depth": 14.719748682748076, "n_estimators": 36.8883567575554}, "datetime": {"datetime": "2021-09-21 11:03:52", "elapsed": 143.553357, "delta": 1.695362}}
{"target": 0.8309281057814363, "params": {"eta": 0.1548132566469992, "max_depth": 20.88589196712168, "n_estimators": 20.694622340257233}, "datetime": {"datetime": "2021-09-21 11:03:54", "elapsed": 145.199573, "delta": 1.646216}}
{"target": 0.8035133514877485, "params": {"eta": 0.5, "max_depth": 36.372960024211366, "n_estimators": 48.75296125876819}, "datetime": {"datetime": "2021-09-21 11:03:56", "elapsed": 147.325727, "delta": 2.126154}}
{"target": 0.8368770785370551, "params": {"eta": 0.1390526602830697, "max_depth": 38.55046619581218, "n_estimators": 27.252399240375556}, "datetime": {"datetime": "2021-09-21 11:03:58", "elapsed": 148.944378, "delta": 1.618651}}
{"target": 0.8334138348150268, "params": {"eta": 0.3061495239791272, "max_depth": 34.800534153779736, "n_estimators": 49.293298033807346}, "datetime": {"datetime": "2021-09-21 11:04:00", "elapsed": 151.722563, "delta": 2.778185}}
{"target": 0.6824108667478657, "params": {"eta": 0.1509447066381672, "max_depth": 35.13580870802015, "n_estimators": 12.223491056966305}, "datetime": {"datetime": "2021-09-21 11:04:01", "elapsed": 152.626509, "delta": 0.903946}}
{"target": 0.8488328863207092, "params": {"eta": 0.40527865055512136, "max_depth": 17.862933559037252, "n_estimators": 33.57302713163283}, "datetime": {"datetime": "2021-09-21 11:04:04", "elapsed": 155.425621, "delta": 2.799112}}
{"target": 0.8677472749445186, "params": {"eta": 0.3893501913839549, "max_depth": 44.75748245388764, "n_estimators": 40.98856644062728}, "datetime": {"datetime": "2021-09-21 11:04:05", "elapsed": 156.701625, "delta": 1.276004}}
{"target": 0.8670004643775179, "params": {"eta": 0.18517058968486913, "max_depth": 33.73633018265722, "n_estimators": 48.894148517748526}, "datetime": {"datetime": "2021-09-21 11:04:07", "elapsed": 158.451627, "delta": 1.750002}}
{"target": 0.8469906391777589, "params": {"eta": 0.3669164836045914, "max_depth": 18.657443840155114, "n_estimators": 27.840335633388264}, "datetime": {"datetime": "2021-09-21 11:04:09", "elapsed": 160.7892, "delta": 2.337573}}
{"target": 0.8360702917299705, "params": {"eta": 0.1, "max_depth": 15.8525537314653, "n_estimators": 36.87831380524887}, "datetime": {"datetime": "2021-09-21 11:04:10", "elapsed": 161.660547, "delta": 0.871347}}
{"target": 0.7956717428173521, "params": {"eta": 0.10276073405330402, "max_depth": 27.766982505486897, "n_estimators": 26.575504666586696}, "datetime": {"datetime": "2021-09-21 11:04:11", "elapsed": 162.334073, "delta": 0.673526}}
{"target": 0.800840891540568, "params": {"eta": 0.22732676733621202, "max_depth": 30.21088748558495, "n_estimators": 12.344051234746125}, "datetime": {"datetime": "2021-09-21 11:04:11", "elapsed": 162.909072, "delta": 0.574999}}
{"target": 0.8025214761192656, "params": {"eta": 0.4917267792935076, "max_depth": 43.96101740443544, "n_estimators": 41.08727001002008}, "datetime": {"datetime": "2021-09-21 11:04:13", "elapsed": 164.019869, "delta": 1.110797}}
{"target": 0.8522701087965885, "params": {"eta": 0.10985769976340554, "max_depth": 44.456293973891526, "n_estimators": 41.80425106615354}, "datetime": {"datetime": "2021-09-21 11:04:14", "elapsed": 165.098869, "delta": 1.079}}
{"target": 0.8391369115641757, "params": {"eta": 0.3493819446621096, "max_depth": 46.64466265949728, "n_estimators": 36.81830125150174}, "datetime": {"datetime": "2021-09-21 11:04:15", "elapsed": 166.089542, "delta": 0.990673}}
{"target": 0.8153549233289021, "params": {"eta": 0.27382001784357424, "max_depth": 18.08778219230927, "n_estimators": 10.762219093281251}, "datetime": {"datetime": "2021-09-21 11:04:15", "elapsed": 166.888542, "delta": 0.799}}
