{"target": 0.8579163775944807, "params": {"eta": 0.11796465060052468, "max_depth": 13.765176171639261, "n_estimators": 51.47641061986778}, "datetime": {"datetime": "2021-09-21 12:47:29", "elapsed": 391.060401, "delta": 2.543456}}
{"target": 0.7890074592164378, "params": {"eta": 0.1812643746166015, "max_depth": 1.440453528185317, "n_estimators": 56.96022564174407}, "datetime": {"datetime": "2021-09-21 12:47:31", "elapsed": 393.711404, "delta": 2.651003}}
{"target": 0.7991022708429253, "params": {"eta": 0.1945799469483578, "max_depth": 2.0498622262817143, "n_estimators": 59.447879741640506}, "datetime": {"datetime": "2021-09-21 12:47:33", "elapsed": 395.662868, "delta": 1.951464}}
{"target": 0.8527615524025456, "params": {"eta": 0.10601338191493964, "max_depth": 4.628296099096314, "n_estimators": 47.06706278821718}, "datetime": {"datetime": "2021-09-21 12:47:36", "elapsed": 398.644238, "delta": 2.98137}}
{"target": 0.8663326781859838, "params": {"eta": 0.273770535246352, "max_depth": 9.30528383577847, "n_estimators": 56.63138673755206}, "datetime": {"datetime": "2021-09-21 12:47:40", "elapsed": 402.613866, "delta": 3.969628}}
{"target": 0.8636660556644689, "params": {"eta": 0.1561527816720005, "max_depth": 12.11702195009808, "n_estimators": 36.57860624730924}, "datetime": {"datetime": "2021-09-21 12:47:44", "elapsed": 406.643134, "delta": 4.029268}}
{"target": 0.8688853301591495, "params": {"eta": 0.2344622108229921, "max_depth": 13.445780367917616, "n_estimators": 58.639012776778415}, "datetime": {"datetime": "2021-09-21 12:47:49", "elapsed": 411.73024, "delta": 5.087106}}
{"target": 0.8534474066434805, "params": {"eta": 0.3687737297177125, "max_depth": 18.45994145260379, "n_estimators": 54.399770275838335}, "datetime": {"datetime": "2021-09-21 12:47:52", "elapsed": 414.712547, "delta": 2.982307}}
{"target": 0.8536167898633289, "params": {"eta": 0.13428601908500537, "max_depth": 14.081728635987096, "n_estimators": 55.53524000814123}, "datetime": {"datetime": "2021-09-21 12:47:57", "elapsed": 419.246044, "delta": 4.533497}}
{"target": 0.8428176573085322, "params": {"eta": 0.23078561460481445, "max_depth": 15.902136329846265, "n_estimators": 43.767975981465895}, "datetime": {"datetime": "2021-09-21 12:48:01", "elapsed": 423.598696, "delta": 4.352652}}
{"target": 0.8408925449017349, "params": {"eta": 0.3964081260976886, "max_depth": 15.863836214318036, "n_estimators": 45.52376243760087}, "datetime": {"datetime": "2021-09-21 12:48:06", "elapsed": 428.020583, "delta": 4.421887}}
{"target": 0.8645142597819535, "params": {"eta": 0.2708154122883628, "max_depth": 10.400051902417248, "n_estimators": 43.693064061882225}, "datetime": {"datetime": "2021-09-21 12:48:10", "elapsed": 432.241696, "delta": 4.221113}}
{"target": 0.8427563432982127, "params": {"eta": 0.1, "max_depth": 15.638020301369917, "n_estimators": 46.15137532613497}, "datetime": {"datetime": "2021-09-21 12:48:14", "elapsed": 436.820958, "delta": 4.579262}}
{"target": 0.8500584740783903, "params": {"eta": 0.11260518911076912, "max_depth": 16.12582065706517, "n_estimators": 51.7900776524171}, "datetime": {"datetime": "2021-09-21 12:48:18", "elapsed": 440.287229, "delta": 3.466271}}
{"target": 0.8686990641042114, "params": {"eta": 0.39530216217865954, "max_depth": 8.737025943727609, "n_estimators": 45.31593799230089}, "datetime": {"datetime": "2021-09-21 12:48:23", "elapsed": 445.172959, "delta": 4.88573}}
{"target": 0.8542905424110712, "params": {"eta": 0.2697961520587804, "max_depth": 18.489418418644576, "n_estimators": 52.03941935533032}, "datetime": {"datetime": "2021-09-21 12:48:25", "elapsed": 447.98631, "delta": 2.813351}}
{"target": 0.8472355681740997, "params": {"eta": 0.10897741885040951, "max_depth": 16.1412871086566, "n_estimators": 46.006281022792585}, "datetime": {"datetime": "2021-09-21 12:48:29", "elapsed": 451.960958, "delta": 3.974648}}
{"target": 0.8451475325175255, "params": {"eta": 0.11447406489973533, "max_depth": 17.102401801292018, "n_estimators": 51.586749667361474}, "datetime": {"datetime": "2021-09-21 12:48:33", "elapsed": 455.53659, "delta": 3.575632}}
{"target": 0.8441162233487614, "params": {"eta": 0.3712979987006859, "max_depth": 12.900182648290055, "n_estimators": 46.982411991044685}, "datetime": {"datetime": "2021-09-21 12:48:38", "elapsed": 460.084747, "delta": 4.548157}}
{"target": 0.8514286727974886, "params": {"eta": 0.10330321116537178, "max_depth": 14.036312809864956, "n_estimators": 48.80390029816611}, "datetime": {"datetime": "2021-09-21 12:48:43", "elapsed": 465.512692, "delta": 5.427945}}
{"target": 0.8477275394853244, "params": {"eta": 0.2766261822873359, "max_depth": 10.384478114723876, "n_estimators": 38.17883212194122}, "datetime": {"datetime": "2021-09-21 12:48:47", "elapsed": 469.236148, "delta": 3.723456}}
{"target": 0.8728326802559374, "params": {"eta": 0.15382953457441953, "max_depth": 10.202083490439964, "n_estimators": 55.539100983281664}, "datetime": {"datetime": "2021-09-21 12:48:52", "elapsed": 474.43456, "delta": 5.198412}}
{"target": 0.8699457584696519, "params": {"eta": 0.18879876437070664, "max_depth": 10.298350466299778, "n_estimators": 35.7345692584301}, "datetime": {"datetime": "2021-09-21 12:48:56", "elapsed": 478.410744, "delta": 3.976184}}
{"target": 0.8502968733961818, "params": {"eta": 0.24095773615955382, "max_depth": 17.657617312663792, "n_estimators": 59.84528329604979}, "datetime": {"datetime": "2021-09-21 12:49:00", "elapsed": 482.756322, "delta": 4.345578}}
{"target": 0.8537419858924813, "params": {"eta": 0.27425582714218144, "max_depth": 5.288150570253973, "n_estimators": 50.613903935788514}, "datetime": {"datetime": "2021-09-21 12:49:04", "elapsed": 486.511901, "delta": 3.755579}}
{"target": 0.8668374971156485, "params": {"eta": 0.16068565584287414, "max_depth": 10.53597406766253, "n_estimators": 36.13302128958892}, "datetime": {"datetime": "2021-09-21 12:49:10", "elapsed": 492.011662, "delta": 5.499761}}
{"target": 0.7712828167676666, "params": {"eta": 0.18166765597535128, "max_depth": 1.6107536972264667, "n_estimators": 37.645248298876965}, "datetime": {"datetime": "2021-09-21 12:49:12", "elapsed": 494.270219, "delta": 2.258557}}
{"target": 0.7844791662024586, "params": {"eta": 0.19533158123407166, "max_depth": 1.2439532688042507, "n_estimators": 42.49766641746009}, "datetime": {"datetime": "2021-09-21 12:49:14", "elapsed": 496.598124, "delta": 2.327905}}
{"target": 0.849727026623767, "params": {"eta": 0.1, "max_depth": 9.025075382725245, "n_estimators": 44.930910331309256}, "datetime": {"datetime": "2021-09-21 12:49:19", "elapsed": 501.76672, "delta": 5.168596}}
{"target": 0.8566137796130205, "params": {"eta": 0.39508659350121467, "max_depth": 12.812709983191954, "n_estimators": 43.09761235762186}, "datetime": {"datetime": "2021-09-21 12:49:22", "elapsed": 504.896693, "delta": 3.129973}}
{"target": 0.8613361804556027, "params": {"eta": 0.1, "max_depth": 7.579473257789569, "n_estimators": 50.9508016672977}, "datetime": {"datetime": "2021-09-21 12:49:27", "elapsed": 509.534358, "delta": 4.637665}}
{"target": 0.8465258130519443, "params": {"eta": 0.3069921464482245, "max_depth": 9.47198077337558, "n_estimators": 33.94096818515222}, "datetime": {"datetime": "2021-09-21 12:49:30", "elapsed": 512.155766, "delta": 2.621408}}
{"target": 0.8016638092929993, "params": {"eta": 0.13833920669993277, "max_depth": 2.6549847994795552, "n_estimators": 46.112841231368}, "datetime": {"datetime": "2021-09-21 12:49:32", "elapsed": 514.721907, "delta": 2.566141}}
{"target": 0.8631387537586127, "params": {"eta": 0.18621637469037666, "max_depth": 11.616719339049382, "n_estimators": 34.96535624677541}, "datetime": {"datetime": "2021-09-21 12:49:35", "elapsed": 517.492985, "delta": 2.771078}}
{"target": 0.8547852871291595, "params": {"eta": 0.21410474117750597, "max_depth": 5.61574931148988, "n_estimators": 33.54194985815693}, "datetime": {"datetime": "2021-09-21 12:49:37", "elapsed": 519.754985, "delta": 2.262}}
{"target": 0.8674370718270243, "params": {"eta": 0.32954014970281287, "max_depth": 8.998576213686732, "n_estimators": 49.238106039810816}, "datetime": {"datetime": "2021-09-21 12:49:40", "elapsed": 522.817128, "delta": 3.062143}}
{"target": 0.8452192506429795, "params": {"eta": 0.24919584419030355, "max_depth": 8.911548515324606, "n_estimators": 50.01448720809851}, "datetime": {"datetime": "2021-09-21 12:49:45", "elapsed": 527.873362, "delta": 5.056234}}
{"target": 0.8523232732644475, "params": {"eta": 0.2824722025369949, "max_depth": 9.630787244946257, "n_estimators": 43.99628692200297}, "datetime": {"datetime": "2021-09-21 12:49:50", "elapsed": 532.535592, "delta": 4.66223}}
{"target": 0.8657259221455995, "params": {"eta": 0.3289494400769531, "max_depth": 15.804834460951804, "n_estimators": 56.58771834204468}, "datetime": {"datetime": "2021-09-21 12:49:56", "elapsed": 538.66932, "delta": 6.133728}}
{"target": 0.8441450042684764, "params": {"eta": 0.2936390605408684, "max_depth": 12.347964269125178, "n_estimators": 34.079701983563055}, "datetime": {"datetime": "2021-09-21 12:50:01", "elapsed": 543.383564, "delta": 4.714244}}
{"target": 0.8470447327135489, "params": {"eta": 0.39708974205359204, "max_depth": 10.07539272124858, "n_estimators": 53.737555569343286}, "datetime": {"datetime": "2021-09-21 12:50:07", "elapsed": 549.567823, "delta": 6.184259}}
{"target": 0.8565311348542457, "params": {"eta": 0.39299877329107247, "max_depth": 15.688298357602793, "n_estimators": 43.07640601827753}, "datetime": {"datetime": "2021-09-21 12:50:12", "elapsed": 554.015299, "delta": 4.447476}}
{"target": 0.8364368160093079, "params": {"eta": 0.10276242882944703, "max_depth": 13.576838076691073, "n_estimators": 37.3477722899436}, "datetime": {"datetime": "2021-09-21 12:50:16", "elapsed": 558.911991, "delta": 4.896692}}
{"target": 0.8040123970421902, "params": {"eta": 0.13087364912588645, "max_depth": 2.7665542563800285, "n_estimators": 59.35757681863155}, "datetime": {"datetime": "2021-09-21 12:50:19", "elapsed": 561.346564, "delta": 2.434573}}
{"target": 0.8679948920252506, "params": {"eta": 0.3844644263919519, "max_depth": 18.06733063505291, "n_estimators": 35.914641713522364}, "datetime": {"datetime": "2021-09-21 12:50:22", "elapsed": 564.023406, "delta": 2.676842}}
{"target": 0.8394446193940169, "params": {"eta": 0.298508982848716, "max_depth": 18.61425216926149, "n_estimators": 58.16482444294307}, "datetime": {"datetime": "2021-09-21 12:50:26", "elapsed": 568.495601, "delta": 4.472195}}
{"target": 0.8521231277555221, "params": {"eta": 0.4, "max_depth": 13.147042556429614, "n_estimators": 43.84706820674953}, "datetime": {"datetime": "2021-09-21 12:50:32", "elapsed": 574.357328, "delta": 5.861727}}
{"target": 0.8421088971485894, "params": {"eta": 0.1, "max_depth": 13.606141091471345, "n_estimators": 43.1649486147158}, "datetime": {"datetime": "2021-09-21 12:50:37", "elapsed": 579.116681, "delta": 4.759353}}
{"target": 0.8709704167318512, "params": {"eta": 0.26310110392336994, "max_depth": 9.377400433583633, "n_estimators": 57.80422800651583}, "datetime": {"datetime": "2021-09-21 12:50:42", "elapsed": 584.640426, "delta": 5.523745}}
{"target": 0.860649911995242, "params": {"eta": 0.11208597214089942, "max_depth": 8.930523067155084, "n_estimators": 58.071071402059744}, "datetime": {"datetime": "2021-09-21 12:50:46", "elapsed": 588.363411, "delta": 3.722985}}
{"target": 0.8534254502622604, "params": {"eta": 0.4, "max_depth": 9.980613889198624, "n_estimators": 55.392193908905575}, "datetime": {"datetime": "2021-09-21 12:50:50", "elapsed": 592.454303, "delta": 4.090892}}
{"target": 0.8697998322560392, "params": {"eta": 0.15234892025182606, "max_depth": 7.262758615644459, "n_estimators": 34.04891303505632}, "datetime": {"datetime": "2021-09-21 12:50:55", "elapsed": 597.469108, "delta": 5.014805}}
{"target": 0.841364382820775, "params": {"eta": 0.2510623515419612, "max_depth": 12.62958891791519, "n_estimators": 36.61617543524139}, "datetime": {"datetime": "2021-09-21 12:51:00", "elapsed": 602.912493, "delta": 5.443385}}
{"target": 0.8380233081857112, "params": {"eta": 0.2992135542857264, "max_depth": 12.311371007646846, "n_estimators": 55.712330859278005}, "datetime": {"datetime": "2021-09-21 12:51:03", "elapsed": 605.841266, "delta": 2.928773}}
{"target": 0.8522892648949416, "params": {"eta": 0.11508135072562829, "max_depth": 11.692675786307838, "n_estimators": 36.21402985182343}, "datetime": {"datetime": "2021-09-21 12:51:06", "elapsed": 608.901746, "delta": 3.06048}}
{"target": 0.8566295323410495, "params": {"eta": 0.32687509488319233, "max_depth": 7.643623355817929, "n_estimators": 34.23903212245617}, "datetime": {"datetime": "2021-09-21 12:51:10", "elapsed": 612.792511, "delta": 3.890765}}
{"target": 0.8195945863613014, "params": {"eta": 0.2870135104936705, "max_depth": 2.3944080331492357, "n_estimators": 46.1563919741934}, "datetime": {"datetime": "2021-09-21 12:51:13", "elapsed": 615.273778, "delta": 2.481267}}
{"target": 0.8589784171800567, "params": {"eta": 0.3865531594383571, "max_depth": 7.714776028128758, "n_estimators": 52.0638960790432}, "datetime": {"datetime": "2021-09-21 12:51:18", "elapsed": 620.137256, "delta": 4.863478}}
{"target": 0.8340817764010241, "params": {"eta": 0.30670931266441526, "max_depth": 12.92106879167237, "n_estimators": 36.61615340331533}, "datetime": {"datetime": "2021-09-21 12:51:21", "elapsed": 623.437211, "delta": 3.299955}}
{"target": 0.8510017270726391, "params": {"eta": 0.2701058568922099, "max_depth": 3.1176447379138974, "n_estimators": 47.27040366293104}, "datetime": {"datetime": "2021-09-21 12:51:23", "elapsed": 625.948706, "delta": 2.511495}}
{"target": 0.8490091729773446, "params": {"eta": 0.10356475053577786, "max_depth": 15.376707343238992, "n_estimators": 56.57214049182977}, "datetime": {"datetime": "2021-09-21 12:51:27", "elapsed": 629.208351, "delta": 3.259645}}
{"target": 0.8476893109714936, "params": {"eta": 0.13300180818213048, "max_depth": 13.335330155159328, "n_estimators": 48.290445154774524}, "datetime": {"datetime": "2021-09-21 12:51:30", "elapsed": 632.752386, "delta": 3.544035}}
{"target": 0.8449405070759276, "params": {"eta": 0.2759802821179943, "max_depth": 17.679203259134432, "n_estimators": 45.37195976873035}, "datetime": {"datetime": "2021-09-21 12:51:34", "elapsed": 636.505213, "delta": 3.752827}}
{"target": 0.8517029576414376, "params": {"eta": 0.39926140302326996, "max_depth": 11.612349645024752, "n_estimators": 40.389678787061285}, "datetime": {"datetime": "2021-09-21 12:51:37", "elapsed": 639.923143, "delta": 3.41793}}
{"target": 0.8520139519419564, "params": {"eta": 0.13576122941146346, "max_depth": 16.039530616766882, "n_estimators": 55.9923368624197}, "datetime": {"datetime": "2021-09-21 12:51:42", "elapsed": 644.711794, "delta": 4.788651}}
{"target": 0.8623123528450893, "params": {"eta": 0.37899111907446037, "max_depth": 4.806293310452842, "n_estimators": 42.264493927529955}, "datetime": {"datetime": "2021-09-21 12:51:47", "elapsed": 649.105861, "delta": 4.394067}}
{"target": 0.842636527226547, "params": {"eta": 0.16242916275573602, "max_depth": 12.6209800154281, "n_estimators": 41.372578166276995}, "datetime": {"datetime": "2021-09-21 12:51:49", "elapsed": 651.693498, "delta": 2.587637}}
{"target": 0.8565112391129759, "params": {"eta": 0.37093302012607543, "max_depth": 7.6782631982878495, "n_estimators": 51.37583817223375}, "datetime": {"datetime": "2021-09-21 12:51:54", "elapsed": 656.25453, "delta": 4.561032}}
{"target": 0.8415914810126545, "params": {"eta": 0.20568902074145606, "max_depth": 3.204310568008686, "n_estimators": 41.98205533178641}, "datetime": {"datetime": "2021-09-21 12:51:56", "elapsed": 658.767621, "delta": 2.513091}}
{"target": 0.8757915748355352, "params": {"eta": 0.17538716454304798, "max_depth": 16.705504695325516, "n_estimators": 47.18561279619001}, "datetime": {"datetime": "2021-09-21 12:52:01", "elapsed": 663.167961, "delta": 4.40034}}
{"target": 0.8555070993613025, "params": {"eta": 0.1411907402981592, "max_depth": 9.217744321100714, "n_estimators": 36.694413361669035}, "datetime": {"datetime": "2021-09-21 12:52:04", "elapsed": 666.924453, "delta": 3.756492}}
{"target": 0.8667465271481468, "params": {"eta": 0.12236677097833117, "max_depth": 6.712107563586023, "n_estimators": 53.01102702214467}, "datetime": {"datetime": "2021-09-21 12:52:08", "elapsed": 670.501434, "delta": 3.576981}}
{"target": 0.8347875069367052, "params": {"eta": 0.16222166982418282, "max_depth": 3.722565651184155, "n_estimators": 33.5963149116786}, "datetime": {"datetime": "2021-09-21 12:52:11", "elapsed": 673.386634, "delta": 2.8852}}
{"target": 0.8771780954820209, "params": {"eta": 0.2570860049395217, "max_depth": 7.037171102551118, "n_estimators": 39.367295926594714}, "datetime": {"datetime": "2021-09-21 12:52:14", "elapsed": 676.529566, "delta": 3.142932}}
{"target": 0.8688517578865415, "params": {"eta": 0.3874784857327417, "max_depth": 19.803522519325398, "n_estimators": 34.745949726262495}, "datetime": {"datetime": "2021-09-21 12:52:18", "elapsed": 680.360783, "delta": 3.831217}}
{"target": 0.865801049010695, "params": {"eta": 0.23478527361630086, "max_depth": 15.119602292048196, "n_estimators": 56.85576972584841}, "datetime": {"datetime": "2021-09-21 12:52:21", "elapsed": 683.891239, "delta": 3.530456}}
{"target": 0.8459144600350729, "params": {"eta": 0.3030361624541452, "max_depth": 16.902748251443384, "n_estimators": 46.82654514150812}, "datetime": {"datetime": "2021-09-21 12:52:27", "elapsed": 689.415467, "delta": 5.524228}}
{"target": 0.836505655934203, "params": {"eta": 0.38504995062579805, "max_depth": 16.76027114456547, "n_estimators": 47.64098143780107}, "datetime": {"datetime": "2021-09-21 12:52:32", "elapsed": 694.461405, "delta": 5.045938}}
{"target": 0.84449993165195, "params": {"eta": 0.1, "max_depth": 14.839504690201807, "n_estimators": 51.11130211485265}, "datetime": {"datetime": "2021-09-21 12:52:38", "elapsed": 700.32105, "delta": 5.859645}}
{"target": 0.8463234440679095, "params": {"eta": 0.39800890806625666, "max_depth": 13.778026882004559, "n_estimators": 38.23945506490668}, "datetime": {"datetime": "2021-09-21 12:52:41", "elapsed": 703.458916, "delta": 3.137866}}
{"target": 0.8585779164075825, "params": {"eta": 0.3685490693568131, "max_depth": 14.814378557006366, "n_estimators": 51.678344221733454}, "datetime": {"datetime": "2021-09-21 12:52:45", "elapsed": 707.63678, "delta": 4.177864}}
{"target": 0.8381828823215987, "params": {"eta": 0.1, "max_depth": 10.786084704849639, "n_estimators": 35.752436151247345}, "datetime": {"datetime": "2021-09-21 12:52:51", "elapsed": 713.894033, "delta": 6.257253}}
{"target": 0.8565522179041838, "params": {"eta": 0.1717317301824359, "max_depth": 4.039141236650526, "n_estimators": 45.896331015489665}, "datetime": {"datetime": "2021-09-21 12:52:56", "elapsed": 718.759283, "delta": 4.86525}}
{"target": 0.851666311211698, "params": {"eta": 0.3992812957366607, "max_depth": 14.519026037739552, "n_estimators": 53.64263511612288}, "datetime": {"datetime": "2021-09-21 12:53:00", "elapsed": 722.617633, "delta": 3.85835}}
{"target": 0.8565076248960417, "params": {"eta": 0.36736143070760074, "max_depth": 9.222516992875653, "n_estimators": 55.994121298786936}, "datetime": {"datetime": "2021-09-21 12:53:05", "elapsed": 727.318904, "delta": 4.701271}}
{"target": 0.8662763537995521, "params": {"eta": 0.19953548372971458, "max_depth": 19.322683326146667, "n_estimators": 36.82673897133111}, "datetime": {"datetime": "2021-09-21 12:53:09", "elapsed": 731.324236, "delta": 4.005332}}
{"target": 0.7600771985051327, "params": {"eta": 0.11169205937344369, "max_depth": 1.5330800688819899, "n_estimators": 36.78965924515832}, "datetime": {"datetime": "2021-09-21 12:53:12", "elapsed": 734.172527, "delta": 2.848291}}
{"target": 0.8419173590243589, "params": {"eta": 0.3711449973117237, "max_depth": 11.710541132702344, "n_estimators": 42.312205473607456}, "datetime": {"datetime": "2021-09-21 12:53:16", "elapsed": 738.312901, "delta": 4.140374}}
{"target": 0.8500342877712903, "params": {"eta": 0.25390377730968966, "max_depth": 9.956971708012192, "n_estimators": 36.059400903882725}, "datetime": {"datetime": "2021-09-21 12:53:20", "elapsed": 742.582835, "delta": 4.269934}}
{"target": 0.8415895666341608, "params": {"eta": 0.14526099800137, "max_depth": 16.07371473760606, "n_estimators": 35.98052761387379}, "datetime": {"datetime": "2021-09-21 12:53:23", "elapsed": 745.241812, "delta": 2.658977}}
{"target": 0.8537417720569733, "params": {"eta": 0.2899455785185008, "max_depth": 7.055233975941894, "n_estimators": 39.782200826099896}, "datetime": {"datetime": "2021-09-21 12:53:27", "elapsed": 749.59822, "delta": 4.356408}}
{"target": 0.8603841702484581, "params": {"eta": 0.3608043269316955, "max_depth": 11.010401478869579, "n_estimators": 36.4850961024129}, "datetime": {"datetime": "2021-09-21 12:53:32", "elapsed": 754.256726, "delta": 4.658506}}
