{"target": -3.3116597244614048, "params": {"eta": 0.8, "max_depth": 9.314235092584639, "n_estimators": 5.46001458047136}, "datetime": {"datetime": "2021-09-17 09:27:46", "elapsed": 28.83032, "delta": 0.467292}}
{"target": -3.367942737278185, "params": {"eta": 0.8, "max_depth": 10.0, "n_estimators": 6.0512014418870645}, "datetime": {"datetime": "2021-09-17 09:27:47", "elapsed": 29.335322, "delta": 0.505002}}
{"target": -3.2028543974223886, "params": {"eta": 0.8, "max_depth": 3.833232425548418, "n_estimators": 9.43718347484984}, "datetime": {"datetime": "2021-09-17 09:27:47", "elapsed": 29.799324, "delta": 0.464002}}
{"target": -3.5033579349517816, "params": {"eta": 0.8, "max_depth": 7.163835335972282, "n_estimators": 5.018023479275827}, "datetime": {"datetime": "2021-09-17 09:27:48", "elapsed": 30.307321, "delta": 0.507997}}
{"target": -3.2347261127672695, "params": {"eta": 0.8, "max_depth": 9.087201017108692, "n_estimators": 10.0}, "datetime": {"datetime": "2021-09-17 09:27:49", "elapsed": 30.862524, "delta": 0.555203}}
{"target": -3.0551594840852836, "params": {"eta": 0.8, "max_depth": 6.199459553945001, "n_estimators": 9.302388243483225}, "datetime": {"datetime": "2021-09-17 09:27:49", "elapsed": 31.310108, "delta": 0.447584}}
{"target": -7.053199431770727, "params": {"eta": 0.8, "max_depth": 1.0, "n_estimators": 1.0}, "datetime": {"datetime": "2021-09-17 09:27:49", "elapsed": 31.762108, "delta": 0.452}}
{"target": -13.90006769362249, "params": {"eta": 0.1, "max_depth": 4.102917715696357, "n_estimators": 5.911909426536885}, "datetime": {"datetime": "2021-09-17 09:27:50", "elapsed": 32.19511, "delta": 0.433002}}
{"target": -3.1342665967188386, "params": {"eta": 0.8, "max_depth": 5.2791639720551045, "n_estimators": 5.834559152444809}, "datetime": {"datetime": "2021-09-17 09:27:50", "elapsed": 32.637109, "delta": 0.441999}}
{"target": -10.416907021873875, "params": {"eta": 0.1, "max_depth": 2.6453345089630496, "n_estimators": 8.423453083307349}, "datetime": {"datetime": "2021-09-17 09:27:51", "elapsed": 33.061797, "delta": 0.424688}}
{"target": -3.6055080928300556, "params": {"eta": 0.8, "max_depth": 3.946626687612031, "n_estimators": 3.773414239081195}, "datetime": {"datetime": "2021-09-17 09:27:51", "elapsed": 33.583802, "delta": 0.522005}}
{"target": -8.605985151466571, "params": {"eta": 0.1, "max_depth": 5.059413311758591, "n_estimators": 10.0}, "datetime": {"datetime": "2021-09-17 09:27:52", "elapsed": 34.096847, "delta": 0.513045}}
{"target": -3.2349350006956796, "params": {"eta": 0.8, "max_depth": 2.731574691058864, "n_estimators": 10.0}, "datetime": {"datetime": "2021-09-17 09:27:52", "elapsed": 34.562847, "delta": 0.466}}
{"target": -3.901348194323088, "params": {"eta": 0.8, "max_depth": 1.0, "n_estimators": 6.369319192980043}, "datetime": {"datetime": "2021-09-17 09:27:53", "elapsed": 35.0101, "delta": 0.447253}}
{"target": -3.2527734151012018, "params": {"eta": 0.7928984848642557, "max_depth": 7.345373291624077, "n_estimators": 6.851343362758521}, "datetime": {"datetime": "2021-09-17 09:27:53", "elapsed": 35.630102, "delta": 0.620002}}
{"target": -3.545516425684878, "params": {"eta": 0.8, "max_depth": 3.5732115162126217, "n_estimators": 4.604356855653244}, "datetime": {"datetime": "2021-09-17 09:27:54", "elapsed": 36.138277, "delta": 0.508175}}
{"target": -3.167718154505679, "params": {"eta": 0.8, "max_depth": 5.294016833996108, "n_estimators": 8.06537403400751}, "datetime": {"datetime": "2021-09-17 09:27:54", "elapsed": 36.622277, "delta": 0.484}}
{"target": -3.288416042453364, "params": {"eta": 0.798492279785676, "max_depth": 7.76223691287987, "n_estimators": 5.933069037274072}, "datetime": {"datetime": "2021-09-17 09:27:55", "elapsed": 37.136528, "delta": 0.514251}}
{"target": -11.419456275513298, "params": {"eta": 0.1, "max_depth": 10.0, "n_estimators": 7.626062887447634}, "datetime": {"datetime": "2021-09-17 09:27:55", "elapsed": 37.597529, "delta": 0.461001}}
{"target": -3.357827512214058, "params": {"eta": 0.7983147833793581, "max_depth": 9.15218965014455, "n_estimators": 8.64034399773055}, "datetime": {"datetime": "2021-09-17 09:27:56", "elapsed": 38.135529, "delta": 0.538}}
{"target": -3.0431567342657795, "params": {"eta": 0.7940206551191382, "max_depth": 5.259235037230232, "n_estimators": 4.419852635567726}, "datetime": {"datetime": "2021-09-17 09:27:56", "elapsed": 38.610529, "delta": 0.475}}
{"target": -3.084384362321151, "params": {"eta": 0.8, "max_depth": 6.03138781168503, "n_estimators": 4.657709579928949}, "datetime": {"datetime": "2021-09-17 09:27:57", "elapsed": 39.136283, "delta": 0.525754}}
{"target": -3.253269868775418, "params": {"eta": 0.8, "max_depth": 2.9180214459048344, "n_estimators": 9.37879482435071}, "datetime": {"datetime": "2021-09-17 09:27:57", "elapsed": 39.686289, "delta": 0.550006}}
{"target": -3.3915088816692958, "params": {"eta": 0.8, "max_depth": 7.641887192021295, "n_estimators": 8.304486186965596}, "datetime": {"datetime": "2021-09-17 09:27:58", "elapsed": 40.201285, "delta": 0.514996}}
{"target": -3.4512974312430926, "params": {"eta": 0.8, "max_depth": 2.8074135125869804, "n_estimators": 5.752162919406401}, "datetime": {"datetime": "2021-09-17 09:27:58", "elapsed": 40.687289, "delta": 0.486004}}
{"target": -3.2774149129265235, "params": {"eta": 0.8, "max_depth": 9.519244225143513, "n_estimators": 6.603002958821601}, "datetime": {"datetime": "2021-09-17 09:27:59", "elapsed": 41.206997, "delta": 0.519708}}
{"target": -3.1506120223748053, "params": {"eta": 0.8, "max_depth": 3.728977481106069, "n_estimators": 10.0}, "datetime": {"datetime": "2021-09-17 09:27:59", "elapsed": 41.764001, "delta": 0.557004}}
{"target": -3.04709180028815, "params": {"eta": 0.8, "max_depth": 6.802652044907537, "n_estimators": 10.0}, "datetime": {"datetime": "2021-09-17 09:28:00", "elapsed": 42.243999, "delta": 0.479998}}
{"target": -3.3887350264348477, "params": {"eta": 0.8, "max_depth": 8.78080140382819, "n_estimators": 7.838362174765547}, "datetime": {"datetime": "2021-09-17 09:28:00", "elapsed": 42.798999, "delta": 0.555}}
{"target": -3.299282706411261, "params": {"eta": 0.8, "max_depth": 2.4110785880141066, "n_estimators": 6.98744405074984}, "datetime": {"datetime": "2021-09-17 09:28:01", "elapsed": 43.293164, "delta": 0.494165}}
{"target": -3.675994509144833, "params": {"eta": 0.8, "max_depth": 1.8437358143324805, "n_estimators": 10.0}, "datetime": {"datetime": "2021-09-17 09:28:02", "elapsed": 43.928164, "delta": 0.635}}
{"target": -3.8395380779316555, "params": {"eta": 0.7810412054379083, "max_depth": 4.715282961279596, "n_estimators": 2.9812679848062}, "datetime": {"datetime": "2021-09-17 09:28:02", "elapsed": 44.459163, "delta": 0.530999}}
{"target": -3.2249691693406355, "params": {"eta": 0.8, "max_depth": 3.434451287707516, "n_estimators": 7.749193015978151}, "datetime": {"datetime": "2021-09-17 09:28:03", "elapsed": 44.972891, "delta": 0.513728}}
{"target": -3.023139732762387, "params": {"eta": 0.8, "max_depth": 6.259850501570956, "n_estimators": 7.857722523769216}, "datetime": {"datetime": "2021-09-17 09:28:03", "elapsed": 45.465891, "delta": 0.493}}
{"target": -3.375546001133165, "params": {"eta": 0.7969364454770096, "max_depth": 6.656712920885285, "n_estimators": 3.447278500087944}, "datetime": {"datetime": "2021-09-17 09:28:04", "elapsed": 45.971524, "delta": 0.505633}}
{"target": -3.7409464785927216, "params": {"eta": 0.8, "max_depth": 1.0, "n_estimators": 9.23108116577505}, "datetime": {"datetime": "2021-09-17 09:28:04", "elapsed": 46.464523, "delta": 0.492999}}
{"target": -3.0036027889502677, "params": {"eta": 0.8, "max_depth": 6.2888172391046755, "n_estimators": 6.952746859858252}, "datetime": {"datetime": "2021-09-17 09:28:05", "elapsed": 47.058952, "delta": 0.594429}}
{"target": -3.318136015063838, "params": {"eta": 0.7966112244962392, "max_depth": 4.707697794047851, "n_estimators": 6.034507713340225}, "datetime": {"datetime": "2021-09-17 09:28:05", "elapsed": 47.711953, "delta": 0.653001}}
{"target": -3.389949538833217, "params": {"eta": 0.8, "max_depth": 4.597422816064893, "n_estimators": 4.604543211302883}, "datetime": {"datetime": "2021-09-17 09:28:06", "elapsed": 48.319957, "delta": 0.608004}}
{"target": -3.219532633455176, "params": {"eta": 0.8, "max_depth": 4.7783720904191815, "n_estimators": 8.295954798884708}, "datetime": {"datetime": "2021-09-17 09:28:07", "elapsed": 48.849953, "delta": 0.529996}}
{"target": -3.272429494795046, "params": {"eta": 0.791987534731862, "max_depth": 4.471191959779155, "n_estimators": 7.016026478412667}, "datetime": {"datetime": "2021-09-17 09:28:07", "elapsed": 49.460031, "delta": 0.610078}}
{"target": -3.3979071140289308, "params": {"eta": 0.8, "max_depth": 7.45628126790663, "n_estimators": 10.0}, "datetime": {"datetime": "2021-09-17 09:28:08", "elapsed": 50.108038, "delta": 0.648007}}
{"target": -3.3981896105565523, "params": {"eta": 0.8, "max_depth": 8.888441048851226, "n_estimators": 3.9476822626201318}, "datetime": {"datetime": "2021-09-17 09:28:08", "elapsed": 50.657037, "delta": 0.548999}}
{"target": -3.1485009469484027, "params": {"eta": 0.8, "max_depth": 5.535193500807233, "n_estimators": 9.342590427207224}, "datetime": {"datetime": "2021-09-17 09:28:09", "elapsed": 51.28076, "delta": 0.623723}}
{"target": -3.4826476545710308, "params": {"eta": 0.8, "max_depth": 7.2665711737204495, "n_estimators": 4.392395633020924}, "datetime": {"datetime": "2021-09-17 09:28:10", "elapsed": 51.952785, "delta": 0.672025}}
{"target": -3.3293674123914614, "params": {"eta": 0.7995015340226908, "max_depth": 9.483050166110537, "n_estimators": 7.448510637624301}, "datetime": {"datetime": "2021-09-17 09:28:10", "elapsed": 52.609789, "delta": 0.657004}}
{"target": -3.319296994334773, "params": {"eta": 0.8, "max_depth": 10.0, "n_estimators": 10.0}, "datetime": {"datetime": "2021-09-17 09:28:11", "elapsed": 53.260471, "delta": 0.650682}}
{"target": -3.4240084974389324, "params": {"eta": 0.8, "max_depth": 8.455171126842195, "n_estimators": 8.583957266401159}, "datetime": {"datetime": "2021-09-17 09:28:12", "elapsed": 53.904902, "delta": 0.644431}}
{"target": -3.04709180028815, "params": {"eta": 0.8, "max_depth": 6.138770755726923, "n_estimators": 10.0}, "datetime": {"datetime": "2021-09-17 09:28:12", "elapsed": 54.4809, "delta": 0.575998}}
{"target": -3.7927727799666555, "params": {"eta": 0.8, "max_depth": 1.0, "n_estimators": 4.676121291530624}, "datetime": {"datetime": "2021-09-17 09:28:13", "elapsed": 55.078183, "delta": 0.597283}}
{"target": -3.4512974312430926, "params": {"eta": 0.8, "max_depth": 2.19478865934354, "n_estimators": 5.037116993477717}, "datetime": {"datetime": "2021-09-17 09:28:13", "elapsed": 55.667182, "delta": 0.588999}}
{"target": -3.678353290808828, "params": {"eta": 0.8, "max_depth": 1.0, "n_estimators": 8.037185900814471}, "datetime": {"datetime": "2021-09-17 09:28:14", "elapsed": 56.214182, "delta": 0.547}}
{"target": -3.6949000666016034, "params": {"eta": 0.7954895147418282, "max_depth": 5.571774986382035, "n_estimators": 2.96669390180586}, "datetime": {"datetime": "2021-09-17 09:28:15", "elapsed": 56.838183, "delta": 0.624001}}
{"target": -3.56930009879564, "params": {"eta": 0.8, "max_depth": 6.794916307873394, "n_estimators": 2.344416689873635}, "datetime": {"datetime": "2021-09-17 09:28:15", "elapsed": 57.497498, "delta": 0.659315}}
{"target": -3.6149790079970106, "params": {"eta": 0.7870989100964504, "max_depth": 6.413444189910394, "n_estimators": 2.8392308502372514}, "datetime": {"datetime": "2021-09-17 09:28:16", "elapsed": 58.0455, "delta": 0.548002}}
{"target": -3.944014759440171, "params": {"eta": 0.29705036201895274, "max_depth": 5.2118791166070935, "n_estimators": 6.19714399636051}, "datetime": {"datetime": "2021-09-17 09:28:16", "elapsed": 58.655498, "delta": 0.609998}}
{"target": -3.0429540251430716, "params": {"eta": 0.7934155374191626, "max_depth": 5.855708681258335, "n_estimators": 4.12353594285079}, "datetime": {"datetime": "2021-09-17 09:28:17", "elapsed": 59.289885, "delta": 0.634387}}
{"target": -3.233749649399205, "params": {"eta": 0.8, "max_depth": 2.9118057654529945, "n_estimators": 7.308762620989932}, "datetime": {"datetime": "2021-09-17 09:28:18", "elapsed": 59.929889, "delta": 0.640004}}
{"target": -3.0158070633285923, "params": {"eta": 0.8, "max_depth": 6.68679394256149, "n_estimators": 8.860588642903398}, "datetime": {"datetime": "2021-09-17 09:28:18", "elapsed": 60.509889, "delta": 0.58}}
{"target": -3.5598113474092985, "params": {"eta": 0.7847479436160149, "max_depth": 1.5999270116383162, "n_estimators": 8.705939662706161}, "datetime": {"datetime": "2021-09-17 09:28:19", "elapsed": 61.175263, "delta": 0.665374}}
{"target": -3.1409461077890897, "params": {"eta": 0.8, "max_depth": 5.7894278418790215, "n_estimators": 6.5605484771727705}, "datetime": {"datetime": "2021-09-17 09:28:19", "elapsed": 61.763264, "delta": 0.588001}}
{"target": -3.294303981881393, "params": {"eta": 0.8, "max_depth": 4.98684816196116, "n_estimators": 5.016639886023633}, "datetime": {"datetime": "2021-09-17 09:28:20", "elapsed": 62.425264, "delta": 0.662}}
{"target": -3.0208768273654734, "params": {"eta": 0.8, "max_depth": 6.225906287125635, "n_estimators": 5.500883502420428}, "datetime": {"datetime": "2021-09-17 09:28:21", "elapsed": 63.017477, "delta": 0.592213}}
{"target": -3.4190756139002345, "params": {"eta": 0.8, "max_depth": 8.493660969801612, "n_estimators": 9.389771051122905}, "datetime": {"datetime": "2021-09-17 09:28:21", "elapsed": 63.820378, "delta": 0.802901}}
{"target": -3.613362795428226, "params": {"eta": 0.8, "max_depth": 7.45683582880548, "n_estimators": 2.7369290186563657}, "datetime": {"datetime": "2021-09-17 09:28:22", "elapsed": 64.585637, "delta": 0.765259}}
{"target": -3.4027135102372417, "params": {"eta": 0.8, "max_depth": 3.2042548439925977, "n_estimators": 5.2566365937433615}, "datetime": {"datetime": "2021-09-17 09:28:23", "elapsed": 65.22673, "delta": 0.641093}}
{"target": -3.2119700613774747, "params": {"eta": 0.781342200842169, "max_depth": 3.620151940013048, "n_estimators": 8.398170472536577}, "datetime": {"datetime": "2021-09-17 09:28:24", "elapsed": 65.909541, "delta": 0.682811}}
{"target": -2.7251958294918666, "params": {"eta": 0.3961381595005723, "max_depth": 4.596903069444576, "n_estimators": 7.7891170292766745}, "datetime": {"datetime": "2021-09-17 09:28:24", "elapsed": 66.721087, "delta": 0.811546}}
{"target": -3.0208768273654734, "params": {"eta": 0.8, "max_depth": 6.95202576053145, "n_estimators": 5.947688218705649}, "datetime": {"datetime": "2021-09-17 09:28:25", "elapsed": 67.393128, "delta": 0.672041}}
{"target": -3.002942284784819, "params": {"eta": 0.7991887973076857, "max_depth": 6.38800195984731, "n_estimators": 6.3780378907457544}, "datetime": {"datetime": "2021-09-17 09:28:26", "elapsed": 68.069178, "delta": 0.67605}}
{"target": -3.3887350264348477, "params": {"eta": 0.8, "max_depth": 8.446612847397555, "n_estimators": 7.182371416868247}, "datetime": {"datetime": "2021-09-17 09:28:26", "elapsed": 68.685176, "delta": 0.615998}}
{"target": -3.2302200424043757, "params": {"eta": 0.795993290946568, "max_depth": 4.760637553379607, "n_estimators": 9.608577207971399}, "datetime": {"datetime": "2021-09-17 09:28:27", "elapsed": 69.337537, "delta": 0.652361}}
{"target": -3.3880922831987075, "params": {"eta": 0.8, "max_depth": 2.615195918766288, "n_estimators": 4.209610478461474}, "datetime": {"datetime": "2021-09-17 09:28:28", "elapsed": 69.940537, "delta": 0.603}}
{"target": -3.1876676095159424, "params": {"eta": 0.8, "max_depth": 4.205097064370082, "n_estimators": 10.0}, "datetime": {"datetime": "2021-09-17 09:28:28", "elapsed": 70.709345, "delta": 0.768808}}
{"target": -3.0208768273654734, "params": {"eta": 0.8, "max_depth": 6.573092514354051, "n_estimators": 5.001751470883815}, "datetime": {"datetime": "2021-09-17 09:28:29", "elapsed": 71.471168, "delta": 0.761823}}
{"target": -3.6055080928300556, "params": {"eta": 0.8, "max_depth": 3.538385682716394, "n_estimators": 3.2733317170770024}, "datetime": {"datetime": "2021-09-17 09:28:30", "elapsed": 72.174167, "delta": 0.702999}}
{"target": -3.3989157231230482, "params": {"eta": 0.7972445904468554, "max_depth": 9.98367712779016, "n_estimators": 3.346115149909598}, "datetime": {"datetime": "2021-09-17 09:28:30", "elapsed": 72.805164, "delta": 0.630997}}
{"target": -3.3932141943981775, "params": {"eta": 0.8, "max_depth": 7.25264109450656, "n_estimators": 7.779296409065}, "datetime": {"datetime": "2021-09-17 09:28:31", "elapsed": 73.555722, "delta": 0.750558}}
{"target": -3.2697113576688266, "params": {"eta": 0.8, "max_depth": 3.7221109083586774, "n_estimators": 6.979197718996835}, "datetime": {"datetime": "2021-09-17 09:28:32", "elapsed": 74.297791, "delta": 0.742069}}
{"target": -3.0158070633285923, "params": {"eta": 0.8, "max_depth": 6.522268873008246, "n_estimators": 8.320715428992331}, "datetime": {"datetime": "2021-09-17 09:28:33", "elapsed": 75.074152, "delta": 0.776361}}
{"target": -3.7409458637237543, "params": {"eta": 0.7999974763498734, "max_depth": 1.6007047233637115, "n_estimators": 9.563644940671528}, "datetime": {"datetime": "2021-09-17 09:28:33", "elapsed": 75.834153, "delta": 0.760001}}
{"target": -3.284506027322066, "params": {"eta": 0.7369135372820058, "max_depth": 4.856947890503456, "n_estimators": 7.771210420880826}, "datetime": {"datetime": "2021-09-17 09:28:34", "elapsed": 76.441742, "delta": 0.607589}}
{"target": -3.2140451575580395, "params": {"eta": 0.7796143683511308, "max_depth": 5.541572942707207, "n_estimators": 8.774233580382365}, "datetime": {"datetime": "2021-09-17 09:28:35", "elapsed": 77.118461, "delta": 0.676719}}
{"target": -3.244521560167011, "params": {"eta": 0.8, "max_depth": 9.656324471321525, "n_estimators": 9.6370862435695}, "datetime": {"datetime": "2021-09-17 09:28:35", "elapsed": 77.79846, "delta": 0.679999}}
{"target": -3.4067958461610894, "params": {"eta": 0.8, "max_depth": 8.307912216994389, "n_estimators": 4.0375529961429795}, "datetime": {"datetime": "2021-09-17 09:28:36", "elapsed": 78.579563, "delta": 0.781103}}
{"target": -3.2362037978674234, "params": {"eta": 0.8, "max_depth": 9.697995210474541, "n_estimators": 8.589207093823891}, "datetime": {"datetime": "2021-09-17 09:28:37", "elapsed": 79.294413, "delta": 0.71485}}
{"target": -3.0551594840852836, "params": {"eta": 0.8, "max_depth": 6.6466285754996255, "n_estimators": 9.55162053910931}, "datetime": {"datetime": "2021-09-17 09:28:38", "elapsed": 79.90841, "delta": 0.613997}}
{"target": -3.678353290808828, "params": {"eta": 0.8, "max_depth": 1.6622381999473321, "n_estimators": 8.090315040739185}, "datetime": {"datetime": "2021-09-17 09:28:38", "elapsed": 80.721416, "delta": 0.813006}}
{"target": -3.2697113576688266, "params": {"eta": 0.8, "max_depth": 3.2997684380561365, "n_estimators": 6.213793368381872}, "datetime": {"datetime": "2021-09-17 09:28:39", "elapsed": 81.609207, "delta": 0.887791}}
{"target": -3.1342665967188386, "params": {"eta": 0.8, "max_depth": 5.915911228329653, "n_estimators": 5.9685783723453065}, "datetime": {"datetime": "2021-09-17 09:28:40", "elapsed": 82.404414, "delta": 0.795207}}
{"target": -3.3915088816692958, "params": {"eta": 0.8, "max_depth": 7.285421987733634, "n_estimators": 8.760730277704504}, "datetime": {"datetime": "2021-09-17 09:28:41", "elapsed": 83.223177, "delta": 0.818763}}
{"target": -2.933031782978459, "params": {"eta": 0.47630553783285545, "max_depth": 4.759059741565888, "n_estimators": 6.476581071720578}, "datetime": {"datetime": "2021-09-17 09:28:42", "elapsed": 83.888177, "delta": 0.665}}
{"target": -3.318681662333639, "params": {"eta": 0.8, "max_depth": 8.383579903998662, "n_estimators": 5.931410704044361}, "datetime": {"datetime": "2021-09-17 09:28:42", "elapsed": 84.731175, "delta": 0.842998}}
{"target": -3.901348194323088, "params": {"eta": 0.8, "max_depth": 1.6644578320862113, "n_estimators": 6.802147356980306}, "datetime": {"datetime": "2021-09-17 09:28:43", "elapsed": 85.415748, "delta": 0.684573}}
{"target": -3.545516425684878, "params": {"eta": 0.8, "max_depth": 3.396310186522502, "n_estimators": 4.055534363878852}, "datetime": {"datetime": "2021-09-17 09:28:44", "elapsed": 86.123436, "delta": 0.707688}}
{"target": -3.3665427741251492, "params": {"eta": 0.8, "max_depth": 10.0, "n_estimators": 5.575260234441703}, "datetime": {"datetime": "2021-09-17 09:28:45", "elapsed": 86.884436, "delta": 0.761}}
{"target": -3.2914301615012325, "params": {"eta": 0.7914261241343724, "max_depth": 7.234958087591722, "n_estimators": 6.389837878080405}, "datetime": {"datetime": "2021-09-17 09:28:46", "elapsed": 87.865784, "delta": 0.981348}}
{"target": -3.1506120223748053, "params": {"eta": 0.8, "max_depth": 3.222079833263894, "n_estimators": 10.0}, "datetime": {"datetime": "2021-09-17 09:28:46", "elapsed": 88.536783, "delta": 0.670999}}
{"target": -3.199930175354606, "params": {"eta": 0.8, "max_depth": 3.597476623519155, "n_estimators": 8.95531944827549}, "datetime": {"datetime": "2021-09-17 09:28:47", "elapsed": 89.34605, "delta": 0.809267}}
{"target": -3.6884016137374083, "params": {"eta": 0.8, "max_depth": 5.179411710159166, "n_estimators": 2.723536948770553}, "datetime": {"datetime": "2021-09-17 09:28:48", "elapsed": 90.250956, "delta": 0.904906}}
{"target": -3.297007036209106, "params": {"eta": 0.7980164945090932, "max_depth": 7.744521322403473, "n_estimators": 5.376950511462974}, "datetime": {"datetime": "2021-09-17 09:28:49", "elapsed": 91.02966, "delta": 0.778704}}
{"target": -3.0208768273654734, "params": {"eta": 0.8, "max_depth": 6.766370075257842, "n_estimators": 5.482649536867116}, "datetime": {"datetime": "2021-09-17 09:28:50", "elapsed": 91.891019, "delta": 0.861359}}
{"target": -3.0036027889502677, "params": {"eta": 0.8, "max_depth": 6.806321039912796, "n_estimators": 6.83868060817537}, "datetime": {"datetime": "2021-09-17 09:28:50", "elapsed": 92.818729, "delta": 0.92771}}
