{"target": -3.1303671391386736, "params": {"eta": 1.0, "max_depth": 2.339192010235496, "n_estimators": 12.667561279146417}, "datetime": {"datetime": "2021-09-17 11:13:34", "elapsed": 52.470056, "delta": 0.679557}}
{"target": -3.609615948953126, "params": {"eta": 0.9058612053394692, "max_depth": 13.385916711754948, "n_estimators": 14.09076438163471}, "datetime": {"datetime": "2021-09-17 11:13:34", "elapsed": 53.250267, "delta": 0.780211}}
{"target": -19.303855777884785, "params": {"eta": 0.01526092410184447, "max_depth": 11.128803399933664, "n_estimators": 12.657266867340534}, "datetime": {"datetime": "2021-09-17 11:13:35", "elapsed": 54.028267, "delta": 0.778}}
{"target": -2.692413157538364, "params": {"eta": 0.5016193094176621, "max_depth": 12.831821352427964, "n_estimators": 13.332856266029909}, "datetime": {"datetime": "2021-09-17 11:13:36", "elapsed": 54.890504, "delta": 0.862237}}
{"target": -3.1979473546931616, "params": {"eta": 0.7900450666142056, "max_depth": 10.891822279260493, "n_estimators": 14.394080248951884}, "datetime": {"datetime": "2021-09-17 11:13:37", "elapsed": 55.624506, "delta": 0.734002}}
{"target": -3.5373853865422697, "params": {"eta": 1.0, "max_depth": 10.544098636664815, "n_estimators": 15.582744843338254}, "datetime": {"datetime": "2021-09-17 11:13:37", "elapsed": 56.325503, "delta": 0.700997}}
{"target": -3.254702141410426, "params": {"eta": 0.6040725872927457, "max_depth": 1.9319137104890152, "n_estimators": 13.759110034787684}, "datetime": {"datetime": "2021-09-17 11:13:38", "elapsed": 57.207965, "delta": 0.882462}}
{"target": -8.011101481789035, "params": {"eta": 0.08496436029124393, "max_depth": 2.3972148385258203, "n_estimators": 13.0859843089518}, "datetime": {"datetime": "2021-09-17 11:13:39", "elapsed": 57.863589, "delta": 0.655624}}
{"target": -3.5212773185027273, "params": {"eta": 0.9864992784079817, "max_depth": 1.8888867483299834, "n_estimators": 14.612236256318289}, "datetime": {"datetime": "2021-09-17 11:13:40", "elapsed": 58.92629, "delta": 1.062701}}
{"target": -3.161234634800961, "params": {"eta": 0.5716373116611976, "max_depth": 1.0392749685918383, "n_estimators": 14.207265304457586}, "datetime": {"datetime": "2021-09-17 11:13:41", "elapsed": 59.58829, "delta": 0.662}}
{"target": -3.524593752308896, "params": {"eta": 0.9321365497515443, "max_depth": 1.2653735605241068, "n_estimators": 13.250591545060711}, "datetime": {"datetime": "2021-09-17 11:13:42", "elapsed": 60.571571, "delta": 0.983281}}
{"target": -3.549486684171777, "params": {"eta": 1.0, "max_depth": 5.347303218209842, "n_estimators": 11.76099187039148}, "datetime": {"datetime": "2021-09-17 11:13:43", "elapsed": 61.508571, "delta": 0.937}}
{"target": -9.116182465302316, "params": {"eta": 0.3020037502219117, "max_depth": 1.119079330832603, "n_estimators": 3.6478374537511957}, "datetime": {"datetime": "2021-09-17 11:13:43", "elapsed": 61.909571, "delta": 0.401}}
{"target": -3.246205471063915, "params": {"eta": 1.0, "max_depth": 4.420395062347485, "n_estimators": 9.667523298441168}, "datetime": {"datetime": "2021-09-17 11:13:44", "elapsed": 62.775387, "delta": 0.865816}}
{"target": -8.873703209036274, "params": {"eta": 0.06573469883731414, "max_depth": 10.426851485049657, "n_estimators": 15.754361232562676}, "datetime": {"datetime": "2021-09-17 11:13:44", "elapsed": 63.250388, "delta": 0.475001}}
{"target": -20.156579383423455, "params": {"eta": 0.01, "max_depth": 1.7863207993984334, "n_estimators": 14.668636348583183}, "datetime": {"datetime": "2021-09-17 11:13:45", "elapsed": 64.033387, "delta": 0.782999}}
{"target": -3.6917302661820455, "params": {"eta": 1.0, "max_depth": 12.92989421458505, "n_estimators": 17.148443604320153}, "datetime": {"datetime": "2021-09-17 11:13:46", "elapsed": 64.86661, "delta": 0.833223}}
{"target": -3.2093543353833653, "params": {"eta": 1.0, "max_depth": 2.2153587698920236, "n_estimators": 9.197722333469716}, "datetime": {"datetime": "2021-09-17 11:13:47", "elapsed": 65.83661, "delta": 0.97}}
{"target": -19.9198347097949, "params": {"eta": 0.01, "max_depth": 4.905665640550168, "n_estimators": 15.929176188481826}, "datetime": {"datetime": "2021-09-17 11:13:48", "elapsed": 66.644342, "delta": 0.807732}}
{"target": -3.5738228459107253, "params": {"eta": 0.9670607216591146, "max_depth": 5.656199226434718, "n_estimators": 15.120202911001929}, "datetime": {"datetime": "2021-09-17 11:13:49", "elapsed": 67.877475, "delta": 1.233133}}
{"target": -3.2021866299604116, "params": {"eta": 0.9890645076907534, "max_depth": 5.66803489023121, "n_estimators": 15.928213811590298}, "datetime": {"datetime": "2021-09-17 11:13:50", "elapsed": 68.640141, "delta": 0.762666}}
{"target": -2.9484462192184044, "params": {"eta": 0.9832695209125082, "max_depth": 4.7760321611794705, "n_estimators": 15.259094714021469}, "datetime": {"datetime": "2021-09-17 11:13:51", "elapsed": 69.603139, "delta": 0.962998}}
{"target": -2.648105624474977, "params": {"eta": 0.45368883892893996, "max_depth": 13.359761977578332, "n_estimators": 18.0}, "datetime": {"datetime": "2021-09-17 11:13:52", "elapsed": 70.666809, "delta": 1.06367}}
{"target": -12.848502534314207, "params": {"eta": 0.18437036006707777, "max_depth": 3.739137981078235, "n_estimators": 3.3511918982236786}, "datetime": {"datetime": "2021-09-17 11:13:52", "elapsed": 71.126807, "delta": 0.459998}}
{"target": -4.231758116420946, "params": {"eta": 0.9051621249420396, "max_depth": 1.7518671050521497, "n_estimators": 3.2759708742953833}, "datetime": {"datetime": "2021-09-17 11:13:53", "elapsed": 71.544813, "delta": 0.418006}}
{"target": -8.435910661597001, "params": {"eta": 0.06148487606477235, "max_depth": 13.40014407375422, "n_estimators": 17.2556851172458}, "datetime": {"datetime": "2021-09-17 11:13:53", "elapsed": 72.360812, "delta": 0.815999}}
{"target": -3.6917302661820455, "params": {"eta": 1.0, "max_depth": 12.548211207378978, "n_estimators": 18.0}, "datetime": {"datetime": "2021-09-17 11:13:54", "elapsed": 73.347696, "delta": 0.986884}}
{"target": -3.136013493412419, "params": {"eta": 0.9769459408501053, "max_depth": 3.6392290903204443, "n_estimators": 15.268525208806576}, "datetime": {"datetime": "2021-09-17 11:13:55", "elapsed": 74.148696, "delta": 0.801}}
{"target": -3.7509742655252163, "params": {"eta": 1.0, "max_depth": 14.08820408677446, "n_estimators": 18.0}, "datetime": {"datetime": "2021-09-17 11:13:56", "elapsed": 75.172404, "delta": 1.023708}}
{"target": -3.2843550261698273, "params": {"eta": 0.988668084835062, "max_depth": 6.399631937434241, "n_estimators": 12.363605570335038}, "datetime": {"datetime": "2021-09-17 11:13:57", "elapsed": 75.845405, "delta": 0.673001}}
{"target": -2.875290223799254, "params": {"eta": 0.6306399240273479, "max_depth": 7.302109732951615, "n_estimators": 6.923351728905396}, "datetime": {"datetime": "2021-09-17 11:13:58", "elapsed": 76.602921, "delta": 0.757516}}
{"target": -3.786596666825445, "params": {"eta": 1.0, "max_depth": 7.879844574619481, "n_estimators": 6.202392928845855}, "datetime": {"datetime": "2021-09-17 11:13:59", "elapsed": 77.487919, "delta": 0.884998}}
{"target": -21.715910888737756, "params": {"eta": 0.01, "max_depth": 7.428011042986606, "n_estimators": 6.171712456571191}, "datetime": {"datetime": "2021-09-17 11:13:59", "elapsed": 78.28054, "delta": 0.792621}}
{"target": -3.4325827971885077, "params": {"eta": 1.0, "max_depth": 6.577270037219037, "n_estimators": 6.90921914793099}, "datetime": {"datetime": "2021-09-17 11:14:01", "elapsed": 79.534516, "delta": 1.253976}}
{"target": -3.8079252788895057, "params": {"eta": 1.0, "max_depth": 7.473918305175675, "n_estimators": 7.6211429246558104}, "datetime": {"datetime": "2021-09-17 11:14:01", "elapsed": 80.402517, "delta": 0.868001}}
{"target": -3.5083676767976657, "params": {"eta": 1.0, "max_depth": 5.975532790207829, "n_estimators": 5.902483161402295}, "datetime": {"datetime": "2021-09-17 11:14:03", "elapsed": 81.63732, "delta": 1.234803}}
{"target": -3.4677550221744333, "params": {"eta": 1.0, "max_depth": 8.32656861442572, "n_estimators": 7.086160669576573}, "datetime": {"datetime": "2021-09-17 11:14:04", "elapsed": 82.677155, "delta": 1.039835}}
{"target": -2.712299988144322, "params": {"eta": 0.4825683793729824, "max_depth": 14.662034818759436, "n_estimators": 16.46169242608233}, "datetime": {"datetime": "2021-09-17 11:14:04", "elapsed": 83.276155, "delta": 0.599}}
{"target": -3.0026165886929164, "params": {"eta": 0.7111641462874156, "max_depth": 14.953855426963642, "n_estimators": 17.36804737259737}, "datetime": {"datetime": "2021-09-17 11:14:06", "elapsed": 84.836684, "delta": 1.560529}}
{"target": -3.442072364531066, "params": {"eta": 0.969067279549398, "max_depth": 14.435582800739304, "n_estimators": 15.592263110740033}, "datetime": {"datetime": "2021-09-17 11:14:07", "elapsed": 86.240681, "delta": 1.403997}}
{"target": -3.009193225910789, "params": {"eta": 0.7330146889025662, "max_depth": 14.934187482496089, "n_estimators": 17.339865355859946}, "datetime": {"datetime": "2021-09-17 11:14:08", "elapsed": 86.982461, "delta": 0.74178}}
{"target": -11.450436723859687, "params": {"eta": 0.0476692298473289, "max_depth": 15.0, "n_estimators": 15.609336530910806}, "datetime": {"datetime": "2021-09-17 11:14:09", "elapsed": 87.79709, "delta": 0.814629}}
{"target": -3.2159915842508013, "params": {"eta": 0.9776252650422388, "max_depth": 13.787850270592193, "n_estimators": 16.244204483610417}, "datetime": {"datetime": "2021-09-17 11:14:10", "elapsed": 88.667888, "delta": 0.870798}}
{"target": -8.618129102807297, "params": {"eta": 0.41276185411652727, "max_depth": 11.277139309833379, "n_estimators": 2.7758842934799035}, "datetime": {"datetime": "2021-09-17 11:14:10", "elapsed": 89.114886, "delta": 0.446998}}
{"target": -3.352937144982187, "params": {"eta": 0.9769952327832706, "max_depth": 13.523376666163582, "n_estimators": 15.256183603168427}, "datetime": {"datetime": "2021-09-17 11:14:11", "elapsed": 90.009887, "delta": 0.895001}}
{"target": -4.489790491053933, "params": {"eta": 0.14023839859573334, "max_depth": 13.202497082647692, "n_estimators": 12.499994097742965}, "datetime": {"datetime": "2021-09-17 11:14:12", "elapsed": 91.068595, "delta": 1.058708}}
{"target": -3.396771546727732, "params": {"eta": 1.0, "max_depth": 6.518092746922651, "n_estimators": 5.039454680437513}, "datetime": {"datetime": "2021-09-17 11:14:13", "elapsed": 91.909597, "delta": 0.841002}}
{"target": -2.5789538496419, "params": {"eta": 0.41539704572444175, "max_depth": 12.863902651337746, "n_estimators": 10.083404030202823}, "datetime": {"datetime": "2021-09-17 11:14:13", "elapsed": 92.384594, "delta": 0.474997}}
{"target": -2.4440590701605145, "params": {"eta": 0.4394316040392969, "max_depth": 13.302991044939096, "n_estimators": 10.947178240061586}, "datetime": {"datetime": "2021-09-17 11:14:14", "elapsed": 93.391354, "delta": 1.00676}}
{"target": -2.989500926042858, "params": {"eta": 0.5338161973800927, "max_depth": 2.9808307866536197, "n_estimators": 16.795609584218766}, "datetime": {"datetime": "2021-09-17 11:14:15", "elapsed": 93.879353, "delta": 0.487999}}
{"target": -20.905009928031973, "params": {"eta": 0.01, "max_depth": 13.750208082397235, "n_estimators": 10.205334455173213}, "datetime": {"datetime": "2021-09-17 11:14:16", "elapsed": 94.815249, "delta": 0.935896}}
{"target": -3.0537706864507577, "params": {"eta": 0.5877643525678493, "max_depth": 8.53375519856198, "n_estimators": 4.584222380075852}, "datetime": {"datetime": "2021-09-17 11:14:16", "elapsed": 95.274246, "delta": 0.458997}}
{"target": -3.297600084856937, "params": {"eta": 0.7915042784502795, "max_depth": 12.573721328021406, "n_estimators": 10.788151740234445}, "datetime": {"datetime": "2021-09-17 11:14:17", "elapsed": 96.26921, "delta": 0.994964}}
{"target": -2.5183139324188235, "params": {"eta": 0.5297262902935458, "max_depth": 12.035779048942803, "n_estimators": 9.891842044679265}, "datetime": {"datetime": "2021-09-17 11:14:18", "elapsed": 97.070062, "delta": 0.800852}}
{"target": -3.510103223355193, "params": {"eta": 0.9144525218002246, "max_depth": 13.290929432929733, "n_estimators": 11.40148453095639}, "datetime": {"datetime": "2021-09-17 11:14:19", "elapsed": 98.100658, "delta": 1.030596}}
{"target": -3.694227801184905, "params": {"eta": 1.0, "max_depth": 12.629321500116808, "n_estimators": 9.528366214629592}, "datetime": {"datetime": "2021-09-17 11:14:20", "elapsed": 99.217297, "delta": 1.116639}}
{"target": -3.4118572366865054, "params": {"eta": 1.0, "max_depth": 8.882314174371423, "n_estimators": 5.357273004973875}, "datetime": {"datetime": "2021-09-17 11:14:21", "elapsed": 100.109305, "delta": 0.892008}}
{"target": -18.25258470632528, "params": {"eta": 0.02401718832131959, "max_depth": 12.207372983541473, "n_estimators": 10.616316485568804}, "datetime": {"datetime": "2021-09-17 11:14:22", "elapsed": 100.832012, "delta": 0.722707}}
{"target": -3.381723349972775, "params": {"eta": 0.824036714832755, "max_depth": 11.60580067302101, "n_estimators": 9.233075541998288}, "datetime": {"datetime": "2021-09-17 11:14:23", "elapsed": 101.828012, "delta": 0.996}}
{"target": -3.0692245960235596, "params": {"eta": 0.9397890369088391, "max_depth": 3.4717136856766375, "n_estimators": 5.035180088427224}, "datetime": {"datetime": "2021-09-17 11:14:23", "elapsed": 102.358011, "delta": 0.529999}}
{"target": -2.686176616267154, "params": {"eta": 0.4637506674758485, "max_depth": 12.494463382000614, "n_estimators": 6.078178222574287}, "datetime": {"datetime": "2021-09-17 11:14:24", "elapsed": 102.893069, "delta": 0.535058}}
{"target": -2.7135985261515563, "params": {"eta": 0.47559154625373207, "max_depth": 14.630319124890544, "n_estimators": 16.479646675572546}, "datetime": {"datetime": "2021-09-17 11:14:25", "elapsed": 103.520067, "delta": 0.626998}}
{"target": -3.721613957066285, "params": {"eta": 0.9949119174051477, "max_depth": 13.267257266532877, "n_estimators": 10.60671058628495}, "datetime": {"datetime": "2021-09-17 11:14:26", "elapsed": 104.589069, "delta": 1.069002}}
{"target": -4.1890039525533975, "params": {"eta": 0.1949314337582799, "max_depth": 12.399545140335418, "n_estimators": 9.134787590674637}, "datetime": {"datetime": "2021-09-17 11:14:27", "elapsed": 105.789452, "delta": 1.200383}}
{"target": -2.89053765221646, "params": {"eta": 0.53789438577807, "max_depth": 12.410096929109068, "n_estimators": 5.099128619001015}, "datetime": {"datetime": "2021-09-17 11:14:28", "elapsed": 106.623696, "delta": 0.834244}}
{"target": -3.660162989403072, "params": {"eta": 0.9969148666352801, "max_depth": 11.75281806119581, "n_estimators": 5.790061799641778}, "datetime": {"datetime": "2021-09-17 11:14:29", "elapsed": 107.479697, "delta": 0.856001}}
{"target": -9.916834361302225, "params": {"eta": 0.1629843518192506, "max_depth": 11.610113193091939, "n_estimators": 5.322810585022447}, "datetime": {"datetime": "2021-09-17 11:14:30", "elapsed": 108.890202, "delta": 1.410505}}
{"target": -3.806442628408733, "params": {"eta": 1.0, "max_depth": 13.00099218602624, "n_estimators": 5.5645303375462705}, "datetime": {"datetime": "2021-09-17 11:14:31", "elapsed": 109.753196, "delta": 0.862994}}
{"target": -3.2571837073878234, "params": {"eta": 0.49842017275504946, "max_depth": 13.085192542266354, "n_estimators": 4.4600584723035475}, "datetime": {"datetime": "2021-09-17 11:14:32", "elapsed": 111.012552, "delta": 1.259356}}
{"target": -21.92440819614812, "params": {"eta": 0.01, "max_depth": 13.16373969164218, "n_estimators": 5.434790039542303}, "datetime": {"datetime": "2021-09-17 11:14:33", "elapsed": 111.80855, "delta": 0.795998}}
{"target": -3.1857248663902284, "params": {"eta": 0.9215224127304477, "max_depth": 3.563183943180796, "n_estimators": 14.334626521217858}, "datetime": {"datetime": "2021-09-17 11:14:33", "elapsed": 112.366549, "delta": 0.557999}}
{"target": -3.1123605590117607, "params": {"eta": 0.8988700073822101, "max_depth": 12.34962825491387, "n_estimators": 6.72054286703983}, "datetime": {"datetime": "2021-09-17 11:14:34", "elapsed": 113.439987, "delta": 1.073438}}
{"target": -3.2513192170544674, "params": {"eta": 0.7017899953054088, "max_depth": 5.297811015975483, "n_estimators": 3.2216904971420846}, "datetime": {"datetime": "2021-09-17 11:14:35", "elapsed": 113.961984, "delta": 0.521997}}
{"target": -2.9408309585169743, "params": {"eta": 0.5042003993041604, "max_depth": 4.0485478743845755, "n_estimators": 5.31184679026685}, "datetime": {"datetime": "2021-09-17 11:14:36", "elapsed": 114.554983, "delta": 0.592999}}
{"target": -3.400464101841575, "params": {"eta": 0.8586881207032043, "max_depth": 4.363253741079654, "n_estimators": 4.684742177540109}, "datetime": {"datetime": "2021-09-17 11:14:37", "elapsed": 115.571274, "delta": 1.016291}}
{"target": -2.4825836532994323, "params": {"eta": 0.26406859326281057, "max_depth": 10.68714049206411, "n_estimators": 13.504641104072554}, "datetime": {"datetime": "2021-09-17 11:14:37", "elapsed": 116.182271, "delta": 0.610997}}
{"target": -2.8134066042147183, "params": {"eta": 0.1886914658487059, "max_depth": 10.260673458768673, "n_estimators": 14.130273732723717}, "datetime": {"datetime": "2021-09-17 11:14:38", "elapsed": 117.101275, "delta": 0.919004}}
{"target": -3.7681241229960794, "params": {"eta": 1.0, "max_depth": 12.501365694719865, "n_estimators": 4.559835678476226}, "datetime": {"datetime": "2021-09-17 11:14:39", "elapsed": 118.133905, "delta": 1.03263}}
{"target": -3.403327200914684, "params": {"eta": 0.9859726521279573, "max_depth": 10.208656066416676, "n_estimators": 13.626879033693383}, "datetime": {"datetime": "2021-09-17 11:14:40", "elapsed": 119.170195, "delta": 1.03629}}
{"target": -3.3131692622837265, "params": {"eta": 0.859712515938713, "max_depth": 5.575294140925032, "n_estimators": 4.311635937819156}, "datetime": {"datetime": "2021-09-17 11:14:41", "elapsed": 120.165193, "delta": 0.994998}}
{"target": -2.9863863305041662, "params": {"eta": 0.6602306634432852, "max_depth": 5.165029312402341, "n_estimators": 5.233455942013878}, "datetime": {"datetime": "2021-09-17 11:14:42", "elapsed": 121.102619, "delta": 0.937426}}
{"target": -17.1906191890177, "params": {"eta": 0.07362622456056266, "max_depth": 5.843300708791849, "n_estimators": 4.838411675562822}, "datetime": {"datetime": "2021-09-17 11:14:43", "elapsed": 122.109624, "delta": 1.007005}}
{"target": -2.7427113821631983, "params": {"eta": 0.49183708667315146, "max_depth": 12.668254890809974, "n_estimators": 17.6208953636725}, "datetime": {"datetime": "2021-09-17 11:14:44", "elapsed": 122.758632, "delta": 0.649008}}
{"target": -3.1067440352941813, "params": {"eta": 0.8500564056369083, "max_depth": 3.0668584008367814, "n_estimators": 9.076472072033381}, "datetime": {"datetime": "2021-09-17 11:14:45", "elapsed": 123.452633, "delta": 0.694001}}
{"target": -11.491230529860445, "params": {"eta": 0.21579518111161664, "max_depth": 13.06516807085106, "n_estimators": 3.490875036685791}, "datetime": {"datetime": "2021-09-17 11:14:45", "elapsed": 124.298628, "delta": 0.845995}}
{"target": -3.641605061292649, "params": {"eta": 1.0, "max_depth": 6.1193993758782295, "n_estimators": 3.541194805405794}, "datetime": {"datetime": "2021-09-17 11:14:46", "elapsed": 125.203844, "delta": 0.905216}}
{"target": -3.823857292689775, "params": {"eta": 1.0, "max_depth": 7.803432899045229, "n_estimators": 4.939603729515593}, "datetime": {"datetime": "2021-09-17 11:14:47", "elapsed": 126.199887, "delta": 0.996043}}
{"target": -2.9011909842491153, "params": {"eta": 0.9610355490616562, "max_depth": 4.887211882484421, "n_estimators": 5.883458625562989}, "datetime": {"datetime": "2021-09-17 11:14:48", "elapsed": 127.296086, "delta": 1.096199}}
{"target": -3.5150844398297765, "params": {"eta": 1.0, "max_depth": 9.829038254909294, "n_estimators": 14.645685188420162}, "datetime": {"datetime": "2021-09-17 11:14:49", "elapsed": 128.126751, "delta": 0.830665}}
{"target": -2.559369435435847, "params": {"eta": 0.3094640120228189, "max_depth": 9.431058057707668, "n_estimators": 13.662484128906538}, "datetime": {"datetime": "2021-09-17 11:14:50", "elapsed": 129.071095, "delta": 0.944344}}
{"target": -3.49422519834418, "params": {"eta": 1.0, "max_depth": 8.908137791675557, "n_estimators": 14.044732141868993}, "datetime": {"datetime": "2021-09-17 11:14:51", "elapsed": 130.142095, "delta": 1.071}}
{"target": -13.784834262885546, "params": {"eta": 0.03751499189301089, "max_depth": 9.430388760006334, "n_estimators": 14.497571385395796}, "datetime": {"datetime": "2021-09-17 11:14:52", "elapsed": 131.300162, "delta": 1.158067}}
{"target": -3.287267778421703, "params": {"eta": 0.9581717086868979, "max_depth": 9.357084510777371, "n_estimators": 13.147718516822886}, "datetime": {"datetime": "2021-09-17 11:14:53", "elapsed": 132.26716, "delta": 0.966998}}
{"target": -3.7705270384487357, "params": {"eta": 1.0, "max_depth": 14.00084347284003, "n_estimators": 4.308272895083709}, "datetime": {"datetime": "2021-09-17 11:14:54", "elapsed": 133.204981, "delta": 0.937821}}
{"target": -21.973179981034054, "params": {"eta": 0.023746001311539644, "max_depth": 11.44340696126911, "n_estimators": 2.4766448719928045}, "datetime": {"datetime": "2021-09-17 11:14:55", "elapsed": 133.83898, "delta": 0.633999}}
{"target": -2.6552776110799687, "params": {"eta": 0.23202618816898368, "max_depth": 9.885809067675845, "n_estimators": 13.18010360291029}, "datetime": {"datetime": "2021-09-17 11:14:56", "elapsed": 135.044716, "delta": 1.205736}}
{"target": -3.882103812223986, "params": {"eta": 0.9323526794319076, "max_depth": 11.243410804733573, "n_estimators": 3.534323911694373}, "datetime": {"datetime": "2021-09-17 11:14:57", "elapsed": 135.943712, "delta": 0.898996}}
{"target": -2.951921004998056, "params": {"eta": 0.34558703673191843, "max_depth": 5.420552190954231, "n_estimators": 7.173345943010824}, "datetime": {"datetime": "2021-09-17 11:14:58", "elapsed": 136.611716, "delta": 0.668004}}
