{"target": -2.7502416515972814, "params": {"eta": 0.01, "max_depth": 1.820664023594504, "n_estimators": 29.92581339548088}, "datetime": {"datetime": "2021-09-21 10:31:39", "elapsed": 1855.917184, "delta": 7.8254}}
{"target": 0.8059004053124065, "params": {"eta": 0.7774492905938841, "max_depth": 2.603317049669238, "n_estimators": 30.48500742905228}, "datetime": {"datetime": "2021-09-21 10:31:46", "elapsed": 1862.44361, "delta": 6.526426}}
{"target": 0.7911975763632594, "params": {"eta": 0.6576184847142816, "max_depth": 9.960311081013836, "n_estimators": 23.548279023566597}, "datetime": {"datetime": "2021-09-21 10:31:52", "elapsed": 1868.27917, "delta": 5.83556}}
{"target": 0.7798076447840451, "params": {"eta": 0.5819316749694925, "max_depth": 11.67939728897421, "n_estimators": 34.27999953781717}, "datetime": {"datetime": "2021-09-21 10:32:02", "elapsed": 1878.345615, "delta": 10.066445}}
{"target": 0.8536603935102208, "params": {"eta": 0.19172703069883842, "max_depth": 10.9486693262256, "n_estimators": 22.848342630562207}, "datetime": {"datetime": "2021-09-21 10:32:11", "elapsed": 1887.447299, "delta": 9.101684}}
{"target": 0.7492934140258091, "params": {"eta": 0.09607898897199589, "max_depth": 2.883772460564763, "n_estimators": 27.737244351302202}, "datetime": {"datetime": "2021-09-21 10:32:19", "elapsed": 1895.621173, "delta": 8.173874}}
{"target": 0.7965625212775971, "params": {"eta": 0.6480426995370557, "max_depth": 19.784216513893174, "n_estimators": 10.549138045823263}, "datetime": {"datetime": "2021-09-21 10:32:33", "elapsed": 1909.772008, "delta": 14.150835}}
{"target": 0.7912210394328614, "params": {"eta": 0.9551252449359698, "max_depth": 2.9144494173408555, "n_estimators": 28.268291074908557}, "datetime": {"datetime": "2021-09-21 10:32:45", "elapsed": 1921.41711, "delta": 11.645102}}
{"target": 0.4496792562509898, "params": {"eta": 0.06220906131153277, "max_depth": 11.613359207893737, "n_estimators": 23.741284246003538}, "datetime": {"datetime": "2021-09-21 10:32:56", "elapsed": 1933.155442, "delta": 11.738332}}
{"target": 0.8613765334176322, "params": {"eta": 0.4586740547499508, "max_depth": 19.764311318436707, "n_estimators": 13.431465006369455}, "datetime": {"datetime": "2021-09-21 10:33:01", "elapsed": 1937.938597, "delta": 4.783155}}
{"target": 0.8549401621301287, "params": {"eta": 0.3541564692013099, "max_depth": 10.542558925311146, "n_estimators": 38.94857962860872}, "datetime": {"datetime": "2021-09-21 10:33:08", "elapsed": 1944.212476, "delta": 6.273879}}
{"target": 0.849348216233249, "params": {"eta": 0.237974150077854, "max_depth": 10.011565365966582, "n_estimators": 39.62437607123182}, "datetime": {"datetime": "2021-09-21 10:33:15", "elapsed": 1951.645934, "delta": 7.433458}}
{"target": 0.734671002135431, "params": {"eta": 0.8219577983727827, "max_depth": 10.135543285916054, "n_estimators": 38.94950735906511}, "datetime": {"datetime": "2021-09-21 10:33:23", "elapsed": 1959.868943, "delta": 8.223009}}
{"target": -0.8092436782879746, "params": {"eta": 0.07312236457985741, "max_depth": 19.61395664355027, "n_estimators": 9.824681298192079}, "datetime": {"datetime": "2021-09-21 10:33:35", "elapsed": 1971.452578, "delta": 11.583635}}
{"target": 0.7369228583145272, "params": {"eta": 0.9678718598783713, "max_depth": 19.607562550679734, "n_estimators": 11.367516439061042}, "datetime": {"datetime": "2021-09-21 10:33:44", "elapsed": 1980.957627, "delta": 9.505049}}
{"target": 0.749765782050484, "params": {"eta": 0.9035254165043141, "max_depth": 10.545817971182773, "n_estimators": 39.749561645870536}, "datetime": {"datetime": "2021-09-21 10:33:53", "elapsed": 1990.182694, "delta": 9.225067}}
{"target": 0.8065940388899367, "params": {"eta": 0.14232805598772827, "max_depth": 2.9943643953288452, "n_estimators": 42.4965833205959}, "datetime": {"datetime": "2021-09-21 10:34:00", "elapsed": 1996.838627, "delta": 6.655933}}
{"target": -0.3129695376426431, "params": {"eta": 0.02981712303805778, "max_depth": 14.001231672763781, "n_estimators": 29.46490736933722}, "datetime": {"datetime": "2021-09-21 10:34:08", "elapsed": 2004.401634, "delta": 7.563007}}
{"target": 0.8613483425007847, "params": {"eta": 0.15656995903783308, "max_depth": 15.515718500796485, "n_estimators": 47.701754636353336}, "datetime": {"datetime": "2021-09-21 10:34:16", "elapsed": 2012.856767, "delta": 8.455133}}
{"target": 0.8879577506441768, "params": {"eta": 0.16317101274772172, "max_depth": 16.389653540277415, "n_estimators": 48.599129751953555}, "datetime": {"datetime": "2021-09-21 10:34:23", "elapsed": 2019.31837, "delta": 6.461603}}
{"target": 0.8619626701639114, "params": {"eta": 0.22436702996458002, "max_depth": 16.67924467157989, "n_estimators": 47.61860815953734}, "datetime": {"datetime": "2021-09-21 10:34:34", "elapsed": 2030.681684, "delta": 11.363314}}
{"target": 0.7792811866919797, "params": {"eta": 0.22324129858709216, "max_depth": 15.448605853010312, "n_estimators": 10.475174521467123}, "datetime": {"datetime": "2021-09-21 10:34:39", "elapsed": 2035.372231, "delta": 4.690547}}
{"target": 0.7679807551816812, "params": {"eta": 0.7479375073615593, "max_depth": 14.893785921003845, "n_estimators": 10.005472611573532}, "datetime": {"datetime": "2021-09-21 10:34:52", "elapsed": 2048.327007, "delta": 12.954776}}
{"target": 0.8413055367716067, "params": {"eta": 0.33243753184809555, "max_depth": 15.50701277612698, "n_estimators": 9.732565442281018}, "datetime": {"datetime": "2021-09-21 10:34:59", "elapsed": 2055.319911, "delta": 6.992904}}
{"target": 0.7144920795427105, "params": {"eta": 0.9415451733806123, "max_depth": 16.704627399040152, "n_estimators": 48.32731010242098}, "datetime": {"datetime": "2021-09-21 10:35:07", "elapsed": 2063.903391, "delta": 8.58348}}
{"target": 0.805653019067031, "params": {"eta": 0.9503923867947641, "max_depth": 4.565535518472653, "n_estimators": 14.24681239524037}, "datetime": {"datetime": "2021-09-21 10:35:12", "elapsed": 2068.191724, "delta": 4.288333}}
{"target": 0.8456237644119542, "params": {"eta": 0.3195254015709299, "max_depth": 36.044278952248554, "n_estimators": 34.110535042865756}, "datetime": {"datetime": "2021-09-21 11:01:29", "elapsed": 0.0, "delta": 0.0}}
{"target": 0.8446894959494193, "params": {"eta": 0.31795327319875877, "max_depth": 21.75908516760633, "n_estimators": 35.835764522666246}, "datetime": {"datetime": "2021-09-21 11:01:29", "elapsed": 0.411825, "delta": 0.411825}}
{"target": 0.8361160178579227, "params": {"eta": 0.275034884505077, "max_depth": 44.69687703832191, "n_estimators": 48.54651042004117}, "datetime": {"datetime": "2021-09-21 11:01:30", "elapsed": 1.03472, "delta": 0.622895}}
{"target": 0.8377682167529015, "params": {"eta": 0.2533766075303111, "max_depth": 39.79452686605057, "n_estimators": 31.155796790116177}, "datetime": {"datetime": "2021-09-21 11:01:30", "elapsed": 1.494891, "delta": 0.460171}}
{"target": 0.8494875681295291, "params": {"eta": 0.32721782443757297, "max_depth": 46.35423527634039, "n_estimators": 12.841442327915477}, "datetime": {"datetime": "2021-09-21 11:01:30", "elapsed": 1.700888, "delta": 0.205997}}
{"target": 0.7715093172638648, "params": {"eta": 0.13485171988061628, "max_depth": 1.9907014745759604, "n_estimators": 43.30479382191752}, "datetime": {"datetime": "2021-09-21 11:01:30", "elapsed": 1.770887, "delta": 0.069999}}
{"target": 0.8278948083180031, "params": {"eta": 0.41126270037994017, "max_depth": 43.63059526409414, "n_estimators": 49.14473368931056}, "datetime": {"datetime": "2021-09-21 11:01:31", "elapsed": 2.448945, "delta": 0.678058}}
{"target": 0.824846771736292, "params": {"eta": 0.41966342568668946, "max_depth": 23.61248875039366, "n_estimators": 41.22116705145822}, "datetime": {"datetime": "2021-09-21 11:01:32", "elapsed": 3.349944, "delta": 0.900999}}
{"target": 0.7542035624587791, "params": {"eta": 0.1473097703475733, "max_depth": 32.356130045048666, "n_estimators": 15.734131496361856}, "datetime": {"datetime": "2021-09-21 11:01:32", "elapsed": 3.435942, "delta": 0.085998}}
{"target": 0.8089362982994236, "params": {"eta": 0.47786756681983356, "max_depth": 26.570567765753513, "n_estimators": 26.58647759962094}, "datetime": {"datetime": "2021-09-21 11:01:32", "elapsed": 3.784944, "delta": 0.349002}}
{"target": 0.8391743620432751, "params": {"eta": 0.1, "max_depth": 46.68039894062363, "n_estimators": 39.55044975749847}, "datetime": {"datetime": "2021-09-21 11:01:33", "elapsed": 4.582947, "delta": 0.798003}}
{"target": 0.8545284688051992, "params": {"eta": 0.32800000905320487, "max_depth": 50.0, "n_estimators": 20.536227034739525}, "datetime": {"datetime": "2021-09-21 11:01:34", "elapsed": 5.178055, "delta": 0.595108}}
{"target": 0.7711067983396995, "params": {"eta": 0.4923734497352217, "max_depth": 1.0102619759437141, "n_estimators": 10.077407255281475}, "datetime": {"datetime": "2021-09-21 11:01:34", "elapsed": 5.486051, "delta": 0.307996}}
{"target": 0.8035196604120245, "params": {"eta": 0.5, "max_depth": 50.0, "n_estimators": 29.280078428026556}, "datetime": {"datetime": "2021-09-21 11:01:35", "elapsed": 6.317969, "delta": 0.831918}}
{"target": 0.8209487557963537, "params": {"eta": 0.1, "max_depth": 14.0742357126806, "n_estimators": 30.252318668945218}, "datetime": {"datetime": "2021-09-21 11:01:36", "elapsed": 6.932082, "delta": 0.614113}}
{"target": 0.8013782860167292, "params": {"eta": 0.15623586386700175, "max_depth": 49.977318050676324, "n_estimators": 15.193321397075362}, "datetime": {"datetime": "2021-09-21 11:01:36", "elapsed": 7.418746, "delta": 0.486664}}
{"target": 0.8035340788090369, "params": {"eta": 0.5, "max_depth": 47.15314792358475, "n_estimators": 21.70106667350924}, "datetime": {"datetime": "2021-09-21 11:01:37", "elapsed": 8.250749, "delta": 0.832003}}
{"target": 0.8515482748171112, "params": {"eta": 0.3200037687463474, "max_depth": 38.30430146400099, "n_estimators": 33.48851204183313}, "datetime": {"datetime": "2021-09-21 11:01:37", "elapsed": 8.894112, "delta": 0.643363}}
{"target": 0.8365434340261247, "params": {"eta": 0.4635507034603187, "max_depth": 44.00484471507381, "n_estimators": 10.896116132175486}, "datetime": {"datetime": "2021-09-21 11:01:38", "elapsed": 9.410971, "delta": 0.516859}}
{"target": 0.8359725341746671, "params": {"eta": 0.1, "max_depth": 38.95681330833858, "n_estimators": 36.850972794661885}, "datetime": {"datetime": "2021-09-21 11:01:39", "elapsed": 10.034794, "delta": 0.623823}}
{"target": 0.8571839374494867, "params": {"eta": 0.3393124763758105, "max_depth": 43.65928525705912, "n_estimators": 15.036836051620242}, "datetime": {"datetime": "2021-09-21 11:01:39", "elapsed": 10.595818, "delta": 0.561024}}
{"target": 0.842026675105396, "params": {"eta": 0.1, "max_depth": 47.506112519652014, "n_estimators": 44.383235060815316}, "datetime": {"datetime": "2021-09-21 11:01:40", "elapsed": 11.382942, "delta": 0.787124}}
{"target": 0.8514847056909929, "params": {"eta": 0.2189434232510096, "max_depth": 42.85431447858286, "n_estimators": 43.099709084467484}, "datetime": {"datetime": "2021-09-21 11:01:41", "elapsed": 12.240942, "delta": 0.858}}
{"target": 0.8412816447405296, "params": {"eta": 0.1, "max_depth": 38.483221387946514, "n_estimators": 43.59688066700789}, "datetime": {"datetime": "2021-09-21 11:01:41", "elapsed": 12.878798, "delta": 0.637856}}
{"target": 0.8376390678967075, "params": {"eta": 0.1, "max_depth": 17.328501498676307, "n_estimators": 37.66298724679208}, "datetime": {"datetime": "2021-09-21 11:01:42", "elapsed": 13.645435, "delta": 0.766637}}
{"target": 0.8514941041184405, "params": {"eta": 0.10715419942337685, "max_depth": 49.72497662762107, "n_estimators": 49.79457402225679}, "datetime": {"datetime": "2021-09-21 11:01:43", "elapsed": 14.344237, "delta": 0.698802}}
{"target": 0.8159684896080479, "params": {"eta": 0.1, "max_depth": 34.91585232951728, "n_estimators": 29.491916097607145}, "datetime": {"datetime": "2021-09-21 11:01:43", "elapsed": 14.869054, "delta": 0.524817}}
{"target": 0.8533679236538378, "params": {"eta": 0.3319717894878317, "max_depth": 33.18705466762795, "n_estimators": 39.496509276659594}, "datetime": {"datetime": "2021-09-21 11:01:44", "elapsed": 15.648927, "delta": 0.779873}}
{"target": 0.8035133506015604, "params": {"eta": 0.5, "max_depth": 32.44909463345914, "n_estimators": 43.62671065258489}, "datetime": {"datetime": "2021-09-21 11:01:45", "elapsed": 16.567132, "delta": 0.918205}}
{"target": 0.8359725341746671, "params": {"eta": 0.1, "max_depth": 31.394052629095253, "n_estimators": 36.54433106073422}, "datetime": {"datetime": "2021-09-21 11:01:46", "elapsed": 17.183856, "delta": 0.616724}}
{"target": 0.855510407104977, "params": {"eta": 0.32684615507165227, "max_depth": 36.11429085477236, "n_estimators": 39.44771792910055}, "datetime": {"datetime": "2021-09-21 11:01:47", "elapsed": 18.343777, "delta": 1.159921}}
{"target": 0.6144795752030277, "params": {"eta": 0.1, "max_depth": 40.7923476449814, "n_estimators": 17.100453463248027}, "datetime": {"datetime": "2021-09-21 11:01:47", "elapsed": 18.767493, "delta": 0.423716}}
{"target": 0.8212085247389231, "params": {"eta": 0.2580466012312621, "max_depth": 45.730918837919546, "n_estimators": 15.16997647983398}, "datetime": {"datetime": "2021-09-21 11:01:48", "elapsed": 19.491222, "delta": 0.723729}}
{"target": 0.8492212982270043, "params": {"eta": 0.28182376067585335, "max_depth": 34.74020624485532, "n_estimators": 37.512433428892}, "datetime": {"datetime": "2021-09-21 11:01:49", "elapsed": 20.399349, "delta": 0.908127}}
{"target": 0.7551887252128459, "params": {"eta": 0.16933186183794657, "max_depth": 43.50974317309704, "n_estimators": 13.329528179089722}, "datetime": {"datetime": "2021-09-21 11:01:49", "elapsed": 20.787564, "delta": 0.388215}}
{"target": 0.831021408019056, "params": {"eta": 0.4239668174900457, "max_depth": 43.26063898575814, "n_estimators": 15.046299406206316}, "datetime": {"datetime": "2021-09-21 11:01:50", "elapsed": 21.2154, "delta": 0.427836}}
{"target": 0.8557498997529576, "params": {"eta": 0.31359943800753204, "max_depth": 35.040831146265575, "n_estimators": 38.845149755658}, "datetime": {"datetime": "2021-09-21 11:01:51", "elapsed": 22.867116, "delta": 1.651716}}
{"target": 0.8419904437279564, "params": {"eta": 0.3152075226757409, "max_depth": 34.52291774548994, "n_estimators": 40.688400398944964}, "datetime": {"datetime": "2021-09-21 11:01:56", "elapsed": 27.173376, "delta": 4.30626}}
{"target": 0.8049877350197951, "params": {"eta": 0.48824587128825947, "max_depth": 36.64910779108246, "n_estimators": 37.63392742246023}, "datetime": {"datetime": "2021-09-21 11:02:00", "elapsed": 31.326527, "delta": 4.153151}}
{"target": 0.8408768476936935, "params": {"eta": 0.35006223571377226, "max_depth": 33.00048850913554, "n_estimators": 38.04069782717686}, "datetime": {"datetime": "2021-09-21 11:02:03", "elapsed": 34.0908, "delta": 2.764273}}
{"target": 0.8477432344730447, "params": {"eta": 0.3549644712301774, "max_depth": 44.383399155418694, "n_estimators": 16.336384847229407}, "datetime": {"datetime": "2021-09-21 11:02:04", "elapsed": 35.751315, "delta": 1.660515}}
{"target": 0.85382721522497, "params": {"eta": 0.142057921082678, "max_depth": 37.213349496058, "n_estimators": 41.48356168583042}, "datetime": {"datetime": "2021-09-21 11:02:05", "elapsed": 36.423812, "delta": 0.672497}}
{"target": 0.8729250324173764, "params": {"eta": 0.1581139933984837, "max_depth": 45.058985312669364, "n_estimators": 43.10378216942345}, "datetime": {"datetime": "2021-09-21 11:02:06", "elapsed": 37.680831, "delta": 1.257019}}
{"target": 0.8534278595396505, "params": {"eta": 0.10677423689383003, "max_depth": 44.62523520637669, "n_estimators": 44.76246745868732}, "datetime": {"datetime": "2021-09-21 11:02:07", "elapsed": 38.517436, "delta": 0.836605}}
{"target": 0.8806443169120897, "params": {"eta": 0.20995923096243999, "max_depth": 44.43219094192331, "n_estimators": 41.3784768440464}, "datetime": {"datetime": "2021-09-21 11:02:08", "elapsed": 39.479604, "delta": 0.962168}}
{"target": 0.8035133502470846, "params": {"eta": 0.5, "max_depth": 46.13321951266858, "n_estimators": 41.76875963890053}, "datetime": {"datetime": "2021-09-21 11:02:09", "elapsed": 40.540156, "delta": 1.060552}}
{"target": 0.8397095307890869, "params": {"eta": 0.1, "max_depth": 43.070158696846065, "n_estimators": 40.93150195209372}, "datetime": {"datetime": "2021-09-21 11:02:10", "elapsed": 41.576993, "delta": 1.036837}}
{"target": 0.8449204847836684, "params": {"eta": 0.16953766517404956, "max_depth": 44.18118207617813, "n_estimators": 42.59417755530184}, "datetime": {"datetime": "2021-09-21 11:02:11", "elapsed": 42.324995, "delta": 0.748002}}
{"target": 0.8463542094135353, "params": {"eta": 0.18105119793187863, "max_depth": 44.85336387723216, "n_estimators": 39.709245495310746}, "datetime": {"datetime": "2021-09-21 11:02:12", "elapsed": 43.040273, "delta": 0.715278}}
{"target": 0.8634508066904657, "params": {"eta": 0.37595564294396633, "max_depth": 45.90235711341719, "n_estimators": 43.93046762535224}, "datetime": {"datetime": "2021-09-21 11:02:13", "elapsed": 44.005403, "delta": 0.96513}}
{"target": 0.8060653741012707, "params": {"eta": 0.4906122432902793, "max_depth": 42.25885223200825, "n_estimators": 44.9506388853465}, "datetime": {"datetime": "2021-09-21 11:02:13", "elapsed": 44.6384, "delta": 0.632997}}
{"target": 0.8436685131231494, "params": {"eta": 0.3710424131840787, "max_depth": 46.17994576713999, "n_estimators": 45.999723740357496}, "datetime": {"datetime": "2021-09-21 11:02:14", "elapsed": 45.318675, "delta": 0.680275}}
{"target": 0.8493749362941782, "params": {"eta": 0.2446488431543783, "max_depth": 38.45746309248296, "n_estimators": 40.21482303616111}, "datetime": {"datetime": "2021-09-21 11:02:15", "elapsed": 46.291951, "delta": 0.973276}}
{"target": 0.8035133502470846, "params": {"eta": 0.5, "max_depth": 39.679011997597534, "n_estimators": 41.80747747613841}, "datetime": {"datetime": "2021-09-21 11:02:16", "elapsed": 47.120162, "delta": 0.828211}}
{"target": 0.8463510359028515, "params": {"eta": 0.47167067086428693, "max_depth": 36.993468376556024, "n_estimators": 31.974071912593796}, "datetime": {"datetime": "2021-09-21 11:02:17", "elapsed": 47.959239, "delta": 0.839077}}
{"target": 0.8249822375606928, "params": {"eta": 0.41864696806980595, "max_depth": 46.556613648849186, "n_estimators": 10.847186332426402}, "datetime": {"datetime": "2021-09-21 11:02:17", "elapsed": 48.477845, "delta": 0.518606}}
{"target": 0.8475206047787179, "params": {"eta": 0.1171274314403798, "max_depth": 47.98850145628299, "n_estimators": 48.87129136774198}, "datetime": {"datetime": "2021-09-21 11:02:18", "elapsed": 49.362048, "delta": 0.884203}}
{"target": 0.8593483048156787, "params": {"eta": 0.3562973349030233, "max_depth": 49.988253259614666, "n_estimators": 48.154219593371685}, "datetime": {"datetime": "2021-09-21 11:02:19", "elapsed": 50.313223, "delta": 0.951175}}
{"target": 0.8498372959482837, "params": {"eta": 0.10877502017054869, "max_depth": 48.491521511848575, "n_estimators": 46.95211253403402}, "datetime": {"datetime": "2021-09-21 11:02:20", "elapsed": 51.196967, "delta": 0.883744}}
{"target": 0.803541925584024, "params": {"eta": 0.5, "max_depth": 50.0, "n_estimators": 18.768297214085685}, "datetime": {"datetime": "2021-09-21 11:02:20", "elapsed": 51.843625, "delta": 0.646658}}
{"target": 0.8617012142871738, "params": {"eta": 0.37557638348551425, "max_depth": 49.98381263393202, "n_estimators": 45.818913683500384}, "datetime": {"datetime": "2021-09-21 11:02:21", "elapsed": 52.490241, "delta": 0.646616}}
{"target": 0.8682878881501682, "params": {"eta": 0.45561526270004127, "max_depth": 49.95130098657554, "n_estimators": 43.970157436657985}, "datetime": {"datetime": "2021-09-21 11:02:22", "elapsed": 53.407388, "delta": 0.917147}}
{"target": 0.8411210944850066, "params": {"eta": 0.1, "max_depth": 50.0, "n_estimators": 42.3663531359425}, "datetime": {"datetime": "2021-09-21 11:02:23", "elapsed": 54.175561, "delta": 0.768173}}
{"target": 0.7500207813536, "params": {"eta": 0.1, "max_depth": 50.0, "n_estimators": 22.32473308609688}, "datetime": {"datetime": "2021-09-21 11:02:23", "elapsed": 54.688564, "delta": 0.513003}}
{"target": 0.8404807379283398, "params": {"eta": 0.2523512683383623, "max_depth": 48.84427335254868, "n_estimators": 45.25943518609057}, "datetime": {"datetime": "2021-09-21 11:02:24", "elapsed": 55.744354, "delta": 1.05579}}
{"target": 0.8334329626544825, "params": {"eta": 0.1, "max_depth": 40.182133465849894, "n_estimators": 34.20423554179637}, "datetime": {"datetime": "2021-09-21 11:02:25", "elapsed": 56.818283, "delta": 1.073929}}
{"target": 0.8617991248239651, "params": {"eta": 0.37557669380314784, "max_depth": 35.99973321468683, "n_estimators": 43.031065530193935}, "datetime": {"datetime": "2021-09-21 11:02:26", "elapsed": 57.681521, "delta": 0.863238}}
{"target": 0.8495808758203268, "params": {"eta": 0.23177142912917412, "max_depth": 36.47875267686685, "n_estimators": 44.54185641190661}, "datetime": {"datetime": "2021-09-21 11:02:27", "elapsed": 58.54552, "delta": 0.863999}}
{"target": 0.8546725860098536, "params": {"eta": 0.3408792974223178, "max_depth": 33.85206138916928, "n_estimators": 35.46292263186275}, "datetime": {"datetime": "2021-09-21 11:02:28", "elapsed": 59.338972, "delta": 0.793452}}
{"target": 0.853611873744664, "params": {"eta": 0.42997116090806975, "max_depth": 33.719595434229646, "n_estimators": 33.51268964504459}, "datetime": {"datetime": "2021-09-21 11:02:29", "elapsed": 60.096144, "delta": 0.757172}}
{"target": 0.8154616430133842, "params": {"eta": 0.49461343361542054, "max_depth": 31.999816246974692, "n_estimators": 34.273444916331925}, "datetime": {"datetime": "2021-09-21 11:02:29", "elapsed": 60.909208, "delta": 0.813064}}
{"target": 0.8474986429580058, "params": {"eta": 0.3109217097748969, "max_depth": 35.26004696120167, "n_estimators": 32.47443779547743}, "datetime": {"datetime": "2021-09-21 11:02:30", "elapsed": 61.697483, "delta": 0.788275}}
