{"target": -4.295440799311588, "params": {"eta": 1.0, "max_depth": 8.619108055730717, "n_estimators": 1.0}, "datetime": {"datetime": "2021-09-17 10:44:48", "elapsed": 85.943335, "delta": 0.608178}}
{"target": -3.1738709198801143, "params": {"eta": 1.0, "max_depth": 11.944589536925417, "n_estimators": 18.0}, "datetime": {"datetime": "2021-09-17 10:44:49", "elapsed": 86.745966, "delta": 0.802631}}
{"target": -3.4298649311065676, "params": {"eta": 1.0, "max_depth": 9.558066688055378, "n_estimators": 9.687592617612548}, "datetime": {"datetime": "2021-09-17 10:44:49", "elapsed": 87.482636, "delta": 0.73667}}
{"target": -3.5444426492640844, "params": {"eta": 1.0, "max_depth": 8.648144967825184, "n_estimators": 15.30427599677347}, "datetime": {"datetime": "2021-09-17 10:44:50", "elapsed": 88.261632, "delta": 0.778996}}
{"target": -4.3959583332664085, "params": {"eta": 0.1, "max_depth": 15.0, "n_estimators": 18.0}, "datetime": {"datetime": "2021-09-17 10:44:51", "elapsed": 89.019638, "delta": 0.758006}}
{"target": -3.4294487683396593, "params": {"eta": 1.0, "max_depth": 9.926750079403549, "n_estimators": 14.079445046632813}, "datetime": {"datetime": "2021-09-17 10:44:52", "elapsed": 89.716663, "delta": 0.697025}}
{"target": -3.481718178799278, "params": {"eta": 1.0, "max_depth": 4.898799418044657, "n_estimators": 3.164663597924561}, "datetime": {"datetime": "2021-09-17 10:44:52", "elapsed": 90.473752, "delta": 0.757089}}
{"target": -3.4464725732803347, "params": {"eta": 1.0, "max_depth": 6.067968220456566, "n_estimators": 10.2577878064355}, "datetime": {"datetime": "2021-09-17 10:44:53", "elapsed": 91.199751, "delta": 0.725999}}
{"target": -3.4763186887690893, "params": {"eta": 0.9793711732224967, "max_depth": 12.554491029855049, "n_estimators": 16.598050985983633}, "datetime": {"datetime": "2021-09-17 10:44:54", "elapsed": 91.922534, "delta": 0.722783}}
{"target": -3.126480808069831, "params": {"eta": 0.9848482783757165, "max_depth": 9.201012068737052, "n_estimators": 4.365536102239963}, "datetime": {"datetime": "2021-09-17 10:44:55", "elapsed": 92.636535, "delta": 0.714001}}
{"target": -3.178078566726885, "params": {"eta": 1.0, "max_depth": 15.0, "n_estimators": 11.815343174280311}, "datetime": {"datetime": "2021-09-17 10:44:55", "elapsed": 93.344535, "delta": 0.708}}
{"target": -3.2080442334476267, "params": {"eta": 0.9845920882943264, "max_depth": 2.636847267736427, "n_estimators": 13.064204791452525}, "datetime": {"datetime": "2021-09-17 10:44:56", "elapsed": 94.03459, "delta": 0.690055}}
{"target": -3.5222743253958853, "params": {"eta": 0.9880068478963762, "max_depth": 14.148159844839405, "n_estimators": 2.626277680260769}, "datetime": {"datetime": "2021-09-17 10:44:57", "elapsed": 94.730645, "delta": 0.696055}}
{"target": -3.1920448761237297, "params": {"eta": 1.0, "max_depth": 5.86668588932236, "n_estimators": 15.764695609565933}, "datetime": {"datetime": "2021-09-17 10:44:57", "elapsed": 95.399178, "delta": 0.668533}}
{"target": -6.216388924498307, "params": {"eta": 0.14726021145384321, "max_depth": 10.077691804123894, "n_estimators": 9.119082671480873}, "datetime": {"datetime": "2021-09-17 10:44:58", "elapsed": 96.051268, "delta": 0.65209}}
{"target": -4.3959583332664085, "params": {"eta": 0.1, "max_depth": 12.593193541055367, "n_estimators": 18.0}, "datetime": {"datetime": "2021-09-17 10:44:59", "elapsed": 96.925674, "delta": 0.874406}}
{"target": -4.015155683693132, "params": {"eta": 0.11416692844474927, "max_depth": 7.243485318897028, "n_estimators": 17.981665508033963}, "datetime": {"datetime": "2021-09-17 10:45:00", "elapsed": 97.7583, "delta": 0.832626}}
{"target": -4.82658019505049, "params": {"eta": 0.11019318809472343, "max_depth": 7.88012518234153, "n_estimators": 15.541996827320279}, "datetime": {"datetime": "2021-09-17 10:45:00", "elapsed": 98.44677, "delta": 0.68847}}
{"target": -3.4840395350205275, "params": {"eta": 1.0, "max_depth": 8.88522263579437, "n_estimators": 3.079967140018806}, "datetime": {"datetime": "2021-09-17 10:45:01", "elapsed": 99.080192, "delta": 0.633422}}
{"target": -3.24089410116798, "params": {"eta": 0.9714794856336509, "max_depth": 2.706566237961404, "n_estimators": 9.420332150564052}, "datetime": {"datetime": "2021-09-17 10:45:02", "elapsed": 99.711615, "delta": 0.631423}}
{"target": -3.173872124521356, "params": {"eta": 1.0, "max_depth": 11.282428728595525, "n_estimators": 16.44355858291546}, "datetime": {"datetime": "2021-09-17 10:45:03", "elapsed": 100.549998, "delta": 0.838383}}
{"target": -6.483588299625798, "params": {"eta": 0.10863775477533996, "max_depth": 11.487042691888961, "n_estimators": 12.973022826829855}, "datetime": {"datetime": "2021-09-17 10:45:03", "elapsed": 101.285495, "delta": 0.735497}}
{"target": -16.99607552070367, "params": {"eta": 0.1, "max_depth": 4.627447780495991, "n_estimators": 3.9496320395848863}, "datetime": {"datetime": "2021-09-17 10:45:04", "elapsed": 102.017303, "delta": 0.731808}}
{"target": -3.858095928242332, "params": {"eta": 0.9784899810001648, "max_depth": 2.5326173509851926, "n_estimators": 4.2428133394572125}, "datetime": {"datetime": "2021-09-17 10:45:05", "elapsed": 102.688401, "delta": 0.671098}}
{"target": -3.561465893921099, "params": {"eta": 1.0, "max_depth": 5.371294926081367, "n_estimators": 2.2794453389028244}, "datetime": {"datetime": "2021-09-17 10:45:06", "elapsed": 103.532615, "delta": 0.844214}}
{"target": -3.52891836354607, "params": {"eta": 0.9857416053312367, "max_depth": 10.931457603708713, "n_estimators": 10.194571801740349}, "datetime": {"datetime": "2021-09-17 10:45:06", "elapsed": 104.235621, "delta": 0.703006}}
{"target": -3.2103057723296318, "params": {"eta": 1.0, "max_depth": 14.132706550835266, "n_estimators": 14.655824678151768}, "datetime": {"datetime": "2021-09-17 10:45:07", "elapsed": 105.060614, "delta": 0.824993}}
{"target": -3.699865938487806, "params": {"eta": 0.9996524422434729, "max_depth": 3.7916676567569816, "n_estimators": 5.561512612156026}, "datetime": {"datetime": "2021-09-17 10:45:08", "elapsed": 105.840203, "delta": 0.779589}}
{"target": -9.140022542602136, "params": {"eta": 0.1, "max_depth": 1.0, "n_estimators": 10.6449100629848}, "datetime": {"datetime": "2021-09-17 10:45:09", "elapsed": 106.627398, "delta": 0.787195}}
{"target": -3.3452368253155758, "params": {"eta": 0.9151509054114919, "max_depth": 14.986334532618505, "n_estimators": 17.208629161816486}, "datetime": {"datetime": "2021-09-17 10:45:10", "elapsed": 107.595398, "delta": 0.968}}
{"target": -4.3814484916235275, "params": {"eta": 0.1, "max_depth": 5.486903344353768, "n_estimators": 18.0}, "datetime": {"datetime": "2021-09-17 10:45:10", "elapsed": 108.375718, "delta": 0.78032}}
{"target": -3.432629548248492, "params": {"eta": 1.0, "max_depth": 7.42770759225765, "n_estimators": 12.965857548372949}, "datetime": {"datetime": "2021-09-17 10:45:11", "elapsed": 109.239632, "delta": 0.863914}}
{"target": -3.227609167600933, "params": {"eta": 1.0, "max_depth": 1.0, "n_estimators": 16.430662010412767}, "datetime": {"datetime": "2021-09-17 10:45:12", "elapsed": 110.04193, "delta": 0.802298}}
{"target": -3.342553382170828, "params": {"eta": 1.0, "max_depth": 4.8516054519930725, "n_estimators": 16.196063272663537}, "datetime": {"datetime": "2021-09-17 10:45:13", "elapsed": 110.707926, "delta": 0.665996}}
{"target": -3.335299233386391, "params": {"eta": 1.0, "max_depth": 1.0, "n_estimators": 14.682053834964762}, "datetime": {"datetime": "2021-09-17 10:45:14", "elapsed": 111.493626, "delta": 0.7857}}
{"target": -3.4924756439108604, "params": {"eta": 0.9874320238418912, "max_depth": 11.1213606117129, "n_estimators": 14.335544689630165}, "datetime": {"datetime": "2021-09-17 10:45:14", "elapsed": 112.453629, "delta": 0.960003}}
{"target": -7.87996454364375, "params": {"eta": 0.1, "max_depth": 15.0, "n_estimators": 11.289089767680757}, "datetime": {"datetime": "2021-09-17 10:45:15", "elapsed": 113.297006, "delta": 0.843377}}
{"target": -4.641782083009419, "params": {"eta": 0.14096315918042382, "max_depth": 14.393837054278551, "n_estimators": 12.884867077376002}, "datetime": {"datetime": "2021-09-17 10:45:16", "elapsed": 114.098023, "delta": 0.801017}}
{"target": -5.122348023715772, "params": {"eta": 0.1, "max_depth": 10.340193948893285, "n_estimators": 16.244580661791893}, "datetime": {"datetime": "2021-09-17 10:45:17", "elapsed": 115.196712, "delta": 1.098689}}
{"target": -3.3159701253238474, "params": {"eta": 1.0, "max_depth": 4.540351324759068, "n_estimators": 10.74707254575891}, "datetime": {"datetime": "2021-09-17 10:45:18", "elapsed": 116.212231, "delta": 1.015519}}
{"target": -10.39168791770935, "params": {"eta": 0.1, "max_depth": 11.99011343114312, "n_estimators": 8.28549180862471}, "datetime": {"datetime": "2021-09-17 10:45:19", "elapsed": 117.095633, "delta": 0.883402}}
{"target": -3.5424193281876417, "params": {"eta": 0.9772535602749521, "max_depth": 12.34467070310918, "n_estimators": 6.807853130178494}, "datetime": {"datetime": "2021-09-17 10:45:20", "elapsed": 117.796374, "delta": 0.700741}}
{"target": -3.5907275626533903, "params": {"eta": 1.0, "max_depth": 1.0, "n_estimators": 12.381997402940174}, "datetime": {"datetime": "2021-09-17 10:45:21", "elapsed": 118.531719, "delta": 0.735345}}
{"target": -3.0149641927919895, "params": {"eta": 0.15192407005907968, "max_depth": 6.547103487755493, "n_estimators": 16.019982680562762}, "datetime": {"datetime": "2021-09-17 10:45:21", "elapsed": 119.302116, "delta": 0.770397}}
{"target": -3.2105516603118494, "params": {"eta": 1.0, "max_depth": 14.080109244574091, "n_estimators": 9.351904532055457}, "datetime": {"datetime": "2021-09-17 10:45:22", "elapsed": 120.3586, "delta": 1.056484}}
{"target": -3.213806228261245, "params": {"eta": 0.9966831716720677, "max_depth": 4.714469446853324, "n_estimators": 11.915615434471}, "datetime": {"datetime": "2021-09-17 10:45:23", "elapsed": 121.227366, "delta": 0.868766}}
{"target": -3.3894764997457205, "params": {"eta": 0.9863003485475413, "max_depth": 14.911364007058722, "n_estimators": 5.938258533905561}, "datetime": {"datetime": "2021-09-17 10:45:24", "elapsed": 121.956682, "delta": 0.729316}}
{"target": -7.292092939427024, "params": {"eta": 0.1, "max_depth": 1.6648635737437905, "n_estimators": 13.17247592445496}, "datetime": {"datetime": "2021-09-17 10:45:25", "elapsed": 122.954664, "delta": 0.997982}}
{"target": -3.355104903170937, "params": {"eta": 0.20591047623008696, "max_depth": 2.925543856151734, "n_estimators": 14.940396427643883}, "datetime": {"datetime": "2021-09-17 10:45:26", "elapsed": 123.977094, "delta": 1.02243}}
{"target": -3.6537899218107524, "params": {"eta": 0.9987035247467271, "max_depth": 1.8549969713908874, "n_estimators": 11.547774497977692}, "datetime": {"datetime": "2021-09-17 10:45:27", "elapsed": 124.787218, "delta": 0.810124}}
{"target": -20.8150331663458, "params": {"eta": 0.1, "max_depth": 5.626988677529558, "n_estimators": 1.0}, "datetime": {"datetime": "2021-09-17 10:45:28", "elapsed": 125.608822, "delta": 0.821604}}
{"target": -4.295440799311588, "params": {"eta": 1.0, "max_depth": 4.285231201365017, "n_estimators": 1.9324834183335402}, "datetime": {"datetime": "2021-09-17 10:45:29", "elapsed": 126.502081, "delta": 0.893259}}
{"target": -4.200811258115267, "params": {"eta": 1.0, "max_depth": 3.7826481143685164, "n_estimators": 1.0}, "datetime": {"datetime": "2021-09-17 10:45:30", "elapsed": 127.490417, "delta": 0.988336}}
{"target": -13.16322336102787, "params": {"eta": 0.1101489295508888, "max_depth": 12.47781015646065, "n_estimators": 5.269334460350998}, "datetime": {"datetime": "2021-09-17 10:45:30", "elapsed": 128.174011, "delta": 0.683594}}
{"target": -3.4343015024536534, "params": {"eta": 1.0, "max_depth": 9.330591029733654, "n_estimators": 10.99747736665486}, "datetime": {"datetime": "2021-09-17 10:45:31", "elapsed": 129.082277, "delta": 0.908266}}
{"target": -3.2063781452806372, "params": {"eta": 0.9695410283740684, "max_depth": 11.75045366118118, "n_estimators": 3.9172710157225135}, "datetime": {"datetime": "2021-09-17 10:45:32", "elapsed": 129.916539, "delta": 0.834262}}
{"target": -3.3307486979584944, "params": {"eta": 0.9937307624165869, "max_depth": 6.868824536113202, "n_estimators": 9.811535824184888}, "datetime": {"datetime": "2021-09-17 10:45:33", "elapsed": 130.945388, "delta": 1.028849}}
{"target": -3.392159972065373, "params": {"eta": 1.0, "max_depth": 10.918278995555191, "n_estimators": 4.976631750143245}, "datetime": {"datetime": "2021-09-17 10:45:34", "elapsed": 131.799579, "delta": 0.854191}}
{"target": -6.550768104979866, "params": {"eta": 0.1, "max_depth": 5.576429600506558, "n_estimators": 13.161280023470184}, "datetime": {"datetime": "2021-09-17 10:45:35", "elapsed": 132.60158, "delta": 0.802001}}
{"target": -4.295440799311588, "params": {"eta": 1.0, "max_depth": 7.870787351281452, "n_estimators": 1.7025776801663048}, "datetime": {"datetime": "2021-09-17 10:45:36", "elapsed": 133.516712, "delta": 0.915132}}
{"target": -3.0408763728643717, "params": {"eta": 1.0, "max_depth": 2.064685872289521, "n_estimators": 18.0}, "datetime": {"datetime": "2021-09-17 10:45:37", "elapsed": 134.706602, "delta": 1.18989}}
{"target": -3.365151237500341, "params": {"eta": 0.9565974086058039, "max_depth": 9.392111314529632, "n_estimators": 15.930109955717283}, "datetime": {"datetime": "2021-09-17 10:45:38", "elapsed": 135.583912, "delta": 0.87731}}
{"target": -3.1621553596697356, "params": {"eta": 1.0, "max_depth": 5.159757867826736, "n_estimators": 5.661433424401793}, "datetime": {"datetime": "2021-09-17 10:45:39", "elapsed": 136.701319, "delta": 1.117407}}
{"target": -9.439127588899513, "params": {"eta": 0.1, "max_depth": 5.694488908960291, "n_estimators": 9.631317485491188}, "datetime": {"datetime": "2021-09-17 10:45:40", "elapsed": 137.607414, "delta": 0.906095}}
{"target": -3.4339787075394086, "params": {"eta": 1.0, "max_depth": 9.933762018220449, "n_estimators": 7.8781784468660785}, "datetime": {"datetime": "2021-09-17 10:45:40", "elapsed": 138.454462, "delta": 0.847048}}
{"target": -3.4047962464784316, "params": {"eta": 1.0, "max_depth": 3.5161242850768915, "n_estimators": 6.615081734845821}, "datetime": {"datetime": "2021-09-17 10:45:41", "elapsed": 139.22684, "delta": 0.772378}}
{"target": -3.532730783914264, "params": {"eta": 1.0, "max_depth": 8.834130790771244, "n_estimators": 7.136803383399666}, "datetime": {"datetime": "2021-09-17 10:45:42", "elapsed": 140.053143, "delta": 0.826303}}
{"target": -5.504710051260496, "params": {"eta": 0.1, "max_depth": 5.336962340111929, "n_estimators": 15.43087216116264}, "datetime": {"datetime": "2021-09-17 10:45:43", "elapsed": 141.232111, "delta": 1.178968}}
{"target": -3.218474889428992, "params": {"eta": 0.9727978790326843, "max_depth": 8.593883024933302, "n_estimators": 5.925839577485172}, "datetime": {"datetime": "2021-09-17 10:45:44", "elapsed": 142.316593, "delta": 1.084482}}
{"target": -3.177936833155782, "params": {"eta": 1.0, "max_depth": 15.0, "n_estimators": 15.011797395688028}, "datetime": {"datetime": "2021-09-17 10:45:46", "elapsed": 143.695368, "delta": 1.378775}}
{"target": -3.467185164125342, "params": {"eta": 0.9549046262700243, "max_depth": 6.605651811486192, "n_estimators": 14.98882828986003}, "datetime": {"datetime": "2021-09-17 10:45:47", "elapsed": 144.758018, "delta": 1.06265}}
{"target": -4.404783910199216, "params": {"eta": 0.13445640855562485, "max_depth": 9.671591857883337, "n_estimators": 13.469352992781904}, "datetime": {"datetime": "2021-09-17 10:45:48", "elapsed": 145.868104, "delta": 1.110086}}
{"target": -3.4495559629641086, "params": {"eta": 1.0, "max_depth": 6.2393402103432, "n_estimators": 12.276235452747677}, "datetime": {"datetime": "2021-09-17 10:45:49", "elapsed": 146.766036, "delta": 0.897932}}
{"target": -3.363390813375774, "params": {"eta": 0.9663945280390694, "max_depth": 6.7589603406912016, "n_estimators": 17.995658514207094}, "datetime": {"datetime": "2021-09-17 10:45:50", "elapsed": 147.676966, "delta": 0.91093}}
{"target": -5.355517565576654, "params": {"eta": 0.1, "max_depth": 1.0, "n_estimators": 18.0}, "datetime": {"datetime": "2021-09-17 10:45:51", "elapsed": 148.647178, "delta": 0.970212}}
{"target": -3.1229333570128994, "params": {"eta": 1.0, "max_depth": 5.202740714250213, "n_estimators": 7.759518579292417}, "datetime": {"datetime": "2021-09-17 10:45:52", "elapsed": 149.813458, "delta": 1.16628}}
{"target": -3.2833968532712836, "params": {"eta": 0.9970541427633091, "max_depth": 13.872881461969106, "n_estimators": 5.0873031748714475}, "datetime": {"datetime": "2021-09-17 10:45:53", "elapsed": 150.794469, "delta": 0.981011}}
{"target": -3.223558312968204, "params": {"eta": 1.0, "max_depth": 5.029446662815665, "n_estimators": 13.544013438059505}, "datetime": {"datetime": "2021-09-17 10:45:54", "elapsed": 151.766122, "delta": 0.971653}}
{"target": -3.2141895695736538, "params": {"eta": 1.0, "max_depth": 12.015903077831512, "n_estimators": 9.885146664658615}, "datetime": {"datetime": "2021-09-17 10:45:55", "elapsed": 152.759659, "delta": 0.993537}}
{"target": -2.9620515227317807, "params": {"eta": 0.9983478230489088, "max_depth": 2.8074907704396113, "n_estimators": 17.21666783427625}, "datetime": {"datetime": "2021-09-17 10:45:56", "elapsed": 153.878731, "delta": 1.119072}}
{"target": -3.2145020955487302, "params": {"eta": 1.0, "max_depth": 12.032574693944106, "n_estimators": 11.979903755403136}, "datetime": {"datetime": "2021-09-17 10:45:57", "elapsed": 154.88118, "delta": 1.002449}}
{"target": -15.526717852291307, "params": {"eta": 0.1, "max_depth": 1.0, "n_estimators": 4.19116944049521}, "datetime": {"datetime": "2021-09-17 10:45:58", "elapsed": 156.08624, "delta": 1.20506}}
{"target": -3.023234374272196, "params": {"eta": 0.22854664074888836, "max_depth": 12.773023943686486, "n_estimators": 11.88885207066113}, "datetime": {"datetime": "2021-09-17 10:45:59", "elapsed": 157.27705, "delta": 1.19081}}
{"target": -3.9027982084374684, "params": {"eta": 1.0, "max_depth": 1.0, "n_estimators": 5.693841166840653}, "datetime": {"datetime": "2021-09-17 10:46:00", "elapsed": 158.108734, "delta": 0.831684}}
{"target": -3.3335192667810545, "params": {"eta": 0.17654811348082394, "max_depth": 2.464060766464187, "n_estimators": 16.456810814161052}, "datetime": {"datetime": "2021-09-17 10:46:01", "elapsed": 159.349785, "delta": 1.241051}}
{"target": -3.2144903534337095, "params": {"eta": 1.0, "max_depth": 12.41097528423217, "n_estimators": 13.610702287265498}, "datetime": {"datetime": "2021-09-17 10:46:03", "elapsed": 160.572183, "delta": 1.222398}}
{"target": -3.4431831720628234, "params": {"eta": 1.0, "max_depth": 10.555032724059467, "n_estimators": 12.928121114653848}, "datetime": {"datetime": "2021-09-17 10:46:04", "elapsed": 161.695168, "delta": 1.122985}}
{"target": -3.4386665356786628, "params": {"eta": 1.0, "max_depth": 7.401966450773043, "n_estimators": 10.745406230823741}, "datetime": {"datetime": "2021-09-17 10:46:05", "elapsed": 162.617871, "delta": 0.922703}}
{"target": -3.2150774340880544, "params": {"eta": 1.0, "max_depth": 3.07907183599205, "n_estimators": 7.610675133264013}, "datetime": {"datetime": "2021-09-17 10:46:06", "elapsed": 163.638865, "delta": 1.020994}}
{"target": -3.4648805128900633, "params": {"eta": 0.9997665243107907, "max_depth": 8.75785453351671, "n_estimators": 12.208872281445021}, "datetime": {"datetime": "2021-09-17 10:46:07", "elapsed": 164.524856, "delta": 0.885991}}
{"target": -3.6753740956908776, "params": {"eta": 1.0, "max_depth": 2.5350180914774247, "n_estimators": 6.496649351496836}, "datetime": {"datetime": "2021-09-17 10:46:08", "elapsed": 165.749707, "delta": 1.224851}}
{"target": -3.454980981349945, "params": {"eta": 0.12424693631064679, "max_depth": 6.423608882089657, "n_estimators": 17.192955562766162}, "datetime": {"datetime": "2021-09-17 10:46:09", "elapsed": 166.721621, "delta": 0.971914}}
{"target": -3.440398362435792, "params": {"eta": 1.0, "max_depth": 6.155532648717887, "n_estimators": 4.763820737471679}, "datetime": {"datetime": "2021-09-17 10:46:10", "elapsed": 167.823345, "delta": 1.101724}}
{"target": -4.301245639198704, "params": {"eta": 0.9841008617341278, "max_depth": 1.4994765544537634, "n_estimators": 4.895376682497405}, "datetime": {"datetime": "2021-09-17 10:46:11", "elapsed": 168.760508, "delta": 0.937163}}
{"target": -3.4580655455589295, "params": {"eta": 1.0, "max_depth": 6.708203386945797, "n_estimators": 16.103092824672952}, "datetime": {"datetime": "2021-09-17 10:46:12", "elapsed": 169.913472, "delta": 1.152964}}
{"target": -3.4536632845276283, "params": {"eta": 0.9984269472632713, "max_depth": 5.6649971410213995, "n_estimators": 3.381719388382935}, "datetime": {"datetime": "2021-09-17 10:46:13", "elapsed": 170.839469, "delta": 0.925997}}
{"target": -3.456716168554206, "params": {"eta": 1.0, "max_depth": 7.827836605156917, "n_estimators": 8.315121311692405}, "datetime": {"datetime": "2021-09-17 10:46:14", "elapsed": 172.119252, "delta": 1.279783}}
{"target": -3.2867973710361276, "params": {"eta": 1.0, "max_depth": 13.493291485514142, "n_estimators": 3.0271746048140344}, "datetime": {"datetime": "2021-09-17 10:46:15", "elapsed": 173.386501, "delta": 1.267249}}
{"target": -3.298125683006487, "params": {"eta": 1.0, "max_depth": 4.106015968781284, "n_estimators": 9.223810601089427}, "datetime": {"datetime": "2021-09-17 10:46:17", "elapsed": 174.571956, "delta": 1.185455}}
{"target": -3.4293519421627647, "params": {"eta": 1.0, "max_depth": 9.215961983427471, "n_estimators": 17.089007514316066}, "datetime": {"datetime": "2021-09-17 10:46:18", "elapsed": 175.666305, "delta": 1.094349}}
{"target": -3.349101933680083, "params": {"eta": 1.0, "max_depth": 13.60744403131439, "n_estimators": 8.017039793491053}, "datetime": {"datetime": "2021-09-17 10:46:19", "elapsed": 177.07262, "delta": 1.406315}}
