{"target": -3.457381373957584, "params": {"eta": 0.927468538461027, "max_depth": 1.138716220814297, "n_estimators": 13.544796851947705}, "datetime": {"datetime": "2021-09-17 10:43:47", "elapsed": 24.927508, "delta": 0.219}}
{"target": -3.552403336449673, "params": {"eta": 0.933397801315308, "max_depth": 13.153569032566548, "n_estimators": 4.9733810207988505}, "datetime": {"datetime": "2021-09-17 10:43:47", "elapsed": 25.463236, "delta": 0.535728}}
{"target": -2.917459368078332, "params": {"eta": 1.0, "max_depth": 2.787623352549736, "n_estimators": 14.299799372541479}, "datetime": {"datetime": "2021-09-17 10:43:48", "elapsed": 25.968237, "delta": 0.505001}}
{"target": -3.3301636808796933, "params": {"eta": 0.8352837024213621, "max_depth": 11.977738820822093, "n_estimators": 9.095450343787691}, "datetime": {"datetime": "2021-09-17 10:43:49", "elapsed": 26.490236, "delta": 0.521999}}
{"target": -3.3879261173700033, "params": {"eta": 0.9498448649511055, "max_depth": 14.69941526801614, "n_estimators": 5.352372677412554}, "datetime": {"datetime": "2021-09-17 10:43:49", "elapsed": 27.105823, "delta": 0.615587}}
{"target": -3.373785732921801, "params": {"eta": 0.7563248716374354, "max_depth": 6.229866966286753, "n_estimators": 9.177752995359613}, "datetime": {"datetime": "2021-09-17 10:43:50", "elapsed": 27.572423, "delta": 0.4666}}
{"target": -8.645844849159843, "params": {"eta": 0.1, "max_depth": 7.934531881679552, "n_estimators": 10.219700700432588}, "datetime": {"datetime": "2021-09-17 10:43:50", "elapsed": 28.013422, "delta": 0.440999}}
{"target": -4.788490584022121, "params": {"eta": 0.11957053952530156, "max_depth": 11.392594747847994, "n_estimators": 14.574668963811387}, "datetime": {"datetime": "2021-09-17 10:43:51", "elapsed": 28.605427, "delta": 0.592005}}
{"target": -3.22306621890319, "params": {"eta": 1.0, "max_depth": 3.9280100553074395, "n_estimators": 12.890221405613278}, "datetime": {"datetime": "2021-09-17 10:43:51", "elapsed": 29.225135, "delta": 0.619708}}
{"target": -6.770308108706224, "params": {"eta": 0.10491481392127867, "max_depth": 7.947098593013124, "n_estimators": 12.704346518271707}, "datetime": {"datetime": "2021-09-17 10:43:52", "elapsed": 29.732134, "delta": 0.506999}}
{"target": -2.9679281297482945, "params": {"eta": 1.0, "max_depth": 2.5464546965529533, "n_estimators": 16.5319055509734}, "datetime": {"datetime": "2021-09-17 10:43:52", "elapsed": 30.255133, "delta": 0.522999}}
{"target": -3.126487030481037, "params": {"eta": 1.0, "max_depth": 3.925882809343431, "n_estimators": 16.897424483034467}, "datetime": {"datetime": "2021-09-17 10:43:53", "elapsed": 30.794136, "delta": 0.539003}}
{"target": -3.23602030779186, "params": {"eta": 0.13457552164388728, "max_depth": 7.329183324831085, "n_estimators": 17.00628647772367}, "datetime": {"datetime": "2021-09-17 10:43:53", "elapsed": 31.283519, "delta": 0.489383}}
{"target": -3.2628963498692767, "params": {"eta": 0.907757657444344, "max_depth": 7.272920842213015, "n_estimators": 7.839831465805691}, "datetime": {"datetime": "2021-09-17 10:43:54", "elapsed": 31.740539, "delta": 0.45702}}
{"target": -3.3326069944783265, "params": {"eta": 0.9713516338909242, "max_depth": 14.897769455096785, "n_estimators": 2.9323867885736865}, "datetime": {"datetime": "2021-09-17 10:43:54", "elapsed": 32.247541, "delta": 0.507002}}
{"target": -4.891782199709039, "params": {"eta": 0.10300352385231652, "max_depth": 2.1199593670686907, "n_estimators": 17.853328664620744}, "datetime": {"datetime": "2021-09-17 10:43:55", "elapsed": 32.890542, "delta": 0.643001}}
{"target": -4.528440127874675, "params": {"eta": 0.15301898857930113, "max_depth": 1.9667481502604218, "n_estimators": 14.293870137052163}, "datetime": {"datetime": "2021-09-17 10:43:56", "elapsed": 33.632087, "delta": 0.741545}}
{"target": -8.643854819473466, "params": {"eta": 0.1, "max_depth": 12.474131755632532, "n_estimators": 10.467697302329292}, "datetime": {"datetime": "2021-09-17 10:43:56", "elapsed": 34.283087, "delta": 0.651}}
{"target": -3.373699039534518, "params": {"eta": 0.9375778561453705, "max_depth": 13.943214047214255, "n_estimators": 12.292634935991323}, "datetime": {"datetime": "2021-09-17 10:43:57", "elapsed": 34.986089, "delta": 0.703002}}
{"target": -6.5388123292672, "params": {"eta": 0.1, "max_depth": 3.8595638533048793, "n_estimators": 13.507849847915699}, "datetime": {"datetime": "2021-09-17 10:43:58", "elapsed": 35.812334, "delta": 0.826245}}
{"target": -3.245445434043282, "params": {"eta": 0.9510523249945743, "max_depth": 13.910217364714093, "n_estimators": 10.875453673099837}, "datetime": {"datetime": "2021-09-17 10:43:59", "elapsed": 36.554908, "delta": 0.742574}}
{"target": -3.171682272459331, "params": {"eta": 0.9927193331661383, "max_depth": 3.4682134187952514, "n_estimators": 15.293673385854278}, "datetime": {"datetime": "2021-09-17 10:43:59", "elapsed": 37.318646, "delta": 0.763738}}
{"target": -3.4848971787251926, "params": {"eta": 0.9796947886312948, "max_depth": 12.987401613051043, "n_estimators": 8.766854694076812}, "datetime": {"datetime": "2021-09-17 10:44:00", "elapsed": 37.897648, "delta": 0.579002}}
{"target": -3.2144969350413275, "params": {"eta": 1.0, "max_depth": 12.85436554384897, "n_estimators": 14.390334975391873}, "datetime": {"datetime": "2021-09-17 10:44:00", "elapsed": 38.426993, "delta": 0.529345}}
{"target": -3.0785113908742603, "params": {"eta": 1.0, "max_depth": 2.632343992820369, "n_estimators": 12.038117963899866}, "datetime": {"datetime": "2021-09-17 10:44:01", "elapsed": 38.984992, "delta": 0.557999}}
{"target": -4.648842275770086, "params": {"eta": 0.17158866019866958, "max_depth": 1.367126464527469, "n_estimators": 12.15351148406238}, "datetime": {"datetime": "2021-09-17 10:44:02", "elapsed": 39.568308, "delta": 0.583316}}
{"target": -14.024483696724241, "params": {"eta": 0.12130161505618585, "max_depth": 14.928485262249922, "n_estimators": 4.064535934413589}, "datetime": {"datetime": "2021-09-17 10:44:02", "elapsed": 40.039306, "delta": 0.470998}}
{"target": -3.312836066045259, "params": {"eta": 0.9256280675558661, "max_depth": 12.935819719100726, "n_estimators": 3.515419628918178}, "datetime": {"datetime": "2021-09-17 10:44:03", "elapsed": 40.599307, "delta": 0.560001}}
{"target": -3.187207752152493, "params": {"eta": 1.0, "max_depth": 3.716247108047252, "n_estimators": 11.48937999109894}, "datetime": {"datetime": "2021-09-17 10:44:03", "elapsed": 41.218304, "delta": 0.618997}}
{"target": -3.4593354921591906, "params": {"eta": 1.0, "max_depth": 6.668410472834098, "n_estimators": 17.050277834547327}, "datetime": {"datetime": "2021-09-17 10:44:04", "elapsed": 41.815133, "delta": 0.596829}}
{"target": -3.0703097255606395, "params": {"eta": 1.0, "max_depth": 2.637555775716431, "n_estimators": 10.590176310065793}, "datetime": {"datetime": "2021-09-17 10:44:04", "elapsed": 42.401136, "delta": 0.586003}}
{"target": -3.2428191937898334, "params": {"eta": 0.8907273585448946, "max_depth": 3.7262702909486447, "n_estimators": 9.90237174173088}, "datetime": {"datetime": "2021-09-17 10:44:05", "elapsed": 42.931138, "delta": 0.530002}}
{"target": -4.627708209188361, "params": {"eta": 0.1959554182420641, "max_depth": 2.6395969850583656, "n_estimators": 9.322178638436101}, "datetime": {"datetime": "2021-09-17 10:44:06", "elapsed": 43.546383, "delta": 0.615245}}
{"target": -6.47855876872414, "params": {"eta": 0.11833278799762315, "max_depth": 3.150768899989818, "n_estimators": 11.248713956386428}, "datetime": {"datetime": "2021-09-17 10:44:06", "elapsed": 44.030383, "delta": 0.484}}
{"target": -3.1776089411032826, "params": {"eta": 1.0, "max_depth": 11.715422993712385, "n_estimators": 7.993538993917285}, "datetime": {"datetime": "2021-09-17 10:44:07", "elapsed": 44.569385, "delta": 0.539002}}
{"target": -2.9997171747057063, "params": {"eta": 0.9514875172473028, "max_depth": 4.693673082559716, "n_estimators": 8.645461679287578}, "datetime": {"datetime": "2021-09-17 10:44:07", "elapsed": 45.123384, "delta": 0.553999}}
{"target": -3.2155960785715205, "params": {"eta": 1.0, "max_depth": 4.2583443931141, "n_estimators": 7.391519504868906}, "datetime": {"datetime": "2021-09-17 10:44:08", "elapsed": 45.665513, "delta": 0.542129}}
{"target": -3.2406641000195555, "params": {"eta": 1.0, "max_depth": 3.4829284604882442, "n_estimators": 8.380050346067414}, "datetime": {"datetime": "2021-09-17 10:44:08", "elapsed": 46.236513, "delta": 0.571}}
{"target": -3.400723466120268, "params": {"eta": 0.7128347503779102, "max_depth": 2.914539057411272, "n_estimators": 7.042400353737912}, "datetime": {"datetime": "2021-09-17 10:44:09", "elapsed": 46.79611, "delta": 0.559597}}
{"target": -7.702225255338769, "params": {"eta": 0.1791325393640824, "max_depth": 4.3123581782046045, "n_estimators": 6.085147646602291}, "datetime": {"datetime": "2021-09-17 10:44:09", "elapsed": 47.421349, "delta": 0.625239}}
{"target": -10.370048363585221, "params": {"eta": 0.1, "max_depth": 4.171668804433048, "n_estimators": 8.208758702688089}, "datetime": {"datetime": "2021-09-17 10:44:10", "elapsed": 47.974357, "delta": 0.553008}}
{"target": -3.214543034528431, "params": {"eta": 1.0, "max_depth": 12.772905617494606, "n_estimators": 12.226361045181239}, "datetime": {"datetime": "2021-09-17 10:44:11", "elapsed": 48.691354, "delta": 0.716997}}
{"target": -3.1436622130243403, "params": {"eta": 1.0, "max_depth": 5.0323293641911375, "n_estimators": 9.60681463713924}, "datetime": {"datetime": "2021-09-17 10:44:11", "elapsed": 49.371577, "delta": 0.680223}}
{"target": -2.783791750983188, "params": {"eta": 0.5769092667423751, "max_depth": 4.542497024162037, "n_estimators": 15.350449755478738}, "datetime": {"datetime": "2021-09-17 10:44:12", "elapsed": 49.954574, "delta": 0.582997}}
{"target": -3.614901909075285, "params": {"eta": 0.9779871006364248, "max_depth": 5.726211648005816, "n_estimators": 17.991529340278362}, "datetime": {"datetime": "2021-09-17 10:44:13", "elapsed": 50.652573, "delta": 0.697999}}
{"target": -3.419351296048415, "params": {"eta": 1.0, "max_depth": 2.220712280154076, "n_estimators": 8.019191254965564}, "datetime": {"datetime": "2021-09-17 10:44:13", "elapsed": 51.166578, "delta": 0.514005}}
{"target": -3.4474789688461707, "params": {"eta": 1.0, "max_depth": 6.973211865484753, "n_estimators": 11.668434492791278}, "datetime": {"datetime": "2021-09-17 10:44:14", "elapsed": 51.705864, "delta": 0.539286}}
{"target": -4.00317396364714, "params": {"eta": 1.0, "max_depth": 1.5838521185391323, "n_estimators": 6.675962337994621}, "datetime": {"datetime": "2021-09-17 10:44:14", "elapsed": 52.24886, "delta": 0.542996}}
{"target": -3.545182757001174, "params": {"eta": 1.0, "max_depth": 8.342371805504118, "n_estimators": 16.68176551597912}, "datetime": {"datetime": "2021-09-17 10:44:15", "elapsed": 52.830862, "delta": 0.582002}}
{"target": -4.73528846502304, "params": {"eta": 0.1, "max_depth": 8.846109502149515, "n_estimators": 17.65323117951897}, "datetime": {"datetime": "2021-09-17 10:44:15", "elapsed": 53.473709, "delta": 0.642847}}
{"target": -3.9563733828695193, "params": {"eta": 0.988755346638742, "max_depth": 1.5027579958853903, "n_estimators": 10.07416155541835}, "datetime": {"datetime": "2021-09-17 10:44:16", "elapsed": 54.008249, "delta": 0.53454}}
{"target": -4.4623235853094805, "params": {"eta": 0.1, "max_depth": 3.7530564346836472, "n_estimators": 18.0}, "datetime": {"datetime": "2021-09-17 10:44:16", "elapsed": 54.476249, "delta": 0.468}}
{"target": -3.4189046759354436, "params": {"eta": 1.0, "max_depth": 6.606504762015418, "n_estimators": 6.693746429759056}, "datetime": {"datetime": "2021-09-17 10:44:17", "elapsed": 55.020251, "delta": 0.544002}}
{"target": -11.197734525956605, "params": {"eta": 0.1183886466961579, "max_depth": 7.318677207464862, "n_estimators": 6.974670548609889}, "datetime": {"datetime": "2021-09-17 10:44:18", "elapsed": 55.552283, "delta": 0.532032}}
{"target": -6.0094417358699594, "params": {"eta": 0.1, "max_depth": 12.662962798031328, "n_estimators": 14.966452356838655}, "datetime": {"datetime": "2021-09-17 10:44:18", "elapsed": 56.150281, "delta": 0.597998}}
{"target": -3.111544375043166, "params": {"eta": 0.9943698919664224, "max_depth": 5.587107457765971, "n_estimators": 8.58623131661069}, "datetime": {"datetime": "2021-09-17 10:44:19", "elapsed": 56.777926, "delta": 0.627645}}
{"target": -3.438606125430057, "params": {"eta": 1.0, "max_depth": 6.321044340825278, "n_estimators": 13.24289799249184}, "datetime": {"datetime": "2021-09-17 10:44:19", "elapsed": 57.354087, "delta": 0.576161}}
{"target": -3.2580294358102897, "params": {"eta": 0.9509463376047825, "max_depth": 5.653575184383506, "n_estimators": 6.975320112514344}, "datetime": {"datetime": "2021-09-17 10:44:20", "elapsed": 57.979087, "delta": 0.625}}
{"target": -3.3846954301783914, "params": {"eta": 0.9957526362531209, "max_depth": 6.547098819944857, "n_estimators": 8.332882321268091}, "datetime": {"datetime": "2021-09-17 10:44:21", "elapsed": 58.585092, "delta": 0.606005}}
{"target": -3.347931147876539, "params": {"eta": 1.0, "max_depth": 13.953752504047618, "n_estimators": 16.61985633579475}, "datetime": {"datetime": "2021-09-17 10:44:21", "elapsed": 59.343094, "delta": 0.758002}}
{"target": -3.517995338063491, "params": {"eta": 0.7723288228070555, "max_depth": 14.52681761556419, "n_estimators": 17.8888231223177}, "datetime": {"datetime": "2021-09-17 10:44:22", "elapsed": 60.016088, "delta": 0.672994}}
{"target": -2.615500743138163, "params": {"eta": 0.25594588902940907, "max_depth": 14.96220948377772, "n_estimators": 16.837385195324828}, "datetime": {"datetime": "2021-09-17 10:44:23", "elapsed": 60.639088, "delta": 0.623}}
{"target": -3.359331335519489, "params": {"eta": 0.9181389755337024, "max_depth": 14.984366659268256, "n_estimators": 16.105911175783618}, "datetime": {"datetime": "2021-09-17 10:44:23", "elapsed": 61.300091, "delta": 0.661003}}
{"target": -2.9949466322597704, "params": {"eta": 0.15093102970714098, "max_depth": 13.538878219991764, "n_estimators": 17.38334279197337}, "datetime": {"datetime": "2021-09-17 10:44:24", "elapsed": 61.86432, "delta": 0.564229}}
{"target": -3.4353555158564917, "params": {"eta": 1.0, "max_depth": 10.606259238451717, "n_estimators": 8.888470029137935}, "datetime": {"datetime": "2021-09-17 10:44:25", "elapsed": 62.504313, "delta": 0.639993}}
{"target": -3.468453759896128, "params": {"eta": 0.9752077090322987, "max_depth": 13.17051316621211, "n_estimators": 17.8381156535695}, "datetime": {"datetime": "2021-09-17 10:44:25", "elapsed": 63.178318, "delta": 0.674005}}
{"target": -5.122348023715772, "params": {"eta": 0.1, "max_depth": 14.14947083489301, "n_estimators": 16.167387264067763}, "datetime": {"datetime": "2021-09-17 10:44:26", "elapsed": 63.883696, "delta": 0.705378}}
{"target": -8.70910247501574, "params": {"eta": 0.13033920018384423, "max_depth": 1.0190611176155453, "n_estimators": 8.410575242485006}, "datetime": {"datetime": "2021-09-17 10:44:27", "elapsed": 64.512225, "delta": 0.628529}}
{"target": -3.556831694276709, "params": {"eta": 1.0, "max_depth": 8.773671103450415, "n_estimators": 8.390843399994404}, "datetime": {"datetime": "2021-09-17 10:44:27", "elapsed": 65.121225, "delta": 0.609}}
{"target": -6.10771662090954, "params": {"eta": 0.8098994219860868, "max_depth": 6.870905674714283, "n_estimators": 1.2153201384527779}, "datetime": {"datetime": "2021-09-17 10:44:28", "elapsed": 65.658514, "delta": 0.537289}}
{"target": -3.7544206870229626, "params": {"eta": 0.796070557582018, "max_depth": 1.024920888320146, "n_estimators": 4.979278120628679}, "datetime": {"datetime": "2021-09-17 10:44:28", "elapsed": 66.220516, "delta": 0.562002}}
{"target": -3.097996598638986, "params": {"eta": 0.9805668590246884, "max_depth": 6.193313465890882, "n_estimators": 5.494017113163205}, "datetime": {"datetime": "2021-09-17 10:44:29", "elapsed": 66.820175, "delta": 0.599659}}
{"target": -3.440398362435792, "params": {"eta": 1.0, "max_depth": 6.654845982642976, "n_estimators": 4.242599596947938}, "datetime": {"datetime": "2021-09-17 10:44:30", "elapsed": 67.543334, "delta": 0.723159}}
{"target": -3.1779399608310896, "params": {"eta": 1.0, "max_depth": 15.0, "n_estimators": 13.062796005421617}, "datetime": {"datetime": "2021-09-17 10:44:30", "elapsed": 68.297335, "delta": 0.754001}}
{"target": -3.4840395350205275, "params": {"eta": 1.0, "max_depth": 8.103452899898622, "n_estimators": 3.8420753901393647}, "datetime": {"datetime": "2021-09-17 10:44:31", "elapsed": 68.953332, "delta": 0.655997}}
{"target": -3.4565416461543035, "params": {"eta": 1.0, "max_depth": 9.658853705663844, "n_estimators": 3.621723601144152}, "datetime": {"datetime": "2021-09-17 10:44:32", "elapsed": 69.523484, "delta": 0.570152}}
{"target": -16.99607552070367, "params": {"eta": 0.1, "max_depth": 7.201958595876939, "n_estimators": 3.3820282736271428}, "datetime": {"datetime": "2021-09-17 10:44:32", "elapsed": 70.174487, "delta": 0.651003}}
{"target": -3.128700184194665, "params": {"eta": 0.9761165189420266, "max_depth": 8.562324594560096, "n_estimators": 4.784733581131674}, "datetime": {"datetime": "2021-09-17 10:44:33", "elapsed": 70.776486, "delta": 0.601999}}
{"target": -3.4869963325952225, "params": {"eta": 0.9487392219188737, "max_depth": 7.223350126782858, "n_estimators": 5.295387325355913}, "datetime": {"datetime": "2021-09-17 10:44:34", "elapsed": 71.498687, "delta": 0.722201}}
{"target": -3.2157038958449107, "params": {"eta": 1.0, "max_depth": 5.465350050930487, "n_estimators": 4.451889759299055}, "datetime": {"datetime": "2021-09-17 10:44:34", "elapsed": 72.056369, "delta": 0.557682}}
{"target": -3.444224973101365, "params": {"eta": 1.0, "max_depth": 7.458662117532437, "n_estimators": 15.637275177972707}, "datetime": {"datetime": "2021-09-17 10:44:35", "elapsed": 72.742364, "delta": 0.685995}}
{"target": -3.4430301707041893, "params": {"eta": 1.0, "max_depth": 10.150514549355648, "n_estimators": 16.712349466556766}, "datetime": {"datetime": "2021-09-17 10:44:36", "elapsed": 73.511632, "delta": 0.769268}}
{"target": -3.207122376090602, "params": {"eta": 1.0, "max_depth": 5.151383752899717, "n_estimators": 14.490271675020805}, "datetime": {"datetime": "2021-09-17 10:44:36", "elapsed": 74.168629, "delta": 0.656997}}
{"target": -3.295269984006882, "params": {"eta": 0.9735830389349254, "max_depth": 10.733824815055293, "n_estimators": 17.88691874223667}, "datetime": {"datetime": "2021-09-17 10:44:37", "elapsed": 74.930687, "delta": 0.762058}}
{"target": -20.882961595058443, "params": {"eta": 0.1, "max_depth": 1.0, "n_estimators": 1.0}, "datetime": {"datetime": "2021-09-17 10:44:38", "elapsed": 75.532996, "delta": 0.602309}}
{"target": -3.7364662361772436, "params": {"eta": 1.0, "max_depth": 2.5634081562863478, "n_estimators": 5.304006287789558}, "datetime": {"datetime": "2021-09-17 10:44:38", "elapsed": 76.158002, "delta": 0.625006}}
{"target": -3.1937605694720617, "params": {"eta": 1.0, "max_depth": 1.0, "n_estimators": 18.0}, "datetime": {"datetime": "2021-09-17 10:44:39", "elapsed": 76.712647, "delta": 0.554645}}
{"target": -4.822286611795426, "params": {"eta": 0.9105787071441517, "max_depth": 4.811008417623124, "n_estimators": 1.1116242157204246}, "datetime": {"datetime": "2021-09-17 10:44:39", "elapsed": 77.315646, "delta": 0.602999}}
{"target": -3.492586992288891, "params": {"eta": 0.9781053130091077, "max_depth": 9.640377792505188, "n_estimators": 12.850584851864143}, "datetime": {"datetime": "2021-09-17 10:44:40", "elapsed": 77.942645, "delta": 0.626999}}
{"target": -3.6540829821636804, "params": {"eta": 1.0, "max_depth": 1.0, "n_estimators": 11.278779289195123}, "datetime": {"datetime": "2021-09-17 10:44:40", "elapsed": 78.468646, "delta": 0.526001}}
{"target": -9.587649169721102, "params": {"eta": 0.18213784034672284, "max_depth": 1.5732377251807317, "n_estimators": 5.860554641602072}, "datetime": {"datetime": "2021-09-17 10:44:41", "elapsed": 79.051645, "delta": 0.582999}}
{"target": -4.447077281851517, "params": {"eta": 1.0, "max_depth": 1.0, "n_estimators": 3.864336858298435}, "datetime": {"datetime": "2021-09-17 10:44:42", "elapsed": 79.731339, "delta": 0.679694}}
{"target": -3.9091446926719264, "params": {"eta": 1.0, "max_depth": 3.8463168541323483, "n_estimators": 4.437279117943697}, "datetime": {"datetime": "2021-09-17 10:44:42", "elapsed": 80.470336, "delta": 0.738997}}
{"target": -16.291777985974363, "params": {"eta": 0.1132401142030798, "max_depth": 10.59852592059919, "n_estimators": 3.3366005236956062}, "datetime": {"datetime": "2021-09-17 10:44:43", "elapsed": 81.069337, "delta": 0.599001}}
{"target": -3.3413011864611977, "params": {"eta": 0.9157669234670972, "max_depth": 12.051982180047142, "n_estimators": 4.6708419384361015}, "datetime": {"datetime": "2021-09-17 10:44:44", "elapsed": 81.803131, "delta": 0.733794}}
{"target": -3.1737623547252856, "params": {"eta": 1.0, "max_depth": 11.363222239691343, "n_estimators": 12.184768032663792}, "datetime": {"datetime": "2021-09-17 10:44:45", "elapsed": 82.587134, "delta": 0.784003}}
{"target": -4.3093079720672804, "params": {"eta": 0.9920664040253492, "max_depth": 14.993610559140023, "n_estimators": 1.7450767062293848}, "datetime": {"datetime": "2021-09-17 10:44:45", "elapsed": 83.230131, "delta": 0.642997}}
{"target": -3.4398303226420754, "params": {"eta": 1.0, "max_depth": 7.553598961988933, "n_estimators": 14.275754280961648}, "datetime": {"datetime": "2021-09-17 10:44:46", "elapsed": 83.961599, "delta": 0.731468}}
{"target": -3.4293639979864423, "params": {"eta": 1.0, "max_depth": 9.549105677839261, "n_estimators": 18.0}, "datetime": {"datetime": "2021-09-17 10:44:47", "elapsed": 84.654164, "delta": 0.692565}}
{"target": -4.395048063679745, "params": {"eta": 0.1, "max_depth": 10.386638111890898, "n_estimators": 18.0}, "datetime": {"datetime": "2021-09-17 10:44:47", "elapsed": 85.335157, "delta": 0.680993}}
