{"target": -10.320152988804407, "params": {"eta": 0.092876536312279, "max_depth": 6.357181943796142, "n_estimators": 195.4422948726879}, "datetime": {"datetime": "2021-09-27 20:32:18", "elapsed": 283.557132, "delta": 1.937616}}
{"target": -11.1167577338425, "params": {"eta": 0.26282191169995345, "max_depth": 22.03710841629313, "n_estimators": 180.0302900639101}, "datetime": {"datetime": "2021-09-27 20:32:20", "elapsed": 285.276989, "delta": 1.719857}}
{"target": -10.079992410224555, "params": {"eta": 0.061283616789906195, "max_depth": 6.61971855586042, "n_estimators": 180.94881249437552}, "datetime": {"datetime": "2021-09-27 20:32:22", "elapsed": 287.611987, "delta": 2.334998}}
{"target": -11.105833065955819, "params": {"eta": 0.11605567709402052, "max_depth": 3.4701544149278414, "n_estimators": 165.98947318340035}, "datetime": {"datetime": "2021-09-27 20:32:24", "elapsed": 288.97551, "delta": 1.363523}}
{"target": -11.059103341938577, "params": {"eta": 0.24710138143891153, "max_depth": 28.324131588871165, "n_estimators": 168.1742045166721}, "datetime": {"datetime": "2021-09-27 20:32:25", "elapsed": 290.654512, "delta": 1.679002}}
{"target": -10.421778774633477, "params": {"eta": 0.05361534249691101, "max_depth": 6.575039207023777, "n_estimators": 176.16821497625787}, "datetime": {"datetime": "2021-09-27 20:32:27", "elapsed": 292.601213, "delta": 1.946701}}
{"target": -10.860795117753941, "params": {"eta": 0.28944807522109445, "max_depth": 6.349484992370326, "n_estimators": 176.46322895935876}, "datetime": {"datetime": "2021-09-27 20:32:29", "elapsed": 294.090641, "delta": 1.489428}}
{"target": -10.421712132913207, "params": {"eta": 0.11697770642181167, "max_depth": 7.31239457399724, "n_estimators": 150.1138257144666}, "datetime": {"datetime": "2021-09-27 20:32:31", "elapsed": 296.278818, "delta": 2.188177}}
{"target": -10.376441967450688, "params": {"eta": 0.19448673773275504, "max_depth": 6.199804811402444, "n_estimators": 195.49580932844975}, "datetime": {"datetime": "2021-09-27 20:32:33", "elapsed": 298.460761, "delta": 2.181943}}
{"target": -10.481519888012462, "params": {"eta": 0.07517841420519307, "max_depth": 21.219222922385452, "n_estimators": 155.8981559032449}, "datetime": {"datetime": "2021-09-27 20:32:37", "elapsed": 301.724562, "delta": 3.263801}}
{"target": -10.67139387371561, "params": {"eta": 0.11070523512631987, "max_depth": 23.06748813017284, "n_estimators": 173.6855301635551}, "datetime": {"datetime": "2021-09-27 20:32:39", "elapsed": 304.524715, "delta": 2.800153}}
{"target": -10.543644140870352, "params": {"eta": 0.17669666075206175, "max_depth": 6.707306289733267, "n_estimators": 180.97928914844064}, "datetime": {"datetime": "2021-09-27 20:32:42", "elapsed": 307.075509, "delta": 2.550794}}
{"target": -10.448794287686903, "params": {"eta": 0.05458882293804042, "max_depth": 6.3817201346450165, "n_estimators": 180.85257683214144}, "datetime": {"datetime": "2021-09-27 20:32:44", "elapsed": 309.540471, "delta": 2.464962}}
{"target": -10.164449133127233, "params": {"eta": 0.07093768537735375, "max_depth": 6.178908738835753, "n_estimators": 195.37572692808055}, "datetime": {"datetime": "2021-09-27 20:32:47", "elapsed": 311.992188, "delta": 2.451717}}
{"target": -10.611934009030097, "params": {"eta": 0.12366007420301452, "max_depth": 8.541585660792094, "n_estimators": 155.71949723237032}, "datetime": {"datetime": "2021-09-27 20:32:49", "elapsed": 314.418521, "delta": 2.426333}}
{"target": -10.899469647634453, "params": {"eta": 0.17854022044972528, "max_depth": 15.935419937822733, "n_estimators": 192.97058284666375}, "datetime": {"datetime": "2021-09-27 20:32:52", "elapsed": 316.961499, "delta": 2.542978}}
{"target": -10.688349819104651, "params": {"eta": 0.0732693857244132, "max_depth": 10.465533654441256, "n_estimators": 154.23147275955964}, "datetime": {"datetime": "2021-09-27 20:32:54", "elapsed": 319.46123, "delta": 2.499731}}
{"target": -10.639152942072483, "params": {"eta": 0.22823513085416813, "max_depth": 11.137680177900595, "n_estimators": 161.45699587903871}, "datetime": {"datetime": "2021-09-27 20:32:57", "elapsed": 321.732201, "delta": 2.270971}}
{"target": -11.318445520944598, "params": {"eta": 0.24101370834838798, "max_depth": 5.936415453936172, "n_estimators": 182.59198282645673}, "datetime": {"datetime": "2021-09-27 20:32:59", "elapsed": 323.751372, "delta": 2.019171}}
{"target": -10.846795950558722, "params": {"eta": 0.12343256793449416, "max_depth": 6.063859866000322, "n_estimators": 195.3244622596628}, "datetime": {"datetime": "2021-09-27 20:33:01", "elapsed": 326.455372, "delta": 2.704}}
{"target": -10.515210911770225, "params": {"eta": 0.1226433217012539, "max_depth": 7.035086760212556, "n_estimators": 150.03578358272918}, "datetime": {"datetime": "2021-09-27 20:33:03", "elapsed": 328.57111, "delta": 2.115738}}
{"target": -11.111815195722748, "params": {"eta": 0.10228727152988458, "max_depth": 15.95454007344726, "n_estimators": 177.3338003349089}, "datetime": {"datetime": "2021-09-27 20:33:07", "elapsed": 332.143542, "delta": 3.572432}}
{"target": -10.201836217870703, "params": {"eta": 0.20332739617151535, "max_depth": 21.174357597633573, "n_estimators": 155.84365610059606}, "datetime": {"datetime": "2021-09-27 20:33:10", "elapsed": 334.972314, "delta": 2.828772}}
{"target": -11.09574531679464, "params": {"eta": 0.2676454652789267, "max_depth": 6.265284244896959, "n_estimators": 195.55328002125776}, "datetime": {"datetime": "2021-09-27 20:33:13", "elapsed": 337.918165, "delta": 2.945851}}
{"target": -10.08685216793374, "params": {"eta": 0.13921316547818097, "max_depth": 8.628274534780282, "n_estimators": 157.014347697774}, "datetime": {"datetime": "2021-09-27 20:33:15", "elapsed": 340.105437, "delta": 2.187272}}
{"target": -11.380353581602535, "params": {"eta": 0.25420366212506246, "max_depth": 30.409794227080617, "n_estimators": 183.92759085760588}, "datetime": {"datetime": "2021-09-27 20:33:17", "elapsed": 342.51644, "delta": 2.411003}}
{"target": -10.419011904441632, "params": {"eta": 0.0838102644657369, "max_depth": 6.6568740425093464, "n_estimators": 176.06935979308477}, "datetime": {"datetime": "2021-09-27 20:33:20", "elapsed": 344.874319, "delta": 2.357879}}
{"target": -10.196489237588349, "params": {"eta": 0.15051817358478203, "max_depth": 7.1986315833756205, "n_estimators": 150.14488791807457}, "datetime": {"datetime": "2021-09-27 20:33:22", "elapsed": 346.903469, "delta": 2.02915}}
{"target": -10.531949051082579, "params": {"eta": 0.20818644721830343, "max_depth": 6.621958560264791, "n_estimators": 176.06292202901182}, "datetime": {"datetime": "2021-09-27 20:33:24", "elapsed": 349.651092, "delta": 2.747623}}
{"target": -10.840240053223052, "params": {"eta": 0.20220144314997773, "max_depth": 6.705314681269189, "n_estimators": 176.12388034149106}, "datetime": {"datetime": "2021-09-27 20:33:27", "elapsed": 352.453755, "delta": 2.802663}}
{"target": -10.669456477511297, "params": {"eta": 0.050078632156050115, "max_depth": 17.84085597855438, "n_estimators": 167.80248549213965}, "datetime": {"datetime": "2021-09-27 20:33:30", "elapsed": 355.313227, "delta": 2.859472}}
{"target": -10.172974253684867, "params": {"eta": 0.05661356867050403, "max_depth": 6.804858337907971, "n_estimators": 176.38001734659986}, "datetime": {"datetime": "2021-09-27 20:33:32", "elapsed": 357.715731, "delta": 2.402504}}
{"target": -11.172374488702683, "params": {"eta": 0.22729143554983827, "max_depth": 16.67881941042068, "n_estimators": 171.90926109211725}, "datetime": {"datetime": "2021-09-27 20:33:34", "elapsed": 359.464564, "delta": 1.748833}}
{"target": -11.278702801030509, "params": {"eta": 0.2681066716200112, "max_depth": 9.301455592063654, "n_estimators": 182.04218830374066}, "datetime": {"datetime": "2021-09-27 20:33:36", "elapsed": 361.36949, "delta": 1.904926}}
{"target": -10.672116941605754, "params": {"eta": 0.1390468361668818, "max_depth": 28.272167302410303, "n_estimators": 159.96502783651914}, "datetime": {"datetime": "2021-09-27 20:33:39", "elapsed": 364.493906, "delta": 3.124416}}
{"target": -14.023673334309272, "params": {"eta": 0.10099399015277759, "max_depth": 1.164497791944414, "n_estimators": 188.1306156197865}, "datetime": {"datetime": "2021-09-27 20:33:41", "elapsed": 365.812251, "delta": 1.318345}}
{"target": -10.797333519068415, "params": {"eta": 0.21209221274248985, "max_depth": 8.60240999098511, "n_estimators": 156.95723405260367}, "datetime": {"datetime": "2021-09-27 20:33:43", "elapsed": 368.349955, "delta": 2.537704}}
{"target": -11.12678418526344, "params": {"eta": 0.2528028578178169, "max_depth": 8.703123683335109, "n_estimators": 155.77951957158075}, "datetime": {"datetime": "2021-09-27 20:33:46", "elapsed": 370.931072, "delta": 2.581117}}
{"target": -10.800713807007542, "params": {"eta": 0.24254771802329805, "max_depth": 4.895941066289758, "n_estimators": 192.7736385698843}, "datetime": {"datetime": "2021-09-27 20:33:48", "elapsed": 373.020914, "delta": 2.089842}}
{"target": -10.227925434333853, "params": {"eta": 0.06580055907328015, "max_depth": 6.356288933730951, "n_estimators": 176.12570918055104}, "datetime": {"datetime": "2021-09-27 20:33:50", "elapsed": 375.570289, "delta": 2.549375}}
{"target": -10.512836500995224, "params": {"eta": 0.09433617017956898, "max_depth": 11.755709736125088, "n_estimators": 186.07415308437746}, "datetime": {"datetime": "2021-09-27 20:33:54", "elapsed": 379.294076, "delta": 3.723787}}
{"target": -10.315891870750564, "params": {"eta": 0.050707391813005306, "max_depth": 6.697327022984214, "n_estimators": 176.32512139819914}, "datetime": {"datetime": "2021-09-27 20:33:57", "elapsed": 382.154216, "delta": 2.86014}}
{"target": -10.474743946433037, "params": {"eta": 0.11527612142638581, "max_depth": 26.652652759448845, "n_estimators": 167.53624540591994}, "datetime": {"datetime": "2021-09-27 20:34:01", "elapsed": 385.826419, "delta": 3.672203}}
{"target": -10.273864402051355, "params": {"eta": 0.07092188398567274, "max_depth": 6.929390779857445, "n_estimators": 154.7114401555035}, "datetime": {"datetime": "2021-09-27 20:34:02", "elapsed": 387.534016, "delta": 1.707597}}
{"target": -10.8011837221441, "params": {"eta": 0.19841549082793575, "max_depth": 13.606259147907306, "n_estimators": 196.88458670052626}, "datetime": {"datetime": "2021-09-27 20:34:05", "elapsed": 390.238537, "delta": 2.704521}}
{"target": -10.141195672102187, "params": {"eta": 0.0984896901371246, "max_depth": 6.302453363598948, "n_estimators": 195.40331566594773}, "datetime": {"datetime": "2021-09-27 20:34:08", "elapsed": 392.964504, "delta": 2.725967}}
{"target": -10.51470078823404, "params": {"eta": 0.14298855375471833, "max_depth": 21.22020808340081, "n_estimators": 155.78595540879303}, "datetime": {"datetime": "2021-09-27 20:34:11", "elapsed": 396.622468, "delta": 3.657964}}
{"target": -10.93020651815607, "params": {"eta": 0.20850785016879658, "max_depth": 8.713499747097135, "n_estimators": 157.02261051329694}, "datetime": {"datetime": "2021-09-27 20:34:14", "elapsed": 399.395221, "delta": 2.772753}}
{"target": -10.229039697641221, "params": {"eta": 0.092225857386581, "max_depth": 13.784274114508165, "n_estimators": 193.08047133030254}, "datetime": {"datetime": "2021-09-27 20:34:17", "elapsed": 402.553285, "delta": 3.158064}}
{"target": -11.032350820592233, "params": {"eta": 0.1879575201368826, "max_depth": 6.2690214706303085, "n_estimators": 195.4416010853678}, "datetime": {"datetime": "2021-09-27 20:34:20", "elapsed": 405.394822, "delta": 2.841537}}
{"target": -10.533289552394931, "params": {"eta": 0.05707703077123159, "max_depth": 6.880246050903843, "n_estimators": 154.6365851749091}, "datetime": {"datetime": "2021-09-27 20:34:22", "elapsed": 407.533122, "delta": 2.1383}}
{"target": -10.783216673627969, "params": {"eta": 0.29676145362587986, "max_depth": 21.100628989868667, "n_estimators": 155.76782842237807}, "datetime": {"datetime": "2021-09-27 20:34:25", "elapsed": 410.050653, "delta": 2.517531}}
{"target": -10.348573287497214, "params": {"eta": 0.19494194472287857, "max_depth": 11.838870783131016, "n_estimators": 186.13749664618206}, "datetime": {"datetime": "2021-09-27 20:34:28", "elapsed": 413.369482, "delta": 3.318829}}
{"target": -10.295187396244254, "params": {"eta": 0.13071825455726438, "max_depth": 7.009251001667735, "n_estimators": 154.61198107164554}, "datetime": {"datetime": "2021-09-27 20:34:31", "elapsed": 416.293529, "delta": 2.924047}}
{"target": -11.174533488255598, "params": {"eta": 0.23750623645762092, "max_depth": 21.72027592108341, "n_estimators": 155.6838866257474}, "datetime": {"datetime": "2021-09-27 20:34:33", "elapsed": 418.676217, "delta": 2.382688}}
{"target": -10.430625654725455, "params": {"eta": 0.12368064463160207, "max_depth": 13.881408335511166, "n_estimators": 193.00630910092107}, "datetime": {"datetime": "2021-09-27 20:34:38", "elapsed": 423.345834, "delta": 4.669617}}
{"target": -10.281137719850992, "params": {"eta": 0.14971425855808312, "max_depth": 6.121934391942943, "n_estimators": 195.56609531893076}, "datetime": {"datetime": "2021-09-27 20:34:41", "elapsed": 426.68782, "delta": 3.341986}}
{"target": -10.099998896741717, "params": {"eta": 0.11923918766168658, "max_depth": 6.564607099948574, "n_estimators": 176.19519923792276}, "datetime": {"datetime": "2021-09-27 20:34:44", "elapsed": 429.633717, "delta": 2.945897}}
{"target": -10.746984678603063, "params": {"eta": 0.19950911326635906, "max_depth": 15.130223048426961, "n_estimators": 179.574795133631}, "datetime": {"datetime": "2021-09-27 20:34:47", "elapsed": 431.773176, "delta": 2.139459}}
{"target": -10.031450566421071, "params": {"eta": 0.073377739874862, "max_depth": 7.096011310853706, "n_estimators": 154.52848945837889}, "datetime": {"datetime": "2021-09-27 20:34:49", "elapsed": 434.514056, "delta": 2.74088}}
{"target": -10.599305465167932, "params": {"eta": 0.15725516426275188, "max_depth": 21.135185545385077, "n_estimators": 155.92381082909517}, "datetime": {"datetime": "2021-09-27 20:34:53", "elapsed": 437.99966, "delta": 3.485604}}
{"target": -10.359394531385819, "params": {"eta": 0.10051058305788348, "max_depth": 6.931422368116689, "n_estimators": 154.51281949858756}, "datetime": {"datetime": "2021-09-27 20:34:55", "elapsed": 440.482294, "delta": 2.482634}}
{"target": -11.220809623489707, "params": {"eta": 0.24720286445935813, "max_depth": 14.494138786843449, "n_estimators": 189.6398350283976}, "datetime": {"datetime": "2021-09-27 20:34:57", "elapsed": 442.4905, "delta": 2.008206}}
{"target": -10.686455068511192, "params": {"eta": 0.05549516048275917, "max_depth": 7.327869210437187, "n_estimators": 150.00341518042313}, "datetime": {"datetime": "2021-09-27 20:35:01", "elapsed": 446.58137, "delta": 4.09087}}
{"target": -10.093222613821641, "params": {"eta": 0.07955375858873283, "max_depth": 31.249508764374255, "n_estimators": 198.22578525963314}, "datetime": {"datetime": "2021-09-27 20:35:06", "elapsed": 451.512346, "delta": 4.930976}}
{"target": -10.742818388265288, "params": {"eta": 0.1235012343428656, "max_depth": 6.832306720930246, "n_estimators": 176.31309089811106}, "datetime": {"datetime": "2021-09-27 20:35:09", "elapsed": 453.781185, "delta": 2.268839}}
{"target": -10.352101063275308, "params": {"eta": 0.14832587073568104, "max_depth": 6.952828741865313, "n_estimators": 154.7769931326578}, "datetime": {"datetime": "2021-09-27 20:35:12", "elapsed": 456.953596, "delta": 3.172411}}
{"target": -10.97229567187216, "params": {"eta": 0.05, "max_depth": 13.855841404425043, "n_estimators": 193.06797870215544}, "datetime": {"datetime": "2021-09-27 20:35:16", "elapsed": 461.34768, "delta": 4.394084}}
{"target": -10.642429819583224, "params": {"eta": 0.1665668105387989, "max_depth": 6.851113252012735, "n_estimators": 154.69478311806225}, "datetime": {"datetime": "2021-09-27 20:35:19", "elapsed": 464.362705, "delta": 3.015025}}
{"target": -10.609073936000996, "params": {"eta": 0.10272916601278441, "max_depth": 8.679073260768433, "n_estimators": 157.00192805605144}, "datetime": {"datetime": "2021-09-27 20:35:22", "elapsed": 467.711911, "delta": 3.349206}}
{"target": -10.191848802390904, "params": {"eta": 0.1746649902744714, "max_depth": 31.217912467482794, "n_estimators": 198.1959620438491}, "datetime": {"datetime": "2021-09-27 20:35:26", "elapsed": 470.803302, "delta": 3.091391}}
{"target": -10.645905502226523, "params": {"eta": 0.15988556654974917, "max_depth": 7.20292772944386, "n_estimators": 181.02200552913916}, "datetime": {"datetime": "2021-09-27 20:35:28", "elapsed": 473.330632, "delta": 2.52733}}
{"target": -10.31335474881193, "params": {"eta": 0.06893507276998305, "max_depth": 7.247783691907589, "n_estimators": 150.19021380207192}, "datetime": {"datetime": "2021-09-27 20:35:31", "elapsed": 476.424736, "delta": 3.094104}}
{"target": -10.650591002257663, "params": {"eta": 0.05189522427811556, "max_depth": 6.732123367335334, "n_estimators": 176.51402388816092}, "datetime": {"datetime": "2021-09-27 20:35:34", "elapsed": 479.460195, "delta": 3.035459}}
{"target": -11.043603311853463, "params": {"eta": 0.2628198313954686, "max_depth": 5.843653660657857, "n_estimators": 182.69614098676263}, "datetime": {"datetime": "2021-09-27 20:35:38", "elapsed": 482.843088, "delta": 3.382893}}
{"target": -11.209921006129955, "params": {"eta": 0.16645733314732053, "max_depth": 26.627881155492776, "n_estimators": 199.03944773897663}, "datetime": {"datetime": "2021-09-27 20:35:41", "elapsed": 486.420143, "delta": 3.577055}}
{"target": -11.45419128747807, "params": {"eta": 0.29703642789773493, "max_depth": 32.17920552371291, "n_estimators": 198.40638366191428}, "datetime": {"datetime": "2021-09-27 20:35:44", "elapsed": 488.785728, "delta": 2.365585}}
{"target": -10.535787923972743, "params": {"eta": 0.05932834368938579, "max_depth": 27.196492509858114, "n_estimators": 171.58427906575156}, "datetime": {"datetime": "2021-09-27 20:35:48", "elapsed": 493.546511, "delta": 4.760783}}
{"target": -10.343493428918707, "params": {"eta": 0.12615303063905114, "max_depth": 6.564997742950789, "n_estimators": 176.05689584491347}, "datetime": {"datetime": "2021-09-27 20:35:52", "elapsed": 496.724008, "delta": 3.177497}}
{"target": -11.252511765461518, "params": {"eta": 0.2376176373732733, "max_depth": 33.77161275044719, "n_estimators": 164.2614679522884}, "datetime": {"datetime": "2021-09-27 20:35:54", "elapsed": 499.671724, "delta": 2.947716}}
{"target": -10.642169943463168, "params": {"eta": 0.10611481314588801, "max_depth": 31.244604292026857, "n_estimators": 198.28540427918676}, "datetime": {"datetime": "2021-09-27 20:35:59", "elapsed": 504.243674, "delta": 4.57195}}
{"target": -10.137049471772611, "params": {"eta": 0.055856151271867424, "max_depth": 6.363217832702784, "n_estimators": 176.02730603483715}, "datetime": {"datetime": "2021-09-27 20:36:02", "elapsed": 507.471277, "delta": 3.227603}}
{"target": -10.382475717868859, "params": {"eta": 0.12721294670532396, "max_depth": 6.186227821347419, "n_estimators": 195.61428615143396}, "datetime": {"datetime": "2021-09-27 20:36:05", "elapsed": 510.418126, "delta": 2.946849}}
{"target": -10.658239065823679, "params": {"eta": 0.087445935277263, "max_depth": 34.605973404443574, "n_estimators": 158.52124423793308}, "datetime": {"datetime": "2021-09-27 20:36:10", "elapsed": 515.480282, "delta": 5.062156}}
{"target": -10.377579201420497, "params": {"eta": 0.05559194052290896, "max_depth": 6.3149822516174146, "n_estimators": 176.0291203329894}, "datetime": {"datetime": "2021-09-27 20:36:13", "elapsed": 518.329527, "delta": 2.849245}}
{"target": -10.475614702330667, "params": {"eta": 0.07781197302855873, "max_depth": 6.347509894399801, "n_estimators": 175.9264526569264}, "datetime": {"datetime": "2021-09-27 20:36:17", "elapsed": 522.716644, "delta": 4.387117}}
{"target": -10.858156004597019, "params": {"eta": 0.23313993286250628, "max_depth": 27.746006144064758, "n_estimators": 197.6539176665315}, "datetime": {"datetime": "2021-09-27 20:36:20", "elapsed": 525.511021, "delta": 2.794377}}
{"target": -10.157510234498265, "params": {"eta": 0.14672848833259794, "max_depth": 7.335658804114972, "n_estimators": 152.68137821991053}, "datetime": {"datetime": "2021-09-27 20:36:23", "elapsed": 528.00712, "delta": 2.496099}}
{"target": -10.488872585936841, "params": {"eta": 0.05, "max_depth": 7.16060201431045, "n_estimators": 150.16934369037057}, "datetime": {"datetime": "2021-09-27 20:36:26", "elapsed": 531.502754, "delta": 3.495634}}
{"target": -10.140658037696808, "params": {"eta": 0.060625525842987124, "max_depth": 6.452881514589151, "n_estimators": 176.0879564574629}, "datetime": {"datetime": "2021-09-27 20:36:30", "elapsed": 535.202717, "delta": 3.699963}}
{"target": -11.498985545914449, "params": {"eta": 0.24510810433349206, "max_depth": 21.268584049016674, "n_estimators": 155.7757601939629}, "datetime": {"datetime": "2021-09-27 20:36:33", "elapsed": 538.4194, "delta": 3.216683}}
{"target": -10.22409676965494, "params": {"eta": 0.08773432037224758, "max_depth": 6.671999736226214, "n_estimators": 176.1666437687099}, "datetime": {"datetime": "2021-09-27 20:36:37", "elapsed": 541.764849, "delta": 3.345449}}
{"target": -10.793556198885117, "params": {"eta": 0.1839179724059672, "max_depth": 7.029957034350614, "n_estimators": 154.5435058550303}, "datetime": {"datetime": "2021-09-27 20:36:40", "elapsed": 544.978721, "delta": 3.213872}}
{"target": -10.247031029710751, "params": {"eta": 0.20365068077488319, "max_depth": 4.141179170178798, "n_estimators": 182.259060403633}, "datetime": {"datetime": "2021-09-27 20:36:42", "elapsed": 547.47111, "delta": 2.492389}}
{"target": -11.362430811290668, "params": {"eta": 0.2348919365990937, "max_depth": 7.321637900679439, "n_estimators": 152.60312137432172}, "datetime": {"datetime": "2021-09-27 20:36:46", "elapsed": 551.160975, "delta": 3.689865}}
