{"target": -10.981119516171796, "params": {"eta": 0.290887458174088, "max_depth": 28.554017167815434, "n_estimators": 151.33366631514957}, "datetime": {"datetime": "2021-09-27 20:42:48", "elapsed": 912.939854, "delta": 3.728043}}
{"target": -10.547582891928823, "params": {"eta": 0.17737879192477873, "max_depth": 8.296744698445965, "n_estimators": 187.56087440697522}, "datetime": {"datetime": "2021-09-27 20:42:51", "elapsed": 916.439431, "delta": 3.499577}}
{"target": -10.545516688146572, "params": {"eta": 0.08849151133750645, "max_depth": 7.125407677099832, "n_estimators": 150.09476252910883}, "datetime": {"datetime": "2021-09-27 20:42:54", "elapsed": 919.374847, "delta": 2.935416}}
{"target": -10.573012863747843, "params": {"eta": 0.13740270614410266, "max_depth": 31.25929245813264, "n_estimators": 198.13899595152742}, "datetime": {"datetime": "2021-09-27 20:43:00", "elapsed": 925.328812, "delta": 5.953965}}
{"target": -11.206924638667132, "params": {"eta": 0.22225776055367935, "max_depth": 22.332438890361082, "n_estimators": 156.69658037650987}, "datetime": {"datetime": "2021-09-27 20:43:04", "elapsed": 929.132393, "delta": 3.803581}}
{"target": -10.636068234163117, "params": {"eta": 0.19175488074350822, "max_depth": 4.789469531003816, "n_estimators": 176.42667344987228}, "datetime": {"datetime": "2021-09-27 20:43:09", "elapsed": 933.90053, "delta": 4.768137}}
{"target": -10.826019224193717, "params": {"eta": 0.05297062544648155, "max_depth": 26.726739456322406, "n_estimators": 193.652112021907}, "datetime": {"datetime": "2021-09-27 20:43:13", "elapsed": 938.341511, "delta": 4.440981}}
{"target": -10.611168649113363, "params": {"eta": 0.07750150681844205, "max_depth": 23.073748698706165, "n_estimators": 178.31563917550838}, "datetime": {"datetime": "2021-09-27 20:43:19", "elapsed": 944.338009, "delta": 5.996498}}
{"target": -10.725199912674004, "params": {"eta": 0.19665023509832857, "max_depth": 30.84699530581951, "n_estimators": 172.9110366087599}, "datetime": {"datetime": "2021-09-27 20:43:23", "elapsed": 948.59622, "delta": 4.258211}}
{"target": -11.21941632291942, "params": {"eta": 0.2993845025193916, "max_depth": 19.990520417412714, "n_estimators": 163.68459034640978}, "datetime": {"datetime": "2021-09-27 20:43:26", "elapsed": 951.487399, "delta": 2.891179}}
{"target": -10.10244059195609, "params": {"eta": 0.07043422132511011, "max_depth": 6.648739729052094, "n_estimators": 176.12581653472432}, "datetime": {"datetime": "2021-09-27 20:43:31", "elapsed": 956.418155, "delta": 4.930756}}
{"target": -10.804609205339606, "params": {"eta": 0.29799465481397247, "max_depth": 4.516804910531288, "n_estimators": 196.53629948936884}, "datetime": {"datetime": "2021-09-27 20:43:36", "elapsed": 960.924796, "delta": 4.506641}}
{"target": -10.92287446701354, "params": {"eta": 0.10202430229644667, "max_depth": 21.795437922345023, "n_estimators": 165.50477438199445}, "datetime": {"datetime": "2021-09-27 20:43:40", "elapsed": 964.825018, "delta": 3.900222}}
{"target": -10.306645990735534, "params": {"eta": 0.17555352216459758, "max_depth": 24.4382091406667, "n_estimators": 163.34880720988292}, "datetime": {"datetime": "2021-09-27 20:43:43", "elapsed": 967.765477, "delta": 2.940459}}
{"target": -10.23931756760928, "params": {"eta": 0.059014154629110124, "max_depth": 6.985754043841601, "n_estimators": 154.57988718343913}, "datetime": {"datetime": "2021-09-27 20:43:46", "elapsed": 971.549701, "delta": 3.784224}}
{"target": -10.586651661053917, "params": {"eta": 0.11282263711920663, "max_depth": 29.104587349529872, "n_estimators": 176.2696533262778}, "datetime": {"datetime": "2021-09-27 20:43:50", "elapsed": 975.323872, "delta": 3.774171}}
{"target": -10.28024370141641, "params": {"eta": 0.06060876276998277, "max_depth": 6.98156932925415, "n_estimators": 154.43327616861694}, "datetime": {"datetime": "2021-09-27 20:43:54", "elapsed": 979.583759, "delta": 4.259887}}
{"target": -10.611391504983343, "params": {"eta": 0.16087559075497032, "max_depth": 24.413820511963426, "n_estimators": 163.4364196436208}, "datetime": {"datetime": "2021-09-27 20:43:59", "elapsed": 983.812307, "delta": 4.228548}}
{"target": -10.135520848434215, "params": {"eta": 0.1063347497006172, "max_depth": 6.251165809599779, "n_estimators": 195.42184859895633}, "datetime": {"datetime": "2021-09-27 20:44:04", "elapsed": 989.084448, "delta": 5.272141}}
{"target": -11.118773049612203, "params": {"eta": 0.1809050041162681, "max_depth": 11.803358815091475, "n_estimators": 161.79128875295316}, "datetime": {"datetime": "2021-09-27 20:44:07", "elapsed": 992.0343, "delta": 2.949852}}
{"target": -10.5489159798381, "params": {"eta": 0.09794796209327362, "max_depth": 7.146649384474353, "n_estimators": 154.85487640935875}, "datetime": {"datetime": "2021-09-27 20:44:12", "elapsed": 997.54747, "delta": 5.51317}}
{"target": -11.10962516511073, "params": {"eta": 0.2373556028633081, "max_depth": 11.817638424684102, "n_estimators": 186.1863851238506}, "datetime": {"datetime": "2021-09-27 20:44:17", "elapsed": 1002.313993, "delta": 4.766523}}
{"target": -10.037933392791992, "params": {"eta": 0.08011451694692938, "max_depth": 9.264988615429585, "n_estimators": 160.3105912722319}, "datetime": {"datetime": "2021-09-27 20:44:21", "elapsed": 1005.732869, "delta": 3.418876}}
{"target": -11.048307751150151, "params": {"eta": 0.2885325672132293, "max_depth": 27.895416321038002, "n_estimators": 157.11964894013906}, "datetime": {"datetime": "2021-09-27 20:44:23", "elapsed": 1008.624384, "delta": 2.891515}}
{"target": -10.554901412132393, "params": {"eta": 0.11063943979208833, "max_depth": 7.1252220386372755, "n_estimators": 154.55253743745095}, "datetime": {"datetime": "2021-09-27 20:44:28", "elapsed": 1013.438752, "delta": 4.814368}}
{"target": -11.003516796276502, "params": {"eta": 0.29834075672188054, "max_depth": 23.865942841481843, "n_estimators": 159.702694564642}, "datetime": {"datetime": "2021-09-27 20:44:32", "elapsed": 1016.809934, "delta": 3.371182}}
{"target": -10.611139440128037, "params": {"eta": 0.10037422233593472, "max_depth": 6.496317233948252, "n_estimators": 195.30950720882845}, "datetime": {"datetime": "2021-09-27 20:44:39", "elapsed": 1024.651335, "delta": 7.841401}}
{"target": -11.302857561634953, "params": {"eta": 0.23854476938058206, "max_depth": 9.490052664954199, "n_estimators": 174.53628542395649}, "datetime": {"datetime": "2021-09-27 20:44:42", "elapsed": 1026.879586, "delta": 2.228251}}
{"target": -10.641969071642663, "params": {"eta": 0.10688471663736775, "max_depth": 9.222751269029219, "n_estimators": 160.27450972648202}, "datetime": {"datetime": "2021-09-27 20:44:46", "elapsed": 1030.788204, "delta": 3.908618}}
{"target": -10.257885232866128, "params": {"eta": 0.06263328019867827, "max_depth": 6.572451665745906, "n_estimators": 176.25413121042953}, "datetime": {"datetime": "2021-09-27 20:44:52", "elapsed": 1037.532783, "delta": 6.744579}}
{"target": -10.66473669698171, "params": {"eta": 0.28280724955726777, "max_depth": 16.294025013620384, "n_estimators": 180.45134693807532}, "datetime": {"datetime": "2021-09-27 20:44:56", "elapsed": 1041.036103, "delta": 3.50332}}
{"target": -10.533483385323155, "params": {"eta": 0.1286776362725468, "max_depth": 6.423700598286981, "n_estimators": 195.3822545705291}, "datetime": {"datetime": "2021-09-27 20:44:59", "elapsed": 1044.486782, "delta": 3.450679}}
{"target": -10.41923673435533, "params": {"eta": 0.08508572359016696, "max_depth": 14.792792506010414, "n_estimators": 163.3609746517455}, "datetime": {"datetime": "2021-09-27 20:45:04", "elapsed": 1048.80861, "delta": 4.321828}}
{"target": -10.682092093514752, "params": {"eta": 0.11800996302228463, "max_depth": 7.050905040160217, "n_estimators": 154.89755536228046}, "datetime": {"datetime": "2021-09-27 20:45:07", "elapsed": 1052.669808, "delta": 3.861198}}
{"target": -10.601161275985667, "params": {"eta": 0.07758752854638724, "max_depth": 9.299003012040174, "n_estimators": 160.26940411060482}, "datetime": {"datetime": "2021-09-27 20:45:12", "elapsed": 1057.075537, "delta": 4.405729}}
{"target": -10.649250004660681, "params": {"eta": 0.087717498334475, "max_depth": 27.974015846242427, "n_estimators": 155.51949558124775}, "datetime": {"datetime": "2021-09-27 20:45:16", "elapsed": 1061.102669, "delta": 4.027132}}
{"target": -10.451941559911711, "params": {"eta": 0.09764755281802849, "max_depth": 21.261026376167933, "n_estimators": 155.82399401324557}, "datetime": {"datetime": "2021-09-27 20:45:20", "elapsed": 1065.67901, "delta": 4.576341}}
{"target": -10.415346496825718, "params": {"eta": 0.08344467127667986, "max_depth": 7.0890721968724355, "n_estimators": 150.1872793564466}, "datetime": {"datetime": "2021-09-27 20:45:25", "elapsed": 1070.612272, "delta": 4.933262}}
