{"target": 0.7416430428096421, "params": {"eta": 0.5678674278470976, "max_depth": 2.035915367207783, "n_estimators": 4.941360896501902}, "datetime": {"datetime": "2021-09-17 16:13:50", "elapsed": 1618.442189, "delta": 3.510271}}
{"target": 0.8051884103342791, "params": {"eta": 0.28547245019472245, "max_depth": 5.002595808208894, "n_estimators": 9.599462942672165}, "datetime": {"datetime": "2021-09-17 16:14:02", "elapsed": 1630.337261, "delta": 11.895072}}
{"target": 0.6329085524532094, "params": {"eta": 1.0, "max_depth": 9.58868118891986, "n_estimators": 1.0}, "datetime": {"datetime": "2021-09-17 16:14:10", "elapsed": 1638.770742, "delta": 8.433481}}
{"target": -4.382528585028511, "params": {"eta": 0.01, "max_depth": 1.4307686179645813, "n_estimators": 7.771824785051682}, "datetime": {"datetime": "2021-09-17 16:14:19", "elapsed": 1647.352549, "delta": 8.581807}}
{"target": 0.7210093260278616, "params": {"eta": 0.734471871792847, "max_depth": 1.0150651194205482, "n_estimators": 8.071365215174952}, "datetime": {"datetime": "2021-09-17 16:14:27", "elapsed": 1655.818434, "delta": 8.465885}}
{"target": 0.736479863984788, "params": {"eta": 0.6606594283690506, "max_depth": 1.5604439073082075, "n_estimators": 7.318129612958891}, "datetime": {"datetime": "2021-09-17 16:14:35", "elapsed": 1663.447644, "delta": 7.62921}}
{"target": -1.2839798782905705, "params": {"eta": 0.08728205189719657, "max_depth": 7.310107376703466, "n_estimators": 6.3614432326239205}, "datetime": {"datetime": "2021-09-17 16:14:38", "elapsed": 1667.055774, "delta": 3.60813}}
{"target": 0.7242762536789004, "params": {"eta": 0.9914060633409881, "max_depth": 3.1687313765972434, "n_estimators": 2.1920099215867284}, "datetime": {"datetime": "2021-09-17 16:14:46", "elapsed": 1674.313781, "delta": 7.258007}}
{"target": 0.7269486790039092, "params": {"eta": 0.7672878158699857, "max_depth": 7.6739763206196345, "n_estimators": 6.565386506994486}, "datetime": {"datetime": "2021-09-17 16:14:53", "elapsed": 1681.897288, "delta": 7.583507}}
{"target": -4.105510348504443, "params": {"eta": 0.03153745249701392, "max_depth": 7.2375741990248414, "n_estimators": 3.2029702270528233}, "datetime": {"datetime": "2021-09-17 16:14:57", "elapsed": 1685.496349, "delta": 3.599061}}
{"target": 0.6329085524532094, "params": {"eta": 1.0, "max_depth": 6.792513010424404, "n_estimators": 1.0}, "datetime": {"datetime": "2021-09-17 16:15:04", "elapsed": 1692.440518, "delta": 6.944169}}
{"target": 0.7806514688399577, "params": {"eta": 1.0, "max_depth": 4.827594420828696, "n_estimators": 8.050632442224778}, "datetime": {"datetime": "2021-09-17 16:15:13", "elapsed": 1701.90837, "delta": 9.467852}}
{"target": 0.7164257850260478, "params": {"eta": 1.0, "max_depth": 3.938711582227979, "n_estimators": 3.183973299396353}, "datetime": {"datetime": "2021-09-17 16:15:22", "elapsed": 1710.525693, "delta": 8.617323}}
{"target": 0.770826554193258, "params": {"eta": 0.6971947235306697, "max_depth": 6.454684235292072, "n_estimators": 4.350031483061499}, "datetime": {"datetime": "2021-09-17 16:15:29", "elapsed": 1717.798597, "delta": 7.272904}}
{"target": 0.7882212744497332, "params": {"eta": 0.6406537470217584, "max_depth": 6.397141263754758, "n_estimators": 7.946028369304054}, "datetime": {"datetime": "2021-09-17 16:15:36", "elapsed": 1724.373811, "delta": 6.575214}}
{"target": 0.7235361163487146, "params": {"eta": 0.8266560773569891, "max_depth": 1.3180782716031207, "n_estimators": 8.774436022557845}, "datetime": {"datetime": "2021-09-17 16:15:49", "elapsed": 1737.609275, "delta": 13.235464}}
{"target": 0.7771070415133372, "params": {"eta": 0.6215215550300057, "max_depth": 2.118205220642321, "n_estimators": 8.006130407236862}, "datetime": {"datetime": "2021-09-17 16:15:52", "elapsed": 1741.134727, "delta": 3.525452}}
{"target": 0.7477501227044453, "params": {"eta": 0.9981989125511055, "max_depth": 6.755726057347877, "n_estimators": 3.5991388411670076}, "datetime": {"datetime": "2021-09-17 16:15:59", "elapsed": 1747.467256, "delta": 6.332529}}
{"target": 0.7422571634066825, "params": {"eta": 0.35408163178401, "max_depth": 2.7443199521800197, "n_estimators": 7.414435685238766}, "datetime": {"datetime": "2021-09-17 16:16:03", "elapsed": 1751.525654, "delta": 4.058398}}
{"target": 0.7454288351682348, "params": {"eta": 0.6979466497047159, "max_depth": 2.966316743884441, "n_estimators": 7.741048264513244}, "datetime": {"datetime": "2021-09-17 16:16:15", "elapsed": 1764.255987, "delta": 12.730333}}
{"target": 0.7615019329611409, "params": {"eta": 0.7616912041720161, "max_depth": 2.2125884801285527, "n_estimators": 8.737097986046635}, "datetime": {"datetime": "2021-09-17 16:16:21", "elapsed": 1770.136353, "delta": 5.880366}}
{"target": 0.7625240593673875, "params": {"eta": 0.6610772034261365, "max_depth": 3.723553775083186, "n_estimators": 4.332989093249719}, "datetime": {"datetime": "2021-09-17 16:16:28", "elapsed": 1777.236152, "delta": 7.099799}}
{"target": 0.7563102838396898, "params": {"eta": 0.985882026463315, "max_depth": 3.196547474415449, "n_estimators": 3.355392861221093}, "datetime": {"datetime": "2021-09-17 16:16:37", "elapsed": 1785.742443, "delta": 8.506291}}
{"target": 0.7354646465208956, "params": {"eta": 0.39180249429760544, "max_depth": 5.103118689533615, "n_estimators": 5.474838185645583}, "datetime": {"datetime": "2021-09-17 16:16:41", "elapsed": 1789.483151, "delta": 3.740708}}
{"target": 0.6685074400449509, "params": {"eta": 1.0, "max_depth": 1.8914219969481325, "n_estimators": 3.067149035897852}, "datetime": {"datetime": "2021-09-17 16:16:55", "elapsed": 1803.810685, "delta": 14.327534}}
{"target": 0.7822806062562842, "params": {"eta": 0.5676916188548266, "max_depth": 4.492371947146445, "n_estimators": 7.52884671543809}, "datetime": {"datetime": "2021-09-17 16:17:05", "elapsed": 1813.398567, "delta": 9.587882}}
{"target": 0.7524575473001148, "params": {"eta": 0.7454026015859191, "max_depth": 7.878722820580265, "n_estimators": 5.605987946607244}, "datetime": {"datetime": "2021-09-17 16:17:09", "elapsed": 1817.283881, "delta": 3.885314}}
{"target": 0.7589181651903408, "params": {"eta": 0.8054938968042751, "max_depth": 5.47210379685212, "n_estimators": 6.0391652228746855}, "datetime": {"datetime": "2021-09-17 16:17:13", "elapsed": 1821.414696, "delta": 4.130815}}
{"target": 0.6987741064871507, "params": {"eta": 1.0, "max_depth": 3.5430109418036384, "n_estimators": 4.88866564579256}, "datetime": {"datetime": "2021-09-17 16:17:22", "elapsed": 1830.925508, "delta": 9.510812}}
{"target": 0.6918547785475611, "params": {"eta": 0.9924684397887836, "max_depth": 2.531678757595511, "n_estimators": 3.5616040307228936}, "datetime": {"datetime": "2021-09-17 16:17:29", "elapsed": 1838.227106, "delta": 7.301598}}
{"target": 0.7577490929942254, "params": {"eta": 1.0, "max_depth": 8.932651129172392, "n_estimators": 3.506072171037961}, "datetime": {"datetime": "2021-09-17 16:17:36", "elapsed": 1844.710009, "delta": 6.482903}}
{"target": -0.37696317996951434, "params": {"eta": 0.1829784113222699, "max_depth": 1.2221310373772765, "n_estimators": 5.601581409782364}, "datetime": {"datetime": "2021-09-17 16:17:40", "elapsed": 1848.556385, "delta": 3.846376}}
{"target": 0.33095837995392574, "params": {"eta": 0.24223181285092482, "max_depth": 1.4600467197227, "n_estimators": 6.070568485921968}, "datetime": {"datetime": "2021-09-17 16:17:49", "elapsed": 1858.196684, "delta": 9.640299}}
{"target": 0.756816048929859, "params": {"eta": 0.6043415912082132, "max_depth": 4.686997634813379, "n_estimators": 5.667839349032512}, "datetime": {"datetime": "2021-09-17 16:17:57", "elapsed": 1866.007334, "delta": 7.81065}}
{"target": -2.5309374450908484, "params": {"eta": 0.1520093392371245, "max_depth": 1.7765363806235508, "n_estimators": 2.0762751487568765}, "datetime": {"datetime": "2021-09-17 16:18:01", "elapsed": 1869.729536, "delta": 3.722202}}
{"target": 0.7860843020759276, "params": {"eta": 0.6536080317021213, "max_depth": 5.987564296104291, "n_estimators": 9.419957861557922}, "datetime": {"datetime": "2021-09-17 16:18:07", "elapsed": 1875.419731, "delta": 5.690195}}
{"target": 0.33784105058072145, "params": {"eta": 0.3717491946576843, "max_depth": 9.440192720140553, "n_estimators": 3.091809272284614}, "datetime": {"datetime": "2021-09-17 16:18:13", "elapsed": 1881.635062, "delta": 6.215331}}
{"target": 0.4812957275796056, "params": {"eta": 0.5619176614004908, "max_depth": 10.0, "n_estimators": 2.9055835227362947}, "datetime": {"datetime": "2021-09-17 16:18:21", "elapsed": 1889.624101, "delta": 7.989039}}
{"target": 0.7974742126509028, "params": {"eta": 0.6689173858938103, "max_depth": 5.941257919143045, "n_estimators": 7.423972288137644}, "datetime": {"datetime": "2021-09-17 16:18:31", "elapsed": 1899.589054, "delta": 9.964953}}
{"target": 0.7278302641169476, "params": {"eta": 0.7957027089488647, "max_depth": 4.748195157058484, "n_estimators": 3.3076149640966532}, "datetime": {"datetime": "2021-09-17 16:18:38", "elapsed": 1906.685835, "delta": 7.096781}}
{"target": 0.7388542172490171, "params": {"eta": 1.0, "max_depth": 10.0, "n_estimators": 7.0663453394791835}, "datetime": {"datetime": "2021-09-17 16:18:44", "elapsed": 1913.126877, "delta": 6.441042}}
{"target": 0.7069432377260326, "params": {"eta": 0.6397953639479376, "max_depth": 1.499334176818504, "n_estimators": 5.412458198913218}, "datetime": {"datetime": "2021-09-17 16:18:54", "elapsed": 1922.963242, "delta": 9.836365}}
{"target": 0.7082430241759907, "params": {"eta": 1.0, "max_depth": 1.65600729920568, "n_estimators": 8.12316241232302}, "datetime": {"datetime": "2021-09-17 16:19:04", "elapsed": 1932.669696, "delta": 9.706454}}
{"target": 0.742262674698396, "params": {"eta": 1.0, "max_depth": 9.000109317264766, "n_estimators": 5.312753753381098}, "datetime": {"datetime": "2021-09-17 16:19:18", "elapsed": 1946.890553, "delta": 14.220857}}
{"target": 0.7932702017846801, "params": {"eta": 0.5800566857875837, "max_depth": 9.080572386623826, "n_estimators": 9.16937772648916}, "datetime": {"datetime": "2021-09-17 16:19:27", "elapsed": 1955.321907, "delta": 8.431354}}
{"target": -1.0253711469355795, "params": {"eta": 0.26919872419604673, "max_depth": 4.538984922647315, "n_estimators": 2.7657538272713778}, "datetime": {"datetime": "2021-09-17 16:19:30", "elapsed": 1959.224805, "delta": 3.902898}}
{"target": 0.7528439674469314, "params": {"eta": 1.0, "max_depth": 7.335604272789512, "n_estimators": 2.1408957463734226}, "datetime": {"datetime": "2021-09-17 16:19:39", "elapsed": 1968.118042, "delta": 8.893237}}
{"target": 0.7683362113140478, "params": {"eta": 1.0, "max_depth": 4.201004695375361, "n_estimators": 3.6982342010625118}, "datetime": {"datetime": "2021-09-17 16:19:50", "elapsed": 1978.659052, "delta": 10.54101}}
{"target": 0.76633369912698, "params": {"eta": 0.6251183079436647, "max_depth": 6.823629138332403, "n_estimators": 6.585581335715007}, "datetime": {"datetime": "2021-09-17 16:19:58", "elapsed": 1986.361594, "delta": 7.702542}}
{"target": 0.6988827444828829, "params": {"eta": 1.0, "max_depth": 2.691694725633485, "n_estimators": 5.839920925284492}, "datetime": {"datetime": "2021-09-17 16:20:05", "elapsed": 1993.891419, "delta": 7.529825}}
{"target": 0.7693560976012415, "params": {"eta": 0.9895270532991881, "max_depth": 7.40905526777499, "n_estimators": 9.080816828551347}, "datetime": {"datetime": "2021-09-17 16:20:13", "elapsed": 2001.734027, "delta": 7.842608}}
{"target": 0.771312270232871, "params": {"eta": 0.9709311712186127, "max_depth": 5.123480789134782, "n_estimators": 4.005250990487342}, "datetime": {"datetime": "2021-09-17 16:20:17", "elapsed": 2005.969169, "delta": 4.235142}}
{"target": 0.786181884910775, "params": {"eta": 0.5712377540623769, "max_depth": 4.598823227973284, "n_estimators": 9.285409771467403}, "datetime": {"datetime": "2021-09-17 16:20:27", "elapsed": 2016.147993, "delta": 10.178824}}
{"target": 0.7499804968360533, "params": {"eta": 0.7882556054210383, "max_depth": 7.976899781606491, "n_estimators": 4.346929258287699}, "datetime": {"datetime": "2021-09-17 16:20:41", "elapsed": 2029.477034, "delta": 13.329041}}
{"target": 0.7993140903577817, "params": {"eta": 0.8406602607809519, "max_depth": 3.30610435981698, "n_estimators": 9.96032154265146}, "datetime": {"datetime": "2021-09-17 16:20:45", "elapsed": 2033.628006, "delta": 4.150972}}
{"target": -1.1063125887455083, "params": {"eta": 0.4724858807375083, "max_depth": 6.956376065541861, "n_estimators": 1.8754030984360033}, "datetime": {"datetime": "2021-09-17 16:20:49", "elapsed": 2037.673305, "delta": 4.045299}}
{"target": 0.6599940248596052, "params": {"eta": 0.6879444112197738, "max_depth": 4.760488290228693, "n_estimators": 2.2786886558695847}, "datetime": {"datetime": "2021-09-17 16:20:53", "elapsed": 2041.413678, "delta": 3.740373}}
{"target": 0.7664931504362195, "params": {"eta": 0.6597155082372663, "max_depth": 3.6044706455578113, "n_estimators": 5.298522221440759}, "datetime": {"datetime": "2021-09-17 16:21:03", "elapsed": 2052.205272, "delta": 10.791594}}
{"target": -0.06696747590861074, "params": {"eta": 0.18514481178380715, "max_depth": 8.98912193332982, "n_estimators": 5.580800739371876}, "datetime": {"datetime": "2021-09-17 16:21:08", "elapsed": 2056.330258, "delta": 4.124986}}
{"target": 0.7818366357793364, "params": {"eta": 0.8278600602224211, "max_depth": 7.834335579223175, "n_estimators": 5.1112464392197925}, "datetime": {"datetime": "2021-09-17 16:21:18", "elapsed": 2066.497421, "delta": 10.167163}}
{"target": 0.7854627850642689, "params": {"eta": 0.6460672934049205, "max_depth": 9.30434140097954, "n_estimators": 8.03860220306441}, "datetime": {"datetime": "2021-09-17 16:21:28", "elapsed": 2076.589168, "delta": 10.091747}}
{"target": 0.6174397468281119, "params": {"eta": 0.6667770723814982, "max_depth": 3.8616616523174754, "n_estimators": 2.2158990829059637}, "datetime": {"datetime": "2021-09-17 16:21:35", "elapsed": 2083.357177, "delta": 6.768009}}
{"target": 0.7856233125607761, "params": {"eta": 0.5801751315869537, "max_depth": 4.510469135077347, "n_estimators": 8.959924009337957}, "datetime": {"datetime": "2021-09-17 16:21:39", "elapsed": 2087.499983, "delta": 4.142806}}
{"target": 0.725941568649564, "params": {"eta": 0.5462019423144903, "max_depth": 7.082861734371677, "n_estimators": 3.9212949196283717}, "datetime": {"datetime": "2021-09-17 16:21:46", "elapsed": 2094.603013, "delta": 7.10303}}
{"target": 0.7461869617153476, "params": {"eta": 0.7778193870396598, "max_depth": 3.964706625846076, "n_estimators": 7.623851463963135}, "datetime": {"datetime": "2021-09-17 16:21:59", "elapsed": 2107.561904, "delta": 12.958891}}
{"target": 0.7279935948630896, "params": {"eta": 0.9199617654498812, "max_depth": 4.760743641166204, "n_estimators": 2.8906425904288895}, "datetime": {"datetime": "2021-09-17 16:22:03", "elapsed": 2111.655669, "delta": 4.093765}}
{"target": 0.7589153849289856, "params": {"eta": 1.0, "max_depth": 8.984108806584864, "n_estimators": 10.0}, "datetime": {"datetime": "2021-09-17 16:22:15", "elapsed": 2123.600899, "delta": 11.94523}}
{"target": 0.7473245199410825, "params": {"eta": 1.0, "max_depth": 6.592029516637974, "n_estimators": 4.981548080270121}, "datetime": {"datetime": "2021-09-17 16:22:26", "elapsed": 2134.410441, "delta": 10.809542}}
{"target": -4.0541145165847405, "params": {"eta": 0.01, "max_depth": 7.043938461294678, "n_estimators": 10.0}, "datetime": {"datetime": "2021-09-17 16:22:39", "elapsed": 2147.362722, "delta": 12.952281}}
{"target": 0.8166436292572186, "params": {"eta": 0.5232794033718728, "max_depth": 7.167797455103313, "n_estimators": 9.483712308663266}, "datetime": {"datetime": "2021-09-17 16:22:45", "elapsed": 2154.093697, "delta": 6.730975}}
{"target": 0.7991775659814738, "params": {"eta": 0.6921156648903617, "max_depth": 8.639817567617964, "n_estimators": 9.874962695545427}, "datetime": {"datetime": "2021-09-17 16:22:52", "elapsed": 2160.758258, "delta": 6.664561}}
{"target": 0.7686761054480249, "params": {"eta": 0.716779252576322, "max_depth": 7.360192085122058, "n_estimators": 3.4183438902679955}, "datetime": {"datetime": "2021-09-17 16:22:56", "elapsed": 2165.171455, "delta": 4.413197}}
{"target": 0.7513083558593538, "params": {"eta": 0.8905075347858128, "max_depth": 9.575153563707401, "n_estimators": 5.05616368555754}, "datetime": {"datetime": "2021-09-17 16:23:01", "elapsed": 2169.560703, "delta": 4.389248}}
{"target": 0.7664326068605976, "params": {"eta": 0.6422331695343803, "max_depth": 2.933040736732127, "n_estimators": 4.582187889486006}, "datetime": {"datetime": "2021-09-17 16:23:11", "elapsed": 2179.740317, "delta": 10.179614}}
{"target": 0.7606110497870101, "params": {"eta": 1.0, "max_depth": 8.273460040441298, "n_estimators": 7.474917589289029}, "datetime": {"datetime": "2021-09-17 16:23:24", "elapsed": 2192.824174, "delta": 13.083857}}
{"target": 0.712025149579009, "params": {"eta": 0.5715156201184761, "max_depth": 1.7798946281736145, "n_estimators": 6.263798095446506}, "datetime": {"datetime": "2021-09-17 16:23:31", "elapsed": 2199.394147, "delta": 6.569973}}
{"target": 0.7348252000953864, "params": {"eta": 1.0, "max_depth": 6.184690945066544, "n_estimators": 8.578817114798573}, "datetime": {"datetime": "2021-09-17 16:23:40", "elapsed": 2208.914176, "delta": 9.520029}}
{"target": 0.7632286631616754, "params": {"eta": 0.9269291661635293, "max_depth": 7.699391143871383, "n_estimators": 2.482984299425182}, "datetime": {"datetime": "2021-09-17 16:23:58", "elapsed": 2226.928082, "delta": 18.013906}}
{"target": 0.7695119482990421, "params": {"eta": 1.0, "max_depth": 4.4709297955899565, "n_estimators": 5.261184361827152}, "datetime": {"datetime": "2021-09-17 16:24:06", "elapsed": 2234.559556, "delta": 7.631474}}
{"target": 0.7601646303107068, "params": {"eta": 1.0, "max_depth": 2.2264183403400017, "n_estimators": 9.600223832783671}, "datetime": {"datetime": "2021-09-17 16:24:20", "elapsed": 2248.64952, "delta": 14.089964}}
{"target": -3.5423241941442525, "params": {"eta": 0.05235129247468244, "max_depth": 3.7741455131494757, "n_estimators": 3.6360511195573997}, "datetime": {"datetime": "2021-09-17 16:24:24", "elapsed": 2252.947092, "delta": 4.297572}}
{"target": -4.539225082713517, "params": {"eta": 0.01, "max_depth": 5.988384106537093, "n_estimators": 5.609202319665105}, "datetime": {"datetime": "2021-09-17 16:24:33", "elapsed": 2261.893143, "delta": 8.946051}}
{"target": 0.7693221027605026, "params": {"eta": 0.6003888331891503, "max_depth": 5.616223605979269, "n_estimators": 5.321861470798262}, "datetime": {"datetime": "2021-09-17 16:24:45", "elapsed": 2273.520039, "delta": 11.626896}}
{"target": 0.7303802939815838, "params": {"eta": 0.7391588872486197, "max_depth": 8.744653689566382, "n_estimators": 4.4240140550827105}, "datetime": {"datetime": "2021-09-17 16:24:53", "elapsed": 2281.817319, "delta": 8.29728}}
{"target": 0.7417127344630361, "params": {"eta": 0.8037427966621109, "max_depth": 7.464331410467656, "n_estimators": 9.782876015764918}, "datetime": {"datetime": "2021-09-17 16:25:00", "elapsed": 2289.139053, "delta": 7.321734}}
{"target": 0.668488203169354, "params": {"eta": 0.681432583728513, "max_depth": 6.847855696155895, "n_estimators": 2.475215677661278}, "datetime": {"datetime": "2021-09-17 16:25:10", "elapsed": 2298.870061, "delta": 9.731008}}
{"target": 0.757800609845356, "params": {"eta": 0.5738155761080556, "max_depth": 1.0015544494443052, "n_estimators": 9.612497242898268}, "datetime": {"datetime": "2021-09-17 16:25:20", "elapsed": 2309.008245, "delta": 10.138184}}
{"target": 0.7680585283069028, "params": {"eta": 0.6884679562993385, "max_depth": 9.27015060919466, "n_estimators": 4.111427456075473}, "datetime": {"datetime": "2021-09-17 16:25:32", "elapsed": 2321.068974, "delta": 12.060729}}
{"target": 0.7350122458692885, "params": {"eta": 0.8246831272679331, "max_depth": 2.303247379643325, "n_estimators": 3.169030070831153}, "datetime": {"datetime": "2021-09-17 16:25:41", "elapsed": 2330.222004, "delta": 9.15303}}
{"target": 0.7767431871676789, "params": {"eta": 0.6777722555092531, "max_depth": 3.279178706314164, "n_estimators": 6.448291952876076}, "datetime": {"datetime": "2021-09-17 16:25:49", "elapsed": 2338.020412, "delta": 7.798408}}
{"target": 0.7532477652865055, "params": {"eta": 1.0, "max_depth": 7.223184973144967, "n_estimators": 5.424242315098136}, "datetime": {"datetime": "2021-09-17 16:25:56", "elapsed": 2345.20617, "delta": 7.185758}}
{"target": 0.7751684357440751, "params": {"eta": 0.6438881092702211, "max_depth": 7.089607254823558, "n_estimators": 4.570537687809226}, "datetime": {"datetime": "2021-09-17 16:26:10", "elapsed": 2359.120874, "delta": 13.914704}}
{"target": 0.735856892108592, "params": {"eta": 1.0, "max_depth": 6.195944294205763, "n_estimators": 7.533716227983016}, "datetime": {"datetime": "2021-09-17 16:26:20", "elapsed": 2368.822197, "delta": 9.701323}}
{"target": 0.7748350925635751, "params": {"eta": 0.6527548680535892, "max_depth": 7.259660123511603, "n_estimators": 7.156836563478125}, "datetime": {"datetime": "2021-09-17 16:26:27", "elapsed": 2375.958381, "delta": 7.136184}}
{"target": 0.6329085524532094, "params": {"eta": 1.0, "max_depth": 8.883070866684658, "n_estimators": 1.349688723705524}, "datetime": {"datetime": "2021-09-17 16:26:43", "elapsed": 2391.433673, "delta": 15.475292}}
{"target": 0.7401719303231153, "params": {"eta": 1.0, "max_depth": 6.172281808298978, "n_estimators": 6.686687245935094}, "datetime": {"datetime": "2021-09-17 16:26:54", "elapsed": 2402.467469, "delta": 11.033796}}
{"target": 0.7835582847899256, "params": {"eta": 0.644778046661436, "max_depth": 1.015748091200376, "n_estimators": 8.752290791825272}, "datetime": {"datetime": "2021-09-17 16:27:07", "elapsed": 2415.817034, "delta": 13.349565}}
