{"target": 0.7050158404070046, "params": {"eta": 1.0, "max_depth": 1.0, "n_estimators": 8.715317726865512}, "datetime": {"datetime": "2021-09-17 15:47:30", "elapsed": 50.642405, "delta": 0.598725}}
{"target": 0.697015526286548, "params": {"eta": 1.0, "max_depth": 6.780812713852227, "n_estimators": 2.020360158787381}, "datetime": {"datetime": "2021-09-17 15:47:30", "elapsed": 51.273403, "delta": 0.630998}}
{"target": -4.663905309224368, "params": {"eta": 0.01, "max_depth": 1.0, "n_estimators": 4.742178288001353}, "datetime": {"datetime": "2021-09-17 15:47:31", "elapsed": 51.926404, "delta": 0.653001}}
{"target": 0.7465673759331448, "params": {"eta": 1.0, "max_depth": 3.8086843794253564, "n_estimators": 5.5189447816725075}, "datetime": {"datetime": "2021-09-17 15:47:31", "elapsed": 52.531363, "delta": 0.604959}}
{"target": 0.7082210083446748, "params": {"eta": 1.0, "max_depth": 10.0, "n_estimators": 6.275268616110131}, "datetime": {"datetime": "2021-09-17 15:47:32", "elapsed": 53.182371, "delta": 0.651008}}
{"target": 0.6690724528984213, "params": {"eta": 1.0, "max_depth": 7.990121551432714, "n_estimators": 3.0704341708675438}, "datetime": {"datetime": "2021-09-17 15:47:33", "elapsed": 53.886365, "delta": 0.703994}}
{"target": 0.7217608405495423, "params": {"eta": 0.9957882302728667, "max_depth": 2.7303119152542816, "n_estimators": 7.331958675864007}, "datetime": {"datetime": "2021-09-17 15:47:34", "elapsed": 54.605729, "delta": 0.719364}}
{"target": 0.6501747830093738, "params": {"eta": 1.0, "max_depth": 10.0, "n_estimators": 1.896153599233656}, "datetime": {"datetime": "2021-09-17 15:47:34", "elapsed": 55.138458, "delta": 0.532729}}
{"target": 0.6690161781585309, "params": {"eta": 0.9863353348926135, "max_depth": 1.5543618198300533, "n_estimators": 3.7262027626365946}, "datetime": {"datetime": "2021-09-17 15:47:35", "elapsed": 55.755455, "delta": 0.616997}}
{"target": 0.716772499639672, "params": {"eta": 1.0, "max_depth": 8.90205418885678, "n_estimators": 7.597942915877131}, "datetime": {"datetime": "2021-09-17 15:47:35", "elapsed": 56.560751, "delta": 0.805296}}
{"target": 0.7235812954816632, "params": {"eta": 1.0, "max_depth": 5.9377369650791625, "n_estimators": 3.836690441529924}, "datetime": {"datetime": "2021-09-17 15:47:36", "elapsed": 57.197752, "delta": 0.637001}}
{"target": 0.4522557239459628, "params": {"eta": 1.0, "max_depth": 1.0, "n_estimators": 1.9600807267022475}, "datetime": {"datetime": "2021-09-17 15:47:37", "elapsed": 57.770817, "delta": 0.573065}}
{"target": 0.4522557239459628, "params": {"eta": 1.0, "max_depth": 1.9559668081881503, "n_estimators": 1.8938667070205433}, "datetime": {"datetime": "2021-09-17 15:47:37", "elapsed": 58.374507, "delta": 0.60369}}
{"target": 0.7327041445377993, "params": {"eta": 1.0, "max_depth": 6.790642312986871, "n_estimators": 6.061177872557249}, "datetime": {"datetime": "2021-09-17 15:47:38", "elapsed": 59.028507, "delta": 0.654}}
{"target": 0.6854303558662885, "params": {"eta": 1.0, "max_depth": 7.839258588732884, "n_estimators": 10.0}, "datetime": {"datetime": "2021-09-17 15:47:39", "elapsed": 59.748198, "delta": 0.719691}}
{"target": 0.7600268312086946, "params": {"eta": 1.0, "max_depth": 2.861941600738602, "n_estimators": 10.0}, "datetime": {"datetime": "2021-09-17 15:47:39", "elapsed": 60.447873, "delta": 0.699675}}
{"target": 0.683330437699961, "params": {"eta": 1.0, "max_depth": 1.0, "n_estimators": 6.7976486106804135}, "datetime": {"datetime": "2021-09-17 15:47:40", "elapsed": 61.105874, "delta": 0.658001}}
{"target": 0.7084084256491971, "params": {"eta": 0.9972875822668174, "max_depth": 2.0911223745151055, "n_estimators": 6.048472948597597}, "datetime": {"datetime": "2021-09-17 15:47:41", "elapsed": 61.720875, "delta": 0.615001}}
{"target": 0.6940236164145088, "params": {"eta": 1.0, "max_depth": 9.268285153361044, "n_estimators": 6.712307734536276}, "datetime": {"datetime": "2021-09-17 15:47:41", "elapsed": 62.403103, "delta": 0.682228}}
{"target": 0.708882665028193, "params": {"eta": 1.0, "max_depth": 10.0, "n_estimators": 8.167028760114752}, "datetime": {"datetime": "2021-09-17 15:47:42", "elapsed": 62.998103, "delta": 0.595}}
{"target": 0.6501747830093738, "params": {"eta": 1.0, "max_depth": 9.342577188566802, "n_estimators": 1.5240991806274862}, "datetime": {"datetime": "2021-09-17 15:47:43", "elapsed": 63.637107, "delta": 0.639004}}
{"target": 0.7761520449942765, "params": {"eta": 1.0, "max_depth": 3.612935910527851, "n_estimators": 8.934753090476557}, "datetime": {"datetime": "2021-09-17 15:47:43", "elapsed": 64.36995, "delta": 0.732843}}
{"target": -4.059156866953517, "params": {"eta": 0.01, "max_depth": 8.463208591831771, "n_estimators": 10.0}, "datetime": {"datetime": "2021-09-17 15:47:44", "elapsed": 65.022608, "delta": 0.652658}}
{"target": 0.7289234094378835, "params": {"eta": 1.0, "max_depth": 6.763113788255556, "n_estimators": 9.335413829770784}, "datetime": {"datetime": "2021-09-17 15:47:45", "elapsed": 65.830626, "delta": 0.808018}}
{"target": 0.7794897571526489, "params": {"eta": 0.96033046614035, "max_depth": 9.301116161801922, "n_estimators": 9.66056982560696}, "datetime": {"datetime": "2021-09-17 15:47:46", "elapsed": 66.598847, "delta": 0.768221}}
{"target": 0.8544332382983344, "params": {"eta": 0.4019356980428135, "max_depth": 9.203362358725068, "n_estimators": 8.845481403468371}, "datetime": {"datetime": "2021-09-17 15:47:46", "elapsed": 67.333846, "delta": 0.734999}}
{"target": 0.771048741742242, "params": {"eta": 0.7394233750121637, "max_depth": 8.80848584242897, "n_estimators": 9.245877765980483}, "datetime": {"datetime": "2021-09-17 15:47:47", "elapsed": 68.174861, "delta": 0.841015}}
{"target": 0.781593455599606, "params": {"eta": 1.0, "max_depth": 4.280390776441398, "n_estimators": 9.359716112053114}, "datetime": {"datetime": "2021-09-17 15:47:48", "elapsed": 68.864031, "delta": 0.68917}}
{"target": 0.7852126951699785, "params": {"eta": 1.0, "max_depth": 4.409851150367803, "n_estimators": 8.273087961211278}, "datetime": {"datetime": "2021-09-17 15:47:49", "elapsed": 69.666685, "delta": 0.802654}}
{"target": 0.7402260191322865, "params": {"eta": 0.9838834717763962, "max_depth": 9.33683371964995, "n_estimators": 8.173686484216766}, "datetime": {"datetime": "2021-09-17 15:47:49", "elapsed": 70.464878, "delta": 0.798193}}
{"target": 0.7202840141367282, "params": {"eta": 1.0, "max_depth": 5.896908938463822, "n_estimators": 9.294919829092597}, "datetime": {"datetime": "2021-09-17 15:47:50", "elapsed": 71.215875, "delta": 0.750997}}
{"target": 0.7761520449942765, "params": {"eta": 1.0, "max_depth": 3.0864219566526185, "n_estimators": 8.271115767809459}, "datetime": {"datetime": "2021-09-17 15:47:51", "elapsed": 71.885879, "delta": 0.670004}}
{"target": 0.6679167618503541, "params": {"eta": 0.994716669565942, "max_depth": 7.326608538116226, "n_estimators": 4.611567502678785}, "datetime": {"datetime": "2021-09-17 15:47:52", "elapsed": 72.59716, "delta": 0.711281}}
{"target": 0.7373410823019309, "params": {"eta": 0.9747509031256681, "max_depth": 6.522927265591157, "n_estimators": 5.115143315326629}, "datetime": {"datetime": "2021-09-17 15:47:52", "elapsed": 73.157162, "delta": 0.560002}}
{"target": 0.697015526286548, "params": {"eta": 1.0, "max_depth": 6.241289885788612, "n_estimators": 2.742465757725665}, "datetime": {"datetime": "2021-09-17 15:47:53", "elapsed": 73.808163, "delta": 0.651001}}
{"target": 0.7672691908383236, "params": {"eta": 0.9425893349036314, "max_depth": 4.949798286999501, "n_estimators": 5.071456685731089}, "datetime": {"datetime": "2021-09-17 15:47:53", "elapsed": 74.477947, "delta": 0.669784}}
{"target": 0.6988802365254154, "params": {"eta": 1.0, "max_depth": 2.4759258122391015, "n_estimators": 3.5090545551111685}, "datetime": {"datetime": "2021-09-17 15:47:54", "elapsed": 75.100636, "delta": 0.622689}}
{"target": 0.6611936713337884, "params": {"eta": 1.0, "max_depth": 3.8407191815726356, "n_estimators": 1.8680722328444752}, "datetime": {"datetime": "2021-09-17 15:47:55", "elapsed": 75.895618, "delta": 0.794982}}
{"target": 0.6501747830093738, "params": {"eta": 1.0, "max_depth": 4.826706981912576, "n_estimators": 1.6758585084008433}, "datetime": {"datetime": "2021-09-17 15:47:56", "elapsed": 76.678963, "delta": 0.783345}}
{"target": 0.6875394334580627, "params": {"eta": 1.0, "max_depth": 7.672841181369404, "n_estimators": 6.712722152097687}, "datetime": {"datetime": "2021-09-17 15:47:56", "elapsed": 77.538962, "delta": 0.859999}}
{"target": 0.7310490090396373, "params": {"eta": 1.0, "max_depth": 3.920887894713862, "n_estimators": 4.253917295107013}, "datetime": {"datetime": "2021-09-17 15:47:57", "elapsed": 78.322964, "delta": 0.784002}}
{"target": 0.6501747830093738, "params": {"eta": 1.0, "max_depth": 7.539884724411282, "n_estimators": 1.7219317248594135}, "datetime": {"datetime": "2021-09-17 15:47:58", "elapsed": 79.296309, "delta": 0.973345}}
{"target": 0.6999993491451454, "params": {"eta": 1.0, "max_depth": 9.366991987158205, "n_estimators": 3.918556398299827}, "datetime": {"datetime": "2021-09-17 15:47:59", "elapsed": 80.048129, "delta": 0.75182}}
{"target": 0.7160387267216928, "params": {"eta": 1.0, "max_depth": 8.053857293826766, "n_estimators": 8.17207984701656}, "datetime": {"datetime": "2021-09-17 15:48:00", "elapsed": 80.85732, "delta": 0.809191}}
{"target": 0.7279266636993836, "params": {"eta": 1.0, "max_depth": 6.62110321184032, "n_estimators": 10.0}, "datetime": {"datetime": "2021-09-17 15:48:01", "elapsed": 81.957951, "delta": 1.100631}}
{"target": 0.7584864924315406, "params": {"eta": 0.5105375900136294, "max_depth": 5.839015852029705, "n_estimators": 4.629408841327324}, "datetime": {"datetime": "2021-09-17 15:48:02", "elapsed": 82.749979, "delta": 0.792028}}
{"target": 0.7899440494424522, "params": {"eta": 0.9828642132098032, "max_depth": 4.56651315148111, "n_estimators": 4.181945415223906}, "datetime": {"datetime": "2021-09-17 15:48:02", "elapsed": 83.389984, "delta": 0.640005}}
{"target": 0.7123890392971453, "params": {"eta": 1.0, "max_depth": 1.6233672779907786, "n_estimators": 7.565620310648969}, "datetime": {"datetime": "2021-09-17 15:48:03", "elapsed": 84.082979, "delta": 0.692995}}
{"target": 0.7197472065009518, "params": {"eta": 1.0, "max_depth": 3.716097967769821, "n_estimators": 3.028720443913391}, "datetime": {"datetime": "2021-09-17 15:48:04", "elapsed": 85.094107, "delta": 1.011128}}
{"target": 0.6685074400449509, "params": {"eta": 1.0, "max_depth": 1.0, "n_estimators": 3.196607735451378}, "datetime": {"datetime": "2021-09-17 15:48:05", "elapsed": 85.892105, "delta": 0.797998}}
{"target": 0.6960125114237581, "params": {"eta": 1.0, "max_depth": 1.0, "n_estimators": 9.399835577637855}, "datetime": {"datetime": "2021-09-17 15:48:06", "elapsed": 87.209121, "delta": 1.317016}}
{"target": 0.7078502327821943, "params": {"eta": 1.0, "max_depth": 2.6645955550712364, "n_estimators": 6.457591119709289}, "datetime": {"datetime": "2021-09-17 15:48:07", "elapsed": 88.069118, "delta": 0.859997}}
{"target": 0.6690724528984213, "params": {"eta": 1.0, "max_depth": 7.114182841238173, "n_estimators": 3.5479136909043816}, "datetime": {"datetime": "2021-09-17 15:48:08", "elapsed": 89.071636, "delta": 1.002518}}
{"target": 0.7752212781476896, "params": {"eta": 1.0, "max_depth": 4.46014023812505, "n_estimators": 6.634268744356741}, "datetime": {"datetime": "2021-09-17 15:48:09", "elapsed": 90.089375, "delta": 1.017739}}
{"target": 0.6492845355493032, "params": {"eta": 0.9986405038783206, "max_depth": 8.440375309137544, "n_estimators": 1.478641056193191}, "datetime": {"datetime": "2021-09-17 15:48:10", "elapsed": 90.938342, "delta": 0.848967}}
{"target": 0.6891497667232224, "params": {"eta": 1.0, "max_depth": 7.334521662534777, "n_estimators": 2.599301688862265}, "datetime": {"datetime": "2021-09-17 15:48:11", "elapsed": 91.802338, "delta": 0.863996}}
{"target": 0.6891428209023553, "params": {"eta": 0.9973898729725635, "max_depth": 2.8356876672087434, "n_estimators": 4.937686959922923}, "datetime": {"datetime": "2021-09-17 15:48:12", "elapsed": 92.849642, "delta": 1.047304}}
{"target": 0.7023451228480049, "params": {"eta": 0.9967041075989488, "max_depth": 9.89377121867233, "n_estimators": 7.258198113246247}, "datetime": {"datetime": "2021-09-17 15:48:13", "elapsed": 93.93664, "delta": 1.086998}}
{"target": 0.7536779125794127, "params": {"eta": 0.9924004973901125, "max_depth": 5.440150927470823, "n_estimators": 8.03163490982018}, "datetime": {"datetime": "2021-09-17 15:48:14", "elapsed": 94.941615, "delta": 1.004975}}
{"target": 0.6534858712017793, "params": {"eta": 1.0, "max_depth": 1.5885289532581566, "n_estimators": 2.767203306735553}, "datetime": {"datetime": "2021-09-17 15:48:15", "elapsed": 95.824614, "delta": 0.882999}}
{"target": 0.6871000735011354, "params": {"eta": 1.0, "max_depth": 7.379057669556415, "n_estimators": 9.601953391312517}, "datetime": {"datetime": "2021-09-17 15:48:16", "elapsed": 96.86673, "delta": 1.042116}}
{"target": 0.6859267319441882, "params": {"eta": 0.9827529637151916, "max_depth": 5.149164805415998, "n_estimators": 2.514956328134323}, "datetime": {"datetime": "2021-09-17 15:48:17", "elapsed": 97.88473, "delta": 1.018}}
{"target": 0.7984040297457775, "params": {"eta": 0.9866258158663687, "max_depth": 4.804377957104526, "n_estimators": 7.795488560935842}, "datetime": {"datetime": "2021-09-17 15:48:18", "elapsed": 98.77943, "delta": 0.8947}}
{"target": 0.7891274262988406, "params": {"eta": 0.9903607647209227, "max_depth": 3.1702385135914577, "n_estimators": 9.383192996767438}, "datetime": {"datetime": "2021-09-17 15:48:19", "elapsed": 99.656143, "delta": 0.876713}}
{"target": 0.7285543291669296, "params": {"eta": 1.0, "max_depth": 6.027646945245475, "n_estimators": 4.623655637346348}, "datetime": {"datetime": "2021-09-17 15:48:19", "elapsed": 100.495145, "delta": 0.839002}}
{"target": 0.7091654310303207, "params": {"eta": 1.0, "max_depth": 10.0, "n_estimators": 9.315353432114145}, "datetime": {"datetime": "2021-09-17 15:48:20", "elapsed": 101.498424, "delta": 1.003279}}
{"target": 0.7050158404070046, "params": {"eta": 1.0, "max_depth": 1.6320641139833842, "n_estimators": 8.276666935088063}, "datetime": {"datetime": "2021-09-17 15:48:22", "elapsed": 102.886619, "delta": 1.388195}}
{"target": 0.7763754645599166, "params": {"eta": 0.5197867882953071, "max_depth": 2.4719718711464678, "n_estimators": 7.061331201068848}, "datetime": {"datetime": "2021-09-17 15:48:23", "elapsed": 103.89362, "delta": 1.007001}}
{"target": 0.683330437699961, "params": {"eta": 1.0, "max_depth": 1.0, "n_estimators": 6.082195365690746}, "datetime": {"datetime": "2021-09-17 15:48:24", "elapsed": 104.619345, "delta": 0.725725}}
{"target": 0.7235812954816632, "params": {"eta": 1.0, "max_depth": 5.031866189399342, "n_estimators": 3.5883153574851385}, "datetime": {"datetime": "2021-09-17 15:48:24", "elapsed": 105.428449, "delta": 0.809104}}
{"target": 0.6501747830093738, "params": {"eta": 1.0, "max_depth": 4.2723198271060205, "n_estimators": 1.0}, "datetime": {"datetime": "2021-09-17 15:48:25", "elapsed": 106.456456, "delta": 1.028007}}
{"target": 0.6921450550653732, "params": {"eta": 1.0, "max_depth": 2.9426866283075923, "n_estimators": 2.4682848355440035}, "datetime": {"datetime": "2021-09-17 15:48:26", "elapsed": 107.405659, "delta": 0.949203}}
{"target": 0.7136003147045338, "params": {"eta": 1.0, "max_depth": 8.625622729717035, "n_estimators": 4.041309044757933}, "datetime": {"datetime": "2021-09-17 15:48:27", "elapsed": 108.301663, "delta": 0.896004}}
{"target": 0.7197472065009518, "params": {"eta": 1.0, "max_depth": 3.027304441386792, "n_estimators": 3.101507774133783}, "datetime": {"datetime": "2021-09-17 15:48:28", "elapsed": 109.120917, "delta": 0.819254}}
{"target": 0.7588860167529288, "params": {"eta": 0.9924774980802352, "max_depth": 5.472885289627357, "n_estimators": 5.784689854709613}, "datetime": {"datetime": "2021-09-17 15:48:29", "elapsed": 110.002988, "delta": 0.882071}}
{"target": 0.7259309705966397, "params": {"eta": 1.0, "max_depth": 6.913649229083511, "n_estimators": 7.67312796938507}, "datetime": {"datetime": "2021-09-17 15:48:30", "elapsed": 110.889728, "delta": 0.88674}}
{"target": 0.6501747830093738, "params": {"eta": 1.0, "max_depth": 4.993384320937068, "n_estimators": 1.0}, "datetime": {"datetime": "2021-09-17 15:48:31", "elapsed": 111.730726, "delta": 0.840998}}
{"target": 0.7690947826952932, "params": {"eta": 0.7507366804054313, "max_depth": 7.43446501423732, "n_estimators": 6.096930656685903}, "datetime": {"datetime": "2021-09-17 15:48:31", "elapsed": 112.506723, "delta": 0.775997}}
{"target": 0.7035739812874244, "params": {"eta": 1.0, "max_depth": 10.0, "n_estimators": 2.7499712234546076}, "datetime": {"datetime": "2021-09-17 15:48:32", "elapsed": 113.345722, "delta": 0.838999}}
{"target": 0.7400029712505549, "params": {"eta": 0.9623126443556229, "max_depth": 8.361494138011555, "n_estimators": 5.698242434051599}, "datetime": {"datetime": "2021-09-17 15:48:33", "elapsed": 114.15272, "delta": 0.806998}}
{"target": 0.779086233333676, "params": {"eta": 1.0, "max_depth": 4.091336810457166, "n_estimators": 10.0}, "datetime": {"datetime": "2021-09-17 15:48:34", "elapsed": 115.207962, "delta": 1.055242}}
{"target": 0.6501747830093738, "params": {"eta": 1.0, "max_depth": 6.256363203157271, "n_estimators": 1.5247592217758232}, "datetime": {"datetime": "2021-09-17 15:48:35", "elapsed": 116.10196, "delta": 0.893998}}
{"target": 0.7782954484903939, "params": {"eta": 1.0, "max_depth": 4.385420901907907, "n_estimators": 5.299274009594662}, "datetime": {"datetime": "2021-09-17 15:48:36", "elapsed": 117.04116, "delta": 0.9392}}
{"target": 0.6938096368615483, "params": {"eta": 1.0, "max_depth": 9.404050129229494, "n_estimators": 5.35074592820947}, "datetime": {"datetime": "2021-09-17 15:48:37", "elapsed": 117.819163, "delta": 0.778003}}
{"target": 0.820590425819705, "params": {"eta": 0.4909333185295053, "max_depth": 9.263303874603979, "n_estimators": 9.342086961068608}, "datetime": {"datetime": "2021-09-17 15:48:38", "elapsed": 118.70513, "delta": 0.885967}}
{"target": 0.7202840141367282, "params": {"eta": 1.0, "max_depth": 5.150043899891856, "n_estimators": 9.570682789695448}, "datetime": {"datetime": "2021-09-17 15:48:39", "elapsed": 119.752849, "delta": 1.047719}}
{"target": 0.6685074400449509, "params": {"eta": 1.0, "max_depth": 1.0, "n_estimators": 3.8900245791989887}, "datetime": {"datetime": "2021-09-17 15:48:40", "elapsed": 120.697789, "delta": 0.94494}}
{"target": 0.7310490090396373, "params": {"eta": 1.0, "max_depth": 3.0922700443216096, "n_estimators": 4.333328576155532}, "datetime": {"datetime": "2021-09-17 15:48:40", "elapsed": 121.486789, "delta": 0.789}}
{"target": 0.751319425106901, "params": {"eta": 0.9986404730455963, "max_depth": 3.4717929193944554, "n_estimators": 4.985463467723866}, "datetime": {"datetime": "2021-09-17 15:48:41", "elapsed": 122.30479, "delta": 0.818001}}
{"target": 0.7006327528824059, "params": {"eta": 1.0, "max_depth": 3.5663169062040785, "n_estimators": 2.43599796810576}, "datetime": {"datetime": "2021-09-17 15:48:42", "elapsed": 123.139054, "delta": 0.834264}}
{"target": 0.7761868540167605, "params": {"eta": 0.6752823533348645, "max_depth": 7.923428307181846, "n_estimators": 5.390549498167365}, "datetime": {"datetime": "2021-09-17 15:48:43", "elapsed": 123.999052, "delta": 0.859998}}
{"target": 0.716170250868578, "params": {"eta": 1.0, "max_depth": 8.147949759758609, "n_estimators": 9.462244285045873}, "datetime": {"datetime": "2021-09-17 15:48:44", "elapsed": 125.149739, "delta": 1.150687}}
{"target": 0.7080701676820882, "params": {"eta": 1.0, "max_depth": 6.445752937246077, "n_estimators": 3.419434806756037}, "datetime": {"datetime": "2021-09-17 15:48:45", "elapsed": 126.378741, "delta": 1.229002}}
{"target": 0.686715891460655, "params": {"eta": 0.9950779029658654, "max_depth": 9.587949955291895, "n_estimators": 6.035929590804091}, "datetime": {"datetime": "2021-09-17 15:48:46", "elapsed": 127.251005, "delta": 0.872264}}
{"target": 0.6999993491451454, "params": {"eta": 1.0, "max_depth": 9.514042626681032, "n_estimators": 3.0739897940094543}, "datetime": {"datetime": "2021-09-17 15:48:47", "elapsed": 128.278004, "delta": 1.026999}}
{"target": 0.6872462668547894, "params": {"eta": 1.0, "max_depth": 8.586424172365716, "n_estimators": 2.7174718997495964}, "datetime": {"datetime": "2021-09-17 15:48:48", "elapsed": 129.226312, "delta": 0.948308}}
{"target": 0.7761520449942765, "params": {"eta": 1.0, "max_depth": 3.75712681917662, "n_estimators": 8.158225339110702}, "datetime": {"datetime": "2021-09-17 15:48:49", "elapsed": 130.278471, "delta": 1.052159}}
{"target": 0.7807500032592505, "params": {"eta": 0.9480522089444127, "max_depth": 4.841545190961598, "n_estimators": 7.102618628715163}, "datetime": {"datetime": "2021-09-17 15:48:50", "elapsed": 131.352752, "delta": 1.074281}}
{"target": 0.7021751562666304, "params": {"eta": 0.999627542594892, "max_depth": 9.942325850231692, "n_estimators": 8.673884612640993}, "datetime": {"datetime": "2021-09-17 15:48:51", "elapsed": 132.392737, "delta": 1.039985}}
{"target": 0.6961291677831043, "params": {"eta": 1.0, "max_depth": 9.211113922852501, "n_estimators": 10.0}, "datetime": {"datetime": "2021-09-17 15:48:52", "elapsed": 133.2544, "delta": 0.861663}}
{"target": 0.7385775171630314, "params": {"eta": 1.0, "max_depth": 4.7418964643478025, "n_estimators": 3.042178113434011}, "datetime": {"datetime": "2021-09-17 15:48:53", "elapsed": 134.278398, "delta": 1.023998}}
{"target": 0.6501747830093738, "params": {"eta": 1.0, "max_depth": 7.176668582215038, "n_estimators": 1.0}, "datetime": {"datetime": "2021-09-17 15:48:54", "elapsed": 135.109773, "delta": 0.831375}}
{"target": 0.7079462329231616, "params": {"eta": 1.0, "max_depth": 1.6183291911455535, "n_estimators": 10.0}, "datetime": {"datetime": "2021-09-17 15:48:55", "elapsed": 135.956775, "delta": 0.847002}}
