{"target": 0.835534814905972, "params": {"eta": 0.3412214220664749, "max_depth": 9.755484699009145, "n_estimators": 8.806746337929534}, "datetime": {"datetime": "2021-09-17 16:31:38", "elapsed": 2698.769284, "delta": 11.722685}}
{"target": 0.8177242816189569, "params": {"eta": 0.5200557967783825, "max_depth": 9.968277442596701, "n_estimators": 9.040779894208523}, "datetime": {"datetime": "2021-09-17 16:31:43", "elapsed": 2703.99807, "delta": 5.228786}}
{"target": 0.844971234695927, "params": {"eta": 0.46697556471116247, "max_depth": 9.790572991997223, "n_estimators": 8.992763167240163}, "datetime": {"datetime": "2021-09-17 16:31:52", "elapsed": 2712.741924, "delta": 8.743854}}
{"target": 0.8355282118764004, "params": {"eta": 0.36534659835659966, "max_depth": 9.58697963350254, "n_estimators": 8.550694345916904}, "datetime": {"datetime": "2021-09-17 16:31:59", "elapsed": 2720.064343, "delta": 7.322419}}
{"target": 0.8137429067235712, "params": {"eta": 0.550107004695292, "max_depth": 8.95405531146858, "n_estimators": 8.919149682148852}, "datetime": {"datetime": "2021-09-17 16:32:05", "elapsed": 2725.671729, "delta": 5.607386}}
{"target": 0.7078502327821943, "params": {"eta": 1.0, "max_depth": 2.3225289354638785, "n_estimators": 6.521718726889145}, "datetime": {"datetime": "2021-09-17 16:32:16", "elapsed": 2737.385186, "delta": 11.713457}}
{"target": 0.6996118706377333, "params": {"eta": 1.0, "max_depth": 2.3532984450052523, "n_estimators": 5.100898112009348}, "datetime": {"datetime": "2021-09-17 16:32:22", "elapsed": 2743.055272, "delta": 5.670086}}
{"target": 0.7646282969195749, "params": {"eta": 0.8216637285583906, "max_depth": 2.555921688755116, "n_estimators": 9.521409426529637}, "datetime": {"datetime": "2021-09-17 16:32:32", "elapsed": 2752.833736, "delta": 9.778464}}
{"target": 0.8181880610621245, "params": {"eta": 0.5379548798972018, "max_depth": 7.728163814491584, "n_estimators": 5.3045039855875675}, "datetime": {"datetime": "2021-09-17 16:32:53", "elapsed": 2773.660437, "delta": 20.826701}}
{"target": 0.8219338175927025, "params": {"eta": 0.40976270078546495, "max_depth": 9.721514930979357, "n_estimators": 10.01381688035822}, "datetime": {"datetime": "2021-09-17 17:39:11", "elapsed": 0.0, "delta": 0.0}}
{"target": 0.8428829812128171, "params": {"eta": 0.4089766365993794, "max_depth": 7.389238394711238, "n_estimators": 10.22947056533328}, "datetime": {"datetime": "2021-09-17 17:39:11", "elapsed": 0.058997, "delta": 0.058997}}
{"target": 0.8619145957745492, "params": {"eta": 0.3875174422525385, "max_depth": 11.134184006256639, "n_estimators": 11.818313802505147}, "datetime": {"datetime": "2021-09-17 17:39:11", "elapsed": 0.139999, "delta": 0.081002}}
{"target": 0.8529956200700284, "params": {"eta": 0.37668830376515555, "max_depth": 10.333800304661317, "n_estimators": 9.644474598764521}, "datetime": {"datetime": "2021-09-17 17:39:11", "elapsed": 0.198999, "delta": 0.059}}
{"target": 0.8141405408474297, "params": {"eta": 0.4136089122187865, "max_depth": 11.404773106341288, "n_estimators": 7.355180290989435}, "datetime": {"datetime": "2021-09-17 17:39:11", "elapsed": 0.252997, "delta": 0.053998}}
{"target": 0.832443369894265, "params": {"eta": 0.31742585994030814, "max_depth": 4.161747179522606, "n_estimators": 11.16309922773969}, "datetime": {"datetime": "2021-09-17 17:39:11", "elapsed": 0.293998, "delta": 0.041001}}
{"target": 0.8593622623965418, "params": {"eta": 0.4556313501899701, "max_depth": 10.960097185974554, "n_estimators": 11.89309171116382}, "datetime": {"datetime": "2021-09-17 17:39:11", "elapsed": 0.364, "delta": 0.070002}}
{"target": 0.832168730364285, "params": {"eta": 0.45983171284334473, "max_depth": 7.691834898023455, "n_estimators": 10.902645881432278}, "datetime": {"datetime": "2021-09-17 17:39:11", "elapsed": 0.422003, "delta": 0.058003}}
{"target": 0.8132703394141266, "params": {"eta": 0.5, "max_depth": 11.020023003580105, "n_estimators": 11.29041260409288}, "datetime": {"datetime": "2021-09-17 17:39:12", "elapsed": 0.878999, "delta": 0.456996}}
{"target": 0.8375659695843741, "params": {"eta": 0.3460577698136895, "max_depth": 11.660139548781828, "n_estimators": 8.916244375247732}, "datetime": {"datetime": "2021-09-17 17:39:12", "elapsed": 1.046001, "delta": 0.167002}}
{"target": 0.8280335692413165, "params": {"eta": 0.40822071020473066, "max_depth": 8.424854120905877, "n_estimators": 10.662822643739377}, "datetime": {"datetime": "2021-09-17 17:39:12", "elapsed": 1.211, "delta": 0.164999}}
{"target": 0.8138455625787627, "params": {"eta": 0.5, "max_depth": 11.187646183968173, "n_estimators": 12.0}, "datetime": {"datetime": "2021-09-17 17:39:13", "elapsed": 1.698769, "delta": 0.487769}}
{"target": 0.8413376915450407, "params": {"eta": 0.37440940491575575, "max_depth": 4.923830182275649, "n_estimators": 11.285732957159041}, "datetime": {"datetime": "2021-09-17 17:39:13", "elapsed": 1.851767, "delta": 0.152998}}
{"target": 0.8565475041517643, "params": {"eta": 0.4031658404090857, "max_depth": 11.041595801110912, "n_estimators": 11.868667074908}, "datetime": {"datetime": "2021-09-17 17:39:13", "elapsed": 2.043765, "delta": 0.191998}}
{"target": 0.8419231504208193, "params": {"eta": 0.41969088758466194, "max_depth": 11.04189741321164, "n_estimators": 11.762300366346567}, "datetime": {"datetime": "2021-09-17 17:39:13", "elapsed": 2.242765, "delta": 0.199}}
{"target": 0.7885276089536792, "params": {"eta": 0.34120806570066486, "max_depth": 5.448502784582863, "n_estimators": 7.001865485026008}, "datetime": {"datetime": "2021-09-17 17:39:13", "elapsed": 2.385762, "delta": 0.142997}}
{"target": 0.8492021173586307, "params": {"eta": 0.4644101813676625, "max_depth": 4.965878828868845, "n_estimators": 9.001182049849325}, "datetime": {"datetime": "2021-09-17 17:39:13", "elapsed": 2.535766, "delta": 0.150004}}
{"target": 0.8343915740853809, "params": {"eta": 0.3036418905264065, "max_depth": 11.204496697627203, "n_estimators": 11.775661655798936}, "datetime": {"datetime": "2021-09-17 17:39:14", "elapsed": 2.751996, "delta": 0.21623}}
{"target": 0.8210430650226156, "params": {"eta": 0.3589245481832036, "max_depth": 5.363293425837052, "n_estimators": 9.648998115533276}, "datetime": {"datetime": "2021-09-17 17:39:14", "elapsed": 2.908002, "delta": 0.156006}}
{"target": 0.8466149071537687, "params": {"eta": 0.46827627576196384, "max_depth": 10.974266044991538, "n_estimators": 11.896133222237246}, "datetime": {"datetime": "2021-09-17 17:39:14", "elapsed": 3.101, "delta": 0.192998}}
{"target": 0.8379151470043538, "params": {"eta": 0.41105441603564824, "max_depth": 10.974320950839504, "n_estimators": 11.919756147621351}, "datetime": {"datetime": "2021-09-17 17:39:14", "elapsed": 3.284691, "delta": 0.183691}}
{"target": 0.864512554488208, "params": {"eta": 0.4365954769949276, "max_depth": 10.94959484317017, "n_estimators": 11.870587710699503}, "datetime": {"datetime": "2021-09-17 17:39:14", "elapsed": 3.482689, "delta": 0.197998}}
{"target": 0.8409383627088352, "params": {"eta": 0.3985325159990504, "max_depth": 10.966226151835466, "n_estimators": 11.893619325909818}, "datetime": {"datetime": "2021-09-17 17:39:15", "elapsed": 3.675693, "delta": 0.193004}}
{"target": 0.8531101041163172, "params": {"eta": 0.47484123835421876, "max_depth": 5.452801490424534, "n_estimators": 7.215954008047362}, "datetime": {"datetime": "2021-09-17 17:39:15", "elapsed": 3.83569, "delta": 0.159997}}
{"target": 0.8556689351616644, "params": {"eta": 0.4032128775854053, "max_depth": 11.261522954778062, "n_estimators": 9.101359546814923}, "datetime": {"datetime": "2021-09-17 17:39:15", "elapsed": 4.019691, "delta": 0.184001}}
{"target": 0.84921355488145, "params": {"eta": 0.360686173434764, "max_depth": 11.0975304747627, "n_estimators": 11.84873193935806}, "datetime": {"datetime": "2021-09-17 17:39:15", "elapsed": 4.216689, "delta": 0.196998}}
{"target": 0.8488919935524796, "params": {"eta": 0.4688643395751421, "max_depth": 10.909414863391717, "n_estimators": 11.857824933723375}, "datetime": {"datetime": "2021-09-17 17:39:15", "elapsed": 4.41469, "delta": 0.198001}}
{"target": 0.7994381049478372, "params": {"eta": 0.48199010894430716, "max_depth": 11.101891880620602, "n_estimators": 11.853177247313194}, "datetime": {"datetime": "2021-09-17 17:39:16", "elapsed": 4.693689, "delta": 0.278999}}
{"target": 0.840634137924522, "params": {"eta": 0.35139505307037255, "max_depth": 11.158584751686078, "n_estimators": 11.799402219747707}, "datetime": {"datetime": "2021-09-17 17:39:16", "elapsed": 4.895691, "delta": 0.202002}}
{"target": 0.8330247925687977, "params": {"eta": 0.41867557232473, "max_depth": 10.938799604645464, "n_estimators": 11.816090837000562}, "datetime": {"datetime": "2021-09-17 17:39:16", "elapsed": 5.126692, "delta": 0.231001}}
{"target": 0.8272657262626655, "params": {"eta": 0.3849865744152049, "max_depth": 11.811339035495804, "n_estimators": 10.025488014425832}, "datetime": {"datetime": "2021-09-17 17:39:16", "elapsed": 5.328687, "delta": 0.201995}}
{"target": 0.835231342162836, "params": {"eta": 0.3652198277656261, "max_depth": 5.617247655856106, "n_estimators": 9.483820344158767}, "datetime": {"datetime": "2021-09-17 17:39:16", "elapsed": 5.509688, "delta": 0.181001}}
{"target": 0.8283813891626479, "params": {"eta": 0.3858338458876591, "max_depth": 11.27129018758298, "n_estimators": 9.141132984460366}, "datetime": {"datetime": "2021-09-17 17:39:17", "elapsed": 5.704685, "delta": 0.194997}}
{"target": 0.8416458986987649, "params": {"eta": 0.35930477085963386, "max_depth": 11.958390803317814, "n_estimators": 9.476238824021983}, "datetime": {"datetime": "2021-09-17 17:39:17", "elapsed": 5.912687, "delta": 0.208002}}
{"target": 0.7879689417467246, "params": {"eta": 0.30292191402884977, "max_depth": 6.485969756011422, "n_estimators": 8.002824771293923}, "datetime": {"datetime": "2021-09-17 17:39:17", "elapsed": 6.11569, "delta": 0.203003}}
{"target": 0.8414471467933574, "params": {"eta": 0.45213037702821934, "max_depth": 11.26858149114199, "n_estimators": 9.088308066616419}, "datetime": {"datetime": "2021-09-17 17:39:17", "elapsed": 6.316688, "delta": 0.200998}}
{"target": 0.8427132379819227, "params": {"eta": 0.39054900655263747, "max_depth": 4.913510749778173, "n_estimators": 11.281408989328472}, "datetime": {"datetime": "2021-09-17 17:39:17", "elapsed": 6.529691, "delta": 0.213003}}
{"target": 0.8657102859021736, "params": {"eta": 0.44320780422521755, "max_depth": 10.949380859302348, "n_estimators": 11.89727903153548}, "datetime": {"datetime": "2021-09-17 17:39:18", "elapsed": 6.755689, "delta": 0.225998}}
{"target": 0.8551622561711649, "params": {"eta": 0.3795565468422796, "max_depth": 11.304712364830312, "n_estimators": 9.052511041544859}, "datetime": {"datetime": "2021-09-17 17:39:18", "elapsed": 6.982687, "delta": 0.226998}}
{"target": 0.8379868470300433, "params": {"eta": 0.3030051698933451, "max_depth": 10.344423019024752, "n_estimators": 9.665207736363211}, "datetime": {"datetime": "2021-09-17 17:39:18", "elapsed": 7.210687, "delta": 0.228}}
{"target": 0.8566830686695391, "params": {"eta": 0.40274042985865866, "max_depth": 11.219726947590773, "n_estimators": 9.079627298663407}, "datetime": {"datetime": "2021-09-17 17:39:18", "elapsed": 7.41891, "delta": 0.208223}}
{"target": 0.8523877216510474, "params": {"eta": 0.36378905194895506, "max_depth": 11.23539958284225, "n_estimators": 9.022873042192076}, "datetime": {"datetime": "2021-09-17 17:39:19", "elapsed": 7.670909, "delta": 0.251999}}
{"target": 0.864595732499071, "params": {"eta": 0.43581263563786665, "max_depth": 10.903558123554294, "n_estimators": 11.928701904595638}, "datetime": {"datetime": "2021-09-17 17:39:19", "elapsed": 7.911162, "delta": 0.240253}}
{"target": 0.8090374778633753, "params": {"eta": 0.4902370598698291, "max_depth": 10.898136019077628, "n_estimators": 11.940497542133546}, "datetime": {"datetime": "2021-09-17 17:39:19", "elapsed": 8.29916, "delta": 0.387998}}
{"target": 0.8307408002308537, "params": {"eta": 0.41272976060194705, "max_depth": 11.143447444324808, "n_estimators": 11.776638688015456}, "datetime": {"datetime": "2021-09-17 17:39:19", "elapsed": 8.570162, "delta": 0.271002}}
{"target": 0.8482203891695633, "params": {"eta": 0.3289913893606438, "max_depth": 11.275302988006327, "n_estimators": 9.021711537269262}, "datetime": {"datetime": "2021-09-17 17:39:20", "elapsed": 8.927161, "delta": 0.356999}}
{"target": 0.8415138144653208, "params": {"eta": 0.34995665253420843, "max_depth": 10.27580838361109, "n_estimators": 9.38877962294038}, "datetime": {"datetime": "2021-09-17 17:39:20", "elapsed": 9.179162, "delta": 0.252001}}
{"target": 0.8207547535948005, "params": {"eta": 0.32284193105081654, "max_depth": 8.219064659050707, "n_estimators": 9.91737389212728}, "datetime": {"datetime": "2021-09-17 17:39:20", "elapsed": 9.43116, "delta": 0.251998}}
{"target": 0.827400044558054, "params": {"eta": 0.4167858434775593, "max_depth": 10.925462658354448, "n_estimators": 11.905873898984915}, "datetime": {"datetime": "2021-09-17 17:39:21", "elapsed": 9.634162, "delta": 0.203002}}
{"target": 0.865628483271222, "params": {"eta": 0.44126269085822223, "max_depth": 10.969951804801532, "n_estimators": 11.892058306024694}, "datetime": {"datetime": "2021-09-17 17:39:21", "elapsed": 9.976164, "delta": 0.342002}}
{"target": 0.8607818820102708, "params": {"eta": 0.45303731387475143, "max_depth": 4.343023059295425, "n_estimators": 8.247134281786142}, "datetime": {"datetime": "2021-09-17 17:39:21", "elapsed": 10.271162, "delta": 0.294998}}
{"target": 0.845192859793283, "params": {"eta": 0.44933392115789467, "max_depth": 10.95186267962032, "n_estimators": 11.902353786539399}, "datetime": {"datetime": "2021-09-17 17:39:21", "elapsed": 10.523203, "delta": 0.252041}}
{"target": 0.8448988782016245, "params": {"eta": 0.3686083256184436, "max_depth": 11.11732045532806, "n_estimators": 11.793106413848326}, "datetime": {"datetime": "2021-09-17 17:39:22", "elapsed": 10.832202, "delta": 0.308999}}
{"target": 0.8577452137944651, "params": {"eta": 0.4379013810627843, "max_depth": 10.808563119707872, "n_estimators": 7.069747430669963}, "datetime": {"datetime": "2021-09-17 17:39:22", "elapsed": 11.360326, "delta": 0.528124}}
{"target": 0.81725956894384, "params": {"eta": 0.4758406974086906, "max_depth": 11.343614655736197, "n_estimators": 8.9592151180229}, "datetime": {"datetime": "2021-09-17 17:39:23", "elapsed": 11.815343, "delta": 0.455017}}
{"target": 0.8556384641749893, "params": {"eta": 0.3755465018089373, "max_depth": 11.28858543591248, "n_estimators": 9.072012991526634}, "datetime": {"datetime": "2021-09-17 17:39:23", "elapsed": 12.128325, "delta": 0.312982}}
{"target": 0.8044567439033593, "params": {"eta": 0.48312487693343514, "max_depth": 5.4297005335570026, "n_estimators": 7.20792293978307}, "datetime": {"datetime": "2021-09-17 17:39:23", "elapsed": 12.54041, "delta": 0.412085}}
{"target": 0.8451839884481763, "params": {"eta": 0.3957345253126288, "max_depth": 11.290512658449524, "n_estimators": 9.063175421045024}, "datetime": {"datetime": "2021-09-17 17:39:24", "elapsed": 12.986072, "delta": 0.445662}}
{"target": 0.8406782604988658, "params": {"eta": 0.40514152601968806, "max_depth": 11.117985251092191, "n_estimators": 11.816245196346554}, "datetime": {"datetime": "2021-09-17 17:39:24", "elapsed": 13.310363, "delta": 0.324291}}
{"target": 0.8644381984712828, "params": {"eta": 0.4356236901026772, "max_depth": 10.892646671980767, "n_estimators": 11.93358502096316}, "datetime": {"datetime": "2021-09-17 17:39:25", "elapsed": 13.726891, "delta": 0.416528}}
{"target": 0.8233505425532577, "params": {"eta": 0.49943177908289565, "max_depth": 7.254476938306583, "n_estimators": 9.21072315556261}, "datetime": {"datetime": "2021-09-17 17:39:25", "elapsed": 14.096495, "delta": 0.369604}}
{"target": 0.8573926960842642, "params": {"eta": 0.43834762160248675, "max_depth": 4.913052543802032, "n_estimators": 10.69293582237863}, "datetime": {"datetime": "2021-09-17 17:39:25", "elapsed": 14.379495, "delta": 0.283}}
{"target": 0.8430571523716862, "params": {"eta": 0.36334879656442315, "max_depth": 11.284713235085412, "n_estimators": 9.049733463230337}, "datetime": {"datetime": "2021-09-17 17:39:26", "elapsed": 14.783494, "delta": 0.403999}}
{"target": 0.8499523212211184, "params": {"eta": 0.4279970719948204, "max_depth": 11.04477975217473, "n_estimators": 11.881795252626132}, "datetime": {"datetime": "2021-09-17 17:39:26", "elapsed": 15.128493, "delta": 0.344999}}
{"target": 0.8621479242240746, "params": {"eta": 0.4312830400378799, "max_depth": 11.208174316749066, "n_estimators": 9.075234107441508}, "datetime": {"datetime": "2021-09-17 17:39:26", "elapsed": 15.422317, "delta": 0.293824}}
{"target": 0.8408475020567064, "params": {"eta": 0.4234738886666001, "max_depth": 10.889077072351235, "n_estimators": 11.953731012480105}, "datetime": {"datetime": "2021-09-17 17:39:27", "elapsed": 15.726318, "delta": 0.304001}}
{"target": 0.865628563512834, "params": {"eta": 0.4412368215930985, "max_depth": 10.979707230913816, "n_estimators": 11.867645963142653}, "datetime": {"datetime": "2021-09-17 17:39:27", "elapsed": 16.10332, "delta": 0.377002}}
{"target": 0.8687511175608122, "params": {"eta": 0.44451397714334917, "max_depth": 11.229393827463685, "n_estimators": 9.056785256350373}, "datetime": {"datetime": "2021-09-17 17:39:27", "elapsed": 16.485318, "delta": 0.381998}}
{"target": 0.8412604314395091, "params": {"eta": 0.3763792620905791, "max_depth": 4.91941336687632, "n_estimators": 11.285743942577346}, "datetime": {"datetime": "2021-09-17 17:39:28", "elapsed": 16.808316, "delta": 0.322998}}
{"target": 0.848169543476081, "params": {"eta": 0.46294322449192504, "max_depth": 10.971858236495363, "n_estimators": 11.854504558348015}, "datetime": {"datetime": "2021-09-17 17:39:28", "elapsed": 17.134317, "delta": 0.326001}}
{"target": 0.8508567575093692, "params": {"eta": 0.4574531580525006, "max_depth": 5.464581407749791, "n_estimators": 7.201057162229116}, "datetime": {"datetime": "2021-09-17 17:39:28", "elapsed": 17.45986, "delta": 0.325543}}
{"target": 0.8164658289154693, "params": {"eta": 0.41545353370178273, "max_depth": 10.420338795035931, "n_estimators": 7.99213721066402}, "datetime": {"datetime": "2021-09-17 17:39:29", "elapsed": 17.799858, "delta": 0.339998}}
{"target": 0.8580696203153365, "params": {"eta": 0.38146027537347743, "max_depth": 9.24902918605779, "n_estimators": 9.66849497101403}, "datetime": {"datetime": "2021-09-17 17:39:29", "elapsed": 18.10886, "delta": 0.309002}}
{"target": 0.845208158851814, "params": {"eta": 0.44635734081944456, "max_depth": 11.046026350099265, "n_estimators": 8.986449046305935}, "datetime": {"datetime": "2021-09-17 17:39:29", "elapsed": 18.394862, "delta": 0.286002}}
{"target": 0.8653561889418399, "params": {"eta": 0.4356308846857786, "max_depth": 11.012968002306723, "n_estimators": 11.870383161021946}, "datetime": {"datetime": "2021-09-17 17:39:30", "elapsed": 18.768864, "delta": 0.374002}}
{"target": 0.848719783758167, "params": {"eta": 0.3333236735326822, "max_depth": 4.515467577792273, "n_estimators": 11.334524920105604}, "datetime": {"datetime": "2021-09-17 17:39:30", "elapsed": 19.135861, "delta": 0.366997}}
{"target": 0.8448075667205797, "params": {"eta": 0.42655700855640777, "max_depth": 11.215368705252214, "n_estimators": 9.063012424951875}, "datetime": {"datetime": "2021-09-17 17:39:30", "elapsed": 19.53263, "delta": 0.396769}}
{"target": 0.8628188906343612, "params": {"eta": 0.45633944436267004, "max_depth": 10.947657898240951, "n_estimators": 11.880402399294475}, "datetime": {"datetime": "2021-09-17 17:39:31", "elapsed": 20.090623, "delta": 0.557993}}
{"target": 0.8434409290134528, "params": {"eta": 0.40377897152863795, "max_depth": 5.3969134844163635, "n_estimators": 11.288878505767826}, "datetime": {"datetime": "2021-09-17 17:39:31", "elapsed": 20.391626, "delta": 0.301003}}
{"target": 0.8221913832328438, "params": {"eta": 0.3206253528636894, "max_depth": 9.391809517940883, "n_estimators": 10.228563067895273}, "datetime": {"datetime": "2021-09-17 17:39:32", "elapsed": 20.804621, "delta": 0.412995}}
{"target": 0.8679288274240262, "params": {"eta": 0.43331815675426844, "max_depth": 7.281844793321123, "n_estimators": 11.937822355034825}, "datetime": {"datetime": "2021-09-17 17:39:32", "elapsed": 21.174626, "delta": 0.370005}}
{"target": 0.8372130908909143, "params": {"eta": 0.3484762799458765, "max_depth": 11.202353310013363, "n_estimators": 9.414376618740768}, "datetime": {"datetime": "2021-09-17 17:39:32", "elapsed": 21.562627, "delta": 0.388001}}
{"target": 0.8397490381386461, "params": {"eta": 0.4286590939490946, "max_depth": 9.702272451383497, "n_estimators": 10.051150645899689}, "datetime": {"datetime": "2021-09-17 17:39:33", "elapsed": 21.912624, "delta": 0.349997}}
{"target": 0.7693139036203995, "params": {"eta": 0.31214039778727765, "max_depth": 4.048296785505468, "n_estimators": 7.760314615227368}, "datetime": {"datetime": "2021-09-17 17:39:33", "elapsed": 22.251626, "delta": 0.339002}}
{"target": 0.8586496076009914, "params": {"eta": 0.4008976227576791, "max_depth": 7.880315245637416, "n_estimators": 11.728846108847389}, "datetime": {"datetime": "2021-09-17 17:39:34", "elapsed": 22.646623, "delta": 0.394997}}
{"target": 0.8660942312911778, "params": {"eta": 0.43615270176413945, "max_depth": 11.012060431217872, "n_estimators": 11.898153080980318}, "datetime": {"datetime": "2021-09-17 17:39:34", "elapsed": 23.121796, "delta": 0.475173}}
{"target": 0.8420695059268762, "params": {"eta": 0.40406677777727007, "max_depth": 11.148732028679724, "n_estimators": 11.840947724470704}, "datetime": {"datetime": "2021-09-17 17:39:34", "elapsed": 23.583594, "delta": 0.461798}}
{"target": 0.8628547223740519, "params": {"eta": 0.4559577355836506, "max_depth": 10.34316583757839, "n_estimators": 9.930743606813973}, "datetime": {"datetime": "2021-09-17 17:39:35", "elapsed": 23.973589, "delta": 0.389995}}
