{"target": -12.600904973320946, "params": {"eta": 0.09402450872416894, "max_depth": 13.964143679799022, "n_estimators": 29.721212710493933}, "datetime": {"datetime": "2021-09-27 18:11:25", "elapsed": 373.282155, "delta": 2.258762}}
{"target": -17.54462648639704, "params": {"eta": 0.9822123506324945, "max_depth": 26.635432548109172, "n_estimators": 45.919138251225235}, "datetime": {"datetime": "2021-09-27 18:11:28", "elapsed": 376.152652, "delta": 2.870497}}
{"target": -15.952992786768899, "params": {"eta": 1.0, "max_depth": 12.296033174814266, "n_estimators": 47.96826712532693}, "datetime": {"datetime": "2021-09-27 18:11:30", "elapsed": 378.323423, "delta": 2.170771}}
{"target": -93.00067498240206, "params": {"eta": 0.001, "max_depth": 12.78163822589426, "n_estimators": 47.29003787763598}, "datetime": {"datetime": "2021-09-27 18:11:33", "elapsed": 381.650158, "delta": 3.326735}}
{"target": -16.28024816237213, "params": {"eta": 0.9261779720791925, "max_depth": 21.571586481346902, "n_estimators": 34.46493625630737}, "datetime": {"datetime": "2021-09-27 18:11:36", "elapsed": 384.107978, "delta": 2.45782}}
{"target": -29.568987356386465, "params": {"eta": 0.718892634171128, "max_depth": 19.594203133844687, "n_estimators": 1.166564644971464}, "datetime": {"datetime": "2021-09-27 18:11:37", "elapsed": 385.349516, "delta": 1.241538}}
{"target": -16.565703393361105, "params": {"eta": 0.9217423381994401, "max_depth": 16.36606752653399, "n_estimators": 40.72945463982859}, "datetime": {"datetime": "2021-09-27 18:11:40", "elapsed": 387.844371, "delta": 2.494855}}
{"target": -11.50127115490025, "params": {"eta": 0.16162410834513294, "max_depth": 6.769861164453541, "n_estimators": 22.493133116244067}, "datetime": {"datetime": "2021-09-27 18:11:42", "elapsed": 390.425574, "delta": 2.581203}}
{"target": -12.611583776909018, "params": {"eta": 0.34793402483946656, "max_depth": 14.274548520287953, "n_estimators": 42.16935176520656}, "datetime": {"datetime": "2021-09-27 18:11:46", "elapsed": 393.936831, "delta": 3.511257}}
{"target": -16.056247256514688, "params": {"eta": 0.9215404390404085, "max_depth": 12.756594705973777, "n_estimators": 15.831023911543356}, "datetime": {"datetime": "2021-09-27 18:11:48", "elapsed": 396.360296, "delta": 2.423465}}
{"target": -14.905767957924922, "params": {"eta": 1.0, "max_depth": 2.067538389847128, "n_estimators": 25.37950841948612}, "datetime": {"datetime": "2021-09-27 18:11:51", "elapsed": 399.422319, "delta": 3.062023}}
{"target": -16.031972452570546, "params": {"eta": 0.9994255471381713, "max_depth": 27.13129270052051, "n_estimators": 37.536039750294194}, "datetime": {"datetime": "2021-09-27 18:11:55", "elapsed": 403.044779, "delta": 3.62246}}
{"target": -37.48753647334539, "params": {"eta": 0.05219291391991266, "max_depth": 15.921375367931223, "n_estimators": 18.911417247942385}, "datetime": {"datetime": "2021-09-27 18:11:58", "elapsed": 406.137191, "delta": 3.092412}}
{"target": -15.902346910095469, "params": {"eta": 0.992968265839589, "max_depth": 15.179542117677185, "n_estimators": 17.2419652764542}, "datetime": {"datetime": "2021-09-27 18:12:01", "elapsed": 409.028918, "delta": 2.891727}}
{"target": -16.54773656525262, "params": {"eta": 0.811339648923221, "max_depth": 16.733344083135112, "n_estimators": 20.184274455319528}, "datetime": {"datetime": "2021-09-27 18:12:04", "elapsed": 411.904936, "delta": 2.876018}}
{"target": -20.78457955604268, "params": {"eta": 0.0688007331913795, "max_depth": 9.855282617307632, "n_estimators": 23.15306673473599}, "datetime": {"datetime": "2021-09-27 18:12:07", "elapsed": 414.844807, "delta": 2.939871}}
{"target": -15.892412161235352, "params": {"eta": 1.0, "max_depth": 19.588927361873655, "n_estimators": 43.4308291232506}, "datetime": {"datetime": "2021-09-27 18:12:10", "elapsed": 418.571053, "delta": 3.726246}}
{"target": -16.3851250146147, "params": {"eta": 0.9744273153696241, "max_depth": 11.382812483139519, "n_estimators": 45.18631596494666}, "datetime": {"datetime": "2021-09-27 18:12:13", "elapsed": 420.962543, "delta": 2.39149}}
{"target": -12.453369873793402, "params": {"eta": 0.45832878968970786, "max_depth": 5.848413942715444, "n_estimators": 21.33468390564652}, "datetime": {"datetime": "2021-09-27 18:12:15", "elapsed": 423.556458, "delta": 2.593915}}
{"target": -16.892013978958932, "params": {"eta": 1.0, "max_depth": 13.059504287441026, "n_estimators": 38.55026790506921}, "datetime": {"datetime": "2021-09-27 18:12:18", "elapsed": 426.077942, "delta": 2.521484}}
{"target": -16.57409198447429, "params": {"eta": 1.0, "max_depth": 6.525358424816679, "n_estimators": 22.042362892488537}, "datetime": {"datetime": "2021-09-27 18:12:21", "elapsed": 429.153913, "delta": 3.075971}}
{"target": -29.071419274664734, "params": {"eta": 0.026198267674520655, "max_depth": 8.847971400278745, "n_estimators": 47.62048996276065}, "datetime": {"datetime": "2021-09-27 18:12:24", "elapsed": 432.234503, "delta": 3.08059}}
{"target": -16.144246761994648, "params": {"eta": 0.9967013832361947, "max_depth": 16.80048052376287, "n_estimators": 22.524091474447154}, "datetime": {"datetime": "2021-09-27 18:12:27", "elapsed": 435.120517, "delta": 2.886014}}
{"target": -12.001431881965068, "params": {"eta": 0.1635361031705796, "max_depth": 16.71324889649601, "n_estimators": 29.310001728341415}, "datetime": {"datetime": "2021-09-27 18:12:30", "elapsed": 438.229465, "delta": 3.108948}}
{"target": -12.380222132599691, "params": {"eta": 0.08908560670840779, "max_depth": 5.626183657397925, "n_estimators": 32.240105379623714}, "datetime": {"datetime": "2021-09-27 18:12:33", "elapsed": 441.489708, "delta": 3.260243}}
{"target": -12.47271350660312, "params": {"eta": 0.3430468598444747, "max_depth": 6.21959425203495, "n_estimators": 33.43180194417252}, "datetime": {"datetime": "2021-09-27 18:12:36", "elapsed": 444.610963, "delta": 3.121255}}
{"target": -17.223256497477106, "params": {"eta": 0.9678745838713337, "max_depth": 17.698728468655794, "n_estimators": 43.469998112853744}, "datetime": {"datetime": "2021-09-27 18:12:39", "elapsed": 447.189103, "delta": 2.57814}}
{"target": -10.905292311833604, "params": {"eta": 0.4228747267489193, "max_depth": 9.95239279783798, "n_estimators": 20.914032163903908}, "datetime": {"datetime": "2021-09-27 18:12:41", "elapsed": 449.64326, "delta": 2.454157}}
{"target": -87.67264633389914, "params": {"eta": 0.005548253586727935, "max_depth": 9.0248820099334, "n_estimators": 19.91151398973502}, "datetime": {"datetime": "2021-09-27 18:12:45", "elapsed": 453.240154, "delta": 3.596894}}
{"target": -16.91440454652894, "params": {"eta": 0.7893114825305313, "max_depth": 10.8899774446194, "n_estimators": 20.845576636881784}, "datetime": {"datetime": "2021-09-27 18:12:47", "elapsed": 455.590631, "delta": 2.350477}}
{"target": -16.10046232280365, "params": {"eta": 0.9514283974028546, "max_depth": 9.266440905021994, "n_estimators": 17.34176463229814}, "datetime": {"datetime": "2021-09-27 18:12:51", "elapsed": 458.854974, "delta": 3.264343}}
{"target": -17.447035018443735, "params": {"eta": 0.8817931384851337, "max_depth": 16.673746885623988, "n_estimators": 28.432690010935453}, "datetime": {"datetime": "2021-09-27 18:12:54", "elapsed": 461.86645, "delta": 3.011476}}
{"target": -78.50939320953437, "params": {"eta": 0.008246403445471178, "max_depth": 17.713002107097502, "n_estimators": 26.665574968404766}, "datetime": {"datetime": "2021-09-27 18:12:57", "elapsed": 465.341211, "delta": 3.474761}}
{"target": -16.594972926847753, "params": {"eta": 0.9870142613785483, "max_depth": 19.21338982036339, "n_estimators": 26.260521496162042}, "datetime": {"datetime": "2021-09-27 18:13:00", "elapsed": 468.282709, "delta": 2.941498}}
{"target": -12.113196479702907, "params": {"eta": 0.2265276767795811, "max_depth": 9.61480076569327, "n_estimators": 24.90575443992673}, "datetime": {"datetime": "2021-09-27 18:13:03", "elapsed": 470.893948, "delta": 2.611239}}
{"target": -16.274488189425522, "params": {"eta": 0.8131261761139212, "max_depth": 7.014574789393291, "n_estimators": 18.98028307707701}, "datetime": {"datetime": "2021-09-27 18:13:06", "elapsed": 474.046981, "delta": 3.153033}}
{"target": -16.47830972078479, "params": {"eta": 0.9850767927412679, "max_depth": 8.185955055705485, "n_estimators": 43.84296152407871}, "datetime": {"datetime": "2021-09-27 18:13:09", "elapsed": 477.006316, "delta": 2.959335}}
{"target": -92.72309428815227, "params": {"eta": 0.001, "max_depth": 23.980886973805152, "n_estimators": 50.0}, "datetime": {"datetime": "2021-09-27 18:13:12", "elapsed": 480.400898, "delta": 3.394582}}
{"target": -17.390506549717312, "params": {"eta": 0.9869994087315497, "max_depth": 11.919453951754669, "n_estimators": 31.230180288483034}, "datetime": {"datetime": "2021-09-27 18:13:14", "elapsed": 482.342733, "delta": 1.941835}}
{"target": -11.675676003323103, "params": {"eta": 0.19116170976558497, "max_depth": 9.536064471809754, "n_estimators": 21.77188684931288}, "datetime": {"datetime": "2021-09-27 18:13:17", "elapsed": 485.212059, "delta": 2.869326}}
{"target": -15.62205780168302, "params": {"eta": 0.9132761322651436, "max_depth": 6.020263604219426, "n_estimators": 32.562583798915796}, "datetime": {"datetime": "2021-09-27 18:13:19", "elapsed": 487.780637, "delta": 2.568578}}
{"target": -16.737269889363652, "params": {"eta": 0.8812632532965723, "max_depth": 12.975795079070167, "n_estimators": 31.834122847310155}, "datetime": {"datetime": "2021-09-27 18:13:23", "elapsed": 491.176332, "delta": 3.395695}}
{"target": -16.028811089646354, "params": {"eta": 0.9928208540668158, "max_depth": 18.75723213376932, "n_estimators": 27.89248277072691}, "datetime": {"datetime": "2021-09-27 18:13:25", "elapsed": 493.62082, "delta": 2.444488}}
{"target": -35.050918555609385, "params": {"eta": 0.03197955913629591, "max_depth": 21.359378010480157, "n_estimators": 32.6365636593322}, "datetime": {"datetime": "2021-09-27 18:13:30", "elapsed": 497.847582, "delta": 4.226762}}
{"target": -16.413842064785786, "params": {"eta": 0.8596317163508504, "max_depth": 16.111872459488403, "n_estimators": 21.374064262129362}, "datetime": {"datetime": "2021-09-27 18:13:33", "elapsed": 501.382092, "delta": 3.53451}}
{"target": -21.21262754652862, "params": {"eta": 0.038831684951162425, "max_depth": 18.11304802449914, "n_estimators": 41.979391199133794}, "datetime": {"datetime": "2021-09-27 18:13:37", "elapsed": 505.259655, "delta": 3.877563}}
{"target": -94.30680960091289, "params": {"eta": 0.001, "max_depth": 23.14253160884147, "n_estimators": 33.85097065790652}, "datetime": {"datetime": "2021-09-27 18:13:40", "elapsed": 508.056131, "delta": 2.796476}}
{"target": -12.875651001959174, "params": {"eta": 0.49805454451772263, "max_depth": 8.204219873660893, "n_estimators": 17.668790866221055}, "datetime": {"datetime": "2021-09-27 18:13:42", "elapsed": 510.635293, "delta": 2.579162}}
{"target": -17.470010934229503, "params": {"eta": 0.9691000532581974, "max_depth": 10.185116871185524, "n_estimators": 21.601159057138393}, "datetime": {"datetime": "2021-09-27 18:13:46", "elapsed": 514.520748, "delta": 3.885455}}
{"target": -34.09974218576631, "params": {"eta": 0.041878042164588423, "max_depth": 24.09601768086755, "n_estimators": 25.218632145740106}, "datetime": {"datetime": "2021-09-27 18:13:49", "elapsed": 517.695568, "delta": 3.17482}}
{"target": -11.795480400999185, "params": {"eta": 0.07144724898561207, "max_depth": 10.657672996394083, "n_estimators": 45.71777901480064}, "datetime": {"datetime": "2021-09-27 18:13:52", "elapsed": 519.992717, "delta": 2.297149}}
{"target": -21.720493983644698, "params": {"eta": 0.04585556408500698, "max_depth": 19.42859941592547, "n_estimators": 34.5662809373774}, "datetime": {"datetime": "2021-09-27 18:13:54", "elapsed": 522.191487, "delta": 2.19877}}
{"target": -14.160989623844749, "params": {"eta": 0.7114983437349456, "max_depth": 1.0, "n_estimators": 26.933690024468962}, "datetime": {"datetime": "2021-09-27 18:13:56", "elapsed": 524.586261, "delta": 2.394774}}
{"target": -11.628807343615536, "params": {"eta": 0.08377932068125184, "max_depth": 15.053080984881557, "n_estimators": 44.68057175512388}, "datetime": {"datetime": "2021-09-27 18:13:59", "elapsed": 527.267807, "delta": 2.681546}}
{"target": -16.605622946562924, "params": {"eta": 0.9371505406224844, "max_depth": 18.21495342944372, "n_estimators": 25.14595692382674}, "datetime": {"datetime": "2021-09-27 18:14:02", "elapsed": 530.038231, "delta": 2.770424}}
{"target": -16.08520119351813, "params": {"eta": 0.9939128751998958, "max_depth": 14.295130380864324, "n_estimators": 44.94419463675012}, "datetime": {"datetime": "2021-09-27 18:14:05", "elapsed": 533.073136, "delta": 3.034905}}
{"target": -16.728992559657808, "params": {"eta": 0.8259753423369155, "max_depth": 11.979866243522636, "n_estimators": 42.47176203427994}, "datetime": {"datetime": "2021-09-27 18:14:08", "elapsed": 536.453694, "delta": 3.380558}}
{"target": -34.008053881904054, "params": {"eta": 0.04988336482918722, "max_depth": 27.451001804545903, "n_estimators": 21.45597919620487}, "datetime": {"datetime": "2021-09-27 18:14:12", "elapsed": 539.982055, "delta": 3.528361}}
{"target": -17.535224268817167, "params": {"eta": 0.9847776121534075, "max_depth": 10.578415354364003, "n_estimators": 44.32526013696258}, "datetime": {"datetime": "2021-09-27 18:14:15", "elapsed": 543.32808, "delta": 3.346025}}
{"target": -94.58825124713293, "params": {"eta": 0.001, "max_depth": 14.16347671600442, "n_estimators": 30.920934617768236}, "datetime": {"datetime": "2021-09-27 18:14:18", "elapsed": 546.581405, "delta": 3.253325}}
{"target": -15.922000006265835, "params": {"eta": 1.0, "max_depth": 15.477890244043044, "n_estimators": 30.13363365447191}, "datetime": {"datetime": "2021-09-27 18:14:22", "elapsed": 549.903529, "delta": 3.322124}}
{"target": -11.515548972766824, "params": {"eta": 0.36674490342253374, "max_depth": 12.71797520608258, "n_estimators": 29.890465991589846}, "datetime": {"datetime": "2021-09-27 18:14:25", "elapsed": 553.02262, "delta": 3.119091}}
{"target": -11.822933424152641, "params": {"eta": 0.37465364106564536, "max_depth": 11.549531999755892, "n_estimators": 46.9826148369193}, "datetime": {"datetime": "2021-09-27 18:14:27", "elapsed": 554.852035, "delta": 1.829415}}
{"target": -95.24458351592976, "params": {"eta": 0.001, "max_depth": 22.38628421809416, "n_estimators": 23.85232182076596}, "datetime": {"datetime": "2021-09-27 18:14:29", "elapsed": 557.349456, "delta": 2.497421}}
{"target": -16.563852243210864, "params": {"eta": 0.9223780607921273, "max_depth": 23.3865073251279, "n_estimators": 24.72043421713082}, "datetime": {"datetime": "2021-09-27 18:14:32", "elapsed": 559.968004, "delta": 2.618548}}
{"target": -94.68173829488107, "params": {"eta": 0.001, "max_depth": 15.971554693111754, "n_estimators": 29.923939049836548}, "datetime": {"datetime": "2021-09-27 18:14:35", "elapsed": 563.173858, "delta": 3.205854}}
{"target": -13.86232505976909, "params": {"eta": 0.6435303909496237, "max_depth": 9.323073168258958, "n_estimators": 34.863377729055955}, "datetime": {"datetime": "2021-09-27 18:14:36", "elapsed": 564.740131, "delta": 1.566273}}
{"target": -16.951283443339946, "params": {"eta": 0.9287005172598487, "max_depth": 8.792323890049138, "n_estimators": 2.7067575632423018}, "datetime": {"datetime": "2021-09-27 18:14:38", "elapsed": 566.49784, "delta": 1.757709}}
{"target": -16.83173307403835, "params": {"eta": 0.9566605161786988, "max_depth": 11.563330089478725, "n_estimators": 47.513887725717446}, "datetime": {"datetime": "2021-09-27 18:14:41", "elapsed": 569.185656, "delta": 2.687816}}
{"target": -14.87993007492843, "params": {"eta": 0.5739406652417636, "max_depth": 14.762908113109509, "n_estimators": 29.546670980959632}, "datetime": {"datetime": "2021-09-27 18:14:44", "elapsed": 572.440278, "delta": 3.254622}}
{"target": -17.078808284014148, "params": {"eta": 0.8982084410266269, "max_depth": 18.573284848799002, "n_estimators": 13.684397582677983}, "datetime": {"datetime": "2021-09-27 18:14:46", "elapsed": 574.212885, "delta": 1.772607}}
{"target": -67.48361794230122, "params": {"eta": 0.010122015745358669, "max_depth": 7.686222261652487, "n_estimators": 36.28604969627901}, "datetime": {"datetime": "2021-09-27 18:14:48", "elapsed": 575.879973, "delta": 1.667088}}
{"target": -16.116996973054952, "params": {"eta": 0.7542638560705326, "max_depth": 24.357510738493488, "n_estimators": 48.58669230708479}, "datetime": {"datetime": "2021-09-27 18:14:50", "elapsed": 578.567385, "delta": 2.687412}}
{"target": -16.562321077579444, "params": {"eta": 0.7734898380086755, "max_depth": 17.49001209059638, "n_estimators": 29.610567435258776}, "datetime": {"datetime": "2021-09-27 18:14:54", "elapsed": 582.018936, "delta": 3.451551}}
{"target": -11.393764494826565, "params": {"eta": 0.32817163505772234, "max_depth": 11.55565934781002, "n_estimators": 45.93345598811208}, "datetime": {"datetime": "2021-09-27 18:14:57", "elapsed": 585.297326, "delta": 3.27839}}
{"target": -13.209075933432244, "params": {"eta": 0.5315317121600908, "max_depth": 14.755597065106677, "n_estimators": 44.03734371189023}, "datetime": {"datetime": "2021-09-27 18:15:00", "elapsed": 588.606207, "delta": 3.308881}}
{"target": -11.704375850873982, "params": {"eta": 0.23564000069349123, "max_depth": 21.542198679325903, "n_estimators": 21.95860428165479}, "datetime": {"datetime": "2021-09-27 18:15:03", "elapsed": 591.396817, "delta": 2.79061}}
{"target": -93.37204405752789, "params": {"eta": 0.001, "max_depth": 14.135932781959816, "n_estimators": 43.196347026984775}, "datetime": {"datetime": "2021-09-27 18:15:06", "elapsed": 594.060999, "delta": 2.664182}}
{"target": -14.5020111435066, "params": {"eta": 0.5753571438186755, "max_depth": 16.669596567735464, "n_estimators": 41.971950138452605}, "datetime": {"datetime": "2021-09-27 18:15:09", "elapsed": 597.526271, "delta": 3.465272}}
{"target": -14.371654206556434, "params": {"eta": 0.6652853974860881, "max_depth": 10.73846382870155, "n_estimators": 49.64518823754137}, "datetime": {"datetime": "2021-09-27 18:15:11", "elapsed": 599.313586, "delta": 1.787315}}
{"target": -16.574763488617688, "params": {"eta": 0.8124784610194747, "max_depth": 15.068590439338308, "n_estimators": 42.53748356209624}, "datetime": {"datetime": "2021-09-27 18:15:14", "elapsed": 602.616684, "delta": 3.303098}}
{"target": -17.550351463148896, "params": {"eta": 0.9724609276911772, "max_depth": 9.310533005265983, "n_estimators": 44.32845351816616}, "datetime": {"datetime": "2021-09-27 18:15:17", "elapsed": 605.541069, "delta": 2.924385}}
{"target": -16.83389072080731, "params": {"eta": 0.9696252733654208, "max_depth": 13.900136774754788, "n_estimators": 41.78840468781599}, "datetime": {"datetime": "2021-09-27 18:15:20", "elapsed": 608.61333, "delta": 3.072261}}
{"target": -17.324619378269805, "params": {"eta": 0.871273350456399, "max_depth": 25.030637095322113, "n_estimators": 49.39964211708907}, "datetime": {"datetime": "2021-09-27 18:15:24", "elapsed": 612.601426, "delta": 3.988096}}
{"target": -13.861449858881903, "params": {"eta": 0.1356560509553141, "max_depth": 8.837195253807016, "n_estimators": 16.978623194398978}, "datetime": {"datetime": "2021-09-27 18:15:26", "elapsed": 614.488019, "delta": 1.886593}}
{"target": -78.86177510699845, "params": {"eta": 0.004679116390642902, "max_depth": 14.038621855481136, "n_estimators": 45.07345162164197}, "datetime": {"datetime": "2021-09-27 18:15:29", "elapsed": 616.954824, "delta": 2.466805}}
{"target": -14.088857717811837, "params": {"eta": 0.7104263621629672, "max_depth": 15.554504068164974, "n_estimators": 43.499824871825616}, "datetime": {"datetime": "2021-09-27 18:15:31", "elapsed": 619.784031, "delta": 2.829207}}
{"target": -12.981815199969393, "params": {"eta": 0.08966319799973259, "max_depth": 7.586216645375052, "n_estimators": 26.33032885871634}, "datetime": {"datetime": "2021-09-27 18:15:34", "elapsed": 622.506069, "delta": 2.722038}}
{"target": -95.24458351592976, "params": {"eta": 0.001, "max_depth": 6.140752506830979, "n_estimators": 23.231858365444936}, "datetime": {"datetime": "2021-09-27 18:15:37", "elapsed": 625.224512, "delta": 2.718443}}
{"target": -11.59956630501388, "params": {"eta": 0.14111355446122892, "max_depth": 21.2641949813599, "n_estimators": 34.01452929147667}, "datetime": {"datetime": "2021-09-27 18:15:40", "elapsed": 628.389332, "delta": 3.16482}}
{"target": -16.122579871462626, "params": {"eta": 0.9139977737031246, "max_depth": 12.069330510492113, "n_estimators": 6.22319211481017}, "datetime": {"datetime": "2021-09-27 18:15:42", "elapsed": 629.920334, "delta": 1.531002}}
{"target": -14.579481753460197, "params": {"eta": 0.07534840900299473, "max_depth": 17.11709416162743, "n_estimators": 28.705208059595417}, "datetime": {"datetime": "2021-09-27 18:15:44", "elapsed": 632.399477, "delta": 2.479143}}
{"target": -14.071563291072978, "params": {"eta": 0.6134690649800504, "max_depth": 25.64096488990285, "n_estimators": 47.62871175854859}, "datetime": {"datetime": "2021-09-27 18:15:47", "elapsed": 635.385769, "delta": 2.986292}}
{"target": -19.18737047861147, "params": {"eta": 0.08041120171154906, "max_depth": 6.547292104058475, "n_estimators": 21.684118001873674}, "datetime": {"datetime": "2021-09-27 18:15:52", "elapsed": 640.232488, "delta": 4.846719}}
{"target": -14.156752417720831, "params": {"eta": 0.6799877388204937, "max_depth": 5.210611886789763, "n_estimators": 24.22705687450532}, "datetime": {"datetime": "2021-09-27 18:15:56", "elapsed": 644.473943, "delta": 4.241455}}
{"target": -17.32603437667412, "params": {"eta": 0.9803967574707435, "max_depth": 13.80143360602971, "n_estimators": 44.17846229578619}, "datetime": {"datetime": "2021-09-27 18:15:59", "elapsed": 647.082923, "delta": 2.60898}}
