{"target": -11.081905431973723, "params": {"eta": 0.2285066190834067, "max_depth": 18.944508338215503, "n_estimators": 133.0705121632442}, "datetime": {"datetime": "2021-09-27 20:06:26", "elapsed": 142.402622, "delta": 1.548636}}
{"target": -11.04428146628127, "params": {"eta": 0.16782238319088377, "max_depth": 24.488818859178274, "n_estimators": 110.25576951330638}, "datetime": {"datetime": "2021-09-27 20:06:27", "elapsed": 144.244283, "delta": 1.841661}}
{"target": -11.659169982165373, "params": {"eta": 0.26092770344059407, "max_depth": 28.38995129389394, "n_estimators": 104.17906235657892}, "datetime": {"datetime": "2021-09-27 20:06:29", "elapsed": 145.673374, "delta": 1.429091}}
{"target": -11.335602595913812, "params": {"eta": 0.1781622891001659, "max_depth": 9.161312741453056, "n_estimators": 72.71024994098856}, "datetime": {"datetime": "2021-09-27 20:06:30", "elapsed": 146.549372, "delta": 0.875998}}
{"target": -13.37739862077868, "params": {"eta": 0.2790821807975472, "max_depth": 1.3922758537032094, "n_estimators": 102.53687594685422}, "datetime": {"datetime": "2021-09-27 20:06:30", "elapsed": 147.233375, "delta": 0.684003}}
{"target": -10.06838295534126, "params": {"eta": 0.12992230527151516, "max_depth": 17.298522680047128, "n_estimators": 90.73697586934404}, "datetime": {"datetime": "2021-09-27 20:06:32", "elapsed": 148.65918, "delta": 1.425805}}
{"target": -10.957918960911321, "params": {"eta": 0.2627966652071981, "max_depth": 17.28082303877312, "n_estimators": 91.01128641070281}, "datetime": {"datetime": "2021-09-27 20:06:33", "elapsed": 149.745182, "delta": 1.086002}}
{"target": -10.650550111211778, "params": {"eta": 0.16179032231582313, "max_depth": 11.172144913253302, "n_estimators": 138.38926142174873}, "datetime": {"datetime": "2021-09-27 20:06:35", "elapsed": 152.064231, "delta": 2.319049}}
{"target": -11.170435549398976, "params": {"eta": 0.26362228219280376, "max_depth": 9.944162808872235, "n_estimators": 113.3328384124018}, "datetime": {"datetime": "2021-09-27 20:06:36", "elapsed": 153.278981, "delta": 1.21475}}
{"target": -11.137266510421991, "params": {"eta": 0.29899561763060556, "max_depth": 3.717422752908905, "n_estimators": 103.73926339963855}, "datetime": {"datetime": "2021-09-27 20:06:37", "elapsed": 154.011982, "delta": 0.733001}}
{"target": -10.435064720119076, "params": {"eta": 0.20935390852073082, "max_depth": 17.251586111059098, "n_estimators": 90.55524284642095}, "datetime": {"datetime": "2021-09-27 20:06:39", "elapsed": 155.453348, "delta": 1.441366}}
{"target": -10.742348726105885, "params": {"eta": 0.15312239677165196, "max_depth": 17.772859291884398, "n_estimators": 141.11831796042978}, "datetime": {"datetime": "2021-09-27 20:06:41", "elapsed": 157.773179, "delta": 2.319831}}
{"target": -10.307747967816326, "params": {"eta": 0.14654586489486326, "max_depth": 8.652831301458399, "n_estimators": 61.51726328623186}, "datetime": {"datetime": "2021-09-27 20:06:42", "elapsed": 158.773258, "delta": 1.000079}}
{"target": -11.32773433826765, "params": {"eta": 0.28685722915567885, "max_depth": 25.13766337147904, "n_estimators": 148.4542501644469}, "datetime": {"datetime": "2021-09-27 20:06:43", "elapsed": 160.08926, "delta": 1.316002}}
{"target": -11.72876897970243, "params": {"eta": 0.2876208995571169, "max_depth": 6.449515072705062, "n_estimators": 112.09354260721034}, "datetime": {"datetime": "2021-09-27 20:06:44", "elapsed": 161.217978, "delta": 1.128718}}
{"target": -11.58474888453748, "params": {"eta": 0.2514967631303651, "max_depth": 12.276593871402497, "n_estimators": 142.98568601202007}, "datetime": {"datetime": "2021-09-27 20:06:46", "elapsed": 162.432975, "delta": 1.214997}}
{"target": -11.148560418280518, "params": {"eta": 0.2767997819975581, "max_depth": 28.50128871466523, "n_estimators": 69.85858542742709}, "datetime": {"datetime": "2021-09-27 20:06:47", "elapsed": 163.875978, "delta": 1.443003}}
{"target": -10.6177229112889, "params": {"eta": 0.07188359295939352, "max_depth": 16.77850396150279, "n_estimators": 106.26613100041888}, "datetime": {"datetime": "2021-09-27 20:06:48", "elapsed": 165.2734, "delta": 1.397422}}
{"target": -10.913538626005403, "params": {"eta": 0.18343597582696847, "max_depth": 8.447340850942348, "n_estimators": 61.703325348959524}, "datetime": {"datetime": "2021-09-27 20:06:49", "elapsed": 166.140727, "delta": 0.867327}}
{"target": -14.89278607002512, "params": {"eta": 0.06645379398111627, "max_depth": 1.4163995545090586, "n_estimators": 138.6387770746958}, "datetime": {"datetime": "2021-09-27 20:06:50", "elapsed": 166.704424, "delta": 0.563697}}
{"target": -10.65163014848587, "params": {"eta": 0.07268046188688974, "max_depth": 17.577088675857667, "n_estimators": 90.45706126582434}, "datetime": {"datetime": "2021-09-27 20:06:51", "elapsed": 168.335426, "delta": 1.631002}}
{"target": -11.312008215852467, "params": {"eta": 0.25531059774884846, "max_depth": 25.461036859394962, "n_estimators": 139.46962216400897}, "datetime": {"datetime": "2021-09-27 20:06:53", "elapsed": 169.576934, "delta": 1.241508}}
{"target": -10.701790468978736, "params": {"eta": 0.05, "max_depth": 6.505561541870016, "n_estimators": 111.60437052707698}, "datetime": {"datetime": "2021-09-27 20:06:54", "elapsed": 170.673608, "delta": 1.096674}}
{"target": -9.941405290910645, "params": {"eta": 0.20549542582169578, "max_depth": 9.93336283309723, "n_estimators": 77.66295164419046}, "datetime": {"datetime": "2021-09-27 20:06:55", "elapsed": 171.807606, "delta": 1.133998}}
{"target": -10.4476910534494, "params": {"eta": 0.09576439988621695, "max_depth": 28.433145889320027, "n_estimators": 99.76837457793604}, "datetime": {"datetime": "2021-09-27 20:06:57", "elapsed": 173.708079, "delta": 1.900473}}
{"target": -11.113639241960295, "params": {"eta": 0.23427313377120684, "max_depth": 9.542363798355986, "n_estimators": 77.4498899643014}, "datetime": {"datetime": "2021-09-27 20:06:58", "elapsed": 175.077737, "delta": 1.369658}}
{"target": -10.08242017167323, "params": {"eta": 0.20643429444254136, "max_depth": 9.884879003961519, "n_estimators": 77.99642038431372}, "datetime": {"datetime": "2021-09-27 20:07:00", "elapsed": 176.652125, "delta": 1.574388}}
{"target": -10.91789220337044, "params": {"eta": 0.18928912455938504, "max_depth": 10.14652201203597, "n_estimators": 77.83911127174034}, "datetime": {"datetime": "2021-09-27 20:07:01", "elapsed": 178.149071, "delta": 1.496946}}
{"target": -10.648004589926447, "params": {"eta": 0.20814978382329946, "max_depth": 9.549347909113298, "n_estimators": 78.04353749467612}, "datetime": {"datetime": "2021-09-27 20:07:03", "elapsed": 179.964147, "delta": 1.815076}}
{"target": -11.551324613806939, "params": {"eta": 0.23045581160997786, "max_depth": 6.763205747095797, "n_estimators": 134.2825650673823}, "datetime": {"datetime": "2021-09-27 20:07:04", "elapsed": 181.358726, "delta": 1.394579}}
{"target": -10.42673078443285, "params": {"eta": 0.14003733940867008, "max_depth": 6.223883554377255, "n_estimators": 115.33143912870828}, "datetime": {"datetime": "2021-09-27 20:07:06", "elapsed": 182.637895, "delta": 1.279169}}
{"target": -10.6706108705617, "params": {"eta": 0.11089306686662563, "max_depth": 6.186152398387601, "n_estimators": 115.74751963563959}, "datetime": {"datetime": "2021-09-27 20:07:07", "elapsed": 184.186895, "delta": 1.549}}
{"target": -10.36333136633005, "params": {"eta": 0.12866861240616456, "max_depth": 9.744635684007052, "n_estimators": 77.84380544232104}, "datetime": {"datetime": "2021-09-27 20:07:09", "elapsed": 185.821388, "delta": 1.634493}}
{"target": -10.422223123517066, "params": {"eta": 0.09626744077916095, "max_depth": 7.343985768492586, "n_estimators": 104.36385411993268}, "datetime": {"datetime": "2021-09-27 20:07:11", "elapsed": 187.444741, "delta": 1.623353}}
{"target": -10.66598071894199, "params": {"eta": 0.1617697763794757, "max_depth": 27.906899321179214, "n_estimators": 104.366783815557}, "datetime": {"datetime": "2021-09-27 20:07:12", "elapsed": 189.250768, "delta": 1.806027}}
{"target": -10.419255311982338, "params": {"eta": 0.13630415453812433, "max_depth": 6.977849663309673, "n_estimators": 104.18350911097914}, "datetime": {"datetime": "2021-09-27 20:07:14", "elapsed": 190.650384, "delta": 1.399616}}
{"target": -11.22740918538612, "params": {"eta": 0.27898609494555826, "max_depth": 9.362701553151751, "n_estimators": 148.02244580674972}, "datetime": {"datetime": "2021-09-27 20:07:15", "elapsed": 191.744389, "delta": 1.094005}}
{"target": -10.571764568775274, "params": {"eta": 0.09579635539125138, "max_depth": 5.9533522785747115, "n_estimators": 115.02287897295913}, "datetime": {"datetime": "2021-09-27 20:07:16", "elapsed": 192.6316, "delta": 0.887211}}
{"target": -10.223468068356748, "params": {"eta": 0.08059855511460996, "max_depth": 7.455311147688193, "n_estimators": 103.9489837817958}, "datetime": {"datetime": "2021-09-27 20:07:17", "elapsed": 193.582601, "delta": 0.951001}}
{"target": -10.220531149214947, "params": {"eta": 0.07440791267691856, "max_depth": 27.055425523624777, "n_estimators": 93.13099810093888}, "datetime": {"datetime": "2021-09-27 20:07:18", "elapsed": 195.185129, "delta": 1.602528}}
{"target": -10.56114751061703, "params": {"eta": 0.21059066236989166, "max_depth": 27.357807313664946, "n_estimators": 93.06869511231935}, "datetime": {"datetime": "2021-09-27 20:07:20", "elapsed": 196.45013, "delta": 1.265001}}
{"target": -10.534335123613307, "params": {"eta": 0.0818404416488545, "max_depth": 24.686071348422143, "n_estimators": 55.55872764241576}, "datetime": {"datetime": "2021-09-27 20:07:21", "elapsed": 197.390178, "delta": 0.940048}}
{"target": -11.183479606145834, "params": {"eta": 0.2699542936949742, "max_depth": 26.294980577614314, "n_estimators": 92.93192928919959}, "datetime": {"datetime": "2021-09-27 20:07:22", "elapsed": 198.520126, "delta": 1.129948}}
{"target": -10.432208091733445, "params": {"eta": 0.13540509628776387, "max_depth": 23.044687675496448, "n_estimators": 67.53012904990675}, "datetime": {"datetime": "2021-09-27 20:07:23", "elapsed": 199.605341, "delta": 1.085215}}
{"target": -10.56103942059045, "params": {"eta": 0.05, "max_depth": 27.174761564105008, "n_estimators": 93.46341504260977}, "datetime": {"datetime": "2021-09-27 20:07:24", "elapsed": 200.956148, "delta": 1.350807}}
{"target": -11.237872595106742, "params": {"eta": 0.2168228022528696, "max_depth": 13.252103889087222, "n_estimators": 94.60083908347065}, "datetime": {"datetime": "2021-09-27 20:07:25", "elapsed": 202.254149, "delta": 1.298001}}
{"target": -10.780192220809825, "params": {"eta": 0.170929462222227, "max_depth": 6.524212222480896, "n_estimators": 104.34545578628604}, "datetime": {"datetime": "2021-09-27 20:07:26", "elapsed": 203.202973, "delta": 0.948824}}
{"target": -10.639220261142594, "params": {"eta": 0.05172545878331501, "max_depth": 19.573008269113355, "n_estimators": 91.43876166646675}, "datetime": {"datetime": "2021-09-27 20:07:27", "elapsed": 204.196971, "delta": 0.993998}}
{"target": -10.350516088138951, "params": {"eta": 0.12957922958513252, "max_depth": 21.268779071630373, "n_estimators": 55.860128086865316}, "datetime": {"datetime": "2021-09-27 20:07:28", "elapsed": 205.18405, "delta": 0.987079}}
{"target": -10.881216568519632, "params": {"eta": 0.06243702733494057, "max_depth": 7.5838022450679805, "n_estimators": 103.62028666836706}, "datetime": {"datetime": "2021-09-27 20:07:29", "elapsed": 206.278643, "delta": 1.094593}}
{"target": -10.518674321488296, "params": {"eta": 0.12622452454992472, "max_depth": 10.066925994868592, "n_estimators": 58.37961409142256}, "datetime": {"datetime": "2021-09-27 20:07:30", "elapsed": 207.306641, "delta": 1.027998}}
{"target": -10.49351983698805, "params": {"eta": 0.12405732522717218, "max_depth": 15.980328051787502, "n_estimators": 123.63521754757262}, "datetime": {"datetime": "2021-09-27 20:07:32", "elapsed": 208.75295, "delta": 1.446309}}
{"target": -10.854297782770358, "params": {"eta": 0.1586375111522339, "max_depth": 12.856828459969696, "n_estimators": 51.90554773320313}, "datetime": {"datetime": "2021-09-27 20:07:33", "elapsed": 209.55495, "delta": 0.802}}
{"target": -11.872571880601527, "params": {"eta": 0.2599155082148217, "max_depth": 10.031812394855871, "n_estimators": 77.23137715333101}, "datetime": {"datetime": "2021-09-27 20:07:34", "elapsed": 210.738951, "delta": 1.184001}}
{"target": -11.58618475716871, "params": {"eta": 0.29207068169966327, "max_depth": 13.531837295455807, "n_estimators": 147.42584430864983}, "datetime": {"datetime": "2021-09-27 20:07:35", "elapsed": 211.801951, "delta": 1.063}}
{"target": -10.369273633479526, "params": {"eta": 0.21138791055266776, "max_depth": 11.778591021652645, "n_estimators": 122.05005218939199}, "datetime": {"datetime": "2021-09-27 20:07:36", "elapsed": 213.080501, "delta": 1.27855}}
{"target": -11.245999868255447, "params": {"eta": 0.29363805859140846, "max_depth": 7.756415426589922, "n_estimators": 95.71795879609175}, "datetime": {"datetime": "2021-09-27 20:07:37", "elapsed": 214.283502, "delta": 1.203001}}
{"target": -11.236158448482033, "params": {"eta": 0.2413442501770537, "max_depth": 27.834920341854765, "n_estimators": 140.30417010008364}, "datetime": {"datetime": "2021-09-27 20:07:39", "elapsed": 215.534758, "delta": 1.251256}}
{"target": -10.710864383226983, "params": {"eta": 0.0877717885373188, "max_depth": 5.004245557635813, "n_estimators": 149.88074434680777}, "datetime": {"datetime": "2021-09-27 20:07:40", "elapsed": 216.498761, "delta": 0.964003}}
{"target": -10.84876305178993, "params": {"eta": 0.18049030538026128, "max_depth": 28.03156403666307, "n_estimators": 101.03813252533038}, "datetime": {"datetime": "2021-09-27 20:07:41", "elapsed": 218.035916, "delta": 1.537155}}
{"target": -11.014834485055058, "params": {"eta": 0.18465079356243774, "max_depth": 8.820265898153284, "n_estimators": 61.14118849106836}, "datetime": {"datetime": "2021-09-27 20:07:43", "elapsed": 219.57415, "delta": 1.538234}}
{"target": -13.70907041120335, "params": {"eta": 0.1982677928873386, "max_depth": 1.6223497885114475, "n_estimators": 145.9196075315882}, "datetime": {"datetime": "2021-09-27 20:07:44", "elapsed": 220.392848, "delta": 0.818698}}
{"target": -11.375310766805917, "params": {"eta": 0.2961595624945497, "max_depth": 26.80136930166525, "n_estimators": 93.29754235399598}, "datetime": {"datetime": "2021-09-27 20:07:45", "elapsed": 221.658329, "delta": 1.265481}}
{"target": -11.125455942937904, "params": {"eta": 0.28937376985004987, "max_depth": 21.769228026674558, "n_estimators": 137.69360206452347}, "datetime": {"datetime": "2021-09-27 20:07:46", "elapsed": 222.921564, "delta": 1.263235}}
{"target": -10.686125169012898, "params": {"eta": 0.15694767299889456, "max_depth": 7.632944345665189, "n_estimators": 104.16447985680114}, "datetime": {"datetime": "2021-09-27 20:07:48", "elapsed": 224.577569, "delta": 1.656005}}
{"target": -11.116266049335518, "params": {"eta": 0.29920767237046814, "max_depth": 31.604659814569892, "n_estimators": 99.91281636378872}, "datetime": {"datetime": "2021-09-27 20:07:49", "elapsed": 225.592731, "delta": 1.015162}}
{"target": -10.314929277990844, "params": {"eta": 0.19424012105178984, "max_depth": 34.820409553242676, "n_estimators": 129.59783442621648}, "datetime": {"datetime": "2021-09-27 20:07:50", "elapsed": 226.870895, "delta": 1.278164}}
{"target": -11.116759195439649, "params": {"eta": 0.26282191169995345, "max_depth": 22.03710841629313, "n_estimators": 110.06058012782015}, "datetime": {"datetime": "2021-09-27 20:07:51", "elapsed": 227.994892, "delta": 1.123997}}
{"target": -10.695969852035567, "params": {"eta": 0.07798254884888807, "max_depth": 16.798962689415504, "n_estimators": 146.26926272777885}, "datetime": {"datetime": "2021-09-27 20:07:53", "elapsed": 229.74911, "delta": 1.754218}}
{"target": -11.456067790843557, "params": {"eta": 0.11605567709402052, "max_depth": 3.4701544149278414, "n_estimators": 81.97894636680073}, "datetime": {"datetime": "2021-09-27 20:07:54", "elapsed": 230.955219, "delta": 1.206109}}
{"target": -10.495050533963129, "params": {"eta": 0.14367178130131458, "max_depth": 34.4610300192897, "n_estimators": 129.60906757132446}, "datetime": {"datetime": "2021-09-27 20:07:56", "elapsed": 233.021668, "delta": 2.066449}}
{"target": -10.473347039906974, "params": {"eta": 0.11498761317740812, "max_depth": 16.67813912207648, "n_estimators": 63.52356195632619}, "datetime": {"datetime": "2021-09-27 20:07:57", "elapsed": 234.211667, "delta": 1.189999}}
{"target": -10.857041640915329, "params": {"eta": 0.28944807522109445, "max_depth": 6.349484992370326, "n_estimators": 102.92645791871749}, "datetime": {"datetime": "2021-09-27 20:07:58", "elapsed": 235.16601, "delta": 0.954343}}
{"target": -10.42553512708578, "params": {"eta": 0.20863998079056695, "max_depth": 28.16134849909136, "n_estimators": 50.1588857716748}, "datetime": {"datetime": "2021-09-27 20:07:59", "elapsed": 236.100056, "delta": 0.934046}}
{"target": -10.571762498249896, "params": {"eta": 0.05, "max_depth": 16.998321522090816, "n_estimators": 90.73971218251368}, "datetime": {"datetime": "2021-09-27 20:08:01", "elapsed": 237.567211, "delta": 1.467155}}
{"target": -11.166027307043477, "params": {"eta": 0.18919995215333157, "max_depth": 27.573354282099597, "n_estimators": 102.89619332811569}, "datetime": {"datetime": "2021-09-27 20:08:02", "elapsed": 239.116476, "delta": 1.549265}}
{"target": -10.664773817841796, "params": {"eta": 0.11070523512631987, "max_depth": 23.06748813017284, "n_estimators": 97.3710603271102}, "datetime": {"datetime": "2021-09-27 20:08:04", "elapsed": 240.671474, "delta": 1.554998}}
{"target": -10.612247751755504, "params": {"eta": 0.08733515570486176, "max_depth": 34.73591715789968, "n_estimators": 130.01342105373317}, "datetime": {"datetime": "2021-09-27 20:08:06", "elapsed": 243.057999, "delta": 2.386525}}
{"target": -11.130128277464431, "params": {"eta": 0.2693883243673083, "max_depth": 23.135189969253297, "n_estimators": 98.0525567759621}, "datetime": {"datetime": "2021-09-27 20:08:08", "elapsed": 244.381005, "delta": 1.323006}}
{"target": -11.743160156672188, "params": {"eta": 0.2669789285185632, "max_depth": 10.014019880037369, "n_estimators": 58.7408454817688}, "datetime": {"datetime": "2021-09-27 20:08:09", "elapsed": 245.55097, "delta": 1.169965}}
{"target": -11.092214429212522, "params": {"eta": 0.1554231378467809, "max_depth": 12.112339665439375, "n_estimators": 121.90548227677293}, "datetime": {"datetime": "2021-09-27 20:08:11", "elapsed": 247.534972, "delta": 1.984002}}
{"target": -10.611100525131551, "params": {"eta": 0.23414651725831115, "max_depth": 5.867536203366243, "n_estimators": 128.76110276996897}, "datetime": {"datetime": "2021-09-27 20:08:12", "elapsed": 248.701972, "delta": 1.167}}
{"target": -11.188100946245854, "params": {"eta": 0.24376053941974973, "max_depth": 9.824379006679791, "n_estimators": 104.71350123083272}, "datetime": {"datetime": "2021-09-27 20:08:13", "elapsed": 249.997493, "delta": 1.295521}}
{"target": -11.420486572114559, "params": {"eta": 0.22467580032643414, "max_depth": 26.028911390873795, "n_estimators": 76.02687150315731}, "datetime": {"datetime": "2021-09-27 20:08:15", "elapsed": 251.577528, "delta": 1.580035}}
{"target": -10.773914020429384, "params": {"eta": 0.15616648842590602, "max_depth": 5.3020650326685175, "n_estimators": 104.63528705077825}, "datetime": {"datetime": "2021-09-27 20:08:16", "elapsed": 252.566525, "delta": 0.988997}}
{"target": -10.724200830920285, "params": {"eta": 0.1476651428628501, "max_depth": 33.580467252833486, "n_estimators": 63.2478615250735}, "datetime": {"datetime": "2021-09-27 20:08:17", "elapsed": 253.976863, "delta": 1.410338}}
{"target": -10.515395164901097, "params": {"eta": 0.13316308908381036, "max_depth": 21.62207450371289, "n_estimators": 55.870140759409395}, "datetime": {"datetime": "2021-09-27 20:08:19", "elapsed": 255.4127, "delta": 1.435837}}
{"target": -11.102090997148295, "params": {"eta": 0.10228727152988458, "max_depth": 15.95454007344726, "n_estimators": 104.66760066981777}, "datetime": {"datetime": "2021-09-27 20:08:21", "elapsed": 257.714425, "delta": 2.301725}}
{"target": -10.940159818076364, "params": {"eta": 0.1784873344502685, "max_depth": 21.572835539167386, "n_estimators": 61.01628549108922}, "datetime": {"datetime": "2021-09-27 20:08:22", "elapsed": 259.105622, "delta": 1.391197}}
{"target": -10.586001640606476, "params": {"eta": 0.1462985548704665, "max_depth": 30.24999731918655, "n_estimators": 73.91238891357415}, "datetime": {"datetime": "2021-09-27 20:08:24", "elapsed": 260.782774, "delta": 1.677152}}
{"target": -10.11570879618057, "params": {"eta": 0.13921316547818097, "max_depth": 8.628274534780282, "n_estimators": 64.02869539554803}, "datetime": {"datetime": "2021-09-27 20:08:25", "elapsed": 261.819256, "delta": 1.036482}}
{"target": -11.380354686712575, "params": {"eta": 0.25420366212506246, "max_depth": 30.409794227080617, "n_estimators": 117.85518171521177}, "datetime": {"datetime": "2021-09-27 20:08:26", "elapsed": 263.105011, "delta": 1.285755}}
{"target": -10.535798425707494, "params": {"eta": 0.10956720206830307, "max_depth": 33.90956264431772, "n_estimators": 94.0254943354818}, "datetime": {"datetime": "2021-09-27 20:08:28", "elapsed": 264.873106, "delta": 1.768095}}
{"target": -10.828799169847947, "params": {"eta": 0.05589535648609549, "max_depth": 10.471732271385061, "n_estimators": 58.34530369059959}, "datetime": {"datetime": "2021-09-27 20:08:30", "elapsed": 266.753037, "delta": 1.879931}}
{"target": -10.478589091530344, "params": {"eta": 0.15993354518667668, "max_depth": 16.913107249825977, "n_estimators": 71.54205711348068}, "datetime": {"datetime": "2021-09-27 20:08:31", "elapsed": 268.244597, "delta": 1.49156}}
