{"target": -10.994416681747325, "params": {"eta": 0.08022621518623056, "max_depth": 6.762576689829662, "n_estimators": 309.75253560668534}, "datetime": {"datetime": "2021-09-27 19:36:46", "elapsed": 293.817816, "delta": 2.728883}}
{"target": -11.148820903712716, "params": {"eta": 0.11112415029582624, "max_depth": 5.7438653087529215, "n_estimators": 344.24304007634316}, "datetime": {"datetime": "2021-09-27 19:36:48", "elapsed": 296.076921, "delta": 2.259105}}
{"target": -12.168188411509448, "params": {"eta": 0.3734311726892815, "max_depth": 5.664365348960986, "n_estimators": 370.77942916315624}, "datetime": {"datetime": "2021-09-27 19:36:50", "elapsed": 297.608406, "delta": 1.531485}}
{"target": -11.603169790060933, "params": {"eta": 0.21333822248030465, "max_depth": 5.6475905214582625, "n_estimators": 343.9764625261039}, "datetime": {"datetime": "2021-09-27 19:36:52", "elapsed": 299.932932, "delta": 2.324526}}
{"target": -11.05047580068298, "params": {"eta": 0.0643345948071599, "max_depth": 6.194863600200263, "n_estimators": 306.05509280390453}, "datetime": {"datetime": "2021-09-27 19:36:55", "elapsed": 302.584124, "delta": 2.651192}}
{"target": -12.346963117123625, "params": {"eta": 0.19770049367405268, "max_depth": 2.146184595868929, "n_estimators": 392.1916926875038}, "datetime": {"datetime": "2021-09-27 19:36:56", "elapsed": 303.941126, "delta": 1.357002}}
{"target": -11.291171658129947, "params": {"eta": 0.056499433047829006, "max_depth": 6.328990494159765, "n_estimators": 309.94485817513106}, "datetime": {"datetime": "2021-09-27 19:36:59", "elapsed": 307.030717, "delta": 3.089591}}
{"target": -12.008195185565032, "params": {"eta": 0.37327918012176187, "max_depth": 5.781942477251627, "n_estimators": 356.63002573808296}, "datetime": {"datetime": "2021-09-27 19:37:01", "elapsed": 308.627037, "delta": 1.59632}}
{"target": -11.01428696591304, "params": {"eta": 0.09228323451136874, "max_depth": 5.822285422238244, "n_estimators": 343.8657952034396}, "datetime": {"datetime": "2021-09-27 19:37:04", "elapsed": 311.383155, "delta": 2.756118}}
{"target": -11.641480585716053, "params": {"eta": 0.1689799534647622, "max_depth": 7.03072444780323, "n_estimators": 300.2357212223444}, "datetime": {"datetime": "2021-09-27 19:37:06", "elapsed": 313.759293, "delta": 2.376138}}
{"target": -11.300328441423664, "params": {"eta": 0.11020192425917345, "max_depth": 5.553876482390562, "n_estimators": 344.36961896009586}, "datetime": {"datetime": "2021-09-27 19:37:08", "elapsed": 316.200247, "delta": 2.440954}}
{"target": -11.72349899057703, "params": {"eta": 0.382299368966606, "max_depth": 10.128085111341408, "n_estimators": 395.9825589045428}, "datetime": {"datetime": "2021-09-27 19:37:10", "elapsed": 318.025524, "delta": 1.825277}}
{"target": -11.139328511360992, "params": {"eta": 0.07883871937411906, "max_depth": 6.561998160721073, "n_estimators": 312.96010654254616}, "datetime": {"datetime": "2021-09-27 19:37:12", "elapsed": 320.199305, "delta": 2.173781}}
{"target": -11.576905821478315, "params": {"eta": 0.10705215086837924, "max_depth": 10.228817605675559, "n_estimators": 339.83993788487714}, "datetime": {"datetime": "2021-09-27 19:37:15", "elapsed": 322.553608, "delta": 2.354303}}
{"target": -11.705022573290783, "params": {"eta": 0.2862943179626538, "max_depth": 6.206320209283955, "n_estimators": 306.055393075544}, "datetime": {"datetime": "2021-09-27 19:37:17", "elapsed": 324.788047, "delta": 2.234439}}
{"target": -11.496996157213909, "params": {"eta": 0.21141747858569088, "max_depth": 6.44926223213979, "n_estimators": 300.2888939342164}, "datetime": {"datetime": "2021-09-27 19:37:19", "elapsed": 326.853997, "delta": 2.06595}}
{"target": -11.068975267618866, "params": {"eta": 0.05, "max_depth": 6.402971121042813, "n_estimators": 306.07367433018794}, "datetime": {"datetime": "2021-09-27 19:37:24", "elapsed": 332.305055, "delta": 3.173435}}
{"target": -11.001779521027489, "params": {"eta": 0.078551803337902, "max_depth": 5.363013609670979, "n_estimators": 300.0458106627539}, "datetime": {"datetime": "2021-09-27 19:37:27", "elapsed": 334.594355, "delta": 2.2893}}
{"target": -11.435208716150491, "params": {"eta": 0.06075677871909598, "max_depth": 5.092214725705837, "n_estimators": 323.6010965319571}, "datetime": {"datetime": "2021-09-27 19:37:29", "elapsed": 337.284846, "delta": 2.690491}}
{"target": -11.848531743207738, "params": {"eta": 0.2643159910436436, "max_depth": 3.3608779250813283, "n_estimators": 345.56326713948494}, "datetime": {"datetime": "2021-09-27 19:37:31", "elapsed": 338.935586, "delta": 1.65074}}
{"target": -11.631192772074657, "params": {"eta": 0.20531037069346503, "max_depth": 6.4496759281686025, "n_estimators": 308.41219006062727}, "datetime": {"datetime": "2021-09-27 19:37:34", "elapsed": 341.563464, "delta": 2.627878}}
{"target": -12.188556930242797, "params": {"eta": 0.32899193069115856, "max_depth": 4.733379558292095, "n_estimators": 317.1575302088127}, "datetime": {"datetime": "2021-09-27 19:37:35", "elapsed": 343.235466, "delta": 1.672002}}
{"target": -10.82983215078317, "params": {"eta": 0.07100094755647098, "max_depth": 4.858744239692411, "n_estimators": 323.34507237572615}, "datetime": {"datetime": "2021-09-27 19:37:37", "elapsed": 345.193238, "delta": 1.957772}}
{"target": -11.551002078542378, "params": {"eta": 0.05, "max_depth": 7.091117038482952, "n_estimators": 308.520084887662}, "datetime": {"datetime": "2021-09-27 19:37:41", "elapsed": 348.634113, "delta": 3.440875}}
{"target": -12.116864613755682, "params": {"eta": 0.26318602598464075, "max_depth": 8.198169087762064, "n_estimators": 381.32392976480656}, "datetime": {"datetime": "2021-09-27 19:37:43", "elapsed": 350.384115, "delta": 1.750002}}
{"target": -12.279427897089464, "params": {"eta": 0.2453229472005145, "max_depth": 3.906556949946027, "n_estimators": 327.25204249989116}, "datetime": {"datetime": "2021-09-27 19:37:44", "elapsed": 352.263719, "delta": 1.879604}}
{"target": -11.067552143447674, "params": {"eta": 0.05, "max_depth": 6.146499292305179, "n_estimators": 305.8553199306376}, "datetime": {"datetime": "2021-09-27 19:37:47", "elapsed": 355.139884, "delta": 2.876165}}
{"target": -11.040216620437045, "params": {"eta": 0.10756721458079077, "max_depth": 7.25999442249227, "n_estimators": 318.58262209379706}, "datetime": {"datetime": "2021-09-27 19:37:50", "elapsed": 357.647528, "delta": 2.507644}}
{"target": -10.98705807202743, "params": {"eta": 0.15059529125538182, "max_depth": 6.59456862954923, "n_estimators": 306.1182833113092}, "datetime": {"datetime": "2021-09-27 19:37:52", "elapsed": 359.933528, "delta": 2.286}}
{"target": -11.467365546441203, "params": {"eta": 0.09084178258937184, "max_depth": 8.148437309093424, "n_estimators": 319.233260952317}, "datetime": {"datetime": "2021-09-27 19:37:55", "elapsed": 362.450477, "delta": 2.516949}}
{"target": -12.374342816377759, "params": {"eta": 0.2613664649306305, "max_depth": 7.206009498049175, "n_estimators": 318.3112966458026}, "datetime": {"datetime": "2021-09-27 19:37:57", "elapsed": 364.79385, "delta": 2.343373}}
{"target": -11.611864102087843, "params": {"eta": 0.2743168248113655, "max_depth": 6.17024484867548, "n_estimators": 314.6383874427619}, "datetime": {"datetime": "2021-09-27 19:37:58", "elapsed": 366.31748, "delta": 1.52363}}
{"target": -11.826527348472379, "params": {"eta": 0.18445239290141907, "max_depth": 9.293436648276144, "n_estimators": 344.43112979442503}, "datetime": {"datetime": "2021-09-27 19:38:00", "elapsed": 368.179477, "delta": 1.861997}}
{"target": -11.119817141984749, "params": {"eta": 0.07352317619953824, "max_depth": 8.359687438721675, "n_estimators": 342.1315359215085}, "datetime": {"datetime": "2021-09-27 19:38:03", "elapsed": 370.613478, "delta": 2.434001}}
{"target": -12.395222963377535, "params": {"eta": 0.23786559255735096, "max_depth": 6.62066133372668, "n_estimators": 306.2910031407505}, "datetime": {"datetime": "2021-09-27 19:38:05", "elapsed": 372.820704, "delta": 2.207226}}
{"target": -11.25826811851824, "params": {"eta": 0.059122206910264284, "max_depth": 6.221142282164322, "n_estimators": 307.4639477605165}, "datetime": {"datetime": "2021-09-27 19:38:07", "elapsed": 375.223914, "delta": 2.40321}}
{"target": -12.348878911379039, "params": {"eta": 0.4754966113517243, "max_depth": 8.341099373588953, "n_estimators": 318.7737510929361}, "datetime": {"datetime": "2021-09-27 19:38:09", "elapsed": 376.473054, "delta": 1.24914}}
{"target": -11.03108552619838, "params": {"eta": 0.17711016381673883, "max_depth": 6.117541738147845, "n_estimators": 394.5291794441795}, "datetime": {"datetime": "2021-09-27 19:38:11", "elapsed": 378.393426, "delta": 1.920372}}
{"target": -11.198576537073214, "params": {"eta": 0.05646452648526792, "max_depth": 6.6231812529592595, "n_estimators": 338.2233377677211}, "datetime": {"datetime": "2021-09-27 19:38:13", "elapsed": 381.00086, "delta": 2.607434}}
{"target": -12.493826861288104, "params": {"eta": 0.2728487901292894, "max_depth": 4.989934015268919, "n_estimators": 363.81282111312345}, "datetime": {"datetime": "2021-09-27 19:38:15", "elapsed": 382.56446, "delta": 1.5636}}
{"target": -12.484538210167734, "params": {"eta": 0.45033108261602783, "max_depth": 6.803375680144094, "n_estimators": 303.44663943400474}, "datetime": {"datetime": "2021-09-27 19:38:16", "elapsed": 383.991376, "delta": 1.426916}}
{"target": -11.4042476133468, "params": {"eta": 0.07940664684950356, "max_depth": 10.09055650332666, "n_estimators": 319.1909858385597}, "datetime": {"datetime": "2021-09-27 19:38:19", "elapsed": 386.719637, "delta": 2.728261}}
{"target": -11.068499519540358, "params": {"eta": 0.05, "max_depth": 6.101727090071029, "n_estimators": 394.4141409807308}, "datetime": {"datetime": "2021-09-27 19:38:22", "elapsed": 389.435638, "delta": 2.716001}}
{"target": -12.310005822563975, "params": {"eta": 0.2533676618131104, "max_depth": 10.211614357222222, "n_estimators": 311.8476888025757}, "datetime": {"datetime": "2021-09-27 19:38:23", "elapsed": 391.116135, "delta": 1.680497}}
{"target": -11.628046895412512, "params": {"eta": 0.20292365910750904, "max_depth": 9.401014240735481, "n_estimators": 395.6863975291963}, "datetime": {"datetime": "2021-09-27 19:38:25", "elapsed": 393.095155, "delta": 1.97902}}
{"target": -11.471315164813701, "params": {"eta": 0.23612119803781567, "max_depth": 6.774081293276412, "n_estimators": 321.7295581440009}, "datetime": {"datetime": "2021-09-27 19:38:28", "elapsed": 395.675043, "delta": 2.579888}}
{"target": -11.15543876439104, "params": {"eta": 0.057051318427018986, "max_depth": 6.796321138076799, "n_estimators": 309.61692251201794}, "datetime": {"datetime": "2021-09-27 19:38:30", "elapsed": 398.107655, "delta": 2.432612}}
{"target": -11.035514450318184, "params": {"eta": 0.1417045706585014, "max_depth": 5.253563111070765, "n_estimators": 300.06988971916974}, "datetime": {"datetime": "2021-09-27 19:38:32", "elapsed": 400.205811, "delta": 2.098156}}
{"target": -11.743536904875722, "params": {"eta": 0.40818104491338336, "max_depth": 5.283175953506835, "n_estimators": 338.17202904857436}, "datetime": {"datetime": "2021-09-27 19:38:34", "elapsed": 401.766467, "delta": 1.560656}}
{"target": -11.750256969169177, "params": {"eta": 0.199779800421794, "max_depth": 5.977531568194337, "n_estimators": 394.6028443374429}, "datetime": {"datetime": "2021-09-27 19:38:37", "elapsed": 404.377469, "delta": 2.611002}}
{"target": -11.416451891873566, "params": {"eta": 0.05814424477477645, "max_depth": 5.216241176094357, "n_estimators": 300.1784136845771}, "datetime": {"datetime": "2021-09-27 19:38:39", "elapsed": 406.783942, "delta": 2.406473}}
{"target": -11.426890027871814, "params": {"eta": 0.05, "max_depth": 5.708930653474812, "n_estimators": 343.75557700795304}, "datetime": {"datetime": "2021-09-27 19:38:41", "elapsed": 409.273089, "delta": 2.489147}}
{"target": -11.167559345346008, "params": {"eta": 0.2285364543384979, "max_depth": 6.09837607589342, "n_estimators": 322.7891252102687}, "datetime": {"datetime": "2021-09-27 19:38:44", "elapsed": 411.729015, "delta": 2.455926}}
{"target": -11.414533959556476, "params": {"eta": 0.0689326753130031, "max_depth": 5.937383236652662, "n_estimators": 322.84243176740455}, "datetime": {"datetime": "2021-09-27 19:38:46", "elapsed": 414.158065, "delta": 2.42905}}
{"target": -11.713876604693278, "params": {"eta": 0.2646915699621673, "max_depth": 6.258743496012918, "n_estimators": 394.4794327921308}, "datetime": {"datetime": "2021-09-27 19:38:50", "elapsed": 418.262742, "delta": 4.104677}}
{"target": -11.810712280952858, "params": {"eta": 0.27930348699026925, "max_depth": 6.488223848627914, "n_estimators": 306.0466386452138}, "datetime": {"datetime": "2021-09-27 19:38:53", "elapsed": 420.846099, "delta": 2.583357}}
{"target": -10.852317215795452, "params": {"eta": 0.08829480739515826, "max_depth": 6.379876180943998, "n_estimators": 309.93502445910457}, "datetime": {"datetime": "2021-09-27 19:38:56", "elapsed": 423.91836, "delta": 3.072261}}
{"target": -11.216082881785134, "params": {"eta": 0.0623957301042841, "max_depth": 7.12226792817588, "n_estimators": 318.664747229662}, "datetime": {"datetime": "2021-09-27 19:39:00", "elapsed": 427.531523, "delta": 3.613163}}
{"target": -10.831325556099365, "params": {"eta": 0.08091852650910913, "max_depth": 6.232731133205666, "n_estimators": 305.74778078467847}, "datetime": {"datetime": "2021-09-27 19:39:03", "elapsed": 430.740818, "delta": 3.209295}}
{"target": -11.63368249659699, "params": {"eta": 0.23258411630741999, "max_depth": 6.060807245898207, "n_estimators": 305.7824995115852}, "datetime": {"datetime": "2021-09-27 19:39:05", "elapsed": 433.31808, "delta": 2.577262}}
{"target": -11.262793292287757, "params": {"eta": 0.15215632066716162, "max_depth": 6.277171477331233, "n_estimators": 305.5644491445333}, "datetime": {"datetime": "2021-09-27 19:39:10", "elapsed": 437.417792, "delta": 4.099712}}
{"target": -11.463012725275542, "params": {"eta": 0.2369820557893481, "max_depth": 5.3841029130929545, "n_estimators": 300.10820514501677}, "datetime": {"datetime": "2021-09-27 19:39:13", "elapsed": 441.218139, "delta": 3.800347}}
{"target": -11.110571282434659, "params": {"eta": 0.05961570300959124, "max_depth": 6.377859569576258, "n_estimators": 306.2243276444992}, "datetime": {"datetime": "2021-09-27 19:39:17", "elapsed": 444.410415, "delta": 3.192276}}
{"target": -11.527916775627856, "params": {"eta": 0.2726873991854365, "max_depth": 6.854044786122921, "n_estimators": 338.1479672674909}, "datetime": {"datetime": "2021-09-27 19:39:20", "elapsed": 447.35169, "delta": 2.941275}}
{"target": -10.92014424758192, "params": {"eta": 0.1340415671971319, "max_depth": 5.9833898799738074, "n_estimators": 322.6200230850396}, "datetime": {"datetime": "2021-09-27 19:39:24", "elapsed": 451.41112, "delta": 4.05943}}
{"target": -12.146541336362441, "params": {"eta": 0.28998023675746926, "max_depth": 6.07991404155964, "n_estimators": 322.61597410114035}, "datetime": {"datetime": "2021-09-27 19:39:26", "elapsed": 453.982727, "delta": 2.571607}}
{"target": -11.060160058141847, "params": {"eta": 0.18449163849206518, "max_depth": 5.812964598742237, "n_estimators": 389.2890663919009}, "datetime": {"datetime": "2021-09-27 19:39:29", "elapsed": 456.482642, "delta": 2.499915}}
{"target": -12.078229068600784, "params": {"eta": 0.31764634298510214, "max_depth": 10.55762756452372, "n_estimators": 374.1761070207118}, "datetime": {"datetime": "2021-09-27 19:39:31", "elapsed": 458.491985, "delta": 2.009343}}
{"target": -11.062112193637692, "params": {"eta": 0.05, "max_depth": 6.629105991061629, "n_estimators": 338.0204685764788}, "datetime": {"datetime": "2021-09-27 19:39:34", "elapsed": 461.390686, "delta": 2.898701}}
{"target": -12.157582755017685, "params": {"eta": 0.25637562275083164, "max_depth": 6.619393553182118, "n_estimators": 338.15537794444936}, "datetime": {"datetime": "2021-09-27 19:39:36", "elapsed": 464.271449, "delta": 2.880763}}
{"target": -12.11547423589873, "params": {"eta": 0.24822493882726698, "max_depth": 5.900846369726555, "n_estimators": 389.21765181797815}, "datetime": {"datetime": "2021-09-27 19:39:40", "elapsed": 468.086705, "delta": 3.815256}}
{"target": -11.109364316205069, "params": {"eta": 0.05501680000067624, "max_depth": 6.193398041702078, "n_estimators": 306.25588154186954}, "datetime": {"datetime": "2021-09-27 19:39:44", "elapsed": 471.52582, "delta": 3.439115}}
{"target": -11.301059690302058, "params": {"eta": 0.18096872062333852, "max_depth": 5.006759564707906, "n_estimators": 391.99549915782757}, "datetime": {"datetime": "2021-09-27 19:39:46", "elapsed": 473.669077, "delta": 2.143257}}
{"target": -11.169056874080024, "params": {"eta": 0.08096061096603775, "max_depth": 5.873074092081451, "n_estimators": 389.382845694047}, "datetime": {"datetime": "2021-09-27 19:39:50", "elapsed": 477.399977, "delta": 3.7309}}
{"target": -11.666775401831368, "params": {"eta": 0.0852206566348012, "max_depth": 6.1196831294678375, "n_estimators": 377.06153088336595}, "datetime": {"datetime": "2021-09-27 19:39:52", "elapsed": 480.108548, "delta": 2.708571}}
{"target": -11.143905055811059, "params": {"eta": 0.054018089801396364, "max_depth": 6.835791978994404, "n_estimators": 300.3902807655042}, "datetime": {"datetime": "2021-09-27 19:39:55", "elapsed": 483.075848, "delta": 2.9673}}
{"target": -11.157944748943398, "params": {"eta": 0.060631913765145956, "max_depth": 6.583529943867818, "n_estimators": 305.89453319522715}, "datetime": {"datetime": "2021-09-27 19:39:58", "elapsed": 486.321764, "delta": 3.245916}}
{"target": -13.895921468841536, "params": {"eta": 0.46791902075723785, "max_depth": 3.3047540008873684, "n_estimators": 301.5546052235136}, "datetime": {"datetime": "2021-09-27 19:40:00", "elapsed": 488.069069, "delta": 1.747305}}
{"target": -11.723963650576733, "params": {"eta": 0.35109484043565825, "max_depth": 7.3271944689392905, "n_estimators": 338.2424814424371}, "datetime": {"datetime": "2021-09-27 19:40:02", "elapsed": 489.663513, "delta": 1.594444}}
{"target": -13.891016892071667, "params": {"eta": 0.4663985965347515, "max_depth": 3.8908023098012516, "n_estimators": 328.5655398116835}, "datetime": {"datetime": "2021-09-27 19:40:04", "elapsed": 491.362662, "delta": 1.699149}}
{"target": -11.1654019241066, "params": {"eta": 0.09027285777063382, "max_depth": 9.190876112499046, "n_estimators": 314.7431944271384}, "datetime": {"datetime": "2021-09-27 19:40:07", "elapsed": 494.815263, "delta": 3.452601}}
{"target": -12.426825448392636, "params": {"eta": 0.2991412736241824, "max_depth": 3.4210554331825764, "n_estimators": 340.1957731025289}, "datetime": {"datetime": "2021-09-27 19:40:09", "elapsed": 496.801908, "delta": 1.986645}}
{"target": -11.305482867270237, "params": {"eta": 0.12870702997628114, "max_depth": 5.58541040907801, "n_estimators": 389.2777993247861}, "datetime": {"datetime": "2021-09-27 19:40:13", "elapsed": 500.497898, "delta": 3.69599}}
{"target": -11.474569660839295, "params": {"eta": 0.1385798930743983, "max_depth": 5.273352493152731, "n_estimators": 300.5545871282833}, "datetime": {"datetime": "2021-09-27 19:40:15", "elapsed": 502.816728, "delta": 2.31883}}
{"target": -11.887136014840687, "params": {"eta": 0.40021178116686934, "max_depth": 6.577800459118806, "n_estimators": 313.8012548326392}, "datetime": {"datetime": "2021-09-27 19:40:17", "elapsed": 504.479371, "delta": 1.662643}}
{"target": -11.32945997007484, "params": {"eta": 0.16467164401274398, "max_depth": 7.808465253106448, "n_estimators": 394.4579754451886}, "datetime": {"datetime": "2021-09-27 19:40:19", "elapsed": 506.899839, "delta": 2.420468}}
{"target": -12.269204026603335, "params": {"eta": 0.3292323602881724, "max_depth": 6.613696991453593, "n_estimators": 313.00837350696304}, "datetime": {"datetime": "2021-09-27 19:40:22", "elapsed": 510.185017, "delta": 3.285178}}
{"target": -11.272408057441368, "params": {"eta": 0.13579003408252913, "max_depth": 8.097938768252387, "n_estimators": 342.1036940467425}, "datetime": {"datetime": "2021-09-27 19:40:26", "elapsed": 513.534681, "delta": 3.349664}}
{"target": -12.277894637457136, "params": {"eta": 0.21451021663424058, "max_depth": 8.291779275895841, "n_estimators": 341.978797336004}, "datetime": {"datetime": "2021-09-27 19:40:30", "elapsed": 517.793046, "delta": 4.258365}}
{"target": -11.491091517758752, "params": {"eta": 0.11466842344761657, "max_depth": 5.5440879289466265, "n_estimators": 344.36582164060667}, "datetime": {"datetime": "2021-09-27 19:40:32", "elapsed": 520.166233, "delta": 2.373187}}
{"target": -10.919492682318523, "params": {"eta": 0.06458273789179618, "max_depth": 6.524732689742564, "n_estimators": 306.08639363816354}, "datetime": {"datetime": "2021-09-27 19:40:36", "elapsed": 523.616148, "delta": 3.449915}}
{"target": -10.601446331549127, "params": {"eta": 0.06621382908425441, "max_depth": 6.395525123370013, "n_estimators": 305.61821233232695}, "datetime": {"datetime": "2021-09-27 19:40:39", "elapsed": 527.014671, "delta": 3.398523}}
{"target": -11.064698971663038, "params": {"eta": 0.14902591229591478, "max_depth": 6.342588195275129, "n_estimators": 309.8060397580954}, "datetime": {"datetime": "2021-09-27 19:40:42", "elapsed": 530.259673, "delta": 3.245002}}
{"target": -11.096517041440638, "params": {"eta": 0.18126457339143803, "max_depth": 6.561789335173129, "n_estimators": 305.64068901426623}, "datetime": {"datetime": "2021-09-27 19:40:46", "elapsed": 533.449739, "delta": 3.190066}}
{"target": -11.023719681978763, "params": {"eta": 0.06828900556595571, "max_depth": 5.731685317111041, "n_estimators": 344.61425939283646}, "datetime": {"datetime": "2021-09-27 19:40:49", "elapsed": 536.731499, "delta": 3.28176}}
{"target": -11.426376934272845, "params": {"eta": 0.05, "max_depth": 5.671046569433444, "n_estimators": 344.4334427640034}, "datetime": {"datetime": "2021-09-27 19:40:52", "elapsed": 539.633501, "delta": 2.902002}}
