{"target": -10.746985391577283, "params": {"eta": 0.19950911326635906, "max_depth": 15.130223048426961, "n_estimators": 159.14959026726197}, "datetime": {"datetime": "2021-09-27 19:40:40", "elapsed": 443.82979, "delta": 2.559134}}
{"target": -11.211713591019885, "params": {"eta": 0.17943821355066075, "max_depth": 27.020385369195658, "n_estimators": 143.13121231699589}, "datetime": {"datetime": "2021-09-27 19:40:43", "elapsed": 446.489307, "delta": 2.659517}}
{"target": -10.705487401626728, "params": {"eta": 0.09447795511283798, "max_depth": 22.86803359920433, "n_estimators": 117.52989456877782}, "datetime": {"datetime": "2021-09-27 19:40:46", "elapsed": 449.426861, "delta": 2.937554}}
{"target": -10.816418483575578, "params": {"eta": 0.23954713681456113, "max_depth": 6.006766547565927, "n_estimators": 165.29764109726827}, "datetime": {"datetime": "2021-09-27 19:40:48", "elapsed": 451.978618, "delta": 2.551757}}
{"target": -11.220809623489707, "params": {"eta": 0.24720286445935813, "max_depth": 14.494138786843449, "n_estimators": 179.2796700567952}, "datetime": {"datetime": "2021-09-27 19:40:50", "elapsed": 453.873618, "delta": 1.895}}
{"target": -10.816789818766296, "params": {"eta": 0.1842023756492609, "max_depth": 32.53231703035972, "n_estimators": 107.06825920428588}, "datetime": {"datetime": "2021-09-27 19:40:53", "elapsed": 456.141237, "delta": 2.267619}}
{"target": -10.66824644779409, "params": {"eta": 0.14641397799140377, "max_depth": 31.21189121084768, "n_estimators": 196.48055168054603}, "datetime": {"datetime": "2021-09-27 19:40:56", "elapsed": 459.354962, "delta": 3.213725}}
{"target": -10.680813272697923, "params": {"eta": 0.05628474104724908, "max_depth": 28.363574691813998, "n_estimators": 119.71839983394844}, "datetime": {"datetime": "2021-09-27 19:40:59", "elapsed": 462.454934, "delta": 3.099972}}
{"target": -11.37488760708102, "params": {"eta": 0.22458696954881646, "max_depth": 20.961715418063957, "n_estimators": 111.75370350488751}, "datetime": {"datetime": "2021-09-27 19:41:03", "elapsed": 466.363875, "delta": 3.908941}}
{"target": -10.243203074835574, "params": {"eta": 0.06933080675440491, "max_depth": 6.969402442229119, "n_estimators": 153.71291056485686}, "datetime": {"datetime": "2021-09-27 19:41:05", "elapsed": 468.843319, "delta": 2.479444}}
{"target": -10.752436393640927, "params": {"eta": 0.28060349130787954, "max_depth": 26.848571307154117, "n_estimators": 131.12439490338446}, "datetime": {"datetime": "2021-09-27 19:41:08", "elapsed": 471.451365, "delta": 2.608046}}
{"target": -10.938011606071, "params": {"eta": 0.17199691059881345, "max_depth": 34.58950001725076, "n_estimators": 194.74601450925988}, "datetime": {"datetime": "2021-09-27 19:41:11", "elapsed": 474.781747, "delta": 3.330382}}
{"target": -11.25172799565997, "params": {"eta": 0.2673639550428316, "max_depth": 29.890778361170312, "n_estimators": 146.54469263546468}, "datetime": {"datetime": "2021-09-27 19:41:13", "elapsed": 476.448164, "delta": 1.666417}}
{"target": -10.585922452278428, "params": {"eta": 0.05, "max_depth": 6.575115703690757, "n_estimators": 161.83188988238317}, "datetime": {"datetime": "2021-09-27 19:41:17", "elapsed": 480.556052, "delta": 4.107888}}
{"target": -10.991349505219734, "params": {"eta": 0.17451173329906222, "max_depth": 28.315962792831066, "n_estimators": 149.88892331996533}, "datetime": {"datetime": "2021-09-27 19:41:23", "elapsed": 485.999101, "delta": 5.443049}}
{"target": -11.04546766033704, "params": {"eta": 0.28956120089541854, "max_depth": 6.99225342581431, "n_estimators": 153.4897906930843}, "datetime": {"datetime": "2021-09-27 19:41:27", "elapsed": 490.424597, "delta": 4.425496}}
{"target": -10.597817229510763, "params": {"eta": 0.2998662434074152, "max_depth": 26.803773029258274, "n_estimators": 131.12712155971283}, "datetime": {"datetime": "2021-09-27 19:41:30", "elapsed": 493.272026, "delta": 2.847429}}
{"target": -10.537333085561015, "params": {"eta": 0.2332586544037515, "max_depth": 22.898697471546903, "n_estimators": 147.48789508559713}, "datetime": {"datetime": "2021-09-27 19:41:33", "elapsed": 496.852873, "delta": 3.580847}}
{"target": -11.45419128747807, "params": {"eta": 0.29703642789773493, "max_depth": 32.17920552371291, "n_estimators": 196.81276732382852}, "datetime": {"datetime": "2021-09-27 19:41:35", "elapsed": 498.738588, "delta": 1.885715}}
{"target": -10.582426739882312, "params": {"eta": 0.06873367512492466, "max_depth": 6.418499157824065, "n_estimators": 162.15035917657505}, "datetime": {"datetime": "2021-09-27 19:41:38", "elapsed": 501.187446, "delta": 2.448858}}
{"target": -10.24332120380873, "params": {"eta": 0.0669795707033078, "max_depth": 7.2215698160880555, "n_estimators": 153.77742386227172}, "datetime": {"datetime": "2021-09-27 19:41:41", "elapsed": 504.751343, "delta": 3.563897}}
{"target": -11.252513048815112, "params": {"eta": 0.2376176373732733, "max_depth": 33.77161275044719, "n_estimators": 128.5229359045768}, "datetime": {"datetime": "2021-09-27 19:41:44", "elapsed": 507.473066, "delta": 2.721723}}
{"target": -11.26553805435471, "params": {"eta": 0.2990598836025395, "max_depth": 3.320125800877633, "n_estimators": 173.7605132397785}, "datetime": {"datetime": "2021-09-27 19:41:47", "elapsed": 510.116834, "delta": 2.643768}}
{"target": -10.577318514948034, "params": {"eta": 0.06623819547310349, "max_depth": 6.825116683059779, "n_estimators": 153.43087938273652}, "datetime": {"datetime": "2021-09-27 19:41:49", "elapsed": 512.486017, "delta": 2.369183}}
{"target": -10.736934198608331, "params": {"eta": 0.07486315678328496, "max_depth": 5.847635722395742, "n_estimators": 165.16941178455096}, "datetime": {"datetime": "2021-09-27 19:41:51", "elapsed": 514.76818, "delta": 2.282163}}
{"target": -10.64990158260696, "params": {"eta": 0.087445935277263, "max_depth": 34.605973404443574, "n_estimators": 117.04248847586616}, "datetime": {"datetime": "2021-09-27 19:41:54", "elapsed": 517.421818, "delta": 2.653638}}
{"target": -10.725487586879993, "params": {"eta": 0.11348741096440425, "max_depth": 26.827361466282483, "n_estimators": 143.23715348099424}, "datetime": {"datetime": "2021-09-27 19:41:57", "elapsed": 520.781888, "delta": 3.36007}}
{"target": -10.53837448828748, "params": {"eta": 0.05370009240065153, "max_depth": 8.539589270771163, "n_estimators": 105.10585120153442}, "datetime": {"datetime": "2021-09-27 19:41:59", "elapsed": 522.400887, "delta": 1.618999}}
{"target": -10.858156004597019, "params": {"eta": 0.23313993286250628, "max_depth": 27.746006144064758, "n_estimators": 195.307835333063}, "datetime": {"datetime": "2021-09-27 19:42:01", "elapsed": 524.747512, "delta": 2.346625}}
{"target": -10.164107022684474, "params": {"eta": 0.14672848833259794, "max_depth": 7.335658804114972, "n_estimators": 105.36275643982107}, "datetime": {"datetime": "2021-09-27 19:42:03", "elapsed": 526.410484, "delta": 1.662972}}
{"target": -11.094337255957761, "params": {"eta": 0.17160758219889127, "max_depth": 28.037907589811976, "n_estimators": 119.74164330808102}, "datetime": {"datetime": "2021-09-27 19:42:05", "elapsed": 528.862117, "delta": 2.451633}}
{"target": -10.54490218023357, "params": {"eta": 0.06945759159505681, "max_depth": 24.754262470625857, "n_estimators": 159.9942904767267}, "datetime": {"datetime": "2021-09-27 19:42:09", "elapsed": 532.148836, "delta": 3.286719}}
{"target": -11.05767177746853, "params": {"eta": 0.18804721164991883, "max_depth": 7.259480878386589, "n_estimators": 153.78633128582388}, "datetime": {"datetime": "2021-09-27 19:42:12", "elapsed": 535.066022, "delta": 2.917186}}
{"target": -11.00523039214086, "params": {"eta": 0.1412589097236724, "max_depth": 16.9678179386042, "n_estimators": 183.2894025117476}, "datetime": {"datetime": "2021-09-27 19:42:14", "elapsed": 537.672042, "delta": 2.60602}}
{"target": -11.219640405815339, "params": {"eta": 0.2273393765262387, "max_depth": 7.224789247742711, "n_estimators": 105.27811058931452}, "datetime": {"datetime": "2021-09-27 19:42:17", "elapsed": 540.169305, "delta": 2.497263}}
{"target": -10.253918801005064, "params": {"eta": 0.20365068077488319, "max_depth": 4.141179170178798, "n_estimators": 164.51812080726597}, "datetime": {"datetime": "2021-09-27 19:42:19", "elapsed": 542.071632, "delta": 1.902327}}
{"target": -10.365983259540476, "params": {"eta": 0.08879545982734006, "max_depth": 22.918068872995335, "n_estimators": 147.54464529916575}, "datetime": {"datetime": "2021-09-27 19:42:22", "elapsed": 545.61086, "delta": 3.539228}}
{"target": -10.983617994844836, "params": {"eta": 0.2900851296937173, "max_depth": 24.828020843216667, "n_estimators": 191.07141546991556}, "datetime": {"datetime": "2021-09-27 19:42:24", "elapsed": 547.845589, "delta": 2.234729}}
{"target": -10.372824251659726, "params": {"eta": 0.16770742669907346, "max_depth": 4.918158417418725, "n_estimators": 185.6850432997888}, "datetime": {"datetime": "2021-09-27 19:42:26", "elapsed": 549.501062, "delta": 1.655473}}
{"target": -10.978265335386514, "params": {"eta": 0.17024785441598933, "max_depth": 27.12203342178793, "n_estimators": 185.42102847461433}, "datetime": {"datetime": "2021-09-27 19:42:28", "elapsed": 551.90965, "delta": 2.408588}}
{"target": -11.16828045641299, "params": {"eta": 0.26709436107305484, "max_depth": 23.154380072950847, "n_estimators": 147.45421165925003}, "datetime": {"datetime": "2021-09-27 19:42:31", "elapsed": 554.817514, "delta": 2.907864}}
{"target": -10.986809291929738, "params": {"eta": 0.1695978871949423, "max_depth": 11.626931027200229, "n_estimators": 172.0311966625884}, "datetime": {"datetime": "2021-09-27 19:42:34", "elapsed": 557.962468, "delta": 3.144954}}
{"target": -11.030075381138769, "params": {"eta": 0.2872178983254797, "max_depth": 14.749176836230776, "n_estimators": 182.8907900841807}, "datetime": {"datetime": "2021-09-27 19:42:37", "elapsed": 560.068777, "delta": 2.106309}}
{"target": -10.597432423189824, "params": {"eta": 0.09128008129252486, "max_depth": 13.558614426517234, "n_estimators": 185.40810486048926}, "datetime": {"datetime": "2021-09-27 19:42:40", "elapsed": 563.644051, "delta": 3.575274}}
{"target": -10.80963872356282, "params": {"eta": 0.185745829175606, "max_depth": 26.7396854220854, "n_estimators": 143.12364777043808}, "datetime": {"datetime": "2021-09-27 19:42:43", "elapsed": 566.987652, "delta": 3.343601}}
{"target": -11.041295231009455, "params": {"eta": 0.23005848507501603, "max_depth": 7.283703480870627, "n_estimators": 105.46789627454758}, "datetime": {"datetime": "2021-09-27 19:42:46", "elapsed": 569.7323, "delta": 2.744648}}
{"target": -10.91317056312049, "params": {"eta": 0.1207518598476419, "max_depth": 21.12426402804577, "n_estimators": 105.92575580869293}, "datetime": {"datetime": "2021-09-27 19:42:50", "elapsed": 573.244504, "delta": 3.512204}}
{"target": -10.7726035629293, "params": {"eta": 0.21748751887112178, "max_depth": 5.1694927160285316, "n_estimators": 188.05401069323287}, "datetime": {"datetime": "2021-09-27 19:42:52", "elapsed": 575.902192, "delta": 2.657688}}
{"target": -12.292309631647838, "params": {"eta": 0.10612044470210354, "max_depth": 2.196923264026838, "n_estimators": 185.07851055334538}, "datetime": {"datetime": "2021-09-27 19:42:54", "elapsed": 577.855052, "delta": 1.95286}}
{"target": -10.92554625338476, "params": {"eta": 0.28276501995365905, "max_depth": 32.73929231353705, "n_estimators": 131.57718800702153}, "datetime": {"datetime": "2021-09-27 19:42:57", "elapsed": 580.121612, "delta": 2.26656}}
{"target": -10.80169301970245, "params": {"eta": 0.17430242224200637, "max_depth": 26.993366872833587, "n_estimators": 142.9446296146963}, "datetime": {"datetime": "2021-09-27 19:43:01", "elapsed": 584.002545, "delta": 3.880933}}
{"target": -10.534307816129425, "params": {"eta": 0.13241643720045498, "max_depth": 4.660786653507215, "n_estimators": 168.88431716263045}, "datetime": {"datetime": "2021-09-27 19:43:03", "elapsed": 586.332226, "delta": 2.329681}}
{"target": -10.749107680141638, "params": {"eta": 0.10212794423764625, "max_depth": 32.50058189880788, "n_estimators": 173.38218625085568}, "datetime": {"datetime": "2021-09-27 19:43:07", "elapsed": 590.258186, "delta": 3.92596}}
{"target": -10.52402920252547, "params": {"eta": 0.14286229474238538, "max_depth": 19.079285058122203, "n_estimators": 111.31847079204634}, "datetime": {"datetime": "2021-09-27 19:43:10", "elapsed": 593.55217, "delta": 3.293984}}
{"target": -11.14699984777023, "params": {"eta": 0.23302494990668404, "max_depth": 12.551569336505414, "n_estimators": 100.70246277988547}, "datetime": {"datetime": "2021-09-27 19:43:13", "elapsed": 596.208534, "delta": 2.656364}}
{"target": -11.171171002796914, "params": {"eta": 0.2769375079590445, "max_depth": 21.242953629338363, "n_estimators": 111.67452001259407}, "datetime": {"datetime": "2021-09-27 19:43:16", "elapsed": 599.666758, "delta": 3.458224}}
{"target": -10.875112494389198, "params": {"eta": 0.16920201642856642, "max_depth": 20.820227082060153, "n_estimators": 119.2695144021103}, "datetime": {"datetime": "2021-09-27 19:43:19", "elapsed": 602.713409, "delta": 3.046651}}
{"target": -10.597971854066568, "params": {"eta": 0.16998766336537657, "max_depth": 6.898523352445702, "n_estimators": 153.5578494731303}, "datetime": {"datetime": "2021-09-27 19:43:21", "elapsed": 604.850125, "delta": 2.136716}}
{"target": -11.093815677037542, "params": {"eta": 0.22351088823866622, "max_depth": 32.081339247292746, "n_estimators": 187.05852428342249}, "datetime": {"datetime": "2021-09-27 19:43:24", "elapsed": 607.514338, "delta": 2.664213}}
{"target": -10.338591672953704, "params": {"eta": 0.105707360153399, "max_depth": 33.687222393579525, "n_estimators": 138.42328954280572}, "datetime": {"datetime": "2021-09-27 19:43:28", "elapsed": 611.991581, "delta": 4.477243}}
{"target": -10.249619795868314, "params": {"eta": 0.17529305394378863, "max_depth": 17.755425921886722, "n_estimators": 191.1179280557408}, "datetime": {"datetime": "2021-09-27 19:43:31", "elapsed": 614.646779, "delta": 2.655198}}
{"target": -11.21046571547382, "params": {"eta": 0.2367228300600932, "max_depth": 27.499376025480235, "n_estimators": 129.13984361389268}, "datetime": {"datetime": "2021-09-27 19:43:34", "elapsed": 617.137302, "delta": 2.490523}}
{"target": -10.38048256895592, "params": {"eta": 0.2231152663833028, "max_depth": 5.308188619493988, "n_estimators": 119.04278731064774}, "datetime": {"datetime": "2021-09-27 19:43:36", "elapsed": 619.053546, "delta": 1.916244}}
{"target": -10.317514573773229, "params": {"eta": 0.09196143745330938, "max_depth": 4.125929989469396, "n_estimators": 164.50358051381113}, "datetime": {"datetime": "2021-09-27 19:43:38", "elapsed": 621.887376, "delta": 2.83383}}
{"target": -11.728111285840804, "params": {"eta": 0.27104346324536766, "max_depth": 25.168229338541042, "n_estimators": 109.6191033013075}, "datetime": {"datetime": "2021-09-27 19:43:41", "elapsed": 624.330925, "delta": 2.443549}}
{"target": -10.585922452278428, "params": {"eta": 0.05, "max_depth": 6.44091091669002, "n_estimators": 161.9577279616617}, "datetime": {"datetime": "2021-09-27 19:43:44", "elapsed": 627.171745, "delta": 2.84082}}
{"target": -10.969415949632234, "params": {"eta": 0.2859435855763224, "max_depth": 29.18132251170552, "n_estimators": 113.44502801177391}, "datetime": {"datetime": "2021-09-27 19:43:46", "elapsed": 629.604749, "delta": 2.433004}}
{"target": -10.368464447336235, "params": {"eta": 0.07995114968346202, "max_depth": 14.276024980558088, "n_estimators": 153.0287981450552}, "datetime": {"datetime": "2021-09-27 19:43:49", "elapsed": 632.628564, "delta": 3.023815}}
{"target": -11.089634169066601, "params": {"eta": 0.23880701932908, "max_depth": 17.62666319250368, "n_estimators": 125.8016402111378}, "datetime": {"datetime": "2021-09-27 19:43:52", "elapsed": 635.162389, "delta": 2.533825}}
{"target": -11.783820606684403, "params": {"eta": 0.28063411637811947, "max_depth": 2.608246698053999, "n_estimators": 181.72635822669523}, "datetime": {"datetime": "2021-09-27 19:43:53", "elapsed": 636.971074, "delta": 1.808685}}
{"target": -11.022351326210108, "params": {"eta": 0.2839594045164392, "max_depth": 31.158280530485595, "n_estimators": 119.77989751854739}, "datetime": {"datetime": "2021-09-27 19:43:56", "elapsed": 639.190413, "delta": 2.219339}}
{"target": -10.132631293377594, "params": {"eta": 0.16530289583264413, "max_depth": 4.174848586022467, "n_estimators": 164.41125347958754}, "datetime": {"datetime": "2021-09-27 19:43:58", "elapsed": 641.552388, "delta": 2.361975}}
{"target": -10.818770670400676, "params": {"eta": 0.29083423296866406, "max_depth": 17.701424101124733, "n_estimators": 191.15373873973482}, "datetime": {"datetime": "2021-09-27 19:44:01", "elapsed": 644.004205, "delta": 2.451817}}
{"target": -10.80362148591157, "params": {"eta": 0.07884517525189937, "max_depth": 4.373583019124716, "n_estimators": 175.44721390222196}, "datetime": {"datetime": "2021-09-27 19:44:02", "elapsed": 645.992412, "delta": 1.988207}}
{"target": -10.483454902799247, "params": {"eta": 0.15951887350883454, "max_depth": 17.634976345022697, "n_estimators": 191.09925004964066}, "datetime": {"datetime": "2021-09-27 19:44:06", "elapsed": 649.22939, "delta": 3.236978}}
{"target": -10.681852715924048, "params": {"eta": 0.057726809526807046, "max_depth": 11.2373476049251, "n_estimators": 142.88037854395054}, "datetime": {"datetime": "2021-09-27 19:44:09", "elapsed": 652.614565, "delta": 3.385175}}
{"target": -11.000868574598199, "params": {"eta": 0.1703348858388909, "max_depth": 17.658033474628837, "n_estimators": 191.08662014937806}, "datetime": {"datetime": "2021-09-27 19:44:11", "elapsed": 654.948237, "delta": 2.333672}}
{"target": -11.043875922020197, "params": {"eta": 0.22427016999873922, "max_depth": 4.60529447776822, "n_estimators": 187.9029322851173}, "datetime": {"datetime": "2021-09-27 19:44:13", "elapsed": 656.947566, "delta": 1.999329}}
{"target": -10.797170418939563, "params": {"eta": 0.06497054216710389, "max_depth": 23.842946833459727, "n_estimators": 168.43115044395472}, "datetime": {"datetime": "2021-09-27 19:44:16", "elapsed": 659.974186, "delta": 3.02662}}
{"target": -10.494380962901554, "params": {"eta": 0.06624131978218502, "max_depth": 7.013545217479534, "n_estimators": 153.58007757044075}, "datetime": {"datetime": "2021-09-27 19:44:19", "elapsed": 662.863526, "delta": 2.88934}}
{"target": -12.53237964601418, "params": {"eta": 0.12881662245696485, "max_depth": 2.878700825977804, "n_estimators": 197.9551101542241}, "datetime": {"datetime": "2021-09-27 19:44:21", "elapsed": 664.665162, "delta": 1.801636}}
{"target": -10.588919335615243, "params": {"eta": 0.10957031153826864, "max_depth": 11.384509044870923, "n_estimators": 142.8103066190585}, "datetime": {"datetime": "2021-09-27 19:44:24", "elapsed": 667.869095, "delta": 3.203933}}
{"target": -10.912425969110332, "params": {"eta": 0.154888788182871, "max_depth": 18.96131193693481, "n_estimators": 164.8254669417717}, "datetime": {"datetime": "2021-09-27 19:44:27", "elapsed": 670.369272, "delta": 2.500177}}
{"target": -10.568394212660733, "params": {"eta": 0.06738045092441665, "max_depth": 34.64816855056307, "n_estimators": 117.03988307758763}, "datetime": {"datetime": "2021-09-27 19:44:30", "elapsed": 673.097755, "delta": 2.728483}}
{"target": -10.971331452423195, "params": {"eta": 0.12298783437225898, "max_depth": 11.382221549895958, "n_estimators": 142.94713471544074}, "datetime": {"datetime": "2021-09-27 19:44:33", "elapsed": 676.944056, "delta": 3.846301}}
{"target": -11.253157924995849, "params": {"eta": 0.2739781080980937, "max_depth": 32.24410575729099, "n_estimators": 179.25840842903088}, "datetime": {"datetime": "2021-09-27 19:44:35", "elapsed": 678.941814, "delta": 1.997758}}
{"target": -10.257388444912849, "params": {"eta": 0.1633855874898288, "max_depth": 8.610244096492305, "n_estimators": 114.13803214766665}, "datetime": {"datetime": "2021-09-27 19:44:39", "elapsed": 682.51192, "delta": 3.570106}}
{"target": -10.364225122699743, "params": {"eta": 0.07854139119829136, "max_depth": 11.168074379681888, "n_estimators": 143.00538678544146}, "datetime": {"datetime": "2021-09-27 19:44:42", "elapsed": 685.488649, "delta": 2.976729}}
{"target": -10.155723186833146, "params": {"eta": 0.07433942958820751, "max_depth": 6.928269516536718, "n_estimators": 153.79825157649043}, "datetime": {"datetime": "2021-09-27 19:44:45", "elapsed": 688.9222, "delta": 3.433551}}
{"target": -10.924479044602649, "params": {"eta": 0.1323463303995463, "max_depth": 5.2193293506356735, "n_estimators": 132.27638663476586}, "datetime": {"datetime": "2021-09-27 19:44:47", "elapsed": 690.736756, "delta": 1.814556}}
{"target": -10.878949165313335, "params": {"eta": 0.11996385024232843, "max_depth": 26.510767249886676, "n_estimators": 135.0556303232272}, "datetime": {"datetime": "2021-09-27 19:44:51", "elapsed": 694.653806, "delta": 3.91705}}
{"target": -10.791123313407319, "params": {"eta": 0.06848221376782503, "max_depth": 26.856562101511333, "n_estimators": 142.9231715763973}, "datetime": {"datetime": "2021-09-27 19:44:55", "elapsed": 698.167308, "delta": 3.513502}}
{"target": -10.529259123465806, "params": {"eta": 0.10532289659142725, "max_depth": 17.801383730305652, "n_estimators": 191.1169080987544}, "datetime": {"datetime": "2021-09-27 19:44:58", "elapsed": 701.36384, "delta": 3.196532}}
{"target": -11.176315992255855, "params": {"eta": 0.23424623093643826, "max_depth": 21.102508937857937, "n_estimators": 111.77323292625032}, "datetime": {"datetime": "2021-09-27 19:45:01", "elapsed": 704.450279, "delta": 3.086439}}
{"target": -10.342548629189737, "params": {"eta": 0.11558259161023922, "max_depth": 6.782051698383478, "n_estimators": 152.95540263247221}, "datetime": {"datetime": "2021-09-27 19:45:03", "elapsed": 706.743168, "delta": 2.292889}}
