{"target": 0.7458654581566506, "params": {"eta": 1.0, "max_depth": 10.0, "n_estimators": 4.330907727278054}, "datetime": {"datetime": "2021-09-17 17:41:10", "elapsed": 111.024555, "delta": 1.163342}}
{"target": 0.768900663122143, "params": {"eta": 0.6893035981228628, "max_depth": 4.738976454345138, "n_estimators": 6.777765845014467}, "datetime": {"datetime": "2021-09-17 17:41:11", "elapsed": 111.776325, "delta": 0.75177}}
{"target": 0.7857222758860478, "params": {"eta": 0.42258419223081667, "max_depth": 4.555721860176262, "n_estimators": 5.425245068646998}, "datetime": {"datetime": "2021-09-17 17:41:12", "elapsed": 112.565323, "delta": 0.788998}}
{"target": 0.7011914426537698, "params": {"eta": 0.3516077308029187, "max_depth": 4.2469957923294, "n_estimators": 5.991600621281235}, "datetime": {"datetime": "2021-09-17 17:41:13", "elapsed": 113.672124, "delta": 1.106801}}
{"target": 0.7892660769169526, "params": {"eta": 1.0, "max_depth": 5.610515727551643, "n_estimators": 4.30816625542801}, "datetime": {"datetime": "2021-09-17 17:41:14", "elapsed": 114.537735, "delta": 0.865611}}
{"target": 0.7963878531976728, "params": {"eta": 1.0, "max_depth": 5.450565876940356, "n_estimators": 7.290504046735609}, "datetime": {"datetime": "2021-09-17 17:41:15", "elapsed": 115.645981, "delta": 1.108246}}
{"target": 0.7384967052531604, "params": {"eta": 1.0, "max_depth": 10.0, "n_estimators": 9.704829765764035}, "datetime": {"datetime": "2021-09-17 17:41:16", "elapsed": 116.553986, "delta": 0.908005}}
{"target": 0.6928473983594505, "params": {"eta": 1.0, "max_depth": 2.3770900235234675, "n_estimators": 4.926375758272487}, "datetime": {"datetime": "2021-09-17 17:41:17", "elapsed": 117.436304, "delta": 0.882318}}
{"target": 0.683330437699961, "params": {"eta": 1.0, "max_depth": 1.6195307714722353, "n_estimators": 6.161006054102382}, "datetime": {"datetime": "2021-09-17 17:41:18", "elapsed": 118.468306, "delta": 1.032002}}
{"target": 0.7832209252977176, "params": {"eta": 0.9993661893925213, "max_depth": 3.562083008045165, "n_estimators": 9.647819168228855}, "datetime": {"datetime": "2021-09-17 17:41:19", "elapsed": 119.367165, "delta": 0.898859}}
{"target": 0.6329085524532094, "params": {"eta": 1.0, "max_depth": 4.464887108225536, "n_estimators": 1.0}, "datetime": {"datetime": "2021-09-17 17:41:20", "elapsed": 120.283162, "delta": 0.915997}}
{"target": 0.7577490929942254, "params": {"eta": 1.0, "max_depth": 8.733170478324253, "n_estimators": 3.04470492513489}, "datetime": {"datetime": "2021-09-17 17:41:20", "elapsed": 121.178163, "delta": 0.895001}}
{"target": 0.74226294397599, "params": {"eta": 1.0, "max_depth": 9.420064741526463, "n_estimators": 10.0}, "datetime": {"datetime": "2021-09-17 17:41:21", "elapsed": 122.00379, "delta": 0.825627}}
{"target": 0.6987741064871507, "params": {"eta": 1.0, "max_depth": 3.762851623412346, "n_estimators": 4.515917484887392}, "datetime": {"datetime": "2021-09-17 17:41:22", "elapsed": 122.815795, "delta": 0.812005}}
{"target": 0.805199605725978, "params": {"eta": 0.5409725392215529, "max_depth": 2.8784790956286614, "n_estimators": 9.337206065981697}, "datetime": {"datetime": "2021-09-17 17:41:23", "elapsed": 123.595452, "delta": 0.779657}}
{"target": 0.7396846771123875, "params": {"eta": 1.0, "max_depth": 10.0, "n_estimators": 5.563172544770857}, "datetime": {"datetime": "2021-09-17 17:41:24", "elapsed": 124.573047, "delta": 0.977595}}
{"target": 0.8009749043562968, "params": {"eta": 1.0, "max_depth": 5.368031300418744, "n_estimators": 6.05650824933136}, "datetime": {"datetime": "2021-09-17 17:41:25", "elapsed": 125.506716, "delta": 0.933669}}
{"target": 0.791592825821634, "params": {"eta": 0.9874906470200477, "max_depth": 5.781119498486878, "n_estimators": 9.564933297109842}, "datetime": {"datetime": "2021-09-17 17:41:26", "elapsed": 126.571719, "delta": 1.065003}}
{"target": 0.7511540537978727, "params": {"eta": 1.0, "max_depth": 7.120401746161656, "n_estimators": 3.8745531311105106}, "datetime": {"datetime": "2021-09-17 17:41:27", "elapsed": 127.538392, "delta": 0.966673}}
{"target": 0.7511540537978727, "params": {"eta": 1.0, "max_depth": 7.686583125748055, "n_estimators": 3.4450233372996526}, "datetime": {"datetime": "2021-09-17 17:41:28", "elapsed": 128.764392, "delta": 1.226}}
{"target": 0.7567831536963845, "params": {"eta": 1.0, "max_depth": 8.315265385213527, "n_estimators": 4.231149716868003}, "datetime": {"datetime": "2021-09-17 17:41:29", "elapsed": 129.814103, "delta": 1.049711}}
{"target": 0.7500827879786587, "params": {"eta": 1.0, "max_depth": 5.655776620396746, "n_estimators": 2.8140027933251313}, "datetime": {"datetime": "2021-09-17 17:41:30", "elapsed": 130.598101, "delta": 0.783998}}
{"target": 0.7582765895449579, "params": {"eta": 1.0, "max_depth": 8.84068757166776, "n_estimators": 8.498985494891569}, "datetime": {"datetime": "2021-09-17 17:41:31", "elapsed": 131.926649, "delta": 1.328548}}
{"target": 0.7352823494569657, "params": {"eta": 0.9923290918162986, "max_depth": 2.9739174343799837, "n_estimators": 7.596218151902285}, "datetime": {"datetime": "2021-09-17 17:41:33", "elapsed": 133.201244, "delta": 1.274595}}
{"target": 0.6329085524532094, "params": {"eta": 1.0, "max_depth": 7.728239797487494, "n_estimators": 1.5117019132347094}, "datetime": {"datetime": "2021-09-17 17:41:33", "elapsed": 134.089423, "delta": 0.888179}}
{"target": 0.7572151586168977, "params": {"eta": 1.0, "max_depth": 7.8808091303404995, "n_estimators": 7.673266788680413}, "datetime": {"datetime": "2021-09-17 17:41:34", "elapsed": 135.019103, "delta": 0.92968}}
{"target": 0.7532477652865055, "params": {"eta": 1.0, "max_depth": 7.127946890231033, "n_estimators": 5.8270440187963795}, "datetime": {"datetime": "2021-09-17 17:41:35", "elapsed": 135.826103, "delta": 0.807}}
{"target": 0.8038560051528982, "params": {"eta": 0.574027123513393, "max_depth": 3.4431358173571116, "n_estimators": 10.0}, "datetime": {"datetime": "2021-09-17 17:41:36", "elapsed": 136.812103, "delta": 0.986}}
{"target": 0.6329085524532094, "params": {"eta": 1.0, "max_depth": 6.461757647604674, "n_estimators": 1.5701121382246503}, "datetime": {"datetime": "2021-09-17 17:41:37", "elapsed": 137.849231, "delta": 1.037128}}
{"target": 0.7600589855042117, "params": {"eta": 1.0, "max_depth": 7.75166419897371, "n_estimators": 10.0}, "datetime": {"datetime": "2021-09-17 17:41:38", "elapsed": 138.689226, "delta": 0.839995}}
{"target": 0.7095172302998332, "params": {"eta": 0.9943507651422682, "max_depth": 2.485993679022093, "n_estimators": 6.2968016819740225}, "datetime": {"datetime": "2021-09-17 17:41:39", "elapsed": 140.046609, "delta": 1.357383}}
{"target": 0.7555792555470828, "params": {"eta": 0.7234615988085771, "max_depth": 2.6986586344436034, "n_estimators": 8.829197678015085}, "datetime": {"datetime": "2021-09-17 17:41:40", "elapsed": 140.998608, "delta": 0.951999}}
{"target": 0.7801938498065187, "params": {"eta": 0.9969024257867403, "max_depth": 3.609501080656867, "n_estimators": 8.724574892240671}, "datetime": {"datetime": "2021-09-17 17:41:41", "elapsed": 141.871426, "delta": 0.872818}}
{"target": 0.7443186035509229, "params": {"eta": 1.0, "max_depth": 9.415232464289925, "n_estimators": 3.698910128015718}, "datetime": {"datetime": "2021-09-17 17:41:42", "elapsed": 142.766425, "delta": 0.894999}}
{"target": 0.7674511384759213, "params": {"eta": 0.6041160843871745, "max_depth": 5.4763630172127895, "n_estimators": 10.0}, "datetime": {"datetime": "2021-09-17 17:41:43", "elapsed": 143.975749, "delta": 1.209324}}
{"target": 0.7482492217650238, "params": {"eta": 1.0, "max_depth": 9.46728163149085, "n_estimators": 2.558092497527578}, "datetime": {"datetime": "2021-09-17 17:41:44", "elapsed": 144.815866, "delta": 0.840117}}
{"target": 0.7588840580547833, "params": {"eta": 0.6766591464561431, "max_depth": 4.329886375573655, "n_estimators": 5.558396616951491}, "datetime": {"datetime": "2021-09-17 17:41:45", "elapsed": 145.631089, "delta": 0.815223}}
{"target": 0.6329085524532094, "params": {"eta": 1.0, "max_depth": 5.717191590699871, "n_estimators": 1.0}, "datetime": {"datetime": "2021-09-17 17:41:46", "elapsed": 146.516093, "delta": 0.885004}}
{"target": 0.786277389970067, "params": {"eta": 0.6395539525246136, "max_depth": 6.6843610318021405, "n_estimators": 9.979753266277589}, "datetime": {"datetime": "2021-09-17 17:41:47", "elapsed": 147.890472, "delta": 1.374379}}
{"target": 0.7234779285539812, "params": {"eta": 1.0, "max_depth": 3.5675336638147934, "n_estimators": 2.317630258672469}, "datetime": {"datetime": "2021-09-17 17:41:48", "elapsed": 148.848476, "delta": 0.958004}}
{"target": 0.7747248092912872, "params": {"eta": 0.2534792439982656, "max_depth": 7.119316227640598, "n_estimators": 9.600177069557107}, "datetime": {"datetime": "2021-09-17 17:41:49", "elapsed": 149.912281, "delta": 1.063805}}
{"target": 0.7606110497870101, "params": {"eta": 1.0, "max_depth": 8.624955506577201, "n_estimators": 7.659056767965029}, "datetime": {"datetime": "2021-09-17 17:41:51", "elapsed": 151.282286, "delta": 1.370005}}
{"target": 0.7588149350443214, "params": {"eta": 0.4751449666684822, "max_depth": 4.872896927456722, "n_estimators": 4.819642055859704}, "datetime": {"datetime": "2021-09-17 17:41:52", "elapsed": 152.725303, "delta": 1.443017}}
{"target": 0.7731130841191473, "params": {"eta": 0.6886090108693702, "max_depth": 2.7175868079434293, "n_estimators": 9.996490403745788}, "datetime": {"datetime": "2021-09-17 17:41:53", "elapsed": 153.725308, "delta": 1.000005}}
{"target": 0.7590694510178495, "params": {"eta": 1.0, "max_depth": 8.242886071991599, "n_estimators": 9.581261271348213}, "datetime": {"datetime": "2021-09-17 17:41:54", "elapsed": 154.700927, "delta": 0.975619}}
{"target": 0.7456460521686725, "params": {"eta": 1.0, "max_depth": 6.409964787751121, "n_estimators": 5.8174284124544124}, "datetime": {"datetime": "2021-09-17 17:41:55", "elapsed": 155.754512, "delta": 1.053585}}
{"target": 0.7798361864274581, "params": {"eta": 0.6475278657943467, "max_depth": 5.121370620126437, "n_estimators": 5.275142990226767}, "datetime": {"datetime": "2021-09-17 17:41:56", "elapsed": 156.77551, "delta": 1.020998}}
{"target": 0.7083510007585798, "params": {"eta": 1.0, "max_depth": 2.3166729219539577, "n_estimators": 6.858754224455279}, "datetime": {"datetime": "2021-09-17 17:41:57", "elapsed": 158.035677, "delta": 1.260167}}
{"target": 0.7907319749494783, "params": {"eta": 0.5831717193397415, "max_depth": 4.666969299692797, "n_estimators": 9.997046382687067}, "datetime": {"datetime": "2021-09-17 17:41:58", "elapsed": 158.964675, "delta": 0.928998}}
{"target": 0.7649090388878759, "params": {"eta": 1.0, "max_depth": 5.985898960051991, "n_estimators": 3.6876087045987225}, "datetime": {"datetime": "2021-09-17 17:41:59", "elapsed": 159.949438, "delta": 0.984763}}
{"target": 0.795154306507933, "params": {"eta": 1.0, "max_depth": 5.559425002776804, "n_estimators": 5.084576599551736}, "datetime": {"datetime": "2021-09-17 17:42:00", "elapsed": 161.007438, "delta": 1.058}}
{"target": 0.6988827444828829, "params": {"eta": 1.0, "max_depth": 2.253546220163987, "n_estimators": 5.752045630805346}, "datetime": {"datetime": "2021-09-17 17:42:02", "elapsed": 162.198845, "delta": 1.191407}}
{"target": 0.8204546383749619, "params": {"eta": 0.5054546261375518, "max_depth": 7.743151581328723, "n_estimators": 8.901148164171019}, "datetime": {"datetime": "2021-09-17 17:42:03", "elapsed": 163.287848, "delta": 1.089003}}
{"target": 0.7683362113140478, "params": {"eta": 1.0, "max_depth": 4.650503195830283, "n_estimators": 3.6144809249804895}, "datetime": {"datetime": "2021-09-17 17:42:04", "elapsed": 164.348852, "delta": 1.061004}}
{"target": 0.7423463181634276, "params": {"eta": 1.0, "max_depth": 9.667959692955279, "n_estimators": 9.50763499843146}, "datetime": {"datetime": "2021-09-17 17:42:05", "elapsed": 165.370857, "delta": 1.022005}}
{"target": 0.7422500938967571, "params": {"eta": 1.0, "max_depth": 9.099260020211728, "n_estimators": 8.976690175170576}, "datetime": {"datetime": "2021-09-17 17:42:06", "elapsed": 166.783577, "delta": 1.41272}}
{"target": 0.7439855772075359, "params": {"eta": 1.0, "max_depth": 9.549959771785037, "n_estimators": 6.219459272718512}, "datetime": {"datetime": "2021-09-17 17:42:07", "elapsed": 168.179983, "delta": 1.396406}}
{"target": 0.7514600038467866, "params": {"eta": 0.6986079458545188, "max_depth": 4.7000830575115256, "n_estimators": 5.106059346314661}, "datetime": {"datetime": "2021-09-17 17:42:09", "elapsed": 169.308669, "delta": 1.128686}}
{"target": 0.7729183164943851, "params": {"eta": 1.0, "max_depth": 4.6410033662952666, "n_estimators": 10.0}, "datetime": {"datetime": "2021-09-17 17:42:10", "elapsed": 170.517688, "delta": 1.209019}}
{"target": 0.7762475492667954, "params": {"eta": 0.9823722337631616, "max_depth": 5.784022442513694, "n_estimators": 7.643191975168444}, "datetime": {"datetime": "2021-09-17 17:42:11", "elapsed": 171.696137, "delta": 1.178449}}
{"target": 0.7572065768562806, "params": {"eta": 1.0, "max_depth": 3.896744303856921, "n_estimators": 6.855081309535594}, "datetime": {"datetime": "2021-09-17 17:42:12", "elapsed": 172.701952, "delta": 1.005815}}
{"target": 0.6534858712017793, "params": {"eta": 1.0, "max_depth": 1.5564281396714301, "n_estimators": 2.6968166818666948}, "datetime": {"datetime": "2021-09-17 17:42:14", "elapsed": 174.212251, "delta": 1.510299}}
{"target": -4.53839105835571, "params": {"eta": 0.01, "max_depth": 4.849655258858199, "n_estimators": 5.0924291991936705}, "datetime": {"datetime": "2021-09-17 17:42:14", "elapsed": 175.164918, "delta": 0.952667}}
{"target": 0.747761190437974, "params": {"eta": 0.6114753557941479, "max_depth": 4.920579562441314, "n_estimators": 4.353200474539389}, "datetime": {"datetime": "2021-09-17 17:42:16", "elapsed": 176.69125, "delta": 1.526332}}
{"target": 0.7549255117675927, "params": {"eta": 0.654579579169644, "max_depth": 4.685880545837581, "n_estimators": 4.633804085264595}, "datetime": {"datetime": "2021-09-17 17:42:17", "elapsed": 177.96921, "delta": 1.27796}}
{"target": 0.7814103567275168, "params": {"eta": 0.6827557805703858, "max_depth": 5.260013204397289, "n_estimators": 4.687139529723321}, "datetime": {"datetime": "2021-09-17 17:42:18", "elapsed": 179.030207, "delta": 1.060997}}
{"target": -1.3212025821989628, "params": {"eta": 0.11476396143620948, "max_depth": 1.009414174826678, "n_estimators": 5.556869890127744}, "datetime": {"datetime": "2021-09-17 17:42:19", "elapsed": 179.894021, "delta": 0.863814}}
{"target": -4.849130874012915, "params": {"eta": 0.01, "max_depth": 10.0, "n_estimators": 2.119863012569865}, "datetime": {"datetime": "2021-09-17 17:42:20", "elapsed": 181.095025, "delta": 1.201004}}
{"target": 0.7145376411647706, "params": {"eta": 0.24066050254091714, "max_depth": 9.971525635343264, "n_estimators": 8.190917202086368}, "datetime": {"datetime": "2021-09-17 17:42:22", "elapsed": 182.281885, "delta": 1.18686}}
{"target": 0.8018074023834334, "params": {"eta": 0.31432946947092977, "max_depth": 9.336268070418523, "n_estimators": 8.658440549258046}, "datetime": {"datetime": "2021-09-17 17:42:23", "elapsed": 183.359884, "delta": 1.077999}}
{"target": 0.8005771726771946, "params": {"eta": 0.31782984955735716, "max_depth": 9.973046586982043, "n_estimators": 8.714432563475224}, "datetime": {"datetime": "2021-09-17 17:42:24", "elapsed": 184.372717, "delta": 1.012833}}
{"target": 0.7906195921305921, "params": {"eta": 0.6070760801155504, "max_depth": 9.648768587437832, "n_estimators": 8.271179787646872}, "datetime": {"datetime": "2021-09-17 17:42:25", "elapsed": 185.543716, "delta": 1.170999}}
{"target": -4.156175243512049, "params": {"eta": 0.011138511373933329, "max_depth": 9.7184879605452, "n_estimators": 8.579803250198625}, "datetime": {"datetime": "2021-09-17 17:42:26", "elapsed": 186.588932, "delta": 1.045216}}
{"target": 0.8052775662865509, "params": {"eta": 0.5202439272291306, "max_depth": 8.837247624873607, "n_estimators": 8.844511979052598}, "datetime": {"datetime": "2021-09-17 17:42:27", "elapsed": 187.690845, "delta": 1.101913}}
{"target": -4.641800766139532, "params": {"eta": 0.01, "max_depth": 9.069383502818797, "n_estimators": 4.825714906582302}, "datetime": {"datetime": "2021-09-17 17:42:28", "elapsed": 188.936302, "delta": 1.245457}}
{"target": 0.7787539832130249, "params": {"eta": 0.6469471786948062, "max_depth": 9.444119787664844, "n_estimators": 8.890444463538563}, "datetime": {"datetime": "2021-09-17 17:42:30", "elapsed": 190.544088, "delta": 1.607786}}
{"target": 0.8105118133077187, "params": {"eta": 0.49321891808772494, "max_depth": 9.00564384874743, "n_estimators": 8.271671343669246}, "datetime": {"datetime": "2021-09-17 17:42:31", "elapsed": 191.815293, "delta": 1.271205}}
{"target": 0.732540961246579, "params": {"eta": 0.7398681955933838, "max_depth": 9.984724200703496, "n_estimators": 8.638469053546839}, "datetime": {"datetime": "2021-09-17 17:42:33", "elapsed": 193.420306, "delta": 1.605013}}
{"target": -1.4406660878702988, "params": {"eta": 0.15721829866906828, "max_depth": 5.700617224150563, "n_estimators": 3.584958614616452}, "datetime": {"datetime": "2021-09-17 17:42:34", "elapsed": 194.861082, "delta": 1.440776}}
{"target": -0.12760188579769305, "params": {"eta": 0.22481414605186262, "max_depth": 2.785540962979667, "n_estimators": 4.327596265204376}, "datetime": {"datetime": "2021-09-17 17:42:35", "elapsed": 195.940401, "delta": 1.079319}}
{"target": 0.8223982891341892, "params": {"eta": 0.5002473692278424, "max_depth": 10.0, "n_estimators": 7.822135415403666}, "datetime": {"datetime": "2021-09-17 17:42:36", "elapsed": 197.0883, "delta": 1.147899}}
{"target": 0.7498218488035417, "params": {"eta": 0.32102227651373505, "max_depth": 1.8689279366167308, "n_estimators": 9.998900187970916}, "datetime": {"datetime": "2021-09-17 17:42:38", "elapsed": 198.27065, "delta": 1.18235}}
{"target": -4.150069929103902, "params": {"eta": 0.01, "max_depth": 3.116178396121447, "n_estimators": 9.111201625063133}, "datetime": {"datetime": "2021-09-17 17:42:39", "elapsed": 199.799317, "delta": 1.528667}}
{"target": 0.7657537600703063, "params": {"eta": 0.38509610153886853, "max_depth": 2.2983241312860185, "n_estimators": 9.470087149968478}, "datetime": {"datetime": "2021-09-17 17:42:40", "elapsed": 201.151195, "delta": 1.351878}}
{"target": -1.9624115573583834, "params": {"eta": 0.057203724353936815, "max_depth": 2.5009936580302776, "n_estimators": 7.44864643710866}, "datetime": {"datetime": "2021-09-17 17:42:42", "elapsed": 202.418581, "delta": 1.267386}}
{"target": -4.259558014847994, "params": {"eta": 0.01, "max_depth": 2.0691650544637743, "n_estimators": 8.520615868837966}, "datetime": {"datetime": "2021-09-17 17:42:43", "elapsed": 203.555581, "delta": 1.137}}
{"target": 0.721147711766219, "params": {"eta": 0.979271519605375, "max_depth": 3.5445469453883667, "n_estimators": 2.920483461441384}, "datetime": {"datetime": "2021-09-17 17:42:44", "elapsed": 204.769051, "delta": 1.21347}}
{"target": 0.7884333349874709, "params": {"eta": 0.6643830662578234, "max_depth": 2.620409566546755, "n_estimators": 7.964773716360984}, "datetime": {"datetime": "2021-09-17 17:42:46", "elapsed": 206.711645, "delta": 1.942594}}
{"target": 0.743744488234268, "params": {"eta": 0.2876359926705871, "max_depth": 6.370089238717286, "n_estimators": 7.33933369819156}, "datetime": {"datetime": "2021-09-17 17:42:47", "elapsed": 207.84395, "delta": 1.132305}}
{"target": 0.7845387853092842, "params": {"eta": 0.40296869184472, "max_depth": 6.736813339028406, "n_estimators": 6.746220653682483}, "datetime": {"datetime": "2021-09-17 17:42:48", "elapsed": 209.074207, "delta": 1.230257}}
{"target": 0.7916670413901674, "params": {"eta": 0.3599621057585952, "max_depth": 5.533362753057508, "n_estimators": 7.508380993733393}, "datetime": {"datetime": "2021-09-17 17:42:50", "elapsed": 210.725198, "delta": 1.650991}}
{"target": 0.7426387380351058, "params": {"eta": 0.4129583495009883, "max_depth": 1.7295650946114072, "n_estimators": 7.491975375214467}, "datetime": {"datetime": "2021-09-17 17:42:52", "elapsed": 212.679299, "delta": 1.954101}}
{"target": 0.7032959987225837, "params": {"eta": 0.3035249126335779, "max_depth": 8.047990189025523, "n_estimators": 6.33159427947154}, "datetime": {"datetime": "2021-09-17 17:42:53", "elapsed": 213.943301, "delta": 1.264002}}
{"target": 0.7724236712811356, "params": {"eta": 0.39006540980094817, "max_depth": 7.395690427862954, "n_estimators": 6.5423502696311875}, "datetime": {"datetime": "2021-09-17 17:42:55", "elapsed": 215.580567, "delta": 1.637266}}
{"target": 0.6258201038703164, "params": {"eta": 0.9894852271017878, "max_depth": 9.407022577715882, "n_estimators": 1.4969105430388479}, "datetime": {"datetime": "2021-09-17 17:42:56", "elapsed": 216.576793, "delta": 0.996226}}
{"target": 0.8419588911735961, "params": {"eta": 0.3498799797966094, "max_depth": 4.997591732648712, "n_estimators": 9.275516741251773}, "datetime": {"datetime": "2021-09-17 17:42:57", "elapsed": 217.876419, "delta": 1.299626}}
{"target": 0.710690399656215, "params": {"eta": 0.3711436557929032, "max_depth": 3.577151554397079, "n_estimators": 5.105643215773643}, "datetime": {"datetime": "2021-09-17 17:42:59", "elapsed": 219.312023, "delta": 1.435604}}
{"target": -1.5442702119261602, "params": {"eta": 0.4051811247277129, "max_depth": 2.6385069299838624, "n_estimators": 1.2859357099785647}, "datetime": {"datetime": "2021-09-17 17:43:00", "elapsed": 220.565571, "delta": 1.253548}}
{"target": 0.7830801567293435, "params": {"eta": 0.9952196139827204, "max_depth": 4.412863791921055, "n_estimators": 8.106197120532375}, "datetime": {"datetime": "2021-09-17 17:43:01", "elapsed": 222.14182, "delta": 1.576249}}
{"target": 0.8189231901447037, "params": {"eta": 0.3738972164124519, "max_depth": 5.608852704402941, "n_estimators": 9.388881242871902}, "datetime": {"datetime": "2021-09-17 17:43:03", "elapsed": 223.83882, "delta": 1.697}}
