{"target": -11.180066760202541, "params": {"eta": 0.24149025935867452, "max_depth": 11.275770738237544, "n_estimators": 142.82102286154236}, "datetime": {"datetime": "2021-09-27 19:37:13", "elapsed": 236.437969, "delta": 1.479549}}
{"target": -10.959507981264002, "params": {"eta": 0.20293606853579899, "max_depth": 6.400197890157347, "n_estimators": 161.95593234828414}, "datetime": {"datetime": "2021-09-27 19:37:15", "elapsed": 238.122728, "delta": 1.684759}}
{"target": -10.596458100885949, "params": {"eta": 0.06930008311035142, "max_depth": 11.474506409591314, "n_estimators": 142.93554193916623}, "datetime": {"datetime": "2021-09-27 19:37:17", "elapsed": 240.375169, "delta": 2.252441}}
{"target": -10.845262014433663, "params": {"eta": 0.15516615735137362, "max_depth": 10.526932799326223, "n_estimators": 112.69262874887363}, "datetime": {"datetime": "2021-09-27 19:37:18", "elapsed": 241.967821, "delta": 1.592652}}
{"target": -10.418528624527518, "params": {"eta": 0.14205275071385215, "max_depth": 24.784775381001058, "n_estimators": 159.92577057808268}, "datetime": {"datetime": "2021-09-27 19:37:21", "elapsed": 244.123118, "delta": 2.155297}}
{"target": -10.62585439400431, "params": {"eta": 0.08749289254236171, "max_depth": 29.878787366022184, "n_estimators": 106.97917715521127}, "datetime": {"datetime": "2021-09-27 19:37:23", "elapsed": 246.345097, "delta": 2.221979}}
{"target": -10.996811847417238, "params": {"eta": 0.090265709189414, "max_depth": 19.126402282182358, "n_estimators": 158.41342940411707}, "datetime": {"datetime": "2021-09-27 19:37:26", "elapsed": 249.188175, "delta": 2.843078}}
{"target": -11.22740918538612, "params": {"eta": 0.27898609494555826, "max_depth": 9.362701553151751, "n_estimators": 198.02244580674972}, "datetime": {"datetime": "2021-09-27 19:37:27", "elapsed": 250.711474, "delta": 1.523299}}
{"target": -10.87473439484851, "params": {"eta": 0.12200613369359405, "max_depth": 24.52468545719224, "n_estimators": 159.9182692060732}, "datetime": {"datetime": "2021-09-27 19:37:30", "elapsed": 253.394961, "delta": 2.683487}}
{"target": -10.497846420449381, "params": {"eta": 0.10788520818231544, "max_depth": 10.354093413505124, "n_estimators": 118.37082962546219}, "datetime": {"datetime": "2021-09-27 19:37:32", "elapsed": 255.167705, "delta": 1.772744}}
{"target": -10.29489872900324, "params": {"eta": 0.07440791267691856, "max_depth": 27.055425523624777, "n_estimators": 143.13099810093888}, "datetime": {"datetime": "2021-09-27 19:37:34", "elapsed": 257.758589, "delta": 2.590884}}
{"target": -10.777156573680715, "params": {"eta": 0.13148344593673966, "max_depth": 28.042156877905036, "n_estimators": 152.91159137517488}, "datetime": {"datetime": "2021-09-27 19:37:37", "elapsed": 260.015585, "delta": 2.256996}}
{"target": -10.75018440269717, "params": {"eta": 0.0818404416488545, "max_depth": 24.686071348422143, "n_estimators": 105.55872764241576}, "datetime": {"datetime": "2021-09-27 19:37:39", "elapsed": 262.349633, "delta": 2.334048}}
{"target": -11.18347793065642, "params": {"eta": 0.2699542936949742, "max_depth": 26.294980577614314, "n_estimators": 142.9319292891996}, "datetime": {"datetime": "2021-09-27 19:37:41", "elapsed": 264.00063, "delta": 1.650997}}
{"target": -10.466720822814546, "params": {"eta": 0.13540509628776387, "max_depth": 23.044687675496448, "n_estimators": 117.53012904990675}, "datetime": {"datetime": "2021-09-27 19:37:42", "elapsed": 265.858233, "delta": 1.857603}}
{"target": -10.757072129502372, "params": {"eta": 0.1459334195843165, "max_depth": 6.67385680568134, "n_estimators": 161.93514056762723}, "datetime": {"datetime": "2021-09-27 19:37:44", "elapsed": 267.968839, "delta": 2.110606}}
{"target": -11.395450413552084, "params": {"eta": 0.2701636470817657, "max_depth": 7.025846335747043, "n_estimators": 153.75538466600446}, "datetime": {"datetime": "2021-09-27 19:37:47", "elapsed": 270.291002, "delta": 2.322163}}
{"target": -10.455924672660291, "params": {"eta": 0.17441213005777395, "max_depth": 6.200618349381238, "n_estimators": 154.10267034714116}, "datetime": {"datetime": "2021-09-27 19:37:48", "elapsed": 271.578004, "delta": 1.287002}}
{"target": -10.575283904413121, "params": {"eta": 0.2023289064932462, "max_depth": 9.834681599190233, "n_estimators": 127.6088161310943}, "datetime": {"datetime": "2021-09-27 19:37:50", "elapsed": 273.262648, "delta": 1.684644}}
{"target": -10.438909835431383, "params": {"eta": 0.12957922958513252, "max_depth": 21.268779071630373, "n_estimators": 105.86012808686532}, "datetime": {"datetime": "2021-09-27 19:37:52", "elapsed": 275.062648, "delta": 1.8}}
{"target": -11.012218711568208, "params": {"eta": 0.20131781976081514, "max_depth": 27.22680987895325, "n_estimators": 143.07629979312168}, "datetime": {"datetime": "2021-09-27 19:37:53", "elapsed": 276.682965, "delta": 1.620317}}
{"target": -10.623355458812043, "params": {"eta": 0.0648604167461473, "max_depth": 27.922840877558848, "n_estimators": 152.9362335930841}, "datetime": {"datetime": "2021-09-27 19:37:55", "elapsed": 278.897778, "delta": 2.214813}}
{"target": -11.15911325452405, "params": {"eta": 0.1771121533043964, "max_depth": 33.42447278063745, "n_estimators": 138.11355740109266}, "datetime": {"datetime": "2021-09-27 19:37:57", "elapsed": 280.759968, "delta": 1.86219}}
{"target": -10.876319804055623, "params": {"eta": 0.1586375111522339, "max_depth": 12.856828459969696, "n_estimators": 101.90554773320312}, "datetime": {"datetime": "2021-09-27 19:37:59", "elapsed": 282.1836, "delta": 1.423632}}
{"target": -10.705756383783513, "params": {"eta": 0.11047011429669097, "max_depth": 6.0482594021850975, "n_estimators": 165.35745121654728}, "datetime": {"datetime": "2021-09-27 19:38:00", "elapsed": 283.831596, "delta": 1.647996}}
{"target": -11.58618475716871, "params": {"eta": 0.29207068169966327, "max_depth": 13.531837295455807, "n_estimators": 197.42584430864983}, "datetime": {"datetime": "2021-09-27 19:38:02", "elapsed": 285.065596, "delta": 1.234}}
{"target": -10.369271851043978, "params": {"eta": 0.21138791055266776, "max_depth": 11.778591021652645, "n_estimators": 172.05005218939198}, "datetime": {"datetime": "2021-09-27 19:38:03", "elapsed": 286.540831, "delta": 1.475235}}
{"target": -11.246196144044356, "params": {"eta": 0.29363805859140846, "max_depth": 7.756415426589922, "n_estimators": 145.71795879609175}, "datetime": {"datetime": "2021-09-27 19:38:04", "elapsed": 287.836419, "delta": 1.295588}}
{"target": -10.2991041152342, "params": {"eta": 0.08925908575806461, "max_depth": 11.322771415312054, "n_estimators": 142.9732727511406}, "datetime": {"datetime": "2021-09-27 19:38:06", "elapsed": 289.735822, "delta": 1.899403}}
{"target": -10.542512555799794, "params": {"eta": 0.1173686402856161, "max_depth": 17.259231995647898, "n_estimators": 140.8076418776503}, "datetime": {"datetime": "2021-09-27 19:38:08", "elapsed": 291.789037, "delta": 2.053215}}
{"target": -10.848791542008957, "params": {"eta": 0.18049030538026128, "max_depth": 28.03156403666307, "n_estimators": 151.03813252533038}, "datetime": {"datetime": "2021-09-27 19:38:10", "elapsed": 293.497342, "delta": 1.708305}}
{"target": -10.640949069394944, "params": {"eta": 0.13314317108600343, "max_depth": 34.74509934078263, "n_estimators": 189.86817400745386}, "datetime": {"datetime": "2021-09-27 19:38:12", "elapsed": 295.42485, "delta": 1.927508}}
{"target": -13.339202128536574, "params": {"eta": 0.1982677928873386, "max_depth": 1.6223497885114475, "n_estimators": 195.9196075315882}, "datetime": {"datetime": "2021-09-27 19:38:13", "elapsed": 296.421457, "delta": 0.996607}}
{"target": -10.134902551697312, "params": {"eta": 0.13404107673326765, "max_depth": 21.247881470599722, "n_estimators": 111.74033297155867}, "datetime": {"datetime": "2021-09-27 19:38:15", "elapsed": 298.097579, "delta": 1.676122}}
{"target": -11.125455800343062, "params": {"eta": 0.28937376985004987, "max_depth": 21.769228026674558, "n_estimators": 187.69360206452347}, "datetime": {"datetime": "2021-09-27 19:38:16", "elapsed": 299.485478, "delta": 1.387899}}
{"target": -10.896922725474585, "params": {"eta": 0.18065111445703746, "max_depth": 8.536749176707882, "n_estimators": 111.37804573566955}, "datetime": {"datetime": "2021-09-27 19:38:17", "elapsed": 300.986714, "delta": 1.501236}}
{"target": -10.691794926908962, "params": {"eta": 0.09984386265880289, "max_depth": 21.366064936967273, "n_estimators": 111.74977800391109}, "datetime": {"datetime": "2021-09-27 19:38:20", "elapsed": 303.015755, "delta": 2.029041}}
{"target": -10.314927495555297, "params": {"eta": 0.19424012105178984, "max_depth": 34.820409553242676, "n_estimators": 179.59783442621648}, "datetime": {"datetime": "2021-09-27 19:38:21", "elapsed": 304.780758, "delta": 1.765003}}
{"target": -11.1167577338425, "params": {"eta": 0.26282191169995345, "max_depth": 22.03710841629313, "n_estimators": 160.06058012782015}, "datetime": {"datetime": "2021-09-27 19:38:23", "elapsed": 306.102757, "delta": 1.321999}}
{"target": -10.80602850272768, "params": {"eta": 0.11988815929062664, "max_depth": 33.484121302870385, "n_estimators": 138.4949736196957}, "datetime": {"datetime": "2021-09-27 19:38:25", "elapsed": 308.908276, "delta": 2.805519}}
{"target": -11.201730312051087, "params": {"eta": 0.11605567709402052, "max_depth": 3.4701544149278414, "n_estimators": 131.97894636680073}, "datetime": {"datetime": "2021-09-27 19:38:26", "elapsed": 309.921274, "delta": 1.012998}}
{"target": -11.059104126210217, "params": {"eta": 0.24710138143891153, "max_depth": 28.324131588871165, "n_estimators": 136.3484090333442}, "datetime": {"datetime": "2021-09-27 19:38:28", "elapsed": 311.469163, "delta": 1.547889}}
{"target": -10.55869587541439, "params": {"eta": 0.11498761317740812, "max_depth": 16.67813912207648, "n_estimators": 113.52356195632619}, "datetime": {"datetime": "2021-09-27 19:38:30", "elapsed": 313.587777, "delta": 2.118614}}
{"target": -10.860797207296375, "params": {"eta": 0.28944807522109445, "max_depth": 6.349484992370326, "n_estimators": 152.9264579187175}, "datetime": {"datetime": "2021-09-27 19:38:32", "elapsed": 315.049918, "delta": 1.462141}}
{"target": -10.286982749567738, "params": {"eta": 0.13034521237590352, "max_depth": 33.655506565347864, "n_estimators": 138.1894586670244}, "datetime": {"datetime": "2021-09-27 19:38:34", "elapsed": 317.151584, "delta": 2.101666}}
{"target": -10.429004855004036, "params": {"eta": 0.0808464804807358, "max_depth": 31.348250289255297, "n_estimators": 196.50791884997085}, "datetime": {"datetime": "2021-09-27 19:38:37", "elapsed": 320.368586, "delta": 3.217002}}
{"target": -11.689845184888387, "params": {"eta": 0.23265922794327354, "max_depth": 9.9954314700132, "n_estimators": 127.52800577706905}, "datetime": {"datetime": "2021-09-27 19:38:39", "elapsed": 322.046056, "delta": 1.67747}}
{"target": -10.671039002399155, "params": {"eta": 0.11070523512631987, "max_depth": 23.06748813017284, "n_estimators": 147.3710603271102}, "datetime": {"datetime": "2021-09-27 19:38:41", "elapsed": 324.361325, "delta": 2.315269}}
{"target": -11.44265849977573, "params": {"eta": 0.2676239928199205, "max_depth": 28.289806956140552, "n_estimators": 119.96613908718089}, "datetime": {"datetime": "2021-09-27 19:38:42", "elapsed": 325.933208, "delta": 1.571883}}
{"target": -10.434003471175739, "params": {"eta": 0.12265501563065544, "max_depth": 8.691975177739103, "n_estimators": 111.58670860767168}, "datetime": {"datetime": "2021-09-27 19:38:44", "elapsed": 327.265138, "delta": 1.33193}}
{"target": -11.353392806138222, "params": {"eta": 0.17844921682248643, "max_depth": 9.914639090653788, "n_estimators": 127.72540582315722}, "datetime": {"datetime": "2021-09-27 19:38:46", "elapsed": 329.341181, "delta": 2.076043}}
{"target": -10.924991144748002, "params": {"eta": 0.29589279874046415, "max_depth": 34.84273873340722, "n_estimators": 179.55020457992026}, "datetime": {"datetime": "2021-09-27 19:38:49", "elapsed": 332.382686, "delta": 3.041505}}
{"target": -10.245289091521945, "params": {"eta": 0.07638283833153282, "max_depth": 28.406971576065484, "n_estimators": 149.77692403876893}, "datetime": {"datetime": "2021-09-27 19:38:52", "elapsed": 335.422157, "delta": 3.039471}}
{"target": -10.51932480733424, "params": {"eta": 0.054474761922073886, "max_depth": 18.991732460150537, "n_estimators": 158.25168522103215}, "datetime": {"datetime": "2021-09-27 19:38:56", "elapsed": 339.037478, "delta": 3.615321}}
{"target": -10.63915433237221, "params": {"eta": 0.22823513085416813, "max_depth": 11.137680177900595, "n_estimators": 122.91399175807744}, "datetime": {"datetime": "2021-09-27 19:38:58", "elapsed": 341.088767, "delta": 2.051289}}
{"target": -10.69431354189803, "params": {"eta": 0.19212504761800342, "max_depth": 34.86747336988906, "n_estimators": 179.70145980064913}, "datetime": {"datetime": "2021-09-27 19:39:00", "elapsed": 343.693642, "delta": 2.604875}}
{"target": -10.702515393979107, "params": {"eta": 0.22831647505814312, "max_depth": 11.82300209924031, "n_estimators": 172.1628735126024}, "datetime": {"datetime": "2021-09-27 19:39:03", "elapsed": 346.252937, "delta": 2.559295}}
{"target": -10.36241381023996, "params": {"eta": 0.12944022175488135, "max_depth": 23.040235797903733, "n_estimators": 147.4010455423763}, "datetime": {"datetime": "2021-09-27 19:39:06", "elapsed": 349.008198, "delta": 2.755261}}
{"target": -11.111437120625782, "params": {"eta": 0.10228727152988458, "max_depth": 15.95454007344726, "n_estimators": 154.66760066981777}, "datetime": {"datetime": "2021-09-27 19:39:09", "elapsed": 352.113018, "delta": 3.10482}}
{"target": -10.201837786413988, "params": {"eta": 0.20332739617151535, "max_depth": 21.174357597633573, "n_estimators": 111.68731220119213}, "datetime": {"datetime": "2021-09-27 19:39:11", "elapsed": 354.946736, "delta": 2.833718}}
{"target": -11.050975906403778, "params": {"eta": 0.17993714051342885, "max_depth": 11.60763501424229, "n_estimators": 142.85292994144007}, "datetime": {"datetime": "2021-09-27 19:39:14", "elapsed": 357.797257, "delta": 2.850521}}
{"target": -10.086103576623442, "params": {"eta": 0.13921316547818097, "max_depth": 8.628274534780282, "n_estimators": 114.02869539554803}, "datetime": {"datetime": "2021-09-27 19:39:16", "elapsed": 359.888534, "delta": 2.091277}}
{"target": -11.380353581602535, "params": {"eta": 0.25420366212506246, "max_depth": 30.409794227080617, "n_estimators": 167.85518171521176}, "datetime": {"datetime": "2021-09-27 19:39:18", "elapsed": 361.815766, "delta": 1.927232}}
{"target": -10.548768482383068, "params": {"eta": 0.10956720206830307, "max_depth": 33.90956264431772, "n_estimators": 144.0254943354818}, "datetime": {"datetime": "2021-09-27 19:39:22", "elapsed": 365.551739, "delta": 3.735973}}
{"target": -10.234698461481905, "params": {"eta": 0.150291717633858, "max_depth": 21.044685072619167, "n_estimators": 111.73864635146646}, "datetime": {"datetime": "2021-09-27 19:39:25", "elapsed": 368.496239, "delta": 2.9445}}
{"target": -10.486528488859514, "params": {"eta": 0.15993354518667668, "max_depth": 16.913107249825977, "n_estimators": 121.54205711348068}, "datetime": {"datetime": "2021-09-27 19:39:27", "elapsed": 370.849847, "delta": 2.353608}}
{"target": -10.275563987710184, "params": {"eta": 0.057920703496895945, "max_depth": 18.818512883257856, "n_estimators": 158.2231202581573}, "datetime": {"datetime": "2021-09-27 19:39:30", "elapsed": 373.691106, "delta": 2.841259}}
{"target": -10.611728414011882, "params": {"eta": 0.050078632156050115, "max_depth": 17.84085597855438, "n_estimators": 135.60497098427928}, "datetime": {"datetime": "2021-09-27 19:39:33", "elapsed": 376.383105, "delta": 2.691999}}
{"target": -10.35761464422479, "params": {"eta": 0.19146063472755226, "max_depth": 5.86706658712542, "n_estimators": 165.20936613413159}, "datetime": {"datetime": "2021-09-27 19:39:35", "elapsed": 378.60281, "delta": 2.219705}}
{"target": -11.172375379920457, "params": {"eta": 0.22729143554983827, "max_depth": 16.67881941042068, "n_estimators": 143.8185221842345}, "datetime": {"datetime": "2021-09-27 19:39:37", "elapsed": 380.770568, "delta": 2.167758}}
{"target": -11.278702801030509, "params": {"eta": 0.2681066716200112, "max_depth": 9.301455592063654, "n_estimators": 164.0843766074813}, "datetime": {"datetime": "2021-09-27 19:39:40", "elapsed": 383.094825, "delta": 2.324257}}
{"target": -10.5620332177893, "params": {"eta": 0.1374021852289956, "max_depth": 21.143789079388497, "n_estimators": 111.72069627672589}, "datetime": {"datetime": "2021-09-27 19:39:43", "elapsed": 386.924168, "delta": 3.829343}}
{"target": -14.109134613686455, "params": {"eta": 0.10099399015277759, "max_depth": 1.164497791944414, "n_estimators": 176.26123123957302}, "datetime": {"datetime": "2021-09-27 19:39:44", "elapsed": 387.968939, "delta": 1.044771}}
{"target": -10.798587954154423, "params": {"eta": 0.21209221274248985, "max_depth": 8.60240999098511, "n_estimators": 113.91446810520732}, "datetime": {"datetime": "2021-09-27 19:39:46", "elapsed": 389.992195, "delta": 2.023256}}
{"target": -10.387041582499887, "params": {"eta": 0.15939956233553532, "max_depth": 34.55100038855237, "n_estimators": 194.89195992749475}, "datetime": {"datetime": "2021-09-27 19:39:49", "elapsed": 392.419098, "delta": 2.426903}}
{"target": -10.371737898284831, "params": {"eta": 0.1758652232709575, "max_depth": 8.466149138148525, "n_estimators": 114.0085351968968}, "datetime": {"datetime": "2021-09-27 19:39:51", "elapsed": 394.551957, "delta": 2.132859}}
{"target": -10.535159779564292, "params": {"eta": 0.1585598373767969, "max_depth": 3.2234339492646376, "n_estimators": 173.72451796364743}, "datetime": {"datetime": "2021-09-27 19:39:52", "elapsed": 395.862664, "delta": 1.310707}}
{"target": -11.018888470010294, "params": {"eta": 0.26377862584495987, "max_depth": 17.2618230817657, "n_estimators": 140.65895614354054}, "datetime": {"datetime": "2021-09-27 19:39:55", "elapsed": 398.012966, "delta": 2.150302}}
{"target": -10.518783617744702, "params": {"eta": 0.09388717684487559, "max_depth": 34.789300448615556, "n_estimators": 179.5254788031016}, "datetime": {"datetime": "2021-09-27 19:39:58", "elapsed": 401.700206, "delta": 3.68724}}
{"target": -10.474001994484695, "params": {"eta": 0.11527612142638581, "max_depth": 26.652652759448845, "n_estimators": 135.07249081183986}, "datetime": {"datetime": "2021-09-27 19:40:01", "elapsed": 404.166189, "delta": 2.465983}}
{"target": -10.945208814199319, "params": {"eta": 0.14481630915366728, "max_depth": 8.516963505484327, "n_estimators": 114.21513625500398}, "datetime": {"datetime": "2021-09-27 19:40:03", "elapsed": 406.149633, "delta": 1.983444}}
{"target": -10.80118382909023, "params": {"eta": 0.19841549082793575, "max_depth": 13.606259147907306, "n_estimators": 193.76917340105248}, "datetime": {"datetime": "2021-09-27 19:40:05", "elapsed": 408.022778, "delta": 1.873145}}
{"target": -10.667514539352752, "params": {"eta": 0.16486508755714752, "max_depth": 21.22708746772951, "n_estimators": 111.88415691681956}, "datetime": {"datetime": "2021-09-27 19:40:07", "elapsed": 410.918382, "delta": 2.895604}}
{"target": -10.833439899954525, "params": {"eta": 0.1402293945292315, "max_depth": 21.282518593146268, "n_estimators": 111.58683454787233}, "datetime": {"datetime": "2021-09-27 19:40:11", "elapsed": 414.556029, "delta": 3.637647}}
{"target": -10.929870270016897, "params": {"eta": 0.20850785016879658, "max_depth": 8.713499747097135, "n_estimators": 114.0452210265939}, "datetime": {"datetime": "2021-09-27 19:40:13", "elapsed": 416.925017, "delta": 2.368988}}
{"target": -10.819063780062159, "params": {"eta": 0.23324222779649179, "max_depth": 28.252675227719312, "n_estimators": 190.64105429162072}, "datetime": {"datetime": "2021-09-27 19:40:15", "elapsed": 418.880849, "delta": 1.955832}}
{"target": -10.361542846014778, "params": {"eta": 0.1433935172082183, "max_depth": 6.922241980899689, "n_estimators": 153.51466322444244}, "datetime": {"datetime": "2021-09-27 19:40:17", "elapsed": 420.808488, "delta": 1.927639}}
{"target": -10.636365059208812, "params": {"eta": 0.1479015116597484, "max_depth": 33.829386859031644, "n_estimators": 138.12309214028684}, "datetime": {"datetime": "2021-09-27 19:40:20", "elapsed": 423.764237, "delta": 2.955749}}
{"target": -10.783217493548323, "params": {"eta": 0.29676145362587986, "max_depth": 21.100628989868667, "n_estimators": 111.53565684475618}, "datetime": {"datetime": "2021-09-27 19:40:23", "elapsed": 426.856192, "delta": 3.091955}}
{"target": -10.413942813498993, "params": {"eta": 0.1467606664106474, "max_depth": 17.307815672073513, "n_estimators": 140.69231499909296}, "datetime": {"datetime": "2021-09-27 19:40:26", "elapsed": 428.997797, "delta": 2.141605}}
{"target": -10.317656148111551, "params": {"eta": 0.060635389346809995, "max_depth": 6.337008405439051, "n_estimators": 161.89930621860225}, "datetime": {"datetime": "2021-09-27 19:40:28", "elapsed": 431.103157, "delta": 2.10536}}
{"target": -11.17453505679888, "params": {"eta": 0.23750623645762092, "max_depth": 21.72027592108341, "n_estimators": 111.36777325149481}, "datetime": {"datetime": "2021-09-27 19:40:30", "elapsed": 433.396171, "delta": 2.293014}}
{"target": -10.432409839570166, "params": {"eta": 0.15274678687801613, "max_depth": 12.540305761649988, "n_estimators": 199.18924659529242}, "datetime": {"datetime": "2021-09-27 19:40:32", "elapsed": 435.734354, "delta": 2.338183}}
{"target": -10.920022908889633, "params": {"eta": 0.18409509220919312, "max_depth": 11.347252733897445, "n_estimators": 143.02351170037684}, "datetime": {"datetime": "2021-09-27 19:40:35", "elapsed": 438.481266, "delta": 2.746912}}
{"target": -10.146638023067279, "params": {"eta": 0.13039520270037208, "max_depth": 26.905538328863997, "n_estimators": 143.0580418104288}, "datetime": {"datetime": "2021-09-27 19:40:38", "elapsed": 441.270656, "delta": 2.78939}}
