{"target": -2.4634798984778556, "params": {"eta": 0.3321770836558484, "max_depth": 5.314876025738464, "n_estimators": 52.88597991237057}, "datetime": {"datetime": "2021-09-21 16:22:36", "elapsed": 250.675802, "delta": 1.955427}}
{"target": -2.4905078618150007, "params": {"eta": 0.31603457152441783, "max_depth": 6.222237911571888, "n_estimators": 76.66741517224209}, "datetime": {"datetime": "2021-09-21 16:22:39", "elapsed": 252.952977, "delta": 2.277175}}
{"target": -2.415756384322518, "params": {"eta": 0.37925922722144845, "max_depth": 4.466316437559289, "n_estimators": 66.55807308579138}, "datetime": {"datetime": "2021-09-21 16:22:41", "elapsed": 254.819427, "delta": 1.86645}}
{"target": -2.3472306571508708, "params": {"eta": 0.1944327115609371, "max_depth": 5.32257978546591, "n_estimators": 76.64382457317}, "datetime": {"datetime": "2021-09-21 16:22:43", "elapsed": 256.781413, "delta": 1.961986}}
{"target": -2.501455882348512, "params": {"eta": 0.31764634298510214, "max_depth": 6.134576538714232, "n_estimators": 69.67044280828472}, "datetime": {"datetime": "2021-09-21 16:22:44", "elapsed": 258.064102, "delta": 1.282689}}
{"target": -2.425500050343965, "params": {"eta": 0.11539319691516663, "max_depth": 6.322775307603877, "n_estimators": 76.50809803136853}, "datetime": {"datetime": "2021-09-21 16:22:46", "elapsed": 260.312374, "delta": 2.248272}}
{"target": -2.5834023632501304, "params": {"eta": 0.24791487398139847, "max_depth": 6.122703817875426, "n_estimators": 76.69247981627437}, "datetime": {"datetime": "2021-09-21 16:22:48", "elapsed": 262.712737, "delta": 2.400363}}
{"target": -2.421412804252223, "params": {"eta": 0.07043079606845981, "max_depth": 5.354565846691497, "n_estimators": 76.61958592656745}, "datetime": {"datetime": "2021-09-21 16:22:51", "elapsed": 264.959339, "delta": 2.246602}}
{"target": -2.4655425034071268, "params": {"eta": 0.3029013994074049, "max_depth": 5.528065690835843, "n_estimators": 52.905520188757436}, "datetime": {"datetime": "2021-09-21 16:22:53", "elapsed": 267.030018, "delta": 2.070679}}
{"target": -2.715473569066901, "params": {"eta": 0.18096872062333852, "max_depth": 2.8040557388247436, "n_estimators": 76.79819966313102}, "datetime": {"datetime": "2021-09-21 16:22:54", "elapsed": 268.176791, "delta": 1.146773}}
{"target": -2.3538439085609033, "params": {"eta": 0.1854675361598881, "max_depth": 6.180940419886413, "n_estimators": 76.39636586002439}, "datetime": {"datetime": "2021-09-21 16:22:56", "elapsed": 270.649736, "delta": 2.472945}}
{"target": -2.646419370801825, "params": {"eta": 0.0852206566348012, "max_depth": 3.4718098776807023, "n_estimators": 70.82461235334638}, "datetime": {"datetime": "2021-09-21 16:22:58", "elapsed": 271.785209, "delta": 1.135473}}
{"target": -2.3484257108286806, "params": {"eta": 0.23715129589945044, "max_depth": 5.485228389789944, "n_estimators": 52.84811719290485}, "datetime": {"datetime": "2021-09-21 16:22:59", "elapsed": 273.586173, "delta": 1.800964}}
{"target": -2.376955278923637, "params": {"eta": 0.1544161540239544, "max_depth": 6.084415760136045, "n_estimators": 76.46073350218353}, "datetime": {"datetime": "2021-09-21 16:23:02", "elapsed": 276.473501, "delta": 2.887328}}
{"target": -2.8538180978674634, "params": {"eta": 0.46791902075723785, "max_depth": 1.782852400532421, "n_estimators": 40.62184208940545}, "datetime": {"datetime": "2021-09-21 16:23:04", "elapsed": 277.913469, "delta": 1.439968}}
{"target": -2.428850727959683, "params": {"eta": 0.35109484043565825, "max_depth": 4.196316681363574, "n_estimators": 55.296992576974844}, "datetime": {"datetime": "2021-09-21 16:23:05", "elapsed": 279.299087, "delta": 1.385618}}
{"target": -2.6612779460455243, "params": {"eta": 0.4663985965347515, "max_depth": 2.134481385880751, "n_estimators": 51.42621592467341}, "datetime": {"datetime": "2021-09-21 16:23:06", "elapsed": 280.251808, "delta": 0.952721}}
{"target": -2.492040545689432, "params": {"eta": 0.40253916917174953, "max_depth": 4.434897765193913, "n_estimators": 77.75885321412608}, "datetime": {"datetime": "2021-09-21 16:23:08", "elapsed": 281.8135, "delta": 1.561692}}
{"target": -2.429126383756336, "params": {"eta": 0.22894963853450695, "max_depth": 4.610244630843807, "n_estimators": 51.895505095045905}, "datetime": {"datetime": "2021-09-21 16:23:09", "elapsed": 282.989503, "delta": 1.176003}}
{"target": -2.4232226070604823, "params": {"eta": 0.07342148017336952, "max_depth": 5.3508977570529455, "n_estimators": 76.71170333336977}, "datetime": {"datetime": "2021-09-21 16:23:11", "elapsed": 285.425313, "delta": 2.43581}}
{"target": -2.4575639762376484, "params": {"eta": 0.43386766097894297, "max_depth": 4.532826846825671, "n_estimators": 77.77120089587595}, "datetime": {"datetime": "2021-09-21 16:23:14", "elapsed": 288.254017, "delta": 2.828704}}
{"target": -2.5630334552965666, "params": {"eta": 0.40021178116686934, "max_depth": 3.7466802754712836, "n_estimators": 45.52050193305568}, "datetime": {"datetime": "2021-09-21 16:23:15", "elapsed": 289.736588, "delta": 1.482571}}
{"target": -2.407184642239621, "params": {"eta": 0.16467164401274398, "max_depth": 4.485079151863868, "n_estimators": 77.78319017807544}, "datetime": {"datetime": "2021-09-21 16:23:17", "elapsed": 290.958523, "delta": 1.221935}}
{"target": -2.396647206105684, "params": {"eta": 0.34920152634854457, "max_depth": 3.3414422824245964, "n_estimators": 62.58210495958019}, "datetime": {"datetime": "2021-09-21 16:23:19", "elapsed": 293.66536, "delta": 2.706837}}
{"target": -2.45252091884613, "params": {"eta": 0.07697938447544292, "max_depth": 5.195331498858909, "n_estimators": 76.74365772231113}, "datetime": {"datetime": "2021-09-21 16:23:22", "elapsed": 295.955907, "delta": 2.290547}}
{"target": -2.532089935478411, "params": {"eta": 0.2264888800338123, "max_depth": 4.819042302322757, "n_estimators": 61.218128648611724}, "datetime": {"datetime": "2021-09-21 16:23:25", "elapsed": 298.870374, "delta": 2.914467}}
{"target": -2.5819265089536967, "params": {"eta": 0.29512270230818266, "max_depth": 3.518354768495273, "n_estimators": 53.30034149585619}, "datetime": {"datetime": "2021-09-21 16:23:26", "elapsed": 300.104328, "delta": 1.233954}}
{"target": -2.3867978641861365, "params": {"eta": 0.17881913243292946, "max_depth": 5.287297295516017, "n_estimators": 76.57431425941198}, "datetime": {"datetime": "2021-09-21 16:23:28", "elapsed": 302.673077, "delta": 2.568749}}
{"target": -2.546587265165228, "params": {"eta": 0.32648734418916575, "max_depth": 4.133855508848436, "n_estimators": 66.6102586577947}, "datetime": {"datetime": "2021-09-21 16:23:30", "elapsed": 304.742685, "delta": 2.069608}}
{"target": -2.4591104902719194, "params": {"eta": 0.3568699306803771, "max_depth": 3.5756259661384275, "n_estimators": 47.774290891845204}, "datetime": {"datetime": "2021-09-21 16:23:32", "elapsed": 306.048837, "delta": 1.306152}}
{"target": -2.6936959285485114, "params": {"eta": 0.4724969639949212, "max_depth": 3.6031685751464426, "n_estimators": 69.35081832590204}, "datetime": {"datetime": "2021-09-21 16:23:33", "elapsed": 307.465575, "delta": 1.416738}}
{"target": -2.590458093191448, "params": {"eta": 0.3259032245621489, "max_depth": 3.9416976467090543, "n_estimators": 62.38386067137066}, "datetime": {"datetime": "2021-09-21 16:23:35", "elapsed": 309.036744, "delta": 1.571169}}
{"target": -2.4321079367085505, "params": {"eta": 0.31462346653938283, "max_depth": 5.415686282864075, "n_estimators": 52.78055999711765}, "datetime": {"datetime": "2021-09-21 16:23:37", "elapsed": 310.92323, "delta": 1.886486}}
{"target": -2.880412559760244, "params": {"eta": 0.33167409121994657, "max_depth": 1.481330359192858, "n_estimators": 42.22690452190926}, "datetime": {"datetime": "2021-09-21 16:23:38", "elapsed": 312.111681, "delta": 1.188451}}
{"target": -2.529297853771009, "params": {"eta": 0.06428707583162516, "max_depth": 5.555736593078709, "n_estimators": 67.24618692398592}, "datetime": {"datetime": "2021-09-21 16:23:39", "elapsed": 313.606404, "delta": 1.494723}}
{"target": -2.3773545578906408, "params": {"eta": 0.0965517427709689, "max_depth": 6.165880853116518, "n_estimators": 76.4847552537682}, "datetime": {"datetime": "2021-09-21 16:23:42", "elapsed": 316.041412, "delta": 2.435008}}
{"target": -2.5936610435184675, "params": {"eta": 0.07855303598396822, "max_depth": 6.632762920734856, "n_estimators": 48.37686344265241}, "datetime": {"datetime": "2021-09-21 16:23:43", "elapsed": 317.531571, "delta": 1.490159}}
{"target": -2.4070555222661874, "params": {"eta": 0.21432803211877227, "max_depth": 5.41629010572067, "n_estimators": 52.89018227599442}, "datetime": {"datetime": "2021-09-21 16:23:46", "elapsed": 320.456372, "delta": 2.924801}}
{"target": -2.305859657337791, "params": {"eta": 0.13100815943307173, "max_depth": 5.43278508271856, "n_estimators": 76.80219504741866}, "datetime": {"datetime": "2021-09-21 16:23:49", "elapsed": 322.784838, "delta": 2.328466}}
{"target": -2.2930681278831084, "params": {"eta": 0.16350477378019596, "max_depth": 6.208925590692314, "n_estimators": 76.48343897923736}, "datetime": {"datetime": "2021-09-21 16:23:51", "elapsed": 325.123737, "delta": 2.338899}}
{"target": -2.5165753276724567, "params": {"eta": 0.24625919703723692, "max_depth": 6.079009225828293, "n_estimators": 76.42254957959275}, "datetime": {"datetime": "2021-09-21 16:23:53", "elapsed": 327.639886, "delta": 2.516149}}
{"target": -2.3744950583106594, "params": {"eta": 0.1972746577876086, "max_depth": 5.394648530968923, "n_estimators": 76.87552897264436}, "datetime": {"datetime": "2021-09-21 16:23:56", "elapsed": 330.197975, "delta": 2.558089}}
{"target": -2.4141564576249372, "params": {"eta": 0.21819993227211093, "max_depth": 3.5483224660961405, "n_estimators": 53.31159597929398}, "datetime": {"datetime": "2021-09-21 16:23:58", "elapsed": 332.259256, "delta": 2.061281}}
{"target": -2.5733469542704133, "params": {"eta": 0.3059613229861199, "max_depth": 3.1638832313863334, "n_estimators": 68.24325549601998}, "datetime": {"datetime": "2021-09-21 16:24:00", "elapsed": 334.654255, "delta": 2.394999}}
{"target": -2.516580693345321, "params": {"eta": 0.3234126572291546, "max_depth": 5.126754368537785, "n_estimators": 61.48534100762196}, "datetime": {"datetime": "2021-09-21 16:24:03", "elapsed": 336.845078, "delta": 2.190823}}
{"target": -2.3772444034877576, "params": {"eta": 0.18082485430910702, "max_depth": 6.316910614150718, "n_estimators": 76.67443533053579}, "datetime": {"datetime": "2021-09-21 16:24:05", "elapsed": 339.392442, "delta": 2.547364}}
{"target": -2.3471469985811333, "params": {"eta": 0.2324318931692984, "max_depth": 3.543978892299357, "n_estimators": 53.31947455068365}, "datetime": {"datetime": "2021-09-21 16:24:07", "elapsed": 340.878056, "delta": 1.485614}}
{"target": -2.436377223541862, "params": {"eta": 0.24325715669441006, "max_depth": 3.5429399788008746, "n_estimators": 53.41499949596682}, "datetime": {"datetime": "2021-09-21 16:24:09", "elapsed": 343.486057, "delta": 2.608001}}
{"target": -2.339242776444084, "params": {"eta": 0.13113736707705193, "max_depth": 5.290892969272635, "n_estimators": 76.73609258838687}, "datetime": {"datetime": "2021-09-21 16:24:11", "elapsed": 345.07865, "delta": 1.592593}}
{"target": -2.376254890466991, "params": {"eta": 0.15405591143044006, "max_depth": 6.2752950676166765, "n_estimators": 76.425703313231}, "datetime": {"datetime": "2021-09-21 16:24:14", "elapsed": 347.773931, "delta": 2.695281}}
{"target": -3.107059641888267, "params": {"eta": 0.17319451122859436, "max_depth": 1.0098270536940193, "n_estimators": 48.76622226757202}, "datetime": {"datetime": "2021-09-21 16:24:15", "elapsed": 349.429017, "delta": 1.655086}}
{"target": -2.5856234952023156, "params": {"eta": 0.3431818979595223, "max_depth": 6.087964540414319, "n_estimators": 76.57830411022707}, "datetime": {"datetime": "2021-09-21 16:24:18", "elapsed": 352.587588, "delta": 3.158571}}
{"target": -2.3434720560124043, "params": {"eta": 0.1242920819869831, "max_depth": 5.519776791729278, "n_estimators": 76.81072602146018}, "datetime": {"datetime": "2021-09-21 16:24:21", "elapsed": 355.293238, "delta": 2.70565}}
{"target": -2.5301130520670037, "params": {"eta": 0.32244117139747663, "max_depth": 3.1868329042675647, "n_estimators": 68.35572816803437}, "datetime": {"datetime": "2021-09-21 16:24:24", "elapsed": 358.34518, "delta": 3.051942}}
{"target": -2.4355985032884697, "params": {"eta": 0.10662999428532756, "max_depth": 4.765873102844128, "n_estimators": 51.94906124695428}, "datetime": {"datetime": "2021-09-21 16:24:28", "elapsed": 361.852262, "delta": 3.507082}}
{"target": -2.8715109235362, "params": {"eta": 0.3210187765192964, "max_depth": 1.1636920337097931, "n_estimators": 53.53063407425779}, "datetime": {"datetime": "2021-09-21 16:24:29", "elapsed": 363.247213, "delta": 1.394951}}
{"target": -2.409722722204108, "params": {"eta": 0.11443466273744309, "max_depth": 5.398385215433985, "n_estimators": 76.8938983310237}, "datetime": {"datetime": "2021-09-21 16:24:32", "elapsed": 366.521569, "delta": 3.274356}}
{"target": -2.5870420782189623, "params": {"eta": 0.2054744404030417, "max_depth": 5.519044011989088, "n_estimators": 76.83922463455968}, "datetime": {"datetime": "2021-09-21 16:24:35", "elapsed": 369.219018, "delta": 2.697449}}
{"target": -2.6586883777066284, "params": {"eta": 0.33665792831721764, "max_depth": 3.7161489049436582, "n_estimators": 56.20494128217365}, "datetime": {"datetime": "2021-09-21 16:24:36", "elapsed": 370.686422, "delta": 1.467404}}
{"target": -2.6619469479510656, "params": {"eta": 0.0950053892306344, "max_depth": 4.082027045165356, "n_estimators": 40.90065022179614}, "datetime": {"datetime": "2021-09-21 16:24:38", "elapsed": 372.11721, "delta": 1.430788}}
{"target": -2.4061323065506786, "params": {"eta": 0.17532837080738312, "max_depth": 5.431822313123165, "n_estimators": 52.78757277324014}, "datetime": {"datetime": "2021-09-21 16:24:40", "elapsed": 374.465269, "delta": 2.348059}}
{"target": -2.7159066589255083, "params": {"eta": 0.49020353800647776, "max_depth": 3.472821551078585, "n_estimators": 73.55532400496745}, "datetime": {"datetime": "2021-09-21 16:24:42", "elapsed": 376.032195, "delta": 1.566926}}
{"target": -2.3408944769909503, "params": {"eta": 0.19212646795250982, "max_depth": 5.409352426903441, "n_estimators": 76.6402422639885}, "datetime": {"datetime": "2021-09-21 16:24:45", "elapsed": 379.282142, "delta": 3.249947}}
{"target": -2.419723093509674, "params": {"eta": 0.27467434735177304, "max_depth": 4.370416955133658, "n_estimators": 48.95158772560211}, "datetime": {"datetime": "2021-09-21 16:24:47", "elapsed": 380.803109, "delta": 1.520967}}
{"target": -2.594055727908486, "params": {"eta": 0.37337506043744506, "max_depth": 4.847076510450625, "n_estimators": 40.13597113875222}, "datetime": {"datetime": "2021-09-21 16:24:48", "elapsed": 382.411316, "delta": 1.608207}}
{"target": -2.9641644465295887, "params": {"eta": 0.2666228040726511, "max_depth": 1.010710842275471, "n_estimators": 59.924461723888854}, "datetime": {"datetime": "2021-09-21 16:24:50", "elapsed": 383.865412, "delta": 1.454096}}
{"target": -2.3509532846902546, "params": {"eta": 0.14491186024142894, "max_depth": 5.213930787072163, "n_estimators": 76.56192427573546}, "datetime": {"datetime": "2021-09-21 16:24:53", "elapsed": 387.021374, "delta": 3.155962}}
{"target": -2.588176163246757, "params": {"eta": 0.2962365785095624, "max_depth": 3.2393704263468575, "n_estimators": 62.63440250200482}, "datetime": {"datetime": "2021-09-21 16:24:55", "elapsed": 389.386907, "delta": 2.365533}}
{"target": -2.4275306256193865, "params": {"eta": 0.25133616090232713, "max_depth": 5.511665601511634, "n_estimators": 52.75435713524577}, "datetime": {"datetime": "2021-09-21 16:24:58", "elapsed": 392.077661, "delta": 2.690754}}
{"target": -2.4443201974818582, "params": {"eta": 0.12357903468677797, "max_depth": 4.653427547466757, "n_estimators": 51.92409355522505}, "datetime": {"datetime": "2021-09-21 16:25:01", "elapsed": 395.164157, "delta": 3.086496}}
{"target": -2.5299892318876167, "params": {"eta": 0.33883885427910004, "max_depth": 4.524364734828123, "n_estimators": 77.74563999620108}, "datetime": {"datetime": "2021-09-21 16:25:04", "elapsed": 397.836752, "delta": 2.672595}}
{"target": -2.52221552635494, "params": {"eta": 0.3966342518227333, "max_depth": 3.314321584465417, "n_estimators": 62.7166647039738}, "datetime": {"datetime": "2021-09-21 16:25:06", "elapsed": 400.594356, "delta": 2.757604}}
{"target": -2.350949193929371, "params": {"eta": 0.13112914515753576, "max_depth": 5.487865478682627, "n_estimators": 58.29136953706324}, "datetime": {"datetime": "2021-09-21 16:25:08", "elapsed": 402.096586, "delta": 1.50223}}
{"target": -2.447818478785063, "params": {"eta": 0.1995212609008878, "max_depth": 5.854847342141907, "n_estimators": 54.53875974447728}, "datetime": {"datetime": "2021-09-21 16:25:09", "elapsed": 403.625737, "delta": 1.529151}}
{"target": -2.3876733867745648, "params": {"eta": 0.11344358104868824, "max_depth": 5.293045150720453, "n_estimators": 76.85357083543077}, "datetime": {"datetime": "2021-09-21 16:25:12", "elapsed": 406.713674, "delta": 3.087937}}
{"target": -2.4627159639408713, "params": {"eta": 0.4253439562099416, "max_depth": 4.249530919462706, "n_estimators": 66.6670675579884}, "datetime": {"datetime": "2021-09-21 16:25:15", "elapsed": 409.419435, "delta": 2.705761}}
{"target": -2.3496757325373197, "params": {"eta": 0.15237246391267098, "max_depth": 6.08031624639227, "n_estimators": 76.65568932184522}, "datetime": {"datetime": "2021-09-21 16:25:17", "elapsed": 410.943387, "delta": 1.523952}}
{"target": -2.862487745285034, "params": {"eta": 0.3047298210762296, "max_depth": 1.6923999992099823, "n_estimators": 44.56973367486289}, "datetime": {"datetime": "2021-09-21 16:25:18", "elapsed": 412.224889, "delta": 1.281502}}
{"target": -2.514874575012609, "params": {"eta": 0.056073379075093584, "max_depth": 5.467592811457848, "n_estimators": 76.78921707925659}, "datetime": {"datetime": "2021-09-21 16:25:21", "elapsed": 415.012035, "delta": 2.787146}}
{"target": -2.471116018295288, "params": {"eta": 0.3341909205271442, "max_depth": 4.927662460821771, "n_estimators": 70.15573657874674}, "datetime": {"datetime": "2021-09-21 16:25:22", "elapsed": 416.569087, "delta": 1.557052}}
{"target": -2.3808443966664767, "params": {"eta": 0.17600400238530378, "max_depth": 5.096091485724338, "n_estimators": 76.60739352482011}, "datetime": {"datetime": "2021-09-21 16:25:26", "elapsed": 419.873465, "delta": 3.304378}}
{"target": -2.9693512878919903, "params": {"eta": 0.27131743445272655, "max_depth": 1.876517499350199, "n_estimators": 47.563288925090376}, "datetime": {"datetime": "2021-09-21 16:25:27", "elapsed": 421.076782, "delta": 1.203317}}
{"target": -2.3622118360117863, "params": {"eta": 0.17160254747357895, "max_depth": 5.538174238724169, "n_estimators": 52.80299734441463}, "datetime": {"datetime": "2021-09-21 16:25:30", "elapsed": 424.063372, "delta": 2.98659}}
{"target": -2.3951939463615415, "params": {"eta": 0.2536326213868135, "max_depth": 4.60019388795541, "n_estimators": 61.35607946351569}, "datetime": {"datetime": "2021-09-21 16:25:32", "elapsed": 426.566961, "delta": 2.503589}}
{"target": -2.448276921322471, "params": {"eta": 0.19819979708645957, "max_depth": 6.419547684829894, "n_estimators": 76.36591791237123}, "datetime": {"datetime": "2021-09-21 16:25:35", "elapsed": 429.366532, "delta": 2.799571}}
{"target": -2.3965590426796357, "params": {"eta": 0.4246933666174542, "max_depth": 4.244451657115636, "n_estimators": 66.66641615408217}, "datetime": {"datetime": "2021-09-21 16:25:36", "elapsed": 430.753756, "delta": 1.387224}}
{"target": -2.365929826937224, "params": {"eta": 0.17012821758368935, "max_depth": 5.144140831621524, "n_estimators": 76.76580906368518}, "datetime": {"datetime": "2021-09-21 16:25:39", "elapsed": 433.505401, "delta": 2.751645}}
{"target": -2.3802003289523874, "params": {"eta": 0.20156907469136456, "max_depth": 5.57349376562514, "n_estimators": 52.87489978396357}, "datetime": {"datetime": "2021-09-21 16:25:41", "elapsed": 435.716395, "delta": 2.210994}}
{"target": -2.518190200705277, "params": {"eta": 0.44036937473091287, "max_depth": 4.204402297280698, "n_estimators": 66.69462452013849}, "datetime": {"datetime": "2021-09-21 16:25:44", "elapsed": 438.267051, "delta": 2.550656}}
{"target": -2.34378217207758, "params": {"eta": 0.08888830901511391, "max_depth": 6.275886533690386, "n_estimators": 76.55713448208883}, "datetime": {"datetime": "2021-09-21 16:25:47", "elapsed": 441.497058, "delta": 3.230007}}
{"target": -2.3545195240723458, "params": {"eta": 0.2721317091625207, "max_depth": 3.602837790616311, "n_estimators": 53.34495003336879}, "datetime": {"datetime": "2021-09-21 16:25:49", "elapsed": 443.746822, "delta": 2.249764}}
{"target": -2.3697317813572134, "params": {"eta": 0.1378060466585423, "max_depth": 5.353361665955353, "n_estimators": 76.67095677607983}, "datetime": {"datetime": "2021-09-21 16:25:53", "elapsed": 446.863679, "delta": 3.116857}}
{"target": -2.5212796135952598, "params": {"eta": 0.05795597880311647, "max_depth": 5.214590103410651, "n_estimators": 76.62607879925497}, "datetime": {"datetime": "2021-09-21 16:25:56", "elapsed": 450.241402, "delta": 3.377723}}
{"target": -2.381165309328782, "params": {"eta": 0.12075549547982192, "max_depth": 6.0627433939726805, "n_estimators": 76.74848589682884}, "datetime": {"datetime": "2021-09-21 16:25:59", "elapsed": 453.338833, "delta": 3.097431}}
{"target": -2.4238912287511325, "params": {"eta": 0.17499636264638666, "max_depth": 5.499533149343373, "n_estimators": 76.73206686129191}, "datetime": {"datetime": "2021-09-21 16:26:02", "elapsed": 456.047048, "delta": 2.708215}}
{"target": -2.370915803783818, "params": {"eta": 0.11714533450757288, "max_depth": 5.542314324526675, "n_estimators": 53.15480928174238}, "datetime": {"datetime": "2021-09-21 16:26:03", "elapsed": 457.62276, "delta": 1.575712}}
