{"target": -3.3368764024031785, "params": {"eta": 0.08651885378861401, "max_depth": 1.1478340948360106, "n_estimators": 52.51715048102345}, "datetime": {"datetime": "2021-09-21 13:35:29", "elapsed": 594.22707, "delta": 3.770484}}
{"target": -15.669447207450867, "params": {"eta": 0.01, "max_depth": 19.143628624970688, "n_estimators": 40.51214422207249}, "datetime": {"datetime": "2021-09-21 13:35:32", "elapsed": 597.114288, "delta": 2.887218}}
{"target": -2.5012025600985477, "params": {"eta": 0.11507365831948553, "max_depth": 20.75962773615107, "n_estimators": 42.31243272073256}, "datetime": {"datetime": "2021-09-21 13:35:35", "elapsed": 600.707217, "delta": 3.592929}}
{"target": -3.3056990987376165, "params": {"eta": 0.9956445212204293, "max_depth": 26.803128380991662, "n_estimators": 28.825191889437328}, "datetime": {"datetime": "2021-09-21 13:35:40", "elapsed": 605.36362, "delta": 4.656403}}
{"target": -3.381131990332353, "params": {"eta": 0.9449613902951682, "max_depth": 24.731017380710497, "n_estimators": 28.708279591864216}, "datetime": {"datetime": "2021-09-21 13:35:44", "elapsed": 609.736657, "delta": 4.373037}}
{"target": -3.1684403959073517, "params": {"eta": 0.9596942162919118, "max_depth": 21.37220382444393, "n_estimators": 40.88387219567411}, "datetime": {"datetime": "2021-09-21 13:35:48", "elapsed": 613.172035, "delta": 3.435378}}
{"target": -11.459873167464607, "params": {"eta": 0.01966006437728087, "max_depth": 28.824588792215046, "n_estimators": 37.32768089392015}, "datetime": {"datetime": "2021-09-21 13:35:52", "elapsed": 617.184747, "delta": 4.012712}}
{"target": -2.9065305443186507, "params": {"eta": 0.708351361239311, "max_depth": 28.969382436663576, "n_estimators": 39.79836398762599}, "datetime": {"datetime": "2021-09-21 13:35:56", "elapsed": 621.428472, "delta": 4.243725}}
{"target": -3.210303074435184, "params": {"eta": 1.0, "max_depth": 14.217372047524071, "n_estimators": 58.39492388823347}, "datetime": {"datetime": "2021-09-21 13:36:00", "elapsed": 625.450881, "delta": 4.022409}}
{"target": -3.3041359427728154, "params": {"eta": 0.986613017518259, "max_depth": 25.543452775159142, "n_estimators": 35.19057313697998}, "datetime": {"datetime": "2021-09-21 13:36:05", "elapsed": 630.049995, "delta": 4.599114}}
{"target": -2.5356541445380762, "params": {"eta": 0.4476415291474331, "max_depth": 15.580410426836568, "n_estimators": 53.89303179485853}, "datetime": {"datetime": "2021-09-21 13:36:11", "elapsed": 636.967872, "delta": 6.917877}}
{"target": -3.526642242230867, "params": {"eta": 0.7578320385610626, "max_depth": 16.46099122802246, "n_estimators": 55.52629890546742}, "datetime": {"datetime": "2021-09-21 13:36:16", "elapsed": 641.145549, "delta": 4.177677}}
{"target": -3.0640369214509664, "params": {"eta": 0.18349166802649877, "max_depth": 14.417435321835432, "n_estimators": 14.289772559525591}, "datetime": {"datetime": "2021-09-21 13:36:19", "elapsed": 644.325459, "delta": 3.17991}}
{"target": -15.669447207450867, "params": {"eta": 0.01, "max_depth": 27.653104794324694, "n_estimators": 40.24608156250286}, "datetime": {"datetime": "2021-09-21 13:36:22", "elapsed": 647.593421, "delta": 3.267962}}
{"target": -6.352368486554999, "params": {"eta": 0.03157617812321585, "max_depth": 18.01468927667272, "n_estimators": 44.23973754071714}, "datetime": {"datetime": "2021-09-21 13:36:27", "elapsed": 652.149485, "delta": 4.556064}}
{"target": -2.959348779289346, "params": {"eta": 1.0, "max_depth": 2.688411781246567, "n_estimators": 59.58777143376203}, "datetime": {"datetime": "2021-09-21 13:36:31", "elapsed": 656.590207, "delta": 4.440722}}
{"target": -10.501843965994684, "params": {"eta": 0.045154435533347796, "max_depth": 16.922000428803486, "n_estimators": 18.276591825245326}, "datetime": {"datetime": "2021-09-21 13:36:35", "elapsed": 660.295157, "delta": 3.70495}}
{"target": -3.7437826514244086, "params": {"eta": 0.03626105803022381, "max_depth": 29.18161055648781, "n_estimators": 59.04942763839688}, "datetime": {"datetime": "2021-09-21 13:36:40", "elapsed": 665.626369, "delta": 5.331212}}
{"target": -4.853483293558422, "params": {"eta": 0.0440443956374441, "max_depth": 11.18482510439268, "n_estimators": 39.73433454927357}, "datetime": {"datetime": "2021-09-21 13:36:43", "elapsed": 668.705584, "delta": 3.079215}}
{"target": -10.721326881960819, "params": {"eta": 0.02950552766616285, "max_depth": 27.732802708595315, "n_estimators": 27.60104374505206}, "datetime": {"datetime": "2021-09-21 13:36:48", "elapsed": 672.996311, "delta": 4.290727}}
{"target": -3.5417313029891564, "params": {"eta": 0.9340681615939568, "max_depth": 14.211553506026068, "n_estimators": 19.903896260641794}, "datetime": {"datetime": "2021-09-21 13:36:53", "elapsed": 678.098847, "delta": 5.102536}}
{"target": -3.336305626128849, "params": {"eta": 0.983465942838219, "max_depth": 18.050537898911458, "n_estimators": 15.884622555527324}, "datetime": {"datetime": "2021-09-21 13:36:56", "elapsed": 681.791658, "delta": 3.692811}}
{"target": -3.3375700938074213, "params": {"eta": 0.9562505420380105, "max_depth": 10.674814031682141, "n_estimators": 35.699452593632586}, "datetime": {"datetime": "2021-09-21 13:37:01", "elapsed": 686.762962, "delta": 4.971304}}
{"target": -3.1779367955107434, "params": {"eta": 1.0, "max_depth": 15.514898869326057, "n_estimators": 21.42949763610623}, "datetime": {"datetime": "2021-09-21 13:37:06", "elapsed": 691.649897, "delta": 4.886935}}
{"target": -2.6056697701152998, "params": {"eta": 0.08375292596688466, "max_depth": 14.50524307062305, "n_estimators": 49.56931079244002}, "datetime": {"datetime": "2021-09-21 13:37:13", "elapsed": 698.65605, "delta": 7.006153}}
{"target": -13.325014611921814, "params": {"eta": 0.010562001256260011, "max_depth": 27.677047974144216, "n_estimators": 54.82394275776052}, "datetime": {"datetime": "2021-09-21 13:37:17", "elapsed": 702.950937, "delta": 4.294887}}
{"target": -3.328060856304671, "params": {"eta": 0.9676016749672948, "max_depth": 6.385126846357524, "n_estimators": 19.06561271979222}, "datetime": {"datetime": "2021-09-21 13:37:22", "elapsed": 707.198009, "delta": 4.247072}}
{"target": -3.1956879891847305, "params": {"eta": 0.9680535796699378, "max_depth": 14.60603266854843, "n_estimators": 17.72630162701418}, "datetime": {"datetime": "2021-09-21 13:37:27", "elapsed": 712.27895, "delta": 5.080941}}
{"target": -8.383972369369706, "params": {"eta": 0.06982282423972581, "max_depth": 14.38830038305681, "n_estimators": 15.832584305065685}, "datetime": {"datetime": "2021-09-21 13:37:32", "elapsed": 716.98605, "delta": 4.7071}}
{"target": -2.561455651960875, "params": {"eta": 0.2579326579107631, "max_depth": 12.975468405446971, "n_estimators": 14.077340444222557}, "datetime": {"datetime": "2021-09-21 13:37:37", "elapsed": 722.171551, "delta": 5.185501}}
{"target": -11.363170806985151, "params": {"eta": 0.022979635807876375, "max_depth": 21.577805777276506, "n_estimators": 32.7940510350906}, "datetime": {"datetime": "2021-09-21 13:37:41", "elapsed": 726.192912, "delta": 4.021361}}
{"target": -3.2914773953588385, "params": {"eta": 0.9708221950923505, "max_depth": 21.842033506172864, "n_estimators": 34.9374967097982}, "datetime": {"datetime": "2021-09-21 13:37:47", "elapsed": 732.688905, "delta": 6.495993}}
{"target": -16.75514256907137, "params": {"eta": 0.01, "max_depth": 5.717312859675493, "n_estimators": 33.94224601710951}, "datetime": {"datetime": "2021-09-21 13:37:51", "elapsed": 736.688547, "delta": 3.999642}}
{"target": -2.6046215013453833, "params": {"eta": 0.4590441118305042, "max_depth": 4.3604141781001005, "n_estimators": 35.31676752333327}, "datetime": {"datetime": "2021-09-21 13:37:55", "elapsed": 740.749097, "delta": 4.06055}}
{"target": -3.306759724491521, "params": {"eta": 0.9152108804305535, "max_depth": 9.200832536395694, "n_estimators": 18.922725805018516}, "datetime": {"datetime": "2021-09-21 13:37:59", "elapsed": 744.286673, "delta": 3.537576}}
{"target": -3.2785536107264064, "params": {"eta": 0.9961449718516818, "max_depth": 19.105292689095496, "n_estimators": 43.366797949348026}, "datetime": {"datetime": "2021-09-21 13:38:03", "elapsed": 748.891605, "delta": 4.604932}}
{"target": -3.380048533176121, "params": {"eta": 0.988986499451829, "max_depth": 21.557774240917507, "n_estimators": 14.382256360688652}, "datetime": {"datetime": "2021-09-21 13:38:06", "elapsed": 751.771472, "delta": 2.879867}}
{"target": -3.357986048648232, "params": {"eta": 0.9665858092163786, "max_depth": 28.873194341156854, "n_estimators": 53.44518205119427}, "datetime": {"datetime": "2021-09-21 13:38:13", "elapsed": 758.52749, "delta": 6.756018}}
{"target": -15.058434648262828, "params": {"eta": 0.01, "max_depth": 4.0668853502502325, "n_estimators": 44.99438643409127}, "datetime": {"datetime": "2021-09-21 13:38:18", "elapsed": 763.745231, "delta": 5.217741}}
{"target": -3.367537708658921, "params": {"eta": 0.9669895625640701, "max_depth": 27.708521672162796, "n_estimators": 56.65210163076136}, "datetime": {"datetime": "2021-09-21 13:38:25", "elapsed": 770.159855, "delta": 6.414624}}
{"target": -3.1564054125233696, "params": {"eta": 0.812810182365517, "max_depth": 3.945263305196105, "n_estimators": 34.557314354581855}, "datetime": {"datetime": "2021-09-21 13:38:30", "elapsed": 775.008809, "delta": 4.848954}}
{"target": -2.914629811362216, "params": {"eta": 0.7115886336271039, "max_depth": 6.171798403130221, "n_estimators": 44.73587551894153}, "datetime": {"datetime": "2021-09-21 13:38:34", "elapsed": 779.947679, "delta": 4.93887}}
{"target": -2.9136769156706963, "params": {"eta": 0.8256735383057574, "max_depth": 5.222420158087424, "n_estimators": 43.738547872169114}, "datetime": {"datetime": "2021-09-21 13:38:38", "elapsed": 783.817796, "delta": 3.870117}}
{"target": -6.664994849029339, "params": {"eta": 0.06860601679672738, "max_depth": 8.896373766715989, "n_estimators": 19.828178019077363}, "datetime": {"datetime": "2021-09-21 13:38:43", "elapsed": 788.02206, "delta": 4.204264}}
{"target": -3.4208676216633704, "params": {"eta": 0.9042136495126042, "max_depth": 6.899914112367872, "n_estimators": 20.567893682582937}, "datetime": {"datetime": "2021-09-21 13:38:49", "elapsed": 794.085774, "delta": 6.063714}}
{"target": -13.848218759737518, "params": {"eta": 0.01, "max_depth": 29.363387949133035, "n_estimators": 53.091011385629976}, "datetime": {"datetime": "2021-09-21 13:38:55", "elapsed": 800.02712, "delta": 5.941346}}
{"target": -7.7946730387838254, "params": {"eta": 0.031084685637416336, "max_depth": 11.048722577173532, "n_estimators": 37.05370091638539}, "datetime": {"datetime": "2021-09-21 13:38:59", "elapsed": 804.039513, "delta": 4.012393}}
{"target": -3.3119096316789327, "params": {"eta": 0.997287727875981, "max_depth": 27.144742094910068, "n_estimators": 52.68366319314857}, "datetime": {"datetime": "2021-09-21 13:39:05", "elapsed": 810.7546, "delta": 6.715087}}
{"target": -3.3520609259605405, "params": {"eta": 0.8537794209888343, "max_depth": 29.505768948675918, "n_estimators": 54.87356969688249}, "datetime": {"datetime": "2021-09-21 13:39:11", "elapsed": 816.847622, "delta": 6.093022}}
{"target": -3.2445505192405304, "params": {"eta": 0.9658595922667373, "max_depth": 27.448839806183763, "n_estimators": 38.53680096376248}, "datetime": {"datetime": "2021-09-21 13:39:17", "elapsed": 822.065494, "delta": 5.217872}}
{"target": -2.53270940466931, "params": {"eta": 0.236881676857489, "max_depth": 16.43434413232405, "n_estimators": 59.430242210328274}, "datetime": {"datetime": "2021-09-21 13:39:23", "elapsed": 828.448053, "delta": 6.382559}}
{"target": -3.378130382613132, "params": {"eta": 0.8541398474122057, "max_depth": 11.98211952040823, "n_estimators": 35.40290688423763}, "datetime": {"datetime": "2021-09-21 13:39:28", "elapsed": 833.27424, "delta": 4.826187}}
{"target": -3.191390746204476, "params": {"eta": 0.9681162394909184, "max_depth": 11.683262059131021, "n_estimators": 46.936375314976694}, "datetime": {"datetime": "2021-09-21 13:39:32", "elapsed": 837.3745, "delta": 4.10026}}
{"target": -2.979081795090123, "params": {"eta": 0.05279120126657141, "max_depth": 27.721575576869856, "n_estimators": 51.70210205217041}, "datetime": {"datetime": "2021-09-21 13:39:38", "elapsed": 843.764896, "delta": 6.390396}}
{"target": -2.5796371045865514, "params": {"eta": 0.380287392047036, "max_depth": 11.549531999755892, "n_estimators": 56.366821946494674}, "datetime": {"datetime": "2021-09-21 13:39:43", "elapsed": 848.167124, "delta": 4.402228}}
{"target": -15.288550551314104, "params": {"eta": 0.02810202942185222, "max_depth": 19.065721264269346, "n_estimators": 15.906307031893984}, "datetime": {"datetime": "2021-09-21 13:39:48", "elapsed": 853.039867, "delta": 4.872743}}
{"target": -3.005783062859585, "params": {"eta": 0.6582734346472964, "max_depth": 19.458870648151095, "n_estimators": 17.657761774194423}, "datetime": {"datetime": "2021-09-21 13:39:53", "elapsed": 858.574973, "delta": 5.535106}}
{"target": -3.467719134217815, "params": {"eta": 0.9443463943494492, "max_depth": 29.93247037606498, "n_estimators": 26.941141290710185}, "datetime": {"datetime": "2021-09-21 13:40:00", "elapsed": 865.35328, "delta": 6.778307}}
{"target": -2.992233629603135, "params": {"eta": 0.6467418288689964, "max_depth": 9.323073168258958, "n_estimators": 41.77427114314901}, "datetime": {"datetime": "2021-09-21 13:40:06", "elapsed": 871.453641, "delta": 6.100361}}
{"target": -3.1602899952938683, "params": {"eta": 0.9293428549421924, "max_depth": 8.792323890049138, "n_estimators": 3.0550754332917514}, "datetime": {"datetime": "2021-09-21 13:40:08", "elapsed": 873.961463, "delta": 2.507822}}
{"target": -3.4219864123745967, "params": {"eta": 0.8923304579908464, "max_depth": 26.04405571598996, "n_estimators": 49.45606398534346}, "datetime": {"datetime": "2021-09-21 13:40:13", "elapsed": 878.814215, "delta": 4.852752}}
{"target": -3.5795088140588054, "params": {"eta": 0.06752858760596403, "max_depth": 1.120089646302442, "n_estimators": 52.55163423450897}, "datetime": {"datetime": "2021-09-21 13:40:16", "elapsed": 881.455221, "delta": 2.641006}}
{"target": -3.4787770377962213, "params": {"eta": 0.8655434312350805, "max_depth": 16.04980382128933, "n_estimators": 20.307172808298233}, "datetime": {"datetime": "2021-09-21 13:40:21", "elapsed": 886.74518, "delta": 5.289959}}
{"target": -15.227943864621615, "params": {"eta": 0.01, "max_depth": 5.988278973252378, "n_estimators": 43.95305570260532}, "datetime": {"datetime": "2021-09-21 13:40:27", "elapsed": 892.389662, "delta": 5.644482}}
{"target": -2.851915171899294, "params": {"eta": 0.8466330532973715, "max_depth": 5.65714982377183, "n_estimators": 45.567428143198185}, "datetime": {"datetime": "2021-09-21 13:40:31", "elapsed": 896.968239, "delta": 4.578577}}
{"target": -3.498970640960492, "params": {"eta": 0.9359447978718308, "max_depth": 21.140850431669303, "n_estimators": 41.93607552127253}, "datetime": {"datetime": "2021-09-21 13:40:39", "elapsed": 904.474194, "delta": 7.505955}}
{"target": -3.233716775241651, "params": {"eta": 0.966256461593108, "max_depth": 24.591663700161305, "n_estimators": 35.8591896584866}, "datetime": {"datetime": "2021-09-21 13:40:46", "elapsed": 911.36616, "delta": 6.891966}}
{"target": -3.2038731236206854, "params": {"eta": 1.0, "max_depth": 25.697645157646388, "n_estimators": 37.664012037458505}, "datetime": {"datetime": "2021-09-21 13:40:52", "elapsed": 917.845901, "delta": 6.479741}}
{"target": -3.0203609403811003, "params": {"eta": 0.20020344141964966, "max_depth": 1.8568619084961104, "n_estimators": 51.5889160105764}, "datetime": {"datetime": "2021-09-21 13:40:58", "elapsed": 923.429857, "delta": 5.583956}}
{"target": -6.6616841184465505, "params": {"eta": 0.07223108524076415, "max_depth": 6.745792105375007, "n_estimators": 18.595457289159107}, "datetime": {"datetime": "2021-09-21 13:41:03", "elapsed": 928.729953, "delta": 5.300096}}
{"target": -2.5582585397519564, "params": {"eta": 0.38526982619473715, "max_depth": 24.492295117357653, "n_estimators": 37.69852077520692}, "datetime": {"datetime": "2021-09-21 13:41:11", "elapsed": 936.026865, "delta": 7.296912}}
{"target": -3.179854797689538, "params": {"eta": 0.8123281487131643, "max_depth": 6.1947904679945225, "n_estimators": 23.226308349149587}, "datetime": {"datetime": "2021-09-21 13:41:15", "elapsed": 940.269735, "delta": 4.24287}}
{"target": -3.629877912998199, "params": {"eta": 0.94509381717102, "max_depth": 10.0882810733182, "n_estimators": 38.09792628173682}, "datetime": {"datetime": "2021-09-21 13:41:23", "elapsed": 948.123844, "delta": 7.854109}}
{"target": -4.362960043706392, "params": {"eta": 0.03823583069604419, "max_depth": 12.316525971588037, "n_estimators": 49.30463358124039}, "datetime": {"datetime": "2021-09-21 13:41:40", "elapsed": 965.36883, "delta": 17.244986}}
{"target": -2.6522582593717074, "params": {"eta": 0.07060667254541712, "max_depth": 15.425198221912343, "n_estimators": 52.80753291165666}, "datetime": {"datetime": "2021-09-21 13:41:47", "elapsed": 972.682316, "delta": 7.313486}}
{"target": -2.9876373930981286, "params": {"eta": 0.8580071647681439, "max_depth": 1.0582154754161874, "n_estimators": 36.85823526366911}, "datetime": {"datetime": "2021-09-21 13:41:53", "elapsed": 978.749335, "delta": 6.067019}}
{"target": -2.744508960372523, "params": {"eta": 0.12994446170753943, "max_depth": 22.78328402869557, "n_estimators": 25.52544427333865}, "datetime": {"datetime": "2021-09-21 13:41:57", "elapsed": 982.628672, "delta": 3.879337}}
{"target": -5.523695669048711, "params": {"eta": 0.06371745035211032, "max_depth": 23.674740108650138, "n_estimators": 24.663070468429012}, "datetime": {"datetime": "2021-09-21 13:42:03", "elapsed": 988.064143, "delta": 5.435471}}
{"target": -11.03048470051665, "params": {"eta": 0.040018828433046834, "max_depth": 15.040175671403425, "n_estimators": 19.192894441452157}, "datetime": {"datetime": "2021-09-21 13:42:09", "elapsed": 994.208079, "delta": 6.143936}}
{"target": -3.194287905567571, "params": {"eta": 0.9935963642220601, "max_depth": 14.870822517262813, "n_estimators": 49.485215426471854}, "datetime": {"datetime": "2021-09-21 13:42:14", "elapsed": 999.715166, "delta": 5.507087}}
{"target": -3.2144968534770766, "params": {"eta": 1.0, "max_depth": 12.20155750352989, "n_estimators": 20.42134192754823}, "datetime": {"datetime": "2021-09-21 13:42:20", "elapsed": 1005.233458, "delta": 5.518292}}
{"target": -3.3222693355459914, "params": {"eta": 0.9840028257497593, "max_depth": 17.12028644804343, "n_estimators": 58.95548427056394}, "datetime": {"datetime": "2021-09-21 13:42:25", "elapsed": 1010.886419, "delta": 5.652961}}
{"target": -3.309820040746739, "params": {"eta": 0.9535032958171091, "max_depth": 5.108350158510708, "n_estimators": 44.581614800364314}, "datetime": {"datetime": "2021-09-21 13:42:31", "elapsed": 1016.693629, "delta": 5.80721}}
{"target": -3.44590596211584, "params": {"eta": 0.7645668273953702, "max_depth": 8.45801489695629, "n_estimators": 21.93081321699632}, "datetime": {"datetime": "2021-09-21 13:42:36", "elapsed": 1021.049333, "delta": 4.355704}}
{"target": -3.196875785526476, "params": {"eta": 0.7467182404206426, "max_depth": 13.479307414797239, "n_estimators": 18.0891534842519}, "datetime": {"datetime": "2021-09-21 13:42:42", "elapsed": 1027.595523, "delta": 6.54619}}
{"target": -3.2101300741496837, "params": {"eta": 1.0, "max_depth": 27.16341363610979, "n_estimators": 25.542286122806384}, "datetime": {"datetime": "2021-09-21 13:42:50", "elapsed": 1035.71173, "delta": 8.116207}}
{"target": -3.4503660992572183, "params": {"eta": 1.0, "max_depth": 6.319803433995498, "n_estimators": 31.150524782527594}, "datetime": {"datetime": "2021-09-21 13:42:58", "elapsed": 1043.362426, "delta": 7.650696}}
{"target": -3.3284596392982886, "params": {"eta": 0.7409634153239806, "max_depth": 10.685975855289813, "n_estimators": 56.733796199343935}, "datetime": {"datetime": "2021-09-21 13:43:05", "elapsed": 1050.825136, "delta": 7.46271}}
{"target": -2.5286620918073153, "params": {"eta": 0.22843694882813956, "max_depth": 16.02425968116365, "n_estimators": 24.11097564684445}, "datetime": {"datetime": "2021-09-21 13:43:12", "elapsed": 1057.813362, "delta": 6.988226}}
{"target": -14.708616217186576, "params": {"eta": 0.011380671926536749, "max_depth": 1.896211809692978, "n_estimators": 42.76104497171519}, "datetime": {"datetime": "2021-09-21 13:43:18", "elapsed": 1063.734679, "delta": 5.921317}}
{"target": -3.0570780594097937, "params": {"eta": 0.7348325192727694, "max_depth": 2.318425986595793, "n_estimators": 40.67252581401442}, "datetime": {"datetime": "2021-09-21 13:43:26", "elapsed": 1071.052634, "delta": 7.317955}}
{"target": -2.5451259029539006, "params": {"eta": 0.07802940855158974, "max_depth": 16.52736806837265, "n_estimators": 53.23245840075944}, "datetime": {"datetime": "2021-09-21 13:43:34", "elapsed": 1079.873561, "delta": 8.820927}}
{"target": -3.2038731236206854, "params": {"eta": 1.0, "max_depth": 25.728245643810272, "n_estimators": 28.02440233002172}, "datetime": {"datetime": "2021-09-21 13:43:44", "elapsed": 1089.492245, "delta": 9.618684}}
{"target": -3.281642877428155, "params": {"eta": 0.9700621636916157, "max_depth": 15.723014467598976, "n_estimators": 16.896401465017984}, "datetime": {"datetime": "2021-09-21 13:43:49", "elapsed": 1094.157798, "delta": 4.665553}}
{"target": -3.070326452819925, "params": {"eta": 0.9454939081007028, "max_depth": 3.4208578721712932, "n_estimators": 29.74288470429918}, "datetime": {"datetime": "2021-09-21 13:43:55", "elapsed": 1100.05533, "delta": 5.897532}}
{"target": -14.25046158338848, "params": {"eta": 0.01, "max_depth": 15.445121283915116, "n_estimators": 50.46564814735758}, "datetime": {"datetime": "2021-09-21 13:44:03", "elapsed": 1108.141447, "delta": 8.086117}}
