{"target": 0.6996118706377333, "params": {"eta": 1.0, "max_depth": 2.2807263317169357, "n_estimators": 5.448830240559864}, "datetime": {"datetime": "2021-09-17 15:48:56", "elapsed": 136.978058, "delta": 1.021283}}
{"target": 0.770503736505014, "params": {"eta": 1.0, "max_depth": 3.6449454801249224, "n_estimators": 7.023770017566617}, "datetime": {"datetime": "2021-09-17 15:48:57", "elapsed": 137.883057, "delta": 0.904999}}
{"target": 0.7242497802063959, "params": {"eta": 1.0, "max_depth": 6.596559481756979, "n_estimators": 8.762232565401085}, "datetime": {"datetime": "2021-09-17 15:48:58", "elapsed": 139.027636, "delta": 1.144579}}
{"target": 0.683330437699961, "params": {"eta": 1.0, "max_depth": 1.502470500978662, "n_estimators": 6.408735310002074}, "datetime": {"datetime": "2021-09-17 15:48:59", "elapsed": 139.770907, "delta": 0.743271}}
{"target": 0.724284576974129, "params": {"eta": 1.0, "max_depth": 5.868279427837579, "n_estimators": 6.914213288012553}, "datetime": {"datetime": "2021-09-17 15:49:00", "elapsed": 140.801755, "delta": 1.030848}}
{"target": 0.822338837157397, "params": {"eta": 0.5543744216332478, "max_depth": 8.790575595814628, "n_estimators": 8.51114063985477}, "datetime": {"datetime": "2021-09-17 15:49:01", "elapsed": 141.696753, "delta": 0.894998}}
{"target": 0.6463688258184356, "params": {"eta": 1.0, "max_depth": 2.6798344501937876, "n_estimators": 1.3177444629797566}, "datetime": {"datetime": "2021-09-17 15:49:02", "elapsed": 142.796506, "delta": 1.099753}}
{"target": 0.6545534755708191, "params": {"eta": 1.0, "max_depth": 1.5399483285094573, "n_estimators": 4.362160995382886}, "datetime": {"datetime": "2021-09-17 15:49:03", "elapsed": 143.722505, "delta": 0.925999}}
{"target": 0.7170558940118665, "params": {"eta": 1.0, "max_depth": 8.758802549518247, "n_estimators": 5.058424952917879}, "datetime": {"datetime": "2021-09-17 15:49:04", "elapsed": 144.652175, "delta": 0.92967}}
{"target": 0.7852126951699785, "params": {"eta": 1.0, "max_depth": 4.99002870563384, "n_estimators": 8.359769724986952}, "datetime": {"datetime": "2021-09-17 15:49:05", "elapsed": 145.730799, "delta": 1.078624}}
{"target": 0.8139197867550279, "params": {"eta": 0.5541833852522233, "max_depth": 5.9466700975802045, "n_estimators": 5.116347131797074}, "datetime": {"datetime": "2021-09-17 15:49:06", "elapsed": 146.7218, "delta": 0.991001}}
{"target": 0.6909254371664089, "params": {"eta": 1.0, "max_depth": 7.514453041187764, "n_estimators": 8.368138721495749}, "datetime": {"datetime": "2021-09-17 15:49:07", "elapsed": 147.718325, "delta": 0.996525}}
{"target": 0.7562314044100548, "params": {"eta": 1.0, "max_depth": 2.0034008838022914, "n_estimators": 9.347826544731811}, "datetime": {"datetime": "2021-09-17 15:49:08", "elapsed": 148.595329, "delta": 0.877004}}
{"target": 0.6501747830093738, "params": {"eta": 1.0, "max_depth": 9.461979699856123, "n_estimators": 1.0}, "datetime": {"datetime": "2021-09-17 15:49:09", "elapsed": 149.809393, "delta": 1.214064}}
{"target": 0.6611936713337884, "params": {"eta": 1.0, "max_depth": 3.6634008189815144, "n_estimators": 1.332899300749187}, "datetime": {"datetime": "2021-09-17 15:49:10", "elapsed": 150.774394, "delta": 0.965001}}
{"target": 0.7590748465374186, "params": {"eta": 1.0, "max_depth": 4.569090889551004, "n_estimators": 4.700341799452525}, "datetime": {"datetime": "2021-09-17 15:49:11", "elapsed": 151.873538, "delta": 1.099144}}
{"target": 0.69813943067239, "params": {"eta": 1.0, "max_depth": 8.254030995730494, "n_estimators": 3.5830804756318697}, "datetime": {"datetime": "2021-09-17 15:49:12", "elapsed": 153.240978, "delta": 1.36744}}
{"target": 0.6689980523489814, "params": {"eta": 0.9928651907894458, "max_depth": 8.294833194306928, "n_estimators": 7.501622430322433}, "datetime": {"datetime": "2021-09-17 15:49:13", "elapsed": 154.472975, "delta": 1.231997}}
{"target": 0.6909254371664089, "params": {"eta": 1.0, "max_depth": 7.211952902786477, "n_estimators": 8.929620366828198}, "datetime": {"datetime": "2021-09-17 15:49:14", "elapsed": 155.512932, "delta": 1.039957}}
{"target": 0.7423370352579843, "params": {"eta": 1.0, "max_depth": 2.1572338413718306, "n_estimators": 8.59259832142284}, "datetime": {"datetime": "2021-09-17 15:49:15", "elapsed": 156.397943, "delta": 0.885011}}
{"target": 0.6687862080129435, "params": {"eta": 0.9930579468322855, "max_depth": 1.9711442129303998, "n_estimators": 3.1523933108345545}, "datetime": {"datetime": "2021-09-17 15:49:16", "elapsed": 157.487786, "delta": 1.089843}}
{"target": 0.7130327381555126, "params": {"eta": 0.9998230858564957, "max_depth": 8.835107198029513, "n_estimators": 8.076153119883191}, "datetime": {"datetime": "2021-09-17 15:49:18", "elapsed": 158.854105, "delta": 1.366319}}
{"target": 0.7289234094378835, "params": {"eta": 1.0, "max_depth": 6.1818506215364435, "n_estimators": 9.779478226522864}, "datetime": {"datetime": "2021-09-17 15:49:19", "elapsed": 160.239105, "delta": 1.385}}
{"target": 0.4522557239459628, "params": {"eta": 1.0, "max_depth": 1.5796120733522223, "n_estimators": 1.2616830208884253}, "datetime": {"datetime": "2021-09-17 15:49:20", "elapsed": 161.260267, "delta": 1.021162}}
{"target": 0.7550980444213341, "params": {"eta": 0.9938305417355486, "max_depth": 3.3165645149939413, "n_estimators": 6.182286957506906}, "datetime": {"datetime": "2021-09-17 15:49:21", "elapsed": 162.559267, "delta": 1.299}}
{"target": 0.7670973330066587, "params": {"eta": 0.6210352102461336, "max_depth": 5.150146215043491, "n_estimators": 6.476912957463243}, "datetime": {"datetime": "2021-09-17 15:49:23", "elapsed": 164.080758, "delta": 1.521491}}
{"target": 0.7794075466718806, "params": {"eta": 0.6297946976202412, "max_depth": 7.909207318116428, "n_estimators": 5.895964615538406}, "datetime": {"datetime": "2021-09-17 15:49:24", "elapsed": 165.045195, "delta": 0.964437}}
{"target": 0.7133262441456074, "params": {"eta": 1.0, "max_depth": 8.801921482284577, "n_estimators": 6.297489043160195}, "datetime": {"datetime": "2021-09-17 15:49:25", "elapsed": 165.951195, "delta": 0.906}}
{"target": 0.7242497802063959, "params": {"eta": 1.0, "max_depth": 6.448598412744335, "n_estimators": 8.067416886664537}, "datetime": {"datetime": "2021-09-17 15:49:26", "elapsed": 167.495178, "delta": 1.543983}}
{"target": 0.6992594803952312, "params": {"eta": 1.0, "max_depth": 1.0, "n_estimators": 5.194385209938595}, "datetime": {"datetime": "2021-09-17 15:49:27", "elapsed": 168.523178, "delta": 1.028}}
{"target": 0.7536705317233156, "params": {"eta": 0.7659641063741589, "max_depth": 5.4911718660365185, "n_estimators": 5.060964781013887}, "datetime": {"datetime": "2021-09-17 15:49:28", "elapsed": 169.458048, "delta": 0.93487}}
{"target": 0.7651362605638949, "params": {"eta": 0.4877400663268967, "max_depth": 2.828162933784778, "n_estimators": 7.265294796450896}, "datetime": {"datetime": "2021-09-17 15:49:30", "elapsed": 170.697676, "delta": 1.239628}}
{"target": 0.716772499639672, "params": {"eta": 1.0, "max_depth": 8.747764840018442, "n_estimators": 7.008446457017617}, "datetime": {"datetime": "2021-09-17 15:49:31", "elapsed": 171.938959, "delta": 1.241283}}
{"target": 0.7310490090396373, "params": {"eta": 1.0, "max_depth": 3.972005598637536, "n_estimators": 4.870307813598779}, "datetime": {"datetime": "2021-09-17 15:49:32", "elapsed": 173.093283, "delta": 1.154324}}
{"target": 0.7820048456930405, "params": {"eta": 1.0, "max_depth": 3.762146785916442, "n_estimators": 9.48944604220928}, "datetime": {"datetime": "2021-09-17 15:49:33", "elapsed": 174.296285, "delta": 1.203002}}
{"target": 0.6833749566016132, "params": {"eta": 1.0, "max_depth": 7.537665377148788, "n_estimators": 5.169122587770978}, "datetime": {"datetime": "2021-09-17 15:49:34", "elapsed": 175.553701, "delta": 1.257416}}
{"target": 0.7718551859126739, "params": {"eta": 1.0, "max_depth": 4.020706855258145, "n_estimators": 7.71545337513877}, "datetime": {"datetime": "2021-09-17 15:49:36", "elapsed": 176.642702, "delta": 1.089001}}
{"target": 0.7852126951699785, "params": {"eta": 1.0, "max_depth": 4.392788324648055, "n_estimators": 8.827846116444837}, "datetime": {"datetime": "2021-09-17 15:49:37", "elapsed": 177.686144, "delta": 1.043442}}
{"target": 0.7568019159203887, "params": {"eta": 0.7485611350468251, "max_depth": 9.129156607673105, "n_estimators": 8.648612436789808}, "datetime": {"datetime": "2021-09-17 15:49:38", "elapsed": 178.866145, "delta": 1.180001}}
{"target": 0.7062162029821194, "params": {"eta": 1.0, "max_depth": 9.683716516210982, "n_estimators": 2.306684192432242}, "datetime": {"datetime": "2021-09-17 15:49:39", "elapsed": 180.037865, "delta": 1.17172}}
{"target": 0.8130126605655135, "params": {"eta": 0.5954051743204061, "max_depth": 8.393257945677941, "n_estimators": 5.5439508785101355}, "datetime": {"datetime": "2021-09-17 15:49:40", "elapsed": 181.066118, "delta": 1.028253}}
{"target": 0.8587404976480533, "params": {"eta": 0.4329054638665231, "max_depth": 8.921341431745196, "n_estimators": 8.970790437370006}, "datetime": {"datetime": "2021-09-17 15:49:42", "elapsed": 182.769118, "delta": 1.703}}
{"target": 0.697015526286548, "params": {"eta": 1.0, "max_depth": 6.826715299121106, "n_estimators": 2.871564103542405}, "datetime": {"datetime": "2021-09-17 15:49:43", "elapsed": 183.93944, "delta": 1.170322}}
{"target": 0.735816060010636, "params": {"eta": 1.0, "max_depth": 6.315168033209254, "n_estimators": 5.7312080113794055}, "datetime": {"datetime": "2021-09-17 15:49:44", "elapsed": 185.206775, "delta": 1.267335}}
{"target": 0.6501747830093738, "params": {"eta": 1.0, "max_depth": 6.942061271775922, "n_estimators": 1.4747370908829467}, "datetime": {"datetime": "2021-09-17 15:49:45", "elapsed": 186.185771, "delta": 0.978996}}
{"target": 0.7839398437584422, "params": {"eta": 0.9962765813338087, "max_depth": 4.165043392730319, "n_estimators": 5.887754441149876}, "datetime": {"datetime": "2021-09-17 15:49:46", "elapsed": 187.252959, "delta": 1.067188}}
{"target": 0.7865861050348069, "params": {"eta": 0.6664137596607171, "max_depth": 5.033553356087576, "n_estimators": 7.122018996679657}, "datetime": {"datetime": "2021-09-17 15:49:48", "elapsed": 188.762959, "delta": 1.51}}
{"target": 0.6840354285557573, "params": {"eta": 0.9962567146248952, "max_depth": 9.463611026743438, "n_estimators": 7.69181382300497}, "datetime": {"datetime": "2021-09-17 15:49:49", "elapsed": 190.178589, "delta": 1.41563}}
{"target": 0.7176950954958785, "params": {"eta": 1.0, "max_depth": 5.752845776856081, "n_estimators": 2.4462622492975115}, "datetime": {"datetime": "2021-09-17 15:49:50", "elapsed": 191.301589, "delta": 1.123}}
{"target": 0.6534858712017793, "params": {"eta": 1.0, "max_depth": 1.0, "n_estimators": 2.596618404816945}, "datetime": {"datetime": "2021-09-17 15:49:51", "elapsed": 192.392594, "delta": 1.091005}}
{"target": 0.6875394334580627, "params": {"eta": 1.0, "max_depth": 7.267617369870473, "n_estimators": 6.415988995836758}, "datetime": {"datetime": "2021-09-17 15:49:53", "elapsed": 193.617299, "delta": 1.224705}}
{"target": 0.7565811593818252, "params": {"eta": 0.9964811733611968, "max_depth": 2.706617251455646, "n_estimators": 9.560619910261517}, "datetime": {"datetime": "2021-09-17 15:49:54", "elapsed": 194.649905, "delta": 1.032606}}
{"target": 0.7327041445377993, "params": {"eta": 1.0, "max_depth": 6.444177273748092, "n_estimators": 6.72759182048219}, "datetime": {"datetime": "2021-09-17 15:49:55", "elapsed": 195.98534, "delta": 1.335435}}
{"target": 0.7655957034224667, "params": {"eta": 0.7363934520477808, "max_depth": 4.784519755934236, "n_estimators": 6.294719132021217}, "datetime": {"datetime": "2021-09-17 15:49:56", "elapsed": 196.957341, "delta": 0.972001}}
{"target": 0.769151974964438, "params": {"eta": 0.6134040243049654, "max_depth": 4.957202453980967, "n_estimators": 4.6895150622293915}, "datetime": {"datetime": "2021-09-17 15:49:57", "elapsed": 198.077504, "delta": 1.120163}}
{"target": 0.6501747830093738, "params": {"eta": 1.0, "max_depth": 6.273761827597746, "n_estimators": 1.0}, "datetime": {"datetime": "2021-09-17 15:49:58", "elapsed": 199.282923, "delta": 1.205419}}
{"target": 0.7123890392971453, "params": {"eta": 1.0, "max_depth": 1.0, "n_estimators": 7.323705930451339}, "datetime": {"datetime": "2021-09-17 15:49:59", "elapsed": 200.320587, "delta": 1.037664}}
{"target": 0.789618689936123, "params": {"eta": 0.6471375884994508, "max_depth": 4.797812975678792, "n_estimators": 5.35695474822749}, "datetime": {"datetime": "2021-09-17 15:50:01", "elapsed": 201.605804, "delta": 1.285217}}
{"target": 0.7465673759331448, "params": {"eta": 1.0, "max_depth": 3.231131138114537, "n_estimators": 5.4824428719872325}, "datetime": {"datetime": "2021-09-17 15:50:02", "elapsed": 202.725175, "delta": 1.119371}}
{"target": 0.7714380676387865, "params": {"eta": 0.6317364437715023, "max_depth": 9.079076492954815, "n_estimators": 9.522611336764792}, "datetime": {"datetime": "2021-09-17 15:50:03", "elapsed": 204.332352, "delta": 1.607177}}
{"target": 0.7082210083446748, "params": {"eta": 1.0, "max_depth": 10.0, "n_estimators": 6.774797445617183}, "datetime": {"datetime": "2021-09-17 15:50:04", "elapsed": 205.39685, "delta": 1.064498}}
{"target": 0.7166781035526257, "params": {"eta": 1.0, "max_depth": 8.488012108701623, "n_estimators": 10.0}, "datetime": {"datetime": "2021-09-17 15:50:06", "elapsed": 206.813847, "delta": 1.416997}}
{"target": 0.8117869904827941, "params": {"eta": 0.7264611882810695, "max_depth": 8.29963131318298, "n_estimators": 8.68913465571477}, "datetime": {"datetime": "2021-09-17 15:50:07", "elapsed": 208.002574, "delta": 1.188727}}
{"target": 0.6891497667232224, "params": {"eta": 1.0, "max_depth": 7.83988160722885, "n_estimators": 2.379203716045353}, "datetime": {"datetime": "2021-09-17 15:50:08", "elapsed": 209.143885, "delta": 1.141311}}
{"target": 0.765326597927631, "params": {"eta": 0.6735392027808083, "max_depth": 6.27591642713188, "n_estimators": 4.664290483151847}, "datetime": {"datetime": "2021-09-17 15:50:10", "elapsed": 210.773789, "delta": 1.629904}}
{"target": 0.6501747830093738, "params": {"eta": 1.0, "max_depth": 8.86732011488608, "n_estimators": 1.8910626884900346}, "datetime": {"datetime": "2021-09-17 15:50:11", "elapsed": 212.033022, "delta": 1.259233}}
{"target": 0.6501747830093738, "params": {"eta": 1.0, "max_depth": 4.291196964796692, "n_estimators": 1.550256563381215}, "datetime": {"datetime": "2021-09-17 15:50:12", "elapsed": 213.212615, "delta": 1.179593}}
{"target": 0.7073583974687325, "params": {"eta": 0.992210249263436, "max_depth": 7.113308611175574, "n_estimators": 4.153833405305795}, "datetime": {"datetime": "2021-09-17 15:50:13", "elapsed": 214.292616, "delta": 1.080001}}
{"target": 0.7206429279776811, "params": {"eta": 1.0, "max_depth": 5.58054375462131, "n_estimators": 8.724707742815616}, "datetime": {"datetime": "2021-09-17 15:50:15", "elapsed": 215.829444, "delta": 1.536828}}
{"target": 0.7006327528824059, "params": {"eta": 1.0, "max_depth": 3.319814714934581, "n_estimators": 2.7964907414042526}, "datetime": {"datetime": "2021-09-17 15:50:16", "elapsed": 217.182673, "delta": 1.353229}}
{"target": 0.7761520449942765, "params": {"eta": 1.0, "max_depth": 3.1203542061767573, "n_estimators": 8.790975332696048}, "datetime": {"datetime": "2021-09-17 15:50:17", "elapsed": 218.50567, "delta": 1.322997}}
{"target": 0.7197472065009518, "params": {"eta": 1.0, "max_depth": 3.753495490082929, "n_estimators": 3.6627860748491585}, "datetime": {"datetime": "2021-09-17 15:50:19", "elapsed": 219.646749, "delta": 1.141079}}
{"target": 0.7160387267216928, "params": {"eta": 1.0, "max_depth": 8.205368735291302, "n_estimators": 8.935996698361523}, "datetime": {"datetime": "2021-09-17 15:50:20", "elapsed": 221.144071, "delta": 1.497322}}
{"target": 0.6355238897525468, "params": {"eta": 0.18531300041534982, "max_depth": 9.169198137931215, "n_estimators": 9.31010161337419}, "datetime": {"datetime": "2021-09-17 15:50:22", "elapsed": 222.661071, "delta": 1.517}}
{"target": 0.7123890392971453, "params": {"eta": 1.0, "max_depth": 1.481069945248912, "n_estimators": 7.024774547678807}, "datetime": {"datetime": "2021-09-17 15:50:23", "elapsed": 224.005972, "delta": 1.344901}}
{"target": 0.7209706572033701, "params": {"eta": 1.0, "max_depth": 2.1579703264757124, "n_estimators": 7.428881192866869}, "datetime": {"datetime": "2021-09-17 15:50:24", "elapsed": 225.090639, "delta": 1.084667}}
{"target": 0.7080701676820882, "params": {"eta": 1.0, "max_depth": 6.53223339125879, "n_estimators": 3.9076724257809357}, "datetime": {"datetime": "2021-09-17 15:50:25", "elapsed": 226.54306, "delta": 1.452421}}
{"target": 0.6501747830093738, "params": {"eta": 1.0, "max_depth": 5.367475047463154, "n_estimators": 1.4070598194708486}, "datetime": {"datetime": "2021-09-17 15:50:27", "elapsed": 228.045309, "delta": 1.502249}}
{"target": 0.7228625795277803, "params": {"eta": 1.0, "max_depth": 5.737138137457769, "n_estimators": 7.542198611880549}, "datetime": {"datetime": "2021-09-17 15:50:29", "elapsed": 229.65858, "delta": 1.613271}}
{"target": 0.7372093297164712, "params": {"eta": 0.9823394841672998, "max_depth": 9.746752246663076, "n_estimators": 9.656873769495125}, "datetime": {"datetime": "2021-09-17 15:50:30", "elapsed": 230.846584, "delta": 1.188004}}
{"target": 0.6854303558662885, "params": {"eta": 1.0, "max_depth": 7.193698612328939, "n_estimators": 10.0}, "datetime": {"datetime": "2021-09-17 15:50:31", "elapsed": 232.373803, "delta": 1.527219}}
{"target": 0.6697880140744426, "params": {"eta": 0.9984045324879235, "max_depth": 7.718026702903768, "n_estimators": 3.721180569460471}, "datetime": {"datetime": "2021-09-17 15:50:32", "elapsed": 233.486629, "delta": 1.112826}}
{"target": 0.7136003147045338, "params": {"eta": 1.0, "max_depth": 8.45124963049785, "n_estimators": 4.560510740725888}, "datetime": {"datetime": "2021-09-17 15:50:34", "elapsed": 234.645993, "delta": 1.159364}}
{"target": 0.7209706572033701, "params": {"eta": 1.0, "max_depth": 2.9078507222156986, "n_estimators": 7.807589337459773}, "datetime": {"datetime": "2021-09-17 15:50:35", "elapsed": 236.512308, "delta": 1.866315}}
{"target": 0.6960125114237581, "params": {"eta": 1.0, "max_depth": 1.470222960532163, "n_estimators": 9.580504665832873}, "datetime": {"datetime": "2021-09-17 15:50:37", "elapsed": 237.655585, "delta": 1.143277}}
{"target": 0.735816060010636, "params": {"eta": 1.0, "max_depth": 6.990071476961012, "n_estimators": 5.023603939473472}, "datetime": {"datetime": "2021-09-17 15:50:38", "elapsed": 239.155588, "delta": 1.500003}}
{"target": 0.7543567118407382, "params": {"eta": 0.9974633672257686, "max_depth": 3.2947810726535316, "n_estimators": 6.845164346730779}, "datetime": {"datetime": "2021-09-17 15:50:39", "elapsed": 240.571495, "delta": 1.415907}}
{"target": 0.697015526286548, "params": {"eta": 1.0, "max_depth": 6.2768844324538815, "n_estimators": 2.190700457441953}, "datetime": {"datetime": "2021-09-17 15:50:41", "elapsed": 241.690075, "delta": 1.11858}}
{"target": 0.7621385107317453, "params": {"eta": 0.7483518531744939, "max_depth": 4.958125084177746, "n_estimators": 6.758491716787585}, "datetime": {"datetime": "2021-09-17 15:50:42", "elapsed": 243.454483, "delta": 1.764408}}
{"target": 0.6951687092618875, "params": {"eta": 1.0, "max_depth": 9.733543469223115, "n_estimators": 4.842718076770115}, "datetime": {"datetime": "2021-09-17 15:50:44", "elapsed": 244.760483, "delta": 1.306}}
{"target": 0.7235812954816632, "params": {"eta": 1.0, "max_depth": 5.405403371937554, "n_estimators": 3.952951858093887}, "datetime": {"datetime": "2021-09-17 15:50:45", "elapsed": 246.078887, "delta": 1.318404}}
{"target": 0.7587567851097337, "params": {"eta": 0.9794915985981376, "max_depth": 5.520271966368959, "n_estimators": 6.414622515800907}, "datetime": {"datetime": "2021-09-17 15:50:47", "elapsed": 247.72356, "delta": 1.644673}}
{"target": 0.744978826038387, "params": {"eta": 0.7702822294761748, "max_depth": 5.15632090536911, "n_estimators": 6.011402745873577}, "datetime": {"datetime": "2021-09-17 15:50:48", "elapsed": 249.251559, "delta": 1.527999}}
{"target": 0.6992594803952312, "params": {"eta": 1.0, "max_depth": 1.7871956260498376, "n_estimators": 5.6361158024790905}, "datetime": {"datetime": "2021-09-17 15:50:49", "elapsed": 250.542246, "delta": 1.290687}}
{"target": 0.7661970958989757, "params": {"eta": 0.7070398154562852, "max_depth": 7.1553340541929975, "n_estimators": 6.414779145995151}, "datetime": {"datetime": "2021-09-17 15:50:51", "elapsed": 251.800474, "delta": 1.258228}}
{"target": 0.781593455599606, "params": {"eta": 1.0, "max_depth": 4.713997733273655, "n_estimators": 9.377942847738602}, "datetime": {"datetime": "2021-09-17 15:50:52", "elapsed": 253.230476, "delta": 1.430002}}
{"target": 0.7088868909913291, "params": {"eta": 1.0, "max_depth": 10.0, "n_estimators": 5.764324341304902}, "datetime": {"datetime": "2021-09-17 15:50:53", "elapsed": 254.411475, "delta": 1.180999}}
{"target": 0.7228625795277803, "params": {"eta": 1.0, "max_depth": 5.186398543818061, "n_estimators": 7.670857838898625}, "datetime": {"datetime": "2021-09-17 15:50:55", "elapsed": 255.802447, "delta": 1.390972}}
{"target": 0.7237702259529761, "params": {"eta": 0.997772900874975, "max_depth": 5.944376491217418, "n_estimators": 3.173687277752765}, "datetime": {"datetime": "2021-09-17 15:50:57", "elapsed": 257.91927, "delta": 2.116823}}
{"target": 0.6988802365254154, "params": {"eta": 1.0, "max_depth": 2.743726731467351, "n_estimators": 3.9934663930258805}, "datetime": {"datetime": "2021-09-17 15:50:59", "elapsed": 259.772217, "delta": 1.852947}}
{"target": 0.7423370352579843, "params": {"eta": 1.0, "max_depth": 2.64262801233598, "n_estimators": 8.420412364737832}, "datetime": {"datetime": "2021-09-17 15:51:00", "elapsed": 261.026216, "delta": 1.253999}}
