{"target": 0.7793103237478658, "params": {"eta": 0.6012812136051563, "max_depth": 7.303649960988177, "n_estimators": 8.34948403839778}, "datetime": {"datetime": "2021-09-17 16:04:50", "elapsed": 1079.252228, "delta": 5.937724}}
{"target": 0.7824029725776436, "params": {"eta": 0.6291077403587637, "max_depth": 7.6741913050178905, "n_estimators": 6.956538583115492}, "datetime": {"datetime": "2021-09-17 16:04:56", "elapsed": 1084.358379, "delta": 5.106151}}
{"target": 0.7543087867975389, "params": {"eta": 0.7524038666149669, "max_depth": 4.3407452767555395, "n_estimators": 9.630892411692136}, "datetime": {"datetime": "2021-09-17 16:05:01", "elapsed": 1090.247881, "delta": 5.889502}}
{"target": 0.7419253547478588, "params": {"eta": 0.7856421412834673, "max_depth": 5.750847539710597, "n_estimators": 3.291882009136308}, "datetime": {"datetime": "2021-09-17 16:05:08", "elapsed": 1096.947991, "delta": 6.70011}}
{"target": 0.7589178351597933, "params": {"eta": 0.6892288129127431, "max_depth": 6.249274400439745, "n_estimators": 3.914554834365091}, "datetime": {"datetime": "2021-09-17 16:05:15", "elapsed": 1103.561854, "delta": 6.613863}}
{"target": -3.259903054768693, "params": {"eta": 0.02746136206011167, "max_depth": 8.918634073531251, "n_estimators": 7.822256982706699}, "datetime": {"datetime": "2021-09-17 16:05:19", "elapsed": 1107.873106, "delta": 4.311252}}
{"target": 0.8141580601757232, "params": {"eta": 0.6614046709639635, "max_depth": 9.252737954806681, "n_estimators": 6.759549914586225}, "datetime": {"datetime": "2021-09-17 16:05:25", "elapsed": 1113.531971, "delta": 5.658865}}
{"target": -1.4857769570835466, "params": {"eta": 0.22324129858709216, "max_depth": 7.844076456689095, "n_estimators": 2.7403381774123288}, "datetime": {"datetime": "2021-09-17 16:05:27", "elapsed": 1116.24412, "delta": 2.712149}}
{"target": 0.7955884778800888, "params": {"eta": 0.6685582247399346, "max_depth": 8.633026127178208, "n_estimators": 8.368459997000341}, "datetime": {"datetime": "2021-09-17 16:05:36", "elapsed": 1124.555102, "delta": 8.310982}}
{"target": 0.725859973805645, "params": {"eta": 0.7525358998779714, "max_depth": 2.3338091522366966, "n_estimators": 5.307971316242562}, "datetime": {"datetime": "2021-09-17 16:05:40", "elapsed": 1128.883206, "delta": 4.328104}}
{"target": 0.7842555053028342, "params": {"eta": 0.6233559714713182, "max_depth": 3.9125752538572773, "n_estimators": 6.8886914975292965}, "datetime": {"datetime": "2021-09-17 16:05:45", "elapsed": 1133.726215, "delta": 4.843009}}
{"target": 0.825453721476777, "params": {"eta": 0.5243286816510417, "max_depth": 9.98689300268799, "n_estimators": 8.100451107656326}, "datetime": {"datetime": "2021-09-17 16:05:48", "elapsed": 1136.758969, "delta": 3.032754}}
{"target": 0.7737474846832495, "params": {"eta": 0.6971664928815201, "max_depth": 9.677687328524472, "n_estimators": 7.573543731819161}, "datetime": {"datetime": "2021-09-17 16:05:53", "elapsed": 1141.367423, "delta": 4.608454}}
{"target": 0.6071068358989948, "params": {"eta": 0.6581687729841628, "max_depth": 3.2036584481583352, "n_estimators": 2.1328232442863864}, "datetime": {"datetime": "2021-09-17 16:05:58", "elapsed": 1146.61138, "delta": 5.243957}}
{"target": 0.5331580327005826, "params": {"eta": 0.2405169824947941, "max_depth": 8.348166043741383, "n_estimators": 6.4837816451515256}, "datetime": {"datetime": "2021-09-17 16:06:01", "elapsed": 1149.714508, "delta": 3.103128}}
{"target": 0.15129458504591708, "params": {"eta": 0.12198619555375181, "max_depth": 7.743330921225689, "n_estimators": 9.025755861248063}, "datetime": {"datetime": "2021-09-17 16:06:04", "elapsed": 1152.897731, "delta": 3.183223}}
{"target": 0.7631904540827802, "params": {"eta": 0.6127693553774185, "max_depth": 6.317835571945049, "n_estimators": 4.81684532034726}, "datetime": {"datetime": "2021-09-17 16:06:10", "elapsed": 1159.208328, "delta": 6.310597}}
{"target": 0.5275848955808318, "params": {"eta": 0.7081347101923585, "max_depth": 1.2603536120407515, "n_estimators": 2.9496379096073686}, "datetime": {"datetime": "2021-09-17 16:06:15", "elapsed": 1163.492945, "delta": 4.284617}}
{"target": 0.8088610876133338, "params": {"eta": 0.5854492231804767, "max_depth": 6.939203097036252, "n_estimators": 9.159167010805984}, "datetime": {"datetime": "2021-09-17 16:06:21", "elapsed": 1170.116104, "delta": 6.623159}}
{"target": 0.7439855772075359, "params": {"eta": 1.0, "max_depth": 9.245972167874811, "n_estimators": 6.832288743398263}, "datetime": {"datetime": "2021-09-17 16:06:27", "elapsed": 1175.972158, "delta": 5.856054}}
{"target": 0.7809678039943, "params": {"eta": 0.6754325306168961, "max_depth": 5.827941716545804, "n_estimators": 6.165144807500137}, "datetime": {"datetime": "2021-09-17 16:06:35", "elapsed": 1183.60185, "delta": 7.629692}}
{"target": 0.7412672645420226, "params": {"eta": 0.9876827555402202, "max_depth": 6.511825597238515, "n_estimators": 2.4567378295831968}, "datetime": {"datetime": "2021-09-17 16:06:38", "elapsed": 1186.65861, "delta": 3.05676}}
{"target": 0.8220790819454308, "params": {"eta": 0.5575465117589099, "max_depth": 5.334967117310078, "n_estimators": 8.725602897662696}, "datetime": {"datetime": "2021-09-17 16:06:41", "elapsed": 1189.761474, "delta": 3.102864}}
{"target": 0.7892660769169526, "params": {"eta": 1.0, "max_depth": 5.153975565715411, "n_estimators": 4.398221447271443}, "datetime": {"datetime": "2021-09-17 16:06:45", "elapsed": 1194.026903, "delta": 4.265429}}
{"target": 0.7503843901049216, "params": {"eta": 0.6905441593388757, "max_depth": 3.449191718384075, "n_estimators": 3.692253690765227}, "datetime": {"datetime": "2021-09-17 16:06:50", "elapsed": 1198.80559, "delta": 4.778687}}
{"target": 0.8186503723493216, "params": {"eta": 0.3151354697063583, "max_depth": 9.860008352782225, "n_estimators": 9.753930037994731}, "datetime": {"datetime": "2021-09-17 16:06:53", "elapsed": 1201.838063, "delta": 3.032473}}
{"target": 0.804244034944937, "params": {"eta": 0.6631375179246873, "max_depth": 9.763862438960832, "n_estimators": 9.609473732488329}, "datetime": {"datetime": "2021-09-17 16:06:58", "elapsed": 1206.537032, "delta": 4.698969}}
{"target": 0.7998086497700994, "params": {"eta": 0.6647357608785525, "max_depth": 9.608849296486916, "n_estimators": 9.982821782458931}, "datetime": {"datetime": "2021-09-17 16:07:06", "elapsed": 1214.645721, "delta": 8.108689}}
{"target": 0.7913455904714668, "params": {"eta": 0.6748996684444722, "max_depth": 9.224330410713659, "n_estimators": 7.147265747891703}, "datetime": {"datetime": "2021-09-17 16:07:16", "elapsed": 1224.885707, "delta": 10.239986}}
{"target": 0.7532477652865055, "params": {"eta": 1.0, "max_depth": 7.915246275435498, "n_estimators": 5.910531808724557}, "datetime": {"datetime": "2021-09-17 16:07:21", "elapsed": 1229.660756, "delta": 4.775049}}
{"target": -0.17169033335992068, "params": {"eta": 0.6582695264796716, "max_depth": 8.074658782402548, "n_estimators": 1.7586976105894536}, "datetime": {"datetime": "2021-09-17 16:07:25", "elapsed": 1234.168488, "delta": 4.507732}}
{"target": 0.8377561753900518, "params": {"eta": 0.4080221144203484, "max_depth": 6.368667607810399, "n_estimators": 9.9949487732152}, "datetime": {"datetime": "2021-09-17 16:07:30", "elapsed": 1239.068229, "delta": 4.899741}}
{"target": 0.6329085524532094, "params": {"eta": 1.0, "max_depth": 8.941043600076558, "n_estimators": 1.788405127063504}, "datetime": {"datetime": "2021-09-17 16:07:38", "elapsed": 1246.687556, "delta": 7.619327}}
{"target": 0.7454291117837446, "params": {"eta": 1.0, "max_depth": 9.077246885645621, "n_estimators": 4.436537283098652}, "datetime": {"datetime": "2021-09-17 16:07:45", "elapsed": 1254.244339, "delta": 7.556783}}
{"target": 0.7269313724777207, "params": {"eta": 0.6775583498482837, "max_depth": 4.297938735383125, "n_estimators": 3.453301472409099}, "datetime": {"datetime": "2021-09-17 16:07:50", "elapsed": 1258.4005, "delta": 4.156161}}
{"target": 0.7387566848415379, "params": {"eta": 1.0, "max_depth": 10.0, "n_estimators": 6.609958456857157}, "datetime": {"datetime": "2021-09-17 16:07:55", "elapsed": 1264.173559, "delta": 5.773059}}
{"target": 0.7464646920000582, "params": {"eta": 0.8124511215373277, "max_depth": 7.547669782363546, "n_estimators": 4.610448051252101}, "datetime": {"datetime": "2021-09-17 16:08:01", "elapsed": 1270.111055, "delta": 5.937496}}
{"target": 0.7885923535522734, "params": {"eta": 0.7100162445894886, "max_depth": 8.567860491293716, "n_estimators": 5.211161980988506}, "datetime": {"datetime": "2021-09-17 16:08:06", "elapsed": 1274.982713, "delta": 4.871658}}
{"target": 0.7136952452172722, "params": {"eta": 1.0, "max_depth": 3.1761680841774225, "n_estimators": 5.782173369625957}, "datetime": {"datetime": "2021-09-17 16:08:11", "elapsed": 1279.742025, "delta": 4.759312}}
{"target": -2.0056853940217376, "params": {"eta": 0.33741420227109575, "max_depth": 6.96915035293144, "n_estimators": 1.4534717326333}, "datetime": {"datetime": "2021-09-17 16:08:14", "elapsed": 1282.512881, "delta": 2.770856}}
{"target": 0.7843627055221171, "params": {"eta": 0.7205793510936809, "max_depth": 6.450185975432127, "n_estimators": 6.095991767082317}, "datetime": {"datetime": "2021-09-17 16:08:20", "elapsed": 1289.221372, "delta": 6.708491}}
{"target": 0.7949216294962198, "params": {"eta": 0.9786756516384766, "max_depth": 8.946866559790607, "n_estimators": 8.100122369600506}, "datetime": {"datetime": "2021-09-17 16:08:25", "elapsed": 1293.897293, "delta": 4.675921}}
{"target": 0.735856892108592, "params": {"eta": 1.0, "max_depth": 6.8084608519643375, "n_estimators": 7.991801496225591}, "datetime": {"datetime": "2021-09-17 16:08:33", "elapsed": 1301.486942, "delta": 7.589649}}
{"target": 0.8045918007084554, "params": {"eta": 0.49029750463505967, "max_depth": 8.809112456012674, "n_estimators": 8.030175951879764}, "datetime": {"datetime": "2021-09-17 16:08:36", "elapsed": 1304.809855, "delta": 3.322913}}
{"target": 0.7906327868104576, "params": {"eta": 0.5872492557138601, "max_depth": 5.970560267283072, "n_estimators": 8.181285358063745}, "datetime": {"datetime": "2021-09-17 16:08:45", "elapsed": 1313.548786, "delta": 8.738931}}
{"target": 0.7573670577099373, "params": {"eta": 0.36773993087291, "max_depth": 6.290635679805632, "n_estimators": 6.0621020250630115}, "datetime": {"datetime": "2021-09-17 16:08:48", "elapsed": 1316.612879, "delta": 3.064093}}
{"target": 0.6279723472380823, "params": {"eta": 0.391368649266698, "max_depth": 6.853147601389852, "n_estimators": 4.557194339228467}, "datetime": {"datetime": "2021-09-17 16:08:51", "elapsed": 1319.701839, "delta": 3.08896}}
{"target": 0.6961181831886543, "params": {"eta": 0.7078803552125402, "max_depth": 8.313773575499319, "n_estimators": 2.5943940786982598}, "datetime": {"datetime": "2021-09-17 16:08:57", "elapsed": 1326.128223, "delta": 6.426384}}
{"target": 0.6928473983594505, "params": {"eta": 1.0, "max_depth": 2.6794876121610463, "n_estimators": 4.5448977347220705}, "datetime": {"datetime": "2021-09-17 16:09:03", "elapsed": 1331.423099, "delta": 5.294876}}
{"target": 0.6329085524532094, "params": {"eta": 1.0, "max_depth": 6.008996725267267, "n_estimators": 1.3609231263099584}, "datetime": {"datetime": "2021-09-17 16:09:10", "elapsed": 1338.416441, "delta": 6.993342}}
{"target": 0.6329085524532094, "params": {"eta": 1.0, "max_depth": 7.574480412894917, "n_estimators": 1.0}, "datetime": {"datetime": "2021-09-17 16:09:15", "elapsed": 1343.734207, "delta": 5.317766}}
{"target": 0.7365459491805793, "params": {"eta": 0.7338458957971692, "max_depth": 6.798206763002235, "n_estimators": 4.924853575552565}, "datetime": {"datetime": "2021-09-17 16:09:22", "elapsed": 1350.300935, "delta": 6.566728}}
{"target": 0.6329085524532094, "params": {"eta": 1.0, "max_depth": 6.300184005936067, "n_estimators": 1.9831820172100814}, "datetime": {"datetime": "2021-09-17 16:09:29", "elapsed": 1358.21641, "delta": 7.915475}}
{"target": 0.7002982017353867, "params": {"eta": 0.9930612695512642, "max_depth": 2.4703876708372396, "n_estimators": 5.128459092175566}, "datetime": {"datetime": "2021-09-17 16:09:33", "elapsed": 1361.536678, "delta": 3.320268}}
{"target": 0.8167919139972073, "params": {"eta": 0.38567493484947846, "max_depth": 5.499055968895182, "n_estimators": 8.46753170864138}, "datetime": {"datetime": "2021-09-17 16:09:40", "elapsed": 1368.510902, "delta": 6.974224}}
{"target": 0.7443186035509229, "params": {"eta": 1.0, "max_depth": 9.799948628063268, "n_estimators": 3.9359525696732875}, "datetime": {"datetime": "2021-09-17 16:09:45", "elapsed": 1373.519004, "delta": 5.008102}}
{"target": 0.7406317734514294, "params": {"eta": 0.6946883881468442, "max_depth": 4.114950798199859, "n_estimators": 4.559855702111682}, "datetime": {"datetime": "2021-09-17 16:09:51", "elapsed": 1380.100459, "delta": 6.581455}}
{"target": 0.6800339819261214, "params": {"eta": 0.9749688413444892, "max_depth": 1.0343133344871613, "n_estimators": 7.332672139414684}, "datetime": {"datetime": "2021-09-17 16:09:55", "elapsed": 1383.39354, "delta": 3.293081}}
{"target": 0.5198760278437877, "params": {"eta": 0.899865356168292, "max_depth": 9.938109645581541, "n_estimators": 1.0578004022751761}, "datetime": {"datetime": "2021-09-17 16:09:58", "elapsed": 1386.418995, "delta": 3.025455}}
{"target": 0.7846370741753156, "params": {"eta": 1.0, "max_depth": 3.602876528188871, "n_estimators": 10.0}, "datetime": {"datetime": "2021-09-17 16:10:05", "elapsed": 1394.123685, "delta": 7.70469}}
{"target": 0.7727210382037252, "params": {"eta": 1.0, "max_depth": 4.535598556452611, "n_estimators": 6.813374922156634}, "datetime": {"datetime": "2021-09-17 16:10:10", "elapsed": 1399.143506, "delta": 5.019821}}
{"target": 0.6714989137544395, "params": {"eta": 0.6943103968855989, "max_depth": 5.264025338144723, "n_estimators": 2.676748831092272}, "datetime": {"datetime": "2021-09-17 16:10:16", "elapsed": 1404.572975, "delta": 5.429469}}
{"target": 0.7178961658527616, "params": {"eta": 0.6836010288551686, "max_depth": 1.647542361647456, "n_estimators": 4.61130039669789}, "datetime": {"datetime": "2021-09-17 16:10:23", "elapsed": 1412.094185, "delta": 7.52121}}
{"target": 0.7679204002401381, "params": {"eta": 0.6958362300120555, "max_depth": 5.165111084718451, "n_estimators": 4.010086767745397}, "datetime": {"datetime": "2021-09-17 16:10:32", "elapsed": 1420.78948, "delta": 8.695295}}
{"target": 0.8225078171514466, "params": {"eta": 0.4916743417304153, "max_depth": 6.713240961787039, "n_estimators": 7.515064945948476}, "datetime": {"datetime": "2021-09-17 16:10:39", "elapsed": 1427.432374, "delta": 6.642894}}
{"target": 0.6135225366733547, "params": {"eta": 0.645308210233756, "max_depth": 4.326111766941502, "n_estimators": 2.847731816565335}, "datetime": {"datetime": "2021-09-17 16:10:45", "elapsed": 1434.092084, "delta": 6.65971}}
{"target": 0.7142720057577752, "params": {"eta": 0.7020332008724287, "max_depth": 2.031036279175147, "n_estimators": 4.755265889996015}, "datetime": {"datetime": "2021-09-17 16:10:49", "elapsed": 1437.425966, "delta": 3.333882}}
{"target": 0.7886438420935572, "params": {"eta": 0.6201884447777092, "max_depth": 3.38819282154744, "n_estimators": 7.926642514957546}, "datetime": {"datetime": "2021-09-17 16:10:54", "elapsed": 1442.802454, "delta": 5.376488}}
{"target": 0.7537054844779345, "params": {"eta": 0.8707520919303403, "max_depth": 8.100935876972514, "n_estimators": 3.2511130071271146}, "datetime": {"datetime": "2021-09-17 16:11:00", "elapsed": 1448.751675, "delta": 5.949221}}
{"target": 0.7799277177055814, "params": {"eta": 1.0, "max_depth": 3.3918979966675114, "n_estimators": 8.34486669528318}, "datetime": {"datetime": "2021-09-17 16:11:07", "elapsed": 1455.332708, "delta": 6.581033}}
{"target": 0.7477413841419251, "params": {"eta": 0.7374592583347694, "max_depth": 6.094154951810164, "n_estimators": 5.683036920086713}, "datetime": {"datetime": "2021-09-17 16:11:13", "elapsed": 1462.23581, "delta": 6.903102}}
{"target": 0.6863685934679704, "params": {"eta": 0.5604775541150623, "max_depth": 1.0, "n_estimators": 4.177382303005104}, "datetime": {"datetime": "2021-09-17 16:11:21", "elapsed": 1470.20143, "delta": 7.96562}}
{"target": 0.795154306507933, "params": {"eta": 1.0, "max_depth": 5.299809609260367, "n_estimators": 5.599076052635855}, "datetime": {"datetime": "2021-09-17 16:11:29", "elapsed": 1477.506426, "delta": 7.304996}}
{"target": 0.8470989986132723, "params": {"eta": 0.45838753075623034, "max_depth": 5.048823835643759, "n_estimators": 9.970668401606847}, "datetime": {"datetime": "2021-09-17 16:11:37", "elapsed": 1485.954214, "delta": 8.447788}}
{"target": 0.599651482103664, "params": {"eta": 0.2578770650166543, "max_depth": 8.065207725097284, "n_estimators": 6.737759381599299}, "datetime": {"datetime": "2021-09-17 16:11:47", "elapsed": 1495.417484, "delta": 9.46327}}
{"target": 0.7478186137141051, "params": {"eta": 0.6740129737312003, "max_depth": 1.7432006565348463, "n_estimators": 8.990681886559184}, "datetime": {"datetime": "2021-09-17 16:11:55", "elapsed": 1503.298358, "delta": 7.880874}}
{"target": 0.7887331065510698, "params": {"eta": 0.6166819781757544, "max_depth": 7.747700983636103, "n_estimators": 9.461881117321441}, "datetime": {"datetime": "2021-09-17 16:12:00", "elapsed": 1508.959796, "delta": 5.661438}}
{"target": 0.7681154794775475, "params": {"eta": 0.9933007467426508, "max_depth": 7.912749603136583, "n_estimators": 7.260270824271386}, "datetime": {"datetime": "2021-09-17 16:12:06", "elapsed": 1515.001152, "delta": 6.041356}}
{"target": 0.757986578660557, "params": {"eta": 1.0, "max_depth": 8.987105762596029, "n_estimators": 5.914831755560108}, "datetime": {"datetime": "2021-09-17 16:12:13", "elapsed": 1522.147721, "delta": 7.146569}}
{"target": 0.7792946044754389, "params": {"eta": 0.6892361356698391, "max_depth": 4.528965364958875, "n_estimators": 8.474159884256474}, "datetime": {"datetime": "2021-09-17 16:12:18", "elapsed": 1527.088587, "delta": 4.940866}}
{"target": 0.8019933515433685, "params": {"eta": 0.5030157370823252, "max_depth": 9.99696473634447, "n_estimators": 9.598857902254053}, "datetime": {"datetime": "2021-09-17 16:12:24", "elapsed": 1532.427138, "delta": 5.338551}}
{"target": -2.4349800831088912, "params": {"eta": 0.3027767562626811, "max_depth": 1.172326561291478, "n_estimators": 1.7123923800143703}, "datetime": {"datetime": "2021-09-17 16:12:27", "elapsed": 1535.962659, "delta": 3.535521}}
{"target": 0.7831650535541874, "params": {"eta": 1.0, "max_depth": 3.0962728658552225, "n_estimators": 9.290978594527232}, "datetime": {"datetime": "2021-09-17 16:12:33", "elapsed": 1541.361791, "delta": 5.399132}}
{"target": 0.7154718959321151, "params": {"eta": 0.8501507173444145, "max_depth": 1.2691952986372108, "n_estimators": 4.922213096681917}, "datetime": {"datetime": "2021-09-17 16:12:36", "elapsed": 1544.634029, "delta": 3.272238}}
{"target": 0.7688795952641703, "params": {"eta": 0.6971670850818068, "max_depth": 4.403482360829811, "n_estimators": 6.0094433296481435}, "datetime": {"datetime": "2021-09-17 16:12:42", "elapsed": 1550.728739, "delta": 6.09471}}
{"target": 0.6518085718878304, "params": {"eta": 0.9649102845059327, "max_depth": 1.3400216421239042, "n_estimators": 2.2528136643613412}, "datetime": {"datetime": "2021-09-17 16:12:49", "elapsed": 1557.698495, "delta": 6.969756}}
{"target": 0.7477645240306372, "params": {"eta": 0.675641081233159, "max_depth": 1.9714245634232634, "n_estimators": 8.182334905218337}, "datetime": {"datetime": "2021-09-17 16:12:52", "elapsed": 1561.022689, "delta": 3.324194}}
{"target": 0.7848141288644096, "params": {"eta": 0.6264369898272856, "max_depth": 6.756180874479512, "n_estimators": 8.363777714407512}, "datetime": {"datetime": "2021-09-17 16:12:58", "elapsed": 1567.079695, "delta": 6.057006}}
{"target": 0.8031319949232575, "params": {"eta": 0.5249075229646418, "max_depth": 8.365872480730863, "n_estimators": 6.5214109999839955}, "datetime": {"datetime": "2021-09-17 16:13:04", "elapsed": 1572.860843, "delta": 5.781148}}
{"target": 0.7733206116833531, "params": {"eta": 1.0, "max_depth": 2.5670770138962693, "n_estimators": 10.0}, "datetime": {"datetime": "2021-09-17 16:13:14", "elapsed": 1582.33622, "delta": 9.475377}}
{"target": 0.8392242375492629, "params": {"eta": 0.40273065798506347, "max_depth": 5.428328551428903, "n_estimators": 9.096276227164454}, "datetime": {"datetime": "2021-09-17 16:13:19", "elapsed": 1587.615952, "delta": 5.279732}}
{"target": 0.8102839126145409, "params": {"eta": 0.7109367761939627, "max_depth": 8.66795352265523, "n_estimators": 7.183873754542233}, "datetime": {"datetime": "2021-09-17 16:13:22", "elapsed": 1591.141483, "delta": 3.525531}}
{"target": 0.7709560101423226, "params": {"eta": 0.6892258942040763, "max_depth": 7.2626299272500425, "n_estimators": 6.256610868792348}, "datetime": {"datetime": "2021-09-17 16:13:30", "elapsed": 1598.575431, "delta": 7.433948}}
{"target": 0.7967891619373936, "params": {"eta": 0.884544825134316, "max_depth": 6.836929099865365, "n_estimators": 6.042866059327708}, "datetime": {"datetime": "2021-09-17 16:13:33", "elapsed": 1601.871834, "delta": 3.296403}}
{"target": -1.1461824640241365, "params": {"eta": 0.46795676213794984, "max_depth": 2.9659184403738563, "n_estimators": 1.7856513390934572}, "datetime": {"datetime": "2021-09-17 16:13:36", "elapsed": 1605.139756, "delta": 3.267922}}
{"target": -1.8716201842807467, "params": {"eta": 0.050187705228022766, "max_depth": 1.169897628403275, "n_estimators": 9.970310191164103}, "datetime": {"datetime": "2021-09-17 16:13:39", "elapsed": 1608.164535, "delta": 3.024779}}
{"target": 0.7385687038885648, "params": {"eta": 1.0, "max_depth": 10.0, "n_estimators": 10.0}, "datetime": {"datetime": "2021-09-17 16:13:46", "elapsed": 1614.931918, "delta": 6.767383}}
