{"target": -2.916919809266141, "params": {"eta": 0.10660372104089597, "max_depth": 11.717936958868963, "n_estimators": 24.405100309002833}, "datetime": {"datetime": "2021-09-17 13:35:51", "elapsed": 218.547636, "delta": 1.785675}}
{"target": -2.375900459916968, "params": {"eta": 0.2, "max_depth": 14.159441080082985, "n_estimators": 24.080081331113078}, "datetime": {"datetime": "2021-09-17 13:35:53", "elapsed": 220.283061, "delta": 1.735425}}
{"target": -2.882225816500814, "params": {"eta": 0.10396735109560926, "max_depth": 14.252339234923065, "n_estimators": 24.11110688819906}, "datetime": {"datetime": "2021-09-17 13:35:54", "elapsed": 221.812447, "delta": 1.529386}}
{"target": -2.368913169283616, "params": {"eta": 0.19067050637527785, "max_depth": 14.290997219121465, "n_estimators": 23.685872163988506}, "datetime": {"datetime": "2021-09-17 13:35:56", "elapsed": 223.439361, "delta": 1.626914}}
{"target": -2.2918146233809624, "params": {"eta": 0.19421625385086538, "max_depth": 11.614065686728265, "n_estimators": 24.24205051793942}, "datetime": {"datetime": "2021-09-17 13:35:58", "elapsed": 225.24272, "delta": 1.803359}}
{"target": -4.043542732063092, "params": {"eta": 0.09929222045442493, "max_depth": 13.159926900634247, "n_estimators": 19.947607371380872}, "datetime": {"datetime": "2021-09-17 13:35:59", "elapsed": 226.745282, "delta": 1.502562}}
{"target": -2.4572224271924874, "params": {"eta": 0.17990912213305527, "max_depth": 14.62940649954254, "n_estimators": 23.91788800763196}, "datetime": {"datetime": "2021-09-17 13:36:01", "elapsed": 228.414961, "delta": 1.669679}}
{"target": -2.359601739205812, "params": {"eta": 0.19690933420002837, "max_depth": 12.222647471580263, "n_estimators": 24.23658917333153}, "datetime": {"datetime": "2021-09-17 13:36:03", "elapsed": 230.220687, "delta": 1.805726}}
{"target": -2.3720945295534634, "params": {"eta": 0.19980719813749825, "max_depth": 11.55487367921773, "n_estimators": 24.455395197852262}, "datetime": {"datetime": "2021-09-17 13:36:04", "elapsed": 231.729701, "delta": 1.509014}}
{"target": -3.732267374741404, "params": {"eta": 0.09193574895691016, "max_depth": 13.822991143001435, "n_estimators": 22.576213052608583}, "datetime": {"datetime": "2021-09-17 13:36:06", "elapsed": 233.342355, "delta": 1.612654}}
{"target": -2.4272040743576855, "params": {"eta": 0.19883169190019867, "max_depth": 16.538795338223462, "n_estimators": 18.386485977919104}, "datetime": {"datetime": "2021-09-17 13:36:07", "elapsed": 234.26308, "delta": 0.920725}}
{"target": -2.337236710598594, "params": {"eta": 0.19991914725454105, "max_depth": 13.990567822858406, "n_estimators": 22.557616525950554}, "datetime": {"datetime": "2021-09-17 13:36:08", "elapsed": 235.534595, "delta": 1.271515}}
{"target": -2.3710408624849824, "params": {"eta": 0.2, "max_depth": 12.219612604011054, "n_estimators": 23.907755132029745}, "datetime": {"datetime": "2021-09-17 13:36:10", "elapsed": 237.136177, "delta": 1.601582}}
{"target": -3.172339856624603, "params": {"eta": 0.10012648976523388, "max_depth": 14.310857183321556, "n_estimators": 23.759254761725032}, "datetime": {"datetime": "2021-09-17 13:36:11", "elapsed": 238.515542, "delta": 1.379365}}
{"target": -2.3592905270425897, "params": {"eta": 0.2, "max_depth": 11.969957189472096, "n_estimators": 24.564288065173606}, "datetime": {"datetime": "2021-09-17 13:36:12", "elapsed": 239.837565, "delta": 1.322023}}
{"target": -2.4713449101699028, "params": {"eta": 0.16776012803097487, "max_depth": 12.238423751119619, "n_estimators": 22.975305389505376}, "datetime": {"datetime": "2021-09-17 13:36:14", "elapsed": 241.590666, "delta": 1.753101}}
{"target": -2.3823616090573765, "params": {"eta": 0.2, "max_depth": 12.171121617817972, "n_estimators": 22.25030319191386}, "datetime": {"datetime": "2021-09-17 13:36:16", "elapsed": 243.363006, "delta": 1.77234}}
{"target": -2.3423254822429853, "params": {"eta": 0.19160041697073182, "max_depth": 12.062306003540918, "n_estimators": 23.74958159426094}, "datetime": {"datetime": "2021-09-17 13:36:17", "elapsed": 245.024142, "delta": 1.661136}}
{"target": -2.3808864725263494, "params": {"eta": 0.19996072423078587, "max_depth": 15.60018121013282, "n_estimators": 24.883620722159634}, "datetime": {"datetime": "2021-09-17 13:36:19", "elapsed": 246.553359, "delta": 1.529217}}
{"target": -2.370350955661974, "params": {"eta": 0.1440493361644107, "max_depth": 12.217702490099324, "n_estimators": 24.582604616655388}, "datetime": {"datetime": "2021-09-17 13:36:20", "elapsed": 247.579414, "delta": 1.026055}}
{"target": -2.4151794891608387, "params": {"eta": 0.19970991388096374, "max_depth": 11.373859026536586, "n_estimators": 19.683389058157317}, "datetime": {"datetime": "2021-09-17 13:36:21", "elapsed": 248.862026, "delta": 1.282612}}
{"target": -3.2876232448377105, "params": {"eta": 0.09384744768005261, "max_depth": 12.196029590024812, "n_estimators": 24.701745125478034}, "datetime": {"datetime": "2021-09-17 13:36:23", "elapsed": 250.254028, "delta": 1.392002}}
{"target": -2.283475895304429, "params": {"eta": 0.19616308462164503, "max_depth": 14.259255512034526, "n_estimators": 22.31947023849751}, "datetime": {"datetime": "2021-09-17 13:36:25", "elapsed": 252.062259, "delta": 1.808231}}
{"target": -2.337999070945539, "params": {"eta": 0.15261974970230996, "max_depth": 13.200838762909619, "n_estimators": 23.0264283836211}, "datetime": {"datetime": "2021-09-17 13:36:26", "elapsed": 253.099259, "delta": 1.037}}
{"target": -3.120643350325133, "params": {"eta": 0.10496513495969585, "max_depth": 14.308169818400161, "n_estimators": 22.34975763805974}, "datetime": {"datetime": "2021-09-17 13:36:27", "elapsed": 254.721127, "delta": 1.621868}}
{"target": -2.3471721059397646, "params": {"eta": 0.19875588420372417, "max_depth": 14.171802433045137, "n_estimators": 23.10451353219611}, "datetime": {"datetime": "2021-09-17 13:36:29", "elapsed": 256.193709, "delta": 1.472582}}
{"target": -3.281053927697633, "params": {"eta": 0.11454837590154711, "max_depth": 11.225348156020459, "n_estimators": 19.57681102746899}, "datetime": {"datetime": "2021-09-17 13:36:30", "elapsed": 257.69107, "delta": 1.497361}}
{"target": -2.3827745224300183, "params": {"eta": 0.19730704552943595, "max_depth": 11.94518157161426, "n_estimators": 18.664720006495124}, "datetime": {"datetime": "2021-09-17 13:36:31", "elapsed": 258.720199, "delta": 1.029129}}
{"target": -2.7366924950951024, "params": {"eta": 0.1485057187983165, "max_depth": 12.347663909370354, "n_estimators": 18.034190361798824}, "datetime": {"datetime": "2021-09-17 13:36:32", "elapsed": 259.733034, "delta": 1.012835}}
{"target": -2.589286160469055, "params": {"eta": 0.1321416227799133, "max_depth": 15.22204972109852, "n_estimators": 22.931186183380145}, "datetime": {"datetime": "2021-09-17 13:36:33", "elapsed": 260.791282, "delta": 1.058248}}
{"target": -3.0426709030803885, "params": {"eta": 0.10832069585541937, "max_depth": 13.05907431104263, "n_estimators": 22.62169497304187}, "datetime": {"datetime": "2021-09-17 13:36:35", "elapsed": 263.016111, "delta": 2.224829}}
{"target": -2.3335018001104655, "params": {"eta": 0.18392890475269247, "max_depth": 11.537054739684805, "n_estimators": 24.875245042336587}, "datetime": {"datetime": "2021-09-17 13:36:37", "elapsed": 264.944196, "delta": 1.928085}}
{"target": -2.324336727669365, "params": {"eta": 0.18323137842822823, "max_depth": 14.338521000458002, "n_estimators": 24.058965337658165}, "datetime": {"datetime": "2021-09-17 13:36:39", "elapsed": 266.718163, "delta": 1.773967}}
{"target": -2.3852108001708987, "params": {"eta": 0.2, "max_depth": 14.224482379415846, "n_estimators": 22.222078964422664}, "datetime": {"datetime": "2021-09-17 13:36:41", "elapsed": 268.582523, "delta": 1.86436}}
{"target": -2.3742728979964003, "params": {"eta": 0.15987964706879976, "max_depth": 11.845481148026625, "n_estimators": 24.060468722359627}, "datetime": {"datetime": "2021-09-17 13:36:43", "elapsed": 270.083039, "delta": 1.500516}}
{"target": -2.972367629879399, "params": {"eta": 0.1092760597575167, "max_depth": 14.233261708509563, "n_estimators": 23.43345569503805}, "datetime": {"datetime": "2021-09-17 13:36:44", "elapsed": 271.470405, "delta": 1.387366}}
{"target": -2.358651149900336, "params": {"eta": 0.15695602082007423, "max_depth": 12.308354423393919, "n_estimators": 24.166573485369025}, "datetime": {"datetime": "2021-09-17 13:36:46", "elapsed": 273.357259, "delta": 1.886854}}
{"target": -2.3592905270425897, "params": {"eta": 0.2, "max_depth": 11.800451960730648, "n_estimators": 24.70245504642086}, "datetime": {"datetime": "2021-09-17 13:36:48", "elapsed": 275.231778, "delta": 1.874519}}
{"target": -2.6388146268694026, "params": {"eta": 0.16401132339944913, "max_depth": 11.76238040640444, "n_estimators": 19.76505466116122}, "datetime": {"datetime": "2021-09-17 13:36:49", "elapsed": 276.225823, "delta": 0.994045}}
{"target": -2.4497323594595257, "params": {"eta": 0.2, "max_depth": 13.537605701237089, "n_estimators": 20.80462341842708}, "datetime": {"datetime": "2021-09-17 13:36:50", "elapsed": 277.73641, "delta": 1.510587}}
{"target": -2.400958599542317, "params": {"eta": 0.2, "max_depth": 12.834608416258702, "n_estimators": 20.115552355883736}, "datetime": {"datetime": "2021-09-17 13:36:52", "elapsed": 279.655152, "delta": 1.918742}}
{"target": -2.505640588936053, "params": {"eta": 0.12938642127962446, "max_depth": 15.766283595391286, "n_estimators": 23.628799537690348}, "datetime": {"datetime": "2021-09-17 13:36:53", "elapsed": 280.816663, "delta": 1.161511}}
{"target": -2.741002102902061, "params": {"eta": 0.11575332627862271, "max_depth": 14.704082775346864, "n_estimators": 23.754356919896736}, "datetime": {"datetime": "2021-09-17 13:36:55", "elapsed": 282.849135, "delta": 2.032472}}
{"target": -2.3823616090573765, "params": {"eta": 0.2, "max_depth": 12.93425554003154, "n_estimators": 22.697162076699964}, "datetime": {"datetime": "2021-09-17 13:36:57", "elapsed": 284.189292, "delta": 1.340157}}
{"target": -2.380228826874181, "params": {"eta": 0.2, "max_depth": 14.26817260151921, "n_estimators": 23.192452870497387}, "datetime": {"datetime": "2021-09-17 13:36:58", "elapsed": 285.894288, "delta": 1.704996}}
{"target": -2.3650044604351645, "params": {"eta": 0.16185163047965917, "max_depth": 14.087809804763442, "n_estimators": 23.56240750660672}, "datetime": {"datetime": "2021-09-17 13:37:00", "elapsed": 287.568124, "delta": 1.673836}}
{"target": -2.3823616090573765, "params": {"eta": 0.2, "max_depth": 12.464548432067922, "n_estimators": 22.056383469646466}, "datetime": {"datetime": "2021-09-17 13:37:02", "elapsed": 289.485583, "delta": 1.917459}}
{"target": -2.3584364928697283, "params": {"eta": 0.1990915285763572, "max_depth": 14.675204866194298, "n_estimators": 23.526853690304247}, "datetime": {"datetime": "2021-09-17 13:37:03", "elapsed": 291.00569, "delta": 1.520107}}
{"target": -2.707415041170622, "params": {"eta": 0.11158430979749775, "max_depth": 11.980578086235719, "n_estimators": 24.210058364593156}, "datetime": {"datetime": "2021-09-17 13:37:06", "elapsed": 293.436397, "delta": 2.430707}}
{"target": -2.349498443227065, "params": {"eta": 0.2, "max_depth": 10.936456507836656, "n_estimators": 21.321662102568073}, "datetime": {"datetime": "2021-09-17 13:37:08", "elapsed": 295.375905, "delta": 1.939508}}
{"target": -2.3759455862798187, "params": {"eta": 0.19177839733115778, "max_depth": 15.43925424803383, "n_estimators": 22.23393546766062}, "datetime": {"datetime": "2021-09-17 13:37:09", "elapsed": 296.504462, "delta": 1.128557}}
{"target": -3.262320426263307, "params": {"eta": 0.11203166363576764, "max_depth": 15.034108332763996, "n_estimators": 20.018803539662255}, "datetime": {"datetime": "2021-09-17 13:37:10", "elapsed": 297.618248, "delta": 1.113786}}
{"target": -2.4904075597461897, "params": {"eta": 0.13723281768331816, "max_depth": 15.459522132423889, "n_estimators": 24.329904370923558}, "datetime": {"datetime": "2021-09-17 13:37:11", "elapsed": 298.806638, "delta": 1.18839}}
{"target": -2.3684963301608435, "params": {"eta": 0.1913601469865261, "max_depth": 14.39087154689684, "n_estimators": 23.678557269886344}, "datetime": {"datetime": "2021-09-17 13:37:14", "elapsed": 301.181575, "delta": 2.374937}}
{"target": -2.285856182951676, "params": {"eta": 0.1976954389610175, "max_depth": 13.005893313089679, "n_estimators": 20.110547377786162}, "datetime": {"datetime": "2021-09-17 13:37:16", "elapsed": 303.104164, "delta": 1.922589}}
{"target": -2.709838544695001, "params": {"eta": 0.1385644338183383, "max_depth": 13.450846170520604, "n_estimators": 20.73783598594909}, "datetime": {"datetime": "2021-09-17 13:37:18", "elapsed": 305.48239, "delta": 2.378226}}
{"target": -3.9311530947685243, "params": {"eta": 0.09641348235688052, "max_depth": 13.224172151890699, "n_estimators": 20.969433245693843}, "datetime": {"datetime": "2021-09-17 13:37:19", "elapsed": 306.621181, "delta": 1.138791}}
{"target": -2.3440046467279134, "params": {"eta": 0.1954086317930841, "max_depth": 11.461768589955632, "n_estimators": 24.778425738378168}, "datetime": {"datetime": "2021-09-17 13:37:21", "elapsed": 308.763321, "delta": 2.14214}}
{"target": -2.4251229524612428, "params": {"eta": 0.2, "max_depth": 13.599837434795532, "n_estimators": 22.61069142170003}, "datetime": {"datetime": "2021-09-17 13:37:24", "elapsed": 311.065198, "delta": 2.301877}}
{"target": -2.3841303775185034, "params": {"eta": 0.19677543299435452, "max_depth": 15.885476726370616, "n_estimators": 20.12472048278218}, "datetime": {"datetime": "2021-09-17 13:37:25", "elapsed": 312.339261, "delta": 1.274063}}
{"target": -2.3521661419617503, "params": {"eta": 0.19701744822513995, "max_depth": 11.260548085250974, "n_estimators": 21.20955533299477}, "datetime": {"datetime": "2021-09-17 13:37:27", "elapsed": 314.409505, "delta": 2.070244}}
{"target": -3.2542894306935763, "params": {"eta": 0.10623643722528672, "max_depth": 10.942340591632435, "n_estimators": 21.021505620247652}, "datetime": {"datetime": "2021-09-17 13:37:29", "elapsed": 316.203355, "delta": 1.79385}}
{"target": -3.0452206479875663, "params": {"eta": 0.10360341178131899, "max_depth": 14.196031352634437, "n_estimators": 23.165500696633444}, "datetime": {"datetime": "2021-09-17 13:37:31", "elapsed": 318.427172, "delta": 2.223817}}
{"target": -2.5150224760959023, "params": {"eta": 0.13206057421257758, "max_depth": 12.385528211008543, "n_estimators": 24.755239901253862}, "datetime": {"datetime": "2021-09-17 13:37:33", "elapsed": 320.340128, "delta": 1.912956}}
{"target": -2.3725884450109382, "params": {"eta": 0.19133062428592335, "max_depth": 12.39324957660442, "n_estimators": 23.652778200301956}, "datetime": {"datetime": "2021-09-17 13:37:35", "elapsed": 322.066096, "delta": 1.725968}}
{"target": -2.2743201349910938, "params": {"eta": 0.17367163528507018, "max_depth": 14.120524424123335, "n_estimators": 23.706136424275474}, "datetime": {"datetime": "2021-09-17 13:37:37", "elapsed": 324.382876, "delta": 2.31678}}
{"target": -2.4402545276441074, "params": {"eta": 0.14382727959281597, "max_depth": 16.0756881137623, "n_estimators": 23.482678161593725}, "datetime": {"datetime": "2021-09-17 13:37:38", "elapsed": 325.659723, "delta": 1.276847}}
{"target": -2.2856988862941137, "params": {"eta": 0.1928790042580122, "max_depth": 11.957447663451127, "n_estimators": 24.349880205656444}, "datetime": {"datetime": "2021-09-17 13:37:40", "elapsed": 327.692832, "delta": 2.033109}}
{"target": -2.483527529239655, "params": {"eta": 0.17645832523934707, "max_depth": 16.62200803588477, "n_estimators": 19.966503912343022}, "datetime": {"datetime": "2021-09-17 13:37:41", "elapsed": 328.927133, "delta": 1.234301}}
{"target": -2.3592905270425897, "params": {"eta": 0.2, "max_depth": 11.46571905379098, "n_estimators": 24.66297276475294}, "datetime": {"datetime": "2021-09-17 13:37:44", "elapsed": 331.355516, "delta": 2.428383}}
{"target": -2.327868053787633, "params": {"eta": 0.18655476569135837, "max_depth": 11.633401117898721, "n_estimators": 22.293924107869827}, "datetime": {"datetime": "2021-09-17 13:37:45", "elapsed": 332.650882, "delta": 1.295366}}
{"target": -2.502822037747032, "params": {"eta": 0.13221890943363934, "max_depth": 11.931644392384513, "n_estimators": 24.558657581659897}, "datetime": {"datetime": "2021-09-17 13:37:46", "elapsed": 333.877463, "delta": 1.226581}}
{"target": -3.183016457683162, "params": {"eta": 0.09847229031567917, "max_depth": 14.03523871121119, "n_estimators": 23.66965600308172}, "datetime": {"datetime": "2021-09-17 13:37:48", "elapsed": 335.898929, "delta": 2.021466}}
{"target": -2.5196318745613095, "params": {"eta": 0.1744417384743301, "max_depth": 11.993254465344071, "n_estimators": 18.21775984196418}, "datetime": {"datetime": "2021-09-17 13:37:50", "elapsed": 337.117806, "delta": 1.218877}}
{"target": -2.9756923882584823, "params": {"eta": 0.13416460228316807, "max_depth": 13.374335946437085, "n_estimators": 18.912898771117263}, "datetime": {"datetime": "2021-09-17 13:37:52", "elapsed": 339.301282, "delta": 2.183476}}
{"target": -2.5118140597092475, "params": {"eta": 0.13208834548408538, "max_depth": 10.543030558663053, "n_estimators": 24.925393600954827}, "datetime": {"datetime": "2021-09-17 13:37:53", "elapsed": 340.536689, "delta": 1.235407}}
{"target": -2.6103405124262755, "params": {"eta": 0.12270212291444295, "max_depth": 10.438244665518685, "n_estimators": 24.837993271567854}, "datetime": {"datetime": "2021-09-17 13:37:54", "elapsed": 341.782254, "delta": 1.245565}}
{"target": -2.3818807056075655, "params": {"eta": 0.17178348759689682, "max_depth": 14.530829106452527, "n_estimators": 21.991989691364626}, "datetime": {"datetime": "2021-09-17 13:37:56", "elapsed": 343.043823, "delta": 1.261569}}
{"target": -2.380228826874181, "params": {"eta": 0.2, "max_depth": 14.114840748216746, "n_estimators": 23.810369981327977}, "datetime": {"datetime": "2021-09-17 13:37:58", "elapsed": 345.112119, "delta": 2.068296}}
{"target": -2.667448295417585, "params": {"eta": 0.15352731493215213, "max_depth": 13.249764521271508, "n_estimators": 18.801921565870142}, "datetime": {"datetime": "2021-09-17 13:38:00", "elapsed": 347.205777, "delta": 2.093658}}
{"target": -3.548860838538722, "params": {"eta": 0.09984716535455783, "max_depth": 11.627015410126273, "n_estimators": 21.423800409031752}, "datetime": {"datetime": "2021-09-17 13:38:01", "elapsed": 348.447594, "delta": 1.241817}}
{"target": -2.3036920949032433, "params": {"eta": 0.15938694957319866, "max_depth": 15.393679911072732, "n_estimators": 24.70171678296446}, "datetime": {"datetime": "2021-09-17 13:38:04", "elapsed": 351.242935, "delta": 2.795341}}
{"target": -3.0973850714532953, "params": {"eta": 0.10709156252718481, "max_depth": 13.174724903802911, "n_estimators": 22.655091127683058}, "datetime": {"datetime": "2021-09-17 13:38:05", "elapsed": 352.567908, "delta": 1.324973}}
{"target": -2.3757323183511434, "params": {"eta": 0.1986701496962355, "max_depth": 16.167896541984714, "n_estimators": 20.99578843992099}, "datetime": {"datetime": "2021-09-17 13:38:06", "elapsed": 353.923787, "delta": 1.355879}}
{"target": -3.408737375234303, "params": {"eta": 0.09059146437595482, "max_depth": 15.486334383315473, "n_estimators": 24.681710088364074}, "datetime": {"datetime": "2021-09-17 13:38:08", "elapsed": 355.804836, "delta": 1.881049}}
{"target": -2.3346710217626474, "params": {"eta": 0.17762060061633125, "max_depth": 15.332955059926386, "n_estimators": 24.62590445370756}, "datetime": {"datetime": "2021-09-17 13:38:11", "elapsed": 358.168352, "delta": 2.363516}}
{"target": -2.375900459916968, "params": {"eta": 0.2, "max_depth": 14.932258950463227, "n_estimators": 24.615700774629587}, "datetime": {"datetime": "2021-09-17 13:38:13", "elapsed": 360.423933, "delta": 2.255581}}
{"target": -2.359792443325645, "params": {"eta": 0.17244808689903407, "max_depth": 15.287558239118587, "n_estimators": 24.721130609961193}, "datetime": {"datetime": "2021-09-17 13:38:15", "elapsed": 362.893208, "delta": 2.469275}}
{"target": -2.3747540762549955, "params": {"eta": 0.1646337747311905, "max_depth": 13.567238862636788, "n_estimators": 23.651336499264854}, "datetime": {"datetime": "2021-09-17 13:38:17", "elapsed": 364.273096, "delta": 1.379888}}
{"target": -3.137077564942209, "params": {"eta": 0.09676925489260683, "max_depth": 11.438819213578418, "n_estimators": 24.71312532681391}, "datetime": {"datetime": "2021-09-17 13:38:19", "elapsed": 366.520775, "delta": 2.247679}}
{"target": -2.3723727433305037, "params": {"eta": 0.2, "max_depth": 10.90395636493972, "n_estimators": 20.84281763188784}, "datetime": {"datetime": "2021-09-17 13:38:21", "elapsed": 368.930134, "delta": 2.409359}}
{"target": -2.282530326592295, "params": {"eta": 0.19613197436587068, "max_depth": 13.905958501655583, "n_estimators": 22.642821117277435}, "datetime": {"datetime": "2021-09-17 13:38:23", "elapsed": 370.823911, "delta": 1.893777}}
{"target": -2.2921557947209004, "params": {"eta": 0.19372312014552032, "max_depth": 11.07458937807779, "n_estimators": 20.67685568614582}, "datetime": {"datetime": "2021-09-17 13:38:25", "elapsed": 372.123249, "delta": 1.299338}}
{"target": -2.8011849767283388, "params": {"eta": 0.13214719106658349, "max_depth": 10.99628341316656, "n_estimators": 20.644422487406956}, "datetime": {"datetime": "2021-09-17 13:38:26", "elapsed": 373.816066, "delta": 1.692817}}
{"target": -4.375365502583352, "params": {"eta": 0.09866411064766789, "max_depth": 12.687331167650587, "n_estimators": 18.552026441822665}, "datetime": {"datetime": "2021-09-17 13:38:27", "elapsed": 375.015205, "delta": 1.199139}}
{"target": -2.302213370172601, "params": {"eta": 0.19625557218885592, "max_depth": 13.096024778287783, "n_estimators": 22.986522163530775}, "datetime": {"datetime": "2021-09-17 13:38:30", "elapsed": 377.048425, "delta": 2.03322}}
