{"target": -2.376926719514947, "params": {"eta": 0.19886215822510428, "max_depth": 5.088563507056902, "n_estimators": 64.37653523214203}, "datetime": {"datetime": "2021-09-21 15:53:13", "elapsed": 860.918222, "delta": 8.722903}}
{"target": -2.4267017628017227, "params": {"eta": 0.14245849693934376, "max_depth": 5.356680601872668, "n_estimators": 64.3412018778897}, "datetime": {"datetime": "2021-09-21 15:53:20", "elapsed": 868.313355, "delta": 7.395133}}
{"target": -2.4559077639328803, "params": {"eta": 0.2183124509304709, "max_depth": 11.549531999755892, "n_estimators": 63.46051777393842}, "datetime": {"datetime": "2021-09-21 15:53:25", "elapsed": 873.258085, "delta": 4.94473}}
{"target": -2.810919529513309, "params": {"eta": 0.49827401068994814, "max_depth": 3.3463671225172815, "n_estimators": 52.51026018904027}, "datetime": {"datetime": "2021-09-21 15:53:33", "elapsed": 881.100636, "delta": 7.842551}}
{"target": -2.410968616134242, "params": {"eta": 0.18177520168914552, "max_depth": 5.0601949900370125, "n_estimators": 64.45818282964262}, "datetime": {"datetime": "2021-09-21 15:53:40", "elapsed": 887.908077, "delta": 6.807441}}
{"target": -2.4994793157828483, "params": {"eta": 0.20360337900592457, "max_depth": 5.193196299818496, "n_estimators": 44.682398012077314}, "datetime": {"datetime": "2021-09-21 15:53:49", "elapsed": 896.780157, "delta": 8.87208}}
{"target": -2.5366179987003927, "params": {"eta": 0.33942810403136203, "max_depth": 9.323073168258958, "n_estimators": 57.27723353523263}, "datetime": {"datetime": "2021-09-21 15:53:52", "elapsed": 899.885755, "delta": 3.105598}}
{"target": -2.636691648081729, "params": {"eta": 0.4678831158828147, "max_depth": 8.792323890049138, "n_estimators": 40.870794675123626}, "datetime": {"datetime": "2021-09-21 15:53:56", "elapsed": 903.643277, "delta": 3.757522}}
{"target": -2.631701091716164, "params": {"eta": 0.23938919447203333, "max_depth": 23.75515301807476, "n_estimators": 48.44529063142187}, "datetime": {"datetime": "2021-09-21 15:54:05", "elapsed": 912.606006, "delta": 8.962729}}
{"target": -2.485872266794506, "params": {"eta": 0.24678342602075243, "max_depth": 3.5469712776369264, "n_estimators": 56.86223041642236}, "datetime": {"datetime": "2021-09-21 15:54:12", "elapsed": 919.997711, "delta": 7.391705}}
{"target": -2.5080485136885393, "params": {"eta": 0.21998403499752145, "max_depth": 5.80424180704019, "n_estimators": 64.18232002461932}, "datetime": {"datetime": "2021-09-21 15:54:20", "elapsed": 928.032539, "delta": 8.034828}}
{"target": -2.690289360598514, "params": {"eta": 0.05410901610151292, "max_depth": 7.686222261652487, "n_estimators": 58.00308657973419}, "datetime": {"datetime": "2021-09-21 15:54:26", "elapsed": 933.785341, "delta": 5.752802}}
{"target": -2.3409532998737537, "params": {"eta": 0.1709720870833748, "max_depth": 5.076114516531669, "n_estimators": 50.24960733283151}, "datetime": {"datetime": "2021-09-21 15:54:31", "elapsed": 939.168576, "delta": 5.383235}}
{"target": -2.278726043826655, "params": {"eta": 0.3512694707823444, "max_depth": 3.4328279385532947, "n_estimators": 52.90407335385507}, "datetime": {"datetime": "2021-09-21 15:54:39", "elapsed": 947.008167, "delta": 7.839591}}
{"target": -2.3672551468798986, "params": {"eta": 0.19102519075175362, "max_depth": 5.111979115267843, "n_estimators": 64.65071360781917}, "datetime": {"datetime": "2021-09-21 15:54:46", "elapsed": 953.790884, "delta": 6.782717}}
{"target": -2.5138541535327303, "params": {"eta": 0.43498614242418787, "max_depth": 13.313347560806026, "n_estimators": 51.76342335171415}, "datetime": {"datetime": "2021-09-21 15:54:50", "elapsed": 957.409263, "delta": 3.618379}}
{"target": -2.534429527583875, "params": {"eta": 0.2289768205719767, "max_depth": 5.534164540915283, "n_estimators": 64.27336179802596}, "datetime": {"datetime": "2021-09-21 15:54:59", "elapsed": 967.16788, "delta": 9.758617}}
{"target": -2.449488814253556, "params": {"eta": 0.1265959758785063, "max_depth": 5.099608116177098, "n_estimators": 64.60740346505003}, "datetime": {"datetime": "2021-09-21 15:55:06", "elapsed": 974.125919, "delta": 6.958039}}
{"target": -2.4440299090586213, "params": {"eta": 0.24780563493621693, "max_depth": 5.202370188723339, "n_estimators": 64.57520098427302}, "datetime": {"datetime": "2021-09-21 15:55:14", "elapsed": 982.190134, "delta": 8.064215}}
{"target": -2.601421932797683, "params": {"eta": 0.17833990388969861, "max_depth": 12.80317130205736, "n_estimators": 49.312693717645196}, "datetime": {"datetime": "2021-09-21 15:55:24", "elapsed": 991.907409, "delta": 9.717275}}
{"target": -2.363873610998455, "params": {"eta": 0.23694647310006445, "max_depth": 5.1675113660184735, "n_estimators": 50.05690263440577}, "datetime": {"datetime": "2021-09-21 15:55:32", "elapsed": 999.542414, "delta": 7.635005}}
{"target": -2.368657418928648, "params": {"eta": 0.1874370135139028, "max_depth": 5.207731941210138, "n_estimators": 64.4056034375413}, "datetime": {"datetime": "2021-09-21 15:55:38", "elapsed": 1005.974181, "delta": 6.431767}}
{"target": -2.263565899823841, "params": {"eta": 0.15997348700755207, "max_depth": 5.522668091398862, "n_estimators": 64.20169820915096}, "datetime": {"datetime": "2021-09-21 15:55:44", "elapsed": 1011.860241, "delta": 5.88606}}
{"target": -2.553002529395254, "params": {"eta": 0.36570678985854566, "max_depth": 16.99021987013506, "n_estimators": 52.59080277030856}, "datetime": {"datetime": "2021-09-21 15:55:48", "elapsed": 1015.345328, "delta": 3.485087}}
{"target": -2.486279759908977, "params": {"eta": 0.2608143489103852, "max_depth": 9.641484951571208, "n_estimators": 62.99505180027279}, "datetime": {"datetime": "2021-09-21 15:55:59", "elapsed": 1027.004999, "delta": 11.659671}}
{"target": -2.7860910202327527, "params": {"eta": 0.40376934849609836, "max_depth": 23.589286637344877, "n_estimators": 51.0945869404243}, "datetime": {"datetime": "2021-09-21 15:56:04", "elapsed": 1031.434304, "delta": 4.429305}}
{"target": -2.467812467876233, "params": {"eta": 0.27671771020875563, "max_depth": 5.116905085725407, "n_estimators": 50.17286638171017}, "datetime": {"datetime": "2021-09-21 15:56:11", "elapsed": 1038.352631, "delta": 6.918327}}
{"target": -2.67434514070812, "params": {"eta": 0.489926931048858, "max_depth": 3.5814244704581117, "n_estimators": 56.82690526808982}, "datetime": {"datetime": "2021-09-21 15:56:18", "elapsed": 1045.546516, "delta": 7.193885}}
{"target": -2.5943249413841647, "params": {"eta": 0.43347497859714457, "max_depth": 19.71326273587436, "n_estimators": 48.65786650295712}, "datetime": {"datetime": "2021-09-21 15:56:22", "elapsed": 1049.949416, "delta": 4.4029}}
{"target": -2.413689165993741, "params": {"eta": 0.09472143014651482, "max_depth": 5.529891290681758, "n_estimators": 64.11272266801984}, "datetime": {"datetime": "2021-09-21 15:56:29", "elapsed": 1056.730339, "delta": 6.780923}}
{"target": -2.270193520972603, "params": {"eta": 0.1465539097555229, "max_depth": 5.825928960386456, "n_estimators": 64.45999842382258}, "datetime": {"datetime": "2021-09-21 15:56:37", "elapsed": 1064.526956, "delta": 7.796617}}
{"target": -2.4790530493384915, "params": {"eta": 0.1272468170119053, "max_depth": 29.94976547928753, "n_estimators": 49.19003041013038}, "datetime": {"datetime": "2021-09-21 15:56:42", "elapsed": 1069.584515, "delta": 5.057559}}
{"target": -2.4016480822312203, "params": {"eta": 0.13578742333600902, "max_depth": 5.028133766732389, "n_estimators": 50.00610269910845}, "datetime": {"datetime": "2021-09-21 15:56:47", "elapsed": 1075.33832, "delta": 5.753805}}
{"target": -2.45011171290749, "params": {"eta": 0.1585717341086669, "max_depth": 5.07223962444917, "n_estimators": 50.183876812045455}, "datetime": {"datetime": "2021-09-21 15:56:56", "elapsed": 1083.785646, "delta": 8.447326}}
{"target": -2.4844517751743918, "params": {"eta": 0.38945560353209624, "max_depth": 5.227884959176578, "n_estimators": 44.72576277070025}, "datetime": {"datetime": "2021-09-21 15:57:05", "elapsed": 1093.237638, "delta": 9.451992}}
{"target": -2.4335766798571536, "params": {"eta": 0.22092555970676686, "max_depth": 5.064929823614537, "n_estimators": 50.337864572245714}, "datetime": {"datetime": "2021-09-21 15:57:13", "elapsed": 1100.629698, "delta": 7.39206}}
{"target": -2.48424954100659, "params": {"eta": 0.14480969269970356, "max_depth": 23.349257206171455, "n_estimators": 54.52172907541185}, "datetime": {"datetime": "2021-09-21 15:57:16", "elapsed": 1103.953833, "delta": 3.324135}}
{"target": -2.3661263327849538, "params": {"eta": 0.17368723915877005, "max_depth": 4.084357588160955, "n_estimators": 56.825162718284034}, "datetime": {"datetime": "2021-09-21 15:57:23", "elapsed": 1110.494549, "delta": 6.540716}}
{"target": -2.676965010166168, "params": {"eta": 0.4878757185219102, "max_depth": 14.862335764893784, "n_estimators": 42.132545953801106}, "datetime": {"datetime": "2021-09-21 15:57:26", "elapsed": 1113.539342, "delta": 3.044793}}
{"target": -2.391955543191809, "params": {"eta": 0.24681016133975586, "max_depth": 5.783493536873273, "n_estimators": 64.51855613550923}, "datetime": {"datetime": "2021-09-21 15:57:32", "elapsed": 1119.774865, "delta": 6.235523}}
{"target": -2.371917947969939, "params": {"eta": 0.1238380301529716, "max_depth": 5.3757629142437, "n_estimators": 64.13621900651732}, "datetime": {"datetime": "2021-09-21 15:57:40", "elapsed": 1127.874099, "delta": 8.099234}}
{"target": -2.2950074453102913, "params": {"eta": 0.19151406152016892, "max_depth": 5.829788642874264, "n_estimators": 64.41887919615965}, "datetime": {"datetime": "2021-09-21 15:57:46", "elapsed": 1133.713036, "delta": 5.838937}}
{"target": -2.416910149549183, "params": {"eta": 0.13443327645886927, "max_depth": 5.153402443024798, "n_estimators": 50.383066656360036}, "datetime": {"datetime": "2021-09-21 15:57:52", "elapsed": 1139.446856, "delta": 5.73382}}
{"target": -2.3019897768371984, "params": {"eta": 0.1218686896919009, "max_depth": 5.841982195741824, "n_estimators": 64.404974242441}, "datetime": {"datetime": "2021-09-21 15:57:57", "elapsed": 1144.783801, "delta": 5.336945}}
{"target": -2.4232190483494813, "params": {"eta": 0.12708184660299202, "max_depth": 5.140507940953571, "n_estimators": 64.44336168899679}, "datetime": {"datetime": "2021-09-21 15:58:03", "elapsed": 1151.152146, "delta": 6.368345}}
{"target": -2.380321928074485, "params": {"eta": 0.1391375599908683, "max_depth": 5.164842458659076, "n_estimators": 64.55738389299992}, "datetime": {"datetime": "2021-09-21 15:58:10", "elapsed": 1157.865437, "delta": 6.713291}}
{"target": -2.631347171883834, "params": {"eta": 0.34420622987497157, "max_depth": 5.085128732664426, "n_estimators": 64.47660545375915}, "datetime": {"datetime": "2021-09-21 15:58:16", "elapsed": 1163.51462, "delta": 5.649183}}
{"target": -2.3712016344070435, "params": {"eta": 0.2030749513494336, "max_depth": 4.043722920017004, "n_estimators": 57.03297387675422}, "datetime": {"datetime": "2021-09-21 15:58:26", "elapsed": 1173.352846, "delta": 9.838226}}
{"target": -2.872594013967012, "params": {"eta": 0.3281993529023378, "max_depth": 1.7674335704099715, "n_estimators": 57.80060945620231}, "datetime": {"datetime": "2021-09-21 15:58:28", "elapsed": 1176.189972, "delta": 2.837126}}
{"target": -2.604339415148685, "params": {"eta": 0.17077114383752018, "max_depth": 25.202376194732725, "n_estimators": 47.29078747655853}, "datetime": {"datetime": "2021-09-21 15:58:31", "elapsed": 1178.432595, "delta": 2.242623}}
{"target": -2.3254316869534946, "params": {"eta": 0.11830438244384398, "max_depth": 5.5302282485855345, "n_estimators": 64.19970049391253}, "datetime": {"datetime": "2021-09-21 15:58:35", "elapsed": 1183.235137, "delta": 4.802542}}
{"target": -2.517447475383156, "params": {"eta": 0.07691776328790047, "max_depth": 10.887023951000456, "n_estimators": 56.71554954360392}, "datetime": {"datetime": "2021-09-21 15:58:39", "elapsed": 1187.08993, "delta": 3.854793}}
{"target": -2.7565925447564377, "params": {"eta": 0.35432135863954217, "max_depth": 2.309723164495503, "n_estimators": 64.75361187450935}, "datetime": {"datetime": "2021-09-21 15:58:41", "elapsed": 1189.017963, "delta": 1.928033}}
{"target": -2.6185504241993556, "params": {"eta": 0.21600349741507457, "max_depth": 9.75408601097023, "n_estimators": 58.510467455538375}, "datetime": {"datetime": "2021-09-21 15:58:43", "elapsed": 1191.219557, "delta": 2.201594}}
{"target": -2.5984543612128808, "params": {"eta": 0.15840737666943436, "max_depth": 26.378935838754604, "n_estimators": 46.77575496739373}, "datetime": {"datetime": "2021-09-21 15:58:45", "elapsed": 1193.084682, "delta": 1.865125}}
{"target": -2.3571872083764327, "params": {"eta": 0.2916594023817078, "max_depth": 5.169468830346918, "n_estimators": 44.769479134049796}, "datetime": {"datetime": "2021-09-21 15:58:51", "elapsed": 1199.128758, "delta": 6.044076}}
{"target": -2.4360072374343873, "params": {"eta": 0.19076718433220646, "max_depth": 7.37506106370929, "n_estimators": 53.08765112975677}, "datetime": {"datetime": "2021-09-21 15:58:56", "elapsed": 1203.837763, "delta": 4.709005}}
{"target": -2.386753555348045, "params": {"eta": 0.1950021469307125, "max_depth": 7.188426450953662, "n_estimators": 53.11169036556319}, "datetime": {"datetime": "2021-09-21 15:59:01", "elapsed": 1209.177009, "delta": 5.339246}}
{"target": -2.5914443141535712, "params": {"eta": 0.06086181691303258, "max_depth": 14.242088228513351, "n_estimators": 62.76655777010521}, "datetime": {"datetime": "2021-09-21 15:59:04", "elapsed": 1212.241104, "delta": 3.064095}}
{"target": -2.50067131205609, "params": {"eta": 0.09059846881185621, "max_depth": 5.563085086964033, "n_estimators": 64.44834140453617}, "datetime": {"datetime": "2021-09-21 15:59:09", "elapsed": 1216.394842, "delta": 4.153738}}
{"target": -2.392963955904308, "params": {"eta": 0.09172784095214065, "max_depth": 5.867348314099537, "n_estimators": 64.4852566716171}, "datetime": {"datetime": "2021-09-21 15:59:14", "elapsed": 1221.750098, "delta": 5.355256}}
{"target": -2.267402131933915, "params": {"eta": 0.18168600660144202, "max_depth": 7.2425364550318925, "n_estimators": 53.218502968266634}, "datetime": {"datetime": "2021-09-21 15:59:19", "elapsed": 1227.190555, "delta": 5.440457}}
{"target": -2.9094116813258117, "params": {"eta": 0.24619770596390173, "max_depth": 1.155557390967348, "n_estimators": 61.98649911514836}, "datetime": {"datetime": "2021-09-21 16:18:26", "elapsed": 0.0, "delta": 0.0}}
{"target": -2.4856956550949496, "params": {"eta": 0.24589507667822458, "max_depth": 3.522206812524934, "n_estimators": 53.21339284015497}, "datetime": {"datetime": "2021-09-21 16:18:26", "elapsed": 0.131005, "delta": 0.131005}}
{"target": -2.341016784467195, "params": {"eta": 0.14209188531702913, "max_depth": 4.715625798103982, "n_estimators": 51.98618694698092}, "datetime": {"datetime": "2021-09-21 16:18:26", "elapsed": 0.377103, "delta": 0.246098}}
{"target": -2.3669777757243105, "params": {"eta": 0.17007227379628997, "max_depth": 4.72680299661577, "n_estimators": 61.16568377108156}, "datetime": {"datetime": "2021-09-21 16:18:27", "elapsed": 1.038103, "delta": 0.661}}
{"target": -2.502902414296803, "params": {"eta": 0.11056097540522011, "max_depth": 4.081468727594478, "n_estimators": 47.37759462587661}, "datetime": {"datetime": "2021-09-21 16:18:28", "elapsed": 2.469143, "delta": 1.43104}}
{"target": -2.491260620167381, "params": {"eta": 0.40340081651750304, "max_depth": 6.123851755836933, "n_estimators": 59.76947349527711}, "datetime": {"datetime": "2021-09-21 16:18:29", "elapsed": 3.427143, "delta": 0.958}}
{"target": -2.878521855253922, "params": {"eta": 0.4309526684108606, "max_depth": 1.477872862054366, "n_estimators": 60.209843604868155}, "datetime": {"datetime": "2021-09-21 16:18:29", "elapsed": 3.674826, "delta": 0.247683}}
{"target": -2.826256503556904, "params": {"eta": 0.07937892697409515, "max_depth": 3.568733965584337, "n_estimators": 43.8612366264245}, "datetime": {"datetime": "2021-09-21 16:18:30", "elapsed": 4.527968, "delta": 0.853142}}
{"target": -2.81943324114147, "params": {"eta": 0.5, "max_depth": 6.500932730233643, "n_estimators": 50.12040771312282}, "datetime": {"datetime": "2021-09-21 16:18:32", "elapsed": 6.439413, "delta": 1.911445}}
{"target": -3.2535619497299195, "params": {"eta": 0.05, "max_depth": 3.371404421360049, "n_estimators": 51.09812700491937}, "datetime": {"datetime": "2021-09-21 16:18:33", "elapsed": 7.391416, "delta": 0.952003}}
{"target": -2.406282154509896, "params": {"eta": 0.13790533655893997, "max_depth": 4.736286822307542, "n_estimators": 58.81466462114479}, "datetime": {"datetime": "2021-09-21 16:18:35", "elapsed": 9.261177, "delta": 1.869761}}
{"target": -2.854148939408754, "params": {"eta": 0.4178182137065774, "max_depth": 1.330267934124151, "n_estimators": 74.88709997677711}, "datetime": {"datetime": "2021-09-21 16:18:36", "elapsed": 10.583652, "delta": 1.322475}}
{"target": -2.5120788542847885, "params": {"eta": 0.22704614005921037, "max_depth": 5.957213549008236, "n_estimators": 61.37842143357039}, "datetime": {"datetime": "2021-09-21 16:18:37", "elapsed": 11.583805, "delta": 1.000153}}
{"target": -2.379573214054108, "params": {"eta": 0.20669358480016994, "max_depth": 4.575265567234283, "n_estimators": 52.70577553797553}, "datetime": {"datetime": "2021-09-21 16:18:38", "elapsed": 12.377121, "delta": 0.793316}}
{"target": -2.6662577729476125, "params": {"eta": 0.5, "max_depth": 4.667938221637957, "n_estimators": 60.04046514860252}, "datetime": {"datetime": "2021-09-21 16:18:39", "elapsed": 13.383121, "delta": 1.006}}
{"target": -2.449527010164763, "params": {"eta": 0.21984616332138962, "max_depth": 5.518429322299955, "n_estimators": 52.44713581726511}, "datetime": {"datetime": "2021-09-21 16:18:40", "elapsed": 14.254066, "delta": 0.870945}}
{"target": -2.804396412874523, "params": {"eta": 0.05, "max_depth": 4.695668934737265, "n_estimators": 62.170691343105936}, "datetime": {"datetime": "2021-09-21 16:18:41", "elapsed": 15.213233, "delta": 0.959167}}
{"target": -2.3857138106697486, "params": {"eta": 0.14350021196209245, "max_depth": 4.764909153402874, "n_estimators": 61.1617309020084}, "datetime": {"datetime": "2021-09-21 16:18:41", "elapsed": 15.669462, "delta": 0.456229}}
{"target": -2.8529802523161236, "params": {"eta": 0.057368041498701595, "max_depth": 3.9259248262710664, "n_estimators": 60.999405635786076}, "datetime": {"datetime": "2021-09-21 16:18:43", "elapsed": 16.817781, "delta": 1.148319}}
{"target": -2.5722608189833793, "params": {"eta": 0.4466171590623068, "max_depth": 5.0090577374857785, "n_estimators": 52.36590520375585}, "datetime": {"datetime": "2021-09-21 16:18:45", "elapsed": 19.240613, "delta": 2.422832}}
{"target": -2.362850324103707, "params": {"eta": 0.4189800113162622, "max_depth": 3.967103551836978, "n_estimators": 66.65913390147425}, "datetime": {"datetime": "2021-09-21 16:18:46", "elapsed": 20.348398, "delta": 1.107785}}
{"target": -2.6156494692752235, "params": {"eta": 0.10290137875448402, "max_depth": 3.6043312464908523, "n_estimators": 55.6610677506726}, "datetime": {"datetime": "2021-09-21 16:18:46", "elapsed": 20.679576, "delta": 0.331178}}
{"target": -3.080690564607319, "params": {"eta": 0.05, "max_depth": 4.282034029730201, "n_estimators": 52.276985451044844}, "datetime": {"datetime": "2021-09-21 16:18:47", "elapsed": 21.629559, "delta": 0.949983}}
{"target": -2.44119320731414, "params": {"eta": 0.13514800355924042, "max_depth": 4.995549878277812, "n_estimators": 52.00403519529672}, "datetime": {"datetime": "2021-09-21 16:18:48", "elapsed": 22.371249, "delta": 0.74169}}
{"target": -2.5245289997050637, "params": {"eta": 0.09327292925996944, "max_depth": 4.1149717841813, "n_estimators": 47.44039440864646}, "datetime": {"datetime": "2021-09-21 16:18:49", "elapsed": 22.88225, "delta": 0.511001}}
{"target": -2.4414487512488114, "params": {"eta": 0.4217416021368728, "max_depth": 4.731828362885135, "n_estimators": 51.752516011333896}, "datetime": {"datetime": "2021-09-21 16:18:50", "elapsed": 23.885573, "delta": 1.003323}}
{"target": -3.1202814315494733, "params": {"eta": 0.05, "max_depth": 4.775132828550261, "n_estimators": 51.665197071445874}, "datetime": {"datetime": "2021-09-21 16:18:51", "elapsed": 24.964207, "delta": 1.078634}}
{"target": -2.460669994354248, "params": {"eta": 0.3531691981907995, "max_depth": 4.654359703695242, "n_estimators": 52.05468519694363}, "datetime": {"datetime": "2021-09-21 16:18:52", "elapsed": 26.216952, "delta": 1.252745}}
{"target": -2.4980944188017595, "params": {"eta": 0.39868919792693275, "max_depth": 3.864557094691992, "n_estimators": 66.8833547808818}, "datetime": {"datetime": "2021-09-21 16:18:53", "elapsed": 27.535529, "delta": 1.318577}}
{"target": -2.8444182922965604, "params": {"eta": 0.05751507648371548, "max_depth": 4.734723159795859, "n_estimators": 52.175772380773466}, "datetime": {"datetime": "2021-09-21 16:18:54", "elapsed": 27.902968, "delta": 0.367439}}
{"target": -2.438689371159202, "params": {"eta": 0.37666810083124286, "max_depth": 3.8368462727057313, "n_estimators": 66.56116429026856}, "datetime": {"datetime": "2021-09-21 16:18:54", "elapsed": 28.453553, "delta": 0.550585}}
{"target": -2.4437897180256094, "params": {"eta": 0.27649038442676815, "max_depth": 4.799666037177834, "n_estimators": 51.976593005694916}, "datetime": {"datetime": "2021-09-21 16:18:55", "elapsed": 29.059762, "delta": 0.606209}}
{"target": -2.3811682594449897, "params": {"eta": 0.36366358155875655, "max_depth": 4.790015102302963, "n_estimators": 61.28035881443909}, "datetime": {"datetime": "2021-09-21 16:18:56", "elapsed": 29.815389, "delta": 0.755627}}
{"target": -3.1818963697082117, "params": {"eta": 0.055278428199636305, "max_depth": 6.5477087052588, "n_estimators": 44.91300856672899}, "datetime": {"datetime": "2021-09-21 16:18:56", "elapsed": 30.473633, "delta": 0.658244}}
