{"target": -2.281002612490403, "params": {"eta": 0.1625807470516663, "max_depth": 12.243512934424198, "n_estimators": 29.7755107389359}, "datetime": {"datetime": "2021-09-17 14:10:44", "elapsed": 250.312761, "delta": 2.190259}}
{"target": -2.406128763525109, "params": {"eta": 0.18902053475123537, "max_depth": 15.010062680799386, "n_estimators": 28.85533474280759}, "datetime": {"datetime": "2021-09-17 14:10:45", "elapsed": 252.123872, "delta": 1.811111}}
{"target": -2.334497491309517, "params": {"eta": 0.18725912382796178, "max_depth": 14.975811922640803, "n_estimators": 24.7695282641046}, "datetime": {"datetime": "2021-09-17 14:10:47", "elapsed": 253.325299, "delta": 1.201427}}
{"target": -2.373068130643744, "params": {"eta": 0.19127530478243465, "max_depth": 11.127743132792428, "n_estimators": 28.980052269170464}, "datetime": {"datetime": "2021-09-17 14:10:48", "elapsed": 254.470755, "delta": 1.145456}}
{"target": -2.2420971531617013, "params": {"eta": 0.19381517765358186, "max_depth": 15.802036987704078, "n_estimators": 25.07560224094191}, "datetime": {"datetime": "2021-09-17 14:10:49", "elapsed": 255.587078, "delta": 1.116323}}
{"target": -2.375795102119446, "params": {"eta": 0.1413841860773471, "max_depth": 14.998809767079706, "n_estimators": 28.79369066392959}, "datetime": {"datetime": "2021-09-17 14:10:51", "elapsed": 257.412533, "delta": 1.825455}}
{"target": -2.2525048707660873, "params": {"eta": 0.1730750885047952, "max_depth": 13.423136539633111, "n_estimators": 26.064131216891024}, "datetime": {"datetime": "2021-09-17 14:10:52", "elapsed": 258.585759, "delta": 1.173226}}
{"target": -2.3561564244722066, "params": {"eta": 0.1457826624616798, "max_depth": 11.59160496218699, "n_estimators": 27.93553978159398}, "datetime": {"datetime": "2021-09-17 14:10:54", "elapsed": 260.855569, "delta": 2.26981}}
{"target": -2.27272235531556, "params": {"eta": 0.19294213798723325, "max_depth": 16.209057756276447, "n_estimators": 25.58239180148379}, "datetime": {"datetime": "2021-09-17 14:10:55", "elapsed": 262.05049, "delta": 1.194921}}
{"target": -2.6798027239347757, "params": {"eta": 0.09001811616362783, "max_depth": 16.478808846194394, "n_estimators": 31.82456647592289}, "datetime": {"datetime": "2021-09-17 14:10:57", "elapsed": 263.179852, "delta": 1.129362}}
{"target": -2.3992212213967976, "params": {"eta": 0.15464367147391447, "max_depth": 10.100731161069133, "n_estimators": 27.510199968029895}, "datetime": {"datetime": "2021-09-17 14:10:58", "elapsed": 264.257851, "delta": 1.077999}}
{"target": -2.585916336586601, "params": {"eta": 0.10269187711083572, "max_depth": 10.694561209819794, "n_estimators": 30.035777112177758}, "datetime": {"datetime": "2021-09-17 14:10:59", "elapsed": 265.376361, "delta": 1.11851}}
{"target": -2.3829285546352987, "params": {"eta": 0.17043054008460407, "max_depth": 14.999415483624954, "n_estimators": 28.880457029301887}, "datetime": {"datetime": "2021-09-17 14:11:01", "elapsed": 267.198993, "delta": 1.822632}}
{"target": -2.324183654157739, "params": {"eta": 0.14522392474888576, "max_depth": 16.90925419599882, "n_estimators": 29.219064575015963}, "datetime": {"datetime": "2021-09-17 14:11:02", "elapsed": 269.003465, "delta": 1.804472}}
{"target": -2.395646265305971, "params": {"eta": 0.17119619708114978, "max_depth": 12.567230505861836, "n_estimators": 27.566967161802253}, "datetime": {"datetime": "2021-09-17 14:11:04", "elapsed": 270.86165, "delta": 1.858185}}
{"target": -2.350473926569286, "params": {"eta": 0.18220383422928188, "max_depth": 15.802203473712254, "n_estimators": 25.08442976578465}, "datetime": {"datetime": "2021-09-17 14:11:06", "elapsed": 273.090575, "delta": 2.228925}}
{"target": -2.411900129443721, "params": {"eta": 0.17981317614206038, "max_depth": 16.74014075792886, "n_estimators": 26.95036805836683}, "datetime": {"datetime": "2021-09-17 14:11:08", "elapsed": 274.771586, "delta": 1.681011}}
{"target": -2.36284764001244, "params": {"eta": 0.11979693735942054, "max_depth": 10.162272352489328, "n_estimators": 31.099326116072316}, "datetime": {"datetime": "2021-09-17 14:11:09", "elapsed": 276.008951, "delta": 1.237365}}
{"target": -2.3869499796315248, "params": {"eta": 0.12467931388106453, "max_depth": 10.386791346524841, "n_estimators": 31.83640881233793}, "datetime": {"datetime": "2021-09-17 14:11:11", "elapsed": 277.193001, "delta": 1.18405}}
{"target": -2.2202696724941857, "params": {"eta": 0.155883472982423, "max_depth": 12.511031518144417, "n_estimators": 27.560093468934458}, "datetime": {"datetime": "2021-09-17 14:11:12", "elapsed": 278.914013, "delta": 1.721012}}
{"target": -2.328254138795953, "params": {"eta": 0.19529389449450912, "max_depth": 11.158840423700234, "n_estimators": 28.126247086635274}, "datetime": {"datetime": "2021-09-17 14:11:14", "elapsed": 281.086163, "delta": 2.17215}}
{"target": -2.3956171901602494, "params": {"eta": 0.1546742523047562, "max_depth": 10.126454269235746, "n_estimators": 29.510999928825406}, "datetime": {"datetime": "2021-09-17 14:11:16", "elapsed": 282.709774, "delta": 1.623611}}
{"target": -2.3569935610419828, "params": {"eta": 0.15393191121899544, "max_depth": 12.553236981705354, "n_estimators": 27.567800353986264}, "datetime": {"datetime": "2021-09-17 14:11:18", "elapsed": 284.823952, "delta": 2.114178}}
{"target": -2.3967111574976068, "params": {"eta": 0.1712031037532234, "max_depth": 16.84104507657726, "n_estimators": 28.88122812883307}, "datetime": {"datetime": "2021-09-17 14:11:19", "elapsed": 286.096977, "delta": 1.273025}}
{"target": -2.209210713286149, "params": {"eta": 0.16314479091209508, "max_depth": 12.518390129589353, "n_estimators": 27.574928929600794}, "datetime": {"datetime": "2021-09-17 14:11:21", "elapsed": 287.532921, "delta": 1.435944}}
{"target": -2.3243566833044356, "params": {"eta": 0.13795472535509862, "max_depth": 15.490260753101255, "n_estimators": 27.19051140191582}, "datetime": {"datetime": "2021-09-17 14:11:22", "elapsed": 288.789583, "delta": 1.256662}}
{"target": -2.2995467405570182, "params": {"eta": 0.18287280319548294, "max_depth": 12.602029768180449, "n_estimators": 31.79698454238596}, "datetime": {"datetime": "2021-09-17 14:11:24", "elapsed": 291.070556, "delta": 2.280973}}
{"target": -2.438786574413902, "params": {"eta": 0.1819887547769291, "max_depth": 15.548407877041889, "n_estimators": 28.686056478707435}, "datetime": {"datetime": "2021-09-17 14:11:26", "elapsed": 292.706102, "delta": 1.635546}}
{"target": -2.406959717524679, "params": {"eta": 0.1720543809111003, "max_depth": 16.640977931721107, "n_estimators": 30.069711298922087}, "datetime": {"datetime": "2021-09-17 14:11:28", "elapsed": 294.631761, "delta": 1.925659}}
{"target": -2.7828651829769737, "params": {"eta": 0.09462190267394868, "max_depth": 15.572670768392431, "n_estimators": 29.567430415530993}, "datetime": {"datetime": "2021-09-17 14:11:29", "elapsed": 295.864638, "delta": 1.232877}}
{"target": -2.363706466398741, "params": {"eta": 0.1877045074548921, "max_depth": 11.364296800721512, "n_estimators": 26.88663552561437}, "datetime": {"datetime": "2021-09-17 14:11:31", "elapsed": 297.670029, "delta": 1.805391}}
{"target": -2.300861494792135, "params": {"eta": 0.19599403368238344, "max_depth": 15.695736305917759, "n_estimators": 31.745362660133758}, "datetime": {"datetime": "2021-09-17 14:11:33", "elapsed": 299.508672, "delta": 1.838643}}
{"target": -2.3008584907180385, "params": {"eta": 0.14711350875627272, "max_depth": 16.921364245803325, "n_estimators": 29.20408391303408}, "datetime": {"datetime": "2021-09-17 14:11:35", "elapsed": 301.201926, "delta": 1.693254}}
{"target": -2.28579342804457, "params": {"eta": 0.18512955795335406, "max_depth": 16.674568983698123, "n_estimators": 30.036101874742965}, "datetime": {"datetime": "2021-09-17 14:11:36", "elapsed": 302.918445, "delta": 1.716519}}
{"target": -2.27925017193744, "params": {"eta": 0.18947593285691816, "max_depth": 14.384277817791073, "n_estimators": 28.142936886235464}, "datetime": {"datetime": "2021-09-17 14:11:38", "elapsed": 304.290064, "delta": 1.371619}}
{"target": -2.2410586344568353, "params": {"eta": 0.19353371879185355, "max_depth": 14.91338586079025, "n_estimators": 31.28263651837419}, "datetime": {"datetime": "2021-09-17 14:11:40", "elapsed": 306.315804, "delta": 2.02574}}
{"target": -2.30273779881628, "params": {"eta": 0.1873568236092198, "max_depth": 12.580227094336296, "n_estimators": 31.790318657101242}, "datetime": {"datetime": "2021-09-17 14:11:41", "elapsed": 308.046185, "delta": 1.730381}}
{"target": -2.4642102003097537, "params": {"eta": 0.1097374960106205, "max_depth": 13.390241285951566, "n_estimators": 30.678252143194566}, "datetime": {"datetime": "2021-09-17 14:11:43", "elapsed": 309.510478, "delta": 1.464293}}
{"target": -2.343959733686949, "params": {"eta": 0.19984832723788104, "max_depth": 14.992611689327694, "n_estimators": 28.857667150138024}, "datetime": {"datetime": "2021-09-17 14:11:45", "elapsed": 311.807368, "delta": 2.29689}}
{"target": -2.3083782359173424, "params": {"eta": 0.1526653594228517, "max_depth": 14.570410557881521, "n_estimators": 28.248734611704904}, "datetime": {"datetime": "2021-09-17 14:11:47", "elapsed": 313.473746, "delta": 1.666378}}
{"target": -2.258538174001794, "params": {"eta": 0.15389380328546653, "max_depth": 11.579844946935674, "n_estimators": 29.218934499492892}, "datetime": {"datetime": "2021-09-17 14:11:48", "elapsed": 314.93066, "delta": 1.456914}}
{"target": -2.3082459154881927, "params": {"eta": 0.15629077576489328, "max_depth": 14.583394884443518, "n_estimators": 28.235656424347088}, "datetime": {"datetime": "2021-09-17 14:11:50", "elapsed": 316.860112, "delta": 1.929452}}
{"target": -2.3340053570897954, "params": {"eta": 0.18817452179326144, "max_depth": 16.41536114754685, "n_estimators": 27.133456652996}, "datetime": {"datetime": "2021-09-17 14:11:52", "elapsed": 318.974535, "delta": 2.114423}}
{"target": -2.3644445375392316, "params": {"eta": 0.1703408901138509, "max_depth": 12.534787420688758, "n_estimators": 27.556350464675614}, "datetime": {"datetime": "2021-09-17 14:11:54", "elapsed": 320.919826, "delta": 1.945291}}
{"target": -2.2711151154417744, "params": {"eta": 0.15615855821903063, "max_depth": 15.532949903105923, "n_estimators": 28.705958828052974}, "datetime": {"datetime": "2021-09-17 14:11:56", "elapsed": 322.722581, "delta": 1.802755}}
{"target": -2.369298962542885, "params": {"eta": 0.19819841761711204, "max_depth": 14.35205104643914, "n_estimators": 26.99188514299907}, "datetime": {"datetime": "2021-09-17 14:11:57", "elapsed": 323.992271, "delta": 1.26969}}
{"target": -2.329813588920392, "params": {"eta": 0.18313979322053775, "max_depth": 14.988601393824586, "n_estimators": 28.847256661157633}, "datetime": {"datetime": "2021-09-17 14:11:59", "elapsed": 325.744287, "delta": 1.752016}}
{"target": -2.3710082725474706, "params": {"eta": 0.16589712036434895, "max_depth": 13.12125607440153, "n_estimators": 24.278805388193252}, "datetime": {"datetime": "2021-09-17 14:12:00", "elapsed": 327.10956, "delta": 1.365273}}
{"target": -2.280439301540977, "params": {"eta": 0.14358220585200918, "max_depth": 15.828499034065576, "n_estimators": 31.990524163787274}, "datetime": {"datetime": "2021-09-17 14:12:02", "elapsed": 328.851654, "delta": 1.742094}}
{"target": -2.38883115492369, "params": {"eta": 0.1692621626727941, "max_depth": 14.990624593399467, "n_estimators": 28.837760311082718}, "datetime": {"datetime": "2021-09-17 14:12:04", "elapsed": 330.515219, "delta": 1.663565}}
{"target": -2.4524438563146087, "params": {"eta": 0.13183840509841885, "max_depth": 11.700539220022588, "n_estimators": 24.160577735750202}, "datetime": {"datetime": "2021-09-17 14:12:05", "elapsed": 331.831051, "delta": 1.315832}}
{"target": -2.310881881337417, "params": {"eta": 0.15349607085320977, "max_depth": 14.988651902132915, "n_estimators": 28.876735195008386}, "datetime": {"datetime": "2021-09-17 14:12:07", "elapsed": 333.869358, "delta": 2.038307}}
{"target": -2.3368531885899997, "params": {"eta": 0.1723623745555165, "max_depth": 13.682966204289214, "n_estimators": 31.260368438944173}, "datetime": {"datetime": "2021-09-17 14:12:09", "elapsed": 335.432295, "delta": 1.562937}}
{"target": -2.290647006034851, "params": {"eta": 0.18298806827928224, "max_depth": 14.96101596739912, "n_estimators": 28.609210856069907}, "datetime": {"datetime": "2021-09-17 14:12:11", "elapsed": 337.459816, "delta": 2.027521}}
{"target": -2.3970133078725717, "params": {"eta": 0.176590138140959, "max_depth": 14.64539177264844, "n_estimators": 25.567049594845937}, "datetime": {"datetime": "2021-09-17 14:12:12", "elapsed": 338.925501, "delta": 1.465685}}
{"target": -2.398400560805672, "params": {"eta": 0.14456722645803102, "max_depth": 11.618251273908694, "n_estimators": 27.9451140802734}, "datetime": {"datetime": "2021-09-17 14:12:14", "elapsed": 340.798626, "delta": 1.873125}}
{"target": -2.4221996526969103, "params": {"eta": 0.16238515851897922, "max_depth": 15.546829679994467, "n_estimators": 28.72030989163197}, "datetime": {"datetime": "2021-09-17 14:12:16", "elapsed": 342.768957, "delta": 1.970331}}
{"target": -2.374053405460559, "params": {"eta": 0.1703372233539136, "max_depth": 15.517340051005874, "n_estimators": 28.69089174670898}, "datetime": {"datetime": "2021-09-17 14:12:19", "elapsed": 345.192615, "delta": 2.423658}}
{"target": -2.2651272861581098, "params": {"eta": 0.1300175068904986, "max_depth": 16.146787142498482, "n_estimators": 30.468679740690842}, "datetime": {"datetime": "2021-09-17 14:12:20", "elapsed": 346.580941, "delta": 1.388326}}
{"target": -2.3159867713325903, "params": {"eta": 0.15642611705647608, "max_depth": 16.66997769435033, "n_estimators": 30.02850470824616}, "datetime": {"datetime": "2021-09-17 14:12:22", "elapsed": 348.736217, "delta": 2.155276}}
{"target": -2.35764927801333, "params": {"eta": 0.12675791211015056, "max_depth": 15.550491064044468, "n_estimators": 28.678303229696905}, "datetime": {"datetime": "2021-09-17 14:12:24", "elapsed": 350.822284, "delta": 2.086067}}
{"target": -2.3696195502030224, "params": {"eta": 0.14833855693566061, "max_depth": 14.565274536694725, "n_estimators": 28.261752978099807}, "datetime": {"datetime": "2021-09-17 14:12:26", "elapsed": 352.921945, "delta": 2.099661}}
{"target": -2.656975647022849, "params": {"eta": 0.09378584483277048, "max_depth": 16.19940304491761, "n_estimators": 31.428056969677083}, "datetime": {"datetime": "2021-09-17 14:12:28", "elapsed": 354.36936, "delta": 1.447415}}
{"target": -2.4136242132437853, "params": {"eta": 0.17202762191836077, "max_depth": 16.664614606652734, "n_estimators": 30.03026869842235}, "datetime": {"datetime": "2021-09-17 14:12:30", "elapsed": 356.373385, "delta": 2.004025}}
{"target": -2.4429492467328124, "params": {"eta": 0.18102960699090673, "max_depth": 16.08073756920005, "n_estimators": 31.829044493382252}, "datetime": {"datetime": "2021-09-17 14:12:32", "elapsed": 358.539793, "delta": 2.166408}}
{"target": -2.2190482352909284, "params": {"eta": 0.16317403398726685, "max_depth": 11.902595164334777, "n_estimators": 25.18668573063757}, "datetime": {"datetime": "2021-09-17 14:12:34", "elapsed": 360.16601, "delta": 1.626217}}
{"target": -2.352390038967133, "params": {"eta": 0.148474561808643, "max_depth": 16.941908084963465, "n_estimators": 29.175470376551853}, "datetime": {"datetime": "2021-09-17 14:12:36", "elapsed": 362.365387, "delta": 2.199377}}
{"target": -2.9337078539948713, "params": {"eta": 0.09964586218029561, "max_depth": 11.410959586301095, "n_estimators": 25.543064562410592}, "datetime": {"datetime": "2021-09-17 14:12:37", "elapsed": 363.815188, "delta": 1.449801}}
{"target": -2.3233336498862815, "params": {"eta": 0.1713361263631366, "max_depth": 14.754645283156302, "n_estimators": 30.49879862477815}, "datetime": {"datetime": "2021-09-17 14:12:39", "elapsed": 365.588182, "delta": 1.772994}}
{"target": -2.2026526865206266, "params": {"eta": 0.16304496990476636, "max_depth": 14.167347213343575, "n_estimators": 30.72957951386015}, "datetime": {"datetime": "2021-09-17 14:12:40", "elapsed": 367.137182, "delta": 1.549}}
{"target": -2.3101476085813424, "params": {"eta": 0.1959904815965987, "max_depth": 15.672885887491413, "n_estimators": 24.21338661042393}, "datetime": {"datetime": "2021-09-17 14:12:42", "elapsed": 368.593587, "delta": 1.456405}}
{"target": -2.2680535329015634, "params": {"eta": 0.18838045574021983, "max_depth": 11.396743377971596, "n_estimators": 26.859434553783995}, "datetime": {"datetime": "2021-09-17 14:12:44", "elapsed": 370.799946, "delta": 2.206359}}
{"target": -2.367420758071699, "params": {"eta": 0.16970346382772938, "max_depth": 11.892099799408463, "n_estimators": 25.1887833351632}, "datetime": {"datetime": "2021-09-17 14:12:46", "elapsed": 373.09568, "delta": 2.295734}}
{"target": -2.3011595776206573, "params": {"eta": 0.15703487714024814, "max_depth": 12.519400185250625, "n_estimators": 27.56953120427011}, "datetime": {"datetime": "2021-09-17 14:12:49", "elapsed": 375.707136, "delta": 2.611456}}
{"target": -2.350720489025116, "params": {"eta": 0.1657934146436189, "max_depth": 14.3919727127214, "n_estimators": 25.07145286024158}, "datetime": {"datetime": "2021-09-17 14:12:51", "elapsed": 377.380517, "delta": 1.673381}}
{"target": -2.27131562985872, "params": {"eta": 0.15237214752714362, "max_depth": 10.780184903441961, "n_estimators": 28.228267751979566}, "datetime": {"datetime": "2021-09-17 14:12:52", "elapsed": 379.066518, "delta": 1.686001}}
{"target": -2.3229169023664373, "params": {"eta": 0.12524267198523903, "max_depth": 16.940253236390618, "n_estimators": 29.18871437820531}, "datetime": {"datetime": "2021-09-17 14:12:55", "elapsed": 381.420946, "delta": 2.354428}}
{"target": -2.347377836704254, "params": {"eta": 0.1880420178016775, "max_depth": 15.014672256553592, "n_estimators": 28.894513655370254}, "datetime": {"datetime": "2021-09-17 14:12:57", "elapsed": 383.50169, "delta": 2.080744}}
{"target": -2.373687453646409, "params": {"eta": 0.15452610344326456, "max_depth": 16.14496962178637, "n_estimators": 27.665765857401585}, "datetime": {"datetime": "2021-09-17 14:12:58", "elapsed": 384.986691, "delta": 1.485001}}
{"target": -2.3396000837024893, "params": {"eta": 0.1997291811085323, "max_depth": 13.909813027114382, "n_estimators": 26.189534455425566}, "datetime": {"datetime": "2021-09-17 14:13:00", "elapsed": 386.567487, "delta": 1.580796}}
{"target": -2.3619021892547605, "params": {"eta": 0.1413421538725001, "max_depth": 12.575722165154847, "n_estimators": 28.102860853868243}, "datetime": {"datetime": "2021-09-17 14:13:02", "elapsed": 388.232701, "delta": 1.665214}}
{"target": -2.3325648307800293, "params": {"eta": 0.14746283700241303, "max_depth": 12.219716080677653, "n_estimators": 29.767260334188073}, "datetime": {"datetime": "2021-09-17 14:13:04", "elapsed": 390.617628, "delta": 2.384927}}
{"target": -2.6536398360603735, "params": {"eta": 0.11289069301043653, "max_depth": 14.281413689894563, "n_estimators": 26.48076390111911}, "datetime": {"datetime": "2021-09-17 14:13:06", "elapsed": 392.458271, "delta": 1.840643}}
{"target": -2.381669439767536, "params": {"eta": 0.14524354975242293, "max_depth": 14.825513646607849, "n_estimators": 26.13580915358127}, "datetime": {"datetime": "2021-09-17 14:13:07", "elapsed": 394.044564, "delta": 1.586293}}
{"target": -2.399584126472473, "params": {"eta": 0.14188670449160598, "max_depth": 11.60239090315633, "n_estimators": 27.948178337688987}, "datetime": {"datetime": "2021-09-17 14:13:10", "elapsed": 396.813209, "delta": 2.768645}}
{"target": -2.284531362433183, "params": {"eta": 0.1537684704523783, "max_depth": 11.613201435459265, "n_estimators": 27.94553422609734}, "datetime": {"datetime": "2021-09-17 14:13:12", "elapsed": 399.043404, "delta": 2.230195}}
{"target": -2.311818107805754, "params": {"eta": 0.1645333008616423, "max_depth": 16.67946106660108, "n_estimators": 30.042321613302832}, "datetime": {"datetime": "2021-09-17 14:13:14", "elapsed": 401.142816, "delta": 2.099412}}
{"target": -2.284667483756417, "params": {"eta": 0.1489710044390599, "max_depth": 12.221351796155375, "n_estimators": 29.756513125305744}, "datetime": {"datetime": "2021-09-17 14:13:17", "elapsed": 403.488979, "delta": 2.346163}}
{"target": -2.3978633064972725, "params": {"eta": 0.18046098440520164, "max_depth": 16.41645393594688, "n_estimators": 27.14839297589709}, "datetime": {"datetime": "2021-09-17 14:13:19", "elapsed": 405.641357, "delta": 2.152378}}
{"target": -2.433233107391157, "params": {"eta": 0.14759820181115796, "max_depth": 12.224220932518833, "n_estimators": 25.886606200472507}, "datetime": {"datetime": "2021-09-17 14:13:20", "elapsed": 407.126079, "delta": 1.484722}}
{"target": -2.362025064543674, "params": {"eta": 0.19816114705881563, "max_depth": 12.583319941292187, "n_estimators": 31.81025747718345}, "datetime": {"datetime": "2021-09-17 14:13:22", "elapsed": 409.131739, "delta": 2.00566}}
{"target": -2.37909503045835, "params": {"eta": 0.15902362185367128, "max_depth": 12.229903845083792, "n_estimators": 29.771013122722497}, "datetime": {"datetime": "2021-09-17 14:13:25", "elapsed": 411.788363, "delta": 2.656624}}
{"target": -2.293042210528725, "params": {"eta": 0.1920910177260609, "max_depth": 11.388645287731318, "n_estimators": 26.886832655324923}, "datetime": {"datetime": "2021-09-17 14:13:27", "elapsed": 413.670211, "delta": 1.881848}}
{"target": -2.4075811317092493, "params": {"eta": 0.15927453473441452, "max_depth": 14.580132806037348, "n_estimators": 28.249197802899022}, "datetime": {"datetime": "2021-09-17 14:13:29", "elapsed": 415.922217, "delta": 2.252006}}
{"target": -2.393625042313024, "params": {"eta": 0.16644656603114302, "max_depth": 15.089195263007976, "n_estimators": 31.916779574993864}, "datetime": {"datetime": "2021-09-17 14:13:31", "elapsed": 417.530799, "delta": 1.608582}}
