{"target": -13.097193653413687, "params": {"eta": 0.49020353800647776, "max_depth": 6.121369251797642, "n_estimators": 183.88831001241863}, "datetime": {"datetime": "2021-09-27 19:17:11", "elapsed": 302.777063, "delta": 1.513997}}
{"target": -11.36444762060254, "params": {"eta": 0.1965251910713533, "max_depth": 4.440353684355059, "n_estimators": 114.72033831853183}, "datetime": {"datetime": "2021-09-27 19:17:13", "elapsed": 304.599271, "delta": 1.822208}}
{"target": -11.74958540214679, "params": {"eta": 0.27467434735177304, "max_depth": 7.617361591889429, "n_estimators": 122.37896931400527}, "datetime": {"datetime": "2021-09-27 19:17:15", "elapsed": 306.245648, "delta": 1.646377}}
{"target": -11.804284600037402, "params": {"eta": 0.37337506043744506, "max_depth": 8.411794184084375, "n_estimators": 100.33992784688054}, "datetime": {"datetime": "2021-09-27 19:17:16", "elapsed": 307.7411, "delta": 1.495452}}
{"target": -12.36401967347945, "params": {"eta": 0.2666228040726511, "max_depth": 2.0178514037924513, "n_estimators": 149.81115430972216}, "datetime": {"datetime": "2021-09-27 19:17:17", "elapsed": 308.980102, "delta": 1.239002}}
{"target": -11.575301925726201, "params": {"eta": 0.13487841545206813, "max_depth": 5.9816255641028935, "n_estimators": 185.81579632559666}, "datetime": {"datetime": "2021-09-27 19:17:19", "elapsed": 310.542779, "delta": 1.562677}}
{"target": -11.25586187274928, "params": {"eta": 0.05848943228884738, "max_depth": 5.4017176237408435, "n_estimators": 144.08838682719187}, "datetime": {"datetime": "2021-09-27 19:17:21", "elapsed": 312.817072, "delta": 2.274293}}
{"target": -12.207869588039252, "params": {"eta": 0.23452664174945015, "max_depth": 3.3391362089208103, "n_estimators": 151.54695317366543}, "datetime": {"datetime": "2021-09-27 19:17:23", "elapsed": 314.229273, "delta": 1.412201}}
{"target": -11.990942898002547, "params": {"eta": 0.4667736303039565, "max_depth": 11.51991071845481, "n_estimators": 101.76133011520129}, "datetime": {"datetime": "2021-09-27 19:17:24", "elapsed": 315.946019, "delta": 1.716746}}
{"target": -11.675757864940735, "params": {"eta": 0.17660205099290915, "max_depth": 8.354879539389415, "n_estimators": 123.415506691924}, "datetime": {"datetime": "2021-09-27 19:17:27", "elapsed": 318.215022, "delta": 2.269003}}
{"target": -11.356247466445572, "params": {"eta": 0.07774701151545382, "max_depth": 9.459258813264697, "n_estimators": 168.08996411497446}, "datetime": {"datetime": "2021-09-27 19:17:30", "elapsed": 321.095944, "delta": 2.880922}}
{"target": -11.8925197352156, "params": {"eta": 0.20759588738310167, "max_depth": 5.271051183861312, "n_estimators": 151.6424815840894}, "datetime": {"datetime": "2021-09-27 19:17:32", "elapsed": 323.347121, "delta": 2.251177}}
{"target": -11.545533666149966, "params": {"eta": 0.1995212609008878, "max_depth": 10.09141223690318, "n_estimators": 136.3468993611932}, "datetime": {"datetime": "2021-09-27 19:17:33", "elapsed": 324.991125, "delta": 1.644004}}
{"target": -11.649146508346005, "params": {"eta": 0.1142210837527517, "max_depth": 8.482676672811177, "n_estimators": 142.24841532403826}, "datetime": {"datetime": "2021-09-27 19:17:36", "elapsed": 327.105454, "delta": 2.114329}}
{"target": -13.170732339901104, "params": {"eta": 0.49396111296452416, "max_depth": 7.086980846337481, "n_estimators": 193.39464276989892}, "datetime": {"datetime": "2021-09-27 19:17:37", "elapsed": 328.597727, "delta": 1.492273}}
{"target": -11.628721383660464, "params": {"eta": 0.1323999693964703, "max_depth": 11.054222240178754, "n_estimators": 113.35093728454295}, "datetime": {"datetime": "2021-09-27 19:17:39", "elapsed": 330.263212, "delta": 1.665485}}
{"target": -11.879945853131346, "params": {"eta": 0.3047298210762296, "max_depth": 3.153999998683304, "n_estimators": 111.42433418715721}, "datetime": {"datetime": "2021-09-27 19:17:40", "elapsed": 331.556213, "delta": 1.293001}}
{"target": -11.065904767826327, "params": {"eta": 0.10014291368116923, "max_depth": 5.981838009863824, "n_estimators": 109.61234659571629}, "datetime": {"datetime": "2021-09-27 19:17:42", "elapsed": 333.633405, "delta": 2.077192}}
{"target": -12.69599295417766, "params": {"eta": 0.11334206086267015, "max_depth": 2.9524366220504854, "n_estimators": 181.5509750976217}, "datetime": {"datetime": "2021-09-27 19:17:44", "elapsed": 335.077991, "delta": 1.444586}}
{"target": -11.623947344654805, "params": {"eta": 0.15558013632448486, "max_depth": 7.105520727950216, "n_estimators": 118.73791833473891}, "datetime": {"datetime": "2021-09-27 19:17:47", "elapsed": 338.292101, "delta": 3.21411}}
{"target": -11.712011947536096, "params": {"eta": 0.27131743445272655, "max_depth": 3.460862498916998, "n_estimators": 118.90822231272594}, "datetime": {"datetime": "2021-09-27 19:17:48", "elapsed": 339.697262, "delta": 1.405161}}
{"target": -11.504281025211538, "params": {"eta": 0.19013286540774327, "max_depth": 9.320923555606793, "n_estimators": 177.41373974418573}, "datetime": {"datetime": "2021-09-27 19:17:50", "elapsed": 341.849058, "delta": 2.151796}}
{"target": -11.49724105422864, "params": {"eta": 0.05, "max_depth": 7.117835889650314, "n_estimators": 138.38163793549936}, "datetime": {"datetime": "2021-09-27 19:17:53", "elapsed": 344.535753, "delta": 2.686695}}
{"target": -11.710116351357872, "params": {"eta": 0.32467372122293936, "max_depth": 5.015389218242205, "n_estimators": 139.37215893225985}, "datetime": {"datetime": "2021-09-27 19:17:55", "elapsed": 346.192357, "delta": 1.656604}}
{"target": -11.777634748069584, "params": {"eta": 0.1346388696526437, "max_depth": 9.610810106253684, "n_estimators": 183.9564249280736}, "datetime": {"datetime": "2021-09-27 19:17:57", "elapsed": 348.040523, "delta": 1.848166}}
{"target": -13.43705873485342, "params": {"eta": 0.06125736197612478, "max_depth": 2.1963174869011484, "n_estimators": 170.83305996139566}, "datetime": {"datetime": "2021-09-27 19:17:58", "elapsed": 349.494523, "delta": 1.454}}
{"target": -10.90121008275033, "params": {"eta": 0.10417304787460702, "max_depth": 5.782309347708813, "n_estimators": 189.00039697061158}, "datetime": {"datetime": "2021-09-27 19:18:00", "elapsed": 351.85202, "delta": 2.357497}}
{"target": -11.691206591446301, "params": {"eta": 0.38345041685214787, "max_depth": 8.777265898846931, "n_estimators": 135.43751142216288}, "datetime": {"datetime": "2021-09-27 19:18:02", "elapsed": 353.29302, "delta": 1.441}}
{"target": -11.530633150115351, "params": {"eta": 0.06003005508232916, "max_depth": 5.836450317902128, "n_estimators": 109.6808434011767}, "datetime": {"datetime": "2021-09-27 19:18:04", "elapsed": 355.429549, "delta": 2.136529}}
{"target": -10.943066752732369, "params": {"eta": 0.0862088853738465, "max_depth": 5.888689853451311, "n_estimators": 188.93207148729272}, "datetime": {"datetime": "2021-09-27 19:18:06", "elapsed": 357.569989, "delta": 2.14044}}
{"target": -11.60786280284995, "params": {"eta": 0.15907071458761274, "max_depth": 5.79767822782053, "n_estimators": 188.82002713150035}, "datetime": {"datetime": "2021-09-27 19:18:09", "elapsed": 360.360223, "delta": 2.790234}}
{"target": -12.529493416934192, "params": {"eta": 0.34768347347657763, "max_depth": 8.924029247358586, "n_estimators": 141.7995318939033}, "datetime": {"datetime": "2021-09-27 19:18:10", "elapsed": 361.823655, "delta": 1.463432}}
{"target": -12.034243004335273, "params": {"eta": 0.4036745267759597, "max_depth": 6.423639387428619, "n_estimators": 159.45709182267348}, "datetime": {"datetime": "2021-09-27 19:18:12", "elapsed": 363.451238, "delta": 1.627583}}
{"target": -11.341861228252483, "params": {"eta": 0.05893252626876208, "max_depth": 5.992269580650482, "n_estimators": 188.92362074123105}, "datetime": {"datetime": "2021-09-27 19:18:14", "elapsed": 365.892838, "delta": 2.4416}}
{"target": -11.737071788830198, "params": {"eta": 0.11714533450757288, "max_depth": 9.570523874211124, "n_estimators": 132.88702320435596}, "datetime": {"datetime": "2021-09-27 19:18:16", "elapsed": 367.798311, "delta": 1.905473}}
{"target": -11.223847173119838, "params": {"eta": 0.05741945250848912, "max_depth": 6.15999196881404, "n_estimators": 194.52898201136347}, "datetime": {"datetime": "2021-09-27 19:18:19", "elapsed": 370.501336, "delta": 2.703025}}
{"target": -13.124960849108799, "params": {"eta": 0.4823123785668857, "max_depth": 10.499222280142128, "n_estimators": 153.55412756368332}, "datetime": {"datetime": "2021-09-27 19:18:21", "elapsed": 372.424487, "delta": 1.923151}}
{"target": -11.184879133961777, "params": {"eta": 0.14088341625876843, "max_depth": 5.201157964324146, "n_estimators": 151.87895002824058}, "datetime": {"datetime": "2021-09-27 19:18:23", "elapsed": 374.877205, "delta": 2.452718}}
{"target": -11.787717247851925, "params": {"eta": 0.48041803406943445, "max_depth": 7.310952664674009, "n_estimators": 111.66724771301588}, "datetime": {"datetime": "2021-09-27 19:18:25", "elapsed": 376.332188, "delta": 1.454983}}
{"target": -11.96863550607481, "params": {"eta": 0.2976686581097251, "max_depth": 5.488663357574897, "n_estimators": 165.11258312806427}, "datetime": {"datetime": "2021-09-27 19:18:26", "elapsed": 377.894382, "delta": 1.562194}}
{"target": -12.769671008447292, "params": {"eta": 0.46145949110479706, "max_depth": 4.827873288412308, "n_estimators": 130.37750136443816}, "datetime": {"datetime": "2021-09-27 19:18:28", "elapsed": 379.509381, "delta": 1.614999}}
{"target": -11.721121589278189, "params": {"eta": 0.1506528097843487, "max_depth": 5.604690249403745, "n_estimators": 151.7068821006065}, "datetime": {"datetime": "2021-09-27 19:18:31", "elapsed": 382.097036, "delta": 2.587655}}
{"target": -11.922497391540203, "params": {"eta": 0.21380683052112082, "max_depth": 10.306310436344797, "n_estimators": 107.17397160897454}, "datetime": {"datetime": "2021-09-27 19:18:33", "elapsed": 384.329669, "delta": 2.232633}}
{"target": -11.118845209900774, "params": {"eta": 0.09446914522536384, "max_depth": 5.244476689986851, "n_estimators": 151.7691025228612}, "datetime": {"datetime": "2021-09-27 19:18:36", "elapsed": 387.244177, "delta": 2.914508}}
{"target": -11.52824153593895, "params": {"eta": 0.11498582899272713, "max_depth": 6.88106021840144, "n_estimators": 118.71950121111477}, "datetime": {"datetime": "2021-09-27 19:18:38", "elapsed": 389.577479, "delta": 2.333302}}
{"target": -11.64768304862692, "params": {"eta": 0.05514857168519779, "max_depth": 4.284630275740193, "n_estimators": 114.80709002369889}, "datetime": {"datetime": "2021-09-27 19:18:41", "elapsed": 392.531298, "delta": 2.953819}}
{"target": -11.408080869203955, "params": {"eta": 0.08430178229162322, "max_depth": 6.952181921414082, "n_estimators": 100.23956923098866}, "datetime": {"datetime": "2021-09-27 19:18:44", "elapsed": 395.262359, "delta": 2.731061}}
{"target": -11.487801755330267, "params": {"eta": 0.05542188722660213, "max_depth": 9.485558569040652, "n_estimators": 168.27591449247024}, "datetime": {"datetime": "2021-09-27 19:18:46", "elapsed": 397.912475, "delta": 2.650116}}
{"target": -11.332092280089375, "params": {"eta": 0.1938798602174232, "max_depth": 5.819136058025253, "n_estimators": 177.19854719879308}, "datetime": {"datetime": "2021-09-27 19:18:48", "elapsed": 399.591474, "delta": 1.678999}}
{"target": -11.793224272593577, "params": {"eta": 0.16845305476256023, "max_depth": 10.538968738821461, "n_estimators": 149.01567361869706}, "datetime": {"datetime": "2021-09-27 19:18:50", "elapsed": 401.557047, "delta": 1.965573}}
{"target": -11.494469865192233, "params": {"eta": 0.05, "max_depth": 5.834775321154991, "n_estimators": 110.32183669105301}, "datetime": {"datetime": "2021-09-27 19:18:53", "elapsed": 404.096616, "delta": 2.539569}}
{"target": -11.560770079315185, "params": {"eta": 0.17547644094762915, "max_depth": 4.155967839564149, "n_estimators": 152.47609757928706}, "datetime": {"datetime": "2021-09-27 19:18:55", "elapsed": 406.167973, "delta": 2.071357}}
{"target": -12.733864967307829, "params": {"eta": 0.31908572213230346, "max_depth": 2.4401686981284945, "n_estimators": 186.89089534841406}, "datetime": {"datetime": "2021-09-27 19:18:57", "elapsed": 408.343236, "delta": 2.175263}}
{"target": -11.230718260466311, "params": {"eta": 0.14579807138725714, "max_depth": 6.800671132706254, "n_estimators": 115.98687366317077}, "datetime": {"datetime": "2021-09-27 19:19:00", "elapsed": 411.634895, "delta": 3.291659}}
{"target": -11.804909045472552, "params": {"eta": 0.2611093778331023, "max_depth": 5.9701403663421955, "n_estimators": 109.60689759252826}, "datetime": {"datetime": "2021-09-27 19:19:04", "elapsed": 415.32426, "delta": 3.689365}}
{"target": -11.001273980113325, "params": {"eta": 0.10336132659217512, "max_depth": 6.458572678504308, "n_estimators": 109.36664852567172}, "datetime": {"datetime": "2021-09-27 19:19:07", "elapsed": 418.599461, "delta": 3.275201}}
{"target": -12.857719640659528, "params": {"eta": 0.1814028655307473, "max_depth": 2.926376325133078, "n_estimators": 132.08619139672658}, "datetime": {"datetime": "2021-09-27 19:19:09", "elapsed": 420.22433, "delta": 1.624869}}
{"target": -11.151046707163186, "params": {"eta": 0.10119838930704178, "max_depth": 6.314031174796767, "n_estimators": 109.30466359585867}, "datetime": {"datetime": "2021-09-27 19:19:12", "elapsed": 423.076466, "delta": 2.852136}}
{"target": -11.041606505853627, "params": {"eta": 0.1788972277135068, "max_depth": 6.841041445518604, "n_estimators": 115.76066777207393}, "datetime": {"datetime": "2021-09-27 19:19:15", "elapsed": 426.712397, "delta": 3.635931}}
{"target": -10.681281313858983, "params": {"eta": 0.105603532106023, "max_depth": 6.984158975156248, "n_estimators": 115.71801489131363}, "datetime": {"datetime": "2021-09-27 19:19:19", "elapsed": 430.401014, "delta": 3.688617}}
{"target": -11.80282614383267, "params": {"eta": 0.2183124509304709, "max_depth": 5.637769655088238, "n_estimators": 193.84207109575368}, "datetime": {"datetime": "2021-09-27 19:19:21", "elapsed": 432.602571, "delta": 2.201557}}
{"target": -11.068637846802684, "params": {"eta": 0.0815086195455011, "max_depth": 7.048479078069102, "n_estimators": 115.63749521820365}, "datetime": {"datetime": "2021-09-27 19:19:25", "elapsed": 436.244115, "delta": 3.641544}}
{"target": -10.905112199793649, "params": {"eta": 0.12679846240762876, "max_depth": 6.933594096272089, "n_estimators": 115.7270999632768}, "datetime": {"datetime": "2021-09-27 19:19:28", "elapsed": 439.532259, "delta": 3.288144}}
{"target": -11.782649179467903, "params": {"eta": 0.22260645605948431, "max_depth": 6.7479877205221435, "n_estimators": 115.84202681029569}, "datetime": {"datetime": "2021-09-27 19:19:32", "elapsed": 443.190356, "delta": 3.658097}}
{"target": -12.436777640107584, "params": {"eta": 0.33942810403136203, "max_depth": 4.870025230434123, "n_estimators": 169.10893414093053}, "datetime": {"datetime": "2021-09-27 19:19:34", "elapsed": 445.571732, "delta": 2.381376}}
{"target": -13.27340490526526, "params": {"eta": 0.4678831158828147, "max_depth": 4.687008237947978, "n_estimators": 103.48317870049449}, "datetime": {"datetime": "2021-09-27 19:19:36", "elapsed": 447.36561, "delta": 1.793878}}
{"target": -12.082699041505547, "params": {"eta": 0.23938919447203333, "max_depth": 9.846604488991296, "n_estimators": 133.78116252568748}, "datetime": {"datetime": "2021-09-27 19:19:38", "elapsed": 449.276257, "delta": 1.910647}}
{"target": -12.653121096994463, "params": {"eta": 0.22371314206718823, "max_depth": 2.786642564467571, "n_estimators": 166.83559681678003}, "datetime": {"datetime": "2021-09-27 19:19:40", "elapsed": 451.756901, "delta": 2.480644}}
{"target": -10.992917126403668, "params": {"eta": 0.13604277930022893, "max_depth": 7.8923000368640155, "n_estimators": 159.9009294402587}, "datetime": {"datetime": "2021-09-27 19:19:43", "elapsed": 454.297472, "delta": 2.540571}}
{"target": -11.180741971024451, "params": {"eta": 0.05410901610151292, "max_depth": 4.305593883328444, "n_estimators": 172.01234631893675}, "datetime": {"datetime": "2021-09-27 19:19:45", "elapsed": 456.598545, "delta": 2.301073}}
{"target": -11.610589593543063, "params": {"eta": 0.3741093819362298, "max_depth": 10.179281275524772, "n_estimators": 157.5379443432571}, "datetime": {"datetime": "2021-09-27 19:19:47", "elapsed": 458.418546, "delta": 1.820001}}
{"target": -11.47780606694565, "params": {"eta": 0.1805490881391898, "max_depth": 5.631670199891773, "n_estimators": 189.03942223478165}, "datetime": {"datetime": "2021-09-27 19:19:51", "elapsed": 462.736818, "delta": 4.318272}}
{"target": -11.607323136639797, "params": {"eta": 0.20828462944031073, "max_depth": 6.656887946413983, "n_estimators": 138.0873588703713}, "datetime": {"datetime": "2021-09-27 19:19:55", "elapsed": 466.495104, "delta": 3.758286}}
{"target": -11.853942504652615, "params": {"eta": 0.43498614242418787, "max_depth": 6.24598191751932, "n_estimators": 147.0536934068566}, "datetime": {"datetime": "2021-09-27 19:19:57", "elapsed": 468.896557, "delta": 2.401453}}
{"target": -11.524787629320974, "params": {"eta": 0.3673178104502894, "max_depth": 11.012496894538756, "n_estimators": 172.30062622843485}, "datetime": {"datetime": "2021-09-27 19:19:59", "elapsed": 470.787466, "delta": 1.890909}}
{"target": -11.704688354402762, "params": {"eta": 0.47717389896487594, "max_depth": 7.003374115048549, "n_estimators": 172.36480923730562}, "datetime": {"datetime": "2021-09-27 19:20:01", "elapsed": 472.776106, "delta": 1.98864}}
{"target": -12.454125657278366, "params": {"eta": 0.24054979469977106, "max_depth": 6.356553202545346, "n_estimators": 109.1732166959253}, "datetime": {"datetime": "2021-09-27 19:20:04", "elapsed": 475.985433, "delta": 3.209327}}
{"target": -11.814329347135203, "params": {"eta": 0.40106971498583976, "max_depth": 5.662335472375671, "n_estimators": 121.26985336007526}, "datetime": {"datetime": "2021-09-27 19:20:06", "elapsed": 477.892944, "delta": 1.907511}}
{"target": -11.279258105757377, "params": {"eta": 0.08814962911506308, "max_depth": 7.159443215772147, "n_estimators": 118.30369906732471}, "datetime": {"datetime": "2021-09-27 19:20:10", "elapsed": 481.438852, "delta": 3.545908}}
{"target": -11.951847716306697, "params": {"eta": 0.3125854628560375, "max_depth": 7.088156497271968, "n_estimators": 115.8181348473145}, "datetime": {"datetime": "2021-09-27 19:20:13", "elapsed": 484.57297, "delta": 3.134118}}
{"target": -11.469757746187078, "params": {"eta": 0.26222986193176406, "max_depth": 7.8585904389753205, "n_estimators": 159.92321579491193}, "datetime": {"datetime": "2021-09-27 19:20:16", "elapsed": 487.724326, "delta": 3.151356}}
{"target": -11.30283335828692, "params": {"eta": 0.36570678985854566, "max_depth": 7.513868920736228, "n_estimators": 150.36321108123423}, "datetime": {"datetime": "2021-09-27 19:20:18", "elapsed": 489.624556, "delta": 1.90023}}
{"target": -12.016205650360593, "params": {"eta": 0.33129361444536143, "max_depth": 9.109098438949644, "n_estimators": 141.8145244034604}, "datetime": {"datetime": "2021-09-27 19:20:20", "elapsed": 491.82451, "delta": 2.199954}}
{"target": -12.584264396300535, "params": {"eta": 0.40376934849609836, "max_depth": 9.789409185291337, "n_estimators": 144.3783477616972}, "datetime": {"datetime": "2021-09-27 19:20:22", "elapsed": 493.608699, "delta": 1.784189}}
{"target": -11.460611034494429, "params": {"eta": 0.11405439481450272, "max_depth": 7.764028376006534, "n_estimators": 159.9119600836963}, "datetime": {"datetime": "2021-09-27 19:20:25", "elapsed": 496.952246, "delta": 3.343547}}
{"target": -11.526206998321351, "params": {"eta": 0.0841602813477611, "max_depth": 11.12777205119451, "n_estimators": 161.55545523083964}, "datetime": {"datetime": "2021-09-27 19:20:30", "elapsed": 501.326246, "delta": 4.374}}
{"target": -11.650044386039378, "params": {"eta": 0.43347497859714457, "max_depth": 8.452849219267021, "n_estimators": 134.63146601182848}, "datetime": {"datetime": "2021-09-27 19:20:32", "elapsed": 503.202409, "delta": 1.876163}}
{"target": -13.103621497192128, "params": {"eta": 0.495616588407438, "max_depth": 4.122331266409406, "n_estimators": 119.23399531131496}, "datetime": {"datetime": "2021-09-27 19:20:34", "elapsed": 505.07286, "delta": 1.870451}}
{"target": -11.429750631222362, "params": {"eta": 0.4612602584248309, "max_depth": 5.81701052085935, "n_estimators": 110.65957574451055}, "datetime": {"datetime": "2021-09-27 19:20:36", "elapsed": 507.330225, "delta": 2.257365}}
{"target": -11.615026000360958, "params": {"eta": 0.1272468170119053, "max_depth": 11.982677751478459, "n_estimators": 136.76012164052153}, "datetime": {"datetime": "2021-09-27 19:20:38", "elapsed": 509.923938, "delta": 2.593713}}
{"target": -11.548028643802564, "params": {"eta": 0.07520123242876187, "max_depth": 3.4754733991169733, "n_estimators": 168.4753160890906}, "datetime": {"datetime": "2021-09-27 19:20:41", "elapsed": 512.076693, "delta": 2.152755}}
{"target": -11.157781380473644, "params": {"eta": 0.06179311157662171, "max_depth": 7.191162091699865, "n_estimators": 118.58504455487733}, "datetime": {"datetime": "2021-09-27 19:20:44", "elapsed": 516.018181, "delta": 3.941488}}
{"target": -11.22965259029995, "params": {"eta": 0.07728394950104603, "max_depth": 7.948321725307589, "n_estimators": 160.011468031591}, "datetime": {"datetime": "2021-09-27 19:20:49", "elapsed": 520.599648, "delta": 4.581467}}
{"target": -11.201052512556773, "params": {"eta": 0.16977495959957206, "max_depth": 6.429809014694163, "n_estimators": 109.47673653850158}, "datetime": {"datetime": "2021-09-27 19:20:53", "elapsed": 524.1277, "delta": 3.528052}}
{"target": -11.533865859707875, "params": {"eta": 0.14480969269970356, "max_depth": 9.706640415921191, "n_estimators": 158.0869163016474}, "datetime": {"datetime": "2021-09-27 19:20:55", "elapsed": 526.660098, "delta": 2.532398}}
