{"target": 0.8137378770668857, "params": {"eta": 0.5533253688880515, "max_depth": 7.436704297351775, "n_estimators": 6.4248703846447945}, "datetime": {"datetime": "2021-09-17 15:46:39", "elapsed": 0.0, "delta": 0.0}}
{"target": 0.8026140547068783, "params": {"eta": 0.5494343511669278, "max_depth": 4.812893194050142, "n_estimators": 6.813047017599905}, "datetime": {"datetime": "2021-09-17 15:46:39", "elapsed": 0.036002, "delta": 0.036002}}
{"target": 0.8515571272316307, "params": {"eta": 0.4432113391500656, "max_depth": 9.025957007038718, "n_estimators": 9.672964844509263}, "datetime": {"datetime": "2021-09-17 15:46:39", "elapsed": 0.102229, "delta": 0.066227}}
{"target": 0.7701495704622305, "params": {"eta": 0.38960710363751994, "max_depth": 8.12552534274398, "n_estimators": 5.76005427777614}, "datetime": {"datetime": "2021-09-17 15:46:39", "elapsed": 0.144225, "delta": 0.041996}}
{"target": -0.5528658065766376, "params": {"eta": 0.572364115482993, "max_depth": 9.330369744633948, "n_estimators": 1.6393245237809824}, "datetime": {"datetime": "2021-09-17 15:46:39", "elapsed": 0.168223, "delta": 0.023998}}
{"target": -0.746257840301819, "params": {"eta": 0.09625800670452529, "max_depth": 1.1819655769629316, "n_estimators": 8.493578609931442}, "datetime": {"datetime": "2021-09-17 15:46:39", "elapsed": 0.199226, "delta": 0.031003}}
{"target": 0.7685581905995614, "params": {"eta": 0.780375183440352, "max_depth": 8.830109334221373, "n_estimators": 9.807565080094877}, "datetime": {"datetime": "2021-09-17 15:46:39", "elapsed": 0.268223, "delta": 0.068997}}
{"target": 0.771337134348754, "params": {"eta": 0.8011669785745563, "max_depth": 5.153314260276387, "n_estimators": 8.024762586578099}, "datetime": {"datetime": "2021-09-17 15:46:39", "elapsed": 0.309227, "delta": 0.041004}}
{"target": 0.4522557239459628, "params": {"eta": 1.0, "max_depth": 1.0, "n_estimators": 1.0}, "datetime": {"datetime": "2021-09-17 15:46:39", "elapsed": 0.54623, "delta": 0.237003}}
{"target": -4.339508573852939, "params": {"eta": 0.01, "max_depth": 10.0, "n_estimators": 7.367113620323023}, "datetime": {"datetime": "2021-09-17 15:46:40", "elapsed": 0.806227, "delta": 0.259997}}
{"target": 0.7567385469643877, "params": {"eta": 0.47602063203320366, "max_depth": 6.441155537082051, "n_estimators": 4.87777729546081}, "datetime": {"datetime": "2021-09-17 15:46:40", "elapsed": 1.175226, "delta": 0.368999}}
{"target": -4.149890218371371, "params": {"eta": 0.01, "max_depth": 6.80764937763847, "n_estimators": 9.902537072566723}, "datetime": {"datetime": "2021-09-17 15:46:41", "elapsed": 1.618226, "delta": 0.443}}
{"target": 0.6813853589905341, "params": {"eta": 1.0, "max_depth": 7.920710006720754, "n_estimators": 4.1160463187831215}, "datetime": {"datetime": "2021-09-17 15:46:41", "elapsed": 2.143304, "delta": 0.525078}}
{"target": 0.7276945885098409, "params": {"eta": 0.8744066700102703, "max_depth": 4.254457507976423, "n_estimators": 4.832106512975912}, "datetime": {"datetime": "2021-09-17 15:46:41", "elapsed": 2.474306, "delta": 0.331002}}
{"target": 0.7235812954816632, "params": {"eta": 1.0, "max_depth": 5.477919430356024, "n_estimators": 3.038017220497691}, "datetime": {"datetime": "2021-09-17 15:46:42", "elapsed": 2.948304, "delta": 0.473998}}
{"target": 0.7237664609345501, "params": {"eta": 0.8954175321156147, "max_depth": 3.2560666511483, "n_estimators": 2.7577335343709226}, "datetime": {"datetime": "2021-09-17 15:46:42", "elapsed": 3.564305, "delta": 0.616001}}
{"target": -2.8568915424211143, "params": {"eta": 0.22928176905153597, "max_depth": 4.326214908274135, "n_estimators": 1.0180621888837247}, "datetime": {"datetime": "2021-09-17 15:46:43", "elapsed": 3.965303, "delta": 0.400998}}
{"target": 0.6885773775628986, "params": {"eta": 1.0, "max_depth": 2.259904414268144, "n_estimators": 4.210653730696238}, "datetime": {"datetime": "2021-09-17 15:46:43", "elapsed": 4.354585, "delta": 0.389282}}
{"target": -4.858788719099694, "params": {"eta": 0.01, "max_depth": 1.230460498762752, "n_estimators": 2.890417711984455}, "datetime": {"datetime": "2021-09-17 15:46:44", "elapsed": 4.650304, "delta": 0.295719}}
{"target": 0.7327041445377993, "params": {"eta": 1.0, "max_depth": 6.020770315976982, "n_estimators": 6.273132549547861}, "datetime": {"datetime": "2021-09-17 15:46:44", "elapsed": 5.0633, "delta": 0.412996}}
{"target": 0.6996118706377333, "params": {"eta": 1.0, "max_depth": 2.8288070990619603, "n_estimators": 5.8286444984982255}, "datetime": {"datetime": "2021-09-17 15:46:44", "elapsed": 5.4523, "delta": 0.389}}
{"target": 0.7829075865020256, "params": {"eta": 0.9865527980297207, "max_depth": 3.444839480363121, "n_estimators": 7.632311539201137}, "datetime": {"datetime": "2021-09-17 15:46:45", "elapsed": 5.7203, "delta": 0.268}}
{"target": -4.746302963651941, "params": {"eta": 0.01, "max_depth": 6.970400448836528, "n_estimators": 3.068815513608713}, "datetime": {"datetime": "2021-09-17 15:46:45", "elapsed": 6.064303, "delta": 0.344003}}
{"target": 0.7385775171630314, "params": {"eta": 1.0, "max_depth": 4.261422729777513, "n_estimators": 3.526973181418902}, "datetime": {"datetime": "2021-09-17 15:46:45", "elapsed": 6.4523, "delta": 0.387997}}
{"target": -4.644976403353178, "params": {"eta": 0.01, "max_depth": 3.2006354279947176, "n_estimators": 4.726598232084343}, "datetime": {"datetime": "2021-09-17 15:46:46", "elapsed": 6.787302, "delta": 0.335002}}
{"target": 0.7519648025791492, "params": {"eta": 0.9160102557233397, "max_depth": 7.221294118434748, "n_estimators": 5.516600719259271}, "datetime": {"datetime": "2021-09-17 15:46:46", "elapsed": 7.210301, "delta": 0.422999}}
{"target": 0.7295955244115417, "params": {"eta": 1.0, "max_depth": 5.312598236710111, "n_estimators": 4.459976630863694}, "datetime": {"datetime": "2021-09-17 15:46:47", "elapsed": 7.625341, "delta": 0.41504}}
{"target": -0.5198743887510131, "params": {"eta": 0.14648763666152148, "max_depth": 5.369899960490648, "n_estimators": 5.580166778084851}, "datetime": {"datetime": "2021-09-17 15:46:47", "elapsed": 7.989342, "delta": 0.364001}}
{"target": 0.7554636054038517, "params": {"eta": 0.9920217386911112, "max_depth": 3.812403885526173, "n_estimators": 6.403843979455803}, "datetime": {"datetime": "2021-09-17 15:46:47", "elapsed": 8.394604, "delta": 0.405262}}
{"target": 0.7083763109869012, "params": {"eta": 0.9974438673711079, "max_depth": 2.0685014834174145, "n_estimators": 6.884313221342955}, "datetime": {"datetime": "2021-09-17 15:46:48", "elapsed": 8.755607, "delta": 0.361003}}
{"target": 0.6992594803952312, "params": {"eta": 1.0, "max_depth": 1.2877091136525713, "n_estimators": 5.529249057429745}, "datetime": {"datetime": "2021-09-17 15:46:48", "elapsed": 9.177601, "delta": 0.421994}}
{"target": 0.6951687092618875, "params": {"eta": 1.0, "max_depth": 9.217058563366177, "n_estimators": 4.606011221211194}, "datetime": {"datetime": "2021-09-17 15:46:48", "elapsed": 9.526601, "delta": 0.349}}
{"target": -4.245468431692314, "params": {"eta": 0.01, "max_depth": 3.949811058682869, "n_estimators": 8.593062087001861}, "datetime": {"datetime": "2021-09-17 15:46:49", "elapsed": 9.832826, "delta": 0.306225}}
{"target": 0.7259309705966397, "params": {"eta": 1.0, "max_depth": 6.2769491644501, "n_estimators": 7.520057138252005}, "datetime": {"datetime": "2021-09-17 15:46:49", "elapsed": 10.287432, "delta": 0.454606}}
{"target": -4.339508573852939, "params": {"eta": 0.01, "max_depth": 6.142108134636852, "n_estimators": 7.054333468601936}, "datetime": {"datetime": "2021-09-17 15:46:50", "elapsed": 10.670431, "delta": 0.382999}}
{"target": 0.7422844753909387, "params": {"eta": 0.5485759518689908, "max_depth": 2.936173149607731, "n_estimators": 6.808251621045553}, "datetime": {"datetime": "2021-09-17 15:46:50", "elapsed": 11.04843, "delta": 0.377999}}
{"target": -2.3741252065521747, "params": {"eta": 0.07791504778127907, "max_depth": 8.450371443065187, "n_estimators": 4.636381585426427}, "datetime": {"datetime": "2021-09-17 15:46:50", "elapsed": 11.367431, "delta": 0.319001}}
{"target": 0.756543941960715, "params": {"eta": 0.49845182461744514, "max_depth": 2.9182778181515943, "n_estimators": 6.80884467791693}, "datetime": {"datetime": "2021-09-17 15:46:50", "elapsed": 11.55143, "delta": 0.183999}}
{"target": 0.7782954484903939, "params": {"eta": 1.0, "max_depth": 4.767736140870209, "n_estimators": 5.835992003208172}, "datetime": {"datetime": "2021-09-17 15:46:51", "elapsed": 11.921431, "delta": 0.370001}}
{"target": -4.475637543614617, "params": {"eta": 0.01, "max_depth": 1.464864428453919, "n_estimators": 6.396495898677918}, "datetime": {"datetime": "2021-09-17 15:46:51", "elapsed": 12.426585, "delta": 0.505154}}
{"target": 0.7718551859126739, "params": {"eta": 1.0, "max_depth": 4.384624404176377, "n_estimators": 7.347049299121778}, "datetime": {"datetime": "2021-09-17 15:46:52", "elapsed": 12.800588, "delta": 0.374003}}
{"target": 0.6961291677831043, "params": {"eta": 1.0, "max_depth": 9.939178088419947, "n_estimators": 10.0}, "datetime": {"datetime": "2021-09-17 15:46:52", "elapsed": 13.284585, "delta": 0.483997}}
{"target": 0.7244125504416872, "params": {"eta": 0.9694455920540335, "max_depth": 8.413449142134914, "n_estimators": 6.572701574150593}, "datetime": {"datetime": "2021-09-17 15:46:53", "elapsed": 13.728587, "delta": 0.444002}}
{"target": 0.6913657585592221, "params": {"eta": 1.0, "max_depth": 7.6302981879051845, "n_estimators": 7.627517128591058}, "datetime": {"datetime": "2021-09-17 15:46:53", "elapsed": 14.211815, "delta": 0.483228}}
{"target": 0.709960617854438, "params": {"eta": 1.0, "max_depth": 10.0, "n_estimators": 3.619675233408173}, "datetime": {"datetime": "2021-09-17 15:46:54", "elapsed": 14.626817, "delta": 0.415002}}
{"target": 0.69813943067239, "params": {"eta": 1.0, "max_depth": 8.912668901682762, "n_estimators": 3.3184715641444895}, "datetime": {"datetime": "2021-09-17 15:46:54", "elapsed": 15.195566, "delta": 0.568749}}
{"target": 0.7160387267216928, "params": {"eta": 1.0, "max_depth": 8.599605808462465, "n_estimators": 8.654472045426}, "datetime": {"datetime": "2021-09-17 15:46:55", "elapsed": 15.679567, "delta": 0.484001}}
{"target": 0.7209706572033701, "params": {"eta": 1.0, "max_depth": 2.322752966826812, "n_estimators": 7.970401027976621}, "datetime": {"datetime": "2021-09-17 15:46:55", "elapsed": 16.105564, "delta": 0.425997}}
{"target": 0.6545534755708191, "params": {"eta": 1.0, "max_depth": 1.0, "n_estimators": 4.553592698111978}, "datetime": {"datetime": "2021-09-17 15:46:56", "elapsed": 16.582564, "delta": 0.477}}
{"target": 0.7079462329231616, "params": {"eta": 1.0, "max_depth": 1.0, "n_estimators": 10.0}, "datetime": {"datetime": "2021-09-17 15:46:56", "elapsed": 16.992563, "delta": 0.409999}}
{"target": 0.7563265638756822, "params": {"eta": 0.9909912140242714, "max_depth": 2.227395638166441, "n_estimators": 9.803918534335528}, "datetime": {"datetime": "2021-09-17 15:46:56", "elapsed": 17.455622, "delta": 0.463059}}
{"target": -4.120274767911457, "params": {"eta": 0.01, "max_depth": 1.6437859490832856, "n_estimators": 10.0}, "datetime": {"datetime": "2021-09-17 15:46:57", "elapsed": 18.060644, "delta": 0.605022}}
{"target": -2.2153073154923395, "params": {"eta": 0.11233357878531043, "max_depth": 4.974530854022053, "n_estimators": 3.6615855668230384}, "datetime": {"datetime": "2021-09-17 15:46:58", "elapsed": 18.591026, "delta": 0.530382}}
{"target": 0.7055298377468212, "params": {"eta": 1.0, "max_depth": 4.429299994832305, "n_estimators": 2.5213641672526563}, "datetime": {"datetime": "2021-09-17 15:46:58", "elapsed": 19.090026, "delta": 0.499}}
{"target": -4.849053839696653, "params": {"eta": 0.01, "max_depth": 10.0, "n_estimators": 2.984943891075346}, "datetime": {"datetime": "2021-09-17 15:46:58", "elapsed": 19.574024, "delta": 0.483998}}
{"target": 0.7022752685894831, "params": {"eta": 0.9993127274696569, "max_depth": 9.553234950979865, "n_estimators": 9.081741392520364}, "datetime": {"datetime": "2021-09-17 15:46:59", "elapsed": 20.115003, "delta": 0.540979}}
{"target": 0.7088868909913291, "params": {"eta": 1.0, "max_depth": 10.0, "n_estimators": 5.281940138129157}, "datetime": {"datetime": "2021-09-17 15:47:00", "elapsed": 20.674004, "delta": 0.559001}}
{"target": 0.6463688258184356, "params": {"eta": 1.0, "max_depth": 2.3088098958322156, "n_estimators": 1.0}, "datetime": {"datetime": "2021-09-17 15:47:00", "elapsed": 21.192004, "delta": 0.518}}
{"target": -4.059156866953517, "params": {"eta": 0.01, "max_depth": 10.0, "n_estimators": 10.0}, "datetime": {"datetime": "2021-09-17 15:47:01", "elapsed": 21.630005, "delta": 0.438001}}
{"target": 0.7304476078439679, "params": {"eta": 1.0, "max_depth": 5.928346101655415, "n_estimators": 5.319792823045783}, "datetime": {"datetime": "2021-09-17 15:47:01", "elapsed": 22.20231, "delta": 0.572305}}
{"target": -4.441271987317182, "params": {"eta": 0.01, "max_depth": 3.9061270157156485, "n_estimators": 6.708187736875733}, "datetime": {"datetime": "2021-09-17 15:47:02", "elapsed": 22.67531, "delta": 0.473}}
{"target": 0.7219309453562259, "params": {"eta": 0.9733362834328835, "max_depth": 8.944513979028429, "n_estimators": 5.8077078250189995}, "datetime": {"datetime": "2021-09-17 15:47:02", "elapsed": 23.203313, "delta": 0.528003}}
{"target": 0.7756501317003176, "params": {"eta": 0.9494676968905369, "max_depth": 5.2697960523328575, "n_estimators": 7.261133705594121}, "datetime": {"datetime": "2021-09-17 15:47:03", "elapsed": 23.787308, "delta": 0.583995}}
{"target": -4.438533474127182, "params": {"eta": 0.01, "max_depth": 8.156751119842099, "n_estimators": 6.781136300163521}, "datetime": {"datetime": "2021-09-17 15:47:03", "elapsed": 24.431002, "delta": 0.643694}}
{"target": 0.6833749566016132, "params": {"eta": 1.0, "max_depth": 7.888087419931729, "n_estimators": 5.9755919080416025}, "datetime": {"datetime": "2021-09-17 15:47:04", "elapsed": 25.201687, "delta": 0.770685}}
{"target": -1.638025146897395, "params": {"eta": 0.08916185885751259, "max_depth": 7.052466472173053, "n_estimators": 5.587971625428289}, "datetime": {"datetime": "2021-09-17 15:47:05", "elapsed": 26.065679, "delta": 0.863992}}
{"target": 0.6875394334580627, "params": {"eta": 1.0, "max_depth": 7.027246164371641, "n_estimators": 6.820617857162545}, "datetime": {"datetime": "2021-09-17 15:47:06", "elapsed": 26.695276, "delta": 0.629597}}
{"target": 0.6545534755708191, "params": {"eta": 1.0, "max_depth": 1.8836399030763136, "n_estimators": 4.975023262119537}, "datetime": {"datetime": "2021-09-17 15:47:06", "elapsed": 27.376283, "delta": 0.681007}}
{"target": 0.7092956234485557, "params": {"eta": 1.0, "max_depth": 10.0, "n_estimators": 4.417505813691684}, "datetime": {"datetime": "2021-09-17 15:47:07", "elapsed": 27.952278, "delta": 0.575995}}
{"target": 0.7380422379042622, "params": {"eta": 0.9755636060718301, "max_depth": 6.63836454153292, "n_estimators": 4.357869894209527}, "datetime": {"datetime": "2021-09-17 15:47:07", "elapsed": 28.469826, "delta": 0.517548}}
{"target": 0.7242497802063959, "params": {"eta": 1.0, "max_depth": 6.060176063798049, "n_estimators": 8.471309014253423}, "datetime": {"datetime": "2021-09-17 15:47:08", "elapsed": 29.167826, "delta": 0.698}}
{"target": 0.7622251289281117, "params": {"eta": 0.9794496065879613, "max_depth": 6.9919031517167065, "n_estimators": 8.30883206722854}, "datetime": {"datetime": "2021-09-17 15:47:09", "elapsed": 29.878994, "delta": 0.711168}}
{"target": 0.6463688258184356, "params": {"eta": 1.0, "max_depth": 2.937160047241592, "n_estimators": 1.8188459602222364}, "datetime": {"datetime": "2021-09-17 15:47:09", "elapsed": 30.507683, "delta": 0.628689}}
{"target": 0.6501747830093738, "params": {"eta": 1.0, "max_depth": 7.8886565115596845, "n_estimators": 1.0}, "datetime": {"datetime": "2021-09-17 15:47:10", "elapsed": 30.954682, "delta": 0.446999}}
{"target": 0.5979062331087877, "params": {"eta": 0.9439142717598141, "max_depth": 6.610576899285821, "n_estimators": 1.1418342461712965}, "datetime": {"datetime": "2021-09-17 15:47:10", "elapsed": 31.504685, "delta": 0.550003}}
{"target": -4.722836143713354, "params": {"eta": 0.03187644176442328, "max_depth": 7.213001319827992, "n_estimators": 1.0239817436003034}, "datetime": {"datetime": "2021-09-17 15:47:11", "elapsed": 32.080684, "delta": 0.575999}}
{"target": 0.6501747830093738, "params": {"eta": 1.0, "max_depth": 5.710091410776728, "n_estimators": 1.8818002670525962}, "datetime": {"datetime": "2021-09-17 15:47:12", "elapsed": 32.655944, "delta": 0.57526}}
{"target": -4.519465388659004, "params": {"eta": 0.05530033913514789, "max_depth": 1.8189103073539095, "n_estimators": 1.0104734341132553}, "datetime": {"datetime": "2021-09-17 15:47:12", "elapsed": 33.181945, "delta": 0.526001}}
{"target": -0.5310364675971873, "params": {"eta": 0.08350136370045805, "max_depth": 8.43108591571982, "n_estimators": 9.001675991279546}, "datetime": {"datetime": "2021-09-17 15:47:13", "elapsed": 33.730945, "delta": 0.549}}
{"target": 0.7423370352579843, "params": {"eta": 1.0, "max_depth": 2.5911907999422015, "n_estimators": 8.95165512572751}, "datetime": {"datetime": "2021-09-17 15:47:13", "elapsed": 34.333944, "delta": 0.602999}}
{"target": 0.7810654235882433, "params": {"eta": 0.9750570179353438, "max_depth": 3.4978448593537803, "n_estimators": 9.889418419432385}, "datetime": {"datetime": "2021-09-17 15:47:14", "elapsed": 34.898694, "delta": 0.56475}}
{"target": 0.7050158404070046, "params": {"eta": 1.0, "max_depth": 1.5577077052660107, "n_estimators": 8.95310320793237}, "datetime": {"datetime": "2021-09-17 15:47:14", "elapsed": 35.446699, "delta": 0.548005}}
{"target": 0.779086233333676, "params": {"eta": 1.0, "max_depth": 4.700180377635137, "n_estimators": 10.0}, "datetime": {"datetime": "2021-09-17 15:47:15", "elapsed": 36.029698, "delta": 0.582999}}
{"target": 0.7207880235738, "params": {"eta": 0.9989763371394305, "max_depth": 5.103818468376781, "n_estimators": 8.941640326695737}, "datetime": {"datetime": "2021-09-17 15:47:16", "elapsed": 36.881697, "delta": 0.851999}}
{"target": 0.6872462668547894, "params": {"eta": 1.0, "max_depth": 8.283536501866232, "n_estimators": 2.106183292253776}, "datetime": {"datetime": "2021-09-17 15:47:16", "elapsed": 37.483764, "delta": 0.602067}}
{"target": 0.7123890392971453, "params": {"eta": 1.0, "max_depth": 1.0, "n_estimators": 7.833622626820005}, "datetime": {"datetime": "2021-09-17 15:47:17", "elapsed": 38.000764, "delta": 0.517}}
{"target": -3.3254288805959256, "params": {"eta": 0.03696565091511389, "max_depth": 9.81981169415112, "n_estimators": 5.260325553316697}, "datetime": {"datetime": "2021-09-17 15:47:18", "elapsed": 38.645763, "delta": 0.644999}}
{"target": 0.6501747830093738, "params": {"eta": 1.0, "max_depth": 8.774950097123222, "n_estimators": 1.0}, "datetime": {"datetime": "2021-09-17 15:47:18", "elapsed": 39.285761, "delta": 0.639998}}
{"target": 0.7197472065009518, "params": {"eta": 1.0, "max_depth": 3.230400984301135, "n_estimators": 3.6773969923394}, "datetime": {"datetime": "2021-09-17 15:47:19", "elapsed": 39.861507, "delta": 0.575746}}
{"target": 0.6501747830093738, "params": {"eta": 1.0, "max_depth": 5.715820660900179, "n_estimators": 1.0}, "datetime": {"datetime": "2021-09-17 15:47:19", "elapsed": 40.375481, "delta": 0.513974}}
{"target": 0.6501747830093738, "params": {"eta": 1.0, "max_depth": 10.0, "n_estimators": 1.0}, "datetime": {"datetime": "2021-09-17 15:47:20", "elapsed": 40.881479, "delta": 0.505998}}
{"target": 0.7170558940118665, "params": {"eta": 1.0, "max_depth": 8.137673769829108, "n_estimators": 5.058915995476116}, "datetime": {"datetime": "2021-09-17 15:47:20", "elapsed": 41.53348, "delta": 0.652001}}
{"target": 0.724284576974129, "params": {"eta": 1.0, "max_depth": 5.03977271339991, "n_estimators": 6.528939660467332}, "datetime": {"datetime": "2021-09-17 15:47:21", "elapsed": 42.28205, "delta": 0.74857}}
{"target": -0.3867456941496781, "params": {"eta": 0.08976725979351682, "max_depth": 4.807026207831948, "n_estimators": 9.968803776598907}, "datetime": {"datetime": "2021-09-17 15:47:22", "elapsed": 43.184048, "delta": 0.901998}}
{"target": -4.847338114641083, "params": {"eta": 0.020032486520054408, "max_depth": 9.990744060936155, "n_estimators": 1.0371038690688335}, "datetime": {"datetime": "2021-09-17 15:47:23", "elapsed": 44.099046, "delta": 0.914998}}
{"target": 0.7201803488341264, "params": {"eta": 1.0, "max_depth": 5.622984989174317, "n_estimators": 10.0}, "datetime": {"datetime": "2021-09-17 15:47:24", "elapsed": 44.839422, "delta": 0.740376}}
{"target": 0.06379001679243712, "params": {"eta": 0.15166984062649255, "max_depth": 2.446146454288257, "n_estimators": 7.6227365163114795}, "datetime": {"datetime": "2021-09-17 15:47:25", "elapsed": 45.665422, "delta": 0.826}}
{"target": -4.848640155733831, "params": {"eta": 0.01, "max_depth": 3.6720931783691935, "n_estimators": 2.593395934679088}, "datetime": {"datetime": "2021-09-17 15:47:26", "elapsed": 46.576194, "delta": 0.910772}}
{"target": 0.6944837460473858, "params": {"eta": 0.9793344257124005, "max_depth": 2.4202194305688502, "n_estimators": 2.859122282705239}, "datetime": {"datetime": "2021-09-17 15:47:27", "elapsed": 47.792253, "delta": 1.216059}}
{"target": 0.7062162029821194, "params": {"eta": 1.0, "max_depth": 9.181387463137606, "n_estimators": 2.3447571131993}, "datetime": {"datetime": "2021-09-17 15:47:28", "elapsed": 48.794988, "delta": 1.002735}}
{"target": 0.7601609383052638, "params": {"eta": 0.9624269122720781, "max_depth": 7.7524342106129795, "n_estimators": 8.939036918745561}, "datetime": {"datetime": "2021-09-17 15:47:28", "elapsed": 49.489988, "delta": 0.695}}
{"target": 0.6611936713337884, "params": {"eta": 1.0, "max_depth": 3.224227679156891, "n_estimators": 1.0}, "datetime": {"datetime": "2021-09-17 15:47:29", "elapsed": 50.04368, "delta": 0.553692}}
