{"target": 0.8427923602097726, "params": {"eta": 0.4487815749292675, "max_depth": 16.411179320525008, "n_estimators": 17.4712415225761}, "datetime": {"datetime": "2021-09-17 18:39:02", "elapsed": 631.465207, "delta": 1.750648}}
{"target": 0.8227934567019498, "params": {"eta": 0.5268714447839695, "max_depth": 7.580876369653547, "n_estimators": 18.85033600307818}, "datetime": {"datetime": "2021-09-17 18:39:05", "elapsed": 634.358999, "delta": 2.893792}}
{"target": 0.8291579171917765, "params": {"eta": 0.14940123520049856, "max_depth": 7.778708392521798, "n_estimators": 19.144233038567624}, "datetime": {"datetime": "2021-09-17 18:39:09", "elapsed": 637.627156, "delta": 3.268157}}
{"target": 0.688184746059701, "params": {"eta": 0.11432059101160204, "max_depth": 16.258179133242415, "n_estimators": 17.33761052613889}, "datetime": {"datetime": "2021-09-17 18:39:12", "elapsed": 641.132848, "delta": 3.505692}}
{"target": 0.831437627678882, "params": {"eta": 0.2861531226022854, "max_depth": 13.647132027180948, "n_estimators": 15.97580445395578}, "datetime": {"datetime": "2021-09-17 18:39:14", "elapsed": 642.851686, "delta": 1.718838}}
{"target": 0.6426452337485931, "params": {"eta": 0.1111534767530364, "max_depth": 16.698078585704955, "n_estimators": 16.78270754236421}, "datetime": {"datetime": "2021-09-17 18:39:16", "elapsed": 645.368072, "delta": 2.516386}}
{"target": 0.8224366031497039, "params": {"eta": 0.1706584052000853, "max_depth": 16.797324352907516, "n_estimators": 20.0}, "datetime": {"datetime": "2021-09-17 18:39:19", "elapsed": 648.048712, "delta": 2.68064}}
{"target": 0.781700230408193, "params": {"eta": 0.5986094044671582, "max_depth": 10.743063397411488, "n_estimators": 15.451743789806752}, "datetime": {"datetime": "2021-09-17 18:39:21", "elapsed": 649.755039, "delta": 1.706327}}
{"target": 0.7474499042722199, "params": {"eta": 0.7360173365529471, "max_depth": 16.945196146245458, "n_estimators": 16.888432187165076}, "datetime": {"datetime": "2021-09-17 18:39:24", "elapsed": 652.718606, "delta": 2.963567}}
{"target": 0.8201541101868602, "params": {"eta": 0.41594751963360355, "max_depth": 17.33228968813479, "n_estimators": 17.75298651330999}, "datetime": {"datetime": "2021-09-17 18:39:28", "elapsed": 657.006994, "delta": 4.288388}}
{"target": 0.8389317500686074, "params": {"eta": 0.40687230677264896, "max_depth": 17.91888542870314, "n_estimators": 17.805045816305583}, "datetime": {"datetime": "2021-09-17 18:39:32", "elapsed": 660.805449, "delta": 3.798455}}
{"target": 0.7448446935168291, "params": {"eta": 0.5981196637350671, "max_depth": 18.997295217799948, "n_estimators": 9.6034310538117}, "datetime": {"datetime": "2021-09-17 18:39:34", "elapsed": 662.70994, "delta": 1.904491}}
{"target": 0.7892748420015849, "params": {"eta": 0.6165340271442964, "max_depth": 17.633990666804266, "n_estimators": 17.847715191045957}, "datetime": {"datetime": "2021-09-17 18:39:38", "elapsed": 667.139294, "delta": 4.429354}}
{"target": 0.8220739608462266, "params": {"eta": 0.26114246825606, "max_depth": 9.24056453301281, "n_estimators": 17.11971971765857}, "datetime": {"datetime": "2021-09-17 18:39:43", "elapsed": 671.690524, "delta": 4.55123}}
{"target": 0.8338065358712233, "params": {"eta": 0.4126677098824053, "max_depth": 16.59235853816452, "n_estimators": 9.484645581690769}, "datetime": {"datetime": "2021-09-17 18:39:45", "elapsed": 674.541819, "delta": 2.851295}}
{"target": 0.7762793894325504, "params": {"eta": 0.7050495404615248, "max_depth": 13.855610125688708, "n_estimators": 15.93057585788935}, "datetime": {"datetime": "2021-09-17 18:39:47", "elapsed": 676.457065, "delta": 1.915246}}
{"target": 0.8322575556597371, "params": {"eta": 0.39609990197574696, "max_depth": 9.477031478915913, "n_estimators": 11.662368652361224}, "datetime": {"datetime": "2021-09-17 18:39:49", "elapsed": 678.1997, "delta": 1.742635}}
{"target": 0.4808936985894934, "params": {"eta": 0.1571859529124913, "max_depth": 16.51660953220352, "n_estimators": 9.63034269558688}, "datetime": {"datetime": "2021-09-17 18:39:53", "elapsed": 682.258046, "delta": 4.058346}}
{"target": 0.7889576816577606, "params": {"eta": 0.7156655377088688, "max_depth": 16.52034312945582, "n_estimators": 9.585673749051193}, "datetime": {"datetime": "2021-09-17 18:39:57", "elapsed": 686.312395, "delta": 4.054349}}
{"target": 0.7946717982052742, "params": {"eta": 0.6598139036360703, "max_depth": 16.639500497317712, "n_estimators": 9.902811352882452}, "datetime": {"datetime": "2021-09-17 18:40:00", "elapsed": 689.304595, "delta": 2.9922}}
{"target": 0.8292421211372192, "params": {"eta": 0.2872290715821689, "max_depth": 8.44657244624438, "n_estimators": 14.522086383073564}, "datetime": {"datetime": "2021-09-17 18:40:02", "elapsed": 691.1502, "delta": 1.845605}}
{"target": 0.7531771995354212, "params": {"eta": 0.7310291620631207, "max_depth": 5.330006343544325, "n_estimators": 17.590172236751293}, "datetime": {"datetime": "2021-09-17 18:40:04", "elapsed": 692.922592, "delta": 1.772392}}
{"target": 0.8451918665698335, "params": {"eta": 0.3296159398607552, "max_depth": 8.30688641680362, "n_estimators": 17.269168573754524}, "datetime": {"datetime": "2021-09-17 18:40:06", "elapsed": 695.578333, "delta": 2.655741}}
{"target": 0.8277735874001942, "params": {"eta": 0.5289086988479963, "max_depth": 6.600094279819737, "n_estimators": 18.502166826535273}, "datetime": {"datetime": "2021-09-17 18:40:12", "elapsed": 700.674957, "delta": 5.096624}}
{"target": 0.8167071962374706, "params": {"eta": 0.1946944669497483, "max_depth": 10.203634385650808, "n_estimators": 15.763130080794676}, "datetime": {"datetime": "2021-09-17 18:40:13", "elapsed": 702.578678, "delta": 1.903721}}
{"target": 0.8205380126640212, "params": {"eta": 0.5273650043010282, "max_depth": 7.824992641570722, "n_estimators": 9.542022436801844}, "datetime": {"datetime": "2021-09-17 18:40:15", "elapsed": 704.345123, "delta": 1.766445}}
{"target": 0.8333667248303913, "params": {"eta": 0.29456189324882454, "max_depth": 10.412796643439178, "n_estimators": 15.878809548574301}, "datetime": {"datetime": "2021-09-17 18:40:18", "elapsed": 707.536742, "delta": 3.191619}}
{"target": 0.7983312025457596, "params": {"eta": 0.5999337468438419, "max_depth": 5.136724474441531, "n_estimators": 17.43434075964735}, "datetime": {"datetime": "2021-09-17 18:40:21", "elapsed": 710.447589, "delta": 2.910847}}
{"target": 0.2327895652413281, "params": {"eta": 0.1288830426003792, "max_depth": 16.705062336859207, "n_estimators": 9.00953259895588}, "datetime": {"datetime": "2021-09-17 18:40:23", "elapsed": 712.345804, "delta": 1.898215}}
{"target": 0.798558097729628, "params": {"eta": 0.6767294947587004, "max_depth": 16.274378800135455, "n_estimators": 18.377262704180787}, "datetime": {"datetime": "2021-09-17 18:40:25", "elapsed": 714.324048, "delta": 1.978244}}
{"target": 0.8263139693216264, "params": {"eta": 0.4803774599043269, "max_depth": 16.941881685349152, "n_estimators": 8.955518524642597}, "datetime": {"datetime": "2021-09-17 18:40:29", "elapsed": 718.190435, "delta": 3.866387}}
{"target": 0.7796712351367082, "params": {"eta": 0.5647374794269376, "max_depth": 5.619523861492201, "n_estimators": 17.37755306166175}, "datetime": {"datetime": "2021-09-17 18:40:33", "elapsed": 721.817043, "delta": 3.626608}}
{"target": 0.6908790955745616, "params": {"eta": 0.10628821984362033, "max_depth": 4.747686586580601, "n_estimators": 18.943616039601643}, "datetime": {"datetime": "2021-09-17 18:40:35", "elapsed": 724.532897, "delta": 2.715854}}
{"target": 0.8418901867797888, "params": {"eta": 0.49448762269017166, "max_depth": 5.303068511145915, "n_estimators": 17.538118240228126}, "datetime": {"datetime": "2021-09-17 18:40:39", "elapsed": 727.936184, "delta": 3.403287}}
{"target": 0.8276054169780599, "params": {"eta": 0.39482503271542224, "max_depth": 7.363263562027404, "n_estimators": 19.379922322930415}, "datetime": {"datetime": "2021-09-17 18:40:42", "elapsed": 731.440641, "delta": 3.504457}}
{"target": 0.8303852433336834, "params": {"eta": 0.38784182262101907, "max_depth": 4.981480115300862, "n_estimators": 19.39625950851788}, "datetime": {"datetime": "2021-09-17 18:40:45", "elapsed": 733.870475, "delta": 2.429834}}
{"target": 0.8390242980234864, "params": {"eta": 0.36453607961018775, "max_depth": 16.697682845715647, "n_estimators": 17.42891923749627}, "datetime": {"datetime": "2021-09-17 18:40:49", "elapsed": 737.625392, "delta": 3.754917}}
{"target": 0.8144102509158755, "params": {"eta": 0.4206144479474314, "max_depth": 14.667503437351504, "n_estimators": 13.747437256593468}, "datetime": {"datetime": "2021-09-17 18:40:51", "elapsed": 739.652825, "delta": 2.027433}}
{"target": 0.8583782489005465, "params": {"eta": 0.4464917314442933, "max_depth": 10.176658224012439, "n_estimators": 15.905850313167633}, "datetime": {"datetime": "2021-09-17 18:40:54", "elapsed": 742.895115, "delta": 3.24229}}
{"target": 0.7955533530041833, "params": {"eta": 0.21714429839241425, "max_depth": 10.37780190625414, "n_estimators": 13.989689526482119}, "datetime": {"datetime": "2021-09-17 18:40:56", "elapsed": 744.752142, "delta": 1.857027}}
{"target": 0.832468259204054, "params": {"eta": 0.27288452376630995, "max_depth": 5.511991063482373, "n_estimators": 19.076417099578173}, "datetime": {"datetime": "2021-09-17 18:40:59", "elapsed": 748.312198, "delta": 3.560056}}
{"target": 0.8470118046520515, "params": {"eta": 0.4225319401793439, "max_depth": 5.331600893299161, "n_estimators": 18.354315866596544}, "datetime": {"datetime": "2021-09-17 18:41:02", "elapsed": 750.880208, "delta": 2.56801}}
{"target": 0.7121075401728222, "params": {"eta": 0.12104915897207513, "max_depth": 8.61601167614304, "n_estimators": 17.06176687890789}, "datetime": {"datetime": "2021-09-17 18:41:05", "elapsed": 754.479984, "delta": 3.599776}}
{"target": 0.8313533192730171, "params": {"eta": 0.45568291156158747, "max_depth": 4.275488607950782, "n_estimators": 15.966438105659558}, "datetime": {"datetime": "2021-09-17 18:41:07", "elapsed": 756.30783, "delta": 1.827846}}
{"target": 0.7881838424274443, "params": {"eta": 0.5965945676452913, "max_depth": 4.028004267193438, "n_estimators": 15.928097592086216}, "datetime": {"datetime": "2021-09-17 18:41:10", "elapsed": 759.411839, "delta": 3.104009}}
{"target": 0.7825136259145069, "params": {"eta": 0.14561600950662695, "max_depth": 9.076914096762637, "n_estimators": 17.414186176472406}, "datetime": {"datetime": "2021-09-17 18:41:14", "elapsed": 762.735216, "delta": 3.323377}}
{"target": 0.8334966274108007, "params": {"eta": 0.53157932092191, "max_depth": 7.173436548192571, "n_estimators": 19.969356530906264}, "datetime": {"datetime": "2021-09-17 18:41:17", "elapsed": 765.813742, "delta": 3.078526}}
{"target": 0.8300464160478813, "params": {"eta": 0.5056471838585909, "max_depth": 10.317972961864431, "n_estimators": 15.651935774374591}, "datetime": {"datetime": "2021-09-17 18:41:21", "elapsed": 770.036222, "delta": 4.22248}}
{"target": 0.7390118066897379, "params": {"eta": 0.7240905768396998, "max_depth": 12.555157986133656, "n_estimators": 12.603009233030456}, "datetime": {"datetime": "2021-09-17 18:41:23", "elapsed": 771.922713, "delta": 1.886491}}
{"target": 0.8229324385388793, "params": {"eta": 0.5501198871986777, "max_depth": 10.386548788825394, "n_estimators": 16.087034710848332}, "datetime": {"datetime": "2021-09-17 18:41:27", "elapsed": 775.886957, "delta": 3.964244}}
{"target": 0.8440182460542214, "params": {"eta": 0.4308579036566489, "max_depth": 8.930633856421117, "n_estimators": 17.779385898927018}, "datetime": {"datetime": "2021-09-17 18:41:30", "elapsed": 779.354473, "delta": 3.467516}}
{"target": 0.8339682966505446, "params": {"eta": 0.48462467544681387, "max_depth": 10.961589933162562, "n_estimators": 12.252885090259575}, "datetime": {"datetime": "2021-09-17 18:41:32", "elapsed": 781.229074, "delta": 1.874601}}
{"target": 0.8509399187625458, "params": {"eta": 0.38982069965448485, "max_depth": 5.6208673241609795, "n_estimators": 16.828851222947776}, "datetime": {"datetime": "2021-09-17 18:41:36", "elapsed": 784.640676, "delta": 3.411602}}
{"target": 0.83979803679069, "params": {"eta": 0.2469029502110579, "max_depth": 7.710899499449418, "n_estimators": 17.320772278286746}, "datetime": {"datetime": "2021-09-17 18:41:39", "elapsed": 788.31089, "delta": 3.670214}}
{"target": 0.8376555948231286, "params": {"eta": 0.3956970215122163, "max_depth": 9.013432455814407, "n_estimators": 18.244808031179872}, "datetime": {"datetime": "2021-09-17 18:41:42", "elapsed": 791.324831, "delta": 3.013941}}
{"target": 0.7412928200081845, "params": {"eta": 0.7245760482814044, "max_depth": 10.102313772712709, "n_estimators": 18.83296636340041}, "datetime": {"datetime": "2021-09-17 18:41:44", "elapsed": 793.328696, "delta": 2.003865}}
{"target": 0.8104496897248782, "params": {"eta": 0.4987825961236283, "max_depth": 16.695138682698374, "n_estimators": 14.586358165307585}, "datetime": {"datetime": "2021-09-17 18:41:46", "elapsed": 795.31647, "delta": 1.987774}}
{"target": 0.8486410158447123, "params": {"eta": 0.47397714867324114, "max_depth": 7.812310315585794, "n_estimators": 19.100059069956206}, "datetime": {"datetime": "2021-09-17 18:41:50", "elapsed": 798.935606, "delta": 3.619136}}
{"target": 0.7763079867273672, "params": {"eta": 0.6407857013620757, "max_depth": 19.893028139585134, "n_estimators": 7.430883278367989}, "datetime": {"datetime": "2021-09-17 18:41:52", "elapsed": 800.889692, "delta": 1.954086}}
{"target": 0.8558046500260583, "params": {"eta": 0.29951103468391355, "max_depth": 5.091930269019667, "n_estimators": 19.11207231796697}, "datetime": {"datetime": "2021-09-17 18:41:56", "elapsed": 804.930311, "delta": 4.040619}}
{"target": 0.7840841905298577, "params": {"eta": 0.49226836727502443, "max_depth": 11.078013577464414, "n_estimators": 12.9314643836976}, "datetime": {"datetime": "2021-09-17 18:41:58", "elapsed": 806.873237, "delta": 1.942926}}
{"target": 0.8090142208497342, "params": {"eta": 0.21725618294633914, "max_depth": 7.805051454870128, "n_estimators": 18.864225894847536}, "datetime": {"datetime": "2021-09-17 18:42:02", "elapsed": 811.341531, "delta": 4.468294}}
{"target": 0.8193063439973977, "params": {"eta": 0.4066317608617871, "max_depth": 19.303023822025427, "n_estimators": 13.0743710022297}, "datetime": {"datetime": "2021-09-17 18:42:04", "elapsed": 813.385661, "delta": 2.04413}}
{"target": 0.7903381352487735, "params": {"eta": 0.5958359198210659, "max_depth": 5.477689205735336, "n_estimators": 17.6159201613227}, "datetime": {"datetime": "2021-09-17 18:42:08", "elapsed": 816.976463, "delta": 3.590802}}
{"target": 0.8339480806241157, "params": {"eta": 0.3029320602023033, "max_depth": 7.949582315766614, "n_estimators": 19.387953707173846}, "datetime": {"datetime": "2021-09-17 18:42:12", "elapsed": 821.503568, "delta": 4.527105}}
{"target": 0.8432885249393621, "params": {"eta": 0.29734980171905173, "max_depth": 4.118622369198487, "n_estimators": 15.954296862019618}, "datetime": {"datetime": "2021-09-17 18:42:18", "elapsed": 827.1366, "delta": 5.633032}}
{"target": 0.8081265483108762, "params": {"eta": 0.3477759402421848, "max_depth": 9.257521845709713, "n_estimators": 7.013051005413351}, "datetime": {"datetime": "2021-09-17 18:42:22", "elapsed": 830.611382, "delta": 3.474782}}
{"target": 0.8210662284217954, "params": {"eta": 0.5435753716098541, "max_depth": 16.801999096156216, "n_estimators": 9.364964087741576}, "datetime": {"datetime": "2021-09-17 18:42:25", "elapsed": 834.018616, "delta": 3.407234}}
{"target": 0.8441117575438651, "params": {"eta": 0.3446774464916392, "max_depth": 9.29017917651581, "n_estimators": 18.444389766631772}, "datetime": {"datetime": "2021-09-17 18:42:29", "elapsed": 838.228208, "delta": 4.209592}}
{"target": 0.766246508508788, "params": {"eta": 0.6086308678532711, "max_depth": 16.262388434728955, "n_estimators": 9.91914771563563}, "datetime": {"datetime": "2021-09-17 18:42:33", "elapsed": 842.022553, "delta": 3.794345}}
{"target": 0.7970735461231064, "params": {"eta": 0.368010385015608, "max_depth": 9.571987564029095, "n_estimators": 7.016256528123371}, "datetime": {"datetime": "2021-09-17 18:42:37", "elapsed": 846.092071, "delta": 4.069518}}
{"target": 0.8360595124834971, "params": {"eta": 0.323333695768595, "max_depth": 8.081585005986078, "n_estimators": 19.097228889307246}, "datetime": {"datetime": "2021-09-17 18:42:41", "elapsed": 849.757471, "delta": 3.6654}}
{"target": 0.825529008036667, "params": {"eta": 0.21332988523165258, "max_depth": 10.246206218297129, "n_estimators": 16.11255153913678}, "datetime": {"datetime": "2021-09-17 18:42:44", "elapsed": 853.292554, "delta": 3.535083}}
{"target": 0.810175464295635, "params": {"eta": 0.5592847765244666, "max_depth": 6.756905507808309, "n_estimators": 19.949146891943172}, "datetime": {"datetime": "2021-09-17 18:42:48", "elapsed": 857.068982, "delta": 3.776428}}
{"target": 0.7155153907614377, "params": {"eta": 0.7984113637901902, "max_depth": 19.454521576108434, "n_estimators": 16.36003085641257}, "datetime": {"datetime": "2021-09-17 18:42:50", "elapsed": 859.489642, "delta": 2.42066}}
{"target": 0.830293448124579, "params": {"eta": 0.37489401211663853, "max_depth": 6.401858628973409, "n_estimators": 16.20799529204329}, "datetime": {"datetime": "2021-09-17 18:42:53", "elapsed": 861.679338, "delta": 2.189696}}
{"target": 0.6783309671188955, "params": {"eta": 0.15131430462612083, "max_depth": 5.263629400969238, "n_estimators": 12.756061579971103}, "datetime": {"datetime": "2021-09-17 18:42:55", "elapsed": 863.830995, "delta": 2.151657}}
{"target": -0.011896298403521577, "params": {"eta": 0.11060412240632356, "max_depth": 17.689924748790965, "n_estimators": 9.954364900797273}, "datetime": {"datetime": "2021-09-17 18:42:57", "elapsed": 865.992809, "delta": 2.161814}}
{"target": 0.7851473344319627, "params": {"eta": 0.6085358670171793, "max_depth": 7.970098260899851, "n_estimators": 19.326680963193805}, "datetime": {"datetime": "2021-09-17 18:43:01", "elapsed": 870.519006, "delta": 4.526197}}
{"target": 0.8320438820607245, "params": {"eta": 0.30510129963786126, "max_depth": 6.153850318601909, "n_estimators": 15.96672639101198}, "datetime": {"datetime": "2021-09-17 18:43:05", "elapsed": 873.980053, "delta": 3.461047}}
{"target": 0.7954462901015836, "params": {"eta": 0.5755328266554106, "max_depth": 8.945895090178091, "n_estimators": 16.759904765767775}, "datetime": {"datetime": "2021-09-17 18:43:11", "elapsed": 880.036517, "delta": 6.056464}}
{"target": 0.8560718207125656, "params": {"eta": 0.4538614753862579, "max_depth": 7.802325383170988, "n_estimators": 17.27653866160411}, "datetime": {"datetime": "2021-09-17 18:43:13", "elapsed": 882.358564, "delta": 2.322047}}
{"target": 0.8315759918225614, "params": {"eta": 0.5047754799833681, "max_depth": 6.422489760825719, "n_estimators": 15.826384668432043}, "datetime": {"datetime": "2021-09-17 18:43:18", "elapsed": 887.177476, "delta": 4.818912}}
{"target": 0.8244879961156185, "params": {"eta": 0.15597820056986927, "max_depth": 7.120952152053668, "n_estimators": 19.998600588295325}, "datetime": {"datetime": "2021-09-17 18:43:22", "elapsed": 891.438891, "delta": 4.261415}}
{"target": 0.7703325038928011, "params": {"eta": 0.623884590739316, "max_depth": 6.215466074250304, "n_estimators": 16.06756772007783}, "datetime": {"datetime": "2021-09-17 18:43:26", "elapsed": 895.466686, "delta": 4.027795}}
{"target": 0.844396174246483, "params": {"eta": 0.313478790521437, "max_depth": 4.149381652023509, "n_estimators": 19.787454717014178}, "datetime": {"datetime": "2021-09-17 18:43:29", "elapsed": 898.149907, "delta": 2.683221}}
{"target": 0.8682462687100502, "params": {"eta": 0.4110407963193472, "max_depth": 4.441507866403354, "n_estimators": 19.59805234355037}, "datetime": {"datetime": "2021-09-17 18:43:34", "elapsed": 903.441946, "delta": 5.292039}}
{"target": 0.855294345954037, "params": {"eta": 0.3437658755159867, "max_depth": 4.479452638176596, "n_estimators": 19.901916176513787}, "datetime": {"datetime": "2021-09-17 18:43:39", "elapsed": 907.953286, "delta": 4.51134}}
{"target": 0.8449368924346713, "params": {"eta": 0.39760804602864175, "max_depth": 4.803512302568869, "n_estimators": 19.726644659739698}, "datetime": {"datetime": "2021-09-17 18:43:45", "elapsed": 914.198673, "delta": 6.245387}}
{"target": 0.811511710603706, "params": {"eta": 0.5554135994286397, "max_depth": 12.451290739791235, "n_estimators": 15.173323729247423}, "datetime": {"datetime": "2021-09-17 18:43:48", "elapsed": 917.008732, "delta": 2.810059}}
{"target": 0.8013650949147686, "params": {"eta": 0.13656415827920396, "max_depth": 4.63820566751987, "n_estimators": 19.486497594444256}, "datetime": {"datetime": "2021-09-17 18:43:52", "elapsed": 921.137089, "delta": 4.128357}}
{"target": 0.7913440864332717, "params": {"eta": 0.6575894653057194, "max_depth": 4.221010255813642, "n_estimators": 19.555732695731763}, "datetime": {"datetime": "2021-09-17 18:43:58", "elapsed": 927.334398, "delta": 6.197309}}
{"target": 0.8030246754686152, "params": {"eta": 0.1342116304593537, "max_depth": 4.372737253011204, "n_estimators": 19.71436632937352}, "datetime": {"datetime": "2021-09-17 18:44:04", "elapsed": 932.687255, "delta": 5.352857}}
{"target": 0.8097244410712794, "params": {"eta": 0.47794200410328314, "max_depth": 4.43953650858149, "n_estimators": 18.48176654362258}, "datetime": {"datetime": "2021-09-17 18:44:07", "elapsed": 935.633962, "delta": 2.946707}}
{"target": 0.8033772027987734, "params": {"eta": 0.5899318635509138, "max_depth": 4.415710066415878, "n_estimators": 19.901502509873378}, "datetime": {"datetime": "2021-09-17 18:44:12", "elapsed": 941.359721, "delta": 5.725759}}
{"target": 0.6108699627855507, "params": {"eta": 0.10551520093873865, "max_depth": 6.4489772610316685, "n_estimators": 16.046983138165025}, "datetime": {"datetime": "2021-09-17 18:44:19", "elapsed": 948.132883, "delta": 6.773162}}
