{"target": -2.3858204107535514, "params": {"eta": 0.45703144691737035, "max_depth": 10.137787833794029, "n_estimators": 58.62362828300168}, "datetime": {"datetime": "2021-09-21 15:32:05", "elapsed": 117.288212, "delta": 1.983238}}
{"target": -2.488594973714728, "params": {"eta": 0.36322473664768756, "max_depth": 32.6382400646611, "n_estimators": 34.3307005310203}, "datetime": {"datetime": "2021-09-21 15:32:08", "elapsed": 119.815609, "delta": 2.527397}}
{"target": -2.399687351051129, "params": {"eta": 0.17265633110872883, "max_depth": 16.701116692519978, "n_estimators": 34.77363034095143}, "datetime": {"datetime": "2021-09-21 15:32:11", "elapsed": 122.742468, "delta": 2.926859}}
{"target": -2.7145023766316867, "params": {"eta": 0.05, "max_depth": 26.568632457599584, "n_estimators": 59.810908073364914}, "datetime": {"datetime": "2021-09-21 15:32:13", "elapsed": 124.695654, "delta": 1.953186}}
{"target": -2.494362631597017, "params": {"eta": 0.25555670814705533, "max_depth": 10.328416128661033, "n_estimators": 57.51215305882404}, "datetime": {"datetime": "2021-09-21 15:32:15", "elapsed": 127.054121, "delta": 2.358467}}
{"target": -2.48613136693051, "params": {"eta": 0.3688140392705634, "max_depth": 20.92208603376534, "n_estimators": 52.73601122467164}, "datetime": {"datetime": "2021-09-21 15:32:17", "elapsed": 129.332552, "delta": 2.278431}}
{"target": -2.3078671323625666, "params": {"eta": 0.15860223747823154, "max_depth": 32.82409643117008, "n_estimators": 42.29607109299851}, "datetime": {"datetime": "2021-09-21 15:32:20", "elapsed": 131.87704, "delta": 2.544488}}
{"target": -2.289955183079368, "params": {"eta": 0.14359980744234827, "max_depth": 12.530873559417056, "n_estimators": 30.53106385098575}, "datetime": {"datetime": "2021-09-21 15:32:21", "elapsed": 133.174606, "delta": 1.297566}}
{"target": -2.2996366707902203, "params": {"eta": 0.1312075397954362, "max_depth": 10.043394871405479, "n_estimators": 57.23309271154392}, "datetime": {"datetime": "2021-09-21 15:32:23", "elapsed": 134.679068, "delta": 1.504462}}
{"target": -2.4287656457800617, "params": {"eta": 0.17914588867007197, "max_depth": 13.08488800864079, "n_estimators": 33.08758522888795}, "datetime": {"datetime": "2021-09-21 15:32:24", "elapsed": 135.996296, "delta": 1.317228}}
{"target": -2.6836672406447564, "params": {"eta": 0.49872150293651524, "max_depth": 20.17024043220807, "n_estimators": 45.47506208893827}, "datetime": {"datetime": "2021-09-21 15:32:26", "elapsed": 138.049776, "delta": 2.05348}}
{"target": -2.475299638823459, "params": {"eta": 0.36128214860559515, "max_depth": 12.85328919938135, "n_estimators": 55.85055075665041}, "datetime": {"datetime": "2021-09-21 15:32:29", "elapsed": 140.846906, "delta": 2.79713}}
{"target": -2.3762189858838134, "params": {"eta": 0.12412855191128805, "max_depth": 14.3818404621336, "n_estimators": 30.275229405244065}, "datetime": {"datetime": "2021-09-21 15:32:31", "elapsed": 142.644332, "delta": 1.797426}}
{"target": -2.46016342200731, "params": {"eta": 0.3584735554070382, "max_depth": 17.70787699722643, "n_estimators": 45.05570299520249}, "datetime": {"datetime": "2021-09-21 15:32:33", "elapsed": 144.78976, "delta": 2.145428}}
{"target": -2.5114453384750766, "params": {"eta": 0.1046462824045985, "max_depth": 12.546052659762026, "n_estimators": 30.23471388202917}, "datetime": {"datetime": "2021-09-21 15:32:35", "elapsed": 146.768815, "delta": 1.979055}}
{"target": -2.43751674012134, "params": {"eta": 0.2767829483898581, "max_depth": 34.68034894926993, "n_estimators": 63.22806948472034}, "datetime": {"datetime": "2021-09-21 15:32:38", "elapsed": 149.739427, "delta": 2.970612}}
{"target": -2.46176281163567, "params": {"eta": 0.2284373170025586, "max_depth": 14.450069440498684, "n_estimators": 48.83242928998436}, "datetime": {"datetime": "2021-09-21 15:32:39", "elapsed": 151.571005, "delta": 1.831578}}
{"target": -2.4645494429688704, "params": {"eta": 0.3806024138513374, "max_depth": 22.930097979346485, "n_estimators": 47.729159747998835}, "datetime": {"datetime": "2021-09-21 15:32:42", "elapsed": 154.128833, "delta": 2.557828}}
{"target": -2.396609093013563, "params": {"eta": 0.17829165381150408, "max_depth": 22.023614605560883, "n_estimators": 31.117642636018445}, "datetime": {"datetime": "2021-09-21 15:32:44", "elapsed": 155.895555, "delta": 1.766722}}
{"target": -2.420353100174352, "params": {"eta": 0.39749155190547303, "max_depth": 10.392506359979999, "n_estimators": 59.233881294720234}, "datetime": {"datetime": "2021-09-21 15:32:48", "elapsed": 160.134527, "delta": 4.238972}}
{"target": -4.5346016952866, "params": {"eta": 0.05874744990989045, "max_depth": 14.725298729014396, "n_estimators": 30.00973857855931}, "datetime": {"datetime": "2021-09-21 15:32:49", "elapsed": 161.200362, "delta": 1.065835}}
{"target": -2.4267426133155823, "params": {"eta": 0.3097704508290111, "max_depth": 30.063558734487284, "n_estimators": 36.94496047464814}, "datetime": {"datetime": "2021-09-21 15:32:50", "elapsed": 162.560351, "delta": 1.359989}}
{"target": -2.3657765081054287, "params": {"eta": 0.08150045682861293, "max_depth": 10.138935484590725, "n_estimators": 57.267740997262635}, "datetime": {"datetime": "2021-09-21 15:32:52", "elapsed": 164.597465, "delta": 2.037114}}
{"target": -2.524136041340075, "params": {"eta": 0.37930401684375026, "max_depth": 32.0188323440602, "n_estimators": 43.90514332414155}, "datetime": {"datetime": "2021-09-21 15:32:55", "elapsed": 167.506818, "delta": 2.909353}}
{"target": -2.479579087934996, "params": {"eta": 0.2558443176490728, "max_depth": 17.099115064689695, "n_estimators": 45.701020487345964}, "datetime": {"datetime": "2021-09-21 15:32:58", "elapsed": 170.123471, "delta": 2.616653}}
{"target": -2.402584363284864, "params": {"eta": 0.12497826544853499, "max_depth": 11.610836180600852, "n_estimators": 60.34167444073923}, "datetime": {"datetime": "2021-09-21 15:33:01", "elapsed": 172.737777, "delta": 2.614306}}
{"target": -2.4641118764877317, "params": {"eta": 0.38808518232802974, "max_depth": 30.05964735525111, "n_estimators": 35.89492112776893}, "datetime": {"datetime": "2021-09-21 15:33:03", "elapsed": 175.030728, "delta": 2.292951}}
{"target": -2.3791558635862247, "params": {"eta": 0.33856133302325936, "max_depth": 13.823813436793348, "n_estimators": 48.96238726289231}, "datetime": {"datetime": "2021-09-21 15:33:06", "elapsed": 177.648982, "delta": 2.618254}}
{"target": -2.336757260874698, "params": {"eta": 0.2835026859394354, "max_depth": 14.365354638801136, "n_estimators": 60.022149540374784}, "datetime": {"datetime": "2021-09-21 15:33:10", "elapsed": 181.795144, "delta": 4.146162}}
{"target": -2.319517407291814, "params": {"eta": 0.09640704394330107, "max_depth": 26.84940474356526, "n_estimators": 52.59994147526692}, "datetime": {"datetime": "2021-09-21 15:33:12", "elapsed": 184.05626, "delta": 2.261116}}
{"target": -2.258183012510601, "params": {"eta": 0.16284359534673812, "max_depth": 10.451888535442446, "n_estimators": 59.20035581551502}, "datetime": {"datetime": "2021-09-21 15:33:15", "elapsed": 186.796718, "delta": 2.740458}}
{"target": -2.332244699879696, "params": {"eta": 0.1590716298782221, "max_depth": 32.50735409379176, "n_estimators": 46.900636331185375}, "datetime": {"datetime": "2021-09-21 15:33:19", "elapsed": 190.642445, "delta": 3.845727}}
{"target": -2.3572442456295617, "params": {"eta": 0.1705620169578525, "max_depth": 14.158222954853553, "n_estimators": 48.432387207316225}, "datetime": {"datetime": "2021-09-21 15:33:21", "elapsed": 193.406626, "delta": 2.764181}}
{"target": -2.3058631495425574, "params": {"eta": 0.28069511237341654, "max_depth": 10.089176886077274, "n_estimators": 57.48908051437929}, "datetime": {"datetime": "2021-09-21 15:33:24", "elapsed": 195.954423, "delta": 2.547797}}
{"target": -2.3960342463694118, "params": {"eta": 0.27701965120477795, "max_depth": 22.125985142616926, "n_estimators": 63.101922761931725}, "datetime": {"datetime": "2021-09-21 15:33:27", "elapsed": 198.935059, "delta": 2.980636}}
{"target": -2.2431028077476904, "params": {"eta": 0.19513175616394945, "max_depth": 32.69160487848856, "n_estimators": 42.27393779291558}, "datetime": {"datetime": "2021-09-21 15:33:29", "elapsed": 201.093657, "delta": 2.158598}}
{"target": -2.516181583153574, "params": {"eta": 0.4072403804647128, "max_depth": 28.90874567838179, "n_estimators": 57.73101003869979}, "datetime": {"datetime": "2021-09-21 15:33:32", "elapsed": 204.273853, "delta": 3.180196}}
{"target": -2.631396851414128, "params": {"eta": 0.4009049050632139, "max_depth": 29.822393242432465, "n_estimators": 50.51520524769781}, "datetime": {"datetime": "2021-09-21 15:33:35", "elapsed": 206.835635, "delta": 2.561782}}
{"target": -2.352800814728988, "params": {"eta": 0.35062448329631857, "max_depth": 10.02894950391233, "n_estimators": 57.28535896205479}, "datetime": {"datetime": "2021-09-21 15:33:36", "elapsed": 208.105296, "delta": 1.269661}}
{"target": -2.5892003906400576, "params": {"eta": 0.4132299492309102, "max_depth": 10.482284414222276, "n_estimators": 40.122482917803794}, "datetime": {"datetime": "2021-09-21 15:33:38", "elapsed": 209.741309, "delta": 1.636013}}
{"target": -2.516139739438107, "params": {"eta": 0.30843291516782123, "max_depth": 34.28697224561043, "n_estimators": 62.80677520289367}, "datetime": {"datetime": "2021-09-21 15:33:41", "elapsed": 212.983679, "delta": 3.24237}}
{"target": -2.6022352601352488, "params": {"eta": 0.48322614753493753, "max_depth": 28.83244493594726, "n_estimators": 39.70298581948401}, "datetime": {"datetime": "2021-09-21 15:33:43", "elapsed": 214.723176, "delta": 1.739497}}
{"target": -2.3470654914253637, "params": {"eta": 0.12180821427827768, "max_depth": 26.90856470984607, "n_estimators": 51.434060523974594}, "datetime": {"datetime": "2021-09-21 15:33:45", "elapsed": 217.139276, "delta": 2.4161}}
{"target": -2.3875772607953927, "params": {"eta": 0.457367673160592, "max_depth": 24.111505188446674, "n_estimators": 41.031653216550524}, "datetime": {"datetime": "2021-09-21 15:33:48", "elapsed": 219.828173, "delta": 2.688897}}
{"target": -2.346450347649424, "params": {"eta": 0.23314083904200106, "max_depth": 34.57299604715979, "n_estimators": 48.147812106766594}, "datetime": {"datetime": "2021-09-21 15:33:50", "elapsed": 222.633151, "delta": 2.804978}}
{"target": -2.372228220889443, "params": {"eta": 0.29036964235791385, "max_depth": 22.971460591260875, "n_estimators": 62.90046529204367}, "datetime": {"datetime": "2021-09-21 15:33:53", "elapsed": 224.748239, "delta": 2.115088}}
{"target": -2.927313288889433, "params": {"eta": 0.07384812168112159, "max_depth": 13.343234115348164, "n_estimators": 34.75814194271186}, "datetime": {"datetime": "2021-09-21 15:33:53", "elapsed": 225.516239, "delta": 0.768}}
{"target": -2.4104401023764357, "params": {"eta": 0.26905395935140536, "max_depth": 10.310892574707525, "n_estimators": 58.377398217988514}, "datetime": {"datetime": "2021-09-21 15:33:56", "elapsed": 228.379571, "delta": 2.863332}}
{"target": -2.348392507904454, "params": {"eta": 0.12584524464506974, "max_depth": 20.910314463473625, "n_estimators": 60.06122814129466}, "datetime": {"datetime": "2021-09-21 15:33:59", "elapsed": 230.89833, "delta": 2.518759}}
{"target": -2.2676082912244295, "params": {"eta": 0.11887295271277898, "max_depth": 33.91216247543133, "n_estimators": 42.54034924187944}, "datetime": {"datetime": "2021-09-21 15:34:01", "elapsed": 233.166042, "delta": 2.267712}}
{"target": -2.5135812646464295, "params": {"eta": 0.0741425434081069, "max_depth": 32.672248218661395, "n_estimators": 42.19418485373416}, "datetime": {"datetime": "2021-09-21 15:34:03", "elapsed": 234.6855, "delta": 1.519458}}
{"target": -2.506534182397943, "params": {"eta": 0.3758687976141915, "max_depth": 16.22512047651115, "n_estimators": 62.02863382693836}, "datetime": {"datetime": "2021-09-21 15:34:05", "elapsed": 236.915839, "delta": 2.230339}}
{"target": -2.4919843372545745, "params": {"eta": 0.36154249497521573, "max_depth": 13.614261798879227, "n_estimators": 52.87155197484505}, "datetime": {"datetime": "2021-09-21 15:34:07", "elapsed": 238.780439, "delta": 1.8646}}
{"target": -2.610592140022077, "params": {"eta": 0.4145627522092006, "max_depth": 20.07164417199627, "n_estimators": 37.35092442371439}, "datetime": {"datetime": "2021-09-21 15:34:08", "elapsed": 240.636444, "delta": 1.856005}}
{"target": -2.266993279833543, "params": {"eta": 0.18231275024082239, "max_depth": 21.71567029510326, "n_estimators": 59.15942908556745}, "datetime": {"datetime": "2021-09-21 15:34:12", "elapsed": 244.061248, "delta": 3.424804}}
{"target": -2.2355311820381565, "params": {"eta": 0.20968025129504225, "max_depth": 11.614924401707304, "n_estimators": 55.803648656785484}, "datetime": {"datetime": "2021-09-21 15:34:14", "elapsed": 245.932969, "delta": 1.871721}}
{"target": -3.1540361862433586, "params": {"eta": 0.07761929717360366, "max_depth": 30.191359855555888, "n_estimators": 30.16349446971462}, "datetime": {"datetime": "2021-09-21 15:34:15", "elapsed": 246.865746, "delta": 0.932777}}
{"target": -2.3171235655483446, "params": {"eta": 0.08034945156299078, "max_depth": 14.027316316093257, "n_estimators": 51.65630129740322}, "datetime": {"datetime": "2021-09-21 15:34:17", "elapsed": 248.917036, "delta": 2.05129}}
{"target": -2.357459909664957, "params": {"eta": 0.2146542445599806, "max_depth": 28.086663924770814, "n_estimators": 53.12638019189416}, "datetime": {"datetime": "2021-09-21 15:34:19", "elapsed": 251.082262, "delta": 2.165226}}
{"target": -2.5366594220462595, "params": {"eta": 0.3253247906455123, "max_depth": 19.97837510328265, "n_estimators": 57.02811577805021}, "datetime": {"datetime": "2021-09-21 15:34:22", "elapsed": 253.836956, "delta": 2.754694}}
{"target": -2.4013227456494386, "params": {"eta": 0.27904630368811933, "max_depth": 14.532138411763434, "n_estimators": 30.036863397614304}, "datetime": {"datetime": "2021-09-21 15:34:23", "elapsed": 255.634505, "delta": 1.797549}}
{"target": -2.435988635765879, "params": {"eta": 0.21733541045802485, "max_depth": 29.24005964556004, "n_estimators": 59.89645538158532}, "datetime": {"datetime": "2021-09-21 15:34:27", "elapsed": 259.171714, "delta": 3.537209}}
{"target": -2.5069738068078693, "params": {"eta": 0.39741287566901, "max_depth": 29.152297948277113, "n_estimators": 63.902741514961185}, "datetime": {"datetime": "2021-09-21 15:34:29", "elapsed": 261.366797, "delta": 2.195083}}
{"target": -2.6247062206268312, "params": {"eta": 0.42825669469738026, "max_depth": 21.255600301031315, "n_estimators": 58.474477900911694}, "datetime": {"datetime": "2021-09-21 15:34:33", "elapsed": 264.711741, "delta": 3.344944}}
{"target": -2.475927992243516, "params": {"eta": 0.37131191435013206, "max_depth": 23.19449142515846, "n_estimators": 59.07467925713547}, "datetime": {"datetime": "2021-09-21 15:34:36", "elapsed": 268.512606, "delta": 3.800865}}
{"target": -2.435863728899705, "params": {"eta": 0.08784488482543865, "max_depth": 30.36967844140171, "n_estimators": 38.59973112804972}, "datetime": {"datetime": "2021-09-21 15:34:39", "elapsed": 271.20584, "delta": 2.693234}}
{"target": -2.5028167461094104, "params": {"eta": 0.31884231239389826, "max_depth": 22.82870594861142, "n_estimators": 37.742837481401466}, "datetime": {"datetime": "2021-09-21 15:34:41", "elapsed": 273.492013, "delta": 2.286173}}
{"target": -2.31522493299685, "params": {"eta": 0.2806921203802986, "max_depth": 16.000965251068422, "n_estimators": 37.948587479345996}, "datetime": {"datetime": "2021-09-21 15:34:43", "elapsed": 275.341544, "delta": 1.849531}}
{"target": -2.568524900235628, "params": {"eta": 0.2585573283666997, "max_depth": 32.779933275045366, "n_estimators": 42.23154845177976}, "datetime": {"datetime": "2021-09-21 15:34:46", "elapsed": 278.095204, "delta": 2.75366}}
{"target": -2.507253114173287, "params": {"eta": 0.25007181629202546, "max_depth": 11.48407857416906, "n_estimators": 55.83155412079986}, "datetime": {"datetime": "2021-09-21 15:34:48", "elapsed": 280.239715, "delta": 2.144511}}
{"target": -2.4801323250720375, "params": {"eta": 0.253841163665912, "max_depth": 11.69439368447227, "n_estimators": 55.90149006437373}, "datetime": {"datetime": "2021-09-21 15:34:51", "elapsed": 283.157215, "delta": 2.9175}}
{"target": -2.5499728234190693, "params": {"eta": 0.2512225801684816, "max_depth": 17.479518318568605, "n_estimators": 60.93624149761206}, "datetime": {"datetime": "2021-09-21 15:34:55", "elapsed": 287.349522, "delta": 4.192307}}
{"target": -2.1843801479590566, "params": {"eta": 0.17519179222843118, "max_depth": 34.02490880359801, "n_estimators": 42.590921448424034}, "datetime": {"datetime": "2021-09-21 15:34:57", "elapsed": 289.60743, "delta": 2.257908}}
{"target": -2.706879096909573, "params": {"eta": 0.49819211173509, "max_depth": 11.998104965374194, "n_estimators": 48.80874218987349}, "datetime": {"datetime": "2021-09-21 15:34:59", "elapsed": 291.084463, "delta": 1.477033}}
{"target": -2.389986448538931, "params": {"eta": 0.2367102649094191, "max_depth": 34.708296398077636, "n_estimators": 52.770195563117426}, "datetime": {"datetime": "2021-09-21 15:35:01", "elapsed": 293.218826, "delta": 2.134363}}
{"target": -2.345056985553942, "params": {"eta": 0.23562031418897356, "max_depth": 22.33298477344441, "n_estimators": 61.89141128615042}, "datetime": {"datetime": "2021-09-21 15:35:04", "elapsed": 296.267831, "delta": 3.049005}}
{"target": -2.3009964434724104, "params": {"eta": 0.22378255681075393, "max_depth": 15.627081839307646, "n_estimators": 34.03104215018115}, "datetime": {"datetime": "2021-09-21 15:35:06", "elapsed": 297.788272, "delta": 1.520441}}
{"target": -2.6238181038906703, "params": {"eta": 0.4763430124802219, "max_depth": 27.74828189079341, "n_estimators": 64.45898755755641}, "datetime": {"datetime": "2021-09-21 15:35:08", "elapsed": 300.294477, "delta": 2.506205}}
{"target": -2.5604051815836057, "params": {"eta": 0.25062476965940744, "max_depth": 10.09897750199133, "n_estimators": 57.3652021823987}, "datetime": {"datetime": "2021-09-21 15:35:10", "elapsed": 302.317122, "delta": 2.022645}}
{"target": -2.6006194139781753, "params": {"eta": 0.4126941736346572, "max_depth": 18.29161314073713, "n_estimators": 62.544990104207024}, "datetime": {"datetime": "2021-09-21 15:35:13", "elapsed": 304.912454, "delta": 2.595332}}
{"target": -2.3816460985886425, "params": {"eta": 0.22089546424944528, "max_depth": 33.95906546895352, "n_estimators": 42.62666921784013}, "datetime": {"datetime": "2021-09-21 15:35:16", "elapsed": 307.697607, "delta": 2.785153}}
{"target": -2.2296466645441555, "params": {"eta": 0.08939046732690833, "max_depth": 21.601841148163814, "n_estimators": 49.69314585014661}, "datetime": {"datetime": "2021-09-21 15:35:18", "elapsed": 310.208896, "delta": 2.511289}}
{"target": -2.3718831112510284, "params": {"eta": 0.1484565485078738, "max_depth": 21.793736330629287, "n_estimators": 59.25788599864612}, "datetime": {"datetime": "2021-09-21 15:35:20", "elapsed": 312.534669, "delta": 2.325773}}
{"target": -2.271798074245453, "params": {"eta": 0.07961682916600929, "max_depth": 10.306176143021366, "n_estimators": 61.02357197614353}, "datetime": {"datetime": "2021-09-21 15:35:23", "elapsed": 315.505841, "delta": 2.971172}}
{"target": -2.6498291768525775, "params": {"eta": 0.4824951081762129, "max_depth": 12.794295972671978, "n_estimators": 32.90984735327689}, "datetime": {"datetime": "2021-09-21 15:35:26", "elapsed": 318.192701, "delta": 2.68686}}
{"target": -2.5811711041550884, "params": {"eta": 0.41955907594792724, "max_depth": 27.986056514261, "n_estimators": 61.31436775740313}, "datetime": {"datetime": "2021-09-21 15:35:28", "elapsed": 320.46452, "delta": 2.271819}}
{"target": -2.527401776690232, "params": {"eta": 0.2504421983933455, "max_depth": 15.140013319789707, "n_estimators": 47.473631166825}, "datetime": {"datetime": "2021-09-21 15:35:31", "elapsed": 323.011655, "delta": 2.547135}}
{"target": -2.391749365706193, "params": {"eta": 0.3298917664790524, "max_depth": 16.568649141983258, "n_estimators": 39.68203307546666}, "datetime": {"datetime": "2021-09-21 15:35:34", "elapsed": 325.700798, "delta": 2.689143}}
{"target": -2.2969126757822536, "params": {"eta": 0.1323759197951905, "max_depth": 30.171430800970608, "n_estimators": 47.41893110227761}, "datetime": {"datetime": "2021-09-21 15:35:37", "elapsed": 328.654505, "delta": 2.953707}}
{"target": -2.213839136299334, "params": {"eta": 0.20591528200777742, "max_depth": 21.621495161793035, "n_estimators": 49.71759697507305}, "datetime": {"datetime": "2021-09-21 15:35:41", "elapsed": 332.703238, "delta": 4.048733}}
{"target": -2.299089593636362, "params": {"eta": 0.17605129567653272, "max_depth": 10.592524106224069, "n_estimators": 59.124931033121655}, "datetime": {"datetime": "2021-09-21 15:35:43", "elapsed": 335.319527, "delta": 2.616289}}
{"target": -2.375891809087051, "params": {"eta": 0.07555425377505068, "max_depth": 10.173167620153732, "n_estimators": 57.22576296161146}, "datetime": {"datetime": "2021-09-21 15:35:45", "elapsed": 337.609204, "delta": 2.289677}}
{"target": -2.4817704953645405, "params": {"eta": 0.24439524419850056, "max_depth": 34.1034925459996, "n_estimators": 42.57131792265566}, "datetime": {"datetime": "2021-09-21 15:35:48", "elapsed": 340.113031, "delta": 2.503827}}
{"target": -2.47673065662384, "params": {"eta": 0.08139967091666275, "max_depth": 34.13281910709695, "n_estimators": 42.651088116663374}, "datetime": {"datetime": "2021-09-21 15:35:51", "elapsed": 342.697387, "delta": 2.584356}}
{"target": -2.347803877529345, "params": {"eta": 0.19904435522817554, "max_depth": 13.715745278402878, "n_estimators": 55.22489313716394}, "datetime": {"datetime": "2021-09-21 15:35:53", "elapsed": 345.462235, "delta": 2.764848}}
