{"target": -11.745882096751261, "params": {"eta": 0.3160508493666609, "max_depth": 6.884468299003241, "n_estimators": 480.24460130788503}, "datetime": {"datetime": "2021-09-27 20:31:44", "elapsed": 615.200501, "delta": 3.84045}}
{"target": -11.17365822346234, "params": {"eta": 0.07627926032919576, "max_depth": 7.057918166620224, "n_estimators": 480.6055905440129}, "datetime": {"datetime": "2021-09-27 20:31:51", "elapsed": 621.654376, "delta": 6.453875}}
{"target": -11.178233502924357, "params": {"eta": 0.0762369732781476, "max_depth": 5.6847681735893705, "n_estimators": 442.4204749384835}, "datetime": {"datetime": "2021-09-27 20:31:55", "elapsed": 625.562587, "delta": 3.908211}}
{"target": -11.659041040438304, "params": {"eta": 0.1263218362225752, "max_depth": 8.587787542873338, "n_estimators": 436.1800509129301}, "datetime": {"datetime": "2021-09-27 20:31:59", "elapsed": 629.35644, "delta": 3.793853}}
{"target": -12.10274836170702, "params": {"eta": 0.36168696938231243, "max_depth": 6.2746932157420625, "n_estimators": 467.87462437959283}, "datetime": {"datetime": "2021-09-27 20:32:02", "elapsed": 632.896483, "delta": 3.540043}}
{"target": -12.68674940190084, "params": {"eta": 0.4868085895223594, "max_depth": 8.726259115852132, "n_estimators": 430.3531497540311}, "datetime": {"datetime": "2021-09-27 20:32:04", "elapsed": 635.304217, "delta": 2.407734}}
{"target": -11.167269866573344, "params": {"eta": 0.05, "max_depth": 3.323694408616733, "n_estimators": 435.0997266268975}, "datetime": {"datetime": "2021-09-27 20:32:09", "elapsed": 640.18232, "delta": 4.878103}}
{"target": -11.588899022706626, "params": {"eta": 0.17589373436284328, "max_depth": 5.98210639634386, "n_estimators": 411.06867115523823}, "datetime": {"datetime": "2021-09-27 20:32:14", "elapsed": 645.238751, "delta": 5.056431}}
{"target": -11.369849193679242, "params": {"eta": 0.11645573842060297, "max_depth": 3.7262354214468987, "n_estimators": 435.2287972148795}, "datetime": {"datetime": "2021-09-27 20:32:19", "elapsed": 649.907506, "delta": 4.668755}}
{"target": -11.250314893769184, "params": {"eta": 0.05, "max_depth": 4.602104544403035, "n_estimators": 410.25337186129155}, "datetime": {"datetime": "2021-09-27 20:32:23", "elapsed": 654.202364, "delta": 4.294858}}
{"target": -11.561674130691262, "params": {"eta": 0.05, "max_depth": 7.771009529637565, "n_estimators": 408.0894143904887}, "datetime": {"datetime": "2021-09-27 20:32:29", "elapsed": 659.832016, "delta": 5.629652}}
{"target": -11.061279314915925, "params": {"eta": 0.05, "max_depth": 6.774230137928393, "n_estimators": 480.5350052997377}, "datetime": {"datetime": "2021-09-27 20:32:35", "elapsed": 666.29325, "delta": 6.461234}}
{"target": -12.457052845058165, "params": {"eta": 0.2702025074251562, "max_depth": 8.943643558585485, "n_estimators": 478.3239737370532}, "datetime": {"datetime": "2021-09-27 20:32:38", "elapsed": 669.158938, "delta": 2.865688}}
{"target": -11.170801326059571, "params": {"eta": 0.11216074429068809, "max_depth": 3.337937528522387, "n_estimators": 442.68807131337894}, "datetime": {"datetime": "2021-09-27 20:32:43", "elapsed": 673.954878, "delta": 4.79594}}
{"target": -12.562787187494639, "params": {"eta": 0.40369314870641987, "max_depth": 9.568009183868309, "n_estimators": 428.09291303347175}, "datetime": {"datetime": "2021-09-27 20:32:46", "elapsed": 676.679559, "delta": 2.724681}}
{"target": -11.381583356199815, "params": {"eta": 0.12584324232476607, "max_depth": 5.308201483961099, "n_estimators": 459.9280088220671}, "datetime": {"datetime": "2021-09-27 20:32:50", "elapsed": 680.689095, "delta": 4.009536}}
{"target": -10.912958083347469, "params": {"eta": 0.09146094646883368, "max_depth": 4.219577267224712, "n_estimators": 411.33235827232556}, "datetime": {"datetime": "2021-09-27 20:32:55", "elapsed": 685.684601, "delta": 4.995506}}
{"target": -11.166969838715875, "params": {"eta": 0.1013628751853396, "max_depth": 4.42624221191592, "n_estimators": 411.55425096347744}, "datetime": {"datetime": "2021-09-27 20:33:00", "elapsed": 690.455741, "delta": 4.77114}}
{"target": -12.711004333558634, "params": {"eta": 0.3007797171569868, "max_depth": 4.007797444889657, "n_estimators": 411.5376337262311}, "datetime": {"datetime": "2021-09-27 20:33:04", "elapsed": 695.260914, "delta": 4.805173}}
{"target": -11.760896815465678, "params": {"eta": 0.39544347557680487, "max_depth": 4.278005103250367, "n_estimators": 403.11085488520257}, "datetime": {"datetime": "2021-09-27 20:33:07", "elapsed": 698.163913, "delta": 2.902999}}
{"target": -12.221952790520673, "params": {"eta": 0.24183983127118958, "max_depth": 8.355852393526462, "n_estimators": 415.88679268938733}, "datetime": {"datetime": "2021-09-27 20:33:11", "elapsed": 701.448037, "delta": 3.284124}}
{"target": -11.09148197329138, "params": {"eta": 0.12158898678555176, "max_depth": 3.3602136462722108, "n_estimators": 434.8002314344876}, "datetime": {"datetime": "2021-09-27 20:33:15", "elapsed": 706.300814, "delta": 4.852777}}
{"target": -11.251737118016472, "params": {"eta": 0.05, "max_depth": 4.4266737381357695, "n_estimators": 411.2033855741268}, "datetime": {"datetime": "2021-09-27 20:33:20", "elapsed": 710.561694, "delta": 4.26088}}
{"target": -11.798001451450002, "params": {"eta": 0.3845688128963961, "max_depth": 7.178090407374317, "n_estimators": 457.0284241623518}, "datetime": {"datetime": "2021-09-27 20:33:23", "elapsed": 713.851185, "delta": 3.289491}}
{"target": -11.251737118016472, "params": {"eta": 0.05, "max_depth": 4.143452936873497, "n_estimators": 411.0599194235856}, "datetime": {"datetime": "2021-09-27 20:33:27", "elapsed": 718.288128, "delta": 4.436943}}
{"target": -11.671071846641528, "params": {"eta": 0.2772600299003135, "max_depth": 7.149258308178307, "n_estimators": 455.6668190071448}, "datetime": {"datetime": "2021-09-27 20:33:30", "elapsed": 720.999598, "delta": 2.71147}}
{"target": -11.087060873894824, "params": {"eta": 0.09028385826864567, "max_depth": 3.8594461830014533, "n_estimators": 448.9114344147393}, "datetime": {"datetime": "2021-09-27 20:33:33", "elapsed": 723.821102, "delta": 2.821504}}
{"target": -11.964010445869773, "params": {"eta": 0.39396153661610867, "max_depth": 4.720098560077836, "n_estimators": 447.64587868047636}, "datetime": {"datetime": "2021-09-27 20:33:36", "elapsed": 726.860864, "delta": 3.039762}}
{"target": -11.45259197697716, "params": {"eta": 0.09274477670170994, "max_depth": 5.635404624898078, "n_estimators": 469.3172523513775}, "datetime": {"datetime": "2021-09-27 20:33:41", "elapsed": 731.563627, "delta": 4.702763}}
{"target": -12.819080813304046, "params": {"eta": 0.4945597033027816, "max_depth": 9.049024619411101, "n_estimators": 442.796977713157}, "datetime": {"datetime": "2021-09-27 20:33:44", "elapsed": 734.363169, "delta": 2.799542}}
{"target": -12.255653625702012, "params": {"eta": 0.3279490432840263, "max_depth": 3.2261414797870045, "n_estimators": 434.9698956756021}, "datetime": {"datetime": "2021-09-27 20:33:50", "elapsed": 740.663492, "delta": 6.300323}}
{"target": -12.377578176663814, "params": {"eta": 0.26690151792462646, "max_depth": 2.2908369854589834, "n_estimators": 423.3492833393232}, "datetime": {"datetime": "2021-09-27 20:33:53", "elapsed": 743.38645, "delta": 2.722958}}
{"target": -12.313406479257745, "params": {"eta": 0.31067262900923887, "max_depth": 3.8102637735878746, "n_estimators": 448.6702914355172}, "datetime": {"datetime": "2021-09-27 20:33:58", "elapsed": 748.931106, "delta": 5.544656}}
{"target": -12.669266889143337, "params": {"eta": 0.3074774452789243, "max_depth": 3.4064147511890903, "n_estimators": 442.963066343071}, "datetime": {"datetime": "2021-09-27 20:34:04", "elapsed": 754.501912, "delta": 5.570806}}
{"target": -11.770537996304412, "params": {"eta": 0.3553199875366884, "max_depth": 6.076844414442045, "n_estimators": 480.7333785609265}, "datetime": {"datetime": "2021-09-27 20:34:07", "elapsed": 758.142882, "delta": 3.64097}}
{"target": -12.104644525609693, "params": {"eta": 0.438375049232993, "max_depth": 6.681438999976231, "n_estimators": 421.04311246778826}, "datetime": {"datetime": "2021-09-27 20:34:10", "elapsed": 761.110842, "delta": 2.96796}}
{"target": -10.678173975923585, "params": {"eta": 0.06244161708819387, "max_depth": 4.160215835011085, "n_estimators": 448.9472593821844}, "datetime": {"datetime": "2021-09-27 20:34:16", "elapsed": 767.04262, "delta": 5.931778}}
{"target": -12.190021385028658, "params": {"eta": 0.2803474667712806, "max_depth": 4.056627156989139, "n_estimators": 449.0016268805776}, "datetime": {"datetime": "2021-09-27 20:34:21", "elapsed": 771.568496, "delta": 4.525876}}
{"target": -12.349542151343817, "params": {"eta": 0.44364816693330633, "max_depth": 7.0539175763924975, "n_estimators": 444.16077444853215}, "datetime": {"datetime": "2021-09-27 20:34:24", "elapsed": 775.108664, "delta": 3.540168}}
{"target": -11.79503135213332, "params": {"eta": 0.36094443267428084, "max_depth": 7.5228795991538995, "n_estimators": 443.3570925293113}, "datetime": {"datetime": "2021-09-27 20:34:28", "elapsed": 778.755855, "delta": 3.647191}}
{"target": -11.111012839211517, "params": {"eta": 0.08544408901318687, "max_depth": 5.071235620172098, "n_estimators": 407.88609202603806}, "datetime": {"datetime": "2021-09-27 20:34:32", "elapsed": 782.7519, "delta": 3.996045}}
{"target": -11.167269866573344, "params": {"eta": 0.05, "max_depth": 3.4683963763705186, "n_estimators": 435.4360755795579}, "datetime": {"datetime": "2021-09-27 20:34:37", "elapsed": 788.19221, "delta": 5.44031}}
{"target": -12.554554037542488, "params": {"eta": 0.4897718376665906, "max_depth": 4.983238539050639, "n_estimators": 494.2530225528124}, "datetime": {"datetime": "2021-09-27 20:34:41", "elapsed": 792.036195, "delta": 3.843985}}
{"target": -11.776750415699833, "params": {"eta": 0.3107304804778817, "max_depth": 6.93772775570208, "n_estimators": 480.66523445917085}, "datetime": {"datetime": "2021-09-27 20:34:48", "elapsed": 798.649546, "delta": 6.613351}}
{"target": -10.96335118535049, "params": {"eta": 0.13674974638547216, "max_depth": 7.727566694109098, "n_estimators": 466.7718609035899}, "datetime": {"datetime": "2021-09-27 20:34:53", "elapsed": 803.457031, "delta": 4.807485}}
{"target": -12.047166427562054, "params": {"eta": 0.22703876336326684, "max_depth": 8.167869650159473, "n_estimators": 436.5495255414709}, "datetime": {"datetime": "2021-09-27 20:34:56", "elapsed": 806.767662, "delta": 3.310631}}
{"target": -11.97029530694456, "params": {"eta": 0.1703137933955955, "max_depth": 8.152482910961595, "n_estimators": 436.0903009081923}, "datetime": {"datetime": "2021-09-27 20:35:00", "elapsed": 810.530056, "delta": 3.762394}}
{"target": -11.456077337449788, "params": {"eta": 0.0944649569703295, "max_depth": 4.491157598160502, "n_estimators": 448.74399502392544}, "datetime": {"datetime": "2021-09-27 20:35:05", "elapsed": 816.17672, "delta": 5.646664}}
{"target": -11.398500505862856, "params": {"eta": 0.1449149409921064, "max_depth": 3.3168351606702746, "n_estimators": 418.429417867628}, "datetime": {"datetime": "2021-09-27 20:35:08", "elapsed": 819.287856, "delta": 3.111136}}
{"target": -12.319516124809908, "params": {"eta": 0.34592079639777057, "max_depth": 5.146699591544242, "n_estimators": 446.74377017595486}, "datetime": {"datetime": "2021-09-27 20:35:12", "elapsed": 822.744972, "delta": 3.457116}}
{"target": -11.949098298264039, "params": {"eta": 0.21509761004440348, "max_depth": 7.561982380777033, "n_estimators": 466.9023151238065}, "datetime": {"datetime": "2021-09-27 20:35:19", "elapsed": 830.133079, "delta": 7.388107}}
{"target": -11.221188633731376, "params": {"eta": 0.1974368359783712, "max_depth": 4.8495369054199555, "n_estimators": 407.8718796136278}, "datetime": {"datetime": "2021-09-27 20:35:25", "elapsed": 835.858676, "delta": 5.725597}}
{"target": -12.527391566266303, "params": {"eta": 0.4687214909506122, "max_depth": 9.433281003782682, "n_estimators": 489.03522880790877}, "datetime": {"datetime": "2021-09-27 20:35:28", "elapsed": 839.074004, "delta": 3.215328}}
{"target": -11.983784038780323, "params": {"eta": 0.2484680911566703, "max_depth": 8.593908057909964, "n_estimators": 439.0088714964928}, "datetime": {"datetime": "2021-09-27 20:35:32", "elapsed": 842.764114, "delta": 3.69011}}
{"target": -11.56482880733522, "params": {"eta": 0.05, "max_depth": 7.846317785401907, "n_estimators": 466.5812598760688}, "datetime": {"datetime": "2021-09-27 20:35:39", "elapsed": 850.228758, "delta": 7.464644}}
{"target": -11.753204475268927, "params": {"eta": 0.15434056379206348, "max_depth": 9.27089586298803, "n_estimators": 460.1168438886007}, "datetime": {"datetime": "2021-09-27 20:35:43", "elapsed": 854.058705, "delta": 3.829947}}
{"target": -12.02442483677565, "params": {"eta": 0.34041687004256893, "max_depth": 9.166921300265622, "n_estimators": 424.68135771587674}, "datetime": {"datetime": "2021-09-27 20:35:47", "elapsed": 857.468018, "delta": 3.409313}}
{"target": -11.682461850876322, "params": {"eta": 0.352324039634151, "max_depth": 8.193089154852796, "n_estimators": 495.2703061616164}, "datetime": {"datetime": "2021-09-27 20:35:50", "elapsed": 860.84021, "delta": 3.372192}}
{"target": -11.465423217459843, "params": {"eta": 0.21973886000986054, "max_depth": 4.644770704555983, "n_estimators": 483.3216938661175}, "datetime": {"datetime": "2021-09-27 20:35:54", "elapsed": 865.023095, "delta": 4.182885}}
{"target": -11.29505508584554, "params": {"eta": 0.19343995159900512, "max_depth": 6.41657860159252, "n_estimators": 466.1864849457851}, "datetime": {"datetime": "2021-09-27 20:35:58", "elapsed": 869.210647, "delta": 4.187552}}
{"target": -12.152540847100516, "params": {"eta": 0.35476965175172964, "max_depth": 5.027720002065594, "n_estimators": 407.6659926784434}, "datetime": {"datetime": "2021-09-27 20:36:05", "elapsed": 875.739313, "delta": 6.528666}}
{"target": -11.56482880733522, "params": {"eta": 0.05, "max_depth": 7.8951177166193025, "n_estimators": 466.90695502548135}, "datetime": {"datetime": "2021-09-27 20:36:16", "elapsed": 886.363012, "delta": 10.623699}}
{"target": -13.269960125539571, "params": {"eta": 0.34393049494633965, "max_depth": 9.449592469173737, "n_estimators": 453.52187538022605}, "datetime": {"datetime": "2021-09-27 20:36:22", "elapsed": 893.284799, "delta": 6.921787}}
{"target": -12.69780071309034, "params": {"eta": 0.12367830218296537, "max_depth": 2.8138553579916072, "n_estimators": 459.8564041216795}, "datetime": {"datetime": "2021-09-27 20:36:26", "elapsed": 897.001128, "delta": 3.716329}}
{"target": -10.88208024431714, "params": {"eta": 0.06472620287602074, "max_depth": 4.425818871679558, "n_estimators": 448.96412676530326}, "datetime": {"datetime": "2021-09-27 20:36:36", "elapsed": 907.097222, "delta": 10.096094}}
{"target": -11.245708017760201, "params": {"eta": 0.09488522654321777, "max_depth": 4.142706181352884, "n_estimators": 448.71245686393155}, "datetime": {"datetime": "2021-09-27 20:36:44", "elapsed": 914.412753, "delta": 7.315531}}
{"target": -11.254071346405526, "params": {"eta": 0.05, "max_depth": 4.2729366298125875, "n_estimators": 449.1277573990612}, "datetime": {"datetime": "2021-09-27 20:36:51", "elapsed": 922.317115, "delta": 7.904362}}
{"target": -11.408144531399518, "params": {"eta": 0.2370579821110802, "max_depth": 5.357655098797455, "n_estimators": 455.7191460792785}, "datetime": {"datetime": "2021-09-27 20:36:57", "elapsed": 927.378069, "delta": 5.060954}}
{"target": -11.134703607581708, "params": {"eta": 0.06229329567416016, "max_depth": 3.6127714632955437, "n_estimators": 434.92471335051033}, "datetime": {"datetime": "2021-09-27 20:37:03", "elapsed": 933.768319, "delta": 6.39025}}
{"target": -11.476091101544633, "params": {"eta": 0.07188083375849091, "max_depth": 9.682976612529849, "n_estimators": 453.19497788749175}, "datetime": {"datetime": "2021-09-27 20:37:11", "elapsed": 942.310322, "delta": 8.542003}}
{"target": -12.526934529791255, "params": {"eta": 0.2851113255819795, "max_depth": 4.38533627792859, "n_estimators": 411.2684378604054}, "datetime": {"datetime": "2021-09-27 20:37:18", "elapsed": 948.434599, "delta": 6.124277}}
{"target": -12.030586188224905, "params": {"eta": 0.35375924820218135, "max_depth": 5.352004329701447, "n_estimators": 438.09896139729176}, "datetime": {"datetime": "2021-09-27 20:37:21", "elapsed": 951.655341, "delta": 3.220742}}
{"target": -11.370011306798071, "params": {"eta": 0.07907357253999293, "max_depth": 3.505922591101993, "n_estimators": 434.6604097621757}, "datetime": {"datetime": "2021-09-27 20:37:28", "elapsed": 958.679728, "delta": 7.024387}}
{"target": -11.706315128658042, "params": {"eta": 0.17083178516934466, "max_depth": 6.448506020946886, "n_estimators": 481.55273900423987}, "datetime": {"datetime": "2021-09-27 20:37:33", "elapsed": 963.871496, "delta": 5.191768}}
{"target": -11.914253096145396, "params": {"eta": 0.42428478642116746, "max_depth": 7.383525140704093, "n_estimators": 458.5027880039892}, "datetime": {"datetime": "2021-09-27 20:37:38", "elapsed": 968.427617, "delta": 4.556121}}
{"target": -11.587935051865054, "params": {"eta": 0.13078423472053627, "max_depth": 8.673244866023134, "n_estimators": 439.05473234626095}, "datetime": {"datetime": "2021-09-27 20:37:42", "elapsed": 972.951746, "delta": 4.524129}}
{"target": -12.422766711194388, "params": {"eta": 0.46929252753870493, "max_depth": 6.1651228076881335, "n_estimators": 422.8547009825467}, "datetime": {"datetime": "2021-09-27 20:37:45", "elapsed": 976.245664, "delta": 3.293918}}
{"target": -11.916637174166418, "params": {"eta": 0.388896104817968, "max_depth": 7.005060936889198, "n_estimators": 462.2007870953296}, "datetime": {"datetime": "2021-09-27 20:37:50", "elapsed": 980.477637, "delta": 4.231973}}
{"target": -12.271050575185168, "params": {"eta": 0.07141656788865312, "max_depth": 2.725858351688757, "n_estimators": 471.2435967261902}, "datetime": {"datetime": "2021-09-27 20:37:53", "elapsed": 983.610483, "delta": 3.132846}}
{"target": -11.166520462899387, "params": {"eta": 0.05, "max_depth": 3.154142296573103, "n_estimators": 434.62926406224454}, "datetime": {"datetime": "2021-09-27 20:38:00", "elapsed": 991.319416, "delta": 7.708933}}
{"target": -11.519010186517816, "params": {"eta": 0.2006113806409136, "max_depth": 8.053384048089494, "n_estimators": 412.0676601110039}, "datetime": {"datetime": "2021-09-27 20:38:04", "elapsed": 995.240923, "delta": 3.921507}}
{"target": -11.241565315784337, "params": {"eta": 0.05817241785234975, "max_depth": 5.522774022809834, "n_estimators": 458.2002665257851}, "datetime": {"datetime": "2021-09-27 20:38:11", "elapsed": 1001.805849, "delta": 6.564926}}
{"target": -11.120037877297936, "params": {"eta": 0.14180060884638304, "max_depth": 5.980474537842331, "n_estimators": 412.66884062587656}, "datetime": {"datetime": "2021-09-27 20:38:16", "elapsed": 1006.410675, "delta": 4.604826}}
{"target": -11.46926978831735, "params": {"eta": 0.05, "max_depth": 5.318731462548024, "n_estimators": 469.6754644249874}, "datetime": {"datetime": "2021-09-27 20:38:24", "elapsed": 1015.064672, "delta": 8.653997}}
{"target": -12.133885344052649, "params": {"eta": 0.24492719009902109, "max_depth": 3.5802577406222404, "n_estimators": 435.670421290027}, "datetime": {"datetime": "2021-09-27 20:38:30", "elapsed": 1020.650214, "delta": 5.585542}}
