{"target": -10.63547647339036, "params": {"eta": 0.07678498168518443, "max_depth": 8.387163664431824, "n_estimators": 114.04730790911728}, "datetime": {"datetime": "2021-09-27 19:51:14", "elapsed": 1077.000582, "delta": 5.934412}}
{"target": -10.97489448221783, "params": {"eta": 0.17873705368206677, "max_depth": 17.310603882389376, "n_estimators": 140.80455914314734}, "datetime": {"datetime": "2021-09-27 19:51:19", "elapsed": 1082.252062, "delta": 5.25148}}
{"target": -10.792789552386973, "params": {"eta": 0.14734475053850749, "max_depth": 20.693973034470925, "n_estimators": 183.45010603374482}, "datetime": {"datetime": "2021-09-27 19:51:25", "elapsed": 1088.553579, "delta": 6.301517}}
{"target": -11.413887168639118, "params": {"eta": 0.25456723072524506, "max_depth": 25.250878376247957, "n_estimators": 138.35178988810947}, "datetime": {"datetime": "2021-09-27 19:51:28", "elapsed": 1091.886212, "delta": 3.332633}}
{"target": -10.641481352275402, "params": {"eta": 0.05141832719858906, "max_depth": 20.029487083304872, "n_estimators": 190.7767990401543}, "datetime": {"datetime": "2021-09-27 19:51:33", "elapsed": 1096.461538, "delta": 4.575326}}
{"target": -10.30579303893624, "params": {"eta": 0.11378213074787412, "max_depth": 6.856957895097875, "n_estimators": 148.36278058297205}, "datetime": {"datetime": "2021-09-27 19:51:37", "elapsed": 1100.111595, "delta": 3.650057}}
{"target": -11.105301215428875, "params": {"eta": 0.2738770054239625, "max_depth": 25.174899292840944, "n_estimators": 124.45206975524708}, "datetime": {"datetime": "2021-09-27 19:51:40", "elapsed": 1103.544481, "delta": 3.432886}}
{"target": -10.427591445786776, "params": {"eta": 0.20394967802711428, "max_depth": 31.047772753659608, "n_estimators": 145.71394008914808}, "datetime": {"datetime": "2021-09-27 19:51:45", "elapsed": 1108.682316, "delta": 5.137835}}
{"target": -10.262569513690458, "params": {"eta": 0.19031367837501956, "max_depth": 5.807178976562822, "n_estimators": 165.43265768095995}, "datetime": {"datetime": "2021-09-27 19:51:50", "elapsed": 1113.593713, "delta": 4.911397}}
{"target": -10.159938080116838, "params": {"eta": 0.13564570675673993, "max_depth": 9.225120692175066, "n_estimators": 122.20809332101126}, "datetime": {"datetime": "2021-09-27 19:51:54", "elapsed": 1117.183975, "delta": 3.590262}}
{"target": -10.888750982248219, "params": {"eta": 0.05592432258088857, "max_depth": 33.29499203394069, "n_estimators": 136.9951961352793}, "datetime": {"datetime": "2021-09-27 19:51:58", "elapsed": 1121.492081, "delta": 4.308106}}
{"target": -11.182656822067827, "params": {"eta": 0.27952699331162395, "max_depth": 30.864513802156797, "n_estimators": 145.62313402533817}, "datetime": {"datetime": "2021-09-27 19:52:04", "elapsed": 1127.358166, "delta": 5.866085}}
{"target": -9.822811656324753, "params": {"eta": 0.07354833652787811, "max_depth": 18.973063138773124, "n_estimators": 158.43616049480903}, "datetime": {"datetime": "2021-09-27 19:52:10", "elapsed": 1133.786056, "delta": 6.42789}}
{"target": -9.906598544743431, "params": {"eta": 0.08326939250900599, "max_depth": 6.2976475888363375, "n_estimators": 161.9317470590468}, "datetime": {"datetime": "2021-09-27 19:52:14", "elapsed": 1137.216278, "delta": 3.430222}}
{"target": -10.556499335588002, "params": {"eta": 0.09855975246235009, "max_depth": 5.902154805814324, "n_estimators": 165.47519337192364}, "datetime": {"datetime": "2021-09-27 19:52:19", "elapsed": 1142.385175, "delta": 5.168897}}
{"target": -11.124520781804621, "params": {"eta": 0.264734796371436, "max_depth": 5.955921657293299, "n_estimators": 165.434707558708}, "datetime": {"datetime": "2021-09-27 19:52:25", "elapsed": 1148.812504, "delta": 6.427329}}
{"target": -10.276975094385076, "params": {"eta": 0.07516120388756699, "max_depth": 6.753616018232227, "n_estimators": 114.5878960209148}, "datetime": {"datetime": "2021-09-27 19:52:28", "elapsed": 1151.639231, "delta": 2.826727}}
{"target": -10.95568181563467, "params": {"eta": 0.05026635518212698, "max_depth": 11.662959294288203, "n_estimators": 127.37924440516028}, "datetime": {"datetime": "2021-09-27 19:52:32", "elapsed": 1155.443807, "delta": 3.804576}}
{"target": -10.542440542349585, "params": {"eta": 0.2517530880562783, "max_depth": 7.765636072310494, "n_estimators": 195.2042695417385}, "datetime": {"datetime": "2021-09-27 19:52:36", "elapsed": 1159.022115, "delta": 3.578308}}
{"target": -10.31798529967958, "params": {"eta": 0.10674473651433487, "max_depth": 9.273359777335052, "n_estimators": 122.30171336160916}, "datetime": {"datetime": "2021-09-27 19:52:42", "elapsed": 1165.328069, "delta": 6.305954}}
{"target": -11.387056012427403, "params": {"eta": 0.26127007267449026, "max_depth": 4.068187464292755, "n_estimators": 121.35544527129565}, "datetime": {"datetime": "2021-09-27 19:52:45", "elapsed": 1168.239482, "delta": 2.911413}}
{"target": -10.473962923809884, "params": {"eta": 0.1150963367496979, "max_depth": 4.1321335126925565, "n_estimators": 164.31321798033468}, "datetime": {"datetime": "2021-09-27 19:52:49", "elapsed": 1172.835922, "delta": 4.59644}}
{"target": -13.920513156306608, "params": {"eta": 0.1641744930626921, "max_depth": 1.7798227641989044, "n_estimators": 189.19006648545047}, "datetime": {"datetime": "2021-09-27 19:52:52", "elapsed": 1175.807129, "delta": 2.971207}}
{"target": -10.923051464740755, "params": {"eta": 0.10160334691833824, "max_depth": 20.219593542445715, "n_estimators": 165.15048866534903}, "datetime": {"datetime": "2021-09-27 19:52:57", "elapsed": 1180.082972, "delta": 4.275843}}
{"target": -10.592588254191726, "params": {"eta": 0.0957392563127601, "max_depth": 19.486595903507023, "n_estimators": 139.91979527924423}, "datetime": {"datetime": "2021-09-27 19:53:01", "elapsed": 1184.390745, "delta": 4.307773}}
{"target": -10.305480821858518, "params": {"eta": 0.13571985485946725, "max_depth": 28.828140199002195, "n_estimators": 116.03472608481884}, "datetime": {"datetime": "2021-09-27 19:53:05", "elapsed": 1188.512537, "delta": 4.121792}}
{"target": -10.335866583689416, "params": {"eta": 0.12730846901334236, "max_depth": 6.144789944856122, "n_estimators": 161.92497087524598}, "datetime": {"datetime": "2021-09-27 19:53:10", "elapsed": 1193.105096, "delta": 4.592559}}
{"target": -11.009458672125298, "params": {"eta": 0.2812580621014786, "max_depth": 13.514824213329794, "n_estimators": 184.73899857086502}, "datetime": {"datetime": "2021-09-27 19:53:13", "elapsed": 1196.471195, "delta": 3.366099}}
{"target": -11.567766295946587, "params": {"eta": 0.2165671607621258, "max_depth": 24.32012064278042, "n_estimators": 126.67499204164969}, "datetime": {"datetime": "2021-09-27 19:53:18", "elapsed": 1201.672942, "delta": 5.201747}}
{"target": -10.228743264176751, "params": {"eta": 0.1748429432022905, "max_depth": 22.91670051902199, "n_estimators": 147.61923884246124}, "datetime": {"datetime": "2021-09-27 19:53:24", "elapsed": 1207.882534, "delta": 6.209592}}
{"target": -10.544951672792324, "params": {"eta": 0.13591486608622622, "max_depth": 24.549652852975075, "n_estimators": 126.61861165923477}, "datetime": {"datetime": "2021-09-27 19:53:30", "elapsed": 1213.15417, "delta": 5.271636}}
{"target": -10.62519335092096, "params": {"eta": 0.13904226447820645, "max_depth": 22.76108867900706, "n_estimators": 147.42851479668786}, "datetime": {"datetime": "2021-09-27 19:53:34", "elapsed": 1217.871443, "delta": 4.717273}}
{"target": -10.827471012080714, "params": {"eta": 0.14092510988718615, "max_depth": 20.59893558980126, "n_estimators": 183.60765745724393}, "datetime": {"datetime": "2021-09-27 19:53:40", "elapsed": 1223.111918, "delta": 5.240475}}
{"target": -10.406815524642807, "params": {"eta": 0.08963297211578776, "max_depth": 28.287800075956433, "n_estimators": 101.53752735458583}, "datetime": {"datetime": "2021-09-27 19:53:43", "elapsed": 1226.209524, "delta": 3.097606}}
{"target": -10.618960633787907, "params": {"eta": 0.06980953777963299, "max_depth": 13.888728029772544, "n_estimators": 193.88132898962766}, "datetime": {"datetime": "2021-09-27 19:53:46", "elapsed": 1229.834399, "delta": 3.624875}}
{"target": -9.982120241792224, "params": {"eta": 0.14938980342291708, "max_depth": 9.129960341629918, "n_estimators": 122.13712847319125}, "datetime": {"datetime": "2021-09-27 19:53:50", "elapsed": 1233.901687, "delta": 4.067288}}
{"target": -10.504512653077489, "params": {"eta": 0.1421480803321445, "max_depth": 23.80834856867983, "n_estimators": 128.58321366431161}, "datetime": {"datetime": "2021-09-27 19:53:54", "elapsed": 1237.661221, "delta": 3.759534}}
{"target": -10.249181338990205, "params": {"eta": 0.14335654438276219, "max_depth": 33.6920045784384, "n_estimators": 119.15136403221314}, "datetime": {"datetime": "2021-09-27 19:53:57", "elapsed": 1240.942746, "delta": 3.281525}}
{"target": -11.238006066559654, "params": {"eta": 0.2372100031185626, "max_depth": 33.91597800190212, "n_estimators": 193.40405920177307}, "datetime": {"datetime": "2021-09-27 19:54:01", "elapsed": 1244.274944, "delta": 3.332198}}
{"target": -11.425529505855048, "params": {"eta": 0.2647366070686788, "max_depth": 6.270427625631283, "n_estimators": 135.18893582894663}, "datetime": {"datetime": "2021-09-27 19:54:04", "elapsed": 1247.137142, "delta": 2.862198}}
{"target": -10.767696008391821, "params": {"eta": 0.14129576882688955, "max_depth": 5.7946389902634, "n_estimators": 165.36092353684097}, "datetime": {"datetime": "2021-09-27 19:54:08", "elapsed": 1251.32302, "delta": 4.185878}}
{"target": -11.06760906427466, "params": {"eta": 0.10026799025991819, "max_depth": 5.0938366008541545, "n_estimators": 112.22534931346009}, "datetime": {"datetime": "2021-09-27 19:54:10", "elapsed": 1253.801909, "delta": 2.478889}}
{"target": -10.94917512511645, "params": {"eta": 0.07577486021393963, "max_depth": 8.698730095302661, "n_estimators": 111.64869569354482}, "datetime": {"datetime": "2021-09-27 19:54:13", "elapsed": 1256.735911, "delta": 2.934002}}
{"target": -10.71928960908457, "params": {"eta": 0.1764078088252483, "max_depth": 10.223132734318114, "n_estimators": 180.3771791134996}, "datetime": {"datetime": "2021-09-27 19:54:17", "elapsed": 1260.112972, "delta": 3.377061}}
{"target": -10.785516649530393, "params": {"eta": 0.08632426681246937, "max_depth": 31.44286457035302, "n_estimators": 196.4616291199623}, "datetime": {"datetime": "2021-09-27 19:54:22", "elapsed": 1265.244575, "delta": 5.131603}}
{"target": -10.813044528852178, "params": {"eta": 0.07213612986875874, "max_depth": 15.20307692285577, "n_estimators": 169.68258479997328}, "datetime": {"datetime": "2021-09-27 19:54:25", "elapsed": 1268.781642, "delta": 3.537067}}
{"target": -10.555237067049072, "params": {"eta": 0.10174154746325507, "max_depth": 6.8152265879562535, "n_estimators": 114.66900147816594}, "datetime": {"datetime": "2021-09-27 19:54:31", "elapsed": 1274.225614, "delta": 5.443972}}
{"target": -10.270857605873857, "params": {"eta": 0.13317159946231188, "max_depth": 6.96430937046967, "n_estimators": 153.8788708544667}, "datetime": {"datetime": "2021-09-27 19:54:35", "elapsed": 1278.277879, "delta": 4.052265}}
{"target": -10.119191533590053, "params": {"eta": 0.08034160889842083, "max_depth": 7.014669214125224, "n_estimators": 153.85837866475407}, "datetime": {"datetime": "2021-09-27 19:54:40", "elapsed": 1283.487439, "delta": 5.20956}}
{"target": -10.652151759078137, "params": {"eta": 0.10645730056723658, "max_depth": 28.74645639735231, "n_estimators": 116.0429029618681}, "datetime": {"datetime": "2021-09-27 19:54:44", "elapsed": 1287.981194, "delta": 4.493755}}
{"target": -10.308464897949214, "params": {"eta": 0.12970509986369155, "max_depth": 12.816972534637207, "n_estimators": 127.12091827972847}, "datetime": {"datetime": "2021-09-27 19:54:48", "elapsed": 1291.682993, "delta": 3.701799}}
{"target": -11.337126261057065, "params": {"eta": 0.22010006040699664, "max_depth": 31.239675696042426, "n_estimators": 135.76774679899145}, "datetime": {"datetime": "2021-09-27 19:54:52", "elapsed": 1295.406943, "delta": 3.72395}}
{"target": -10.407756023390892, "params": {"eta": 0.07750702036185812, "max_depth": 6.6459867575882665, "n_estimators": 176.18313854114587}, "datetime": {"datetime": "2021-09-27 19:54:55", "elapsed": 1298.3391, "delta": 2.932157}}
{"target": -11.141203361983491, "params": {"eta": 0.17443601826121702, "max_depth": 13.186622911600702, "n_estimators": 126.66071153597443}, "datetime": {"datetime": "2021-09-27 19:54:58", "elapsed": 1301.4581, "delta": 3.119}}
{"target": -10.521526178158675, "params": {"eta": 0.05622543016792407, "max_depth": 17.8548941352078, "n_estimators": 191.0357570341467}, "datetime": {"datetime": "2021-09-27 19:55:04", "elapsed": 1307.26847, "delta": 5.81037}}
{"target": -10.725789063412208, "params": {"eta": 0.12084127295034076, "max_depth": 9.10662742721329, "n_estimators": 122.19912947874701}, "datetime": {"datetime": "2021-09-27 19:55:09", "elapsed": 1312.528524, "delta": 5.260054}}
{"target": -10.335780959573908, "params": {"eta": 0.06398498873637469, "max_depth": 20.696532290741697, "n_estimators": 113.84969915615387}, "datetime": {"datetime": "2021-09-27 19:55:13", "elapsed": 1316.112045, "delta": 3.583521}}
{"target": -10.655459294975064, "params": {"eta": 0.18433054504276358, "max_depth": 33.26953102334621, "n_estimators": 164.16013301037523}, "datetime": {"datetime": "2021-09-27 19:55:16", "elapsed": 1319.090268, "delta": 2.978223}}
{"target": -11.395395295778329, "params": {"eta": 0.2667881644957844, "max_depth": 8.599296031508697, "n_estimators": 194.7533864133992}, "datetime": {"datetime": "2021-09-27 19:55:18", "elapsed": 1321.786921, "delta": 2.696653}}
{"target": -10.287261097278186, "params": {"eta": 0.20753340298378264, "max_depth": 9.201109748669163, "n_estimators": 121.97972759834403}, "datetime": {"datetime": "2021-09-27 19:55:24", "elapsed": 1327.313792, "delta": 5.526871}}
{"target": -10.881387102566071, "params": {"eta": 0.18995999210908582, "max_depth": 9.124894099451353, "n_estimators": 121.92590700927931}, "datetime": {"datetime": "2021-09-27 19:55:29", "elapsed": 1332.478268, "delta": 5.164476}}
{"target": -11.053579452111393, "params": {"eta": 0.1796172134877453, "max_depth": 3.7430005699192437, "n_estimators": 101.19155005161636}, "datetime": {"datetime": "2021-09-27 19:55:32", "elapsed": 1335.229819, "delta": 2.751551}}
{"target": -10.435407107388842, "params": {"eta": 0.14088374256409808, "max_depth": 6.305746251334779, "n_estimators": 161.82688155215226}, "datetime": {"datetime": "2021-09-27 19:55:37", "elapsed": 1340.964367, "delta": 5.734548}}
{"target": -10.189388361623228, "params": {"eta": 0.10791712691336593, "max_depth": 21.63054573953221, "n_estimators": 112.63674681246628}, "datetime": {"datetime": "2021-09-27 19:55:41", "elapsed": 1344.48825, "delta": 3.523883}}
{"target": -10.487500646018402, "params": {"eta": 0.05923919164592796, "max_depth": 22.479196396407495, "n_estimators": 143.7107016670886}, "datetime": {"datetime": "2021-09-27 19:55:45", "elapsed": 1348.70354, "delta": 4.21529}}
{"target": -12.365978742373322, "params": {"eta": 0.1961866907805736, "max_depth": 2.202007850887599, "n_estimators": 118.84897661615986}, "datetime": {"datetime": "2021-09-27 19:55:48", "elapsed": 1351.184172, "delta": 2.480632}}
{"target": -11.001781864516218, "params": {"eta": 0.06307843662010194, "max_depth": 33.76476937579143, "n_estimators": 119.18798876781725}, "datetime": {"datetime": "2021-09-27 19:55:53", "elapsed": 1356.852986, "delta": 5.668814}}
{"target": -11.132232587153682, "params": {"eta": 0.21881618336074882, "max_depth": 23.01188533424309, "n_estimators": 147.62811459661313}, "datetime": {"datetime": "2021-09-27 19:55:59", "elapsed": 1362.781856, "delta": 5.92887}}
{"target": -10.21624338390043, "params": {"eta": 0.09064624768120132, "max_depth": 11.472507208964547, "n_estimators": 142.95771918372805}, "datetime": {"datetime": "2021-09-27 19:56:03", "elapsed": 1366.641276, "delta": 3.85942}}
{"target": -11.235872712444705, "params": {"eta": 0.25488138828719037, "max_depth": 26.706923879771242, "n_estimators": 142.87879796053215}, "datetime": {"datetime": "2021-09-27 19:56:07", "elapsed": 1370.318902, "delta": 3.677626}}
{"target": -10.743846930073895, "params": {"eta": 0.09521684512003188, "max_depth": 20.796402177371306, "n_estimators": 113.89653686467028}, "datetime": {"datetime": "2021-09-27 19:56:12", "elapsed": 1375.943377, "delta": 5.624475}}
{"target": -10.391058504486802, "params": {"eta": 0.10617240642922308, "max_depth": 8.702330530768602, "n_estimators": 114.20800771733725}, "datetime": {"datetime": "2021-09-27 19:56:19", "elapsed": 1382.129441, "delta": 6.186064}}
{"target": -12.028876984088233, "params": {"eta": 0.2592150085530928, "max_depth": 25.758262185510052, "n_estimators": 182.83846521960265}, "datetime": {"datetime": "2021-09-27 19:56:21", "elapsed": 1384.92085, "delta": 2.791409}}
{"target": -10.508587307868334, "params": {"eta": 0.19281663338701782, "max_depth": 21.58176658346808, "n_estimators": 112.57233192327801}, "datetime": {"datetime": "2021-09-27 19:56:26", "elapsed": 1389.508377, "delta": 4.587527}}
{"target": -11.292806199451908, "params": {"eta": 0.24263151869378818, "max_depth": 6.186760416474696, "n_estimators": 161.91443223304876}, "datetime": {"datetime": "2021-09-27 19:56:31", "elapsed": 1394.861904, "delta": 5.353527}}
{"target": -10.231902928014316, "params": {"eta": 0.07998427093109305, "max_depth": 13.488320096904125, "n_estimators": 147.85857384364482}, "datetime": {"datetime": "2021-09-27 19:56:35", "elapsed": 1398.224825, "delta": 3.362921}}
{"target": -11.375992582760578, "params": {"eta": 0.179416897101004, "max_depth": 12.419598093284034, "n_estimators": 184.02278246609077}, "datetime": {"datetime": "2021-09-27 19:56:38", "elapsed": 1401.341287, "delta": 3.116462}}
{"target": -10.832891541193487, "params": {"eta": 0.07247597324167991, "max_depth": 5.872895621175533, "n_estimators": 165.15605273406766}, "datetime": {"datetime": "2021-09-27 19:56:41", "elapsed": 1404.132449, "delta": 2.791162}}
{"target": -10.496753701771517, "params": {"eta": 0.12274347524281441, "max_depth": 17.192034394871307, "n_estimators": 140.6769874611189}, "datetime": {"datetime": "2021-09-27 19:56:46", "elapsed": 1409.807657, "delta": 5.675208}}
{"target": -11.408422033735214, "params": {"eta": 0.2634306027999026, "max_depth": 13.448543439696529, "n_estimators": 186.237217202318}, "datetime": {"datetime": "2021-09-27 19:56:50", "elapsed": 1413.31299, "delta": 3.505333}}
{"target": -10.929716031388798, "params": {"eta": 0.18720337598183118, "max_depth": 25.31643845666226, "n_estimators": 110.27633760716438}, "datetime": {"datetime": "2021-09-27 20:04:03", "elapsed": 0.0, "delta": 0.0}}
{"target": -10.837663077024063, "params": {"eta": 0.18622079574922423, "max_depth": 15.40426317752276, "n_estimators": 114.58941130666561}, "datetime": {"datetime": "2021-09-27 20:04:04", "elapsed": 1.009183, "delta": 1.009183}}
{"target": -10.457161107066087, "params": {"eta": 0.15939680281567314, "max_depth": 31.32028202659071, "n_estimators": 146.36627605010293}, "datetime": {"datetime": "2021-09-27 20:04:06", "elapsed": 2.602184, "delta": 1.593001}}
{"target": -10.247398214761368, "params": {"eta": 0.14586037970644444, "max_depth": 27.918651294810594, "n_estimators": 102.88949197529044}, "datetime": {"datetime": "2021-09-27 20:04:08", "elapsed": 4.610245, "delta": 2.008061}}
{"target": -10.688946156976668, "params": {"eta": 0.1920111402734831, "max_depth": 32.47028570195047, "n_estimators": 57.1036058197887}, "datetime": {"datetime": "2021-09-27 20:04:09", "elapsed": 5.580239, "delta": 0.969994}}
{"target": -11.303218360410558, "params": {"eta": 0.21729219297379532, "max_depth": 25.152139429706548, "n_estimators": 134.63797577103304}, "datetime": {"datetime": "2021-09-27 20:04:10", "elapsed": 6.906933, "delta": 1.326694}}
{"target": -10.173095985329244, "params": {"eta": 0.10757221226711187, "max_depth": 33.555593082322765, "n_estimators": 88.32488750495463}, "datetime": {"datetime": "2021-09-27 20:04:12", "elapsed": 8.942679, "delta": 2.035746}}
{"target": -10.716357539603486, "params": {"eta": 0.1852758877559133, "max_depth": 19.80563001384998, "n_estimators": 123.25645287478753}, "datetime": {"datetime": "2021-09-27 20:04:14", "elapsed": 10.587346, "delta": 1.644667}}
{"target": -10.36157859889827, "params": {"eta": 0.09883458557149057, "max_depth": 10.363821029606449, "n_estimators": 58.63397761543801}, "datetime": {"datetime": "2021-09-27 20:04:14", "elapsed": 11.359328, "delta": 0.771982}}
{"target": -10.47858688179888, "params": {"eta": 0.1430117561446947, "max_depth": 4.92627827467151, "n_estimators": 135.71465914318082}, "datetime": {"datetime": "2021-09-27 20:04:15", "elapsed": 11.964563, "delta": 0.605235}}
{"target": -11.138974519803202, "params": {"eta": 0.27665820750419334, "max_depth": 25.058994806866124, "n_estimators": 73.92854976368062}, "datetime": {"datetime": "2021-09-27 20:04:16", "elapsed": 12.881566, "delta": 0.917003}}
{"target": -10.974312277589734, "params": {"eta": 0.295786584367876, "max_depth": 22.877729162874914, "n_estimators": 136.4019009731232}, "datetime": {"datetime": "2021-09-27 20:04:17", "elapsed": 13.767351, "delta": 0.885785}}
{"target": -11.233389463622212, "params": {"eta": 0.22643581167290544, "max_depth": 33.08628012021652, "n_estimators": 91.37493058956517}, "datetime": {"datetime": "2021-09-27 20:04:18", "elapsed": 15.121352, "delta": 1.354001}}
{"target": -10.309046728534824, "params": {"eta": 0.20547464201747817, "max_depth": 33.88427307701804, "n_estimators": 87.89830125401195}, "datetime": {"datetime": "2021-09-27 20:04:19", "elapsed": 16.251524, "delta": 1.130172}}
{"target": -10.672969390157343, "params": {"eta": 0.09596526300724466, "max_depth": 31.9426262225643, "n_estimators": 87.64574160395308}, "datetime": {"datetime": "2021-09-27 20:04:21", "elapsed": 17.927527, "delta": 1.676003}}
