{"target": -12.870799400222863, "params": {"eta": 0.5, "max_depth": 30.0, "n_estimators": 37.414721597587445}, "datetime": {"datetime": "2021-09-27 18:30:14", "elapsed": 32.172957, "delta": 1.003157}}
{"target": -12.991288172173057, "params": {"eta": 0.4933452382225684, "max_depth": 3.092144602725358, "n_estimators": 49.961565953113215}, "datetime": {"datetime": "2021-09-27 18:30:15", "elapsed": 32.831136, "delta": 0.658179}}
{"target": -20.164531993418485, "params": {"eta": 0.05, "max_depth": 19.77472733036982, "n_estimators": 33.623268133989114}, "datetime": {"datetime": "2021-09-27 18:30:16", "elapsed": 33.430138, "delta": 0.599002}}
{"target": -12.800053791302737, "params": {"eta": 0.5, "max_depth": 18.800773801927757, "n_estimators": 41.40762151647097}, "datetime": {"datetime": "2021-09-27 18:30:17", "elapsed": 34.344139, "delta": 0.914001}}
{"target": -12.581577748576752, "params": {"eta": 0.2266517053143839, "max_depth": 13.491787159793214, "n_estimators": 41.071417039802796}, "datetime": {"datetime": "2021-09-27 18:30:17", "elapsed": 35.194441, "delta": 0.850302}}
{"target": -24.070946223201055, "params": {"eta": 0.05, "max_depth": 1.0, "n_estimators": 32.517902982104}, "datetime": {"datetime": "2021-09-27 18:30:18", "elapsed": 35.721443, "delta": 0.527002}}
{"target": -11.716899242836151, "params": {"eta": 0.32960602406077444, "max_depth": 5.534128221662082, "n_estimators": 46.007164865478984}, "datetime": {"datetime": "2021-09-27 18:30:19", "elapsed": 36.449407, "delta": 0.727964}}
{"target": -12.841479694387232, "params": {"eta": 0.5, "max_depth": 15.282940052379983, "n_estimators": 15.03046977659273}, "datetime": {"datetime": "2021-09-27 18:30:19", "elapsed": 37.125409, "delta": 0.676002}}
{"target": -12.933499388537022, "params": {"eta": 0.5, "max_depth": 19.379299316431652, "n_estimators": 46.20958918353857}, "datetime": {"datetime": "2021-09-27 18:30:21", "elapsed": 38.356407, "delta": 1.230998}}
{"target": -13.401735338984697, "params": {"eta": 0.49325001682815084, "max_depth": 4.716763624362326, "n_estimators": 37.10204671257844}, "datetime": {"datetime": "2021-09-27 18:30:21", "elapsed": 39.052069, "delta": 0.695662}}
{"target": -12.696294723358395, "params": {"eta": 0.44977950615614626, "max_depth": 20.243540388588904, "n_estimators": 19.052576656778538}, "datetime": {"datetime": "2021-09-27 18:30:22", "elapsed": 39.847068, "delta": 0.794999}}
{"target": -22.707404454191114, "params": {"eta": 0.05, "max_depth": 12.816964870233184, "n_estimators": 30.065776788375146}, "datetime": {"datetime": "2021-09-27 18:30:23", "elapsed": 40.610621, "delta": 0.763553}}
{"target": -12.929644959723841, "params": {"eta": 0.25147862731564646, "max_depth": 19.69638183464592, "n_estimators": 29.59906730541722}, "datetime": {"datetime": "2021-09-27 18:30:23", "elapsed": 41.28362, "delta": 0.672999}}
{"target": -12.294883426286267, "params": {"eta": 0.44212950930904044, "max_depth": 26.631758928031704, "n_estimators": 35.54500107126002}, "datetime": {"datetime": "2021-09-27 18:30:25", "elapsed": 42.400619, "delta": 1.116999}}
{"target": -18.611781844484597, "params": {"eta": 0.05, "max_depth": 8.291499715067838, "n_estimators": 35.740747788275264}, "datetime": {"datetime": "2021-09-27 18:30:25", "elapsed": 43.062448, "delta": 0.661829}}
{"target": -12.921670929867817, "params": {"eta": 0.4982845244178498, "max_depth": 26.992916908889256, "n_estimators": 43.99673424429379}, "datetime": {"datetime": "2021-09-27 18:30:26", "elapsed": 43.972447, "delta": 0.909999}}
{"target": -13.07945986890676, "params": {"eta": 0.5, "max_depth": 13.290943825808574, "n_estimators": 36.276408050182745}, "datetime": {"datetime": "2021-09-27 18:30:27", "elapsed": 44.748446, "delta": 0.775999}}
{"target": -12.856896938728134, "params": {"eta": 0.5, "max_depth": 23.404316484695425, "n_estimators": 14.632232064442702}, "datetime": {"datetime": "2021-09-27 18:30:28", "elapsed": 45.579976, "delta": 0.83153}}
{"target": -13.49854810902669, "params": {"eta": 0.5, "max_depth": 9.916010985503323, "n_estimators": 41.8905528869506}, "datetime": {"datetime": "2021-09-27 18:30:29", "elapsed": 46.340237, "delta": 0.760261}}
{"target": -11.666879291483582, "params": {"eta": 0.2750512013586892, "max_depth": 10.544462302251002, "n_estimators": 49.97977342376922}, "datetime": {"datetime": "2021-09-27 18:30:30", "elapsed": 47.339426, "delta": 0.999189}}
{"target": -12.860196617890605, "params": {"eta": 0.5, "max_depth": 30.0, "n_estimators": 15.78839657769348}, "datetime": {"datetime": "2021-09-27 18:30:30", "elapsed": 48.040434, "delta": 0.701008}}
{"target": -12.825856337756944, "params": {"eta": 0.5, "max_depth": 20.93934387712543, "n_estimators": 11.936158497290407}, "datetime": {"datetime": "2021-09-27 18:30:31", "elapsed": 48.657073, "delta": 0.616639}}
{"target": -12.66768621361428, "params": {"eta": 0.5, "max_depth": 4.740108927600265, "n_estimators": 30.779136163832476}, "datetime": {"datetime": "2021-09-27 18:30:32", "elapsed": 49.37907, "delta": 0.721997}}
{"target": -12.870166645778333, "params": {"eta": 0.5, "max_depth": 22.283960433171323, "n_estimators": 26.4891442876534}, "datetime": {"datetime": "2021-09-27 18:30:32", "elapsed": 50.109073, "delta": 0.730003}}
{"target": -29.479287921324605, "params": {"eta": 0.05, "max_depth": 30.0, "n_estimators": 24.554607715224826}, "datetime": {"datetime": "2021-09-27 18:30:33", "elapsed": 50.709273, "delta": 0.6002}}
{"target": -60.918460205578086, "params": {"eta": 0.05, "max_depth": 4.523945045621477, "n_estimators": 9.110380775176296}, "datetime": {"datetime": "2021-09-27 18:30:33", "elapsed": 51.265043, "delta": 0.55577}}
{"target": -15.555112309387702, "params": {"eta": 0.5, "max_depth": 1.0, "n_estimators": 15.146032371895203}, "datetime": {"datetime": "2021-09-27 18:30:34", "elapsed": 51.897044, "delta": 0.632001}}
{"target": -13.051763105634537, "params": {"eta": 0.5, "max_depth": 5.0939550169024805, "n_estimators": 22.350769206539493}, "datetime": {"datetime": "2021-09-27 18:30:35", "elapsed": 52.547328, "delta": 0.650284}}
{"target": -11.418883374831985, "params": {"eta": 0.14801258056770572, "max_depth": 29.980777143195905, "n_estimators": 29.183803423050808}, "datetime": {"datetime": "2021-09-27 18:30:36", "elapsed": 53.477327, "delta": 0.929999}}
{"target": -12.012526553682914, "params": {"eta": 0.29175112562773975, "max_depth": 29.99572706652459, "n_estimators": 19.045324983796533}, "datetime": {"datetime": "2021-09-27 18:30:36", "elapsed": 54.244326, "delta": 0.766999}}
{"target": -15.043845418889678, "params": {"eta": 0.08844264872061797, "max_depth": 16.60908013531027, "n_estimators": 23.97790718704074}, "datetime": {"datetime": "2021-09-27 18:30:37", "elapsed": 54.952322, "delta": 0.707996}}
{"target": -11.76886942487123, "params": {"eta": 0.47631235719670123, "max_depth": 23.1610891404529, "n_estimators": 47.270195229833554}, "datetime": {"datetime": "2021-09-27 18:30:38", "elapsed": 55.802321, "delta": 0.849999}}
{"target": -16.433288243399442, "params": {"eta": 0.05, "max_depth": 21.974068616459043, "n_estimators": 39.905159977855135}, "datetime": {"datetime": "2021-09-27 18:30:39", "elapsed": 56.47605, "delta": 0.673729}}
{"target": -26.785765586170978, "params": {"eta": 0.05, "max_depth": 6.237497411161954, "n_estimators": 26.269120082111183}, "datetime": {"datetime": "2021-09-27 18:30:39", "elapsed": 57.112804, "delta": 0.636754}}
{"target": -13.079621768631732, "params": {"eta": 0.5, "max_depth": 13.352493567318326, "n_estimators": 20.40850288647111}, "datetime": {"datetime": "2021-09-27 18:30:40", "elapsed": 57.830806, "delta": 0.718002}}
{"target": -11.730034811408926, "params": {"eta": 0.3529035358549772, "max_depth": 8.072387304813017, "n_estimators": 32.17598900763994}, "datetime": {"datetime": "2021-09-27 18:30:41", "elapsed": 58.822011, "delta": 0.991205}}
{"target": -13.255831519606426, "params": {"eta": 0.0511022403867217, "max_depth": 16.9700148412622, "n_estimators": 48.50452730982037}, "datetime": {"datetime": "2021-09-27 18:30:42", "elapsed": 59.811013, "delta": 0.989002}}
{"target": -13.48627962261201, "params": {"eta": 0.4984007920504634, "max_depth": 12.168150405699485, "n_estimators": 47.49454432877683}, "datetime": {"datetime": "2021-09-27 18:30:43", "elapsed": 60.798982, "delta": 0.987969}}
{"target": -12.003512971889876, "params": {"eta": 0.40996800992988985, "max_depth": 27.135355664485047, "n_estimators": 38.14532070501811}, "datetime": {"datetime": "2021-09-27 18:30:44", "elapsed": 62.017867, "delta": 1.218885}}
{"target": -14.510912978230778, "params": {"eta": 0.05, "max_depth": 4.823411581546938, "n_estimators": 43.202714882303695}, "datetime": {"datetime": "2021-09-27 18:30:45", "elapsed": 62.580308, "delta": 0.562441}}
{"target": -11.63893860567271, "params": {"eta": 0.36671823653487046, "max_depth": 15.42075276345252, "n_estimators": 17.931395202613142}, "datetime": {"datetime": "2021-09-27 18:30:46", "elapsed": 63.483306, "delta": 0.902998}}
{"target": -12.871392333367492, "params": {"eta": 0.5, "max_depth": 23.982608227536517, "n_estimators": 33.81905350626052}, "datetime": {"datetime": "2021-09-27 18:30:47", "elapsed": 64.426308, "delta": 0.943002}}
{"target": -13.44448218341471, "params": {"eta": 0.49581101994493204, "max_depth": 16.725920401078575, "n_estimators": 28.39900354362604}, "datetime": {"datetime": "2021-09-27 18:30:48", "elapsed": 65.441616, "delta": 1.015308}}
{"target": -33.35827192522313, "params": {"eta": 0.05, "max_depth": 2.9527813076042198, "n_estimators": 21.248616076597113}, "datetime": {"datetime": "2021-09-27 18:30:48", "elapsed": 66.178169, "delta": 0.736553}}
{"target": -12.416260146335311, "params": {"eta": 0.489343091333617, "max_depth": 8.011454722115593, "n_estimators": 21.30353503340535}, "datetime": {"datetime": "2021-09-27 18:30:49", "elapsed": 67.154592, "delta": 0.976423}}
{"target": -13.119514567012972, "params": {"eta": 0.4976484727337757, "max_depth": 21.999057515649714, "n_estimators": 8.69231628328824}, "datetime": {"datetime": "2021-09-27 18:30:50", "elapsed": 67.817591, "delta": 0.662999}}
{"target": -13.569261457454807, "params": {"eta": 0.19695519273108253, "max_depth": 23.880849637622017, "n_estimators": 11.276295322601671}, "datetime": {"datetime": "2021-09-27 18:30:51", "elapsed": 68.714538, "delta": 0.896947}}
{"target": -11.6262946150908, "params": {"eta": 0.1385007169713101, "max_depth": 14.5262859996628, "n_estimators": 33.684128856067595}, "datetime": {"datetime": "2021-09-27 18:30:52", "elapsed": 69.591537, "delta": 0.876999}}
{"target": -12.856896938728134, "params": {"eta": 0.5, "max_depth": 26.588603824031374, "n_estimators": 14.76325152502055}, "datetime": {"datetime": "2021-09-27 18:30:53", "elapsed": 70.401538, "delta": 0.810001}}
{"target": -92.53799193605347, "params": {"eta": 0.05, "max_depth": 30.0, "n_estimators": 1.0}, "datetime": {"datetime": "2021-09-27 18:30:53", "elapsed": 71.216063, "delta": 0.814525}}
{"target": -12.551778545563025, "params": {"eta": 0.48139971976875234, "max_depth": 23.611373254465015, "n_estimators": 23.683675279018143}, "datetime": {"datetime": "2021-09-27 18:30:54", "elapsed": 72.267625, "delta": 1.051562}}
{"target": -11.864567809827472, "params": {"eta": 0.10201097280593752, "max_depth": 26.948749339688415, "n_estimators": 49.985758764102776}, "datetime": {"datetime": "2021-09-27 18:30:56", "elapsed": 73.462903, "delta": 1.195278}}
{"target": -12.889669233398617, "params": {"eta": 0.5, "max_depth": 10.657094975058477, "n_estimators": 19.19398255213705}, "datetime": {"datetime": "2021-09-27 18:30:56", "elapsed": 74.281899, "delta": 0.818996}}
{"target": -12.86180426235327, "params": {"eta": 0.5, "max_depth": 16.164523110353215, "n_estimators": 41.169329422927305}, "datetime": {"datetime": "2021-09-27 18:30:58", "elapsed": 75.318227, "delta": 1.036328}}
{"target": -14.665340709070923, "params": {"eta": 0.2539293099878426, "max_depth": 1.2057193694649202, "n_estimators": 49.87558721846873}, "datetime": {"datetime": "2021-09-27 18:30:58", "elapsed": 76.049227, "delta": 0.731}}
{"target": -16.928840784992918, "params": {"eta": 0.1409522752533454, "max_depth": 1.045374508851056, "n_estimators": 25.901614365179647}, "datetime": {"datetime": "2021-09-27 18:30:59", "elapsed": 76.993196, "delta": 0.943969}}
{"target": -11.300428287091325, "params": {"eta": 0.1188553287603402, "max_depth": 8.273073656256692, "n_estimators": 47.95036185785425}, "datetime": {"datetime": "2021-09-27 18:31:00", "elapsed": 77.896196, "delta": 0.903}}
{"target": -12.870715960849619, "params": {"eta": 0.5, "max_depth": 28.54063989325145, "n_estimators": 27.7157911831247}, "datetime": {"datetime": "2021-09-27 18:31:01", "elapsed": 78.798194, "delta": 0.901998}}
{"target": -12.01326268191906, "params": {"eta": 0.07121948126390645, "max_depth": 18.17721363305109, "n_estimators": 43.98907019515092}, "datetime": {"datetime": "2021-09-27 18:31:02", "elapsed": 79.601199, "delta": 0.803005}}
{"target": -13.386534103576242, "params": {"eta": 0.5, "max_depth": 7.327738568404366, "n_estimators": 43.94775672372525}, "datetime": {"datetime": "2021-09-27 18:31:03", "elapsed": 80.662198, "delta": 1.060999}}
{"target": -11.954603783154463, "params": {"eta": 0.26051646641562987, "max_depth": 19.58422356990194, "n_estimators": 21.517575448514584}, "datetime": {"datetime": "2021-09-27 18:31:04", "elapsed": 81.662462, "delta": 1.000264}}
{"target": -12.95305050796451, "params": {"eta": 0.05480122435100131, "max_depth": 4.923907738056499, "n_estimators": 48.650383969934104}, "datetime": {"datetime": "2021-09-27 18:31:05", "elapsed": 82.652463, "delta": 0.990001}}
{"target": -12.145974061717698, "params": {"eta": 0.47257028150262925, "max_depth": 29.969943502287535, "n_estimators": 43.926430596916624}, "datetime": {"datetime": "2021-09-27 18:31:06", "elapsed": 83.989044, "delta": 1.336581}}
{"target": -13.272267175001746, "params": {"eta": 0.49152138627052705, "max_depth": 3.7295777747539898, "n_estimators": 34.98691206083101}, "datetime": {"datetime": "2021-09-27 18:31:07", "elapsed": 84.921317, "delta": 0.932273}}
{"target": -13.189818853629202, "params": {"eta": 0.5, "max_depth": 12.045223069239782, "n_estimators": 14.445566107130215}, "datetime": {"datetime": "2021-09-27 18:31:08", "elapsed": 85.887317, "delta": 0.966}}
{"target": -12.19046014610649, "params": {"eta": 0.06519353720928822, "max_depth": 25.640825217615436, "n_estimators": 46.36548559493096}, "datetime": {"datetime": "2021-09-27 18:31:09", "elapsed": 87.070228, "delta": 1.182911}}
{"target": -16.96645269159033, "params": {"eta": 0.05, "max_depth": 12.912685610634798, "n_estimators": 38.854852295056126}, "datetime": {"datetime": "2021-09-27 18:31:10", "elapsed": 87.843231, "delta": 0.773003}}
{"target": -11.761927015947887, "params": {"eta": 0.4155572625175412, "max_depth": 12.730261218607293, "n_estimators": 43.829587159597395}, "datetime": {"datetime": "2021-09-27 18:31:11", "elapsed": 88.970821, "delta": 1.12759}}
{"target": -18.50494836448736, "params": {"eta": 0.05, "max_depth": 2.970434726792509, "n_estimators": 38.773678907831254}, "datetime": {"datetime": "2021-09-27 18:31:12", "elapsed": 89.802826, "delta": 0.832005}}
{"target": -12.86373738564347, "params": {"eta": 0.5, "max_depth": 22.406187463480336, "n_estimators": 17.294936312915713}, "datetime": {"datetime": "2021-09-27 18:31:13", "elapsed": 90.767823, "delta": 0.964997}}
{"target": -11.690853211995208, "params": {"eta": 0.14162794284526367, "max_depth": 28.781779166157122, "n_estimators": 39.637636660513564}, "datetime": {"datetime": "2021-09-27 18:31:14", "elapsed": 92.156768, "delta": 1.388945}}
{"target": -13.710313745359473, "params": {"eta": 0.5, "max_depth": 6.364203668035336, "n_estimators": 31.732156280911937}, "datetime": {"datetime": "2021-09-27 18:31:15", "elapsed": 93.116764, "delta": 0.959996}}
{"target": -40.05018487083643, "params": {"eta": 0.09440131737571258, "max_depth": 20.169254660164246, "n_estimators": 9.39442819266212}, "datetime": {"datetime": "2021-09-27 18:31:16", "elapsed": 93.891767, "delta": 0.775003}}
{"target": -13.007001326317747, "params": {"eta": 0.3935244924939769, "max_depth": 23.79514137381462, "n_estimators": 7.40890859906018}, "datetime": {"datetime": "2021-09-27 18:31:17", "elapsed": 94.696766, "delta": 0.804999}}
{"target": -11.389224183529423, "params": {"eta": 0.3789691302527928, "max_depth": 21.14149866320796, "n_estimators": 14.06725028177569}, "datetime": {"datetime": "2021-09-27 18:31:18", "elapsed": 95.724608, "delta": 1.027842}}
{"target": -38.507878437754336, "params": {"eta": 0.07498312646945957, "max_depth": 13.649864600539894, "n_estimators": 12.880331677767408}, "datetime": {"datetime": "2021-09-27 18:31:19", "elapsed": 96.555307, "delta": 0.830699}}
{"target": -11.801780058850255, "params": {"eta": 0.44260492998244183, "max_depth": 10.766783596414076, "n_estimators": 15.711597471098912}, "datetime": {"datetime": "2021-09-27 18:31:20", "elapsed": 97.423545, "delta": 0.868238}}
{"target": -91.56362163006764, "params": {"eta": 0.05990641020472853, "max_depth": 7.875300480772252, "n_estimators": 1.1236424755133572}, "datetime": {"datetime": "2021-09-27 18:31:20", "elapsed": 98.136548, "delta": 0.713003}}
{"target": -12.768488487672123, "params": {"eta": 0.5, "max_depth": 23.524635642677765, "n_estimators": 9.239351854533021}, "datetime": {"datetime": "2021-09-27 18:31:21", "elapsed": 99.155169, "delta": 1.018621}}
{"target": -13.042981709716695, "params": {"eta": 0.4214931910176116, "max_depth": 21.526973400147426, "n_estimators": 5.163789701268824}, "datetime": {"datetime": "2021-09-27 18:31:22", "elapsed": 99.94517, "delta": 0.790001}}
{"target": -48.55758640456173, "params": {"eta": 0.5, "max_depth": 18.380793426461153, "n_estimators": 1.0}, "datetime": {"datetime": "2021-09-27 18:31:23", "elapsed": 100.923325, "delta": 0.978155}}
{"target": -11.859754889424398, "params": {"eta": 0.10108248956443117, "max_depth": 21.165246413021844, "n_estimators": 48.218016135837786}, "datetime": {"datetime": "2021-09-27 18:31:24", "elapsed": 102.063756, "delta": 1.140431}}
{"target": -12.232457088245408, "params": {"eta": 0.4023101636346535, "max_depth": 9.328793807620087, "n_estimators": 30.641978153384475}, "datetime": {"datetime": "2021-09-27 18:31:25", "elapsed": 103.032957, "delta": 0.969201}}
{"target": -12.909692417926022, "params": {"eta": 0.5, "max_depth": 20.195931790805748, "n_estimators": 37.602995506890565}, "datetime": {"datetime": "2021-09-27 18:31:26", "elapsed": 104.128959, "delta": 1.096002}}
{"target": -12.841646642695121, "params": {"eta": 0.5, "max_depth": 16.86850461753262, "n_estimators": 16.540502124611283}, "datetime": {"datetime": "2021-09-27 18:31:27", "elapsed": 104.928629, "delta": 0.79967}}
{"target": -13.038169126179147, "params": {"eta": 0.0630281418669698, "max_depth": 8.790703929299124, "n_estimators": 39.44834625445524}, "datetime": {"datetime": "2021-09-27 18:31:28", "elapsed": 105.899626, "delta": 0.970997}}
{"target": -12.72463749388559, "params": {"eta": 0.5, "max_depth": 22.368513071449573, "n_estimators": 6.701991707783589}, "datetime": {"datetime": "2021-09-27 18:31:29", "elapsed": 106.866821, "delta": 0.967195}}
{"target": -13.46959617664034, "params": {"eta": 0.49147051559934685, "max_depth": 18.20788662603735, "n_estimators": 13.50507648139905}, "datetime": {"datetime": "2021-09-27 18:31:30", "elapsed": 107.815822, "delta": 0.949001}}
{"target": -11.874379290038926, "params": {"eta": 0.3069388001571673, "max_depth": 16.75582327978671, "n_estimators": 49.99220167027869}, "datetime": {"datetime": "2021-09-27 18:31:31", "elapsed": 109.245715, "delta": 1.429893}}
{"target": -12.911961810988245, "params": {"eta": 0.44886901650570277, "max_depth": 20.463324608296386, "n_estimators": 43.9891589068087}, "datetime": {"datetime": "2021-09-27 18:31:33", "elapsed": 110.605718, "delta": 1.360003}}
{"target": -15.176274247072996, "params": {"eta": 0.05, "max_depth": 28.110351756970967, "n_estimators": 42.07743505798261}, "datetime": {"datetime": "2021-09-27 18:31:34", "elapsed": 111.827237, "delta": 1.221519}}
{"target": -12.085442732227222, "params": {"eta": 0.444789559999749, "max_depth": 3.9728943590390897, "n_estimators": 28.479505182394146}, "datetime": {"datetime": "2021-09-27 18:31:35", "elapsed": 112.720235, "delta": 0.892998}}
{"target": -13.411202467799788, "params": {"eta": 0.05, "max_depth": 30.0, "n_estimators": 48.14842496713816}, "datetime": {"datetime": "2021-09-27 18:31:36", "elapsed": 113.670813, "delta": 0.950578}}
{"target": -13.348016122278574, "params": {"eta": 0.4929686663021259, "max_depth": 6.813076082139885, "n_estimators": 22.80482954063128}, "datetime": {"datetime": "2021-09-27 18:31:37", "elapsed": 114.487814, "delta": 0.817001}}
{"target": -12.802436596993674, "params": {"eta": 0.48146189488434454, "max_depth": 22.435236469110116, "n_estimators": 12.937982215524169}, "datetime": {"datetime": "2021-09-27 18:31:38", "elapsed": 115.355508, "delta": 0.867694}}
{"target": -12.570839604881145, "params": {"eta": 0.4884660504954935, "max_depth": 16.59970274126244, "n_estimators": 33.99747744724212}, "datetime": {"datetime": "2021-09-27 18:31:39", "elapsed": 116.560457, "delta": 1.204949}}
{"target": -11.287409285845191, "params": {"eta": 0.3718947537603045, "max_depth": 10.663922259187526, "n_estimators": 21.307595079254998}, "datetime": {"datetime": "2021-09-27 18:31:40", "elapsed": 117.62483, "delta": 1.064373}}
{"target": -12.348331921267636, "params": {"eta": 0.5, "max_depth": 3.3995070765550315, "n_estimators": 47.03597633881069}, "datetime": {"datetime": "2021-09-27 18:31:41", "elapsed": 118.571832, "delta": 0.947002}}
{"target": -13.329357123247714, "params": {"eta": 0.49252991168799093, "max_depth": 25.008489486839697, "n_estimators": 42.05184272130913}, "datetime": {"datetime": "2021-09-27 18:31:42", "elapsed": 119.654057, "delta": 1.082225}}
