{"target": 0.8411387659025602, "params": {"eta": 0.3599430335739802, "max_depth": 11.232435977295285, "n_estimators": 9.021912208630257}, "datetime": {"datetime": "2021-09-17 17:39:35", "elapsed": 24.359592, "delta": 0.386003}}
{"target": 0.839638954883034, "params": {"eta": 0.46143553299151563, "max_depth": 4.154331012551128, "n_estimators": 8.446068988257686}, "datetime": {"datetime": "2021-09-17 17:39:36", "elapsed": 24.752594, "delta": 0.393002}}
{"target": 0.8248586863024385, "params": {"eta": 0.41485907340792055, "max_depth": 11.771831118595337, "n_estimators": 11.686682171841952}, "datetime": {"datetime": "2021-09-17 17:39:36", "elapsed": 25.192591, "delta": 0.439997}}
{"target": 0.85279530658257, "params": {"eta": 0.4263279455996301, "max_depth": 7.27248195623876, "n_estimators": 11.951512111795683}, "datetime": {"datetime": "2021-09-17 17:39:36", "elapsed": 25.580592, "delta": 0.388001}}
{"target": 0.8570846740896696, "params": {"eta": 0.33191476190145675, "max_depth": 9.410740707150742, "n_estimators": 10.062008646282084}, "datetime": {"datetime": "2021-09-17 17:39:37", "elapsed": 25.953593, "delta": 0.373001}}
{"target": 0.7926944931135669, "params": {"eta": 0.4810522991824853, "max_depth": 8.515681660302935, "n_estimators": 8.575950459507219}, "datetime": {"datetime": "2021-09-17 17:39:37", "elapsed": 26.315594, "delta": 0.362001}}
{"target": 0.8565912142398828, "params": {"eta": 0.3813959284631116, "max_depth": 11.863358735091134, "n_estimators": 9.592544586680942}, "datetime": {"datetime": "2021-09-17 17:39:38", "elapsed": 26.652593, "delta": 0.336999}}
{"target": 0.8603636843880363, "params": {"eta": 0.447590241812932, "max_depth": 4.364507005907614, "n_estimators": 8.251014468520488}, "datetime": {"datetime": "2021-09-17 17:39:38", "elapsed": 27.012595, "delta": 0.360002}}
{"target": 0.8460743081397629, "params": {"eta": 0.4645272043614991, "max_depth": 11.005755646128897, "n_estimators": 11.87427703529778}, "datetime": {"datetime": "2021-09-17 17:39:38", "elapsed": 27.5034, "delta": 0.490805}}
{"target": 0.850166699032116, "params": {"eta": 0.3857533366210775, "max_depth": 7.029975229551042, "n_estimators": 9.95268498457484}, "datetime": {"datetime": "2021-09-17 17:39:39", "elapsed": 27.912358, "delta": 0.408958}}
{"target": 0.8367543699095127, "params": {"eta": 0.333708997620031, "max_depth": 7.491300628311561, "n_estimators": 11.294461163042095}, "datetime": {"datetime": "2021-09-17 17:39:39", "elapsed": 28.34736, "delta": 0.435002}}
{"target": 0.8438290398829016, "params": {"eta": 0.4649934358171417, "max_depth": 11.226143333845837, "n_estimators": 9.08302216816418}, "datetime": {"datetime": "2021-09-17 17:39:40", "elapsed": 28.807613, "delta": 0.460253}}
{"target": 0.8149163495915035, "params": {"eta": 0.4857321899409751, "max_depth": 5.3613492833592185, "n_estimators": 10.238499869899059}, "datetime": {"datetime": "2021-09-17 17:39:40", "elapsed": 29.193541, "delta": 0.385928}}
{"target": 0.8392602756259604, "params": {"eta": 0.44483057671741844, "max_depth": 5.992038552483568, "n_estimators": 11.575519118134052}, "datetime": {"datetime": "2021-09-17 17:39:40", "elapsed": 29.52982, "delta": 0.336279}}
{"target": 0.8362531473029657, "params": {"eta": 0.43846333110009583, "max_depth": 5.156563775641352, "n_estimators": 10.267364567835006}, "datetime": {"datetime": "2021-09-17 17:39:41", "elapsed": 29.875819, "delta": 0.345999}}
{"target": 0.8487377830343379, "params": {"eta": 0.3700440276767729, "max_depth": 7.886372514383228, "n_estimators": 11.739955527449933}, "datetime": {"datetime": "2021-09-17 17:39:41", "elapsed": 30.276818, "delta": 0.400999}}
{"target": 0.8638053771564925, "params": {"eta": 0.35880566677369885, "max_depth": 7.749014494433043, "n_estimators": 11.165632726509635}, "datetime": {"datetime": "2021-09-17 17:39:42", "elapsed": 30.651346, "delta": 0.374528}}
{"target": 0.8415618295876147, "params": {"eta": 0.37096900057557436, "max_depth": 4.516775808546337, "n_estimators": 10.686235522397926}, "datetime": {"datetime": "2021-09-17 17:39:42", "elapsed": 30.991345, "delta": 0.339999}}
{"target": 0.7789138881100075, "params": {"eta": 0.31227524318826827, "max_depth": 10.461235153777885, "n_estimators": 7.023356352816374}, "datetime": {"datetime": "2021-09-17 17:39:42", "elapsed": 31.345345, "delta": 0.354}}
{"target": 0.8591684780134795, "params": {"eta": 0.4565171249280142, "max_depth": 11.034708453578691, "n_estimators": 11.891150331848964}, "datetime": {"datetime": "2021-09-17 17:39:43", "elapsed": 31.916358, "delta": 0.571013}}
{"target": 0.847846065501879, "params": {"eta": 0.42769417747865246, "max_depth": 11.186385283970289, "n_estimators": 9.093651075822285}, "datetime": {"datetime": "2021-09-17 17:39:43", "elapsed": 32.509374, "delta": 0.593016}}
{"target": 0.8285537557536341, "params": {"eta": 0.4083819987593763, "max_depth": 11.01118249730998, "n_estimators": 11.886720211112442}, "datetime": {"datetime": "2021-09-17 17:39:44", "elapsed": 32.995085, "delta": 0.485711}}
{"target": 0.8090172242560923, "params": {"eta": 0.4769442587773521, "max_depth": 10.32739906922733, "n_estimators": 9.940948886564478}, "datetime": {"datetime": "2021-09-17 17:39:44", "elapsed": 33.466856, "delta": 0.471771}}
{"target": 0.8300568816626308, "params": {"eta": 0.4053569532425366, "max_depth": 7.892360667965581, "n_estimators": 11.75162766591303}, "datetime": {"datetime": "2021-09-17 17:39:45", "elapsed": 33.909858, "delta": 0.443002}}
{"target": 0.8486144158413284, "params": {"eta": 0.4302184352449152, "max_depth": 11.035288543166217, "n_estimators": 11.854633386504462}, "datetime": {"datetime": "2021-09-17 17:39:45", "elapsed": 34.409859, "delta": 0.500001}}
{"target": 0.8616859948492754, "params": {"eta": 0.3810658649129448, "max_depth": 7.756378504280936, "n_estimators": 11.164608260737474}, "datetime": {"datetime": "2021-09-17 17:39:46", "elapsed": 34.971861, "delta": 0.562002}}
{"target": 0.8355870742131248, "params": {"eta": 0.3530285520197236, "max_depth": 9.410804826296177, "n_estimators": 10.083786157948587}, "datetime": {"datetime": "2021-09-17 17:39:46", "elapsed": 35.484111, "delta": 0.51225}}
{"target": 0.811859091071931, "params": {"eta": 0.31681994881130604, "max_depth": 10.518297101248548, "n_estimators": 8.228533018292817}, "datetime": {"datetime": "2021-09-17 17:39:47", "elapsed": 35.865113, "delta": 0.381002}}
{"target": 0.825405934906209, "params": {"eta": 0.4239069765344321, "max_depth": 11.232448661194095, "n_estimators": 9.091345754262825}, "datetime": {"datetime": "2021-09-17 17:39:47", "elapsed": 36.381116, "delta": 0.516003}}
{"target": 0.8698121374197278, "params": {"eta": 0.4401250695354654, "max_depth": 7.2683598876455955, "n_estimators": 11.90251110992153}, "datetime": {"datetime": "2021-09-17 17:39:48", "elapsed": 36.878115, "delta": 0.496999}}
{"target": 0.8638559990458187, "params": {"eta": 0.4478109240635234, "max_depth": 4.9113872214272565, "n_estimators": 10.685773886883414}, "datetime": {"datetime": "2021-09-17 17:39:48", "elapsed": 37.315114, "delta": 0.436999}}
{"target": 0.8586487174805291, "params": {"eta": 0.40091971893143996, "max_depth": 7.858102473528338, "n_estimators": 11.707293525442086}, "datetime": {"datetime": "2021-09-17 17:39:49", "elapsed": 37.949455, "delta": 0.634341}}
{"target": 0.85467510771397, "params": {"eta": 0.43656482706846206, "max_depth": 4.8925484566813, "n_estimators": 10.673867746863525}, "datetime": {"datetime": "2021-09-17 17:39:49", "elapsed": 38.503457, "delta": 0.554002}}
{"target": 0.8698123212437162, "params": {"eta": 0.44011576184928325, "max_depth": 7.280952907998838, "n_estimators": 11.913500255455483}, "datetime": {"datetime": "2021-09-17 17:39:50", "elapsed": 39.083451, "delta": 0.579994}}
{"target": 0.8379756139137665, "params": {"eta": 0.470897825754243, "max_depth": 6.104508896205232, "n_estimators": 10.16664192062009}, "datetime": {"datetime": "2021-09-17 17:39:50", "elapsed": 39.522954, "delta": 0.439503}}
{"target": 0.8472821057163311, "params": {"eta": 0.43017365459754964, "max_depth": 10.341005237865117, "n_estimators": 9.905078046876449}, "datetime": {"datetime": "2021-09-17 17:39:51", "elapsed": 40.090949, "delta": 0.567995}}
{"target": 0.8477280629508179, "params": {"eta": 0.38298233995974185, "max_depth": 11.906654847384843, "n_estimators": 10.252885080445347}, "datetime": {"datetime": "2021-09-17 17:39:51", "elapsed": 40.556474, "delta": 0.465525}}
{"target": 0.8452580471134629, "params": {"eta": 0.4173479263197877, "max_depth": 7.3007015300131926, "n_estimators": 11.920606101200477}, "datetime": {"datetime": "2021-09-17 17:39:52", "elapsed": 41.152471, "delta": 0.595997}}
{"target": 0.8337938811849686, "params": {"eta": 0.3772366919158906, "max_depth": 5.800666188578447, "n_estimators": 7.575863164311593}, "datetime": {"datetime": "2021-09-17 17:39:52", "elapsed": 41.605493, "delta": 0.453022}}
{"target": 0.8446825433134473, "params": {"eta": 0.4665800574172442, "max_depth": 10.350293328514033, "n_estimators": 9.942283546773218}, "datetime": {"datetime": "2021-09-17 17:39:53", "elapsed": 42.133492, "delta": 0.527999}}
{"target": 0.86443253904104, "params": {"eta": 0.4384371307348628, "max_depth": 7.447976380844178, "n_estimators": 10.836157726821789}, "datetime": {"datetime": "2021-09-17 17:39:54", "elapsed": 42.638491, "delta": 0.504999}}
{"target": 0.862363692536583, "params": {"eta": 0.4611974105042921, "max_depth": 6.653316205035882, "n_estimators": 11.649284300601003}, "datetime": {"datetime": "2021-09-17 17:39:54", "elapsed": 43.133118, "delta": 0.494627}}
{"target": 0.8485040295429068, "params": {"eta": 0.4064202338206694, "max_depth": 7.276339247862612, "n_estimators": 11.903045210262228}, "datetime": {"datetime": "2021-09-17 17:39:55", "elapsed": 43.768394, "delta": 0.635276}}
{"target": 0.8445239442778311, "params": {"eta": 0.422901664379076, "max_depth": 7.470763970324711, "n_estimators": 10.84329392778412}, "datetime": {"datetime": "2021-09-17 17:39:55", "elapsed": 44.297391, "delta": 0.528997}}
{"target": 0.8541854446371376, "params": {"eta": 0.34173628538080253, "max_depth": 8.045319718803759, "n_estimators": 11.04069579857565}, "datetime": {"datetime": "2021-09-17 17:39:56", "elapsed": 44.765388, "delta": 0.467997}}
{"target": 0.8674559128068977, "params": {"eta": 0.4434948285033323, "max_depth": 7.424965497467991, "n_estimators": 10.845566062755463}, "datetime": {"datetime": "2021-09-17 17:39:56", "elapsed": 45.411977, "delta": 0.646589}}
{"target": 0.8691093625980864, "params": {"eta": 0.4405177944482187, "max_depth": 7.434845986964745, "n_estimators": 10.82266175675662}, "datetime": {"datetime": "2021-09-17 17:39:57", "elapsed": 46.015978, "delta": 0.604001}}
{"target": 0.8490439448937077, "params": {"eta": 0.4642484781990788, "max_depth": 9.75553808456352, "n_estimators": 11.473481108200449}, "datetime": {"datetime": "2021-09-17 17:39:57", "elapsed": 46.531977, "delta": 0.515999}}
{"target": 0.8500285471412994, "params": {"eta": 0.381916625747298, "max_depth": 10.963636928154973, "n_estimators": 8.836097280744811}, "datetime": {"datetime": "2021-09-17 17:39:58", "elapsed": 47.028981, "delta": 0.497004}}
{"target": 0.8523369237790763, "params": {"eta": 0.3845776870204738, "max_depth": 7.85865848169791, "n_estimators": 11.72879341675253}, "datetime": {"datetime": "2021-09-17 17:39:59", "elapsed": 47.73571, "delta": 0.706729}}
{"target": 0.8604019285091804, "params": {"eta": 0.4484980374356684, "max_depth": 4.370741562317589, "n_estimators": 8.21552384086948}, "datetime": {"datetime": "2021-09-17 17:39:59", "elapsed": 48.421702, "delta": 0.685992}}
{"target": 0.8653737877298409, "params": {"eta": 0.4433154324851881, "max_depth": 7.234784947955593, "n_estimators": 8.11443995997234}, "datetime": {"datetime": "2021-09-17 17:40:00", "elapsed": 48.938706, "delta": 0.517004}}
{"target": 0.8525245653440817, "params": {"eta": 0.40204669209923594, "max_depth": 4.036659898117312, "n_estimators": 10.278178896027908}, "datetime": {"datetime": "2021-09-17 17:40:00", "elapsed": 49.438297, "delta": 0.499591}}
{"target": 0.8411391648832283, "params": {"eta": 0.4541000606483956, "max_depth": 11.21238221518918, "n_estimators": 9.056487819189506}, "datetime": {"datetime": "2021-09-17 17:40:01", "elapsed": 50.208291, "delta": 0.769994}}
{"target": 0.8255555136202424, "params": {"eta": 0.46586075046768066, "max_depth": 8.17069066046362, "n_estimators": 10.436559949981485}, "datetime": {"datetime": "2021-09-17 17:40:02", "elapsed": 50.732288, "delta": 0.523997}}
{"target": 0.8378071411725809, "params": {"eta": 0.42840074613172646, "max_depth": 4.340871274434475, "n_estimators": 8.240368241030316}, "datetime": {"datetime": "2021-09-17 17:40:02", "elapsed": 51.396291, "delta": 0.664003}}
{"target": 0.8456909134913763, "params": {"eta": 0.3662419356569669, "max_depth": 5.1890384890889205, "n_estimators": 10.60355616245199}, "datetime": {"datetime": "2021-09-17 17:40:03", "elapsed": 51.887573, "delta": 0.491282}}
{"target": 0.8512129447330403, "params": {"eta": 0.45339445872479045, "max_depth": 6.439435662547592, "n_estimators": 10.172840830873039}, "datetime": {"datetime": "2021-09-17 17:40:03", "elapsed": 52.40157, "delta": 0.513997}}
{"target": 0.8513962086846062, "params": {"eta": 0.38717068004165994, "max_depth": 7.8744673817386275, "n_estimators": 11.707833134072938}, "datetime": {"datetime": "2021-09-17 17:40:04", "elapsed": 53.056218, "delta": 0.654648}}
{"target": 0.8166650739983261, "params": {"eta": 0.3370139526233287, "max_depth": 5.492702533762961, "n_estimators": 9.718192705996634}, "datetime": {"datetime": "2021-09-17 17:40:04", "elapsed": 53.599406, "delta": 0.543188}}
{"target": 0.8414693388636868, "params": {"eta": 0.446616334308806, "max_depth": 10.962376899238741, "n_estimators": 11.87755529236713}, "datetime": {"datetime": "2021-09-17 17:40:05", "elapsed": 54.255406, "delta": 0.656}}
{"target": 0.8392694341056178, "params": {"eta": 0.33410330871354516, "max_depth": 5.234033949281031, "n_estimators": 11.548812599409223}, "datetime": {"datetime": "2021-09-17 17:40:06", "elapsed": 54.794408, "delta": 0.539002}}
{"target": 0.8321842653469759, "params": {"eta": 0.4592874279274539, "max_depth": 7.407853228337354, "n_estimators": 10.838396403992029}, "datetime": {"datetime": "2021-09-17 17:40:06", "elapsed": 55.53568, "delta": 0.741272}}
{"target": 0.8167304470416917, "params": {"eta": 0.3274066283234996, "max_depth": 7.24667623953007, "n_estimators": 8.336827792532155}, "datetime": {"datetime": "2021-09-17 17:40:07", "elapsed": 56.05168, "delta": 0.516}}
{"target": 0.8366180611110383, "params": {"eta": 0.42404946974133584, "max_depth": 10.797807830228141, "n_estimators": 7.051919461509188}, "datetime": {"datetime": "2021-09-17 17:40:08", "elapsed": 56.72568, "delta": 0.674}}
{"target": 0.8257528087909229, "params": {"eta": 0.3195263301415348, "max_depth": 10.130688358499947, "n_estimators": 9.156549905046944}, "datetime": {"datetime": "2021-09-17 17:40:08", "elapsed": 57.277679, "delta": 0.551999}}
{"target": 0.8366193351566963, "params": {"eta": 0.4499665528075686, "max_depth": 10.428992140616007, "n_estimators": 7.96408401145672}, "datetime": {"datetime": "2021-09-17 17:40:09", "elapsed": 57.78663, "delta": 0.508951}}
{"target": 0.7747636296844298, "params": {"eta": 0.3254723533190836, "max_depth": 9.57319325845227, "n_estimators": 7.277936382120788}, "datetime": {"datetime": "2021-09-17 17:40:09", "elapsed": 58.29957, "delta": 0.51294}}
{"target": 0.8199773172698556, "params": {"eta": 0.47596343495597937, "max_depth": 9.95176013590925, "n_estimators": 9.146596464459979}, "datetime": {"datetime": "2021-09-17 17:40:10", "elapsed": 58.795571, "delta": 0.496001}}
{"target": 0.8649623447510835, "params": {"eta": 0.4370411748020353, "max_depth": 7.299461793607518, "n_estimators": 11.93858885720138}, "datetime": {"datetime": "2021-09-17 17:40:10", "elapsed": 59.490731, "delta": 0.69516}}
{"target": 0.8250919029052954, "params": {"eta": 0.40666747597080455, "max_depth": 10.054010208468295, "n_estimators": 7.464773158966004}, "datetime": {"datetime": "2021-09-17 17:40:11", "elapsed": 60.05973, "delta": 0.568999}}
{"target": 0.8337518744574317, "params": {"eta": 0.417598886670041, "max_depth": 7.23353502060937, "n_estimators": 8.111278879891968}, "datetime": {"datetime": "2021-09-17 17:40:12", "elapsed": 60.785732, "delta": 0.726002}}
{"target": 0.838669547957377, "params": {"eta": 0.4587615186202044, "max_depth": 4.339772349953395, "n_estimators": 8.263710710902052}, "datetime": {"datetime": "2021-09-17 17:40:12", "elapsed": 61.491068, "delta": 0.705336}}
{"target": 0.8609239571954582, "params": {"eta": 0.35291892872092395, "max_depth": 7.729621692367686, "n_estimators": 11.193248845306174}, "datetime": {"datetime": "2021-09-17 17:40:13", "elapsed": 62.278067, "delta": 0.786999}}
{"target": 0.8424551348191136, "params": {"eta": 0.44910522235047723, "max_depth": 7.232226165279789, "n_estimators": 8.090422477611519}, "datetime": {"datetime": "2021-09-17 17:40:14", "elapsed": 63.044798, "delta": 0.766731}}
{"target": 0.8537283995331052, "params": {"eta": 0.3411572889998557, "max_depth": 11.521468697713399, "n_estimators": 10.341762450497123}, "datetime": {"datetime": "2021-09-17 17:40:15", "elapsed": 63.693003, "delta": 0.648205}}
{"target": 0.8505078647677363, "params": {"eta": 0.40760640821944316, "max_depth": 7.973640456934181, "n_estimators": 9.172468391921479}, "datetime": {"datetime": "2021-09-17 17:40:15", "elapsed": 64.331002, "delta": 0.637999}}
{"target": 0.8610534940391287, "params": {"eta": 0.35924586018173776, "max_depth": 7.524783071008824, "n_estimators": 10.68176087737863}, "datetime": {"datetime": "2021-09-17 17:40:16", "elapsed": 64.973006, "delta": 0.642004}}
{"target": 0.8294850985812391, "params": {"eta": 0.3869100089217871, "max_depth": 6.789841990581105, "n_estimators": 7.095277386660157}, "datetime": {"datetime": "2021-09-17 17:40:17", "elapsed": 65.633194, "delta": 0.660188}}
{"target": 0.8474748865377, "params": {"eta": 0.3906666599094498, "max_depth": 7.740410083242274, "n_estimators": 11.187965822828671}, "datetime": {"datetime": "2021-09-17 17:40:17", "elapsed": 66.407196, "delta": 0.774002}}
{"target": 0.8400185301426544, "params": {"eta": 0.4936565453597306, "max_depth": 6.948667598930778, "n_estimators": 11.87129221543249}, "datetime": {"datetime": "2021-09-17 17:40:18", "elapsed": 67.016194, "delta": 0.608998}}
{"target": 0.8526103377245977, "params": {"eta": 0.42911032844213415, "max_depth": 6.536139063918269, "n_estimators": 10.6025026094696}, "datetime": {"datetime": "2021-09-17 17:40:19", "elapsed": 67.643902, "delta": 0.627708}}
{"target": 0.8306362296037203, "params": {"eta": 0.4949104468731268, "max_depth": 5.589744806256452, "n_estimators": 9.285897939804588}, "datetime": {"datetime": "2021-09-17 17:40:19", "elapsed": 68.237633, "delta": 0.593731}}
{"target": 0.8401611009932661, "params": {"eta": 0.45307540014164294, "max_depth": 10.314098903965828, "n_estimators": 11.515208505004182}, "datetime": {"datetime": "2021-09-17 17:40:20", "elapsed": 68.905634, "delta": 0.668001}}
{"target": 0.8643784305464857, "params": {"eta": 0.3596610303755329, "max_depth": 7.76673795741779, "n_estimators": 11.1770458719029}, "datetime": {"datetime": "2021-09-17 17:40:21", "elapsed": 69.868951, "delta": 0.963317}}
{"target": 0.8469416146768025, "params": {"eta": 0.404392244304209, "max_depth": 10.360368008626605, "n_estimators": 9.55190662626652}, "datetime": {"datetime": "2021-09-17 17:40:21", "elapsed": 70.480951, "delta": 0.612}}
{"target": 0.8661126129307547, "params": {"eta": 0.35672494890744205, "max_depth": 7.751356812448731, "n_estimators": 11.20211371330222}, "datetime": {"datetime": "2021-09-17 17:40:22", "elapsed": 71.348952, "delta": 0.868001}}
{"target": 0.8644129978720908, "params": {"eta": 0.46274643462832576, "max_depth": 6.677562935910744, "n_estimators": 11.644295399517102}, "datetime": {"datetime": "2021-09-17 17:40:23", "elapsed": 72.180887, "delta": 0.831935}}
{"target": 0.8267353361602193, "params": {"eta": 0.36723286138661415, "max_depth": 8.764207404846992, "n_estimators": 7.587016648577934}, "datetime": {"datetime": "2021-09-17 17:40:24", "elapsed": 72.75108, "delta": 0.570193}}
{"target": 0.8517808246836591, "params": {"eta": 0.33810255193918115, "max_depth": 7.51536057126441, "n_estimators": 10.697793545228478}, "datetime": {"datetime": "2021-09-17 17:40:24", "elapsed": 73.608599, "delta": 0.857519}}
{"target": 0.8452763541990057, "params": {"eta": 0.41708303744122466, "max_depth": 7.850338475862956, "n_estimators": 11.67873886768814}, "datetime": {"datetime": "2021-09-17 17:40:25", "elapsed": 74.403599, "delta": 0.795}}
{"target": 0.8486946814037895, "params": {"eta": 0.3306607272451933, "max_depth": 7.733202844874885, "n_estimators": 11.192230243172077}, "datetime": {"datetime": "2021-09-17 17:40:26", "elapsed": 75.344597, "delta": 0.940998}}
{"target": 0.8541860233648493, "params": {"eta": 0.4263903258284235, "max_depth": 7.432316724748324, "n_estimators": 10.808276589797607}, "datetime": {"datetime": "2021-09-17 17:40:27", "elapsed": 76.301884, "delta": 0.957287}}
{"target": 0.832550514856877, "params": {"eta": 0.47025752935996273, "max_depth": 8.949907862657206, "n_estimators": 10.003029006391007}, "datetime": {"datetime": "2021-09-17 17:40:28", "elapsed": 77.034882, "delta": 0.732998}}
{"target": 0.8409844215540349, "params": {"eta": 0.4463760214491166, "max_depth": 10.92366900340097, "n_estimators": 11.868989774944836}, "datetime": {"datetime": "2021-09-17 17:40:29", "elapsed": 77.984685, "delta": 0.949803}}
{"target": 0.8290835879238238, "params": {"eta": 0.3528445416752164, "max_depth": 4.581212803512433, "n_estimators": 8.598947318340036}, "datetime": {"datetime": "2021-09-17 17:40:29", "elapsed": 78.601688, "delta": 0.617003}}
