{"target": -10.983617994844836, "params": {"eta": 0.2900851296937173, "max_depth": 24.828020843216667, "n_estimators": 195.53570773495778}, "datetime": {"datetime": "2021-09-27 20:36:50", "elapsed": 555.327745, "delta": 4.16677}}
{"target": -10.337933043330658, "params": {"eta": 0.05988623196757829, "max_depth": 6.648054399536123, "n_estimators": 181.1022255367454}, "datetime": {"datetime": "2021-09-27 20:36:53", "elapsed": 558.649789, "delta": 3.322044}}
{"target": -10.6341314793738, "params": {"eta": 0.10187512577595044, "max_depth": 11.800354665938675, "n_estimators": 185.9553962239287}, "datetime": {"datetime": "2021-09-27 20:36:59", "elapsed": 563.799653, "delta": 5.149864}}
{"target": -10.218373134129674, "params": {"eta": 0.07693892183853508, "max_depth": 7.08599714637621, "n_estimators": 154.8054578283272}, "datetime": {"datetime": "2021-09-27 20:37:03", "elapsed": 568.236943, "delta": 4.43729}}
{"target": -10.513745986879577, "params": {"eta": 0.12598317084708688, "max_depth": 27.931788710891016, "n_estimators": 183.9173931152}, "datetime": {"datetime": "2021-09-27 20:37:07", "elapsed": 572.095323, "delta": 3.85838}}
{"target": -11.030075381138769, "params": {"eta": 0.2872178983254797, "max_depth": 14.749176836230776, "n_estimators": 191.44539504209035}, "datetime": {"datetime": "2021-09-27 20:37:09", "elapsed": 574.560037, "delta": 2.464714}}
{"target": -10.597567425374379, "params": {"eta": 0.09128008129252486, "max_depth": 13.558614426517234, "n_estimators": 192.70405243024464}, "datetime": {"datetime": "2021-09-27 20:37:14", "elapsed": 578.806188, "delta": 4.246151}}
{"target": -10.290536729010183, "params": {"eta": 0.13195290951677746, "max_depth": 6.366532738537662, "n_estimators": 195.3349427201077}, "datetime": {"datetime": "2021-09-27 20:37:17", "elapsed": 582.109223, "delta": 3.303035}}
{"target": -10.861271298387976, "params": {"eta": 0.18168741035181646, "max_depth": 11.704300549195159, "n_estimators": 186.10552284954392}, "datetime": {"datetime": "2021-09-27 20:37:21", "elapsed": 585.833963, "delta": 3.72474}}
{"target": -10.749647696910818, "params": {"eta": 0.10080178685124157, "max_depth": 7.147729137725796, "n_estimators": 154.38778643900284}, "datetime": {"datetime": "2021-09-27 20:37:24", "elapsed": 589.16065, "delta": 3.326687}}
{"target": -10.773129903292732, "params": {"eta": 0.21748751887112178, "max_depth": 5.1694927160285316, "n_estimators": 194.02700534661642}, "datetime": {"datetime": "2021-09-27 20:37:27", "elapsed": 592.003357, "delta": 2.842707}}
{"target": -12.307809437918175, "params": {"eta": 0.10612044470210354, "max_depth": 2.196923264026838, "n_estimators": 192.5392552766727}, "datetime": {"datetime": "2021-09-27 20:37:29", "elapsed": 594.506554, "delta": 2.503197}}
{"target": -10.925545041328585, "params": {"eta": 0.28276501995365905, "max_depth": 32.73929231353705, "n_estimators": 165.78859400351078}, "datetime": {"datetime": "2021-09-27 20:37:32", "elapsed": 596.768518, "delta": 2.261964}}
{"target": -10.440038288721283, "params": {"eta": 0.11433989413576444, "max_depth": 6.92771798828166, "n_estimators": 154.89526534453069}, "datetime": {"datetime": "2021-09-27 20:37:35", "elapsed": 600.221278, "delta": 3.45276}}
{"target": -10.52290797106267, "params": {"eta": 0.13241643720045498, "max_depth": 4.660786653507215, "n_estimators": 184.44215858131523}, "datetime": {"datetime": "2021-09-27 20:37:38", "elapsed": 602.861247, "delta": 2.639969}}
{"target": -10.749195904606367, "params": {"eta": 0.10212794423764625, "max_depth": 32.50058189880788, "n_estimators": 186.69109312542784}, "datetime": {"datetime": "2021-09-27 20:37:41", "elapsed": 606.600372, "delta": 3.739125}}
{"target": -10.5242525244008, "params": {"eta": 0.14286229474238538, "max_depth": 19.079285058122203, "n_estimators": 155.65923539602318}, "datetime": {"datetime": "2021-09-27 20:37:45", "elapsed": 610.268292, "delta": 3.66792}}
{"target": -11.146998065334683, "params": {"eta": 0.23302494990668404, "max_depth": 12.551569336505414, "n_estimators": 150.35123138994274}, "datetime": {"datetime": "2021-09-27 20:37:48", "elapsed": 612.766197, "delta": 2.497905}}
{"target": -10.856494314531062, "params": {"eta": 0.0864688889467546, "max_depth": 31.145451376130968, "n_estimators": 198.15164597431797}, "datetime": {"datetime": "2021-09-27 20:37:52", "elapsed": 617.531582, "delta": 4.765385}}
{"target": -10.87512432101158, "params": {"eta": 0.16920201642856642, "max_depth": 20.820227082060153, "n_estimators": 159.63475720105515}, "datetime": {"datetime": "2021-09-27 20:37:56", "elapsed": 620.889658, "delta": 3.358076}}
{"target": -10.30913446917507, "params": {"eta": 0.09785462736934021, "max_depth": 7.099866033369112, "n_estimators": 154.66353984120747}, "datetime": {"datetime": "2021-09-27 20:37:59", "elapsed": 624.392833, "delta": 3.503175}}
{"target": -11.093815677037542, "params": {"eta": 0.22351088823866622, "max_depth": 32.081339247292746, "n_estimators": 193.52926214171123}, "datetime": {"datetime": "2021-09-27 20:38:02", "elapsed": 627.65246, "delta": 3.259627}}
{"target": -10.50655814824915, "params": {"eta": 0.16155540567214693, "max_depth": 6.324193727398547, "n_estimators": 176.05096474467763}, "datetime": {"datetime": "2021-09-27 20:38:07", "elapsed": 632.118868, "delta": 4.466408}}
{"target": -10.564127028957012, "params": {"eta": 0.05, "max_depth": 6.4547561676353284, "n_estimators": 175.9964031927251}, "datetime": {"datetime": "2021-09-27 20:38:11", "elapsed": 636.282477, "delta": 4.163609}}
{"target": -11.210468208263977, "params": {"eta": 0.2367228300600932, "max_depth": 27.499376025480235, "n_estimators": 164.56992180694635}, "datetime": {"datetime": "2021-09-27 20:38:15", "elapsed": 640.178302, "delta": 3.895825}}
{"target": -10.377741030057823, "params": {"eta": 0.2231152663833028, "max_depth": 5.308188619493988, "n_estimators": 159.52139365532386}, "datetime": {"datetime": "2021-09-27 20:38:18", "elapsed": 643.716067, "delta": 3.537765}}
{"target": -10.267488882218604, "params": {"eta": 0.09196143745330938, "max_depth": 4.125929989469396, "n_estimators": 182.25179025690557}, "datetime": {"datetime": "2021-09-27 20:38:22", "elapsed": 647.372736, "delta": 3.656669}}
{"target": -11.728109931189785, "params": {"eta": 0.27104346324536766, "max_depth": 25.168229338541042, "n_estimators": 154.80955165065376}, "datetime": {"datetime": "2021-09-27 20:38:25", "elapsed": 650.514359, "delta": 3.141623}}
{"target": -10.556470229226992, "params": {"eta": 0.05, "max_depth": 6.679655858317044, "n_estimators": 181.00400913047454}, "datetime": {"datetime": "2021-09-27 20:38:30", "elapsed": 654.876843, "delta": 4.362484}}
{"target": -10.96941502276575, "params": {"eta": 0.2859435855763224, "max_depth": 29.18132251170552, "n_estimators": 156.72251400588695}, "datetime": {"datetime": "2021-09-27 20:38:32", "elapsed": 657.512607, "delta": 2.635764}}
{"target": -10.36978015706214, "params": {"eta": 0.07995114968346202, "max_depth": 14.276024980558088, "n_estimators": 176.5143990725276}, "datetime": {"datetime": "2021-09-27 20:38:36", "elapsed": 661.257035, "delta": 3.744428}}
{"target": -11.089632850064294, "params": {"eta": 0.23880701932908, "max_depth": 17.62666319250368, "n_estimators": 162.9008201055689}, "datetime": {"datetime": "2021-09-27 20:38:39", "elapsed": 664.191979, "delta": 2.934944}}
{"target": -11.811005068395497, "params": {"eta": 0.28063411637811947, "max_depth": 2.608246698053999, "n_estimators": 190.8631791133476}, "datetime": {"datetime": "2021-09-27 20:38:41", "elapsed": 666.107766, "delta": 1.915787}}
{"target": -11.022350434992335, "params": {"eta": 0.2839594045164392, "max_depth": 31.158280530485595, "n_estimators": 159.8899487592737}, "datetime": {"datetime": "2021-09-27 20:38:43", "elapsed": 667.986371, "delta": 1.878605}}
{"target": -10.692333363382607, "params": {"eta": 0.14160415434674184, "max_depth": 8.579211084461726, "n_estimators": 157.06257408972633}, "datetime": {"datetime": "2021-09-27 20:38:46", "elapsed": 671.23859, "delta": 3.252219}}
{"target": -10.82692010011634, "params": {"eta": 0.07894977841094529, "max_depth": 4.210336008094092, "n_estimators": 182.34058726348337}, "datetime": {"datetime": "2021-09-27 20:38:49", "elapsed": 674.049518, "delta": 2.810928}}
{"target": -10.728929975939609, "params": {"eta": 0.07884517525189937, "max_depth": 4.373583019124716, "n_estimators": 187.72360695111098}, "datetime": {"datetime": "2021-09-27 20:38:51", "elapsed": 676.471321, "delta": 2.421803}}
{"target": -10.714464678373407, "params": {"eta": 0.2084308284030147, "max_depth": 7.063192396224512, "n_estimators": 154.753986243595}, "datetime": {"datetime": "2021-09-27 20:38:55", "elapsed": 679.941867, "delta": 3.470546}}
{"target": -10.250320243542777, "params": {"eta": 0.14940025301482884, "max_depth": 26.99282814138009, "n_estimators": 171.4685408754496}, "datetime": {"datetime": "2021-09-27 20:38:59", "elapsed": 684.285405, "delta": 4.343538}}
{"target": -10.24023614702255, "params": {"eta": 0.06718982443914646, "max_depth": 6.177949352867676, "n_estimators": 195.48489474979618}, "datetime": {"datetime": "2021-09-27 20:39:03", "elapsed": 687.944512, "delta": 3.659107}}
{"target": -11.032170231346095, "params": {"eta": 0.22427016999873922, "max_depth": 4.60529447776822, "n_estimators": 193.95146614255864}, "datetime": {"datetime": "2021-09-27 20:39:06", "elapsed": 691.097598, "delta": 3.153086}}
{"target": -10.111911808513796, "params": {"eta": 0.10565839673189283, "max_depth": 7.316803284655341, "n_estimators": 152.78842508062195}, "datetime": {"datetime": "2021-09-27 20:39:09", "elapsed": 694.217033, "delta": 3.119435}}
{"target": -10.595746830433251, "params": {"eta": 0.08621378759295627, "max_depth": 7.407132380121229, "n_estimators": 152.72661685628967}, "datetime": {"datetime": "2021-09-27 20:39:12", "elapsed": 697.621625, "delta": 3.404592}}
{"target": -12.528208854461903, "params": {"eta": 0.12881662245696485, "max_depth": 2.878700825977804, "n_estimators": 198.97755507711204}, "datetime": {"datetime": "2021-09-27 20:39:15", "elapsed": 699.730926, "delta": 2.109301}}
{"target": -10.73038947616998, "params": {"eta": 0.10260550926101318, "max_depth": 26.873117085977956, "n_estimators": 171.416493691333}, "datetime": {"datetime": "2021-09-27 20:39:19", "elapsed": 704.01225, "delta": 4.281324}}
{"target": -10.912425327433535, "params": {"eta": 0.154888788182871, "max_depth": 18.96131193693481, "n_estimators": 182.41273347088585}, "datetime": {"datetime": "2021-09-27 20:39:22", "elapsed": 707.031411, "delta": 3.019161}}
{"target": -10.61446188931527, "params": {"eta": 0.13691482028945562, "max_depth": 7.324297522066623, "n_estimators": 152.72377462651883}, "datetime": {"datetime": "2021-09-27 20:39:25", "elapsed": 710.615355, "delta": 3.583944}}
{"target": -10.08253217046882, "params": {"eta": 0.06328120944976663, "max_depth": 6.323659944229184, "n_estimators": 195.30941940032164}, "datetime": {"datetime": "2021-09-27 20:39:31", "elapsed": 716.247331, "delta": 5.631976}}
{"target": -11.253157924995849, "params": {"eta": 0.2739781080980937, "max_depth": 32.24410575729099, "n_estimators": 189.62920421451543}, "datetime": {"datetime": "2021-09-27 20:39:33", "elapsed": 718.21129, "delta": 1.963959}}
{"target": -10.485160673136985, "params": {"eta": 0.05, "max_depth": 7.139585341348726, "n_estimators": 154.5833542388994}, "datetime": {"datetime": "2021-09-27 20:39:38", "elapsed": 723.216753, "delta": 5.005463}}
{"target": -10.567251425767754, "params": {"eta": 0.08849430848579008, "max_depth": 4.835526342728992, "n_estimators": 192.82234042220546}, "datetime": {"datetime": "2021-09-27 20:39:41", "elapsed": 726.344467, "delta": 3.127714}}
{"target": -10.739557306965187, "params": {"eta": 0.12446465612470513, "max_depth": 7.332801685229928, "n_estimators": 152.84037963417936}, "datetime": {"datetime": "2021-09-27 20:39:45", "elapsed": 730.631631, "delta": 4.287164}}
{"target": -10.447313506394805, "params": {"eta": 0.08788211555542784, "max_depth": 31.3207510149941, "n_estimators": 198.16877032287323}, "datetime": {"datetime": "2021-09-27 20:39:51", "elapsed": 735.822976, "delta": 5.191345}}
{"target": -11.032012762113096, "params": {"eta": 0.22533464264737602, "max_depth": 6.042240700199159, "n_estimators": 195.5470655799659}, "datetime": {"datetime": "2021-09-27 20:39:54", "elapsed": 739.612332, "delta": 3.789356}}
{"target": -10.446276864044128, "params": {"eta": 0.09985195006133622, "max_depth": 6.849493729825311, "n_estimators": 154.42668006399037}, "datetime": {"datetime": "2021-09-27 20:39:58", "elapsed": 743.45298, "delta": 3.840648}}
{"target": -10.873885105721499, "params": {"eta": 0.18088388178977766, "max_depth": 6.268723312756308, "n_estimators": 195.28241873046474}, "datetime": {"datetime": "2021-09-27 20:40:02", "elapsed": 747.238432, "delta": 3.785452}}
{"target": -11.289126451519243, "params": {"eta": 0.19964115959708884, "max_depth": 6.634819215919853, "n_estimators": 176.20167001085224}, "datetime": {"datetime": "2021-09-27 20:40:06", "elapsed": 751.623006, "delta": 4.384574}}
{"target": -10.579781243045556, "params": {"eta": 0.22936425095343793, "max_depth": 5.234655208793608, "n_estimators": 159.46974700115894}, "datetime": {"datetime": "2021-09-27 20:40:10", "elapsed": 755.219546, "delta": 3.59654}}
{"target": -10.613969172116432, "params": {"eta": 0.051792587375535146, "max_depth": 4.085492350953253, "n_estimators": 182.1495785913622}, "datetime": {"datetime": "2021-09-27 20:40:14", "elapsed": 759.207157, "delta": 3.987611}}
{"target": -10.927198957439236, "params": {"eta": 0.27608166558390485, "max_depth": 22.295063686413783, "n_estimators": 175.89335553897166}, "datetime": {"datetime": "2021-09-27 20:40:16", "elapsed": 761.499549, "delta": 2.292392}}
{"target": -10.693126943122662, "params": {"eta": 0.16263217278143594, "max_depth": 33.72403191952483, "n_estimators": 178.12552787178507}, "datetime": {"datetime": "2021-09-27 20:40:19", "elapsed": 764.185568, "delta": 2.686019}}
{"target": -10.59306989683858, "params": {"eta": 0.19718848523944654, "max_depth": 17.79327662634799, "n_estimators": 159.5904298554467}, "datetime": {"datetime": "2021-09-27 20:40:21", "elapsed": 766.669582, "delta": 2.484014}}
{"target": -10.426508781345726, "params": {"eta": 0.17402549938758516, "max_depth": 6.673119900634372, "n_estimators": 181.13384757545234}, "datetime": {"datetime": "2021-09-27 20:40:24", "elapsed": 769.698216, "delta": 3.028634}}
{"target": -11.099192782570205, "params": {"eta": 0.16771770096517596, "max_depth": 11.875330512781362, "n_estimators": 186.0815925651238}, "datetime": {"datetime": "2021-09-27 20:40:30", "elapsed": 774.899721, "delta": 5.201505}}
{"target": -10.052401566475206, "params": {"eta": 0.05895958083384102, "max_depth": 7.25373553086214, "n_estimators": 150.242733620453}, "datetime": {"datetime": "2021-09-27 20:40:32", "elapsed": 777.183078, "delta": 2.283357}}
{"target": -10.76018280343121, "params": {"eta": 0.1952131892851512, "max_depth": 8.673532599401845, "n_estimators": 182.61834062183058}, "datetime": {"datetime": "2021-09-27 20:40:35", "elapsed": 779.873157, "delta": 2.690079}}
{"target": -10.503290141443502, "params": {"eta": 0.16000693424599133, "max_depth": 13.830680181513824, "n_estimators": 193.08806265811467}, "datetime": {"datetime": "2021-09-27 20:40:39", "elapsed": 784.101963, "delta": 4.228806}}
{"target": -10.562926987981843, "params": {"eta": 0.05, "max_depth": 6.841432725420017, "n_estimators": 176.44273194993843}, "datetime": {"datetime": "2021-09-27 20:40:42", "elapsed": 787.504806, "delta": 3.402843}}
{"target": -10.53008030569349, "params": {"eta": 0.08768482795746486, "max_depth": 28.406702771222903, "n_estimators": 159.90075337868728}, "datetime": {"datetime": "2021-09-27 20:40:51", "elapsed": 796.587116, "delta": 9.08231}}
{"target": -10.35215659411319, "params": {"eta": 0.1681670258001472, "max_depth": 6.455261668296782, "n_estimators": 176.09620180022267}, "datetime": {"datetime": "2021-09-27 20:40:57", "elapsed": 801.837571, "delta": 5.250455}}
{"target": -10.913917992388237, "params": {"eta": 0.29590549458434556, "max_depth": 22.13853365413297, "n_estimators": 168.6992821437442}, "datetime": {"datetime": "2021-09-27 20:41:00", "elapsed": 805.05964, "delta": 3.222069}}
{"target": -10.559936831540249, "params": {"eta": 0.09148528823795908, "max_depth": 14.228636728640277, "n_estimators": 176.42200739181698}, "datetime": {"datetime": "2021-09-27 20:41:08", "elapsed": 812.837887, "delta": 7.778247}}
{"target": -11.483071883564136, "params": {"eta": 0.22249345537352033, "max_depth": 16.160386647093148, "n_estimators": 151.7425336762078}, "datetime": {"datetime": "2021-09-27 20:41:11", "elapsed": 816.38808, "delta": 3.550193}}
{"target": -10.446594101628037, "params": {"eta": 0.11870463788721182, "max_depth": 26.966979202958996, "n_estimators": 171.36577792848777}, "datetime": {"datetime": "2021-09-27 20:41:18", "elapsed": 823.42666, "delta": 7.03858}}
{"target": -10.04087779304387, "params": {"eta": 0.07423980939674706, "max_depth": 6.9327682723938935, "n_estimators": 154.58462106954704}, "datetime": {"datetime": "2021-09-27 20:41:23", "elapsed": 828.179266, "delta": 4.752606}}
{"target": -10.713864658517132, "params": {"eta": 0.14508728431458828, "max_depth": 9.259761925823994, "n_estimators": 151.00361084843877}, "datetime": {"datetime": "2021-09-27 20:41:26", "elapsed": 831.667821, "delta": 3.488555}}
{"target": -10.338458011998398, "params": {"eta": 0.0560525875838125, "max_depth": 6.369708741897674, "n_estimators": 195.25576454241087}, "datetime": {"datetime": "2021-09-27 20:41:32", "elapsed": 837.451433, "delta": 5.783612}}
{"target": -11.177195335598231, "params": {"eta": 0.23718721489890116, "max_depth": 18.88869299226189, "n_estimators": 195.3773027434011}, "datetime": {"datetime": "2021-09-27 20:41:36", "elapsed": 841.523155, "delta": 4.071722}}
{"target": -10.310558731863285, "params": {"eta": 0.06500001520669381, "max_depth": 7.048924980045315, "n_estimators": 154.91452308007692}, "datetime": {"datetime": "2021-09-27 20:41:39", "elapsed": 844.644669, "delta": 3.121514}}
{"target": -10.777009634964845, "params": {"eta": 0.06370157533976574, "max_depth": 7.033490965349962, "n_estimators": 154.63232300378039}, "datetime": {"datetime": "2021-09-27 20:41:44", "elapsed": 848.872408, "delta": 4.227739}}
{"target": -10.631083104401736, "params": {"eta": 0.10314310732171979, "max_depth": 6.366719293501924, "n_estimators": 176.07797417485907}, "datetime": {"datetime": "2021-09-27 20:41:47", "elapsed": 852.716693, "delta": 3.844285}}
{"target": -10.897517124539503, "params": {"eta": 0.14588856407101325, "max_depth": 6.173518733357944, "n_estimators": 195.49118530358493}, "datetime": {"datetime": "2021-09-27 20:41:53", "elapsed": 857.818417, "delta": 5.101724}}
{"target": -10.869913071753839, "params": {"eta": 0.18576335394958893, "max_depth": 13.862326329864256, "n_estimators": 192.97102784895134}, "datetime": {"datetime": "2021-09-27 20:41:57", "elapsed": 861.826871, "delta": 4.008454}}
{"target": -10.854074448244603, "params": {"eta": 0.14094887929658773, "max_depth": 30.855823263564062, "n_estimators": 190.42924837931776}, "datetime": {"datetime": "2021-09-27 20:42:01", "elapsed": 865.765627, "delta": 3.938756}}
{"target": -10.40564752227776, "params": {"eta": 0.05563566485689862, "max_depth": 7.319188791939684, "n_estimators": 150.16728822340937}, "datetime": {"datetime": "2021-09-27 20:42:07", "elapsed": 872.486844, "delta": 6.721217}}
{"target": -11.375052605462853, "params": {"eta": 0.28705368865995984, "max_depth": 31.541539031147316, "n_estimators": 155.39748465467105}, "datetime": {"datetime": "2021-09-27 20:42:11", "elapsed": 876.207976, "delta": 3.721132}}
{"target": -10.56843092399801, "params": {"eta": 0.12266541772793667, "max_depth": 6.54553093069609, "n_estimators": 176.13975103033545}, "datetime": {"datetime": "2021-09-27 20:42:15", "elapsed": 879.741404, "delta": 3.533428}}
{"target": -10.785823362893767, "params": {"eta": 0.05860419280175112, "max_depth": 31.111386218171248, "n_estimators": 196.42535606048176}, "datetime": {"datetime": "2021-09-27 20:42:20", "elapsed": 885.064581, "delta": 5.323177}}
{"target": -10.485300424362624, "params": {"eta": 0.13449785567222, "max_depth": 6.281048497393435, "n_estimators": 195.35466102955212}, "datetime": {"datetime": "2021-09-27 20:42:24", "elapsed": 888.892365, "delta": 3.827784}}
{"target": -10.530047834706073, "params": {"eta": 0.12570228948855722, "max_depth": 32.18388190436555, "n_estimators": 178.20499455468413}, "datetime": {"datetime": "2021-09-27 20:42:27", "elapsed": 892.588155, "delta": 3.69579}}
{"target": -11.528449333584016, "params": {"eta": 0.21630462269833373, "max_depth": 10.241176512483205, "n_estimators": 157.4167858164848}, "datetime": {"datetime": "2021-09-27 20:42:30", "elapsed": 895.39919, "delta": 2.811035}}
{"target": -10.743742777340866, "params": {"eta": 0.2130270071231785, "max_depth": 28.290177783085532, "n_estimators": 159.93280827730558}, "datetime": {"datetime": "2021-09-27 20:42:33", "elapsed": 898.078842, "delta": 2.679652}}
{"target": -10.55953401241215, "params": {"eta": 0.09785404576855931, "max_depth": 6.606636427959953, "n_estimators": 176.3479676950745}, "datetime": {"datetime": "2021-09-27 20:42:37", "elapsed": 901.845614, "delta": 3.766772}}
{"target": -10.054735177798719, "params": {"eta": 0.0925098631600151, "max_depth": 6.429108350270862, "n_estimators": 195.2998620450099}, "datetime": {"datetime": "2021-09-27 20:42:41", "elapsed": 906.412073, "delta": 4.566459}}
{"target": -11.084303739975757, "params": {"eta": 0.2160112952381053, "max_depth": 21.241400750525933, "n_estimators": 192.05987196162593}, "datetime": {"datetime": "2021-09-27 20:42:44", "elapsed": 909.211811, "delta": 2.799738}}
