{"target": -2.3019792437553406, "params": {"eta": 0.21267481336001698, "max_depth": 21.482273691303725, "n_estimators": 49.84271090203809}, "datetime": {"datetime": "2021-09-21 15:35:56", "elapsed": 347.812778, "delta": 2.350543}}
{"target": -2.2081348281157642, "params": {"eta": 0.1577729485219065, "max_depth": 10.032120468628783, "n_estimators": 57.429830987213364}, "datetime": {"datetime": "2021-09-21 15:35:59", "elapsed": 351.506576, "delta": 3.693798}}
{"target": -2.3235347628593446, "params": {"eta": 0.12002450429742569, "max_depth": 21.72274737159369, "n_estimators": 49.87282276165013}, "datetime": {"datetime": "2021-09-21 15:36:02", "elapsed": 354.381106, "delta": 2.87453}}
{"target": -2.398598359133068, "params": {"eta": 0.1795306699744494, "max_depth": 21.822757434751797, "n_estimators": 59.236850374219244}, "datetime": {"datetime": "2021-09-21 15:36:08", "elapsed": 360.23652, "delta": 5.855414}}
{"target": -2.438761664064307, "params": {"eta": 0.3039411902941657, "max_depth": 21.48779849231786, "n_estimators": 49.64633764931816}, "datetime": {"datetime": "2021-09-21 15:36:13", "elapsed": 364.84964, "delta": 4.61312}}
{"target": -2.5094154809650617, "params": {"eta": 0.4621749709020048, "max_depth": 16.149045259670405, "n_estimators": 64.3078560323624}, "datetime": {"datetime": "2021-09-21 15:36:16", "elapsed": 368.420279, "delta": 3.570639}}
{"target": -2.4490202690425673, "params": {"eta": 0.22816178834578488, "max_depth": 32.72299062069503, "n_estimators": 42.420139487963255}, "datetime": {"datetime": "2021-09-21 15:36:19", "elapsed": 371.065444, "delta": 2.645165}}
{"target": -2.357042844044535, "params": {"eta": 0.14301906594529765, "max_depth": 33.997515300535916, "n_estimators": 42.56899205421026}, "datetime": {"datetime": "2021-09-21 15:36:22", "elapsed": 374.04595, "delta": 2.980506}}
{"target": -2.3601779448358635, "params": {"eta": 0.09393424281845339, "max_depth": 29.158401120312334, "n_estimators": 45.09584933532861}, "datetime": {"datetime": "2021-09-21 15:36:24", "elapsed": 376.195637, "delta": 2.149687}}
{"target": -2.4529952231206393, "params": {"eta": 0.21860453498502835, "max_depth": 26.37682623891063, "n_estimators": 60.056611611472036}, "datetime": {"datetime": "2021-09-21 15:36:30", "elapsed": 381.788576, "delta": 5.592939}}
{"target": -2.35527815254111, "params": {"eta": 0.1073127949679381, "max_depth": 27.41622893266334, "n_estimators": 31.945554674845518}, "datetime": {"datetime": "2021-09-21 15:36:33", "elapsed": 384.657109, "delta": 2.868533}}
{"target": -2.497057424720965, "params": {"eta": 0.4459177286509536, "max_depth": 28.599250424716406, "n_estimators": 45.026175251219854}, "datetime": {"datetime": "2021-09-21 15:36:35", "elapsed": 386.888324, "delta": 2.231215}}
{"target": -2.411175466838636, "params": {"eta": 0.10200304289550575, "max_depth": 19.390825737394245, "n_estimators": 60.19342671002106}, "datetime": {"datetime": "2021-09-21 15:36:39", "elapsed": 390.809562, "delta": 3.921238}}
{"target": -2.339843817133653, "params": {"eta": 0.10830847380870043, "max_depth": 21.57391113530515, "n_estimators": 49.83653635828257}, "datetime": {"datetime": "2021-09-21 15:36:42", "elapsed": 394.464707, "delta": 3.655145}}
{"target": -2.335339383075112, "params": {"eta": 0.16879554245946563, "max_depth": 10.665745901280568, "n_estimators": 59.32902324130971}, "datetime": {"datetime": "2021-09-21 15:36:45", "elapsed": 397.39054, "delta": 2.925833}}
{"target": -2.558900722077018, "params": {"eta": 0.05334543850077333, "max_depth": 10.471373775656703, "n_estimators": 59.29740843019506}, "datetime": {"datetime": "2021-09-21 15:36:48", "elapsed": 399.782413, "delta": 2.391873}}
{"target": -2.3854035107712996, "params": {"eta": 0.21508775647672834, "max_depth": 32.587817139123665, "n_estimators": 42.279299410725564}, "datetime": {"datetime": "2021-09-21 15:36:50", "elapsed": 402.255207, "delta": 2.472794}}
{"target": -2.32418809815457, "params": {"eta": 0.1932426132532385, "max_depth": 24.903514023257628, "n_estimators": 32.05104483040286}, "datetime": {"datetime": "2021-09-21 15:36:53", "elapsed": 405.080332, "delta": 2.825125}}
{"target": -2.277580303894846, "params": {"eta": 0.09498054637183544, "max_depth": 33.80527746395347, "n_estimators": 42.46550582517301}, "datetime": {"datetime": "2021-09-21 15:36:56", "elapsed": 408.381216, "delta": 3.300884}}
{"target": -2.386282097665887, "params": {"eta": 0.1745571102161964, "max_depth": 14.375231706885488, "n_estimators": 30.059059183350005}, "datetime": {"datetime": "2021-09-21 15:36:59", "elapsed": 411.018045, "delta": 2.636829}}
{"target": -2.352577721445184, "params": {"eta": 0.16457481230941934, "max_depth": 21.715357470644697, "n_estimators": 49.73649259539025}, "datetime": {"datetime": "2021-09-21 15:37:03", "elapsed": 415.026065, "delta": 4.00802}}
{"target": -2.487138657193435, "params": {"eta": 0.24554752007402103, "max_depth": 18.718256220565955, "n_estimators": 30.666941706621095}, "datetime": {"datetime": "2021-09-21 15:37:07", "elapsed": 418.813869, "delta": 3.787804}}
{"target": -2.250838768482208, "params": {"eta": 0.0825643934151552, "max_depth": 10.274572664268163, "n_estimators": 61.168063672618146}, "datetime": {"datetime": "2021-09-21 15:37:10", "elapsed": 422.319173, "delta": 3.505304}}
{"target": -2.669277312253651, "params": {"eta": 0.48572722705939386, "max_depth": 19.214586246658683, "n_estimators": 64.09904550802744}, "datetime": {"datetime": "2021-09-21 15:37:13", "elapsed": 424.839056, "delta": 2.519883}}
{"target": -2.3485866810146128, "params": {"eta": 0.3404982389948019, "max_depth": 17.925434574744592, "n_estimators": 55.2175182662872}, "datetime": {"datetime": "2021-09-21 15:37:17", "elapsed": 428.995002, "delta": 4.155946}}
{"target": -2.688322794437408, "params": {"eta": 0.48854850546453527, "max_depth": 14.967952519551414, "n_estimators": 46.001285578632114}, "datetime": {"datetime": "2021-09-21 15:37:21", "elapsed": 432.770709, "delta": 3.775707}}
{"target": -2.2491493796047415, "params": {"eta": 0.16568572922035713, "max_depth": 10.500115106358253, "n_estimators": 58.973543572116455}, "datetime": {"datetime": "2021-09-21 15:37:23", "elapsed": 435.588028, "delta": 2.817319}}
{"target": -2.3997780504979587, "params": {"eta": 0.16978494347126258, "max_depth": 10.096847955681516, "n_estimators": 57.54440022585754}, "datetime": {"datetime": "2021-09-21 15:37:27", "elapsed": 438.900165, "delta": 3.312137}}
{"target": -2.3764183207562097, "params": {"eta": 0.2848825496844703, "max_depth": 29.87615002695814, "n_estimators": 47.86334638386563}, "datetime": {"datetime": "2021-09-21 15:37:31", "elapsed": 443.04272, "delta": 4.142555}}
{"target": -2.292309868963141, "params": {"eta": 0.19965770795480614, "max_depth": 34.81257304469311, "n_estimators": 61.45386090260885}, "datetime": {"datetime": "2021-09-21 15:37:34", "elapsed": 446.19408, "delta": 3.15136}}
{"target": -2.395963794306705, "params": {"eta": 0.10193425264000237, "max_depth": 19.38982465030405, "n_estimators": 60.1785991697639}, "datetime": {"datetime": "2021-09-21 15:37:37", "elapsed": 449.148332, "delta": 2.954252}}
{"target": -2.3227803004415413, "params": {"eta": 0.2012739381198818, "max_depth": 24.888148140146853, "n_estimators": 34.109116540045534}, "datetime": {"datetime": "2021-09-21 15:37:40", "elapsed": 452.008247, "delta": 2.859915}}
{"target": -2.683296583200756, "params": {"eta": 0.48087278573008974, "max_depth": 25.271491196084234, "n_estimators": 60.69276072258321}, "datetime": {"datetime": "2021-09-21 15:37:42", "elapsed": 454.532823, "delta": 2.524576}}
{"target": -2.3057957730795207, "params": {"eta": 0.18694761450093522, "max_depth": 10.3336825604112, "n_estimators": 59.02140945513081}, "datetime": {"datetime": "2021-09-21 15:37:46", "elapsed": 458.581063, "delta": 4.04824}}
{"target": -2.4691453180815044, "params": {"eta": 0.27174795202253005, "max_depth": 21.622495762973905, "n_estimators": 49.83554257755119}, "datetime": {"datetime": "2021-09-21 15:37:51", "elapsed": 462.673677, "delta": 4.092614}}
{"target": -2.413062285749536, "params": {"eta": 0.10454792390955464, "max_depth": 10.312348227132956, "n_estimators": 58.87787739631541}, "datetime": {"datetime": "2021-09-21 15:37:55", "elapsed": 467.435442, "delta": 4.761765}}
{"target": -2.3783026739170676, "params": {"eta": 0.4330794410599162, "max_depth": 25.46846207080377, "n_estimators": 51.02120304473705}, "datetime": {"datetime": "2021-09-21 15:37:59", "elapsed": 471.22825, "delta": 3.792808}}
{"target": -2.3590283594633403, "params": {"eta": 0.16217398350883178, "max_depth": 21.54580368062325, "n_estimators": 49.66151510646924}, "datetime": {"datetime": "2021-09-21 15:38:05", "elapsed": 477.386125, "delta": 6.157875}}
{"target": -2.363693963226519, "params": {"eta": 0.16890021876923694, "max_depth": 11.816290010976354, "n_estimators": 41.19263122838025}, "datetime": {"datetime": "2021-09-21 15:38:09", "elapsed": 481.329553, "delta": 3.943428}}
{"target": -2.584228957326789, "params": {"eta": 0.40478248659004074, "max_depth": 30.091273227111152, "n_estimators": 42.721943161670474}, "datetime": {"datetime": "2021-09-21 15:38:13", "elapsed": 485.223149, "delta": 3.893596}}
{"target": -2.36842815436815, "params": {"eta": 0.07459279017047289, "max_depth": 11.635082886518944, "n_estimators": 55.82847745555412}, "datetime": {"datetime": "2021-09-21 15:38:17", "elapsed": 488.897865, "delta": 3.674716}}
{"target": -2.629580946345078, "params": {"eta": 0.48100653539797, "max_depth": 13.933444847331122, "n_estimators": 48.52426027155113}, "datetime": {"datetime": "2021-09-21 15:38:20", "elapsed": 491.876098, "delta": 2.978233}}
{"target": -2.3605681996596486, "params": {"eta": 0.3129594890500432, "max_depth": 10.421798743001109, "n_estimators": 58.984896984724124}, "datetime": {"datetime": "2021-09-21 15:38:25", "elapsed": 496.994445, "delta": 5.118347}}
{"target": -2.355853792240745, "params": {"eta": 0.1621921641246451, "max_depth": 10.737986560012526, "n_estimators": 59.20657992848864}, "datetime": {"datetime": "2021-09-21 15:38:29", "elapsed": 501.381122, "delta": 4.386677}}
{"target": -2.246818971006494, "params": {"eta": 0.09581743039475638, "max_depth": 10.425902086279267, "n_estimators": 59.004872048448334}, "datetime": {"datetime": "2021-09-21 15:38:34", "elapsed": 506.217878, "delta": 4.836756}}
{"target": -2.365579016585099, "params": {"eta": 0.15926942322737575, "max_depth": 26.226094213362384, "n_estimators": 46.57987111448857}, "datetime": {"datetime": "2021-09-21 15:38:39", "elapsed": 511.556827, "delta": 5.338949}}
{"target": -2.5224419894971346, "params": {"eta": 0.09814705973130722, "max_depth": 12.51079282253784, "n_estimators": 30.663153743357178}, "datetime": {"datetime": "2021-09-21 15:38:42", "elapsed": 513.733257, "delta": 2.17643}}
{"target": -2.2667373663500734, "params": {"eta": 0.13594992205920567, "max_depth": 11.615689906824933, "n_estimators": 55.69219256518173}, "datetime": {"datetime": "2021-09-21 15:38:47", "elapsed": 518.659205, "delta": 4.925948}}
{"target": -2.348997977532838, "params": {"eta": 0.10281871283492629, "max_depth": 21.61965143078616, "n_estimators": 59.06551420229706}, "datetime": {"datetime": "2021-09-21 15:38:50", "elapsed": 522.021976, "delta": 3.362771}}
{"target": -2.3154189894073887, "params": {"eta": 0.18484507993024307, "max_depth": 33.770194069610184, "n_estimators": 42.53307773396654}, "datetime": {"datetime": "2021-09-21 15:38:56", "elapsed": 528.566799, "delta": 6.544823}}
{"target": -2.3385918780377035, "params": {"eta": 0.24128198000141937, "max_depth": 11.726742839867201, "n_estimators": 55.68189864295752}, "datetime": {"datetime": "2021-09-21 15:39:05", "elapsed": 536.683623, "delta": 8.116824}}
{"target": -2.3442230977510152, "params": {"eta": 0.11300719488130725, "max_depth": 10.374739947927244, "n_estimators": 61.115777305109454}, "datetime": {"datetime": "2021-09-21 15:39:14", "elapsed": 545.708939, "delta": 9.025316}}
{"target": -2.4874594606851272, "params": {"eta": 0.3708232355375026, "max_depth": 17.454176601397496, "n_estimators": 38.019897115327105}, "datetime": {"datetime": "2021-09-21 15:39:18", "elapsed": 550.514113, "delta": 4.805174}}
{"target": -2.4723099244268316, "params": {"eta": 0.31598481877807977, "max_depth": 14.206536968105457, "n_estimators": 48.475388823222715}, "datetime": {"datetime": "2021-09-21 15:39:23", "elapsed": 554.927124, "delta": 4.413011}}
{"target": -2.3577281368406195, "params": {"eta": 0.06552403594354243, "max_depth": 10.580441800856052, "n_estimators": 58.978018501827016}, "datetime": {"datetime": "2021-09-21 15:39:26", "elapsed": 558.265792, "delta": 3.338668}}
{"target": -2.2981549269274657, "params": {"eta": 0.13149046019266117, "max_depth": 10.205342477981695, "n_estimators": 60.91088398867432}, "datetime": {"datetime": "2021-09-21 15:39:30", "elapsed": 561.987433, "delta": 3.721641}}
{"target": -2.223297585939106, "params": {"eta": 0.14411708875379226, "max_depth": 20.995985348122986, "n_estimators": 49.13366023443622}, "datetime": {"datetime": "2021-09-21 15:39:34", "elapsed": 566.591625, "delta": 4.604192}}
{"target": -2.246891312222732, "params": {"eta": 0.0923175508679108, "max_depth": 10.369394290041003, "n_estimators": 59.11642004333968}, "datetime": {"datetime": "2021-09-21 15:39:44", "elapsed": 575.674299, "delta": 9.082674}}
{"target": -2.3905589279375583, "params": {"eta": 0.27541365491717024, "max_depth": 10.36310167629856, "n_estimators": 60.943298844463776}, "datetime": {"datetime": "2021-09-21 15:39:48", "elapsed": 579.884379, "delta": 4.21008}}
{"target": -2.2760210721116314, "params": {"eta": 0.21058369786072573, "max_depth": 15.609025393220795, "n_estimators": 34.91004338844181}, "datetime": {"datetime": "2021-09-21 15:39:50", "elapsed": 581.895639, "delta": 2.01126}}
{"target": -2.5588672499907643, "params": {"eta": 0.4175665918251124, "max_depth": 31.624848696382806, "n_estimators": 53.74931360032412}, "datetime": {"datetime": "2021-09-21 15:39:52", "elapsed": 584.030638, "delta": 2.134999}}
{"target": -2.443925714492798, "params": {"eta": 0.2713725638868056, "max_depth": 22.3237038572258, "n_estimators": 61.909660935770525}, "datetime": {"datetime": "2021-09-21 15:39:54", "elapsed": 585.993474, "delta": 1.962836}}
{"target": -2.4729555236665828, "params": {"eta": 0.21609992061587557, "max_depth": 10.13695561322943, "n_estimators": 61.101925416701285}, "datetime": {"datetime": "2021-09-21 15:39:56", "elapsed": 588.320703, "delta": 2.327229}}
{"target": -2.4743779232627467, "params": {"eta": 0.2565672625979218, "max_depth": 34.570239227540654, "n_estimators": 48.16474378751916}, "datetime": {"datetime": "2021-09-21 15:39:59", "elapsed": 590.846022, "delta": 2.525319}}
{"target": -2.1876369808849536, "params": {"eta": 0.20521651082002967, "max_depth": 20.960324179203525, "n_estimators": 49.194490494450726}, "datetime": {"datetime": "2021-09-21 15:40:02", "elapsed": 594.607961, "delta": 3.761939}}
{"target": -3.6039157001595745, "params": {"eta": 0.05014153788089021, "max_depth": 22.382982337172336, "n_estimators": 42.46173984449775}, "datetime": {"datetime": "2021-09-21 15:40:04", "elapsed": 596.539944, "delta": 1.931983}}
{"target": -2.4958007410952923, "params": {"eta": 0.24658976157310514, "max_depth": 34.58455385075065, "n_estimators": 47.9676887425301}, "datetime": {"datetime": "2021-09-21 15:40:07", "elapsed": 599.212088, "delta": 2.672144}}
{"target": -2.49580506901992, "params": {"eta": 0.3691245839897089, "max_depth": 21.528543684132853, "n_estimators": 45.33648276448207}, "datetime": {"datetime": "2021-09-21 15:40:10", "elapsed": 602.235993, "delta": 3.023905}}
{"target": -2.459109376606188, "params": {"eta": 0.44259200891602024, "max_depth": 16.104011464752688, "n_estimators": 52.42953181261845}, "datetime": {"datetime": "2021-09-21 15:40:12", "elapsed": 604.205924, "delta": 1.969931}}
{"target": -2.3366573785480695, "params": {"eta": 0.08799647400666119, "max_depth": 20.888721747884492, "n_estimators": 49.29929545193622}, "datetime": {"datetime": "2021-09-21 15:40:15", "elapsed": 606.974584, "delta": 2.76866}}
{"target": -2.339401752697794, "params": {"eta": 0.14178918227499965, "max_depth": 10.120954258782657, "n_estimators": 56.691430933850555}, "datetime": {"datetime": "2021-09-21 15:40:17", "elapsed": 608.870501, "delta": 1.895917}}
{"target": -2.301699411869049, "params": {"eta": 0.28317435143801806, "max_depth": 21.032780168833163, "n_estimators": 49.126137948020784}, "datetime": {"datetime": "2021-09-21 15:40:20", "elapsed": 611.695021, "delta": 2.82452}}
{"target": -2.3017182356432864, "params": {"eta": 0.13490605020792465, "max_depth": 21.19246410774553, "n_estimators": 49.26415669744952}, "datetime": {"datetime": "2021-09-21 15:40:22", "elapsed": 614.538412, "delta": 2.843391}}
{"target": -2.9585156566218327, "params": {"eta": 0.053319840929348716, "max_depth": 34.67278281080938, "n_estimators": 48.15427829227804}, "datetime": {"datetime": "2021-09-21 15:40:24", "elapsed": 616.07492, "delta": 1.536508}}
{"target": -2.3946489955249586, "params": {"eta": 0.3038598645082174, "max_depth": 21.057736092269018, "n_estimators": 49.36799317022222}, "datetime": {"datetime": "2021-09-21 15:40:27", "elapsed": 619.008087, "delta": 2.933167}}
{"target": -2.403927776688023, "params": {"eta": 0.2982710384221597, "max_depth": 20.819065240637205, "n_estimators": 49.06610223380311}, "datetime": {"datetime": "2021-09-21 15:40:30", "elapsed": 621.886439, "delta": 2.878352}}
{"target": -3.02242228231932, "params": {"eta": 0.050431060298544335, "max_depth": 20.918803894035584, "n_estimators": 49.06489839860155}, "datetime": {"datetime": "2021-09-21 15:40:33", "elapsed": 624.784117, "delta": 2.897678}}
{"target": -2.3974293658607886, "params": {"eta": 0.16749701856749447, "max_depth": 28.862244676065327, "n_estimators": 42.27537178414395}, "datetime": {"datetime": "2021-09-21 15:40:35", "elapsed": 627.11703, "delta": 2.332913}}
{"target": -2.7211998920691642, "params": {"eta": 0.08765939117421093, "max_depth": 14.359846161659886, "n_estimators": 33.29800810885245}, "datetime": {"datetime": "2021-09-21 15:40:37", "elapsed": 628.976685, "delta": 1.859655}}
{"target": -2.4654422433752763, "params": {"eta": 0.31714788349028433, "max_depth": 19.269308196990664, "n_estimators": 62.81921069036837}, "datetime": {"datetime": "2021-09-21 15:40:40", "elapsed": 631.79736, "delta": 2.820675}}
{"target": -2.3610452306898018, "params": {"eta": 0.18916402888597275, "max_depth": 34.7867989117369, "n_estimators": 61.30424928879132}, "datetime": {"datetime": "2021-09-21 15:40:43", "elapsed": 635.140237, "delta": 3.342877}}
{"target": -2.3489644590177035, "params": {"eta": 0.28202915286677693, "max_depth": 14.930634380384042, "n_estimators": 47.349239647674466}, "datetime": {"datetime": "2021-09-21 15:40:46", "elapsed": 638.16824, "delta": 3.028003}}
{"target": -2.275272061950282, "params": {"eta": 0.20245150604787976, "max_depth": 15.67181887423018, "n_estimators": 35.03987279378483}, "datetime": {"datetime": "2021-09-21 15:40:49", "elapsed": 641.024841, "delta": 2.856601}}
{"target": -2.293324894026706, "params": {"eta": 0.18316121024924098, "max_depth": 15.051781540763672, "n_estimators": 47.38196173039834}, "datetime": {"datetime": "2021-09-21 15:40:52", "elapsed": 643.694996, "delta": 2.670155}}
{"target": -2.2948794835492183, "params": {"eta": 0.0794361963437554, "max_depth": 21.163093883050195, "n_estimators": 49.134252347883375}, "datetime": {"datetime": "2021-09-21 15:40:54", "elapsed": 646.054295, "delta": 2.359299}}
{"target": -2.442021212452336, "params": {"eta": 0.2556221507169176, "max_depth": 21.198887362859796, "n_estimators": 49.222840089280865}, "datetime": {"datetime": "2021-09-21 15:40:57", "elapsed": 648.712392, "delta": 2.658097}}
{"target": -2.5073928977313797, "params": {"eta": 0.0546944851578722, "max_depth": 26.210205320977476, "n_estimators": 60.0938206462223}, "datetime": {"datetime": "2021-09-21 15:40:59", "elapsed": 651.194953, "delta": 2.482561}}
{"target": -2.39033948810477, "params": {"eta": 0.0765147711002388, "max_depth": 11.758306924015244, "n_estimators": 55.64222501945889}, "datetime": {"datetime": "2021-09-21 15:41:02", "elapsed": 653.796961, "delta": 2.602008}}
{"target": -2.445607204186289, "params": {"eta": 0.2747208159105876, "max_depth": 21.660194813635897, "n_estimators": 49.58985462811913}, "datetime": {"datetime": "2021-09-21 15:41:06", "elapsed": 657.697266, "delta": 3.900305}}
{"target": -2.4698838742155775, "params": {"eta": 0.3875112256237177, "max_depth": 25.235497000796624, "n_estimators": 33.978720638023184}, "datetime": {"datetime": "2021-09-21 15:41:08", "elapsed": 659.879893, "delta": 2.182627}}
{"target": -2.4827665648962323, "params": {"eta": 0.24607719707912054, "max_depth": 15.527874056255177, "n_estimators": 35.03224538944481}, "datetime": {"datetime": "2021-09-21 15:41:10", "elapsed": 662.428385, "delta": 2.548492}}
{"target": -2.2968347668647766, "params": {"eta": 0.13686575362745101, "max_depth": 21.79442244696569, "n_estimators": 59.07130094253047}, "datetime": {"datetime": "2021-09-21 15:41:14", "elapsed": 665.994179, "delta": 3.565794}}
{"target": -2.3993297269469815, "params": {"eta": 0.40173034174242767, "max_depth": 10.09261004371124, "n_estimators": 57.6372000473309}, "datetime": {"datetime": "2021-09-21 15:41:17", "elapsed": 668.741436, "delta": 2.747257}}
{"target": -2.4728949628378216, "params": {"eta": 0.31911640387944634, "max_depth": 20.389869888549235, "n_estimators": 50.702356593541694}, "datetime": {"datetime": "2021-09-21 15:41:19", "elapsed": 671.00503, "delta": 2.263594}}
{"target": -2.3025693303660346, "params": {"eta": 0.12451236118590737, "max_depth": 10.374547152614149, "n_estimators": 60.85839507641843}, "datetime": {"datetime": "2021-09-21 15:41:22", "elapsed": 674.356685, "delta": 3.351655}}
