{"target": 0.8397950654161139, "params": {"eta": 0.2532931874630344, "max_depth": 16.197491669330052, "n_estimators": 23.851513676279044}, "datetime": {"datetime": "2021-09-17 19:05:49", "elapsed": 18.34189, "delta": 0.592241}}
{"target": 0.7717540549608104, "params": {"eta": 0.5730371644502376, "max_depth": 17.604582787512363, "n_estimators": 24.606031869327786}, "datetime": {"datetime": "2021-09-17 19:05:50", "elapsed": 19.046889, "delta": 0.704999}}
{"target": 0.815640583204565, "params": {"eta": 0.39983281765947054, "max_depth": 14.739451653308217, "n_estimators": 24.66235481067509}, "datetime": {"datetime": "2021-09-17 19:05:51", "elapsed": 19.65389, "delta": 0.607001}}
{"target": 0.7189474901304325, "params": {"eta": 0.7322026618768981, "max_depth": 13.804703204488748, "n_estimators": 17.354071179989177}, "datetime": {"datetime": "2021-09-17 19:05:51", "elapsed": 20.140891, "delta": 0.487001}}
{"target": 0.5089731701417542, "params": {"eta": 0.1, "max_depth": 11.74756088629436, "n_estimators": 15.267617918032743}, "datetime": {"datetime": "2021-09-17 19:05:52", "elapsed": 20.637417, "delta": 0.496526}}
{"target": 0.7358740821828895, "params": {"eta": 0.7826161274581888, "max_depth": 9.323246204020194, "n_estimators": 27.275909266021564}, "datetime": {"datetime": "2021-09-17 19:05:52", "elapsed": 21.28741, "delta": 0.649993}}
{"target": 0.790943895022947, "params": {"eta": 0.1, "max_depth": 7.892709620995723, "n_estimators": 25.787719357792895}, "datetime": {"datetime": "2021-09-17 19:05:53", "elapsed": 21.875412, "delta": 0.588002}}
{"target": 0.8500015705318081, "params": {"eta": 0.31075860853533915, "max_depth": 10.406081068874931, "n_estimators": 25.530031472527973}, "datetime": {"datetime": "2021-09-17 19:05:54", "elapsed": 22.469513, "delta": 0.594101}}
{"target": 0.7307221703988913, "params": {"eta": 0.7479995913620843, "max_depth": 10.157837623062838, "n_estimators": 17.72919664554702}, "datetime": {"datetime": "2021-09-17 19:05:54", "elapsed": 23.151514, "delta": 0.682001}}
{"target": 0.7400943404686731, "params": {"eta": 0.7845254368433006, "max_depth": 11.63520309523339, "n_estimators": 17.511467853701053}, "datetime": {"datetime": "2021-09-17 19:05:55", "elapsed": 23.896516, "delta": 0.745002}}
{"target": 0.789146734162742, "params": {"eta": 0.4914303797064383, "max_depth": 15.352397159012845, "n_estimators": 23.787105891770278}, "datetime": {"datetime": "2021-09-17 19:05:56", "elapsed": 24.615686, "delta": 0.71917}}
{"target": 0.8252358676960009, "params": {"eta": 0.1647085692880532, "max_depth": 11.425203098133366, "n_estimators": 18.888246246585474}, "datetime": {"datetime": "2021-09-17 19:05:56", "elapsed": 25.016682, "delta": 0.400996}}
{"target": 0.7933023530601063, "params": {"eta": 0.7023465982997074, "max_depth": 10.948001152344693, "n_estimators": 26.25255248847184}, "datetime": {"datetime": "2021-09-17 19:05:57", "elapsed": 25.554738, "delta": 0.538056}}
{"target": 0.7397275669597367, "params": {"eta": 0.7947919787377771, "max_depth": 9.853486883979441, "n_estimators": 24.85917238961117}, "datetime": {"datetime": "2021-09-17 19:05:57", "elapsed": 26.230931, "delta": 0.676193}}
{"target": 0.7206271488820684, "params": {"eta": 0.7923201739168607, "max_depth": 16.897326873813277, "n_estimators": 23.209254768973484}, "datetime": {"datetime": "2021-09-17 19:05:58", "elapsed": 26.786931, "delta": 0.556}}
{"target": 0.7775609236344566, "params": {"eta": 0.1, "max_depth": 15.994918888825678, "n_estimators": 24.787205671609236}, "datetime": {"datetime": "2021-09-17 19:05:59", "elapsed": 27.44611, "delta": 0.659179}}
{"target": 0.8480317525234253, "params": {"eta": 0.1489625798945246, "max_depth": 9.231476103258533, "n_estimators": 26.2599025159517}, "datetime": {"datetime": "2021-09-17 19:05:59", "elapsed": 28.00211, "delta": 0.556}}
{"target": 0.8088910866544193, "params": {"eta": 0.1, "max_depth": 7.5325278817312915, "n_estimators": 27.249654671293552}, "datetime": {"datetime": "2021-09-17 19:06:00", "elapsed": 28.602439, "delta": 0.600329}}
{"target": 0.8292387625754587, "params": {"eta": 0.3792969667638709, "max_depth": 14.775956004766124, "n_estimators": 21.40860788983052}, "datetime": {"datetime": "2021-09-17 19:06:01", "elapsed": 29.45544, "delta": 0.853001}}
{"target": 0.7118275292185865, "params": {"eta": 0.1, "max_depth": 15.741970537602395, "n_estimators": 20.759225498945728}, "datetime": {"datetime": "2021-09-17 19:06:01", "elapsed": 30.129961, "delta": 0.674521}}
{"target": 0.795936673539046, "params": {"eta": 0.7016292437829335, "max_depth": 14.048783379139685, "n_estimators": 22.01290982754649}, "datetime": {"datetime": "2021-09-17 19:06:02", "elapsed": 30.91105, "delta": 0.781089}}
{"target": 0.7603977782489193, "params": {"eta": 0.692074126051185, "max_depth": 14.002009640258635, "n_estimators": 20.701143441569222}, "datetime": {"datetime": "2021-09-17 19:06:03", "elapsed": 31.631053, "delta": 0.720003}}
{"target": 0.8326859119649661, "params": {"eta": 0.14265054010613604, "max_depth": 18.6894004016563, "n_estimators": 22.33551496510224}, "datetime": {"datetime": "2021-09-17 19:06:03", "elapsed": 32.209051, "delta": 0.577998}}
{"target": 0.8290004254148929, "params": {"eta": 0.5025348164399276, "max_depth": 18.730980416908224, "n_estimators": 23.296811775617314}, "datetime": {"datetime": "2021-09-17 19:06:04", "elapsed": 32.987007, "delta": 0.777956}}
{"target": 0.7517335706936266, "params": {"eta": 0.1, "max_depth": 19.787055128001164, "n_estimators": 22.803131931773862}, "datetime": {"datetime": "2021-09-17 19:06:05", "elapsed": 33.762006, "delta": 0.774999}}
{"target": 0.7106569694057778, "params": {"eta": 0.8, "max_depth": 18.073869347297727, "n_estimators": 21.765762812736483}, "datetime": {"datetime": "2021-09-17 19:06:06", "elapsed": 34.636273, "delta": 0.874267}}
{"target": 0.8107906337241969, "params": {"eta": 0.6619201149491666, "max_depth": 8.110838485392634, "n_estimators": 8.102184471658198}, "datetime": {"datetime": "2021-09-17 19:06:06", "elapsed": 35.116274, "delta": 0.480001}}
{"target": 0.7778171285987572, "params": {"eta": 0.3092319101940276, "max_depth": 6.97150261803545, "n_estimators": 8.544975103694084}, "datetime": {"datetime": "2021-09-17 19:06:07", "elapsed": 35.746272, "delta": 0.629998}}
{"target": 0.770557561599851, "params": {"eta": 0.27250971738688673, "max_depth": 8.997530451224574, "n_estimators": 8.933113242462575}, "datetime": {"datetime": "2021-09-17 19:06:07", "elapsed": 36.357277, "delta": 0.611005}}
{"target": 0.6113180617335656, "params": {"eta": 0.1, "max_depth": 12.623494263441966, "n_estimators": 17.031600410927684}, "datetime": {"datetime": "2021-09-17 19:06:08", "elapsed": 37.176276, "delta": 0.818999}}
{"target": 0.8329290625281175, "params": {"eta": 0.3577391347278628, "max_depth": 9.65674592337096, "n_estimators": 25.78994868740621}, "datetime": {"datetime": "2021-09-17 19:06:09", "elapsed": 37.86127, "delta": 0.684994}}
{"target": 0.5859673926958495, "params": {"eta": 0.16037369803823626, "max_depth": 18.227352983594187, "n_estimators": 10.335724496900685}, "datetime": {"datetime": "2021-09-17 19:06:09", "elapsed": 38.182275, "delta": 0.321005}}
{"target": 0.8407892009330922, "params": {"eta": 0.33061109964138363, "max_depth": 22.546957764412436, "n_estimators": 22.66143245210541}, "datetime": {"datetime": "2021-09-17 19:06:10", "elapsed": 38.621273, "delta": 0.438998}}
{"target": 0.8308398561649114, "params": {"eta": 0.2520478870523423, "max_depth": 11.193614871295104, "n_estimators": 16.609093065921414}, "datetime": {"datetime": "2021-09-17 19:06:10", "elapsed": 39.319275, "delta": 0.698002}}
{"target": 0.8455130203891259, "params": {"eta": 0.43748151327297286, "max_depth": 13.666867454116648, "n_estimators": 15.697631817914765}, "datetime": {"datetime": "2021-09-17 19:06:11", "elapsed": 40.024275, "delta": 0.705}}
{"target": 0.8291381326856402, "params": {"eta": 0.24381659589595664, "max_depth": 23.23409803182559, "n_estimators": 22.02646927975118}, "datetime": {"datetime": "2021-09-17 19:06:12", "elapsed": 40.924499, "delta": 0.900224}}
{"target": 0.8313641249065251, "params": {"eta": 0.2521300232365632, "max_depth": 11.325144392476098, "n_estimators": 13.680731008230115}, "datetime": {"datetime": "2021-09-17 19:06:12", "elapsed": 41.322496, "delta": 0.397997}}
{"target": 0.7359238381794031, "params": {"eta": 0.7468789004678376, "max_depth": 22.275052851839067, "n_estimators": 21.7521543423685}, "datetime": {"datetime": "2021-09-17 19:06:13", "elapsed": 42.188494, "delta": 0.865998}}
{"target": 0.8464339434300122, "params": {"eta": 0.4540057252517887, "max_depth": 29.73866890335999, "n_estimators": 16.256303019973313}, "datetime": {"datetime": "2021-09-17 19:06:14", "elapsed": 42.654413, "delta": 0.465919}}
{"target": 0.8392872175263337, "params": {"eta": 0.4331884610868598, "max_depth": 23.323283925643384, "n_estimators": 22.936148657505463}, "datetime": {"datetime": "2021-09-17 19:06:14", "elapsed": 43.322413, "delta": 0.668}}
{"target": 0.8150071472578, "params": {"eta": 0.42083649473410056, "max_depth": 29.201321296031896, "n_estimators": 20.088013509940787}, "datetime": {"datetime": "2021-09-17 19:06:15", "elapsed": 43.831415, "delta": 0.509002}}
{"target": 0.8395646439131492, "params": {"eta": 0.4557049755749054, "max_depth": 29.519680059443054, "n_estimators": 17.15739045795566}, "datetime": {"datetime": "2021-09-17 19:06:16", "elapsed": 44.539674, "delta": 0.708259}}
{"target": 0.45504814931934434, "params": {"eta": 0.19412733071221333, "max_depth": 28.40457740681216, "n_estimators": 7.21783834045072}, "datetime": {"datetime": "2021-09-17 19:06:16", "elapsed": 44.849673, "delta": 0.309999}}
{"target": 0.8249177946228886, "params": {"eta": 0.23036004736684165, "max_depth": 28.66564451498499, "n_estimators": 16.48777997283604}, "datetime": {"datetime": "2021-09-17 19:06:17", "elapsed": 45.500286, "delta": 0.650613}}
{"target": 0.710430770577755, "params": {"eta": 0.8, "max_depth": 29.056227890595224, "n_estimators": 15.380712013381427}, "datetime": {"datetime": "2021-09-17 19:06:17", "elapsed": 46.199285, "delta": 0.698999}}
{"target": 0.6113180617335656, "params": {"eta": 0.1, "max_depth": 28.49739133049534, "n_estimators": 17.75535941470112}, "datetime": {"datetime": "2021-09-17 19:06:18", "elapsed": 46.968951, "delta": 0.769666}}
{"target": 0.7865238726603639, "params": {"eta": 0.6172189933131066, "max_depth": 11.983478790207572, "n_estimators": 12.91227338444946}, "datetime": {"datetime": "2021-09-17 19:06:19", "elapsed": 47.710596, "delta": 0.741645}}
{"target": 0.7659289491357265, "params": {"eta": 0.1, "max_depth": 22.672098796831367, "n_estimators": 23.67383935747229}, "datetime": {"datetime": "2021-09-17 19:06:20", "elapsed": 48.418819, "delta": 0.708223}}
{"target": 0.8161845173704885, "params": {"eta": 0.5409703729364206, "max_depth": 24.28407922812056, "n_estimators": 22.358119785752603}, "datetime": {"datetime": "2021-09-17 19:06:20", "elapsed": 49.292821, "delta": 0.874002}}
{"target": 0.8447500347448803, "params": {"eta": 0.18945786328696312, "max_depth": 12.596507789343082, "n_estimators": 19.547300157118173}, "datetime": {"datetime": "2021-09-17 19:06:21", "elapsed": 50.06282, "delta": 0.769999}}
{"target": 0.7332299213750697, "params": {"eta": 0.8, "max_depth": 11.840214259248368, "n_estimators": 19.92521680347752}, "datetime": {"datetime": "2021-09-17 19:06:22", "elapsed": 50.896056, "delta": 0.833236}}
{"target": 0.7575742551824765, "params": {"eta": 0.5950839607221299, "max_depth": 13.55281025595319, "n_estimators": 19.24718636558648}, "datetime": {"datetime": "2021-09-17 19:06:23", "elapsed": 51.732051, "delta": 0.835995}}
{"target": 0.7887050250337625, "params": {"eta": 0.10491498137170928, "max_depth": 11.21828078562581, "n_estimators": 25.091597486004563}, "datetime": {"datetime": "2021-09-17 19:06:24", "elapsed": 52.444049, "delta": 0.711998}}
{"target": 0.7104346616306481, "params": {"eta": 0.8, "max_depth": 24.385552496752748, "n_estimators": 23.60322914465873}, "datetime": {"datetime": "2021-09-17 19:06:24", "elapsed": 53.286113, "delta": 0.842064}}
{"target": 0.733802497910369, "params": {"eta": 0.1, "max_depth": 24.280176242539504, "n_estimators": 21.231695545739143}, "datetime": {"datetime": "2021-09-17 19:06:25", "elapsed": 53.938109, "delta": 0.651996}}
{"target": 0.8237564241724215, "params": {"eta": 0.15732237949810696, "max_depth": 13.953830318479081, "n_estimators": 23.7435502033378}, "datetime": {"datetime": "2021-09-17 19:06:26", "elapsed": 54.658634, "delta": 0.720525}}
{"target": 0.7774839566599216, "params": {"eta": 0.1, "max_depth": 13.576990321235545, "n_estimators": 24.89294442406522}, "datetime": {"datetime": "2021-09-17 19:06:27", "elapsed": 55.37764, "delta": 0.719006}}
{"target": 0.8040573942414115, "params": {"eta": 0.1, "max_depth": 10.563094957786783, "n_estimators": 27.212739205253396}, "datetime": {"datetime": "2021-09-17 19:06:27", "elapsed": 56.145636, "delta": 0.767996}}
{"target": 0.7633558124900335, "params": {"eta": 0.6088616449388968, "max_depth": 29.62474792306745, "n_estimators": 21.23579664405106}, "datetime": {"datetime": "2021-09-17 19:06:28", "elapsed": 56.878208, "delta": 0.732572}}
{"target": 0.7630468335129255, "params": {"eta": 0.8, "max_depth": 6.726724730305142, "n_estimators": 26.578360093016265}, "datetime": {"datetime": "2021-09-17 19:06:29", "elapsed": 57.711857, "delta": 0.833649}}
{"target": 0.7920747586834735, "params": {"eta": 0.1567401048271916, "max_depth": 29.990686479653544, "n_estimators": 16.9614532392798}, "datetime": {"datetime": "2021-09-17 19:06:30", "elapsed": 58.461527, "delta": 0.74967}}
{"target": 0.8386724750604528, "params": {"eta": 0.1468082859059495, "max_depth": 10.432103441356734, "n_estimators": 29.054855656702134}, "datetime": {"datetime": "2021-09-17 19:06:30", "elapsed": 59.27753, "delta": 0.816003}}
{"target": 0.8400212132488134, "params": {"eta": 0.1404265146376313, "max_depth": 9.65211076398926, "n_estimators": 29.849313362713417}, "datetime": {"datetime": "2021-09-17 19:06:31", "elapsed": 60.00953, "delta": 0.732}}
{"target": 0.7323326641110631, "params": {"eta": 0.7705818434999278, "max_depth": 9.455526804378582, "n_estimators": 29.087150580612235}, "datetime": {"datetime": "2021-09-17 19:06:32", "elapsed": 60.764565, "delta": 0.755035}}
{"target": 0.8338542276211325, "params": {"eta": 0.210313283415146, "max_depth": 10.971581558493082, "n_estimators": 29.780711447382018}, "datetime": {"datetime": "2021-09-17 19:06:33", "elapsed": 61.55056, "delta": 0.785995}}
{"target": 0.8173366189637441, "params": {"eta": 0.12120205300376993, "max_depth": 11.471755358235171, "n_estimators": 28.904734244702574}, "datetime": {"datetime": "2021-09-17 19:06:33", "elapsed": 62.35156, "delta": 0.801}}
{"target": 0.7308953441091075, "params": {"eta": 0.7683749532973816, "max_depth": 11.883608762267539, "n_estimators": 29.900898876354056}, "datetime": {"datetime": "2021-09-17 19:06:34", "elapsed": 63.080881, "delta": 0.729321}}
{"target": 0.804278127266646, "params": {"eta": 0.7074162195072311, "max_depth": 10.888666397825306, "n_estimators": 28.224808212913718}, "datetime": {"datetime": "2021-09-17 19:06:35", "elapsed": 64.031882, "delta": 0.951001}}
{"target": 0.713677859957444, "params": {"eta": 0.8, "max_depth": 14.884532328651105, "n_estimators": 25.961751665232143}, "datetime": {"datetime": "2021-09-17 19:06:36", "elapsed": 64.895096, "delta": 0.863214}}
{"target": 0.7767191086437054, "params": {"eta": 0.6351766029063939, "max_depth": 10.374936221887225, "n_estimators": 29.94556493082736}, "datetime": {"datetime": "2021-09-17 19:06:37", "elapsed": 65.660095, "delta": 0.764999}}
{"target": 0.8177803312558556, "params": {"eta": 0.10351505777125677, "max_depth": 8.322286346859844, "n_estimators": 29.892600242862436}, "datetime": {"datetime": "2021-09-17 19:06:38", "elapsed": 66.553745, "delta": 0.89365}}
{"target": 0.8141900193790537, "params": {"eta": 0.1, "max_depth": 7.801333105457498, "n_estimators": 28.642952788123807}, "datetime": {"datetime": "2021-09-17 19:06:38", "elapsed": 67.273738, "delta": 0.719993}}
{"target": 0.7241253344838022, "params": {"eta": 0.7792740841388083, "max_depth": 28.0618181456819, "n_estimators": 20.535621789015906}, "datetime": {"datetime": "2021-09-17 19:06:39", "elapsed": 68.168425, "delta": 0.894687}}
{"target": 0.6846956476654418, "params": {"eta": 0.11356646312331703, "max_depth": 10.913315464494321, "n_estimators": 17.415464135397183}, "datetime": {"datetime": "2021-09-17 19:06:40", "elapsed": 68.779144, "delta": 0.610719}}
{"target": 0.7254191649002589, "params": {"eta": 0.7516783500260322, "max_depth": 11.057127876648439, "n_estimators": 18.53055939731041}, "datetime": {"datetime": "2021-09-17 19:06:41", "elapsed": 69.521151, "delta": 0.742007}}
{"target": 0.7983468079218728, "params": {"eta": 0.6803233433072549, "max_depth": 8.696727436495928, "n_estimators": 26.088780597357182}, "datetime": {"datetime": "2021-09-17 19:06:41", "elapsed": 70.35515, "delta": 0.833999}}
{"target": 0.7943311443847292, "params": {"eta": 0.658294408324239, "max_depth": 29.326204736534674, "n_estimators": 16.560193130506118}, "datetime": {"datetime": "2021-09-17 19:06:42", "elapsed": 71.185828, "delta": 0.830678}}
{"target": 0.8194001546639557, "params": {"eta": 0.13187305270616717, "max_depth": 10.464315803941762, "n_estimators": 26.1674016919753}, "datetime": {"datetime": "2021-09-17 19:06:43", "elapsed": 72.031824, "delta": 0.845996}}
{"target": 0.6521762039229081, "params": {"eta": 0.1, "max_depth": 11.552965339525386, "n_estimators": 18.234092063604184}, "datetime": {"datetime": "2021-09-17 19:06:44", "elapsed": 72.599157, "delta": 0.567333}}
{"target": 0.7463663563133842, "params": {"eta": 0.7467755527344887, "max_depth": 4.5714237279649375, "n_estimators": 10.350291059568303}, "datetime": {"datetime": "2021-09-17 19:06:44", "elapsed": 72.988158, "delta": 0.389001}}
{"target": 0.7425731074836603, "params": {"eta": 0.22329217378480248, "max_depth": 9.08697053628815, "n_estimators": 10.181024332890859}, "datetime": {"datetime": "2021-09-17 19:06:45", "elapsed": 73.424159, "delta": 0.436001}}
{"target": 0.7606460626188536, "params": {"eta": 0.7329429166256847, "max_depth": 5.396324623668278, "n_estimators": 10.079254712281989}, "datetime": {"datetime": "2021-09-17 19:06:45", "elapsed": 73.86416, "delta": 0.440001}}
{"target": 0.7517335706936266, "params": {"eta": 0.1, "max_depth": 23.05087033389378, "n_estimators": 22.581514646117153}, "datetime": {"datetime": "2021-09-17 19:06:46", "elapsed": 74.682968, "delta": 0.818808}}
{"target": 0.7938720530485834, "params": {"eta": 0.6727737434985275, "max_depth": 8.71098709346316, "n_estimators": 26.148422027677594}, "datetime": {"datetime": "2021-09-17 19:06:46", "elapsed": 75.190968, "delta": 0.508}}
{"target": 0.785307081269306, "params": {"eta": 0.1, "max_depth": 8.779149825059054, "n_estimators": 25.95708509170458}, "datetime": {"datetime": "2021-09-17 19:06:47", "elapsed": 75.821967, "delta": 0.630999}}
{"target": 0.805831527531582, "params": {"eta": 0.67596305786277, "max_depth": 10.252691295676676, "n_estimators": 25.837220814606308}, "datetime": {"datetime": "2021-09-17 19:06:48", "elapsed": 76.526106, "delta": 0.704139}}
{"target": 0.7937527109743472, "params": {"eta": 0.4968862564813884, "max_depth": 11.819085147954214, "n_estimators": 17.16351239696712}, "datetime": {"datetime": "2021-09-17 19:06:48", "elapsed": 77.117102, "delta": 0.590996}}
{"target": 0.6815681325473948, "params": {"eta": 0.1, "max_depth": 12.159767533847134, "n_estimators": 19.160293907601144}, "datetime": {"datetime": "2021-09-17 19:06:49", "elapsed": 77.860137, "delta": 0.743035}}
{"target": 0.8227492025620409, "params": {"eta": 0.23833014622455884, "max_depth": 11.330932155946265, "n_estimators": 13.647963199437289}, "datetime": {"datetime": "2021-09-17 19:06:49", "elapsed": 78.364135, "delta": 0.503998}}
{"target": 0.8425067921928029, "params": {"eta": 0.1744366556574513, "max_depth": 10.928909722165288, "n_estimators": 29.23023429573795}, "datetime": {"datetime": "2021-09-17 19:06:50", "elapsed": 79.14428, "delta": 0.780145}}
{"target": 0.7921043985229312, "params": {"eta": 0.10157064257606988, "max_depth": 9.602098971038018, "n_estimators": 26.38474592018816}, "datetime": {"datetime": "2021-09-17 19:06:51", "elapsed": 80.046278, "delta": 0.901998}}
{"target": 0.7905117857749728, "params": {"eta": 0.6284583602432634, "max_depth": 13.216756859216083, "n_estimators": 15.803057007520676}, "datetime": {"datetime": "2021-09-17 19:06:52", "elapsed": 80.791012, "delta": 0.744734}}
{"target": 0.8172985996829797, "params": {"eta": 0.5319925518945242, "max_depth": 10.937780789135488, "n_estimators": 13.865864644937993}, "datetime": {"datetime": "2021-09-17 19:06:53", "elapsed": 81.584021, "delta": 0.793009}}
{"target": 0.747218712543489, "params": {"eta": 0.12833362848627985, "max_depth": 17.851294819454317, "n_estimators": 17.09738854923002}, "datetime": {"datetime": "2021-09-17 19:06:53", "elapsed": 82.065013, "delta": 0.480992}}
{"target": 0.8401783052497238, "params": {"eta": 0.43413925814251286, "max_depth": 29.372350377696097, "n_estimators": 27.91876034117021}, "datetime": {"datetime": "2021-09-17 19:06:54", "elapsed": 82.816598, "delta": 0.751585}}
{"target": 0.8290199664199728, "params": {"eta": 0.21780859660424834, "max_depth": 18.41289391869752, "n_estimators": 22.787456981350115}, "datetime": {"datetime": "2021-09-17 19:06:55", "elapsed": 83.652603, "delta": 0.836005}}
{"target": 0.5636472676958022, "params": {"eta": 0.1, "max_depth": 13.576213164790385, "n_estimators": 16.059712922031324}, "datetime": {"datetime": "2021-09-17 19:06:55", "elapsed": 84.307599, "delta": 0.654996}}
{"target": 0.8182395227192167, "params": {"eta": 0.5301010371979814, "max_depth": 14.84393789443144, "n_estimators": 19.836738483869688}, "datetime": {"datetime": "2021-09-17 19:06:56", "elapsed": 84.920861, "delta": 0.613262}}
