{"target": -4.3959583332664085, "params": {"eta": 0.1, "max_depth": 13.889199095677558, "n_estimators": 18.0}, "datetime": {"datetime": "2021-09-17 10:46:20", "elapsed": 178.083946, "delta": 1.011326}}
{"target": -3.2905506676749177, "params": {"eta": 0.989387165541595, "max_depth": 4.760688068744051, "n_estimators": 17.374195875494394}, "datetime": {"datetime": "2021-09-17 10:46:21", "elapsed": 179.049948, "delta": 0.966002}}
{"target": -2.9724530925876214, "params": {"eta": 1.0, "max_depth": 2.524413919587594, "n_estimators": 15.556899382763325}, "datetime": {"datetime": "2021-09-17 10:46:22", "elapsed": 180.128732, "delta": 1.078784}}
{"target": -3.3405348435828564, "params": {"eta": 0.9980969313908865, "max_depth": 11.407493175585827, "n_estimators": 9.369841715056557}, "datetime": {"datetime": "2021-09-17 10:46:23", "elapsed": 181.405995, "delta": 1.277263}}
{"target": -3.227609167600933, "params": {"eta": 1.0, "max_depth": 1.7709404158649196, "n_estimators": 16.136152338876663}, "datetime": {"datetime": "2021-09-17 10:46:25", "elapsed": 182.553458, "delta": 1.147463}}
{"target": -3.1738709198801143, "params": {"eta": 1.0, "max_depth": 11.479766217300904, "n_estimators": 17.286933404788257}, "datetime": {"datetime": "2021-09-17 10:46:26", "elapsed": 183.723984, "delta": 1.170526}}
{"target": -3.4136735718501243, "params": {"eta": 0.9879146701894593, "max_depth": 13.393038940911673, "n_estimators": 4.314075530701119}, "datetime": {"datetime": "2021-09-17 10:46:27", "elapsed": 184.791259, "delta": 1.067275}}
{"target": -4.295440799311588, "params": {"eta": 1.0, "max_depth": 7.6791027380924115, "n_estimators": 1.0}, "datetime": {"datetime": "2021-09-17 10:46:28", "elapsed": 185.761973, "delta": 0.970714}}
{"target": -3.454442459658573, "params": {"eta": 1.0, "max_depth": 6.2566172375188955, "n_estimators": 7.517950775351362}, "datetime": {"datetime": "2021-09-17 10:46:29", "elapsed": 186.892627, "delta": 1.130654}}
{"target": -3.1596842238777563, "params": {"eta": 1.0, "max_depth": 3.9137692646742637, "n_estimators": 18.0}, "datetime": {"datetime": "2021-09-17 10:46:30", "elapsed": 187.879695, "delta": 0.987068}}
{"target": -3.4840395350205275, "params": {"eta": 1.0, "max_depth": 8.873872440907515, "n_estimators": 3.803823654830136}, "datetime": {"datetime": "2021-09-17 10:46:31", "elapsed": 189.191339, "delta": 1.311644}}
{"target": -3.448874911509062, "params": {"eta": 1.0, "max_depth": 9.445406339585206, "n_estimators": 5.342301166527969}, "datetime": {"datetime": "2021-09-17 10:46:32", "elapsed": 190.333763, "delta": 1.142424}}
{"target": -3.5144438141270684, "params": {"eta": 1.0, "max_depth": 9.08367229489918, "n_estimators": 2.019364909638129}, "datetime": {"datetime": "2021-09-17 10:46:34", "elapsed": 191.669596, "delta": 1.335833}}
{"target": -3.4270324092162285, "params": {"eta": 0.9768329989638728, "max_depth": 10.445084045893031, "n_estimators": 4.4715470381409705}, "datetime": {"datetime": "2021-09-17 10:46:35", "elapsed": 193.064136, "delta": 1.39454}}
{"target": -3.3408459754366624, "params": {"eta": 1.0, "max_depth": 4.387939843040081, "n_estimators": 15.028607412491505}, "datetime": {"datetime": "2021-09-17 10:46:36", "elapsed": 194.123591, "delta": 1.059455}}
{"target": -3.210303080709357, "params": {"eta": 1.0, "max_depth": 14.112444967433607, "n_estimators": 15.5247269773884}, "datetime": {"datetime": "2021-09-17 10:46:38", "elapsed": 195.529533, "delta": 1.405942}}
{"target": -5.49887306941183, "params": {"eta": 0.10646483153320938, "max_depth": 4.541241189680001, "n_estimators": 14.664996312115642}, "datetime": {"datetime": "2021-09-17 10:46:39", "elapsed": 197.231495, "delta": 1.701962}}
{"target": -3.4001627049948038, "params": {"eta": 0.13663997774790218, "max_depth": 4.034912078754406, "n_estimators": 16.5771569970324}, "datetime": {"datetime": "2021-09-17 10:46:40", "elapsed": 198.381632, "delta": 1.150137}}
{"target": -3.1739358952170926, "params": {"eta": 1.0, "max_depth": 11.295160669588538, "n_estimators": 11.149930428896697}, "datetime": {"datetime": "2021-09-17 10:46:42", "elapsed": 199.663723, "delta": 1.282091}}
{"target": -3.4507847804772225, "params": {"eta": 0.9998894173126667, "max_depth": 10.14742208862944, "n_estimators": 10.764305409055945}, "datetime": {"datetime": "2021-09-17 10:46:43", "elapsed": 201.25099, "delta": 1.587267}}
{"target": -3.260542390221044, "params": {"eta": 0.990586515554519, "max_depth": 7.58797558785394, "n_estimators": 4.667028952589976}, "datetime": {"datetime": "2021-09-17 10:46:45", "elapsed": 202.82478, "delta": 1.57379}}
{"target": -3.4464725732803347, "params": {"eta": 1.0, "max_depth": 6.529017713275137, "n_estimators": 10.924341853350436}, "datetime": {"datetime": "2021-09-17 10:46:46", "elapsed": 204.174921, "delta": 1.350141}}
{"target": -3.1779362433835074, "params": {"eta": 1.0, "max_depth": 15.0, "n_estimators": 14.021956883557205}, "datetime": {"datetime": "2021-09-17 10:46:47", "elapsed": 205.426468, "delta": 1.251547}}
{"target": -3.9091446926719264, "params": {"eta": 1.0, "max_depth": 3.187908824813626, "n_estimators": 4.8162223942952815}, "datetime": {"datetime": "2021-09-17 10:46:49", "elapsed": 206.886619, "delta": 1.460151}}
{"target": -20.8150331663458, "params": {"eta": 0.1, "max_depth": 8.684168159355961, "n_estimators": 1.0}, "datetime": {"datetime": "2021-09-17 10:46:50", "elapsed": 208.251581, "delta": 1.364962}}
{"target": -6.82205509261081, "params": {"eta": 0.1, "max_depth": 1.0, "n_estimators": 14.655653900643}, "datetime": {"datetime": "2021-09-17 10:46:51", "elapsed": 209.45457, "delta": 1.202989}}
{"target": -3.1086495060669748, "params": {"eta": 1.0, "max_depth": 3.988095142801964, "n_estimators": 15.980562457883357}, "datetime": {"datetime": "2021-09-17 10:46:53", "elapsed": 211.092105, "delta": 1.637535}}
{"target": -2.6223995773415814, "params": {"eta": 0.20079265048332184, "max_depth": 14.347691409950516, "n_estimators": 17.21701977456527}, "datetime": {"datetime": "2021-09-17 10:46:55", "elapsed": 213.298628, "delta": 2.206523}}
{"target": -3.3786978207136453, "params": {"eta": 1.0, "max_depth": 4.738075060936483, "n_estimators": 6.580152607827119}, "datetime": {"datetime": "2021-09-17 10:46:57", "elapsed": 214.820298, "delta": 1.52167}}
{"target": -3.7636216615375715, "params": {"eta": 1.0, "max_depth": 1.0, "n_estimators": 7.394882901425231}, "datetime": {"datetime": "2021-09-17 10:46:58", "elapsed": 216.187431, "delta": 1.367133}}
{"target": -3.2158043409648696, "params": {"eta": 1.0, "max_depth": 12.954475816729964, "n_estimators": 6.0887394699804975}, "datetime": {"datetime": "2021-09-17 10:47:00", "elapsed": 217.633028, "delta": 1.445597}}
{"target": -3.4324549273440716, "params": {"eta": 1.0, "max_depth": 9.652535179285973, "n_estimators": 8.723398934916142}, "datetime": {"datetime": "2021-09-17 10:47:01", "elapsed": 219.058611, "delta": 1.425583}}
{"target": -3.153129669239646, "params": {"eta": 1.0, "max_depth": 3.5464579171867214, "n_estimators": 10.644747519260301}, "datetime": {"datetime": "2021-09-17 10:47:03", "elapsed": 220.55373, "delta": 1.495119}}
{"target": -3.1611066397867704, "params": {"eta": 0.9712239135968594, "max_depth": 12.110305224291931, "n_estimators": 14.264472167841923}, "datetime": {"datetime": "2021-09-17 10:47:04", "elapsed": 221.790886, "delta": 1.237156}}
{"target": -5.1294308285964165, "params": {"eta": 0.1, "max_depth": 8.861479386408787, "n_estimators": 16.42765343973323}, "datetime": {"datetime": "2021-09-17 10:47:05", "elapsed": 223.105965, "delta": 1.315079}}
{"target": -3.4442702506717886, "params": {"eta": 1.0, "max_depth": 7.551403339221915, "n_estimators": 17.16493871018917}, "datetime": {"datetime": "2021-09-17 10:47:06", "elapsed": 224.382405, "delta": 1.27644}}
{"target": -3.335299233386391, "params": {"eta": 1.0, "max_depth": 1.8455376756601054, "n_estimators": 14.202621188826665}, "datetime": {"datetime": "2021-09-17 10:47:08", "elapsed": 225.833425, "delta": 1.45102}}
{"target": -3.056048124714902, "params": {"eta": 0.9904153178568051, "max_depth": 3.3768788413735105, "n_estimators": 13.754846324163179}, "datetime": {"datetime": "2021-09-17 10:47:09", "elapsed": 227.129734, "delta": 1.296309}}
{"target": -3.0968370180380975, "params": {"eta": 1.0, "max_depth": 5.847070807619796, "n_estimators": 6.187229225233575}, "datetime": {"datetime": "2021-09-17 10:47:11", "elapsed": 228.511912, "delta": 1.382178}}
{"target": -3.22306621890319, "params": {"eta": 1.0, "max_depth": 3.28772320984573, "n_estimators": 12.41360561833723}, "datetime": {"datetime": "2021-09-17 10:47:12", "elapsed": 229.903851, "delta": 1.391939}}
{"target": -3.8017569717608, "params": {"eta": 1.0, "max_depth": 1.8526041036813767, "n_estimators": 9.068014057583403}, "datetime": {"datetime": "2021-09-17 10:47:13", "elapsed": 231.116086, "delta": 1.212235}}
{"target": -3.3478644408677756, "params": {"eta": 1.0, "max_depth": 13.50484839767519, "n_estimators": 11.55511171681089}, "datetime": {"datetime": "2021-09-17 10:47:14", "elapsed": 232.453916, "delta": 1.33783}}
{"target": -3.18031538787641, "params": {"eta": 1.0, "max_depth": 15.0, "n_estimators": 7.760065688979347}, "datetime": {"datetime": "2021-09-17 10:47:16", "elapsed": 234.000743, "delta": 1.546827}}
{"target": -3.173841362250479, "params": {"eta": 1.0, "max_depth": 11.958931499736353, "n_estimators": 15.855329710030004}, "datetime": {"datetime": "2021-09-17 10:47:17", "elapsed": 235.434797, "delta": 1.434054}}
{"target": -3.262466269417813, "params": {"eta": 0.9689786063530237, "max_depth": 14.21742819446679, "n_estimators": 10.107425427363765}, "datetime": {"datetime": "2021-09-17 10:47:19", "elapsed": 236.704938, "delta": 1.270141}}
{"target": -3.2141895695736538, "params": {"eta": 1.0, "max_depth": 12.69490383011276, "n_estimators": 9.529509698390314}, "datetime": {"datetime": "2021-09-17 10:47:20", "elapsed": 238.104248, "delta": 1.39931}}
{"target": -3.428156099821392, "params": {"eta": 1.0, "max_depth": 10.845840934527576, "n_estimators": 7.866507753627485}, "datetime": {"datetime": "2021-09-17 10:47:22", "elapsed": 239.790189, "delta": 1.685941}}
{"target": -3.1890718610663162, "params": {"eta": 0.9979452837330061, "max_depth": 12.36935356409993, "n_estimators": 4.040340606982914}, "datetime": {"datetime": "2021-09-17 10:47:23", "elapsed": 240.965455, "delta": 1.175266}}
{"target": -3.347931147876539, "params": {"eta": 1.0, "max_depth": 13.901298649663094, "n_estimators": 17.40124308563969}, "datetime": {"datetime": "2021-09-17 10:47:24", "elapsed": 242.380413, "delta": 1.414958}}
{"target": -3.546415945730711, "params": {"eta": 1.0, "max_depth": 8.672390614561026, "n_estimators": 9.469189179439775}, "datetime": {"datetime": "2021-09-17 10:47:26", "elapsed": 244.162138, "delta": 1.781725}}
{"target": -3.428836316183993, "params": {"eta": 1.0, "max_depth": 9.35828757521801, "n_estimators": 6.472241975525445}, "datetime": {"datetime": "2021-09-17 10:47:27", "elapsed": 245.313995, "delta": 1.151857}}
{"target": -3.54478998435171, "params": {"eta": 1.0, "max_depth": 8.675933327131693, "n_estimators": 14.395330278827444}, "datetime": {"datetime": "2021-09-17 10:47:29", "elapsed": 246.592859, "delta": 1.278864}}
{"target": -3.929680065104836, "params": {"eta": 0.11513084440699463, "max_depth": 11.44337881248187, "n_estimators": 17.98838396581442}, "datetime": {"datetime": "2021-09-17 10:47:30", "elapsed": 248.16162, "delta": 1.568761}}
{"target": -3.4313332538855703, "params": {"eta": 1.0, "max_depth": 9.798325573816989, "n_estimators": 11.830812619027569}, "datetime": {"datetime": "2021-09-17 10:47:31", "elapsed": 249.478874, "delta": 1.317254}}
{"target": -3.2103229259189807, "params": {"eta": 1.0, "max_depth": 14.255724617526846, "n_estimators": 13.73022512564215}, "datetime": {"datetime": "2021-09-17 10:47:33", "elapsed": 250.805205, "delta": 1.326331}}
{"target": -3.1790004372596736, "params": {"eta": 1.0, "max_depth": 15.0, "n_estimators": 8.81161129575039}, "datetime": {"datetime": "2021-09-17 10:47:34", "elapsed": 252.072807, "delta": 1.267602}}
{"target": -3.3174208578310513, "params": {"eta": 1.0, "max_depth": 4.3539591847496375, "n_estimators": 13.58168760191311}, "datetime": {"datetime": "2021-09-17 10:47:36", "elapsed": 253.856989, "delta": 1.784182}}
{"target": -3.0338562990489755, "params": {"eta": 0.33738502578838403, "max_depth": 2.996131736620372, "n_estimators": 14.160171388659432}, "datetime": {"datetime": "2021-09-17 10:47:37", "elapsed": 255.12007, "delta": 1.263081}}
{"target": -3.5451248087381058, "params": {"eta": 1.0, "max_depth": 8.717542026773657, "n_estimators": 18.0}, "datetime": {"datetime": "2021-09-17 10:47:40", "elapsed": 257.526553, "delta": 2.406483}}
{"target": -3.2151029480131053, "params": {"eta": 1.0, "max_depth": 12.360821354949236, "n_estimators": 8.344884700133639}, "datetime": {"datetime": "2021-09-17 10:47:41", "elapsed": 259.021396, "delta": 1.494843}}
{"target": -3.338750327888288, "params": {"eta": 1.0, "max_depth": 4.641066091190198, "n_estimators": 12.658858670899937}, "datetime": {"datetime": "2021-09-17 10:47:43", "elapsed": 260.826324, "delta": 1.804928}}
{"target": -3.1787126867394697, "params": {"eta": 1.0, "max_depth": 1.0, "n_estimators": 17.240752164230745}, "datetime": {"datetime": "2021-09-17 10:47:44", "elapsed": 262.11185, "delta": 1.285526}}
{"target": -2.414419752673099, "params": {"eta": 0.441723414568724, "max_depth": 3.8956238918791755, "n_estimators": 15.312681957288884}, "datetime": {"datetime": "2021-09-17 10:47:45", "elapsed": 263.450934, "delta": 1.339084}}
{"target": -3.214543034528431, "params": {"eta": 1.0, "max_depth": 12.09367921802546, "n_estimators": 12.749474434210654}, "datetime": {"datetime": "2021-09-17 10:47:47", "elapsed": 264.872079, "delta": 1.421145}}
{"target": -7.188612650570115, "params": {"eta": 0.1, "max_depth": 13.926917605778403, "n_estimators": 12.070441699401032}, "datetime": {"datetime": "2021-09-17 10:47:49", "elapsed": 266.640505, "delta": 1.768426}}
{"target": -3.3907699039107873, "params": {"eta": 0.8957129603375364, "max_depth": 14.66366988833836, "n_estimators": 12.34030878285557}, "datetime": {"datetime": "2021-09-17 10:47:50", "elapsed": 268.14825, "delta": 1.507745}}
{"target": -2.849289175083763, "params": {"eta": 0.2071690771846541, "max_depth": 14.969938763514753, "n_estimators": 13.09567360940353}, "datetime": {"datetime": "2021-09-17 10:47:52", "elapsed": 270.340586, "delta": 2.192336}}
{"target": -4.13760125260604, "params": {"eta": 0.21950252800684827, "max_depth": 6.944110761401888, "n_estimators": 8.676261603961137}, "datetime": {"datetime": "2021-09-17 10:47:54", "elapsed": 272.475234, "delta": 2.134648}}
{"target": -2.7866917892506247, "params": {"eta": 0.3880636929998583, "max_depth": 13.447180813860067, "n_estimators": 11.105611459642645}, "datetime": {"datetime": "2021-09-17 10:47:56", "elapsed": 274.007022, "delta": 1.531788}}
{"target": -3.2362952840955628, "params": {"eta": 0.9542604815224163, "max_depth": 14.45254822780694, "n_estimators": 11.601788024926295}, "datetime": {"datetime": "2021-09-17 10:47:58", "elapsed": 275.500073, "delta": 1.493051}}
{"target": -2.730566003448085, "params": {"eta": 0.2822720193788883, "max_depth": 11.982135803967235, "n_estimators": 11.797941887302562}, "datetime": {"datetime": "2021-09-17 10:47:59", "elapsed": 277.046527, "delta": 1.546454}}
{"target": -5.410597175046017, "params": {"eta": 0.10787566414706429, "max_depth": 7.780658644897184, "n_estimators": 14.259267836619504}, "datetime": {"datetime": "2021-09-17 10:48:01", "elapsed": 279.131904, "delta": 2.085377}}
{"target": -4.521690873723281, "params": {"eta": 0.10916936703006497, "max_depth": 7.234439265660127, "n_estimators": 16.256451742758166}, "datetime": {"datetime": "2021-09-17 10:48:03", "elapsed": 280.816769, "delta": 1.684865}}
{"target": -3.293262040301373, "params": {"eta": 0.9825375043053071, "max_depth": 5.7661643212, "n_estimators": 16.57958705285587}, "datetime": {"datetime": "2021-09-17 10:48:05", "elapsed": 282.871851, "delta": 2.055082}}
{"target": -3.375862370039287, "params": {"eta": 0.9978461726430253, "max_depth": 11.570358770279034, "n_estimators": 4.493368963570153}, "datetime": {"datetime": "2021-09-17 10:48:07", "elapsed": 284.739206, "delta": 1.867355}}
{"target": -3.3958038687705994, "params": {"eta": 1.0, "max_depth": 2.161554044882361, "n_estimators": 7.277662591745858}, "datetime": {"datetime": "2021-09-17 10:48:09", "elapsed": 286.832219, "delta": 2.093013}}
{"target": -3.4291826241894774, "params": {"eta": 1.0, "max_depth": 9.810687367960163, "n_estimators": 15.16290983876812}, "datetime": {"datetime": "2021-09-17 10:48:11", "elapsed": 288.559015, "delta": 1.726796}}
{"target": -2.8451143277318853, "params": {"eta": 0.721968179109362, "max_depth": 3.427969702098375, "n_estimators": 14.620039389334819}, "datetime": {"datetime": "2021-09-17 10:48:12", "elapsed": 290.225889, "delta": 1.666874}}
{"target": -3.443090753492556, "params": {"eta": 1.0, "max_depth": 10.592026296939583, "n_estimators": 13.682105489466219}, "datetime": {"datetime": "2021-09-17 10:48:14", "elapsed": 291.648815, "delta": 1.422926}}
{"target": -3.4108968439855074, "params": {"eta": 0.9946109866277236, "max_depth": 13.077294161153155, "n_estimators": 7.3192312994236906}, "datetime": {"datetime": "2021-09-17 10:48:16", "elapsed": 294.456348, "delta": 2.807533}}
{"target": -3.36848996940412, "params": {"eta": 0.9323648594538232, "max_depth": 12.275252436387506, "n_estimators": 3.0970376895150338}, "datetime": {"datetime": "2021-09-17 10:48:18", "elapsed": 296.053978, "delta": 1.59763}}
{"target": -3.440219074173977, "params": {"eta": 1.0, "max_depth": 4.630063594204474, "n_estimators": 5.04435979461798}, "datetime": {"datetime": "2021-09-17 10:48:20", "elapsed": 297.706624, "delta": 1.652646}}
{"target": -3.411451032130342, "params": {"eta": 0.9865586279200993, "max_depth": 7.164795772029832, "n_estimators": 12.3675950096253}, "datetime": {"datetime": "2021-09-17 10:48:22", "elapsed": 299.564175, "delta": 1.857551}}
{"target": -3.456716168554206, "params": {"eta": 1.0, "max_depth": 7.018921448781283, "n_estimators": 8.875107475948013}, "datetime": {"datetime": "2021-09-17 10:48:23", "elapsed": 301.449718, "delta": 1.885543}}
{"target": -3.1776089411032826, "params": {"eta": 1.0, "max_depth": 11.45523452240489, "n_estimators": 7.071069703590454}, "datetime": {"datetime": "2021-09-17 10:48:25", "elapsed": 303.345077, "delta": 1.895359}}
{"target": -3.22367119224448, "params": {"eta": 0.9241006730422048, "max_depth": 3.1792686817478497, "n_estimators": 16.384905222401947}, "datetime": {"datetime": "2021-09-17 10:48:27", "elapsed": 304.830932, "delta": 1.485855}}
{"target": -3.131273097427268, "params": {"eta": 1.0, "max_depth": 2.2443058180586073, "n_estimators": 9.976339555005545}, "datetime": {"datetime": "2021-09-17 10:48:28", "elapsed": 306.30638, "delta": 1.475448}}
{"target": -3.232822909480647, "params": {"eta": 0.9944610845780562, "max_depth": 12.474529817599628, "n_estimators": 17.30965892069217}, "datetime": {"datetime": "2021-09-17 10:48:30", "elapsed": 308.208275, "delta": 1.901895}}
{"target": -3.273648220614383, "params": {"eta": 1.0, "max_depth": 1.0, "n_estimators": 15.584459198631873}, "datetime": {"datetime": "2021-09-17 10:48:32", "elapsed": 310.13206, "delta": 1.923785}}
{"target": -2.9309311841663557, "params": {"eta": 0.5608881100478724, "max_depth": 13.269418932752373, "n_estimators": 16.88015218703232}, "datetime": {"datetime": "2021-09-17 10:48:34", "elapsed": 312.059239, "delta": 1.927179}}
{"target": -3.438606125430057, "params": {"eta": 1.0, "max_depth": 6.891127628544773, "n_estimators": 13.835051003565068}, "datetime": {"datetime": "2021-09-17 10:48:36", "elapsed": 313.949032, "delta": 1.889793}}
{"target": -3.409126597642898, "params": {"eta": 0.9895171261205923, "max_depth": 2.8886671656865346, "n_estimators": 8.624877670491571}, "datetime": {"datetime": "2021-09-17 10:48:37", "elapsed": 315.487797, "delta": 1.538765}}
{"target": -7.052867630280946, "params": {"eta": 0.11001989463042314, "max_depth": 7.170950858294777, "n_estimators": 11.588787509985371}, "datetime": {"datetime": "2021-09-17 10:48:39", "elapsed": 316.965364, "delta": 1.477567}}
{"target": -3.3535078324769674, "params": {"eta": 0.9957493134048578, "max_depth": 7.9288433725783065, "n_estimators": 5.416609449467368}, "datetime": {"datetime": "2021-09-17 10:48:41", "elapsed": 318.703143, "delta": 1.737779}}
{"target": -3.2173704122242177, "params": {"eta": 1.0, "max_depth": 12.220842661237553, "n_estimators": 7.519314064758789}, "datetime": {"datetime": "2021-09-17 10:48:43", "elapsed": 320.530993, "delta": 1.82785}}
{"target": -2.729396806892596, "params": {"eta": 0.5276482578540082, "max_depth": 13.94741241021042, "n_estimators": 11.309405551024842}, "datetime": {"datetime": "2021-09-17 10:48:44", "elapsed": 322.181256, "delta": 1.650263}}
{"target": -10.39168791770935, "params": {"eta": 0.1, "max_depth": 8.61576634414544, "n_estimators": 8.583559941670423}, "datetime": {"datetime": "2021-09-17 10:48:47", "elapsed": 324.81209, "delta": 2.630834}}
{"target": -3.2748056010196085, "params": {"eta": 0.9994645373257134, "max_depth": 13.128389027508698, "n_estimators": 10.542916150870175}, "datetime": {"datetime": "2021-09-17 10:48:48", "elapsed": 326.416393, "delta": 1.604303}}
{"target": -2.579661602722971, "params": {"eta": 0.29982414045924277, "max_depth": 4.339420288109407, "n_estimators": 15.907136414707452}, "datetime": {"datetime": "2021-09-17 10:48:51", "elapsed": 328.924538, "delta": 2.508145}}
{"target": -4.298512276850249, "params": {"eta": 1.0, "max_depth": 1.0, "n_estimators": 4.720944220792147}, "datetime": {"datetime": "2021-09-17 10:48:53", "elapsed": 331.065976, "delta": 2.141438}}
