{"target": 0.8632586590712409, "params": {"eta": 0.1965349197802218, "max_depth": 17.64839248125254, "n_estimators": 38.48657690580451}, "datetime": {"datetime": "2021-09-17 20:03:16", "elapsed": 1143.054962, "delta": 3.698307}}
{"target": 0.8488254876960809, "params": {"eta": 0.2822564465679283, "max_depth": 18.749071239669114, "n_estimators": 38.34081829371277}, "datetime": {"datetime": "2021-09-17 20:03:19", "elapsed": 1146.750489, "delta": 3.695527}}
{"target": 0.8565715130995997, "params": {"eta": 0.3020369114823782, "max_depth": 4.050895372306172, "n_estimators": 40.07035589562973}, "datetime": {"datetime": "2021-09-17 20:03:24", "elapsed": 1151.093489, "delta": 4.343}}
{"target": 0.8171915153011573, "params": {"eta": 0.47996732898433303, "max_depth": 37.800503048429086, "n_estimators": 8.521125837821854}, "datetime": {"datetime": "2021-09-17 20:03:28", "elapsed": 1155.233445, "delta": 4.139956}}
{"target": 0.78945205226144, "params": {"eta": 0.6344064133696531, "max_depth": 40.286715744085875, "n_estimators": 9.280565185449278}, "datetime": {"datetime": "2021-09-17 20:03:31", "elapsed": 1158.79064, "delta": 3.557195}}
{"target": 0.8209512004014998, "params": {"eta": 0.1, "max_depth": 28.396207363830484, "n_estimators": 30.102059838516613}, "datetime": {"datetime": "2021-09-17 20:03:36", "elapsed": 1163.178577, "delta": 4.387937}}
{"target": 0.8492618956044311, "params": {"eta": 0.3564845999881914, "max_depth": 9.169792563586487, "n_estimators": 11.207876196248609}, "datetime": {"datetime": "2021-09-17 20:03:39", "elapsed": 1166.762465, "delta": 3.583888}}
{"target": 0.13855627014447935, "params": {"eta": 0.1, "max_depth": 7.953670927823086, "n_estimators": 11.075040254653644}, "datetime": {"datetime": "2021-09-17 20:03:44", "elapsed": 1171.126599, "delta": 4.364134}}
{"target": 0.7893020436778554, "params": {"eta": 0.6079361241461614, "max_depth": 9.455310983434217, "n_estimators": 11.74798436368688}, "datetime": {"datetime": "2021-09-17 20:03:47", "elapsed": 1174.636418, "delta": 3.509819}}
{"target": 0.8546930972446394, "params": {"eta": 0.36107989963910014, "max_depth": 9.896451810708157, "n_estimators": 10.65414977210893}, "datetime": {"datetime": "2021-09-17 20:03:51", "elapsed": 1178.125368, "delta": 3.48895}}
{"target": 0.7444036112274933, "params": {"eta": 0.7603595437774749, "max_depth": 35.20497111943792, "n_estimators": 7.20945523022999}, "datetime": {"datetime": "2021-09-17 20:03:54", "elapsed": 1181.754833, "delta": 3.629465}}
{"target": 0.8545101208825572, "params": {"eta": 0.3739573398746284, "max_depth": 16.84756156749571, "n_estimators": 29.47919624385828}, "datetime": {"datetime": "2021-09-17 20:03:59", "elapsed": 1186.708031, "delta": 4.953198}}
{"target": 0.8473259388470754, "params": {"eta": 0.2829310735314331, "max_depth": 15.481529510327427, "n_estimators": 28.86089385713116}, "datetime": {"datetime": "2021-09-17 20:04:04", "elapsed": 1191.140611, "delta": 4.43258}}
{"target": 0.7865818929947649, "params": {"eta": 0.5800658459810372, "max_depth": 16.777893121490287, "n_estimators": 28.126061445443433}, "datetime": {"datetime": "2021-09-17 20:04:09", "elapsed": 1196.557566, "delta": 5.416955}}
{"target": 0.7794538420318674, "params": {"eta": 0.581426258284765, "max_depth": 15.824351963535813, "n_estimators": 29.972076225906672}, "datetime": {"datetime": "2021-09-17 20:04:14", "elapsed": 1201.297664, "delta": 4.740098}}
{"target": 0.7882590224880754, "params": {"eta": 0.7278478737073321, "max_depth": 18.042637095494115, "n_estimators": 29.435355177920577}, "datetime": {"datetime": "2021-09-17 20:04:20", "elapsed": 1207.296943, "delta": 5.999279}}
{"target": 0.8551491483125992, "params": {"eta": 0.22087705049002962, "max_depth": 14.088676831406943, "n_estimators": 28.40648058153643}, "datetime": {"datetime": "2021-09-17 20:04:24", "elapsed": 1211.201942, "delta": 3.904999}}
{"target": 0.8465943609253406, "params": {"eta": 0.14517856554381414, "max_depth": 14.725333455499397, "n_estimators": 27.154943510792894}, "datetime": {"datetime": "2021-09-17 20:04:28", "elapsed": 1214.881031, "delta": 3.679089}}
{"target": 0.7617252916735404, "params": {"eta": 0.7846713115041416, "max_depth": 13.229578605028156, "n_estimators": 29.151810804736872}, "datetime": {"datetime": "2021-09-17 20:04:33", "elapsed": 1220.759667, "delta": 5.878636}}
{"target": 0.8263853648520133, "params": {"eta": 0.23992632352449383, "max_depth": 15.717704889559379, "n_estimators": 12.607420789201694}, "datetime": {"datetime": "2021-09-17 20:04:42", "elapsed": 1229.401782, "delta": 8.642115}}
{"target": 0.4410982761185053, "params": {"eta": 0.1, "max_depth": 14.80288238802301, "n_estimators": 14.389086285556505}, "datetime": {"datetime": "2021-09-17 20:04:47", "elapsed": 1234.256129, "delta": 4.854347}}
{"target": 0.8345739896980606, "params": {"eta": 0.39646012018124255, "max_depth": 16.90338487814916, "n_estimators": 11.358593498784682}, "datetime": {"datetime": "2021-09-17 20:04:53", "elapsed": 1240.132721, "delta": 5.876592}}
{"target": 0.7226713121643757, "params": {"eta": 0.15808335807262403, "max_depth": 18.09188303786265, "n_estimators": 12.54994160126887}, "datetime": {"datetime": "2021-09-17 20:04:58", "elapsed": 1245.616478, "delta": 5.483757}}
{"target": 0.8172254546061966, "params": {"eta": 0.5367698536576049, "max_depth": 17.085641593493786, "n_estimators": 9.635785304079185}, "datetime": {"datetime": "2021-09-17 20:05:03", "elapsed": 1250.109014, "delta": 4.492536}}
{"target": 0.8536511274646349, "params": {"eta": 0.45653629057885126, "max_depth": 6.869637013485766, "n_estimators": 22.01263719477862}, "datetime": {"datetime": "2021-09-17 20:05:06", "elapsed": 1253.497251, "delta": 3.388237}}
{"target": 0.7188886004132296, "params": {"eta": 0.1, "max_depth": 6.452016833819833, "n_estimators": 20.663898513262005}, "datetime": {"datetime": "2021-09-17 20:05:10", "elapsed": 1257.240343, "delta": 3.743092}}
{"target": 0.855223475508052, "params": {"eta": 0.44769042665479497, "max_depth": 7.999656312643616, "n_estimators": 22.86261505988263}, "datetime": {"datetime": "2021-09-17 20:05:14", "elapsed": 1261.819195, "delta": 4.578852}}
{"target": 0.769203192305041, "params": {"eta": 0.7570246833581099, "max_depth": 6.411678839748944, "n_estimators": 23.261627065204443}, "datetime": {"datetime": "2021-09-17 20:05:19", "elapsed": 1266.41607, "delta": 4.596875}}
{"target": 0.8202435659808585, "params": {"eta": 0.1385329631166307, "max_depth": 8.354680954963442, "n_estimators": 21.71853315043751}, "datetime": {"datetime": "2021-09-17 20:05:23", "elapsed": 1269.872574, "delta": 3.456504}}
{"target": 0.7804833008046281, "params": {"eta": 0.8, "max_depth": 8.922551877413508, "n_estimators": 23.783875593976433}, "datetime": {"datetime": "2021-09-17 20:05:30", "elapsed": 1277.062907, "delta": 7.190333}}
{"target": 0.828547498450156, "params": {"eta": 0.26092602370666484, "max_depth": 37.05999367610267, "n_estimators": 18.11359894881771}, "datetime": {"datetime": "2021-09-17 20:05:34", "elapsed": 1281.765344, "delta": 4.702437}}
{"target": 0.84214349211295, "params": {"eta": 0.28247201579486, "max_depth": 38.95649508211324, "n_estimators": 17.403611116885838}, "datetime": {"datetime": "2021-09-17 20:05:39", "elapsed": 1285.989363, "delta": 4.224019}}
{"target": 0.8405792406315127, "params": {"eta": 0.2966701436105107, "max_depth": 37.822492346035276, "n_estimators": 16.231969590781084}, "datetime": {"datetime": "2021-09-17 20:05:43", "elapsed": 1290.738188, "delta": 4.748825}}
