{"target": 0.7164000429230687, "params": {"eta": 0.6002862091436941, "max_depth": 1.0, "n_estimators": 6.151648087245697}, "datetime": {"datetime": "2021-09-17 16:27:16", "elapsed": 2424.864356, "delta": 9.047322}}
{"target": 0.6688903227676095, "params": {"eta": 0.5076360832815252, "max_depth": 8.140549009001136, "n_estimators": 3.370993251670937}, "datetime": {"datetime": "2021-09-17 16:27:21", "elapsed": 2429.304279, "delta": 4.439923}}
{"target": 0.43860035571379263, "params": {"eta": 0.3981591117413262, "max_depth": 7.846730208222379, "n_estimators": 3.9700155081455093}, "datetime": {"datetime": "2021-09-17 16:27:29", "elapsed": 2437.331295, "delta": 8.027016}}
{"target": 0.7150312463548527, "params": {"eta": 0.6504144514553887, "max_depth": 2.8344585242029012, "n_estimators": 3.318124614778187}, "datetime": {"datetime": "2021-09-17 16:27:36", "elapsed": 2444.97872, "delta": 7.647425}}
{"target": 0.6463688258184356, "params": {"eta": 1.0, "max_depth": 2.7413258126356927, "n_estimators": 1.3859455702274592}, "datetime": {"datetime": "2021-09-17 16:27:50", "elapsed": 2458.338861, "delta": 13.360141}}
{"target": 0.8065524420564166, "params": {"eta": 0.8796262969901675, "max_depth": 5.08108495373267, "n_estimators": 5.9570543559034554}, "datetime": {"datetime": "2021-09-17 16:27:57", "elapsed": 2465.635481, "delta": 7.29662}}
{"target": 0.7663736849030773, "params": {"eta": 0.6452939948427747, "max_depth": 4.292941283763566, "n_estimators": 5.137064962944304}, "datetime": {"datetime": "2021-09-17 16:28:08", "elapsed": 2477.0148, "delta": 11.379319}}
{"target": 0.7861873397822787, "params": {"eta": 0.28343253564200255, "max_depth": 9.022283274753253, "n_estimators": 8.677323368516383}, "datetime": {"datetime": "2021-09-17 16:28:20", "elapsed": 2488.712462, "delta": 11.697662}}
{"target": 0.6660764482437479, "params": {"eta": 0.7426129476298763, "max_depth": 4.293997277634945, "n_estimators": 2.335581718068071}, "datetime": {"datetime": "2021-09-17 16:28:32", "elapsed": 2500.96855, "delta": 12.256088}}
{"target": 0.14725482315430793, "params": {"eta": 0.21029490332552347, "max_depth": 5.721839493444905, "n_estimators": 5.04302977464484}, "datetime": {"datetime": "2021-09-17 16:28:37", "elapsed": 2505.467214, "delta": 4.498664}}
{"target": 0.7511540537978727, "params": {"eta": 1.0, "max_depth": 7.281543051592406, "n_estimators": 3.532849435552131}, "datetime": {"datetime": "2021-09-17 16:28:49", "elapsed": 2517.439938, "delta": 11.972724}}
{"target": 0.7742751404420586, "params": {"eta": 0.6359130278226551, "max_depth": 2.695298219466177, "n_estimators": 8.347674304735413}, "datetime": {"datetime": "2021-09-17 16:28:56", "elapsed": 2525.033865, "delta": 7.593927}}
{"target": 0.6978886646519895, "params": {"eta": 0.6103246506180027, "max_depth": 2.6360386152900017, "n_estimators": 3.9552503900109}, "datetime": {"datetime": "2021-09-17 16:29:06", "elapsed": 2534.453064, "delta": 9.419199}}
{"target": 0.7341123056212094, "params": {"eta": 1.0, "max_depth": 6.146315792273392, "n_estimators": 9.751710310806354}, "datetime": {"datetime": "2021-09-17 16:29:14", "elapsed": 2542.302775, "delta": 7.849711}}
{"target": 0.7714821673166068, "params": {"eta": 0.9822537504931963, "max_depth": 5.647975802136879, "n_estimators": 9.180057408922222}, "datetime": {"datetime": "2021-09-17 16:29:24", "elapsed": 2552.599603, "delta": 10.296828}}
{"target": 0.7483155299319413, "params": {"eta": 0.9990151375022611, "max_depth": 9.068111740289652, "n_estimators": 2.69033865031491}, "datetime": {"datetime": "2021-09-17 16:29:40", "elapsed": 2568.525839, "delta": 15.926236}}
{"target": 0.7089793895370029, "params": {"eta": 0.9917972796637261, "max_depth": 1.964808545247768, "n_estimators": 8.618612277156736}, "datetime": {"datetime": "2021-09-17 16:29:48", "elapsed": 2576.327085, "delta": 7.801246}}
{"target": 0.7334903055039663, "params": {"eta": 0.8062453628625775, "max_depth": 7.486733385729212, "n_estimators": 5.80715658375192}, "datetime": {"datetime": "2021-09-17 16:30:04", "elapsed": 2592.4063, "delta": 16.079215}}
{"target": -1.415286739029196, "params": {"eta": 0.4228517846555483, "max_depth": 7.482920440979423, "n_estimators": 1.001029373356104}, "datetime": {"datetime": "2021-09-17 17:39:19", "elapsed": 0.0, "delta": 0.0}}
{"target": -2.228237655385987, "params": {"eta": 0.30930924690552136, "max_depth": 2.3208030173540175, "n_estimators": 1.8310473529191802}, "datetime": {"datetime": "2021-09-17 17:39:19", "elapsed": 0.026004, "delta": 0.026004}}
{"target": -0.359702337829249, "params": {"eta": 0.1943976092638942, "max_depth": 4.11004654338743, "n_estimators": 4.570907268076029}, "datetime": {"datetime": "2021-09-17 17:39:19", "elapsed": 0.058002, "delta": 0.031998}}
{"target": 0.8093012513495245, "params": {"eta": 0.5434285666633234, "max_depth": 4.772750629629654, "n_estimators": 7.166975503570836}, "datetime": {"datetime": "2021-09-17 17:39:19", "elapsed": 0.092001, "delta": 0.033999}}
{"target": -3.0029783003322246, "params": {"eta": 0.21240772723420226, "max_depth": 8.90305692751851, "n_estimators": 1.2464883387813355}, "datetime": {"datetime": "2021-09-17 17:39:19", "elapsed": 0.112998, "delta": 0.020997}}
{"target": 0.7779355680771014, "params": {"eta": 0.6737628350766182, "max_depth": 4.755743221304143, "n_estimators": 6.028208456011765}, "datetime": {"datetime": "2021-09-17 17:39:19", "elapsed": 0.144, "delta": 0.031002}}
{"target": 0.21554481867414743, "params": {"eta": 0.14898306920928145, "max_depth": 2.782913401763909, "n_estimators": 8.206701118079831}, "datetime": {"datetime": "2021-09-17 17:39:19", "elapsed": 0.173002, "delta": 0.029002}}
{"target": 0.8014772363599529, "params": {"eta": 0.9685789599622036, "max_depth": 3.8208176034331855, "n_estimators": 7.230903541023826}, "datetime": {"datetime": "2021-09-17 17:39:20", "elapsed": 0.202002, "delta": 0.029}}
{"target": 0.7589153849289856, "params": {"eta": 1.0, "max_depth": 8.394548759981477, "n_estimators": 10.0}, "datetime": {"datetime": "2021-09-17 17:39:20", "elapsed": 0.547003, "delta": 0.345001}}
{"target": 0.7388542172490171, "params": {"eta": 1.0, "max_depth": 10.0, "n_estimators": 7.5117037674702445}, "datetime": {"datetime": "2021-09-17 17:39:20", "elapsed": 0.930002, "delta": 0.382999}}
{"target": 0.7572151586168977, "params": {"eta": 1.0, "max_depth": 7.454137006322252, "n_estimators": 7.083794958873287}, "datetime": {"datetime": "2021-09-17 17:39:21", "elapsed": 1.299001, "delta": 0.368999}}
{"target": 0.7947878224637659, "params": {"eta": 1.0, "max_depth": 5.16477214718756, "n_estimators": 10.0}, "datetime": {"datetime": "2021-09-17 17:39:21", "elapsed": 1.714, "delta": 0.414999}}
{"target": -4.0541145165847405, "params": {"eta": 0.01, "max_depth": 10.0, "n_estimators": 10.0}, "datetime": {"datetime": "2021-09-17 17:39:22", "elapsed": 2.210042, "delta": 0.496042}}
{"target": 0.7341123056212094, "params": {"eta": 1.0, "max_depth": 6.912005200555131, "n_estimators": 9.100506551761034}, "datetime": {"datetime": "2021-09-17 17:39:22", "elapsed": 3.182162, "delta": 0.97212}}
{"target": 0.742262674698396, "params": {"eta": 1.0, "max_depth": 9.37920462042873, "n_estimators": 5.652477411350355}, "datetime": {"datetime": "2021-09-17 17:39:23", "elapsed": 3.723287, "delta": 0.541125}}
{"target": -4.539225082713517, "params": {"eta": 0.01, "max_depth": 7.028004079022273, "n_estimators": 5.213982438937073}, "datetime": {"datetime": "2021-09-17 17:39:24", "elapsed": 4.313905, "delta": 0.590618}}
{"target": 0.7582765895449579, "params": {"eta": 1.0, "max_depth": 8.386182699897109, "n_estimators": 8.17494967049102}, "datetime": {"datetime": "2021-09-17 17:39:24", "elapsed": 4.790949, "delta": 0.477044}}
{"target": 0.7846370741753156, "params": {"eta": 1.0, "max_depth": 3.1531452576581356, "n_estimators": 10.0}, "datetime": {"datetime": "2021-09-17 17:39:25", "elapsed": 5.341729, "delta": 0.55078}}
{"target": 0.7119100761012043, "params": {"eta": 1.0, "max_depth": 1.0, "n_estimators": 10.0}, "datetime": {"datetime": "2021-09-17 17:39:25", "elapsed": 5.848338, "delta": 0.506609}}
{"target": 0.683330437699961, "params": {"eta": 1.0, "max_depth": 1.0, "n_estimators": 6.5519504325033315}, "datetime": {"datetime": "2021-09-17 17:39:26", "elapsed": 6.219334, "delta": 0.370996}}
{"target": -4.54837803754386, "params": {"eta": 0.01, "max_depth": 2.516189539412841, "n_estimators": 5.962600165197661}, "datetime": {"datetime": "2021-09-17 17:39:26", "elapsed": 6.594331, "delta": 0.374997}}
{"target": 0.7806514688399577, "params": {"eta": 1.0, "max_depth": 4.267407720869502, "n_estimators": 8.717982684247193}, "datetime": {"datetime": "2021-09-17 17:39:26", "elapsed": 7.027154, "delta": 0.432823}}
{"target": 0.7172211498993863, "params": {"eta": 0.9571669806725023, "max_depth": 1.1551559934202702, "n_estimators": 8.08166508490522}, "datetime": {"datetime": "2021-09-17 17:39:27", "elapsed": 7.373152, "delta": 0.345998}}
{"target": -1.3447874288361992, "params": {"eta": 0.06420136765452564, "max_depth": 5.913404198417612, "n_estimators": 8.530529811173656}, "datetime": {"datetime": "2021-09-17 17:39:27", "elapsed": 7.814155, "delta": 0.441003}}
{"target": -4.438288178974261, "params": {"eta": 0.01, "max_depth": 10.0, "n_estimators": 6.448649629852982}, "datetime": {"datetime": "2021-09-17 17:39:28", "elapsed": 8.220154, "delta": 0.405999}}
{"target": 0.7662601423143494, "params": {"eta": 0.98949167265704, "max_depth": 3.9248598629931517, "n_estimators": 7.2934759924827635}, "datetime": {"datetime": "2021-09-17 17:39:28", "elapsed": 8.364156, "delta": 0.144002}}
{"target": 0.6879896624704895, "params": {"eta": 0.9618593866484857, "max_depth": 1.9811113896849917, "n_estimators": 9.156632018767677}, "datetime": {"datetime": "2021-09-17 17:39:28", "elapsed": 8.853155, "delta": 0.488999}}
{"target": -0.2851750630223384, "params": {"eta": 0.09469087079144034, "max_depth": 4.056119251105341, "n_estimators": 9.779976875087918}, "datetime": {"datetime": "2021-09-17 17:39:29", "elapsed": 9.237698, "delta": 0.384543}}
{"target": -3.1647445571698, "params": {"eta": 0.02488823910711399, "max_depth": 1.0908728970442103, "n_estimators": 9.171552213319133}, "datetime": {"datetime": "2021-09-17 17:39:29", "elapsed": 9.620697, "delta": 0.382999}}
{"target": 0.7799277177055814, "params": {"eta": 1.0, "max_depth": 3.13626475188254, "n_estimators": 8.888471607835863}, "datetime": {"datetime": "2021-09-17 17:39:29", "elapsed": 10.046698, "delta": 0.426001}}
{"target": 0.8210384246356246, "params": {"eta": 0.387327371192694, "max_depth": 7.935443404990602, "n_estimators": 9.10315748518061}, "datetime": {"datetime": "2021-09-17 17:39:30", "elapsed": 10.5047, "delta": 0.458002}}
{"target": 0.8160608348178151, "params": {"eta": 0.5659292200138509, "max_depth": 7.232109168406436, "n_estimators": 9.994764465731889}, "datetime": {"datetime": "2021-09-17 17:39:30", "elapsed": 10.958467, "delta": 0.453767}}
{"target": 0.7454291117837446, "params": {"eta": 1.0, "max_depth": 9.58373198811846, "n_estimators": 4.371058208242035}, "datetime": {"datetime": "2021-09-17 17:39:31", "elapsed": 11.575463, "delta": 0.616996}}
{"target": 0.7942577392161377, "params": {"eta": 0.9943823062409326, "max_depth": 5.981987417010741, "n_estimators": 7.077704802291486}, "datetime": {"datetime": "2021-09-17 17:39:31", "elapsed": 12.040462, "delta": 0.464999}}
{"target": 0.6329085524532094, "params": {"eta": 1.0, "max_depth": 5.0609186349762805, "n_estimators": 1.0}, "datetime": {"datetime": "2021-09-17 17:39:32", "elapsed": 12.499463, "delta": 0.459001}}
{"target": 0.7500827879786587, "params": {"eta": 1.0, "max_depth": 5.167263394609284, "n_estimators": 2.4841660835394}, "datetime": {"datetime": "2021-09-17 17:39:32", "elapsed": 12.95946, "delta": 0.459997}}
{"target": -4.846639496632115, "params": {"eta": 0.02011297163148489, "max_depth": 5.5387682848704936, "n_estimators": 1.7951063522292976}, "datetime": {"datetime": "2021-09-17 17:39:33", "elapsed": 13.536464, "delta": 0.577004}}
{"target": 0.7571278127596985, "params": {"eta": 1.0, "max_depth": 7.288101416215071, "n_estimators": 8.090259894186136}, "datetime": {"datetime": "2021-09-17 17:39:33", "elapsed": 14.039462, "delta": 0.502998}}
{"target": 0.7683362113140478, "params": {"eta": 1.0, "max_depth": 4.360162185135308, "n_estimators": 3.2065880559419653}, "datetime": {"datetime": "2021-09-17 17:39:34", "elapsed": 14.522637, "delta": 0.483175}}
{"target": 0.7341003453320659, "params": {"eta": 1.0, "max_depth": 2.21342100589065, "n_estimators": 7.7320062990370575}, "datetime": {"datetime": "2021-09-17 17:39:34", "elapsed": 14.878775, "delta": 0.356138}}
{"target": 0.6329085524532094, "params": {"eta": 1.0, "max_depth": 4.102421924051958, "n_estimators": 1.9000735659167853}, "datetime": {"datetime": "2021-09-17 17:39:35", "elapsed": 15.338433, "delta": 0.459658}}
{"target": -1.613958628994899, "params": {"eta": 0.14586714059062986, "max_depth": 9.978113958054237, "n_estimators": 3.5988410842113088}, "datetime": {"datetime": "2021-09-17 17:39:35", "elapsed": 15.703432, "delta": 0.364999}}
{"target": -4.339277197157583, "params": {"eta": 0.01, "max_depth": 7.860921188626102, "n_estimators": 7.753968479010329}, "datetime": {"datetime": "2021-09-17 17:39:35", "elapsed": 16.10943, "delta": 0.405998}}
{"target": 0.7422500938967571, "params": {"eta": 1.0, "max_depth": 9.431108583584562, "n_estimators": 8.43527467363739}, "datetime": {"datetime": "2021-09-17 17:39:36", "elapsed": 16.561429, "delta": 0.451999}}
{"target": 0.7649090388878759, "params": {"eta": 1.0, "max_depth": 5.408857562796948, "n_estimators": 3.6872853511650376}, "datetime": {"datetime": "2021-09-17 17:39:36", "elapsed": 17.039428, "delta": 0.477999}}
{"target": 0.7567831536963845, "params": {"eta": 1.0, "max_depth": 8.688732890413247, "n_estimators": 4.859945983444357}, "datetime": {"datetime": "2021-09-17 17:39:37", "elapsed": 17.416432, "delta": 0.377004}}
{"target": 0.6685074400449509, "params": {"eta": 1.0, "max_depth": 1.0, "n_estimators": 3.967795948101418}, "datetime": {"datetime": "2021-09-17 17:39:37", "elapsed": 17.805431, "delta": 0.388999}}
{"target": -4.7584086522985425, "params": {"eta": 0.01, "max_depth": 1.0, "n_estimators": 3.3905317753630713}, "datetime": {"datetime": "2021-09-17 17:39:37", "elapsed": 18.197428, "delta": 0.391997}}
{"target": -4.338465958257554, "params": {"eta": 0.01, "max_depth": 4.051640026777344, "n_estimators": 7.989773992053341}, "datetime": {"datetime": "2021-09-17 17:39:38", "elapsed": 18.667432, "delta": 0.470004}}
{"target": 0.7590694510178495, "params": {"eta": 1.0, "max_depth": 8.536301052542644, "n_estimators": 9.062705981842836}, "datetime": {"datetime": "2021-09-17 17:39:39", "elapsed": 19.230236, "delta": 0.562804}}
{"target": 0.75960645604437, "params": {"eta": 1.0, "max_depth": 7.701453405499866, "n_estimators": 9.450758603913645}, "datetime": {"datetime": "2021-09-17 17:39:39", "elapsed": 19.713194, "delta": 0.482958}}
{"target": 0.8009749043562968, "params": {"eta": 1.0, "max_depth": 5.176389253532046, "n_estimators": 6.666077082723883}, "datetime": {"datetime": "2021-09-17 17:39:40", "elapsed": 20.246457, "delta": 0.533263}}
{"target": 0.6992594803952312, "params": {"eta": 1.0, "max_depth": 1.0, "n_estimators": 5.050245538356207}, "datetime": {"datetime": "2021-09-17 17:39:40", "elapsed": 20.669378, "delta": 0.422921}}
{"target": 0.42704776625105667, "params": {"eta": 0.14925310966318742, "max_depth": 6.022734492341369, "n_estimators": 9.975596291738999}, "datetime": {"datetime": "2021-09-17 17:39:40", "elapsed": 21.103657, "delta": 0.434279}}
{"target": 0.7892660769169526, "params": {"eta": 1.0, "max_depth": 5.089681961107257, "n_estimators": 4.882272028285652}, "datetime": {"datetime": "2021-09-17 17:39:41", "elapsed": 21.412656, "delta": 0.308999}}
{"target": 0.6433649151003584, "params": {"eta": 1.0, "max_depth": 3.880261919481864, "n_estimators": 1.0}, "datetime": {"datetime": "2021-09-17 17:39:41", "elapsed": 21.856655, "delta": 0.443999}}
{"target": 0.7577490929942254, "params": {"eta": 1.0, "max_depth": 8.375733451857407, "n_estimators": 3.5411103082389386}, "datetime": {"datetime": "2021-09-17 17:39:42", "elapsed": 22.224186, "delta": 0.367531}}
{"target": 0.7511540537978727, "params": {"eta": 1.0, "max_depth": 7.072647681803243, "n_estimators": 3.1825453250586935}, "datetime": {"datetime": "2021-09-17 17:39:42", "elapsed": 22.575181, "delta": 0.350995}}
{"target": 0.7733206116833531, "params": {"eta": 1.0, "max_depth": 2.1308507463426016, "n_estimators": 10.0}, "datetime": {"datetime": "2021-09-17 17:39:42", "elapsed": 23.025198, "delta": 0.450017}}
{"target": 0.7164257850260478, "params": {"eta": 1.0, "max_depth": 3.03554182750565, "n_estimators": 3.74436976592268}, "datetime": {"datetime": "2021-09-17 17:39:43", "elapsed": 23.479195, "delta": 0.453997}}
{"target": 0.6934965317814836, "params": {"eta": 0.996106697512936, "max_depth": 2.02810861230854, "n_estimators": 4.434864274091131}, "datetime": {"datetime": "2021-09-17 17:39:43", "elapsed": 23.899194, "delta": 0.419999}}
{"target": -4.0541145165847405, "params": {"eta": 0.01, "max_depth": 8.031678062370114, "n_estimators": 10.0}, "datetime": {"datetime": "2021-09-17 17:39:44", "elapsed": 24.307885, "delta": 0.408691}}
{"target": 0.766886924258545, "params": {"eta": 0.9791237935432623, "max_depth": 6.473129518521666, "n_estimators": 9.928590427256175}, "datetime": {"datetime": "2021-09-17 17:39:44", "elapsed": 24.956692, "delta": 0.648807}}
{"target": -2.173113661721284, "params": {"eta": 0.05799553734468029, "max_depth": 5.523744813116587, "n_estimators": 6.47162108289549}, "datetime": {"datetime": "2021-09-17 17:39:45", "elapsed": 25.508695, "delta": 0.552003}}
{"target": 0.7727210382037252, "params": {"eta": 1.0, "max_depth": 4.217107225284151, "n_estimators": 6.520967470547571}, "datetime": {"datetime": "2021-09-17 17:39:45", "elapsed": 26.027694, "delta": 0.518999}}
{"target": 0.7949167839301217, "params": {"eta": 0.990538503854988, "max_depth": 5.197442272803172, "n_estimators": 7.82039338204324}, "datetime": {"datetime": "2021-09-17 17:39:46", "elapsed": 26.507694, "delta": 0.48}}
{"target": 0.7949894098636706, "params": {"eta": 1.0, "max_depth": 5.229364815831014, "n_estimators": 9.059115764699632}, "datetime": {"datetime": "2021-09-17 17:39:46", "elapsed": 26.985954, "delta": 0.47826}}
{"target": -0.1278928344293171, "params": {"eta": 0.154129987446771, "max_depth": 1.0, "n_estimators": 7.279742279225222}, "datetime": {"datetime": "2021-09-17 17:39:47", "elapsed": 27.517948, "delta": 0.531994}}
{"target": -4.481893873265379, "params": {"eta": 0.018560458846732915, "max_depth": 7.681388727194072, "n_estimators": 3.1690761821074203}, "datetime": {"datetime": "2021-09-17 17:39:47", "elapsed": 28.071951, "delta": 0.554003}}
{"target": 0.7472850061016996, "params": {"eta": 1.0, "max_depth": 6.158048605460793, "n_estimators": 3.0620346837586148}, "datetime": {"datetime": "2021-09-17 17:39:48", "elapsed": 28.598952, "delta": 0.527001}}
{"target": 0.7667730451273227, "params": {"eta": 0.9884474677709674, "max_depth": 8.353087134061454, "n_estimators": 6.1873052584496815}, "datetime": {"datetime": "2021-09-17 17:39:48", "elapsed": 29.067542, "delta": 0.46859}}
{"target": -4.575693123719905, "params": {"eta": 0.023338801135557523, "max_depth": 3.5670091962039887, "n_estimators": 2.970879979209112}, "datetime": {"datetime": "2021-09-17 17:39:49", "elapsed": 29.649294, "delta": 0.581752}}
{"target": 0.7695119482990421, "params": {"eta": 1.0, "max_depth": 4.04743846282573, "n_estimators": 5.211387678937973}, "datetime": {"datetime": "2021-09-17 17:39:49", "elapsed": 30.166294, "delta": 0.517}}
{"target": 0.4522557239459628, "params": {"eta": 1.0, "max_depth": 1.0, "n_estimators": 1.0}, "datetime": {"datetime": "2021-09-17 17:39:50", "elapsed": 30.784298, "delta": 0.618004}}
{"target": 0.28665030179883355, "params": {"eta": 0.13958036471214486, "max_depth": 2.760395947068259, "n_estimators": 9.905745427278053}, "datetime": {"datetime": "2021-09-17 17:39:51", "elapsed": 31.268787, "delta": 0.484489}}
{"target": 0.7768820465650499, "params": {"eta": 0.9693331720318424, "max_depth": 4.190554147408357, "n_estimators": 4.1529583968476995}, "datetime": {"datetime": "2021-09-17 17:39:51", "elapsed": 31.825787, "delta": 0.557}}
{"target": 0.7633188163952546, "params": {"eta": 0.9711008286132802, "max_depth": 4.135160707721809, "n_estimators": 9.969432438029834}, "datetime": {"datetime": "2021-09-17 17:39:52", "elapsed": 32.29431, "delta": 0.468523}}
{"target": 0.7606110497870101, "params": {"eta": 1.0, "max_depth": 8.964085400402315, "n_estimators": 7.1930908050267055}, "datetime": {"datetime": "2021-09-17 17:39:52", "elapsed": 32.885311, "delta": 0.591001}}
{"target": 0.735856892108592, "params": {"eta": 1.0, "max_depth": 6.322156186644537, "n_estimators": 7.965752452844571}, "datetime": {"datetime": "2021-09-17 17:39:53", "elapsed": 33.402332, "delta": 0.517021}}
{"target": 0.7438374957288227, "params": {"eta": 0.9832033886087959, "max_depth": 9.969552811623862, "n_estimators": 2.239551964682989}, "datetime": {"datetime": "2021-09-17 17:39:53", "elapsed": 33.892333, "delta": 0.490001}}
{"target": 0.7558756763853692, "params": {"eta": 0.995856921692018, "max_depth": 9.37634791491873, "n_estimators": 3.1079281842241637}, "datetime": {"datetime": "2021-09-17 17:39:54", "elapsed": 34.360958, "delta": 0.468625}}
{"target": 0.6987741064871507, "params": {"eta": 1.0, "max_depth": 3.1338289368083396, "n_estimators": 4.615050205653714}, "datetime": {"datetime": "2021-09-17 17:39:54", "elapsed": 34.872955, "delta": 0.511997}}
{"target": -4.450883465385101, "params": {"eta": 0.06251038831584117, "max_depth": 1.0497621217682973, "n_estimators": 1.0222946316962847}, "datetime": {"datetime": "2021-09-17 17:39:55", "elapsed": 35.377225, "delta": 0.50427}}
