{"target": -11.338390643086335, "params": {"eta": 0.1771212195685222, "max_depth": 11.093762636722754, "n_estimators": 21.122708470328515}, "datetime": {"datetime": "2021-09-27 18:46:31", "elapsed": 317.278721, "delta": 1.896234}}
{"target": -18.851791796559137, "params": {"eta": 0.9426874890818062, "max_depth": 11.441596383743589, "n_estimators": 46.84747791829372}, "datetime": {"datetime": "2021-09-27 18:46:33", "elapsed": 319.240953, "delta": 1.962232}}
{"target": -11.174520471260289, "params": {"eta": 0.3936893934186999, "max_depth": 8.849345197486818, "n_estimators": 38.411644117403185}, "datetime": {"datetime": "2021-09-27 18:46:35", "elapsed": 321.609909, "delta": 2.368956}}
{"target": -15.579450210307167, "params": {"eta": 0.7979714222283589, "max_depth": 13.334019310494845, "n_estimators": 8.569466404445839}, "datetime": {"datetime": "2021-09-27 18:46:38", "elapsed": 323.936523, "delta": 2.326614}}
{"target": -11.808147614318628, "params": {"eta": 0.4417710448413285, "max_depth": 6.758681794119933, "n_estimators": 32.86301551239157}, "datetime": {"datetime": "2021-09-27 18:46:40", "elapsed": 326.156921, "delta": 2.220398}}
{"target": -13.506467398225716, "params": {"eta": 0.09735737681790677, "max_depth": 10.52813388036623, "n_estimators": 22.243120573896473}, "datetime": {"datetime": "2021-09-27 18:46:42", "elapsed": 328.150042, "delta": 1.993121}}
{"target": -17.137525767993054, "params": {"eta": 0.9874731203622121, "max_depth": 19.243643288544607, "n_estimators": 20.379016890052974}, "datetime": {"datetime": "2021-09-27 18:46:45", "elapsed": 330.99883, "delta": 2.848788}}
{"target": -17.310229330915586, "params": {"eta": 1.0, "max_depth": 17.51637661531942, "n_estimators": 45.97063342672295}, "datetime": {"datetime": "2021-09-27 18:46:47", "elapsed": 333.220894, "delta": 2.222064}}
{"target": -35.651870624134325, "params": {"eta": 0.022610595754431407, "max_depth": 4.101473099131017, "n_estimators": 44.26107105643868}, "datetime": {"datetime": "2021-09-27 18:46:49", "elapsed": 335.639598, "delta": 2.418704}}
{"target": -17.768355193090688, "params": {"eta": 0.9985550474306369, "max_depth": 14.515724748693803, "n_estimators": 47.10675122261277}, "datetime": {"datetime": "2021-09-27 18:46:52", "elapsed": 337.912969, "delta": 2.273371}}
{"target": -18.971044007412544, "params": {"eta": 0.9432716627161528, "max_depth": 11.806359576947735, "n_estimators": 29.586775351874817}, "datetime": {"datetime": "2021-09-27 18:46:54", "elapsed": 340.374756, "delta": 2.461787}}
{"target": -94.12636063851606, "params": {"eta": 0.001, "max_depth": 24.295380737260583, "n_estimators": 35.446406310035286}, "datetime": {"datetime": "2021-09-27 18:46:56", "elapsed": 342.40224, "delta": 2.027484}}
{"target": -93.52026513857278, "params": {"eta": 0.001, "max_depth": 3.1510444170605987, "n_estimators": 41.7540009322031}, "datetime": {"datetime": "2021-09-27 18:46:58", "elapsed": 344.404399, "delta": 2.002159}}
{"target": -16.884811504496348, "params": {"eta": 0.9662914627689431, "max_depth": 10.463971908070725, "n_estimators": 21.51678658301801}, "datetime": {"datetime": "2021-09-27 18:47:00", "elapsed": 346.72198, "delta": 2.317581}}
{"target": -16.410214968579083, "params": {"eta": 0.853482322485035, "max_depth": 4.717879959558123, "n_estimators": 40.66193423942147}, "datetime": {"datetime": "2021-09-27 18:47:03", "elapsed": 349.253686, "delta": 2.531706}}
{"target": -16.616034248148313, "params": {"eta": 0.9650409721005451, "max_depth": 28.892825325451756, "n_estimators": 19.1901150563409}, "datetime": {"datetime": "2021-09-27 18:47:05", "elapsed": 351.540702, "delta": 2.287016}}
{"target": -95.63851311669866, "params": {"eta": 0.0010494178277527968, "max_depth": 29.943584998197153, "n_estimators": 18.573409451972953}, "datetime": {"datetime": "2021-09-27 18:47:07", "elapsed": 353.593398, "delta": 2.052696}}
{"target": -12.446838198093896, "params": {"eta": 0.11626532030658986, "max_depth": 3.8774678692534343, "n_estimators": 37.96913481208877}, "datetime": {"datetime": "2021-09-27 18:47:08", "elapsed": 354.83168, "delta": 1.238282}}
{"target": -13.480350590920043, "params": {"eta": 0.6368703141551013, "max_depth": 5.95535216595936, "n_estimators": 32.55876435917237}, "datetime": {"datetime": "2021-09-27 18:47:11", "elapsed": 356.910249, "delta": 2.078569}}
{"target": -34.94393530585908, "params": {"eta": 0.05960217014658602, "max_depth": 28.00629993431928, "n_estimators": 17.84878186978523}, "datetime": {"datetime": "2021-09-27 18:47:12", "elapsed": 358.863524, "delta": 1.953275}}
{"target": -14.653968732492324, "params": {"eta": 0.6788865109224169, "max_depth": 10.160198757838852, "n_estimators": 24.1759609495247}, "datetime": {"datetime": "2021-09-27 18:47:14", "elapsed": 360.023523, "delta": 1.159999}}
{"target": -13.628932797304593, "params": {"eta": 0.697383599314962, "max_depth": 4.075104113390541, "n_estimators": 44.07243681970747}, "datetime": {"datetime": "2021-09-27 18:47:15", "elapsed": 361.472523, "delta": 1.449}}
{"target": -15.149831265416552, "params": {"eta": 1.0, "max_depth": 3.5846919685484377, "n_estimators": 43.20539259730395}, "datetime": {"datetime": "2021-09-27 18:47:17", "elapsed": 363.418432, "delta": 1.945909}}
{"target": -14.544038605332943, "params": {"eta": 0.7391603374638409, "max_depth": 4.489813839195726, "n_estimators": 27.733565773282418}, "datetime": {"datetime": "2021-09-27 18:47:18", "elapsed": 364.826303, "delta": 1.407871}}
{"target": -13.150378365107738, "params": {"eta": 0.5522478901483177, "max_depth": 11.08036664635956, "n_estimators": 9.06909909880974}, "datetime": {"datetime": "2021-09-27 18:47:20", "elapsed": 366.730242, "delta": 1.903939}}
{"target": -10.923448861447485, "params": {"eta": 0.11444212587697437, "max_depth": 19.420991233092842, "n_estimators": 29.604073454938053}, "datetime": {"datetime": "2021-09-27 18:47:23", "elapsed": 369.821844, "delta": 3.091602}}
{"target": -11.275176273128872, "params": {"eta": 0.26026436651354534, "max_depth": 9.165602136589348, "n_estimators": 47.31216892603364}, "datetime": {"datetime": "2021-09-27 18:47:27", "elapsed": 372.889329, "delta": 3.067485}}
{"target": -11.832287665480678, "params": {"eta": 0.4247198881952738, "max_depth": 16.731292551328423, "n_estimators": 47.29965750664358}, "datetime": {"datetime": "2021-09-27 18:47:30", "elapsed": 375.929858, "delta": 3.040529}}
{"target": -14.57648818666194, "params": {"eta": 0.6572546398843926, "max_depth": 1.3852728095320619, "n_estimators": 24.777636323408526}, "datetime": {"datetime": "2021-09-27 18:47:33", "elapsed": 379.345255, "delta": 3.415397}}
{"target": -13.858891087329559, "params": {"eta": 0.11138480592202334, "max_depth": 27.655967563879408, "n_estimators": 19.62949775575197}, "datetime": {"datetime": "2021-09-27 18:47:36", "elapsed": 382.054883, "delta": 2.709628}}
{"target": -17.330114269499276, "params": {"eta": 1.0, "max_depth": 27.32107943441325, "n_estimators": 48.95363140101382}, "datetime": {"datetime": "2021-09-27 18:47:39", "elapsed": 385.391241, "delta": 3.336358}}
{"target": -15.341348140055194, "params": {"eta": 0.04310943151162872, "max_depth": 15.441737909203042, "n_estimators": 46.946079906797486}, "datetime": {"datetime": "2021-09-27 18:47:42", "elapsed": 387.992429, "delta": 2.601188}}
{"target": -93.19341208524877, "params": {"eta": 0.001, "max_depth": 27.494942863118002, "n_estimators": 45.07818297540763}, "datetime": {"datetime": "2021-09-27 18:47:44", "elapsed": 390.763063, "delta": 2.770634}}
{"target": -16.309927977589368, "params": {"eta": 0.9687522220963887, "max_depth": 27.20489974570697, "n_estimators": 46.28027990366129}, "datetime": {"datetime": "2021-09-27 18:47:47", "elapsed": 392.976824, "delta": 2.213761}}
{"target": -11.672945626841926, "params": {"eta": 0.39714062677394085, "max_depth": 5.369117542277122, "n_estimators": 42.39955400476552}, "datetime": {"datetime": "2021-09-27 18:47:50", "elapsed": 396.58422, "delta": 3.607396}}
{"target": -16.801572412718336, "params": {"eta": 0.9549681284039243, "max_depth": 23.977649009903146, "n_estimators": 39.8326632652005}, "datetime": {"datetime": "2021-09-27 18:47:53", "elapsed": 399.600589, "delta": 3.016369}}
{"target": -15.544983701151882, "params": {"eta": 0.8635205030612008, "max_depth": 24.862888806909726, "n_estimators": 44.56861305629606}, "datetime": {"datetime": "2021-09-27 18:47:56", "elapsed": 402.594033, "delta": 2.993444}}
{"target": -17.34217634534169, "params": {"eta": 1.0, "max_depth": 24.237690023319622, "n_estimators": 48.880181345004786}, "datetime": {"datetime": "2021-09-27 18:47:59", "elapsed": 405.00299, "delta": 2.408957}}
{"target": -17.329673077219514, "params": {"eta": 1.0, "max_depth": 25.224529193485186, "n_estimators": 37.45574377912353}, "datetime": {"datetime": "2021-09-27 18:48:01", "elapsed": 407.829235, "delta": 2.826245}}
{"target": -50.59383332126017, "params": {"eta": 0.04238993694422881, "max_depth": 27.498807593056732, "n_estimators": 15.06631778146951}, "datetime": {"datetime": "2021-09-27 18:48:04", "elapsed": 409.886169, "delta": 2.056934}}
{"target": -10.551328144503556, "params": {"eta": 0.20167134969808564, "max_depth": 24.74514209746227, "n_estimators": 27.692196701718423}, "datetime": {"datetime": "2021-09-27 18:48:06", "elapsed": 412.746321, "delta": 2.860152}}
{"target": -10.194212171400704, "params": {"eta": 0.14974520653010787, "max_depth": 26.858122149419945, "n_estimators": 47.0687261285824}, "datetime": {"datetime": "2021-09-27 18:48:09", "elapsed": 415.641042, "delta": 2.894721}}
{"target": -18.575515957727596, "params": {"eta": 0.06133393398138546, "max_depth": 23.419992187984732, "n_estimators": 28.031993575377943}, "datetime": {"datetime": "2021-09-27 18:48:11", "elapsed": 417.668297, "delta": 2.027255}}
{"target": -17.33939080149171, "params": {"eta": 1.0, "max_depth": 23.081032968751472, "n_estimators": 36.847359241079296}, "datetime": {"datetime": "2021-09-27 18:48:14", "elapsed": 420.587088, "delta": 2.918791}}
{"target": -96.10229533717526, "params": {"eta": 0.001, "max_depth": 24.99705521805419, "n_estimators": 14.722013133543093}, "datetime": {"datetime": "2021-09-27 18:48:17", "elapsed": 423.683533, "delta": 3.096445}}
{"target": -17.475286191675863, "params": {"eta": 0.9954891053762546, "max_depth": 19.647681240675993, "n_estimators": 29.421329221360036}, "datetime": {"datetime": "2021-09-27 18:48:20", "elapsed": 426.372315, "delta": 2.688782}}
{"target": -15.327739622320053, "params": {"eta": 0.8862411850075931, "max_depth": 26.11655087363776, "n_estimators": 16.445208805662986}, "datetime": {"datetime": "2021-09-27 18:48:23", "elapsed": 429.102447, "delta": 2.730132}}
{"target": -17.342226968005523, "params": {"eta": 1.0, "max_depth": 24.870150225394532, "n_estimators": 12.947508271547106}, "datetime": {"datetime": "2021-09-27 18:48:27", "elapsed": 433.021946, "delta": 3.919499}}
{"target": -11.467840305648943, "params": {"eta": 0.06586638053650043, "max_depth": 7.914844151136082, "n_estimators": 40.4714768777154}, "datetime": {"datetime": "2021-09-27 18:48:31", "elapsed": 437.647625, "delta": 4.625679}}
{"target": -9.989126799409318, "params": {"eta": 0.12726567095661492, "max_depth": 15.960151586011365, "n_estimators": 36.77990573838639}, "datetime": {"datetime": "2021-09-27 18:48:35", "elapsed": 441.201381, "delta": 3.553756}}
{"target": -92.91529144722934, "params": {"eta": 0.001, "max_depth": 8.201671631089127, "n_estimators": 48.800972071904596}, "datetime": {"datetime": "2021-09-27 18:48:39", "elapsed": 445.035718, "delta": 3.834337}}
{"target": -16.892080232322545, "params": {"eta": 0.9789497639066158, "max_depth": 25.88730651777051, "n_estimators": 13.731517594936324}, "datetime": {"datetime": "2021-09-27 18:48:41", "elapsed": 447.820223, "delta": 2.784505}}
{"target": -58.10154985997605, "params": {"eta": 0.010893237202091236, "max_depth": 10.116701866250622, "n_estimators": 47.00529141812454}, "datetime": {"datetime": "2021-09-27 18:48:46", "elapsed": 452.041405, "delta": 4.221182}}
{"target": -14.071877511127747, "params": {"eta": 0.7875838915824227, "max_depth": 8.416888247195608, "n_estimators": 46.816626878231205}, "datetime": {"datetime": "2021-09-27 18:48:49", "elapsed": 455.407279, "delta": 3.365874}}
{"target": -16.404976197555854, "params": {"eta": 0.9702234537955161, "max_depth": 16.38194742563784, "n_estimators": 37.5061210012097}, "datetime": {"datetime": "2021-09-27 18:48:54", "elapsed": 460.057917, "delta": 4.650638}}
{"target": -56.56458078069701, "params": {"eta": 0.013784562700696067, "max_depth": 9.911547055897865, "n_estimators": 39.02211529268166}, "datetime": {"datetime": "2021-09-27 18:48:56", "elapsed": 462.809978, "delta": 2.752061}}
{"target": -14.53493520761028, "params": {"eta": 0.05312514044169843, "max_depth": 7.722084936995355, "n_estimators": 39.43831060086365}, "datetime": {"datetime": "2021-09-27 18:49:00", "elapsed": 466.19028, "delta": 3.380302}}
{"target": -16.333805553539168, "params": {"eta": 0.981657156227624, "max_depth": 29.875691902996376, "n_estimators": 16.781315581579854}, "datetime": {"datetime": "2021-09-27 18:49:05", "elapsed": 471.659013, "delta": 5.468733}}
{"target": -31.34580989210363, "params": {"eta": 0.12044253647202703, "max_depth": 12.316504641274157, "n_estimators": 9.377262240320432}, "datetime": {"datetime": "2021-09-27 18:49:10", "elapsed": 476.463312, "delta": 4.804299}}
{"target": -15.13508714208204, "params": {"eta": 0.7989297877509417, "max_depth": 9.45191324472692, "n_estimators": 47.94608718139761}, "datetime": {"datetime": "2021-09-27 18:49:14", "elapsed": 480.347162, "delta": 3.88385}}
{"target": -94.31404132234846, "params": {"eta": 0.001, "max_depth": 5.190663833616803, "n_estimators": 33.36746443082014}, "datetime": {"datetime": "2021-09-27 18:49:19", "elapsed": 485.23094, "delta": 4.883778}}
{"target": -94.68896963272037, "params": {"eta": 0.001, "max_depth": 20.79942943181943, "n_estimators": 29.83665396126154}, "datetime": {"datetime": "2021-09-27 18:49:21", "elapsed": 487.61132, "delta": 2.38038}}
{"target": -10.343047044859633, "params": {"eta": 0.12142370200402378, "max_depth": 19.446384152822286, "n_estimators": 28.552443467502105}, "datetime": {"datetime": "2021-09-27 18:49:25", "elapsed": 490.975553, "delta": 3.364233}}
{"target": -15.815878901636324, "params": {"eta": 0.8944593818742319, "max_depth": 25.990029718354613, "n_estimators": 39.40171044185198}, "datetime": {"datetime": "2021-09-27 18:49:28", "elapsed": 494.301568, "delta": 3.326015}}
{"target": -14.988294787955002, "params": {"eta": 0.8885397761316793, "max_depth": 9.31870058929069, "n_estimators": 40.18213607418023}, "datetime": {"datetime": "2021-09-27 18:49:32", "elapsed": 497.958416, "delta": 3.656848}}
{"target": -16.489960994484886, "params": {"eta": 1.0, "max_depth": 6.752502021734872, "n_estimators": 33.64596570341838}, "datetime": {"datetime": "2021-09-27 18:49:36", "elapsed": 502.711515, "delta": 4.753099}}
{"target": -17.605501551384332, "params": {"eta": 0.9482665398851995, "max_depth": 27.05013623244918, "n_estimators": 6.289534961577626}, "datetime": {"datetime": "2021-09-27 18:49:38", "elapsed": 504.649008, "delta": 1.937493}}
{"target": -14.76263247860577, "params": {"eta": 0.6620349128862243, "max_depth": 27.884911205714907, "n_estimators": 46.66949621126706}, "datetime": {"datetime": "2021-09-27 18:49:41", "elapsed": 507.16766, "delta": 2.518652}}
{"target": -11.818927838464377, "params": {"eta": 0.4288135271186688, "max_depth": 22.540427422912167, "n_estimators": 30.13367786779458}, "datetime": {"datetime": "2021-09-27 18:49:44", "elapsed": 510.369363, "delta": 3.201703}}
{"target": -15.82716425336066, "params": {"eta": 0.8853309212810901, "max_depth": 19.534912111290353, "n_estimators": 30.720595276168957}, "datetime": {"datetime": "2021-09-27 18:49:47", "elapsed": 512.996585, "delta": 2.627222}}
{"target": -18.64786613490131, "params": {"eta": 0.9414707492930898, "max_depth": 24.41626081815318, "n_estimators": 27.3706083716632}, "datetime": {"datetime": "2021-09-27 18:49:49", "elapsed": 515.684902, "delta": 2.688317}}
{"target": -14.74227410176208, "params": {"eta": 0.8971275177920836, "max_depth": 4.53719522534994, "n_estimators": 42.38080455329715}, "datetime": {"datetime": "2021-09-27 18:49:53", "elapsed": 519.00409, "delta": 3.319188}}
{"target": -13.452319512480942, "params": {"eta": 0.5969774026905537, "max_depth": 8.385993807096952, "n_estimators": 8.87213080229925}, "datetime": {"datetime": "2021-09-27 18:49:56", "elapsed": 522.134033, "delta": 3.129943}}
{"target": -17.19386115290166, "params": {"eta": 1.0, "max_depth": 11.161182754964942, "n_estimators": 45.93065825809867}, "datetime": {"datetime": "2021-09-27 18:50:00", "elapsed": 526.814869, "delta": 4.680836}}
{"target": -17.367204957636233, "params": {"eta": 1.0, "max_depth": 21.82478717999972, "n_estimators": 48.91019724056278}, "datetime": {"datetime": "2021-09-27 18:50:05", "elapsed": 531.395552, "delta": 4.580683}}
{"target": -15.460712394323615, "params": {"eta": 0.6643811357714688, "max_depth": 18.26472416956624, "n_estimators": 42.218674522393414}, "datetime": {"datetime": "2021-09-27 18:50:08", "elapsed": 534.231451, "delta": 2.835899}}
{"target": -17.86424428570071, "params": {"eta": 0.9982487958717902, "max_depth": 14.403066156132478, "n_estimators": 9.582044841964668}, "datetime": {"datetime": "2021-09-27 18:50:11", "elapsed": 537.022044, "delta": 2.790593}}
{"target": -15.121333082724059, "params": {"eta": 0.7329038935816509, "max_depth": 10.281023069245881, "n_estimators": 41.17520932485286}, "datetime": {"datetime": "2021-09-27 18:50:14", "elapsed": 540.615324, "delta": 3.59328}}
{"target": -12.217370907069807, "params": {"eta": 0.6237549899439228, "max_depth": 3.1283069979646223, "n_estimators": 24.876415064276912}, "datetime": {"datetime": "2021-09-27 18:50:16", "elapsed": 542.758354, "delta": 2.14303}}
{"target": -14.249580910439064, "params": {"eta": 0.9292511752379744, "max_depth": 2.2395171512753653, "n_estimators": 24.1810628788549}, "datetime": {"datetime": "2021-09-27 18:50:21", "elapsed": 547.368516, "delta": 4.610162}}
{"target": -15.019964440409153, "params": {"eta": 0.6893420111725027, "max_depth": 19.195315524131512, "n_estimators": 7.562648768979672}, "datetime": {"datetime": "2021-09-27 18:50:23", "elapsed": 549.376042, "delta": 2.007526}}
{"target": -13.385473815684762, "params": {"eta": 0.5674525034510588, "max_depth": 4.232194599973843, "n_estimators": 26.89813998087485}, "datetime": {"datetime": "2021-09-27 18:50:25", "elapsed": 551.683422, "delta": 2.30738}}
{"target": -93.28629933697623, "params": {"eta": 0.001, "max_depth": 24.20486328303436, "n_estimators": 44.24223866225041}, "datetime": {"datetime": "2021-09-27 18:50:28", "elapsed": 554.738958, "delta": 3.055536}}
{"target": -10.801622801764536, "params": {"eta": 0.11089602124649442, "max_depth": 19.827609184190553, "n_estimators": 28.74932639199821}, "datetime": {"datetime": "2021-09-27 18:50:31", "elapsed": 557.755386, "delta": 3.016428}}
{"target": -14.006959012459355, "params": {"eta": 0.5870143394529209, "max_depth": 26.45773129025782, "n_estimators": 23.452815876584708}, "datetime": {"datetime": "2021-09-27 18:50:34", "elapsed": 560.277019, "delta": 2.521633}}
{"target": -17.36369940623479, "params": {"eta": 0.9975404720674887, "max_depth": 17.197796826616727, "n_estimators": 14.41089853948159}, "datetime": {"datetime": "2021-09-27 18:50:36", "elapsed": 562.440279, "delta": 2.16326}}
{"target": -69.70547371718855, "params": {"eta": 0.008320052299875657, "max_depth": 8.79150036664629, "n_estimators": 40.80844683442582}, "datetime": {"datetime": "2021-09-27 18:50:40", "elapsed": 566.479799, "delta": 4.03952}}
{"target": -15.449695599426935, "params": {"eta": 0.765476902232725, "max_depth": 22.872260516451416, "n_estimators": 49.38317203653508}, "datetime": {"datetime": "2021-09-27 18:50:43", "elapsed": 569.355002, "delta": 2.875203}}
{"target": -13.099256203304973, "params": {"eta": 0.968343797179115, "max_depth": 2.117133641210949, "n_estimators": 27.595429617598292}, "datetime": {"datetime": "2021-09-27 18:50:46", "elapsed": 572.338209, "delta": 2.983207}}
{"target": -93.65875255865058, "params": {"eta": 0.001, "max_depth": 6.983838887491972, "n_estimators": 40.47979301026588}, "datetime": {"datetime": "2021-09-27 18:50:49", "elapsed": 575.422842, "delta": 3.084633}}
{"target": -11.31214740719433, "params": {"eta": 0.3529444390690486, "max_depth": 4.364474024855363, "n_estimators": 17.300767083612385}, "datetime": {"datetime": "2021-09-27 18:50:51", "elapsed": 577.76177, "delta": 2.338928}}
{"target": -11.340824127374233, "params": {"eta": 0.2520392579283497, "max_depth": 24.97155979812842, "n_estimators": 26.74426025975223}, "datetime": {"datetime": "2021-09-27 18:50:55", "elapsed": 581.335868, "delta": 3.574098}}
{"target": -10.31100029510581, "params": {"eta": 0.13257856542072494, "max_depth": 26.906886489105883, "n_estimators": 47.067665592999774}, "datetime": {"datetime": "2021-09-27 18:50:58", "elapsed": 584.636192, "delta": 3.300324}}
{"target": -14.589580670259092, "params": {"eta": 0.6793647138069187, "max_depth": 7.662502069761097, "n_estimators": 38.758670644039086}, "datetime": {"datetime": "2021-09-27 18:51:01", "elapsed": 587.47351, "delta": 2.837318}}
{"target": -12.773394293476168, "params": {"eta": 0.5006044321529843, "max_depth": 24.01976409865513, "n_estimators": 26.799644882565666}, "datetime": {"datetime": "2021-09-27 18:51:03", "elapsed": 589.723718, "delta": 2.250208}}
{"target": -12.478796735315674, "params": {"eta": 0.5240963964486073, "max_depth": 10.214629577578021, "n_estimators": 12.55546297789411}, "datetime": {"datetime": "2021-09-27 18:51:06", "elapsed": 592.003869, "delta": 2.280151}}
{"target": -15.889392671277616, "params": {"eta": 0.9020512884258886, "max_depth": 26.21511431754616, "n_estimators": 24.130017512364233}, "datetime": {"datetime": "2021-09-27 18:51:09", "elapsed": 595.527065, "delta": 3.523196}}
