{"target": -2.234049886778781, "params": {"eta": 0.18231243741860673, "max_depth": 12.929573350936334, "n_estimators": 26.368715338991848}, "datetime": {"datetime": "2021-09-17 13:58:21", "elapsed": 14.334173, "delta": 0.308004}}
{"target": -2.393322245698226, "params": {"eta": 0.2, "max_depth": 13.155797254975152, "n_estimators": 26.010694226366805}, "datetime": {"datetime": "2021-09-17 13:58:22", "elapsed": 14.985169, "delta": 0.650996}}
{"target": -2.393322245698226, "params": {"eta": 0.2, "max_depth": 13.271446166148921, "n_estimators": 26.626972300924006}, "datetime": {"datetime": "2021-09-17 13:58:23", "elapsed": 15.630458, "delta": 0.645289}}
{"target": -3.2733034240572074, "params": {"eta": 0.09472911970138657, "max_depth": 12.904040685750317, "n_estimators": 24.04233258408854}, "datetime": {"datetime": "2021-09-17 13:58:23", "elapsed": 15.892455, "delta": 0.261997}}
{"target": -2.3501459724024722, "params": {"eta": 0.2, "max_depth": 12.53901073902544, "n_estimators": 26.152887167414256}, "datetime": {"datetime": "2021-09-17 13:58:24", "elapsed": 16.553456, "delta": 0.661001}}
{"target": -2.375900459916968, "params": {"eta": 0.2, "max_depth": 14.00072303649926, "n_estimators": 24.0}, "datetime": {"datetime": "2021-09-17 13:58:24", "elapsed": 17.145457, "delta": 0.592001}}
{"target": -2.624394366615697, "params": {"eta": 0.09365789533214884, "max_depth": 11.398343288805053, "n_estimators": 31.4445961733255}, "datetime": {"datetime": "2021-09-17 13:58:25", "elapsed": 17.80071, "delta": 0.655253}}
{"target": -2.8273259093886924, "params": {"eta": 0.10135213948119184, "max_depth": 10.40004207533589, "n_estimators": 26.957168625688254}, "datetime": {"datetime": "2021-09-17 13:58:25", "elapsed": 18.080712, "delta": 0.280002}}
{"target": -2.324943449622706, "params": {"eta": 0.2, "max_depth": 10.0, "n_estimators": 27.748351482053796}, "datetime": {"datetime": "2021-09-17 13:58:26", "elapsed": 18.644713, "delta": 0.564001}}
{"target": -2.352500698440953, "params": {"eta": 0.2, "max_depth": 16.60927500478897, "n_estimators": 29.73700380889144}, "datetime": {"datetime": "2021-09-17 13:58:26", "elapsed": 19.303711, "delta": 0.658998}}
{"target": -2.233074022594251, "params": {"eta": 0.17539564104199884, "max_depth": 16.149996341429667, "n_estimators": 29.198275842944415}, "datetime": {"datetime": "2021-09-17 13:58:27", "elapsed": 19.979722, "delta": 0.676011}}
{"target": -2.3750538876182152, "params": {"eta": 0.2, "max_depth": 15.652216054188637, "n_estimators": 29.144272279388904}, "datetime": {"datetime": "2021-09-17 13:58:28", "elapsed": 20.724712, "delta": 0.74499}}
{"target": -2.434895651591452, "params": {"eta": 0.1384220164628078, "max_depth": 16.22018548767792, "n_estimators": 28.7256514548406}, "datetime": {"datetime": "2021-09-17 13:58:28", "elapsed": 21.310311, "delta": 0.585599}}
{"target": -2.3833432116006548, "params": {"eta": 0.18997701012621468, "max_depth": 14.89236251343908, "n_estimators": 29.513106646211924}, "datetime": {"datetime": "2021-09-17 13:58:29", "elapsed": 21.878504, "delta": 0.568193}}
{"target": -2.391858920298125, "params": {"eta": 0.2, "max_depth": 13.3982491163218, "n_estimators": 30.65434628465884}, "datetime": {"datetime": "2021-09-17 13:58:30", "elapsed": 22.487505, "delta": 0.609001}}
{"target": -2.3932402924487466, "params": {"eta": 0.1640035293400574, "max_depth": 16.330579274928702, "n_estimators": 30.53249156586317}, "datetime": {"datetime": "2021-09-17 13:58:30", "elapsed": 23.088504, "delta": 0.600999}}
{"target": -2.2782894473326833, "params": {"eta": 0.17301731209965038, "max_depth": 11.654635704654766, "n_estimators": 31.00152404624799}, "datetime": {"datetime": "2021-09-17 13:58:31", "elapsed": 23.461667, "delta": 0.373163}}
{"target": -2.3405734965675755, "params": {"eta": 0.17247804342618703, "max_depth": 12.150956249373092, "n_estimators": 30.91841016840857}, "datetime": {"datetime": "2021-09-17 13:58:31", "elapsed": 24.106669, "delta": 0.645002}}
{"target": -2.401575187632912, "params": {"eta": 0.17919566924726932, "max_depth": 15.23072246121058, "n_estimators": 31.116231978770465}, "datetime": {"datetime": "2021-09-17 13:58:32", "elapsed": 24.503667, "delta": 0.396998}}
{"target": -2.239148623692362, "params": {"eta": 0.1979351264862023, "max_depth": 14.889050990415058, "n_estimators": 29.527168386598163}, "datetime": {"datetime": "2021-09-17 13:58:32", "elapsed": 24.893668, "delta": 0.390001}}
{"target": -2.353714690710369, "params": {"eta": 0.17810638195955694, "max_depth": 14.892569579979376, "n_estimators": 29.588489615158686}, "datetime": {"datetime": "2021-09-17 13:58:32", "elapsed": 25.276669, "delta": 0.383001}}
{"target": -2.320056312335165, "params": {"eta": 0.14169077339622255, "max_depth": 16.115855093079276, "n_estimators": 29.206546825868294}, "datetime": {"datetime": "2021-09-17 13:58:33", "elapsed": 25.662667, "delta": 0.385998}}
{"target": -2.264606855417553, "params": {"eta": 0.1959788930512526, "max_depth": 12.863757847514616, "n_estimators": 26.344039545771693}, "datetime": {"datetime": "2021-09-17 13:58:33", "elapsed": 26.007669, "delta": 0.345002}}
{"target": -2.337481188774109, "params": {"eta": 0.1846932130131077, "max_depth": 14.810696244634705, "n_estimators": 29.54806692811583}, "datetime": {"datetime": "2021-09-17 13:58:34", "elapsed": 26.5483, "delta": 0.540631}}
{"target": -2.138853644069872, "params": {"eta": 0.19792498491423433, "max_depth": 12.905179046139967, "n_estimators": 26.303829184545542}, "datetime": {"datetime": "2021-09-17 13:58:34", "elapsed": 26.952302, "delta": 0.404002}}
{"target": -2.3792073701557364, "params": {"eta": 0.13471756539303545, "max_depth": 12.914054234207885, "n_estimators": 26.304199651302426}, "datetime": {"datetime": "2021-09-17 13:58:34", "elapsed": 27.414306, "delta": 0.462004}}
{"target": -2.196289716896258, "params": {"eta": 0.1746678795267023, "max_depth": 14.890856025095303, "n_estimators": 29.51699287566683}, "datetime": {"datetime": "2021-09-17 13:58:35", "elapsed": 27.797301, "delta": 0.382995}}
{"target": -2.6375145316123962, "params": {"eta": 0.09464243077315039, "max_depth": 14.603483007043252, "n_estimators": 31.929360357257274}, "datetime": {"datetime": "2021-09-17 13:58:35", "elapsed": 28.180303, "delta": 0.383002}}
{"target": -2.3280748612002324, "params": {"eta": 0.19818223847398375, "max_depth": 12.920129233383769, "n_estimators": 26.326464214757564}, "datetime": {"datetime": "2021-09-17 13:58:36", "elapsed": 28.584307, "delta": 0.404004}}
{"target": -2.6065519991673924, "params": {"eta": 0.1019503494235764, "max_depth": 15.707888571119842, "n_estimators": 31.7970367494301}, "datetime": {"datetime": "2021-09-17 13:58:36", "elapsed": 28.9483, "delta": 0.363993}}
{"target": -2.3041371176117345, "params": {"eta": 0.1858921702010766, "max_depth": 11.250166203670934, "n_estimators": 27.350289615162183}, "datetime": {"datetime": "2021-09-17 13:58:36", "elapsed": 29.308298, "delta": 0.359998}}
{"target": -2.652446897406327, "params": {"eta": 0.09791033699434662, "max_depth": 11.092750708827207, "n_estimators": 29.41986257518753}, "datetime": {"datetime": "2021-09-17 13:58:37", "elapsed": 29.668986, "delta": 0.360688}}
{"target": -2.2928820886110004, "params": {"eta": 0.16356765011681584, "max_depth": 12.886128323753756, "n_estimators": 26.312707147247842}, "datetime": {"datetime": "2021-09-17 13:58:37", "elapsed": 30.058981, "delta": 0.389995}}
{"target": -2.4193905378642837, "params": {"eta": 0.13829980199703362, "max_depth": 16.139368204395748, "n_estimators": 29.161349619808437}, "datetime": {"datetime": "2021-09-17 13:58:38", "elapsed": 30.443983, "delta": 0.385002}}
{"target": -2.351427738290084, "params": {"eta": 0.1906027738768558, "max_depth": 12.846140865457667, "n_estimators": 26.288718639580495}, "datetime": {"datetime": "2021-09-17 13:58:38", "elapsed": 30.793987, "delta": 0.350004}}
{"target": -2.351834361804159, "params": {"eta": 0.11830319557005542, "max_depth": 15.190550299195174, "n_estimators": 29.28817206286869}, "datetime": {"datetime": "2021-09-17 13:58:38", "elapsed": 31.188979, "delta": 0.394992}}
{"target": -2.3359029638139823, "params": {"eta": 0.1722906484855367, "max_depth": 10.857898286181506, "n_estimators": 31.567464510351993}, "datetime": {"datetime": "2021-09-17 13:58:39", "elapsed": 31.593873, "delta": 0.404894}}
{"target": -2.967225143783971, "params": {"eta": 0.09948729540600855, "max_depth": 13.830441187890742, "n_estimators": 25.16025199892198}, "datetime": {"datetime": "2021-09-17 13:58:39", "elapsed": 31.948877, "delta": 0.355004}}
{"target": -2.4109725738826553, "params": {"eta": 0.16399445998426082, "max_depth": 14.869760989396934, "n_estimators": 29.542200596027712}, "datetime": {"datetime": "2021-09-17 13:58:39", "elapsed": 32.353876, "delta": 0.404999}}
{"target": -2.387077728070711, "params": {"eta": 0.14617228717840863, "max_depth": 12.88976563943755, "n_estimators": 26.374160621692873}, "datetime": {"datetime": "2021-09-17 13:58:40", "elapsed": 32.774879, "delta": 0.421003}}
{"target": -2.3859307634203057, "params": {"eta": 0.1346741910042424, "max_depth": 10.697651884639551, "n_estimators": 25.407601094827097}, "datetime": {"datetime": "2021-09-17 13:58:40", "elapsed": 33.142875, "delta": 0.367996}}
{"target": -2.387553760879918, "params": {"eta": 0.1637828181890437, "max_depth": 14.926304030359628, "n_estimators": 29.519567929832107}, "datetime": {"datetime": "2021-09-17 13:58:41", "elapsed": 33.652085, "delta": 0.50921}}
{"target": -2.385201287269592, "params": {"eta": 0.1785169220724473, "max_depth": 16.114602409882302, "n_estimators": 29.179960508255355}, "datetime": {"datetime": "2021-09-17 13:58:41", "elapsed": 34.132084, "delta": 0.479999}}
{"target": -2.269546916610316, "params": {"eta": 0.1421217864145003, "max_depth": 10.864688377489243, "n_estimators": 31.590395312039227}, "datetime": {"datetime": "2021-09-17 13:58:42", "elapsed": 34.512087, "delta": 0.380003}}
{"target": -2.34519006766771, "params": {"eta": 0.1448141890174095, "max_depth": 10.824290497284643, "n_estimators": 31.574243640635157}, "datetime": {"datetime": "2021-09-17 13:58:42", "elapsed": 34.968085, "delta": 0.455998}}
{"target": -2.393554849373667, "params": {"eta": 0.16814893773649375, "max_depth": 16.188939951676193, "n_estimators": 29.21356655469455}, "datetime": {"datetime": "2021-09-17 13:58:42", "elapsed": 35.397251, "delta": 0.429166}}
{"target": -2.340859055519104, "params": {"eta": 0.1404171634582158, "max_depth": 16.78497111816243, "n_estimators": 28.552352525196795}, "datetime": {"datetime": "2021-09-17 13:58:43", "elapsed": 35.814251, "delta": 0.417}}
{"target": -2.4208763392348036, "params": {"eta": 0.16197992953878737, "max_depth": 12.96097557077693, "n_estimators": 26.38615308100355}, "datetime": {"datetime": "2021-09-17 13:58:43", "elapsed": 36.226251, "delta": 0.412}}
{"target": -2.9286746715244494, "params": {"eta": 0.10479143768334781, "max_depth": 16.57046314798789, "n_estimators": 24.075769857548075}, "datetime": {"datetime": "2021-09-17 13:58:44", "elapsed": 36.582248, "delta": 0.355997}}
{"target": -2.295949868779433, "params": {"eta": 0.16192956360987015, "max_depth": 11.637192322277548, "n_estimators": 31.040606629001232}, "datetime": {"datetime": "2021-09-17 13:58:44", "elapsed": 37.10325, "delta": 0.521002}}
{"target": -2.521927421971371, "params": {"eta": 0.1094451127836048, "max_depth": 11.464493563621323, "n_estimators": 28.244803421952632}, "datetime": {"datetime": "2021-09-17 13:58:45", "elapsed": 37.504252, "delta": 0.401002}}
{"target": -2.391440642507453, "params": {"eta": 0.18079542615349561, "max_depth": 10.83924320198434, "n_estimators": 28.466470850696503}, "datetime": {"datetime": "2021-09-17 13:58:45", "elapsed": 37.94725, "delta": 0.442998}}
{"target": -2.351765066698978, "params": {"eta": 0.198905953599916, "max_depth": 12.890305790881166, "n_estimators": 26.36552090444943}, "datetime": {"datetime": "2021-09-17 13:58:45", "elapsed": 38.357252, "delta": 0.410002}}
{"target": -2.2364323785430504, "params": {"eta": 0.1956036708593848, "max_depth": 12.199674203681157, "n_estimators": 29.536253062901327}, "datetime": {"datetime": "2021-09-17 13:58:46", "elapsed": 38.836254, "delta": 0.479002}}
{"target": -2.4239248859254934, "params": {"eta": 0.1643470581866377, "max_depth": 10.514544439285544, "n_estimators": 31.94779106743575}, "datetime": {"datetime": "2021-09-17 13:58:46", "elapsed": 39.338253, "delta": 0.501999}}
{"target": -2.452849389377393, "params": {"eta": 0.18142049435608643, "max_depth": 15.882310415377251, "n_estimators": 28.299911740482504}, "datetime": {"datetime": "2021-09-17 13:58:47", "elapsed": 39.817899, "delta": 0.479646}}
{"target": -2.4459621260040683, "params": {"eta": 0.18177157792296758, "max_depth": 16.134030092410633, "n_estimators": 29.235566861659592}, "datetime": {"datetime": "2021-09-17 13:58:47", "elapsed": 40.358898, "delta": 0.540999}}
{"target": -2.388497658152329, "params": {"eta": 0.17718842536250312, "max_depth": 10.986321889091919, "n_estimators": 30.338092805915124}, "datetime": {"datetime": "2021-09-17 13:58:48", "elapsed": 40.784899, "delta": 0.426001}}
{"target": -2.2287529801067554, "params": {"eta": 0.19579591723844103, "max_depth": 12.901089615322347, "n_estimators": 26.2718778382369}, "datetime": {"datetime": "2021-09-17 13:58:48", "elapsed": 41.365894, "delta": 0.580995}}
{"target": -2.4120377233153896, "params": {"eta": 0.1329011805457634, "max_depth": 10.247032327288661, "n_estimators": 25.238802610783637}, "datetime": {"datetime": "2021-09-17 13:58:49", "elapsed": 41.769234, "delta": 0.40334}}
{"target": -3.3440331540609662, "params": {"eta": 0.09279610707747979, "max_depth": 10.25279143317603, "n_estimators": 24.238599455006465}, "datetime": {"datetime": "2021-09-17 13:58:49", "elapsed": 42.164235, "delta": 0.395001}}
{"target": -2.340556273962322, "params": {"eta": 0.12857612649275768, "max_depth": 10.57006866517818, "n_estimators": 31.892027854085043}, "datetime": {"datetime": "2021-09-17 13:58:50", "elapsed": 42.555233, "delta": 0.390998}}
{"target": -2.3804605477734615, "params": {"eta": 0.16913187081385642, "max_depth": 12.252008110858617, "n_estimators": 29.528040960519593}, "datetime": {"datetime": "2021-09-17 13:58:50", "elapsed": 43.047233, "delta": 0.492}}
{"target": -2.3163989845075106, "params": {"eta": 0.18376402103184614, "max_depth": 12.943522040168359, "n_estimators": 26.285637410512482}, "datetime": {"datetime": "2021-09-17 13:58:51", "elapsed": 43.602776, "delta": 0.555543}}
{"target": -2.3304657559645805, "params": {"eta": 0.13893425829940487, "max_depth": 10.597537261138916, "n_estimators": 31.939696851752437}, "datetime": {"datetime": "2021-09-17 13:58:51", "elapsed": 44.084778, "delta": 0.482002}}
{"target": -2.394544652888649, "params": {"eta": 0.12466630943547398, "max_depth": 12.97119124790218, "n_estimators": 29.463964570037216}, "datetime": {"datetime": "2021-09-17 13:58:52", "elapsed": 44.545382, "delta": 0.460604}}
{"target": -2.312290610137739, "params": {"eta": 0.13651534293295436, "max_depth": 11.682585473027467, "n_estimators": 31.01701782372939}, "datetime": {"datetime": "2021-09-17 13:58:52", "elapsed": 45.014383, "delta": 0.469001}}
{"target": -2.392701556180653, "params": {"eta": 0.12657453466412144, "max_depth": 10.854681491721285, "n_estimators": 31.540749992563295}, "datetime": {"datetime": "2021-09-17 13:58:53", "elapsed": 45.489561, "delta": 0.475178}}
{"target": -2.2572764886052985, "params": {"eta": 0.16030155678184754, "max_depth": 10.693980270514594, "n_estimators": 25.14799722605472}, "datetime": {"datetime": "2021-09-17 13:58:53", "elapsed": 45.934562, "delta": 0.445001}}
{"target": -2.3482386457292654, "params": {"eta": 0.17659972267409427, "max_depth": 10.56151375222451, "n_estimators": 31.87812919482149}, "datetime": {"datetime": "2021-09-17 13:58:53", "elapsed": 46.402559, "delta": 0.467997}}
{"target": -2.224994597936931, "params": {"eta": 0.1633868013523016, "max_depth": 10.65102055737765, "n_estimators": 25.19880592182676}, "datetime": {"datetime": "2021-09-17 13:58:54", "elapsed": 46.85256, "delta": 0.450001}}
{"target": -2.344075758206217, "params": {"eta": 0.13384278752700124, "max_depth": 14.591926633636298, "n_estimators": 26.273472856755763}, "datetime": {"datetime": "2021-09-17 13:58:54", "elapsed": 47.304559, "delta": 0.451999}}
{"target": -2.165997464405863, "params": {"eta": 0.19600586231481404, "max_depth": 10.617132168149249, "n_estimators": 25.160687675199704}, "datetime": {"datetime": "2021-09-17 13:58:55", "elapsed": 47.751889, "delta": 0.44733}}
{"target": -2.430169105529785, "params": {"eta": 0.17851877696155316, "max_depth": 10.568954907466601, "n_estimators": 25.187168247457056}, "datetime": {"datetime": "2021-09-17 13:58:55", "elapsed": 48.182141, "delta": 0.430252}}
{"target": -2.3852228578768275, "params": {"eta": 0.18214818202696953, "max_depth": 12.267449825745715, "n_estimators": 28.889944123692977}, "datetime": {"datetime": "2021-09-17 13:58:56", "elapsed": 48.703138, "delta": 0.520997}}
{"target": -2.540469748095462, "params": {"eta": 0.12244486113576797, "max_depth": 10.0595396654163, "n_estimators": 25.246041154706447}, "datetime": {"datetime": "2021-09-17 13:58:56", "elapsed": 49.132138, "delta": 0.429}}
{"target": -2.4019177643876324, "params": {"eta": 0.18903411997143826, "max_depth": 15.70429401224641, "n_estimators": 29.352851665147575}, "datetime": {"datetime": "2021-09-17 13:58:57", "elapsed": 49.657943, "delta": 0.525805}}
{"target": -2.324216040184623, "params": {"eta": 0.18774499382929427, "max_depth": 10.691314193387786, "n_estimators": 25.237230166014346}, "datetime": {"datetime": "2021-09-17 13:58:57", "elapsed": 50.210943, "delta": 0.553}}
{"target": -2.500673339241429, "params": {"eta": 0.09850186342026196, "max_depth": 15.906264304909804, "n_estimators": 31.053966820274592}, "datetime": {"datetime": "2021-09-17 13:58:58", "elapsed": 50.723943, "delta": 0.513}}
{"target": -2.3958815091534666, "params": {"eta": 0.1679806742037233, "max_depth": 10.658431676139852, "n_estimators": 25.167636625300766}, "datetime": {"datetime": "2021-09-17 13:58:58", "elapsed": 51.139944, "delta": 0.416001}}
{"target": -2.3426302012644316, "params": {"eta": 0.16573168395378962, "max_depth": 14.067685638684543, "n_estimators": 27.253708570439287}, "datetime": {"datetime": "2021-09-17 13:58:59", "elapsed": 51.644244, "delta": 0.5043}}
{"target": -2.3281529137962744, "params": {"eta": 0.1917508302923339, "max_depth": 10.700508429333098, "n_estimators": 25.090913795558045}, "datetime": {"datetime": "2021-09-17 13:58:59", "elapsed": 52.055242, "delta": 0.410998}}
{"target": -2.7042575246409366, "params": {"eta": 0.11324223924918543, "max_depth": 10.670659804582606, "n_estimators": 25.21469090512516}, "datetime": {"datetime": "2021-09-17 13:59:00", "elapsed": 52.508239, "delta": 0.452997}}
{"target": -2.322902656856336, "params": {"eta": 0.19141957347587527, "max_depth": 10.608258669649171, "n_estimators": 31.93040518976528}, "datetime": {"datetime": "2021-09-17 13:59:00", "elapsed": 52.999241, "delta": 0.491002}}
{"target": -2.294299758735456, "params": {"eta": 0.16098704854340234, "max_depth": 11.432055777890628, "n_estimators": 29.268218918169218}, "datetime": {"datetime": "2021-09-17 13:59:01", "elapsed": 53.496532, "delta": 0.497291}}
{"target": -2.330670246325041, "params": {"eta": 0.18469840775985474, "max_depth": 12.936371271184955, "n_estimators": 29.4501420134726}, "datetime": {"datetime": "2021-09-17 13:59:01", "elapsed": 54.122535, "delta": 0.626003}}
{"target": -2.7283442553720976, "params": {"eta": 0.10937448445189753, "max_depth": 11.369568990539118, "n_estimators": 25.10644324622291}, "datetime": {"datetime": "2021-09-17 13:59:02", "elapsed": 54.570537, "delta": 0.448002}}
{"target": -2.343575690294567, "params": {"eta": 0.1894624583268933, "max_depth": 10.375933552526075, "n_estimators": 25.071045117315474}, "datetime": {"datetime": "2021-09-17 13:59:02", "elapsed": 55.075537, "delta": 0.505}}
{"target": -2.355780465979325, "params": {"eta": 0.1650815696705623, "max_depth": 10.748378918225134, "n_estimators": 25.140810619647795}, "datetime": {"datetime": "2021-09-17 13:59:03", "elapsed": 55.609769, "delta": 0.534232}}
{"target": -2.3122278878563325, "params": {"eta": 0.128807059396761, "max_depth": 11.64320428668736, "n_estimators": 30.99913756356287}, "datetime": {"datetime": "2021-09-17 13:59:03", "elapsed": 56.139767, "delta": 0.529998}}
{"target": -2.3890370538360193, "params": {"eta": 0.1695968541439013, "max_depth": 11.481427894966941, "n_estimators": 29.249738544529134}, "datetime": {"datetime": "2021-09-17 13:59:04", "elapsed": 56.777421, "delta": 0.637654}}
{"target": -2.3243855313250896, "params": {"eta": 0.18308851228224038, "max_depth": 10.616287439792073, "n_estimators": 25.217178613726684}, "datetime": {"datetime": "2021-09-17 13:59:04", "elapsed": 57.254421, "delta": 0.477}}
{"target": -2.321436103394157, "params": {"eta": 0.15236784030421818, "max_depth": 12.105138309064596, "n_estimators": 27.535134746771174}, "datetime": {"datetime": "2021-09-17 13:59:05", "elapsed": 57.79842, "delta": 0.543999}}
{"target": -2.3752283673537407, "params": {"eta": 0.16175636320208675, "max_depth": 10.597248216967117, "n_estimators": 25.109900963085195}, "datetime": {"datetime": "2021-09-17 13:59:06", "elapsed": 58.48642, "delta": 0.688}}
{"target": -2.3280598671812758, "params": {"eta": 0.19142681627358682, "max_depth": 10.703631356636123, "n_estimators": 25.176128271439403}, "datetime": {"datetime": "2021-09-17 13:59:06", "elapsed": 59.008417, "delta": 0.521997}}
{"target": -2.312799427383824, "params": {"eta": 0.1656538356351645, "max_depth": 12.981011042209447, "n_estimators": 29.506205430130542}, "datetime": {"datetime": "2021-09-17 13:59:07", "elapsed": 59.497224, "delta": 0.488807}}
