{"target": -12.205536750287031, "params": {"eta": 0.2648038088059011, "max_depth": 9.806877039291106, "n_estimators": 490.95113191813135}, "datetime": {"datetime": "2021-09-27 20:24:04", "elapsed": 154.86755, "delta": 1.246564}}
{"target": -11.193591035480935, "params": {"eta": 0.14796947273701497, "max_depth": 8.974973487071114, "n_estimators": 421.73201206152567}, "datetime": {"datetime": "2021-09-27 20:24:06", "elapsed": 156.46181, "delta": 1.59426}}
{"target": -11.82408425713153, "params": {"eta": 0.4004540886184926, "max_depth": 6.435982099493348, "n_estimators": 484.82117010632106}, "datetime": {"datetime": "2021-09-27 20:24:07", "elapsed": 157.529814, "delta": 1.068004}}
{"target": -10.96845175466882, "params": {"eta": 0.10388710389373806, "max_depth": 8.87874868204209, "n_estimators": 420.4605582751368}, "datetime": {"datetime": "2021-09-27 20:24:08", "elapsed": 159.114177, "delta": 1.584363}}
{"target": -11.65276726673362, "params": {"eta": 0.13992475660554696, "max_depth": 4.400247447490637, "n_estimators": 473.99219955662767}, "datetime": {"datetime": "2021-09-27 20:24:10", "elapsed": 160.458793, "delta": 1.344616}}
{"target": -11.09169424228171, "params": {"eta": 0.059337755664033466, "max_depth": 6.399335303741607, "n_estimators": 484.6825696362544}, "datetime": {"datetime": "2021-09-27 20:24:12", "elapsed": 163.065844, "delta": 2.607051}}
{"target": -11.95204314213704, "params": {"eta": 0.23307357005296697, "max_depth": 7.872651034190502, "n_estimators": 410.4463781969406}, "datetime": {"datetime": "2021-09-27 20:24:13", "elapsed": 164.18138, "delta": 1.115536}}
{"target": -12.568181743201675, "params": {"eta": 0.15797666833133192, "max_depth": 2.143679870496036, "n_estimators": 420.1187471673286}, "datetime": {"datetime": "2021-09-27 20:24:14", "elapsed": 165.238009, "delta": 1.056629}}
{"target": -11.020697017071013, "params": {"eta": 0.16890897019964254, "max_depth": 5.9446582184842285, "n_estimators": 460.90040775252453}, "datetime": {"datetime": "2021-09-27 20:24:16", "elapsed": 166.64521, "delta": 1.407201}}
{"target": -11.357344993183101, "params": {"eta": 0.3514174857427326, "max_depth": 7.359437006707584, "n_estimators": 448.9010565821911}, "datetime": {"datetime": "2021-09-27 20:24:17", "elapsed": 168.023903, "delta": 1.378693}}
{"target": -12.225604876040755, "params": {"eta": 0.2342713844202008, "max_depth": 8.779372943621569, "n_estimators": 453.43178841295776}, "datetime": {"datetime": "2021-09-27 20:24:18", "elapsed": 169.166455, "delta": 1.142552}}
{"target": -11.517058598210294, "params": {"eta": 0.08771398142864892, "max_depth": 9.345470347063376, "n_estimators": 407.0780594753418}, "datetime": {"datetime": "2021-09-27 20:24:21", "elapsed": 171.383283, "delta": 2.216828}}
{"target": -12.272237565024149, "params": {"eta": 0.28809827153640577, "max_depth": 3.1319033066592112, "n_estimators": 492.9153504954045}, "datetime": {"datetime": "2021-09-27 20:24:22", "elapsed": 172.50861, "delta": 1.125327}}
{"target": -12.360171158047727, "params": {"eta": 0.4077370422459228, "max_depth": 6.193240086911304, "n_estimators": 461.7597126852972}, "datetime": {"datetime": "2021-09-27 20:24:23", "elapsed": 173.583612, "delta": 1.075002}}
{"target": -11.380241434784189, "params": {"eta": 0.31262016025811334, "max_depth": 6.3050029706068464, "n_estimators": 421.08366105926973}, "datetime": {"datetime": "2021-09-27 20:24:24", "elapsed": 174.802004, "delta": 1.218392}}
{"target": -11.725113189341267, "params": {"eta": 0.35593346045262536, "max_depth": 5.558849731432411, "n_estimators": 433.15409763657954}, "datetime": {"datetime": "2021-09-27 20:24:25", "elapsed": 175.910002, "delta": 1.107998}}
{"target": -11.138075034801782, "params": {"eta": 0.06373280358665895, "max_depth": 8.044059648928675, "n_estimators": 408.1892958348597}, "datetime": {"datetime": "2021-09-27 20:24:27", "elapsed": 178.331208, "delta": 2.421206}}
{"target": -12.413931123865837, "params": {"eta": 0.49844802493289414, "max_depth": 9.643780091718543, "n_estimators": 433.18961295588895}, "datetime": {"datetime": "2021-09-27 20:24:29", "elapsed": 179.343837, "delta": 1.012629}}
{"target": -11.204304480605384, "params": {"eta": 0.07360220618212253, "max_depth": 8.301796767501761, "n_estimators": 433.82488804475076}, "datetime": {"datetime": "2021-09-27 20:24:31", "elapsed": 181.846113, "delta": 2.502276}}
{"target": -11.252867731701532, "params": {"eta": 0.14618828170079207, "max_depth": 3.1612146735860733, "n_estimators": 443.1234810575696}, "datetime": {"datetime": "2021-09-27 20:24:32", "elapsed": 183.289787, "delta": 1.443674}}
{"target": -11.570511089153845, "params": {"eta": 0.3091533584400737, "max_depth": 8.655406919730387, "n_estimators": 484.91719179366936}, "datetime": {"datetime": "2021-09-27 20:24:34", "elapsed": 184.732289, "delta": 1.442502}}
{"target": -11.386903034423943, "params": {"eta": 0.16700655252954597, "max_depth": 8.999200389034758, "n_estimators": 496.4215498741192}, "datetime": {"datetime": "2021-09-27 20:24:36", "elapsed": 186.479472, "delta": 1.747183}}
{"target": -13.47246270096468, "params": {"eta": 0.47263138041310865, "max_depth": 3.41240782038665, "n_estimators": 423.7363534613366}, "datetime": {"datetime": "2021-09-27 20:24:37", "elapsed": 188.059472, "delta": 1.58}}
{"target": -11.892655288498895, "params": {"eta": 0.25625030339811294, "max_depth": 8.568264789714636, "n_estimators": 429.87163660337814}, "datetime": {"datetime": "2021-09-27 20:24:39", "elapsed": 189.380679, "delta": 1.321207}}
{"target": -12.49874890798054, "params": {"eta": 0.2429306302574213, "max_depth": 7.935049365147725, "n_estimators": 489.2480478058384}, "datetime": {"datetime": "2021-09-27 20:24:40", "elapsed": 190.799808, "delta": 1.419129}}
{"target": -11.313780298043135, "params": {"eta": 0.43271274759653655, "max_depth": 8.970864763015843, "n_estimators": 475.61520889754775}, "datetime": {"datetime": "2021-09-27 20:24:42", "elapsed": 192.343356, "delta": 1.543548}}
{"target": -12.592911761273157, "params": {"eta": 0.2855396065130895, "max_depth": 2.107299756023685, "n_estimators": 412.1666917526866}, "datetime": {"datetime": "2021-09-27 20:24:42", "elapsed": 193.262356, "delta": 0.919}}
{"target": -11.957825390920714, "params": {"eta": 0.2899223397543023, "max_depth": 6.956430430228968, "n_estimators": 463.2927080539853}, "datetime": {"datetime": "2021-09-27 20:24:44", "elapsed": 194.933446, "delta": 1.67109}}
{"target": -11.590245431743455, "params": {"eta": 0.12919065641910682, "max_depth": 6.835608297702448, "n_estimators": 453.2221798190309}, "datetime": {"datetime": "2021-09-27 20:24:46", "elapsed": 197.119195, "delta": 2.185749}}
{"target": -13.519273923410797, "params": {"eta": 0.4899625635179976, "max_depth": 3.9203839995303413, "n_estimators": 466.62732993833}, "datetime": {"datetime": "2021-09-27 20:24:48", "elapsed": 198.688194, "delta": 1.568999}}
{"target": -13.08255687520537, "params": {"eta": 0.49689301665117036, "max_depth": 3.9635702069797114, "n_estimators": 444.32755041262334}, "datetime": {"datetime": "2021-09-27 20:24:49", "elapsed": 200.105326, "delta": 1.417132}}
{"target": -12.622446357743419, "params": {"eta": 0.050315627782519586, "max_depth": 2.97542816744542, "n_estimators": 449.08838516070995}, "datetime": {"datetime": "2021-09-27 20:24:51", "elapsed": 201.455325, "delta": 1.349999}}
{"target": -11.270025638633383, "params": {"eta": 0.11081321853817289, "max_depth": 4.447764070593317, "n_estimators": 492.5191146714932}, "datetime": {"datetime": "2021-09-27 20:24:52", "elapsed": 203.207966, "delta": 1.752641}}
{"target": -11.836110515917833, "params": {"eta": 0.372259700659794, "max_depth": 5.20560802513617, "n_estimators": 430.0941627108353}, "datetime": {"datetime": "2021-09-27 20:24:54", "elapsed": 204.501594, "delta": 1.293628}}
{"target": -12.843046134599215, "params": {"eta": 0.2701874607927211, "max_depth": 2.337273676421879, "n_estimators": 459.54427682841964}, "datetime": {"datetime": "2021-09-27 20:24:55", "elapsed": 205.742596, "delta": 1.241002}}
{"target": -12.440755665835717, "params": {"eta": 0.3644499978660949, "max_depth": 4.455892009128847, "n_estimators": 413.0687676302476}, "datetime": {"datetime": "2021-09-27 20:24:56", "elapsed": 207.168424, "delta": 1.425828}}
{"target": -11.809104597865186, "params": {"eta": 0.27463654513825475, "max_depth": 3.742027356791186, "n_estimators": 425.3638046486285}, "datetime": {"datetime": "2021-09-27 20:24:58", "elapsed": 208.56479, "delta": 1.396366}}
{"target": -12.074007809192699, "params": {"eta": 0.23282644270958364, "max_depth": 6.934775825937517, "n_estimators": 427.9867641946274}, "datetime": {"datetime": "2021-09-27 20:24:59", "elapsed": 209.974446, "delta": 1.409656}}
{"target": -11.577502137165602, "params": {"eta": 0.16548572421036845, "max_depth": 7.5355088526080625, "n_estimators": 473.5567123768974}, "datetime": {"datetime": "2021-09-27 20:25:01", "elapsed": 211.62542, "delta": 1.650974}}
{"target": -11.409110048636595, "params": {"eta": 0.15543970370169988, "max_depth": 3.8746635106221934, "n_estimators": 464.3234662078866}, "datetime": {"datetime": "2021-09-27 20:25:02", "elapsed": 213.241623, "delta": 1.616203}}
{"target": -13.247432721243799, "params": {"eta": 0.49657301874240656, "max_depth": 3.540139680246888, "n_estimators": 452.7330805738682}, "datetime": {"datetime": "2021-09-27 20:25:04", "elapsed": 214.742226, "delta": 1.500603}}
{"target": -12.288781015491447, "params": {"eta": 0.31671163733852326, "max_depth": 8.61533037578208, "n_estimators": 433.33492804579095}, "datetime": {"datetime": "2021-09-27 20:25:05", "elapsed": 216.039223, "delta": 1.296997}}
{"target": -12.337280908960162, "params": {"eta": 0.32628581937718565, "max_depth": 3.8675452512787194, "n_estimators": 413.66174213458345}, "datetime": {"datetime": "2021-09-27 20:25:06", "elapsed": 217.204465, "delta": 1.165242}}
{"target": -12.239317117081407, "params": {"eta": 0.22308416006057452, "max_depth": 4.471928611796986, "n_estimators": 425.5351508533181}, "datetime": {"datetime": "2021-09-27 20:25:08", "elapsed": 218.552642, "delta": 1.348177}}
{"target": -12.238898230331733, "params": {"eta": 0.24061890474261588, "max_depth": 3.157173690277193, "n_estimators": 483.7990528994519}, "datetime": {"datetime": "2021-09-27 20:25:09", "elapsed": 219.88323, "delta": 1.330588}}
{"target": -12.479069985043614, "params": {"eta": 0.26901685757870525, "max_depth": 8.667574223319985, "n_estimators": 497.7699727274853}, "datetime": {"datetime": "2021-09-27 20:25:11", "elapsed": 221.399996, "delta": 1.516766}}
{"target": -12.360670548493617, "params": {"eta": 0.43184382074404926, "max_depth": 3.181061943335304, "n_estimators": 447.5086592472552}, "datetime": {"datetime": "2021-09-27 20:25:12", "elapsed": 222.690358, "delta": 1.290362}}
{"target": -11.337031702363198, "params": {"eta": 0.07219015686895527, "max_depth": 6.4678846460904085, "n_estimators": 459.0748323502251}, "datetime": {"datetime": "2021-09-27 20:25:14", "elapsed": 224.523162, "delta": 1.832804}}
{"target": -11.43654550865492, "params": {"eta": 0.21013035597371416, "max_depth": 5.676874484700265, "n_estimators": 455.81702360815757}, "datetime": {"datetime": "2021-09-27 20:25:15", "elapsed": 225.990163, "delta": 1.467001}}
{"target": -12.12887513382416, "params": {"eta": 0.2083029884955256, "max_depth": 3.8599078719377733, "n_estimators": 413.09947043673367}, "datetime": {"datetime": "2021-09-27 20:25:16", "elapsed": 227.13639, "delta": 1.146227}}
{"target": -11.405723823660733, "params": {"eta": 0.31451890913181296, "max_depth": 6.258338391547064, "n_estimators": 479.51137626813977}, "datetime": {"datetime": "2021-09-27 20:25:18", "elapsed": 228.394387, "delta": 1.257997}}
{"target": -11.421913264862615, "params": {"eta": 0.20018916847445156, "max_depth": 4.176985818117788, "n_estimators": 448.49808922086464}, "datetime": {"datetime": "2021-09-27 20:25:19", "elapsed": 229.921139, "delta": 1.526752}}
{"target": -12.830715975625875, "params": {"eta": 0.3977819087946957, "max_depth": 3.817765799461532, "n_estimators": 428.83756258120377}, "datetime": {"datetime": "2021-09-27 20:25:20", "elapsed": 231.333346, "delta": 1.412207}}
{"target": -11.742637282479523, "params": {"eta": 0.46637955692542077, "max_depth": 7.934537610274447, "n_estimators": 453.71533440318024}, "datetime": {"datetime": "2021-09-27 20:25:22", "elapsed": 232.618539, "delta": 1.285193}}
{"target": -11.166454848367358, "params": {"eta": 0.14315074608492304, "max_depth": 5.4339459223559485, "n_estimators": 476.8520151870765}, "datetime": {"datetime": "2021-09-27 20:25:23", "elapsed": 234.252536, "delta": 1.633997}}
{"target": -12.264195923724076, "params": {"eta": 0.350202107237269, "max_depth": 9.035758736209118, "n_estimators": 460.12183366842214}, "datetime": {"datetime": "2021-09-27 20:25:25", "elapsed": 236.079205, "delta": 1.826669}}
{"target": -12.739130071700853, "params": {"eta": 0.4794541160518863, "max_depth": 5.829724478575703, "n_estimators": 427.1328927712612}, "datetime": {"datetime": "2021-09-27 20:25:27", "elapsed": 237.693332, "delta": 1.614127}}
{"target": -11.363832533755987, "params": {"eta": 0.056248182414336205, "max_depth": 7.9676611207252055, "n_estimators": 408.68614630584}, "datetime": {"datetime": "2021-09-27 20:25:29", "elapsed": 239.971668, "delta": 2.278336}}
{"target": -12.189674666658968, "params": {"eta": 0.24357382868698285, "max_depth": 2.4118484297924345, "n_estimators": 457.05293831684753}, "datetime": {"datetime": "2021-09-27 20:25:30", "elapsed": 241.131991, "delta": 1.160323}}
{"target": -11.834741460960208, "params": {"eta": 0.18635224030073932, "max_depth": 8.17747085214586, "n_estimators": 467.9765466415423}, "datetime": {"datetime": "2021-09-27 20:25:32", "elapsed": 243.33089, "delta": 2.198899}}
{"target": -11.706072530155593, "params": {"eta": 0.20253956215087204, "max_depth": 4.526029823402418, "n_estimators": 436.31379966476953}, "datetime": {"datetime": "2021-09-27 20:25:34", "elapsed": 245.217948, "delta": 1.887058}}
{"target": -12.348535781554943, "params": {"eta": 0.07246781704184349, "max_depth": 2.734997129572257, "n_estimators": 424.56138071165884}, "datetime": {"datetime": "2021-09-27 20:25:36", "elapsed": 246.821932, "delta": 1.603984}}
{"target": -12.4013130478604, "params": {"eta": 0.43915589213613676, "max_depth": 7.380385115565952, "n_estimators": 457.96650986767054}, "datetime": {"datetime": "2021-09-27 20:25:38", "elapsed": 248.33893, "delta": 1.516998}}
{"target": -11.07086996250687, "params": {"eta": 0.07241985503682113, "max_depth": 3.214656866749407, "n_estimators": 442.09192336043986}, "datetime": {"datetime": "2021-09-27 20:25:39", "elapsed": 249.722076, "delta": 1.383146}}
{"target": -12.577336020683436, "params": {"eta": 0.2814799783586231, "max_depth": 2.5407922507107106, "n_estimators": 456.93943568629675}, "datetime": {"datetime": "2021-09-27 20:25:40", "elapsed": 250.939152, "delta": 1.217076}}
{"target": -11.32588373824174, "params": {"eta": 0.1977328979986791, "max_depth": 5.3444121003498894, "n_estimators": 407.1142980210744}, "datetime": {"datetime": "2021-09-27 20:25:42", "elapsed": 252.5325, "delta": 1.593348}}
{"target": -12.361692522431937, "params": {"eta": 0.1076831669039005, "max_depth": 2.28788714858002, "n_estimators": 433.14433907238947}, "datetime": {"datetime": "2021-09-27 20:25:43", "elapsed": 253.757501, "delta": 1.225001}}
{"target": -12.206942847161958, "params": {"eta": 0.1111670813151647, "max_depth": 2.0693563535059525, "n_estimators": 418.2469894615022}, "datetime": {"datetime": "2021-09-27 20:25:44", "elapsed": 254.881502, "delta": 1.124001}}
{"target": -12.731050133357199, "params": {"eta": 0.45367753881285894, "max_depth": 8.59836213826434, "n_estimators": 403.7372722854784}, "datetime": {"datetime": "2021-09-27 20:25:46", "elapsed": 256.49682, "delta": 1.615318}}
{"target": -11.582182879133205, "params": {"eta": 0.35978076125877745, "max_depth": 9.75615028368983, "n_estimators": 491.6197100260468}, "datetime": {"datetime": "2021-09-27 20:25:47", "elapsed": 258.031818, "delta": 1.534998}}
{"target": -12.582252670498969, "params": {"eta": 0.48483086925328905, "max_depth": 6.484372773383902, "n_estimators": 423.04462278116523}, "datetime": {"datetime": "2021-09-27 20:25:49", "elapsed": 259.572637, "delta": 1.540819}}
{"target": -13.090310431536478, "params": {"eta": 0.4230100940183691, "max_depth": 2.927478091734236, "n_estimators": 451.254313211713}, "datetime": {"datetime": "2021-09-27 20:25:50", "elapsed": 261.022929, "delta": 1.450292}}
{"target": -11.462632186235448, "params": {"eta": 0.1554371569878809, "max_depth": 3.719191627703892, "n_estimators": 447.7149474982183}, "datetime": {"datetime": "2021-09-27 20:25:52", "elapsed": 262.75293, "delta": 1.730001}}
{"target": -14.017579791528128, "params": {"eta": 0.46156931353292585, "max_depth": 2.3196416174676244, "n_estimators": 447.04975560820975}, "datetime": {"datetime": "2021-09-27 20:25:53", "elapsed": 263.903975, "delta": 1.151045}}
{"target": -12.3462258784512, "params": {"eta": 0.4888079614242548, "max_depth": 5.773858042873866, "n_estimators": 469.91499421364153}, "datetime": {"datetime": "2021-09-27 20:25:54", "elapsed": 265.131572, "delta": 1.227597}}
{"target": -12.72002125243343, "params": {"eta": 0.3995924364406853, "max_depth": 4.032956592931702, "n_estimators": 403.58874282538267}, "datetime": {"datetime": "2021-09-27 20:25:56", "elapsed": 266.511709, "delta": 1.380137}}
{"target": -11.368747589472113, "params": {"eta": 0.14119537068988916, "max_depth": 6.015218605281011, "n_estimators": 462.9643043393897}, "datetime": {"datetime": "2021-09-27 20:25:58", "elapsed": 268.354709, "delta": 1.843}}
{"target": -11.280684302898067, "params": {"eta": 0.19047073346770144, "max_depth": 8.426912014324584, "n_estimators": 415.21546278673907}, "datetime": {"datetime": "2021-09-27 20:25:59", "elapsed": 269.845914, "delta": 1.491205}}
{"target": -12.099496286698978, "params": {"eta": 0.3812068784081748, "max_depth": 9.820138387925446, "n_estimators": 403.36693646801893}, "datetime": {"datetime": "2021-09-27 20:26:00", "elapsed": 271.297781, "delta": 1.451867}}
{"target": -11.915721441967527, "params": {"eta": 0.2630323339099081, "max_depth": 7.313471140583969, "n_estimators": 435.21910196770915}, "datetime": {"datetime": "2021-09-27 20:26:02", "elapsed": 272.974956, "delta": 1.677175}}
{"target": -12.197020129419496, "params": {"eta": 0.09372943376856269, "max_depth": 2.903620651144589, "n_estimators": 464.45869369878756}, "datetime": {"datetime": "2021-09-27 20:26:04", "elapsed": 274.497924, "delta": 1.522968}}
{"target": -12.22328743386286, "params": {"eta": 0.4242982700075415, "max_depth": 6.160128873497498, "n_estimators": 484.8388621901977}, "datetime": {"datetime": "2021-09-27 20:26:05", "elapsed": 276.160928, "delta": 1.663004}}
{"target": -11.3378499757067, "params": {"eta": 0.08333784591313337, "max_depth": 7.763451005259072, "n_estimators": 485.72648446769466}, "datetime": {"datetime": "2021-09-27 20:26:08", "elapsed": 278.752589, "delta": 2.591661}}
{"target": -12.60162534088391, "params": {"eta": 0.12322297584435166, "max_depth": 2.7891036490968757, "n_estimators": 450.1759175004569}, "datetime": {"datetime": "2021-09-27 20:26:10", "elapsed": 280.812695, "delta": 2.060106}}
{"target": -11.505668673758036, "params": {"eta": 0.2086552216748141, "max_depth": 6.297606287073475, "n_estimators": 414.5301391288928}, "datetime": {"datetime": "2021-09-27 20:26:12", "elapsed": 283.167777, "delta": 2.355082}}
{"target": -13.368183804020935, "params": {"eta": 0.31739800690088515, "max_depth": 2.1093333959920892, "n_estimators": 460.44864938567855}, "datetime": {"datetime": "2021-09-27 20:26:14", "elapsed": 284.671621, "delta": 1.503844}}
{"target": -11.53844977767496, "params": {"eta": 0.16254155385357857, "max_depth": 3.8755459422288068, "n_estimators": 481.53829630864766}, "datetime": {"datetime": "2021-09-27 20:26:15", "elapsed": 286.211624, "delta": 1.540003}}
{"target": -12.35780270057174, "params": {"eta": 0.44008563142779783, "max_depth": 4.76305793804225, "n_estimators": 401.35264836372437}, "datetime": {"datetime": "2021-09-27 20:26:17", "elapsed": 287.514335, "delta": 1.302711}}
{"target": -10.910373859004226, "params": {"eta": 0.1333176055067658, "max_depth": 5.439906132156153, "n_estimators": 495.9943392062261}, "datetime": {"datetime": "2021-09-27 20:26:18", "elapsed": 289.112074, "delta": 1.597739}}
{"target": -11.339007957178614, "params": {"eta": 0.10235446829900294, "max_depth": 7.270902944019155, "n_estimators": 454.142751315542}, "datetime": {"datetime": "2021-09-27 20:26:20", "elapsed": 291.013499, "delta": 1.901425}}
{"target": -12.544529716893003, "params": {"eta": 0.33121219913608435, "max_depth": 3.02889052248994, "n_estimators": 466.9605856140601}, "datetime": {"datetime": "2021-09-27 20:26:22", "elapsed": 292.591495, "delta": 1.577996}}
{"target": -11.035217314383253, "params": {"eta": 0.15923475453134306, "max_depth": 6.169118950676117, "n_estimators": 443.84810542461565}, "datetime": {"datetime": "2021-09-27 20:26:25", "elapsed": 295.625494, "delta": 3.033999}}
{"target": -11.414492202758328, "params": {"eta": 0.20307136986505958, "max_depth": 4.292093430728601, "n_estimators": 431.1644015499591}, "datetime": {"datetime": "2021-09-27 20:26:27", "elapsed": 297.970865, "delta": 2.345371}}
{"target": -11.594553144534318, "params": {"eta": 0.28734879806795816, "max_depth": 8.644445150994772, "n_estimators": 445.79246003792156}, "datetime": {"datetime": "2021-09-27 20:26:29", "elapsed": 299.902889, "delta": 1.932024}}
{"target": -11.79222044243715, "params": {"eta": 0.2174811904339648, "max_depth": 4.93366083279061, "n_estimators": 438.61701413959963}, "datetime": {"datetime": "2021-09-27 20:26:32", "elapsed": 302.736843, "delta": 2.833954}}
