{"target": 0.8609976886136688, "params": {"eta": 0.36973803636265523, "max_depth": 7.707554180355963, "n_estimators": 30.65174462406858}, "datetime": {"datetime": "2021-09-21 11:21:21", "elapsed": 1192.526536, "delta": 4.651079}}
{"target": 0.8444278542412134, "params": {"eta": 0.2845782514637386, "max_depth": 9.19253471018778, "n_estimators": 29.460251406778}, "datetime": {"datetime": "2021-09-21 11:21:25", "elapsed": 1196.663508, "delta": 4.136972}}
{"target": 0.8393902416340036, "params": {"eta": 0.46389400383072044, "max_depth": 24.696726274795257, "n_estimators": 14.33511274588852}, "datetime": {"datetime": "2021-09-21 11:21:30", "elapsed": 1201.415957, "delta": 4.752449}}
{"target": 0.8456525113993343, "params": {"eta": 0.23063753958469013, "max_depth": 9.957585430917012, "n_estimators": 45.83255632993444}, "datetime": {"datetime": "2021-09-21 11:21:35", "elapsed": 1206.844937, "delta": 5.42898}}
{"target": 0.8428939249272096, "params": {"eta": 0.10268908890359803, "max_depth": 25.47898990208592, "n_estimators": 44.58812731813923}, "datetime": {"datetime": "2021-09-21 11:21:41", "elapsed": 1212.663136, "delta": 5.818199}}
{"target": 0.4666809514926564, "params": {"eta": 0.1012769846588245, "max_depth": 27.73006909736015, "n_estimators": 14.011394599170446}, "datetime": {"datetime": "2021-09-21 11:21:46", "elapsed": 1217.836286, "delta": 5.17315}}
{"target": 0.8459839773140954, "params": {"eta": 0.21878436528086975, "max_depth": 14.474823095634688, "n_estimators": 30.615836607066697}, "datetime": {"datetime": "2021-09-21 11:21:52", "elapsed": 1223.29728, "delta": 5.460994}}
{"target": 0.6172590171096721, "params": {"eta": 0.1634127553852604, "max_depth": 40.326535403584266, "n_estimators": 10.615010941834333}, "datetime": {"datetime": "2021-09-21 11:21:57", "elapsed": 1227.979437, "delta": 4.682157}}
{"target": 0.8436026608674025, "params": {"eta": 0.13169526044741278, "max_depth": 19.574931572319255, "n_estimators": 47.552531595851065}, "datetime": {"datetime": "2021-09-21 11:22:03", "elapsed": 1234.863854, "delta": 6.884417}}
{"target": 0.8610703262692591, "params": {"eta": 0.10404989217995078, "max_depth": 18.589047647541822, "n_estimators": 49.615858973904786}, "datetime": {"datetime": "2021-09-21 11:22:10", "elapsed": 1241.806764, "delta": 6.94291}}
{"target": 0.8401817352414256, "params": {"eta": 0.2474369285314312, "max_depth": 33.87085529015622, "n_estimators": 21.433285465724644}, "datetime": {"datetime": "2021-09-21 11:22:15", "elapsed": 1246.054527, "delta": 4.247763}}
{"target": 0.8351350716458339, "params": {"eta": 0.2493704710124195, "max_depth": 48.114947774808286, "n_estimators": 17.660545612885254}, "datetime": {"datetime": "2021-09-21 11:22:19", "elapsed": 1250.359442, "delta": 4.304915}}
{"target": 0.8293119234099864, "params": {"eta": 0.498677753330392, "max_depth": 7.7508875954479155, "n_estimators": 30.193312124030665}, "datetime": {"datetime": "2021-09-21 11:22:24", "elapsed": 1255.719803, "delta": 5.360361}}
{"target": 0.8521811194329862, "params": {"eta": 0.19665544147908198, "max_depth": 8.169944450946655, "n_estimators": 30.091506954696563}, "datetime": {"datetime": "2021-09-21 11:22:29", "elapsed": 1260.517534, "delta": 4.797731}}
{"target": 0.8464936171203769, "params": {"eta": 0.3147596875815579, "max_depth": 35.809809850526925, "n_estimators": 43.328609739138905}, "datetime": {"datetime": "2021-09-21 11:22:36", "elapsed": 1267.122237, "delta": 6.604703}}
{"target": 0.8314859411879187, "params": {"eta": 0.1, "max_depth": 18.358030169534736, "n_estimators": 33.96653874020343}, "datetime": {"datetime": "2021-09-21 11:22:41", "elapsed": 1271.954133, "delta": 4.831896}}
{"target": 0.776449892656535, "params": {"eta": 0.22064043925976426, "max_depth": 1.8336033378191992, "n_estimators": 34.24024791757658}, "datetime": {"datetime": "2021-09-21 11:22:44", "elapsed": 1275.642501, "delta": 3.688368}}
{"target": 0.8433493320238696, "params": {"eta": 0.30225249412039734, "max_depth": 14.2921618818114, "n_estimators": 42.150871645399846}, "datetime": {"datetime": "2021-09-21 11:22:52", "elapsed": 1283.348519, "delta": 7.706018}}
{"target": 0.8097001592816416, "params": {"eta": 0.12209692215654169, "max_depth": 33.12510372665124, "n_estimators": 23.26883425437018}, "datetime": {"datetime": "2021-09-21 11:22:59", "elapsed": 1289.990776, "delta": 6.642257}}
{"target": 0.8672547912883135, "params": {"eta": 0.135417807790014, "max_depth": 21.469140271174492, "n_estimators": 37.87303391998932}, "datetime": {"datetime": "2021-09-21 11:23:05", "elapsed": 1296.778175, "delta": 6.787399}}
{"target": 0.8191266468697119, "params": {"eta": 0.1, "max_depth": 9.371522973561367, "n_estimators": 29.06181596948516}, "datetime": {"datetime": "2021-09-21 11:23:14", "elapsed": 1305.738895, "delta": 8.96072}}
{"target": 0.8290519370258032, "params": {"eta": 0.5, "max_depth": 4.309169284871522, "n_estimators": 29.567209496432973}, "datetime": {"datetime": "2021-09-21 11:23:19", "elapsed": 1310.722905, "delta": 4.98401}}
{"target": 0.8668748948274798, "params": {"eta": 0.4402371575742011, "max_depth": 26.716710540093203, "n_estimators": 20.768028613860515}, "datetime": {"datetime": "2021-09-21 11:23:25", "elapsed": 1316.105565, "delta": 5.38266}}
{"target": 0.8421382561559962, "params": {"eta": 0.1, "max_depth": 34.604371158699514, "n_estimators": 45.43036601438963}, "datetime": {"datetime": "2021-09-21 11:23:31", "elapsed": 1322.793655, "delta": 6.68809}}
{"target": 0.8340211175116445, "params": {"eta": 0.22752815978190646, "max_depth": 18.030342770506564, "n_estimators": 20.84836731189139}, "datetime": {"datetime": "2021-09-21 11:23:36", "elapsed": 1327.062354, "delta": 4.268699}}
{"target": 0.8460366921367383, "params": {"eta": 0.37216009665119465, "max_depth": 44.58070909135526, "n_estimators": 24.307098719596585}, "datetime": {"datetime": "2021-09-21 11:23:40", "elapsed": 1331.680917, "delta": 4.618563}}
{"target": 0.8279991552046164, "params": {"eta": 0.418213839538525, "max_depth": 28.471304908321645, "n_estimators": 36.11519439451851}, "datetime": {"datetime": "2021-09-21 11:23:46", "elapsed": 1337.393091, "delta": 5.712174}}
{"target": 0.8338326213841192, "params": {"eta": 0.29909762921794725, "max_depth": 18.563074196130422, "n_estimators": 20.66428461438977}, "datetime": {"datetime": "2021-09-21 11:23:50", "elapsed": 1341.358501, "delta": 3.96541}}
{"target": 0.8474041164270876, "params": {"eta": 0.29495921705595723, "max_depth": 9.712329782586998, "n_estimators": 29.58152512465311}, "datetime": {"datetime": "2021-09-21 11:23:56", "elapsed": 1347.272553, "delta": 5.914052}}
{"target": 0.7591785063192433, "params": {"eta": 0.16446227419037376, "max_depth": 26.310499450074516, "n_estimators": 13.476360084021577}, "datetime": {"datetime": "2021-09-21 11:24:00", "elapsed": 1351.072333, "delta": 3.79978}}
{"target": 0.6751161139561507, "params": {"eta": 0.1223759819781995, "max_depth": 29.38617888959833, "n_estimators": 15.539879662461548}, "datetime": {"datetime": "2021-09-21 11:24:03", "elapsed": 1354.683322, "delta": 3.610989}}
{"target": 0.842893687281419, "params": {"eta": 0.3149288720684217, "max_depth": 47.506088827763655, "n_estimators": 35.66405320415009}, "datetime": {"datetime": "2021-09-21 11:24:09", "elapsed": 1360.502993, "delta": 5.819671}}
{"target": 0.853582126328071, "params": {"eta": 0.44686106319325514, "max_depth": 11.951926633644886, "n_estimators": 47.90135456535968}, "datetime": {"datetime": "2021-09-21 11:24:14", "elapsed": 1365.521236, "delta": 5.018243}}
{"target": 0.8448847432354561, "params": {"eta": 0.1671846368014011, "max_depth": 29.020954724558965, "n_estimators": 36.172056142812394}, "datetime": {"datetime": "2021-09-21 11:24:22", "elapsed": 1373.743369, "delta": 8.222133}}
{"target": 0.838817817026998, "params": {"eta": 0.2743007066720786, "max_depth": 35.832056912408696, "n_estimators": 24.71258911155295}, "datetime": {"datetime": "2021-09-21 11:24:31", "elapsed": 1382.210478, "delta": 8.467109}}
{"target": 0.8092210262875332, "params": {"eta": 0.30738754158039244, "max_depth": 4.953147880177733, "n_estimators": 10.476620020646546}, "datetime": {"datetime": "2021-09-21 11:24:34", "elapsed": 1385.722541, "delta": 3.512063}}
{"target": 0.8281921045498655, "params": {"eta": 0.5, "max_depth": 7.766678803101605, "n_estimators": 42.96449591235183}, "datetime": {"datetime": "2021-09-21 11:24:41", "elapsed": 1392.560322, "delta": 6.837781}}
{"target": 0.8531889740602615, "params": {"eta": 0.1926674030613855, "max_depth": 30.732257095208183, "n_estimators": 15.054698724986512}, "datetime": {"datetime": "2021-09-21 11:24:45", "elapsed": 1396.53219, "delta": 3.971868}}
{"target": 0.8257066396000305, "params": {"eta": 0.11478270663348474, "max_depth": 31.955312453646098, "n_estimators": 27.484280666835446}, "datetime": {"datetime": "2021-09-21 11:24:49", "elapsed": 1400.691961, "delta": 4.159771}}
{"target": 0.7782419819116827, "params": {"eta": 0.3338987052489178, "max_depth": 2.7323054321615396, "n_estimators": 17.539590646463942}, "datetime": {"datetime": "2021-09-21 11:24:54", "elapsed": 1404.94834, "delta": 4.256379}}
{"target": 0.7950646114973483, "params": {"eta": 0.12408519148505288, "max_depth": 26.845095973853297, "n_estimators": 20.833501333987957}, "datetime": {"datetime": "2021-09-21 11:24:59", "elapsed": 1410.241568, "delta": 5.293228}}
{"target": 0.84804355381268, "params": {"eta": 0.10826729945498793, "max_depth": 7.983616460794159, "n_estimators": 30.399270811751066}, "datetime": {"datetime": "2021-09-21 11:25:05", "elapsed": 1416.79214, "delta": 6.550572}}
{"target": 0.8457627699859677, "params": {"eta": 0.3159672071076063, "max_depth": 14.879107228772389, "n_estimators": 31.20935516775659}, "datetime": {"datetime": "2021-09-21 11:25:10", "elapsed": 1421.133194, "delta": 4.341054}}
{"target": 0.8497202523424658, "params": {"eta": 0.42781022125950463, "max_depth": 38.048213826729146, "n_estimators": 27.151519184212866}, "datetime": {"datetime": "2021-09-21 11:25:14", "elapsed": 1425.806091, "delta": 4.672897}}
{"target": 0.8345436151869617, "params": {"eta": 0.2283584747718763, "max_depth": 36.415267288755, "n_estimators": 24.851331367973366}, "datetime": {"datetime": "2021-09-21 11:25:22", "elapsed": 1433.594507, "delta": 7.788416}}
{"target": 0.8479219478555109, "params": {"eta": 0.285311069165066, "max_depth": 3.832022527269613, "n_estimators": 49.6645181808768}, "datetime": {"datetime": "2021-09-21 11:25:29", "elapsed": 1440.430564, "delta": 6.836057}}
{"target": 0.8634855254137728, "params": {"eta": 0.4347440136849485, "max_depth": 36.681024914411545, "n_estimators": 43.13538608784106}, "datetime": {"datetime": "2021-09-21 11:25:34", "elapsed": 1445.822773, "delta": 5.392209}}
{"target": 0.8544443458878095, "params": {"eta": 0.34173413908087835, "max_depth": 13.826436245611678, "n_estimators": 14.460338365739256}, "datetime": {"datetime": "2021-09-21 11:25:39", "elapsed": 1450.545557, "delta": 4.722784}}
{"target": 0.8525368839400601, "params": {"eta": 0.1780770519553455, "max_depth": 9.241559130943449, "n_estimators": 26.752767304965815}, "datetime": {"datetime": "2021-09-21 11:25:44", "elapsed": 1455.29862, "delta": 4.753063}}
{"target": 0.8425530838822908, "params": {"eta": 0.14797483348974888, "max_depth": 18.997873080832417, "n_estimators": 29.14342953745793}, "datetime": {"datetime": "2021-09-21 11:25:48", "elapsed": 1459.566682, "delta": 4.268062}}
{"target": 0.849669874419049, "params": {"eta": 0.3070670353616064, "max_depth": 17.457656075615223, "n_estimators": 43.60911298643631}, "datetime": {"datetime": "2021-09-21 11:25:52", "elapsed": 1463.509882, "delta": 3.9432}}
{"target": 0.8549141764831047, "params": {"eta": 0.321976549818241, "max_depth": 23.714277671879742, "n_estimators": 23.167338072383462}, "datetime": {"datetime": "2021-09-21 11:25:56", "elapsed": 1467.647684, "delta": 4.137802}}
{"target": 0.8144394192535245, "params": {"eta": 0.49736093138278203, "max_depth": 30.634313151201308, "n_estimators": 27.012954811183654}, "datetime": {"datetime": "2021-09-21 11:26:01", "elapsed": 1472.605343, "delta": 4.957659}}
{"target": 0.8555917787138674, "params": {"eta": 0.42927914793766553, "max_depth": 36.28515045119193, "n_estimators": 24.38788021196703}, "datetime": {"datetime": "2021-09-21 11:26:07", "elapsed": 1478.51089, "delta": 5.905547}}
{"target": 0.26867282540923154, "params": {"eta": 0.10954882502078328, "max_depth": 27.805747414222854, "n_estimators": 11.641891005786427}, "datetime": {"datetime": "2021-09-21 11:26:11", "elapsed": 1482.60296, "delta": 4.09207}}
{"target": 0.8564041935662914, "params": {"eta": 0.27141471859435345, "max_depth": 6.429980022704183, "n_estimators": 22.875671202020502}, "datetime": {"datetime": "2021-09-21 11:26:21", "elapsed": 1491.942398, "delta": 9.339438}}
{"target": 0.8345673245976581, "params": {"eta": 0.12293307247844316, "max_depth": 29.889744082137632, "n_estimators": 33.78622182198591}, "datetime": {"datetime": "2021-09-21 11:26:28", "elapsed": 1498.959498, "delta": 7.0171}}
{"target": 0.7467581730863457, "params": {"eta": 0.1398625943494607, "max_depth": 1.0674688579071772, "n_estimators": 27.195322180207558}, "datetime": {"datetime": "2021-09-21 11:26:32", "elapsed": 1503.438772, "delta": 4.479274}}
{"target": 0.8370438394675265, "params": {"eta": 0.3116881880570156, "max_depth": 19.55138616663429, "n_estimators": 11.467365223276893}, "datetime": {"datetime": "2021-09-21 11:26:36", "elapsed": 1507.167641, "delta": 3.728869}}
{"target": 0.8551992541007931, "params": {"eta": 0.14029055231533383, "max_depth": 19.460791530038968, "n_estimators": 49.05408208324498}, "datetime": {"datetime": "2021-09-21 11:26:41", "elapsed": 1512.759082, "delta": 5.591441}}
{"target": 0.8330350469188522, "params": {"eta": 0.2595115008921041, "max_depth": 13.656299989685396, "n_estimators": 40.82319200707757}, "datetime": {"datetime": "2021-09-21 11:26:46", "elapsed": 1517.350694, "delta": 4.591612}}
{"target": 0.863380019348774, "params": {"eta": 0.342689671464832, "max_depth": 23.447754495019804, "n_estimators": 23.519727739253952}, "datetime": {"datetime": "2021-09-21 11:26:53", "elapsed": 1524.621238, "delta": 7.270544}}
{"target": 0.8609892294908925, "params": {"eta": 0.4372259592565588, "max_depth": 44.31278241128096, "n_estimators": 32.70145707615359}, "datetime": {"datetime": "2021-09-21 11:26:59", "elapsed": 1530.851014, "delta": 6.229776}}
{"target": 0.8078582869727688, "params": {"eta": 0.48763018994305807, "max_depth": 24.974863697271903, "n_estimators": 13.032921829967584}, "datetime": {"datetime": "2021-09-21 11:27:05", "elapsed": 1536.042035, "delta": 5.191021}}
{"target": 0.8386195533211968, "params": {"eta": 0.28520852444603567, "max_depth": 26.704827681364495, "n_estimators": 42.577180713799684}, "datetime": {"datetime": "2021-09-21 11:27:10", "elapsed": 1541.555315, "delta": 5.51328}}
{"target": 0.8061876745582177, "params": {"eta": 0.4791759539234425, "max_depth": 36.32817578730905, "n_estimators": 43.198080739949546}, "datetime": {"datetime": "2021-09-21 11:27:17", "elapsed": 1548.17091, "delta": 6.615595}}
{"target": 0.7597284933435249, "params": {"eta": 0.1201862561529584, "max_depth": 1.476328309621304, "n_estimators": 34.24427815360794}, "datetime": {"datetime": "2021-09-21 11:27:21", "elapsed": 1552.127863, "delta": 3.956953}}
{"target": 0.7810884095351858, "params": {"eta": 0.30798501520276306, "max_depth": 1.3838363758756773, "n_estimators": 17.16483016443533}, "datetime": {"datetime": "2021-09-21 11:27:24", "elapsed": 1555.809011, "delta": 3.681148}}
{"target": 0.8432146672286431, "params": {"eta": 0.4637261022398319, "max_depth": 21.238459340101425, "n_estimators": 37.828143169225}, "datetime": {"datetime": "2021-09-21 11:27:30", "elapsed": 1560.947924, "delta": 5.138913}}
{"target": 0.8489037615156367, "params": {"eta": 0.37092156169746715, "max_depth": 28.660149450329502, "n_estimators": 11.430899180003685}, "datetime": {"datetime": "2021-09-21 11:27:35", "elapsed": 1566.523004, "delta": 5.57508}}
{"target": 0.8371818105258901, "params": {"eta": 0.2834979397809998, "max_depth": 25.04135049429803, "n_estimators": 13.631851542111718}, "datetime": {"datetime": "2021-09-21 11:27:39", "elapsed": 1570.600888, "delta": 4.077884}}
{"target": 0.8357470082645782, "params": {"eta": 0.40074675021784223, "max_depth": 36.774036516645076, "n_estimators": 37.83441677050856}, "datetime": {"datetime": "2021-09-21 11:27:50", "elapsed": 1581.065879, "delta": 10.464991}}
{"target": 0.8499107171036655, "params": {"eta": 0.2816700951475217, "max_depth": 21.73830771653386, "n_estimators": 38.12778199220774}, "datetime": {"datetime": "2021-09-21 11:28:00", "elapsed": 1591.539907, "delta": 10.474028}}
{"target": 0.8412438358475521, "params": {"eta": 0.42096357920934957, "max_depth": 9.065419610669567, "n_estimators": 26.89942720171298}, "datetime": {"datetime": "2021-09-21 11:28:04", "elapsed": 1595.769408, "delta": 4.229501}}
{"target": 0.8461140790837041, "params": {"eta": 0.2160145062991884, "max_depth": 17.21729694337363, "n_estimators": 31.681234780766424}, "datetime": {"datetime": "2021-09-21 11:28:08", "elapsed": 1599.661682, "delta": 3.892274}}
{"target": 0.849710367162684, "params": {"eta": 0.1793019910188922, "max_depth": 21.756446443474914, "n_estimators": 37.614650734525874}, "datetime": {"datetime": "2021-09-21 11:28:16", "elapsed": 1607.616615, "delta": 7.954933}}
{"target": 0.8548311933324149, "params": {"eta": 0.2726381697032655, "max_depth": 31.674159675530813, "n_estimators": 26.795406073969442}, "datetime": {"datetime": "2021-09-21 11:28:24", "elapsed": 1615.189499, "delta": 7.572884}}
{"target": 0.803513350778798, "params": {"eta": 0.5, "max_depth": 50.0, "n_estimators": 44.33715345501429}, "datetime": {"datetime": "2021-09-21 11:28:29", "elapsed": 1620.581903, "delta": 5.392404}}
{"target": 0.8365521798623246, "params": {"eta": 0.30457218413984594, "max_depth": 44.50103059027478, "n_estimators": 23.301680131605856}, "datetime": {"datetime": "2021-09-21 11:28:35", "elapsed": 1626.224644, "delta": 5.642741}}
{"target": 0.8646172649643854, "params": {"eta": 0.3779539926537363, "max_depth": 13.50878896455206, "n_estimators": 48.09798198953545}, "datetime": {"datetime": "2021-09-21 11:28:41", "elapsed": 1632.68766, "delta": 6.463016}}
{"target": 0.8531125257103738, "params": {"eta": 0.10390323376129436, "max_depth": 9.834440332860463, "n_estimators": 45.27679112794491}, "datetime": {"datetime": "2021-09-21 11:28:46", "elapsed": 1637.630509, "delta": 4.942849}}
{"target": 0.869489191750132, "params": {"eta": 0.20200448987329836, "max_depth": 21.050233393484977, "n_estimators": 20.98571661479372}, "datetime": {"datetime": "2021-09-21 11:28:52", "elapsed": 1643.09154, "delta": 5.461031}}
{"target": 0.841858355029621, "params": {"eta": 0.4008664715336395, "max_depth": 6.96067674262512, "n_estimators": 22.8439510318421}, "datetime": {"datetime": "2021-09-21 11:28:59", "elapsed": 1650.464279, "delta": 7.372739}}
{"target": 0.8479512602704962, "params": {"eta": 0.3251162122422401, "max_depth": 32.471927880183515, "n_estimators": 17.813519485487355}, "datetime": {"datetime": "2021-09-21 11:29:04", "elapsed": 1655.13168, "delta": 4.667401}}
{"target": 0.8051965348403075, "params": {"eta": 0.31831872148921225, "max_depth": 2.8443114249071746, "n_estimators": 43.17985402834643}, "datetime": {"datetime": "2021-09-21 11:29:08", "elapsed": 1659.505544, "delta": 4.373864}}
{"target": 0.8132518785976569, "params": {"eta": 0.45808183951277215, "max_depth": 3.585442639057325, "n_estimators": 49.28612539242827}, "datetime": {"datetime": "2021-09-21 11:29:13", "elapsed": 1664.500841, "delta": 4.995297}}
{"target": 0.8619176405563855, "params": {"eta": 0.3362805431773417, "max_depth": 12.406836614230643, "n_estimators": 18.203166580068626}, "datetime": {"datetime": "2021-09-21 11:29:18", "elapsed": 1669.413443, "delta": 4.912602}}
{"target": 0.8548651605702234, "params": {"eta": 0.14837700527283448, "max_depth": 28.822255039558296, "n_estimators": 35.68318937867697}, "datetime": {"datetime": "2021-09-21 11:29:25", "elapsed": 1676.196838, "delta": 6.783395}}
{"target": 0.8617292068987518, "params": {"eta": 0.25821506730144805, "max_depth": 8.325907221802915, "n_estimators": 34.34056597654405}, "datetime": {"datetime": "2021-09-21 11:29:36", "elapsed": 1687.728778, "delta": 11.53194}}
{"target": 0.8250709071560511, "params": {"eta": 0.48540959753279633, "max_depth": 21.34048150174787, "n_estimators": 21.03511349132019}, "datetime": {"datetime": "2021-09-21 11:29:43", "elapsed": 1694.628039, "delta": 6.899261}}
{"target": 0.8054098629279618, "params": {"eta": 0.47872557599445764, "max_depth": 30.38886177968233, "n_estimators": 35.799784845832505}, "datetime": {"datetime": "2021-09-21 11:29:48", "elapsed": 1699.840952, "delta": 5.212913}}
{"target": 0.8461500064149672, "params": {"eta": 0.2888618834798987, "max_depth": 8.185776631363627, "n_estimators": 34.70107991037218}, "datetime": {"datetime": "2021-09-21 11:29:57", "elapsed": 1708.896008, "delta": 9.055056}}
{"target": 0.7845380897642391, "params": {"eta": 0.3918391902142523, "max_depth": 1.029647249873336, "n_estimators": 16.348183787890424}, "datetime": {"datetime": "2021-09-21 11:30:02", "elapsed": 1713.503883, "delta": 4.607875}}
{"target": 0.8510479816511681, "params": {"eta": 0.4313623034687333, "max_depth": 27.632318450826883, "n_estimators": 35.37946966000811}, "datetime": {"datetime": "2021-09-21 11:30:09", "elapsed": 1720.751233, "delta": 7.24735}}
{"target": 0.8242320202154622, "params": {"eta": 0.4081970697813856, "max_depth": 37.03223865273554, "n_estimators": 43.0936110168494}, "datetime": {"datetime": "2021-09-21 11:30:18", "elapsed": 1729.369496, "delta": 8.618263}}
{"target": 0.8632470008754645, "params": {"eta": 0.19805564804271558, "max_depth": 47.29710416303289, "n_estimators": 19.615980571033774}, "datetime": {"datetime": "2021-09-21 11:30:23", "elapsed": 1734.209071, "delta": 4.839575}}
