{"target": -3.3906506438004347, "params": {"eta": 0.8, "max_depth": 7.619268363929869, "n_estimators": 9.094833743079821}, "datetime": {"datetime": "2021-09-17 09:33:18", "elapsed": 360.062419, "delta": 2.047614}}
{"target": -3.6494972793679494, "params": {"eta": 0.8, "max_depth": 10.0, "n_estimators": 2.486398863626061}, "datetime": {"datetime": "2021-09-17 09:33:20", "elapsed": 362.670762, "delta": 2.608343}}
{"target": -3.0208768273654734, "params": {"eta": 0.8, "max_depth": 6.44605840767999, "n_estimators": 5.2979416142330304}, "datetime": {"datetime": "2021-09-17 09:33:22", "elapsed": 364.203832, "delta": 1.53307}}
{"target": -2.6713391046775015, "params": {"eta": 0.43165598305051067, "max_depth": 6.149280353885309, "n_estimators": 9.096614233917187}, "datetime": {"datetime": "2021-09-17 09:33:24", "elapsed": 366.649583, "delta": 2.445751}}
{"target": -3.152753080819782, "params": {"eta": 0.8, "max_depth": 5.566634300932573, "n_estimators": 4.276053025467384}, "datetime": {"datetime": "2021-09-17 09:33:26", "elapsed": 368.418263, "delta": 1.76868}}
{"target": -3.4240084974389324, "params": {"eta": 0.8, "max_depth": 8.482220805372211, "n_estimators": 8.146916065089354}, "datetime": {"datetime": "2021-09-17 09:33:29", "elapsed": 371.134392, "delta": 2.716129}}
{"target": -3.152753080819782, "params": {"eta": 0.8, "max_depth": 5.249498386777073, "n_estimators": 4.754753697503274}, "datetime": {"datetime": "2021-09-17 09:33:31", "elapsed": 372.838118, "delta": 1.703726}}
{"target": -2.9702139120352897, "params": {"eta": 0.6849304243677321, "max_depth": 5.146883001968856, "n_estimators": 6.992516693309112}, "datetime": {"datetime": "2021-09-17 09:33:32", "elapsed": 374.774342, "delta": 1.936224}}
{"target": -2.8895203151200946, "params": {"eta": 0.5073756046519887, "max_depth": 4.5319708117574615, "n_estimators": 7.840713557857871}, "datetime": {"datetime": "2021-09-17 09:33:34", "elapsed": 376.437773, "delta": 1.663431}}
{"target": -3.545516425684878, "params": {"eta": 0.8, "max_depth": 3.085527570092505, "n_estimators": 4.390112856302481}, "datetime": {"datetime": "2021-09-17 09:33:36", "elapsed": 378.281204, "delta": 1.843431}}
{"target": -3.0589052476381, "params": {"eta": 0.4648989783345946, "max_depth": 3.57682198820024, "n_estimators": 8.840058600656555}, "datetime": {"datetime": "2021-09-17 09:33:38", "elapsed": 380.12199, "delta": 1.840786}}
{"target": -2.6859815233632136, "params": {"eta": 0.44061896539634615, "max_depth": 3.8808589959286093, "n_estimators": 9.048707397561309}, "datetime": {"datetime": "2021-09-17 09:33:39", "elapsed": 381.733646, "delta": 1.611656}}
{"target": -6.712915275598827, "params": {"eta": 0.15395527477907472, "max_depth": 3.7529436441324293, "n_estimators": 8.862014144467906}, "datetime": {"datetime": "2021-09-17 09:33:42", "elapsed": 383.867517, "delta": 2.133871}}
{"target": -2.760703316487764, "params": {"eta": 0.518349693630775, "max_depth": 4.016919104301601, "n_estimators": 9.350910271083274}, "datetime": {"datetime": "2021-09-17 09:33:43", "elapsed": 385.497478, "delta": 1.629961}}
{"target": -2.8070725541365773, "params": {"eta": 0.5026349414203313, "max_depth": 3.62006573904439, "n_estimators": 9.208827321498966}, "datetime": {"datetime": "2021-09-17 09:33:45", "elapsed": 387.725599, "delta": 2.228121}}
{"target": -3.1066068574001915, "params": {"eta": 0.6641840766094939, "max_depth": 3.8975150127154663, "n_estimators": 9.054186072025697}, "datetime": {"datetime": "2021-09-17 09:33:48", "elapsed": 390.281673, "delta": 2.556074}}
{"target": -2.9528835183695743, "params": {"eta": 0.5910270470311877, "max_depth": 3.77630343310207, "n_estimators": 9.71350050764784}, "datetime": {"datetime": "2021-09-17 09:33:50", "elapsed": 392.002504, "delta": 1.720831}}
{"target": -2.8751194608838935, "params": {"eta": 0.5468463743068381, "max_depth": 4.219207741977433, "n_estimators": 8.712253127002285}, "datetime": {"datetime": "2021-09-17 09:33:51", "elapsed": 393.726776, "delta": 1.724272}}
{"target": -2.897129864441721, "params": {"eta": 0.6108727630454203, "max_depth": 3.9269983793721996, "n_estimators": 8.692125709496787}, "datetime": {"datetime": "2021-09-17 09:33:54", "elapsed": 395.889846, "delta": 2.16307}}
{"target": -2.6591498218084637, "params": {"eta": 0.3977231703204529, "max_depth": 4.148884658421272, "n_estimators": 9.76508451299316}, "datetime": {"datetime": "2021-09-17 09:33:55", "elapsed": 397.799915, "delta": 1.910069}}
{"target": -2.646968906804135, "params": {"eta": 0.35021320282154444, "max_depth": 7.482920440979423, "n_estimators": 10.000914998538759}, "datetime": {"datetime": "2021-09-17 10:06:48", "elapsed": 0.0, "delta": 0.0}}
{"target": -3.259567984781767, "params": {"eta": 0.28139954357910385, "max_depth": 2.3208030173540175, "n_estimators": 10.738708758150382}, "datetime": {"datetime": "2021-09-17 10:06:48", "elapsed": 0.035975, "delta": 0.035975}}
{"target": -2.8302114047502216, "params": {"eta": 0.21175612682660255, "max_depth": 4.11004654338743, "n_estimators": 13.17413979384536}, "datetime": {"datetime": "2021-09-17 10:06:48", "elapsed": 0.089978, "delta": 0.054003}}
{"target": -2.5486909295383255, "params": {"eta": 0.4232900404020141, "max_depth": 4.772750629629654, "n_estimators": 15.481756003174077}, "datetime": {"datetime": "2021-09-17 10:06:48", "elapsed": 0.141976, "delta": 0.051998}}
{"target": -3.357305945220746, "params": {"eta": 0.22267134983891046, "max_depth": 8.90305692751851, "n_estimators": 10.21910074558341}, "datetime": {"datetime": "2021-09-17 10:06:48", "elapsed": 0.197979, "delta": 0.056003}}
{"target": -2.7145350129980788, "params": {"eta": 0.5022805061070413, "max_depth": 4.755743221304143, "n_estimators": 14.469518627566014}, "datetime": {"datetime": "2021-09-17 10:06:48", "elapsed": 0.24898, "delta": 0.051001}}
{"target": -4.835543239744086, "params": {"eta": 0.10941554921734155, "max_depth": 4.231251070105451, "n_estimators": 15.181852336035586}, "datetime": {"datetime": "2021-09-17 10:06:49", "elapsed": 0.979687, "delta": 0.730707}}
{"target": -2.684762792838247, "params": {"eta": 0.4193787521904504, "max_depth": 8.086456079226263, "n_estimators": 11.399198198245983}, "datetime": {"datetime": "2021-09-17 10:06:49", "elapsed": 1.142683, "delta": 0.162996}}
{"target": -2.805011074166549, "params": {"eta": 0.45750666703759124, "max_depth": 3.3492241747060154, "n_estimators": 15.973831648136699}, "datetime": {"datetime": "2021-09-17 10:06:49", "elapsed": 1.275683, "delta": 0.133}}
{"target": -2.941138446958442, "params": {"eta": 0.23650892080280167, "max_depth": 2.400309976493957, "n_estimators": 17.57842760861734}, "datetime": {"datetime": "2021-09-17 10:06:49", "elapsed": 1.410685, "delta": 0.135002}}
{"target": -2.7742007744939703, "params": {"eta": 0.5357536311287321, "max_depth": 7.557508124656228, "n_estimators": 11.557504252658202}, "datetime": {"datetime": "2021-09-17 10:06:49", "elapsed": 1.571409, "delta": 0.160724}}
{"target": -2.612792276081286, "params": {"eta": 0.3295863165331995, "max_depth": 4.892160566661964, "n_estimators": 15.54296354330043}, "datetime": {"datetime": "2021-09-17 10:06:50", "elapsed": 1.818405, "delta": 0.246996}}
{"target": -2.948626487506063, "params": {"eta": 0.6732673453247172, "max_depth": 6.976642742578429, "n_estimators": 13.765765119433459}, "datetime": {"datetime": "2021-09-17 10:06:50", "elapsed": 1.981409, "delta": 0.163004}}
{"target": -2.5943273770181756, "params": {"eta": 0.393239633724912, "max_depth": 8.570608063590466, "n_estimators": 17.83254750691662}, "datetime": {"datetime": "2021-09-17 10:06:50", "elapsed": 2.172403, "delta": 0.190994}}
{"target": -2.903818371421412, "params": {"eta": 0.7, "max_depth": 4.900621300563345, "n_estimators": 15.705659381840507}, "datetime": {"datetime": "2021-09-17 10:06:50", "elapsed": 2.535406, "delta": 0.363003}}
{"target": -2.8478178413290727, "params": {"eta": 0.5418480172418172, "max_depth": 5.037545027768218, "n_estimators": 15.186130450675197}, "datetime": {"datetime": "2021-09-17 10:06:51", "elapsed": 2.925406, "delta": 0.39}}
{"target": -2.7343905750073882, "params": {"eta": 0.5062669157605951, "max_depth": 5.931199384333653, "n_estimators": 13.065673337109638}, "datetime": {"datetime": "2021-09-17 10:06:51", "elapsed": 3.092406, "delta": 0.167}}
{"target": -3.7848252798381603, "params": {"eta": 0.1844536606018512, "max_depth": 2.2544160120844987, "n_estimators": 12.534658494809715}, "datetime": {"datetime": "2021-09-17 10:06:51", "elapsed": 3.24141, "delta": 0.149004}}
{"target": -2.873051192885951, "params": {"eta": 0.2644002806104827, "max_depth": 7.879135634431339, "n_estimators": 10.53496436528252}, "datetime": {"datetime": "2021-09-17 10:06:51", "elapsed": 3.402402, "delta": 0.160992}}
{"target": -2.703258573381524, "params": {"eta": 0.45259320204649744, "max_depth": 8.969855936869493, "n_estimators": 17.683103621740106}, "datetime": {"datetime": "2021-09-17 10:06:52", "elapsed": 3.882208, "delta": 0.479806}}
{"target": -3.0511408874863073, "params": {"eta": 0.4589212110368549, "max_depth": 2.014318515785504, "n_estimators": 10.934220077475423}, "datetime": {"datetime": "2021-09-17 10:06:52", "elapsed": 4.031206, "delta": 0.148998}}
{"target": -2.5581353055803397, "params": {"eta": 0.4681747964307301, "max_depth": 6.016527060770436, "n_estimators": 15.228855362414238}, "datetime": {"datetime": "2021-09-17 10:06:52", "elapsed": 4.223207, "delta": 0.192001}}
{"target": -3.1167965035689504, "params": {"eta": 0.22816080358036253, "max_depth": 2.3624370207781533, "n_estimators": 17.582413654428144}, "datetime": {"datetime": "2021-09-17 10:06:52", "elapsed": 4.382207, "delta": 0.159}}
{"target": -3.114299993765981, "params": {"eta": 0.6086697731331756, "max_depth": 8.747919729743147, "n_estimators": 17.866853922569973}, "datetime": {"datetime": "2021-09-17 10:06:52", "elapsed": 4.665208, "delta": 0.283001}}
{"target": -2.618677138654809, "params": {"eta": 0.24930191936997864, "max_depth": 8.721775850714803, "n_estimators": 17.687339897326257}, "datetime": {"datetime": "2021-09-17 10:06:53", "elapsed": 4.974206, "delta": 0.308998}}
{"target": -2.9517940715739606, "params": {"eta": 0.40043865874670603, "max_depth": 2.665197727848244, "n_estimators": 17.530411907952143}, "datetime": {"datetime": "2021-09-17 10:06:53", "elapsed": 5.504455, "delta": 0.530249}}
{"target": -2.6030551941771254, "params": {"eta": 0.19258747624147465, "max_depth": 8.400114979660133, "n_estimators": 17.78687499439073}, "datetime": {"datetime": "2021-09-17 10:06:54", "elapsed": 5.884456, "delta": 0.380001}}
{"target": -3.592034413940028, "params": {"eta": 0.23802510910792, "max_depth": 1.5830813578062952, "n_estimators": 15.630765179343108}, "datetime": {"datetime": "2021-09-17 10:06:54", "elapsed": 6.053457, "delta": 0.169001}}
{"target": -3.367201702845724, "params": {"eta": 0.13021280461558513, "max_depth": 8.638627832338694, "n_estimators": 17.984808370771212}, "datetime": {"datetime": "2021-09-17 10:06:54", "elapsed": 6.55146, "delta": 0.498003}}
{"target": -2.5217618860696493, "params": {"eta": 0.35378302576903625, "max_depth": 8.484229965059596, "n_estimators": 17.59958293825306}, "datetime": {"datetime": "2021-09-17 10:06:55", "elapsed": 6.976455, "delta": 0.424995}}
{"target": -2.9649533466288918, "params": {"eta": 0.603522385919673, "max_depth": 4.766594308346716, "n_estimators": 12.36871533899185}, "datetime": {"datetime": "2021-09-17 10:06:55", "elapsed": 7.162453, "delta": 0.185998}}
{"target": -2.5707450126346787, "params": {"eta": 0.4502373960791778, "max_depth": 8.278134891499064, "n_estimators": 17.7686655574952}, "datetime": {"datetime": "2021-09-17 10:06:55", "elapsed": 7.734213, "delta": 0.57176}}
{"target": -2.6567329387915763, "params": {"eta": 0.2232900942927237, "max_depth": 8.181365957639208, "n_estimators": 17.548963733536432}, "datetime": {"datetime": "2021-09-17 10:06:56", "elapsed": 8.179212, "delta": 0.444999}}
{"target": -6.703669007828361, "params": {"eta": 0.12579519837119954, "max_depth": 4.733766595964693, "n_estimators": 10.042332584088541}, "datetime": {"datetime": "2021-09-17 10:06:56", "elapsed": 8.362212, "delta": 0.183}}
{"target": -2.69144529041491, "params": {"eta": 0.4520587664022326, "max_depth": 5.7673442821261816, "n_estimators": 14.589793203120921}, "datetime": {"datetime": "2021-09-17 10:06:57", "elapsed": 8.960219, "delta": 0.598007}}
{"target": -2.770869032332772, "params": {"eta": 0.539156870826891, "max_depth": 6.4818575548528585, "n_estimators": 14.77988972724436}, "datetime": {"datetime": "2021-09-17 10:06:57", "elapsed": 9.49647, "delta": 0.536251}}
{"target": -2.615471474747909, "params": {"eta": 0.22071416312028985, "max_depth": 9.08968287150784, "n_estimators": 17.073778767415998}, "datetime": {"datetime": "2021-09-17 10:06:58", "elapsed": 10.112472, "delta": 0.616002}}
{"target": -4.916260660322089, "params": {"eta": 0.16192076080650097, "max_depth": 1.5143398111461437, "n_estimators": 12.957168625688254}, "datetime": {"datetime": "2021-09-17 10:06:58", "elapsed": 10.297471, "delta": 0.184999}}
{"target": -2.6629807622809154, "params": {"eta": 0.5313017797030678, "max_depth": 5.251928064744068, "n_estimators": 13.83559859590814}, "datetime": {"datetime": "2021-09-17 10:06:59", "elapsed": 10.799475, "delta": 0.502004}}
{"target": -4.7983726463819805, "params": {"eta": 0.1253031679833317, "max_depth": 2.0515438622030047, "n_estimators": 14.014111482700866}, "datetime": {"datetime": "2021-09-17 10:06:59", "elapsed": 10.998112, "delta": 0.198637}}
{"target": -3.518686579403125, "params": {"eta": 0.15834138785288104, "max_depth": 6.184952572967134, "n_estimators": 13.821988673170827}, "datetime": {"datetime": "2021-09-17 10:06:59", "elapsed": 11.487334, "delta": 0.489222}}
{"target": -2.8806836755652174, "params": {"eta": 0.7, "max_depth": 4.531689843762798, "n_estimators": 13.7322901814682}, "datetime": {"datetime": "2021-09-17 10:07:00", "elapsed": 11.967347, "delta": 0.480013}}
{"target": -6.513489920214603, "params": {"eta": 0.10046589839324215, "max_depth": 5.094985942729633, "n_estimators": 13.138541004847443}, "datetime": {"datetime": "2021-09-17 10:07:00", "elapsed": 12.512338, "delta": 0.544991}}
{"target": -2.862984120218377, "params": {"eta": 0.7, "max_depth": 6.539236513236851, "n_estimators": 12.757260924527827}, "datetime": {"datetime": "2021-09-17 10:07:01", "elapsed": 13.004334, "delta": 0.491996}}
{"target": -2.9780321491392034, "params": {"eta": 0.6291887610313738, "max_depth": 7.141295491904693, "n_estimators": 10.701351936233436}, "datetime": {"datetime": "2021-09-17 10:07:01", "elapsed": 13.411331, "delta": 0.406997}}
{"target": -5.5294102217021734, "params": {"eta": 0.1, "max_depth": 6.594736205576303, "n_estimators": 15.535595886360793}, "datetime": {"datetime": "2021-09-17 10:07:02", "elapsed": 13.887881, "delta": 0.47655}}
{"target": -2.7354909062385557, "params": {"eta": 0.5528217023617292, "max_depth": 3.1273887631275565, "n_estimators": 17.00152404624799}, "datetime": {"datetime": "2021-09-17 10:07:02", "elapsed": 14.100884, "delta": 0.213003}}
{"target": -2.705767626511423, "params": {"eta": 0.7, "max_depth": 3.8023206177671063, "n_estimators": 16.634189000595995}, "datetime": {"datetime": "2021-09-17 10:07:02", "elapsed": 14.692881, "delta": 0.591997}}
{"target": -2.9099455456984664, "params": {"eta": 0.5865218322578327, "max_depth": 7.725214592985029, "n_estimators": 17.116231978770465}, "datetime": {"datetime": "2021-09-17 10:07:03", "elapsed": 14.954881, "delta": 0.262}}
{"target": -2.7427691773364415, "params": {"eta": 0.5016265684951391, "max_depth": 5.937950332431254, "n_estimators": 13.089947077106707}, "datetime": {"datetime": "2021-09-17 10:07:03", "elapsed": 15.185883, "delta": 0.231002}}
{"target": -3.9373579163300367, "params": {"eta": 0.13388227117297188, "max_depth": 2.780659079193255, "n_estimators": 16.46673818195895}, "datetime": {"datetime": "2021-09-17 10:07:03", "elapsed": 15.681373, "delta": 0.49549}}
{"target": -2.501092067517732, "params": {"eta": 0.4357629363351857, "max_depth": 8.079505087181053, "n_estimators": 11.413065593597064}, "datetime": {"datetime": "2021-09-17 10:07:04", "elapsed": 15.931512, "delta": 0.250139}}
{"target": -2.938247443500318, "params": {"eta": 0.7, "max_depth": 8.075065286017448, "n_estimators": 11.712433807545798}, "datetime": {"datetime": "2021-09-17 10:07:04", "elapsed": 16.593512, "delta": 0.662}}
{"target": -3.0943454014627556, "params": {"eta": 0.6539985495819312, "max_depth": 7.767116617197438, "n_estimators": 11.161797078445378}, "datetime": {"datetime": "2021-09-17 10:07:05", "elapsed": 17.145512, "delta": 0.552}}
{"target": -2.929326703673915, "params": {"eta": 0.6533798400599224, "max_depth": 6.994028545746983, "n_estimators": 13.76962382272806}, "datetime": {"datetime": "2021-09-17 10:07:05", "elapsed": 17.387511, "delta": 0.241999}}
{"target": -2.965527716435884, "params": {"eta": 0.7, "max_depth": 5.26958594781374, "n_estimators": 14.327322533809236}, "datetime": {"datetime": "2021-09-17 10:07:06", "elapsed": 17.841088, "delta": 0.453577}}
{"target": -2.795357189680401, "params": {"eta": 0.18800119673365895, "max_depth": 5.618744548979385, "n_estimators": 15.096563807483744}, "datetime": {"datetime": "2021-09-17 10:07:06", "elapsed": 18.39909, "delta": 0.558002}}
{"target": -3.4718601320919236, "params": {"eta": 0.1253223496717294, "max_depth": 6.918763866198466, "n_estimators": 17.929360357257274}, "datetime": {"datetime": "2021-09-17 10:07:06", "elapsed": 18.655625, "delta": 0.256535}}
{"target": -2.9972843966986, "params": {"eta": 0.6292093439796034, "max_depth": 8.776290230069494, "n_estimators": 17.127234734571115}, "datetime": {"datetime": "2021-09-17 10:07:07", "elapsed": 19.298624, "delta": 0.642999}}
{"target": -2.855671403909984, "params": {"eta": 0.1651837241285986, "max_depth": 8.338713877154081, "n_estimators": 17.7970367494301}, "datetime": {"datetime": "2021-09-17 10:07:07", "elapsed": 19.576296, "delta": 0.277672}}
{"target": -3.0143685447542294, "params": {"eta": 0.6230482010967813, "max_depth": 2.607356547576915, "n_estimators": 13.350289615162183}, "datetime": {"datetime": "2021-09-17 10:07:08", "elapsed": 19.809296, "delta": 0.233}}
{"target": -2.61566110033738, "params": {"eta": 0.3896825355593865, "max_depth": 7.911703114506741, "n_estimators": 11.668621100047567}, "datetime": {"datetime": "2021-09-17 10:07:08", "elapsed": 20.321296, "delta": 0.512}}
{"target": -2.9335263823208058, "params": {"eta": 0.6723840710369576, "max_depth": 5.6536303267651675, "n_estimators": 14.996393925061781}, "datetime": {"datetime": "2021-09-17 10:07:09", "elapsed": 21.164999, "delta": 0.843703}}
{"target": -2.6001740305047285, "params": {"eta": 0.43186172468157, "max_depth": 8.059573212529516, "n_estimators": 11.390851541614833}, "datetime": {"datetime": "2021-09-17 10:07:09", "elapsed": 21.435992, "delta": 0.270993}}
{"target": -2.6223286892238415, "params": {"eta": 0.22973399701592886, "max_depth": 9.410977452479957, "n_estimators": 17.491788548339386}, "datetime": {"datetime": "2021-09-17 10:07:10", "elapsed": 22.054271, "delta": 0.618279}}
{"target": -2.9379981674646074, "params": {"eta": 0.5831568138770818, "max_depth": 9.577497826314838, "n_estimators": 17.08396943664608}, "datetime": {"datetime": "2021-09-17 10:07:10", "elapsed": 22.681273, "delta": 0.627002}}
{"target": -2.7089285455252, "params": {"eta": 0.2755947817530128, "max_depth": 7.880043917459092, "n_estimators": 10.561386510890774}, "datetime": {"datetime": "2021-09-17 10:07:11", "elapsed": 22.954273, "delta": 0.273}}
{"target": -4.668586489401366, "params": {"eta": 0.15174888403277392, "max_depth": 5.924852955859525, "n_estimators": 11.160251998921979}, "datetime": {"datetime": "2021-09-17 10:07:11", "elapsed": 23.225274, "delta": 0.271001}}
{"target": -3.9229712956830074, "params": {"eta": 0.19113239539796256, "max_depth": 7.533773351086356, "n_estimators": 10.82649341517746}, "datetime": {"datetime": "2021-09-17 10:07:12", "elapsed": 23.829134, "delta": 0.60386}}
{"target": -3.0032622895742715, "params": {"eta": 0.637316495895064, "max_depth": 8.034953435280087, "n_estimators": 10.750558420664184}, "datetime": {"datetime": "2021-09-17 10:07:12", "elapsed": 24.452132, "delta": 0.622998}}
{"target": -3.0853237302679766, "params": {"eta": 0.16812579682961554, "max_depth": 6.116662158461054, "n_estimators": 14.783165272703354}, "datetime": {"datetime": "2021-09-17 10:07:13", "elapsed": 25.076129, "delta": 0.623997}}
{"target": -3.5714630904950595, "params": {"eta": 0.14564344431158532, "max_depth": 5.343931707482139, "n_estimators": 14.6022884071335}, "datetime": {"datetime": "2021-09-17 10:07:13", "elapsed": 25.727527, "delta": 0.651398}}
{"target": -2.688954025193265, "params": {"eta": 0.4995873611038689, "max_depth": 5.667371100053655, "n_estimators": 15.6157101178872}, "datetime": {"datetime": "2021-09-17 10:07:14", "elapsed": 26.344186, "delta": 0.616659}}
{"target": -2.697813390430651, "params": {"eta": 0.7, "max_depth": 3.6099598937352444, "n_estimators": 17.115167893748787}, "datetime": {"datetime": "2021-09-17 10:07:15", "elapsed": 26.886183, "delta": 0.541997}}
{"target": -2.7011904986281143, "params": {"eta": 0.478971129487072, "max_depth": 4.766341714073237, "n_estimators": 14.492858195621384}, "datetime": {"datetime": "2021-09-17 10:07:15", "elapsed": 27.165179, "delta": 0.278996}}
{"target": -2.938247443500318, "params": {"eta": 0.7, "max_depth": 8.17544424843405, "n_estimators": 11.36970532632961}, "datetime": {"datetime": "2021-09-17 10:07:16", "elapsed": 27.916327, "delta": 0.751148}}
{"target": -2.5541980329312777, "params": {"eta": 0.37500270977208616, "max_depth": 9.723534294780272, "n_estimators": 14.552352525196795}, "datetime": {"datetime": "2021-09-17 10:07:16", "elapsed": 28.242327, "delta": 0.326}}
