{"target": 0.7719278908994742, "params": {"eta": 0.15617474406692872, "max_depth": 19.493642358792457, "n_estimators": 14.689998562726759}, "datetime": {"datetime": "2021-09-17 18:28:44", "elapsed": 16.493308, "delta": 0.495236}}
{"target": 0.8254176342367833, "params": {"eta": 0.5223990206991992, "max_depth": 15.464077614149916, "n_estimators": 14.875184609522432}, "datetime": {"datetime": "2021-09-17 18:28:45", "elapsed": 16.803307, "delta": 0.309999}}
{"target": 0.7787895219973366, "params": {"eta": 0.6200439695535713, "max_depth": 19.81212967728812, "n_estimators": 14.757357848193463}, "datetime": {"datetime": "2021-09-17 18:28:45", "elapsed": 17.370303, "delta": 0.566996}}
{"target": 0.85198580625352, "params": {"eta": 0.2728897913191264, "max_depth": 19.68604180250213, "n_estimators": 14.1681892798059}, "datetime": {"datetime": "2021-09-17 18:28:46", "elapsed": 17.757306, "delta": 0.387003}}
{"target": 0.7571904582603813, "params": {"eta": 0.7980112267901349, "max_depth": 10.508953876613166, "n_estimators": 12.747880204462785}, "datetime": {"datetime": "2021-09-17 18:28:46", "elapsed": 18.063303, "delta": 0.305997}}
{"target": 0.8059714670668853, "params": {"eta": 0.5842166756087037, "max_depth": 5.8261050876040645, "n_estimators": 16.60163313818444}, "datetime": {"datetime": "2021-09-17 18:28:46", "elapsed": 18.318305, "delta": 0.255002}}
{"target": 0.8526356591230045, "params": {"eta": 0.35666808898559277, "max_depth": 19.395013687186328, "n_estimators": 14.229963877479717}, "datetime": {"datetime": "2021-09-17 18:28:47", "elapsed": 18.806742, "delta": 0.488437}}
{"target": 0.8432904108647744, "params": {"eta": 0.4682082745386592, "max_depth": 19.751689985340438, "n_estimators": 14.353710139024738}, "datetime": {"datetime": "2021-09-17 18:28:47", "elapsed": 19.42774, "delta": 0.620998}}
{"target": 0.79832402811718, "params": {"eta": 0.5721826161759, "max_depth": 19.666182687274453, "n_estimators": 14.008721184219949}, "datetime": {"datetime": "2021-09-17 18:28:48", "elapsed": 19.920742, "delta": 0.493002}}
{"target": 0.5489331142323053, "params": {"eta": 0.11073500182505669, "max_depth": 19.806569977819272, "n_estimators": 14.393617645958653}, "datetime": {"datetime": "2021-09-17 18:28:48", "elapsed": 20.268742, "delta": 0.348}}
{"target": 0.834656998774645, "params": {"eta": 0.2398579543946888, "max_depth": 19.509665581262112, "n_estimators": 13.98232024367518}, "datetime": {"datetime": "2021-09-17 18:28:49", "elapsed": 20.773069, "delta": 0.504327}}
{"target": 0.8463302572900017, "params": {"eta": 0.42184711680414644, "max_depth": 7.1030620481105515, "n_estimators": 14.704735396568378}, "datetime": {"datetime": "2021-09-17 18:28:49", "elapsed": 21.142073, "delta": 0.369004}}
{"target": 0.7627339188615577, "params": {"eta": 0.2995647948178952, "max_depth": 11.695113347558966, "n_estimators": 7.415124407663994}, "datetime": {"datetime": "2021-09-17 18:28:49", "elapsed": 21.397073, "delta": 0.255}}
{"target": 0.8582833624168122, "params": {"eta": 0.44635451041758567, "max_depth": 7.478050157257261, "n_estimators": 14.667808705894}, "datetime": {"datetime": "2021-09-17 18:28:50", "elapsed": 21.859072, "delta": 0.461999}}
{"target": 0.847271754771137, "params": {"eta": 0.33935959936322724, "max_depth": 7.390418420285837, "n_estimators": 14.838826506839085}, "datetime": {"datetime": "2021-09-17 18:28:50", "elapsed": 22.239073, "delta": 0.380001}}
{"target": 0.8056232024917769, "params": {"eta": 0.5040873679562395, "max_depth": 16.840677590071863, "n_estimators": 9.579556747726452}, "datetime": {"datetime": "2021-09-17 18:28:50", "elapsed": 22.601072, "delta": 0.361999}}
{"target": 0.8000392240326384, "params": {"eta": 0.6141711678169173, "max_depth": 16.555013314013678, "n_estimators": 14.003062508521035}, "datetime": {"datetime": "2021-09-17 18:28:51", "elapsed": 23.129069, "delta": 0.527997}}
{"target": 0.8049778688823502, "params": {"eta": 0.612250692868056, "max_depth": 18.09205270019853, "n_estimators": 12.164767520395433}, "datetime": {"datetime": "2021-09-17 18:28:51", "elapsed": 23.558071, "delta": 0.429002}}
{"target": 0.7774406465968535, "params": {"eta": 0.7379254075924531, "max_depth": 7.361780389533797, "n_estimators": 14.635176506387488}, "datetime": {"datetime": "2021-09-17 18:28:52", "elapsed": 23.878071, "delta": 0.32}}
{"target": 0.850759090809328, "params": {"eta": 0.21663285736438778, "max_depth": 5.030935155584546, "n_estimators": 18.26976479227457}, "datetime": {"datetime": "2021-09-17 18:28:52", "elapsed": 24.174137, "delta": 0.296066}}
{"target": 0.8501229813770228, "params": {"eta": 0.44726652054354477, "max_depth": 19.781999399016428, "n_estimators": 14.335502856030232}, "datetime": {"datetime": "2021-09-17 18:28:52", "elapsed": 24.629357, "delta": 0.45522}}
{"target": 0.8288688939321116, "params": {"eta": 0.22238447750528736, "max_depth": 7.318531698435226, "n_estimators": 14.634559967964286}, "datetime": {"datetime": "2021-09-17 18:28:53", "elapsed": 25.269359, "delta": 0.640002}}
{"target": 0.8512448230163351, "params": {"eta": 0.4632264003502329, "max_depth": 6.793826968832727, "n_estimators": 18.151084114996348}, "datetime": {"datetime": "2021-09-17 18:28:53", "elapsed": 25.589356, "delta": 0.319997}}
{"target": 0.8084993274448905, "params": {"eta": 0.17218873502291276, "max_depth": 14.783619035881767, "n_estimators": 15.39426397652771}, "datetime": {"datetime": "2021-09-17 18:28:54", "elapsed": 26.018117, "delta": 0.428761}}
{"target": 0.8257870054606075, "params": {"eta": 0.25400135801067836, "max_depth": 16.566350882255502, "n_estimators": 13.614063731004476}, "datetime": {"datetime": "2021-09-17 18:28:54", "elapsed": 26.40529, "delta": 0.387173}}
{"target": 0.8467935368678611, "params": {"eta": 0.3001098430891908, "max_depth": 4.786690500006737, "n_estimators": 18.12483085779787}, "datetime": {"datetime": "2021-09-17 18:28:55", "elapsed": 26.817286, "delta": 0.411996}}
{"target": 0.8434610216094561, "params": {"eta": 0.25267981508083365, "max_depth": 6.797756351074803, "n_estimators": 14.171109978228936}, "datetime": {"datetime": "2021-09-17 18:28:55", "elapsed": 27.204289, "delta": 0.387003}}
{"target": 0.6519829193367492, "params": {"eta": 0.10597252564990213, "max_depth": 4.908667113977925, "n_estimators": 17.955643485687304}, "datetime": {"datetime": "2021-09-17 18:28:56", "elapsed": 27.717294, "delta": 0.513005}}
{"target": 0.847258919740356, "params": {"eta": 0.4531416796518768, "max_depth": 11.760630491274831, "n_estimators": 19.294999883003214}, "datetime": {"datetime": "2021-09-17 18:28:56", "elapsed": 28.11229, "delta": 0.394996}}
{"target": 0.8602063819976196, "params": {"eta": 0.40158686883976474, "max_depth": 4.843785642650354, "n_estimators": 18.353951161753887}, "datetime": {"datetime": "2021-09-17 18:28:56", "elapsed": 28.571034, "delta": 0.458744}}
{"target": 0.8502279068421787, "params": {"eta": 0.193359115030293, "max_depth": 4.85789181670072, "n_estimators": 18.45408255608841}, "datetime": {"datetime": "2021-09-17 18:28:57", "elapsed": 28.943029, "delta": 0.371995}}
{"target": 0.8191994783230772, "params": {"eta": 0.5912952793075192, "max_depth": 4.795014207712887, "n_estimators": 18.108525552786954}, "datetime": {"datetime": "2021-09-17 18:28:57", "elapsed": 29.307029, "delta": 0.364}}
{"target": 0.8531576278035862, "params": {"eta": 0.3860809603667299, "max_depth": 5.105300033380935, "n_estimators": 18.51891460423459}, "datetime": {"datetime": "2021-09-17 18:28:57", "elapsed": 29.687031, "delta": 0.380002}}
{"target": 0.818252683174154, "params": {"eta": 0.6650243654703049, "max_depth": 4.308662025102256, "n_estimators": 10.759779369469982}, "datetime": {"datetime": "2021-09-17 18:28:58", "elapsed": 30.015028, "delta": 0.327997}}
{"target": 0.8076659527372592, "params": {"eta": 0.5020067569277219, "max_depth": 19.543662237190674, "n_estimators": 19.185373646789074}, "datetime": {"datetime": "2021-09-17 18:28:58", "elapsed": 30.563871, "delta": 0.548843}}
{"target": 0.8401265903734224, "params": {"eta": 0.4770147640811202, "max_depth": 5.074983331504644, "n_estimators": 18.174452723381272}, "datetime": {"datetime": "2021-09-17 18:28:59", "elapsed": 31.166482, "delta": 0.602611}}
{"target": 0.8462399427466448, "params": {"eta": 0.2289990350936785, "max_depth": 4.53312680426691, "n_estimators": 18.3118589415417}, "datetime": {"datetime": "2021-09-17 18:28:59", "elapsed": 31.617486, "delta": 0.451004}}
{"target": 0.8440007247982749, "params": {"eta": 0.20364967628284938, "max_depth": 5.229673773134856, "n_estimators": 18.444781232197734}, "datetime": {"datetime": "2021-09-17 18:29:00", "elapsed": 31.954487, "delta": 0.337001}}
{"target": 0.8061529623417028, "params": {"eta": 0.6659350995086301, "max_depth": 4.964025527975894, "n_estimators": 18.513201879301448}, "datetime": {"datetime": "2021-09-17 18:29:00", "elapsed": 32.50872, "delta": 0.554233}}
{"target": 0.8611018888909121, "params": {"eta": 0.2214664392765849, "max_depth": 4.575091837367198, "n_estimators": 18.66067277072734}, "datetime": {"datetime": "2021-09-17 18:29:01", "elapsed": 33.123715, "delta": 0.614995}}
{"target": 0.8553953549426989, "params": {"eta": 0.3778847011679355, "max_depth": 4.346363804726487, "n_estimators": 18.653529773443775}, "datetime": {"datetime": "2021-09-17 18:29:01", "elapsed": 33.673791, "delta": 0.550076}}
{"target": 0.8505760145885674, "params": {"eta": 0.4622375123882311, "max_depth": 4.69645611963953, "n_estimators": 18.851475880713117}, "datetime": {"datetime": "2021-09-17 18:29:02", "elapsed": 34.122781, "delta": 0.44899}}
{"target": 0.8469874139443127, "params": {"eta": 0.23753650574123839, "max_depth": 4.819700550772831, "n_estimators": 18.767585938589004}, "datetime": {"datetime": "2021-09-17 18:29:02", "elapsed": 34.517979, "delta": 0.395198}}
{"target": 0.8356026138410364, "params": {"eta": 0.3974867924007125, "max_depth": 4.601378847529146, "n_estimators": 18.477645164017776}, "datetime": {"datetime": "2021-09-17 18:29:03", "elapsed": 35.016984, "delta": 0.499005}}
{"target": 0.797708194069302, "params": {"eta": 0.135549820013241, "max_depth": 4.5531390054816026, "n_estimators": 18.982873713095792}, "datetime": {"datetime": "2021-09-17 18:29:03", "elapsed": 35.47098, "delta": 0.453996}}
{"target": 0.7986114148920104, "params": {"eta": 0.6069070185109646, "max_depth": 7.984077104967136, "n_estimators": 18.896349707148534}, "datetime": {"datetime": "2021-09-17 18:29:04", "elapsed": 35.867633, "delta": 0.396653}}
{"target": 0.7998395942125853, "params": {"eta": 0.5846216588503356, "max_depth": 6.3131275512827045, "n_estimators": 15.495147876371018}, "datetime": {"datetime": "2021-09-17 18:29:04", "elapsed": 36.22963, "delta": 0.361997}}
{"target": 0.8385817257197766, "params": {"eta": 0.3150511351120806, "max_depth": 7.407507135441966, "n_estimators": 14.8323787439653}, "datetime": {"datetime": "2021-09-17 18:29:04", "elapsed": 36.596014, "delta": 0.366384}}
{"target": 0.8339311896949066, "params": {"eta": 0.30581983370794596, "max_depth": 11.498028988866086, "n_estimators": 17.830645088925053}, "datetime": {"datetime": "2021-09-17 18:29:05", "elapsed": 37.000012, "delta": 0.403998}}
{"target": 0.8538602641784103, "params": {"eta": 0.3483915020145102, "max_depth": 5.033551617092675, "n_estimators": 16.58421235823461}, "datetime": {"datetime": "2021-09-17 18:29:05", "elapsed": 37.386012, "delta": 0.386}}
{"target": 0.7643592380153599, "params": {"eta": 0.7316681727236589, "max_depth": 4.352551992496741, "n_estimators": 18.835641120256746}, "datetime": {"datetime": "2021-09-17 18:29:06", "elapsed": 38.013017, "delta": 0.627005}}
{"target": 0.7856674798636771, "params": {"eta": 0.14721025798687457, "max_depth": 6.577482442299685, "n_estimators": 15.043769053321194}, "datetime": {"datetime": "2021-09-17 18:29:06", "elapsed": 38.454018, "delta": 0.441001}}
{"target": 0.7990271116221621, "params": {"eta": 0.5293465968968692, "max_depth": 6.704251003518319, "n_estimators": 13.585357220066356}, "datetime": {"datetime": "2021-09-17 18:29:07", "elapsed": 38.934013, "delta": 0.479995}}
{"target": 0.7850205894486408, "params": {"eta": 0.5855178277587861, "max_depth": 7.031859568238138, "n_estimators": 13.46645671769088}, "datetime": {"datetime": "2021-09-17 18:29:07", "elapsed": 39.461016, "delta": 0.527003}}
{"target": 0.8502753103803389, "params": {"eta": 0.19355466665237686, "max_depth": 4.225557029941127, "n_estimators": 18.641859893181355}, "datetime": {"datetime": "2021-09-17 18:29:08", "elapsed": 39.859016, "delta": 0.398}}
{"target": 0.7695053051741524, "params": {"eta": 0.13799411152632482, "max_depth": 5.010372051257262, "n_estimators": 16.74645043873445}, "datetime": {"datetime": "2021-09-17 18:29:08", "elapsed": 40.360013, "delta": 0.500997}}
{"target": 0.7779856596025441, "params": {"eta": 0.6182717655944067, "max_depth": 5.01046733409466, "n_estimators": 16.51347781057958}, "datetime": {"datetime": "2021-09-17 18:29:09", "elapsed": 40.836779, "delta": 0.476766}}
{"target": 0.8483223666643505, "params": {"eta": 0.3543409588046521, "max_depth": 4.491868666928232, "n_estimators": 18.099588347385712}, "datetime": {"datetime": "2021-09-17 18:29:09", "elapsed": 41.307784, "delta": 0.471005}}
{"target": 0.7568057339700891, "params": {"eta": 0.5998185334335389, "max_depth": 12.444474512101413, "n_estimators": 17.799166581221748}, "datetime": {"datetime": "2021-09-17 18:29:10", "elapsed": 41.831776, "delta": 0.523992}}
{"target": 0.8385970562767361, "params": {"eta": 0.49550807096946803, "max_depth": 4.9987330284906815, "n_estimators": 18.773252093185345}, "datetime": {"datetime": "2021-09-17 18:29:10", "elapsed": 42.257777, "delta": 0.426001}}
{"target": 0.8453374628471142, "params": {"eta": 0.2688423929029572, "max_depth": 5.1957182074975865, "n_estimators": 18.78478590451224}, "datetime": {"datetime": "2021-09-17 18:29:10", "elapsed": 42.694012, "delta": 0.436235}}
{"target": 0.8473292698341308, "params": {"eta": 0.20654531081761504, "max_depth": 4.234256759046495, "n_estimators": 18.367375105054094}, "datetime": {"datetime": "2021-09-17 18:29:11", "elapsed": 43.106009, "delta": 0.411997}}
{"target": 0.8457733138555148, "params": {"eta": 0.40778732665682205, "max_depth": 5.366436773672998, "n_estimators": 18.62162037925242}, "datetime": {"datetime": "2021-09-17 18:29:12", "elapsed": 43.72104, "delta": 0.615031}}
{"target": 0.8470752066990908, "params": {"eta": 0.34148685961071956, "max_depth": 4.044029490246041, "n_estimators": 18.808925109996757}, "datetime": {"datetime": "2021-09-17 18:29:12", "elapsed": 44.342046, "delta": 0.621006}}
{"target": 0.6432053233244327, "params": {"eta": 0.13356123019172353, "max_depth": 16.835582457993926, "n_estimators": 13.888513619595173}, "datetime": {"datetime": "2021-09-17 18:29:13", "elapsed": 44.797199, "delta": 0.455153}}
{"target": 0.8448980451936227, "params": {"eta": 0.25381308841711814, "max_depth": 5.136477427891588, "n_estimators": 16.359230182027318}, "datetime": {"datetime": "2021-09-17 18:29:13", "elapsed": 45.401199, "delta": 0.604}}
{"target": 0.817063700928676, "params": {"eta": 0.5345347075897366, "max_depth": 7.584170560315759, "n_estimators": 14.91765036729355}, "datetime": {"datetime": "2021-09-17 18:29:14", "elapsed": 46.0522, "delta": 0.651001}}
{"target": 0.8456910805013393, "params": {"eta": 0.25042273878207977, "max_depth": 5.187641818038122, "n_estimators": 18.767319249865313}, "datetime": {"datetime": "2021-09-17 18:29:14", "elapsed": 46.453196, "delta": 0.400996}}
{"target": 0.8490935428437296, "params": {"eta": 0.26238360912888703, "max_depth": 4.84967393004918, "n_estimators": 16.377430036793353}, "datetime": {"datetime": "2021-09-17 18:29:15", "elapsed": 47.117549, "delta": 0.664353}}
{"target": 0.8730563046460813, "params": {"eta": 0.3887427109606255, "max_depth": 11.893110255004423, "n_estimators": 18.845381334855873}, "datetime": {"datetime": "2021-09-17 18:29:15", "elapsed": 47.613544, "delta": 0.495995}}
{"target": 0.8417642091587548, "params": {"eta": 0.3703284217056172, "max_depth": 7.6013323771568935, "n_estimators": 8.497244227210142}, "datetime": {"datetime": "2021-09-17 18:29:16", "elapsed": 48.043542, "delta": 0.429998}}
{"target": 0.7506530626410557, "params": {"eta": 0.7632002416359007, "max_depth": 15.358900410107783, "n_estimators": 19.799052521378098}, "datetime": {"datetime": "2021-09-17 18:29:17", "elapsed": 48.713734, "delta": 0.670192}}
{"target": 0.8419321382062956, "params": {"eta": 0.23596181390730872, "max_depth": 11.944575339134431, "n_estimators": 19.087540021265415}, "datetime": {"datetime": "2021-09-17 18:29:17", "elapsed": 49.232739, "delta": 0.519005}}
{"target": 0.7791687483796277, "params": {"eta": 0.6641909367650224, "max_depth": 9.306632410071764, "n_estimators": 19.08813918156261}, "datetime": {"datetime": "2021-09-17 18:29:18", "elapsed": 49.800733, "delta": 0.567994}}
{"target": 0.8242374125975964, "params": {"eta": 0.5208506732870851, "max_depth": 11.951130505480688, "n_estimators": 19.011116481096757}, "datetime": {"datetime": "2021-09-17 18:29:18", "elapsed": 50.32273, "delta": 0.521997}}
{"target": 0.855388951273934, "params": {"eta": 0.2642838269257084, "max_depth": 19.933620429233738, "n_estimators": 14.830447939668115}, "datetime": {"datetime": "2021-09-17 18:29:19", "elapsed": 50.807042, "delta": 0.484312}}
{"target": 0.8501686582571415, "params": {"eta": 0.19212321483980366, "max_depth": 12.012251951671516, "n_estimators": 18.698235332149846}, "datetime": {"datetime": "2021-09-17 18:29:19", "elapsed": 51.458042, "delta": 0.651}}
{"target": 0.8605176962175008, "params": {"eta": 0.4279439905262865, "max_depth": 7.093387582673859, "n_estimators": 14.697685476376101}, "datetime": {"datetime": "2021-09-17 18:29:20", "elapsed": 51.899045, "delta": 0.441003}}
{"target": 0.8601095240081508, "params": {"eta": 0.20885435849658476, "max_depth": 11.895506749178253, "n_estimators": 18.819762662569403}, "datetime": {"datetime": "2021-09-17 18:29:20", "elapsed": 52.441045, "delta": 0.542}}
{"target": 0.7792635385111794, "params": {"eta": 0.6748696736967758, "max_depth": 15.51107616912704, "n_estimators": 18.631050881321165}, "datetime": {"datetime": "2021-09-17 18:29:21", "elapsed": 52.971771, "delta": 0.530726}}
{"target": 0.8621030161361292, "params": {"eta": 0.4006179463373495, "max_depth": 7.258632602491343, "n_estimators": 14.542109055377429}, "datetime": {"datetime": "2021-09-17 18:29:21", "elapsed": 53.4843, "delta": 0.512529}}
{"target": 0.8526459586245227, "params": {"eta": 0.3539028026863328, "max_depth": 6.581681479038213, "n_estimators": 14.373031806603233}, "datetime": {"datetime": "2021-09-17 18:29:22", "elapsed": 53.892303, "delta": 0.408003}}
{"target": 0.8620655949242403, "params": {"eta": 0.4008714503990044, "max_depth": 7.074324209708946, "n_estimators": 14.60124892097808}, "datetime": {"datetime": "2021-09-17 18:29:23", "elapsed": 54.813301, "delta": 0.920998}}
{"target": 0.8604216850811128, "params": {"eta": 0.3500262269180221, "max_depth": 4.546029911920465, "n_estimators": 18.78437170507464}, "datetime": {"datetime": "2021-09-17 18:29:23", "elapsed": 55.246303, "delta": 0.433002}}
{"target": 0.84744873263447, "params": {"eta": 0.3153437919586136, "max_depth": 12.040413648854626, "n_estimators": 18.91616011168092}, "datetime": {"datetime": "2021-09-17 18:29:24", "elapsed": 55.784959, "delta": 0.538656}}
{"target": 0.85240609881767, "params": {"eta": 0.3165907561781998, "max_depth": 11.781376312675821, "n_estimators": 18.955399382959328}, "datetime": {"datetime": "2021-09-17 18:29:24", "elapsed": 56.380961, "delta": 0.596002}}
{"target": 0.867327826044943, "params": {"eta": 0.40450757086237066, "max_depth": 4.7535321578239405, "n_estimators": 18.59611016077937}, "datetime": {"datetime": "2021-09-17 18:29:25", "elapsed": 56.875961, "delta": 0.495}}
{"target": 0.8306507565140241, "params": {"eta": 0.42366426269528723, "max_depth": 19.971890700617443, "n_estimators": 14.887336880158792}, "datetime": {"datetime": "2021-09-17 18:29:25", "elapsed": 57.389965, "delta": 0.514004}}
{"target": 0.8451648092167058, "params": {"eta": 0.22793462770506712, "max_depth": 4.383302585975218, "n_estimators": 18.766943681820624}, "datetime": {"datetime": "2021-09-17 18:29:26", "elapsed": 57.983959, "delta": 0.593994}}
{"target": 0.8410156187981374, "params": {"eta": 0.4192248249172471, "max_depth": 11.731412917387035, "n_estimators": 18.729332127247346}, "datetime": {"datetime": "2021-09-17 18:29:26", "elapsed": 58.556188, "delta": 0.572229}}
{"target": 0.8463292020529878, "params": {"eta": 0.3401359503071374, "max_depth": 4.864438014443323, "n_estimators": 18.548677372573067}, "datetime": {"datetime": "2021-09-17 18:29:27", "elapsed": 59.178189, "delta": 0.622001}}
{"target": 0.6728920654829609, "params": {"eta": 0.10177154239591152, "max_depth": 4.490603772924166, "n_estimators": 18.538286477260634}, "datetime": {"datetime": "2021-09-17 18:29:28", "elapsed": 59.728185, "delta": 0.549996}}
{"target": 0.8569991672942803, "params": {"eta": 0.28466114403520093, "max_depth": 4.7129900721978295, "n_estimators": 18.692254363358643}, "datetime": {"datetime": "2021-09-17 18:29:28", "elapsed": 60.274187, "delta": 0.546002}}
{"target": 0.7990505983201452, "params": {"eta": 0.5686026095555693, "max_depth": 7.054198793707997, "n_estimators": 14.642591350683297}, "datetime": {"datetime": "2021-09-17 18:29:29", "elapsed": 60.928557, "delta": 0.65437}}
{"target": 0.8522863168774745, "params": {"eta": 0.27192049686243774, "max_depth": 4.839396519633619, "n_estimators": 16.383076008701696}, "datetime": {"datetime": "2021-09-17 18:29:29", "elapsed": 61.402558, "delta": 0.474001}}
{"target": 0.8578773657360752, "params": {"eta": 0.3933635848612149, "max_depth": 7.297510249860366, "n_estimators": 14.719953355952969}, "datetime": {"datetime": "2021-09-17 18:29:30", "elapsed": 61.887553, "delta": 0.484995}}
