{"target": -2.4179998987599425, "params": {"eta": 0.1744417384743301, "max_depth": 11.993254465344071, "n_estimators": 22.21775984196418}, "datetime": {"datetime": "2021-09-17 13:49:06", "elapsed": 334.816529, "delta": 1.256665}}
{"target": -2.784476966606943, "params": {"eta": 0.09998293502840795, "max_depth": 13.263476263497699, "n_estimators": 27.04393198297133}, "datetime": {"datetime": "2021-09-17 13:49:08", "elapsed": 336.343401, "delta": 1.526872}}
{"target": -2.401731193693061, "params": {"eta": 0.13208834548408538, "max_depth": 10.543030558663053, "n_estimators": 28.925393600954827}, "datetime": {"datetime": "2021-09-17 13:49:09", "elapsed": 337.637325, "delta": 1.293924}}
{"target": -2.459894507809689, "params": {"eta": 0.12270212291444295, "max_depth": 10.438244665518685, "n_estimators": 28.837993271567854}, "datetime": {"datetime": "2021-09-17 13:49:10", "elapsed": 338.923699, "delta": 1.286374}}
{"target": -2.3479857200070433, "params": {"eta": 0.17178348759689682, "max_depth": 14.530829106452527, "n_estimators": 25.991989691364626}, "datetime": {"datetime": "2021-09-17 13:49:12", "elapsed": 340.230524, "delta": 1.306825}}
{"target": -2.3649728235445524, "params": {"eta": 0.2, "max_depth": 14.063633386609592, "n_estimators": 26.598785637420935}, "datetime": {"datetime": "2021-09-17 13:49:13", "elapsed": 341.973727, "delta": 1.743203}}
{"target": -2.384911121820149, "params": {"eta": 0.18997254850222073, "max_depth": 16.055883211031222, "n_estimators": 25.85089243003032}, "datetime": {"datetime": "2021-09-17 13:49:15", "elapsed": 344.025669, "delta": 2.051942}}
{"target": -2.941496101806038, "params": {"eta": 0.09984716535455783, "max_depth": 11.627015410126273, "n_estimators": 25.423800409031752}, "datetime": {"datetime": "2021-09-17 13:49:17", "elapsed": 345.218815, "delta": 1.193146}}
{"target": -2.3438003891392762, "params": {"eta": 0.1847408151401678, "max_depth": 14.829227813517232, "n_estimators": 28.64512920764541}, "datetime": {"datetime": "2021-09-17 13:49:18", "elapsed": 346.906131, "delta": 1.687316}}
{"target": -2.6974094541449296, "params": {"eta": 0.10709156252718481, "max_depth": 13.174724903802911, "n_estimators": 26.655091127683058}, "datetime": {"datetime": "2021-09-17 13:49:20", "elapsed": 348.20676, "delta": 1.300629}}
{"target": -2.356823397937574, "params": {"eta": 0.1986701496962355, "max_depth": 16.167896541984714, "n_estimators": 24.99578843992099}, "datetime": {"datetime": "2021-09-17 13:49:21", "elapsed": 349.553177, "delta": 1.346417}}
{"target": -2.835515116390429, "params": {"eta": 0.09431558403801683, "max_depth": 13.275847565134848, "n_estimators": 28.499296542561183}, "datetime": {"datetime": "2021-09-17 13:49:23", "elapsed": 351.431747, "delta": 1.87857}}
{"target": -2.3981575100045456, "params": {"eta": 0.19151320597666133, "max_depth": 13.165496897498471, "n_estimators": 28.524132750010207}, "datetime": {"datetime": "2021-09-17 13:49:25", "elapsed": 353.487836, "delta": 2.056089}}
{"target": -2.3880430855249104, "params": {"eta": 0.13179311449464787, "max_depth": 13.13774569952162, "n_estimators": 28.445134283847757}, "datetime": {"datetime": "2021-09-17 13:49:27", "elapsed": 355.259516, "delta": 1.77168}}
{"target": -2.54508018807361, "params": {"eta": 0.11369983822946582, "max_depth": 11.607794281989879, "n_estimators": 28.057158585170203}, "datetime": {"datetime": "2021-09-17 13:49:29", "elapsed": 357.482305, "delta": 2.222789}}
{"target": -2.3161280744954156, "params": {"eta": 0.1646337747311905, "max_depth": 13.567238862636788, "n_estimators": 27.651336499264854}, "datetime": {"datetime": "2021-09-17 13:49:30", "elapsed": 358.889487, "delta": 1.407182}}
{"target": -2.3649217881654434, "params": {"eta": 0.16874452907001958, "max_depth": 15.45312891784823, "n_estimators": 28.166779413957112}, "datetime": {"datetime": "2021-09-17 13:49:33", "elapsed": 361.47273, "delta": 2.583243}}
{"target": -2.460119987161536, "params": {"eta": 0.12571429688542626, "max_depth": 12.21516273549701, "n_estimators": 27.04294887721331}, "datetime": {"datetime": "2021-09-17 13:49:35", "elapsed": 363.495181, "delta": 2.022451}}
{"target": -2.3501459724024722, "params": {"eta": 0.2, "max_depth": 12.193112346632972, "n_estimators": 26.35028249638886}, "datetime": {"datetime": "2021-09-17 13:49:37", "elapsed": 365.140853, "delta": 1.645672}}
{"target": -2.300854816562251, "params": {"eta": 0.18622510747258603, "max_depth": 14.422177879343435, "n_estimators": 25.091254211397253}, "datetime": {"datetime": "2021-09-17 13:49:38", "elapsed": 366.607037, "delta": 1.466184}}
{"target": -2.3092593506762853, "params": {"eta": 0.13017644698938102, "max_depth": 13.250246927310434, "n_estimators": 28.826864866793585}, "datetime": {"datetime": "2021-09-17 13:49:41", "elapsed": 369.199029, "delta": 2.591992}}
{"target": -2.266706553885811, "params": {"eta": 0.19476426677784348, "max_depth": 11.544911972333855, "n_estimators": 28.319899692628248}, "datetime": {"datetime": "2021-09-17 13:49:42", "elapsed": 370.698581, "delta": 1.499552}}
{"target": -2.322090294486598, "params": {"eta": 0.187126412279683, "max_depth": 13.193378074611319, "n_estimators": 26.972865764724894}, "datetime": {"datetime": "2021-09-17 13:49:45", "elapsed": 373.56512, "delta": 2.866539}}
{"target": -2.4718303467098033, "params": {"eta": 0.12506885960766495, "max_depth": 12.206254110252484, "n_estimators": 26.056784433925717}, "datetime": {"datetime": "2021-09-17 13:49:47", "elapsed": 375.98466, "delta": 2.41954}}
{"target": -2.439760066960987, "params": {"eta": 0.12721921831794109, "max_depth": 15.354580774369479, "n_estimators": 26.526009165358328}, "datetime": {"datetime": "2021-09-17 13:49:49", "elapsed": 377.436414, "delta": 1.451754}}
{"target": -2.43108148135637, "params": {"eta": 0.19995257290512347, "max_depth": 10.766695999527624, "n_estimators": 22.80177531561102}, "datetime": {"datetime": "2021-09-17 13:49:51", "elapsed": 379.596316, "delta": 2.159902}}
{"target": -2.1849180710943124, "params": {"eta": 0.19782772532231438, "max_depth": 11.578170764045495, "n_estimators": 28.400312454466814}, "datetime": {"datetime": "2021-09-17 13:49:54", "elapsed": 382.331329, "delta": 2.735013}}
{"target": -2.3738994127825688, "params": {"eta": 0.16874469636585512, "max_depth": 11.553812373110414, "n_estimators": 28.49598136119552}, "datetime": {"datetime": "2021-09-17 13:49:57", "elapsed": 385.491941, "delta": 3.160612}}
{"target": -2.364129233360291, "params": {"eta": 0.15425437258228236, "max_depth": 11.66405052970962, "n_estimators": 28.42540343891079}, "datetime": {"datetime": "2021-09-17 13:49:59", "elapsed": 387.949261, "delta": 2.45732}}
{"target": -3.667328773046795, "params": {"eta": 0.09320284849791317, "max_depth": 10.74664423570491, "n_estimators": 22.80515553056713}, "datetime": {"datetime": "2021-09-17 13:50:01", "elapsed": 390.029682, "delta": 2.080421}}
{"target": -2.189865203907615, "params": {"eta": 0.19800035207537886, "max_depth": 11.488013020519794, "n_estimators": 28.41691087713398}, "datetime": {"datetime": "2021-09-17 13:50:03", "elapsed": 392.122945, "delta": 2.093263}}
{"target": -2.5652069085522697, "params": {"eta": 0.11271278811773056, "max_depth": 12.339827061343463, "n_estimators": 26.91807287060963}, "datetime": {"datetime": "2021-09-17 13:50:06", "elapsed": 394.724114, "delta": 2.601169}}
{"target": -2.640490417731436, "params": {"eta": 0.10590623371151163, "max_depth": 15.602825132961161, "n_estimators": 27.97489903579564}, "datetime": {"datetime": "2021-09-17 13:50:08", "elapsed": 396.982916, "delta": 2.258802}}
{"target": -2.327587446413542, "params": {"eta": 0.1923541422323719, "max_depth": 16.50412087830985, "n_estimators": 28.232466016553616}, "datetime": {"datetime": "2021-09-17 13:50:10", "elapsed": 398.62012, "delta": 1.637204}}
{"target": -2.2832177494701584, "params": {"eta": 0.15213917718746503, "max_depth": 11.52905454353191, "n_estimators": 28.414770304639113}, "datetime": {"datetime": "2021-09-17 13:50:13", "elapsed": 401.217123, "delta": 2.597003}}
{"target": -2.280433683646353, "params": {"eta": 0.19296738748730535, "max_depth": 15.609913203542504, "n_estimators": 24.869442255249524}, "datetime": {"datetime": "2021-09-17 13:50:14", "elapsed": 402.782917, "delta": 1.565794}}
{"target": -2.4124633186741877, "params": {"eta": 0.1588406828865106, "max_depth": 15.661263172463313, "n_estimators": 24.919411462933983}, "datetime": {"datetime": "2021-09-17 13:50:16", "elapsed": 404.66001, "delta": 1.877093}}
{"target": -2.387551931331032, "params": {"eta": 0.1609907904548502, "max_depth": 16.27105613773242, "n_estimators": 23.727695040111374}, "datetime": {"datetime": "2021-09-17 13:50:18", "elapsed": 406.27801, "delta": 1.618}}
{"target": -2.365781694964358, "params": {"eta": 0.2, "max_depth": 11.211470595157396, "n_estimators": 23.581811761621168}, "datetime": {"datetime": "2021-09-17 13:50:21", "elapsed": 409.212211, "delta": 2.934201}}
{"target": -2.421938351580971, "params": {"eta": 0.1314917213357437, "max_depth": 12.314174366486485, "n_estimators": 27.832518570628224}, "datetime": {"datetime": "2021-09-17 13:50:22", "elapsed": 410.626466, "delta": 1.414255}}
{"target": -2.309563610428258, "params": {"eta": 0.1922957479164709, "max_depth": 15.619351085497197, "n_estimators": 28.030184072515937}, "datetime": {"datetime": "2021-09-17 13:50:24", "elapsed": 412.949611, "delta": 2.323145}}
{"target": -2.3554552793502808, "params": {"eta": 0.1713037207756813, "max_depth": 11.459706291153967, "n_estimators": 28.480724857803867}, "datetime": {"datetime": "2021-09-17 13:50:26", "elapsed": 414.960934, "delta": 2.011323}}
{"target": -2.2149872108509667, "params": {"eta": 0.19737600124789137, "max_depth": 10.699060811454718, "n_estimators": 22.946414956185166}, "datetime": {"datetime": "2021-09-17 13:50:28", "elapsed": 416.908318, "delta": 1.947384}}
{"target": -2.351143397782978, "params": {"eta": 0.19070329527113966, "max_depth": 12.962316180410408, "n_estimators": 26.839881756657633}, "datetime": {"datetime": "2021-09-17 13:50:31", "elapsed": 419.220775, "delta": 2.312457}}
{"target": -2.6878367380092016, "params": {"eta": 0.10801025164472486, "max_depth": 10.712123438242656, "n_estimators": 26.189948288517563}, "datetime": {"datetime": "2021-09-17 13:50:32", "elapsed": 420.512209, "delta": 1.291434}}
{"target": -2.360963623774679, "params": {"eta": 0.18459178378713822, "max_depth": 15.66618569444356, "n_estimators": 24.81491133035324}, "datetime": {"datetime": "2021-09-17 13:50:35", "elapsed": 423.550149, "delta": 3.03794}}
{"target": -2.3196523214641367, "params": {"eta": 0.19599140847080998, "max_depth": 14.884841740365129, "n_estimators": 28.48536727012787}, "datetime": {"datetime": "2021-09-17 13:50:38", "elapsed": 426.31997, "delta": 2.769821}}
{"target": -2.293620210572293, "params": {"eta": 0.19314972651781886, "max_depth": 13.187021056852531, "n_estimators": 28.444400083433877}, "datetime": {"datetime": "2021-09-17 13:50:40", "elapsed": 428.348929, "delta": 2.028959}}
{"target": -2.2156859736693533, "params": {"eta": 0.1752531191376778, "max_depth": 15.550435025073076, "n_estimators": 24.923377356555097}, "datetime": {"datetime": "2021-09-17 13:50:42", "elapsed": 430.412453, "delta": 2.063524}}
{"target": -2.4871383384654395, "params": {"eta": 0.13223583285353024, "max_depth": 15.55556339958075, "n_estimators": 24.867382571711747}, "datetime": {"datetime": "2021-09-17 13:50:45", "elapsed": 433.284083, "delta": 2.87163}}
{"target": -2.380895485376057, "params": {"eta": 0.1999708383080705, "max_depth": 15.54536774318618, "n_estimators": 24.97282699920541}, "datetime": {"datetime": "2021-09-17 13:50:47", "elapsed": 435.165285, "delta": 1.881202}}
{"target": -2.234477614729028, "params": {"eta": 0.19586040933082627, "max_depth": 15.49839542322743, "n_estimators": 24.896597621290365}, "datetime": {"datetime": "2021-09-17 13:50:49", "elapsed": 437.896938, "delta": 2.731653}}
{"target": -2.3506271425046417, "params": {"eta": 0.2, "max_depth": 11.66668572298562, "n_estimators": 26.37501341656535}, "datetime": {"datetime": "2021-09-17 13:50:52", "elapsed": 440.927088, "delta": 3.03015}}
{"target": -2.341239328133432, "params": {"eta": 0.18365679931365436, "max_depth": 11.589675983891356, "n_estimators": 26.16300937097887}, "datetime": {"datetime": "2021-09-17 13:50:54", "elapsed": 442.528658, "delta": 1.60157}}
{"target": -2.5423893282287997, "params": {"eta": 0.11953665859695092, "max_depth": 13.892442768328525, "n_estimators": 27.708691730296792}, "datetime": {"datetime": "2021-09-17 13:50:56", "elapsed": 444.238673, "delta": 1.710015}}
{"target": -2.357137836908039, "params": {"eta": 0.198963694084246, "max_depth": 10.639057173745353, "n_estimators": 22.90572563051456}, "datetime": {"datetime": "2021-09-17 13:50:58", "elapsed": 446.646213, "delta": 2.40754}}
{"target": -2.8312794672815422, "params": {"eta": 0.10974725737613109, "max_depth": 15.839089257770244, "n_estimators": 24.733831264238265}, "datetime": {"datetime": "2021-09-17 13:51:00", "elapsed": 448.197751, "delta": 1.551538}}
{"target": -2.342302606607738, "params": {"eta": 0.14407205715582855, "max_depth": 15.480517856383171, "n_estimators": 24.94432440805599}, "datetime": {"datetime": "2021-09-17 13:51:02", "elapsed": 450.638479, "delta": 2.440728}}
{"target": -2.4150885901953045, "params": {"eta": 0.2, "max_depth": 13.428822396728581, "n_estimators": 23.348643608871424}, "datetime": {"datetime": "2021-09-17 13:51:05", "elapsed": 453.41516, "delta": 2.776681}}
{"target": -2.261306732579282, "params": {"eta": 0.19458786074279832, "max_depth": 15.42413787763845, "n_estimators": 24.862189339800317}, "datetime": {"datetime": "2021-09-17 13:51:10", "elapsed": 458.14706, "delta": 2.46184}}
{"target": -2.2867266341259604, "params": {"eta": 0.1866043360249091, "max_depth": 10.865321306998647, "n_estimators": 23.530845220901917}, "datetime": {"datetime": "2021-09-17 13:51:12", "elapsed": 460.781564, "delta": 2.634504}}
{"target": -3.076133787004571, "params": {"eta": 0.0919977021416855, "max_depth": 13.082427269958604, "n_estimators": 26.074018656804952}, "datetime": {"datetime": "2021-09-17 13:51:14", "elapsed": 462.290469, "delta": 1.508905}}
{"target": -2.923972872056459, "params": {"eta": 0.11244014882911585, "max_depth": 13.482915220612039, "n_estimators": 22.88681884381136}, "datetime": {"datetime": "2021-09-17 13:51:15", "elapsed": 463.986667, "delta": 1.696198}}
{"target": -2.45936516335136, "params": {"eta": 0.18894876920932568, "max_depth": 15.441195101928082, "n_estimators": 24.78287363820291}, "datetime": {"datetime": "2021-09-17 13:51:18", "elapsed": 466.407794, "delta": 2.421127}}
{"target": -2.354946884983464, "params": {"eta": 0.1349698210904486, "max_depth": 10.088785716609683, "n_estimators": 28.904126520961377}, "datetime": {"datetime": "2021-09-17 13:51:19", "elapsed": 468.089771, "delta": 1.681977}}
{"target": -2.4543895715161375, "params": {"eta": 0.13587242051728315, "max_depth": 15.042271454095108, "n_estimators": 24.00091499853876}, "datetime": {"datetime": "2021-09-17 13:58:07", "elapsed": 0.0, "delta": 0.0}}
{"target": -2.5821782557587873, "params": {"eta": 0.12325658298950237, "max_depth": 11.02729123571979, "n_estimators": 24.73870875815038}, "datetime": {"datetime": "2021-09-17 13:58:07", "elapsed": 0.132002, "delta": 0.132002}}
{"target": -2.6233409304367865, "params": {"eta": 0.1104886232515438, "max_depth": 12.418925089301334, "n_estimators": 27.17413979384536}, "datetime": {"datetime": "2021-09-17 13:58:07", "elapsed": 0.268003, "delta": 0.136001}}
{"target": -2.2754460077536733, "params": {"eta": 0.14926984074036925, "max_depth": 12.934361600823063, "n_estimators": 29.481756003174077}, "datetime": {"datetime": "2021-09-17 13:58:08", "elapsed": 0.436, "delta": 0.167997}}
{"target": -2.7226483156806545, "params": {"eta": 0.11248974747046692, "max_depth": 16.146822054736617, "n_estimators": 24.21910074558341}, "datetime": {"datetime": "2021-09-17 13:58:08", "elapsed": 0.546999, "delta": 0.110999}}
{"target": -2.4387120686079324, "params": {"eta": 0.16375142611962423, "max_depth": 12.92113361656989, "n_estimators": 28.469518627566014}, "datetime": {"datetime": "2021-09-17 13:58:08", "elapsed": 0.716997, "delta": 0.169998}}
{"target": -2.5074870009171333, "params": {"eta": 0.10544256324547571, "max_depth": 11.386710423594153, "n_estimators": 30.405956549404294}, "datetime": {"datetime": "2021-09-17 13:58:08", "elapsed": 0.864128, "delta": 0.147131}}
{"target": -2.2706886868727834, "params": {"eta": 0.19650877332913375, "max_depth": 12.1939692471147, "n_estimators": 29.538580925354513}, "datetime": {"datetime": "2021-09-17 13:58:08", "elapsed": 1.080128, "delta": 0.216}}
{"target": -2.3358957391036186, "params": {"eta": 0.2, "max_depth": 12.825870983539613, "n_estimators": 30.329492687579986}, "datetime": {"datetime": "2021-09-17 13:58:09", "elapsed": 1.699132, "delta": 0.619004}}
{"target": -2.3638758000574613, "params": {"eta": 0.2, "max_depth": 14.288220349964956, "n_estimators": 29.917165579607122}, "datetime": {"datetime": "2021-09-17 13:58:10", "elapsed": 2.557294, "delta": 0.858162}}
{"target": -2.68345896821273, "params": {"eta": 0.09, "max_depth": 14.507337978883449, "n_estimators": 31.702292759270634}, "datetime": {"datetime": "2021-09-17 13:58:10", "elapsed": 3.138293, "delta": 0.580999}}
{"target": -2.3757243363480818, "params": {"eta": 0.2, "max_depth": 15.120852805977888, "n_estimators": 28.681051035842323}, "datetime": {"datetime": "2021-09-17 13:58:11", "elapsed": 3.615547, "delta": 0.477254}}
{"target": -2.352500698440953, "params": {"eta": 0.2, "max_depth": 16.80751649620249, "n_estimators": 29.129650520748594}, "datetime": {"datetime": "2021-09-17 13:58:11", "elapsed": 4.101547, "delta": 0.486}}
{"target": -3.0499341657287196, "params": {"eta": 0.09, "max_depth": 16.783880703631173, "n_estimators": 27.671448404126338}, "datetime": {"datetime": "2021-09-17 13:58:12", "elapsed": 4.526602, "delta": 0.425055}}
{"target": -2.3750538876182152, "params": {"eta": 0.2, "max_depth": 15.915390152405024, "n_estimators": 29.81434929484593}, "datetime": {"datetime": "2021-09-17 13:58:12", "elapsed": 5.0776, "delta": 0.550998}}
{"target": -2.363522880328329, "params": {"eta": 0.2, "max_depth": 17.0, "n_estimators": 30.280904721287754}, "datetime": {"datetime": "2021-09-17 13:58:13", "elapsed": 5.57474, "delta": 0.49714}}
{"target": -2.4059972173289252, "params": {"eta": 0.2, "max_depth": 13.471465414310812, "n_estimators": 24.0}, "datetime": {"datetime": "2021-09-17 13:58:13", "elapsed": 6.03474, "delta": 0.46}}
{"target": -2.3851531442842986, "params": {"eta": 0.17953087844528498, "max_depth": 10.682613888402821, "n_estimators": 28.647245975251522}, "datetime": {"datetime": "2021-09-17 13:58:14", "elapsed": 6.457739, "delta": 0.422999}}
{"target": -2.324943449622706, "params": {"eta": 0.2, "max_depth": 10.0, "n_estimators": 27.249764721180146}, "datetime": {"datetime": "2021-09-17 13:58:14", "elapsed": 6.861363, "delta": 0.403624}}
{"target": -2.3623569639105546, "params": {"eta": 0.2, "max_depth": 17.0, "n_estimators": 32.0}, "datetime": {"datetime": "2021-09-17 13:58:14", "elapsed": 7.36136, "delta": 0.499997}}
{"target": -2.317968283828936, "params": {"eta": 0.2, "max_depth": 10.0, "n_estimators": 32.0}, "datetime": {"datetime": "2021-09-17 13:58:15", "elapsed": 7.814356, "delta": 0.452996}}
{"target": -2.3516491438213145, "params": {"eta": 0.2, "max_depth": 11.1792306958061, "n_estimators": 32.0}, "datetime": {"datetime": "2021-09-17 13:58:15", "elapsed": 8.283358, "delta": 0.469002}}
{"target": -3.169891747675444, "params": {"eta": 0.09, "max_depth": 10.0, "n_estimators": 26.161508200508216}, "datetime": {"datetime": "2021-09-17 13:58:16", "elapsed": 8.642357, "delta": 0.358999}}
{"target": -2.305258896476344, "params": {"eta": 0.18586805217117827, "max_depth": 12.198276721349577, "n_estimators": 29.505963307452987}, "datetime": {"datetime": "2021-09-17 13:58:16", "elapsed": 8.961354, "delta": 0.318997}}
{"target": -2.3386937473949634, "params": {"eta": 0.2, "max_depth": 12.495260830112949, "n_estimators": 29.84710454228376}, "datetime": {"datetime": "2021-09-17 13:58:17", "elapsed": 9.679206, "delta": 0.717852}}
{"target": -2.3647182615179765, "params": {"eta": 0.1371994970947453, "max_depth": 11.963528516469294, "n_estimators": 29.92619013136801}, "datetime": {"datetime": "2021-09-17 13:58:18", "elapsed": 10.450208, "delta": 0.771002}}
{"target": -2.392223374467147, "params": {"eta": 0.2, "max_depth": 13.257681923402743, "n_estimators": 29.872977286491725}, "datetime": {"datetime": "2021-09-17 13:58:18", "elapsed": 11.259975, "delta": 0.809767}}
{"target": -2.27630165438903, "params": {"eta": 0.1627762144867368, "max_depth": 10.556129560798151, "n_estimators": 31.927028681066066}, "datetime": {"datetime": "2021-09-17 13:58:19", "elapsed": 11.862626, "delta": 0.602651}}
{"target": -2.3765006742979353, "params": {"eta": 0.11114644591335135, "max_depth": 10.243753143491755, "n_estimators": 31.392730330818818}, "datetime": {"datetime": "2021-09-17 13:58:19", "elapsed": 12.416624, "delta": 0.553998}}
{"target": -2.4795081232723435, "params": {"eta": 0.115304603336452, "max_depth": 10.45350772273823, "n_estimators": 29.630765179343108}, "datetime": {"datetime": "2021-09-17 13:58:20", "elapsed": 12.685622, "delta": 0.268998}}
{"target": -2.8397895204393486, "params": {"eta": 0.09, "max_depth": 13.393357751320373, "n_estimators": 29.174029467874217}, "datetime": {"datetime": "2021-09-17 13:58:20", "elapsed": 13.274172, "delta": 0.58855}}
{"target": -2.2616223981505947, "params": {"eta": 0.1656590002206679, "max_depth": 10.857129856102384, "n_estimators": 31.569741887849567}, "datetime": {"datetime": "2021-09-17 13:58:21", "elapsed": 14.026169, "delta": 0.751997}}
