{"target": -2.5240866052476982, "params": {"eta": 0.3691435700253515, "max_depth": 16.896758298182654, "n_estimators": 23.21323310848379}, "datetime": {"datetime": "2021-09-21 13:44:10", "elapsed": 1115.126854, "delta": 6.985407}}
{"target": -3.2144969350413275, "params": {"eta": 1.0, "max_depth": 12.371884211290437, "n_estimators": 14.768027492565572}, "datetime": {"datetime": "2021-09-21 13:44:16", "elapsed": 1121.629277, "delta": 6.502423}}
{"target": -2.8027562750013253, "params": {"eta": 0.6700587948139028, "max_depth": 26.47728601046401, "n_estimators": 36.631933512762046}, "datetime": {"datetime": "2021-09-21 13:44:23", "elapsed": 1128.307506, "delta": 6.678229}}
{"target": -3.261434647911473, "params": {"eta": 0.9986123711641369, "max_depth": 22.02119320297991, "n_estimators": 23.743130476137452}, "datetime": {"datetime": "2021-09-21 13:44:29", "elapsed": 1134.310923, "delta": 6.003417}}
{"target": -3.1858250228982223, "params": {"eta": 1.0, "max_depth": 19.422652942890426, "n_estimators": 33.056492722081686}, "datetime": {"datetime": "2021-09-21 13:44:33", "elapsed": 1138.742218, "delta": 4.431295}}
{"target": -14.834878928096671, "params": {"eta": 0.021644554584452434, "max_depth": 16.067786724258177, "n_estimators": 21.71375012465993}, "datetime": {"datetime": "2021-09-21 13:44:38", "elapsed": 1143.261549, "delta": 4.519331}}
{"target": -3.538052497098321, "params": {"eta": 0.9783268801634154, "max_depth": 15.762083911548416, "n_estimators": 53.1416035967646}, "datetime": {"datetime": "2021-09-21 13:44:45", "elapsed": 1150.549885, "delta": 7.288336}}
{"target": -2.6928448589224567, "params": {"eta": 0.12203131468598569, "max_depth": 25.745911033854945, "n_estimators": 28.98746532040616}, "datetime": {"datetime": "2021-09-21 13:44:53", "elapsed": 1157.991615, "delta": 7.44173}}
{"target": -3.3479316309878704, "params": {"eta": 1.0, "max_depth": 13.594065823216953, "n_estimators": 14.533504058783787}, "datetime": {"datetime": "2021-09-21 13:44:59", "elapsed": 1164.365855, "delta": 6.37424}}
{"target": -3.279820872607984, "params": {"eta": 0.9625148571391163, "max_depth": 13.672445106493807, "n_estimators": 48.99265564158948}, "datetime": {"datetime": "2021-09-21 13:45:06", "elapsed": 1171.118584, "delta": 6.752729}}
{"target": -3.2458517670631406, "params": {"eta": 0.9282220262476157, "max_depth": 16.575222970701837, "n_estimators": 16.034384929374205}, "datetime": {"datetime": "2021-09-21 13:45:12", "elapsed": 1177.147826, "delta": 6.029242}}
{"target": -11.564870522210473, "params": {"eta": 0.037419361561490526, "max_depth": 12.931744512666118, "n_estimators": 19.67219469516476}, "datetime": {"datetime": "2021-09-21 13:45:19", "elapsed": 1184.079262, "delta": 6.931436}}
{"target": -3.279906205754531, "params": {"eta": 0.9996662916328556, "max_depth": 13.323294923842278, "n_estimators": 39.62921785129402}, "datetime": {"datetime": "2021-09-21 13:45:22", "elapsed": 1187.314535, "delta": 3.235273}}
{"target": -3.177936782962397, "params": {"eta": 1.0, "max_depth": 15.382934676461417, "n_estimators": 23.72163229697913}, "datetime": {"datetime": "2021-09-21 13:45:27", "elapsed": 1191.98925, "delta": 4.674715}}
{"target": -2.9689185920514554, "params": {"eta": 0.8300979076771077, "max_depth": 1.794051176358832, "n_estimators": 53.05524178649485}, "datetime": {"datetime": "2021-09-21 13:45:32", "elapsed": 1197.202928, "delta": 5.213678}}
{"target": -3.2910746731256184, "params": {"eta": 0.9896164742339744, "max_depth": 14.289195045557411, "n_estimators": 58.38390551546941}, "datetime": {"datetime": "2021-09-21 13:45:35", "elapsed": 1200.853325, "delta": 3.650397}}
{"target": -3.210303074435184, "params": {"eta": 1.0, "max_depth": 14.516673592808518, "n_estimators": 20.95217805311155}, "datetime": {"datetime": "2021-09-21 13:45:41", "elapsed": 1206.702798, "delta": 5.849473}}
{"target": -2.6050941084560595, "params": {"eta": 0.26715969263517597, "max_depth": 9.760520459046845, "n_estimators": 22.088937127178273}, "datetime": {"datetime": "2021-09-21 13:45:49", "elapsed": 1214.108974, "delta": 7.406176}}
{"target": -3.1845897869059914, "params": {"eta": 0.9316656759944966, "max_depth": 11.194944835060248, "n_estimators": 19.464720936387597}, "datetime": {"datetime": "2021-09-21 13:45:56", "elapsed": 1221.771886, "delta": 7.662912}}
{"target": -10.048754430758326, "params": {"eta": 0.037614749697422824, "max_depth": 18.016192109062892, "n_estimators": 23.70086933053293}, "datetime": {"datetime": "2021-09-21 13:46:06", "elapsed": 1231.548377, "delta": 9.776491}}
{"target": -3.2357938339835717, "params": {"eta": 1.0, "max_depth": 16.541727556844943, "n_estimators": 24.8471553291751}, "datetime": {"datetime": "2021-09-21 13:46:12", "elapsed": 1237.736346, "delta": 6.187969}}
{"target": -5.104272511758302, "params": {"eta": 0.0394531013448606, "max_depth": 19.826317578978223, "n_estimators": 42.673672328229934}, "datetime": {"datetime": "2021-09-21 13:46:19", "elapsed": 1244.451886, "delta": 6.71554}}
{"target": -3.1583936823041814, "params": {"eta": 1.0, "max_depth": 18.477643625248145, "n_estimators": 17.785817744237416}, "datetime": {"datetime": "2021-09-21 13:46:28", "elapsed": 1253.029998, "delta": 8.578112}}
{"target": -3.2357938339835717, "params": {"eta": 1.0, "max_depth": 16.071540855680112, "n_estimators": 48.45030666179496}, "datetime": {"datetime": "2021-09-21 13:46:34", "elapsed": 1259.900373, "delta": 6.870375}}
{"target": -3.531752075333345, "params": {"eta": 0.9803829891121671, "max_depth": 20.481541755301834, "n_estimators": 44.09970490468487}, "datetime": {"datetime": "2021-09-21 13:46:45", "elapsed": 1270.816257, "delta": 10.915884}}
{"target": -3.214496866025423, "params": {"eta": 1.0, "max_depth": 12.66094685599589, "n_estimators": 36.62036819857282}, "datetime": {"datetime": "2021-09-21 13:46:52", "elapsed": 1277.503256, "delta": 6.686999}}
{"target": -3.210303074435184, "params": {"eta": 1.0, "max_depth": 14.049862026104824, "n_estimators": 51.89042389595194}, "datetime": {"datetime": "2021-09-21 13:46:59", "elapsed": 1284.669679, "delta": 7.166423}}
{"target": -13.331348192064388, "params": {"eta": 0.01, "max_depth": 29.04698110418532, "n_estimators": 57.62007898609947}, "datetime": {"datetime": "2021-09-21 13:47:06", "elapsed": 1291.559832, "delta": 6.890153}}
{"target": -13.081419650190757, "params": {"eta": 0.01, "max_depth": 17.65956041404132, "n_estimators": 59.542779148940944}, "datetime": {"datetime": "2021-09-21 13:47:13", "elapsed": 1298.608449, "delta": 7.048617}}
{"target": -3.4263615037265573, "params": {"eta": 0.8256511256665433, "max_depth": 15.54523524764862, "n_estimators": 59.771042225694465}, "datetime": {"datetime": "2021-09-21 13:47:20", "elapsed": 1305.08056, "delta": 6.472111}}
{"target": -3.0130007320328764, "params": {"eta": 0.8886532143992094, "max_depth": 5.664828527950608, "n_estimators": 45.60804582172242}, "datetime": {"datetime": "2021-09-21 13:47:23", "elapsed": 1308.682858, "delta": 3.602298}}
{"target": -2.4673075688512704, "params": {"eta": 0.137605451239823, "max_depth": 27.31316817597716, "n_estimators": 57.25383497850455}, "datetime": {"datetime": "2021-09-21 13:47:32", "elapsed": 1317.268376, "delta": 8.585518}}
{"target": -2.4972496446810273, "params": {"eta": 0.12088148326562319, "max_depth": 16.332330618674764, "n_estimators": 58.43820702040195}, "datetime": {"datetime": "2021-09-21 13:47:42", "elapsed": 1327.377483, "delta": 10.109107}}
{"target": -3.4190850916661715, "params": {"eta": 0.9363455134947566, "max_depth": 16.747318903103363, "n_estimators": 23.669011584234976}, "datetime": {"datetime": "2021-09-21 13:47:50", "elapsed": 1335.323029, "delta": 7.945546}}
{"target": -18.98034224729789, "params": {"eta": 0.01, "max_depth": 10.972748505243592, "n_estimators": 20.06649943833275}, "datetime": {"datetime": "2021-09-21 13:47:56", "elapsed": 1341.545952, "delta": 6.222923}}
{"target": -3.161969992361571, "params": {"eta": 0.8204515411014439, "max_depth": 10.347759272627043, "n_estimators": 21.416230599472744}, "datetime": {"datetime": "2021-09-21 13:48:02", "elapsed": 1347.761079, "delta": 6.215127}}
{"target": -5.2227591483216536, "params": {"eta": 0.02968850750338966, "max_depth": 29.332578405298403, "n_estimators": 55.56784730319}, "datetime": {"datetime": "2021-09-21 13:48:10", "elapsed": 1355.104786, "delta": 7.343707}}
{"target": -3.3940918044040074, "params": {"eta": 0.06260185657934643, "max_depth": 25.528974335394295, "n_estimators": 37.6848132938782}, "datetime": {"datetime": "2021-09-21 13:48:16", "elapsed": 1361.714031, "delta": 6.609245}}
{"target": -2.809112866301285, "params": {"eta": 0.6751896276753592, "max_depth": 21.48322968211034, "n_estimators": 55.73894195112651}, "datetime": {"datetime": "2021-09-21 13:48:21", "elapsed": 1366.315643, "delta": 4.601612}}
{"target": -15.518284595640083, "params": {"eta": 0.01, "max_depth": 21.320004890180982, "n_estimators": 41.416657504964526}, "datetime": {"datetime": "2021-09-21 13:48:28", "elapsed": 1373.743323, "delta": 7.42768}}
{"target": -15.942011518227428, "params": {"eta": 0.02897766203963989, "max_depth": 3.516019413052635, "n_estimators": 13.638854086123628}, "datetime": {"datetime": "2021-09-21 13:48:31", "elapsed": 1376.74899, "delta": 3.005667}}
{"target": -3.2539983027859742, "params": {"eta": 0.9305900671012584, "max_depth": 27.47360299906635, "n_estimators": 57.719194427270196}, "datetime": {"datetime": "2021-09-21 13:48:37", "elapsed": 1382.534757, "delta": 5.785767}}
{"target": -4.516987882162395, "params": {"eta": 0.11056578665863179, "max_depth": 2.8292520052488426, "n_estimators": 17.59552827926062}, "datetime": {"datetime": "2021-09-21 13:48:41", "elapsed": 1386.443238, "delta": 3.908481}}
{"target": -3.303710367177662, "params": {"eta": 0.949923291189652, "max_depth": 20.3682225179948, "n_estimators": 42.74378513877061}, "datetime": {"datetime": "2021-09-21 13:48:50", "elapsed": 1395.195738, "delta": 8.7525}}
{"target": -3.0715601663840446, "params": {"eta": 0.9950924129771522, "max_depth": 1.0246231954470617, "n_estimators": 51.297107340255685}, "datetime": {"datetime": "2021-09-21 13:48:54", "elapsed": 1399.047603, "delta": 3.851865}}
{"target": -3.3807174287344273, "params": {"eta": 0.8183298139837428, "max_depth": 17.501828388542208, "n_estimators": 57.98561646924059}, "datetime": {"datetime": "2021-09-21 13:49:00", "elapsed": 1405.60284, "delta": 6.555237}}
{"target": -3.3972074994915418, "params": {"eta": 0.8841910428807281, "max_depth": 12.147198566579394, "n_estimators": 18.820333340077234}, "datetime": {"datetime": "2021-09-21 13:49:05", "elapsed": 1410.822398, "delta": 5.219558}}
{"target": -2.689606963333331, "params": {"eta": 0.4164674049966089, "max_depth": 28.92641364322191, "n_estimators": 37.13689421810608}, "datetime": {"datetime": "2021-09-21 13:49:11", "elapsed": 1416.099241, "delta": 5.276843}}
{"target": -2.606796227630816, "params": {"eta": 0.340616361370585, "max_depth": 17.06107756441477, "n_estimators": 18.28249357834521}, "datetime": {"datetime": "2021-09-21 13:49:15", "elapsed": 1419.976732, "delta": 3.877491}}
{"target": -2.826651269511173, "params": {"eta": 0.6691413249468441, "max_depth": 17.46674121236842, "n_estimators": 18.277609339108185}, "datetime": {"datetime": "2021-09-21 13:49:22", "elapsed": 1427.092841, "delta": 7.116109}}
{"target": -3.414933147555904, "params": {"eta": 0.9010130140426195, "max_depth": 29.432131438479427, "n_estimators": 37.09761529236438}, "datetime": {"datetime": "2021-09-21 13:49:29", "elapsed": 1434.579117, "delta": 7.486276}}
{"target": -3.36206242222535, "params": {"eta": 0.8602736756578631, "max_depth": 16.79351245604317, "n_estimators": 17.86348410895575}, "datetime": {"datetime": "2021-09-21 13:49:37", "elapsed": 1442.945582, "delta": 8.366465}}
{"target": -3.27999273413106, "params": {"eta": 0.8408433784049039, "max_depth": 16.196442763978418, "n_estimators": 58.93912455111524}, "datetime": {"datetime": "2021-09-21 13:49:44", "elapsed": 1449.838549, "delta": 6.892967}}
{"target": -2.8054725427376597, "params": {"eta": 0.5245274151190131, "max_depth": 28.101023315202713, "n_estimators": 37.38955712200864}, "datetime": {"datetime": "2021-09-21 13:49:51", "elapsed": 1456.165306, "delta": 6.326757}}
{"target": -3.1416771938926296, "params": {"eta": 0.8830756681901066, "max_depth": 2.9552950035267145, "n_estimators": 20.981541772530164}, "datetime": {"datetime": "2021-09-21 13:49:54", "elapsed": 1459.518384, "delta": 3.353078}}
{"target": -14.38739010409305, "params": {"eta": 0.01, "max_depth": 26.344532330083737, "n_estimators": 49.28504841429889}, "datetime": {"datetime": "2021-09-21 13:50:01", "elapsed": 1466.781675, "delta": 7.263291}}
{"target": -3.445307911697187, "params": {"eta": 0.9333799613377811, "max_depth": 28.50196988810232, "n_estimators": 36.91918084703928}, "datetime": {"datetime": "2021-09-21 13:50:10", "elapsed": 1475.960989, "delta": 9.179314}}
{"target": -2.5935254812240602, "params": {"eta": 0.24771563834447444, "max_depth": 9.719815115404876, "n_estimators": 22.105532483370414}, "datetime": {"datetime": "2021-09-21 13:50:15", "elapsed": 1480.007491, "delta": 4.046502}}
{"target": -3.3500624575112994, "params": {"eta": 0.8538493578957647, "max_depth": 25.451079386347008, "n_estimators": 48.70193104686439}, "datetime": {"datetime": "2021-09-21 13:50:22", "elapsed": 1487.206964, "delta": 7.199473}}
{"target": -4.6041409166235665, "params": {"eta": 0.06115574120774871, "max_depth": 5.860080451428434, "n_estimators": 29.670859214991758}, "datetime": {"datetime": "2021-09-21 13:50:27", "elapsed": 1492.450286, "delta": 5.243322}}
{"target": -3.498595424074876, "params": {"eta": 0.7877551984693822, "max_depth": 16.833961605943774, "n_estimators": 18.510574102849517}, "datetime": {"datetime": "2021-09-21 13:50:34", "elapsed": 1499.709056, "delta": 7.25877}}
{"target": -2.5566238008047404, "params": {"eta": 0.38500706165774434, "max_depth": 23.572699576017403, "n_estimators": 35.705445568922556}, "datetime": {"datetime": "2021-09-21 13:50:42", "elapsed": 1507.34098, "delta": 7.631924}}
{"target": -2.9833337457556475, "params": {"eta": 0.15116575765878648, "max_depth": 18.575446637503855, "n_estimators": 17.73761465399437}, "datetime": {"datetime": "2021-09-21 13:50:50", "elapsed": 1515.560755, "delta": 8.219775}}
{"target": -3.2708485333543074, "params": {"eta": 0.906314219645803, "max_depth": 23.22920724722265, "n_estimators": 25.614142613819453}, "datetime": {"datetime": "2021-09-21 13:50:59", "elapsed": 1523.983315, "delta": 8.42256}}
{"target": -3.2207916228394757, "params": {"eta": 0.9977483966091464, "max_depth": 7.936485972544299, "n_estimators": 41.629351749709876}, "datetime": {"datetime": "2021-09-21 13:51:03", "elapsed": 1528.19683, "delta": 4.213515}}
{"target": -2.8477628111839293, "params": {"eta": 0.5596074218028904, "max_depth": 11.438256016374162, "n_estimators": 8.84432583322879}, "datetime": {"datetime": "2021-09-21 13:51:07", "elapsed": 1532.499846, "delta": 4.303016}}
{"target": -16.437135445757917, "params": {"eta": 0.01, "max_depth": 23.005116031220336, "n_estimators": 35.107522891310566}, "datetime": {"datetime": "2021-09-21 13:51:13", "elapsed": 1538.461471, "delta": 5.961625}}
{"target": -2.5351831310673765, "params": {"eta": 0.27752308699481276, "max_depth": 22.963379943977205, "n_estimators": 36.766658670041174}, "datetime": {"datetime": "2021-09-21 13:51:22", "elapsed": 1547.482011, "delta": 9.02054}}
{"target": -3.2874859138538963, "params": {"eta": 0.8333716812077836, "max_depth": 22.842354058631557, "n_estimators": 36.2324857465746}, "datetime": {"datetime": "2021-09-21 13:51:29", "elapsed": 1554.630778, "delta": 7.148767}}
{"target": -2.510499315512808, "params": {"eta": 0.19355105554004043, "max_depth": 27.701306892300174, "n_estimators": 52.52314408567559}, "datetime": {"datetime": "2021-09-21 13:51:40", "elapsed": 1565.308958, "delta": 10.67818}}
{"target": -2.768250632286072, "params": {"eta": 0.4990422644855869, "max_depth": 15.0716246471816, "n_estimators": 41.7715928847018}, "datetime": {"datetime": "2021-09-21 13:51:45", "elapsed": 1570.299057, "delta": 4.990099}}
{"target": -2.4860076647055775, "params": {"eta": 0.3729388107954047, "max_depth": 27.403728212196953, "n_estimators": 37.7725924396254}, "datetime": {"datetime": "2021-09-21 13:51:55", "elapsed": 1580.657224, "delta": 10.358167}}
{"target": -3.331086953376469, "params": {"eta": 0.9761420265548079, "max_depth": 24.102847408395156, "n_estimators": 35.16173730964751}, "datetime": {"datetime": "2021-09-21 13:52:05", "elapsed": 1590.891743, "delta": 10.234519}}
{"target": -2.6488408358473525, "params": {"eta": 0.4290362449827732, "max_depth": 23.188228943306694, "n_estimators": 13.51049218926986}, "datetime": {"datetime": "2021-09-21 13:52:10", "elapsed": 1595.409241, "delta": 4.517498}}
{"target": -6.148503333016446, "params": {"eta": 0.04153621480079151, "max_depth": 3.714054665962011, "n_estimators": 34.38590509111997}, "datetime": {"datetime": "2021-09-21 13:52:18", "elapsed": 1603.200616, "delta": 7.791375}}
{"target": -2.5326175306972702, "params": {"eta": 0.18474938729463594, "max_depth": 20.837478066508485, "n_estimators": 43.128850095175096}, "datetime": {"datetime": "2021-09-21 13:52:29", "elapsed": 1614.201599, "delta": 11.000983}}
{"target": -3.300059701267042, "params": {"eta": 0.9926791900941306, "max_depth": 28.017111164551565, "n_estimators": 52.75521512759723}, "datetime": {"datetime": "2021-09-21 13:52:37", "elapsed": 1622.764511, "delta": 8.562912}}
{"target": -3.236658086902217, "params": {"eta": 0.9513351693883485, "max_depth": 23.301986858090064, "n_estimators": 34.923242755416524}, "datetime": {"datetime": "2021-09-21 13:52:42", "elapsed": 1627.228578, "delta": 4.464067}}
{"target": -14.69836260958722, "params": {"eta": 0.05083344176064803, "max_depth": 15.077188752900787, "n_estimators": 9.661208758431092}, "datetime": {"datetime": "2021-09-21 13:52:46", "elapsed": 1631.657451, "delta": 4.428873}}
{"target": -2.3467284723332056, "params": {"eta": 0.16591244471050323, "max_depth": 5.402975485828613, "n_estimators": 51.60755234424494}, "datetime": {"datetime": "2021-09-21 13:52:50", "elapsed": 1635.376063, "delta": 3.718612}}
{"target": -3.068126270645543, "params": {"eta": 0.9970486539249974, "max_depth": 1.5080229692915035, "n_estimators": 52.15681926585748}, "datetime": {"datetime": "2021-09-21 13:52:58", "elapsed": 1643.300125, "delta": 7.924062}}
{"target": -3.2142587134712626, "params": {"eta": 0.9072449919090617, "max_depth": 10.472091295256911, "n_estimators": 17.61450505926824}, "datetime": {"datetime": "2021-09-21 13:53:02", "elapsed": 1647.218732, "delta": 3.918607}}
{"target": -3.2496084087773376, "params": {"eta": 0.95175713448762, "max_depth": 23.367674521417285, "n_estimators": 33.90108342112673}, "datetime": {"datetime": "2021-09-21 13:53:11", "elapsed": 1656.322802, "delta": 9.10407}}
{"target": -2.641200031732258, "params": {"eta": 0.3269841856140754, "max_depth": 7.091709944926231, "n_estimators": 42.42339796311168}, "datetime": {"datetime": "2021-09-21 13:53:16", "elapsed": 1661.960305, "delta": 5.637503}}
{"target": -3.325365628066816, "params": {"eta": 0.9343454901557173, "max_depth": 13.983124806403692, "n_estimators": 5.226155505228042}, "datetime": {"datetime": "2021-09-21 13:53:21", "elapsed": 1666.053031, "delta": 4.092726}}
{"target": -2.5591511876959547, "params": {"eta": 0.23817564199305666, "max_depth": 11.89429076138799, "n_estimators": 46.153074615913205}, "datetime": {"datetime": "2021-09-21 13:53:29", "elapsed": 1674.638103, "delta": 8.585072}}
{"target": -3.505891503158369, "params": {"eta": 0.8482805874987487, "max_depth": 20.39065153503576, "n_estimators": 41.39220304918082}, "datetime": {"datetime": "2021-09-21 13:53:39", "elapsed": 1684.936027, "delta": 10.297924}}
{"target": -2.6946044739923978, "params": {"eta": 0.41666357285808314, "max_depth": 22.041317919980095, "n_estimators": 36.40918184243971}, "datetime": {"datetime": "2021-09-21 13:53:52", "elapsed": 1697.173073, "delta": 12.237046}}
{"target": -2.5184521235917745, "params": {"eta": 0.13345151641130681, "max_depth": 26.636898555615158, "n_estimators": 37.275927174100694}, "datetime": {"datetime": "2021-09-21 13:54:01", "elapsed": 1706.324971, "delta": 9.151898}}
{"target": -3.447119779022116, "params": {"eta": 0.9424370901703444, "max_depth": 28.26433072376397, "n_estimators": 38.079313891250905}, "datetime": {"datetime": "2021-09-21 13:54:09", "elapsed": 1714.067544, "delta": 7.742573}}
{"target": -3.3242221756985315, "params": {"eta": 0.06509519373048318, "max_depth": 24.575097325311624, "n_estimators": 36.09081402651235}, "datetime": {"datetime": "2021-09-21 13:54:16", "elapsed": 1721.765816, "delta": 7.698272}}
{"target": -3.509466093464902, "params": {"eta": 0.8657591017465629, "max_depth": 26.73811418535606, "n_estimators": 37.462820236809904}, "datetime": {"datetime": "2021-09-21 13:54:24", "elapsed": 1729.95435, "delta": 8.188534}}
{"target": -2.5445072952069734, "params": {"eta": 0.2795858343000404, "max_depth": 11.474709423094898, "n_estimators": 47.49078925260655}, "datetime": {"datetime": "2021-09-21 13:54:34", "elapsed": 1739.041682, "delta": 9.087332}}
{"target": -5.58767327132978, "params": {"eta": 0.032112367127292374, "max_depth": 25.113630148560148, "n_estimators": 48.411881627009905}, "datetime": {"datetime": "2021-09-21 13:54:42", "elapsed": 1747.136846, "delta": 8.095164}}
{"target": -2.4801693903772453, "params": {"eta": 0.09841787082766616, "max_depth": 16.931518024017333, "n_estimators": 57.69074685260399}, "datetime": {"datetime": "2021-09-21 13:54:51", "elapsed": 1756.28038, "delta": 9.143534}}
{"target": -2.8524333019005623, "params": {"eta": 0.1682220955381451, "max_depth": 2.385240013247186, "n_estimators": 52.60999472912481}, "datetime": {"datetime": "2021-09-21 13:54:59", "elapsed": 1764.814413, "delta": 8.534033}}
