{"target": 0.8397340512832812, "params": {"eta": 0.24580225422636656, "max_depth": 4.007123632684261, "n_estimators": 16.48727676477094}, "datetime": {"datetime": "2021-09-17 18:28:54", "elapsed": 23.27604, "delta": 0.589167}}
{"target": 0.29832613088800275, "params": {"eta": 0.11190738230086598, "max_depth": 8.693156880846857, "n_estimators": 11.050796686755017}, "datetime": {"datetime": "2021-09-17 18:28:54", "elapsed": 23.567042, "delta": 0.291002}}
{"target": 0.3830801035503034, "params": {"eta": 0.16037369803823626, "max_depth": 12.755294143750268, "n_estimators": 8.885409498248213}, "datetime": {"datetime": "2021-09-17 18:28:55", "elapsed": 23.888044, "delta": 0.321002}}
{"target": 0.8371116038192188, "params": {"eta": 0.3807268511419005, "max_depth": 5.773295288415547, "n_estimators": 18.059488674826767}, "datetime": {"datetime": "2021-09-17 18:28:55", "elapsed": 24.514043, "delta": 0.625999}}
{"target": 0.8010511889623476, "params": {"eta": 0.6395980362484669, "max_depth": 5.539973938800809, "n_estimators": 18.5988895242751}, "datetime": {"datetime": "2021-09-17 18:28:56", "elapsed": 25.195047, "delta": 0.681004}}
{"target": 0.5016668801438742, "params": {"eta": 0.1, "max_depth": 4.0, "n_estimators": 15.552342216069139}, "datetime": {"datetime": "2021-09-17 18:28:57", "elapsed": 25.848782, "delta": 0.653735}}
{"target": 0.6161661022400149, "params": {"eta": 0.10126398709972688, "max_depth": 4.069474566916775, "n_estimators": 17.090944629828982}, "datetime": {"datetime": "2021-09-17 18:28:58", "elapsed": 26.647786, "delta": 0.799004}}
{"target": 0.7791023047640473, "params": {"eta": 0.7148570976078042, "max_depth": 6.988813087686214, "n_estimators": 18.58926962606551}, "datetime": {"datetime": "2021-09-17 18:28:58", "elapsed": 27.160785, "delta": 0.512999}}
{"target": 0.8280481260676127, "params": {"eta": 0.17355797234137946, "max_depth": 16.9232604810128, "n_estimators": 19.011052237888503}, "datetime": {"datetime": "2021-09-17 18:28:59", "elapsed": 28.093238, "delta": 0.932453}}
{"target": 0.8464067199382282, "params": {"eta": 0.4540057252517887, "max_depth": 19.839180863606146, "n_estimators": 12.231823446071873}, "datetime": {"datetime": "2021-09-17 18:28:59", "elapsed": 28.42024, "delta": 0.327002}}
{"target": 0.681618242930196, "params": {"eta": 0.1, "max_depth": 16.411755172241747, "n_estimators": 19.432298214472684}, "datetime": {"datetime": "2021-09-17 18:29:00", "elapsed": 29.152244, "delta": 0.732004}}
{"target": 0.8151022948203384, "params": {"eta": 0.42083649473410056, "max_depth": 19.508505412942704, "n_estimators": 14.397572853444792}, "datetime": {"datetime": "2021-09-17 18:29:00", "elapsed": 29.545472, "delta": 0.393228}}
{"target": 0.8220232577571683, "params": {"eta": 0.26933012352474595, "max_depth": 17.565625568524823, "n_estimators": 18.744858524352622}, "datetime": {"datetime": "2021-09-17 18:29:01", "elapsed": 30.17047, "delta": 0.624998}}
{"target": 0.45504814931934434, "params": {"eta": 0.19412733071221333, "max_depth": 19.018201481115177, "n_estimators": 7.123126018515624}, "datetime": {"datetime": "2021-09-17 18:29:01", "elapsed": 30.44853, "delta": 0.27806}}
{"target": 0.7578445007129555, "params": {"eta": 0.7416995590616794, "max_depth": 4.715347280144725, "n_estimators": 17.105859542478434}, "datetime": {"datetime": "2021-09-17 18:29:02", "elapsed": 31.332735, "delta": 0.884205}}
{"target": 0.797625973731821, "params": {"eta": 0.22374162680475784, "max_depth": 7.347413859705881, "n_estimators": 13.897805560673028}, "datetime": {"datetime": "2021-09-17 18:29:03", "elapsed": 31.671737, "delta": 0.339002}}
{"target": 0.7866504795038097, "params": {"eta": 0.6777890755222448, "max_depth": 5.918270175964205, "n_estimators": 14.258015132381814}, "datetime": {"datetime": "2021-09-17 18:29:03", "elapsed": 32.048738, "delta": 0.377001}}
{"target": 0.8516480168007575, "params": {"eta": 0.38871352278820215, "max_depth": 5.786678669833718, "n_estimators": 18.0354139599713}, "datetime": {"datetime": "2021-09-17 18:29:03", "elapsed": 32.379734, "delta": 0.330996}}
{"target": 0.8434265676730647, "params": {"eta": 0.4739382212200901, "max_depth": 6.215006412860724, "n_estimators": 17.75154086904369}, "datetime": {"datetime": "2021-09-17 18:29:04", "elapsed": 33.157384, "delta": 0.77765}}
{"target": 0.6055328403712517, "params": {"eta": 0.1, "max_depth": 5.871568203372822, "n_estimators": 17.6485723902112}, "datetime": {"datetime": "2021-09-17 18:29:05", "elapsed": 33.980768, "delta": 0.823384}}
{"target": 0.7872183402283275, "params": {"eta": 0.6817667822660044, "max_depth": 17.445280949433716, "n_estimators": 13.98735657828407}, "datetime": {"datetime": "2021-09-17 18:29:05", "elapsed": 34.422769, "delta": 0.442001}}
{"target": 0.8017708321921907, "params": {"eta": 0.6841416957572931, "max_depth": 6.25110351374428, "n_estimators": 18.129202804586875}, "datetime": {"datetime": "2021-09-17 18:29:06", "elapsed": 35.224769, "delta": 0.802}}
{"target": 0.7867192686111992, "params": {"eta": 0.6548354341250198, "max_depth": 6.2544500322101, "n_estimators": 17.299400809612077}, "datetime": {"datetime": "2021-09-17 18:29:07", "elapsed": 35.611769, "delta": 0.387}}
{"target": 0.781318656114229, "params": {"eta": 0.576226782484868, "max_depth": 19.82533924265811, "n_estimators": 12.788705758565385}, "datetime": {"datetime": "2021-09-17 18:29:07", "elapsed": 36.491768, "delta": 0.879999}}
{"target": 0.8302108584214886, "params": {"eta": 0.3730075125639488, "max_depth": 4.56464531951694, "n_estimators": 9.013054242523413}, "datetime": {"datetime": "2021-09-17 18:29:08", "elapsed": 36.861773, "delta": 0.370005}}
{"target": 0.7489427215511693, "params": {"eta": 0.7840907938684704, "max_depth": 5.785194010298237, "n_estimators": 17.93666217125992}, "datetime": {"datetime": "2021-09-17 18:29:08", "elapsed": 37.575928, "delta": 0.714155}}
{"target": 0.8431658788460326, "params": {"eta": 0.4400361664574341, "max_depth": 5.1687089967553606, "n_estimators": 8.770096749176087}, "datetime": {"datetime": "2021-09-17 18:29:09", "elapsed": 38.478531, "delta": 0.902603}}
{"target": 0.8250662555820837, "params": {"eta": 0.4310296675924179, "max_depth": 4.722421785152671, "n_estimators": 8.400409849634107}, "datetime": {"datetime": "2021-09-17 18:29:10", "elapsed": 39.226532, "delta": 0.748001}}
{"target": 0.8190495840982124, "params": {"eta": 0.3701759402240282, "max_depth": 5.301885537966946, "n_estimators": 8.186397695828635}, "datetime": {"datetime": "2021-09-17 18:29:11", "elapsed": 40.148766, "delta": 0.922234}}
{"target": -0.4022027666419439, "params": {"eta": 0.1, "max_depth": 5.609217636482771, "n_estimators": 8.912875467602012}, "datetime": {"datetime": "2021-09-17 18:29:12", "elapsed": 40.907796, "delta": 0.75903}}
{"target": 0.7501605942258995, "params": {"eta": 0.8, "max_depth": 5.131694221243122, "n_estimators": 8.571131380797112}, "datetime": {"datetime": "2021-09-17 18:29:13", "elapsed": 41.736949, "delta": 0.829153}}
{"target": 0.7501605942258995, "params": {"eta": 0.8, "max_depth": 5.86529338644812, "n_estimators": 8.181589606412834}, "datetime": {"datetime": "2021-09-17 18:29:13", "elapsed": 42.555952, "delta": 0.819003}}
{"target": 0.806092250136823, "params": {"eta": 0.6731977997396351, "max_depth": 17.046450333510524, "n_estimators": 18.621664079529932}, "datetime": {"datetime": "2021-09-17 18:29:14", "elapsed": 43.4873, "delta": 0.931348}}
{"target": 0.8419224475244274, "params": {"eta": 0.41044051128682424, "max_depth": 19.27044646125738, "n_estimators": 12.24212940012983}, "datetime": {"datetime": "2021-09-17 18:29:15", "elapsed": 44.431297, "delta": 0.943997}}
{"target": 0.8245506829035312, "params": {"eta": 0.38478703517943447, "max_depth": 19.45933237969249, "n_estimators": 11.770294103688876}, "datetime": {"datetime": "2021-09-17 18:29:16", "elapsed": 45.226299, "delta": 0.795002}}
{"target": 0.7094335651126563, "params": {"eta": 0.8, "max_depth": 19.98037616329195, "n_estimators": 11.75721977460877}, "datetime": {"datetime": "2021-09-17 18:29:17", "elapsed": 46.330488, "delta": 1.104189}}
{"target": 0.6522532522605301, "params": {"eta": 0.1, "max_depth": 17.046257453650636, "n_estimators": 18.346042087896617}, "datetime": {"datetime": "2021-09-17 18:29:18", "elapsed": 47.264485, "delta": 0.933997}}
{"target": 0.13652255884436215, "params": {"eta": 0.1, "max_depth": 18.875849422876325, "n_estimators": 11.871141005821261}, "datetime": {"datetime": "2021-09-17 18:29:19", "elapsed": 48.083797, "delta": 0.819312}}
{"target": 0.7442342362451212, "params": {"eta": 0.7420336643336363, "max_depth": 19.211153072100892, "n_estimators": 12.673616856148993}, "datetime": {"datetime": "2021-09-17 18:29:20", "elapsed": 49.013798, "delta": 0.930001}}
{"target": 0.8366390844845819, "params": {"eta": 0.4200989889166131, "max_depth": 5.457288103695035, "n_estimators": 15.661694939685018}, "datetime": {"datetime": "2021-09-17 18:29:21", "elapsed": 50.039527, "delta": 1.025729}}
{"target": 0.8021872684327822, "params": {"eta": 0.30646729813670526, "max_depth": 4.136090663808689, "n_estimators": 9.024816876397974}, "datetime": {"datetime": "2021-09-17 18:29:21", "elapsed": 50.406055, "delta": 0.366528}}
{"target": 0.750711429841832, "params": {"eta": 0.7864487126936488, "max_depth": 4.887378033469772, "n_estimators": 9.139451386160916}, "datetime": {"datetime": "2021-09-17 18:29:22", "elapsed": 51.312056, "delta": 0.906001}}
{"target": 0.7882658642136231, "params": {"eta": 0.13940837291527264, "max_depth": 14.773544554342465, "n_estimators": 18.28274682490087}, "datetime": {"datetime": "2021-09-17 18:29:23", "elapsed": 51.739055, "delta": 0.426999}}
{"target": 0.749415793588011, "params": {"eta": 0.7939371308095425, "max_depth": 5.5231095270280335, "n_estimators": 15.037514724593944}, "datetime": {"datetime": "2021-09-17 18:29:23", "elapsed": 52.476056, "delta": 0.737001}}
{"target": 0.7597206319140033, "params": {"eta": 0.7630298284778375, "max_depth": 5.203421464082654, "n_estimators": 16.12829065046549}, "datetime": {"datetime": "2021-09-17 18:29:24", "elapsed": 53.385713, "delta": 0.909657}}
{"target": 0.13652255884436215, "params": {"eta": 0.1, "max_depth": 19.949973992632362, "n_estimators": 11.826886157834696}, "datetime": {"datetime": "2021-09-17 18:29:25", "elapsed": 54.531711, "delta": 1.145998}}
{"target": 0.7814940965919345, "params": {"eta": 0.7140997541637877, "max_depth": 19.480251262927972, "n_estimators": 12.132834641077372}, "datetime": {"datetime": "2021-09-17 18:29:26", "elapsed": 55.56194, "delta": 1.030229}}
{"target": 0.8104042841926633, "params": {"eta": 0.17906033001927002, "max_depth": 6.019222896468683, "n_estimators": 15.579282083555023}, "datetime": {"datetime": "2021-09-17 18:29:28", "elapsed": 56.639938, "delta": 1.077998}}
{"target": 0.7467444062371076, "params": {"eta": 0.8, "max_depth": 7.812104599362827, "n_estimators": 17.590830789160457}, "datetime": {"datetime": "2021-09-17 18:29:28", "elapsed": 57.454154, "delta": 0.814216}}
{"target": 0.5104131536705027, "params": {"eta": 0.1, "max_depth": 5.347788066274055, "n_estimators": 15.217461508208455}, "datetime": {"datetime": "2021-09-17 18:29:29", "elapsed": 58.360311, "delta": 0.906157}}
{"target": 0.764974018002031, "params": {"eta": 0.7891781139555015, "max_depth": 6.086041199943299, "n_estimators": 15.601116021080257}, "datetime": {"datetime": "2021-09-17 18:29:30", "elapsed": 59.225314, "delta": 0.865003}}
{"target": 0.6572523304063447, "params": {"eta": 0.22329217378480248, "max_depth": 7.130443406946554, "n_estimators": 8.797970275112224}, "datetime": {"datetime": "2021-09-17 18:29:31", "elapsed": 59.729936, "delta": 0.504622}}
{"target": 0.7483902035138543, "params": {"eta": 0.7329429166256847, "max_depth": 4.859276691488171, "n_estimators": 8.740448315637646}, "datetime": {"datetime": "2021-09-17 18:29:31", "elapsed": 60.18194, "delta": 0.452004}}
{"target": 0.8485005796577243, "params": {"eta": 0.1937054757208015, "max_depth": 17.945853581122982, "n_estimators": 19.16635397917577}, "datetime": {"datetime": "2021-09-17 18:29:32", "elapsed": 61.425934, "delta": 1.243994}}
{"target": 0.7362138529418913, "params": {"eta": 0.7234334111278374, "max_depth": 17.846918227776143, "n_estimators": 18.962539475887656}, "datetime": {"datetime": "2021-09-17 18:29:33", "elapsed": 62.320145, "delta": 0.894211}}
{"target": 0.6522532522605301, "params": {"eta": 0.1, "max_depth": 18.18610865537955, "n_estimators": 18.664492669283245}, "datetime": {"datetime": "2021-09-17 18:29:34", "elapsed": 63.334806, "delta": 1.014661}}
{"target": 0.7574016771884542, "params": {"eta": 0.7415625509161369, "max_depth": 4.071950680855169, "n_estimators": 16.667206450722702}, "datetime": {"datetime": "2021-09-17 18:29:35", "elapsed": 64.576481, "delta": 1.241675}}
{"target": 0.8065591569365413, "params": {"eta": 0.4968862564813884, "max_depth": 8.811744706433362, "n_estimators": 12.744593963503156}, "datetime": {"datetime": "2021-09-17 18:29:36", "elapsed": 65.013482, "delta": 0.437001}}
{"target": 0.7473956642085788, "params": {"eta": 0.1412870448220544, "max_depth": 5.544907281761775, "n_estimators": 15.979667602404259}, "datetime": {"datetime": "2021-09-17 18:29:37", "elapsed": 65.999029, "delta": 0.985547}}
{"target": 0.7841702086468255, "params": {"eta": 0.2003992520287947, "max_depth": 19.56829087034011, "n_estimators": 12.524973610492008}, "datetime": {"datetime": "2021-09-17 18:29:38", "elapsed": 66.817032, "delta": 0.818003}}
{"target": 0.6072351100521188, "params": {"eta": 0.1, "max_depth": 4.619472083409332, "n_estimators": 17.986403143411284}, "datetime": {"datetime": "2021-09-17 18:29:39", "elapsed": 67.752254, "delta": 0.935222}}
{"target": 0.794209163374539, "params": {"eta": 0.1498207334849206, "max_depth": 4.4550194596385335, "n_estimators": 16.192838689998528}, "datetime": {"datetime": "2021-09-17 18:29:40", "elapsed": 68.843258, "delta": 1.091004}}
{"target": 0.7331058326413853, "params": {"eta": 0.10840870319499808, "max_depth": 17.400852072845886, "n_estimators": 19.176033002766374}, "datetime": {"datetime": "2021-09-17 18:29:41", "elapsed": 69.673554, "delta": 0.830296}}
{"target": 0.7543632549844449, "params": {"eta": 0.8, "max_depth": 5.99285245290807, "n_estimators": 18.923775650656868}, "datetime": {"datetime": "2021-09-17 18:29:42", "elapsed": 70.701233, "delta": 1.027679}}
{"target": 0.5464078302946545, "params": {"eta": 0.12833362848627985, "max_depth": 12.52387373504881, "n_estimators": 12.707219614782183}, "datetime": {"datetime": "2021-09-17 18:29:42", "elapsed": 71.217231, "delta": 0.515998}}
{"target": 0.7945488744400149, "params": {"eta": 0.6967372969286401, "max_depth": 5.9236737606654835, "n_estimators": 14.242211837777319}, "datetime": {"datetime": "2021-09-17 18:29:43", "elapsed": 71.765411, "delta": 0.54818}}
{"target": 0.7629647369356063, "params": {"eta": 0.8, "max_depth": 6.729035765975672, "n_estimators": 17.703794106981064}, "datetime": {"datetime": "2021-09-17 18:29:44", "elapsed": 72.706613, "delta": 0.941202}}
{"target": 0.8333143003638868, "params": {"eta": 0.16957487882078257, "max_depth": 6.5249064268925565, "n_estimators": 18.228804497530692}, "datetime": {"datetime": "2021-09-17 18:29:45", "elapsed": 73.646613, "delta": 0.94}}
{"target": 0.8170513889023949, "params": {"eta": 0.23931002978404572, "max_depth": 9.413426365897195, "n_estimators": 12.723819409272032}, "datetime": {"datetime": "2021-09-17 18:29:45", "elapsed": 74.504616, "delta": 0.858003}}
{"target": 0.7624830566462892, "params": {"eta": 0.8, "max_depth": 6.374998202904736, "n_estimators": 13.801862432022983}, "datetime": {"datetime": "2021-09-17 18:29:46", "elapsed": 75.395611, "delta": 0.890995}}
{"target": 0.7367496047265696, "params": {"eta": 0.7514497466453938, "max_depth": 9.512194977085343, "n_estimators": 12.60149433130118}, "datetime": {"datetime": "2021-09-17 18:29:47", "elapsed": 76.418886, "delta": 1.023275}}
{"target": 0.8166062018188308, "params": {"eta": 0.3847811089712819, "max_depth": 15.745302068381005, "n_estimators": 8.358029165602279}, "datetime": {"datetime": "2021-09-17 18:29:48", "elapsed": 76.969884, "delta": 0.550998}}
{"target": -0.018437876211544246, "params": {"eta": 0.12317348202086296, "max_depth": 4.225155820938907, "n_estimators": 8.332909819887858}, "datetime": {"datetime": "2021-09-17 18:29:49", "elapsed": 78.008677, "delta": 1.038793}}
{"target": 0.7807080641119255, "params": {"eta": 0.6247167988813003, "max_depth": 4.198905028545271, "n_estimators": 9.482285430995146}, "datetime": {"datetime": "2021-09-17 18:29:50", "elapsed": 78.970677, "delta": 0.962}}
{"target": 0.8198581136960665, "params": {"eta": 0.4318015879750306, "max_depth": 15.395820191653636, "n_estimators": 7.79015288276388}, "datetime": {"datetime": "2021-09-17 18:29:51", "elapsed": 80.035308, "delta": 1.064631}}
{"target": 0.8232206766194876, "params": {"eta": 0.38664437576475685, "max_depth": 17.558745887243138, "n_estimators": 13.946132493684512}, "datetime": {"datetime": "2021-09-17 18:29:52", "elapsed": 80.663313, "delta": 0.628005}}
{"target": 0.5599547120714958, "params": {"eta": 0.1902191112612634, "max_depth": 15.17786670195548, "n_estimators": 8.377968516935127}, "datetime": {"datetime": "2021-09-17 18:29:53", "elapsed": 81.66284, "delta": 0.999527}}
{"target": 0.8543221228422783, "params": {"eta": 0.47037508905663117, "max_depth": 6.2638066133184225, "n_estimators": 19.078995564402586}, "datetime": {"datetime": "2021-09-17 18:29:53", "elapsed": 82.229836, "delta": 0.566996}}
{"target": 0.6987738855060399, "params": {"eta": 0.8, "max_depth": 15.170806572755772, "n_estimators": 7.378322792091241}, "datetime": {"datetime": "2021-09-17 18:29:54", "elapsed": 83.185441, "delta": 0.955605}}
{"target": 0.8140719364637659, "params": {"eta": 0.5085202492903985, "max_depth": 12.610005941213693, "n_estimators": 9.740875937705063}, "datetime": {"datetime": "2021-09-17 18:29:55", "elapsed": 83.787041, "delta": 0.6016}}
{"target": 0.3594951444617289, "params": {"eta": 0.1, "max_depth": 9.021564382083264, "n_estimators": 13.213127429141203}, "datetime": {"datetime": "2021-09-17 18:29:56", "elapsed": 84.768039, "delta": 0.980998}}
{"target": -0.06062102845623518, "params": {"eta": 0.10714063881203183, "max_depth": 4.32989819687365, "n_estimators": 9.520071933383846}, "datetime": {"datetime": "2021-09-17 18:29:57", "elapsed": 86.000847, "delta": 1.232808}}
{"target": 0.830846289397532, "params": {"eta": 0.3861746180834179, "max_depth": 8.969832721345258, "n_estimators": 12.246990726148347}, "datetime": {"datetime": "2021-09-17 18:29:58", "elapsed": 86.99985, "delta": 0.999003}}
{"target": 0.7497927945892937, "params": {"eta": 0.7239253616123841, "max_depth": 4.2995323259856235, "n_estimators": 8.926997538081668}, "datetime": {"datetime": "2021-09-17 18:29:59", "elapsed": 88.40408, "delta": 1.40423}}
{"target": 0.7938981088582513, "params": {"eta": 0.7179974800099276, "max_depth": 8.410850485908787, "n_estimators": 12.333743774088951}, "datetime": {"datetime": "2021-09-17 18:30:00", "elapsed": 89.541082, "delta": 1.137002}}
{"target": 0.7394404441400912, "params": {"eta": 0.736959680990207, "max_depth": 16.811846090978683, "n_estimators": 19.19255650758633}, "datetime": {"datetime": "2021-09-17 18:30:02", "elapsed": 90.649079, "delta": 1.107997}}
{"target": 0.7172601561393974, "params": {"eta": 0.8, "max_depth": 16.09031285713169, "n_estimators": 8.558209802070118}, "datetime": {"datetime": "2021-09-17 18:30:03", "elapsed": 91.932911, "delta": 1.283832}}
{"target": 0.7396238730789206, "params": {"eta": 0.7574265917537246, "max_depth": 6.8248156407733, "n_estimators": 10.08572594997376}, "datetime": {"datetime": "2021-09-17 18:30:03", "elapsed": 92.427914, "delta": 0.495003}}
{"target": 0.8124607560511664, "params": {"eta": 0.4208338052859535, "max_depth": 17.136529579429272, "n_estimators": 10.88331275843916}, "datetime": {"datetime": "2021-09-17 18:30:04", "elapsed": 93.045982, "delta": 0.618068}}
{"target": 0.8417290267463051, "params": {"eta": 0.43209032694010907, "max_depth": 17.46311776034267, "n_estimators": 19.73430360043585}, "datetime": {"datetime": "2021-09-17 18:30:05", "elapsed": 93.821617, "delta": 0.775635}}
{"target": 0.8519576606152021, "params": {"eta": 0.3681394386772181, "max_depth": 5.170052449950944, "n_estimators": 17.455210217305446}, "datetime": {"datetime": "2021-09-17 18:30:06", "elapsed": 94.929616, "delta": 1.107999}}
{"target": 0.8494017143064947, "params": {"eta": 0.35663847393737025, "max_depth": 6.066513224778282, "n_estimators": 18.093632904188386}, "datetime": {"datetime": "2021-09-17 18:30:07", "elapsed": 96.224908, "delta": 1.295292}}
{"target": 0.829001576486076, "params": {"eta": 0.4601689967825484, "max_depth": 17.842215512230574, "n_estimators": 19.483693197758342}, "datetime": {"datetime": "2021-09-17 18:30:08", "elapsed": 97.065907, "delta": 0.840999}}
{"target": 0.7854536088802997, "params": {"eta": 0.6262143101178163, "max_depth": 6.64223081454972, "n_estimators": 18.8342693033014}, "datetime": {"datetime": "2021-09-17 18:30:09", "elapsed": 98.008737, "delta": 0.94283}}
{"target": 0.681618242930196, "params": {"eta": 0.1, "max_depth": 17.721150206128904, "n_estimators": 19.47996678714059}, "datetime": {"datetime": "2021-09-17 18:30:10", "elapsed": 99.007738, "delta": 0.999001}}
{"target": 0.8497169655788556, "params": {"eta": 0.43111862096501896, "max_depth": 4.635992287909328, "n_estimators": 15.971106737552743}, "datetime": {"datetime": "2021-09-17 18:30:11", "elapsed": 100.000485, "delta": 0.992747}}
{"target": 0.8187207771833646, "params": {"eta": 0.4556783279430061, "max_depth": 5.051575916661973, "n_estimators": 15.796553203607383}, "datetime": {"datetime": "2021-09-17 18:30:12", "elapsed": 101.357491, "delta": 1.357006}}
{"target": 0.8400559173001354, "params": {"eta": 0.38241701676822837, "max_depth": 4.297104743778062, "n_estimators": 16.318032138829437}, "datetime": {"datetime": "2021-09-17 18:30:13", "elapsed": 102.153292, "delta": 0.795801}}
