{"target": 0.8431198128411732, "params": {"eta": 0.4130519346480902, "max_depth": 5.2666426810792215, "n_estimators": 24.780821550957263}, "datetime": {"datetime": "2021-09-17 19:09:43", "elapsed": 269.205422, "delta": 1.223847}}
{"target": 0.8292291266583987, "params": {"eta": 0.11317985596817126, "max_depth": 6.7005619929442, "n_estimators": 24.64997324055878}, "datetime": {"datetime": "2021-09-17 19:09:44", "elapsed": 271.010361, "delta": 1.804939}}
{"target": 0.7880795643428694, "params": {"eta": 0.1, "max_depth": 13.497927878551371, "n_estimators": 25.927510625874046}, "datetime": {"datetime": "2021-09-17 19:09:46", "elapsed": 272.746363, "delta": 1.736002}}
{"target": 0.8554370855396402, "params": {"eta": 0.23393834247531448, "max_depth": 6.021659675376116, "n_estimators": 29.47781040973264}, "datetime": {"datetime": "2021-09-17 19:09:48", "elapsed": 274.521991, "delta": 1.775628}}
{"target": 0.8513973478764528, "params": {"eta": 0.2700544602876709, "max_depth": 5.537788749232737, "n_estimators": 29.311006338098725}, "datetime": {"datetime": "2021-09-17 19:09:50", "elapsed": 276.183979, "delta": 1.661988}}
{"target": 0.8155320228077301, "params": {"eta": 0.5065969299984233, "max_depth": 9.867995517189646, "n_estimators": 22.00443668604207}, "datetime": {"datetime": "2021-09-17 19:09:51", "elapsed": 277.590642, "delta": 1.406663}}
{"target": 0.8520616559879715, "params": {"eta": 0.3922691337549856, "max_depth": 14.665293593412715, "n_estimators": 26.21321914473058}, "datetime": {"datetime": "2021-09-17 19:09:53", "elapsed": 279.992372, "delta": 2.40173}}
{"target": 0.8591004303357738, "params": {"eta": 0.2450765563185085, "max_depth": 5.880688146881315, "n_estimators": 29.24033028971179}, "datetime": {"datetime": "2021-09-17 19:09:55", "elapsed": 281.440851, "delta": 1.448479}}
{"target": 0.8010082925633941, "params": {"eta": 0.6871280611704489, "max_depth": 14.502095454341283, "n_estimators": 26.216758453351304}, "datetime": {"datetime": "2021-09-17 19:09:57", "elapsed": 283.276033, "delta": 1.835182}}
{"target": 0.8542462145007963, "params": {"eta": 0.2383555244379046, "max_depth": 6.077083029244378, "n_estimators": 29.12184036381713}, "datetime": {"datetime": "2021-09-17 19:09:59", "elapsed": 285.258264, "delta": 1.982231}}
{"target": 0.7607599552754325, "params": {"eta": 0.7885353848361676, "max_depth": 20.164761029631094, "n_estimators": 15.601669786122327}, "datetime": {"datetime": "2021-09-17 19:10:00", "elapsed": 286.678264, "delta": 1.42}}
{"target": 0.8611719488157459, "params": {"eta": 0.19505457531184087, "max_depth": 14.631896835798177, "n_estimators": 26.53009234141832}, "datetime": {"datetime": "2021-09-17 19:10:02", "elapsed": 288.413416, "delta": 1.735152}}
{"target": 0.7947879787443699, "params": {"eta": 0.582981675045857, "max_depth": 15.593236847777112, "n_estimators": 7.801565491055597}, "datetime": {"datetime": "2021-09-17 19:10:03", "elapsed": 289.863484, "delta": 1.450068}}
{"target": 0.855555996817988, "params": {"eta": 0.26210264207579076, "max_depth": 5.71332193486623, "n_estimators": 28.928948225161893}, "datetime": {"datetime": "2021-09-17 19:10:05", "elapsed": 291.681494, "delta": 1.81801}}
{"target": 0.8291414221303, "params": {"eta": 0.1235877122511593, "max_depth": 14.886634148151742, "n_estimators": 26.582205415066625}, "datetime": {"datetime": "2021-09-17 19:10:07", "elapsed": 293.513624, "delta": 1.83213}}
{"target": 0.8310902840847627, "params": {"eta": 0.36624439608084725, "max_depth": 10.316288531512466, "n_estimators": 7.461660990281831}, "datetime": {"datetime": "2021-09-17 19:10:08", "elapsed": 294.822628, "delta": 1.309004}}
{"target": 0.8737841568579621, "params": {"eta": 0.44301887788634187, "max_depth": 6.121038877725191, "n_estimators": 29.330662530472935}, "datetime": {"datetime": "2021-09-17 19:10:11", "elapsed": 297.123344, "delta": 2.300716}}
{"target": 0.8565772502646984, "params": {"eta": 0.4486309571594006, "max_depth": 5.851067749956246, "n_estimators": 29.024433903457727}, "datetime": {"datetime": "2021-09-17 19:10:12", "elapsed": 299.001345, "delta": 1.878001}}
{"target": 0.7833167476543251, "params": {"eta": 0.672792504201181, "max_depth": 6.040784598751971, "n_estimators": 29.116598088872063}, "datetime": {"datetime": "2021-09-17 19:10:15", "elapsed": 301.586239, "delta": 2.584894}}
{"target": 0.872899983205836, "params": {"eta": 0.19303363650634517, "max_depth": 6.241578930840949, "n_estimators": 29.282769214097932}, "datetime": {"datetime": "2021-09-17 19:10:17", "elapsed": 303.398457, "delta": 1.812218}}
{"target": 0.8405411832449623, "params": {"eta": 0.32978760639634463, "max_depth": 6.369896291312566, "n_estimators": 29.238288327245687}, "datetime": {"datetime": "2021-09-17 19:10:19", "elapsed": 305.367536, "delta": 1.969079}}
{"target": 0.8631970680131629, "params": {"eta": 0.38997301632133197, "max_depth": 6.250244098277993, "n_estimators": 29.566903375203978}, "datetime": {"datetime": "2021-09-17 19:10:21", "elapsed": 307.710143, "delta": 2.342607}}
{"target": 0.8521347591867725, "params": {"eta": 0.31637363611280694, "max_depth": 4.381737616393284, "n_estimators": 25.021097908172237}, "datetime": {"datetime": "2021-09-17 19:10:23", "elapsed": 309.4413, "delta": 1.731157}}
{"target": 0.856948827399916, "params": {"eta": 0.2460019371575172, "max_depth": 6.388642159688175, "n_estimators": 29.487435400540214}, "datetime": {"datetime": "2021-09-17 19:10:24", "elapsed": 310.968445, "delta": 1.527145}}
{"target": 0.818824764694974, "params": {"eta": 0.5728049194587578, "max_depth": 6.222106145048583, "n_estimators": 29.525339140467135}, "datetime": {"datetime": "2021-09-17 19:10:27", "elapsed": 313.125998, "delta": 2.157553}}
{"target": 0.8426458192374948, "params": {"eta": 0.4028657039112431, "max_depth": 5.561799253128317, "n_estimators": 29.077265971191075}, "datetime": {"datetime": "2021-09-17 19:10:28", "elapsed": 315.040994, "delta": 1.914996}}
{"target": 0.8569875427320157, "params": {"eta": 0.18540228562596284, "max_depth": 6.276752475621911, "n_estimators": 29.6705159625319}, "datetime": {"datetime": "2021-09-17 19:10:30", "elapsed": 316.899494, "delta": 1.8585}}
{"target": 0.8328203886806892, "params": {"eta": 0.10639704758799992, "max_depth": 4.635689912151337, "n_estimators": 27.00342162942178}, "datetime": {"datetime": "2021-09-17 19:10:32", "elapsed": 318.463301, "delta": 1.563807}}
{"target": 0.8493999787304115, "params": {"eta": 0.28011447662444977, "max_depth": 6.366477481954592, "n_estimators": 24.18342549296894}, "datetime": {"datetime": "2021-09-17 19:10:34", "elapsed": 320.409549, "delta": 1.946248}}
{"target": 0.867964165020517, "params": {"eta": 0.20615177027410442, "max_depth": 21.032489213872587, "n_estimators": 22.287010230554223}, "datetime": {"datetime": "2021-09-17 19:10:36", "elapsed": 322.486096, "delta": 2.076547}}
{"target": 0.8304170878166887, "params": {"eta": 0.307455888048624, "max_depth": 20.85411061443834, "n_estimators": 22.204028575823514}, "datetime": {"datetime": "2021-09-17 19:10:38", "elapsed": 324.555317, "delta": 2.069221}}
{"target": 0.8407728364576473, "params": {"eta": 0.24894480329852972, "max_depth": 20.84357407898938, "n_estimators": 22.591441476146812}, "datetime": {"datetime": "2021-09-17 19:10:40", "elapsed": 326.638796, "delta": 2.083479}}
{"target": 0.8412180679416206, "params": {"eta": 0.40220206923339985, "max_depth": 5.8856090505432626, "n_estimators": 29.34113269593181}, "datetime": {"datetime": "2021-09-17 19:10:42", "elapsed": 328.72443, "delta": 2.085634}}
{"target": 0.8027132992935133, "params": {"eta": 0.10354943384755867, "max_depth": 14.168551837076615, "n_estimators": 26.481555341610655}, "datetime": {"datetime": "2021-09-17 19:10:44", "elapsed": 330.646189, "delta": 1.921759}}
{"target": 0.8180538033082032, "params": {"eta": 0.564831626666695, "max_depth": 19.47871822099042, "n_estimators": 26.34754110234793}, "datetime": {"datetime": "2021-09-17 19:10:46", "elapsed": 332.292397, "delta": 1.646208}}
{"target": 0.7654532384992754, "params": {"eta": 0.7744848828874464, "max_depth": 25.07071901068239, "n_estimators": 7.613486504968804}, "datetime": {"datetime": "2021-09-17 19:10:47", "elapsed": 333.810227, "delta": 1.51783}}
{"target": 0.8301723780134354, "params": {"eta": 0.41451091807230966, "max_depth": 14.748683785566321, "n_estimators": 26.50223683959751}, "datetime": {"datetime": "2021-09-17 19:10:50", "elapsed": 336.452139, "delta": 2.641912}}
{"target": 0.8387545130150118, "params": {"eta": 0.416716421719713, "max_depth": 6.450447260907748, "n_estimators": 29.697724896602164}, "datetime": {"datetime": "2021-09-17 19:10:52", "elapsed": 338.237361, "delta": 1.785222}}
{"target": 0.858099516664176, "params": {"eta": 0.24168474091721912, "max_depth": 5.990271377013663, "n_estimators": 25.24248046851579}, "datetime": {"datetime": "2021-09-17 19:10:54", "elapsed": 340.170702, "delta": 1.933341}}
{"target": 0.7830985643744222, "params": {"eta": 0.5823217295503023, "max_depth": 20.31304150439377, "n_estimators": 10.080426973194541}, "datetime": {"datetime": "2021-09-17 19:10:55", "elapsed": 341.696766, "delta": 1.526064}}
{"target": 0.8209393648439315, "params": {"eta": 0.49691366608182297, "max_depth": 6.897829641355859, "n_estimators": 19.156269786941255}, "datetime": {"datetime": "2021-09-17 19:10:57", "elapsed": 343.130767, "delta": 1.434001}}
{"target": 0.8169349642535801, "params": {"eta": 0.10831775125014835, "max_depth": 23.67338899601125, "n_estimators": 27.07997153007721}, "datetime": {"datetime": "2021-09-17 19:10:58", "elapsed": 344.720377, "delta": 1.58961}}
{"target": 0.802467453637107, "params": {"eta": 0.10082690445478022, "max_depth": 6.174634072828407, "n_estimators": 25.29703050643968}, "datetime": {"datetime": "2021-09-17 19:11:00", "elapsed": 346.752158, "delta": 2.031781}}
{"target": 0.8208177008616512, "params": {"eta": 0.51062065827532, "max_depth": 26.824172880920802, "n_estimators": 17.53907684002956}, "datetime": {"datetime": "2021-09-17 19:11:02", "elapsed": 348.454955, "delta": 1.702797}}
{"target": 0.751021989529484, "params": {"eta": 0.7982766070542964, "max_depth": 18.522162672139135, "n_estimators": 13.294911559348503}, "datetime": {"datetime": "2021-09-17 19:11:03", "elapsed": 350.053426, "delta": 1.598471}}
{"target": 0.8671604149861615, "params": {"eta": 0.1906655687808722, "max_depth": 5.968468353170194, "n_estimators": 28.87987545454868}, "datetime": {"datetime": "2021-09-17 19:11:06", "elapsed": 352.298354, "delta": 2.244928}}
{"target": 0.8450851577816727, "params": {"eta": 0.3717570796631716, "max_depth": 21.15729109779119, "n_estimators": 22.24815964684361}, "datetime": {"datetime": "2021-09-17 19:11:08", "elapsed": 354.629582, "delta": 2.331228}}
{"target": 0.8257291338443018, "params": {"eta": 0.2456680464300507, "max_depth": 19.902393705322666, "n_estimators": 14.132196215717443}, "datetime": {"datetime": "2021-09-17 19:11:10", "elapsed": 356.199046, "delta": 1.569464}}
{"target": 0.8589508748883717, "params": {"eta": 0.32214189246198827, "max_depth": 5.726468998087266, "n_estimators": 28.67832434369289}, "datetime": {"datetime": "2021-09-17 19:11:11", "elapsed": 357.942234, "delta": 1.743188}}
{"target": 0.8595703138116991, "params": {"eta": 0.21660664500155827, "max_depth": 5.848249014825472, "n_estimators": 25.096371855814155}, "datetime": {"datetime": "2021-09-17 19:11:14", "elapsed": 360.759528, "delta": 2.817294}}
{"target": 0.854504056798042, "params": {"eta": 0.45201775919517934, "max_depth": 5.873155123210553, "n_estimators": 25.141070132073377}, "datetime": {"datetime": "2021-09-17 19:11:16", "elapsed": 363.081757, "delta": 2.322229}}
{"target": 0.8477696087147885, "params": {"eta": 0.1427806645910463, "max_depth": 5.9718420497815, "n_estimators": 28.64437106615062}, "datetime": {"datetime": "2021-09-17 19:11:19", "elapsed": 365.210583, "delta": 2.128826}}
{"target": 0.8477579420222963, "params": {"eta": 0.14271906273073343, "max_depth": 5.523598808904924, "n_estimators": 28.7091585196664}, "datetime": {"datetime": "2021-09-17 19:11:21", "elapsed": 367.139917, "delta": 1.929334}}
{"target": 0.8752675933802174, "params": {"eta": 0.44101192851578896, "max_depth": 6.061416110030256, "n_estimators": 28.690824708367938}, "datetime": {"datetime": "2021-09-17 19:11:22", "elapsed": 368.87598, "delta": 1.736063}}
{"target": 0.8418026798085116, "params": {"eta": 0.46653401152555074, "max_depth": 12.261392035069951, "n_estimators": 12.42399282635846}, "datetime": {"datetime": "2021-09-17 19:11:24", "elapsed": 370.349201, "delta": 1.473221}}
{"target": 0.8582427221587844, "params": {"eta": 0.14518533651140944, "max_depth": 6.168453425823828, "n_estimators": 28.813507822432882}, "datetime": {"datetime": "2021-09-17 19:11:26", "elapsed": 372.786353, "delta": 2.437152}}
{"target": 0.8627719322637726, "params": {"eta": 0.34294074153481224, "max_depth": 6.306621389100757, "n_estimators": 28.678751242262763}, "datetime": {"datetime": "2021-09-17 19:11:29", "elapsed": 375.263281, "delta": 2.476928}}
{"target": 0.8103118893100978, "params": {"eta": 0.5887877983339123, "max_depth": 6.131154198600264, "n_estimators": 28.31795937527333}, "datetime": {"datetime": "2021-09-17 19:11:31", "elapsed": 377.434117, "delta": 2.170836}}
{"target": 0.8519757976903578, "params": {"eta": 0.3460596070830376, "max_depth": 5.7888108195099655, "n_estimators": 28.40326087068482}, "datetime": {"datetime": "2021-09-17 19:11:33", "elapsed": 379.948299, "delta": 2.514182}}
{"target": 0.7835007617655687, "params": {"eta": 0.7098155961025081, "max_depth": 5.717496450976259, "n_estimators": 28.66532043019853}, "datetime": {"datetime": "2021-09-17 19:11:36", "elapsed": 382.138248, "delta": 2.189949}}
{"target": 0.7659299363242253, "params": {"eta": 0.7953541188212656, "max_depth": 21.485720996427293, "n_estimators": 11.46323949973532}, "datetime": {"datetime": "2021-09-17 19:11:37", "elapsed": 383.773162, "delta": 1.634914}}
{"target": 0.8302866451223063, "params": {"eta": 0.4236038861798227, "max_depth": 5.970084049555258, "n_estimators": 24.8518338950261}, "datetime": {"datetime": "2021-09-17 19:11:41", "elapsed": 387.147406, "delta": 3.374244}}
{"target": 0.8380692750547445, "params": {"eta": 0.3587475101537353, "max_depth": 5.904156475776858, "n_estimators": 28.744676878580158}, "datetime": {"datetime": "2021-09-17 19:11:42", "elapsed": 389.072985, "delta": 1.925579}}
{"target": 0.8363242029788152, "params": {"eta": 0.30293881625037017, "max_depth": 8.99746952121317, "n_estimators": 18.60526768531328}, "datetime": {"datetime": "2021-09-17 19:11:45", "elapsed": 391.589988, "delta": 2.517003}}
{"target": 0.853520019774944, "params": {"eta": 0.25714261078841155, "max_depth": 6.096811325865278, "n_estimators": 28.507401047524883}, "datetime": {"datetime": "2021-09-17 19:11:48", "elapsed": 394.75672, "delta": 3.166732}}
{"target": 0.7449135164526336, "params": {"eta": 0.7518602987603498, "max_depth": 15.69543089276853, "n_estimators": 21.00761959151464}, "datetime": {"datetime": "2021-09-17 19:11:50", "elapsed": 396.509467, "delta": 1.752747}}
{"target": 0.8192568536018894, "params": {"eta": 0.10908192316928482, "max_depth": 5.787583144572207, "n_estimators": 28.380863743537567}, "datetime": {"datetime": "2021-09-17 19:11:52", "elapsed": 398.190693, "delta": 1.681226}}
{"target": 0.8550376557836795, "params": {"eta": 0.33756529444221317, "max_depth": 6.525542169497899, "n_estimators": 28.869315584367023}, "datetime": {"datetime": "2021-09-17 19:11:54", "elapsed": 400.412217, "delta": 2.221524}}
{"target": 0.8570456163499849, "params": {"eta": 0.2093009749194693, "max_depth": 6.3711996610962025, "n_estimators": 28.481254166436788}, "datetime": {"datetime": "2021-09-17 19:11:56", "elapsed": 402.337498, "delta": 1.925281}}
{"target": 0.8432783355465545, "params": {"eta": 0.38245518075646223, "max_depth": 6.146944064252373, "n_estimators": 28.888973080593114}, "datetime": {"datetime": "2021-09-17 19:11:58", "elapsed": 404.283111, "delta": 1.945613}}
{"target": 0.7124652850079585, "params": {"eta": 0.20560899533653, "max_depth": 24.62718858830303, "n_estimators": 9.538967967373969}, "datetime": {"datetime": "2021-09-17 19:11:59", "elapsed": 405.948468, "delta": 1.665357}}
{"target": 0.8279016814139099, "params": {"eta": 0.535638191811616, "max_depth": 6.29343893644551, "n_estimators": 28.662335678184565}, "datetime": {"datetime": "2021-09-17 19:12:02", "elapsed": 408.289268, "delta": 2.3408}}
{"target": 0.8633746157231161, "params": {"eta": 0.16639716444920288, "max_depth": 6.74625814655528, "n_estimators": 28.98481253827361}, "datetime": {"datetime": "2021-09-17 19:12:05", "elapsed": 411.111919, "delta": 2.822651}}
{"target": 0.8022128068354732, "params": {"eta": 0.1369432183700664, "max_depth": 9.19090662121091, "n_estimators": 20.98035916496313}, "datetime": {"datetime": "2021-09-17 19:12:06", "elapsed": 412.758135, "delta": 1.646216}}
{"target": 0.8524885290709647, "params": {"eta": 0.2094880693382543, "max_depth": 6.780091788519935, "n_estimators": 28.669578567862597}, "datetime": {"datetime": "2021-09-17 19:12:09", "elapsed": 415.763974, "delta": 3.005839}}
{"target": 0.7500207813536, "params": {"eta": 0.1, "max_depth": 21.037454840191227, "n_estimators": 22.467749302187457}, "datetime": {"datetime": "2021-09-17 19:12:13", "elapsed": 419.33423, "delta": 3.570256}}
{"target": 0.8114828732906738, "params": {"eta": 0.505428136091643, "max_depth": 6.922887166358148, "n_estimators": 28.880037001471376}, "datetime": {"datetime": "2021-09-17 19:12:15", "elapsed": 421.865501, "delta": 2.531271}}
{"target": 0.8484629813112631, "params": {"eta": 0.12064005853281934, "max_depth": 6.547348151101147, "n_estimators": 28.94665364776836}, "datetime": {"datetime": "2021-09-17 19:12:18", "elapsed": 424.754895, "delta": 2.889394}}
{"target": 0.8609895419719696, "params": {"eta": 0.22963927518658228, "max_depth": 6.680396713366972, "n_estimators": 28.384102742219234}, "datetime": {"datetime": "2021-09-17 19:12:21", "elapsed": 427.415797, "delta": 2.660902}}
{"target": 0.8252476703385954, "params": {"eta": 0.41973183902464783, "max_depth": 20.79490783810685, "n_estimators": 22.81686084386233}, "datetime": {"datetime": "2021-09-17 19:12:23", "elapsed": 429.489795, "delta": 2.073998}}
{"target": 0.7756306129789716, "params": {"eta": 0.7402173517471143, "max_depth": 12.744053591939293, "n_estimators": 10.721069808137589}, "datetime": {"datetime": "2021-09-17 19:12:25", "elapsed": 431.197391, "delta": 1.707596}}
{"target": 0.820684101906016, "params": {"eta": 0.5082738649531439, "max_depth": 6.397287214765907, "n_estimators": 13.689102521836233}, "datetime": {"datetime": "2021-09-17 19:12:26", "elapsed": 432.872486, "delta": 1.675095}}
{"target": 0.8659737567825244, "params": {"eta": 0.15716585749502732, "max_depth": 6.898608084772364, "n_estimators": 28.442598507830635}, "datetime": {"datetime": "2021-09-17 19:12:29", "elapsed": 435.259864, "delta": 2.387378}}
{"target": 0.8700488890322237, "params": {"eta": 0.4442809543692683, "max_depth": 6.958118658327605, "n_estimators": 28.341256819753458}, "datetime": {"datetime": "2021-09-17 19:12:31", "elapsed": 437.866985, "delta": 2.607121}}
{"target": 0.8748074398712729, "params": {"eta": 0.2107817125690947, "max_depth": 6.95665547529262, "n_estimators": 28.2474842002289}, "datetime": {"datetime": "2021-09-17 19:12:33", "elapsed": 439.837764, "delta": 1.970779}}
{"target": 0.8578690507265678, "params": {"eta": 0.32914845219700617, "max_depth": 7.130670125280377, "n_estimators": 28.543085205071186}, "datetime": {"datetime": "2021-09-17 19:12:35", "elapsed": 441.655081, "delta": 1.817317}}
{"target": 0.8390094549640282, "params": {"eta": 0.4172445228504479, "max_depth": 6.8898353361643725, "n_estimators": 28.100181648141774}, "datetime": {"datetime": "2021-09-17 19:12:38", "elapsed": 444.247438, "delta": 2.592357}}
{"target": 0.820011931146114, "params": {"eta": 0.5487468490258646, "max_depth": 8.027818130232362, "n_estimators": 21.145825329599653}, "datetime": {"datetime": "2021-09-17 19:12:39", "elapsed": 445.945246, "delta": 1.697808}}
{"target": 0.8072438508442399, "params": {"eta": 0.5049515849839606, "max_depth": 6.621673482667779, "n_estimators": 28.410412216742458}, "datetime": {"datetime": "2021-09-17 19:12:42", "elapsed": 448.49349, "delta": 2.548244}}
{"target": 0.8640898082160997, "params": {"eta": 0.3742301686661207, "max_depth": 7.389388520229787, "n_estimators": 28.389575156718994}, "datetime": {"datetime": "2021-09-17 19:12:44", "elapsed": 450.751046, "delta": 2.257556}}
{"target": 0.8651839316551359, "params": {"eta": 0.26735181437077193, "max_depth": 7.289819661306435, "n_estimators": 28.296403416962967}, "datetime": {"datetime": "2021-09-17 19:12:47", "elapsed": 453.122246, "delta": 2.3712}}
{"target": 0.6777477470841402, "params": {"eta": 0.19381180623558342, "max_depth": 12.878980301213558, "n_estimators": 9.85001736415903}, "datetime": {"datetime": "2021-09-17 19:12:48", "elapsed": 454.842003, "delta": 1.719757}}
{"target": 0.808084734069239, "params": {"eta": 0.6528493692225403, "max_depth": 7.088185573552348, "n_estimators": 28.36943872647339}, "datetime": {"datetime": "2021-09-17 19:12:50", "elapsed": 456.919139, "delta": 2.077136}}
{"target": 0.8624601427388018, "params": {"eta": 0.37345724818018955, "max_depth": 7.07823226154202, "n_estimators": 28.199930490445126}, "datetime": {"datetime": "2021-09-17 19:12:52", "elapsed": 459.047548, "delta": 2.128409}}
{"target": 0.8560944870222896, "params": {"eta": 0.2545974554396365, "max_depth": 4.942988173304191, "n_estimators": 26.760927701902688}, "datetime": {"datetime": "2021-09-17 19:12:57", "elapsed": 463.209102, "delta": 4.161554}}
{"target": 0.8426751937661868, "params": {"eta": 0.12392972116134633, "max_depth": 7.1798611579381815, "n_estimators": 28.109116867943033}, "datetime": {"datetime": "2021-09-17 19:12:59", "elapsed": 466.03448, "delta": 2.825378}}
