{"target": -2.2439392039650365, "params": {"eta": 0.1965725741286406, "max_depth": 10.62076894938168, "n_estimators": 25.1295053029936}, "datetime": {"datetime": "2021-09-17 13:59:07", "elapsed": 60.019227, "delta": 0.522003}}
{"target": -2.2906930691317506, "params": {"eta": 0.1528582311740469, "max_depth": 12.197226070070414, "n_estimators": 29.552450081542833}, "datetime": {"datetime": "2021-09-17 13:59:08", "elapsed": 60.734226, "delta": 0.714999}}
{"target": -2.2990181433527095, "params": {"eta": 0.15353429664982568, "max_depth": 11.255703798050092, "n_estimators": 27.300468772376558}, "datetime": {"datetime": "2021-09-17 13:59:08", "elapsed": 61.330226, "delta": 0.596}}
{"target": -2.9195544882824547, "params": {"eta": 0.09445242733355826, "max_depth": 13.729194759083853, "n_estimators": 27.51213514755827}, "datetime": {"datetime": "2021-09-17 13:59:09", "elapsed": 61.883657, "delta": 0.553431}}
{"target": -2.322116182352367, "params": {"eta": 0.13585969061412956, "max_depth": 14.89761950111213, "n_estimators": 29.476818639373956}, "datetime": {"datetime": "2021-09-17 13:59:10", "elapsed": 62.468658, "delta": 0.585001}}
{"target": -2.4021374940872193, "params": {"eta": 0.1890883610740641, "max_depth": 11.314811963073609, "n_estimators": 27.31474825213492}, "datetime": {"datetime": "2021-09-17 13:59:10", "elapsed": 63.008657, "delta": 0.539999}}
{"target": -2.2100989655444496, "params": {"eta": 0.17566655499563152, "max_depth": 13.88148433705668, "n_estimators": 30.78569360850568}, "datetime": {"datetime": "2021-09-17 13:59:11", "elapsed": 63.586001, "delta": 0.577344}}
{"target": -2.3489562360863934, "params": {"eta": 0.12519357019379201, "max_depth": 13.889958165806835, "n_estimators": 30.7845913467963}, "datetime": {"datetime": "2021-09-17 13:59:11", "elapsed": 64.29753, "delta": 0.711529}}
{"target": -2.2939759712470207, "params": {"eta": 0.1493602938200678, "max_depth": 13.873007783375826, "n_estimators": 30.73035351432833}, "datetime": {"datetime": "2021-09-17 13:59:12", "elapsed": 64.939526, "delta": 0.641996}}
{"target": -2.657525994903163, "params": {"eta": 0.09228256249565261, "max_depth": 13.849418390773906, "n_estimators": 30.774605570900352}, "datetime": {"datetime": "2021-09-17 13:59:13", "elapsed": 65.478529, "delta": 0.539003}}
{"target": -2.4504273521272757, "params": {"eta": 0.13475131712405858, "max_depth": 15.13856965491669, "n_estimators": 24.83571025575525}, "datetime": {"datetime": "2021-09-17 13:59:13", "elapsed": 66.029528, "delta": 0.550999}}
{"target": -2.3645865961125025, "params": {"eta": 0.12318080492246317, "max_depth": 11.396243106742865, "n_estimators": 29.26984392936673}, "datetime": {"datetime": "2021-09-17 13:59:14", "elapsed": 66.525526, "delta": 0.495998}}
{"target": -2.3114013176215322, "params": {"eta": 0.1484614878642757, "max_depth": 13.939300687258367, "n_estimators": 30.795437426160163}, "datetime": {"datetime": "2021-09-17 13:59:14", "elapsed": 67.206529, "delta": 0.681003}}
{"target": -2.393494691974239, "params": {"eta": 0.16367982984822355, "max_depth": 14.689507380869136, "n_estimators": 27.912084526575285}, "datetime": {"datetime": "2021-09-17 13:59:15", "elapsed": 67.800923, "delta": 0.594394}}
{"target": -2.3379214876576473, "params": {"eta": 0.13504411619160464, "max_depth": 15.931951325668873, "n_estimators": 28.27454307303662}, "datetime": {"datetime": "2021-09-17 13:59:15", "elapsed": 68.352921, "delta": 0.551998}}
{"target": -2.2294288528592965, "params": {"eta": 0.19362340261867045, "max_depth": 13.822002816730611, "n_estimators": 30.786485244170457}, "datetime": {"datetime": "2021-09-17 13:59:16", "elapsed": 68.979917, "delta": 0.626996}}
{"target": -2.2663639601908234, "params": {"eta": 0.1588275393858724, "max_depth": 12.20503715187069, "n_estimators": 29.54300607981707}, "datetime": {"datetime": "2021-09-17 13:59:17", "elapsed": 69.558165, "delta": 0.578248}}
{"target": -2.3721948956188403, "params": {"eta": 0.1982345445620696, "max_depth": 13.945592968347238, "n_estimators": 30.76277351273317}, "datetime": {"datetime": "2021-09-17 13:59:17", "elapsed": 70.23846, "delta": 0.680295}}
{"target": -2.3659349196835566, "params": {"eta": 0.19989458651321923, "max_depth": 11.20572180244441, "n_estimators": 27.311451292250368}, "datetime": {"datetime": "2021-09-17 13:59:18", "elapsed": 70.838352, "delta": 0.599892}}
{"target": -2.413769974206623, "params": {"eta": 0.19161362779715924, "max_depth": 13.86304144375805, "n_estimators": 30.821965128961846}, "datetime": {"datetime": "2021-09-17 13:59:19", "elapsed": 71.601696, "delta": 0.763344}}
{"target": -2.330014353049429, "params": {"eta": 0.13904381165069493, "max_depth": 11.67821582265416, "n_estimators": 30.938529658671374}, "datetime": {"datetime": "2021-09-17 13:59:19", "elapsed": 72.39855, "delta": 0.796854}}
{"target": -2.3561530834750126, "params": {"eta": 0.14578418434315993, "max_depth": 11.220036603343939, "n_estimators": 27.388166697543863}, "datetime": {"datetime": "2021-09-17 13:59:20", "elapsed": 72.96417, "delta": 0.56562}}
{"target": -2.9193328581358258, "params": {"eta": 0.09576942817785217, "max_depth": 15.514072171564042, "n_estimators": 26.705991043580063}, "datetime": {"datetime": "2021-09-17 13:59:21", "elapsed": 73.494166, "delta": 0.529996}}
{"target": -2.3533531734817905, "params": {"eta": 0.1910543972918514, "max_depth": 12.923375041818025, "n_estimators": 29.517279428846518}, "datetime": {"datetime": "2021-09-17 13:59:21", "elapsed": 74.190627, "delta": 0.696461}}
{"target": -2.2660856874365556, "params": {"eta": 0.15334859872979578, "max_depth": 15.823481054764088, "n_estimators": 30.79337534349355}, "datetime": {"datetime": "2021-09-17 13:59:22", "elapsed": 74.814626, "delta": 0.623999}}
{"target": -2.3630745875208, "params": {"eta": 0.1661226711221976, "max_depth": 13.906869568492697, "n_estimators": 30.752967015461785}, "datetime": {"datetime": "2021-09-17 13:59:23", "elapsed": 75.638219, "delta": 0.823593}}
{"target": -2.251208351787768, "params": {"eta": 0.193309892989871, "max_depth": 11.235856842838318, "n_estimators": 25.89890827690693}, "datetime": {"datetime": "2021-09-17 13:59:23", "elapsed": 76.196221, "delta": 0.558002}}
{"target": -2.370570790140252, "params": {"eta": 0.14041674083064984, "max_depth": 15.747231691000307, "n_estimators": 26.389730928270254}, "datetime": {"datetime": "2021-09-17 13:59:24", "elapsed": 76.801888, "delta": 0.605667}}
{"target": -2.308026311899486, "params": {"eta": 0.18967595842368423, "max_depth": 11.22264142737334, "n_estimators": 25.963208371531767}, "datetime": {"datetime": "2021-09-17 13:59:25", "elapsed": 77.982882, "delta": 1.180994}}
{"target": -2.5221824275819875, "params": {"eta": 0.11727144444649806, "max_depth": 11.239837050579489, "n_estimators": 25.900723191915823}, "datetime": {"datetime": "2021-09-17 13:59:26", "elapsed": 78.613879, "delta": 0.630997}}
{"target": -2.3638758000574613, "params": {"eta": 0.2, "max_depth": 14.912490942431873, "n_estimators": 29.556860073503575}, "datetime": {"datetime": "2021-09-17 13:59:27", "elapsed": 79.758912, "delta": 1.145033}}
{"target": -2.4121736971955547, "params": {"eta": 0.17732055315425443, "max_depth": 11.597091515176624, "n_estimators": 30.995672623425737}, "datetime": {"datetime": "2021-09-17 13:59:28", "elapsed": 80.438913, "delta": 0.680001}}
{"target": -2.53284150299273, "params": {"eta": 0.10935771601355945, "max_depth": 14.231157260489642, "n_estimators": 28.25777438552247}, "datetime": {"datetime": "2021-09-17 13:59:28", "elapsed": 81.332472, "delta": 0.893559}}
{"target": -2.18656209268068, "params": {"eta": 0.1975588403987696, "max_depth": 12.24680463015429, "n_estimators": 29.587400777146172}, "datetime": {"datetime": "2021-09-17 13:59:29", "elapsed": 82.080495, "delta": 0.748023}}
{"target": -2.3327780968264533, "params": {"eta": 0.18773204271037996, "max_depth": 12.209570013857704, "n_estimators": 29.599878855281805}, "datetime": {"datetime": "2021-09-17 13:59:30", "elapsed": 82.752492, "delta": 0.671997}}
{"target": -2.34366026301133, "params": {"eta": 0.1618107402858835, "max_depth": 12.287279018907356, "n_estimators": 29.604253629110417}, "datetime": {"datetime": "2021-09-17 13:59:31", "elapsed": 83.505595, "delta": 0.753103}}
{"target": -2.458518554034986, "params": {"eta": 0.10486545342044226, "max_depth": 12.141793561769152, "n_estimators": 31.401529173719453}, "datetime": {"datetime": "2021-09-17 13:59:31", "elapsed": 84.178319, "delta": 0.672724}}
{"target": -2.2221424247089185, "params": {"eta": 0.17554253086727606, "max_depth": 13.84385967406968, "n_estimators": 30.73580683309426}, "datetime": {"datetime": "2021-09-17 13:59:32", "elapsed": 84.906322, "delta": 0.728003}}
{"target": -2.404878940707759, "params": {"eta": 0.1419082026743306, "max_depth": 15.878865292399428, "n_estimators": 30.802048187141278}, "datetime": {"datetime": "2021-09-17 13:59:33", "elapsed": 85.74533, "delta": 0.839008}}
{"target": -2.406987276202754, "params": {"eta": 0.1668655550339343, "max_depth": 12.148905507987742, "n_estimators": 25.045501410419803}, "datetime": {"datetime": "2021-09-17 13:59:33", "elapsed": 86.398329, "delta": 0.652999}}
{"target": -2.451853459759762, "params": {"eta": 0.14491115547824004, "max_depth": 11.524273937192287, "n_estimators": 26.029104371890284}, "datetime": {"datetime": "2021-09-17 13:59:34", "elapsed": 87.092987, "delta": 0.694658}}
{"target": -2.240227018532, "params": {"eta": 0.17541475602075368, "max_depth": 11.177689222750148, "n_estimators": 25.89657858092611}, "datetime": {"datetime": "2021-09-17 13:59:35", "elapsed": 87.807182, "delta": 0.714195}}
{"target": -2.4101878021892746, "params": {"eta": 0.11822984369586784, "max_depth": 14.843570246032055, "n_estimators": 29.88453699015179}, "datetime": {"datetime": "2021-09-17 13:59:36", "elapsed": 88.520184, "delta": 0.713002}}
{"target": -2.4545979826073894, "params": {"eta": 0.11577414979374885, "max_depth": 11.640330571794419, "n_estimators": 29.14587729663093}, "datetime": {"datetime": "2021-09-17 13:59:36", "elapsed": 89.168185, "delta": 0.648001}}
{"target": -2.288379581351029, "params": {"eta": 0.1860092895407185, "max_depth": 12.852447030880079, "n_estimators": 26.28705487331039}, "datetime": {"datetime": "2021-09-17 13:59:37", "elapsed": 89.838476, "delta": 0.670291}}
{"target": -2.335073990570871, "params": {"eta": 0.15519617801608349, "max_depth": 15.788414078809321, "n_estimators": 26.666794243663276}, "datetime": {"datetime": "2021-09-17 13:59:38", "elapsed": 90.497475, "delta": 0.658999}}
{"target": -2.331149174037732, "params": {"eta": 0.1902747870415436, "max_depth": 11.169479245341073, "n_estimators": 25.956855853168406}, "datetime": {"datetime": "2021-09-17 13:59:38", "elapsed": 91.106486, "delta": 0.609011}}
{"target": -2.2021829335313097, "params": {"eta": 0.1746532619006092, "max_depth": 13.807632981647043, "n_estimators": 30.716340784679144}, "datetime": {"datetime": "2021-09-17 13:59:39", "elapsed": 91.89928, "delta": 0.792794}}
{"target": -2.363960317561501, "params": {"eta": 0.17437532348592455, "max_depth": 13.771730071885338, "n_estimators": 30.762668300676545}, "datetime": {"datetime": "2021-09-17 13:59:40", "elapsed": 92.713276, "delta": 0.813996}}
{"target": -2.285312422325737, "params": {"eta": 0.14353745407479462, "max_depth": 15.834127445404988, "n_estimators": 31.821597818198825}, "datetime": {"datetime": "2021-09-17 13:59:40", "elapsed": 93.400278, "delta": 0.687002}}
{"target": -2.234660631104519, "params": {"eta": 0.18333960062632315, "max_depth": 11.033429200418391, "n_estimators": 27.800692739780416}, "datetime": {"datetime": "2021-09-17 13:59:41", "elapsed": 94.148447, "delta": 0.748169}}
{"target": -2.779669807459179, "params": {"eta": 0.09542426056796684, "max_depth": 13.909399065329108, "n_estimators": 28.72598658801801}, "datetime": {"datetime": "2021-09-17 13:59:42", "elapsed": 94.836449, "delta": 0.688002}}
{"target": -2.287565745178022, "params": {"eta": 0.18958413902177756, "max_depth": 13.77235792032218, "n_estimators": 30.67881382541296}, "datetime": {"datetime": "2021-09-17 13:59:43", "elapsed": 95.620448, "delta": 0.783999}}
{"target": -2.391858920298125, "params": {"eta": 0.2, "max_depth": 13.833923131881122, "n_estimators": 30.68944772794085}, "datetime": {"datetime": "2021-09-17 13:59:44", "elapsed": 96.650163, "delta": 1.029715}}
{"target": -2.3828629838792903, "params": {"eta": 0.1306578073998703, "max_depth": 10.702408848250974, "n_estimators": 25.10507501470613}, "datetime": {"datetime": "2021-09-17 13:59:45", "elapsed": 97.493166, "delta": 0.843003}}
{"target": -2.3924162538428053, "params": {"eta": 0.12671290784931039, "max_depth": 11.904862590853064, "n_estimators": 27.87984713766917}, "datetime": {"datetime": "2021-09-17 13:59:45", "elapsed": 98.196628, "delta": 0.703462}}
{"target": -2.2077840422329147, "params": {"eta": 0.17501335548314784, "max_depth": 11.59054507452884, "n_estimators": 26.3070050064963}, "datetime": {"datetime": "2021-09-17 13:59:46", "elapsed": 98.928627, "delta": 0.731999}}
{"target": -2.359340777522639, "params": {"eta": 0.19178166947065844, "max_depth": 15.19272040899014, "n_estimators": 28.297226752254417}, "datetime": {"datetime": "2021-09-17 13:59:47", "elapsed": 99.662626, "delta": 0.733999}}
{"target": -2.4161254688313134, "params": {"eta": 0.17883041688423013, "max_depth": 11.557575984047643, "n_estimators": 26.34618516073582}, "datetime": {"datetime": "2021-09-17 13:59:48", "elapsed": 100.440363, "delta": 0.777737}}
{"target": -2.3308516947846663, "params": {"eta": 0.16005781245555806, "max_depth": 11.629161708470592, "n_estimators": 26.32566476476272}, "datetime": {"datetime": "2021-09-17 13:59:48", "elapsed": 101.313363, "delta": 0.873}}
{"target": -2.269207286834717, "params": {"eta": 0.1606960961990144, "max_depth": 11.609177381629202, "n_estimators": 26.254893298548545}, "datetime": {"datetime": "2021-09-17 13:59:49", "elapsed": 102.093795, "delta": 0.780432}}
{"target": -3.413564813137054, "params": {"eta": 0.09152733347905996, "max_depth": 15.221703480634556, "n_estimators": 24.694891704467203}, "datetime": {"datetime": "2021-09-17 13:59:50", "elapsed": 102.730792, "delta": 0.636997}}
{"target": -2.28776994880877, "params": {"eta": 0.19762947251606056, "max_depth": 11.181550084367291, "n_estimators": 25.85448475811017}, "datetime": {"datetime": "2021-09-17 13:59:51", "elapsed": 103.942277, "delta": 1.211485}}
{"target": -2.37729209598742, "params": {"eta": 0.13315458313917958, "max_depth": 11.56354390743609, "n_estimators": 26.270920631910982}, "datetime": {"datetime": "2021-09-17 13:59:52", "elapsed": 104.653283, "delta": 0.711006}}
{"target": -2.4106018455404983, "params": {"eta": 0.12728744852576873, "max_depth": 12.210276095477116, "n_estimators": 26.905103973181564}, "datetime": {"datetime": "2021-09-17 13:59:52", "elapsed": 105.330281, "delta": 0.676998}}
{"target": -2.350554800660986, "params": {"eta": 0.17653321563550514, "max_depth": 10.971013135881426, "n_estimators": 27.826529750183948}, "datetime": {"datetime": "2021-09-17 13:59:53", "elapsed": 106.031059, "delta": 0.700778}}
{"target": -2.2918003508919167, "params": {"eta": 0.15988840282429953, "max_depth": 15.820744183534016, "n_estimators": 30.73698627098092}, "datetime": {"datetime": "2021-09-17 13:59:54", "elapsed": 106.729786, "delta": 0.698727}}
{"target": -2.183366926720268, "params": {"eta": 0.19794231721393452, "max_depth": 11.081410400663541, "n_estimators": 27.819311046413336}, "datetime": {"datetime": "2021-09-17 13:59:55", "elapsed": 107.562783, "delta": 0.832997}}
{"target": -2.325791184525741, "params": {"eta": 0.14781582224712367, "max_depth": 11.107668830343115, "n_estimators": 27.796203920462027}, "datetime": {"datetime": "2021-09-17 13:59:56", "elapsed": 108.429729, "delta": 0.866946}}
{"target": -2.465113787902029, "params": {"eta": 0.1261124861774549, "max_depth": 12.926360587806153, "n_estimators": 24.56914384168595}, "datetime": {"datetime": "2021-09-17 13:59:56", "elapsed": 109.165291, "delta": 0.735562}}
{"target": -2.7911973645812584, "params": {"eta": 0.10410032968762012, "max_depth": 10.251901255007517, "n_estimators": 26.651547125791158}, "datetime": {"datetime": "2021-09-17 13:59:57", "elapsed": 109.860495, "delta": 0.695204}}
{"target": -2.333510615323719, "params": {"eta": 0.1658583637257198, "max_depth": 15.767870098198461, "n_estimators": 30.77548225060385}, "datetime": {"datetime": "2021-09-17 13:59:58", "elapsed": 110.812496, "delta": 0.952001}}
{"target": -2.254214912339261, "params": {"eta": 0.1501274226360339, "max_depth": 11.08010638502641, "n_estimators": 27.839997791484038}, "datetime": {"datetime": "2021-09-17 13:59:59", "elapsed": 111.992652, "delta": 1.180156}}
{"target": -2.3032748862316734, "params": {"eta": 0.16572418608547895, "max_depth": 16.7866314982286, "n_estimators": 31.329576802083743}, "datetime": {"datetime": "2021-09-17 14:00:00", "elapsed": 112.841651, "delta": 0.848999}}
{"target": -2.2946837619731304, "params": {"eta": 0.1873217399695693, "max_depth": 10.704233072836535, "n_estimators": 25.094103591176648}, "datetime": {"datetime": "2021-09-17 14:00:01", "elapsed": 113.654651, "delta": 0.813}}
{"target": -2.257006155189715, "params": {"eta": 0.19588796409993903, "max_depth": 11.093521996795511, "n_estimators": 27.738277463575148}, "datetime": {"datetime": "2021-09-17 14:00:02", "elapsed": 114.456445, "delta": 0.801794}}
{"target": -2.326624537769117, "params": {"eta": 0.16270188682436543, "max_depth": 11.035920335580418, "n_estimators": 27.85090781117543}, "datetime": {"datetime": "2021-09-17 14:00:02", "elapsed": 115.210453, "delta": 0.754008}}
{"target": -2.295978822833613, "params": {"eta": 0.18821337413670874, "max_depth": 11.16105152095378, "n_estimators": 27.804156259665636}, "datetime": {"datetime": "2021-09-17 14:00:03", "elapsed": 115.993633, "delta": 0.78318}}
{"target": -2.322102701663971, "params": {"eta": 0.1863716196329372, "max_depth": 11.048324669788448, "n_estimators": 27.748477417107246}, "datetime": {"datetime": "2021-09-17 14:00:04", "elapsed": 117.02228, "delta": 1.028647}}
{"target": -2.2865506730581586, "params": {"eta": 0.15319115418226492, "max_depth": 11.115248263434019, "n_estimators": 27.70096183149728}, "datetime": {"datetime": "2021-09-17 14:00:05", "elapsed": 117.789954, "delta": 0.767674}}
{"target": -2.2655990268054764, "params": {"eta": 0.19471655487030315, "max_depth": 11.660805366598613, "n_estimators": 26.27288460030616}, "datetime": {"datetime": "2021-09-17 14:00:06", "elapsed": 118.516955, "delta": 0.727001}}
{"target": -2.339617443712134, "params": {"eta": 0.14905375347514235, "max_depth": 10.821574907216297, "n_estimators": 31.56899941652238}, "datetime": {"datetime": "2021-09-17 14:00:06", "elapsed": 119.271955, "delta": 0.755}}
{"target": -2.3435587318320024, "params": {"eta": 0.16523104888014645, "max_depth": 11.16109425810854, "n_estimators": 27.741487252355416}, "datetime": {"datetime": "2021-09-17 14:00:07", "elapsed": 120.099218, "delta": 0.827263}}
{"target": -2.394835386778179, "params": {"eta": 0.17206431193100075, "max_depth": 11.131997479438715, "n_estimators": 27.857319936848505}, "datetime": {"datetime": "2021-09-17 14:00:08", "elapsed": 120.996218, "delta": 0.897}}
{"target": -2.30473304924212, "params": {"eta": 0.16289744178026794, "max_depth": 15.828872401584569, "n_estimators": 31.757893836750327}, "datetime": {"datetime": "2021-09-17 14:00:09", "elapsed": 121.892091, "delta": 0.895873}}
{"target": -2.3506271425046417, "params": {"eta": 0.2, "max_depth": 11.58660034950209, "n_estimators": 26.269977725057057}, "datetime": {"datetime": "2021-09-17 14:00:10", "elapsed": 122.773095, "delta": 0.881004}}
{"target": -2.4559602812716834, "params": {"eta": 0.12430733236058779, "max_depth": 11.039919084150096, "n_estimators": 27.792266112915794}, "datetime": {"datetime": "2021-09-17 14:00:11", "elapsed": 123.765093, "delta": 0.991998}}
{"target": -2.5371902227401733, "params": {"eta": 0.10789894965084151, "max_depth": 10.690465692959766, "n_estimators": 28.01407340003655}, "datetime": {"datetime": "2021-09-17 14:00:12", "elapsed": 124.627397, "delta": 0.862304}}
{"target": -2.352497802910052, "params": {"eta": 0.1397256676098266, "max_depth": 13.781086109733693, "n_estimators": 30.646222646463023}, "datetime": {"datetime": "2021-09-17 14:00:13", "elapsed": 125.437397, "delta": 0.81}}
{"target": -2.3584978423620524, "params": {"eta": 0.1967193461262155, "max_depth": 11.115944951275662, "n_estimators": 25.879245586749175}, "datetime": {"datetime": "2021-09-17 14:00:13", "elapsed": 126.304152, "delta": 0.866755}}
{"target": -2.359870656540519, "params": {"eta": 0.11751015760865254, "max_depth": 11.641102699450206, "n_estimators": 30.523063704691815}, "datetime": {"datetime": "2021-09-17 14:00:14", "elapsed": 127.094067, "delta": 0.789915}}
{"target": -2.346896524805772, "params": {"eta": 0.18822092535843965, "max_depth": 15.78774159591347, "n_estimators": 30.849969425805966}, "datetime": {"datetime": "2021-09-17 14:00:15", "elapsed": 128.078792, "delta": 0.984725}}
{"target": -2.396285299250954, "params": {"eta": 0.17454268462261086, "max_depth": 11.690268030648951, "n_estimators": 26.212313259126084}, "datetime": {"datetime": "2021-09-17 14:00:16", "elapsed": 129.120928, "delta": 1.042136}}
{"target": -2.2479065437065926, "params": {"eta": 0.1930681783654001, "max_depth": 11.156206081826896, "n_estimators": 27.661897013831755}, "datetime": {"datetime": "2021-09-17 14:00:17", "elapsed": 130.022715, "delta": 0.901787}}
{"target": -2.3270849296921177, "params": {"eta": 0.14061911105710856, "max_depth": 11.15883569348212, "n_estimators": 27.617488484790304}, "datetime": {"datetime": "2021-09-17 14:00:18", "elapsed": 131.244018, "delta": 1.221303}}
{"target": -2.289862248144652, "params": {"eta": 0.1537168343673079, "max_depth": 11.083523071307035, "n_estimators": 27.64398947832922}, "datetime": {"datetime": "2021-09-17 14:00:19", "elapsed": 132.226359, "delta": 0.982341}}
