{"target": -10.668561892202595, "params": {"eta": 0.05168068056474877, "max_depth": 17.98542156471268, "n_estimators": 93.23515914767404}, "datetime": {"datetime": "2021-09-27 19:23:03", "elapsed": 790.170986, "delta": 4.659421}}
{"target": -11.504819458508953, "params": {"eta": 0.05079811541176531, "max_depth": 19.547394883882554, "n_estimators": 55.014243248963055}, "datetime": {"datetime": "2021-09-27 19:23:07", "elapsed": 793.640769, "delta": 3.469783}}
{"target": -10.832155486027743, "params": {"eta": 0.2996923463832464, "max_depth": 8.912384223064032, "n_estimators": 55.44831713570706}, "datetime": {"datetime": "2021-09-27 19:23:10", "elapsed": 797.588666, "delta": 3.947897}}
{"target": -10.169835274841377, "params": {"eta": 0.08963297211578776, "max_depth": 28.287800075956433, "n_estimators": 50.76876367729292}, "datetime": {"datetime": "2021-09-27 19:23:13", "elapsed": 800.472668, "delta": 2.884002}}
{"target": -10.534969533154596, "params": {"eta": 0.06980953777963299, "max_depth": 13.888728029772544, "n_estimators": 96.94066449481383}, "datetime": {"datetime": "2021-09-27 19:23:17", "elapsed": 804.122396, "delta": 3.649728}}
{"target": -10.97215352198842, "params": {"eta": 0.17397137058100204, "max_depth": 27.944251812207785, "n_estimators": 50.49375275321832}, "datetime": {"datetime": "2021-09-27 19:23:23", "elapsed": 809.883374, "delta": 5.760978}}
{"target": -10.480167713976485, "params": {"eta": 0.1421480803321445, "max_depth": 23.80834856867983, "n_estimators": 64.29160683215581}, "datetime": {"datetime": "2021-09-27 19:23:26", "elapsed": 812.75344, "delta": 2.870066}}
{"target": -10.21803174853343, "params": {"eta": 0.14335654438276219, "max_depth": 33.6920045784384, "n_estimators": 59.57568201610657}, "datetime": {"datetime": "2021-09-27 19:23:29", "elapsed": 815.752664, "delta": 2.999224}}
{"target": -11.662671544504015, "params": {"eta": 0.25130251685254557, "max_depth": 19.05193136148017, "n_estimators": 79.57550301557018}, "datetime": {"datetime": "2021-09-27 19:23:35", "elapsed": 821.814146, "delta": 6.061482}}
{"target": -10.54028154965249, "params": {"eta": 0.12133508389029792, "max_depth": 34.167128312832205, "n_estimators": 59.31432267821028}, "datetime": {"datetime": "2021-09-27 19:23:40", "elapsed": 826.726727, "delta": 4.912581}}
{"target": -9.89468813139202, "params": {"eta": 0.19737639194571793, "max_depth": 25.603378032296433, "n_estimators": 68.77206365320444}, "datetime": {"datetime": "2021-09-27 19:23:45", "elapsed": 831.830663, "delta": 5.103936}}
{"target": -10.247515763179091, "params": {"eta": 0.09374672614759914, "max_depth": 25.90921005299105, "n_estimators": 68.76747803209649}, "datetime": {"datetime": "2021-09-27 19:23:50", "elapsed": 837.294815, "delta": 5.464152}}
{"target": -14.836756020932446, "params": {"eta": 0.12540027453735264, "max_depth": 1.578418642568424, "n_estimators": 80.30030989697073}, "datetime": {"datetime": "2021-09-27 19:23:53", "elapsed": 839.838413, "delta": 2.543598}}
{"target": -10.72109073358644, "params": {"eta": 0.1764078088252483, "max_depth": 10.223132734318114, "n_estimators": 90.1885895567498}, "datetime": {"datetime": "2021-09-27 19:23:56", "elapsed": 843.002832, "delta": 3.164419}}
{"target": -10.438206437596731, "params": {"eta": 0.06381057634783856, "max_depth": 23.29088830012535, "n_estimators": 66.58604281796272}, "datetime": {"datetime": "2021-09-27 19:24:00", "elapsed": 847.168575, "delta": 4.165743}}
{"target": -10.718572146307103, "params": {"eta": 0.07213612986875874, "max_depth": 15.20307692285577, "n_estimators": 84.84129239998664}, "datetime": {"datetime": "2021-09-27 19:24:03", "elapsed": 850.350375, "delta": 3.1818}}
{"target": -10.472714402144746, "params": {"eta": 0.06406745315365862, "max_depth": 25.232438464253434, "n_estimators": 68.84531489712958}, "datetime": {"datetime": "2021-09-27 19:24:10", "elapsed": 856.873693, "delta": 6.523318}}
{"target": -10.536860318570007, "params": {"eta": 0.11997290888210001, "max_depth": 20.630573169522034, "n_estimators": 53.50267073760897}, "datetime": {"datetime": "2021-09-27 19:24:15", "elapsed": 862.381211, "delta": 5.507518}}
{"target": -10.475242558578316, "params": {"eta": 0.13618593533989876, "max_depth": 26.045933459115517, "n_estimators": 68.15781467932197}, "datetime": {"datetime": "2021-09-27 19:24:21", "elapsed": 867.989551, "delta": 5.60834}}
{"target": -11.59082519021131, "params": {"eta": 0.23616459880077395, "max_depth": 6.787268576743302, "n_estimators": 77.49767239566685}, "datetime": {"datetime": "2021-09-27 19:24:26", "elapsed": 873.598535, "delta": 5.608984}}
{"target": -10.283188772687513, "params": {"eta": 0.12970509986369155, "max_depth": 12.816972534637207, "n_estimators": 63.560459139864236}, "datetime": {"datetime": "2021-09-27 19:24:30", "elapsed": 877.04797, "delta": 3.449435}}
{"target": -11.336516020035818, "params": {"eta": 0.22010006040699664, "max_depth": 31.239675696042426, "n_estimators": 67.88387339949573}, "datetime": {"datetime": "2021-09-27 19:24:33", "elapsed": 880.387713, "delta": 3.339743}}
{"target": -10.861291401484333, "params": {"eta": 0.28335974991242263, "max_depth": 33.531138434123235, "n_estimators": 59.120909563063236}, "datetime": {"datetime": "2021-09-27 19:24:39", "elapsed": 886.574083, "delta": 6.18637}}
{"target": -11.142195908209832, "params": {"eta": 0.17443601826121702, "max_depth": 13.186622911600702, "n_estimators": 63.330355767987214}, "datetime": {"datetime": "2021-09-27 19:24:43", "elapsed": 889.777715, "delta": 3.203632}}
{"target": -10.830004316274144, "params": {"eta": 0.18746782076426433, "max_depth": 10.900848397550481, "n_estimators": 86.93425822151694}, "datetime": {"datetime": "2021-09-27 19:24:49", "elapsed": 896.154491, "delta": 6.376776}}
{"target": -10.775923754507836, "params": {"eta": 0.0902889213689836, "max_depth": 18.562387373521094, "n_estimators": 54.34545010502697}, "datetime": {"datetime": "2021-09-27 19:24:52", "elapsed": 899.246246, "delta": 3.091755}}
{"target": -10.190458747972361, "params": {"eta": 0.06398498873637469, "max_depth": 20.696532290741697, "n_estimators": 56.92484957807694}, "datetime": {"datetime": "2021-09-27 19:24:55", "elapsed": 902.21424, "delta": 2.967994}}
{"target": -10.969449344516741, "params": {"eta": 0.14511324225425432, "max_depth": 20.296605135157062, "n_estimators": 56.67984526558419}, "datetime": {"datetime": "2021-09-27 19:25:00", "elapsed": 907.254765, "delta": 5.040525}}
{"target": -11.39534652516501, "params": {"eta": 0.2667881644957844, "max_depth": 8.599296031508697, "n_estimators": 97.3766932066996}, "datetime": {"datetime": "2021-09-27 19:25:04", "elapsed": 911.075368, "delta": 3.820603}}
{"target": -10.186336863378925, "params": {"eta": 0.3, "max_depth": 25.776722225547314, "n_estimators": 69.14217354795922}, "datetime": {"datetime": "2021-09-27 19:25:11", "elapsed": 917.853495, "delta": 6.778127}}
{"target": -10.743535131145277, "params": {"eta": 0.14089826154157825, "max_depth": 12.660368598788036, "n_estimators": 64.04612817732838}, "datetime": {"datetime": "2021-09-27 19:25:17", "elapsed": 923.838545, "delta": 5.98505}}
{"target": -11.498358569140706, "params": {"eta": 0.1796172134877453, "max_depth": 3.7430005699192437, "n_estimators": 50.59577502580818}, "datetime": {"datetime": "2021-09-27 19:25:19", "elapsed": 926.260574, "delta": 2.422029}}
{"target": -10.73451998975052, "params": {"eta": 0.08591206151997312, "max_depth": 21.10770245802396, "n_estimators": 57.3032951078012}, "datetime": {"datetime": "2021-09-27 19:25:25", "elapsed": 932.15641, "delta": 5.895836}}
{"target": -10.066100461311345, "params": {"eta": 0.10791712691336593, "max_depth": 21.63054573953221, "n_estimators": 56.31837340623314}, "datetime": {"datetime": "2021-09-27 19:25:29", "elapsed": 935.693341, "delta": 3.536931}}
{"target": -10.280519072444214, "params": {"eta": 0.05923919164592796, "max_depth": 22.479196396407495, "n_estimators": 71.8553508335443}, "datetime": {"datetime": "2021-09-27 19:25:32", "elapsed": 938.877353, "delta": 3.184012}}
{"target": -13.071090858527592, "params": {"eta": 0.1961866907805736, "max_depth": 2.202007850887599, "n_estimators": 59.42448830807993}, "datetime": {"datetime": "2021-09-27 19:25:35", "elapsed": 941.8281, "delta": 2.950747}}
{"target": -10.611969979050775, "params": {"eta": 0.15198367232176918, "max_depth": 21.985770991676585, "n_estimators": 71.72636133232862}, "datetime": {"datetime": "2021-09-27 19:25:41", "elapsed": 948.279776, "delta": 6.451676}}
{"target": -11.137887764963398, "params": {"eta": 0.16852947123598405, "max_depth": 29.806240074865467, "n_estimators": 76.63019541502827}, "datetime": {"datetime": "2021-09-27 19:25:47", "elapsed": 953.950496, "delta": 5.67072}}
{"target": -10.672559542018982, "params": {"eta": 0.18497950444225392, "max_depth": 10.630400934250229, "n_estimators": 76.51169395969573}, "datetime": {"datetime": "2021-09-27 19:25:50", "elapsed": 957.349799, "delta": 3.399303}}
{"target": -11.235830377489668, "params": {"eta": 0.25488138828719037, "max_depth": 26.706923879771242, "n_estimators": 71.43939898026608}, "datetime": {"datetime": "2021-09-27 19:25:54", "elapsed": 960.730403, "delta": 3.380604}}
{"target": -11.364134074610359, "params": {"eta": 0.1889772770855495, "max_depth": 21.270569038835422, "n_estimators": 53.41781966060405}, "datetime": {"datetime": "2021-09-27 19:26:00", "elapsed": 966.651015, "delta": 5.920612}}
{"target": -12.935415306925934, "params": {"eta": 0.16581941822816626, "max_depth": 2.9650768556564664, "n_estimators": 99.580647726096}, "datetime": {"datetime": "2021-09-27 19:26:04", "elapsed": 971.012528, "delta": 4.361513}}
{"target": -10.17921853830681, "params": {"eta": 0.3, "max_depth": 31.266919720798402, "n_estimators": 80.28734530262058}, "datetime": {"datetime": "2021-09-27 19:26:09", "elapsed": 976.032301, "delta": 5.019773}}
{"target": -10.819079411476599, "params": {"eta": 0.201083836925549, "max_depth": 9.899976170424429, "n_estimators": 55.57542295717407}, "datetime": {"datetime": "2021-09-27 19:26:12", "elapsed": 979.034255, "delta": 3.001954}}
{"target": -10.642044843558452, "params": {"eta": 0.09879815747209093, "max_depth": 6.718632866368923, "n_estimators": 70.94095913120728}, "datetime": {"datetime": "2021-09-27 19:26:15", "elapsed": 981.964083, "delta": 2.929828}}
{"target": -10.124183056031361, "params": {"eta": 0.07998427093109305, "max_depth": 13.488320096904125, "n_estimators": 73.92928692182241}, "datetime": {"datetime": "2021-09-27 19:26:18", "elapsed": 984.845626, "delta": 2.881543}}
{"target": -11.376234880708909, "params": {"eta": 0.179416897101004, "max_depth": 12.419598093284034, "n_estimators": 92.01139123304539}, "datetime": {"datetime": "2021-09-27 19:26:21", "elapsed": 988.166161, "delta": 3.320535}}
{"target": -11.464278321913413, "params": {"eta": 0.1887353436364006, "max_depth": 16.760927364161454, "n_estimators": 66.45917259047933}, "datetime": {"datetime": "2021-09-27 19:26:25", "elapsed": 991.849061, "delta": 3.6829}}
{"target": -10.998893808581318, "params": {"eta": 0.29835058211423876, "max_depth": 21.56258463552744, "n_estimators": 71.26619351397957}, "datetime": {"datetime": "2021-09-27 19:26:28", "elapsed": 995.164107, "delta": 3.315046}}
{"target": -10.363616688901937, "params": {"eta": 0.06426153406216124, "max_depth": 13.674455334678159, "n_estimators": 74.25449754836629}, "datetime": {"datetime": "2021-09-27 19:26:35", "elapsed": 1002.011631, "delta": 6.847524}}
{"target": -10.929719350330924, "params": {"eta": 0.18720337598183118, "max_depth": 25.31643845666226, "n_estimators": 160.27633760716438}, "datetime": {"datetime": "2021-09-27 19:33:17", "elapsed": 0.0, "delta": 0.0}}
{"target": -10.837663733479248, "params": {"eta": 0.18622079574922423, "max_depth": 15.40426317752276, "n_estimators": 164.58941130666562}, "datetime": {"datetime": "2021-09-27 19:33:18", "elapsed": 1.855002, "delta": 1.855002}}
{"target": -10.457159324630538, "params": {"eta": 0.15939680281567314, "max_depth": 31.32028202659071, "n_estimators": 196.36627605010293}, "datetime": {"datetime": "2021-09-27 19:33:20", "elapsed": 3.663654, "delta": 1.808652}}
{"target": -10.24826658638533, "params": {"eta": 0.14586037970644444, "max_depth": 27.918651294810594, "n_estimators": 152.88949197529044}, "datetime": {"datetime": "2021-09-27 19:33:23", "elapsed": 6.18405, "delta": 2.520396}}
{"target": -10.695064049432341, "params": {"eta": 0.1920111402734831, "max_depth": 32.47028570195047, "n_estimators": 107.1036058197887}, "datetime": {"datetime": "2021-09-27 19:33:25", "elapsed": 8.988988, "delta": 2.804938}}
{"target": -11.30321661362372, "params": {"eta": 0.21729219297379532, "max_depth": 25.152139429706548, "n_estimators": 184.63797577103304}, "datetime": {"datetime": "2021-09-27 19:33:28", "elapsed": 11.224815, "delta": 2.235827}}
{"target": -10.195057465726547, "params": {"eta": 0.10757221226711187, "max_depth": 33.555593082322765, "n_estimators": 138.32488750495463}, "datetime": {"datetime": "2021-09-27 19:33:31", "elapsed": 14.024919, "delta": 2.800104}}
{"target": -10.716355757167936, "params": {"eta": 0.1852758877559133, "max_depth": 19.80563001384998, "n_estimators": 173.25645287478753}, "datetime": {"datetime": "2021-09-27 19:33:32", "elapsed": 15.514249, "delta": 1.48933}}
{"target": -10.452760247214526, "params": {"eta": 0.09883458557149057, "max_depth": 10.363821029606449, "n_estimators": 108.63397761543801}, "datetime": {"datetime": "2021-09-27 19:33:33", "elapsed": 16.553251, "delta": 1.039002}}
{"target": -10.459941948893778, "params": {"eta": 0.1430117561446947, "max_depth": 4.92627827467151, "n_estimators": 185.71465914318082}, "datetime": {"datetime": "2021-09-27 19:33:34", "elapsed": 17.284939, "delta": 0.731688}}
{"target": -11.138974402486431, "params": {"eta": 0.27665820750419334, "max_depth": 25.058994806866124, "n_estimators": 123.92854976368062}, "datetime": {"datetime": "2021-09-27 19:33:35", "elapsed": 18.39294, "delta": 1.108001}}
{"target": -10.974311136830982, "params": {"eta": 0.295786584367876, "max_depth": 22.877729162874914, "n_estimators": 186.4019009731232}, "datetime": {"datetime": "2021-09-27 19:33:36", "elapsed": 19.500731, "delta": 1.107791}}
{"target": -10.916530986948358, "params": {"eta": 0.29583579537737364, "max_depth": 32.724379966981395, "n_estimators": 141.21408547239258}, "datetime": {"datetime": "2021-09-27 19:33:38", "elapsed": 21.050544, "delta": 1.549813}}
{"target": -10.756447967373754, "params": {"eta": 0.0855698852198462, "max_depth": 33.290523721301824, "n_estimators": 136.99842089320958}, "datetime": {"datetime": "2021-09-27 19:33:40", "elapsed": 23.537042, "delta": 2.486498}}
{"target": -10.873667241053726, "params": {"eta": 0.2836584320270869, "max_depth": 32.44460536946612, "n_estimators": 107.06945403946428}, "datetime": {"datetime": "2021-09-27 19:33:41", "elapsed": 24.517044, "delta": 0.980002}}
{"target": -10.455441004304367, "params": {"eta": 0.12365568522900448, "max_depth": 6.793997059807473, "n_estimators": 152.9799623106655}, "datetime": {"datetime": "2021-09-27 19:33:42", "elapsed": 25.36379, "delta": 0.846746}}
{"target": -11.271071725772194, "params": {"eta": 0.18079236877772087, "max_depth": 20.75877491431214, "n_estimators": 113.63187980801635}, "datetime": {"datetime": "2021-09-27 19:33:43", "elapsed": 26.919788, "delta": 1.555998}}
{"target": -10.857205756592995, "params": {"eta": 0.0663399750064536, "max_depth": 33.15067833800198, "n_estimators": 138.42863735831864}, "datetime": {"datetime": "2021-09-27 19:33:46", "elapsed": 29.364355, "delta": 2.444567}}
{"target": -11.088623104480181, "params": {"eta": 0.11427158736834815, "max_depth": 25.555814234122614, "n_estimators": 197.50836706615559}, "datetime": {"datetime": "2021-09-27 19:33:48", "elapsed": 31.838071, "delta": 2.473716}}
{"target": -10.503438167418553, "params": {"eta": 0.09148232874418764, "max_depth": 13.758855635953894, "n_estimators": 186.17583612518808}, "datetime": {"datetime": "2021-09-27 19:33:51", "elapsed": 34.322075, "delta": 2.484004}}
{"target": -11.07566790598783, "params": {"eta": 0.26855154794277347, "max_depth": 7.174406334304269, "n_estimators": 104.31908016094724}, "datetime": {"datetime": "2021-09-27 19:33:52", "elapsed": 35.312059, "delta": 0.989984}}
{"target": -11.56181882983413, "params": {"eta": 0.17901609698175663, "max_depth": 31.861472557806763, "n_estimators": 142.02719093629847}, "datetime": {"datetime": "2021-09-27 19:33:53", "elapsed": 36.882057, "delta": 1.569998}}
{"target": -11.517235625345663, "params": {"eta": 0.2722286100349712, "max_depth": 27.972219897385205, "n_estimators": 152.75413153149472}, "datetime": {"datetime": "2021-09-27 19:33:54", "elapsed": 37.978063, "delta": 1.096006}}
{"target": -10.896601768805107, "params": {"eta": 0.16545314280418338, "max_depth": 30.36347891446663, "n_estimators": 110.54066718479409}, "datetime": {"datetime": "2021-09-27 19:33:57", "elapsed": 40.051838, "delta": 2.073775}}
{"target": -10.974968923709941, "params": {"eta": 0.23862555479277436, "max_depth": 28.604974192463768, "n_estimators": 196.68931928748577}, "datetime": {"datetime": "2021-09-27 19:33:58", "elapsed": 41.613438, "delta": 1.5616}}
{"target": -11.154013354413632, "params": {"eta": 0.2841031908654577, "max_depth": 33.826223861198805, "n_estimators": 137.1876221627088}, "datetime": {"datetime": "2021-09-27 19:33:59", "elapsed": 42.921128, "delta": 1.30769}}
{"target": -10.459168356714189, "params": {"eta": 0.09709744068016547, "max_depth": 4.093019539583127, "n_estimators": 133.77963583570943}, "datetime": {"datetime": "2021-09-27 19:34:00", "elapsed": 43.585281, "delta": 0.664153}}
{"target": -10.846273264627122, "params": {"eta": 0.15623321801900608, "max_depth": 34.19819090085716, "n_estimators": 160.50976028851667}, "datetime": {"datetime": "2021-09-27 19:34:02", "elapsed": 45.359503, "delta": 1.774222}}
{"target": -11.004149847858043, "params": {"eta": 0.13152478470703266, "max_depth": 7.873302537388451, "n_estimators": 149.67640688317533}, "datetime": {"datetime": "2021-09-27 19:34:03", "elapsed": 46.424507, "delta": 1.065004}}
{"target": -13.516086393613538, "params": {"eta": 0.19155149888166279, "max_depth": 1.6362060578441537, "n_estimators": 169.1118881570864}, "datetime": {"datetime": "2021-09-27 19:34:03", "elapsed": 46.866508, "delta": 0.442001}}
{"target": -10.748488491835321, "params": {"eta": 0.1241309635745423, "max_depth": 34.82316091410071, "n_estimators": 149.52477648043964}, "datetime": {"datetime": "2021-09-27 19:34:05", "elapsed": 48.877935, "delta": 2.011427}}
{"target": -10.596106313498758, "params": {"eta": 0.05365239253606226, "max_depth": 11.565371463048544, "n_estimators": 120.05649542587847}, "datetime": {"datetime": "2021-09-27 19:34:07", "elapsed": 50.088933, "delta": 1.210998}}
{"target": -10.872225110985076, "params": {"eta": 0.17600071383256588, "max_depth": 4.119615294355194, "n_estimators": 133.7188225351145}, "datetime": {"datetime": "2021-09-27 19:34:07", "elapsed": 50.911934, "delta": 0.823001}}
{"target": -14.064893883000629, "params": {"eta": 0.12118279004688991, "max_depth": 1.569189548516882, "n_estimators": 192.31712445968404}, "datetime": {"datetime": "2021-09-27 19:34:08", "elapsed": 51.330461, "delta": 0.418527}}
{"target": -11.335169856009038, "params": {"eta": 0.18089443517492698, "max_depth": 31.43545629981135, "n_estimators": 171.6575632750562}, "datetime": {"datetime": "2021-09-27 19:34:09", "elapsed": 52.786428, "delta": 1.455967}}
{"target": -11.230962135946475, "params": {"eta": 0.17116405370613363, "max_depth": 27.87479795453965, "n_estimators": 152.80578826256544}, "datetime": {"datetime": "2021-09-27 19:34:11", "elapsed": 54.595828, "delta": 1.8094}}
{"target": -11.032611006598616, "params": {"eta": 0.2449183832910165, "max_depth": 7.676765791138666, "n_estimators": 136.01305260749967}, "datetime": {"datetime": "2021-09-27 19:34:12", "elapsed": 55.673329, "delta": 1.077501}}
{"target": -11.330395748486914, "params": {"eta": 0.23809258378369935, "max_depth": 10.618636817761896, "n_estimators": 147.96717023842533}, "datetime": {"datetime": "2021-09-27 19:34:13", "elapsed": 56.759329, "delta": 1.086}}
{"target": -10.432739793042405, "params": {"eta": 0.056122309707667614, "max_depth": 33.352753645789576, "n_estimators": 138.19440632782516}, "datetime": {"datetime": "2021-09-27 19:34:15", "elapsed": 58.590016, "delta": 1.830687}}
{"target": -10.539087181445456, "params": {"eta": 0.06807810788147033, "max_depth": 23.225913935072473, "n_estimators": 185.7497999321709}, "datetime": {"datetime": "2021-09-27 19:34:18", "elapsed": 61.885839, "delta": 3.295823}}
{"target": -10.753328524971675, "params": {"eta": 0.07562568257181394, "max_depth": 26.647516873270927, "n_estimators": 198.67835758484256}, "datetime": {"datetime": "2021-09-27 19:34:21", "elapsed": 64.914116, "delta": 3.028277}}
{"target": -11.817837832070726, "params": {"eta": 0.25915457433186406, "max_depth": 21.764988794552316, "n_estimators": 101.8856088075291}, "datetime": {"datetime": "2021-09-27 19:34:22", "elapsed": 65.961468, "delta": 1.047352}}
{"target": -11.248584114131914, "params": {"eta": 0.2392268011416318, "max_depth": 10.465487895143928, "n_estimators": 108.7585599914076}, "datetime": {"datetime": "2021-09-27 19:34:24", "elapsed": 67.225628, "delta": 1.26416}}
{"target": -10.698958551800356, "params": {"eta": 0.11244581566776053, "max_depth": 27.672185630347126, "n_estimators": 147.7755924588076}, "datetime": {"datetime": "2021-09-27 19:34:26", "elapsed": 69.321628, "delta": 2.096}}
{"target": -10.197481575755377, "params": {"eta": 0.07855241381352072, "max_depth": 18.931024800965503, "n_estimators": 158.34747784254563}, "datetime": {"datetime": "2021-09-27 19:34:28", "elapsed": 71.55691, "delta": 2.235282}}
