{"target": -94.87621790927922, "params": {"eta": 0.001, "max_depth": 24.482459432455634, "n_estimators": 27.13866770093777}, "datetime": {"datetime": "2021-09-27 18:58:18", "elapsed": 1024.804156, "delta": 6.513786}}
{"target": -12.37390521509982, "params": {"eta": 0.4891407665968246, "max_depth": 24.82844710770302, "n_estimators": 28.081146996510064}, "datetime": {"datetime": "2021-09-27 18:58:26", "elapsed": 1032.548289, "delta": 7.744133}}
{"target": -15.216458614064265, "params": {"eta": 0.7677757785399308, "max_depth": 22.3620968505104, "n_estimators": 28.17135611023792}, "datetime": {"datetime": "2021-09-27 18:58:29", "elapsed": 1035.619353, "delta": 3.071064}}
{"target": -11.838340525913878, "params": {"eta": 0.42396490480781496, "max_depth": 25.32483759986193, "n_estimators": 27.538178066187708}, "datetime": {"datetime": "2021-09-27 18:58:34", "elapsed": 1040.783347, "delta": 5.163994}}
{"target": -17.70839557311076, "params": {"eta": 0.23243683914581023, "max_depth": 18.596641954306882, "n_estimators": 7.192005938108478}, "datetime": {"datetime": "2021-09-27 18:58:37", "elapsed": 1042.991717, "delta": 2.20837}}
{"target": -41.8078218171506, "params": {"eta": 0.03791980981712812, "max_depth": 19.32049104399463, "n_estimators": 22.41824381687342}, "datetime": {"datetime": "2021-09-27 18:58:39", "elapsed": 1045.575915, "delta": 2.584198}}
{"target": -14.88382589673608, "params": {"eta": 0.5851620163591722, "max_depth": 2.025241990462952, "n_estimators": 10.235998541918327}, "datetime": {"datetime": "2021-09-27 18:58:42", "elapsed": 1047.885128, "delta": 2.309213}}
{"target": -10.09402978464581, "params": {"eta": 0.13086995711115276, "max_depth": 16.977423016790343, "n_estimators": 46.896823284212374}, "datetime": {"datetime": "2021-09-27 18:58:47", "elapsed": 1053.649865, "delta": 5.764737}}
{"target": -14.323914615942376, "params": {"eta": 0.705080507337289, "max_depth": 25.166726653664906, "n_estimators": 26.64820432697732}, "datetime": {"datetime": "2021-09-27 18:58:56", "elapsed": 1062.226659, "delta": 8.576794}}
{"target": -16.76739808233922, "params": {"eta": 0.9863435169188314, "max_depth": 28.797943971716524, "n_estimators": 46.59602759253413}, "datetime": {"datetime": "2021-09-27 18:58:59", "elapsed": 1065.201393, "delta": 2.974734}}
{"target": -16.381426980131657, "params": {"eta": 0.8197060275956126, "max_depth": 22.926493897451945, "n_estimators": 22.010611000660763}, "datetime": {"datetime": "2021-09-27 18:59:02", "elapsed": 1067.950573, "delta": 2.74918}}
{"target": -94.59548270161949, "params": {"eta": 0.001, "max_depth": 22.2295013815838, "n_estimators": 30.547642436513947}, "datetime": {"datetime": "2021-09-27 18:59:08", "elapsed": 1074.668548, "delta": 6.717975}}
{"target": -11.181745321702733, "params": {"eta": 0.37798986597252177, "max_depth": 22.06997154831246, "n_estimators": 29.52741939724956}, "datetime": {"datetime": "2021-09-27 18:59:14", "elapsed": 1080.205001, "delta": 5.536453}}
{"target": -15.929914883613074, "params": {"eta": 0.8425047053007308, "max_depth": 22.121868262132452, "n_estimators": 29.935997776193084}, "datetime": {"datetime": "2021-09-27 18:59:19", "elapsed": 1085.189905, "delta": 4.984904}}
{"target": -13.456466821773633, "params": {"eta": 0.6171417233411162, "max_depth": 17.41846993793049, "n_estimators": 46.75516691442258}, "datetime": {"datetime": "2021-09-27 18:59:27", "elapsed": 1093.138791, "delta": 7.948886}}
{"target": -13.092941063094518, "params": {"eta": 0.6034845038933893, "max_depth": 28.147046303155268, "n_estimators": 47.49810867126871}, "datetime": {"datetime": "2021-09-27 18:59:33", "elapsed": 1098.984535, "delta": 5.845744}}
{"target": -11.601785749712734, "params": {"eta": 0.1208171466406478, "max_depth": 11.651802435594696, "n_estimators": 24.450701183385963}, "datetime": {"datetime": "2021-09-27 18:59:35", "elapsed": 1101.304989, "delta": 2.320454}}
{"target": -12.402779256710792, "params": {"eta": 0.518149920815612, "max_depth": 10.740245432506969, "n_estimators": 42.17116340838448}, "datetime": {"datetime": "2021-09-27 18:59:37", "elapsed": 1103.794393, "delta": 2.489404}}
{"target": -12.194186360336841, "params": {"eta": 0.5553864331710568, "max_depth": 14.443143928255358, "n_estimators": 17.12998913866974}, "datetime": {"datetime": "2021-09-27 18:59:40", "elapsed": 1106.673078, "delta": 2.878685}}
{"target": -12.494279125102175, "params": {"eta": 0.5176355806468963, "max_depth": 19.50239979409293, "n_estimators": 29.047856573035883}, "datetime": {"datetime": "2021-09-27 18:59:46", "elapsed": 1112.268662, "delta": 5.595584}}
{"target": -11.499147354521448, "params": {"eta": 0.22626278302910655, "max_depth": 26.288334023580607, "n_estimators": 13.652015757696137}, "datetime": {"datetime": "2021-09-27 18:59:52", "elapsed": 1118.512206, "delta": 6.243544}}
{"target": -10.929416855109242, "params": {"eta": 0.18720337598183118, "max_depth": 25.31643845666226, "n_estimators": 80.13816880358219}, "datetime": {"datetime": "2021-09-27 19:09:53", "elapsed": 0.0, "delta": 0.0}}
{"target": -10.837187752266313, "params": {"eta": 0.18622079574922423, "max_depth": 15.40426317752276, "n_estimators": 82.29470565333281}, "datetime": {"datetime": "2021-09-27 19:09:54", "elapsed": 0.63381, "delta": 0.63381}}
{"target": -10.456683210800827, "params": {"eta": 0.15939680281567314, "max_depth": 31.32028202659071, "n_estimators": 98.18313802505146}, "datetime": {"datetime": "2021-09-27 19:09:54", "elapsed": 1.350517, "delta": 0.716707}}
{"target": -10.24382898295177, "params": {"eta": 0.14586037970644444, "max_depth": 27.918651294810594, "n_estimators": 76.44474598764522}, "datetime": {"datetime": "2021-09-27 19:09:55", "elapsed": 1.941518, "delta": 0.591001}}
{"target": -10.683094969926806, "params": {"eta": 0.1920111402734831, "max_depth": 32.47028570195047, "n_estimators": 53.55180290989435}, "datetime": {"datetime": "2021-09-27 19:09:55", "elapsed": 2.394522, "delta": 0.453004}}
{"target": -15.404389691133453, "params": {"eta": 0.07178232492538518, "max_depth": 1.6874255129710745, "n_estimators": 91.6309922773969}, "datetime": {"datetime": "2021-09-27 19:09:55", "elapsed": 2.500521, "delta": 0.105999}}
{"target": -11.450919299412755, "params": {"eta": 0.24453918773746264, "max_depth": 30.58041304039185, "n_estimators": 98.9309171116382}, "datetime": {"datetime": "2021-09-27 19:09:56", "elapsed": 3.039515, "delta": 0.538994}}
{"target": -11.420918164068066, "params": {"eta": 0.2497896410541809, "max_depth": 16.690298316599684, "n_estimators": 89.02645881432278}, "datetime": {"datetime": "2021-09-27 19:09:56", "elapsed": 3.550201, "delta": 0.510686}}
{"target": -10.561925335612212, "params": {"eta": 0.05, "max_depth": 33.274332082613235, "n_estimators": 96.20817300830319}, "datetime": {"datetime": "2021-09-27 19:09:58", "elapsed": 4.708975, "delta": 1.158774}}
{"target": -10.515827581716437, "params": {"eta": 0.05010484383195479, "max_depth": 24.615251982083386, "n_estimators": 74.97999215810663}, "datetime": {"datetime": "2021-09-27 19:09:58", "elapsed": 5.622548, "delta": 0.913573}}
{"target": -10.179218823496498, "params": {"eta": 0.3, "max_depth": 28.32238599843433, "n_estimators": 72.59119725229137}, "datetime": {"datetime": "2021-09-27 19:09:59", "elapsed": 6.515545, "delta": 0.892997}}
{"target": -10.628462991140367, "params": {"eta": 0.05, "max_depth": 31.891975093362756, "n_estimators": 74.64368790971605}, "datetime": {"datetime": "2021-09-27 19:10:00", "elapsed": 7.483724, "delta": 0.968179}}
{"target": -10.558050650534149, "params": {"eta": 0.05519178772654294, "max_depth": 25.42142347265617, "n_estimators": 69.41229626416441}, "datetime": {"datetime": "2021-09-27 19:10:01", "elapsed": 8.081727, "delta": 0.598003}}
{"target": -10.75694266942854, "params": {"eta": 0.05, "max_depth": 30.651281373420844, "n_estimators": 68.85988676294882}, "datetime": {"datetime": "2021-09-27 19:10:02", "elapsed": 8.783222, "delta": 0.701495}}
{"target": -10.56103942059045, "params": {"eta": 0.05, "max_depth": 29.50129611785047, "n_estimators": 93.99536119454535}, "datetime": {"datetime": "2021-09-27 19:10:03", "elapsed": 9.729216, "delta": 0.945994}}
{"target": -10.179218573955522, "params": {"eta": 0.3, "max_depth": 31.277876759192207, "n_estimators": 79.82748818144182}, "datetime": {"datetime": "2021-09-27 19:10:03", "elapsed": 10.579222, "delta": 0.850006}}
{"target": -10.996783786150626, "params": {"eta": 0.20020708630215206, "max_depth": 34.936079729662374, "n_estimators": 81.39971148833796}, "datetime": {"datetime": "2021-09-27 19:10:04", "elapsed": 11.581133, "delta": 1.001911}}
{"target": -10.179218431360677, "params": {"eta": 0.3, "max_depth": 29.765613414637922, "n_estimators": 83.60014558177006}, "datetime": {"datetime": "2021-09-27 19:10:05", "elapsed": 12.41913, "delta": 0.837997}}
{"target": -10.876181774476464, "params": {"eta": 0.18333319860271866, "max_depth": 29.70920408884034, "n_estimators": 87.8858946424711}, "datetime": {"datetime": "2021-09-27 19:10:06", "elapsed": 13.54476, "delta": 1.12563}}
{"target": -10.166538034464311, "params": {"eta": 0.3, "max_depth": 20.59431370752469, "n_estimators": 71.40466625230417}, "datetime": {"datetime": "2021-09-27 19:10:07", "elapsed": 14.36676, "delta": 0.822}}
{"target": -10.797995429500943, "params": {"eta": 0.05, "max_depth": 20.309136635898565, "n_estimators": 67.65443692776398}, "datetime": {"datetime": "2021-09-27 19:10:08", "elapsed": 15.20068, "delta": 0.83392}}
{"target": -10.168760107651554, "params": {"eta": 0.3, "max_depth": 19.0692217867514, "n_estimators": 74.76861181232017}, "datetime": {"datetime": "2021-09-27 19:10:09", "elapsed": 16.035357, "delta": 0.834677}}
{"target": -10.244791229757755, "params": {"eta": 0.3, "max_depth": 16.56305905132786, "n_estimators": 71.88592167469143}, "datetime": {"datetime": "2021-09-27 19:10:10", "elapsed": 16.854148, "delta": 0.818791}}
{"target": -10.413125195166927, "params": {"eta": 0.0519687603179048, "max_depth": 14.852524251933744, "n_estimators": 75.769131855725}, "datetime": {"datetime": "2021-09-27 19:10:10", "elapsed": 17.545165, "delta": 0.691017}}
{"target": -10.977435148583503, "params": {"eta": 0.239359451814961, "max_depth": 28.236840394209818, "n_estimators": 72.68220479669802}, "datetime": {"datetime": "2021-09-27 19:10:11", "elapsed": 18.25515, "delta": 0.709985}}
{"target": -10.624461033764488, "params": {"eta": 0.17596171076381512, "max_depth": 29.894197481852952, "n_estimators": 83.43502031461414}, "datetime": {"datetime": "2021-09-27 19:10:12", "elapsed": 19.01333, "delta": 0.75818}}
{"target": -10.878175474680692, "params": {"eta": 0.16545314280418338, "max_depth": 30.36347891446663, "n_estimators": 55.270333592397044}, "datetime": {"datetime": "2021-09-27 19:10:12", "elapsed": 19.578331, "delta": 0.565001}}
{"target": -10.974971597363266, "params": {"eta": 0.23862555479277436, "max_depth": 28.604974192463768, "n_estimators": 98.34465964374289}, "datetime": {"datetime": "2021-09-27 19:10:13", "elapsed": 20.23486, "delta": 0.656529}}
{"target": -10.139625173790346, "params": {"eta": 0.1957327243839379, "max_depth": 20.497207612552334, "n_estimators": 71.66864213101759}, "datetime": {"datetime": "2021-09-27 19:10:14", "elapsed": 20.989151, "delta": 0.754291}}
{"target": -10.958940096609027, "params": {"eta": 0.09709744068016547, "max_depth": 4.093019539583127, "n_estimators": 66.88981791785471}, "datetime": {"datetime": "2021-09-27 19:10:14", "elapsed": 21.286146, "delta": 0.296995}}
{"target": -10.842134564699531, "params": {"eta": 0.15623321801900608, "max_depth": 34.19819090085716, "n_estimators": 80.25488014425834}, "datetime": {"datetime": "2021-09-27 19:10:15", "elapsed": 22.062148, "delta": 0.776002}}
{"target": -11.009877182984672, "params": {"eta": 0.13152478470703266, "max_depth": 7.873302537388451, "n_estimators": 74.83820344158767}, "datetime": {"datetime": "2021-09-27 19:10:15", "elapsed": 22.493149, "delta": 0.431001}}
{"target": -14.062323645951599, "params": {"eta": 0.19155149888166279, "max_depth": 1.6362060578441537, "n_estimators": 84.5559440785432}, "datetime": {"datetime": "2021-09-27 19:10:16", "elapsed": 22.778146, "delta": 0.284997}}
{"target": -10.925773925189453, "params": {"eta": 0.20123158094824817, "max_depth": 20.914996759776244, "n_estimators": 71.84717393581421}, "datetime": {"datetime": "2021-09-27 19:10:16", "elapsed": 23.495065, "delta": 0.716919}}
{"target": -11.564710245932105, "params": {"eta": 0.2720734063965706, "max_depth": 28.165523158133524, "n_estimators": 72.03396460264563}, "datetime": {"datetime": "2021-09-27 19:10:17", "elapsed": 24.215067, "delta": 0.720002}}
{"target": -11.105876382555913, "params": {"eta": 0.29635012765983937, "max_depth": 18.828723848868112, "n_estimators": 75.0934057883349}, "datetime": {"datetime": "2021-09-27 19:10:18", "elapsed": 24.98718, "delta": 0.772113}}
{"target": -14.629427706355278, "params": {"eta": 0.12118279004688991, "max_depth": 1.569189548516882, "n_estimators": 96.15856222984202}, "datetime": {"datetime": "2021-09-27 19:10:18", "elapsed": 25.263179, "delta": 0.275999}}
{"target": -11.334697800781516, "params": {"eta": 0.18089443517492698, "max_depth": 31.43545629981135, "n_estimators": 85.8287816375281}, "datetime": {"datetime": "2021-09-27 19:10:19", "elapsed": 26.117178, "delta": 0.853999}}
{"target": -11.228692963405148, "params": {"eta": 0.17116405370613363, "max_depth": 27.87479795453965, "n_estimators": 76.40289413128272}, "datetime": {"datetime": "2021-09-27 19:10:20", "elapsed": 26.939662, "delta": 0.822484}}
{"target": -11.03308593645002, "params": {"eta": 0.2449183832910165, "max_depth": 7.676765791138666, "n_estimators": 68.00652630374984}, "datetime": {"datetime": "2021-09-27 19:10:20", "elapsed": 27.523662, "delta": 0.584}}
{"target": -11.33005406622833, "params": {"eta": 0.23809258378369935, "max_depth": 10.618636817761896, "n_estimators": 73.98358511921266}, "datetime": {"datetime": "2021-09-27 19:10:21", "elapsed": 28.203664, "delta": 0.680002}}
{"target": -11.63696490652986, "params": {"eta": 0.28899105724433294, "max_depth": 34.482980500572204, "n_estimators": 95.62138788436096}, "datetime": {"datetime": "2021-09-27 19:10:22", "elapsed": 29.018943, "delta": 0.815279}}
{"target": -10.447145604500038, "params": {"eta": 0.06807810788147033, "max_depth": 23.225913935072473, "n_estimators": 92.87489996608545}, "datetime": {"datetime": "2021-09-27 19:10:23", "elapsed": 30.069003, "delta": 1.05006}}
{"target": -10.644937520277082, "params": {"eta": 0.07562568257181394, "max_depth": 26.647516873270927, "n_estimators": 99.33917879242128}, "datetime": {"datetime": "2021-09-27 19:10:24", "elapsed": 31.234892, "delta": 1.165889}}
{"target": -11.815787847269483, "params": {"eta": 0.25915457433186406, "max_depth": 21.764988794552316, "n_estimators": 50.94280440376455}, "datetime": {"datetime": "2021-09-27 19:10:25", "elapsed": 31.832889, "delta": 0.597997}}
{"target": -11.459842513103524, "params": {"eta": 0.25054475373709373, "max_depth": 5.863654986817643, "n_estimators": 61.40064928650557}, "datetime": {"datetime": "2021-09-27 19:10:25", "elapsed": 32.328574, "delta": 0.495685}}
{"target": -10.667694357752126, "params": {"eta": 0.11244581566776053, "max_depth": 27.672185630347126, "n_estimators": 73.8877962294038}, "datetime": {"datetime": "2021-09-27 19:10:26", "elapsed": 33.110619, "delta": 0.782045}}
{"target": -10.041883331539825, "params": {"eta": 0.07855241381352072, "max_depth": 18.931024800965503, "n_estimators": 79.17373892127281}, "datetime": {"datetime": "2021-09-27 19:10:27", "elapsed": 33.934575, "delta": 0.823956}}
{"target": -11.3566485082678, "params": {"eta": 0.27572920175152066, "max_depth": 7.344608605547142, "n_estimators": 66.11654419839729}, "datetime": {"datetime": "2021-09-27 19:10:27", "elapsed": 34.500572, "delta": 0.565997}}
{"target": -11.109276944290665, "params": {"eta": 0.24301738913779475, "max_depth": 33.27253051043273, "n_estimators": 87.86755541102158}, "datetime": {"datetime": "2021-09-27 19:10:28", "elapsed": 35.250147, "delta": 0.749575}}
{"target": -12.603565574252478, "params": {"eta": 0.24129664234343934, "max_depth": 2.457848002005557, "n_estimators": 62.47134281786141}, "datetime": {"datetime": "2021-09-27 19:10:28", "elapsed": 35.558143, "delta": 0.307996}}
{"target": -11.18232769966122, "params": {"eta": 0.22401374258204865, "max_depth": 31.788006487939093, "n_estimators": 56.18671504431472}, "datetime": {"datetime": "2021-09-27 19:10:29", "elapsed": 36.196816, "delta": 0.638673}}
{"target": -10.778406437954839, "params": {"eta": 0.11814240617151602, "max_depth": 10.113518701827171, "n_estimators": 56.8194719156449}, "datetime": {"datetime": "2021-09-27 19:10:30", "elapsed": 36.679814, "delta": 0.482998}}
{"target": -11.341545039826196, "params": {"eta": 0.22237672632848043, "max_depth": 29.936393258758454, "n_estimators": 50.69747430669963}, "datetime": {"datetime": "2021-09-27 19:10:30", "elapsed": 37.454026, "delta": 0.774212}}
{"target": -11.125914751151578, "params": {"eta": 0.26980087176086326, "max_depth": 32.21036228687884, "n_estimators": 69.59215118022901}, "datetime": {"datetime": "2021-09-27 19:10:31", "elapsed": 38.176031, "delta": 0.722005}}
{"target": -11.229400340961098, "params": {"eta": 0.22711891070586854, "max_depth": 15.85403700592086, "n_estimators": 82.4800160352452}, "datetime": {"datetime": "2021-09-27 19:10:32", "elapsed": 38.933303, "delta": 0.757272}}
{"target": -10.537589391276759, "params": {"eta": 0.1103345763767953, "max_depth": 32.04077114639131, "n_estimators": 67.56581584714073}, "datetime": {"datetime": "2021-09-27 19:10:33", "elapsed": 39.778299, "delta": 0.844996}}
{"target": -11.233930636930065, "params": {"eta": 0.10199989302352681, "max_depth": 4.441988040807198, "n_estimators": 50.75866264426536}, "datetime": {"datetime": "2021-09-27 19:10:33", "elapsed": 40.1273, "delta": 0.349001}}
{"target": -10.870624815214196, "params": {"eta": 0.2350265215695181, "max_depth": 13.234576393044247, "n_estimators": 50.4907190584017}, "datetime": {"datetime": "2021-09-27 19:10:34", "elapsed": 40.8083, "delta": 0.681}}
{"target": -11.089476623671287, "params": {"eta": 0.12174771592781776, "max_depth": 5.195447691751475, "n_estimators": 54.41083604126851}, "datetime": {"datetime": "2021-09-27 19:10:34", "elapsed": 41.226564, "delta": 0.418264}}
{"target": -11.187847169505813, "params": {"eta": 0.29928972385361957, "max_depth": 14.831526987802977, "n_estimators": 72.1072315556261}, "datetime": {"datetime": "2021-09-27 19:10:35", "elapsed": 41.887562, "delta": 0.660998}}
{"target": -10.449456137512554, "params": {"eta": 0.22293452700310845, "max_depth": 4.880473311158637, "n_estimators": 86.9293582237863}, "datetime": {"datetime": "2021-09-27 19:10:35", "elapsed": 42.324564, "delta": 0.437002}}
{"target": -9.925168684997358, "params": {"eta": 0.16001584994797957, "max_depth": 9.992775187021792, "n_estimators": 53.07750611294909}, "datetime": {"datetime": "2021-09-27 19:10:36", "elapsed": 42.883565, "delta": 0.559001}}
{"target": -10.492723893669634, "params": {"eta": 0.22137419744835457, "max_depth": 11.482712716227944, "n_estimators": 71.50814713600354}, "datetime": {"datetime": "2021-09-27 19:10:37", "elapsed": 43.780052, "delta": 0.896487}}
{"target": -11.45487948936269, "params": {"eta": 0.14268983956423048, "max_depth": 3.3229418327446534, "n_estimators": 68.1836352369937}, "datetime": {"datetime": "2021-09-27 19:10:37", "elapsed": 44.152054, "delta": 0.372002}}
{"target": -10.6421929691539, "params": {"eta": 0.1759905268832545, "max_depth": 34.5652745710071, "n_estimators": 97.46867069245764}, "datetime": {"datetime": "2021-09-27 19:10:38", "elapsed": 45.216802, "delta": 1.064748}}
{"target": -10.382578782730091, "params": {"eta": 0.14913184277919922, "max_depth": 7.052094439078209, "n_estimators": 76.90347041426337}, "datetime": {"datetime": "2021-09-27 19:10:39", "elapsed": 45.786547, "delta": 0.569745}}
{"target": -10.609108786324404, "params": {"eta": 0.23366800769518747, "max_depth": 18.58493325191122, "n_estimators": 75.32737106856976}, "datetime": {"datetime": "2021-09-27 19:10:39", "elapsed": 46.554552, "delta": 0.768005}}
{"target": -10.404283972251314, "params": {"eta": 0.12127314100639115, "max_depth": 17.3521158635628, "n_estimators": 51.596632337169204}, "datetime": {"datetime": "2021-09-27 19:10:40", "elapsed": 47.316976, "delta": 0.762424}}
{"target": -10.081109892171352, "params": {"eta": 0.09646867259198673, "max_depth": 24.678464097484262, "n_estimators": 79.99324388291079}, "datetime": {"datetime": "2021-09-27 19:10:41", "elapsed": 48.283978, "delta": 0.967002}}
{"target": -11.236652431820051, "params": {"eta": 0.12296539653754247, "max_depth": 27.210937357006625, "n_estimators": 94.97142022810164}, "datetime": {"datetime": "2021-09-27 19:10:42", "elapsed": 49.472977, "delta": 1.188999}}
{"target": -10.15057522329416, "params": {"eta": 0.19431691712722837, "max_depth": 28.286439878902705, "n_estimators": 59.9213721066402}, "datetime": {"datetime": "2021-09-27 19:10:43", "elapsed": 50.255978, "delta": 0.783001}}
{"target": -10.918800179890201, "params": {"eta": 0.1518253442168468, "max_depth": 23.308374040745605, "n_estimators": 76.68494971014032}, "datetime": {"datetime": "2021-09-27 19:10:44", "elapsed": 51.240343, "delta": 0.984365}}
{"target": -11.124480137936986, "params": {"eta": 0.2329466760243057, "max_depth": 30.945611987921872, "n_estimators": 69.86449046305935}, "datetime": {"datetime": "2021-09-27 19:10:45", "elapsed": 52.137343, "delta": 0.897}}
{"target": -10.792144615533674, "params": {"eta": 0.1643579542494849, "max_depth": 10.654796487977986, "n_estimators": 72.4300292676371}, "datetime": {"datetime": "2021-09-27 19:10:46", "elapsed": 53.004697, "delta": 0.867354}}
{"target": -11.665601378804244, "params": {"eta": 0.09165459191585278, "max_depth": 3.1907372056171592, "n_estimators": 93.34524920105605}, "datetime": {"datetime": "2021-09-27 19:10:46", "elapsed": 53.4387, "delta": 0.434003}}
