{"target": -11.585232598948492, "params": {"eta": 0.24633192233136525, "max_depth": 5.347693698361973, "n_estimators": 495.82718254681316}, "datetime": {"datetime": "2021-09-27 20:26:35", "elapsed": 305.380056, "delta": 2.643213}}
{"target": -12.290188156254517, "params": {"eta": 0.11074621781774638, "max_depth": 2.4502063740396594, "n_estimators": 490.29301852710154}, "datetime": {"datetime": "2021-09-27 20:26:36", "elapsed": 307.07568, "delta": 1.695624}}
{"target": -11.28203331007195, "params": {"eta": 0.08154246939721646, "max_depth": 9.798768077980895, "n_estimators": 440.4586875006355}, "datetime": {"datetime": "2021-09-27 20:26:39", "elapsed": 309.592771, "delta": 2.517091}}
{"target": -11.681069389830578, "params": {"eta": 0.16698325259856386, "max_depth": 3.7269236073464125, "n_estimators": 461.47673237153003}, "datetime": {"datetime": "2021-09-27 20:26:41", "elapsed": 311.418335, "delta": 1.825564}}
{"target": -11.387935107469369, "params": {"eta": 0.4130272999448872, "max_depth": 4.9207804653516956, "n_estimators": 418.76626868477825}, "datetime": {"datetime": "2021-09-27 20:26:42", "elapsed": 313.117057, "delta": 1.698722}}
{"target": -11.031875337992162, "params": {"eta": 0.07234970077823427, "max_depth": 4.511851485418067, "n_estimators": 431.1626610515335}, "datetime": {"datetime": "2021-09-27 20:26:46", "elapsed": 316.465854, "delta": 3.348797}}
{"target": -10.986760299366905, "params": {"eta": 0.07291363377927429, "max_depth": 4.416120798757123, "n_estimators": 410.0844994429107}, "datetime": {"datetime": "2021-09-27 20:26:47", "elapsed": 317.895068, "delta": 1.429214}}
{"target": -12.599049555494753, "params": {"eta": 0.33662396990568805, "max_depth": 4.696726990434345, "n_estimators": 424.31915393857474}, "datetime": {"datetime": "2021-09-27 20:26:49", "elapsed": 319.40449, "delta": 1.509422}}
{"target": -11.230350715254533, "params": {"eta": 0.05, "max_depth": 4.399867750583573, "n_estimators": 431.3457624606042}, "datetime": {"datetime": "2021-09-27 20:26:52", "elapsed": 322.357199, "delta": 2.952709}}
{"target": -11.191381106563734, "params": {"eta": 0.05988965635869089, "max_depth": 6.45659897962193, "n_estimators": 436.4763591219189}, "datetime": {"datetime": "2021-09-27 20:26:54", "elapsed": 324.431133, "delta": 2.073934}}
{"target": -11.201676978501682, "params": {"eta": 0.05748103052007602, "max_depth": 5.0088569134164755, "n_estimators": 438.4313038089627}, "datetime": {"datetime": "2021-09-27 20:26:57", "elapsed": 327.622111, "delta": 3.190978}}
{"target": -11.479844016453656, "params": {"eta": 0.06155140895910629, "max_depth": 5.642604361640105, "n_estimators": 495.98649269026856}, "datetime": {"datetime": "2021-09-27 20:27:00", "elapsed": 330.868909, "delta": 3.246798}}
{"target": -12.2239073680769, "params": {"eta": 0.24053366996132453, "max_depth": 8.151744936791602, "n_estimators": 416.15671947779026}, "datetime": {"datetime": "2021-09-27 20:27:02", "elapsed": 332.466913, "delta": 1.598004}}
{"target": -11.481157836312743, "params": {"eta": 0.05, "max_depth": 5.341210697980037, "n_estimators": 496.169616563104}, "datetime": {"datetime": "2021-09-27 20:27:05", "elapsed": 335.35325, "delta": 2.886337}}
{"target": -11.914187648849895, "params": {"eta": 0.37033025264822167, "max_depth": 6.227602807106244, "n_estimators": 482.58052154347973}, "datetime": {"datetime": "2021-09-27 20:27:07", "elapsed": 338.028438, "delta": 2.675188}}
{"target": -11.993826732756359, "params": {"eta": 0.21442543933710834, "max_depth": 6.476508101603017, "n_estimators": 450.71345519672155}, "datetime": {"datetime": "2021-09-27 20:27:09", "elapsed": 339.901547, "delta": 1.873109}}
{"target": -11.714954290581908, "params": {"eta": 0.2723689722093714, "max_depth": 7.2349048181094355, "n_estimators": 408.81630843895135}, "datetime": {"datetime": "2021-09-27 20:27:11", "elapsed": 341.433795, "delta": 1.532248}}
{"target": -10.641337762229446, "params": {"eta": 0.10323917599597346, "max_depth": 6.376072681463977, "n_estimators": 482.8505971390271}, "datetime": {"datetime": "2021-09-27 20:27:14", "elapsed": 344.802426, "delta": 3.368631}}
{"target": -11.075093304831933, "params": {"eta": 0.1426451381599521, "max_depth": 6.977768838780265, "n_estimators": 480.3745580735866}, "datetime": {"datetime": "2021-09-27 20:27:16", "elapsed": 346.97443, "delta": 2.172004}}
{"target": -11.763417053684815, "params": {"eta": 0.2649752328982471, "max_depth": 6.453483719996153, "n_estimators": 482.83622664170406}, "datetime": {"datetime": "2021-09-27 20:27:20", "elapsed": 350.731447, "delta": 3.757017}}
{"target": -12.097855816465849, "params": {"eta": 0.15668717441724095, "max_depth": 9.151151015407951, "n_estimators": 419.80627499183333}, "datetime": {"datetime": "2021-09-27 20:27:22", "elapsed": 352.771445, "delta": 2.039998}}
{"target": -11.175075549611387, "params": {"eta": 0.06255292823724302, "max_depth": 3.7881563689430573, "n_estimators": 481.35720234792694}, "datetime": {"datetime": "2021-09-27 20:27:24", "elapsed": 354.511891, "delta": 1.740446}}
{"target": -11.18338640171105, "params": {"eta": 0.1257711592563055, "max_depth": 4.984879161731259, "n_estimators": 445.71025883230084}, "datetime": {"datetime": "2021-09-27 20:27:25", "elapsed": 356.313498, "delta": 1.801607}}
{"target": -12.466360298414946, "params": {"eta": 0.11623443739048239, "max_depth": 2.7455932358304604, "n_estimators": 486.0191711547595}, "datetime": {"datetime": "2021-09-27 20:27:27", "elapsed": 357.70169, "delta": 1.388192}}
{"target": -10.944217231459938, "params": {"eta": 0.10268303582832128, "max_depth": 8.208850188786151, "n_estimators": 476.8141533668202}, "datetime": {"datetime": "2021-09-27 20:27:29", "elapsed": 359.898886, "delta": 2.197196}}
{"target": -11.131738799601184, "params": {"eta": 0.0514195420575457, "max_depth": 6.53983832001332, "n_estimators": 414.30896823074727}, "datetime": {"datetime": "2021-09-27 20:27:33", "elapsed": 363.436235, "delta": 3.537349}}
{"target": -11.856997941474967, "params": {"eta": 0.2745697803850744, "max_depth": 4.344617137242176, "n_estimators": 410.1390566427095}, "datetime": {"datetime": "2021-09-27 20:27:36", "elapsed": 366.503371, "delta": 3.067136}}
{"target": -11.06063870020022, "params": {"eta": 0.05, "max_depth": 6.229082662971182, "n_estimators": 482.7660650540264}, "datetime": {"datetime": "2021-09-27 20:27:41", "elapsed": 371.77871, "delta": 5.275339}}
{"target": -11.922558434107744, "params": {"eta": 0.15414416842166204, "max_depth": 4.537230538399838, "n_estimators": 468.47014366787624}, "datetime": {"datetime": "2021-09-27 20:27:44", "elapsed": 374.609946, "delta": 2.831236}}
{"target": -11.841964952101328, "params": {"eta": 0.2054797014528041, "max_depth": 6.436655235513714, "n_estimators": 444.02279246072993}, "datetime": {"datetime": "2021-09-27 20:27:48", "elapsed": 378.827345, "delta": 4.217399}}
{"target": -11.460855168356739, "params": {"eta": 0.12893487252133323, "max_depth": 3.3879622185126816, "n_estimators": 416.8763815681673}, "datetime": {"datetime": "2021-09-27 20:27:50", "elapsed": 381.030096, "delta": 2.202751}}
{"target": -11.67800883678233, "params": {"eta": 0.2814100776165154, "max_depth": 7.529573228017203, "n_estimators": 432.7993112938251}, "datetime": {"datetime": "2021-09-27 20:27:53", "elapsed": 383.719387, "delta": 2.689291}}
{"target": -11.645779983591014, "params": {"eta": 0.368663404439842, "max_depth": 7.477102741677574, "n_estimators": 410.3323109988486}, "datetime": {"datetime": "2021-09-27 20:27:55", "elapsed": 386.225549, "delta": 2.506162}}
{"target": -11.252442383667505, "params": {"eta": 0.05, "max_depth": 4.589491095551645, "n_estimators": 409.9523971278382}, "datetime": {"datetime": "2021-09-27 20:27:59", "elapsed": 390.171043, "delta": 3.945494}}
{"target": -11.77613167114731, "params": {"eta": 0.10999408386003706, "max_depth": 8.499643051161417, "n_estimators": 480.42225952042327}, "datetime": {"datetime": "2021-09-27 20:28:02", "elapsed": 393.05261, "delta": 2.881567}}
{"target": -11.23095430140659, "params": {"eta": 0.05, "max_depth": 4.400435583873492, "n_estimators": 430.9387869061567}, "datetime": {"datetime": "2021-09-27 20:28:06", "elapsed": 397.006671, "delta": 3.954061}}
{"target": -11.260214711794884, "params": {"eta": 0.14175472986058021, "max_depth": 9.23201850990739, "n_estimators": 414.73621692447523}, "datetime": {"datetime": "2021-09-27 20:28:09", "elapsed": 399.890317, "delta": 2.883646}}
{"target": -12.258916590499517, "params": {"eta": 0.4167588117079752, "max_depth": 6.291031445988455, "n_estimators": 441.72743188134075}, "datetime": {"datetime": "2021-09-27 20:28:11", "elapsed": 401.845449, "delta": 1.955132}}
{"target": -11.91055976789959, "params": {"eta": 0.1568248449488184, "max_depth": 3.5303826786742665, "n_estimators": 400.08397101985645}, "datetime": {"datetime": "2021-09-27 20:28:13", "elapsed": 403.973203, "delta": 2.127754}}
{"target": -12.637777831918784, "params": {"eta": 0.2952695195483148, "max_depth": 2.6921736822667484, "n_estimators": 445.3885985840669}, "datetime": {"datetime": "2021-09-27 20:28:16", "elapsed": 406.481792, "delta": 2.508589}}
{"target": -13.078154154300483, "params": {"eta": 0.49122990808969186, "max_depth": 5.792369807859692, "n_estimators": 412.24338704829813}, "datetime": {"datetime": "2021-09-27 20:28:18", "elapsed": 408.754313, "delta": 2.272521}}
{"target": -11.618512508365209, "params": {"eta": 0.11381558417679694, "max_depth": 8.39576561409114, "n_estimators": 476.98026776966424}, "datetime": {"datetime": "2021-09-27 20:28:22", "elapsed": 412.847611, "delta": 4.093298}}
{"target": -11.068553797555868, "params": {"eta": 0.05, "max_depth": 6.587803143737974, "n_estimators": 414.5727246514642}, "datetime": {"datetime": "2021-09-27 20:28:25", "elapsed": 416.225439, "delta": 3.377828}}
{"target": -12.343278382846918, "params": {"eta": 0.3153930377130064, "max_depth": 9.197684725781693, "n_estimators": 475.8497563003385}, "datetime": {"datetime": "2021-09-27 20:28:28", "elapsed": 418.454174, "delta": 2.228735}}
{"target": -12.144020547408148, "params": {"eta": 0.4236800357178146, "max_depth": 3.333502984403143, "n_estimators": 455.5014133919792}, "datetime": {"datetime": "2021-09-27 20:28:30", "elapsed": 420.948789, "delta": 2.494615}}
{"target": -11.706569058639369, "params": {"eta": 0.20522541192978755, "max_depth": 9.047727774150221, "n_estimators": 420.5903304858057}, "datetime": {"datetime": "2021-09-27 20:28:36", "elapsed": 426.831477, "delta": 5.882688}}
{"target": -11.137732322440678, "params": {"eta": 0.07335261351719616, "max_depth": 6.298272399705731, "n_estimators": 483.1662794848542}, "datetime": {"datetime": "2021-09-27 20:28:42", "elapsed": 432.373967, "delta": 5.54249}}
{"target": -11.06063870020022, "params": {"eta": 0.05, "max_depth": 6.482515593011065, "n_estimators": 482.9984570670701}, "datetime": {"datetime": "2021-09-27 20:28:46", "elapsed": 437.109966, "delta": 4.735999}}
{"target": -11.214074353745666, "params": {"eta": 0.08598243862517994, "max_depth": 6.118742444765667, "n_estimators": 444.096239412905}, "datetime": {"datetime": "2021-09-27 20:28:52", "elapsed": 443.019361, "delta": 5.909395}}
{"target": -11.850313182721987, "params": {"eta": 0.31415776152033104, "max_depth": 8.220056601639488, "n_estimators": 476.63840248114195}, "datetime": {"datetime": "2021-09-27 20:28:56", "elapsed": 446.834659, "delta": 3.815298}}
{"target": -11.369221413619417, "params": {"eta": 0.130667205845115, "max_depth": 8.666850154177332, "n_estimators": 420.5750631178405}, "datetime": {"datetime": "2021-09-27 20:29:01", "elapsed": 451.6236, "delta": 4.788941}}
{"target": -11.336900844688424, "params": {"eta": 0.05, "max_depth": 8.005795772088064, "n_estimators": 476.9217511614654}, "datetime": {"datetime": "2021-09-27 20:29:06", "elapsed": 456.924268, "delta": 5.300668}}
{"target": -12.789658829628708, "params": {"eta": 0.4952205577735399, "max_depth": 9.472908957969672, "n_estimators": 405.5212282559872}, "datetime": {"datetime": "2021-09-27 20:29:08", "elapsed": 459.040762, "delta": 2.116494}}
{"target": -12.397014677944236, "params": {"eta": 0.3317076271680957, "max_depth": 6.0823481316275725, "n_estimators": 461.03577360634574}, "datetime": {"datetime": "2021-09-27 20:29:12", "elapsed": 462.880612, "delta": 3.83985}}
{"target": -11.636254492977987, "params": {"eta": 0.20554427033292982, "max_depth": 5.725954881511716, "n_estimators": 460.6675877148166}, "datetime": {"datetime": "2021-09-27 20:29:15", "elapsed": 466.074963, "delta": 3.194351}}
{"target": -11.960767149806554, "params": {"eta": 0.22962778396714223, "max_depth": 3.4564506044301, "n_estimators": 403.1770634442063}, "datetime": {"datetime": "2021-09-27 20:29:17", "elapsed": 468.301962, "delta": 2.226999}}
{"target": -11.323035463219785, "params": {"eta": 0.13587572161762065, "max_depth": 5.3063861388797795, "n_estimators": 469.3669032702075}, "datetime": {"datetime": "2021-09-27 20:29:22", "elapsed": 473.047267, "delta": 4.745305}}
{"target": -11.553595455628315, "params": {"eta": 0.15348289223224962, "max_depth": 5.938121152820802, "n_estimators": 410.61349795931557}, "datetime": {"datetime": "2021-09-27 20:29:27", "elapsed": 477.990359, "delta": 4.943092}}
{"target": -11.338383034747142, "params": {"eta": 0.05, "max_depth": 8.745239865499645, "n_estimators": 420.2668509996335}, "datetime": {"datetime": "2021-09-27 20:29:31", "elapsed": 482.225621, "delta": 4.235262}}
{"target": -10.899662269120173, "params": {"eta": 0.05677190836875196, "max_depth": 6.465520212006684, "n_estimators": 482.72941405572413}, "datetime": {"datetime": "2021-09-27 20:29:37", "elapsed": 487.788081, "delta": 5.56246}}
{"target": -11.061774146638504, "params": {"eta": 0.05, "max_depth": 6.291261627331093, "n_estimators": 443.64817159227727}, "datetime": {"datetime": "2021-09-27 20:29:41", "elapsed": 492.16184, "delta": 4.373759}}
{"target": -12.060296963562955, "params": {"eta": 0.23595416841499034, "max_depth": 4.529732084435407, "n_estimators": 414.9635769998632}, "datetime": {"datetime": "2021-09-27 20:29:44", "elapsed": 494.389267, "delta": 2.227427}}
{"target": -11.461040805127306, "params": {"eta": 0.05, "max_depth": 5.996451618631225, "n_estimators": 443.7110736442132}, "datetime": {"datetime": "2021-09-27 20:29:48", "elapsed": 498.82277, "delta": 4.433503}}
{"target": -12.444520115516804, "params": {"eta": 0.3987393062319581, "max_depth": 9.480971183175415, "n_estimators": 470.40962202982126}, "datetime": {"datetime": "2021-09-27 20:29:50", "elapsed": 500.733246, "delta": 1.910476}}
{"target": -11.888260083882, "params": {"eta": 0.3348057155546611, "max_depth": 8.684095594218448, "n_estimators": 428.78533964822026}, "datetime": {"datetime": "2021-09-27 20:29:52", "elapsed": 502.808244, "delta": 2.074998}}
{"target": -11.691253940699058, "params": {"eta": 0.3061717033276316, "max_depth": 5.65810144332528, "n_estimators": 471.8061197660157}, "datetime": {"datetime": "2021-09-27 20:29:54", "elapsed": 504.728164, "delta": 1.91992}}
{"target": -11.018498633559402, "params": {"eta": 0.06673792490173473, "max_depth": 3.187556537929312, "n_estimators": 442.36733150819595}, "datetime": {"datetime": "2021-09-27 20:29:58", "elapsed": 508.611625, "delta": 3.883461}}
{"target": -11.235385243540401, "params": {"eta": 0.1391776295585954, "max_depth": 7.788803397145393, "n_estimators": 408.4099187286067}, "datetime": {"datetime": "2021-09-27 20:30:02", "elapsed": 512.900555, "delta": 4.28893}}
{"target": -12.534911308302693, "params": {"eta": 0.28652366886444786, "max_depth": 2.997719804665997, "n_estimators": 442.2650555861218}, "datetime": {"datetime": "2021-09-27 20:30:07", "elapsed": 517.693952, "delta": 4.793397}}
{"target": -13.024833050216541, "params": {"eta": 0.4889833680749653, "max_depth": 4.223064653273439, "n_estimators": 409.4960000927875}, "datetime": {"datetime": "2021-09-27 20:30:09", "elapsed": 519.992948, "delta": 2.298996}}
{"target": -12.325856005259341, "params": {"eta": 0.2893415769022039, "max_depth": 4.683044467851833, "n_estimators": 400.4884337399832}, "datetime": {"datetime": "2021-09-27 20:30:11", "elapsed": 522.01695, "delta": 2.024002}}
{"target": -12.334468694758206, "params": {"eta": 0.4699937518494251, "max_depth": 8.467330169309893, "n_estimators": 453.810700163099}, "datetime": {"datetime": "2021-09-27 20:30:14", "elapsed": 525.21329, "delta": 3.19634}}
{"target": -11.160331878375688, "params": {"eta": 0.05, "max_depth": 3.4136710251091285, "n_estimators": 442.26910782817055}, "datetime": {"datetime": "2021-09-27 20:30:18", "elapsed": 528.721196, "delta": 3.507906}}
{"target": -11.438286314636704, "params": {"eta": 0.40290405379217886, "max_depth": 8.956701899917292, "n_estimators": 453.744141696049}, "datetime": {"datetime": "2021-09-27 20:30:22", "elapsed": 532.745933, "delta": 4.024737}}
{"target": -12.267163708496662, "params": {"eta": 0.351114547420004, "max_depth": 8.842535426222085, "n_estimators": 453.22221068175253}, "datetime": {"datetime": "2021-09-27 20:30:25", "elapsed": 535.632035, "delta": 2.886102}}
{"target": -12.192169333317638, "params": {"eta": 0.2893352304903726, "max_depth": 3.058400647732177, "n_estimators": 407.2599985275093}, "datetime": {"datetime": "2021-09-27 20:30:27", "elapsed": 538.169495, "delta": 2.53746}}
{"target": -11.341418886543494, "params": {"eta": 0.1564138025278079, "max_depth": 6.282489275344206, "n_estimators": 410.93805979877584}, "datetime": {"datetime": "2021-09-27 20:30:32", "elapsed": 542.86039, "delta": 4.690895}}
{"target": -12.25723834855769, "params": {"eta": 0.21793410511901673, "max_depth": 8.223751572209395, "n_estimators": 418.1728370019651}, "datetime": {"datetime": "2021-09-27 20:30:37", "elapsed": 548.037182, "delta": 5.176792}}
{"target": -11.349628613763015, "params": {"eta": 0.05824544815877705, "max_depth": 7.777622496399982, "n_estimators": 486.8830302177875}, "datetime": {"datetime": "2021-09-27 20:30:41", "elapsed": 552.269018, "delta": 4.231836}}
{"target": -11.06063870020022, "params": {"eta": 0.05, "max_depth": 6.259659016174012, "n_estimators": 482.9688481863806}, "datetime": {"datetime": "2021-09-27 20:30:47", "elapsed": 557.90264, "delta": 5.633622}}
{"target": -12.171010504750686, "params": {"eta": 0.35277359572501915, "max_depth": 4.014149035890789, "n_estimators": 425.2150665880174}, "datetime": {"datetime": "2021-09-27 20:30:49", "elapsed": 560.099227, "delta": 2.196587}}
{"target": -11.951454463994123, "params": {"eta": 0.3680161733813176, "max_depth": 8.36239271571575, "n_estimators": 489.7270982607808}, "datetime": {"datetime": "2021-09-27 20:30:52", "elapsed": 562.523513, "delta": 2.424286}}
{"target": -12.238956492953097, "params": {"eta": 0.3842580774023915, "max_depth": 5.507365934966219, "n_estimators": 496.06193703080896}, "datetime": {"datetime": "2021-09-27 20:30:55", "elapsed": 565.665511, "delta": 3.141998}}
{"target": -11.881080323919834, "params": {"eta": 0.21112626887119096, "max_depth": 8.5900383947329, "n_estimators": 480.411421967005}, "datetime": {"datetime": "2021-09-27 20:30:58", "elapsed": 568.369843, "delta": 2.704332}}
{"target": -12.074934472358361, "params": {"eta": 0.3706566935417581, "max_depth": 3.029210270400174, "n_estimators": 420.2961011887753}, "datetime": {"datetime": "2021-09-27 20:31:00", "elapsed": 571.002671, "delta": 2.632828}}
{"target": -11.956377517223277, "params": {"eta": 0.28621932068966527, "max_depth": 8.517574320203614, "n_estimators": 408.7048284018764}, "datetime": {"datetime": "2021-09-27 20:31:03", "elapsed": 573.807014, "delta": 2.804343}}
{"target": -11.242246509655654, "params": {"eta": 0.08441253633842061, "max_depth": 9.416679953747241, "n_estimators": 453.6929613574492}, "datetime": {"datetime": "2021-09-27 20:31:09", "elapsed": 579.6314, "delta": 5.824386}}
{"target": -11.270669300954122, "params": {"eta": 0.11323360456991542, "max_depth": 3.5763182865836702, "n_estimators": 404.7930841784642}, "datetime": {"datetime": "2021-09-27 20:31:11", "elapsed": 581.985366, "delta": 2.353966}}
{"target": -11.88261760029084, "params": {"eta": 0.2621287188455661, "max_depth": 8.067200770400582, "n_estimators": 408.3979322782765}, "datetime": {"datetime": "2021-09-27 20:31:17", "elapsed": 587.86948, "delta": 5.884114}}
{"target": -11.45577699332036, "params": {"eta": 0.15071761609570675, "max_depth": 9.719521512187569, "n_estimators": 453.63715754176724}, "datetime": {"datetime": "2021-09-27 20:31:22", "elapsed": 592.87949, "delta": 5.01001}}
{"target": -11.925590835566377, "params": {"eta": 0.2520592300236765, "max_depth": 4.640213602729954, "n_estimators": 455.8409570810586}, "datetime": {"datetime": "2021-09-27 20:31:25", "elapsed": 596.073224, "delta": 3.193734}}
{"target": -12.63585836949568, "params": {"eta": 0.38359708864290765, "max_depth": 9.273312383125585, "n_estimators": 499.34598898464264}, "datetime": {"datetime": "2021-09-27 20:31:28", "elapsed": 598.573328, "delta": 2.500104}}
{"target": -12.264316682195888, "params": {"eta": 0.4663661709001909, "max_depth": 8.21629056918152, "n_estimators": 460.4847923951517}, "datetime": {"datetime": "2021-09-27 20:31:30", "elapsed": 600.715837, "delta": 2.142509}}
{"target": -11.30706736028057, "params": {"eta": 0.14012953305541304, "max_depth": 7.753266666015994, "n_estimators": 428.8400505666036}, "datetime": {"datetime": "2021-09-27 20:31:33", "elapsed": 603.66707, "delta": 2.951233}}
{"target": -11.94980546585196, "params": {"eta": 0.24322516324993793, "max_depth": 8.239453865627302, "n_estimators": 490.427205298908}, "datetime": {"datetime": "2021-09-27 20:31:35", "elapsed": 606.188646, "delta": 2.521576}}
{"target": -11.273014535506091, "params": {"eta": 0.07467729169254402, "max_depth": 6.051972718395628, "n_estimators": 460.7133682715666}, "datetime": {"datetime": "2021-09-27 20:31:41", "elapsed": 611.360051, "delta": 5.171405}}
