{"target": -2.976844805792758, "params": {"eta": 0.6284622122793617, "max_depth": 4.458533826118976, "n_estimators": 10.521125619390302}, "datetime": {"datetime": "2021-09-17 11:16:38", "elapsed": 1996.25646, "delta": 9.002448}}
{"target": -2.745774548932126, "params": {"eta": 0.46798277344420336, "max_depth": 4.466811112016336, "n_estimators": 9.771232709802453}, "datetime": {"datetime": "2021-09-17 11:16:45", "elapsed": 2002.773501, "delta": 6.517041}}
{"target": -2.983580012697922, "params": {"eta": 0.6694190845216805, "max_depth": 4.8448112861506365, "n_estimators": 10.172597814291226}, "datetime": {"datetime": "2021-09-17 11:16:52", "elapsed": 2009.930791, "delta": 7.15729}}
{"target": -2.8102998106103194, "params": {"eta": 0.6355106032050195, "max_depth": 4.843658516899378, "n_estimators": 11.191248470529993}, "datetime": {"datetime": "2021-09-17 11:17:00", "elapsed": 2017.520504, "delta": 7.589713}}
{"target": -3.9026010613692437, "params": {"eta": 0.9958753586838636, "max_depth": 1.878318985241061, "n_estimators": 5.894047873449192}, "datetime": {"datetime": "2021-09-17 11:17:06", "elapsed": 2024.132611, "delta": 6.612107}}
{"target": -3.2867973710361276, "params": {"eta": 1.0, "max_depth": 13.316824526286474, "n_estimators": 3.743826712536248}, "datetime": {"datetime": "2021-09-17 11:17:14", "elapsed": 2032.306465, "delta": 8.173854}}
{"target": -3.7002635453876698, "params": {"eta": 1.0, "max_depth": 3.9806320284652386, "n_estimators": 5.0181401151289275}, "datetime": {"datetime": "2021-09-17 11:17:27", "elapsed": 2044.814134, "delta": 12.507669}}
{"target": -2.4253936849142375, "params": {"eta": 0.41231308762716523, "max_depth": 8.399020219054295, "n_estimators": 14.780785292964564}, "datetime": {"datetime": "2021-09-17 11:17:34", "elapsed": 2052.151139, "delta": 7.337005}}
{"target": -2.524977833346316, "params": {"eta": 0.34196365859886946, "max_depth": 8.586930874351184, "n_estimators": 15.485913723285798}, "datetime": {"datetime": "2021-09-17 11:17:42", "elapsed": 2059.9092, "delta": 7.758061}}
{"target": -2.792640354131397, "params": {"eta": 0.5041219017161043, "max_depth": 8.173633539587993, "n_estimators": 15.123911227845053}, "datetime": {"datetime": "2021-09-17 11:17:48", "elapsed": 2066.077307, "delta": 6.168107}}
{"target": -2.7143864851248893, "params": {"eta": 0.4813452335934354, "max_depth": 8.753432769540716, "n_estimators": 14.928591151508224}, "datetime": {"datetime": "2021-09-17 11:18:07", "elapsed": 2084.917974, "delta": 18.840667}}
{"target": -2.606556235489092, "params": {"eta": 0.39110817621615923, "max_depth": 9.095651265191671, "n_estimators": 15.66939653311755}, "datetime": {"datetime": "2021-09-17 11:18:18", "elapsed": 2095.808384, "delta": 10.89041}}
{"target": -2.641577032365297, "params": {"eta": 0.543164402127079, "max_depth": 8.465983123917592, "n_estimators": 14.254530819741987}, "datetime": {"datetime": "2021-09-17 11:18:27", "elapsed": 2105.359807, "delta": 9.551423}}
{"target": -2.8597171444641916, "params": {"eta": 0.6022976500765523, "max_depth": 9.825566234558345, "n_estimators": 15.613287488367082}, "datetime": {"datetime": "2021-09-17 11:18:34", "elapsed": 2112.206764, "delta": 6.846957}}
{"target": -3.357576171347969, "params": {"eta": 0.7508270615706188, "max_depth": 9.29320993681465, "n_estimators": 15.379454269018021}, "datetime": {"datetime": "2021-09-17 11:18:42", "elapsed": 2120.173721, "delta": 7.966957}}
{"target": -9.126041663947857, "params": {"eta": 0.10412083043978526, "max_depth": 6.80761520483819, "n_estimators": 9.251616544812322}, "datetime": {"datetime": "2021-09-17 11:18:56", "elapsed": 2133.915738, "delta": 13.742017}}
{"target": -2.8262296500958892, "params": {"eta": 0.5081096372974836, "max_depth": 6.850805681985265, "n_estimators": 8.249781501215125}, "datetime": {"datetime": "2021-09-17 11:19:04", "elapsed": 2141.587495, "delta": 7.671757}}
{"target": -3.02520766195498, "params": {"eta": 0.6394710906406353, "max_depth": 7.327653321168307, "n_estimators": 8.605221698131267}, "datetime": {"datetime": "2021-09-17 11:19:13", "elapsed": 2151.323402, "delta": 9.735907}}
{"target": -2.8800595892103096, "params": {"eta": 0.6520553468348763, "max_depth": 6.845688063605462, "n_estimators": 9.934052758501348}, "datetime": {"datetime": "2021-09-17 11:19:22", "elapsed": 2159.865024, "delta": 8.541622}}
{"target": -9.858903935708497, "params": {"eta": 0.10659723544241702, "max_depth": 7.243414629145107, "n_estimators": 8.259164065521626}, "datetime": {"datetime": "2021-09-17 11:19:42", "elapsed": 2179.962394, "delta": 20.09737}}
{"target": -2.842295888223146, "params": {"eta": 0.529155178803442, "max_depth": 6.839213095941772, "n_estimators": 8.670288104720404}, "datetime": {"datetime": "2021-09-17 11:19:52", "elapsed": 2189.884186, "delta": 9.921792}}
{"target": -3.291148924827576, "params": {"eta": 0.9665115823467261, "max_depth": 6.802810288499079, "n_estimators": 7.84358912303182}, "datetime": {"datetime": "2021-09-17 11:20:01", "elapsed": 2199.434511, "delta": 9.550325}}
{"target": -3.2356784889572543, "params": {"eta": 0.8859256573433617, "max_depth": 7.046909877076147, "n_estimators": 8.247105678155698}, "datetime": {"datetime": "2021-09-17 11:20:09", "elapsed": 2207.274789, "delta": 7.840278}}
{"target": -2.8321951853601557, "params": {"eta": 0.6649291076428274, "max_depth": 8.673148127759756, "n_estimators": 15.975081628901366}, "datetime": {"datetime": "2021-09-17 11:20:16", "elapsed": 2214.102224, "delta": 6.827435}}
{"target": -2.62527810397901, "params": {"eta": 0.4459981613016698, "max_depth": 14.995970213254093, "n_estimators": 7.511103026502427}, "datetime": {"datetime": "2021-09-17 11:20:25", "elapsed": 2223.090029, "delta": 8.987805}}
{"target": -12.555640340165088, "params": {"eta": 0.1906182413704102, "max_depth": 8.844383435620593, "n_estimators": 3.0886313793153866}, "datetime": {"datetime": "2021-09-17 11:20:32", "elapsed": 2229.556552, "delta": 6.466523}}
{"target": -3.061759065954309, "params": {"eta": 0.6090993751879576, "max_depth": 14.657786550277264, "n_estimators": 7.800583255724266}, "datetime": {"datetime": "2021-09-17 11:20:41", "elapsed": 2238.905897, "delta": 9.349345}}
{"target": -3.645098569518641, "params": {"eta": 1.0, "max_depth": 7.680102917163618, "n_estimators": 2.4498083267986672}, "datetime": {"datetime": "2021-09-17 11:20:52", "elapsed": 2249.803037, "delta": 10.89714}}
{"target": -3.550533092649359, "params": {"eta": 1.0, "max_depth": 8.122484193879764, "n_estimators": 10.8418634202835}, "datetime": {"datetime": "2021-09-17 11:21:00", "elapsed": 2258.274258, "delta": 8.471221}}
{"target": -2.7415920213649145, "params": {"eta": 0.5123418605568292, "max_depth": 5.2490324873071135, "n_estimators": 8.71904301122264}, "datetime": {"datetime": "2021-09-17 11:21:10", "elapsed": 2268.159631, "delta": 9.885373}}
{"target": -2.732907919507278, "params": {"eta": 0.3910264758325503, "max_depth": 9.231664611468306, "n_estimators": 9.992646486098693}, "datetime": {"datetime": "2021-09-17 11:21:18", "elapsed": 2276.323507, "delta": 8.163876}}
{"target": -4.487728102583634, "params": {"eta": 0.1731776650929556, "max_depth": 9.368475771909077, "n_estimators": 10.618458649080573}, "datetime": {"datetime": "2021-09-17 11:21:26", "elapsed": 2283.502683, "delta": 7.179176}}
{"target": -5.562845152930209, "params": {"eta": 0.1, "max_depth": 8.544315991967814, "n_estimators": 15.077156159872677}, "datetime": {"datetime": "2021-09-17 11:21:34", "elapsed": 2292.350041, "delta": 8.847358}}
{"target": -3.168628417190752, "params": {"eta": 0.7812788192730226, "max_depth": 8.411792089864985, "n_estimators": 14.756357940454736}, "datetime": {"datetime": "2021-09-17 11:21:45", "elapsed": 2302.605006, "delta": 10.254965}}
{"target": -3.1865654525003935, "params": {"eta": 1.0, "max_depth": 5.66821473652492, "n_estimators": 17.192599680751467}, "datetime": {"datetime": "2021-09-17 11:21:53", "elapsed": 2310.977232, "delta": 8.372226}}
{"target": -2.9868207316649587, "params": {"eta": 0.6746239779200537, "max_depth": 4.779378764679713, "n_estimators": 9.181067586046572}, "datetime": {"datetime": "2021-09-17 11:22:05", "elapsed": 2322.89181, "delta": 11.914578}}
{"target": -2.7734405486207256, "params": {"eta": 0.4854570288227359, "max_depth": 8.081837289185831, "n_estimators": 16.00750013971217}, "datetime": {"datetime": "2021-09-17 11:22:20", "elapsed": 2338.003276, "delta": 15.111466}}
{"target": -3.5380521162560115, "params": {"eta": 1.0, "max_depth": 6.305619739742273, "n_estimators": 3.235690149318966}, "datetime": {"datetime": "2021-09-17 11:22:27", "elapsed": 2344.723978, "delta": 6.720702}}
{"target": -3.4353555158564917, "params": {"eta": 1.0, "max_depth": 10.348120796988823, "n_estimators": 8.355728958288955}, "datetime": {"datetime": "2021-09-17 11:22:34", "elapsed": 2352.231026, "delta": 7.507048}}
{"target": -2.8037458150010357, "params": {"eta": 0.658483750106134, "max_depth": 8.208593517747623, "n_estimators": 15.475318051619286}, "datetime": {"datetime": "2021-09-17 11:22:45", "elapsed": 2363.006856, "delta": 10.77583}}
{"target": -3.936241074612266, "params": {"eta": 0.13085908213970887, "max_depth": 6.565997761156125, "n_estimators": 15.445886694970225}, "datetime": {"datetime": "2021-09-17 11:22:52", "elapsed": 2370.255392, "delta": 7.248536}}
{"target": -3.302147345166457, "params": {"eta": 0.8019999499634735, "max_depth": 9.000665735692168, "n_estimators": 9.836273139463113}, "datetime": {"datetime": "2021-09-17 11:22:59", "elapsed": 2377.393078, "delta": 7.137686}}
{"target": -2.5538686902899492, "params": {"eta": 0.4537059624929608, "max_depth": 7.513659275682182, "n_estimators": 15.193290424759544}, "datetime": {"datetime": "2021-09-17 11:23:07", "elapsed": 2384.678808, "delta": 7.28573}}
{"target": -5.119773233564277, "params": {"eta": 0.10015895108925829, "max_depth": 3.397988812182646, "n_estimators": 16.595192175877695}, "datetime": {"datetime": "2021-09-17 11:23:18", "elapsed": 2396.401073, "delta": 11.722265}}
{"target": -2.955014102709921, "params": {"eta": 0.6657021422830925, "max_depth": 2.3538061911305674, "n_estimators": 16.724413359019476}, "datetime": {"datetime": "2021-09-17 11:23:27", "elapsed": 2405.467715, "delta": 9.066642}}
{"target": -2.829923100847947, "params": {"eta": 0.713048150969598, "max_depth": 11.711500882773265, "n_estimators": 9.523516018043333}, "datetime": {"datetime": "2021-09-17 11:23:36", "elapsed": 2414.216379, "delta": 8.748664}}
{"target": -2.865649366378784, "params": {"eta": 0.5373726506946273, "max_depth": 6.400997670560495, "n_estimators": 8.138110996873575}, "datetime": {"datetime": "2021-09-17 11:23:45", "elapsed": 2423.063462, "delta": 8.847083}}
{"target": -8.97102805093715, "params": {"eta": 0.10576948024820133, "max_depth": 9.540847559796163, "n_estimators": 9.738845015936244}, "datetime": {"datetime": "2021-09-17 11:23:58", "elapsed": 2436.458738, "delta": 13.395276}}
{"target": -3.0123538098837193, "params": {"eta": 0.6333313466957567, "max_depth": 9.206712541714857, "n_estimators": 10.332840619598606}, "datetime": {"datetime": "2021-09-17 11:24:06", "elapsed": 2443.810895, "delta": 7.352157}}
{"target": -3.36859172645368, "params": {"eta": 0.799772786387911, "max_depth": 10.137829756398277, "n_estimators": 10.268819372721646}, "datetime": {"datetime": "2021-09-17 11:24:19", "elapsed": 2456.625462, "delta": 12.814567}}
{"target": -3.4238896752658636, "params": {"eta": 1.0, "max_depth": 9.780882494002688, "n_estimators": 4.145480313729466}, "datetime": {"datetime": "2021-09-17 11:24:26", "elapsed": 2463.711946, "delta": 7.086484}}
{"target": -3.298125683006487, "params": {"eta": 1.0, "max_depth": 4.548969443473877, "n_estimators": 9.484039077620736}, "datetime": {"datetime": "2021-09-17 11:24:35", "elapsed": 2473.037193, "delta": 9.325247}}
{"target": -3.7935995842281143, "params": {"eta": 1.0, "max_depth": 4.182660746400808, "n_estimators": 2.6358453659703884}, "datetime": {"datetime": "2021-09-17 11:24:42", "elapsed": 2480.130254, "delta": 7.093061}}
{"target": -3.145177597748605, "params": {"eta": 0.3897574916901214, "max_depth": 11.970382289687455, "n_estimators": 6.953292874439478}, "datetime": {"datetime": "2021-09-17 11:24:54", "elapsed": 2492.107873, "delta": 11.977619}}
{"target": -3.0644387791031287, "params": {"eta": 0.37923743937343557, "max_depth": 12.515167787943726, "n_estimators": 6.949845772826153}, "datetime": {"datetime": "2021-09-17 11:25:03", "elapsed": 2500.862396, "delta": 8.754523}}
{"target": -5.044257773223676, "params": {"eta": 0.3567190338643945, "max_depth": 11.023841545146823, "n_estimators": 4.840562080105794}, "datetime": {"datetime": "2021-09-17 11:25:10", "elapsed": 2508.185492, "delta": 7.323096}}
{"target": -6.548885837354158, "params": {"eta": 0.1, "max_depth": 4.947305355296493, "n_estimators": 13.805770839448472}, "datetime": {"datetime": "2021-09-17 11:25:17", "elapsed": 2515.134633, "delta": 6.949141}}
{"target": -3.709964551423725, "params": {"eta": 1.0, "max_depth": 1.6849394731316905, "n_estimators": 8.460710967621438}, "datetime": {"datetime": "2021-09-17 11:25:29", "elapsed": 2526.926005, "delta": 11.791372}}
{"target": -3.3478644408677756, "params": {"eta": 1.0, "max_depth": 13.08869548340694, "n_estimators": 11.15783078205702}, "datetime": {"datetime": "2021-09-17 11:25:38", "elapsed": 2535.761506, "delta": 8.835501}}
{"target": -3.405761891917179, "params": {"eta": 1.0, "max_depth": 11.200438200133478, "n_estimators": 2.4333944374774235}, "datetime": {"datetime": "2021-09-17 11:25:47", "elapsed": 2545.021389, "delta": 9.259883}}
{"target": -2.8158324147525584, "params": {"eta": 0.5530188902874515, "max_depth": 12.187583756719881, "n_estimators": 16.29197814235135}, "datetime": {"datetime": "2021-09-17 11:25:54", "elapsed": 2552.372165, "delta": 7.350776}}
{"target": -11.152827174098867, "params": {"eta": 0.11904239859455862, "max_depth": 12.187850895595483, "n_estimators": 6.600832707303214}, "datetime": {"datetime": "2021-09-17 11:26:03", "elapsed": 2561.390433, "delta": 9.018268}}
{"target": -2.7592801621085723, "params": {"eta": 0.4745841237894354, "max_depth": 12.259837438424665, "n_estimators": 7.272499097032685}, "datetime": {"datetime": "2021-09-17 11:26:11", "elapsed": 2569.015591, "delta": 7.625158}}
{"target": -2.913647961616516, "params": {"eta": 0.6032591857271213, "max_depth": 11.601885141731362, "n_estimators": 7.479220770215005}, "datetime": {"datetime": "2021-09-17 11:26:18", "elapsed": 2576.395893, "delta": 7.380302}}
{"target": -2.8082355731411983, "params": {"eta": 0.5094545366286147, "max_depth": 12.74068349988653, "n_estimators": 7.252331946559754}, "datetime": {"datetime": "2021-09-17 11:26:28", "elapsed": 2585.659139, "delta": 9.263246}}
{"target": -3.1257682599519425, "params": {"eta": 0.7237798838359639, "max_depth": 11.803233138461811, "n_estimators": 7.02974954868275}, "datetime": {"datetime": "2021-09-17 11:26:39", "elapsed": 2596.80658, "delta": 11.147441}}
{"target": -2.620774819976405, "params": {"eta": 0.4576580010549478, "max_depth": 10.600705245341562, "n_estimators": 9.30969062974343}, "datetime": {"datetime": "2021-09-17 11:26:53", "elapsed": 2610.523776, "delta": 13.717196}}
{"target": -4.308381218031832, "params": {"eta": 0.24142419317091313, "max_depth": 11.48338209961771, "n_estimators": 7.21908580480622}, "datetime": {"datetime": "2021-09-17 11:27:07", "elapsed": 2625.070769, "delta": 14.546993}}
{"target": -3.4313332538855703, "params": {"eta": 1.0, "max_depth": 9.882351859266228, "n_estimators": 11.305610297988814}, "datetime": {"datetime": "2021-09-17 11:27:18", "elapsed": 2635.544711, "delta": 10.473942}}
{"target": -3.3607109734886573, "params": {"eta": 0.7320412271501969, "max_depth": 12.825260567506305, "n_estimators": 6.952017795538224}, "datetime": {"datetime": "2021-09-17 11:27:25", "elapsed": 2643.041798, "delta": 7.497087}}
{"target": -3.1621553596697356, "params": {"eta": 1.0, "max_depth": 5.708141370314762, "n_estimators": 5.6739129212898245}, "datetime": {"datetime": "2021-09-17 11:27:34", "elapsed": 2652.045973, "delta": 9.004175}}
{"target": -3.354974677688197, "params": {"eta": 0.7397406688368668, "max_depth": 7.324300852828389, "n_estimators": 17.980504603011735}, "datetime": {"datetime": "2021-09-17 11:27:44", "elapsed": 2662.098915, "delta": 10.052942}}
{"target": -3.2150774340880544, "params": {"eta": 1.0, "max_depth": 3.742939691703474, "n_estimators": 7.857406058582152}, "datetime": {"datetime": "2021-09-17 11:27:52", "elapsed": 2669.493621, "delta": 7.394706}}
{"target": -2.8303052557142157, "params": {"eta": 0.5604378653797852, "max_depth": 10.467987683776402, "n_estimators": 17.409909302269117}, "datetime": {"datetime": "2021-09-17 11:28:03", "elapsed": 2680.781316, "delta": 11.287695}}
{"target": -3.223558312968204, "params": {"eta": 1.0, "max_depth": 5.318334861992708, "n_estimators": 13.996312521711099}, "datetime": {"datetime": "2021-09-17 11:28:12", "elapsed": 2690.375665, "delta": 9.594349}}
{"target": -3.1076364724259626, "params": {"eta": 0.6173570853310999, "max_depth": 2.3956875115530054, "n_estimators": 10.938043822149071}, "datetime": {"datetime": "2021-09-17 11:28:25", "elapsed": 2702.636279, "delta": 12.260614}}
{"target": -2.9899443243679245, "params": {"eta": 0.6263283413308933, "max_depth": 9.969772222116449, "n_estimators": 14.605301780336207}, "datetime": {"datetime": "2021-09-17 11:28:35", "elapsed": 2712.870661, "delta": 10.234382}}
{"target": -3.2079350415029024, "params": {"eta": 0.9923602224084049, "max_depth": 14.467830857336285, "n_estimators": 14.974907760197718}, "datetime": {"datetime": "2021-09-17 11:28:45", "elapsed": 2722.871392, "delta": 10.000731}}
{"target": -2.9131609938646617, "params": {"eta": 0.5835786266706472, "max_depth": 9.467005472704829, "n_estimators": 14.046561945777002}, "datetime": {"datetime": "2021-09-17 11:28:53", "elapsed": 2730.742441, "delta": 7.871049}}
{"target": -2.8182924697273655, "params": {"eta": 0.5557809300513765, "max_depth": 13.957364361355229, "n_estimators": 17.040300881027477}, "datetime": {"datetime": "2021-09-17 11:29:15", "elapsed": 2752.840993, "delta": 22.098552}}
{"target": -4.265251251270896, "params": {"eta": 0.11457174649420139, "max_depth": 6.162501913637852, "n_estimators": 16.516212769419795}, "datetime": {"datetime": "2021-09-17 11:29:23", "elapsed": 2760.585044, "delta": 7.744051}}
{"target": -3.4331420823147423, "params": {"eta": 1.0, "max_depth": 7.500828352307379, "n_estimators": 11.409187552772787}, "datetime": {"datetime": "2021-09-17 11:29:30", "elapsed": 2768.394574, "delta": 7.80953}}
{"target": -2.8778704887942266, "params": {"eta": 0.6567237478845515, "max_depth": 10.289235675043486, "n_estimators": 15.428123806944493}, "datetime": {"datetime": "2021-09-17 11:29:38", "elapsed": 2776.298347, "delta": 7.903773}}
{"target": -3.238009092054869, "params": {"eta": 1.0, "max_depth": 14.461725241132838, "n_estimators": 4.908555674979202}, "datetime": {"datetime": "2021-09-17 11:29:46", "elapsed": 2784.109545, "delta": 7.811198}}
{"target": -2.822796469613125, "params": {"eta": 0.5561395519829602, "max_depth": 8.763000416719272, "n_estimators": 15.576101753677305}, "datetime": {"datetime": "2021-09-17 11:29:54", "elapsed": 2791.979168, "delta": 7.869623}}
{"target": -3.442987090662906, "params": {"eta": 1.0, "max_depth": 10.306744146713193, "n_estimators": 14.741722985632487}, "datetime": {"datetime": "2021-09-17 11:30:03", "elapsed": 2801.475466, "delta": 9.496298}}
{"target": -5.375054159917329, "params": {"eta": 0.10216800441621232, "max_depth": 9.47232689078483, "n_estimators": 15.732941309994176}, "datetime": {"datetime": "2021-09-17 11:30:11", "elapsed": 2808.769655, "delta": 7.294189}}
{"target": -3.1152153090426795, "params": {"eta": 1.0, "max_depth": 2.369840937564756, "n_estimators": 11.251060877563159}, "datetime": {"datetime": "2021-09-17 11:30:22", "elapsed": 2820.181178, "delta": 11.411523}}
{"target": -2.686984305632742, "params": {"eta": 0.2004942199633925, "max_depth": 8.504052043938879, "n_estimators": 15.875227800503623}, "datetime": {"datetime": "2021-09-17 11:30:34", "elapsed": 2832.098722, "delta": 11.917544}}
{"target": -3.0673034125252774, "params": {"eta": 0.6627499310953202, "max_depth": 2.264864001966836, "n_estimators": 15.32431271622522}, "datetime": {"datetime": "2021-09-17 11:30:44", "elapsed": 2841.901852, "delta": 9.80313}}
{"target": -2.9847049945279167, "params": {"eta": 0.5980445233792009, "max_depth": 7.752717555889016, "n_estimators": 14.698282414632983}, "datetime": {"datetime": "2021-09-17 11:30:55", "elapsed": 2852.636035, "delta": 10.734183}}
{"target": -3.54168619419399, "params": {"eta": 1.0, "max_depth": 8.048170963319768, "n_estimators": 5.979231756064901}, "datetime": {"datetime": "2021-09-17 11:31:02", "elapsed": 2860.293196, "delta": 7.657161}}
{"target": -2.797453877172972, "params": {"eta": 0.644091183391156, "max_depth": 5.2878063413471565, "n_estimators": 14.853749475288843}, "datetime": {"datetime": "2021-09-17 11:31:12", "elapsed": 2869.96422, "delta": 9.671024}}
{"target": -2.749273317738583, "params": {"eta": 0.5301523534049479, "max_depth": 8.43338919185979, "n_estimators": 17.13703031018763}, "datetime": {"datetime": "2021-09-17 11:31:22", "elapsed": 2879.994894, "delta": 10.030674}}
{"target": -3.347966499705064, "params": {"eta": 1.0, "max_depth": 13.064157782160061, "n_estimators": 13.726060514601961}, "datetime": {"datetime": "2021-09-17 11:31:36", "elapsed": 2894.394778, "delta": 14.399884}}
{"target": -3.4580655455589295, "params": {"eta": 1.0, "max_depth": 6.355576671555012, "n_estimators": 16.540249844552964}, "datetime": {"datetime": "2021-09-17 11:31:45", "elapsed": 2902.587961, "delta": 8.193183}}
{"target": -2.481757189725575, "params": {"eta": 0.47355688218237146, "max_depth": 8.308773635508537, "n_estimators": 17.621813444356047}, "datetime": {"datetime": "2021-09-17 11:31:56", "elapsed": 2914.263186, "delta": 11.675225}}
