{"target": 0.8313825347607378, "params": {"eta": 0.3023765003571852, "max_depth": 10.053350460311155, "n_estimators": 11.365211202190697}, "datetime": {"datetime": "2021-09-17 17:45:01", "elapsed": 350.485762, "delta": 1.445323}}
{"target": 0.8178265914759719, "params": {"eta": 0.32200120545475364, "max_depth": 9.19382322322498, "n_estimators": 9.831563917550838}, "datetime": {"datetime": "2021-09-17 17:45:03", "elapsed": 351.881239, "delta": 1.395477}}
{"target": 0.825660584121263, "params": {"eta": 0.41732018807866283, "max_depth": 11.02282242489871, "n_estimators": 9.29110366087599}, "datetime": {"datetime": "2021-09-17 17:45:04", "elapsed": 353.387241, "delta": 1.506002}}
{"target": 0.8153762575818672, "params": {"eta": 0.49950760201551325, "max_depth": 8.468357745273579, "n_estimators": 8.368459034640978}, "datetime": {"datetime": "2021-09-17 17:45:06", "elapsed": 354.751855, "delta": 1.364614}}
{"target": 0.8653767278039393, "params": {"eta": 0.44077382495837775, "max_depth": 7.676845179770481, "n_estimators": 9.225406360589595}, "datetime": {"datetime": "2021-09-17 17:45:09", "elapsed": 357.686093, "delta": 2.934238}}
{"target": 0.8228516042744751, "params": {"eta": 0.498395723851178, "max_depth": 4.827483508360303, "n_estimators": 11.653629948936885}, "datetime": {"datetime": "2021-09-17 17:45:10", "elapsed": 359.153786, "delta": 1.467693}}
{"target": 0.8388911060808998, "params": {"eta": 0.3416194418371573, "max_depth": 8.893044217022357, "n_estimators": 8.550477438199444}, "datetime": {"datetime": "2021-09-17 17:45:12", "elapsed": 360.640218, "delta": 1.486432}}
{"target": 0.8279589349137919, "params": {"eta": 0.40044281773167806, "max_depth": 9.5148727389804, "n_estimators": 8.334880720988293}, "datetime": {"datetime": "2021-09-17 17:45:13", "elapsed": 362.218512, "delta": 1.578294}}
{"target": 0.8498584801621922, "params": {"eta": 0.4589824548831856, "max_depth": 10.349699160857654, "n_estimators": 9.905555871673682}, "datetime": {"datetime": "2021-09-17 17:45:16", "elapsed": 365.075431, "delta": 2.856919}}
{"target": 0.8415685892004889, "params": {"eta": 0.3502581096953653, "max_depth": 10.612844082242322, "n_estimators": 9.62696533262778}, "datetime": {"datetime": "2021-09-17 17:45:17", "elapsed": 366.630033, "delta": 1.554602}}
{"target": 0.8564717201508172, "params": {"eta": 0.3817307362514247, "max_depth": 8.263542115625416, "n_estimators": 10.267696982859553}, "datetime": {"datetime": "2021-09-17 17:45:20", "elapsed": 369.508852, "delta": 2.878819}}
{"target": 0.8659050391482092, "params": {"eta": 0.4356796140617002, "max_depth": 7.67881213932514, "n_estimators": 9.182776788723054}, "datetime": {"datetime": "2021-09-17 17:45:24", "elapsed": 372.658642, "delta": 3.14979}}
{"target": 0.837671330267377, "params": {"eta": 0.4279749875476756, "max_depth": 4.37961490082299, "n_estimators": 8.25673457574813}, "datetime": {"datetime": "2021-09-17 17:45:26", "elapsed": 375.495157, "delta": 2.836515}}
{"target": 0.8308591523246645, "params": {"eta": 0.4047240032930145, "max_depth": 6.541966780021523, "n_estimators": 8.179128875295318}, "datetime": {"datetime": "2021-09-17 17:45:28", "elapsed": 376.835832, "delta": 1.340675}}
{"target": 0.8687158633763798, "params": {"eta": 0.4681510533556877, "max_depth": 5.94519217416033, "n_estimators": 10.225663690420912}, "datetime": {"datetime": "2021-09-17 17:45:31", "elapsed": 380.421907, "delta": 3.586075}}
{"target": 0.8302708790658662, "params": {"eta": 0.42148132795053467, "max_depth": 7.572939103360359, "n_estimators": 7.178854719258746}, "datetime": {"datetime": "2021-09-17 17:45:36", "elapsed": 384.774495, "delta": 4.352588}}
{"target": 0.7964014443911673, "params": {"eta": 0.3240916135575435, "max_depth": 5.944703203630491, "n_estimators": 8.031059127223191}, "datetime": {"datetime": "2021-09-17 17:45:37", "elapsed": 386.267775, "delta": 1.49328}}
{"target": 0.8481312229266957, "params": {"eta": 0.3322131018285852, "max_depth": 7.867761595757807, "n_estimators": 11.175259721924562}, "datetime": {"datetime": "2021-09-17 17:45:39", "elapsed": 387.850093, "delta": 1.582318}}
{"target": 0.8595141532332653, "params": {"eta": 0.43899375642026, "max_depth": 9.816223157723403, "n_estimators": 11.947987234371165}, "datetime": {"datetime": "2021-09-17 17:45:40", "elapsed": 389.443093, "delta": 1.593}}
{"target": 0.8139459106755129, "params": {"eta": 0.49867260537750446, "max_depth": 9.380221845054551, "n_estimators": 7.9702694564642}, "datetime": {"datetime": "2021-09-17 17:45:42", "elapsed": 390.90358, "delta": 1.460487}}
{"target": 0.8425924568655565, "params": {"eta": 0.4456417586694635, "max_depth": 10.984684530041015, "n_estimators": 11.849319044355335}, "datetime": {"datetime": "2021-09-17 17:45:46", "elapsed": 395.359643, "delta": 4.456063}}
{"target": 0.8336811192071432, "params": {"eta": 0.4508358155044656, "max_depth": 5.9976594505774585, "n_estimators": 9.453628542395649}, "datetime": {"datetime": "2021-09-17 17:45:48", "elapsed": 396.970912, "delta": 1.611269}}
{"target": 0.8176302408626268, "params": {"eta": 0.34782115345495723, "max_depth": 5.2796384154318, "n_estimators": 9.388209447312901}, "datetime": {"datetime": "2021-09-17 17:45:49", "elapsed": 398.573326, "delta": 1.602414}}
{"target": 0.8444903862223697, "params": {"eta": 0.4515321741827945, "max_depth": 5.929905448148683, "n_estimators": 10.226355641782263}, "datetime": {"datetime": "2021-09-17 17:45:54", "elapsed": 403.158335, "delta": 4.585009}}
{"target": 0.8180692755369241, "params": {"eta": 0.4862457996458142, "max_depth": 7.598594120851855, "n_estimators": 10.04513469380753}, "datetime": {"datetime": "2021-09-17 17:45:56", "elapsed": 404.711706, "delta": 1.553371}}
{"target": 0.8348293888798786, "params": {"eta": 0.3663569891531431, "max_depth": 11.714814032061755, "n_estimators": 7.7086553650613165}, "datetime": {"datetime": "2021-09-17 17:45:57", "elapsed": 406.253095, "delta": 1.541389}}
{"target": 0.8645956247216728, "params": {"eta": 0.4358279501476099, "max_depth": 10.881620055232844, "n_estimators": 11.91617053493684}, "datetime": {"datetime": "2021-09-17 17:46:00", "elapsed": 409.45802, "delta": 3.204925}}
{"target": 0.8502074875692185, "params": {"eta": 0.3754866641654463, "max_depth": 7.709998007757165, "n_estimators": 11.17219781142412}, "datetime": {"datetime": "2021-09-17 17:46:03", "elapsed": 412.486956, "delta": 3.028936}}
{"target": 0.8134109854250017, "params": {"eta": 0.48822791573513497, "max_depth": 11.01517202330741, "n_estimators": 11.837302091689583}, "datetime": {"datetime": "2021-09-17 17:46:05", "elapsed": 414.110407, "delta": 1.623451}}
{"target": 0.8132001340146857, "params": {"eta": 0.33017399866757996, "max_depth": 10.346827257939395, "n_estimators": 7.551949558124775}, "datetime": {"datetime": "2021-09-17 17:46:07", "elapsed": 415.698094, "delta": 1.587687}}
{"target": 0.86449917366881, "params": {"eta": 0.45528302912603585, "max_depth": 10.18652952818794, "n_estimators": 10.399893370703024}, "datetime": {"datetime": "2021-09-17 17:46:08", "elapsed": 417.416674, "delta": 1.71858}}
{"target": 0.8468686277391306, "params": {"eta": 0.45670440119050104, "max_depth": 6.443493462548969, "n_estimators": 10.179352091729175}, "datetime": {"datetime": "2021-09-17 17:46:10", "elapsed": 419.020262, "delta": 1.603588}}
{"target": 0.8306589785183146, "params": {"eta": 0.31055520524859037, "max_depth": 5.597202037295665, "n_estimators": 10.03920851412242}, "datetime": {"datetime": "2021-09-17 17:46:11", "elapsed": 420.606385, "delta": 1.586123}}
{"target": 0.8392847965174736, "params": {"eta": 0.44245239775720624, "max_depth": 5.935773604262248, "n_estimators": 10.191178029964904}, "datetime": {"datetime": "2021-09-17 17:46:15", "elapsed": 423.968047, "delta": 3.361662}}
{"target": 0.81046797573187, "params": {"eta": 0.4838623950890152, "max_depth": 5.931317025227221, "n_estimators": 10.210187487682123}, "datetime": {"datetime": "2021-09-17 17:46:19", "elapsed": 428.29334, "delta": 4.325293}}
{"target": 0.8367343563392469, "params": {"eta": 0.39831071453657624, "max_depth": 11.287124679206403, "n_estimators": 9.098117077215134}, "datetime": {"datetime": "2021-09-17 17:46:23", "elapsed": 431.9432, "delta": 3.64986}}
{"target": 0.8503196436324162, "params": {"eta": 0.4312771803820256, "max_depth": 7.69314935437339, "n_estimators": 9.178479387411787}, "datetime": {"datetime": "2021-09-17 17:46:27", "elapsed": 436.409617, "delta": 4.466417}}
{"target": 0.8527950217969668, "params": {"eta": 0.42628542872241315, "max_depth": 7.271666735299751, "n_estimators": 11.93441799700365}, "datetime": {"datetime": "2021-09-17 17:46:31", "elapsed": 440.096661, "delta": 3.687044}}
{"target": 0.8315093178397834, "params": {"eta": 0.3233717000514098, "max_depth": 11.930037272570583, "n_estimators": 10.623879354106371}, "datetime": {"datetime": "2021-09-17 17:46:33", "elapsed": 441.799816, "delta": 1.703155}}
{"target": 0.8238444891021907, "params": {"eta": 0.48291924335631836, "max_depth": 6.6904780282890135, "n_estimators": 7.808928219160345}, "datetime": {"datetime": "2021-09-17 17:46:34", "elapsed": 443.547267, "delta": 1.747451}}
{"target": 0.8253280821552629, "params": {"eta": 0.4166496757008982, "max_depth": 4.737626835312587, "n_estimators": 8.45415272213831}, "datetime": {"datetime": "2021-09-17 17:46:36", "elapsed": 445.221976, "delta": 1.674709}}
{"target": 0.8280430291377865, "params": {"eta": 0.3719870442929426, "max_depth": 11.7035403249109, "n_estimators": 9.816513975249176}, "datetime": {"datetime": "2021-09-17 17:46:40", "elapsed": 448.917294, "delta": 3.695318}}
{"target": 0.8380328759510316, "params": {"eta": 0.4566721833323012, "max_depth": 4.349956164082111, "n_estimators": 8.222503684955495}, "datetime": {"datetime": "2021-09-17 17:46:44", "elapsed": 453.506127, "delta": 4.588833}}
{"target": 0.8608699337303645, "params": {"eta": 0.3953400696648684, "max_depth": 9.832511666902109, "n_estimators": 10.623429159798786}, "datetime": {"datetime": "2021-09-17 17:46:46", "elapsed": 455.236663, "delta": 1.730536}}
{"target": 0.8616192806092627, "params": {"eta": 0.384450091789793, "max_depth": 11.041128814867267, "n_estimators": 9.285943259860108}, "datetime": {"datetime": "2021-09-17 17:46:48", "elapsed": 456.987118, "delta": 1.750455}}
{"target": 0.8495940124530115, "params": {"eta": 0.4696779511704249, "max_depth": 4.176376659138406, "n_estimators": 11.79084327924533}, "datetime": {"datetime": "2021-09-17 17:46:50", "elapsed": 458.789032, "delta": 1.801914}}
{"target": 0.8425217475730647, "params": {"eta": 0.4282133854359613, "max_depth": 5.239328655456111, "n_estimators": 10.075179419478186}, "datetime": {"datetime": "2021-09-17 17:46:51", "elapsed": 460.537314, "delta": 1.748282}}
{"target": 0.8533376944843164, "params": {"eta": 0.35813501276689386, "max_depth": 7.53429251034756, "n_estimators": 10.69467704546165}, "datetime": {"datetime": "2021-09-17 17:46:55", "elapsed": 464.2117, "delta": 3.674386}}
{"target": 0.8596417423389822, "params": {"eta": 0.4351820232688973, "max_depth": 10.179274295573983, "n_estimators": 10.398448247743245}, "datetime": {"datetime": "2021-09-17 17:46:59", "elapsed": 468.001846, "delta": 3.790146}}
{"target": 0.8285094378815855, "params": {"eta": 0.4926890349593019, "max_depth": 5.658092092991907, "n_estimators": 9.985374040880803}, "datetime": {"datetime": "2021-09-17 17:47:01", "elapsed": 469.833323, "delta": 1.831477}}
{"target": 0.7888018225951456, "params": {"eta": 0.32680337321016667, "max_depth": 6.731993938834941, "n_estimators": 7.619568992208484}, "datetime": {"datetime": "2021-09-17 17:47:02", "elapsed": 471.55153, "delta": 1.718207}}
{"target": 0.8616214169186711, "params": {"eta": 0.3844839582828739, "max_depth": 11.060746016815266, "n_estimators": 9.283646159119105}, "datetime": {"datetime": "2021-09-17 17:47:06", "elapsed": 475.574409, "delta": 4.022879}}
{"target": 0.8264256815712067, "params": {"eta": 0.489816745929579, "max_depth": 7.197425777867384, "n_estimators": 11.503392840338341}, "datetime": {"datetime": "2021-09-17 17:47:08", "elapsed": 477.288609, "delta": 1.7142}}
{"target": 0.83452107024153, "params": {"eta": 0.4285253456966186, "max_depth": 7.667693069900424, "n_estimators": 9.22073341042188}, "datetime": {"datetime": "2021-09-17 17:47:13", "elapsed": 481.693464, "delta": 4.404855}}
{"target": 0.8483182764817248, "params": {"eta": 0.4528442594644518, "max_depth": 7.699697048055718, "n_estimators": 9.183120920368022}, "datetime": {"datetime": "2021-09-17 17:47:17", "elapsed": 485.711642, "delta": 4.018178}}
{"target": 0.8466237492285458, "params": {"eta": 0.463653784580196, "max_depth": 9.706089029705403, "n_estimators": 8.917589494405473}, "datetime": {"datetime": "2021-09-17 17:47:18", "elapsed": 487.561087, "delta": 1.849445}}
{"target": 0.8356003132416374, "params": {"eta": 0.3011346617588712, "max_depth": 8.477526372542322, "n_estimators": 11.538839952007715}, "datetime": {"datetime": "2021-09-17 17:47:20", "elapsed": 489.24879, "delta": 1.687703}}
{"target": 0.8351704025122987, "params": {"eta": 0.3510257045982993, "max_depth": 5.3781077400230295, "n_estimators": 9.418139029148602}, "datetime": {"datetime": "2021-09-17 17:47:22", "elapsed": 491.094253, "delta": 1.845463}}
{"target": 0.8467445983918712, "params": {"eta": 0.4682068834838855, "max_depth": 10.980864115281701, "n_estimators": 11.892222871455491}, "datetime": {"datetime": "2021-09-17 17:47:24", "elapsed": 492.844213, "delta": 1.74996}}
{"target": 0.8513459356778379, "params": {"eta": 0.3980292750694542, "max_depth": 9.847671634178848, "n_estimators": 10.633693989300133}, "datetime": {"datetime": "2021-09-17 17:47:27", "elapsed": 496.46904, "delta": 3.624827}}
{"target": 0.8569491711069434, "params": {"eta": 0.43003656632576603, "max_depth": 7.285727877714268, "n_estimators": 11.903534442284965}, "datetime": {"datetime": "2021-09-17 17:47:31", "elapsed": 499.833333, "delta": 3.364293}}
{"target": 0.8431948866343403, "params": {"eta": 0.36851656540539196, "max_depth": 5.935322515805898, "n_estimators": 8.110404666050563}, "datetime": {"datetime": "2021-09-17 17:47:33", "elapsed": 501.68771, "delta": 1.854377}}
{"target": 0.856597714553579, "params": {"eta": 0.45887583557838874, "max_depth": 6.424503217013038, "n_estimators": 11.476848933454871}, "datetime": {"datetime": "2021-09-17 17:47:37", "elapsed": 505.790803, "delta": 4.103093}}
{"target": 0.856505071946456, "params": {"eta": 0.43118480601112175, "max_depth": 7.297090082389795, "n_estimators": 11.926034885689992}, "datetime": {"datetime": "2021-09-17 17:47:42", "elapsed": 510.962059, "delta": 5.171256}}
{"target": 0.8500069766371104, "params": {"eta": 0.45554342660543157, "max_depth": 5.959257750971584, "n_estimators": 10.204215872760258}, "datetime": {"datetime": "2021-09-17 17:47:46", "elapsed": 514.631002, "delta": 3.668943}}
{"target": 0.8708197579795018, "params": {"eta": 0.4403898566194978, "max_depth": 10.87604990406967, "n_estimators": 11.925723962875368}, "datetime": {"datetime": "2021-09-17 17:47:49", "elapsed": 518.469035, "delta": 3.838033}}
{"target": 0.8441115974116222, "params": {"eta": 0.44841304356679523, "max_depth": 10.98695807435011, "n_estimators": 11.90348333879739}, "datetime": {"datetime": "2021-09-17 17:47:54", "elapsed": 523.248231, "delta": 4.779196}}
{"target": 0.8516337971997745, "params": {"eta": 0.46111711836723435, "max_depth": 10.202989000527163, "n_estimators": 10.395754515981007}, "datetime": {"datetime": "2021-09-17 17:47:58", "elapsed": 527.059935, "delta": 3.811704}}
{"target": 0.787698152732295, "params": {"eta": 0.32012896311005357, "max_depth": 5.353792004289936, "n_estimators": 7.729394801045739}, "datetime": {"datetime": "2021-09-17 17:48:00", "elapsed": 528.860583, "delta": 1.800648}}
{"target": 0.784881801543736, "params": {"eta": 0.3002130841457016, "max_depth": 6.508931598656048, "n_estimators": 8.368962220258014}, "datetime": {"datetime": "2021-09-17 17:48:02", "elapsed": 530.647639, "delta": 1.787056}}
{"target": 0.8631230892596194, "params": {"eta": 0.4614024704450226, "max_depth": 5.59191436995541, "n_estimators": 11.760213477086925}, "datetime": {"datetime": "2021-09-17 17:48:03", "elapsed": 532.533639, "delta": 1.886}}
{"target": 0.8480506056709493, "params": {"eta": 0.392767173077413, "max_depth": 11.686861878212508, "n_estimators": 9.828347427307847}, "datetime": {"datetime": "2021-09-17 17:48:08", "elapsed": 537.619332, "delta": 5.085693}}
{"target": 0.8486000868939443, "params": {"eta": 0.4690160581395922, "max_depth": 4.721926462186531, "n_estimators": 8.067772263564782}, "datetime": {"datetime": "2021-09-17 17:48:10", "elapsed": 539.471503, "delta": 1.852171}}
{"target": 0.8493807286987958, "params": {"eta": 0.3945316885705247, "max_depth": 11.684953383983625, "n_estimators": 9.807140010150494}, "datetime": {"datetime": "2021-09-17 17:48:14", "elapsed": 543.253407, "delta": 3.781904}}
{"target": 0.8470658686166457, "params": {"eta": 0.3913395944501537, "max_depth": 4.183487709223272, "n_estimators": 11.459503324272525}, "datetime": {"datetime": "2021-09-17 17:48:16", "elapsed": 545.225964, "delta": 1.972557}}
{"target": 0.8493972390259696, "params": {"eta": 0.34128267753467056, "max_depth": 8.522257304104874, "n_estimators": 10.25752443326745}, "datetime": {"datetime": "2021-09-17 17:48:18", "elapsed": 546.958645, "delta": 1.732681}}
{"target": 0.8252211650237404, "params": {"eta": 0.33659140505020807, "max_depth": 8.349787271413417, "n_estimators": 8.99598976396221}, "datetime": {"datetime": "2021-09-17 17:48:20", "elapsed": 548.890964, "delta": 1.932319}}
{"target": 0.8196695195964879, "params": {"eta": 0.3685758838875738, "max_depth": 10.54779769388287, "n_estimators": 7.801736304240942}, "datetime": {"datetime": "2021-09-17 17:48:22", "elapsed": 550.73451, "delta": 1.843546}}
{"target": 0.8596308731888894, "params": {"eta": 0.44417987156875394, "max_depth": 8.211328600616103, "n_estimators": 10.98103693204444}, "datetime": {"datetime": "2021-09-17 17:48:24", "elapsed": 552.686504, "delta": 1.951994}}
{"target": 0.8264296379025615, "params": {"eta": 0.4850064496811829, "max_depth": 6.944664520783481, "n_estimators": 11.23694992854325}, "datetime": {"datetime": "2021-09-17 17:48:25", "elapsed": 554.510071, "delta": 1.823567}}
{"target": 0.8696247032378572, "params": {"eta": 0.4336693408351001, "max_depth": 8.742932892677388, "n_estimators": 11.22472074436931}, "datetime": {"datetime": "2021-09-17 17:48:30", "elapsed": 558.692119, "delta": 4.182048}}
{"target": 0.8684701518570016, "params": {"eta": 0.4341290879802449, "max_depth": 10.957235465417158, "n_estimators": 11.857405373442973}, "datetime": {"datetime": "2021-09-17 17:48:34", "elapsed": 562.947527, "delta": 4.255408}}
{"target": 0.8261522875822912, "params": {"eta": 0.301344544451799, "max_depth": 7.996569779932395, "n_estimators": 11.323515914767404}, "datetime": {"datetime": "2021-09-17 17:48:36", "elapsed": 565.03604, "delta": 2.088513}}
{"target": 0.8541414430392399, "params": {"eta": 0.3574887425412985, "max_depth": 11.136108815968235, "n_estimators": 11.836539929170488}, "datetime": {"datetime": "2021-09-17 17:48:40", "elapsed": 569.387935, "delta": 4.351895}}
{"target": 0.8164458533426112, "params": {"eta": 0.4592109186971336, "max_depth": 7.685118936996164, "n_estimators": 9.243025014205129}, "datetime": {"datetime": "2021-09-17 17:48:46", "elapsed": 574.803207, "delta": 5.415272}}
{"target": 0.812991815489302, "params": {"eta": 0.33170637769263017, "max_depth": 10.420658841401513, "n_estimators": 7.076876367729292}, "datetime": {"datetime": "2021-09-17 17:48:48", "elapsed": 576.646729, "delta": 1.843522}}
{"target": 0.8367971733190317, "params": {"eta": 0.3158476302237064, "max_depth": 7.032641889358246, "n_estimators": 11.694066449481383}, "datetime": {"datetime": "2021-09-17 17:48:50", "elapsed": 578.715278, "delta": 2.068549}}
{"target": 0.8418004504889279, "params": {"eta": 0.35884635892764394, "max_depth": 4.9175883615029425, "n_estimators": 10.93943515021148}, "datetime": {"datetime": "2021-09-17 17:48:52", "elapsed": 580.701486, "delta": 1.986208}}
{"target": 0.8584707360839299, "params": {"eta": 0.42703573745831286, "max_depth": 7.287409534913569, "n_estimators": 11.938955416179853}, "datetime": {"datetime": "2021-09-17 17:48:53", "elapsed": 582.599486, "delta": 1.898}}
{"target": 0.8172106942757988, "params": {"eta": 0.37468523550620975, "max_depth": 11.692236371397271, "n_estimators": 7.957568201610657}, "datetime": {"datetime": "2021-09-17 17:48:55", "elapsed": 584.433773, "delta": 1.834287}}
{"target": 0.8438443168304701, "params": {"eta": 0.44976800249485005, "max_depth": 11.744936000447556, "n_estimators": 11.670202960088652}, "datetime": {"datetime": "2021-09-17 17:48:57", "elapsed": 586.337987, "delta": 1.904214}}
{"target": 0.862030623609204, "params": {"eta": 0.47178928565494305, "max_depth": 5.240100617795596, "n_estimators": 8.759446791447331}, "datetime": {"datetime": "2021-09-17 17:48:59", "elapsed": 588.263547, "delta": 1.92556}}
{"target": 0.8599398998440488, "params": {"eta": 0.44089448122215447, "max_depth": 8.734394926786038, "n_estimators": 11.233811191057825}, "datetime": {"datetime": "2021-09-17 17:49:04", "elapsed": 592.945437, "delta": 4.68189}}
{"target": 0.7957799758389543, "params": {"eta": 0.34021439220793454, "max_depth": 4.963255670789213, "n_estimators": 7.611267465673004}, "datetime": {"datetime": "2021-09-17 17:49:06", "elapsed": 594.839439, "delta": 1.894002}}
{"target": 0.8445711189609, "params": {"eta": 0.4229017431243403, "max_depth": 7.878757958470311, "n_estimators": 11.722435025010892}, "datetime": {"datetime": "2021-09-17 17:49:10", "elapsed": 598.79865, "delta": 3.959211}}
{"target": 0.8363430959351861, "params": {"eta": 0.40112624706019867, "max_depth": 6.170148878663086, "n_estimators": 11.01885895567498}, "datetime": {"datetime": "2021-09-17 17:49:12", "elapsed": 600.709136, "delta": 1.910486}}
