{"target": -2.338608643883153, "params": {"eta": 0.16718329483763747, "max_depth": 5.717572379612187, "n_estimators": 64.18703011317064}, "datetime": {"datetime": "2021-09-21 15:46:05", "elapsed": 432.420902, "delta": 2.63387}}
{"target": -2.4358613214994733, "params": {"eta": 0.3902305331994214, "max_depth": 5.148082834110035, "n_estimators": 49.99395890021826}, "datetime": {"datetime": "2021-09-21 15:46:07", "elapsed": 434.815066, "delta": 2.394164}}
{"target": -2.472964195828689, "params": {"eta": 0.3881484875923047, "max_depth": 5.09794148208493, "n_estimators": 50.078506139402236}, "datetime": {"datetime": "2021-09-21 15:46:11", "elapsed": 438.448245, "delta": 3.633179}}
{"target": -3.0788352828276784, "params": {"eta": 0.16547908791188293, "max_depth": 1.9068081030712272, "n_estimators": 54.42415829015562}, "datetime": {"datetime": "2021-09-21 15:46:12", "elapsed": 440.086568, "delta": 1.638323}}
{"target": -2.3586208682311205, "params": {"eta": 0.15402394403264383, "max_depth": 5.73719661827787, "n_estimators": 64.11572479273957}, "datetime": {"datetime": "2021-09-21 15:46:15", "elapsed": 442.557784, "delta": 2.471216}}
{"target": -2.5093257515053997, "params": {"eta": 0.259482704601723, "max_depth": 4.136385609529597, "n_estimators": 60.70188959859395}, "datetime": {"datetime": "2021-09-21 15:46:18", "elapsed": 445.922317, "delta": 3.364533}}
{"target": -2.4409131803010635, "params": {"eta": 0.25699672917612704, "max_depth": 5.260731114661899, "n_estimators": 64.34924315220249}, "datetime": {"datetime": "2021-09-21 15:46:20", "elapsed": 447.956306, "delta": 2.033989}}
{"target": -2.57640765026996, "params": {"eta": 0.20637170679067252, "max_depth": 5.9274141682826045, "n_estimators": 64.38871946912046}, "datetime": {"datetime": "2021-09-21 15:46:23", "elapsed": 450.599006, "delta": 2.6427}}
{"target": -2.4505101448611213, "params": {"eta": 0.3549665343019214, "max_depth": 3.746984476449673, "n_estimators": 56.69341571154125}, "datetime": {"datetime": "2021-09-21 15:46:25", "elapsed": 453.279424, "delta": 2.680418}}
{"target": -2.424509164534117, "params": {"eta": 0.2038261867586192, "max_depth": 5.750908536268886, "n_estimators": 64.29178519059957}, "datetime": {"datetime": "2021-09-21 15:46:29", "elapsed": 456.505607, "delta": 3.226183}}
{"target": -2.3681102821701447, "params": {"eta": 0.2167062140688361, "max_depth": 5.048989370396909, "n_estimators": 49.95311176795409}, "datetime": {"datetime": "2021-09-21 15:46:31", "elapsed": 458.493472, "delta": 1.987865}}
{"target": -2.572522627679925, "params": {"eta": 0.06428707583162516, "max_depth": 23.019393533213762, "n_estimators": 57.0288668274912}, "datetime": {"datetime": "2021-09-21 15:46:33", "elapsed": 461.123136, "delta": 2.629664}}
{"target": -2.349574789248015, "params": {"eta": 0.21460211527258494, "max_depth": 5.319530301183133, "n_estimators": 64.63430034130255}, "datetime": {"datetime": "2021-09-21 15:46:37", "elapsed": 464.364871, "delta": 3.241735}}
{"target": -2.659624919138457, "params": {"eta": 0.07855303598396822, "max_depth": 28.225020783551805, "n_estimators": 45.23553965165775}, "datetime": {"datetime": "2021-09-21 15:46:39", "elapsed": 466.62381, "delta": 2.258939}}
{"target": -2.5278049676041854, "params": {"eta": 0.06192755668810576, "max_depth": 5.765424181667826, "n_estimators": 64.17803507157114}, "datetime": {"datetime": "2021-09-21 15:46:43", "elapsed": 470.673261, "delta": 4.049451}}
{"target": -2.487697586260344, "params": {"eta": 0.33487921533805615, "max_depth": 5.004552985500637, "n_estimators": 49.95649862002048}, "datetime": {"datetime": "2021-09-21 15:46:45", "elapsed": 473.128818, "delta": 2.455557}}
{"target": -2.7182785253775745, "params": {"eta": 0.0503708599147925, "max_depth": 5.782112660900867, "n_estimators": 64.31772169317709}, "datetime": {"datetime": "2021-09-21 15:46:48", "elapsed": 476.223313, "delta": 3.094495}}
{"target": -2.531316605994576, "params": {"eta": 0.33682772650648896, "max_depth": 5.599586647587933, "n_estimators": 64.53127735062614}, "datetime": {"datetime": "2021-09-21 15:46:52", "elapsed": 480.294268, "delta": 4.070955}}
{"target": -2.327795820487173, "params": {"eta": 0.16053087974092195, "max_depth": 5.085970007106381, "n_estimators": 50.11878681999484}, "datetime": {"datetime": "2021-09-21 15:46:57", "elapsed": 484.371368, "delta": 4.0771}}
{"target": -2.545547730671732, "params": {"eta": 0.2306096141902823, "max_depth": 5.681876063992274, "n_estimators": 64.07871376858473}, "datetime": {"datetime": "2021-09-21 15:47:00", "elapsed": 487.990535, "delta": 3.619167}}
{"target": -2.4093524531314245, "params": {"eta": 0.15818370247939012, "max_depth": 5.449182645556933, "n_estimators": 64.49865629263975}, "datetime": {"datetime": "2021-09-21 15:47:04", "elapsed": 491.407587, "delta": 3.417052}}
{"target": -2.5047322963413436, "params": {"eta": 0.20558876636337375, "max_depth": 5.6713070012494216, "n_estimators": 64.22219945935393}, "datetime": {"datetime": "2021-09-21 15:47:06", "elapsed": 494.163668, "delta": 2.756081}}
{"target": -2.477605736883063, "params": {"eta": 0.22567159419796956, "max_depth": 4.911868629533412, "n_estimators": 49.97171634663866}, "datetime": {"datetime": "2021-09-21 15:47:10", "elapsed": 497.714065, "delta": 3.550397}}
{"target": -2.4703792383796292, "params": {"eta": 0.26065291188481443, "max_depth": 5.24121916274676, "n_estimators": 50.077794827519924}, "datetime": {"datetime": "2021-09-21 15:47:13", "elapsed": 500.967856, "delta": 3.253791}}
{"target": -2.5101881491510496, "params": {"eta": 0.23477635014599918, "max_depth": 4.011767615764632, "n_estimators": 56.764474590593245}, "datetime": {"datetime": "2021-09-21 15:47:18", "elapsed": 505.497018, "delta": 4.529162}}
{"target": -2.476589907470502, "params": {"eta": 0.22851314729097827, "max_depth": 5.383313829731749, "n_estimators": 64.61998930218844}, "datetime": {"datetime": "2021-09-21 15:47:24", "elapsed": 511.7953, "delta": 6.298282}}
{"target": -2.409775482353411, "params": {"eta": 0.3761356687710233, "max_depth": 3.7161979115141106, "n_estimators": 56.85419072015484}, "datetime": {"datetime": "2021-09-21 15:47:28", "elapsed": 515.855266, "delta": 4.059966}}
{"target": -3.13296935809286, "params": {"eta": 0.17319451122859436, "max_depth": 1.0474974261877597, "n_estimators": 45.47888891723251}, "datetime": {"datetime": "2021-09-21 15:47:30", "elapsed": 517.626444, "delta": 1.771178}}
{"target": -2.3744803083570383, "params": {"eta": 0.243076662182743, "max_depth": 5.117333771555538, "n_estimators": 49.98087633035693}, "datetime": {"datetime": "2021-09-21 15:47:34", "elapsed": 522.16058, "delta": 4.534136}}
{"target": -2.555239456892014, "params": {"eta": 0.22970006487301625, "max_depth": 5.228014128442798, "n_estimators": 64.72843806549437}, "datetime": {"datetime": "2021-09-21 15:47:38", "elapsed": 525.407589, "delta": 3.247009}}
{"target": -2.518743644262615, "params": {"eta": 0.09965001655587255, "max_depth": 4.988770096674458, "n_estimators": 50.17891437353072}, "datetime": {"datetime": "2021-09-21 15:47:41", "elapsed": 529.031604, "delta": 3.624015}}
{"target": -2.5337803696331225, "params": {"eta": 0.35973435187219693, "max_depth": 5.781214490615019, "n_estimators": 64.31006637820586}, "datetime": {"datetime": "2021-09-21 15:47:44", "elapsed": 532.208844, "delta": 3.17724}}
{"target": -2.490132553326456, "params": {"eta": 0.11022555016202246, "max_depth": 4.956149512345833, "n_estimators": 49.948740819668814}, "datetime": {"datetime": "2021-09-21 15:47:48", "elapsed": 535.709872, "delta": 3.501028}}
{"target": -2.464081851432198, "params": {"eta": 0.11329485829435808, "max_depth": 5.112638729488344, "n_estimators": 50.09721661949306}, "datetime": {"datetime": "2021-09-21 15:47:51", "elapsed": 538.814226, "delta": 3.104354}}
{"target": -2.3372918612078615, "params": {"eta": 0.17080814074994408, "max_depth": 5.286840294579928, "n_estimators": 64.42758021921968}, "datetime": {"datetime": "2021-09-21 15:47:54", "elapsed": 542.075202, "delta": 3.260976}}
{"target": -2.416771318410572, "params": {"eta": 0.17384897555056977, "max_depth": 4.970287803424609, "n_estimators": 50.02044436587927}, "datetime": {"datetime": "2021-09-21 15:47:58", "elapsed": 545.645235, "delta": 3.570033}}
{"target": -2.6503358439395304, "params": {"eta": 0.0950053892306344, "max_depth": 15.896464051632554, "n_estimators": 40.56290638862259}, "datetime": {"datetime": "2021-09-21 15:48:00", "elapsed": 548.029188, "delta": 2.383953}}
{"target": -2.418341495488819, "params": {"eta": 0.42950778640265613, "max_depth": 3.2666854676046757, "n_estimators": 52.51767893126218}, "datetime": {"datetime": "2021-09-21 15:48:03", "elapsed": 551.224243, "delta": 3.195055}}
{"target": -2.907164133222479, "params": {"eta": 0.49020353800647776, "max_depth": 12.951970830213162, "n_estimators": 60.97207750310466}, "datetime": {"datetime": "2021-09-21 15:48:06", "elapsed": 554.077057, "delta": 2.852814}}
{"target": -2.379512030199954, "params": {"eta": 0.12814507232109237, "max_depth": 5.461356566918017, "n_estimators": 64.42281502772494}, "datetime": {"datetime": "2021-09-21 15:48:09", "elapsed": 557.180157, "delta": 3.1031}}
{"target": -2.503674684072796, "params": {"eta": 0.27467434735177304, "max_depth": 17.290348616479346, "n_estimators": 45.59474232850132}, "datetime": {"datetime": "2021-09-21 15:48:12", "elapsed": 559.356776, "delta": 2.176619}}
{"target": -2.5384480557943645, "params": {"eta": 0.37337506043744506, "max_depth": 19.594203133844687, "n_estimators": 40.08498196172013}, "datetime": {"datetime": "2021-09-21 15:48:15", "elapsed": 562.709391, "delta": 3.352615}}
{"target": -2.9964365670555515, "params": {"eta": 0.2666228040726511, "max_depth": 1.0517690709981093, "n_estimators": 52.45278857743054}, "datetime": {"datetime": "2021-09-21 15:48:18", "elapsed": 565.528664, "delta": 2.819273}}
{"target": -2.438647185501299, "params": {"eta": 0.2350349083058803, "max_depth": 5.177896588146767, "n_estimators": 64.50337683715244}, "datetime": {"datetime": "2021-09-21 15:48:20", "elapsed": 568.237384, "delta": 2.70872}}
{"target": -2.4380387952453213, "params": {"eta": 0.22416404024040631, "max_depth": 5.055373942650818, "n_estimators": 50.040992470767016}, "datetime": {"datetime": "2021-09-21 15:48:25", "elapsed": 573.153242, "delta": 4.915858}}
{"target": -2.4511610093869662, "params": {"eta": 0.22491427618088317, "max_depth": 5.029405111176206, "n_estimators": 50.17053963625805}, "datetime": {"datetime": "2021-09-21 15:48:29", "elapsed": 576.612053, "delta": 3.458811}}
{"target": -2.397374071572956, "params": {"eta": 0.1529596211152598, "max_depth": 5.823362207747942, "n_estimators": 64.12426633947395}, "datetime": {"datetime": "2021-09-21 15:48:34", "elapsed": 581.764063, "delta": 5.15201}}
{"target": -2.429221473869524, "params": {"eta": 0.16195980580756275, "max_depth": 4.102284062600844, "n_estimators": 56.70461814221821}, "datetime": {"datetime": "2021-09-21 15:48:38", "elapsed": 585.711451, "delta": 3.947388}}
{"target": -2.336575019987006, "params": {"eta": 0.18630452314316043, "max_depth": 5.1980008344598625, "n_estimators": 64.59684958003695}, "datetime": {"datetime": "2021-09-21 15:48:42", "elapsed": 590.066683, "delta": 4.355232}}
{"target": -2.4780293847385204, "params": {"eta": 0.13112914515753576, "max_depth": 22.691349813632698, "n_estimators": 51.43210596066452}, "datetime": {"datetime": "2021-09-21 15:48:46", "elapsed": 593.505235, "delta": 3.438552}}
{"target": -2.5196398948368275, "params": {"eta": 0.1995212609008878, "max_depth": 24.46509548701922, "n_estimators": 49.0867248402983}, "datetime": {"datetime": "2021-09-21 15:48:50", "elapsed": 598.288879, "delta": 4.783644}}
{"target": -2.4158110649962174, "params": {"eta": 0.2798751239703236, "max_depth": 5.902647101361492, "n_estimators": 64.13921208303843}, "datetime": {"datetime": "2021-09-21 15:48:54", "elapsed": 601.932125, "delta": 3.643246}}
{"target": -2.4570463117800263, "params": {"eta": 0.1428509078745665, "max_depth": 5.222668917607838, "n_estimators": 64.34390472831916}, "datetime": {"datetime": "2021-09-21 15:48:58", "elapsed": 605.850644, "delta": 3.918519}}
{"target": -2.5142346865252443, "params": {"eta": 0.1323999693964703, "max_depth": 27.257244496518386, "n_estimators": 43.33773432113574}, "datetime": {"datetime": "2021-09-21 15:49:02", "elapsed": 609.763136, "delta": 3.912492}}
{"target": -2.589791457276595, "params": {"eta": 0.3047298210762296, "max_depth": 4.346599996181581, "n_estimators": 42.85608354678931}, "datetime": {"datetime": "2021-09-21 15:49:04", "elapsed": 611.614017, "delta": 1.850881}}
{"target": -2.358347341261412, "params": {"eta": 0.21669817971082933, "max_depth": 5.091833795321248, "n_estimators": 64.58186319645145}, "datetime": {"datetime": "2021-09-21 15:49:07", "elapsed": 614.993004, "delta": 3.378987}}
{"target": -2.5202872577466464, "params": {"eta": 0.11389705038444561, "max_depth": 12.781890397595925, "n_estimators": 49.26655524155797}, "datetime": {"datetime": "2021-09-21 15:49:09", "elapsed": 617.325555, "delta": 2.332551}}
{"target": -2.3918827470980193, "params": {"eta": 0.19118441462856844, "max_depth": 4.084999006925537, "n_estimators": 60.68185721808055}, "datetime": {"datetime": "2021-09-21 15:49:15", "elapsed": 623.268827, "delta": 5.943272}}
{"target": -2.3341612270003873, "params": {"eta": 0.27131743445272655, "max_depth": 5.236501246859295, "n_estimators": 44.727055578181485}, "datetime": {"datetime": "2021-09-21 15:49:18", "elapsed": 625.604911, "delta": 2.336084}}
{"target": -2.389339631482174, "params": {"eta": 0.18946653249752926, "max_depth": 5.630799281043912, "n_estimators": 64.35935602671555}, "datetime": {"datetime": "2021-09-21 15:49:23", "elapsed": 631.24466, "delta": 5.639749}}
{"target": -2.535671043395996, "params": {"eta": 0.0991562277183009, "max_depth": 12.89126659079243, "n_estimators": 49.29283668652948}, "datetime": {"datetime": "2021-09-21 15:49:30", "elapsed": 637.392052, "delta": 6.147392}}
{"target": -2.492969714340411, "params": {"eta": 0.22479184050811074, "max_depth": 5.35710039111018, "n_estimators": 64.4217466832754}, "datetime": {"datetime": "2021-09-21 15:49:36", "elapsed": 643.491655, "delta": 6.099603}}
{"target": -2.537367253554495, "params": {"eta": 0.1346388696526437, "max_depth": 23.071349308135687, "n_estimators": 60.9891062320184}, "datetime": {"datetime": "2021-09-21 15:49:41", "elapsed": 649.087384, "delta": 5.595729}}
{"target": -2.416865861415863, "params": {"eta": 0.16380297704073987, "max_depth": 5.923159334128445, "n_estimators": 64.21091585223702}, "datetime": {"datetime": "2021-09-21 15:49:48", "elapsed": 655.472393, "delta": 6.385009}}
{"target": -2.3931080065275494, "params": {"eta": 0.12484467005622482, "max_depth": 5.076713074340805, "n_estimators": 64.53909203783681}, "datetime": {"datetime": "2021-09-21 15:49:55", "elapsed": 662.588223, "delta": 7.11583}}
{"target": -2.5371001444364847, "params": {"eta": 0.38345041685214787, "max_depth": 20.654071106656097, "n_estimators": 48.85937785554072}, "datetime": {"datetime": "2021-09-21 15:50:00", "elapsed": 667.694361, "delta": 5.106138}}
{"target": -2.541286707551856, "params": {"eta": 0.34714289533669723, "max_depth": 5.847115885452912, "n_estimators": 64.12790582235196}, "datetime": {"datetime": "2021-09-21 15:50:06", "elapsed": 673.393939, "delta": 5.699578}}
{"target": -2.597332283070213, "params": {"eta": 0.07013423503481117, "max_depth": 4.1658760322979, "n_estimators": 57.077395937199235}, "datetime": {"datetime": "2021-09-21 15:50:11", "elapsed": 678.449383, "delta": 5.055444}}
{"target": -2.4869468839545, "params": {"eta": 0.31244200124016375, "max_depth": 5.55040658978477, "n_estimators": 64.27877239964579}, "datetime": {"datetime": "2021-09-21 15:50:16", "elapsed": 684.105255, "delta": 5.655872}}
{"target": -2.568192077310462, "params": {"eta": 0.34768347347657763, "max_depth": 21.079684817339896, "n_estimators": 50.44988297347582}, "datetime": {"datetime": "2021-09-21 15:50:23", "elapsed": 690.56587, "delta": 6.460615}}
{"target": -2.419803952543359, "params": {"eta": 0.1582814993798137, "max_depth": 5.514336847242669, "n_estimators": 64.37442139189318}, "datetime": {"datetime": "2021-09-21 15:50:29", "elapsed": 696.412538, "delta": 5.846668}}
{"target": -2.382238322810123, "params": {"eta": 0.13243027410044256, "max_depth": 5.630920245212553, "n_estimators": 64.4352454463311}, "datetime": {"datetime": "2021-09-21 15:50:35", "elapsed": 702.895243, "delta": 6.482705}}
{"target": -2.5602229181088902, "params": {"eta": 0.11714533450757288, "max_depth": 22.954519235212263, "n_estimators": 48.22175580108899}, "datetime": {"datetime": "2021-09-21 15:50:41", "elapsed": 708.676593, "delta": 5.78135}}
{"target": -2.394741441701588, "params": {"eta": 0.1785268439543739, "max_depth": 5.226280692018564, "n_estimators": 64.48841621644476}, "datetime": {"datetime": "2021-09-21 15:50:46", "elapsed": 714.089794, "delta": 5.413201}}
{"target": -2.424070513875861, "params": {"eta": 0.2346200713601082, "max_depth": 5.294917675036024, "n_estimators": 44.68768185884212}, "datetime": {"datetime": "2021-09-21 15:50:55", "elapsed": 722.692786, "delta": 8.602992}}
{"target": -2.33083507763712, "params": {"eta": 0.29920613514104305, "max_depth": 5.2452602563803685, "n_estimators": 44.66678681728342}, "datetime": {"datetime": "2021-09-21 15:51:02", "elapsed": 730.13278, "delta": 7.439994}}
{"target": -2.5873111900530366, "params": {"eta": 0.48041803406943445, "max_depth": 16.401762727554626, "n_estimators": 42.91681192825397}, "datetime": {"datetime": "2021-09-21 15:51:07", "elapsed": 734.574992, "delta": 4.442212}}
{"target": -2.649395445146059, "params": {"eta": 0.2976686581097251, "max_depth": 11.117123736967201, "n_estimators": 56.27814578201607}, "datetime": {"datetime": "2021-09-21 15:51:12", "elapsed": 739.427303, "delta": 4.852311}}
{"target": -2.3729995551862215, "params": {"eta": 0.21558847602331493, "max_depth": 5.872974318299722, "n_estimators": 64.08083394867862}, "datetime": {"datetime": "2021-09-21 15:51:17", "elapsed": 744.674765, "delta": 5.247462}}
{"target": -2.6575972544519524, "params": {"eta": 0.2956825315559255, "max_depth": 19.910508702565785, "n_estimators": 61.76937643112555}, "datetime": {"datetime": "2021-09-21 15:51:26", "elapsed": 754.145916, "delta": 9.471151}}
{"target": -2.3759718154606064, "params": {"eta": 0.19295371885129403, "max_depth": 5.399411963251936, "n_estimators": 64.19502980958791}, "datetime": {"datetime": "2021-09-21 15:51:34", "elapsed": 761.756427, "delta": 7.610511}}
{"target": -2.3427627632492465, "params": {"eta": 0.26625540153809996, "max_depth": 5.1625282668892485, "n_estimators": 50.00079278132019}, "datetime": {"datetime": "2021-09-21 15:51:42", "elapsed": 770.13713, "delta": 8.380703}}
{"target": -2.4296188473701474, "params": {"eta": 0.25352558893663035, "max_depth": 5.409379427634979, "n_estimators": 64.098002085611}, "datetime": {"datetime": "2021-09-21 15:51:48", "elapsed": 775.547772, "delta": 5.410642}}
{"target": -2.608908738588032, "params": {"eta": 0.3443700912986896, "max_depth": 5.1556645880556005, "n_estimators": 44.60042626225134}, "datetime": {"datetime": "2021-09-21 15:51:52", "elapsed": 780.156966, "delta": 4.609194}}
{"target": -2.626524073826639, "params": {"eta": 0.48608110507126007, "max_depth": 10.185116871185524, "n_estimators": 50.51079543731551}, "datetime": {"datetime": "2021-09-21 15:52:01", "elapsed": 788.564742, "delta": 8.407776}}
{"target": -2.3784442876514635, "params": {"eta": 0.1837924117458265, "max_depth": 5.251601164016504, "n_estimators": 64.62204404852109}, "datetime": {"datetime": "2021-09-21 15:52:07", "elapsed": 794.839046, "delta": 6.274304}}
{"target": -2.4479026543466667, "params": {"eta": 0.279529610998925, "max_depth": 5.922408873072162, "n_estimators": 64.06378799718158}, "datetime": {"datetime": "2021-09-21 15:52:13", "elapsed": 801.225531, "delta": 6.386485}}
{"target": -2.5796447465294285, "params": {"eta": 0.16845305476256023, "max_depth": 25.763009342582237, "n_estimators": 52.253918404674266}, "datetime": {"datetime": "2021-09-21 15:52:21", "elapsed": 809.038634, "delta": 7.813103}}
{"target": -2.5108653739879006, "params": {"eta": 0.31634354522984165, "max_depth": 5.311049865516702, "n_estimators": 44.770224976137065}, "datetime": {"datetime": "2021-09-21 15:52:27", "elapsed": 814.922951, "delta": 5.884317}}
{"target": -2.3736797301392807, "params": {"eta": 0.17547644094762915, "max_depth": 7.252306734736032, "n_estimators": 53.119024394821764}, "datetime": {"datetime": "2021-09-21 15:52:31", "elapsed": 818.453239, "delta": 3.530288}}
{"target": -2.6697462552472166, "params": {"eta": 0.31908572213230346, "max_depth": 2.2764892245726345, "n_estimators": 61.722723837103516}, "datetime": {"datetime": "2021-09-21 15:52:33", "elapsed": 821.273715, "delta": 2.820476}}
{"target": -2.455989248501627, "params": {"eta": 0.239955196613175, "max_depth": 5.438771121431961, "n_estimators": 64.1767135511879}, "datetime": {"datetime": "2021-09-21 15:52:42", "elapsed": 829.84156, "delta": 8.567845}}
{"target": -2.3908169307206806, "params": {"eta": 0.13501639901624565, "max_depth": 5.277679332912302, "n_estimators": 64.55849420264941}, "datetime": {"datetime": "2021-09-21 15:52:48", "elapsed": 835.855799, "delta": 6.014239}}
{"target": -2.3137350000833212, "params": {"eta": 0.1307486442160934, "max_depth": 5.13342636660359, "n_estimators": 64.52266140103977}, "datetime": {"datetime": "2021-09-21 15:52:56", "elapsed": 843.581144, "delta": 7.725345}}
{"target": -2.506991346258866, "params": {"eta": 0.1814028655307473, "max_depth": 3.6864913428859265, "n_estimators": 48.021547849181644}, "datetime": {"datetime": "2021-09-21 15:52:59", "elapsed": 846.509252, "delta": 2.928108}}
{"target": -2.400269172066136, "params": {"eta": 0.32166036038606366, "max_depth": 5.302831048924046, "n_estimators": 44.58923454911007}, "datetime": {"datetime": "2021-09-21 15:53:04", "elapsed": 852.195319, "delta": 5.686067}}
