{"target": 0.8374112005647121, "params": {"eta": 0.3636176944919118, "max_depth": 5.386084774884139, "n_estimators": 9.973869580985221}, "datetime": {"datetime": "2021-09-17 16:07:21", "elapsed": 1242.153343, "delta": 4.087673}}
{"target": 0.7783079224636462, "params": {"eta": 0.41240725358943775, "max_depth": 4.6311375971741535, "n_estimators": 5.31098825142994}, "datetime": {"datetime": "2021-09-17 16:07:26", "elapsed": 1247.561076, "delta": 5.407733}}
{"target": 0.7877184861019763, "params": {"eta": 0.6342965115480867, "max_depth": 4.402549403841244, "n_estimators": 5.165559633493393}, "datetime": {"datetime": "2021-09-17 16:07:35", "elapsed": 1256.21345, "delta": 8.652374}}
{"target": 0.7618038974613399, "params": {"eta": 0.7602487903459579, "max_depth": 6.50956065896738, "n_estimators": 4.216774542407796}, "datetime": {"datetime": "2021-09-17 16:07:39", "elapsed": 1260.262881, "delta": 4.049431}}
{"target": 0.7231076665944188, "params": {"eta": 0.9979783018445071, "max_depth": 5.627294796187147, "n_estimators": 7.2106675715786395}, "datetime": {"datetime": "2021-09-17 16:07:46", "elapsed": 1267.011926, "delta": 6.749045}}
{"target": 0.7259309705966397, "params": {"eta": 1.0, "max_depth": 6.23022648746731, "n_estimators": 7.122491594920291}, "datetime": {"datetime": "2021-09-17 16:07:53", "elapsed": 1274.437653, "delta": 7.425727}}
{"target": 0.770503736505014, "params": {"eta": 1.0, "max_depth": 3.111321119015662, "n_estimators": 7.562227551650533}, "datetime": {"datetime": "2021-09-17 16:07:59", "elapsed": 1280.318903, "delta": 5.88125}}
{"target": 0.8588925771631547, "params": {"eta": 0.4598269796370971, "max_depth": 9.109799688397672, "n_estimators": 9.594246528304616}, "datetime": {"datetime": "2021-09-17 16:08:04", "elapsed": 1285.446827, "delta": 5.127924}}
{"target": 0.7078502327821943, "params": {"eta": 1.0, "max_depth": 2.9256108441506132, "n_estimators": 6.167156396642543}, "datetime": {"datetime": "2021-09-17 16:08:10", "elapsed": 1290.965995, "delta": 5.519168}}
{"target": 0.6960125114237581, "params": {"eta": 1.0, "max_depth": 1.1819018244414918, "n_estimators": 9.090259262422185}, "datetime": {"datetime": "2021-09-17 16:08:14", "elapsed": 1294.772466, "delta": 3.806471}}
{"target": 0.7304476078439679, "params": {"eta": 1.0, "max_depth": 5.109214190999697, "n_estimators": 5.642765468882932}, "datetime": {"datetime": "2021-09-17 16:08:19", "elapsed": 1300.321956, "delta": 5.54949}}
{"target": 0.7807930558184057, "params": {"eta": 0.9979444144786191, "max_depth": 3.777890359305772, "n_estimators": 7.809280663216269}, "datetime": {"datetime": "2021-09-17 16:08:25", "elapsed": 1306.547881, "delta": 6.225925}}
{"target": 0.7764866137897541, "params": {"eta": 0.7257081950532573, "max_depth": 6.956231424228536, "n_estimators": 4.444191620615834}, "datetime": {"datetime": "2021-09-17 16:08:31", "elapsed": 1311.752339, "delta": 5.204458}}
{"target": 0.7745448775663865, "params": {"eta": 0.6453520440021259, "max_depth": 9.668723564494593, "n_estimators": 9.171207302022008}, "datetime": {"datetime": "2021-09-17 16:08:39", "elapsed": 1319.781537, "delta": 8.029198}}
{"target": 0.7852126951699785, "params": {"eta": 1.0, "max_depth": 4.10386216180405, "n_estimators": 8.10859310618679}, "datetime": {"datetime": "2021-09-17 16:08:45", "elapsed": 1325.687373, "delta": 5.905836}}
{"target": 0.7700865011763416, "params": {"eta": 0.7054393379383072, "max_depth": 7.407144962935083, "n_estimators": 4.627004803103278}, "datetime": {"datetime": "2021-09-17 16:08:49", "elapsed": 1329.668075, "delta": 3.980702}}
{"target": 0.8081942597896322, "params": {"eta": 0.5760314237031969, "max_depth": 5.038210656771605, "n_estimators": 7.882163575896635}, "datetime": {"datetime": "2021-09-17 16:08:56", "elapsed": 1337.100099, "delta": 7.432024}}
{"target": 0.7268401615315001, "params": {"eta": 0.7795470491147308, "max_depth": 1.99004780569863, "n_estimators": 7.590065439646671}, "datetime": {"datetime": "2021-09-17 16:09:00", "elapsed": 1341.091797, "delta": 3.991698}}
{"target": 0.663392669054834, "params": {"eta": 0.3381302920521315, "max_depth": 1.6795872651593757, "n_estimators": 7.695230327329181}, "datetime": {"datetime": "2021-09-17 16:09:06", "elapsed": 1347.034438, "delta": 5.942641}}
{"target": 0.8437959950497778, "params": {"eta": 0.47424871184507106, "max_depth": 7.3142396210092855, "n_estimators": 8.621641527001714}, "datetime": {"datetime": "2021-09-17 16:09:11", "elapsed": 1351.826026, "delta": 4.791588}}
{"target": 0.8181762680085424, "params": {"eta": 0.6008719886971995, "max_depth": 5.181879076253237, "n_estimators": 9.590237709486807}, "datetime": {"datetime": "2021-09-17 16:09:16", "elapsed": 1356.88352, "delta": 5.057494}}
{"target": 0.7426877507395603, "params": {"eta": 0.996973445668369, "max_depth": 2.07075129624838, "n_estimators": 8.262783332537692}, "datetime": {"datetime": "2021-09-17 16:09:25", "elapsed": 1365.909577, "delta": 9.026057}}
{"target": 0.7841175834350208, "params": {"eta": 0.6403384867574149, "max_depth": 8.618288134555403, "n_estimators": 8.175756452801043}, "datetime": {"datetime": "2021-09-17 16:09:30", "elapsed": 1371.151, "delta": 5.241423}}
{"target": 0.7330822833649104, "params": {"eta": 0.6276002437989062, "max_depth": 2.7597324700917305, "n_estimators": 6.599500997981633}, "datetime": {"datetime": "2021-09-17 16:09:37", "elapsed": 1377.889636, "delta": 6.738636}}
{"target": 0.7509311218834237, "params": {"eta": 0.7695276527355368, "max_depth": 7.207378211770574, "n_estimators": 8.072835425307138}, "datetime": {"datetime": "2021-09-17 16:09:42", "elapsed": 1382.736778, "delta": 4.847142}}
{"target": 0.752808702647833, "params": {"eta": 0.7689794364819029, "max_depth": 7.383203070914009, "n_estimators": 7.591480614701895}, "datetime": {"datetime": "2021-09-17 16:09:46", "elapsed": 1387.108588, "delta": 4.37181}}
{"target": 0.6316082153877114, "params": {"eta": 0.3134493028013839, "max_depth": 1.0, "n_estimators": 7.71390394170689}, "datetime": {"datetime": "2021-09-17 16:09:50", "elapsed": 1391.524043, "delta": 4.415455}}
{"target": 0.6944734285904038, "params": {"eta": 1.0, "max_depth": 9.081244276680778, "n_estimators": 7.249819077734682}, "datetime": {"datetime": "2021-09-17 16:09:54", "elapsed": 1395.278126, "delta": 3.754083}}
{"target": 0.7897952634905021, "params": {"eta": 0.5724509192186839, "max_depth": 4.905528855145479, "n_estimators": 7.345183268233338}, "datetime": {"datetime": "2021-09-17 16:10:01", "elapsed": 1402.47326, "delta": 7.195134}}
{"target": 0.82283660243804, "params": {"eta": 0.43438079895669723, "max_depth": 5.009534852092204, "n_estimators": 6.734992522281392}, "datetime": {"datetime": "2021-09-17 16:10:08", "elapsed": 1409.487756, "delta": 7.014496}}
{"target": 0.7920669649615264, "params": {"eta": 0.33021211644423204, "max_depth": 5.0636674387808664, "n_estimators": 7.5927023051010805}, "datetime": {"datetime": "2021-09-17 16:10:15", "elapsed": 1416.296701, "delta": 6.808945}}
{"target": 0.6938096368615483, "params": {"eta": 1.0, "max_depth": 9.292952901673088, "n_estimators": 5.734316002331338}, "datetime": {"datetime": "2021-09-17 16:10:21", "elapsed": 1422.431881, "delta": 6.13518}}
{"target": 0.7908124593713728, "params": {"eta": 0.5435388493128074, "max_depth": 4.9951094701478524, "n_estimators": 6.924929464918911}, "datetime": {"datetime": "2021-09-17 16:10:30", "elapsed": 1430.833021, "delta": 8.40114}}
{"target": 0.6938096368615483, "params": {"eta": 1.0, "max_depth": 9.139326466008677, "n_estimators": 5.042246390301472}, "datetime": {"datetime": "2021-09-17 16:10:36", "elapsed": 1436.998509, "delta": 6.165488}}
{"target": 0.7310490090396373, "params": {"eta": 1.0, "max_depth": 3.177026118727134, "n_estimators": 4.7927324054980485}, "datetime": {"datetime": "2021-09-17 16:10:42", "elapsed": 1442.794554, "delta": 5.796045}}
{"target": 0.724284576974129, "params": {"eta": 1.0, "max_depth": 5.859012861528213, "n_estimators": 6.5669221794021135}, "datetime": {"datetime": "2021-09-17 16:10:46", "elapsed": 1447.312076, "delta": 4.517522}}
{"target": 0.7176950954958785, "params": {"eta": 1.0, "max_depth": 5.805270689856823, "n_estimators": 2.8061649665458037}, "datetime": {"datetime": "2021-09-17 16:10:52", "elapsed": 1453.111878, "delta": 5.799802}}
{"target": 0.7978855748575402, "params": {"eta": 0.6839668850152688, "max_depth": 5.424253327642356, "n_estimators": 8.013890331409772}, "datetime": {"datetime": "2021-09-17 16:11:00", "elapsed": 1460.772262, "delta": 7.660384}}
{"target": 0.8264520178294352, "params": {"eta": 0.31547693711558933, "max_depth": 9.084867175623778, "n_estimators": 9.04524482375498}, "datetime": {"datetime": "2021-09-17 16:11:06", "elapsed": 1466.930292, "delta": 6.15803}}
{"target": 0.724284576974129, "params": {"eta": 1.0, "max_depth": 5.19681805736452, "n_estimators": 6.99923384718397}, "datetime": {"datetime": "2021-09-17 16:11:12", "elapsed": 1473.237537, "delta": 6.307245}}
{"target": 0.7385775171630314, "params": {"eta": 1.0, "max_depth": 4.608935739314804, "n_estimators": 3.3502179239589536}, "datetime": {"datetime": "2021-09-17 16:11:16", "elapsed": 1477.512174, "delta": 4.274637}}
{"target": 0.8437883249251672, "params": {"eta": 0.38930720287793646, "max_depth": 8.810457404855423, "n_estimators": 8.339770167931265}, "datetime": {"datetime": "2021-09-17 16:11:22", "elapsed": 1482.782014, "delta": 5.26984}}
{"target": 0.6988802365254154, "params": {"eta": 1.0, "max_depth": 2.5002462734200557, "n_estimators": 3.167903647596569}, "datetime": {"datetime": "2021-09-17 16:11:30", "elapsed": 1490.677008, "delta": 7.894994}}
{"target": 0.4522557239459628, "params": {"eta": 1.0, "max_depth": 1.0, "n_estimators": 1.424780894590931}, "datetime": {"datetime": "2021-09-17 16:11:34", "elapsed": 1495.538266, "delta": 4.861258}}
{"target": 0.6960125114237581, "params": {"eta": 1.0, "max_depth": 1.8498112755963618, "n_estimators": 9.693626393674187}, "datetime": {"datetime": "2021-09-17 16:11:41", "elapsed": 1501.752494, "delta": 6.214228}}
{"target": 0.7718551859126739, "params": {"eta": 1.0, "max_depth": 4.628546846200212, "n_estimators": 7.515328019167839}, "datetime": {"datetime": "2021-09-17 16:11:49", "elapsed": 1509.923918, "delta": 8.171424}}
{"target": 0.843678498763915, "params": {"eta": 0.45446856472532876, "max_depth": 5.340427486443963, "n_estimators": 9.04208299701457}, "datetime": {"datetime": "2021-09-17 16:11:54", "elapsed": 1515.472945, "delta": 5.549027}}
{"target": 0.6959960001704653, "params": {"eta": 1.0, "max_depth": 9.246839665038921, "n_estimators": 8.57156319836479}, "datetime": {"datetime": "2021-09-17 16:11:59", "elapsed": 1520.230636, "delta": 4.757691}}
{"target": 0.7957173200834599, "params": {"eta": 0.656927245517518, "max_depth": 5.89366268565059, "n_estimators": 8.557577949876041}, "datetime": {"datetime": "2021-09-17 16:12:06", "elapsed": 1526.796924, "delta": 6.566288}}
{"target": 0.7648631814250028, "params": {"eta": 0.7444144343052825, "max_depth": 4.726984764532772, "n_estimators": 7.786320453371627}, "datetime": {"datetime": "2021-09-17 16:12:10", "elapsed": 1531.493485, "delta": 4.696561}}
{"target": 0.7327548672783706, "params": {"eta": 0.6695159350174759, "max_depth": 1.000057502951973, "n_estimators": 7.473463040363292}, "datetime": {"datetime": "2021-09-17 16:12:20", "elapsed": 1541.531951, "delta": 10.038466}}
{"target": 0.8341614007904825, "params": {"eta": 0.4435341969409274, "max_depth": 5.5699723045289105, "n_estimators": 8.888305396150292}, "datetime": {"datetime": "2021-09-17 16:12:25", "elapsed": 1546.108959, "delta": 4.577008}}
{"target": 0.7752212781476896, "params": {"eta": 1.0, "max_depth": 4.750706996864502, "n_estimators": 6.281271638509561}, "datetime": {"datetime": "2021-09-17 16:12:33", "elapsed": 1554.275376, "delta": 8.166417}}
{"target": 0.7465673759331448, "params": {"eta": 1.0, "max_depth": 3.5347393223849384, "n_estimators": 5.3238481907217805}, "datetime": {"datetime": "2021-09-17 16:12:38", "elapsed": 1558.674197, "delta": 4.398821}}
{"target": 0.7465673759331448, "params": {"eta": 1.0, "max_depth": 3.3444948687776432, "n_estimators": 5.784881105401148}, "datetime": {"datetime": "2021-09-17 16:12:46", "elapsed": 1566.886559, "delta": 8.212362}}
{"target": 0.8058700018332137, "params": {"eta": 0.5838040034455061, "max_depth": 5.4264032963959705, "n_estimators": 8.267349895679386}, "datetime": {"datetime": "2021-09-17 16:12:53", "elapsed": 1574.032366, "delta": 7.145807}}
{"target": 0.8108806413509063, "params": {"eta": 0.5424232998462315, "max_depth": 6.114429497858206, "n_estimators": 8.24019383528178}, "datetime": {"datetime": "2021-09-17 16:12:57", "elapsed": 1578.498284, "delta": 4.465918}}
{"target": 0.7718128301094367, "params": {"eta": 0.6693214624289506, "max_depth": 6.092396425144682, "n_estimators": 8.332556713912968}, "datetime": {"datetime": "2021-09-17 16:13:05", "elapsed": 1586.489718, "delta": 7.991434}}
{"target": 0.780003111812962, "params": {"eta": 0.7161478629606485, "max_depth": 6.240193342966696, "n_estimators": 8.020478441246818}, "datetime": {"datetime": "2021-09-17 16:13:18", "elapsed": 1598.650547, "delta": 12.160829}}
{"target": 0.8315845795303402, "params": {"eta": 0.5247170636898716, "max_depth": 5.716915812495327, "n_estimators": 7.997629927230994}, "datetime": {"datetime": "2021-09-17 16:13:25", "elapsed": 1605.991082, "delta": 7.340535}}
{"target": 0.7756683734647832, "params": {"eta": 0.7061256435554116, "max_depth": 5.770490312041655, "n_estimators": 5.144809113600826}, "datetime": {"datetime": "2021-09-17 16:13:33", "elapsed": 1614.56542, "delta": 8.574338}}
{"target": 0.7577356069050383, "params": {"eta": 0.7712973021641351, "max_depth": 7.032807743804646, "n_estimators": 7.484671935888757}, "datetime": {"datetime": "2021-09-17 16:13:40", "elapsed": 1620.813119, "delta": 6.247699}}
{"target": 0.7561017121691305, "params": {"eta": 0.835255849610152, "max_depth": 6.605699482073137, "n_estimators": 7.831624091600137}, "datetime": {"datetime": "2021-09-17 16:13:46", "elapsed": 1627.152507, "delta": 6.339388}}
{"target": 0.7634362518630164, "params": {"eta": 0.7597938194027924, "max_depth": 5.690515637561182, "n_estimators": 7.851909955575918}, "datetime": {"datetime": "2021-09-17 16:13:53", "elapsed": 1633.786007, "delta": 6.6335}}
{"target": 0.8214833794784976, "params": {"eta": 0.5631808212899234, "max_depth": 8.91924658919929, "n_estimators": 9.621764953834887}, "datetime": {"datetime": "2021-09-17 16:13:59", "elapsed": 1640.27458, "delta": 6.488573}}
{"target": 0.8211367209775581, "params": {"eta": 0.49947933487630447, "max_depth": 6.109764564102937, "n_estimators": 8.944011822195984}, "datetime": {"datetime": "2021-09-17 16:14:04", "elapsed": 1644.60285, "delta": 4.32827}}
{"target": 0.7304827386229755, "params": {"eta": 0.8028424238052415, "max_depth": 7.53461993072496, "n_estimators": 4.8656590509052124}, "datetime": {"datetime": "2021-09-17 16:14:08", "elapsed": 1648.913301, "delta": 4.310451}}
{"target": 0.7544958288357534, "params": {"eta": 0.45085967622943723, "max_depth": 7.066960376944315, "n_estimators": 4.56573056120094}, "datetime": {"datetime": "2021-09-17 16:14:15", "elapsed": 1655.615655, "delta": 6.702354}}
{"target": 0.7671513415664689, "params": {"eta": 0.5766595685854446, "max_depth": 7.180942924308254, "n_estimators": 4.827544336520356}, "datetime": {"datetime": "2021-09-17 16:14:26", "elapsed": 1666.787177, "delta": 11.171522}}
{"target": 0.6964103147298177, "params": {"eta": 1.0, "max_depth": 9.519637509947598, "n_estimators": 9.460665007771745}, "datetime": {"datetime": "2021-09-17 16:14:33", "elapsed": 1674.342453, "delta": 7.555276}}
{"target": 0.6501747830093738, "params": {"eta": 1.0, "max_depth": 7.8879420293609614, "n_estimators": 1.9692252439652727}, "datetime": {"datetime": "2021-09-17 16:14:43", "elapsed": 1683.6997, "delta": 9.357247}}
{"target": 0.7308820793109357, "params": {"eta": 0.9957270329966348, "max_depth": 5.196361267363634, "n_estimators": 5.007250839420967}, "datetime": {"datetime": "2021-09-17 16:14:48", "elapsed": 1688.873084, "delta": 5.173384}}
{"target": 0.7080701676820882, "params": {"eta": 1.0, "max_depth": 6.81452605352723, "n_estimators": 3.2727758538015244}, "datetime": {"datetime": "2021-09-17 16:14:57", "elapsed": 1697.801933, "delta": 8.928849}}
{"target": 0.6964103147298177, "params": {"eta": 1.0, "max_depth": 9.026387852780246, "n_estimators": 9.753256967059434}, "datetime": {"datetime": "2021-09-17 16:15:04", "elapsed": 1704.609102, "delta": 6.807169}}
{"target": 0.735816060010636, "params": {"eta": 1.0, "max_depth": 6.985658094367074, "n_estimators": 5.305083440549931}, "datetime": {"datetime": "2021-09-17 16:15:08", "elapsed": 1709.569307, "delta": 4.960205}}
{"target": 0.7242497802063959, "params": {"eta": 1.0, "max_depth": 6.0061186489284015, "n_estimators": 8.832963160756373}, "datetime": {"datetime": "2021-09-17 16:15:15", "elapsed": 1715.82928, "delta": 6.259973}}
{"target": 0.7006327528824059, "params": {"eta": 1.0, "max_depth": 3.263918222540739, "n_estimators": 2.206695262511456}, "datetime": {"datetime": "2021-09-17 16:15:20", "elapsed": 1720.577891, "delta": 4.748611}}
{"target": 0.785074298913895, "params": {"eta": 0.7226834179518428, "max_depth": 2.329223789747591, "n_estimators": 8.16188048942221}, "datetime": {"datetime": "2021-09-17 16:15:26", "elapsed": 1727.325859, "delta": 6.747968}}
{"target": 0.7278229357211876, "params": {"eta": 0.6662773406641168, "max_depth": 1.849435467426159, "n_estimators": 8.298378319436967}, "datetime": {"datetime": "2021-09-17 16:15:34", "elapsed": 1735.476046, "delta": 8.150187}}
{"target": 0.7655701961146203, "params": {"eta": 0.7828174596953785, "max_depth": 2.3679318850668465, "n_estimators": 8.535929856531867}, "datetime": {"datetime": "2021-09-17 16:15:43", "elapsed": 1744.254114, "delta": 8.778068}}
{"target": 0.7834257198315606, "params": {"eta": 0.7130317930795287, "max_depth": 2.66931349014218, "n_estimators": 8.075285173150728}, "datetime": {"datetime": "2021-09-17 16:15:50", "elapsed": 1750.76259, "delta": 6.508476}}
{"target": 0.7572759363141548, "params": {"eta": 0.7514000078120302, "max_depth": 2.6211004856335323, "n_estimators": 7.75055798436552}, "datetime": {"datetime": "2021-09-17 16:15:56", "elapsed": 1757.552439, "delta": 6.789849}}
{"target": 0.6833749566016132, "params": {"eta": 1.0, "max_depth": 7.077151637808024, "n_estimators": 5.867089456158691}, "datetime": {"datetime": "2021-09-17 16:16:09", "elapsed": 1769.953208, "delta": 12.400769}}
{"target": 0.7659811477538124, "params": {"eta": 0.778469267981102, "max_depth": 2.767147291371171, "n_estimators": 8.469658103181631}, "datetime": {"datetime": "2021-09-17 16:16:16", "elapsed": 1777.334762, "delta": 7.381554}}
{"target": 0.8186800537872512, "params": {"eta": 0.6001044619234688, "max_depth": 7.714962316348521, "n_estimators": 8.634859889314633}, "datetime": {"datetime": "2021-09-17 16:16:21", "elapsed": 1782.180942, "delta": 4.84618}}
{"target": 0.8166000770273549, "params": {"eta": 0.5529450824390548, "max_depth": 6.470939358821948, "n_estimators": 8.136197554441912}, "datetime": {"datetime": "2021-09-17 16:16:26", "elapsed": 1786.842604, "delta": 4.661662}}
{"target": 0.7863169720781964, "params": {"eta": 0.2663519396340926, "max_depth": 6.764229989594226, "n_estimators": 8.638137803706448}, "datetime": {"datetime": "2021-09-17 16:16:32", "elapsed": 1793.344655, "delta": 6.502051}}
{"target": 0.8252048700012623, "params": {"eta": 0.4189651447973914, "max_depth": 5.202760218413083, "n_estimators": 8.614063335709478}, "datetime": {"datetime": "2021-09-17 16:16:39", "elapsed": 1800.176465, "delta": 6.83181}}
{"target": 0.7080701676820882, "params": {"eta": 1.0, "max_depth": 6.442442773110426, "n_estimators": 3.06110044800094}, "datetime": {"datetime": "2021-09-17 16:16:47", "elapsed": 1808.198987, "delta": 8.022522}}
{"target": 0.7801570985449695, "params": {"eta": 0.32320642081414963, "max_depth": 4.989133021548091, "n_estimators": 7.177748555221255}, "datetime": {"datetime": "2021-09-17 16:16:55", "elapsed": 1816.529275, "delta": 8.330288}}
{"target": 0.839658520182324, "params": {"eta": 0.4345965605451382, "max_depth": 5.401244561982939, "n_estimators": 7.951110115941156}, "datetime": {"datetime": "2021-09-17 16:17:02", "elapsed": 1822.883524, "delta": 6.354249}}
{"target": 0.8321688344310495, "params": {"eta": 0.4122239744738839, "max_depth": 5.472003119034449, "n_estimators": 9.780215724785037}, "datetime": {"datetime": "2021-09-17 16:17:09", "elapsed": 1829.818778, "delta": 6.935254}}
{"target": 0.6960993822307534, "params": {"eta": 0.9993528166385354, "max_depth": 1.2041275865849936, "n_estimators": 9.88822244273041}, "datetime": {"datetime": "2021-09-17 16:17:19", "elapsed": 1840.185051, "delta": 10.366273}}
{"target": 0.8185782790824448, "params": {"eta": 0.5281319070992909, "max_depth": 8.571496560144237, "n_estimators": 8.44232696769452}, "datetime": {"datetime": "2021-09-17 16:17:24", "elapsed": 1845.172199, "delta": 4.987148}}
{"target": 0.7787724687555331, "params": {"eta": 0.6623039366702946, "max_depth": 8.278422412636349, "n_estimators": 8.10402791004728}, "datetime": {"datetime": "2021-09-17 16:17:33", "elapsed": 1853.613277, "delta": 8.441078}}
{"target": 0.8273243346705497, "params": {"eta": 0.4039782233258354, "max_depth": 8.359973632646463, "n_estimators": 8.321623337743173}, "datetime": {"datetime": "2021-09-17 16:17:39", "elapsed": 1860.09697, "delta": 6.483693}}
{"target": 0.7378842430873422, "params": {"eta": 0.8110589310205921, "max_depth": 8.482160766267034, "n_estimators": 5.625652619638495}, "datetime": {"datetime": "2021-09-17 16:17:44", "elapsed": 1864.957901, "delta": 4.860931}}
{"target": 0.7976209374597463, "params": {"eta": 0.4863360568760868, "max_depth": 8.341981848532695, "n_estimators": 5.678630750068329}, "datetime": {"datetime": "2021-09-17 16:17:50", "elapsed": 1871.453619, "delta": 6.495718}}
