{"target": -10.614448195157474, "params": {"eta": 0.10625060659132647, "max_depth": 12.677578867417804, "n_estimators": 51.743816886811004}, "datetime": {"datetime": "2021-09-27 19:17:48", "elapsed": 474.824666, "delta": 2.363955}}
{"target": -10.578195906765348, "params": {"eta": 0.16201994786851404, "max_depth": 24.64524711587718, "n_estimators": 80.42412502443919}, "datetime": {"datetime": "2021-09-27 19:17:51", "elapsed": 477.92863, "delta": 3.103964}}
{"target": -10.548215876615533, "params": {"eta": 0.12912961669607048, "max_depth": 29.620938120796026, "n_estimators": 83.9457991778561}, "datetime": {"datetime": "2021-09-27 19:17:54", "elapsed": 480.874921, "delta": 2.946291}}
{"target": -10.66703179180916, "params": {"eta": 0.14786163880575193, "max_depth": 28.551073869719346, "n_estimators": 60.184847515734525}, "datetime": {"datetime": "2021-09-27 19:17:57", "elapsed": 483.957093, "delta": 3.082172}}
{"target": -10.386149474077202, "params": {"eta": 0.12148448155172818, "max_depth": 20.220003701808853, "n_estimators": 71.44942600887036}, "datetime": {"datetime": "2021-09-27 19:17:59", "elapsed": 486.449052, "delta": 2.491959}}
{"target": -10.629611713191474, "params": {"eta": 0.1501410154254043, "max_depth": 28.020838213637337, "n_estimators": 60.285549258313296}, "datetime": {"datetime": "2021-09-27 19:18:03", "elapsed": 489.899192, "delta": 3.45014}}
{"target": -10.67457287846318, "params": {"eta": 0.0762233291491261, "max_depth": 14.58152555226556, "n_estimators": 76.18484469902401}, "datetime": {"datetime": "2021-09-27 19:18:07", "elapsed": 493.897553, "delta": 3.998361}}
{"target": -11.084298892692168, "params": {"eta": 0.2160112952381053, "max_depth": 21.241400750525933, "n_estimators": 92.05987196162593}, "datetime": {"datetime": "2021-09-27 19:18:09", "elapsed": 496.109794, "delta": 2.212241}}
{"target": -10.980717307759702, "params": {"eta": 0.290887458174088, "max_depth": 28.554017167815434, "n_estimators": 51.33366631514957}, "datetime": {"datetime": "2021-09-27 19:18:11", "elapsed": 498.112222, "delta": 2.002428}}
{"target": -10.187180028621937, "params": {"eta": 0.2041945661444809, "max_depth": 18.71108467344274, "n_estimators": 78.90782091262795}, "datetime": {"datetime": "2021-09-27 19:18:14", "elapsed": 500.795404, "delta": 2.683182}}
{"target": -11.1951404937001, "params": {"eta": 0.20584459207805877, "max_depth": 3.495256480372316, "n_estimators": 74.36368884109889}, "datetime": {"datetime": "2021-09-27 19:18:15", "elapsed": 502.366406, "delta": 1.571002}}
{"target": -10.804138573158378, "params": {"eta": 0.13170455950205945, "max_depth": 19.129612946525018, "n_estimators": 78.78879581580922}, "datetime": {"datetime": "2021-09-27 19:18:19", "elapsed": 506.5969, "delta": 4.230494}}
{"target": -11.203768298215012, "params": {"eta": 0.22225776055367935, "max_depth": 22.332438890361082, "n_estimators": 56.69658037650987}, "datetime": {"datetime": "2021-09-27 19:18:21", "elapsed": 508.536054, "delta": 1.939154}}
{"target": -10.614296703436906, "params": {"eta": 0.19175488074350822, "max_depth": 4.789469531003816, "n_estimators": 76.4266734498723}, "datetime": {"datetime": "2021-09-27 19:18:23", "elapsed": 510.209774, "delta": 1.67372}}
{"target": -10.548717000052887, "params": {"eta": 0.05297062544648155, "max_depth": 26.726739456322406, "n_estimators": 93.65211202190697}, "datetime": {"datetime": "2021-09-27 19:18:25", "elapsed": 512.26476, "delta": 2.054986}}
{"target": -10.489887399530932, "params": {"eta": 0.07750150681844205, "max_depth": 23.073748698706165, "n_estimators": 78.31563917550838}, "datetime": {"datetime": "2021-09-27 19:18:27", "elapsed": 514.17095, "delta": 1.90619}}
{"target": -10.724112234198978, "params": {"eta": 0.19665023509832857, "max_depth": 30.84699530581951, "n_estimators": 72.9110366087599}, "datetime": {"datetime": "2021-09-27 19:18:29", "elapsed": 516.346602, "delta": 2.175652}}
{"target": -11.21940608870216, "params": {"eta": 0.2993845025193916, "max_depth": 19.990520417412714, "n_estimators": 63.684590346409784}, "datetime": {"datetime": "2021-09-27 19:18:31", "elapsed": 518.381602, "delta": 2.035}}
{"target": -10.671089688436613, "params": {"eta": 0.13711001331044553, "max_depth": 18.472691935364832, "n_estimators": 79.35574941211176}, "datetime": {"datetime": "2021-09-27 19:18:34", "elapsed": 521.565747, "delta": 3.184145}}
{"target": -10.214248736906683, "params": {"eta": 0.06490629894733237, "max_depth": 6.75307832287308, "n_estimators": 80.63063191814894}, "datetime": {"datetime": "2021-09-27 19:18:38", "elapsed": 524.671859, "delta": 3.106112}}
{"target": -10.871535359127938, "params": {"eta": 0.10202430229644667, "max_depth": 21.795437922345023, "n_estimators": 65.50477438199444}, "datetime": {"datetime": "2021-09-27 19:18:40", "elapsed": 526.646635, "delta": 1.974776}}
{"target": -10.614796850997044, "params": {"eta": 0.11899227277373721, "max_depth": 17.125335122464215, "n_estimators": 70.00502615454305}, "datetime": {"datetime": "2021-09-27 19:18:43", "elapsed": 530.05527, "delta": 3.408635}}
{"target": -11.022330788966135, "params": {"eta": 0.13807418395121335, "max_depth": 4.944555753278701, "n_estimators": 66.63343579960447}, "datetime": {"datetime": "2021-09-27 19:18:45", "elapsed": 531.803322, "delta": 1.748052}}
{"target": -10.539144924431145, "params": {"eta": 0.11282263711920663, "max_depth": 29.104587349529872, "n_estimators": 76.26965332627779}, "datetime": {"datetime": "2021-09-27 19:18:47", "elapsed": 534.071044, "delta": 2.267722}}
{"target": -10.16061513978074, "params": {"eta": 0.08432561691513267, "max_depth": 15.705437206180223, "n_estimators": 56.841506225313026}, "datetime": {"datetime": "2021-09-27 19:18:49", "elapsed": 535.924999, "delta": 1.853955}}
{"target": -10.251214708181678, "params": {"eta": 0.06863897581527596, "max_depth": 11.221666166417094, "n_estimators": 87.05745744841605}, "datetime": {"datetime": "2021-09-27 19:18:51", "elapsed": 538.064784, "delta": 2.139785}}
{"target": -11.223487610146506, "params": {"eta": 0.10185139152015234, "max_depth": 5.871959586329541, "n_estimators": 51.10428687347889}, "datetime": {"datetime": "2021-09-27 19:18:53", "elapsed": 539.762188, "delta": 1.697404}}
{"target": -11.128619542875914, "params": {"eta": 0.1809050041162681, "max_depth": 11.803358815091475, "n_estimators": 61.79128875295317}, "datetime": {"datetime": "2021-09-27 19:18:55", "elapsed": 542.617604, "delta": 2.855416}}
{"target": -11.162837766963769, "params": {"eta": 0.28956540477728465, "max_depth": 34.648408718792815, "n_estimators": 53.23324023381943}, "datetime": {"datetime": "2021-09-27 19:18:58", "elapsed": 545.470919, "delta": 2.853315}}
{"target": -11.184712871728482, "params": {"eta": 0.16232106134691737, "max_depth": 26.266656733138873, "n_estimators": 94.17735134416372}, "datetime": {"datetime": "2021-09-27 19:19:01", "elapsed": 548.349182, "delta": 2.878263}}
{"target": -10.37005750269419, "params": {"eta": 0.07183496987444148, "max_depth": 16.10905043637466, "n_estimators": 56.76974097788266}, "datetime": {"datetime": "2021-09-27 19:19:05", "elapsed": 552.076591, "delta": 3.727409}}
{"target": -10.161084843915894, "params": {"eta": 0.1294207819487223, "max_depth": 8.692332834018796, "n_estimators": 56.60856179134453}, "datetime": {"datetime": "2021-09-27 19:19:09", "elapsed": 555.836898, "delta": 3.760307}}
{"target": -10.784848833325347, "params": {"eta": 0.05, "max_depth": 6.330164658452193, "n_estimators": 80.55957006456902}, "datetime": {"datetime": "2021-09-27 19:19:13", "elapsed": 559.968206, "delta": 4.131308}}
{"target": -11.003506290929922, "params": {"eta": 0.29834075672188054, "max_depth": 23.865942841481843, "n_estimators": 59.702694564642}, "datetime": {"datetime": "2021-09-27 19:19:15", "elapsed": 562.539962, "delta": 2.571756}}
{"target": -11.719812522433415, "params": {"eta": 0.2737908911306775, "max_depth": 25.720466891485074, "n_estimators": 84.58952633654344}, "datetime": {"datetime": "2021-09-27 19:19:18", "elapsed": 564.762746, "delta": 2.222784}}
{"target": -10.828735846190595, "params": {"eta": 0.16824318861389054, "max_depth": 8.286410533440332, "n_estimators": 56.64076881214339}, "datetime": {"datetime": "2021-09-27 19:19:21", "elapsed": 567.873139, "delta": 3.110393}}
{"target": -10.59883078431454, "params": {"eta": 0.10977644181869657, "max_depth": 6.438463265585152, "n_estimators": 73.882094473129}, "datetime": {"datetime": "2021-09-27 19:19:24", "elapsed": 571.086681, "delta": 3.213542}}
{"target": -11.209506981138642, "params": {"eta": 0.2994010797805505, "max_depth": 25.19194133069183, "n_estimators": 88.22710206689422}, "datetime": {"datetime": "2021-09-27 19:19:26", "elapsed": 573.270683, "delta": 2.184002}}
{"target": -11.493050420301927, "params": {"eta": 0.2664584231009354, "max_depth": 8.92578817739903, "n_estimators": 56.79148752387313}, "datetime": {"datetime": "2021-09-27 19:19:29", "elapsed": 576.501237, "delta": 3.230554}}
{"target": -10.586114849309446, "params": {"eta": 0.13294623644142883, "max_depth": 33.78795963626246, "n_estimators": 57.08655365061316}, "datetime": {"datetime": "2021-09-27 19:19:33", "elapsed": 580.291166, "delta": 3.789929}}
{"target": -16.40207426323276, "params": {"eta": 0.059743382811203075, "max_depth": 1.9539327548414558, "n_estimators": 57.017887491033925}, "datetime": {"datetime": "2021-09-27 19:19:35", "elapsed": 582.290177, "delta": 1.999011}}
{"target": -10.997908854716206, "params": {"eta": 0.27595416442643633, "max_depth": 20.166231500625248, "n_estimators": 67.24482495112491}, "datetime": {"datetime": "2021-09-27 19:19:37", "elapsed": 584.210827, "delta": 1.92065}}
{"target": -10.711947286878882, "params": {"eta": 0.15011919438368027, "max_depth": 19.51619791364421, "n_estimators": 74.70004406230441}, "datetime": {"datetime": "2021-09-27 19:19:41", "elapsed": 588.491471, "delta": 4.280644}}
{"target": -10.430193720639085, "params": {"eta": 0.087717498334475, "max_depth": 27.974015846242427, "n_estimators": 55.51949558124776}, "datetime": {"datetime": "2021-09-27 19:19:43", "elapsed": 590.580044, "delta": 2.088573}}
{"target": -10.475802773274646, "params": {"eta": 0.06398295275318312, "max_depth": 20.8989191444517, "n_estimators": 56.13931276802436}, "datetime": {"datetime": "2021-09-27 19:19:48", "elapsed": 594.689112, "delta": 4.109068}}
{"target": -10.837876890090776, "params": {"eta": 0.1981928160819158, "max_depth": 21.924837729699043, "n_estimators": 76.2169937390398}, "datetime": {"datetime": "2021-09-27 19:19:53", "elapsed": 600.199556, "delta": 5.510444}}
{"target": -10.811658869610746, "params": {"eta": 0.063194006560738, "max_depth": 7.788108658506575, "n_estimators": 80.3920851412242}, "datetime": {"datetime": "2021-09-27 19:19:56", "elapsed": 603.326383, "delta": 3.126827}}
{"target": -10.776838504028822, "params": {"eta": 0.1433357908909217, "max_depth": 5.640203996364684, "n_estimators": 99.49116689677462}, "datetime": {"datetime": "2021-09-27 19:19:58", "elapsed": 605.541127, "delta": 2.214744}}
{"target": -11.343415365471902, "params": {"eta": 0.2330891188903984, "max_depth": 8.816456253708944, "n_estimators": 84.36063872160034}, "datetime": {"datetime": "2021-09-27 19:20:01", "elapsed": 607.906904, "delta": 2.365777}}
{"target": -10.095744397508367, "params": {"eta": 0.20337355753308628, "max_depth": 11.510073958748325, "n_estimators": 86.6553131929395}, "datetime": {"datetime": "2021-09-27 19:20:05", "elapsed": 611.658997, "delta": 3.752093}}
{"target": -11.42823947083094, "params": {"eta": 0.05, "max_depth": 8.678979984521629, "n_estimators": 56.1952812171146}, "datetime": {"datetime": "2021-09-27 19:20:08", "elapsed": 615.326823, "delta": 3.667826}}
{"target": -10.746783492461805, "params": {"eta": 0.09277609851258482, "max_depth": 11.87690873558145, "n_estimators": 86.52686536147681}, "datetime": {"datetime": "2021-09-27 19:20:13", "elapsed": 619.85154, "delta": 4.524717}}
{"target": -10.463982526562846, "params": {"eta": 0.17514901521409593, "max_depth": 11.06682621352833, "n_estimators": 86.42398334015667}, "datetime": {"datetime": "2021-09-27 19:20:16", "elapsed": 623.078894, "delta": 3.227354}}
{"target": -11.216653932052397, "params": {"eta": 0.278649054195398, "max_depth": 12.434531620228308, "n_estimators": 58.08928219160345}, "datetime": {"datetime": "2021-09-27 19:20:18", "elapsed": 625.319122, "delta": 2.240228}}
{"target": -10.796975763266543, "params": {"eta": 0.1958120946261228, "max_depth": 4.1349140500784936, "n_estimators": 64.54152722138312}, "datetime": {"datetime": "2021-09-27 19:20:20", "elapsed": 627.234076, "delta": 1.914954}}
{"target": -11.398338908759968, "params": {"eta": 0.2960485960667073, "max_depth": 17.623232853706906, "n_estimators": 70.17478841194868}, "datetime": {"datetime": "2021-09-27 19:20:24", "elapsed": 631.291127, "delta": 4.057051}}
{"target": -10.428454415551448, "params": {"eta": 0.051951714317022654, "max_depth": 22.28768280601785, "n_estimators": 88.64783945903645}, "datetime": {"datetime": "2021-09-27 19:20:27", "elapsed": 634.065811, "delta": 2.774684}}
{"target": -10.931773630276806, "params": {"eta": 0.22312476660788405, "max_depth": 6.478107268650769, "n_estimators": 95.86390357558462}, "datetime": {"datetime": "2021-09-27 19:20:31", "elapsed": 637.832974, "delta": 3.767163}}
{"target": -10.489864705765779, "params": {"eta": 0.0613416644866618, "max_depth": 6.0087130482907405, "n_estimators": 95.09395926959006}, "datetime": {"datetime": "2021-09-27 19:20:34", "elapsed": 641.333426, "delta": 3.500452}}
{"target": -11.111849212242337, "params": {"eta": 0.2989356852979124, "max_depth": 16.998665323730382, "n_estimators": 70.71787095448943}, "datetime": {"datetime": "2021-09-27 19:20:39", "elapsed": 646.014259, "delta": 4.680833}}
{"target": -11.163861887341394, "params": {"eta": 0.23016823079146786, "max_depth": 18.9891451093181, "n_estimators": 74.38613987461478}, "datetime": {"datetime": "2021-09-27 19:20:43", "elapsed": 649.997084, "delta": 3.982825}}
{"target": -11.835875126932756, "params": {"eta": 0.2590693248167449, "max_depth": 20.96615529727756, "n_estimators": 55.58460446930109}, "datetime": {"datetime": "2021-09-27 19:20:48", "elapsed": 655.444218, "delta": 5.447134}}
{"target": -11.044384513812847, "params": {"eta": 0.17457093624395897, "max_depth": 33.258270289918585, "n_estimators": 99.6695525789431}, "datetime": {"datetime": "2021-09-27 19:20:52", "elapsed": 659.612271, "delta": 4.168053}}
{"target": -11.320546148118478, "params": {"eta": 0.2908612936991274, "max_depth": 8.046891395215606, "n_estimators": 79.85374040880802}, "datetime": {"datetime": "2021-09-27 19:20:56", "elapsed": 662.990667, "delta": 3.378396}}
{"target": -11.147398391705691, "params": {"eta": 0.23641316167453053, "max_depth": 5.846074530376813, "n_estimators": 95.5868354364525}, "datetime": {"datetime": "2021-09-27 19:21:00", "elapsed": 667.252168, "delta": 4.261501}}
{"target": -11.289041374085544, "params": {"eta": 0.11288435019975891, "max_depth": 5.314144223299573, "n_estimators": 51.82722813100487}, "datetime": {"datetime": "2021-09-27 19:21:03", "elapsed": 670.396331, "delta": 3.144163}}
{"target": -10.66821815462248, "params": {"eta": 0.05, "max_depth": 27.215756731032123, "n_estimators": 71.17791656215508}, "datetime": {"datetime": "2021-09-27 19:21:08", "elapsed": 675.366146, "delta": 4.969815}}
{"target": -10.387859429022638, "params": {"eta": 0.09908582969209943, "max_depth": 6.430525757122126, "n_estimators": 95.09413853935568}, "datetime": {"datetime": "2021-09-27 19:21:13", "elapsed": 680.04041, "delta": 4.674264}}
{"target": -11.151150199332188, "params": {"eta": 0.22997006641357798, "max_depth": 15.799612643586059, "n_estimators": 56.368415526864815}, "datetime": {"datetime": "2021-09-27 19:21:17", "elapsed": 683.908314, "delta": 3.867904}}
{"target": -10.954072456956233, "params": {"eta": 0.16648348535571678, "max_depth": 21.346869465977832, "n_estimators": 56.313394648350304}, "datetime": {"datetime": "2021-09-27 19:21:21", "elapsed": 688.239265, "delta": 4.330951}}
{"target": -10.417375975289827, "params": {"eta": 0.05141832719858906, "max_depth": 20.029487083304872, "n_estimators": 95.38839952007714}, "datetime": {"datetime": "2021-09-27 19:21:24", "elapsed": 691.377987, "delta": 3.138722}}
{"target": -10.297268164795394, "params": {"eta": 0.11378213074787412, "max_depth": 6.856957895097875, "n_estimators": 74.18139029148603}, "datetime": {"datetime": "2021-09-27 19:21:27", "elapsed": 694.282468, "delta": 2.904481}}
{"target": -10.240672154088863, "params": {"eta": 0.19270869557637593, "max_depth": 15.861641142561277, "n_estimators": 57.25411910822004}, "datetime": {"datetime": "2021-09-27 19:21:32", "elapsed": 699.229655, "delta": 4.947187}}
{"target": -11.006145553303744, "params": {"eta": 0.21509004142561877, "max_depth": 25.168913676515068, "n_estimators": 54.57686859047042}, "datetime": {"datetime": "2021-09-27 19:21:36", "elapsed": 702.991471, "delta": 3.761816}}
{"target": -10.751683984970938, "params": {"eta": 0.2616564831300844, "max_depth": 3.686600729029629, "n_estimators": 59.87626021575995}, "datetime": {"datetime": "2021-09-27 19:21:39", "elapsed": 705.963544, "delta": 2.972073}}
{"target": -11.326153493190768, "params": {"eta": 0.16619796106690887, "max_depth": 11.62836085687924, "n_estimators": 87.05579304988407}, "datetime": {"datetime": "2021-09-27 19:21:44", "elapsed": 711.386017, "delta": 5.422473}}
{"target": -10.615251612746372, "params": {"eta": 0.07056622070996212, "max_depth": 20.449663977537075, "n_estimators": 99.93565814720371}, "datetime": {"datetime": "2021-09-27 19:21:48", "elapsed": 715.130649, "delta": 3.744632}}
{"target": -10.782232902863631, "params": {"eta": 0.13610991383106275, "max_depth": 16.756232016105862, "n_estimators": 64.80063720388745}, "datetime": {"datetime": "2021-09-27 19:21:52", "elapsed": 718.937341, "delta": 3.806692}}
{"target": -11.473369235691951, "params": {"eta": 0.267513889385149, "max_depth": 19.885087919599876, "n_estimators": 51.98578925294698}, "datetime": {"datetime": "2021-09-27 19:21:55", "elapsed": 721.702268, "delta": 2.764927}}
{"target": -11.114415894288953, "params": {"eta": 0.2938779666254863, "max_depth": 16.357449672049636, "n_estimators": 57.11769752151828}, "datetime": {"datetime": "2021-09-27 19:21:59", "elapsed": 726.009455, "delta": 4.307187}}
{"target": -10.38116025435112, "params": {"eta": 0.07627614010001026, "max_depth": 15.502816185586141, "n_estimators": 57.30439853759098}, "datetime": {"datetime": "2021-09-27 19:22:04", "elapsed": 730.763465, "delta": 4.75401}}
{"target": -10.66821815462248, "params": {"eta": 0.05, "max_depth": 27.02950371470886, "n_estimators": 71.99406818691719}, "datetime": {"datetime": "2021-09-27 19:22:08", "elapsed": 735.182091, "delta": 4.418626}}
{"target": -10.407533278907808, "params": {"eta": 0.07516120388756699, "max_depth": 6.753616018232227, "n_estimators": 57.2939480104574}, "datetime": {"datetime": "2021-09-27 19:22:10", "elapsed": 737.548673, "delta": 2.366582}}
{"target": -10.864954697098131, "params": {"eta": 0.05026635518212698, "max_depth": 11.662959294288203, "n_estimators": 63.68962220258014}, "datetime": {"datetime": "2021-09-27 19:22:14", "elapsed": 740.86546, "delta": 3.316787}}
{"target": -11.24873496923012, "params": {"eta": 0.27803164580580153, "max_depth": 24.24716106055427, "n_estimators": 79.92131837154807}, "datetime": {"datetime": "2021-09-27 19:22:18", "elapsed": 745.446342, "delta": 4.580882}}
{"target": -10.318345481864212, "params": {"eta": 0.19388804245183455, "max_depth": 25.41695221106766, "n_estimators": 68.29475612570326}, "datetime": {"datetime": "2021-09-27 19:22:22", "elapsed": 749.1649, "delta": 3.718558}}
{"target": -11.545948586103757, "params": {"eta": 0.26127007267449026, "max_depth": 4.068187464292755, "n_estimators": 60.677722635647825}, "datetime": {"datetime": "2021-09-27 19:22:25", "elapsed": 751.825499, "delta": 2.660599}}
{"target": -11.963863553399039, "params": {"eta": 0.2590123001166988, "max_depth": 30.934770690665577, "n_estimators": 79.58927515756314}, "datetime": {"datetime": "2021-09-27 19:22:30", "elapsed": 757.496031, "delta": 5.670532}}
{"target": -14.587095295505343, "params": {"eta": 0.1641744930626921, "max_depth": 1.7798227641989044, "n_estimators": 94.59503324272524}, "datetime": {"datetime": "2021-09-27 19:22:33", "elapsed": 759.942031, "delta": 2.446}}
{"target": -10.885166527937754, "params": {"eta": 0.10160334691833824, "max_depth": 20.219593542445715, "n_estimators": 82.57524433267452}, "datetime": {"datetime": "2021-09-27 19:22:36", "elapsed": 763.384894, "delta": 3.442863}}
{"target": -10.416891220457726, "params": {"eta": 0.0957392563127601, "max_depth": 19.486595903507023, "n_estimators": 69.95989763962211}, "datetime": {"datetime": "2021-09-27 19:22:40", "elapsed": 766.703155, "delta": 3.318261}}
{"target": -10.274885121066589, "params": {"eta": 0.13571985485946725, "max_depth": 28.828140199002195, "n_estimators": 58.01736304240942}, "datetime": {"datetime": "2021-09-27 19:22:42", "elapsed": 769.591593, "delta": 2.888438}}
{"target": -10.559906116252229, "params": {"eta": 0.10310105541206492, "max_depth": 31.626512194597048, "n_estimators": 79.94871108589419}, "datetime": {"datetime": "2021-09-27 19:22:48", "elapsed": 775.418326, "delta": 5.826733}}
{"target": -10.468211557517517, "params": {"eta": 0.10945761433038508, "max_depth": 8.280619741433865, "n_estimators": 57.23593723982467}, "datetime": {"datetime": "2021-09-27 19:22:53", "elapsed": 779.855214, "delta": 4.436888}}
{"target": -11.189501960841172, "params": {"eta": 0.27743375239420026, "max_depth": 17.442626394755894, "n_estimators": 55.41889093236065}, "datetime": {"datetime": "2021-09-27 19:22:56", "elapsed": 782.778011, "delta": 2.922797}}
{"target": -10.794248890700723, "params": {"eta": 0.1316484622404313, "max_depth": 7.215467441860784, "n_estimators": 94.79069541241805}, "datetime": {"datetime": "2021-09-27 19:22:58", "elapsed": 785.511565, "delta": 2.733554}}
